<?xml version="1.0" encoding="UTF-8"?>
<testsuites name="TS-Search Product" time="388.771" tests="23" failures="9" errors="0">
   <testsuite name="TS-Search Product" tests="23" failures="9" errors="0" time="388.771" skipped="0" timestamp="2023-10-03 11:16:10" hostname="Admin - Riswandha" id="Test Suites/TS-Search Product">
      <properties>
         <property name="deviceName" value=""/>
         <property name="devicePlatform" value=""/>
         <property name="logFolder" value="G:\\Project Xsis\\batch-324-qa\\Riswan\\Tajalapak_com\\Reports\\20231003_111504\\TS-Search Product\\20231003_111504"/>
         <property name="logFiles" value="G:\\Project Xsis\\batch-324-qa\\Riswan\\Tajalapak_com\\Reports\\20231003_111504\\TS-Search Product\\20231003_111504\\execution0.log"/>
         <property name="attachments" value="G:\\Project Xsis\\batch-324-qa\\Riswan\\Tajalapak_com\\Reports\\20231003_111504\\TS-Search Product\\20231003_111504\\1696306773059.png, G:\\Project Xsis\\batch-324-qa\\Riswan\\Tajalapak_com\\Reports\\20231003_111504\\TS-Search Product\\20231003_111504\\1696306827576.png, G:\\Project Xsis\\batch-324-qa\\Riswan\\Tajalapak_com\\Reports\\20231003_111504\\TS-Search Product\\20231003_111504\\1696306827688.png, G:\\Project Xsis\\batch-324-qa\\Riswan\\Tajalapak_com\\Reports\\20231003_111504\\TS-Search Product\\20231003_111504\\1696306882182.png, G:\\Project Xsis\\batch-324-qa\\Riswan\\Tajalapak_com\\Reports\\20231003_111504\\TS-Search Product\\20231003_111504\\1696306882311.png, G:\\Project Xsis\\batch-324-qa\\Riswan\\Tajalapak_com\\Reports\\20231003_111504\\TS-Search Product\\20231003_111504\\1696306943352.png, G:\\Project Xsis\\batch-324-qa\\Riswan\\Tajalapak_com\\Reports\\20231003_111504\\TS-Search Product\\20231003_111504\\1696306943501.png"/>
         <property name="hostName" value="Admin - Riswandha"/>
         <property name="os" value="Windows 10 64bit"/>
         <property name="katalonVersion" value="8.6.5.208"/>
         <property name="browser" value="Edge Chromium 117"/>
         <property name="hostAddress" value="10.9.2.28"/>
         <property name="sessionId" value="8861d7a98c32954d092ca98bf5d53a52"/>
         <property name="seleniumVersion" value="3.141.59"/>
         <property name="proxyInformation" value="ProxyInformation { proxyOption=NO_PROXY, proxyServerType=HTTP, username=, password=********, proxyServerAddress=, proxyServerPort=0, executionList=&quot;&quot;, isApplyToDesiredCapabilities=true }"/>
         <property name="platform" value="Windows 10"/>
      </properties>
      <testcase name="Test Cases/Search Product/TC-SP-001" time="11.43" classname="Test Cases/Search Product/TC-SP-001" status="PASSED">
         <system-out><![CDATA[2023-10-03 11:16:10 - [TEST_CASE][PASSED] - Test Cases/Search Product/TC-SP-001: Test Cases/Search Product/TC-SP-001

2023-10-03 11:16:10 - [TEST_STEP][PASSED] - openBrowser("https://10.9.2.63/ecommerce/"): Browser is opened with url: 'https://10.9.2.63/ecommerce/'

2023-10-03 11:16:11 - [MESSAGE][INFO] - Starting 'Edge Chromium' driver

2023-10-03 11:16:11 - [MESSAGE][INFO] - User set preference: ['acceptInsecureCerts', 'true']

2023-10-03 11:16:13 - [MESSAGE][INFO] - Action delay is set to 0 milliseconds

2023-10-03 11:16:18 - [MESSAGE][PASSED] - Browser is opened with url: 'https://10.9.2.63/ecommerce/'

2023-10-03 11:16:18 - [TEST_STEP][PASSED] - maximizeWindow(): Current window maximized

2023-10-03 11:16:18 - [MESSAGE][PASSED] - Current window maximized

2023-10-03 11:16:18 - [TEST_STEP][PASSED] - verifyElementPresent(findTestObject("Search Product/Verify Page Tajalapak"), 0): Object 'Object Repository/Search Product/Verify Page Tajalapak' is present

2023-10-03 11:16:18 - [MESSAGE][WARNING] - Timeout '0' is invalid. Using default page load timeout: '30'

2023-10-03 11:16:19 - [MESSAGE][PASSED] - Object 'Object Repository/Search Product/Verify Page Tajalapak' is present

2023-10-03 11:16:19 - [TEST_STEP][PASSED] - setText(findTestObject("Search Product/Input Product"), merk): Text 'Dell' is set on object 'Object Repository/Search Product/Input Product'

2023-10-03 11:16:20 - [MESSAGE][PASSED] - Text 'Dell' is set on object 'Object Repository/Search Product/Input Product'

2023-10-03 11:16:20 - [TEST_STEP][PASSED] - click(findTestObject("Search Product/button_Cari Product")): Object: 'Object Repository/Search Product/button_Cari Product' is clicked on

2023-10-03 11:16:21 - [MESSAGE][PASSED] - Object: 'Object Repository/Search Product/button_Cari Product' is clicked on

2023-10-03 11:16:21 - [TEST_STEP][PASSED] - merk_product = getText(findTestObject("Object Repository/Search Product/Laptop Merk Dell")): Text of object 'Object Repository/Search Product/Laptop Merk Dell' is: 'DELL Business Latitude 7290 (Core i7-8,..'

2023-10-03 11:16:21 - [MESSAGE][PASSED] - Text of object 'Object Repository/Search Product/Laptop Merk Dell' is: 'DELL Business Latitude 7290 (Core i7-8,..'

2023-10-03 11:16:21 - [TEST_STEP][PASSED] - merkLowercase = merk_product.toLowerCase(): null

2023-10-03 11:16:21 - [TEST_STEP][PASSED] - assert merkLowercase.contains(merk.toLowerCase()): null]]></system-out>
         <system-err><![CDATA[]]></system-err>
      </testcase>
      <testcase name="Test Cases/Search Product/TC-SP-002" time="10.693" classname="Test Cases/Search Product/TC-SP-002" status="PASSED">
         <system-out><![CDATA[2023-10-03 11:16:21 - [TEST_CASE][PASSED] - Test Cases/Search Product/TC-SP-002: Test Cases/Search Product/TC-SP-002

2023-10-03 11:16:22 - [TEST_STEP][PASSED] - openBrowser("https://10.9.2.63/ecommerce/"): Browser is opened with url: 'https://10.9.2.63/ecommerce/'

2023-10-03 11:16:22 - [MESSAGE][WARNING] - A browser is already opened. Closing browser and opening a new one

2023-10-03 11:16:22 - [MESSAGE][INFO] - Starting 'Edge Chromium' driver

2023-10-03 11:16:22 - [MESSAGE][INFO] - User set preference: ['acceptInsecureCerts', 'true']

2023-10-03 11:16:25 - [MESSAGE][INFO] - Action delay is set to 0 milliseconds

2023-10-03 11:16:28 - [MESSAGE][PASSED] - Browser is opened with url: 'https://10.9.2.63/ecommerce/'

2023-10-03 11:16:28 - [TEST_STEP][PASSED] - maximizeWindow(): Current window maximized

2023-10-03 11:16:29 - [MESSAGE][PASSED] - Current window maximized

2023-10-03 11:16:29 - [TEST_STEP][PASSED] - verifyElementPresent(findTestObject("Search Product/Verify Page Tajalapak"), 0): Object 'Object Repository/Search Product/Verify Page Tajalapak' is present

2023-10-03 11:16:29 - [MESSAGE][WARNING] - Timeout '0' is invalid. Using default page load timeout: '30'

2023-10-03 11:16:29 - [MESSAGE][PASSED] - Object 'Object Repository/Search Product/Verify Page Tajalapak' is present

2023-10-03 11:16:29 - [TEST_STEP][PASSED] - setText(findTestObject("Search Product/Input Product"), merk): Text 'a' is set on object 'Object Repository/Search Product/Input Product'

2023-10-03 11:16:30 - [MESSAGE][PASSED] - Text 'a' is set on object 'Object Repository/Search Product/Input Product'

2023-10-03 11:16:30 - [TEST_STEP][PASSED] - click(findTestObject("Search Product/button_Cari Product")): Object: 'Object Repository/Search Product/button_Cari Product' is clicked on

2023-10-03 11:16:31 - [MESSAGE][PASSED] - Object: 'Object Repository/Search Product/button_Cari Product' is clicked on

2023-10-03 11:16:31 - [TEST_STEP][PASSED] - dataList = findWebElements(findTestObject("Object Repository/Search Product/Semua nama Produk"), 10): null

2023-10-03 11:16:32 - [TEST_STEP][PASSED] - arrProdukName = []: null

2023-10-03 11:16:32 - [TEST_STEP][PASSED] - for ([i = 0, i < dataList.size(), (i++)]): null

2023-10-03 11:16:32 - [TEST_STEP][PASSED] - text = text: null

2023-10-03 11:16:32 - [TEST_STEP][PASSED] - arrProdukName[i] = text.toLowerCase(): null

2023-10-03 11:16:32 - [TEST_STEP][PASSED] - text = text: null

2023-10-03 11:16:32 - [TEST_STEP][PASSED] - arrProdukName[i] = text.toLowerCase(): null

2023-10-03 11:16:32 - [TEST_STEP][PASSED] - text = text: null

2023-10-03 11:16:32 - [TEST_STEP][PASSED] - arrProdukName[i] = text.toLowerCase(): null

2023-10-03 11:16:32 - [TEST_STEP][PASSED] - text = text: null

2023-10-03 11:16:32 - [TEST_STEP][PASSED] - arrProdukName[i] = text.toLowerCase(): null

2023-10-03 11:16:32 - [TEST_STEP][PASSED] - text = text: null

2023-10-03 11:16:32 - [TEST_STEP][PASSED] - arrProdukName[i] = text.toLowerCase(): null

2023-10-03 11:16:32 - [TEST_STEP][PASSED] - text = text: null

2023-10-03 11:16:32 - [TEST_STEP][PASSED] - arrProdukName[i] = text.toLowerCase(): null

2023-10-03 11:16:32 - [TEST_STEP][PASSED] - text = text: null

2023-10-03 11:16:32 - [TEST_STEP][PASSED] - arrProdukName[i] = text.toLowerCase(): null

2023-10-03 11:16:32 - [TEST_STEP][PASSED] - text = text: null

2023-10-03 11:16:32 - [TEST_STEP][PASSED] - arrProdukName[i] = text.toLowerCase(): null

2023-10-03 11:16:32 - [TEST_STEP][PASSED] - text = text: null

2023-10-03 11:16:32 - [TEST_STEP][PASSED] - arrProdukName[i] = text.toLowerCase(): null

2023-10-03 11:16:32 - [TEST_STEP][PASSED] - text = text: null

2023-10-03 11:16:32 - [TEST_STEP][PASSED] - arrProdukName[i] = text.toLowerCase(): null

2023-10-03 11:16:32 - [TEST_STEP][PASSED] - text = text: null

2023-10-03 11:16:32 - [TEST_STEP][PASSED] - arrProdukName[i] = text.toLowerCase(): null

2023-10-03 11:16:32 - [TEST_STEP][PASSED] - text = text: null

2023-10-03 11:16:32 - [TEST_STEP][PASSED] - arrProdukName[i] = text.toLowerCase(): null

2023-10-03 11:16:32 - [TEST_STEP][PASSED] - print(arrProdukName): null

2023-10-03 11:16:32 - [TEST_STEP][PASSED] - for ([i = 0, i < dataList.size(), (i++)]): null

2023-10-03 11:16:32 - [TEST_STEP][PASSED] - assert arrProdukName[i].contains(merk): null

2023-10-03 11:16:32 - [TEST_STEP][PASSED] - assert arrProdukName[i].contains(merk): null

2023-10-03 11:16:32 - [TEST_STEP][PASSED] - assert arrProdukName[i].contains(merk): null

2023-10-03 11:16:32 - [TEST_STEP][PASSED] - assert arrProdukName[i].contains(merk): null

2023-10-03 11:16:32 - [TEST_STEP][PASSED] - assert arrProdukName[i].contains(merk): null

2023-10-03 11:16:32 - [TEST_STEP][PASSED] - assert arrProdukName[i].contains(merk): null

2023-10-03 11:16:32 - [TEST_STEP][PASSED] - assert arrProdukName[i].contains(merk): null

2023-10-03 11:16:32 - [TEST_STEP][PASSED] - assert arrProdukName[i].contains(merk): null

2023-10-03 11:16:32 - [TEST_STEP][PASSED] - assert arrProdukName[i].contains(merk): null

2023-10-03 11:16:32 - [TEST_STEP][PASSED] - assert arrProdukName[i].contains(merk): null

2023-10-03 11:16:32 - [TEST_STEP][PASSED] - assert arrProdukName[i].contains(merk): null

2023-10-03 11:16:32 - [TEST_STEP][PASSED] - assert arrProdukName[i].contains(merk): null]]></system-out>
         <system-err><![CDATA[]]></system-err>
      </testcase>
      <testcase name="Test Cases/Search Product/TC-SP-003" time="15.597" classname="Test Cases/Search Product/TC-SP-003" status="FAILED">
         <failure type="FAILED" message="Test Cases/Search Product/TC-SP-003 FAILED.
Reason:
Assertion failed: 

assert arrProdukHarga[i] >= Double.parseDouble(Min)
       |             ||  |         |           |
       |             |0  false     5000.0      5000
       |             -988000.0
       [-988000.0, 11500.0, 6500.0, 6500.0, 5000.0, 10000.0, 8900.0, 6850.0, 9900.0, 7500.0, 7550.0, 7000.0]

	at TC-SP-003.run(TC-SP-003:46)
	at com.kms.katalon.core.main.ScriptEngine.run(ScriptEngine.java:194)
	at com.kms.katalon.core.main.ScriptEngine.runScriptAsRawText(ScriptEngine.java:119)
	at com.kms.katalon.core.main.TestCaseExecutor.runScript(TestCaseExecutor.java:448)
	at com.kms.katalon.core.main.TestCaseExecutor.doExecute(TestCaseExecutor.java:439)
	at com.kms.katalon.core.main.TestCaseExecutor.processExecutionPhase(TestCaseExecutor.java:418)
	at com.kms.katalon.core.main.TestCaseExecutor.accessMainPhase(TestCaseExecutor.java:410)
	at com.kms.katalon.core.main.TestCaseExecutor.execute(TestCaseExecutor.java:285)
	at com.kms.katalon.core.common.CommonExecutor.accessTestCaseMainPhase(CommonExecutor.java:65)
	at com.kms.katalon.core.main.TestSuiteExecutor.accessTestSuiteMainPhase(TestSuiteExecutor.java:148)
	at com.kms.katalon.core.main.TestSuiteExecutor.execute(TestSuiteExecutor.java:106)
	at com.kms.katalon.core.main.TestCaseMain.startTestSuite(TestCaseMain.java:187)
	at com.kms.katalon.core.main.TestCaseMain$startTestSuite$0.call(Unknown Source)
	at TempTestSuite1696306504857.run(TempTestSuite1696306504857.groovy:36)
"/>
         <system-out><![CDATA[2023-10-03 11:16:32 - [TEST_CASE][FAILED] - Test Cases/Search Product/TC-SP-003: Test Cases/Search Product/TC-SP-003 FAILED.
Reason:
Assertion failed: 

assert arrProdukHarga[i] >= Double.parseDouble(Min)
       |             ||  |         |           |
       |             |0  false     5000.0      5000
       |             -988000.0
       [-988000.0, 11500.0, 6500.0, 6500.0, 5000.0, 10000.0, 8900.0, 6850.0, 9900.0, 7500.0, 7550.0, 7000.0]

	at TC-SP-003.run(TC-SP-003:46)
	at com.kms.katalon.core.main.ScriptEngine.run(ScriptEngine.java:194)
	at com.kms.katalon.core.main.ScriptEngine.runScriptAsRawText(ScriptEngine.java:119)
	at com.kms.katalon.core.main.TestCaseExecutor.runScript(TestCaseExecutor.java:448)
	at com.kms.katalon.core.main.TestCaseExecutor.doExecute(TestCaseExecutor.java:439)
	at com.kms.katalon.core.main.TestCaseExecutor.processExecutionPhase(TestCaseExecutor.java:418)
	at com.kms.katalon.core.main.TestCaseExecutor.accessMainPhase(TestCaseExecutor.java:410)
	at com.kms.katalon.core.main.TestCaseExecutor.execute(TestCaseExecutor.java:285)
	at com.kms.katalon.core.common.CommonExecutor.accessTestCaseMainPhase(CommonExecutor.java:65)
	at com.kms.katalon.core.main.TestSuiteExecutor.accessTestSuiteMainPhase(TestSuiteExecutor.java:148)
	at com.kms.katalon.core.main.TestSuiteExecutor.execute(TestSuiteExecutor.java:106)
	at com.kms.katalon.core.main.TestCaseMain.startTestSuite(TestCaseMain.java:187)
	at com.kms.katalon.core.main.TestCaseMain$startTestSuite$0.call(Unknown Source)
	at TempTestSuite1696306504857.run(TempTestSuite1696306504857.groovy:36)


2023-10-03 11:16:32 - [TEST_STEP][PASSED] - callTestCase(findTestCase("Search Product/TC-SP-002"), ["merk":"a"], STOP_ON_FAILURE): Call Test Case 'Test Cases/Search Product/TC-SP-002' successfully

2023-10-03 11:16:32 - [TEST_CASE][PASSED] - Test Cases/Search Product/TC-SP-002: Test Cases/Search Product/TC-SP-002

2023-10-03 11:16:32 - [TEST_STEP][PASSED] - openBrowser("https://10.9.2.63/ecommerce/"): Browser is opened with url: 'https://10.9.2.63/ecommerce/'

2023-10-03 11:16:32 - [MESSAGE][WARNING] - A browser is already opened. Closing browser and opening a new one

2023-10-03 11:16:33 - [MESSAGE][INFO] - Starting 'Edge Chromium' driver

2023-10-03 11:16:33 - [MESSAGE][INFO] - User set preference: ['acceptInsecureCerts', 'true']

2023-10-03 11:16:35 - [MESSAGE][INFO] - Action delay is set to 0 milliseconds

2023-10-03 11:16:39 - [MESSAGE][PASSED] - Browser is opened with url: 'https://10.9.2.63/ecommerce/'

2023-10-03 11:16:39 - [TEST_STEP][PASSED] - maximizeWindow(): Current window maximized

2023-10-03 11:16:39 - [MESSAGE][PASSED] - Current window maximized

2023-10-03 11:16:39 - [TEST_STEP][PASSED] - verifyElementPresent(findTestObject("Search Product/Verify Page Tajalapak"), 0): Object 'Object Repository/Search Product/Verify Page Tajalapak' is present

2023-10-03 11:16:39 - [MESSAGE][WARNING] - Timeout '0' is invalid. Using default page load timeout: '30'

2023-10-03 11:16:40 - [MESSAGE][PASSED] - Object 'Object Repository/Search Product/Verify Page Tajalapak' is present

2023-10-03 11:16:40 - [TEST_STEP][PASSED] - setText(findTestObject("Search Product/Input Product"), merk): Text 'a' is set on object 'Object Repository/Search Product/Input Product'

2023-10-03 11:16:41 - [MESSAGE][PASSED] - Text 'a' is set on object 'Object Repository/Search Product/Input Product'

2023-10-03 11:16:41 - [TEST_STEP][PASSED] - click(findTestObject("Search Product/button_Cari Product")): Object: 'Object Repository/Search Product/button_Cari Product' is clicked on

2023-10-03 11:16:42 - [MESSAGE][PASSED] - Object: 'Object Repository/Search Product/button_Cari Product' is clicked on

2023-10-03 11:16:42 - [TEST_STEP][PASSED] - dataList = findWebElements(findTestObject("Object Repository/Search Product/Semua nama Produk"), 10): null

2023-10-03 11:16:43 - [TEST_STEP][PASSED] - arrProdukName = []: null

2023-10-03 11:16:43 - [TEST_STEP][PASSED] - for ([i = 0, i < dataList.size(), (i++)]): null

2023-10-03 11:16:43 - [TEST_STEP][PASSED] - text = text: null

2023-10-03 11:16:43 - [TEST_STEP][PASSED] - arrProdukName[i] = text.toLowerCase(): null

2023-10-03 11:16:43 - [TEST_STEP][PASSED] - text = text: null

2023-10-03 11:16:43 - [TEST_STEP][PASSED] - arrProdukName[i] = text.toLowerCase(): null

2023-10-03 11:16:43 - [TEST_STEP][PASSED] - text = text: null

2023-10-03 11:16:43 - [TEST_STEP][PASSED] - arrProdukName[i] = text.toLowerCase(): null

2023-10-03 11:16:43 - [TEST_STEP][PASSED] - text = text: null

2023-10-03 11:16:43 - [TEST_STEP][PASSED] - arrProdukName[i] = text.toLowerCase(): null

2023-10-03 11:16:43 - [TEST_STEP][PASSED] - text = text: null

2023-10-03 11:16:43 - [TEST_STEP][PASSED] - arrProdukName[i] = text.toLowerCase(): null

2023-10-03 11:16:43 - [TEST_STEP][PASSED] - text = text: null

2023-10-03 11:16:43 - [TEST_STEP][PASSED] - arrProdukName[i] = text.toLowerCase(): null

2023-10-03 11:16:43 - [TEST_STEP][PASSED] - text = text: null

2023-10-03 11:16:43 - [TEST_STEP][PASSED] - arrProdukName[i] = text.toLowerCase(): null

2023-10-03 11:16:43 - [TEST_STEP][PASSED] - text = text: null

2023-10-03 11:16:43 - [TEST_STEP][PASSED] - arrProdukName[i] = text.toLowerCase(): null

2023-10-03 11:16:43 - [TEST_STEP][PASSED] - text = text: null

2023-10-03 11:16:43 - [TEST_STEP][PASSED] - arrProdukName[i] = text.toLowerCase(): null

2023-10-03 11:16:43 - [TEST_STEP][PASSED] - text = text: null

2023-10-03 11:16:43 - [TEST_STEP][PASSED] - arrProdukName[i] = text.toLowerCase(): null

2023-10-03 11:16:43 - [TEST_STEP][PASSED] - text = text: null

2023-10-03 11:16:43 - [TEST_STEP][PASSED] - arrProdukName[i] = text.toLowerCase(): null

2023-10-03 11:16:43 - [TEST_STEP][PASSED] - text = text: null

2023-10-03 11:16:43 - [TEST_STEP][PASSED] - arrProdukName[i] = text.toLowerCase(): null

2023-10-03 11:16:43 - [TEST_STEP][PASSED] - print(arrProdukName): null

2023-10-03 11:16:43 - [TEST_STEP][PASSED] - for ([i = 0, i < dataList.size(), (i++)]): null

2023-10-03 11:16:43 - [TEST_STEP][PASSED] - assert arrProdukName[i].contains(merk): null

2023-10-03 11:16:43 - [TEST_STEP][PASSED] - assert arrProdukName[i].contains(merk): null

2023-10-03 11:16:43 - [TEST_STEP][PASSED] - assert arrProdukName[i].contains(merk): null

2023-10-03 11:16:43 - [TEST_STEP][PASSED] - assert arrProdukName[i].contains(merk): null

2023-10-03 11:16:43 - [TEST_STEP][PASSED] - assert arrProdukName[i].contains(merk): null

2023-10-03 11:16:43 - [TEST_STEP][PASSED] - assert arrProdukName[i].contains(merk): null

2023-10-03 11:16:43 - [TEST_STEP][PASSED] - assert arrProdukName[i].contains(merk): null

2023-10-03 11:16:43 - [TEST_STEP][PASSED] - assert arrProdukName[i].contains(merk): null

2023-10-03 11:16:43 - [TEST_STEP][PASSED] - assert arrProdukName[i].contains(merk): null

2023-10-03 11:16:43 - [TEST_STEP][PASSED] - assert arrProdukName[i].contains(merk): null

2023-10-03 11:16:43 - [TEST_STEP][PASSED] - assert arrProdukName[i].contains(merk): null

2023-10-03 11:16:43 - [TEST_STEP][PASSED] - assert arrProdukName[i].contains(merk): null

2023-10-03 11:16:43 - [MESSAGE][PASSED] - Call Test Case 'Test Cases/Search Product/TC-SP-002' successfully

2023-10-03 11:16:43 - [TEST_STEP][PASSED] - setText(findTestObject("Search Product/input_Filter Produk_dari"), Min): Text '5000' is set on object 'Object Repository/Search Product/input_Filter Produk_dari'

2023-10-03 11:16:44 - [MESSAGE][PASSED] - Text '5000' is set on object 'Object Repository/Search Product/input_Filter Produk_dari'

2023-10-03 11:16:44 - [TEST_STEP][PASSED] - setText(findTestObject("Search Product/input_Filter Produk_sampai"), Max): Text '10000' is set on object 'Object Repository/Search Product/input_Filter Produk_sampai'

2023-10-03 11:16:45 - [MESSAGE][PASSED] - Text '10000' is set on object 'Object Repository/Search Product/input_Filter Produk_sampai'

2023-10-03 11:16:45 - [TEST_STEP][PASSED] - click(findTestObject("Search Product/button_Tampilkan product dari sampai")): Object: 'Object Repository/Search Product/button_Tampilkan product dari sampai' is clicked on

2023-10-03 11:16:47 - [MESSAGE][PASSED] - Object: 'Object Repository/Search Product/button_Tampilkan product dari sampai' is clicked on

2023-10-03 11:16:47 - [TEST_STEP][PASSED] - dataList = findWebElements(findTestObject("Object Repository/Search Product/Harga Semua Product"), 10): null

2023-10-03 11:16:47 - [TEST_STEP][PASSED] - arrProdukHarga = []: null

2023-10-03 11:16:47 - [TEST_STEP][PASSED] - for ([i = 0, i < dataList.size(), (i++)]): null

2023-10-03 11:16:47 - [TEST_STEP][PASSED] - text = text: null

2023-10-03 11:16:47 - [TEST_STEP][PASSED] - product = text.split(" "): null

2023-10-03 11:16:47 - [TEST_STEP][PASSED] - arrProdukHarga[i] = Double.parseDouble(product[1].replace(",", "")): null

2023-10-03 11:16:48 - [TEST_STEP][PASSED] - text = text: null

2023-10-03 11:16:48 - [TEST_STEP][PASSED] - product = text.split(" "): null

2023-10-03 11:16:48 - [TEST_STEP][PASSED] - arrProdukHarga[i] = Double.parseDouble(product[1].replace(",", "")): null

2023-10-03 11:16:48 - [TEST_STEP][PASSED] - text = text: null

2023-10-03 11:16:48 - [TEST_STEP][PASSED] - product = text.split(" "): null

2023-10-03 11:16:48 - [TEST_STEP][PASSED] - arrProdukHarga[i] = Double.parseDouble(product[1].replace(",", "")): null

2023-10-03 11:16:48 - [TEST_STEP][PASSED] - text = text: null

2023-10-03 11:16:48 - [TEST_STEP][PASSED] - product = text.split(" "): null

2023-10-03 11:16:48 - [TEST_STEP][PASSED] - arrProdukHarga[i] = Double.parseDouble(product[1].replace(",", "")): null

2023-10-03 11:16:48 - [TEST_STEP][PASSED] - text = text: null

2023-10-03 11:16:48 - [TEST_STEP][PASSED] - product = text.split(" "): null

2023-10-03 11:16:48 - [TEST_STEP][PASSED] - arrProdukHarga[i] = Double.parseDouble(product[1].replace(",", "")): null

2023-10-03 11:16:48 - [TEST_STEP][PASSED] - text = text: null

2023-10-03 11:16:48 - [TEST_STEP][PASSED] - product = text.split(" "): null

2023-10-03 11:16:48 - [TEST_STEP][PASSED] - arrProdukHarga[i] = Double.parseDouble(product[1].replace(",", "")): null

2023-10-03 11:16:48 - [TEST_STEP][PASSED] - text = text: null

2023-10-03 11:16:48 - [TEST_STEP][PASSED] - product = text.split(" "): null

2023-10-03 11:16:48 - [TEST_STEP][PASSED] - arrProdukHarga[i] = Double.parseDouble(product[1].replace(",", "")): null

2023-10-03 11:16:48 - [TEST_STEP][PASSED] - text = text: null

2023-10-03 11:16:48 - [TEST_STEP][PASSED] - product = text.split(" "): null

2023-10-03 11:16:48 - [TEST_STEP][PASSED] - arrProdukHarga[i] = Double.parseDouble(product[1].replace(",", "")): null

2023-10-03 11:16:48 - [TEST_STEP][PASSED] - text = text: null

2023-10-03 11:16:48 - [TEST_STEP][PASSED] - product = text.split(" "): null

2023-10-03 11:16:48 - [TEST_STEP][PASSED] - arrProdukHarga[i] = Double.parseDouble(product[1].replace(",", "")): null

2023-10-03 11:16:48 - [TEST_STEP][PASSED] - text = text: null

2023-10-03 11:16:48 - [TEST_STEP][PASSED] - product = text.split(" "): null

2023-10-03 11:16:48 - [TEST_STEP][PASSED] - arrProdukHarga[i] = Double.parseDouble(product[1].replace(",", "")): null

2023-10-03 11:16:48 - [TEST_STEP][PASSED] - text = text: null

2023-10-03 11:16:48 - [TEST_STEP][PASSED] - product = text.split(" "): null

2023-10-03 11:16:48 - [TEST_STEP][PASSED] - arrProdukHarga[i] = Double.parseDouble(product[1].replace(",", "")): null

2023-10-03 11:16:48 - [TEST_STEP][PASSED] - text = text: null

2023-10-03 11:16:48 - [TEST_STEP][PASSED] - product = text.split(" "): null

2023-10-03 11:16:48 - [TEST_STEP][PASSED] - arrProdukHarga[i] = Double.parseDouble(product[1].replace(",", "")): null

2023-10-03 11:16:48 - [TEST_STEP][FAILED] - for ([i = 0, i < dataList.size(), (i++)]): Test Cases/Search Product/TC-SP-003 FAILED.
Reason:
Assertion failed: 

assert arrProdukHarga[i] >= Double.parseDouble(Min)
       |             ||  |         |           |
       |             |0  false     5000.0      5000
       |             -988000.0
       [-988000.0, 11500.0, 6500.0, 6500.0, 5000.0, 10000.0, 8900.0, 6850.0, 9900.0, 7500.0, 7550.0, 7000.0]

	at TC-SP-003.run(TC-SP-003:46)
	at com.kms.katalon.core.main.ScriptEngine.run(ScriptEngine.java:194)
	at com.kms.katalon.core.main.ScriptEngine.runScriptAsRawText(ScriptEngine.java:119)
	at com.kms.katalon.core.main.TestCaseExecutor.runScript(TestCaseExecutor.java:448)
	at com.kms.katalon.core.main.TestCaseExecutor.doExecute(TestCaseExecutor.java:439)
	at com.kms.katalon.core.main.TestCaseExecutor.processExecutionPhase(TestCaseExecutor.java:418)
	at com.kms.katalon.core.main.TestCaseExecutor.accessMainPhase(TestCaseExecutor.java:410)
	at com.kms.katalon.core.main.TestCaseExecutor.execute(TestCaseExecutor.java:285)
	at com.kms.katalon.core.common.CommonExecutor.accessTestCaseMainPhase(CommonExecutor.java:65)
	at com.kms.katalon.core.main.TestSuiteExecutor.accessTestSuiteMainPhase(TestSuiteExecutor.java:148)
	at com.kms.katalon.core.main.TestSuiteExecutor.execute(TestSuiteExecutor.java:106)
	at com.kms.katalon.core.main.TestCaseMain.startTestSuite(TestCaseMain.java:187)
	at com.kms.katalon.core.main.TestCaseMain$startTestSuite$0.call(Unknown Source)
	at TempTestSuite1696306504857.run(TempTestSuite1696306504857.groovy:36)


2023-10-03 11:16:48 - [TEST_STEP][FAILED] - assert arrProdukHarga[i] >= Double.parseDouble(Min): Test Cases/Search Product/TC-SP-003 FAILED.
Reason:
Assertion failed: 

assert arrProdukHarga[i] >= Double.parseDouble(Min)
       |             ||  |         |           |
       |             |0  false     5000.0      5000
       |             -988000.0
       [-988000.0, 11500.0, 6500.0, 6500.0, 5000.0, 10000.0, 8900.0, 6850.0, 9900.0, 7500.0, 7550.0, 7000.0]

	at TC-SP-003.run(TC-SP-003:46)
	at com.kms.katalon.core.main.ScriptEngine.run(ScriptEngine.java:194)
	at com.kms.katalon.core.main.ScriptEngine.runScriptAsRawText(ScriptEngine.java:119)
	at com.kms.katalon.core.main.TestCaseExecutor.runScript(TestCaseExecutor.java:448)
	at com.kms.katalon.core.main.TestCaseExecutor.doExecute(TestCaseExecutor.java:439)
	at com.kms.katalon.core.main.TestCaseExecutor.processExecutionPhase(TestCaseExecutor.java:418)
	at com.kms.katalon.core.main.TestCaseExecutor.accessMainPhase(TestCaseExecutor.java:410)
	at com.kms.katalon.core.main.TestCaseExecutor.execute(TestCaseExecutor.java:285)
	at com.kms.katalon.core.common.CommonExecutor.accessTestCaseMainPhase(CommonExecutor.java:65)
	at com.kms.katalon.core.main.TestSuiteExecutor.accessTestSuiteMainPhase(TestSuiteExecutor.java:148)
	at com.kms.katalon.core.main.TestSuiteExecutor.execute(TestSuiteExecutor.java:106)
	at com.kms.katalon.core.main.TestCaseMain.startTestSuite(TestCaseMain.java:187)
	at com.kms.katalon.core.main.TestCaseMain$startTestSuite$0.call(Unknown Source)
	at TempTestSuite1696306504857.run(TempTestSuite1696306504857.groovy:36)


2023-10-03 11:16:48 - [MESSAGE][FAILED] - Test Cases/Search Product/TC-SP-003 FAILED.
Reason:
Assertion failed: 

assert arrProdukHarga[i] >= Double.parseDouble(Min)
       |             ||  |         |           |
       |             |0  false     5000.0      5000
       |             -988000.0
       [-988000.0, 11500.0, 6500.0, 6500.0, 5000.0, 10000.0, 8900.0, 6850.0, 9900.0, 7500.0, 7550.0, 7000.0]

	at TC-SP-003.run(TC-SP-003:46)
	at com.kms.katalon.core.main.ScriptEngine.run(ScriptEngine.java:194)
	at com.kms.katalon.core.main.ScriptEngine.runScriptAsRawText(ScriptEngine.java:119)
	at com.kms.katalon.core.main.TestCaseExecutor.runScript(TestCaseExecutor.java:448)
	at com.kms.katalon.core.main.TestCaseExecutor.doExecute(TestCaseExecutor.java:439)
	at com.kms.katalon.core.main.TestCaseExecutor.processExecutionPhase(TestCaseExecutor.java:418)
	at com.kms.katalon.core.main.TestCaseExecutor.accessMainPhase(TestCaseExecutor.java:410)
	at com.kms.katalon.core.main.TestCaseExecutor.execute(TestCaseExecutor.java:285)
	at com.kms.katalon.core.common.CommonExecutor.accessTestCaseMainPhase(CommonExecutor.java:65)
	at com.kms.katalon.core.main.TestSuiteExecutor.accessTestSuiteMainPhase(TestSuiteExecutor.java:148)
	at com.kms.katalon.core.main.TestSuiteExecutor.execute(TestSuiteExecutor.java:106)
	at com.kms.katalon.core.main.TestCaseMain.startTestSuite(TestCaseMain.java:187)
	at com.kms.katalon.core.main.TestCaseMain$startTestSuite$0.call(Unknown Source)
	at TempTestSuite1696306504857.run(TempTestSuite1696306504857.groovy:36)]]></system-out>
         <system-err><![CDATA[2023-10-03 11:16:32 - [TEST_CASE][FAILED] - Test Cases/Search Product/TC-SP-003: Test Cases/Search Product/TC-SP-003 FAILED.
Reason:
Assertion failed: 

assert arrProdukHarga[i] >= Double.parseDouble(Min)
       |             ||  |         |           |
       |             |0  false     5000.0      5000
       |             -988000.0
       [-988000.0, 11500.0, 6500.0, 6500.0, 5000.0, 10000.0, 8900.0, 6850.0, 9900.0, 7500.0, 7550.0, 7000.0]

	at TC-SP-003.run(TC-SP-003:46)
	at com.kms.katalon.core.main.ScriptEngine.run(ScriptEngine.java:194)
	at com.kms.katalon.core.main.ScriptEngine.runScriptAsRawText(ScriptEngine.java:119)
	at com.kms.katalon.core.main.TestCaseExecutor.runScript(TestCaseExecutor.java:448)
	at com.kms.katalon.core.main.TestCaseExecutor.doExecute(TestCaseExecutor.java:439)
	at com.kms.katalon.core.main.TestCaseExecutor.processExecutionPhase(TestCaseExecutor.java:418)
	at com.kms.katalon.core.main.TestCaseExecutor.accessMainPhase(TestCaseExecutor.java:410)
	at com.kms.katalon.core.main.TestCaseExecutor.execute(TestCaseExecutor.java:285)
	at com.kms.katalon.core.common.CommonExecutor.accessTestCaseMainPhase(CommonExecutor.java:65)
	at com.kms.katalon.core.main.TestSuiteExecutor.accessTestSuiteMainPhase(TestSuiteExecutor.java:148)
	at com.kms.katalon.core.main.TestSuiteExecutor.execute(TestSuiteExecutor.java:106)
	at com.kms.katalon.core.main.TestCaseMain.startTestSuite(TestCaseMain.java:187)
	at com.kms.katalon.core.main.TestCaseMain$startTestSuite$0.call(Unknown Source)
	at TempTestSuite1696306504857.run(TempTestSuite1696306504857.groovy:36)]]></system-err>
      </testcase>
      <testcase name="Test Cases/Search Product/TC-SP-004" time="17.52" classname="Test Cases/Search Product/TC-SP-004" status="PASSED">
         <system-out><![CDATA[2023-10-03 11:16:48 - [TEST_CASE][PASSED] - Test Cases/Search Product/TC-SP-004: Test Cases/Search Product/TC-SP-004

2023-10-03 11:16:48 - [TEST_STEP][PASSED] - callTestCase(findTestCase("Search Product/TC-SP-002"), ["merk":"a"], STOP_ON_FAILURE): Call Test Case 'Test Cases/Search Product/TC-SP-002' successfully

2023-10-03 11:16:48 - [TEST_CASE][PASSED] - Test Cases/Search Product/TC-SP-002: Test Cases/Search Product/TC-SP-002

2023-10-03 11:16:48 - [TEST_STEP][PASSED] - openBrowser("https://10.9.2.63/ecommerce/"): Browser is opened with url: 'https://10.9.2.63/ecommerce/'

2023-10-03 11:16:48 - [MESSAGE][WARNING] - A browser is already opened. Closing browser and opening a new one

2023-10-03 11:16:49 - [MESSAGE][INFO] - Starting 'Edge Chromium' driver

2023-10-03 11:16:49 - [MESSAGE][INFO] - User set preference: ['acceptInsecureCerts', 'true']

2023-10-03 11:16:51 - [MESSAGE][INFO] - Action delay is set to 0 milliseconds

2023-10-03 11:16:54 - [MESSAGE][PASSED] - Browser is opened with url: 'https://10.9.2.63/ecommerce/'

2023-10-03 11:16:54 - [TEST_STEP][PASSED] - maximizeWindow(): Current window maximized

2023-10-03 11:16:54 - [MESSAGE][PASSED] - Current window maximized

2023-10-03 11:16:54 - [TEST_STEP][PASSED] - verifyElementPresent(findTestObject("Search Product/Verify Page Tajalapak"), 0): Object 'Object Repository/Search Product/Verify Page Tajalapak' is present

2023-10-03 11:16:54 - [MESSAGE][WARNING] - Timeout '0' is invalid. Using default page load timeout: '30'

2023-10-03 11:16:55 - [MESSAGE][PASSED] - Object 'Object Repository/Search Product/Verify Page Tajalapak' is present

2023-10-03 11:16:55 - [TEST_STEP][PASSED] - setText(findTestObject("Search Product/Input Product"), merk): Text 'a' is set on object 'Object Repository/Search Product/Input Product'

2023-10-03 11:16:55 - [MESSAGE][PASSED] - Text 'a' is set on object 'Object Repository/Search Product/Input Product'

2023-10-03 11:16:55 - [TEST_STEP][PASSED] - click(findTestObject("Search Product/button_Cari Product")): Object: 'Object Repository/Search Product/button_Cari Product' is clicked on

2023-10-03 11:16:57 - [MESSAGE][PASSED] - Object: 'Object Repository/Search Product/button_Cari Product' is clicked on

2023-10-03 11:16:57 - [TEST_STEP][PASSED] - dataList = findWebElements(findTestObject("Object Repository/Search Product/Semua nama Produk"), 10): null

2023-10-03 11:16:57 - [TEST_STEP][PASSED] - arrProdukName = []: null

2023-10-03 11:16:57 - [TEST_STEP][PASSED] - for ([i = 0, i < dataList.size(), (i++)]): null

2023-10-03 11:16:57 - [TEST_STEP][PASSED] - text = text: null

2023-10-03 11:16:57 - [TEST_STEP][PASSED] - arrProdukName[i] = text.toLowerCase(): null

2023-10-03 11:16:57 - [TEST_STEP][PASSED] - text = text: null

2023-10-03 11:16:57 - [TEST_STEP][PASSED] - arrProdukName[i] = text.toLowerCase(): null

2023-10-03 11:16:57 - [TEST_STEP][PASSED] - text = text: null

2023-10-03 11:16:57 - [TEST_STEP][PASSED] - arrProdukName[i] = text.toLowerCase(): null

2023-10-03 11:16:57 - [TEST_STEP][PASSED] - text = text: null

2023-10-03 11:16:57 - [TEST_STEP][PASSED] - arrProdukName[i] = text.toLowerCase(): null

2023-10-03 11:16:57 - [TEST_STEP][PASSED] - text = text: null

2023-10-03 11:16:57 - [TEST_STEP][PASSED] - arrProdukName[i] = text.toLowerCase(): null

2023-10-03 11:16:57 - [TEST_STEP][PASSED] - text = text: null

2023-10-03 11:16:57 - [TEST_STEP][PASSED] - arrProdukName[i] = text.toLowerCase(): null

2023-10-03 11:16:57 - [TEST_STEP][PASSED] - text = text: null

2023-10-03 11:16:57 - [TEST_STEP][PASSED] - arrProdukName[i] = text.toLowerCase(): null

2023-10-03 11:16:57 - [TEST_STEP][PASSED] - text = text: null

2023-10-03 11:16:57 - [TEST_STEP][PASSED] - arrProdukName[i] = text.toLowerCase(): null

2023-10-03 11:16:57 - [TEST_STEP][PASSED] - text = text: null

2023-10-03 11:16:57 - [TEST_STEP][PASSED] - arrProdukName[i] = text.toLowerCase(): null

2023-10-03 11:16:57 - [TEST_STEP][PASSED] - text = text: null

2023-10-03 11:16:57 - [TEST_STEP][PASSED] - arrProdukName[i] = text.toLowerCase(): null

2023-10-03 11:16:57 - [TEST_STEP][PASSED] - text = text: null

2023-10-03 11:16:57 - [TEST_STEP][PASSED] - arrProdukName[i] = text.toLowerCase(): null

2023-10-03 11:16:57 - [TEST_STEP][PASSED] - text = text: null

2023-10-03 11:16:57 - [TEST_STEP][PASSED] - arrProdukName[i] = text.toLowerCase(): null

2023-10-03 11:16:57 - [TEST_STEP][PASSED] - print(arrProdukName): null

2023-10-03 11:16:57 - [TEST_STEP][PASSED] - for ([i = 0, i < dataList.size(), (i++)]): null

2023-10-03 11:16:57 - [TEST_STEP][PASSED] - assert arrProdukName[i].contains(merk): null

2023-10-03 11:16:57 - [TEST_STEP][PASSED] - assert arrProdukName[i].contains(merk): null

2023-10-03 11:16:57 - [TEST_STEP][PASSED] - assert arrProdukName[i].contains(merk): null

2023-10-03 11:16:57 - [TEST_STEP][PASSED] - assert arrProdukName[i].contains(merk): null

2023-10-03 11:16:57 - [TEST_STEP][PASSED] - assert arrProdukName[i].contains(merk): null

2023-10-03 11:16:57 - [TEST_STEP][PASSED] - assert arrProdukName[i].contains(merk): null

2023-10-03 11:16:57 - [TEST_STEP][PASSED] - assert arrProdukName[i].contains(merk): null

2023-10-03 11:16:57 - [TEST_STEP][PASSED] - assert arrProdukName[i].contains(merk): null

2023-10-03 11:16:57 - [TEST_STEP][PASSED] - assert arrProdukName[i].contains(merk): null

2023-10-03 11:16:57 - [TEST_STEP][PASSED] - assert arrProdukName[i].contains(merk): null

2023-10-03 11:16:57 - [TEST_STEP][PASSED] - assert arrProdukName[i].contains(merk): null

2023-10-03 11:16:57 - [TEST_STEP][PASSED] - assert arrProdukName[i].contains(merk): null

2023-10-03 11:16:57 - [MESSAGE][PASSED] - Call Test Case 'Test Cases/Search Product/TC-SP-002' successfully

2023-10-03 11:16:57 - [TEST_STEP][PASSED] - setText(findTestObject("Search Product/input_Filter Produk_dari"), "5000"): Text '5000' is set on object 'Object Repository/Search Product/input_Filter Produk_dari'

2023-10-03 11:16:58 - [MESSAGE][PASSED] - Text '5000' is set on object 'Object Repository/Search Product/input_Filter Produk_dari'

2023-10-03 11:16:58 - [TEST_STEP][PASSED] - setText(findTestObject("Search Product/input_Filter Produk_sampai"), "10000"): Text '10000' is set on object 'Object Repository/Search Product/input_Filter Produk_sampai'

2023-10-03 11:16:59 - [MESSAGE][PASSED] - Text '10000' is set on object 'Object Repository/Search Product/input_Filter Produk_sampai'

2023-10-03 11:16:59 - [TEST_STEP][PASSED] - click(findTestObject("Search Product/button_Tampilkan product dari sampai")): Object: 'Object Repository/Search Product/button_Tampilkan product dari sampai' is clicked on

2023-10-03 11:17:01 - [MESSAGE][PASSED] - Object: 'Object Repository/Search Product/button_Tampilkan product dari sampai' is clicked on

2023-10-03 11:17:01 - [TEST_STEP][PASSED] - setText(findTestObject("Search Product/input_Filter Produk_dari"), Min): Text '4000' is set on object 'Object Repository/Search Product/input_Filter Produk_dari'

2023-10-03 11:17:03 - [MESSAGE][PASSED] - Text '4000' is set on object 'Object Repository/Search Product/input_Filter Produk_dari'

2023-10-03 11:17:03 - [TEST_STEP][PASSED] - setText(findTestObject("Search Product/input_Filter Produk_sampai"), Max): Text '9000' is set on object 'Object Repository/Search Product/input_Filter Produk_sampai'

2023-10-03 11:17:03 - [MESSAGE][PASSED] - Text '9000' is set on object 'Object Repository/Search Product/input_Filter Produk_sampai'

2023-10-03 11:17:03 - [TEST_STEP][PASSED] - click(findTestObject("Search Product/button_Tampilkan product dari sampai")): Object: 'Object Repository/Search Product/button_Tampilkan product dari sampai' is clicked on

2023-10-03 11:17:04 - [MESSAGE][PASSED] - Object: 'Object Repository/Search Product/button_Tampilkan product dari sampai' is clicked on

2023-10-03 11:17:04 - [TEST_STEP][PASSED] - dataList = findWebElements(findTestObject("Object Repository/Search Product/Harga Semua Product"), 10): null

2023-10-03 11:17:05 - [TEST_STEP][PASSED] - arrProdukHarga = []: null

2023-10-03 11:17:05 - [TEST_STEP][PASSED] - for ([i = 0, i < dataList.size(), (i++)]): null

2023-10-03 11:17:05 - [TEST_STEP][PASSED] - text = text: null

2023-10-03 11:17:05 - [TEST_STEP][PASSED] - product = text.split(" "): null

2023-10-03 11:17:05 - [TEST_STEP][PASSED] - arrProdukHarga[i] = Double.parseDouble(product[1].replace(",", "")): null

2023-10-03 11:17:05 - [TEST_STEP][PASSED] - text = text: null

2023-10-03 11:17:05 - [TEST_STEP][PASSED] - product = text.split(" "): null

2023-10-03 11:17:05 - [TEST_STEP][PASSED] - arrProdukHarga[i] = Double.parseDouble(product[1].replace(",", "")): null

2023-10-03 11:17:05 - [TEST_STEP][PASSED] - text = text: null

2023-10-03 11:17:05 - [TEST_STEP][PASSED] - product = text.split(" "): null

2023-10-03 11:17:05 - [TEST_STEP][PASSED] - arrProdukHarga[i] = Double.parseDouble(product[1].replace(",", "")): null

2023-10-03 11:17:05 - [TEST_STEP][PASSED] - text = text: null

2023-10-03 11:17:05 - [TEST_STEP][PASSED] - product = text.split(" "): null

2023-10-03 11:17:05 - [TEST_STEP][PASSED] - arrProdukHarga[i] = Double.parseDouble(product[1].replace(",", "")): null

2023-10-03 11:17:05 - [TEST_STEP][PASSED] - text = text: null

2023-10-03 11:17:05 - [TEST_STEP][PASSED] - product = text.split(" "): null

2023-10-03 11:17:05 - [TEST_STEP][PASSED] - arrProdukHarga[i] = Double.parseDouble(product[1].replace(",", "")): null

2023-10-03 11:17:05 - [TEST_STEP][PASSED] - text = text: null

2023-10-03 11:17:05 - [TEST_STEP][PASSED] - product = text.split(" "): null

2023-10-03 11:17:05 - [TEST_STEP][PASSED] - arrProdukHarga[i] = Double.parseDouble(product[1].replace(",", "")): null

2023-10-03 11:17:05 - [TEST_STEP][PASSED] - text = text: null

2023-10-03 11:17:05 - [TEST_STEP][PASSED] - product = text.split(" "): null

2023-10-03 11:17:05 - [TEST_STEP][PASSED] - arrProdukHarga[i] = Double.parseDouble(product[1].replace(",", "")): null

2023-10-03 11:17:05 - [TEST_STEP][PASSED] - text = text: null

2023-10-03 11:17:05 - [TEST_STEP][PASSED] - product = text.split(" "): null

2023-10-03 11:17:05 - [TEST_STEP][PASSED] - arrProdukHarga[i] = Double.parseDouble(product[1].replace(",", "")): null

2023-10-03 11:17:05 - [TEST_STEP][PASSED] - for ([i = 0, i < dataList.size(), (i++)]): null

2023-10-03 11:17:05 - [TEST_STEP][PASSED] - assert arrProdukHarga[i] >= Double.parseDouble(Min): null

2023-10-03 11:17:05 - [TEST_STEP][PASSED] - assert arrProdukHarga[i] <= Double.parseDouble(Max): null

2023-10-03 11:17:05 - [TEST_STEP][PASSED] - assert arrProdukHarga[i] >= Double.parseDouble(Min): null

2023-10-03 11:17:05 - [TEST_STEP][PASSED] - assert arrProdukHarga[i] <= Double.parseDouble(Max): null

2023-10-03 11:17:05 - [TEST_STEP][PASSED] - assert arrProdukHarga[i] >= Double.parseDouble(Min): null

2023-10-03 11:17:05 - [TEST_STEP][PASSED] - assert arrProdukHarga[i] <= Double.parseDouble(Max): null

2023-10-03 11:17:05 - [TEST_STEP][PASSED] - assert arrProdukHarga[i] >= Double.parseDouble(Min): null

2023-10-03 11:17:05 - [TEST_STEP][PASSED] - assert arrProdukHarga[i] <= Double.parseDouble(Max): null

2023-10-03 11:17:05 - [TEST_STEP][PASSED] - assert arrProdukHarga[i] >= Double.parseDouble(Min): null

2023-10-03 11:17:05 - [TEST_STEP][PASSED] - assert arrProdukHarga[i] <= Double.parseDouble(Max): null

2023-10-03 11:17:05 - [TEST_STEP][PASSED] - assert arrProdukHarga[i] >= Double.parseDouble(Min): null

2023-10-03 11:17:05 - [TEST_STEP][PASSED] - assert arrProdukHarga[i] <= Double.parseDouble(Max): null

2023-10-03 11:17:05 - [TEST_STEP][PASSED] - assert arrProdukHarga[i] >= Double.parseDouble(Min): null

2023-10-03 11:17:05 - [TEST_STEP][PASSED] - assert arrProdukHarga[i] <= Double.parseDouble(Max): null

2023-10-03 11:17:05 - [TEST_STEP][PASSED] - assert arrProdukHarga[i] >= Double.parseDouble(Min): null

2023-10-03 11:17:05 - [TEST_STEP][PASSED] - assert arrProdukHarga[i] <= Double.parseDouble(Max): null]]></system-out>
         <system-err><![CDATA[]]></system-err>
      </testcase>
      <testcase name="Test Cases/Search Product/TC-SP-005" time="13.116" classname="Test Cases/Search Product/TC-SP-005" status="FAILED">
         <failure type="FAILED" message="Test Cases/Search Product/TC-SP-005 FAILED.
Reason:
Assertion failed: 

assert arrProdukHargaOri == arrProdukHargaSort
       |                 |  |
       |                 |  [0.0, 0.0, 0.0, 0.0, 0.0, 0.0, 0.0, 0.0, 0.0, 123.0, 1213.0, 12133.0]
       |                 false
       [0.0, 1213.0, 12133.0, 123.0, 0.0, 0.0, 0.0, 0.0, 0.0, 0.0, 0.0, 0.0]

	at TC-SP-005.run(TC-SP-005:46)
	at com.kms.katalon.core.main.ScriptEngine.run(ScriptEngine.java:194)
	at com.kms.katalon.core.main.ScriptEngine.runScriptAsRawText(ScriptEngine.java:119)
	at com.kms.katalon.core.main.TestCaseExecutor.runScript(TestCaseExecutor.java:448)
	at com.kms.katalon.core.main.TestCaseExecutor.doExecute(TestCaseExecutor.java:439)
	at com.kms.katalon.core.main.TestCaseExecutor.processExecutionPhase(TestCaseExecutor.java:418)
	at com.kms.katalon.core.main.TestCaseExecutor.accessMainPhase(TestCaseExecutor.java:410)
	at com.kms.katalon.core.main.TestCaseExecutor.execute(TestCaseExecutor.java:285)
	at com.kms.katalon.core.common.CommonExecutor.accessTestCaseMainPhase(CommonExecutor.java:65)
	at com.kms.katalon.core.main.TestSuiteExecutor.accessTestSuiteMainPhase(TestSuiteExecutor.java:148)
	at com.kms.katalon.core.main.TestSuiteExecutor.execute(TestSuiteExecutor.java:106)
	at com.kms.katalon.core.main.TestCaseMain.startTestSuite(TestCaseMain.java:187)
	at com.kms.katalon.core.main.TestCaseMain$startTestSuite$0.call(Unknown Source)
	at TempTestSuite1696306504857.run(TempTestSuite1696306504857.groovy:36)
"/>
         <system-out><![CDATA[2023-10-03 11:17:05 - [TEST_CASE][FAILED] - Test Cases/Search Product/TC-SP-005: Test Cases/Search Product/TC-SP-005 FAILED.
Reason:
Assertion failed: 

assert arrProdukHargaOri == arrProdukHargaSort
       |                 |  |
       |                 |  [0.0, 0.0, 0.0, 0.0, 0.0, 0.0, 0.0, 0.0, 0.0, 123.0, 1213.0, 12133.0]
       |                 false
       [0.0, 1213.0, 12133.0, 123.0, 0.0, 0.0, 0.0, 0.0, 0.0, 0.0, 0.0, 0.0]

	at TC-SP-005.run(TC-SP-005:46)
	at com.kms.katalon.core.main.ScriptEngine.run(ScriptEngine.java:194)
	at com.kms.katalon.core.main.ScriptEngine.runScriptAsRawText(ScriptEngine.java:119)
	at com.kms.katalon.core.main.TestCaseExecutor.runScript(TestCaseExecutor.java:448)
	at com.kms.katalon.core.main.TestCaseExecutor.doExecute(TestCaseExecutor.java:439)
	at com.kms.katalon.core.main.TestCaseExecutor.processExecutionPhase(TestCaseExecutor.java:418)
	at com.kms.katalon.core.main.TestCaseExecutor.accessMainPhase(TestCaseExecutor.java:410)
	at com.kms.katalon.core.main.TestCaseExecutor.execute(TestCaseExecutor.java:285)
	at com.kms.katalon.core.common.CommonExecutor.accessTestCaseMainPhase(CommonExecutor.java:65)
	at com.kms.katalon.core.main.TestSuiteExecutor.accessTestSuiteMainPhase(TestSuiteExecutor.java:148)
	at com.kms.katalon.core.main.TestSuiteExecutor.execute(TestSuiteExecutor.java:106)
	at com.kms.katalon.core.main.TestCaseMain.startTestSuite(TestCaseMain.java:187)
	at com.kms.katalon.core.main.TestCaseMain$startTestSuite$0.call(Unknown Source)
	at TempTestSuite1696306504857.run(TempTestSuite1696306504857.groovy:36)


2023-10-03 11:17:06 - [TEST_STEP][PASSED] - callTestCase(findTestCase("Search Product/TC-SP-002"), ["merk":"a"], STOP_ON_FAILURE): Call Test Case 'Test Cases/Search Product/TC-SP-002' successfully

2023-10-03 11:17:06 - [TEST_CASE][PASSED] - Test Cases/Search Product/TC-SP-002: Test Cases/Search Product/TC-SP-002

2023-10-03 11:17:06 - [TEST_STEP][PASSED] - openBrowser("https://10.9.2.63/ecommerce/"): Browser is opened with url: 'https://10.9.2.63/ecommerce/'

2023-10-03 11:17:06 - [MESSAGE][WARNING] - A browser is already opened. Closing browser and opening a new one

2023-10-03 11:17:06 - [MESSAGE][INFO] - Starting 'Edge Chromium' driver

2023-10-03 11:17:06 - [MESSAGE][INFO] - User set preference: ['acceptInsecureCerts', 'true']

2023-10-03 11:17:09 - [MESSAGE][INFO] - Action delay is set to 0 milliseconds

2023-10-03 11:17:11 - [MESSAGE][PASSED] - Browser is opened with url: 'https://10.9.2.63/ecommerce/'

2023-10-03 11:17:11 - [TEST_STEP][PASSED] - maximizeWindow(): Current window maximized

2023-10-03 11:17:12 - [MESSAGE][PASSED] - Current window maximized

2023-10-03 11:17:12 - [TEST_STEP][PASSED] - verifyElementPresent(findTestObject("Search Product/Verify Page Tajalapak"), 0): Object 'Object Repository/Search Product/Verify Page Tajalapak' is present

2023-10-03 11:17:12 - [MESSAGE][WARNING] - Timeout '0' is invalid. Using default page load timeout: '30'

2023-10-03 11:17:12 - [MESSAGE][PASSED] - Object 'Object Repository/Search Product/Verify Page Tajalapak' is present

2023-10-03 11:17:12 - [TEST_STEP][PASSED] - setText(findTestObject("Search Product/Input Product"), merk): Text 'a' is set on object 'Object Repository/Search Product/Input Product'

2023-10-03 11:17:13 - [MESSAGE][PASSED] - Text 'a' is set on object 'Object Repository/Search Product/Input Product'

2023-10-03 11:17:13 - [TEST_STEP][PASSED] - click(findTestObject("Search Product/button_Cari Product")): Object: 'Object Repository/Search Product/button_Cari Product' is clicked on

2023-10-03 11:17:14 - [MESSAGE][PASSED] - Object: 'Object Repository/Search Product/button_Cari Product' is clicked on

2023-10-03 11:17:14 - [TEST_STEP][PASSED] - dataList = findWebElements(findTestObject("Object Repository/Search Product/Semua nama Produk"), 10): null

2023-10-03 11:17:15 - [TEST_STEP][PASSED] - arrProdukName = []: null

2023-10-03 11:17:15 - [TEST_STEP][PASSED] - for ([i = 0, i < dataList.size(), (i++)]): null

2023-10-03 11:17:15 - [TEST_STEP][PASSED] - text = text: null

2023-10-03 11:17:15 - [TEST_STEP][PASSED] - arrProdukName[i] = text.toLowerCase(): null

2023-10-03 11:17:15 - [TEST_STEP][PASSED] - text = text: null

2023-10-03 11:17:15 - [TEST_STEP][PASSED] - arrProdukName[i] = text.toLowerCase(): null

2023-10-03 11:17:15 - [TEST_STEP][PASSED] - text = text: null

2023-10-03 11:17:15 - [TEST_STEP][PASSED] - arrProdukName[i] = text.toLowerCase(): null

2023-10-03 11:17:15 - [TEST_STEP][PASSED] - text = text: null

2023-10-03 11:17:15 - [TEST_STEP][PASSED] - arrProdukName[i] = text.toLowerCase(): null

2023-10-03 11:17:15 - [TEST_STEP][PASSED] - text = text: null

2023-10-03 11:17:15 - [TEST_STEP][PASSED] - arrProdukName[i] = text.toLowerCase(): null

2023-10-03 11:17:15 - [TEST_STEP][PASSED] - text = text: null

2023-10-03 11:17:15 - [TEST_STEP][PASSED] - arrProdukName[i] = text.toLowerCase(): null

2023-10-03 11:17:15 - [TEST_STEP][PASSED] - text = text: null

2023-10-03 11:17:15 - [TEST_STEP][PASSED] - arrProdukName[i] = text.toLowerCase(): null

2023-10-03 11:17:15 - [TEST_STEP][PASSED] - text = text: null

2023-10-03 11:17:15 - [TEST_STEP][PASSED] - arrProdukName[i] = text.toLowerCase(): null

2023-10-03 11:17:15 - [TEST_STEP][PASSED] - text = text: null

2023-10-03 11:17:15 - [TEST_STEP][PASSED] - arrProdukName[i] = text.toLowerCase(): null

2023-10-03 11:17:15 - [TEST_STEP][PASSED] - text = text: null

2023-10-03 11:17:15 - [TEST_STEP][PASSED] - arrProdukName[i] = text.toLowerCase(): null

2023-10-03 11:17:15 - [TEST_STEP][PASSED] - text = text: null

2023-10-03 11:17:15 - [TEST_STEP][PASSED] - arrProdukName[i] = text.toLowerCase(): null

2023-10-03 11:17:15 - [TEST_STEP][PASSED] - text = text: null

2023-10-03 11:17:15 - [TEST_STEP][PASSED] - arrProdukName[i] = text.toLowerCase(): null

2023-10-03 11:17:15 - [TEST_STEP][PASSED] - print(arrProdukName): null

2023-10-03 11:17:15 - [TEST_STEP][PASSED] - for ([i = 0, i < dataList.size(), (i++)]): null

2023-10-03 11:17:15 - [TEST_STEP][PASSED] - assert arrProdukName[i].contains(merk): null

2023-10-03 11:17:15 - [TEST_STEP][PASSED] - assert arrProdukName[i].contains(merk): null

2023-10-03 11:17:15 - [TEST_STEP][PASSED] - assert arrProdukName[i].contains(merk): null

2023-10-03 11:17:15 - [TEST_STEP][PASSED] - assert arrProdukName[i].contains(merk): null

2023-10-03 11:17:15 - [TEST_STEP][PASSED] - assert arrProdukName[i].contains(merk): null

2023-10-03 11:17:15 - [TEST_STEP][PASSED] - assert arrProdukName[i].contains(merk): null

2023-10-03 11:17:15 - [TEST_STEP][PASSED] - assert arrProdukName[i].contains(merk): null

2023-10-03 11:17:15 - [TEST_STEP][PASSED] - assert arrProdukName[i].contains(merk): null

2023-10-03 11:17:15 - [TEST_STEP][PASSED] - assert arrProdukName[i].contains(merk): null

2023-10-03 11:17:15 - [TEST_STEP][PASSED] - assert arrProdukName[i].contains(merk): null

2023-10-03 11:17:15 - [TEST_STEP][PASSED] - assert arrProdukName[i].contains(merk): null

2023-10-03 11:17:15 - [TEST_STEP][PASSED] - assert arrProdukName[i].contains(merk): null

2023-10-03 11:17:15 - [MESSAGE][PASSED] - Call Test Case 'Test Cases/Search Product/TC-SP-002' successfully

2023-10-03 11:17:15 - [TEST_STEP][PASSED] - selectOptionByValue(findTestObject("Search Product/Pilih Urutan"), "asc", false): All options with value 'asc' are selected in object 'Object Repository/Search Product/Pilih Urutan' 

2023-10-03 11:17:16 - [MESSAGE][PASSED] - All options with value 'asc' are selected in object 'Object Repository/Search Product/Pilih Urutan' 

2023-10-03 11:17:16 - [TEST_STEP][PASSED] - click(findTestObject("Search Product/button_Tampilkan product dari sampai")): Object: 'Object Repository/Search Product/button_Tampilkan product dari sampai' is clicked on

2023-10-03 11:17:18 - [MESSAGE][PASSED] - Object: 'Object Repository/Search Product/button_Tampilkan product dari sampai' is clicked on

2023-10-03 11:17:18 - [TEST_STEP][PASSED] - dataList = findWebElements(findTestObject("Object Repository/Search Product/Harga Semua Product"), 10): null

2023-10-03 11:17:18 - [TEST_STEP][PASSED] - arrProdukHargaOri = []: null

2023-10-03 11:17:18 - [TEST_STEP][PASSED] - arrProdukHargaSort = []: null

2023-10-03 11:17:18 - [TEST_STEP][PASSED] - for ([i = 0, i < dataList.size(), (i++)]): null

2023-10-03 11:17:18 - [TEST_STEP][PASSED] - text = text: null

2023-10-03 11:17:18 - [TEST_STEP][PASSED] - product = text.split(" "): null

2023-10-03 11:17:18 - [TEST_STEP][PASSED] - arrProdukHargaOri[i] = Double.parseDouble(product[1].replace(",", "")): null

2023-10-03 11:17:18 - [TEST_STEP][PASSED] - arrProdukHargaSort[i] = Double.parseDouble(product[1].replace(",", "")): null

2023-10-03 11:17:18 - [TEST_STEP][PASSED] - text = text: null

2023-10-03 11:17:18 - [TEST_STEP][PASSED] - product = text.split(" "): null

2023-10-03 11:17:18 - [TEST_STEP][PASSED] - arrProdukHargaOri[i] = Double.parseDouble(product[1].replace(",", "")): null

2023-10-03 11:17:18 - [TEST_STEP][PASSED] - arrProdukHargaSort[i] = Double.parseDouble(product[1].replace(",", "")): null

2023-10-03 11:17:18 - [TEST_STEP][PASSED] - text = text: null

2023-10-03 11:17:18 - [TEST_STEP][PASSED] - product = text.split(" "): null

2023-10-03 11:17:18 - [TEST_STEP][PASSED] - arrProdukHargaOri[i] = Double.parseDouble(product[1].replace(",", "")): null

2023-10-03 11:17:18 - [TEST_STEP][PASSED] - arrProdukHargaSort[i] = Double.parseDouble(product[1].replace(",", "")): null

2023-10-03 11:17:18 - [TEST_STEP][PASSED] - text = text: null

2023-10-03 11:17:18 - [TEST_STEP][PASSED] - product = text.split(" "): null

2023-10-03 11:17:18 - [TEST_STEP][PASSED] - arrProdukHargaOri[i] = Double.parseDouble(product[1].replace(",", "")): null

2023-10-03 11:17:18 - [TEST_STEP][PASSED] - arrProdukHargaSort[i] = Double.parseDouble(product[1].replace(",", "")): null

2023-10-03 11:17:18 - [TEST_STEP][PASSED] - text = text: null

2023-10-03 11:17:18 - [TEST_STEP][PASSED] - product = text.split(" "): null

2023-10-03 11:17:18 - [TEST_STEP][PASSED] - arrProdukHargaOri[i] = Double.parseDouble(product[1].replace(",", "")): null

2023-10-03 11:17:18 - [TEST_STEP][PASSED] - arrProdukHargaSort[i] = Double.parseDouble(product[1].replace(",", "")): null

2023-10-03 11:17:18 - [TEST_STEP][PASSED] - text = text: null

2023-10-03 11:17:18 - [TEST_STEP][PASSED] - product = text.split(" "): null

2023-10-03 11:17:18 - [TEST_STEP][PASSED] - arrProdukHargaOri[i] = Double.parseDouble(product[1].replace(",", "")): null

2023-10-03 11:17:18 - [TEST_STEP][PASSED] - arrProdukHargaSort[i] = Double.parseDouble(product[1].replace(",", "")): null

2023-10-03 11:17:18 - [TEST_STEP][PASSED] - text = text: null

2023-10-03 11:17:18 - [TEST_STEP][PASSED] - product = text.split(" "): null

2023-10-03 11:17:18 - [TEST_STEP][PASSED] - arrProdukHargaOri[i] = Double.parseDouble(product[1].replace(",", "")): null

2023-10-03 11:17:18 - [TEST_STEP][PASSED] - arrProdukHargaSort[i] = Double.parseDouble(product[1].replace(",", "")): null

2023-10-03 11:17:18 - [TEST_STEP][PASSED] - text = text: null

2023-10-03 11:17:18 - [TEST_STEP][PASSED] - product = text.split(" "): null

2023-10-03 11:17:18 - [TEST_STEP][PASSED] - arrProdukHargaOri[i] = Double.parseDouble(product[1].replace(",", "")): null

2023-10-03 11:17:18 - [TEST_STEP][PASSED] - arrProdukHargaSort[i] = Double.parseDouble(product[1].replace(",", "")): null

2023-10-03 11:17:18 - [TEST_STEP][PASSED] - text = text: null

2023-10-03 11:17:18 - [TEST_STEP][PASSED] - product = text.split(" "): null

2023-10-03 11:17:18 - [TEST_STEP][PASSED] - arrProdukHargaOri[i] = Double.parseDouble(product[1].replace(",", "")): null

2023-10-03 11:17:18 - [TEST_STEP][PASSED] - arrProdukHargaSort[i] = Double.parseDouble(product[1].replace(",", "")): null

2023-10-03 11:17:18 - [TEST_STEP][PASSED] - text = text: null

2023-10-03 11:17:18 - [TEST_STEP][PASSED] - product = text.split(" "): null

2023-10-03 11:17:18 - [TEST_STEP][PASSED] - arrProdukHargaOri[i] = Double.parseDouble(product[1].replace(",", "")): null

2023-10-03 11:17:18 - [TEST_STEP][PASSED] - arrProdukHargaSort[i] = Double.parseDouble(product[1].replace(",", "")): null

2023-10-03 11:17:18 - [TEST_STEP][PASSED] - text = text: null

2023-10-03 11:17:18 - [TEST_STEP][PASSED] - product = text.split(" "): null

2023-10-03 11:17:18 - [TEST_STEP][PASSED] - arrProdukHargaOri[i] = Double.parseDouble(product[1].replace(",", "")): null

2023-10-03 11:17:18 - [TEST_STEP][PASSED] - arrProdukHargaSort[i] = Double.parseDouble(product[1].replace(",", "")): null

2023-10-03 11:17:18 - [TEST_STEP][PASSED] - text = text: null

2023-10-03 11:17:18 - [TEST_STEP][PASSED] - product = text.split(" "): null

2023-10-03 11:17:18 - [TEST_STEP][PASSED] - arrProdukHargaOri[i] = Double.parseDouble(product[1].replace(",", "")): null

2023-10-03 11:17:18 - [TEST_STEP][PASSED] - arrProdukHargaSort[i] = Double.parseDouble(product[1].replace(",", "")): null

2023-10-03 11:17:18 - [TEST_STEP][PASSED] - Arrays.sort(arrProdukHargaSort): null

2023-10-03 11:17:18 - [TEST_STEP][FAILED] - assert arrProdukHargaOri == arrProdukHargaSort: Test Cases/Search Product/TC-SP-005 FAILED.
Reason:
Assertion failed: 

assert arrProdukHargaOri == arrProdukHargaSort
       |                 |  |
       |                 |  [0.0, 0.0, 0.0, 0.0, 0.0, 0.0, 0.0, 0.0, 0.0, 123.0, 1213.0, 12133.0]
       |                 false
       [0.0, 1213.0, 12133.0, 123.0, 0.0, 0.0, 0.0, 0.0, 0.0, 0.0, 0.0, 0.0]

	at TC-SP-005.run(TC-SP-005:46)
	at com.kms.katalon.core.main.ScriptEngine.run(ScriptEngine.java:194)
	at com.kms.katalon.core.main.ScriptEngine.runScriptAsRawText(ScriptEngine.java:119)
	at com.kms.katalon.core.main.TestCaseExecutor.runScript(TestCaseExecutor.java:448)
	at com.kms.katalon.core.main.TestCaseExecutor.doExecute(TestCaseExecutor.java:439)
	at com.kms.katalon.core.main.TestCaseExecutor.processExecutionPhase(TestCaseExecutor.java:418)
	at com.kms.katalon.core.main.TestCaseExecutor.accessMainPhase(TestCaseExecutor.java:410)
	at com.kms.katalon.core.main.TestCaseExecutor.execute(TestCaseExecutor.java:285)
	at com.kms.katalon.core.common.CommonExecutor.accessTestCaseMainPhase(CommonExecutor.java:65)
	at com.kms.katalon.core.main.TestSuiteExecutor.accessTestSuiteMainPhase(TestSuiteExecutor.java:148)
	at com.kms.katalon.core.main.TestSuiteExecutor.execute(TestSuiteExecutor.java:106)
	at com.kms.katalon.core.main.TestCaseMain.startTestSuite(TestCaseMain.java:187)
	at com.kms.katalon.core.main.TestCaseMain$startTestSuite$0.call(Unknown Source)
	at TempTestSuite1696306504857.run(TempTestSuite1696306504857.groovy:36)


2023-10-03 11:17:18 - [MESSAGE][FAILED] - Test Cases/Search Product/TC-SP-005 FAILED.
Reason:
Assertion failed: 

assert arrProdukHargaOri == arrProdukHargaSort
       |                 |  |
       |                 |  [0.0, 0.0, 0.0, 0.0, 0.0, 0.0, 0.0, 0.0, 0.0, 123.0, 1213.0, 12133.0]
       |                 false
       [0.0, 1213.0, 12133.0, 123.0, 0.0, 0.0, 0.0, 0.0, 0.0, 0.0, 0.0, 0.0]

	at TC-SP-005.run(TC-SP-005:46)
	at com.kms.katalon.core.main.ScriptEngine.run(ScriptEngine.java:194)
	at com.kms.katalon.core.main.ScriptEngine.runScriptAsRawText(ScriptEngine.java:119)
	at com.kms.katalon.core.main.TestCaseExecutor.runScript(TestCaseExecutor.java:448)
	at com.kms.katalon.core.main.TestCaseExecutor.doExecute(TestCaseExecutor.java:439)
	at com.kms.katalon.core.main.TestCaseExecutor.processExecutionPhase(TestCaseExecutor.java:418)
	at com.kms.katalon.core.main.TestCaseExecutor.accessMainPhase(TestCaseExecutor.java:410)
	at com.kms.katalon.core.main.TestCaseExecutor.execute(TestCaseExecutor.java:285)
	at com.kms.katalon.core.common.CommonExecutor.accessTestCaseMainPhase(CommonExecutor.java:65)
	at com.kms.katalon.core.main.TestSuiteExecutor.accessTestSuiteMainPhase(TestSuiteExecutor.java:148)
	at com.kms.katalon.core.main.TestSuiteExecutor.execute(TestSuiteExecutor.java:106)
	at com.kms.katalon.core.main.TestCaseMain.startTestSuite(TestCaseMain.java:187)
	at com.kms.katalon.core.main.TestCaseMain$startTestSuite$0.call(Unknown Source)
	at TempTestSuite1696306504857.run(TempTestSuite1696306504857.groovy:36)]]></system-out>
         <system-err><![CDATA[2023-10-03 11:17:05 - [TEST_CASE][FAILED] - Test Cases/Search Product/TC-SP-005: Test Cases/Search Product/TC-SP-005 FAILED.
Reason:
Assertion failed: 

assert arrProdukHargaOri == arrProdukHargaSort
       |                 |  |
       |                 |  [0.0, 0.0, 0.0, 0.0, 0.0, 0.0, 0.0, 0.0, 0.0, 123.0, 1213.0, 12133.0]
       |                 false
       [0.0, 1213.0, 12133.0, 123.0, 0.0, 0.0, 0.0, 0.0, 0.0, 0.0, 0.0, 0.0]

	at TC-SP-005.run(TC-SP-005:46)
	at com.kms.katalon.core.main.ScriptEngine.run(ScriptEngine.java:194)
	at com.kms.katalon.core.main.ScriptEngine.runScriptAsRawText(ScriptEngine.java:119)
	at com.kms.katalon.core.main.TestCaseExecutor.runScript(TestCaseExecutor.java:448)
	at com.kms.katalon.core.main.TestCaseExecutor.doExecute(TestCaseExecutor.java:439)
	at com.kms.katalon.core.main.TestCaseExecutor.processExecutionPhase(TestCaseExecutor.java:418)
	at com.kms.katalon.core.main.TestCaseExecutor.accessMainPhase(TestCaseExecutor.java:410)
	at com.kms.katalon.core.main.TestCaseExecutor.execute(TestCaseExecutor.java:285)
	at com.kms.katalon.core.common.CommonExecutor.accessTestCaseMainPhase(CommonExecutor.java:65)
	at com.kms.katalon.core.main.TestSuiteExecutor.accessTestSuiteMainPhase(TestSuiteExecutor.java:148)
	at com.kms.katalon.core.main.TestSuiteExecutor.execute(TestSuiteExecutor.java:106)
	at com.kms.katalon.core.main.TestCaseMain.startTestSuite(TestCaseMain.java:187)
	at com.kms.katalon.core.main.TestCaseMain$startTestSuite$0.call(Unknown Source)
	at TempTestSuite1696306504857.run(TempTestSuite1696306504857.groovy:36)]]></system-err>
      </testcase>
      <testcase name="Test Cases/Search Product/TC-SP-006" time="13.407" classname="Test Cases/Search Product/TC-SP-006" status="FAILED">
         <failure type="FAILED" message="Test Cases/Search Product/TC-SP-006 FAILED.
Reason:
Assertion failed: 

assert arrProdukHargaOri == arrProdukHargaSort
       |                 |  |
       |                 |  [700000.0, 13000.0, 13000.0, 12000.0, 12000.0, 12000.0, 11980.0, 11980.0, 11980.0, 11500.0, 10000.0, -988000.0]
       |                 false
       [700000.0, 13000.0, 13000.0, 12000.0, 12000.0, 12000.0, -988000.0, 11980.0, 11980.0, 11980.0, 11500.0, 10000.0]

	at TC-SP-006.run(TC-SP-006:46)
	at com.kms.katalon.core.main.ScriptEngine.run(ScriptEngine.java:194)
	at com.kms.katalon.core.main.ScriptEngine.runScriptAsRawText(ScriptEngine.java:119)
	at com.kms.katalon.core.main.TestCaseExecutor.runScript(TestCaseExecutor.java:448)
	at com.kms.katalon.core.main.TestCaseExecutor.doExecute(TestCaseExecutor.java:439)
	at com.kms.katalon.core.main.TestCaseExecutor.processExecutionPhase(TestCaseExecutor.java:418)
	at com.kms.katalon.core.main.TestCaseExecutor.accessMainPhase(TestCaseExecutor.java:410)
	at com.kms.katalon.core.main.TestCaseExecutor.execute(TestCaseExecutor.java:285)
	at com.kms.katalon.core.common.CommonExecutor.accessTestCaseMainPhase(CommonExecutor.java:65)
	at com.kms.katalon.core.main.TestSuiteExecutor.accessTestSuiteMainPhase(TestSuiteExecutor.java:148)
	at com.kms.katalon.core.main.TestSuiteExecutor.execute(TestSuiteExecutor.java:106)
	at com.kms.katalon.core.main.TestCaseMain.startTestSuite(TestCaseMain.java:187)
	at com.kms.katalon.core.main.TestCaseMain$startTestSuite$0.call(Unknown Source)
	at TempTestSuite1696306504857.run(TempTestSuite1696306504857.groovy:36)
"/>
         <system-out><![CDATA[2023-10-03 11:17:18 - [TEST_CASE][FAILED] - Test Cases/Search Product/TC-SP-006: Test Cases/Search Product/TC-SP-006 FAILED.
Reason:
Assertion failed: 

assert arrProdukHargaOri == arrProdukHargaSort
       |                 |  |
       |                 |  [700000.0, 13000.0, 13000.0, 12000.0, 12000.0, 12000.0, 11980.0, 11980.0, 11980.0, 11500.0, 10000.0, -988000.0]
       |                 false
       [700000.0, 13000.0, 13000.0, 12000.0, 12000.0, 12000.0, -988000.0, 11980.0, 11980.0, 11980.0, 11500.0, 10000.0]

	at TC-SP-006.run(TC-SP-006:46)
	at com.kms.katalon.core.main.ScriptEngine.run(ScriptEngine.java:194)
	at com.kms.katalon.core.main.ScriptEngine.runScriptAsRawText(ScriptEngine.java:119)
	at com.kms.katalon.core.main.TestCaseExecutor.runScript(TestCaseExecutor.java:448)
	at com.kms.katalon.core.main.TestCaseExecutor.doExecute(TestCaseExecutor.java:439)
	at com.kms.katalon.core.main.TestCaseExecutor.processExecutionPhase(TestCaseExecutor.java:418)
	at com.kms.katalon.core.main.TestCaseExecutor.accessMainPhase(TestCaseExecutor.java:410)
	at com.kms.katalon.core.main.TestCaseExecutor.execute(TestCaseExecutor.java:285)
	at com.kms.katalon.core.common.CommonExecutor.accessTestCaseMainPhase(CommonExecutor.java:65)
	at com.kms.katalon.core.main.TestSuiteExecutor.accessTestSuiteMainPhase(TestSuiteExecutor.java:148)
	at com.kms.katalon.core.main.TestSuiteExecutor.execute(TestSuiteExecutor.java:106)
	at com.kms.katalon.core.main.TestCaseMain.startTestSuite(TestCaseMain.java:187)
	at com.kms.katalon.core.main.TestCaseMain$startTestSuite$0.call(Unknown Source)
	at TempTestSuite1696306504857.run(TempTestSuite1696306504857.groovy:36)


2023-10-03 11:17:19 - [TEST_STEP][PASSED] - callTestCase(findTestCase("Search Product/TC-SP-002"), ["merk":"a"], STOP_ON_FAILURE): Call Test Case 'Test Cases/Search Product/TC-SP-002' successfully

2023-10-03 11:17:19 - [TEST_CASE][PASSED] - Test Cases/Search Product/TC-SP-002: Test Cases/Search Product/TC-SP-002

2023-10-03 11:17:19 - [TEST_STEP][PASSED] - openBrowser("https://10.9.2.63/ecommerce/"): Browser is opened with url: 'https://10.9.2.63/ecommerce/'

2023-10-03 11:17:19 - [MESSAGE][WARNING] - A browser is already opened. Closing browser and opening a new one

2023-10-03 11:17:19 - [MESSAGE][INFO] - Starting 'Edge Chromium' driver

2023-10-03 11:17:19 - [MESSAGE][INFO] - User set preference: ['acceptInsecureCerts', 'true']

2023-10-03 11:17:22 - [MESSAGE][INFO] - Action delay is set to 0 milliseconds

2023-10-03 11:17:25 - [MESSAGE][PASSED] - Browser is opened with url: 'https://10.9.2.63/ecommerce/'

2023-10-03 11:17:25 - [TEST_STEP][PASSED] - maximizeWindow(): Current window maximized

2023-10-03 11:17:25 - [MESSAGE][PASSED] - Current window maximized

2023-10-03 11:17:25 - [TEST_STEP][PASSED] - verifyElementPresent(findTestObject("Search Product/Verify Page Tajalapak"), 0): Object 'Object Repository/Search Product/Verify Page Tajalapak' is present

2023-10-03 11:17:25 - [MESSAGE][WARNING] - Timeout '0' is invalid. Using default page load timeout: '30'

2023-10-03 11:17:26 - [MESSAGE][PASSED] - Object 'Object Repository/Search Product/Verify Page Tajalapak' is present

2023-10-03 11:17:26 - [TEST_STEP][PASSED] - setText(findTestObject("Search Product/Input Product"), merk): Text 'a' is set on object 'Object Repository/Search Product/Input Product'

2023-10-03 11:17:26 - [MESSAGE][PASSED] - Text 'a' is set on object 'Object Repository/Search Product/Input Product'

2023-10-03 11:17:26 - [TEST_STEP][PASSED] - click(findTestObject("Search Product/button_Cari Product")): Object: 'Object Repository/Search Product/button_Cari Product' is clicked on

2023-10-03 11:17:28 - [MESSAGE][PASSED] - Object: 'Object Repository/Search Product/button_Cari Product' is clicked on

2023-10-03 11:17:28 - [TEST_STEP][PASSED] - dataList = findWebElements(findTestObject("Object Repository/Search Product/Semua nama Produk"), 10): null

2023-10-03 11:17:28 - [TEST_STEP][PASSED] - arrProdukName = []: null

2023-10-03 11:17:28 - [TEST_STEP][PASSED] - for ([i = 0, i < dataList.size(), (i++)]): null

2023-10-03 11:17:28 - [TEST_STEP][PASSED] - text = text: null

2023-10-03 11:17:28 - [TEST_STEP][PASSED] - arrProdukName[i] = text.toLowerCase(): null

2023-10-03 11:17:28 - [TEST_STEP][PASSED] - text = text: null

2023-10-03 11:17:28 - [TEST_STEP][PASSED] - arrProdukName[i] = text.toLowerCase(): null

2023-10-03 11:17:28 - [TEST_STEP][PASSED] - text = text: null

2023-10-03 11:17:28 - [TEST_STEP][PASSED] - arrProdukName[i] = text.toLowerCase(): null

2023-10-03 11:17:28 - [TEST_STEP][PASSED] - text = text: null

2023-10-03 11:17:28 - [TEST_STEP][PASSED] - arrProdukName[i] = text.toLowerCase(): null

2023-10-03 11:17:28 - [TEST_STEP][PASSED] - text = text: null

2023-10-03 11:17:28 - [TEST_STEP][PASSED] - arrProdukName[i] = text.toLowerCase(): null

2023-10-03 11:17:28 - [TEST_STEP][PASSED] - text = text: null

2023-10-03 11:17:28 - [TEST_STEP][PASSED] - arrProdukName[i] = text.toLowerCase(): null

2023-10-03 11:17:28 - [TEST_STEP][PASSED] - text = text: null

2023-10-03 11:17:28 - [TEST_STEP][PASSED] - arrProdukName[i] = text.toLowerCase(): null

2023-10-03 11:17:28 - [TEST_STEP][PASSED] - text = text: null

2023-10-03 11:17:28 - [TEST_STEP][PASSED] - arrProdukName[i] = text.toLowerCase(): null

2023-10-03 11:17:28 - [TEST_STEP][PASSED] - text = text: null

2023-10-03 11:17:28 - [TEST_STEP][PASSED] - arrProdukName[i] = text.toLowerCase(): null

2023-10-03 11:17:28 - [TEST_STEP][PASSED] - text = text: null

2023-10-03 11:17:28 - [TEST_STEP][PASSED] - arrProdukName[i] = text.toLowerCase(): null

2023-10-03 11:17:28 - [TEST_STEP][PASSED] - text = text: null

2023-10-03 11:17:28 - [TEST_STEP][PASSED] - arrProdukName[i] = text.toLowerCase(): null

2023-10-03 11:17:28 - [TEST_STEP][PASSED] - text = text: null

2023-10-03 11:17:28 - [TEST_STEP][PASSED] - arrProdukName[i] = text.toLowerCase(): null

2023-10-03 11:17:28 - [TEST_STEP][PASSED] - print(arrProdukName): null

2023-10-03 11:17:28 - [TEST_STEP][PASSED] - for ([i = 0, i < dataList.size(), (i++)]): null

2023-10-03 11:17:28 - [TEST_STEP][PASSED] - assert arrProdukName[i].contains(merk): null

2023-10-03 11:17:28 - [TEST_STEP][PASSED] - assert arrProdukName[i].contains(merk): null

2023-10-03 11:17:28 - [TEST_STEP][PASSED] - assert arrProdukName[i].contains(merk): null

2023-10-03 11:17:28 - [TEST_STEP][PASSED] - assert arrProdukName[i].contains(merk): null

2023-10-03 11:17:28 - [TEST_STEP][PASSED] - assert arrProdukName[i].contains(merk): null

2023-10-03 11:17:28 - [TEST_STEP][PASSED] - assert arrProdukName[i].contains(merk): null

2023-10-03 11:17:28 - [TEST_STEP][PASSED] - assert arrProdukName[i].contains(merk): null

2023-10-03 11:17:28 - [TEST_STEP][PASSED] - assert arrProdukName[i].contains(merk): null

2023-10-03 11:17:28 - [TEST_STEP][PASSED] - assert arrProdukName[i].contains(merk): null

2023-10-03 11:17:28 - [TEST_STEP][PASSED] - assert arrProdukName[i].contains(merk): null

2023-10-03 11:17:28 - [TEST_STEP][PASSED] - assert arrProdukName[i].contains(merk): null

2023-10-03 11:17:28 - [TEST_STEP][PASSED] - assert arrProdukName[i].contains(merk): null

2023-10-03 11:17:28 - [MESSAGE][PASSED] - Call Test Case 'Test Cases/Search Product/TC-SP-002' successfully

2023-10-03 11:17:28 - [TEST_STEP][PASSED] - selectOptionByValue(findTestObject("Search Product/Pilih Urutan"), "desc", false): All options with value 'desc' are selected in object 'Object Repository/Search Product/Pilih Urutan' 

2023-10-03 11:17:30 - [MESSAGE][PASSED] - All options with value 'desc' are selected in object 'Object Repository/Search Product/Pilih Urutan' 

2023-10-03 11:17:30 - [TEST_STEP][PASSED] - click(findTestObject("Search Product/button_Tampilkan product dari sampai")): Object: 'Object Repository/Search Product/button_Tampilkan product dari sampai' is clicked on

2023-10-03 11:17:31 - [MESSAGE][PASSED] - Object: 'Object Repository/Search Product/button_Tampilkan product dari sampai' is clicked on

2023-10-03 11:17:31 - [TEST_STEP][PASSED] - dataList = findWebElements(findTestObject("Object Repository/Search Product/Harga Semua Product"), 10): null

2023-10-03 11:17:32 - [TEST_STEP][PASSED] - arrProdukHargaOri = []: null

2023-10-03 11:17:32 - [TEST_STEP][PASSED] - arrProdukHargaSort = []: null

2023-10-03 11:17:32 - [TEST_STEP][PASSED] - for ([i = 0, i < dataList.size(), (i++)]): null

2023-10-03 11:17:32 - [TEST_STEP][PASSED] - text = text: null

2023-10-03 11:17:32 - [TEST_STEP][PASSED] - product = text.split(" "): null

2023-10-03 11:17:32 - [TEST_STEP][PASSED] - arrProdukHargaOri[i] = Double.parseDouble(product[1].replace(",", "")): null

2023-10-03 11:17:32 - [TEST_STEP][PASSED] - arrProdukHargaSort[i] = Double.parseDouble(product[1].replace(",", "")): null

2023-10-03 11:17:32 - [TEST_STEP][PASSED] - text = text: null

2023-10-03 11:17:32 - [TEST_STEP][PASSED] - product = text.split(" "): null

2023-10-03 11:17:32 - [TEST_STEP][PASSED] - arrProdukHargaOri[i] = Double.parseDouble(product[1].replace(",", "")): null

2023-10-03 11:17:32 - [TEST_STEP][PASSED] - arrProdukHargaSort[i] = Double.parseDouble(product[1].replace(",", "")): null

2023-10-03 11:17:32 - [TEST_STEP][PASSED] - text = text: null

2023-10-03 11:17:32 - [TEST_STEP][PASSED] - product = text.split(" "): null

2023-10-03 11:17:32 - [TEST_STEP][PASSED] - arrProdukHargaOri[i] = Double.parseDouble(product[1].replace(",", "")): null

2023-10-03 11:17:32 - [TEST_STEP][PASSED] - arrProdukHargaSort[i] = Double.parseDouble(product[1].replace(",", "")): null

2023-10-03 11:17:32 - [TEST_STEP][PASSED] - text = text: null

2023-10-03 11:17:32 - [TEST_STEP][PASSED] - product = text.split(" "): null

2023-10-03 11:17:32 - [TEST_STEP][PASSED] - arrProdukHargaOri[i] = Double.parseDouble(product[1].replace(",", "")): null

2023-10-03 11:17:32 - [TEST_STEP][PASSED] - arrProdukHargaSort[i] = Double.parseDouble(product[1].replace(",", "")): null

2023-10-03 11:17:32 - [TEST_STEP][PASSED] - text = text: null

2023-10-03 11:17:32 - [TEST_STEP][PASSED] - product = text.split(" "): null

2023-10-03 11:17:32 - [TEST_STEP][PASSED] - arrProdukHargaOri[i] = Double.parseDouble(product[1].replace(",", "")): null

2023-10-03 11:17:32 - [TEST_STEP][PASSED] - arrProdukHargaSort[i] = Double.parseDouble(product[1].replace(",", "")): null

2023-10-03 11:17:32 - [TEST_STEP][PASSED] - text = text: null

2023-10-03 11:17:32 - [TEST_STEP][PASSED] - product = text.split(" "): null

2023-10-03 11:17:32 - [TEST_STEP][PASSED] - arrProdukHargaOri[i] = Double.parseDouble(product[1].replace(",", "")): null

2023-10-03 11:17:32 - [TEST_STEP][PASSED] - arrProdukHargaSort[i] = Double.parseDouble(product[1].replace(",", "")): null

2023-10-03 11:17:32 - [TEST_STEP][PASSED] - text = text: null

2023-10-03 11:17:32 - [TEST_STEP][PASSED] - product = text.split(" "): null

2023-10-03 11:17:32 - [TEST_STEP][PASSED] - arrProdukHargaOri[i] = Double.parseDouble(product[1].replace(",", "")): null

2023-10-03 11:17:32 - [TEST_STEP][PASSED] - arrProdukHargaSort[i] = Double.parseDouble(product[1].replace(",", "")): null

2023-10-03 11:17:32 - [TEST_STEP][PASSED] - text = text: null

2023-10-03 11:17:32 - [TEST_STEP][PASSED] - product = text.split(" "): null

2023-10-03 11:17:32 - [TEST_STEP][PASSED] - arrProdukHargaOri[i] = Double.parseDouble(product[1].replace(",", "")): null

2023-10-03 11:17:32 - [TEST_STEP][PASSED] - arrProdukHargaSort[i] = Double.parseDouble(product[1].replace(",", "")): null

2023-10-03 11:17:32 - [TEST_STEP][PASSED] - text = text: null

2023-10-03 11:17:32 - [TEST_STEP][PASSED] - product = text.split(" "): null

2023-10-03 11:17:32 - [TEST_STEP][PASSED] - arrProdukHargaOri[i] = Double.parseDouble(product[1].replace(",", "")): null

2023-10-03 11:17:32 - [TEST_STEP][PASSED] - arrProdukHargaSort[i] = Double.parseDouble(product[1].replace(",", "")): null

2023-10-03 11:17:32 - [TEST_STEP][PASSED] - text = text: null

2023-10-03 11:17:32 - [TEST_STEP][PASSED] - product = text.split(" "): null

2023-10-03 11:17:32 - [TEST_STEP][PASSED] - arrProdukHargaOri[i] = Double.parseDouble(product[1].replace(",", "")): null

2023-10-03 11:17:32 - [TEST_STEP][PASSED] - arrProdukHargaSort[i] = Double.parseDouble(product[1].replace(",", "")): null

2023-10-03 11:17:32 - [TEST_STEP][PASSED] - text = text: null

2023-10-03 11:17:32 - [TEST_STEP][PASSED] - product = text.split(" "): null

2023-10-03 11:17:32 - [TEST_STEP][PASSED] - arrProdukHargaOri[i] = Double.parseDouble(product[1].replace(",", "")): null

2023-10-03 11:17:32 - [TEST_STEP][PASSED] - arrProdukHargaSort[i] = Double.parseDouble(product[1].replace(",", "")): null

2023-10-03 11:17:32 - [TEST_STEP][PASSED] - text = text: null

2023-10-03 11:17:32 - [TEST_STEP][PASSED] - product = text.split(" "): null

2023-10-03 11:17:32 - [TEST_STEP][PASSED] - arrProdukHargaOri[i] = Double.parseDouble(product[1].replace(",", "")): null

2023-10-03 11:17:32 - [TEST_STEP][PASSED] - arrProdukHargaSort[i] = Double.parseDouble(product[1].replace(",", "")): null

2023-10-03 11:17:32 - [TEST_STEP][PASSED] - Arrays.sort(arrProdukHargaSort, Collections.reverseOrder()): null

2023-10-03 11:17:32 - [TEST_STEP][FAILED] - assert arrProdukHargaOri == arrProdukHargaSort: Test Cases/Search Product/TC-SP-006 FAILED.
Reason:
Assertion failed: 

assert arrProdukHargaOri == arrProdukHargaSort
       |                 |  |
       |                 |  [700000.0, 13000.0, 13000.0, 12000.0, 12000.0, 12000.0, 11980.0, 11980.0, 11980.0, 11500.0, 10000.0, -988000.0]
       |                 false
       [700000.0, 13000.0, 13000.0, 12000.0, 12000.0, 12000.0, -988000.0, 11980.0, 11980.0, 11980.0, 11500.0, 10000.0]

	at TC-SP-006.run(TC-SP-006:46)
	at com.kms.katalon.core.main.ScriptEngine.run(ScriptEngine.java:194)
	at com.kms.katalon.core.main.ScriptEngine.runScriptAsRawText(ScriptEngine.java:119)
	at com.kms.katalon.core.main.TestCaseExecutor.runScript(TestCaseExecutor.java:448)
	at com.kms.katalon.core.main.TestCaseExecutor.doExecute(TestCaseExecutor.java:439)
	at com.kms.katalon.core.main.TestCaseExecutor.processExecutionPhase(TestCaseExecutor.java:418)
	at com.kms.katalon.core.main.TestCaseExecutor.accessMainPhase(TestCaseExecutor.java:410)
	at com.kms.katalon.core.main.TestCaseExecutor.execute(TestCaseExecutor.java:285)
	at com.kms.katalon.core.common.CommonExecutor.accessTestCaseMainPhase(CommonExecutor.java:65)
	at com.kms.katalon.core.main.TestSuiteExecutor.accessTestSuiteMainPhase(TestSuiteExecutor.java:148)
	at com.kms.katalon.core.main.TestSuiteExecutor.execute(TestSuiteExecutor.java:106)
	at com.kms.katalon.core.main.TestCaseMain.startTestSuite(TestCaseMain.java:187)
	at com.kms.katalon.core.main.TestCaseMain$startTestSuite$0.call(Unknown Source)
	at TempTestSuite1696306504857.run(TempTestSuite1696306504857.groovy:36)


2023-10-03 11:17:32 - [MESSAGE][FAILED] - Test Cases/Search Product/TC-SP-006 FAILED.
Reason:
Assertion failed: 

assert arrProdukHargaOri == arrProdukHargaSort
       |                 |  |
       |                 |  [700000.0, 13000.0, 13000.0, 12000.0, 12000.0, 12000.0, 11980.0, 11980.0, 11980.0, 11500.0, 10000.0, -988000.0]
       |                 false
       [700000.0, 13000.0, 13000.0, 12000.0, 12000.0, 12000.0, -988000.0, 11980.0, 11980.0, 11980.0, 11500.0, 10000.0]

	at TC-SP-006.run(TC-SP-006:46)
	at com.kms.katalon.core.main.ScriptEngine.run(ScriptEngine.java:194)
	at com.kms.katalon.core.main.ScriptEngine.runScriptAsRawText(ScriptEngine.java:119)
	at com.kms.katalon.core.main.TestCaseExecutor.runScript(TestCaseExecutor.java:448)
	at com.kms.katalon.core.main.TestCaseExecutor.doExecute(TestCaseExecutor.java:439)
	at com.kms.katalon.core.main.TestCaseExecutor.processExecutionPhase(TestCaseExecutor.java:418)
	at com.kms.katalon.core.main.TestCaseExecutor.accessMainPhase(TestCaseExecutor.java:410)
	at com.kms.katalon.core.main.TestCaseExecutor.execute(TestCaseExecutor.java:285)
	at com.kms.katalon.core.common.CommonExecutor.accessTestCaseMainPhase(CommonExecutor.java:65)
	at com.kms.katalon.core.main.TestSuiteExecutor.accessTestSuiteMainPhase(TestSuiteExecutor.java:148)
	at com.kms.katalon.core.main.TestSuiteExecutor.execute(TestSuiteExecutor.java:106)
	at com.kms.katalon.core.main.TestCaseMain.startTestSuite(TestCaseMain.java:187)
	at com.kms.katalon.core.main.TestCaseMain$startTestSuite$0.call(Unknown Source)
	at TempTestSuite1696306504857.run(TempTestSuite1696306504857.groovy:36)]]></system-out>
         <system-err><![CDATA[2023-10-03 11:17:18 - [TEST_CASE][FAILED] - Test Cases/Search Product/TC-SP-006: Test Cases/Search Product/TC-SP-006 FAILED.
Reason:
Assertion failed: 

assert arrProdukHargaOri == arrProdukHargaSort
       |                 |  |
       |                 |  [700000.0, 13000.0, 13000.0, 12000.0, 12000.0, 12000.0, 11980.0, 11980.0, 11980.0, 11500.0, 10000.0, -988000.0]
       |                 false
       [700000.0, 13000.0, 13000.0, 12000.0, 12000.0, 12000.0, -988000.0, 11980.0, 11980.0, 11980.0, 11500.0, 10000.0]

	at TC-SP-006.run(TC-SP-006:46)
	at com.kms.katalon.core.main.ScriptEngine.run(ScriptEngine.java:194)
	at com.kms.katalon.core.main.ScriptEngine.runScriptAsRawText(ScriptEngine.java:119)
	at com.kms.katalon.core.main.TestCaseExecutor.runScript(TestCaseExecutor.java:448)
	at com.kms.katalon.core.main.TestCaseExecutor.doExecute(TestCaseExecutor.java:439)
	at com.kms.katalon.core.main.TestCaseExecutor.processExecutionPhase(TestCaseExecutor.java:418)
	at com.kms.katalon.core.main.TestCaseExecutor.accessMainPhase(TestCaseExecutor.java:410)
	at com.kms.katalon.core.main.TestCaseExecutor.execute(TestCaseExecutor.java:285)
	at com.kms.katalon.core.common.CommonExecutor.accessTestCaseMainPhase(CommonExecutor.java:65)
	at com.kms.katalon.core.main.TestSuiteExecutor.accessTestSuiteMainPhase(TestSuiteExecutor.java:148)
	at com.kms.katalon.core.main.TestSuiteExecutor.execute(TestSuiteExecutor.java:106)
	at com.kms.katalon.core.main.TestCaseMain.startTestSuite(TestCaseMain.java:187)
	at com.kms.katalon.core.main.TestCaseMain$startTestSuite$0.call(Unknown Source)
	at TempTestSuite1696306504857.run(TempTestSuite1696306504857.groovy:36)]]></system-err>
      </testcase>
      <testcase name="Test Cases/Search Product/TC-SP-007" time="12.797" classname="Test Cases/Search Product/TC-SP-007" status="PASSED">
         <system-out><![CDATA[2023-10-03 11:17:32 - [TEST_CASE][PASSED] - Test Cases/Search Product/TC-SP-007: Test Cases/Search Product/TC-SP-007

2023-10-03 11:17:32 - [TEST_STEP][PASSED] - callTestCase(findTestCase("Search Product/TC-SP-002"), ["merk":"a"], STOP_ON_FAILURE): Call Test Case 'Test Cases/Search Product/TC-SP-002' successfully

2023-10-03 11:17:32 - [TEST_CASE][PASSED] - Test Cases/Search Product/TC-SP-002: Test Cases/Search Product/TC-SP-002

2023-10-03 11:17:32 - [TEST_STEP][PASSED] - openBrowser("https://10.9.2.63/ecommerce/"): Browser is opened with url: 'https://10.9.2.63/ecommerce/'

2023-10-03 11:17:32 - [MESSAGE][WARNING] - A browser is already opened. Closing browser and opening a new one

2023-10-03 11:17:33 - [MESSAGE][INFO] - Starting 'Edge Chromium' driver

2023-10-03 11:17:33 - [MESSAGE][INFO] - User set preference: ['acceptInsecureCerts', 'true']

2023-10-03 11:17:35 - [MESSAGE][INFO] - Action delay is set to 0 milliseconds

2023-10-03 11:17:39 - [MESSAGE][PASSED] - Browser is opened with url: 'https://10.9.2.63/ecommerce/'

2023-10-03 11:17:39 - [TEST_STEP][PASSED] - maximizeWindow(): Current window maximized

2023-10-03 11:17:39 - [MESSAGE][PASSED] - Current window maximized

2023-10-03 11:17:39 - [TEST_STEP][PASSED] - verifyElementPresent(findTestObject("Search Product/Verify Page Tajalapak"), 0): Object 'Object Repository/Search Product/Verify Page Tajalapak' is present

2023-10-03 11:17:39 - [MESSAGE][WARNING] - Timeout '0' is invalid. Using default page load timeout: '30'

2023-10-03 11:17:40 - [MESSAGE][PASSED] - Object 'Object Repository/Search Product/Verify Page Tajalapak' is present

2023-10-03 11:17:40 - [TEST_STEP][PASSED] - setText(findTestObject("Search Product/Input Product"), merk): Text 'a' is set on object 'Object Repository/Search Product/Input Product'

2023-10-03 11:17:40 - [MESSAGE][PASSED] - Text 'a' is set on object 'Object Repository/Search Product/Input Product'

2023-10-03 11:17:40 - [TEST_STEP][PASSED] - click(findTestObject("Search Product/button_Cari Product")): Object: 'Object Repository/Search Product/button_Cari Product' is clicked on

2023-10-03 11:17:42 - [MESSAGE][PASSED] - Object: 'Object Repository/Search Product/button_Cari Product' is clicked on

2023-10-03 11:17:42 - [TEST_STEP][PASSED] - dataList = findWebElements(findTestObject("Object Repository/Search Product/Semua nama Produk"), 10): null

2023-10-03 11:17:42 - [TEST_STEP][PASSED] - arrProdukName = []: null

2023-10-03 11:17:42 - [TEST_STEP][PASSED] - for ([i = 0, i < dataList.size(), (i++)]): null

2023-10-03 11:17:42 - [TEST_STEP][PASSED] - text = text: null

2023-10-03 11:17:42 - [TEST_STEP][PASSED] - arrProdukName[i] = text.toLowerCase(): null

2023-10-03 11:17:42 - [TEST_STEP][PASSED] - text = text: null

2023-10-03 11:17:42 - [TEST_STEP][PASSED] - arrProdukName[i] = text.toLowerCase(): null

2023-10-03 11:17:42 - [TEST_STEP][PASSED] - text = text: null

2023-10-03 11:17:42 - [TEST_STEP][PASSED] - arrProdukName[i] = text.toLowerCase(): null

2023-10-03 11:17:42 - [TEST_STEP][PASSED] - text = text: null

2023-10-03 11:17:42 - [TEST_STEP][PASSED] - arrProdukName[i] = text.toLowerCase(): null

2023-10-03 11:17:42 - [TEST_STEP][PASSED] - text = text: null

2023-10-03 11:17:42 - [TEST_STEP][PASSED] - arrProdukName[i] = text.toLowerCase(): null

2023-10-03 11:17:42 - [TEST_STEP][PASSED] - text = text: null

2023-10-03 11:17:42 - [TEST_STEP][PASSED] - arrProdukName[i] = text.toLowerCase(): null

2023-10-03 11:17:42 - [TEST_STEP][PASSED] - text = text: null

2023-10-03 11:17:42 - [TEST_STEP][PASSED] - arrProdukName[i] = text.toLowerCase(): null

2023-10-03 11:17:42 - [TEST_STEP][PASSED] - text = text: null

2023-10-03 11:17:42 - [TEST_STEP][PASSED] - arrProdukName[i] = text.toLowerCase(): null

2023-10-03 11:17:42 - [TEST_STEP][PASSED] - text = text: null

2023-10-03 11:17:42 - [TEST_STEP][PASSED] - arrProdukName[i] = text.toLowerCase(): null

2023-10-03 11:17:42 - [TEST_STEP][PASSED] - text = text: null

2023-10-03 11:17:42 - [TEST_STEP][PASSED] - arrProdukName[i] = text.toLowerCase(): null

2023-10-03 11:17:42 - [TEST_STEP][PASSED] - text = text: null

2023-10-03 11:17:42 - [TEST_STEP][PASSED] - arrProdukName[i] = text.toLowerCase(): null

2023-10-03 11:17:42 - [TEST_STEP][PASSED] - text = text: null

2023-10-03 11:17:42 - [TEST_STEP][PASSED] - arrProdukName[i] = text.toLowerCase(): null

2023-10-03 11:17:42 - [TEST_STEP][PASSED] - print(arrProdukName): null

2023-10-03 11:17:42 - [TEST_STEP][PASSED] - for ([i = 0, i < dataList.size(), (i++)]): null

2023-10-03 11:17:42 - [TEST_STEP][PASSED] - assert arrProdukName[i].contains(merk): null

2023-10-03 11:17:42 - [TEST_STEP][PASSED] - assert arrProdukName[i].contains(merk): null

2023-10-03 11:17:42 - [TEST_STEP][PASSED] - assert arrProdukName[i].contains(merk): null

2023-10-03 11:17:42 - [TEST_STEP][PASSED] - assert arrProdukName[i].contains(merk): null

2023-10-03 11:17:42 - [TEST_STEP][PASSED] - assert arrProdukName[i].contains(merk): null

2023-10-03 11:17:42 - [TEST_STEP][PASSED] - assert arrProdukName[i].contains(merk): null

2023-10-03 11:17:42 - [TEST_STEP][PASSED] - assert arrProdukName[i].contains(merk): null

2023-10-03 11:17:42 - [TEST_STEP][PASSED] - assert arrProdukName[i].contains(merk): null

2023-10-03 11:17:42 - [TEST_STEP][PASSED] - assert arrProdukName[i].contains(merk): null

2023-10-03 11:17:42 - [TEST_STEP][PASSED] - assert arrProdukName[i].contains(merk): null

2023-10-03 11:17:42 - [TEST_STEP][PASSED] - assert arrProdukName[i].contains(merk): null

2023-10-03 11:17:42 - [TEST_STEP][PASSED] - assert arrProdukName[i].contains(merk): null

2023-10-03 11:17:42 - [MESSAGE][PASSED] - Call Test Case 'Test Cases/Search Product/TC-SP-002' successfully

2023-10-03 11:17:42 - [TEST_STEP][PASSED] - click(findTestObject("Search Product/Katagoti Elektronik")): Object: 'Object Repository/Search Product/Katagoti Elektronik' is clicked on

2023-10-03 11:17:44 - [MESSAGE][PASSED] - Object: 'Object Repository/Search Product/Katagoti Elektronik' is clicked on

2023-10-03 11:17:44 - [TEST_STEP][PASSED] - dataList = findWebElements(findTestObject("Object Repository/Search Product/Nama Product Elektronik"), 10): null

2023-10-03 11:17:44 - [TEST_STEP][PASSED] - jumlah = getText(findTestObject("Object Repository/Search Product/Jumlah Elektronik")): Text of object 'Object Repository/Search Product/Jumlah Elektronik' is: '(5)'

2023-10-03 11:17:45 - [MESSAGE][PASSED] - Text of object 'Object Repository/Search Product/Jumlah Elektronik' is: '(5)'

2023-10-03 11:17:45 - [TEST_STEP][PASSED] - angka1 = jumlah.replace("(", ""): null

2023-10-03 11:17:45 - [TEST_STEP][PASSED] - angkaStr = angka1.replace(")", ""): null

2023-10-03 11:17:45 - [TEST_STEP][PASSED] - println(angkaStr): null

2023-10-03 11:17:45 - [TEST_STEP][PASSED] - println(dataList.size()): null

2023-10-03 11:17:45 - [TEST_STEP][PASSED] - assert Integer.parseInt(angkaStr) == dataList.size(): null]]></system-out>
         <system-err><![CDATA[]]></system-err>
      </testcase>
      <testcase name="Test Cases/Search Product/TC-SP-008" time="10.878" classname="Test Cases/Search Product/TC-SP-008" status="PASSED">
         <system-out><![CDATA[2023-10-03 11:17:45 - [TEST_CASE][PASSED] - Test Cases/Search Product/TC-SP-008: Test Cases/Search Product/TC-SP-008

2023-10-03 11:17:45 - [TEST_STEP][PASSED] - openBrowser("https://10.9.2.63/ecommerce/"): Browser is opened with url: 'https://10.9.2.63/ecommerce/'

2023-10-03 11:17:45 - [MESSAGE][WARNING] - A browser is already opened. Closing browser and opening a new one

2023-10-03 11:17:46 - [MESSAGE][INFO] - Starting 'Edge Chromium' driver

2023-10-03 11:17:46 - [MESSAGE][INFO] - User set preference: ['acceptInsecureCerts', 'true']

2023-10-03 11:17:48 - [MESSAGE][INFO] - Action delay is set to 0 milliseconds

2023-10-03 11:17:53 - [MESSAGE][PASSED] - Browser is opened with url: 'https://10.9.2.63/ecommerce/'

2023-10-03 11:17:53 - [TEST_STEP][PASSED] - maximizeWindow(): Current window maximized

2023-10-03 11:17:53 - [MESSAGE][PASSED] - Current window maximized

2023-10-03 11:17:53 - [TEST_STEP][PASSED] - setText(findTestObject("Search Product/Input Product"), "Kamera Vintage"): Text 'Kamera Vintage' is set on object 'Object Repository/Search Product/Input Product'

2023-10-03 11:17:54 - [MESSAGE][PASSED] - Text 'Kamera Vintage' is set on object 'Object Repository/Search Product/Input Product'

2023-10-03 11:17:54 - [TEST_STEP][PASSED] - click(findTestObject("Search Product/button_Cari Product")): Object: 'Object Repository/Search Product/button_Cari Product' is clicked on

2023-10-03 11:17:55 - [MESSAGE][PASSED] - Object: 'Object Repository/Search Product/button_Cari Product' is clicked on

2023-10-03 11:17:55 - [TEST_STEP][PASSED] - verifyElementText(findTestObject("Search Product/produk gak ditemukan"), "Oops, produk gak ditemukan"): Actual text and expected text of test object 'Object Repository/Search Product/produk gak ditemukan' are matched.

2023-10-03 11:17:55 - [MESSAGE][PASSED] - Actual text and expected text of test object 'Object Repository/Search Product/produk gak ditemukan' are matched.]]></system-out>
         <system-err><![CDATA[]]></system-err>
      </testcase>
      <testcase name="Test Cases/Search Product/TC-SP-009" time="9.65" classname="Test Cases/Search Product/TC-SP-009" status="PASSED">
         <system-out><![CDATA[2023-10-03 11:17:55 - [TEST_CASE][PASSED] - Test Cases/Search Product/TC-SP-009: Test Cases/Search Product/TC-SP-009

2023-10-03 11:17:56 - [TEST_STEP][PASSED] - openBrowser("https://10.9.2.63/ecommerce/"): Browser is opened with url: 'https://10.9.2.63/ecommerce/'

2023-10-03 11:17:56 - [MESSAGE][WARNING] - A browser is already opened. Closing browser and opening a new one

2023-10-03 11:17:56 - [MESSAGE][INFO] - Starting 'Edge Chromium' driver

2023-10-03 11:17:56 - [MESSAGE][INFO] - User set preference: ['acceptInsecureCerts', 'true']

2023-10-03 11:17:59 - [MESSAGE][INFO] - Action delay is set to 0 milliseconds

2023-10-03 11:18:02 - [MESSAGE][PASSED] - Browser is opened with url: 'https://10.9.2.63/ecommerce/'

2023-10-03 11:18:02 - [TEST_STEP][PASSED] - maximizeWindow(): Current window maximized

2023-10-03 11:18:02 - [MESSAGE][PASSED] - Current window maximized

2023-10-03 11:18:02 - [TEST_STEP][PASSED] - mouseOver(findTestObject("Search Product/Kategori Produk")): Object: 'Object Repository/Search Product/Kategori Produk' is hovered

2023-10-03 11:18:03 - [MESSAGE][PASSED] - Object: 'Object Repository/Search Product/Kategori Produk' is hovered

2023-10-03 11:18:03 - [TEST_STEP][PASSED] - mouseOver(findTestObject("Search Product/Katagori Fashion Busana Pria")): Object: 'Object Repository/Search Product/Katagori Fashion Busana Pria' is hovered

2023-10-03 11:18:03 - [MESSAGE][PASSED] - Object: 'Object Repository/Search Product/Katagori Fashion Busana Pria' is hovered

2023-10-03 11:18:03 - [TEST_STEP][PASSED] - click(findTestObject("Search Product/Katagori Fashion Busana Pria Accessoris")): Object: 'Object Repository/Search Product/Katagori Fashion Busana Pria Accessoris' is clicked on

2023-10-03 11:18:04 - [MESSAGE][PASSED] - Object: 'Object Repository/Search Product/Katagori Fashion Busana Pria Accessoris' is clicked on

2023-10-03 11:18:04 - [TEST_STEP][PASSED] - verifyElementText(findTestObject("Search Product/Nama Product/Men Singelete - Baju Dalam Menarik"), "Men Singelete - Baju Dalam Menarik"): Actual text and expected text of test object 'Object Repository/Search Product/Nama Product/Men Singelete - Baju Dalam Menarik' are matched.

2023-10-03 11:18:05 - [MESSAGE][PASSED] - Actual text and expected text of test object 'Object Repository/Search Product/Nama Product/Men Singelete - Baju Dalam Menarik' are matched.]]></system-out>
         <system-err><![CDATA[]]></system-err>
      </testcase>
      <testcase name="Test Cases/Search Product/TC-SP-010" time="10.388" classname="Test Cases/Search Product/TC-SP-010" status="PASSED">
         <system-out><![CDATA[2023-10-03 11:18:05 - [TEST_CASE][PASSED] - Test Cases/Search Product/TC-SP-010: Test Cases/Search Product/TC-SP-010

2023-10-03 11:18:05 - [TEST_STEP][PASSED] - openBrowser("https://10.9.2.63/ecommerce/"): Browser is opened with url: 'https://10.9.2.63/ecommerce/'

2023-10-03 11:18:05 - [MESSAGE][WARNING] - A browser is already opened. Closing browser and opening a new one

2023-10-03 11:18:06 - [MESSAGE][INFO] - Starting 'Edge Chromium' driver

2023-10-03 11:18:06 - [MESSAGE][INFO] - User set preference: ['acceptInsecureCerts', 'true']

2023-10-03 11:18:08 - [MESSAGE][INFO] - Action delay is set to 0 milliseconds

2023-10-03 11:18:12 - [MESSAGE][PASSED] - Browser is opened with url: 'https://10.9.2.63/ecommerce/'

2023-10-03 11:18:12 - [TEST_STEP][PASSED] - maximizeWindow(): Current window maximized

2023-10-03 11:18:12 - [MESSAGE][PASSED] - Current window maximized

2023-10-03 11:18:12 - [TEST_STEP][PASSED] - verifyElementPresent(findTestObject("Search Product/Verify Page Tajalapak"), 0): Object 'Object Repository/Search Product/Verify Page Tajalapak' is present

2023-10-03 11:18:12 - [MESSAGE][WARNING] - Timeout '0' is invalid. Using default page load timeout: '30'

2023-10-03 11:18:13 - [MESSAGE][PASSED] - Object 'Object Repository/Search Product/Verify Page Tajalapak' is present

2023-10-03 11:18:13 - [TEST_STEP][PASSED] - setText(findTestObject("Search Product/Input Product"), merk): Text 'DeLl' is set on object 'Object Repository/Search Product/Input Product'

2023-10-03 11:18:14 - [MESSAGE][PASSED] - Text 'DeLl' is set on object 'Object Repository/Search Product/Input Product'

2023-10-03 11:18:14 - [TEST_STEP][PASSED] - click(findTestObject("Search Product/button_Cari Product")): Object: 'Object Repository/Search Product/button_Cari Product' is clicked on

2023-10-03 11:18:15 - [MESSAGE][PASSED] - Object: 'Object Repository/Search Product/button_Cari Product' is clicked on

2023-10-03 11:18:15 - [TEST_STEP][PASSED] - merk_product = getText(findTestObject("Object Repository/Search Product/Laptop Merk Dell")): Text of object 'Object Repository/Search Product/Laptop Merk Dell' is: 'DELL Business Latitude 7290 (Core i7-8,..'

2023-10-03 11:18:15 - [MESSAGE][PASSED] - Text of object 'Object Repository/Search Product/Laptop Merk Dell' is: 'DELL Business Latitude 7290 (Core i7-8,..'

2023-10-03 11:18:15 - [TEST_STEP][PASSED] - merkLowercase = merk_product.toLowerCase(): null

2023-10-03 11:18:15 - [TEST_STEP][PASSED] - assert merkLowercase.contains(merk.toLowerCase()): null]]></system-out>
         <system-err><![CDATA[]]></system-err>
      </testcase>
      <testcase name="Test Cases/Search Product/TC-SP-011" time="24.769" classname="Test Cases/Search Product/TC-SP-011" status="PASSED">
         <system-out><![CDATA[2023-10-03 11:18:15 - [TEST_CASE][PASSED] - Test Cases/Search Product/TC-SP-011: Test Cases/Search Product/TC-SP-011

2023-10-03 11:18:16 - [TEST_STEP][PASSED] - callTestCase(findTestCase("Search Product/TC-SP-002"), ["merk":"a"], STOP_ON_FAILURE): Call Test Case 'Test Cases/Search Product/TC-SP-002' successfully

2023-10-03 11:18:16 - [TEST_CASE][PASSED] - Test Cases/Search Product/TC-SP-002: Test Cases/Search Product/TC-SP-002

2023-10-03 11:18:16 - [TEST_STEP][PASSED] - openBrowser("https://10.9.2.63/ecommerce/"): Browser is opened with url: 'https://10.9.2.63/ecommerce/'

2023-10-03 11:18:16 - [MESSAGE][WARNING] - A browser is already opened. Closing browser and opening a new one

2023-10-03 11:18:17 - [MESSAGE][INFO] - Starting 'Edge Chromium' driver

2023-10-03 11:18:17 - [MESSAGE][INFO] - User set preference: ['acceptInsecureCerts', 'true']

2023-10-03 11:18:19 - [MESSAGE][INFO] - Action delay is set to 0 milliseconds

2023-10-03 11:18:22 - [MESSAGE][PASSED] - Browser is opened with url: 'https://10.9.2.63/ecommerce/'

2023-10-03 11:18:22 - [TEST_STEP][PASSED] - maximizeWindow(): Current window maximized

2023-10-03 11:18:22 - [MESSAGE][PASSED] - Current window maximized

2023-10-03 11:18:22 - [TEST_STEP][PASSED] - verifyElementPresent(findTestObject("Search Product/Verify Page Tajalapak"), 0): Object 'Object Repository/Search Product/Verify Page Tajalapak' is present

2023-10-03 11:18:22 - [MESSAGE][WARNING] - Timeout '0' is invalid. Using default page load timeout: '30'

2023-10-03 11:18:23 - [MESSAGE][PASSED] - Object 'Object Repository/Search Product/Verify Page Tajalapak' is present

2023-10-03 11:18:23 - [TEST_STEP][PASSED] - setText(findTestObject("Search Product/Input Product"), merk): Text 'a' is set on object 'Object Repository/Search Product/Input Product'

2023-10-03 11:18:23 - [MESSAGE][PASSED] - Text 'a' is set on object 'Object Repository/Search Product/Input Product'

2023-10-03 11:18:23 - [TEST_STEP][PASSED] - click(findTestObject("Search Product/button_Cari Product")): Object: 'Object Repository/Search Product/button_Cari Product' is clicked on

2023-10-03 11:18:25 - [MESSAGE][PASSED] - Object: 'Object Repository/Search Product/button_Cari Product' is clicked on

2023-10-03 11:18:25 - [TEST_STEP][PASSED] - dataList = findWebElements(findTestObject("Object Repository/Search Product/Semua nama Produk"), 10): null

2023-10-03 11:18:25 - [TEST_STEP][PASSED] - arrProdukName = []: null

2023-10-03 11:18:25 - [TEST_STEP][PASSED] - for ([i = 0, i < dataList.size(), (i++)]): null

2023-10-03 11:18:25 - [TEST_STEP][PASSED] - text = text: null

2023-10-03 11:18:25 - [TEST_STEP][PASSED] - arrProdukName[i] = text.toLowerCase(): null

2023-10-03 11:18:25 - [TEST_STEP][PASSED] - text = text: null

2023-10-03 11:18:25 - [TEST_STEP][PASSED] - arrProdukName[i] = text.toLowerCase(): null

2023-10-03 11:18:25 - [TEST_STEP][PASSED] - text = text: null

2023-10-03 11:18:25 - [TEST_STEP][PASSED] - arrProdukName[i] = text.toLowerCase(): null

2023-10-03 11:18:25 - [TEST_STEP][PASSED] - text = text: null

2023-10-03 11:18:25 - [TEST_STEP][PASSED] - arrProdukName[i] = text.toLowerCase(): null

2023-10-03 11:18:25 - [TEST_STEP][PASSED] - text = text: null

2023-10-03 11:18:25 - [TEST_STEP][PASSED] - arrProdukName[i] = text.toLowerCase(): null

2023-10-03 11:18:25 - [TEST_STEP][PASSED] - text = text: null

2023-10-03 11:18:25 - [TEST_STEP][PASSED] - arrProdukName[i] = text.toLowerCase(): null

2023-10-03 11:18:25 - [TEST_STEP][PASSED] - text = text: null

2023-10-03 11:18:25 - [TEST_STEP][PASSED] - arrProdukName[i] = text.toLowerCase(): null

2023-10-03 11:18:25 - [TEST_STEP][PASSED] - text = text: null

2023-10-03 11:18:25 - [TEST_STEP][PASSED] - arrProdukName[i] = text.toLowerCase(): null

2023-10-03 11:18:25 - [TEST_STEP][PASSED] - text = text: null

2023-10-03 11:18:25 - [TEST_STEP][PASSED] - arrProdukName[i] = text.toLowerCase(): null

2023-10-03 11:18:25 - [TEST_STEP][PASSED] - text = text: null

2023-10-03 11:18:25 - [TEST_STEP][PASSED] - arrProdukName[i] = text.toLowerCase(): null

2023-10-03 11:18:25 - [TEST_STEP][PASSED] - text = text: null

2023-10-03 11:18:25 - [TEST_STEP][PASSED] - arrProdukName[i] = text.toLowerCase(): null

2023-10-03 11:18:25 - [TEST_STEP][PASSED] - text = text: null

2023-10-03 11:18:25 - [TEST_STEP][PASSED] - arrProdukName[i] = text.toLowerCase(): null

2023-10-03 11:18:25 - [TEST_STEP][PASSED] - print(arrProdukName): null

2023-10-03 11:18:25 - [TEST_STEP][PASSED] - for ([i = 0, i < dataList.size(), (i++)]): null

2023-10-03 11:18:25 - [TEST_STEP][PASSED] - assert arrProdukName[i].contains(merk): null

2023-10-03 11:18:25 - [TEST_STEP][PASSED] - assert arrProdukName[i].contains(merk): null

2023-10-03 11:18:25 - [TEST_STEP][PASSED] - assert arrProdukName[i].contains(merk): null

2023-10-03 11:18:25 - [TEST_STEP][PASSED] - assert arrProdukName[i].contains(merk): null

2023-10-03 11:18:25 - [TEST_STEP][PASSED] - assert arrProdukName[i].contains(merk): null

2023-10-03 11:18:25 - [TEST_STEP][PASSED] - assert arrProdukName[i].contains(merk): null

2023-10-03 11:18:25 - [TEST_STEP][PASSED] - assert arrProdukName[i].contains(merk): null

2023-10-03 11:18:25 - [TEST_STEP][PASSED] - assert arrProdukName[i].contains(merk): null

2023-10-03 11:18:25 - [TEST_STEP][PASSED] - assert arrProdukName[i].contains(merk): null

2023-10-03 11:18:25 - [TEST_STEP][PASSED] - assert arrProdukName[i].contains(merk): null

2023-10-03 11:18:25 - [TEST_STEP][PASSED] - assert arrProdukName[i].contains(merk): null

2023-10-03 11:18:25 - [TEST_STEP][PASSED] - assert arrProdukName[i].contains(merk): null

2023-10-03 11:18:26 - [MESSAGE][PASSED] - Call Test Case 'Test Cases/Search Product/TC-SP-002' successfully

2023-10-03 11:18:26 - [TEST_STEP][PASSED] - setText(findTestObject("Search Product/input_Filter Produk_dari"), Min): Text '1000000000' is set on object 'Object Repository/Search Product/input_Filter Produk_dari'

2023-10-03 11:18:27 - [MESSAGE][PASSED] - Text '1000000000' is set on object 'Object Repository/Search Product/input_Filter Produk_dari'

2023-10-03 11:18:27 - [TEST_STEP][PASSED] - setText(findTestObject("Search Product/input_Filter Produk_sampai"), Max): Text '2000000000' is set on object 'Object Repository/Search Product/input_Filter Produk_sampai'

2023-10-03 11:18:28 - [MESSAGE][PASSED] - Text '2000000000' is set on object 'Object Repository/Search Product/input_Filter Produk_sampai'

2023-10-03 11:18:28 - [TEST_STEP][PASSED] - click(findTestObject("Search Product/button_Tampilkan product dari sampai")): Object: 'Object Repository/Search Product/button_Tampilkan product dari sampai' is clicked on

2023-10-03 11:18:29 - [MESSAGE][PASSED] - Object: 'Object Repository/Search Product/button_Tampilkan product dari sampai' is clicked on

2023-10-03 11:18:29 - [TEST_STEP][PASSED] - dataList = findWebElements(findTestObject("Object Repository/Search Product/Harga Semua Product"), 10): Unable to find the element located by 'By.xpath: /html/body/div[9]/div/div/div[2]/div[2]/div[2]/div[1]/div/div/div/div/div/div/p'. Please recheck the objects properties to make sure the desired element is located. 

2023-10-03 11:18:40 - [MESSAGE][INFO] - Unable to find the element located by 'By.xpath: /html/body/div[9]/div/div/div[2]/div[2]/div[2]/div[1]/div/div/div/div/div/div/p'. Please recheck the objects properties to make sure the desired element is located. 

2023-10-03 11:18:40 - [TEST_STEP][PASSED] - arrProdukHarga = []: null

2023-10-03 11:18:40 - [TEST_STEP][PASSED] - for ([i = 0, i < dataList.size(), (i++)]): null

2023-10-03 11:18:40 - [TEST_STEP][PASSED] - for ([i = 0, i < dataList.size(), (i++)]): null]]></system-out>
         <system-err><![CDATA[]]></system-err>
      </testcase>
      <testcase name="Test Cases/Search Product/TC-SPN-001" time="20.183" classname="Test Cases/Search Product/TC-SPN-001" status="PASSED">
         <system-out><![CDATA[2023-10-03 11:18:40 - [TEST_CASE][PASSED] - Test Cases/Search Product/TC-SPN-001: Test Cases/Search Product/TC-SPN-001

2023-10-03 11:18:41 - [TEST_STEP][PASSED] - callTestCase(findTestCase("Search Product/TC-SP-002"), ["merk":"a"], STOP_ON_FAILURE): Call Test Case 'Test Cases/Search Product/TC-SP-002' successfully

2023-10-03 11:18:41 - [TEST_CASE][PASSED] - Test Cases/Search Product/TC-SP-002: Test Cases/Search Product/TC-SP-002

2023-10-03 11:18:41 - [TEST_STEP][PASSED] - openBrowser("https://10.9.2.63/ecommerce/"): Browser is opened with url: 'https://10.9.2.63/ecommerce/'

2023-10-03 11:18:41 - [MESSAGE][WARNING] - A browser is already opened. Closing browser and opening a new one

2023-10-03 11:18:41 - [MESSAGE][INFO] - Starting 'Edge Chromium' driver

2023-10-03 11:18:41 - [MESSAGE][INFO] - User set preference: ['acceptInsecureCerts', 'true']

2023-10-03 11:18:44 - [MESSAGE][INFO] - Action delay is set to 0 milliseconds

2023-10-03 11:18:48 - [MESSAGE][PASSED] - Browser is opened with url: 'https://10.9.2.63/ecommerce/'

2023-10-03 11:18:48 - [TEST_STEP][PASSED] - maximizeWindow(): Current window maximized

2023-10-03 11:18:48 - [MESSAGE][PASSED] - Current window maximized

2023-10-03 11:18:48 - [TEST_STEP][PASSED] - verifyElementPresent(findTestObject("Search Product/Verify Page Tajalapak"), 0): Object 'Object Repository/Search Product/Verify Page Tajalapak' is present

2023-10-03 11:18:48 - [MESSAGE][WARNING] - Timeout '0' is invalid. Using default page load timeout: '30'

2023-10-03 11:18:49 - [MESSAGE][PASSED] - Object 'Object Repository/Search Product/Verify Page Tajalapak' is present

2023-10-03 11:18:49 - [TEST_STEP][PASSED] - setText(findTestObject("Search Product/Input Product"), merk): Text 'a' is set on object 'Object Repository/Search Product/Input Product'

2023-10-03 11:18:49 - [MESSAGE][PASSED] - Text 'a' is set on object 'Object Repository/Search Product/Input Product'

2023-10-03 11:18:49 - [TEST_STEP][PASSED] - click(findTestObject("Search Product/button_Cari Product")): Object: 'Object Repository/Search Product/button_Cari Product' is clicked on

2023-10-03 11:18:51 - [MESSAGE][PASSED] - Object: 'Object Repository/Search Product/button_Cari Product' is clicked on

2023-10-03 11:18:51 - [TEST_STEP][PASSED] - dataList = findWebElements(findTestObject("Object Repository/Search Product/Semua nama Produk"), 10): null

2023-10-03 11:18:51 - [TEST_STEP][PASSED] - arrProdukName = []: null

2023-10-03 11:18:51 - [TEST_STEP][PASSED] - for ([i = 0, i < dataList.size(), (i++)]): null

2023-10-03 11:18:51 - [TEST_STEP][PASSED] - text = text: null

2023-10-03 11:18:51 - [TEST_STEP][PASSED] - arrProdukName[i] = text.toLowerCase(): null

2023-10-03 11:18:51 - [TEST_STEP][PASSED] - text = text: null

2023-10-03 11:18:51 - [TEST_STEP][PASSED] - arrProdukName[i] = text.toLowerCase(): null

2023-10-03 11:18:51 - [TEST_STEP][PASSED] - text = text: null

2023-10-03 11:18:51 - [TEST_STEP][PASSED] - arrProdukName[i] = text.toLowerCase(): null

2023-10-03 11:18:51 - [TEST_STEP][PASSED] - text = text: null

2023-10-03 11:18:51 - [TEST_STEP][PASSED] - arrProdukName[i] = text.toLowerCase(): null

2023-10-03 11:18:51 - [TEST_STEP][PASSED] - text = text: null

2023-10-03 11:18:51 - [TEST_STEP][PASSED] - arrProdukName[i] = text.toLowerCase(): null

2023-10-03 11:18:51 - [TEST_STEP][PASSED] - text = text: null

2023-10-03 11:18:51 - [TEST_STEP][PASSED] - arrProdukName[i] = text.toLowerCase(): null

2023-10-03 11:18:51 - [TEST_STEP][PASSED] - text = text: null

2023-10-03 11:18:51 - [TEST_STEP][PASSED] - arrProdukName[i] = text.toLowerCase(): null

2023-10-03 11:18:51 - [TEST_STEP][PASSED] - text = text: null

2023-10-03 11:18:51 - [TEST_STEP][PASSED] - arrProdukName[i] = text.toLowerCase(): null

2023-10-03 11:18:51 - [TEST_STEP][PASSED] - text = text: null

2023-10-03 11:18:51 - [TEST_STEP][PASSED] - arrProdukName[i] = text.toLowerCase(): null

2023-10-03 11:18:51 - [TEST_STEP][PASSED] - text = text: null

2023-10-03 11:18:51 - [TEST_STEP][PASSED] - arrProdukName[i] = text.toLowerCase(): null

2023-10-03 11:18:51 - [TEST_STEP][PASSED] - text = text: null

2023-10-03 11:18:51 - [TEST_STEP][PASSED] - arrProdukName[i] = text.toLowerCase(): null

2023-10-03 11:18:51 - [TEST_STEP][PASSED] - text = text: null

2023-10-03 11:18:51 - [TEST_STEP][PASSED] - arrProdukName[i] = text.toLowerCase(): null

2023-10-03 11:18:51 - [TEST_STEP][PASSED] - print(arrProdukName): null

2023-10-03 11:18:51 - [TEST_STEP][PASSED] - for ([i = 0, i < dataList.size(), (i++)]): null

2023-10-03 11:18:51 - [TEST_STEP][PASSED] - assert arrProdukName[i].contains(merk): null

2023-10-03 11:18:51 - [TEST_STEP][PASSED] - assert arrProdukName[i].contains(merk): null

2023-10-03 11:18:51 - [TEST_STEP][PASSED] - assert arrProdukName[i].contains(merk): null

2023-10-03 11:18:51 - [TEST_STEP][PASSED] - assert arrProdukName[i].contains(merk): null

2023-10-03 11:18:51 - [TEST_STEP][PASSED] - assert arrProdukName[i].contains(merk): null

2023-10-03 11:18:51 - [TEST_STEP][PASSED] - assert arrProdukName[i].contains(merk): null

2023-10-03 11:18:51 - [TEST_STEP][PASSED] - assert arrProdukName[i].contains(merk): null

2023-10-03 11:18:51 - [TEST_STEP][PASSED] - assert arrProdukName[i].contains(merk): null

2023-10-03 11:18:51 - [TEST_STEP][PASSED] - assert arrProdukName[i].contains(merk): null

2023-10-03 11:18:51 - [TEST_STEP][PASSED] - assert arrProdukName[i].contains(merk): null

2023-10-03 11:18:51 - [TEST_STEP][PASSED] - assert arrProdukName[i].contains(merk): null

2023-10-03 11:18:51 - [TEST_STEP][PASSED] - assert arrProdukName[i].contains(merk): null

2023-10-03 11:18:51 - [MESSAGE][PASSED] - Call Test Case 'Test Cases/Search Product/TC-SP-002' successfully

2023-10-03 11:18:51 - [TEST_STEP][PASSED] - terkecil = getAttribute(findTestObject("Object Repository/Search Product/input_Filter Produk_dari"), "value"): Attribute 'value' of object 'Object Repository/Search Product/input_Filter Produk_dari' is: ''

2023-10-03 11:18:52 - [MESSAGE][PASSED] - Attribute 'value' of object 'Object Repository/Search Product/input_Filter Produk_dari' is: ''

2023-10-03 11:18:52 - [TEST_STEP][PASSED] - terbesar = getAttribute(findTestObject("Object Repository/Search Product/input_Filter Produk_sampai"), "value"): Attribute 'value' of object 'Object Repository/Search Product/input_Filter Produk_sampai' is: ''

2023-10-03 11:18:52 - [MESSAGE][PASSED] - Attribute 'value' of object 'Object Repository/Search Product/input_Filter Produk_sampai' is: ''

2023-10-03 11:18:52 - [TEST_STEP][PASSED] - setText(findTestObject("Search Product/input_Filter Produk_dari"), "5000"): Text '5000' is set on object 'Object Repository/Search Product/input_Filter Produk_dari'

2023-10-03 11:18:53 - [MESSAGE][PASSED] - Text '5000' is set on object 'Object Repository/Search Product/input_Filter Produk_dari'

2023-10-03 11:18:53 - [TEST_STEP][PASSED] - setText(findTestObject("Search Product/input_Filter Produk_sampai"), "10000"): Text '10000' is set on object 'Object Repository/Search Product/input_Filter Produk_sampai'

2023-10-03 11:18:54 - [MESSAGE][PASSED] - Text '10000' is set on object 'Object Repository/Search Product/input_Filter Produk_sampai'

2023-10-03 11:18:54 - [TEST_STEP][PASSED] - click(findTestObject("Search Product/button_Tampilkan product dari sampai")): Object: 'Object Repository/Search Product/button_Tampilkan product dari sampai' is clicked on

2023-10-03 11:18:56 - [MESSAGE][PASSED] - Object: 'Object Repository/Search Product/button_Tampilkan product dari sampai' is clicked on

2023-10-03 11:18:56 - [TEST_STEP][PASSED] - setText(findTestObject("Search Product/input_Filter Produk_dari"), ""): Text '' is set on object 'Object Repository/Search Product/input_Filter Produk_dari'

2023-10-03 11:18:57 - [MESSAGE][PASSED] - Text '' is set on object 'Object Repository/Search Product/input_Filter Produk_dari'

2023-10-03 11:18:57 - [TEST_STEP][PASSED] - setText(findTestObject("Search Product/input_Filter Produk_sampai"), ""): Text '' is set on object 'Object Repository/Search Product/input_Filter Produk_sampai'

2023-10-03 11:18:58 - [MESSAGE][PASSED] - Text '' is set on object 'Object Repository/Search Product/input_Filter Produk_sampai'

2023-10-03 11:18:58 - [TEST_STEP][PASSED] - click(findTestObject("Search Product/button_Tampilkan product dari sampai")): Object: 'Object Repository/Search Product/button_Tampilkan product dari sampai' is clicked on

2023-10-03 11:18:59 - [MESSAGE][PASSED] - Object: 'Object Repository/Search Product/button_Tampilkan product dari sampai' is clicked on

2023-10-03 11:18:59 - [TEST_STEP][PASSED] - println(terkecil): null

2023-10-03 11:18:59 - [TEST_STEP][PASSED] - println(terbesar): null

2023-10-03 11:18:59 - [TEST_STEP][PASSED] - terkecil1 = getAttribute(findTestObject("Object Repository/Search Product/input_Filter Produk_dari"), "value"): Attribute 'value' of object 'Object Repository/Search Product/input_Filter Produk_dari' is: ''

2023-10-03 11:19:00 - [MESSAGE][PASSED] - Attribute 'value' of object 'Object Repository/Search Product/input_Filter Produk_dari' is: ''

2023-10-03 11:19:00 - [TEST_STEP][PASSED] - terbesar1 = getAttribute(findTestObject("Object Repository/Search Product/input_Filter Produk_sampai"), "value"): Attribute 'value' of object 'Object Repository/Search Product/input_Filter Produk_sampai' is: ''

2023-10-03 11:19:00 - [MESSAGE][PASSED] - Attribute 'value' of object 'Object Repository/Search Product/input_Filter Produk_sampai' is: ''

2023-10-03 11:19:00 - [TEST_STEP][PASSED] - assert terkecil == terkecil1: null

2023-10-03 11:19:00 - [TEST_STEP][PASSED] - assert terbesar == terbesar1: null]]></system-out>
         <system-err><![CDATA[]]></system-err>
      </testcase>
      <testcase name="Test Cases/Search Product/TC-SPN-002" time="15.007" classname="Test Cases/Search Product/TC-SPN-002" status="FAILED">
         <failure type="FAILED" message="Test Cases/Search Product/TC-SPN-002 FAILED.
Reason:
Assertion failed: 

assert error_message == 'Check Your Price'
       |             |
       &quot;&quot;            false

	at TC-SPN-002.run(TC-SPN-002:46)
	at com.kms.katalon.core.main.ScriptEngine.run(ScriptEngine.java:194)
	at com.kms.katalon.core.main.ScriptEngine.runScriptAsRawText(ScriptEngine.java:119)
	at com.kms.katalon.core.main.TestCaseExecutor.runScript(TestCaseExecutor.java:448)
	at com.kms.katalon.core.main.TestCaseExecutor.doExecute(TestCaseExecutor.java:439)
	at com.kms.katalon.core.main.TestCaseExecutor.processExecutionPhase(TestCaseExecutor.java:418)
	at com.kms.katalon.core.main.TestCaseExecutor.accessMainPhase(TestCaseExecutor.java:410)
	at com.kms.katalon.core.main.TestCaseExecutor.execute(TestCaseExecutor.java:285)
	at com.kms.katalon.core.common.CommonExecutor.accessTestCaseMainPhase(CommonExecutor.java:65)
	at com.kms.katalon.core.main.TestSuiteExecutor.accessTestSuiteMainPhase(TestSuiteExecutor.java:148)
	at com.kms.katalon.core.main.TestSuiteExecutor.execute(TestSuiteExecutor.java:106)
	at com.kms.katalon.core.main.TestCaseMain.startTestSuite(TestCaseMain.java:187)
	at com.kms.katalon.core.main.TestCaseMain$startTestSuite$0.call(Unknown Source)
	at TempTestSuite1696306504857.run(TempTestSuite1696306504857.groovy:36)
"/>
         <system-out><![CDATA[2023-10-03 11:19:00 - [TEST_CASE][FAILED] - Test Cases/Search Product/TC-SPN-002: Test Cases/Search Product/TC-SPN-002 FAILED.
Reason:
Assertion failed: 

assert error_message == 'Check Your Price'
       |             |
       ""            false

	at TC-SPN-002.run(TC-SPN-002:46)
	at com.kms.katalon.core.main.ScriptEngine.run(ScriptEngine.java:194)
	at com.kms.katalon.core.main.ScriptEngine.runScriptAsRawText(ScriptEngine.java:119)
	at com.kms.katalon.core.main.TestCaseExecutor.runScript(TestCaseExecutor.java:448)
	at com.kms.katalon.core.main.TestCaseExecutor.doExecute(TestCaseExecutor.java:439)
	at com.kms.katalon.core.main.TestCaseExecutor.processExecutionPhase(TestCaseExecutor.java:418)
	at com.kms.katalon.core.main.TestCaseExecutor.accessMainPhase(TestCaseExecutor.java:410)
	at com.kms.katalon.core.main.TestCaseExecutor.execute(TestCaseExecutor.java:285)
	at com.kms.katalon.core.common.CommonExecutor.accessTestCaseMainPhase(CommonExecutor.java:65)
	at com.kms.katalon.core.main.TestSuiteExecutor.accessTestSuiteMainPhase(TestSuiteExecutor.java:148)
	at com.kms.katalon.core.main.TestSuiteExecutor.execute(TestSuiteExecutor.java:106)
	at com.kms.katalon.core.main.TestCaseMain.startTestSuite(TestCaseMain.java:187)
	at com.kms.katalon.core.main.TestCaseMain$startTestSuite$0.call(Unknown Source)
	at TempTestSuite1696306504857.run(TempTestSuite1696306504857.groovy:36)


2023-10-03 11:19:01 - [TEST_STEP][PASSED] - callTestCase(findTestCase("Search Product/TC-SP-002"), ["merk":"a"], STOP_ON_FAILURE): Call Test Case 'Test Cases/Search Product/TC-SP-002' successfully

2023-10-03 11:19:01 - [TEST_CASE][PASSED] - Test Cases/Search Product/TC-SP-002: Test Cases/Search Product/TC-SP-002

2023-10-03 11:19:01 - [TEST_STEP][PASSED] - openBrowser("https://10.9.2.63/ecommerce/"): Browser is opened with url: 'https://10.9.2.63/ecommerce/'

2023-10-03 11:19:01 - [MESSAGE][WARNING] - A browser is already opened. Closing browser and opening a new one

2023-10-03 11:19:02 - [MESSAGE][INFO] - Starting 'Edge Chromium' driver

2023-10-03 11:19:02 - [MESSAGE][INFO] - User set preference: ['acceptInsecureCerts', 'true']

2023-10-03 11:19:04 - [MESSAGE][INFO] - Action delay is set to 0 milliseconds

2023-10-03 11:19:08 - [MESSAGE][PASSED] - Browser is opened with url: 'https://10.9.2.63/ecommerce/'

2023-10-03 11:19:08 - [TEST_STEP][PASSED] - maximizeWindow(): Current window maximized

2023-10-03 11:19:08 - [MESSAGE][PASSED] - Current window maximized

2023-10-03 11:19:08 - [TEST_STEP][PASSED] - verifyElementPresent(findTestObject("Search Product/Verify Page Tajalapak"), 0): Object 'Object Repository/Search Product/Verify Page Tajalapak' is present

2023-10-03 11:19:08 - [MESSAGE][WARNING] - Timeout '0' is invalid. Using default page load timeout: '30'

2023-10-03 11:19:08 - [MESSAGE][PASSED] - Object 'Object Repository/Search Product/Verify Page Tajalapak' is present

2023-10-03 11:19:08 - [TEST_STEP][PASSED] - setText(findTestObject("Search Product/Input Product"), merk): Text 'a' is set on object 'Object Repository/Search Product/Input Product'

2023-10-03 11:19:09 - [MESSAGE][PASSED] - Text 'a' is set on object 'Object Repository/Search Product/Input Product'

2023-10-03 11:19:09 - [TEST_STEP][PASSED] - click(findTestObject("Search Product/button_Cari Product")): Object: 'Object Repository/Search Product/button_Cari Product' is clicked on

2023-10-03 11:19:10 - [MESSAGE][PASSED] - Object: 'Object Repository/Search Product/button_Cari Product' is clicked on

2023-10-03 11:19:10 - [TEST_STEP][PASSED] - dataList = findWebElements(findTestObject("Object Repository/Search Product/Semua nama Produk"), 10): null

2023-10-03 11:19:11 - [TEST_STEP][PASSED] - arrProdukName = []: null

2023-10-03 11:19:11 - [TEST_STEP][PASSED] - for ([i = 0, i < dataList.size(), (i++)]): null

2023-10-03 11:19:11 - [TEST_STEP][PASSED] - text = text: null

2023-10-03 11:19:11 - [TEST_STEP][PASSED] - arrProdukName[i] = text.toLowerCase(): null

2023-10-03 11:19:11 - [TEST_STEP][PASSED] - text = text: null

2023-10-03 11:19:11 - [TEST_STEP][PASSED] - arrProdukName[i] = text.toLowerCase(): null

2023-10-03 11:19:11 - [TEST_STEP][PASSED] - text = text: null

2023-10-03 11:19:11 - [TEST_STEP][PASSED] - arrProdukName[i] = text.toLowerCase(): null

2023-10-03 11:19:11 - [TEST_STEP][PASSED] - text = text: null

2023-10-03 11:19:11 - [TEST_STEP][PASSED] - arrProdukName[i] = text.toLowerCase(): null

2023-10-03 11:19:11 - [TEST_STEP][PASSED] - text = text: null

2023-10-03 11:19:11 - [TEST_STEP][PASSED] - arrProdukName[i] = text.toLowerCase(): null

2023-10-03 11:19:11 - [TEST_STEP][PASSED] - text = text: null

2023-10-03 11:19:11 - [TEST_STEP][PASSED] - arrProdukName[i] = text.toLowerCase(): null

2023-10-03 11:19:11 - [TEST_STEP][PASSED] - text = text: null

2023-10-03 11:19:11 - [TEST_STEP][PASSED] - arrProdukName[i] = text.toLowerCase(): null

2023-10-03 11:19:11 - [TEST_STEP][PASSED] - text = text: null

2023-10-03 11:19:11 - [TEST_STEP][PASSED] - arrProdukName[i] = text.toLowerCase(): null

2023-10-03 11:19:11 - [TEST_STEP][PASSED] - text = text: null

2023-10-03 11:19:11 - [TEST_STEP][PASSED] - arrProdukName[i] = text.toLowerCase(): null

2023-10-03 11:19:11 - [TEST_STEP][PASSED] - text = text: null

2023-10-03 11:19:11 - [TEST_STEP][PASSED] - arrProdukName[i] = text.toLowerCase(): null

2023-10-03 11:19:11 - [TEST_STEP][PASSED] - text = text: null

2023-10-03 11:19:11 - [TEST_STEP][PASSED] - arrProdukName[i] = text.toLowerCase(): null

2023-10-03 11:19:11 - [TEST_STEP][PASSED] - text = text: null

2023-10-03 11:19:11 - [TEST_STEP][PASSED] - arrProdukName[i] = text.toLowerCase(): null

2023-10-03 11:19:11 - [TEST_STEP][PASSED] - print(arrProdukName): null

2023-10-03 11:19:11 - [TEST_STEP][PASSED] - for ([i = 0, i < dataList.size(), (i++)]): null

2023-10-03 11:19:11 - [TEST_STEP][PASSED] - assert arrProdukName[i].contains(merk): null

2023-10-03 11:19:11 - [TEST_STEP][PASSED] - assert arrProdukName[i].contains(merk): null

2023-10-03 11:19:11 - [TEST_STEP][PASSED] - assert arrProdukName[i].contains(merk): null

2023-10-03 11:19:11 - [TEST_STEP][PASSED] - assert arrProdukName[i].contains(merk): null

2023-10-03 11:19:11 - [TEST_STEP][PASSED] - assert arrProdukName[i].contains(merk): null

2023-10-03 11:19:11 - [TEST_STEP][PASSED] - assert arrProdukName[i].contains(merk): null

2023-10-03 11:19:11 - [TEST_STEP][PASSED] - assert arrProdukName[i].contains(merk): null

2023-10-03 11:19:11 - [TEST_STEP][PASSED] - assert arrProdukName[i].contains(merk): null

2023-10-03 11:19:11 - [TEST_STEP][PASSED] - assert arrProdukName[i].contains(merk): null

2023-10-03 11:19:11 - [TEST_STEP][PASSED] - assert arrProdukName[i].contains(merk): null

2023-10-03 11:19:11 - [TEST_STEP][PASSED] - assert arrProdukName[i].contains(merk): null

2023-10-03 11:19:11 - [TEST_STEP][PASSED] - assert arrProdukName[i].contains(merk): null

2023-10-03 11:19:11 - [MESSAGE][PASSED] - Call Test Case 'Test Cases/Search Product/TC-SP-002' successfully

2023-10-03 11:19:11 - [TEST_STEP][PASSED] - setText(findTestObject("Search Product/input_Filter Produk_dari"), "9000"): Text '9000' is set on object 'Object Repository/Search Product/input_Filter Produk_dari'

2023-10-03 11:19:12 - [MESSAGE][PASSED] - Text '9000' is set on object 'Object Repository/Search Product/input_Filter Produk_dari'

2023-10-03 11:19:12 - [TEST_STEP][PASSED] - setText(findTestObject("Search Product/input_Filter Produk_sampai"), "4000"): Text '4000' is set on object 'Object Repository/Search Product/input_Filter Produk_sampai'

2023-10-03 11:19:13 - [MESSAGE][PASSED] - Text '4000' is set on object 'Object Repository/Search Product/input_Filter Produk_sampai'

2023-10-03 11:19:13 - [TEST_STEP][PASSED] - click(findTestObject("Search Product/button_Tampilkan product dari sampai")): Object: 'Object Repository/Search Product/button_Tampilkan product dari sampai' is clicked on

2023-10-03 11:19:15 - [MESSAGE][PASSED] - Object: 'Object Repository/Search Product/button_Tampilkan product dari sampai' is clicked on

2023-10-03 11:19:15 - [TEST_STEP][PASSED] - webDriver = getWebDriver(): null

2023-10-03 11:19:15 - [TEST_STEP][PASSED] - field_username = webDriver.findElement(By.xpath("//input[@name="dari"]")): null

2023-10-03 11:19:15 - [TEST_STEP][PASSED] - error_message = webDriver.executeScript("return arguments[0].validationMessage", field_username): null

2023-10-03 11:19:15 - [TEST_STEP][PASSED] - println(error_message): null

2023-10-03 11:19:15 - [TEST_STEP][FAILED] - assert error_message == "Check Your Price": Test Cases/Search Product/TC-SPN-002 FAILED.
Reason:
Assertion failed: 

assert error_message == 'Check Your Price'
       |             |
       ""            false

	at TC-SPN-002.run(TC-SPN-002:46)
	at com.kms.katalon.core.main.ScriptEngine.run(ScriptEngine.java:194)
	at com.kms.katalon.core.main.ScriptEngine.runScriptAsRawText(ScriptEngine.java:119)
	at com.kms.katalon.core.main.TestCaseExecutor.runScript(TestCaseExecutor.java:448)
	at com.kms.katalon.core.main.TestCaseExecutor.doExecute(TestCaseExecutor.java:439)
	at com.kms.katalon.core.main.TestCaseExecutor.processExecutionPhase(TestCaseExecutor.java:418)
	at com.kms.katalon.core.main.TestCaseExecutor.accessMainPhase(TestCaseExecutor.java:410)
	at com.kms.katalon.core.main.TestCaseExecutor.execute(TestCaseExecutor.java:285)
	at com.kms.katalon.core.common.CommonExecutor.accessTestCaseMainPhase(CommonExecutor.java:65)
	at com.kms.katalon.core.main.TestSuiteExecutor.accessTestSuiteMainPhase(TestSuiteExecutor.java:148)
	at com.kms.katalon.core.main.TestSuiteExecutor.execute(TestSuiteExecutor.java:106)
	at com.kms.katalon.core.main.TestCaseMain.startTestSuite(TestCaseMain.java:187)
	at com.kms.katalon.core.main.TestCaseMain$startTestSuite$0.call(Unknown Source)
	at TempTestSuite1696306504857.run(TempTestSuite1696306504857.groovy:36)


2023-10-03 11:19:15 - [MESSAGE][FAILED] - Test Cases/Search Product/TC-SPN-002 FAILED.
Reason:
Assertion failed: 

assert error_message == 'Check Your Price'
       |             |
       ""            false

	at TC-SPN-002.run(TC-SPN-002:46)
	at com.kms.katalon.core.main.ScriptEngine.run(ScriptEngine.java:194)
	at com.kms.katalon.core.main.ScriptEngine.runScriptAsRawText(ScriptEngine.java:119)
	at com.kms.katalon.core.main.TestCaseExecutor.runScript(TestCaseExecutor.java:448)
	at com.kms.katalon.core.main.TestCaseExecutor.doExecute(TestCaseExecutor.java:439)
	at com.kms.katalon.core.main.TestCaseExecutor.processExecutionPhase(TestCaseExecutor.java:418)
	at com.kms.katalon.core.main.TestCaseExecutor.accessMainPhase(TestCaseExecutor.java:410)
	at com.kms.katalon.core.main.TestCaseExecutor.execute(TestCaseExecutor.java:285)
	at com.kms.katalon.core.common.CommonExecutor.accessTestCaseMainPhase(CommonExecutor.java:65)
	at com.kms.katalon.core.main.TestSuiteExecutor.accessTestSuiteMainPhase(TestSuiteExecutor.java:148)
	at com.kms.katalon.core.main.TestSuiteExecutor.execute(TestSuiteExecutor.java:106)
	at com.kms.katalon.core.main.TestCaseMain.startTestSuite(TestCaseMain.java:187)
	at com.kms.katalon.core.main.TestCaseMain$startTestSuite$0.call(Unknown Source)
	at TempTestSuite1696306504857.run(TempTestSuite1696306504857.groovy:36)]]></system-out>
         <system-err><![CDATA[2023-10-03 11:19:00 - [TEST_CASE][FAILED] - Test Cases/Search Product/TC-SPN-002: Test Cases/Search Product/TC-SPN-002 FAILED.
Reason:
Assertion failed: 

assert error_message == 'Check Your Price'
       |             |
       ""            false

	at TC-SPN-002.run(TC-SPN-002:46)
	at com.kms.katalon.core.main.ScriptEngine.run(ScriptEngine.java:194)
	at com.kms.katalon.core.main.ScriptEngine.runScriptAsRawText(ScriptEngine.java:119)
	at com.kms.katalon.core.main.TestCaseExecutor.runScript(TestCaseExecutor.java:448)
	at com.kms.katalon.core.main.TestCaseExecutor.doExecute(TestCaseExecutor.java:439)
	at com.kms.katalon.core.main.TestCaseExecutor.processExecutionPhase(TestCaseExecutor.java:418)
	at com.kms.katalon.core.main.TestCaseExecutor.accessMainPhase(TestCaseExecutor.java:410)
	at com.kms.katalon.core.main.TestCaseExecutor.execute(TestCaseExecutor.java:285)
	at com.kms.katalon.core.common.CommonExecutor.accessTestCaseMainPhase(CommonExecutor.java:65)
	at com.kms.katalon.core.main.TestSuiteExecutor.accessTestSuiteMainPhase(TestSuiteExecutor.java:148)
	at com.kms.katalon.core.main.TestSuiteExecutor.execute(TestSuiteExecutor.java:106)
	at com.kms.katalon.core.main.TestCaseMain.startTestSuite(TestCaseMain.java:187)
	at com.kms.katalon.core.main.TestCaseMain$startTestSuite$0.call(Unknown Source)
	at TempTestSuite1696306504857.run(TempTestSuite1696306504857.groovy:36)]]></system-err>
      </testcase>
      <testcase name="Test Cases/Search Product/TC-SPN-003" time="8.434" classname="Test Cases/Search Product/TC-SPN-003" status="PASSED">
         <system-out><![CDATA[2023-10-03 11:19:15 - [TEST_CASE][PASSED] - Test Cases/Search Product/TC-SPN-003: Test Cases/Search Product/TC-SPN-003

2023-10-03 11:19:16 - [TEST_STEP][PASSED] - openBrowser("https://10.9.2.63/ecommerce/"): Browser is opened with url: 'https://10.9.2.63/ecommerce/'

2023-10-03 11:19:16 - [MESSAGE][WARNING] - A browser is already opened. Closing browser and opening a new one

2023-10-03 11:19:17 - [MESSAGE][INFO] - Starting 'Edge Chromium' driver

2023-10-03 11:19:17 - [MESSAGE][INFO] - User set preference: ['acceptInsecureCerts', 'true']

2023-10-03 11:19:19 - [MESSAGE][INFO] - Action delay is set to 0 milliseconds

2023-10-03 11:19:23 - [MESSAGE][PASSED] - Browser is opened with url: 'https://10.9.2.63/ecommerce/'

2023-10-03 11:19:23 - [TEST_STEP][PASSED] - maximizeWindow(): Current window maximized

2023-10-03 11:19:23 - [MESSAGE][PASSED] - Current window maximized

2023-10-03 11:19:23 - [TEST_STEP][PASSED] - click(findTestObject("Search Product/button_Cari Product")): Object: 'Object Repository/Search Product/button_Cari Product' is clicked on

2023-10-03 11:19:24 - [MESSAGE][PASSED] - Object: 'Object Repository/Search Product/button_Cari Product' is clicked on

2023-10-03 11:19:24 - [TEST_STEP][PASSED] - webDriver = getWebDriver(): null

2023-10-03 11:19:24 - [TEST_STEP][PASSED] - field_username = webDriver.findElement(By.xpath("//input[@name="s"]")): null

2023-10-03 11:19:24 - [TEST_STEP][PASSED] - error_message = webDriver.executeScript("return arguments[0].validationMessage", field_username): null

2023-10-03 11:19:24 - [TEST_STEP][PASSED] - println(error_message): null

2023-10-03 11:19:24 - [TEST_STEP][PASSED] - assert error_message == "Please fill out this field.": null]]></system-out>
         <system-err><![CDATA[]]></system-err>
      </testcase>
      <testcase name="Test Cases/Search Product/TC-SPN-004" time="8.924" classname="Test Cases/Search Product/TC-SPN-004" status="FAILED">
         <failure type="FAILED" message="Test Cases/Search Product/TC-SPN-004 FAILED.
Reason:
com.kms.katalon.core.exception.StepFailedException: Unable to verify text 'Dell' is present 
	at com.kms.katalon.core.webui.keyword.internal.WebUIKeywordMain.stepFailed(WebUIKeywordMain.groovy:64)
	at com.kms.katalon.core.webui.keyword.internal.WebUIKeywordMain.runKeyword(WebUIKeywordMain.groovy:26)
	at com.kms.katalon.core.webui.keyword.builtin.VerifyTextPresentKeyword.verifyTextPresent(VerifyTextPresentKeyword.groovy:83)
	at com.kms.katalon.core.webui.keyword.builtin.VerifyTextPresentKeyword.execute(VerifyTextPresentKeyword.groovy:68)
	at com.kms.katalon.core.keyword.internal.KeywordExecutor.executeKeywordForPlatform(KeywordExecutor.groovy:74)
	at com.kms.katalon.core.webui.keyword.WebUiBuiltInKeywords.verifyTextPresent(WebUiBuiltInKeywords.groovy:1723)
	at com.kms.katalon.core.webui.keyword.WebUiBuiltInKeywords$verifyTextPresent$10.call(Unknown Source)
	at TC-SPN-004.run(TC-SPN-004:26)
	at com.kms.katalon.core.main.ScriptEngine.run(ScriptEngine.java:194)
	at com.kms.katalon.core.main.ScriptEngine.runScriptAsRawText(ScriptEngine.java:119)
	at com.kms.katalon.core.main.TestCaseExecutor.runScript(TestCaseExecutor.java:448)
	at com.kms.katalon.core.main.TestCaseExecutor.doExecute(TestCaseExecutor.java:439)
	at com.kms.katalon.core.main.TestCaseExecutor.processExecutionPhase(TestCaseExecutor.java:418)
	at com.kms.katalon.core.main.TestCaseExecutor.accessMainPhase(TestCaseExecutor.java:410)
	at com.kms.katalon.core.main.TestCaseExecutor.execute(TestCaseExecutor.java:285)
	at com.kms.katalon.core.common.CommonExecutor.accessTestCaseMainPhase(CommonExecutor.java:65)
	at com.kms.katalon.core.main.TestSuiteExecutor.accessTestSuiteMainPhase(TestSuiteExecutor.java:148)
	at com.kms.katalon.core.main.TestSuiteExecutor.execute(TestSuiteExecutor.java:106)
	at com.kms.katalon.core.main.TestCaseMain.startTestSuite(TestCaseMain.java:187)
	at com.kms.katalon.core.main.TestCaseMain$startTestSuite$0.call(Unknown Source)
	at TempTestSuite1696306504857.run(TempTestSuite1696306504857.groovy:36)
Caused by: com.kms.katalon.core.exception.StepFailedException: Text 'Dell' is not present on page 
	at com.kms.katalon.core.webui.keyword.internal.WebUIKeywordMain.stepFailed(WebUIKeywordMain.groovy:64)
	at com.kms.katalon.core.webui.keyword.builtin.VerifyTextPresentKeyword$_verifyTextPresent_closure1.doCall(VerifyTextPresentKeyword.groovy:79)
	at com.kms.katalon.core.webui.keyword.builtin.VerifyTextPresentKeyword$_verifyTextPresent_closure1.call(VerifyTextPresentKeyword.groovy)
	at com.kms.katalon.core.webui.keyword.internal.WebUIKeywordMain.runKeyword(WebUIKeywordMain.groovy:20)
	... 19 more
"/>
         <system-out><![CDATA[2023-10-03 11:19:24 - [TEST_CASE][FAILED] - Test Cases/Search Product/TC-SPN-004: Test Cases/Search Product/TC-SPN-004 FAILED.
Reason:
com.kms.katalon.core.exception.StepFailedException: Unable to verify text 'Dell' is present 
	at com.kms.katalon.core.webui.keyword.internal.WebUIKeywordMain.stepFailed(WebUIKeywordMain.groovy:64)
	at com.kms.katalon.core.webui.keyword.internal.WebUIKeywordMain.runKeyword(WebUIKeywordMain.groovy:26)
	at com.kms.katalon.core.webui.keyword.builtin.VerifyTextPresentKeyword.verifyTextPresent(VerifyTextPresentKeyword.groovy:83)
	at com.kms.katalon.core.webui.keyword.builtin.VerifyTextPresentKeyword.execute(VerifyTextPresentKeyword.groovy:68)
	at com.kms.katalon.core.keyword.internal.KeywordExecutor.executeKeywordForPlatform(KeywordExecutor.groovy:74)
	at com.kms.katalon.core.webui.keyword.WebUiBuiltInKeywords.verifyTextPresent(WebUiBuiltInKeywords.groovy:1723)
	at com.kms.katalon.core.webui.keyword.WebUiBuiltInKeywords$verifyTextPresent$10.call(Unknown Source)
	at TC-SPN-004.run(TC-SPN-004:26)
	at com.kms.katalon.core.main.ScriptEngine.run(ScriptEngine.java:194)
	at com.kms.katalon.core.main.ScriptEngine.runScriptAsRawText(ScriptEngine.java:119)
	at com.kms.katalon.core.main.TestCaseExecutor.runScript(TestCaseExecutor.java:448)
	at com.kms.katalon.core.main.TestCaseExecutor.doExecute(TestCaseExecutor.java:439)
	at com.kms.katalon.core.main.TestCaseExecutor.processExecutionPhase(TestCaseExecutor.java:418)
	at com.kms.katalon.core.main.TestCaseExecutor.accessMainPhase(TestCaseExecutor.java:410)
	at com.kms.katalon.core.main.TestCaseExecutor.execute(TestCaseExecutor.java:285)
	at com.kms.katalon.core.common.CommonExecutor.accessTestCaseMainPhase(CommonExecutor.java:65)
	at com.kms.katalon.core.main.TestSuiteExecutor.accessTestSuiteMainPhase(TestSuiteExecutor.java:148)
	at com.kms.katalon.core.main.TestSuiteExecutor.execute(TestSuiteExecutor.java:106)
	at com.kms.katalon.core.main.TestCaseMain.startTestSuite(TestCaseMain.java:187)
	at com.kms.katalon.core.main.TestCaseMain$startTestSuite$0.call(Unknown Source)
	at TempTestSuite1696306504857.run(TempTestSuite1696306504857.groovy:36)
Caused by: com.kms.katalon.core.exception.StepFailedException: Text 'Dell' is not present on page 
	at com.kms.katalon.core.webui.keyword.internal.WebUIKeywordMain.stepFailed(WebUIKeywordMain.groovy:64)
	at com.kms.katalon.core.webui.keyword.builtin.VerifyTextPresentKeyword$_verifyTextPresent_closure1.doCall(VerifyTextPresentKeyword.groovy:79)
	at com.kms.katalon.core.webui.keyword.builtin.VerifyTextPresentKeyword$_verifyTextPresent_closure1.call(VerifyTextPresentKeyword.groovy)
	at com.kms.katalon.core.webui.keyword.internal.WebUIKeywordMain.runKeyword(WebUIKeywordMain.groovy:20)
	... 19 more


2023-10-03 11:19:24 - [TEST_STEP][PASSED] - openBrowser("https://10.9.2.63/ecommerce/"): Browser is opened with url: 'https://10.9.2.63/ecommerce/'

2023-10-03 11:19:24 - [MESSAGE][WARNING] - A browser is already opened. Closing browser and opening a new one

2023-10-03 11:19:25 - [MESSAGE][INFO] - Starting 'Edge Chromium' driver

2023-10-03 11:19:25 - [MESSAGE][INFO] - User set preference: ['acceptInsecureCerts', 'true']

2023-10-03 11:19:27 - [MESSAGE][INFO] - Action delay is set to 0 milliseconds

2023-10-03 11:19:31 - [MESSAGE][PASSED] - Browser is opened with url: 'https://10.9.2.63/ecommerce/'

2023-10-03 11:19:31 - [TEST_STEP][PASSED] - maximizeWindow(): Current window maximized

2023-10-03 11:19:31 - [MESSAGE][PASSED] - Current window maximized

2023-10-03 11:19:31 - [TEST_STEP][PASSED] - setText(findTestObject("Search Product/Input Product"), "Dell"): Text 'Dell' is set on object 'Object Repository/Search Product/Input Product'

2023-10-03 11:19:32 - [MESSAGE][PASSED] - Text 'Dell' is set on object 'Object Repository/Search Product/Input Product'

2023-10-03 11:19:32 - [TEST_STEP][FAILED] - verifyTextPresent("Dell", false): Unable to verify text 'Dell' is present  (Root cause: com.kms.katalon.core.exception.StepFailedException: Unable to verify text 'Dell' is present 
	at com.kms.katalon.core.webui.keyword.internal.WebUIKeywordMain.stepFailed(WebUIKeywordMain.groovy:64)
	at com.kms.katalon.core.webui.keyword.internal.WebUIKeywordMain.runKeyword(WebUIKeywordMain.groovy:26)
	at com.kms.katalon.core.webui.keyword.builtin.VerifyTextPresentKeyword.verifyTextPresent(VerifyTextPresentKeyword.groovy:83)
	at com.kms.katalon.core.webui.keyword.builtin.VerifyTextPresentKeyword.execute(VerifyTextPresentKeyword.groovy:68)
	at com.kms.katalon.core.keyword.internal.KeywordExecutor.executeKeywordForPlatform(KeywordExecutor.groovy:74)
	at com.kms.katalon.core.webui.keyword.WebUiBuiltInKeywords.verifyTextPresent(WebUiBuiltInKeywords.groovy:1723)
	at com.kms.katalon.core.webui.keyword.WebUiBuiltInKeywords$verifyTextPresent$10.call(Unknown Source)
	at TC-SPN-004.run(TC-SPN-004:26)
	at com.kms.katalon.core.main.ScriptEngine.run(ScriptEngine.java:194)
	at com.kms.katalon.core.main.ScriptEngine.runScriptAsRawText(ScriptEngine.java:119)
	at com.kms.katalon.core.main.TestCaseExecutor.runScript(TestCaseExecutor.java:448)
	at com.kms.katalon.core.main.TestCaseExecutor.doExecute(TestCaseExecutor.java:439)
	at com.kms.katalon.core.main.TestCaseExecutor.processExecutionPhase(TestCaseExecutor.java:418)
	at com.kms.katalon.core.main.TestCaseExecutor.accessMainPhase(TestCaseExecutor.java:410)
	at com.kms.katalon.core.main.TestCaseExecutor.execute(TestCaseExecutor.java:285)
	at com.kms.katalon.core.common.CommonExecutor.accessTestCaseMainPhase(CommonExecutor.java:65)
	at com.kms.katalon.core.main.TestSuiteExecutor.accessTestSuiteMainPhase(TestSuiteExecutor.java:148)
	at com.kms.katalon.core.main.TestSuiteExecutor.execute(TestSuiteExecutor.java:106)
	at com.kms.katalon.core.main.TestCaseMain.startTestSuite(TestCaseMain.java:187)
	at com.kms.katalon.core.main.TestCaseMain$startTestSuite$0.call(Unknown Source)
	at TempTestSuite1696306504857.run(TempTestSuite1696306504857.groovy:36)
Caused by: com.kms.katalon.core.exception.StepFailedException: Text 'Dell' is not present on page 
	at com.kms.katalon.core.webui.keyword.internal.WebUIKeywordMain.stepFailed(WebUIKeywordMain.groovy:64)
	at com.kms.katalon.core.webui.keyword.builtin.VerifyTextPresentKeyword$_verifyTextPresent_closure1.doCall(VerifyTextPresentKeyword.groovy:79)
	at com.kms.katalon.core.webui.keyword.builtin.VerifyTextPresentKeyword$_verifyTextPresent_closure1.call(VerifyTextPresentKeyword.groovy)
	at com.kms.katalon.core.webui.keyword.internal.WebUIKeywordMain.runKeyword(WebUIKeywordMain.groovy:20)
	... 19 more
)

2023-10-03 11:19:33 - [MESSAGE][FAILED] - Text 'Dell' is not present on page  (Root cause: com.kms.katalon.core.exception.StepFailedException: Text 'Dell' is not present on page 
	at com.kms.katalon.core.webui.keyword.internal.WebUIKeywordMain.stepFailed(WebUIKeywordMain.groovy:64)
	at com.kms.katalon.core.webui.keyword.builtin.VerifyTextPresentKeyword$_verifyTextPresent_closure1.doCall(VerifyTextPresentKeyword.groovy:79)
	at com.kms.katalon.core.webui.keyword.builtin.VerifyTextPresentKeyword$_verifyTextPresent_closure1.call(VerifyTextPresentKeyword.groovy)
	at com.kms.katalon.core.webui.keyword.internal.WebUIKeywordMain.runKeyword(WebUIKeywordMain.groovy:20)
	at com.kms.katalon.core.webui.keyword.builtin.VerifyTextPresentKeyword.verifyTextPresent(VerifyTextPresentKeyword.groovy:83)
	at com.kms.katalon.core.webui.keyword.builtin.VerifyTextPresentKeyword.execute(VerifyTextPresentKeyword.groovy:68)
	at com.kms.katalon.core.keyword.internal.KeywordExecutor.executeKeywordForPlatform(KeywordExecutor.groovy:74)
	at com.kms.katalon.core.webui.keyword.WebUiBuiltInKeywords.verifyTextPresent(WebUiBuiltInKeywords.groovy:1723)
	at com.kms.katalon.core.webui.keyword.WebUiBuiltInKeywords$verifyTextPresent$10.call(Unknown Source)
	at TC-SPN-004.run(TC-SPN-004:26)
	at com.kms.katalon.core.main.ScriptEngine.run(ScriptEngine.java:194)
	at com.kms.katalon.core.main.ScriptEngine.runScriptAsRawText(ScriptEngine.java:119)
	at com.kms.katalon.core.main.TestCaseExecutor.runScript(TestCaseExecutor.java:448)
	at com.kms.katalon.core.main.TestCaseExecutor.doExecute(TestCaseExecutor.java:439)
	at com.kms.katalon.core.main.TestCaseExecutor.processExecutionPhase(TestCaseExecutor.java:418)
	at com.kms.katalon.core.main.TestCaseExecutor.accessMainPhase(TestCaseExecutor.java:410)
	at com.kms.katalon.core.main.TestCaseExecutor.execute(TestCaseExecutor.java:285)
	at com.kms.katalon.core.common.CommonExecutor.accessTestCaseMainPhase(CommonExecutor.java:65)
	at com.kms.katalon.core.main.TestSuiteExecutor.accessTestSuiteMainPhase(TestSuiteExecutor.java:148)
	at com.kms.katalon.core.main.TestSuiteExecutor.execute(TestSuiteExecutor.java:106)
	at com.kms.katalon.core.main.TestCaseMain.startTestSuite(TestCaseMain.java:187)
	at com.kms.katalon.core.main.TestCaseMain$startTestSuite$0.call(Unknown Source)
	at TempTestSuite1696306504857.run(TempTestSuite1696306504857.groovy:36)
)

2023-10-03 11:19:33 - [MESSAGE][FAILED] - Unable to verify text 'Dell' is present  (Root cause: com.kms.katalon.core.exception.StepFailedException: Unable to verify text 'Dell' is present 
	at com.kms.katalon.core.webui.keyword.internal.WebUIKeywordMain.stepFailed(WebUIKeywordMain.groovy:64)
	at com.kms.katalon.core.webui.keyword.internal.WebUIKeywordMain.runKeyword(WebUIKeywordMain.groovy:26)
	at com.kms.katalon.core.webui.keyword.builtin.VerifyTextPresentKeyword.verifyTextPresent(VerifyTextPresentKeyword.groovy:83)
	at com.kms.katalon.core.webui.keyword.builtin.VerifyTextPresentKeyword.execute(VerifyTextPresentKeyword.groovy:68)
	at com.kms.katalon.core.keyword.internal.KeywordExecutor.executeKeywordForPlatform(KeywordExecutor.groovy:74)
	at com.kms.katalon.core.webui.keyword.WebUiBuiltInKeywords.verifyTextPresent(WebUiBuiltInKeywords.groovy:1723)
	at com.kms.katalon.core.webui.keyword.WebUiBuiltInKeywords$verifyTextPresent$10.call(Unknown Source)
	at TC-SPN-004.run(TC-SPN-004:26)
	at com.kms.katalon.core.main.ScriptEngine.run(ScriptEngine.java:194)
	at com.kms.katalon.core.main.ScriptEngine.runScriptAsRawText(ScriptEngine.java:119)
	at com.kms.katalon.core.main.TestCaseExecutor.runScript(TestCaseExecutor.java:448)
	at com.kms.katalon.core.main.TestCaseExecutor.doExecute(TestCaseExecutor.java:439)
	at com.kms.katalon.core.main.TestCaseExecutor.processExecutionPhase(TestCaseExecutor.java:418)
	at com.kms.katalon.core.main.TestCaseExecutor.accessMainPhase(TestCaseExecutor.java:410)
	at com.kms.katalon.core.main.TestCaseExecutor.execute(TestCaseExecutor.java:285)
	at com.kms.katalon.core.common.CommonExecutor.accessTestCaseMainPhase(CommonExecutor.java:65)
	at com.kms.katalon.core.main.TestSuiteExecutor.accessTestSuiteMainPhase(TestSuiteExecutor.java:148)
	at com.kms.katalon.core.main.TestSuiteExecutor.execute(TestSuiteExecutor.java:106)
	at com.kms.katalon.core.main.TestCaseMain.startTestSuite(TestCaseMain.java:187)
	at com.kms.katalon.core.main.TestCaseMain$startTestSuite$0.call(Unknown Source)
	at TempTestSuite1696306504857.run(TempTestSuite1696306504857.groovy:36)
Caused by: com.kms.katalon.core.exception.StepFailedException: Text 'Dell' is not present on page 
	at com.kms.katalon.core.webui.keyword.internal.WebUIKeywordMain.stepFailed(WebUIKeywordMain.groovy:64)
	at com.kms.katalon.core.webui.keyword.builtin.VerifyTextPresentKeyword$_verifyTextPresent_closure1.doCall(VerifyTextPresentKeyword.groovy:79)
	at com.kms.katalon.core.webui.keyword.builtin.VerifyTextPresentKeyword$_verifyTextPresent_closure1.call(VerifyTextPresentKeyword.groovy)
	at com.kms.katalon.core.webui.keyword.internal.WebUIKeywordMain.runKeyword(WebUIKeywordMain.groovy:20)
	... 19 more
)
[[ATTACHMENT|G:\\Project Xsis\\batch-324-qa\\Riswan\\Tajalapak_com\\Reports\\20231003_111504\\TS-Search Product\\20231003_111504\\1696306773059.png]]]]></system-out>
         <system-err><![CDATA[2023-10-03 11:19:24 - [TEST_CASE][FAILED] - Test Cases/Search Product/TC-SPN-004: Test Cases/Search Product/TC-SPN-004 FAILED.
Reason:
com.kms.katalon.core.exception.StepFailedException: Unable to verify text 'Dell' is present 
	at com.kms.katalon.core.webui.keyword.internal.WebUIKeywordMain.stepFailed(WebUIKeywordMain.groovy:64)
	at com.kms.katalon.core.webui.keyword.internal.WebUIKeywordMain.runKeyword(WebUIKeywordMain.groovy:26)
	at com.kms.katalon.core.webui.keyword.builtin.VerifyTextPresentKeyword.verifyTextPresent(VerifyTextPresentKeyword.groovy:83)
	at com.kms.katalon.core.webui.keyword.builtin.VerifyTextPresentKeyword.execute(VerifyTextPresentKeyword.groovy:68)
	at com.kms.katalon.core.keyword.internal.KeywordExecutor.executeKeywordForPlatform(KeywordExecutor.groovy:74)
	at com.kms.katalon.core.webui.keyword.WebUiBuiltInKeywords.verifyTextPresent(WebUiBuiltInKeywords.groovy:1723)
	at com.kms.katalon.core.webui.keyword.WebUiBuiltInKeywords$verifyTextPresent$10.call(Unknown Source)
	at TC-SPN-004.run(TC-SPN-004:26)
	at com.kms.katalon.core.main.ScriptEngine.run(ScriptEngine.java:194)
	at com.kms.katalon.core.main.ScriptEngine.runScriptAsRawText(ScriptEngine.java:119)
	at com.kms.katalon.core.main.TestCaseExecutor.runScript(TestCaseExecutor.java:448)
	at com.kms.katalon.core.main.TestCaseExecutor.doExecute(TestCaseExecutor.java:439)
	at com.kms.katalon.core.main.TestCaseExecutor.processExecutionPhase(TestCaseExecutor.java:418)
	at com.kms.katalon.core.main.TestCaseExecutor.accessMainPhase(TestCaseExecutor.java:410)
	at com.kms.katalon.core.main.TestCaseExecutor.execute(TestCaseExecutor.java:285)
	at com.kms.katalon.core.common.CommonExecutor.accessTestCaseMainPhase(CommonExecutor.java:65)
	at com.kms.katalon.core.main.TestSuiteExecutor.accessTestSuiteMainPhase(TestSuiteExecutor.java:148)
	at com.kms.katalon.core.main.TestSuiteExecutor.execute(TestSuiteExecutor.java:106)
	at com.kms.katalon.core.main.TestCaseMain.startTestSuite(TestCaseMain.java:187)
	at com.kms.katalon.core.main.TestCaseMain$startTestSuite$0.call(Unknown Source)
	at TempTestSuite1696306504857.run(TempTestSuite1696306504857.groovy:36)
Caused by: com.kms.katalon.core.exception.StepFailedException: Text 'Dell' is not present on page 
	at com.kms.katalon.core.webui.keyword.internal.WebUIKeywordMain.stepFailed(WebUIKeywordMain.groovy:64)
	at com.kms.katalon.core.webui.keyword.builtin.VerifyTextPresentKeyword$_verifyTextPresent_closure1.doCall(VerifyTextPresentKeyword.groovy:79)
	at com.kms.katalon.core.webui.keyword.builtin.VerifyTextPresentKeyword$_verifyTextPresent_closure1.call(VerifyTextPresentKeyword.groovy)
	at com.kms.katalon.core.webui.keyword.internal.WebUIKeywordMain.runKeyword(WebUIKeywordMain.groovy:20)
	... 19 more]]></system-err>
      </testcase>
      <testcase name="Test Cases/Search Product/TC-SPN-005" time="10.454" classname="Test Cases/Search Product/TC-SPN-005" status="PASSED">
         <system-out><![CDATA[2023-10-03 11:19:33 - [TEST_CASE][PASSED] - Test Cases/Search Product/TC-SPN-005: Test Cases/Search Product/TC-SPN-005

2023-10-03 11:19:33 - [TEST_STEP][PASSED] - openBrowser("https://10.9.2.63/ecommerce/"): Browser is opened with url: 'https://10.9.2.63/ecommerce/'

2023-10-03 11:19:33 - [MESSAGE][WARNING] - A browser is already opened. Closing browser and opening a new one

2023-10-03 11:19:34 - [MESSAGE][INFO] - Starting 'Edge Chromium' driver

2023-10-03 11:19:34 - [MESSAGE][INFO] - User set preference: ['acceptInsecureCerts', 'true']

2023-10-03 11:19:36 - [MESSAGE][INFO] - Action delay is set to 0 milliseconds

2023-10-03 11:19:40 - [MESSAGE][PASSED] - Browser is opened with url: 'https://10.9.2.63/ecommerce/'

2023-10-03 11:19:40 - [TEST_STEP][PASSED] - maximizeWindow(): Current window maximized

2023-10-03 11:19:40 - [MESSAGE][PASSED] - Current window maximized

2023-10-03 11:19:40 - [TEST_STEP][PASSED] - setText(findTestObject("Search Product/Input Product"), "Dell Dell Dell"): Text 'Dell Dell Dell' is set on object 'Object Repository/Search Product/Input Product'

2023-10-03 11:19:41 - [MESSAGE][PASSED] - Text 'Dell Dell Dell' is set on object 'Object Repository/Search Product/Input Product'

2023-10-03 11:19:41 - [TEST_STEP][PASSED] - click(findTestObject("Search Product/button_Cari Product")): Object: 'Object Repository/Search Product/button_Cari Product' is clicked on

2023-10-03 11:19:42 - [MESSAGE][PASSED] - Object: 'Object Repository/Search Product/button_Cari Product' is clicked on

2023-10-03 11:19:42 - [TEST_STEP][PASSED] - verifyTextPresent("DELL", false): Text 'DELL' is present on page 

2023-10-03 11:19:43 - [MESSAGE][PASSED] - Text 'DELL' is present on page]]></system-out>
         <system-err><![CDATA[]]></system-err>
      </testcase>
      <testcase name="Test Cases/Search Product/TC-SPN-006" time="43.976" classname="Test Cases/Search Product/TC-SPN-006" status="FAILED">
         <failure type="FAILED" message="Test Cases/Search Product/TC-SPN-006 FAILED.
Reason:
com.kms.katalon.core.exception.StepFailedException: Unable to verify object 'Object Repository/Search Product/Produk Tidak Ditemukan' is not present
	at com.kms.katalon.core.webui.keyword.internal.WebUIKeywordMain.stepFailed(WebUIKeywordMain.groovy:64)
	at com.kms.katalon.core.webui.keyword.internal.WebUIKeywordMain.runKeyword(WebUIKeywordMain.groovy:26)
	at com.kms.katalon.core.webui.keyword.internal.WebUIKeywordMain$runKeyword.call(Unknown Source)
	at com.kms.katalon.core.webui.keyword.builtin.VerifyElementNotPresentKeyword.verifyElementNotPresent(VerifyElementNotPresentKeyword.groovy:122)
	at com.kms.katalon.core.webui.keyword.builtin.VerifyElementNotPresentKeyword.execute(VerifyElementNotPresentKeyword.groovy:68)
	at com.kms.katalon.core.keyword.internal.KeywordExecutor.executeKeywordForPlatform(KeywordExecutor.groovy:74)
	at com.kms.katalon.core.webui.keyword.WebUiBuiltInKeywords.verifyElementNotPresent(WebUiBuiltInKeywords.groovy:1497)
	at com.kms.katalon.core.webui.keyword.WebUiBuiltInKeywords$verifyElementNotPresent$11.call(Unknown Source)
	at TC-SPN-006.run(TC-SPN-006:27)
	at com.kms.katalon.core.main.ScriptEngine.run(ScriptEngine.java:194)
	at com.kms.katalon.core.main.ScriptEngine.runScriptAsRawText(ScriptEngine.java:119)
	at com.kms.katalon.core.main.TestCaseExecutor.runScript(TestCaseExecutor.java:448)
	at com.kms.katalon.core.main.TestCaseExecutor.doExecute(TestCaseExecutor.java:439)
	at com.kms.katalon.core.main.TestCaseExecutor.processExecutionPhase(TestCaseExecutor.java:418)
	at com.kms.katalon.core.main.TestCaseExecutor.accessMainPhase(TestCaseExecutor.java:410)
	at com.kms.katalon.core.main.TestCaseExecutor.execute(TestCaseExecutor.java:285)
	at com.kms.katalon.core.common.CommonExecutor.accessTestCaseMainPhase(CommonExecutor.java:65)
	at com.kms.katalon.core.main.TestSuiteExecutor.accessTestSuiteMainPhase(TestSuiteExecutor.java:148)
	at com.kms.katalon.core.main.TestSuiteExecutor.execute(TestSuiteExecutor.java:106)
	at com.kms.katalon.core.main.TestCaseMain.startTestSuite(TestCaseMain.java:187)
	at com.kms.katalon.core.main.TestCaseMain$startTestSuite$0.call(Unknown Source)
	at TempTestSuite1696306504857.run(TempTestSuite1696306504857.groovy:36)
Caused by: com.kms.katalon.core.exception.StepFailedException: Web element with id: 'Object Repository/Search Product/Produk Tidak Ditemukan' located by 'By.xpath: //div[@id='tab-1']/div/center/img' is present after '30' second(s)
	at com.kms.katalon.core.webui.keyword.internal.WebUIKeywordMain.stepFailed(WebUIKeywordMain.groovy:64)
	at com.kms.katalon.core.webui.keyword.internal.WebUIKeywordMain$stepFailed$0.call(Unknown Source)
	at com.kms.katalon.core.webui.keyword.builtin.VerifyElementNotPresentKeyword$_verifyElementNotPresent_closure1.doCall(VerifyElementNotPresentKeyword.groovy:113)
	at com.kms.katalon.core.webui.keyword.builtin.VerifyElementNotPresentKeyword$_verifyElementNotPresent_closure1.doCall(VerifyElementNotPresentKeyword.groovy)
	at com.kms.katalon.core.webui.keyword.internal.WebUIKeywordMain.runKeyword(WebUIKeywordMain.groovy:20)
	... 20 more
"/>
         <system-out><![CDATA[2023-10-03 11:19:43 - [TEST_CASE][FAILED] - Test Cases/Search Product/TC-SPN-006: Test Cases/Search Product/TC-SPN-006 FAILED.
Reason:
com.kms.katalon.core.exception.StepFailedException: Unable to verify object 'Object Repository/Search Product/Produk Tidak Ditemukan' is not present
	at com.kms.katalon.core.webui.keyword.internal.WebUIKeywordMain.stepFailed(WebUIKeywordMain.groovy:64)
	at com.kms.katalon.core.webui.keyword.internal.WebUIKeywordMain.runKeyword(WebUIKeywordMain.groovy:26)
	at com.kms.katalon.core.webui.keyword.internal.WebUIKeywordMain$runKeyword.call(Unknown Source)
	at com.kms.katalon.core.webui.keyword.builtin.VerifyElementNotPresentKeyword.verifyElementNotPresent(VerifyElementNotPresentKeyword.groovy:122)
	at com.kms.katalon.core.webui.keyword.builtin.VerifyElementNotPresentKeyword.execute(VerifyElementNotPresentKeyword.groovy:68)
	at com.kms.katalon.core.keyword.internal.KeywordExecutor.executeKeywordForPlatform(KeywordExecutor.groovy:74)
	at com.kms.katalon.core.webui.keyword.WebUiBuiltInKeywords.verifyElementNotPresent(WebUiBuiltInKeywords.groovy:1497)
	at com.kms.katalon.core.webui.keyword.WebUiBuiltInKeywords$verifyElementNotPresent$11.call(Unknown Source)
	at TC-SPN-006.run(TC-SPN-006:27)
	at com.kms.katalon.core.main.ScriptEngine.run(ScriptEngine.java:194)
	at com.kms.katalon.core.main.ScriptEngine.runScriptAsRawText(ScriptEngine.java:119)
	at com.kms.katalon.core.main.TestCaseExecutor.runScript(TestCaseExecutor.java:448)
	at com.kms.katalon.core.main.TestCaseExecutor.doExecute(TestCaseExecutor.java:439)
	at com.kms.katalon.core.main.TestCaseExecutor.processExecutionPhase(TestCaseExecutor.java:418)
	at com.kms.katalon.core.main.TestCaseExecutor.accessMainPhase(TestCaseExecutor.java:410)
	at com.kms.katalon.core.main.TestCaseExecutor.execute(TestCaseExecutor.java:285)
	at com.kms.katalon.core.common.CommonExecutor.accessTestCaseMainPhase(CommonExecutor.java:65)
	at com.kms.katalon.core.main.TestSuiteExecutor.accessTestSuiteMainPhase(TestSuiteExecutor.java:148)
	at com.kms.katalon.core.main.TestSuiteExecutor.execute(TestSuiteExecutor.java:106)
	at com.kms.katalon.core.main.TestCaseMain.startTestSuite(TestCaseMain.java:187)
	at com.kms.katalon.core.main.TestCaseMain$startTestSuite$0.call(Unknown Source)
	at TempTestSuite1696306504857.run(TempTestSuite1696306504857.groovy:36)
Caused by: com.kms.katalon.core.exception.StepFailedException: Web element with id: 'Object Repository/Search Product/Produk Tidak Ditemukan' located by 'By.xpath: //div[@id='tab-1']/div/center/img' is present after '30' second(s)
	at com.kms.katalon.core.webui.keyword.internal.WebUIKeywordMain.stepFailed(WebUIKeywordMain.groovy:64)
	at com.kms.katalon.core.webui.keyword.internal.WebUIKeywordMain$stepFailed$0.call(Unknown Source)
	at com.kms.katalon.core.webui.keyword.builtin.VerifyElementNotPresentKeyword$_verifyElementNotPresent_closure1.doCall(VerifyElementNotPresentKeyword.groovy:113)
	at com.kms.katalon.core.webui.keyword.builtin.VerifyElementNotPresentKeyword$_verifyElementNotPresent_closure1.doCall(VerifyElementNotPresentKeyword.groovy)
	at com.kms.katalon.core.webui.keyword.internal.WebUIKeywordMain.runKeyword(WebUIKeywordMain.groovy:20)
	... 20 more


2023-10-03 11:19:44 - [TEST_STEP][PASSED] - callTestCase(findTestCase("Search Product/TC-SP-002"), ["merk":"a"], STOP_ON_FAILURE): Call Test Case 'Test Cases/Search Product/TC-SP-002' successfully

2023-10-03 11:19:44 - [TEST_CASE][PASSED] - Test Cases/Search Product/TC-SP-002: Test Cases/Search Product/TC-SP-002

2023-10-03 11:19:44 - [TEST_STEP][PASSED] - openBrowser("https://10.9.2.63/ecommerce/"): Browser is opened with url: 'https://10.9.2.63/ecommerce/'

2023-10-03 11:19:44 - [MESSAGE][WARNING] - A browser is already opened. Closing browser and opening a new one

2023-10-03 11:19:44 - [MESSAGE][INFO] - Starting 'Edge Chromium' driver

2023-10-03 11:19:44 - [MESSAGE][INFO] - User set preference: ['acceptInsecureCerts', 'true']

2023-10-03 11:19:47 - [MESSAGE][INFO] - Action delay is set to 0 milliseconds

2023-10-03 11:19:50 - [MESSAGE][PASSED] - Browser is opened with url: 'https://10.9.2.63/ecommerce/'

2023-10-03 11:19:50 - [TEST_STEP][PASSED] - maximizeWindow(): Current window maximized

2023-10-03 11:19:51 - [MESSAGE][PASSED] - Current window maximized

2023-10-03 11:19:51 - [TEST_STEP][PASSED] - verifyElementPresent(findTestObject("Search Product/Verify Page Tajalapak"), 0): Object 'Object Repository/Search Product/Verify Page Tajalapak' is present

2023-10-03 11:19:51 - [MESSAGE][WARNING] - Timeout '0' is invalid. Using default page load timeout: '30'

2023-10-03 11:19:51 - [MESSAGE][PASSED] - Object 'Object Repository/Search Product/Verify Page Tajalapak' is present

2023-10-03 11:19:51 - [TEST_STEP][PASSED] - setText(findTestObject("Search Product/Input Product"), merk): Text 'a' is set on object 'Object Repository/Search Product/Input Product'

2023-10-03 11:19:52 - [MESSAGE][PASSED] - Text 'a' is set on object 'Object Repository/Search Product/Input Product'

2023-10-03 11:19:52 - [TEST_STEP][PASSED] - click(findTestObject("Search Product/button_Cari Product")): Object: 'Object Repository/Search Product/button_Cari Product' is clicked on

2023-10-03 11:19:53 - [MESSAGE][PASSED] - Object: 'Object Repository/Search Product/button_Cari Product' is clicked on

2023-10-03 11:19:53 - [TEST_STEP][PASSED] - dataList = findWebElements(findTestObject("Object Repository/Search Product/Semua nama Produk"), 10): null

2023-10-03 11:19:54 - [TEST_STEP][PASSED] - arrProdukName = []: null

2023-10-03 11:19:54 - [TEST_STEP][PASSED] - for ([i = 0, i < dataList.size(), (i++)]): null

2023-10-03 11:19:54 - [TEST_STEP][PASSED] - text = text: null

2023-10-03 11:19:54 - [TEST_STEP][PASSED] - arrProdukName[i] = text.toLowerCase(): null

2023-10-03 11:19:54 - [TEST_STEP][PASSED] - text = text: null

2023-10-03 11:19:54 - [TEST_STEP][PASSED] - arrProdukName[i] = text.toLowerCase(): null

2023-10-03 11:19:54 - [TEST_STEP][PASSED] - text = text: null

2023-10-03 11:19:54 - [TEST_STEP][PASSED] - arrProdukName[i] = text.toLowerCase(): null

2023-10-03 11:19:54 - [TEST_STEP][PASSED] - text = text: null

2023-10-03 11:19:54 - [TEST_STEP][PASSED] - arrProdukName[i] = text.toLowerCase(): null

2023-10-03 11:19:54 - [TEST_STEP][PASSED] - text = text: null

2023-10-03 11:19:54 - [TEST_STEP][PASSED] - arrProdukName[i] = text.toLowerCase(): null

2023-10-03 11:19:54 - [TEST_STEP][PASSED] - text = text: null

2023-10-03 11:19:54 - [TEST_STEP][PASSED] - arrProdukName[i] = text.toLowerCase(): null

2023-10-03 11:19:54 - [TEST_STEP][PASSED] - text = text: null

2023-10-03 11:19:54 - [TEST_STEP][PASSED] - arrProdukName[i] = text.toLowerCase(): null

2023-10-03 11:19:54 - [TEST_STEP][PASSED] - text = text: null

2023-10-03 11:19:54 - [TEST_STEP][PASSED] - arrProdukName[i] = text.toLowerCase(): null

2023-10-03 11:19:54 - [TEST_STEP][PASSED] - text = text: null

2023-10-03 11:19:54 - [TEST_STEP][PASSED] - arrProdukName[i] = text.toLowerCase(): null

2023-10-03 11:19:54 - [TEST_STEP][PASSED] - text = text: null

2023-10-03 11:19:54 - [TEST_STEP][PASSED] - arrProdukName[i] = text.toLowerCase(): null

2023-10-03 11:19:54 - [TEST_STEP][PASSED] - text = text: null

2023-10-03 11:19:54 - [TEST_STEP][PASSED] - arrProdukName[i] = text.toLowerCase(): null

2023-10-03 11:19:54 - [TEST_STEP][PASSED] - text = text: null

2023-10-03 11:19:54 - [TEST_STEP][PASSED] - arrProdukName[i] = text.toLowerCase(): null

2023-10-03 11:19:54 - [TEST_STEP][PASSED] - print(arrProdukName): null

2023-10-03 11:19:54 - [TEST_STEP][PASSED] - for ([i = 0, i < dataList.size(), (i++)]): null

2023-10-03 11:19:54 - [TEST_STEP][PASSED] - assert arrProdukName[i].contains(merk): null

2023-10-03 11:19:54 - [TEST_STEP][PASSED] - assert arrProdukName[i].contains(merk): null

2023-10-03 11:19:54 - [TEST_STEP][PASSED] - assert arrProdukName[i].contains(merk): null

2023-10-03 11:19:54 - [TEST_STEP][PASSED] - assert arrProdukName[i].contains(merk): null

2023-10-03 11:19:54 - [TEST_STEP][PASSED] - assert arrProdukName[i].contains(merk): null

2023-10-03 11:19:54 - [TEST_STEP][PASSED] - assert arrProdukName[i].contains(merk): null

2023-10-03 11:19:54 - [TEST_STEP][PASSED] - assert arrProdukName[i].contains(merk): null

2023-10-03 11:19:54 - [TEST_STEP][PASSED] - assert arrProdukName[i].contains(merk): null

2023-10-03 11:19:54 - [TEST_STEP][PASSED] - assert arrProdukName[i].contains(merk): null

2023-10-03 11:19:54 - [TEST_STEP][PASSED] - assert arrProdukName[i].contains(merk): null

2023-10-03 11:19:54 - [TEST_STEP][PASSED] - assert arrProdukName[i].contains(merk): null

2023-10-03 11:19:54 - [TEST_STEP][PASSED] - assert arrProdukName[i].contains(merk): null

2023-10-03 11:19:54 - [MESSAGE][PASSED] - Call Test Case 'Test Cases/Search Product/TC-SP-002' successfully

2023-10-03 11:19:54 - [TEST_STEP][PASSED] - setText(findTestObject("Search Product/input_Filter Produk_dari"), min): Text '5000' is set on object 'Object Repository/Search Product/input_Filter Produk_dari'

2023-10-03 11:19:55 - [MESSAGE][PASSED] - Text '5000' is set on object 'Object Repository/Search Product/input_Filter Produk_dari'

2023-10-03 11:19:55 - [TEST_STEP][PASSED] - click(findTestObject("Search Product/button_Tampilkan product dari sampai")): Object: 'Object Repository/Search Product/button_Tampilkan product dari sampai' is clicked on

2023-10-03 11:19:56 - [MESSAGE][PASSED] - Object: 'Object Repository/Search Product/button_Tampilkan product dari sampai' is clicked on

2023-10-03 11:19:56 - [TEST_STEP][FAILED] - verifyElementNotPresent(findTestObject("Search Product/Produk Tidak Ditemukan"), 0): Unable to verify object 'Object Repository/Search Product/Produk Tidak Ditemukan' is not present (Root cause: com.kms.katalon.core.exception.StepFailedException: Unable to verify object 'Object Repository/Search Product/Produk Tidak Ditemukan' is not present
	at com.kms.katalon.core.webui.keyword.internal.WebUIKeywordMain.stepFailed(WebUIKeywordMain.groovy:64)
	at com.kms.katalon.core.webui.keyword.internal.WebUIKeywordMain.runKeyword(WebUIKeywordMain.groovy:26)
	at com.kms.katalon.core.webui.keyword.internal.WebUIKeywordMain$runKeyword.call(Unknown Source)
	at com.kms.katalon.core.webui.keyword.builtin.VerifyElementNotPresentKeyword.verifyElementNotPresent(VerifyElementNotPresentKeyword.groovy:122)
	at com.kms.katalon.core.webui.keyword.builtin.VerifyElementNotPresentKeyword.execute(VerifyElementNotPresentKeyword.groovy:68)
	at com.kms.katalon.core.keyword.internal.KeywordExecutor.executeKeywordForPlatform(KeywordExecutor.groovy:74)
	at com.kms.katalon.core.webui.keyword.WebUiBuiltInKeywords.verifyElementNotPresent(WebUiBuiltInKeywords.groovy:1497)
	at com.kms.katalon.core.webui.keyword.WebUiBuiltInKeywords$verifyElementNotPresent$11.call(Unknown Source)
	at TC-SPN-006.run(TC-SPN-006:27)
	at com.kms.katalon.core.main.ScriptEngine.run(ScriptEngine.java:194)
	at com.kms.katalon.core.main.ScriptEngine.runScriptAsRawText(ScriptEngine.java:119)
	at com.kms.katalon.core.main.TestCaseExecutor.runScript(TestCaseExecutor.java:448)
	at com.kms.katalon.core.main.TestCaseExecutor.doExecute(TestCaseExecutor.java:439)
	at com.kms.katalon.core.main.TestCaseExecutor.processExecutionPhase(TestCaseExecutor.java:418)
	at com.kms.katalon.core.main.TestCaseExecutor.accessMainPhase(TestCaseExecutor.java:410)
	at com.kms.katalon.core.main.TestCaseExecutor.execute(TestCaseExecutor.java:285)
	at com.kms.katalon.core.common.CommonExecutor.accessTestCaseMainPhase(CommonExecutor.java:65)
	at com.kms.katalon.core.main.TestSuiteExecutor.accessTestSuiteMainPhase(TestSuiteExecutor.java:148)
	at com.kms.katalon.core.main.TestSuiteExecutor.execute(TestSuiteExecutor.java:106)
	at com.kms.katalon.core.main.TestCaseMain.startTestSuite(TestCaseMain.java:187)
	at com.kms.katalon.core.main.TestCaseMain$startTestSuite$0.call(Unknown Source)
	at TempTestSuite1696306504857.run(TempTestSuite1696306504857.groovy:36)
Caused by: com.kms.katalon.core.exception.StepFailedException: Web element with id: 'Object Repository/Search Product/Produk Tidak Ditemukan' located by 'By.xpath: //div[@id='tab-1']/div/center/img' is present after '30' second(s)
	at com.kms.katalon.core.webui.keyword.internal.WebUIKeywordMain.stepFailed(WebUIKeywordMain.groovy:64)
	at com.kms.katalon.core.webui.keyword.internal.WebUIKeywordMain$stepFailed$0.call(Unknown Source)
	at com.kms.katalon.core.webui.keyword.builtin.VerifyElementNotPresentKeyword$_verifyElementNotPresent_closure1.doCall(VerifyElementNotPresentKeyword.groovy:113)
	at com.kms.katalon.core.webui.keyword.builtin.VerifyElementNotPresentKeyword$_verifyElementNotPresent_closure1.doCall(VerifyElementNotPresentKeyword.groovy)
	at com.kms.katalon.core.webui.keyword.internal.WebUIKeywordMain.runKeyword(WebUIKeywordMain.groovy:20)
	... 20 more
)

2023-10-03 11:19:56 - [MESSAGE][WARNING] - Timeout '0' is invalid. Using default page load timeout: '30'

2023-10-03 11:20:27 - [MESSAGE][FAILED] - Web element with id: 'Object Repository/Search Product/Produk Tidak Ditemukan' located by 'By.xpath: //div[@id='tab-1']/div/center/img' is present after '30' second(s) (Root cause: com.kms.katalon.core.exception.StepFailedException: Web element with id: 'Object Repository/Search Product/Produk Tidak Ditemukan' located by 'By.xpath: //div[@id='tab-1']/div/center/img' is present after '30' second(s)
	at com.kms.katalon.core.webui.keyword.internal.WebUIKeywordMain.stepFailed(WebUIKeywordMain.groovy:64)
	at com.kms.katalon.core.webui.keyword.internal.WebUIKeywordMain$stepFailed$0.call(Unknown Source)
	at com.kms.katalon.core.webui.keyword.builtin.VerifyElementNotPresentKeyword$_verifyElementNotPresent_closure1.doCall(VerifyElementNotPresentKeyword.groovy:113)
	at com.kms.katalon.core.webui.keyword.builtin.VerifyElementNotPresentKeyword$_verifyElementNotPresent_closure1.doCall(VerifyElementNotPresentKeyword.groovy)
	at com.kms.katalon.core.webui.keyword.internal.WebUIKeywordMain.runKeyword(WebUIKeywordMain.groovy:20)
	at com.kms.katalon.core.webui.keyword.internal.WebUIKeywordMain$runKeyword.call(Unknown Source)
	at com.kms.katalon.core.webui.keyword.builtin.VerifyElementNotPresentKeyword.verifyElementNotPresent(VerifyElementNotPresentKeyword.groovy:122)
	at com.kms.katalon.core.webui.keyword.builtin.VerifyElementNotPresentKeyword.execute(VerifyElementNotPresentKeyword.groovy:68)
	at com.kms.katalon.core.keyword.internal.KeywordExecutor.executeKeywordForPlatform(KeywordExecutor.groovy:74)
	at com.kms.katalon.core.webui.keyword.WebUiBuiltInKeywords.verifyElementNotPresent(WebUiBuiltInKeywords.groovy:1497)
	at com.kms.katalon.core.webui.keyword.WebUiBuiltInKeywords$verifyElementNotPresent$11.call(Unknown Source)
	at TC-SPN-006.run(TC-SPN-006:27)
	at com.kms.katalon.core.main.ScriptEngine.run(ScriptEngine.java:194)
	at com.kms.katalon.core.main.ScriptEngine.runScriptAsRawText(ScriptEngine.java:119)
	at com.kms.katalon.core.main.TestCaseExecutor.runScript(TestCaseExecutor.java:448)
	at com.kms.katalon.core.main.TestCaseExecutor.doExecute(TestCaseExecutor.java:439)
	at com.kms.katalon.core.main.TestCaseExecutor.processExecutionPhase(TestCaseExecutor.java:418)
	at com.kms.katalon.core.main.TestCaseExecutor.accessMainPhase(TestCaseExecutor.java:410)
	at com.kms.katalon.core.main.TestCaseExecutor.execute(TestCaseExecutor.java:285)
	at com.kms.katalon.core.common.CommonExecutor.accessTestCaseMainPhase(CommonExecutor.java:65)
	at com.kms.katalon.core.main.TestSuiteExecutor.accessTestSuiteMainPhase(TestSuiteExecutor.java:148)
	at com.kms.katalon.core.main.TestSuiteExecutor.execute(TestSuiteExecutor.java:106)
	at com.kms.katalon.core.main.TestCaseMain.startTestSuite(TestCaseMain.java:187)
	at com.kms.katalon.core.main.TestCaseMain$startTestSuite$0.call(Unknown Source)
	at TempTestSuite1696306504857.run(TempTestSuite1696306504857.groovy:36)
)
[[ATTACHMENT|G:\\Project Xsis\\batch-324-qa\\Riswan\\Tajalapak_com\\Reports\\20231003_111504\\TS-Search Product\\20231003_111504\\1696306827576.png]]

2023-10-03 11:20:27 - [MESSAGE][FAILED] - Unable to verify object 'Object Repository/Search Product/Produk Tidak Ditemukan' is not present (Root cause: com.kms.katalon.core.exception.StepFailedException: Unable to verify object 'Object Repository/Search Product/Produk Tidak Ditemukan' is not present
	at com.kms.katalon.core.webui.keyword.internal.WebUIKeywordMain.stepFailed(WebUIKeywordMain.groovy:64)
	at com.kms.katalon.core.webui.keyword.internal.WebUIKeywordMain.runKeyword(WebUIKeywordMain.groovy:26)
	at com.kms.katalon.core.webui.keyword.internal.WebUIKeywordMain$runKeyword.call(Unknown Source)
	at com.kms.katalon.core.webui.keyword.builtin.VerifyElementNotPresentKeyword.verifyElementNotPresent(VerifyElementNotPresentKeyword.groovy:122)
	at com.kms.katalon.core.webui.keyword.builtin.VerifyElementNotPresentKeyword.execute(VerifyElementNotPresentKeyword.groovy:68)
	at com.kms.katalon.core.keyword.internal.KeywordExecutor.executeKeywordForPlatform(KeywordExecutor.groovy:74)
	at com.kms.katalon.core.webui.keyword.WebUiBuiltInKeywords.verifyElementNotPresent(WebUiBuiltInKeywords.groovy:1497)
	at com.kms.katalon.core.webui.keyword.WebUiBuiltInKeywords$verifyElementNotPresent$11.call(Unknown Source)
	at TC-SPN-006.run(TC-SPN-006:27)
	at com.kms.katalon.core.main.ScriptEngine.run(ScriptEngine.java:194)
	at com.kms.katalon.core.main.ScriptEngine.runScriptAsRawText(ScriptEngine.java:119)
	at com.kms.katalon.core.main.TestCaseExecutor.runScript(TestCaseExecutor.java:448)
	at com.kms.katalon.core.main.TestCaseExecutor.doExecute(TestCaseExecutor.java:439)
	at com.kms.katalon.core.main.TestCaseExecutor.processExecutionPhase(TestCaseExecutor.java:418)
	at com.kms.katalon.core.main.TestCaseExecutor.accessMainPhase(TestCaseExecutor.java:410)
	at com.kms.katalon.core.main.TestCaseExecutor.execute(TestCaseExecutor.java:285)
	at com.kms.katalon.core.common.CommonExecutor.accessTestCaseMainPhase(CommonExecutor.java:65)
	at com.kms.katalon.core.main.TestSuiteExecutor.accessTestSuiteMainPhase(TestSuiteExecutor.java:148)
	at com.kms.katalon.core.main.TestSuiteExecutor.execute(TestSuiteExecutor.java:106)
	at com.kms.katalon.core.main.TestCaseMain.startTestSuite(TestCaseMain.java:187)
	at com.kms.katalon.core.main.TestCaseMain$startTestSuite$0.call(Unknown Source)
	at TempTestSuite1696306504857.run(TempTestSuite1696306504857.groovy:36)
Caused by: com.kms.katalon.core.exception.StepFailedException: Web element with id: 'Object Repository/Search Product/Produk Tidak Ditemukan' located by 'By.xpath: //div[@id='tab-1']/div/center/img' is present after '30' second(s)
	at com.kms.katalon.core.webui.keyword.internal.WebUIKeywordMain.stepFailed(WebUIKeywordMain.groovy:64)
	at com.kms.katalon.core.webui.keyword.internal.WebUIKeywordMain$stepFailed$0.call(Unknown Source)
	at com.kms.katalon.core.webui.keyword.builtin.VerifyElementNotPresentKeyword$_verifyElementNotPresent_closure1.doCall(VerifyElementNotPresentKeyword.groovy:113)
	at com.kms.katalon.core.webui.keyword.builtin.VerifyElementNotPresentKeyword$_verifyElementNotPresent_closure1.doCall(VerifyElementNotPresentKeyword.groovy)
	at com.kms.katalon.core.webui.keyword.internal.WebUIKeywordMain.runKeyword(WebUIKeywordMain.groovy:20)
	... 20 more
)
[[ATTACHMENT|G:\\Project Xsis\\batch-324-qa\\Riswan\\Tajalapak_com\\Reports\\20231003_111504\\TS-Search Product\\20231003_111504\\1696306827688.png]]]]></system-out>
         <system-err><![CDATA[2023-10-03 11:19:43 - [TEST_CASE][FAILED] - Test Cases/Search Product/TC-SPN-006: Test Cases/Search Product/TC-SPN-006 FAILED.
Reason:
com.kms.katalon.core.exception.StepFailedException: Unable to verify object 'Object Repository/Search Product/Produk Tidak Ditemukan' is not present
	at com.kms.katalon.core.webui.keyword.internal.WebUIKeywordMain.stepFailed(WebUIKeywordMain.groovy:64)
	at com.kms.katalon.core.webui.keyword.internal.WebUIKeywordMain.runKeyword(WebUIKeywordMain.groovy:26)
	at com.kms.katalon.core.webui.keyword.internal.WebUIKeywordMain$runKeyword.call(Unknown Source)
	at com.kms.katalon.core.webui.keyword.builtin.VerifyElementNotPresentKeyword.verifyElementNotPresent(VerifyElementNotPresentKeyword.groovy:122)
	at com.kms.katalon.core.webui.keyword.builtin.VerifyElementNotPresentKeyword.execute(VerifyElementNotPresentKeyword.groovy:68)
	at com.kms.katalon.core.keyword.internal.KeywordExecutor.executeKeywordForPlatform(KeywordExecutor.groovy:74)
	at com.kms.katalon.core.webui.keyword.WebUiBuiltInKeywords.verifyElementNotPresent(WebUiBuiltInKeywords.groovy:1497)
	at com.kms.katalon.core.webui.keyword.WebUiBuiltInKeywords$verifyElementNotPresent$11.call(Unknown Source)
	at TC-SPN-006.run(TC-SPN-006:27)
	at com.kms.katalon.core.main.ScriptEngine.run(ScriptEngine.java:194)
	at com.kms.katalon.core.main.ScriptEngine.runScriptAsRawText(ScriptEngine.java:119)
	at com.kms.katalon.core.main.TestCaseExecutor.runScript(TestCaseExecutor.java:448)
	at com.kms.katalon.core.main.TestCaseExecutor.doExecute(TestCaseExecutor.java:439)
	at com.kms.katalon.core.main.TestCaseExecutor.processExecutionPhase(TestCaseExecutor.java:418)
	at com.kms.katalon.core.main.TestCaseExecutor.accessMainPhase(TestCaseExecutor.java:410)
	at com.kms.katalon.core.main.TestCaseExecutor.execute(TestCaseExecutor.java:285)
	at com.kms.katalon.core.common.CommonExecutor.accessTestCaseMainPhase(CommonExecutor.java:65)
	at com.kms.katalon.core.main.TestSuiteExecutor.accessTestSuiteMainPhase(TestSuiteExecutor.java:148)
	at com.kms.katalon.core.main.TestSuiteExecutor.execute(TestSuiteExecutor.java:106)
	at com.kms.katalon.core.main.TestCaseMain.startTestSuite(TestCaseMain.java:187)
	at com.kms.katalon.core.main.TestCaseMain$startTestSuite$0.call(Unknown Source)
	at TempTestSuite1696306504857.run(TempTestSuite1696306504857.groovy:36)
Caused by: com.kms.katalon.core.exception.StepFailedException: Web element with id: 'Object Repository/Search Product/Produk Tidak Ditemukan' located by 'By.xpath: //div[@id='tab-1']/div/center/img' is present after '30' second(s)
	at com.kms.katalon.core.webui.keyword.internal.WebUIKeywordMain.stepFailed(WebUIKeywordMain.groovy:64)
	at com.kms.katalon.core.webui.keyword.internal.WebUIKeywordMain$stepFailed$0.call(Unknown Source)
	at com.kms.katalon.core.webui.keyword.builtin.VerifyElementNotPresentKeyword$_verifyElementNotPresent_closure1.doCall(VerifyElementNotPresentKeyword.groovy:113)
	at com.kms.katalon.core.webui.keyword.builtin.VerifyElementNotPresentKeyword$_verifyElementNotPresent_closure1.doCall(VerifyElementNotPresentKeyword.groovy)
	at com.kms.katalon.core.webui.keyword.internal.WebUIKeywordMain.runKeyword(WebUIKeywordMain.groovy:20)
	... 20 more]]></system-err>
      </testcase>
      <testcase name="Test Cases/Search Product/TC-SPN-007" time="13.329" classname="Test Cases/Search Product/TC-SPN-007" status="FAILED">
         <failure type="FAILED" message="Test Cases/Search Product/TC-SPN-007 FAILED.
Reason:
Assertion failed: 

assert (arrProdukHarga[i]) &lt;= Double.parseDouble(max)
        |             ||   |         |           |
        |             |4   false     5000.0      5000
        |             200000.0
        [-988000.0, -988000.0, -988000.0, -988000.0, 200000.0, 700000.0, 0.0, 0.0, 2.0, 1213.0, 0.0, 0.0]

	at TC-SPN-007.run(TC-SPN-007:44)
	at com.kms.katalon.core.main.ScriptEngine.run(ScriptEngine.java:194)
	at com.kms.katalon.core.main.ScriptEngine.runScriptAsRawText(ScriptEngine.java:119)
	at com.kms.katalon.core.main.TestCaseExecutor.runScript(TestCaseExecutor.java:448)
	at com.kms.katalon.core.main.TestCaseExecutor.doExecute(TestCaseExecutor.java:439)
	at com.kms.katalon.core.main.TestCaseExecutor.processExecutionPhase(TestCaseExecutor.java:418)
	at com.kms.katalon.core.main.TestCaseExecutor.accessMainPhase(TestCaseExecutor.java:410)
	at com.kms.katalon.core.main.TestCaseExecutor.execute(TestCaseExecutor.java:285)
	at com.kms.katalon.core.common.CommonExecutor.accessTestCaseMainPhase(CommonExecutor.java:65)
	at com.kms.katalon.core.main.TestSuiteExecutor.accessTestSuiteMainPhase(TestSuiteExecutor.java:148)
	at com.kms.katalon.core.main.TestSuiteExecutor.execute(TestSuiteExecutor.java:106)
	at com.kms.katalon.core.main.TestCaseMain.startTestSuite(TestCaseMain.java:187)
	at com.kms.katalon.core.main.TestCaseMain$startTestSuite$0.call(Unknown Source)
	at TempTestSuite1696306504857.run(TempTestSuite1696306504857.groovy:36)
"/>
         <system-out><![CDATA[2023-10-03 11:20:27 - [TEST_CASE][FAILED] - Test Cases/Search Product/TC-SPN-007: Test Cases/Search Product/TC-SPN-007 FAILED.
Reason:
Assertion failed: 

assert (arrProdukHarga[i]) <= Double.parseDouble(max)
        |             ||   |         |           |
        |             |4   false     5000.0      5000
        |             200000.0
        [-988000.0, -988000.0, -988000.0, -988000.0, 200000.0, 700000.0, 0.0, 0.0, 2.0, 1213.0, 0.0, 0.0]

	at TC-SPN-007.run(TC-SPN-007:44)
	at com.kms.katalon.core.main.ScriptEngine.run(ScriptEngine.java:194)
	at com.kms.katalon.core.main.ScriptEngine.runScriptAsRawText(ScriptEngine.java:119)
	at com.kms.katalon.core.main.TestCaseExecutor.runScript(TestCaseExecutor.java:448)
	at com.kms.katalon.core.main.TestCaseExecutor.doExecute(TestCaseExecutor.java:439)
	at com.kms.katalon.core.main.TestCaseExecutor.processExecutionPhase(TestCaseExecutor.java:418)
	at com.kms.katalon.core.main.TestCaseExecutor.accessMainPhase(TestCaseExecutor.java:410)
	at com.kms.katalon.core.main.TestCaseExecutor.execute(TestCaseExecutor.java:285)
	at com.kms.katalon.core.common.CommonExecutor.accessTestCaseMainPhase(CommonExecutor.java:65)
	at com.kms.katalon.core.main.TestSuiteExecutor.accessTestSuiteMainPhase(TestSuiteExecutor.java:148)
	at com.kms.katalon.core.main.TestSuiteExecutor.execute(TestSuiteExecutor.java:106)
	at com.kms.katalon.core.main.TestCaseMain.startTestSuite(TestCaseMain.java:187)
	at com.kms.katalon.core.main.TestCaseMain$startTestSuite$0.call(Unknown Source)
	at TempTestSuite1696306504857.run(TempTestSuite1696306504857.groovy:36)


2023-10-03 11:20:28 - [TEST_STEP][PASSED] - callTestCase(findTestCase("Search Product/TC-SP-002"), ["merk":"a"], STOP_ON_FAILURE): Call Test Case 'Test Cases/Search Product/TC-SP-002' successfully

2023-10-03 11:20:28 - [TEST_CASE][PASSED] - Test Cases/Search Product/TC-SP-002: Test Cases/Search Product/TC-SP-002

2023-10-03 11:20:28 - [TEST_STEP][PASSED] - openBrowser("https://10.9.2.63/ecommerce/"): Browser is opened with url: 'https://10.9.2.63/ecommerce/'

2023-10-03 11:20:28 - [MESSAGE][WARNING] - A browser is already opened. Closing browser and opening a new one

2023-10-03 11:20:28 - [MESSAGE][INFO] - Starting 'Edge Chromium' driver

2023-10-03 11:20:28 - [MESSAGE][INFO] - User set preference: ['acceptInsecureCerts', 'true']

2023-10-03 11:20:31 - [MESSAGE][INFO] - Action delay is set to 0 milliseconds

2023-10-03 11:20:34 - [MESSAGE][PASSED] - Browser is opened with url: 'https://10.9.2.63/ecommerce/'

2023-10-03 11:20:34 - [TEST_STEP][PASSED] - maximizeWindow(): Current window maximized

2023-10-03 11:20:34 - [MESSAGE][PASSED] - Current window maximized

2023-10-03 11:20:34 - [TEST_STEP][PASSED] - verifyElementPresent(findTestObject("Search Product/Verify Page Tajalapak"), 0): Object 'Object Repository/Search Product/Verify Page Tajalapak' is present

2023-10-03 11:20:34 - [MESSAGE][WARNING] - Timeout '0' is invalid. Using default page load timeout: '30'

2023-10-03 11:20:34 - [MESSAGE][PASSED] - Object 'Object Repository/Search Product/Verify Page Tajalapak' is present

2023-10-03 11:20:34 - [TEST_STEP][PASSED] - setText(findTestObject("Search Product/Input Product"), merk): Text 'a' is set on object 'Object Repository/Search Product/Input Product'

2023-10-03 11:20:35 - [MESSAGE][PASSED] - Text 'a' is set on object 'Object Repository/Search Product/Input Product'

2023-10-03 11:20:35 - [TEST_STEP][PASSED] - click(findTestObject("Search Product/button_Cari Product")): Object: 'Object Repository/Search Product/button_Cari Product' is clicked on

2023-10-03 11:20:36 - [MESSAGE][PASSED] - Object: 'Object Repository/Search Product/button_Cari Product' is clicked on

2023-10-03 11:20:36 - [TEST_STEP][PASSED] - dataList = findWebElements(findTestObject("Object Repository/Search Product/Semua nama Produk"), 10): null

2023-10-03 11:20:37 - [TEST_STEP][PASSED] - arrProdukName = []: null

2023-10-03 11:20:37 - [TEST_STEP][PASSED] - for ([i = 0, i < dataList.size(), (i++)]): null

2023-10-03 11:20:37 - [TEST_STEP][PASSED] - text = text: null

2023-10-03 11:20:37 - [TEST_STEP][PASSED] - arrProdukName[i] = text.toLowerCase(): null

2023-10-03 11:20:37 - [TEST_STEP][PASSED] - text = text: null

2023-10-03 11:20:37 - [TEST_STEP][PASSED] - arrProdukName[i] = text.toLowerCase(): null

2023-10-03 11:20:37 - [TEST_STEP][PASSED] - text = text: null

2023-10-03 11:20:37 - [TEST_STEP][PASSED] - arrProdukName[i] = text.toLowerCase(): null

2023-10-03 11:20:37 - [TEST_STEP][PASSED] - text = text: null

2023-10-03 11:20:37 - [TEST_STEP][PASSED] - arrProdukName[i] = text.toLowerCase(): null

2023-10-03 11:20:37 - [TEST_STEP][PASSED] - text = text: null

2023-10-03 11:20:37 - [TEST_STEP][PASSED] - arrProdukName[i] = text.toLowerCase(): null

2023-10-03 11:20:37 - [TEST_STEP][PASSED] - text = text: null

2023-10-03 11:20:37 - [TEST_STEP][PASSED] - arrProdukName[i] = text.toLowerCase(): null

2023-10-03 11:20:37 - [TEST_STEP][PASSED] - text = text: null

2023-10-03 11:20:37 - [TEST_STEP][PASSED] - arrProdukName[i] = text.toLowerCase(): null

2023-10-03 11:20:37 - [TEST_STEP][PASSED] - text = text: null

2023-10-03 11:20:37 - [TEST_STEP][PASSED] - arrProdukName[i] = text.toLowerCase(): null

2023-10-03 11:20:37 - [TEST_STEP][PASSED] - text = text: null

2023-10-03 11:20:37 - [TEST_STEP][PASSED] - arrProdukName[i] = text.toLowerCase(): null

2023-10-03 11:20:37 - [TEST_STEP][PASSED] - text = text: null

2023-10-03 11:20:37 - [TEST_STEP][PASSED] - arrProdukName[i] = text.toLowerCase(): null

2023-10-03 11:20:37 - [TEST_STEP][PASSED] - text = text: null

2023-10-03 11:20:37 - [TEST_STEP][PASSED] - arrProdukName[i] = text.toLowerCase(): null

2023-10-03 11:20:37 - [TEST_STEP][PASSED] - text = text: null

2023-10-03 11:20:37 - [TEST_STEP][PASSED] - arrProdukName[i] = text.toLowerCase(): null

2023-10-03 11:20:37 - [TEST_STEP][PASSED] - print(arrProdukName): null

2023-10-03 11:20:37 - [TEST_STEP][PASSED] - for ([i = 0, i < dataList.size(), (i++)]): null

2023-10-03 11:20:37 - [TEST_STEP][PASSED] - assert arrProdukName[i].contains(merk): null

2023-10-03 11:20:37 - [TEST_STEP][PASSED] - assert arrProdukName[i].contains(merk): null

2023-10-03 11:20:37 - [TEST_STEP][PASSED] - assert arrProdukName[i].contains(merk): null

2023-10-03 11:20:37 - [TEST_STEP][PASSED] - assert arrProdukName[i].contains(merk): null

2023-10-03 11:20:37 - [TEST_STEP][PASSED] - assert arrProdukName[i].contains(merk): null

2023-10-03 11:20:37 - [TEST_STEP][PASSED] - assert arrProdukName[i].contains(merk): null

2023-10-03 11:20:37 - [TEST_STEP][PASSED] - assert arrProdukName[i].contains(merk): null

2023-10-03 11:20:37 - [TEST_STEP][PASSED] - assert arrProdukName[i].contains(merk): null

2023-10-03 11:20:37 - [TEST_STEP][PASSED] - assert arrProdukName[i].contains(merk): null

2023-10-03 11:20:37 - [TEST_STEP][PASSED] - assert arrProdukName[i].contains(merk): null

2023-10-03 11:20:37 - [TEST_STEP][PASSED] - assert arrProdukName[i].contains(merk): null

2023-10-03 11:20:37 - [TEST_STEP][PASSED] - assert arrProdukName[i].contains(merk): null

2023-10-03 11:20:37 - [MESSAGE][PASSED] - Call Test Case 'Test Cases/Search Product/TC-SP-002' successfully

2023-10-03 11:20:37 - [TEST_STEP][PASSED] - setText(findTestObject("Search Product/input_Filter Produk_sampai"), max): Text '5000' is set on object 'Object Repository/Search Product/input_Filter Produk_sampai'

2023-10-03 11:20:38 - [MESSAGE][PASSED] - Text '5000' is set on object 'Object Repository/Search Product/input_Filter Produk_sampai'

2023-10-03 11:20:38 - [TEST_STEP][PASSED] - click(findTestObject("Search Product/button_Tampilkan product dari sampai")): Object: 'Object Repository/Search Product/button_Tampilkan product dari sampai' is clicked on

2023-10-03 11:20:40 - [MESSAGE][PASSED] - Object: 'Object Repository/Search Product/button_Tampilkan product dari sampai' is clicked on

2023-10-03 11:20:40 - [TEST_STEP][PASSED] - dataList = findWebElements(findTestObject("Object Repository/Search Product/Harga Semua Product"), 10): null

2023-10-03 11:20:40 - [TEST_STEP][PASSED] - arrProdukHarga = []: null

2023-10-03 11:20:40 - [TEST_STEP][PASSED] - for ([i = 0, i < dataList.size(), (i++)]): null

2023-10-03 11:20:40 - [TEST_STEP][PASSED] - text = text: null

2023-10-03 11:20:41 - [TEST_STEP][PASSED] - product = text.split(" "): null

2023-10-03 11:20:41 - [TEST_STEP][PASSED] - arrProdukHarga[i] = Double.parseDouble(product[1].replace(",", "")): null

2023-10-03 11:20:41 - [TEST_STEP][PASSED] - text = text: null

2023-10-03 11:20:41 - [TEST_STEP][PASSED] - product = text.split(" "): null

2023-10-03 11:20:41 - [TEST_STEP][PASSED] - arrProdukHarga[i] = Double.parseDouble(product[1].replace(",", "")): null

2023-10-03 11:20:41 - [TEST_STEP][PASSED] - text = text: null

2023-10-03 11:20:41 - [TEST_STEP][PASSED] - product = text.split(" "): null

2023-10-03 11:20:41 - [TEST_STEP][PASSED] - arrProdukHarga[i] = Double.parseDouble(product[1].replace(",", "")): null

2023-10-03 11:20:41 - [TEST_STEP][PASSED] - text = text: null

2023-10-03 11:20:41 - [TEST_STEP][PASSED] - product = text.split(" "): null

2023-10-03 11:20:41 - [TEST_STEP][PASSED] - arrProdukHarga[i] = Double.parseDouble(product[1].replace(",", "")): null

2023-10-03 11:20:41 - [TEST_STEP][PASSED] - text = text: null

2023-10-03 11:20:41 - [TEST_STEP][PASSED] - product = text.split(" "): null

2023-10-03 11:20:41 - [TEST_STEP][PASSED] - arrProdukHarga[i] = Double.parseDouble(product[1].replace(",", "")): null

2023-10-03 11:20:41 - [TEST_STEP][PASSED] - text = text: null

2023-10-03 11:20:41 - [TEST_STEP][PASSED] - product = text.split(" "): null

2023-10-03 11:20:41 - [TEST_STEP][PASSED] - arrProdukHarga[i] = Double.parseDouble(product[1].replace(",", "")): null

2023-10-03 11:20:41 - [TEST_STEP][PASSED] - text = text: null

2023-10-03 11:20:41 - [TEST_STEP][PASSED] - product = text.split(" "): null

2023-10-03 11:20:41 - [TEST_STEP][PASSED] - arrProdukHarga[i] = Double.parseDouble(product[1].replace(",", "")): null

2023-10-03 11:20:41 - [TEST_STEP][PASSED] - text = text: null

2023-10-03 11:20:41 - [TEST_STEP][PASSED] - product = text.split(" "): null

2023-10-03 11:20:41 - [TEST_STEP][PASSED] - arrProdukHarga[i] = Double.parseDouble(product[1].replace(",", "")): null

2023-10-03 11:20:41 - [TEST_STEP][PASSED] - text = text: null

2023-10-03 11:20:41 - [TEST_STEP][PASSED] - product = text.split(" "): null

2023-10-03 11:20:41 - [TEST_STEP][PASSED] - arrProdukHarga[i] = Double.parseDouble(product[1].replace(",", "")): null

2023-10-03 11:20:41 - [TEST_STEP][PASSED] - text = text: null

2023-10-03 11:20:41 - [TEST_STEP][PASSED] - product = text.split(" "): null

2023-10-03 11:20:41 - [TEST_STEP][PASSED] - arrProdukHarga[i] = Double.parseDouble(product[1].replace(",", "")): null

2023-10-03 11:20:41 - [TEST_STEP][PASSED] - text = text: null

2023-10-03 11:20:41 - [TEST_STEP][PASSED] - product = text.split(" "): null

2023-10-03 11:20:41 - [TEST_STEP][PASSED] - arrProdukHarga[i] = Double.parseDouble(product[1].replace(",", "")): null

2023-10-03 11:20:41 - [TEST_STEP][PASSED] - text = text: null

2023-10-03 11:20:41 - [TEST_STEP][PASSED] - product = text.split(" "): null

2023-10-03 11:20:41 - [TEST_STEP][PASSED] - arrProdukHarga[i] = Double.parseDouble(product[1].replace(",", "")): null

2023-10-03 11:20:41 - [TEST_STEP][FAILED] - for ([i = 0, i < dataList.size(), (i++)]): Test Cases/Search Product/TC-SPN-007 FAILED.
Reason:
Assertion failed: 

assert (arrProdukHarga[i]) <= Double.parseDouble(max)
        |             ||   |         |           |
        |             |4   false     5000.0      5000
        |             200000.0
        [-988000.0, -988000.0, -988000.0, -988000.0, 200000.0, 700000.0, 0.0, 0.0, 2.0, 1213.0, 0.0, 0.0]

	at TC-SPN-007.run(TC-SPN-007:44)
	at com.kms.katalon.core.main.ScriptEngine.run(ScriptEngine.java:194)
	at com.kms.katalon.core.main.ScriptEngine.runScriptAsRawText(ScriptEngine.java:119)
	at com.kms.katalon.core.main.TestCaseExecutor.runScript(TestCaseExecutor.java:448)
	at com.kms.katalon.core.main.TestCaseExecutor.doExecute(TestCaseExecutor.java:439)
	at com.kms.katalon.core.main.TestCaseExecutor.processExecutionPhase(TestCaseExecutor.java:418)
	at com.kms.katalon.core.main.TestCaseExecutor.accessMainPhase(TestCaseExecutor.java:410)
	at com.kms.katalon.core.main.TestCaseExecutor.execute(TestCaseExecutor.java:285)
	at com.kms.katalon.core.common.CommonExecutor.accessTestCaseMainPhase(CommonExecutor.java:65)
	at com.kms.katalon.core.main.TestSuiteExecutor.accessTestSuiteMainPhase(TestSuiteExecutor.java:148)
	at com.kms.katalon.core.main.TestSuiteExecutor.execute(TestSuiteExecutor.java:106)
	at com.kms.katalon.core.main.TestCaseMain.startTestSuite(TestCaseMain.java:187)
	at com.kms.katalon.core.main.TestCaseMain$startTestSuite$0.call(Unknown Source)
	at TempTestSuite1696306504857.run(TempTestSuite1696306504857.groovy:36)


2023-10-03 11:20:41 - [TEST_STEP][PASSED] - assert arrProdukHarga[i] <= Double.parseDouble(max): null

2023-10-03 11:20:41 - [TEST_STEP][PASSED] - assert arrProdukHarga[i] <= Double.parseDouble(max): null

2023-10-03 11:20:41 - [TEST_STEP][PASSED] - assert arrProdukHarga[i] <= Double.parseDouble(max): null

2023-10-03 11:20:41 - [TEST_STEP][PASSED] - assert arrProdukHarga[i] <= Double.parseDouble(max): null

2023-10-03 11:20:41 - [TEST_STEP][FAILED] - assert arrProdukHarga[i] <= Double.parseDouble(max): Test Cases/Search Product/TC-SPN-007 FAILED.
Reason:
Assertion failed: 

assert (arrProdukHarga[i]) <= Double.parseDouble(max)
        |             ||   |         |           |
        |             |4   false     5000.0      5000
        |             200000.0
        [-988000.0, -988000.0, -988000.0, -988000.0, 200000.0, 700000.0, 0.0, 0.0, 2.0, 1213.0, 0.0, 0.0]

	at TC-SPN-007.run(TC-SPN-007:44)
	at com.kms.katalon.core.main.ScriptEngine.run(ScriptEngine.java:194)
	at com.kms.katalon.core.main.ScriptEngine.runScriptAsRawText(ScriptEngine.java:119)
	at com.kms.katalon.core.main.TestCaseExecutor.runScript(TestCaseExecutor.java:448)
	at com.kms.katalon.core.main.TestCaseExecutor.doExecute(TestCaseExecutor.java:439)
	at com.kms.katalon.core.main.TestCaseExecutor.processExecutionPhase(TestCaseExecutor.java:418)
	at com.kms.katalon.core.main.TestCaseExecutor.accessMainPhase(TestCaseExecutor.java:410)
	at com.kms.katalon.core.main.TestCaseExecutor.execute(TestCaseExecutor.java:285)
	at com.kms.katalon.core.common.CommonExecutor.accessTestCaseMainPhase(CommonExecutor.java:65)
	at com.kms.katalon.core.main.TestSuiteExecutor.accessTestSuiteMainPhase(TestSuiteExecutor.java:148)
	at com.kms.katalon.core.main.TestSuiteExecutor.execute(TestSuiteExecutor.java:106)
	at com.kms.katalon.core.main.TestCaseMain.startTestSuite(TestCaseMain.java:187)
	at com.kms.katalon.core.main.TestCaseMain$startTestSuite$0.call(Unknown Source)
	at TempTestSuite1696306504857.run(TempTestSuite1696306504857.groovy:36)


2023-10-03 11:20:41 - [MESSAGE][FAILED] - Test Cases/Search Product/TC-SPN-007 FAILED.
Reason:
Assertion failed: 

assert (arrProdukHarga[i]) <= Double.parseDouble(max)
        |             ||   |         |           |
        |             |4   false     5000.0      5000
        |             200000.0
        [-988000.0, -988000.0, -988000.0, -988000.0, 200000.0, 700000.0, 0.0, 0.0, 2.0, 1213.0, 0.0, 0.0]

	at TC-SPN-007.run(TC-SPN-007:44)
	at com.kms.katalon.core.main.ScriptEngine.run(ScriptEngine.java:194)
	at com.kms.katalon.core.main.ScriptEngine.runScriptAsRawText(ScriptEngine.java:119)
	at com.kms.katalon.core.main.TestCaseExecutor.runScript(TestCaseExecutor.java:448)
	at com.kms.katalon.core.main.TestCaseExecutor.doExecute(TestCaseExecutor.java:439)
	at com.kms.katalon.core.main.TestCaseExecutor.processExecutionPhase(TestCaseExecutor.java:418)
	at com.kms.katalon.core.main.TestCaseExecutor.accessMainPhase(TestCaseExecutor.java:410)
	at com.kms.katalon.core.main.TestCaseExecutor.execute(TestCaseExecutor.java:285)
	at com.kms.katalon.core.common.CommonExecutor.accessTestCaseMainPhase(CommonExecutor.java:65)
	at com.kms.katalon.core.main.TestSuiteExecutor.accessTestSuiteMainPhase(TestSuiteExecutor.java:148)
	at com.kms.katalon.core.main.TestSuiteExecutor.execute(TestSuiteExecutor.java:106)
	at com.kms.katalon.core.main.TestCaseMain.startTestSuite(TestCaseMain.java:187)
	at com.kms.katalon.core.main.TestCaseMain$startTestSuite$0.call(Unknown Source)
	at TempTestSuite1696306504857.run(TempTestSuite1696306504857.groovy:36)]]></system-out>
         <system-err><![CDATA[2023-10-03 11:20:27 - [TEST_CASE][FAILED] - Test Cases/Search Product/TC-SPN-007: Test Cases/Search Product/TC-SPN-007 FAILED.
Reason:
Assertion failed: 

assert (arrProdukHarga[i]) <= Double.parseDouble(max)
        |             ||   |         |           |
        |             |4   false     5000.0      5000
        |             200000.0
        [-988000.0, -988000.0, -988000.0, -988000.0, 200000.0, 700000.0, 0.0, 0.0, 2.0, 1213.0, 0.0, 0.0]

	at TC-SPN-007.run(TC-SPN-007:44)
	at com.kms.katalon.core.main.ScriptEngine.run(ScriptEngine.java:194)
	at com.kms.katalon.core.main.ScriptEngine.runScriptAsRawText(ScriptEngine.java:119)
	at com.kms.katalon.core.main.TestCaseExecutor.runScript(TestCaseExecutor.java:448)
	at com.kms.katalon.core.main.TestCaseExecutor.doExecute(TestCaseExecutor.java:439)
	at com.kms.katalon.core.main.TestCaseExecutor.processExecutionPhase(TestCaseExecutor.java:418)
	at com.kms.katalon.core.main.TestCaseExecutor.accessMainPhase(TestCaseExecutor.java:410)
	at com.kms.katalon.core.main.TestCaseExecutor.execute(TestCaseExecutor.java:285)
	at com.kms.katalon.core.common.CommonExecutor.accessTestCaseMainPhase(CommonExecutor.java:65)
	at com.kms.katalon.core.main.TestSuiteExecutor.accessTestSuiteMainPhase(TestSuiteExecutor.java:148)
	at com.kms.katalon.core.main.TestSuiteExecutor.execute(TestSuiteExecutor.java:106)
	at com.kms.katalon.core.main.TestCaseMain.startTestSuite(TestCaseMain.java:187)
	at com.kms.katalon.core.main.TestCaseMain$startTestSuite$0.call(Unknown Source)
	at TempTestSuite1696306504857.run(TempTestSuite1696306504857.groovy:36)]]></system-err>
      </testcase>
      <testcase name="Test Cases/Search Product/TC-SPN-008" time="41.293" classname="Test Cases/Search Product/TC-SPN-008" status="FAILED">
         <failure type="FAILED" message="Test Cases/Search Product/TC-SPN-008 FAILED.
Reason:
com.kms.katalon.core.exception.StepFailedException: Unable to verify object 'Object Repository/Search Product/Produk Tidak Ditemukan' is present
	at com.kms.katalon.core.webui.keyword.internal.WebUIKeywordMain.stepFailed(WebUIKeywordMain.groovy:64)
	at com.kms.katalon.core.webui.keyword.internal.WebUIKeywordMain.runKeyword(WebUIKeywordMain.groovy:26)
	at com.kms.katalon.core.webui.keyword.builtin.VerifyElementPresentKeyword.verifyElementPresent(VerifyElementPresentKeyword.groovy:92)
	at com.kms.katalon.core.webui.keyword.builtin.VerifyElementPresentKeyword.execute(VerifyElementPresentKeyword.groovy:68)
	at com.kms.katalon.core.keyword.internal.KeywordExecutor.executeKeywordForPlatform(KeywordExecutor.groovy:74)
	at com.kms.katalon.core.webui.keyword.WebUiBuiltInKeywords.verifyElementPresent(WebUiBuiltInKeywords.groovy:1464)
	at com.kms.katalon.core.webui.keyword.WebUiBuiltInKeywords$verifyElementPresent$1.call(Unknown Source)
	at TC-SPN-008.run(TC-SPN-008:30)
	at com.kms.katalon.core.main.ScriptEngine.run(ScriptEngine.java:194)
	at com.kms.katalon.core.main.ScriptEngine.runScriptAsRawText(ScriptEngine.java:119)
	at com.kms.katalon.core.main.TestCaseExecutor.runScript(TestCaseExecutor.java:448)
	at com.kms.katalon.core.main.TestCaseExecutor.doExecute(TestCaseExecutor.java:439)
	at com.kms.katalon.core.main.TestCaseExecutor.processExecutionPhase(TestCaseExecutor.java:418)
	at com.kms.katalon.core.main.TestCaseExecutor.accessMainPhase(TestCaseExecutor.java:410)
	at com.kms.katalon.core.main.TestCaseExecutor.execute(TestCaseExecutor.java:285)
	at com.kms.katalon.core.common.CommonExecutor.accessTestCaseMainPhase(CommonExecutor.java:65)
	at com.kms.katalon.core.main.TestSuiteExecutor.accessTestSuiteMainPhase(TestSuiteExecutor.java:148)
	at com.kms.katalon.core.main.TestSuiteExecutor.execute(TestSuiteExecutor.java:106)
	at com.kms.katalon.core.main.TestCaseMain.startTestSuite(TestCaseMain.java:187)
	at com.kms.katalon.core.main.TestCaseMain$startTestSuite$0.call(Unknown Source)
	at TempTestSuite1696306504857.run(TempTestSuite1696306504857.groovy:36)
Caused by: com.kms.katalon.core.exception.StepFailedException: com.kms.katalon.core.webui.exception.WebElementNotFoundException: Web element with id: 'Object Repository/Search Product/Produk Tidak Ditemukan' located by '//div[@id='tab-1']/div/center/img' not found
	at com.kms.katalon.core.webui.keyword.internal.WebUIKeywordMain.stepFailed(WebUIKeywordMain.groovy:64)
	at com.kms.katalon.core.webui.keyword.builtin.VerifyElementPresentKeyword$_verifyElementPresent_closure1.doCall(VerifyElementPresentKeyword.groovy:85)
	at com.kms.katalon.core.webui.keyword.builtin.VerifyElementPresentKeyword$_verifyElementPresent_closure1.call(VerifyElementPresentKeyword.groovy)
	at com.kms.katalon.core.webui.keyword.internal.WebUIKeywordMain.runKeyword(WebUIKeywordMain.groovy:20)
	... 19 more
"/>
         <system-out><![CDATA[2023-10-03 11:20:41 - [TEST_CASE][FAILED] - Test Cases/Search Product/TC-SPN-008: Test Cases/Search Product/TC-SPN-008 FAILED.
Reason:
com.kms.katalon.core.exception.StepFailedException: Unable to verify object 'Object Repository/Search Product/Produk Tidak Ditemukan' is present
	at com.kms.katalon.core.webui.keyword.internal.WebUIKeywordMain.stepFailed(WebUIKeywordMain.groovy:64)
	at com.kms.katalon.core.webui.keyword.internal.WebUIKeywordMain.runKeyword(WebUIKeywordMain.groovy:26)
	at com.kms.katalon.core.webui.keyword.builtin.VerifyElementPresentKeyword.verifyElementPresent(VerifyElementPresentKeyword.groovy:92)
	at com.kms.katalon.core.webui.keyword.builtin.VerifyElementPresentKeyword.execute(VerifyElementPresentKeyword.groovy:68)
	at com.kms.katalon.core.keyword.internal.KeywordExecutor.executeKeywordForPlatform(KeywordExecutor.groovy:74)
	at com.kms.katalon.core.webui.keyword.WebUiBuiltInKeywords.verifyElementPresent(WebUiBuiltInKeywords.groovy:1464)
	at com.kms.katalon.core.webui.keyword.WebUiBuiltInKeywords$verifyElementPresent$1.call(Unknown Source)
	at TC-SPN-008.run(TC-SPN-008:30)
	at com.kms.katalon.core.main.ScriptEngine.run(ScriptEngine.java:194)
	at com.kms.katalon.core.main.ScriptEngine.runScriptAsRawText(ScriptEngine.java:119)
	at com.kms.katalon.core.main.TestCaseExecutor.runScript(TestCaseExecutor.java:448)
	at com.kms.katalon.core.main.TestCaseExecutor.doExecute(TestCaseExecutor.java:439)
	at com.kms.katalon.core.main.TestCaseExecutor.processExecutionPhase(TestCaseExecutor.java:418)
	at com.kms.katalon.core.main.TestCaseExecutor.accessMainPhase(TestCaseExecutor.java:410)
	at com.kms.katalon.core.main.TestCaseExecutor.execute(TestCaseExecutor.java:285)
	at com.kms.katalon.core.common.CommonExecutor.accessTestCaseMainPhase(CommonExecutor.java:65)
	at com.kms.katalon.core.main.TestSuiteExecutor.accessTestSuiteMainPhase(TestSuiteExecutor.java:148)
	at com.kms.katalon.core.main.TestSuiteExecutor.execute(TestSuiteExecutor.java:106)
	at com.kms.katalon.core.main.TestCaseMain.startTestSuite(TestCaseMain.java:187)
	at com.kms.katalon.core.main.TestCaseMain$startTestSuite$0.call(Unknown Source)
	at TempTestSuite1696306504857.run(TempTestSuite1696306504857.groovy:36)
Caused by: com.kms.katalon.core.exception.StepFailedException: com.kms.katalon.core.webui.exception.WebElementNotFoundException: Web element with id: 'Object Repository/Search Product/Produk Tidak Ditemukan' located by '//div[@id='tab-1']/div/center/img' not found
	at com.kms.katalon.core.webui.keyword.internal.WebUIKeywordMain.stepFailed(WebUIKeywordMain.groovy:64)
	at com.kms.katalon.core.webui.keyword.builtin.VerifyElementPresentKeyword$_verifyElementPresent_closure1.doCall(VerifyElementPresentKeyword.groovy:85)
	at com.kms.katalon.core.webui.keyword.builtin.VerifyElementPresentKeyword$_verifyElementPresent_closure1.call(VerifyElementPresentKeyword.groovy)
	at com.kms.katalon.core.webui.keyword.internal.WebUIKeywordMain.runKeyword(WebUIKeywordMain.groovy:20)
	... 19 more


2023-10-03 11:20:41 - [TEST_STEP][PASSED] - openBrowser("https://10.9.2.63/ecommerce/"): Browser is opened with url: 'https://10.9.2.63/ecommerce/'

2023-10-03 11:20:41 - [MESSAGE][WARNING] - A browser is already opened. Closing browser and opening a new one

2023-10-03 11:20:42 - [MESSAGE][INFO] - Starting 'Edge Chromium' driver

2023-10-03 11:20:42 - [MESSAGE][INFO] - User set preference: ['acceptInsecureCerts', 'true']

2023-10-03 11:20:44 - [MESSAGE][INFO] - Action delay is set to 0 milliseconds

2023-10-03 11:20:48 - [MESSAGE][PASSED] - Browser is opened with url: 'https://10.9.2.63/ecommerce/'

2023-10-03 11:20:48 - [TEST_STEP][PASSED] - maximizeWindow(): Current window maximized

2023-10-03 11:20:48 - [MESSAGE][PASSED] - Current window maximized

2023-10-03 11:20:48 - [TEST_STEP][PASSED] - verifyElementPresent(findTestObject("Search Product/Verify Page Tajalapak"), 0): Object 'Object Repository/Search Product/Verify Page Tajalapak' is present

2023-10-03 11:20:48 - [MESSAGE][WARNING] - Timeout '0' is invalid. Using default page load timeout: '30'

2023-10-03 11:20:49 - [MESSAGE][PASSED] - Object 'Object Repository/Search Product/Verify Page Tajalapak' is present

2023-10-03 11:20:49 - [TEST_STEP][PASSED] - setText(findTestObject("Search Product/Input Product"), merk): Text ' ' is set on object 'Object Repository/Search Product/Input Product'

2023-10-03 11:20:49 - [MESSAGE][PASSED] - Text ' ' is set on object 'Object Repository/Search Product/Input Product'

2023-10-03 11:20:49 - [TEST_STEP][PASSED] - click(findTestObject("Search Product/button_Cari Product")): Object: 'Object Repository/Search Product/button_Cari Product' is clicked on

2023-10-03 11:20:50 - [MESSAGE][PASSED] - Object: 'Object Repository/Search Product/button_Cari Product' is clicked on

2023-10-03 11:20:50 - [TEST_STEP][FAILED] - verifyElementPresent(findTestObject("Search Product/Produk Tidak Ditemukan"), 0): Unable to verify object 'Object Repository/Search Product/Produk Tidak Ditemukan' is present (Root cause: com.kms.katalon.core.exception.StepFailedException: Unable to verify object 'Object Repository/Search Product/Produk Tidak Ditemukan' is present
	at com.kms.katalon.core.webui.keyword.internal.WebUIKeywordMain.stepFailed(WebUIKeywordMain.groovy:64)
	at com.kms.katalon.core.webui.keyword.internal.WebUIKeywordMain.runKeyword(WebUIKeywordMain.groovy:26)
	at com.kms.katalon.core.webui.keyword.builtin.VerifyElementPresentKeyword.verifyElementPresent(VerifyElementPresentKeyword.groovy:92)
	at com.kms.katalon.core.webui.keyword.builtin.VerifyElementPresentKeyword.execute(VerifyElementPresentKeyword.groovy:68)
	at com.kms.katalon.core.keyword.internal.KeywordExecutor.executeKeywordForPlatform(KeywordExecutor.groovy:74)
	at com.kms.katalon.core.webui.keyword.WebUiBuiltInKeywords.verifyElementPresent(WebUiBuiltInKeywords.groovy:1464)
	at com.kms.katalon.core.webui.keyword.WebUiBuiltInKeywords$verifyElementPresent$1.call(Unknown Source)
	at TC-SPN-008.run(TC-SPN-008:30)
	at com.kms.katalon.core.main.ScriptEngine.run(ScriptEngine.java:194)
	at com.kms.katalon.core.main.ScriptEngine.runScriptAsRawText(ScriptEngine.java:119)
	at com.kms.katalon.core.main.TestCaseExecutor.runScript(TestCaseExecutor.java:448)
	at com.kms.katalon.core.main.TestCaseExecutor.doExecute(TestCaseExecutor.java:439)
	at com.kms.katalon.core.main.TestCaseExecutor.processExecutionPhase(TestCaseExecutor.java:418)
	at com.kms.katalon.core.main.TestCaseExecutor.accessMainPhase(TestCaseExecutor.java:410)
	at com.kms.katalon.core.main.TestCaseExecutor.execute(TestCaseExecutor.java:285)
	at com.kms.katalon.core.common.CommonExecutor.accessTestCaseMainPhase(CommonExecutor.java:65)
	at com.kms.katalon.core.main.TestSuiteExecutor.accessTestSuiteMainPhase(TestSuiteExecutor.java:148)
	at com.kms.katalon.core.main.TestSuiteExecutor.execute(TestSuiteExecutor.java:106)
	at com.kms.katalon.core.main.TestCaseMain.startTestSuite(TestCaseMain.java:187)
	at com.kms.katalon.core.main.TestCaseMain$startTestSuite$0.call(Unknown Source)
	at TempTestSuite1696306504857.run(TempTestSuite1696306504857.groovy:36)
Caused by: com.kms.katalon.core.exception.StepFailedException: com.kms.katalon.core.webui.exception.WebElementNotFoundException: Web element with id: 'Object Repository/Search Product/Produk Tidak Ditemukan' located by '//div[@id='tab-1']/div/center/img' not found
	at com.kms.katalon.core.webui.keyword.internal.WebUIKeywordMain.stepFailed(WebUIKeywordMain.groovy:64)
	at com.kms.katalon.core.webui.keyword.builtin.VerifyElementPresentKeyword$_verifyElementPresent_closure1.doCall(VerifyElementPresentKeyword.groovy:85)
	at com.kms.katalon.core.webui.keyword.builtin.VerifyElementPresentKeyword$_verifyElementPresent_closure1.call(VerifyElementPresentKeyword.groovy)
	at com.kms.katalon.core.webui.keyword.internal.WebUIKeywordMain.runKeyword(WebUIKeywordMain.groovy:20)
	... 19 more
)

2023-10-03 11:20:50 - [MESSAGE][WARNING] - Timeout '0' is invalid. Using default page load timeout: '30'

2023-10-03 11:21:22 - [MESSAGE][INFO] - Unable to find the element located by 'By.xpath: //div[@id='tab-1']/div/center/img'. Please recheck the objects properties to make sure the desired element is located. 

2023-10-03 11:21:22 - [MESSAGE][FAILED] - com.kms.katalon.core.webui.exception.WebElementNotFoundException: Web element with id: 'Object Repository/Search Product/Produk Tidak Ditemukan' located by '//div[@id='tab-1']/div/center/img' not found (Root cause: com.kms.katalon.core.exception.StepFailedException: com.kms.katalon.core.webui.exception.WebElementNotFoundException: Web element with id: 'Object Repository/Search Product/Produk Tidak Ditemukan' located by '//div[@id='tab-1']/div/center/img' not found
	at com.kms.katalon.core.webui.keyword.internal.WebUIKeywordMain.stepFailed(WebUIKeywordMain.groovy:64)
	at com.kms.katalon.core.webui.keyword.builtin.VerifyElementPresentKeyword$_verifyElementPresent_closure1.doCall(VerifyElementPresentKeyword.groovy:85)
	at com.kms.katalon.core.webui.keyword.builtin.VerifyElementPresentKeyword$_verifyElementPresent_closure1.call(VerifyElementPresentKeyword.groovy)
	at com.kms.katalon.core.webui.keyword.internal.WebUIKeywordMain.runKeyword(WebUIKeywordMain.groovy:20)
	at com.kms.katalon.core.webui.keyword.builtin.VerifyElementPresentKeyword.verifyElementPresent(VerifyElementPresentKeyword.groovy:92)
	at com.kms.katalon.core.webui.keyword.builtin.VerifyElementPresentKeyword.execute(VerifyElementPresentKeyword.groovy:68)
	at com.kms.katalon.core.keyword.internal.KeywordExecutor.executeKeywordForPlatform(KeywordExecutor.groovy:74)
	at com.kms.katalon.core.webui.keyword.WebUiBuiltInKeywords.verifyElementPresent(WebUiBuiltInKeywords.groovy:1464)
	at com.kms.katalon.core.webui.keyword.WebUiBuiltInKeywords$verifyElementPresent$1.call(Unknown Source)
	at TC-SPN-008.run(TC-SPN-008:30)
	at com.kms.katalon.core.main.ScriptEngine.run(ScriptEngine.java:194)
	at com.kms.katalon.core.main.ScriptEngine.runScriptAsRawText(ScriptEngine.java:119)
	at com.kms.katalon.core.main.TestCaseExecutor.runScript(TestCaseExecutor.java:448)
	at com.kms.katalon.core.main.TestCaseExecutor.doExecute(TestCaseExecutor.java:439)
	at com.kms.katalon.core.main.TestCaseExecutor.processExecutionPhase(TestCaseExecutor.java:418)
	at com.kms.katalon.core.main.TestCaseExecutor.accessMainPhase(TestCaseExecutor.java:410)
	at com.kms.katalon.core.main.TestCaseExecutor.execute(TestCaseExecutor.java:285)
	at com.kms.katalon.core.common.CommonExecutor.accessTestCaseMainPhase(CommonExecutor.java:65)
	at com.kms.katalon.core.main.TestSuiteExecutor.accessTestSuiteMainPhase(TestSuiteExecutor.java:148)
	at com.kms.katalon.core.main.TestSuiteExecutor.execute(TestSuiteExecutor.java:106)
	at com.kms.katalon.core.main.TestCaseMain.startTestSuite(TestCaseMain.java:187)
	at com.kms.katalon.core.main.TestCaseMain$startTestSuite$0.call(Unknown Source)
	at TempTestSuite1696306504857.run(TempTestSuite1696306504857.groovy:36)
)
[[ATTACHMENT|G:\\Project Xsis\\batch-324-qa\\Riswan\\Tajalapak_com\\Reports\\20231003_111504\\TS-Search Product\\20231003_111504\\1696306882182.png]]

2023-10-03 11:21:22 - [MESSAGE][FAILED] - Unable to verify object 'Object Repository/Search Product/Produk Tidak Ditemukan' is present (Root cause: com.kms.katalon.core.exception.StepFailedException: Unable to verify object 'Object Repository/Search Product/Produk Tidak Ditemukan' is present
	at com.kms.katalon.core.webui.keyword.internal.WebUIKeywordMain.stepFailed(WebUIKeywordMain.groovy:64)
	at com.kms.katalon.core.webui.keyword.internal.WebUIKeywordMain.runKeyword(WebUIKeywordMain.groovy:26)
	at com.kms.katalon.core.webui.keyword.builtin.VerifyElementPresentKeyword.verifyElementPresent(VerifyElementPresentKeyword.groovy:92)
	at com.kms.katalon.core.webui.keyword.builtin.VerifyElementPresentKeyword.execute(VerifyElementPresentKeyword.groovy:68)
	at com.kms.katalon.core.keyword.internal.KeywordExecutor.executeKeywordForPlatform(KeywordExecutor.groovy:74)
	at com.kms.katalon.core.webui.keyword.WebUiBuiltInKeywords.verifyElementPresent(WebUiBuiltInKeywords.groovy:1464)
	at com.kms.katalon.core.webui.keyword.WebUiBuiltInKeywords$verifyElementPresent$1.call(Unknown Source)
	at TC-SPN-008.run(TC-SPN-008:30)
	at com.kms.katalon.core.main.ScriptEngine.run(ScriptEngine.java:194)
	at com.kms.katalon.core.main.ScriptEngine.runScriptAsRawText(ScriptEngine.java:119)
	at com.kms.katalon.core.main.TestCaseExecutor.runScript(TestCaseExecutor.java:448)
	at com.kms.katalon.core.main.TestCaseExecutor.doExecute(TestCaseExecutor.java:439)
	at com.kms.katalon.core.main.TestCaseExecutor.processExecutionPhase(TestCaseExecutor.java:418)
	at com.kms.katalon.core.main.TestCaseExecutor.accessMainPhase(TestCaseExecutor.java:410)
	at com.kms.katalon.core.main.TestCaseExecutor.execute(TestCaseExecutor.java:285)
	at com.kms.katalon.core.common.CommonExecutor.accessTestCaseMainPhase(CommonExecutor.java:65)
	at com.kms.katalon.core.main.TestSuiteExecutor.accessTestSuiteMainPhase(TestSuiteExecutor.java:148)
	at com.kms.katalon.core.main.TestSuiteExecutor.execute(TestSuiteExecutor.java:106)
	at com.kms.katalon.core.main.TestCaseMain.startTestSuite(TestCaseMain.java:187)
	at com.kms.katalon.core.main.TestCaseMain$startTestSuite$0.call(Unknown Source)
	at TempTestSuite1696306504857.run(TempTestSuite1696306504857.groovy:36)
Caused by: com.kms.katalon.core.exception.StepFailedException: com.kms.katalon.core.webui.exception.WebElementNotFoundException: Web element with id: 'Object Repository/Search Product/Produk Tidak Ditemukan' located by '//div[@id='tab-1']/div/center/img' not found
	at com.kms.katalon.core.webui.keyword.internal.WebUIKeywordMain.stepFailed(WebUIKeywordMain.groovy:64)
	at com.kms.katalon.core.webui.keyword.builtin.VerifyElementPresentKeyword$_verifyElementPresent_closure1.doCall(VerifyElementPresentKeyword.groovy:85)
	at com.kms.katalon.core.webui.keyword.builtin.VerifyElementPresentKeyword$_verifyElementPresent_closure1.call(VerifyElementPresentKeyword.groovy)
	at com.kms.katalon.core.webui.keyword.internal.WebUIKeywordMain.runKeyword(WebUIKeywordMain.groovy:20)
	... 19 more
)
[[ATTACHMENT|G:\\Project Xsis\\batch-324-qa\\Riswan\\Tajalapak_com\\Reports\\20231003_111504\\TS-Search Product\\20231003_111504\\1696306882311.png]]]]></system-out>
         <system-err><![CDATA[2023-10-03 11:20:41 - [TEST_CASE][FAILED] - Test Cases/Search Product/TC-SPN-008: Test Cases/Search Product/TC-SPN-008 FAILED.
Reason:
com.kms.katalon.core.exception.StepFailedException: Unable to verify object 'Object Repository/Search Product/Produk Tidak Ditemukan' is present
	at com.kms.katalon.core.webui.keyword.internal.WebUIKeywordMain.stepFailed(WebUIKeywordMain.groovy:64)
	at com.kms.katalon.core.webui.keyword.internal.WebUIKeywordMain.runKeyword(WebUIKeywordMain.groovy:26)
	at com.kms.katalon.core.webui.keyword.builtin.VerifyElementPresentKeyword.verifyElementPresent(VerifyElementPresentKeyword.groovy:92)
	at com.kms.katalon.core.webui.keyword.builtin.VerifyElementPresentKeyword.execute(VerifyElementPresentKeyword.groovy:68)
	at com.kms.katalon.core.keyword.internal.KeywordExecutor.executeKeywordForPlatform(KeywordExecutor.groovy:74)
	at com.kms.katalon.core.webui.keyword.WebUiBuiltInKeywords.verifyElementPresent(WebUiBuiltInKeywords.groovy:1464)
	at com.kms.katalon.core.webui.keyword.WebUiBuiltInKeywords$verifyElementPresent$1.call(Unknown Source)
	at TC-SPN-008.run(TC-SPN-008:30)
	at com.kms.katalon.core.main.ScriptEngine.run(ScriptEngine.java:194)
	at com.kms.katalon.core.main.ScriptEngine.runScriptAsRawText(ScriptEngine.java:119)
	at com.kms.katalon.core.main.TestCaseExecutor.runScript(TestCaseExecutor.java:448)
	at com.kms.katalon.core.main.TestCaseExecutor.doExecute(TestCaseExecutor.java:439)
	at com.kms.katalon.core.main.TestCaseExecutor.processExecutionPhase(TestCaseExecutor.java:418)
	at com.kms.katalon.core.main.TestCaseExecutor.accessMainPhase(TestCaseExecutor.java:410)
	at com.kms.katalon.core.main.TestCaseExecutor.execute(TestCaseExecutor.java:285)
	at com.kms.katalon.core.common.CommonExecutor.accessTestCaseMainPhase(CommonExecutor.java:65)
	at com.kms.katalon.core.main.TestSuiteExecutor.accessTestSuiteMainPhase(TestSuiteExecutor.java:148)
	at com.kms.katalon.core.main.TestSuiteExecutor.execute(TestSuiteExecutor.java:106)
	at com.kms.katalon.core.main.TestCaseMain.startTestSuite(TestCaseMain.java:187)
	at com.kms.katalon.core.main.TestCaseMain$startTestSuite$0.call(Unknown Source)
	at TempTestSuite1696306504857.run(TempTestSuite1696306504857.groovy:36)
Caused by: com.kms.katalon.core.exception.StepFailedException: com.kms.katalon.core.webui.exception.WebElementNotFoundException: Web element with id: 'Object Repository/Search Product/Produk Tidak Ditemukan' located by '//div[@id='tab-1']/div/center/img' not found
	at com.kms.katalon.core.webui.keyword.internal.WebUIKeywordMain.stepFailed(WebUIKeywordMain.groovy:64)
	at com.kms.katalon.core.webui.keyword.builtin.VerifyElementPresentKeyword$_verifyElementPresent_closure1.doCall(VerifyElementPresentKeyword.groovy:85)
	at com.kms.katalon.core.webui.keyword.builtin.VerifyElementPresentKeyword$_verifyElementPresent_closure1.call(VerifyElementPresentKeyword.groovy)
	at com.kms.katalon.core.webui.keyword.internal.WebUIKeywordMain.runKeyword(WebUIKeywordMain.groovy:20)
	... 19 more]]></system-err>
      </testcase>
      <testcase name="Test Cases/Search Product/TC-SPN-009" time="11.453" classname="Test Cases/Search Product/TC-SPN-009" status="PASSED">
         <system-out><![CDATA[2023-10-03 11:21:22 - [TEST_CASE][PASSED] - Test Cases/Search Product/TC-SPN-009: Test Cases/Search Product/TC-SPN-009

2023-10-03 11:21:22 - [TEST_STEP][PASSED] - openBrowser("https://10.9.2.63/ecommerce/"): Browser is opened with url: 'https://10.9.2.63/ecommerce/'

2023-10-03 11:21:22 - [MESSAGE][WARNING] - A browser is already opened. Closing browser and opening a new one

2023-10-03 11:21:23 - [MESSAGE][INFO] - Starting 'Edge Chromium' driver

2023-10-03 11:21:23 - [MESSAGE][INFO] - User set preference: ['acceptInsecureCerts', 'true']

2023-10-03 11:21:25 - [MESSAGE][INFO] - Action delay is set to 0 milliseconds

2023-10-03 11:21:30 - [MESSAGE][PASSED] - Browser is opened with url: 'https://10.9.2.63/ecommerce/'

2023-10-03 11:21:30 - [TEST_STEP][PASSED] - maximizeWindow(): Current window maximized

2023-10-03 11:21:30 - [MESSAGE][PASSED] - Current window maximized

2023-10-03 11:21:30 - [TEST_STEP][PASSED] - verifyElementPresent(findTestObject("Search Product/Verify Page Tajalapak"), 0): Object 'Object Repository/Search Product/Verify Page Tajalapak' is present

2023-10-03 11:21:30 - [MESSAGE][WARNING] - Timeout '0' is invalid. Using default page load timeout: '30'

2023-10-03 11:21:31 - [MESSAGE][PASSED] - Object 'Object Repository/Search Product/Verify Page Tajalapak' is present

2023-10-03 11:21:31 - [TEST_STEP][PASSED] - setText(findTestObject("Search Product/Input Product"), merk): Text '~!@#$%^&*()' is set on object 'Object Repository/Search Product/Input Product'

2023-10-03 11:21:32 - [MESSAGE][PASSED] - Text '~!@#$%^&*()' is set on object 'Object Repository/Search Product/Input Product'

2023-10-03 11:21:32 - [TEST_STEP][PASSED] - click(findTestObject("Search Product/button_Cari Product")): Object: 'Object Repository/Search Product/button_Cari Product' is clicked on

2023-10-03 11:21:32 - [MESSAGE][PASSED] - Object: 'Object Repository/Search Product/button_Cari Product' is clicked on

2023-10-03 11:21:32 - [TEST_STEP][PASSED] - verifyElementPresent(findTestObject("Search Product/Produk Tidak Ditemukan"), 0): Object 'Object Repository/Search Product/Produk Tidak Ditemukan' is present

2023-10-03 11:21:33 - [MESSAGE][WARNING] - Timeout '0' is invalid. Using default page load timeout: '30'

2023-10-03 11:21:33 - [MESSAGE][PASSED] - Object 'Object Repository/Search Product/Produk Tidak Ditemukan' is present]]></system-out>
         <system-err><![CDATA[]]></system-err>
      </testcase>
      <testcase name="Test Cases/Search Product/TC-SPN-010" time="9.554" classname="Test Cases/Search Product/TC-SPN-010" status="PASSED">
         <system-out><![CDATA[2023-10-03 11:21:33 - [TEST_CASE][PASSED] - Test Cases/Search Product/TC-SPN-010: Test Cases/Search Product/TC-SPN-010

2023-10-03 11:21:34 - [TEST_STEP][PASSED] - openBrowser("https://10.9.2.63/ecommerce/"): Browser is opened with url: 'https://10.9.2.63/ecommerce/'

2023-10-03 11:21:34 - [MESSAGE][WARNING] - A browser is already opened. Closing browser and opening a new one

2023-10-03 11:21:34 - [MESSAGE][INFO] - Starting 'Edge Chromium' driver

2023-10-03 11:21:34 - [MESSAGE][INFO] - User set preference: ['acceptInsecureCerts', 'true']

2023-10-03 11:21:37 - [MESSAGE][INFO] - Action delay is set to 0 milliseconds

2023-10-03 11:21:40 - [MESSAGE][PASSED] - Browser is opened with url: 'https://10.9.2.63/ecommerce/'

2023-10-03 11:21:40 - [TEST_STEP][PASSED] - maximizeWindow(): Current window maximized

2023-10-03 11:21:40 - [MESSAGE][PASSED] - Current window maximized

2023-10-03 11:21:40 - [TEST_STEP][PASSED] - verifyElementPresent(findTestObject("Search Product/Verify Page Tajalapak"), 0): Object 'Object Repository/Search Product/Verify Page Tajalapak' is present

2023-10-03 11:21:40 - [MESSAGE][WARNING] - Timeout '0' is invalid. Using default page load timeout: '30'

2023-10-03 11:21:41 - [MESSAGE][PASSED] - Object 'Object Repository/Search Product/Verify Page Tajalapak' is present

2023-10-03 11:21:41 - [TEST_STEP][PASSED] - setText(findTestObject("Search Product/Input Product"), merk): Text '1234567890' is set on object 'Object Repository/Search Product/Input Product'

2023-10-03 11:21:41 - [MESSAGE][PASSED] - Text '1234567890' is set on object 'Object Repository/Search Product/Input Product'

2023-10-03 11:21:41 - [TEST_STEP][PASSED] - click(findTestObject("Search Product/button_Cari Product")): Object: 'Object Repository/Search Product/button_Cari Product' is clicked on

2023-10-03 11:21:42 - [MESSAGE][PASSED] - Object: 'Object Repository/Search Product/button_Cari Product' is clicked on

2023-10-03 11:21:42 - [TEST_STEP][PASSED] - verifyElementPresent(findTestObject("Search Product/Produk Tidak Ditemukan"), 0): Object 'Object Repository/Search Product/Produk Tidak Ditemukan' is present

2023-10-03 11:21:42 - [MESSAGE][WARNING] - Timeout '0' is invalid. Using default page load timeout: '30'

2023-10-03 11:21:43 - [MESSAGE][PASSED] - Object 'Object Repository/Search Product/Produk Tidak Ditemukan' is present]]></system-out>
         <system-err><![CDATA[]]></system-err>
      </testcase>
      <testcase name="Test Cases/Search Product/TC-SPN-011" time="40.188" classname="Test Cases/Search Product/TC-SPN-011" status="FAILED">
         <failure type="FAILED" message="Test Cases/Search Product/TC-SPN-011 FAILED.
Reason:
com.kms.katalon.core.exception.StepFailedException: Unable to verify object 'Object Repository/Search Product/Produk Tidak Ditemukan' is present
	at com.kms.katalon.core.webui.keyword.internal.WebUIKeywordMain.stepFailed(WebUIKeywordMain.groovy:64)
	at com.kms.katalon.core.webui.keyword.internal.WebUIKeywordMain.runKeyword(WebUIKeywordMain.groovy:26)
	at com.kms.katalon.core.webui.keyword.builtin.VerifyElementPresentKeyword.verifyElementPresent(VerifyElementPresentKeyword.groovy:92)
	at com.kms.katalon.core.webui.keyword.builtin.VerifyElementPresentKeyword.execute(VerifyElementPresentKeyword.groovy:68)
	at com.kms.katalon.core.keyword.internal.KeywordExecutor.executeKeywordForPlatform(KeywordExecutor.groovy:74)
	at com.kms.katalon.core.webui.keyword.WebUiBuiltInKeywords.verifyElementPresent(WebUiBuiltInKeywords.groovy:1464)
	at com.kms.katalon.core.webui.keyword.WebUiBuiltInKeywords$verifyElementPresent$1.call(Unknown Source)
	at TC-SPN-011.run(TC-SPN-011:30)
	at com.kms.katalon.core.main.ScriptEngine.run(ScriptEngine.java:194)
	at com.kms.katalon.core.main.ScriptEngine.runScriptAsRawText(ScriptEngine.java:119)
	at com.kms.katalon.core.main.TestCaseExecutor.runScript(TestCaseExecutor.java:448)
	at com.kms.katalon.core.main.TestCaseExecutor.doExecute(TestCaseExecutor.java:439)
	at com.kms.katalon.core.main.TestCaseExecutor.processExecutionPhase(TestCaseExecutor.java:418)
	at com.kms.katalon.core.main.TestCaseExecutor.accessMainPhase(TestCaseExecutor.java:410)
	at com.kms.katalon.core.main.TestCaseExecutor.execute(TestCaseExecutor.java:285)
	at com.kms.katalon.core.common.CommonExecutor.accessTestCaseMainPhase(CommonExecutor.java:65)
	at com.kms.katalon.core.main.TestSuiteExecutor.accessTestSuiteMainPhase(TestSuiteExecutor.java:148)
	at com.kms.katalon.core.main.TestSuiteExecutor.execute(TestSuiteExecutor.java:106)
	at com.kms.katalon.core.main.TestCaseMain.startTestSuite(TestCaseMain.java:187)
	at com.kms.katalon.core.main.TestCaseMain$startTestSuite$0.call(Unknown Source)
	at TempTestSuite1696306504857.run(TempTestSuite1696306504857.groovy:36)
Caused by: com.kms.katalon.core.exception.StepFailedException: com.kms.katalon.core.webui.exception.WebElementNotFoundException: Web element with id: 'Object Repository/Search Product/Produk Tidak Ditemukan' located by '//div[@id='tab-1']/div/center/img' not found
	at com.kms.katalon.core.webui.keyword.internal.WebUIKeywordMain.stepFailed(WebUIKeywordMain.groovy:64)
	at com.kms.katalon.core.webui.keyword.builtin.VerifyElementPresentKeyword$_verifyElementPresent_closure1.doCall(VerifyElementPresentKeyword.groovy:85)
	at com.kms.katalon.core.webui.keyword.builtin.VerifyElementPresentKeyword$_verifyElementPresent_closure1.call(VerifyElementPresentKeyword.groovy)
	at com.kms.katalon.core.webui.keyword.internal.WebUIKeywordMain.runKeyword(WebUIKeywordMain.groovy:20)
	... 19 more
"/>
         <system-out><![CDATA[2023-10-03 11:21:43 - [TEST_CASE][FAILED] - Test Cases/Search Product/TC-SPN-011: Test Cases/Search Product/TC-SPN-011 FAILED.
Reason:
com.kms.katalon.core.exception.StepFailedException: Unable to verify object 'Object Repository/Search Product/Produk Tidak Ditemukan' is present
	at com.kms.katalon.core.webui.keyword.internal.WebUIKeywordMain.stepFailed(WebUIKeywordMain.groovy:64)
	at com.kms.katalon.core.webui.keyword.internal.WebUIKeywordMain.runKeyword(WebUIKeywordMain.groovy:26)
	at com.kms.katalon.core.webui.keyword.builtin.VerifyElementPresentKeyword.verifyElementPresent(VerifyElementPresentKeyword.groovy:92)
	at com.kms.katalon.core.webui.keyword.builtin.VerifyElementPresentKeyword.execute(VerifyElementPresentKeyword.groovy:68)
	at com.kms.katalon.core.keyword.internal.KeywordExecutor.executeKeywordForPlatform(KeywordExecutor.groovy:74)
	at com.kms.katalon.core.webui.keyword.WebUiBuiltInKeywords.verifyElementPresent(WebUiBuiltInKeywords.groovy:1464)
	at com.kms.katalon.core.webui.keyword.WebUiBuiltInKeywords$verifyElementPresent$1.call(Unknown Source)
	at TC-SPN-011.run(TC-SPN-011:30)
	at com.kms.katalon.core.main.ScriptEngine.run(ScriptEngine.java:194)
	at com.kms.katalon.core.main.ScriptEngine.runScriptAsRawText(ScriptEngine.java:119)
	at com.kms.katalon.core.main.TestCaseExecutor.runScript(TestCaseExecutor.java:448)
	at com.kms.katalon.core.main.TestCaseExecutor.doExecute(TestCaseExecutor.java:439)
	at com.kms.katalon.core.main.TestCaseExecutor.processExecutionPhase(TestCaseExecutor.java:418)
	at com.kms.katalon.core.main.TestCaseExecutor.accessMainPhase(TestCaseExecutor.java:410)
	at com.kms.katalon.core.main.TestCaseExecutor.execute(TestCaseExecutor.java:285)
	at com.kms.katalon.core.common.CommonExecutor.accessTestCaseMainPhase(CommonExecutor.java:65)
	at com.kms.katalon.core.main.TestSuiteExecutor.accessTestSuiteMainPhase(TestSuiteExecutor.java:148)
	at com.kms.katalon.core.main.TestSuiteExecutor.execute(TestSuiteExecutor.java:106)
	at com.kms.katalon.core.main.TestCaseMain.startTestSuite(TestCaseMain.java:187)
	at com.kms.katalon.core.main.TestCaseMain$startTestSuite$0.call(Unknown Source)
	at TempTestSuite1696306504857.run(TempTestSuite1696306504857.groovy:36)
Caused by: com.kms.katalon.core.exception.StepFailedException: com.kms.katalon.core.webui.exception.WebElementNotFoundException: Web element with id: 'Object Repository/Search Product/Produk Tidak Ditemukan' located by '//div[@id='tab-1']/div/center/img' not found
	at com.kms.katalon.core.webui.keyword.internal.WebUIKeywordMain.stepFailed(WebUIKeywordMain.groovy:64)
	at com.kms.katalon.core.webui.keyword.builtin.VerifyElementPresentKeyword$_verifyElementPresent_closure1.doCall(VerifyElementPresentKeyword.groovy:85)
	at com.kms.katalon.core.webui.keyword.builtin.VerifyElementPresentKeyword$_verifyElementPresent_closure1.call(VerifyElementPresentKeyword.groovy)
	at com.kms.katalon.core.webui.keyword.internal.WebUIKeywordMain.runKeyword(WebUIKeywordMain.groovy:20)
	... 19 more


2023-10-03 11:21:43 - [TEST_STEP][PASSED] - openBrowser("https://10.9.2.63/ecommerce/"): Browser is opened with url: 'https://10.9.2.63/ecommerce/'

2023-10-03 11:21:43 - [MESSAGE][WARNING] - A browser is already opened. Closing browser and opening a new one

2023-10-03 11:21:44 - [MESSAGE][INFO] - Starting 'Edge Chromium' driver

2023-10-03 11:21:44 - [MESSAGE][INFO] - User set preference: ['acceptInsecureCerts', 'true']

2023-10-03 11:21:46 - [MESSAGE][INFO] - Action delay is set to 0 milliseconds

2023-10-03 11:21:49 - [MESSAGE][PASSED] - Browser is opened with url: 'https://10.9.2.63/ecommerce/'

2023-10-03 11:21:49 - [TEST_STEP][PASSED] - maximizeWindow(): Current window maximized

2023-10-03 11:21:49 - [MESSAGE][PASSED] - Current window maximized

2023-10-03 11:21:49 - [TEST_STEP][PASSED] - verifyElementPresent(findTestObject("Search Product/Verify Page Tajalapak"), 0): Object 'Object Repository/Search Product/Verify Page Tajalapak' is present

2023-10-03 11:21:49 - [MESSAGE][WARNING] - Timeout '0' is invalid. Using default page load timeout: '30'

2023-10-03 11:21:50 - [MESSAGE][PASSED] - Object 'Object Repository/Search Product/Verify Page Tajalapak' is present

2023-10-03 11:21:50 - [TEST_STEP][PASSED] - setText(findTestObject("Search Product/Input Product"), merk): Text 'baju koko yang sangat bagus dipakai untuk luar ruangan dan saat dipakai memiliki rasa yang dingin berbeda dari baju koko yang lainnya' is set on object 'Object Repository/Search Product/Input Product'

2023-10-03 11:21:51 - [MESSAGE][PASSED] - Text 'baju koko yang sangat bagus dipakai untuk luar ruangan dan saat dipakai memiliki rasa yang dingin berbeda dari baju koko yang lainnya' is set on object 'Object Repository/Search Product/Input Product'

2023-10-03 11:21:51 - [TEST_STEP][PASSED] - click(findTestObject("Search Product/button_Cari Product")): Object: 'Object Repository/Search Product/button_Cari Product' is clicked on

2023-10-03 11:21:52 - [MESSAGE][PASSED] - Object: 'Object Repository/Search Product/button_Cari Product' is clicked on

2023-10-03 11:21:52 - [TEST_STEP][FAILED] - verifyElementPresent(findTestObject("Search Product/Produk Tidak Ditemukan"), 0): Unable to verify object 'Object Repository/Search Product/Produk Tidak Ditemukan' is present (Root cause: com.kms.katalon.core.exception.StepFailedException: Unable to verify object 'Object Repository/Search Product/Produk Tidak Ditemukan' is present
	at com.kms.katalon.core.webui.keyword.internal.WebUIKeywordMain.stepFailed(WebUIKeywordMain.groovy:64)
	at com.kms.katalon.core.webui.keyword.internal.WebUIKeywordMain.runKeyword(WebUIKeywordMain.groovy:26)
	at com.kms.katalon.core.webui.keyword.builtin.VerifyElementPresentKeyword.verifyElementPresent(VerifyElementPresentKeyword.groovy:92)
	at com.kms.katalon.core.webui.keyword.builtin.VerifyElementPresentKeyword.execute(VerifyElementPresentKeyword.groovy:68)
	at com.kms.katalon.core.keyword.internal.KeywordExecutor.executeKeywordForPlatform(KeywordExecutor.groovy:74)
	at com.kms.katalon.core.webui.keyword.WebUiBuiltInKeywords.verifyElementPresent(WebUiBuiltInKeywords.groovy:1464)
	at com.kms.katalon.core.webui.keyword.WebUiBuiltInKeywords$verifyElementPresent$1.call(Unknown Source)
	at TC-SPN-011.run(TC-SPN-011:30)
	at com.kms.katalon.core.main.ScriptEngine.run(ScriptEngine.java:194)
	at com.kms.katalon.core.main.ScriptEngine.runScriptAsRawText(ScriptEngine.java:119)
	at com.kms.katalon.core.main.TestCaseExecutor.runScript(TestCaseExecutor.java:448)
	at com.kms.katalon.core.main.TestCaseExecutor.doExecute(TestCaseExecutor.java:439)
	at com.kms.katalon.core.main.TestCaseExecutor.processExecutionPhase(TestCaseExecutor.java:418)
	at com.kms.katalon.core.main.TestCaseExecutor.accessMainPhase(TestCaseExecutor.java:410)
	at com.kms.katalon.core.main.TestCaseExecutor.execute(TestCaseExecutor.java:285)
	at com.kms.katalon.core.common.CommonExecutor.accessTestCaseMainPhase(CommonExecutor.java:65)
	at com.kms.katalon.core.main.TestSuiteExecutor.accessTestSuiteMainPhase(TestSuiteExecutor.java:148)
	at com.kms.katalon.core.main.TestSuiteExecutor.execute(TestSuiteExecutor.java:106)
	at com.kms.katalon.core.main.TestCaseMain.startTestSuite(TestCaseMain.java:187)
	at com.kms.katalon.core.main.TestCaseMain$startTestSuite$0.call(Unknown Source)
	at TempTestSuite1696306504857.run(TempTestSuite1696306504857.groovy:36)
Caused by: com.kms.katalon.core.exception.StepFailedException: com.kms.katalon.core.webui.exception.WebElementNotFoundException: Web element with id: 'Object Repository/Search Product/Produk Tidak Ditemukan' located by '//div[@id='tab-1']/div/center/img' not found
	at com.kms.katalon.core.webui.keyword.internal.WebUIKeywordMain.stepFailed(WebUIKeywordMain.groovy:64)
	at com.kms.katalon.core.webui.keyword.builtin.VerifyElementPresentKeyword$_verifyElementPresent_closure1.doCall(VerifyElementPresentKeyword.groovy:85)
	at com.kms.katalon.core.webui.keyword.builtin.VerifyElementPresentKeyword$_verifyElementPresent_closure1.call(VerifyElementPresentKeyword.groovy)
	at com.kms.katalon.core.webui.keyword.internal.WebUIKeywordMain.runKeyword(WebUIKeywordMain.groovy:20)
	... 19 more
)

2023-10-03 11:21:52 - [MESSAGE][WARNING] - Timeout '0' is invalid. Using default page load timeout: '30'

2023-10-03 11:22:23 - [MESSAGE][INFO] - Unable to find the element located by 'By.xpath: //div[@id='tab-1']/div/center/img'. Please recheck the objects properties to make sure the desired element is located. 

2023-10-03 11:22:23 - [MESSAGE][FAILED] - com.kms.katalon.core.webui.exception.WebElementNotFoundException: Web element with id: 'Object Repository/Search Product/Produk Tidak Ditemukan' located by '//div[@id='tab-1']/div/center/img' not found (Root cause: com.kms.katalon.core.exception.StepFailedException: com.kms.katalon.core.webui.exception.WebElementNotFoundException: Web element with id: 'Object Repository/Search Product/Produk Tidak Ditemukan' located by '//div[@id='tab-1']/div/center/img' not found
	at com.kms.katalon.core.webui.keyword.internal.WebUIKeywordMain.stepFailed(WebUIKeywordMain.groovy:64)
	at com.kms.katalon.core.webui.keyword.builtin.VerifyElementPresentKeyword$_verifyElementPresent_closure1.doCall(VerifyElementPresentKeyword.groovy:85)
	at com.kms.katalon.core.webui.keyword.builtin.VerifyElementPresentKeyword$_verifyElementPresent_closure1.call(VerifyElementPresentKeyword.groovy)
	at com.kms.katalon.core.webui.keyword.internal.WebUIKeywordMain.runKeyword(WebUIKeywordMain.groovy:20)
	at com.kms.katalon.core.webui.keyword.builtin.VerifyElementPresentKeyword.verifyElementPresent(VerifyElementPresentKeyword.groovy:92)
	at com.kms.katalon.core.webui.keyword.builtin.VerifyElementPresentKeyword.execute(VerifyElementPresentKeyword.groovy:68)
	at com.kms.katalon.core.keyword.internal.KeywordExecutor.executeKeywordForPlatform(KeywordExecutor.groovy:74)
	at com.kms.katalon.core.webui.keyword.WebUiBuiltInKeywords.verifyElementPresent(WebUiBuiltInKeywords.groovy:1464)
	at com.kms.katalon.core.webui.keyword.WebUiBuiltInKeywords$verifyElementPresent$1.call(Unknown Source)
	at TC-SPN-011.run(TC-SPN-011:30)
	at com.kms.katalon.core.main.ScriptEngine.run(ScriptEngine.java:194)
	at com.kms.katalon.core.main.ScriptEngine.runScriptAsRawText(ScriptEngine.java:119)
	at com.kms.katalon.core.main.TestCaseExecutor.runScript(TestCaseExecutor.java:448)
	at com.kms.katalon.core.main.TestCaseExecutor.doExecute(TestCaseExecutor.java:439)
	at com.kms.katalon.core.main.TestCaseExecutor.processExecutionPhase(TestCaseExecutor.java:418)
	at com.kms.katalon.core.main.TestCaseExecutor.accessMainPhase(TestCaseExecutor.java:410)
	at com.kms.katalon.core.main.TestCaseExecutor.execute(TestCaseExecutor.java:285)
	at com.kms.katalon.core.common.CommonExecutor.accessTestCaseMainPhase(CommonExecutor.java:65)
	at com.kms.katalon.core.main.TestSuiteExecutor.accessTestSuiteMainPhase(TestSuiteExecutor.java:148)
	at com.kms.katalon.core.main.TestSuiteExecutor.execute(TestSuiteExecutor.java:106)
	at com.kms.katalon.core.main.TestCaseMain.startTestSuite(TestCaseMain.java:187)
	at com.kms.katalon.core.main.TestCaseMain$startTestSuite$0.call(Unknown Source)
	at TempTestSuite1696306504857.run(TempTestSuite1696306504857.groovy:36)
)
[[ATTACHMENT|G:\\Project Xsis\\batch-324-qa\\Riswan\\Tajalapak_com\\Reports\\20231003_111504\\TS-Search Product\\20231003_111504\\1696306943352.png]]

2023-10-03 11:22:23 - [MESSAGE][FAILED] - Unable to verify object 'Object Repository/Search Product/Produk Tidak Ditemukan' is present (Root cause: com.kms.katalon.core.exception.StepFailedException: Unable to verify object 'Object Repository/Search Product/Produk Tidak Ditemukan' is present
	at com.kms.katalon.core.webui.keyword.internal.WebUIKeywordMain.stepFailed(WebUIKeywordMain.groovy:64)
	at com.kms.katalon.core.webui.keyword.internal.WebUIKeywordMain.runKeyword(WebUIKeywordMain.groovy:26)
	at com.kms.katalon.core.webui.keyword.builtin.VerifyElementPresentKeyword.verifyElementPresent(VerifyElementPresentKeyword.groovy:92)
	at com.kms.katalon.core.webui.keyword.builtin.VerifyElementPresentKeyword.execute(VerifyElementPresentKeyword.groovy:68)
	at com.kms.katalon.core.keyword.internal.KeywordExecutor.executeKeywordForPlatform(KeywordExecutor.groovy:74)
	at com.kms.katalon.core.webui.keyword.WebUiBuiltInKeywords.verifyElementPresent(WebUiBuiltInKeywords.groovy:1464)
	at com.kms.katalon.core.webui.keyword.WebUiBuiltInKeywords$verifyElementPresent$1.call(Unknown Source)
	at TC-SPN-011.run(TC-SPN-011:30)
	at com.kms.katalon.core.main.ScriptEngine.run(ScriptEngine.java:194)
	at com.kms.katalon.core.main.ScriptEngine.runScriptAsRawText(ScriptEngine.java:119)
	at com.kms.katalon.core.main.TestCaseExecutor.runScript(TestCaseExecutor.java:448)
	at com.kms.katalon.core.main.TestCaseExecutor.doExecute(TestCaseExecutor.java:439)
	at com.kms.katalon.core.main.TestCaseExecutor.processExecutionPhase(TestCaseExecutor.java:418)
	at com.kms.katalon.core.main.TestCaseExecutor.accessMainPhase(TestCaseExecutor.java:410)
	at com.kms.katalon.core.main.TestCaseExecutor.execute(TestCaseExecutor.java:285)
	at com.kms.katalon.core.common.CommonExecutor.accessTestCaseMainPhase(CommonExecutor.java:65)
	at com.kms.katalon.core.main.TestSuiteExecutor.accessTestSuiteMainPhase(TestSuiteExecutor.java:148)
	at com.kms.katalon.core.main.TestSuiteExecutor.execute(TestSuiteExecutor.java:106)
	at com.kms.katalon.core.main.TestCaseMain.startTestSuite(TestCaseMain.java:187)
	at com.kms.katalon.core.main.TestCaseMain$startTestSuite$0.call(Unknown Source)
	at TempTestSuite1696306504857.run(TempTestSuite1696306504857.groovy:36)
Caused by: com.kms.katalon.core.exception.StepFailedException: com.kms.katalon.core.webui.exception.WebElementNotFoundException: Web element with id: 'Object Repository/Search Product/Produk Tidak Ditemukan' located by '//div[@id='tab-1']/div/center/img' not found
	at com.kms.katalon.core.webui.keyword.internal.WebUIKeywordMain.stepFailed(WebUIKeywordMain.groovy:64)
	at com.kms.katalon.core.webui.keyword.builtin.VerifyElementPresentKeyword$_verifyElementPresent_closure1.doCall(VerifyElementPresentKeyword.groovy:85)
	at com.kms.katalon.core.webui.keyword.builtin.VerifyElementPresentKeyword$_verifyElementPresent_closure1.call(VerifyElementPresentKeyword.groovy)
	at com.kms.katalon.core.webui.keyword.internal.WebUIKeywordMain.runKeyword(WebUIKeywordMain.groovy:20)
	... 19 more
)
[[ATTACHMENT|G:\\Project Xsis\\batch-324-qa\\Riswan\\Tajalapak_com\\Reports\\20231003_111504\\TS-Search Product\\20231003_111504\\1696306943501.png]]]]></system-out>
         <system-err><![CDATA[2023-10-03 11:21:43 - [TEST_CASE][FAILED] - Test Cases/Search Product/TC-SPN-011: Test Cases/Search Product/TC-SPN-011 FAILED.
Reason:
com.kms.katalon.core.exception.StepFailedException: Unable to verify object 'Object Repository/Search Product/Produk Tidak Ditemukan' is present
	at com.kms.katalon.core.webui.keyword.internal.WebUIKeywordMain.stepFailed(WebUIKeywordMain.groovy:64)
	at com.kms.katalon.core.webui.keyword.internal.WebUIKeywordMain.runKeyword(WebUIKeywordMain.groovy:26)
	at com.kms.katalon.core.webui.keyword.builtin.VerifyElementPresentKeyword.verifyElementPresent(VerifyElementPresentKeyword.groovy:92)
	at com.kms.katalon.core.webui.keyword.builtin.VerifyElementPresentKeyword.execute(VerifyElementPresentKeyword.groovy:68)
	at com.kms.katalon.core.keyword.internal.KeywordExecutor.executeKeywordForPlatform(KeywordExecutor.groovy:74)
	at com.kms.katalon.core.webui.keyword.WebUiBuiltInKeywords.verifyElementPresent(WebUiBuiltInKeywords.groovy:1464)
	at com.kms.katalon.core.webui.keyword.WebUiBuiltInKeywords$verifyElementPresent$1.call(Unknown Source)
	at TC-SPN-011.run(TC-SPN-011:30)
	at com.kms.katalon.core.main.ScriptEngine.run(ScriptEngine.java:194)
	at com.kms.katalon.core.main.ScriptEngine.runScriptAsRawText(ScriptEngine.java:119)
	at com.kms.katalon.core.main.TestCaseExecutor.runScript(TestCaseExecutor.java:448)
	at com.kms.katalon.core.main.TestCaseExecutor.doExecute(TestCaseExecutor.java:439)
	at com.kms.katalon.core.main.TestCaseExecutor.processExecutionPhase(TestCaseExecutor.java:418)
	at com.kms.katalon.core.main.TestCaseExecutor.accessMainPhase(TestCaseExecutor.java:410)
	at com.kms.katalon.core.main.TestCaseExecutor.execute(TestCaseExecutor.java:285)
	at com.kms.katalon.core.common.CommonExecutor.accessTestCaseMainPhase(CommonExecutor.java:65)
	at com.kms.katalon.core.main.TestSuiteExecutor.accessTestSuiteMainPhase(TestSuiteExecutor.java:148)
	at com.kms.katalon.core.main.TestSuiteExecutor.execute(TestSuiteExecutor.java:106)
	at com.kms.katalon.core.main.TestCaseMain.startTestSuite(TestCaseMain.java:187)
	at com.kms.katalon.core.main.TestCaseMain$startTestSuite$0.call(Unknown Source)
	at TempTestSuite1696306504857.run(TempTestSuite1696306504857.groovy:36)
Caused by: com.kms.katalon.core.exception.StepFailedException: com.kms.katalon.core.webui.exception.WebElementNotFoundException: Web element with id: 'Object Repository/Search Product/Produk Tidak Ditemukan' located by '//div[@id='tab-1']/div/center/img' not found
	at com.kms.katalon.core.webui.keyword.internal.WebUIKeywordMain.stepFailed(WebUIKeywordMain.groovy:64)
	at com.kms.katalon.core.webui.keyword.builtin.VerifyElementPresentKeyword$_verifyElementPresent_closure1.doCall(VerifyElementPresentKeyword.groovy:85)
	at com.kms.katalon.core.webui.keyword.builtin.VerifyElementPresentKeyword$_verifyElementPresent_closure1.call(VerifyElementPresentKeyword.groovy)
	at com.kms.katalon.core.webui.keyword.internal.WebUIKeywordMain.runKeyword(WebUIKeywordMain.groovy:20)
	... 19 more]]></system-err>
      </testcase>
      <testcase name="Test Cases/Search Product/TC-SPN-012" time="15.25" classname="Test Cases/Search Product/TC-SPN-012" status="PASSED">
         <system-out><![CDATA[2023-10-03 11:22:23 - [TEST_CASE][PASSED] - Test Cases/Search Product/TC-SPN-012: Test Cases/Search Product/TC-SPN-012

2023-10-03 11:22:24 - [TEST_STEP][PASSED] - callTestCase(findTestCase("Search Product/TC-SP-002"), ["merk":"a"], STOP_ON_FAILURE): Call Test Case 'Test Cases/Search Product/TC-SP-002' successfully

2023-10-03 11:22:24 - [TEST_CASE][PASSED] - Test Cases/Search Product/TC-SP-002: Test Cases/Search Product/TC-SP-002

2023-10-03 11:22:24 - [TEST_STEP][PASSED] - openBrowser("https://10.9.2.63/ecommerce/"): Browser is opened with url: 'https://10.9.2.63/ecommerce/'

2023-10-03 11:22:24 - [MESSAGE][WARNING] - A browser is already opened. Closing browser and opening a new one

2023-10-03 11:22:24 - [MESSAGE][INFO] - Starting 'Edge Chromium' driver

2023-10-03 11:22:24 - [MESSAGE][INFO] - User set preference: ['acceptInsecureCerts', 'true']

2023-10-03 11:22:27 - [MESSAGE][INFO] - Action delay is set to 0 milliseconds

2023-10-03 11:22:30 - [MESSAGE][PASSED] - Browser is opened with url: 'https://10.9.2.63/ecommerce/'

2023-10-03 11:22:30 - [TEST_STEP][PASSED] - maximizeWindow(): Current window maximized

2023-10-03 11:22:30 - [MESSAGE][PASSED] - Current window maximized

2023-10-03 11:22:30 - [TEST_STEP][PASSED] - verifyElementPresent(findTestObject("Search Product/Verify Page Tajalapak"), 0): Object 'Object Repository/Search Product/Verify Page Tajalapak' is present

2023-10-03 11:22:30 - [MESSAGE][WARNING] - Timeout '0' is invalid. Using default page load timeout: '30'

2023-10-03 11:22:31 - [MESSAGE][PASSED] - Object 'Object Repository/Search Product/Verify Page Tajalapak' is present

2023-10-03 11:22:31 - [TEST_STEP][PASSED] - setText(findTestObject("Search Product/Input Product"), merk): Text 'a' is set on object 'Object Repository/Search Product/Input Product'

2023-10-03 11:22:31 - [MESSAGE][PASSED] - Text 'a' is set on object 'Object Repository/Search Product/Input Product'

2023-10-03 11:22:31 - [TEST_STEP][PASSED] - click(findTestObject("Search Product/button_Cari Product")): Object: 'Object Repository/Search Product/button_Cari Product' is clicked on

2023-10-03 11:22:33 - [MESSAGE][PASSED] - Object: 'Object Repository/Search Product/button_Cari Product' is clicked on

2023-10-03 11:22:33 - [TEST_STEP][PASSED] - dataList = findWebElements(findTestObject("Object Repository/Search Product/Semua nama Produk"), 10): null

2023-10-03 11:22:33 - [TEST_STEP][PASSED] - arrProdukName = []: null

2023-10-03 11:22:33 - [TEST_STEP][PASSED] - for ([i = 0, i < dataList.size(), (i++)]): null

2023-10-03 11:22:33 - [TEST_STEP][PASSED] - text = text: null

2023-10-03 11:22:33 - [TEST_STEP][PASSED] - arrProdukName[i] = text.toLowerCase(): null

2023-10-03 11:22:33 - [TEST_STEP][PASSED] - text = text: null

2023-10-03 11:22:33 - [TEST_STEP][PASSED] - arrProdukName[i] = text.toLowerCase(): null

2023-10-03 11:22:33 - [TEST_STEP][PASSED] - text = text: null

2023-10-03 11:22:33 - [TEST_STEP][PASSED] - arrProdukName[i] = text.toLowerCase(): null

2023-10-03 11:22:33 - [TEST_STEP][PASSED] - text = text: null

2023-10-03 11:22:33 - [TEST_STEP][PASSED] - arrProdukName[i] = text.toLowerCase(): null

2023-10-03 11:22:33 - [TEST_STEP][PASSED] - text = text: null

2023-10-03 11:22:33 - [TEST_STEP][PASSED] - arrProdukName[i] = text.toLowerCase(): null

2023-10-03 11:22:33 - [TEST_STEP][PASSED] - text = text: null

2023-10-03 11:22:33 - [TEST_STEP][PASSED] - arrProdukName[i] = text.toLowerCase(): null

2023-10-03 11:22:33 - [TEST_STEP][PASSED] - text = text: null

2023-10-03 11:22:33 - [TEST_STEP][PASSED] - arrProdukName[i] = text.toLowerCase(): null

2023-10-03 11:22:33 - [TEST_STEP][PASSED] - text = text: null

2023-10-03 11:22:33 - [TEST_STEP][PASSED] - arrProdukName[i] = text.toLowerCase(): null

2023-10-03 11:22:33 - [TEST_STEP][PASSED] - text = text: null

2023-10-03 11:22:33 - [TEST_STEP][PASSED] - arrProdukName[i] = text.toLowerCase(): null

2023-10-03 11:22:33 - [TEST_STEP][PASSED] - text = text: null

2023-10-03 11:22:33 - [TEST_STEP][PASSED] - arrProdukName[i] = text.toLowerCase(): null

2023-10-03 11:22:33 - [TEST_STEP][PASSED] - text = text: null

2023-10-03 11:22:33 - [TEST_STEP][PASSED] - arrProdukName[i] = text.toLowerCase(): null

2023-10-03 11:22:33 - [TEST_STEP][PASSED] - text = text: null

2023-10-03 11:22:33 - [TEST_STEP][PASSED] - arrProdukName[i] = text.toLowerCase(): null

2023-10-03 11:22:33 - [TEST_STEP][PASSED] - print(arrProdukName): null

2023-10-03 11:22:33 - [TEST_STEP][PASSED] - for ([i = 0, i < dataList.size(), (i++)]): null

2023-10-03 11:22:33 - [TEST_STEP][PASSED] - assert arrProdukName[i].contains(merk): null

2023-10-03 11:22:33 - [TEST_STEP][PASSED] - assert arrProdukName[i].contains(merk): null

2023-10-03 11:22:33 - [TEST_STEP][PASSED] - assert arrProdukName[i].contains(merk): null

2023-10-03 11:22:33 - [TEST_STEP][PASSED] - assert arrProdukName[i].contains(merk): null

2023-10-03 11:22:33 - [TEST_STEP][PASSED] - assert arrProdukName[i].contains(merk): null

2023-10-03 11:22:33 - [TEST_STEP][PASSED] - assert arrProdukName[i].contains(merk): null

2023-10-03 11:22:33 - [TEST_STEP][PASSED] - assert arrProdukName[i].contains(merk): null

2023-10-03 11:22:33 - [TEST_STEP][PASSED] - assert arrProdukName[i].contains(merk): null

2023-10-03 11:22:33 - [TEST_STEP][PASSED] - assert arrProdukName[i].contains(merk): null

2023-10-03 11:22:33 - [TEST_STEP][PASSED] - assert arrProdukName[i].contains(merk): null

2023-10-03 11:22:33 - [TEST_STEP][PASSED] - assert arrProdukName[i].contains(merk): null

2023-10-03 11:22:33 - [TEST_STEP][PASSED] - assert arrProdukName[i].contains(merk): null

2023-10-03 11:22:33 - [MESSAGE][PASSED] - Call Test Case 'Test Cases/Search Product/TC-SP-002' successfully

2023-10-03 11:22:33 - [TEST_STEP][PASSED] - setText(findTestObject("Search Product/input_Filter Produk_dari"), Min): Text '-1' is set on object 'Object Repository/Search Product/input_Filter Produk_dari'

2023-10-03 11:22:35 - [MESSAGE][PASSED] - Text '-1' is set on object 'Object Repository/Search Product/input_Filter Produk_dari'

2023-10-03 11:22:35 - [TEST_STEP][PASSED] - setText(findTestObject("Search Product/input_Filter Produk_sampai"), Max): Text '-2' is set on object 'Object Repository/Search Product/input_Filter Produk_sampai'

2023-10-03 11:22:36 - [MESSAGE][PASSED] - Text '-2' is set on object 'Object Repository/Search Product/input_Filter Produk_sampai'

2023-10-03 11:22:36 - [TEST_STEP][PASSED] - dataMin = getAttribute(findTestObject("Search Product/input_Filter Produk_dari"), "value"): Attribute 'value' of object 'Object Repository/Search Product/input_Filter Produk_dari' is: '1'

2023-10-03 11:22:36 - [MESSAGE][PASSED] - Attribute 'value' of object 'Object Repository/Search Product/input_Filter Produk_dari' is: '1'

2023-10-03 11:22:36 - [TEST_STEP][PASSED] - dataMax = getAttribute(findTestObject("Search Product/input_Filter Produk_sampai"), "value"): Attribute 'value' of object 'Object Repository/Search Product/input_Filter Produk_sampai' is: '2'

2023-10-03 11:22:37 - [MESSAGE][PASSED] - Attribute 'value' of object 'Object Repository/Search Product/input_Filter Produk_sampai' is: '2'

2023-10-03 11:22:37 - [TEST_STEP][PASSED] - click(findTestObject("Search Product/button_Tampilkan product dari sampai")): Object: 'Object Repository/Search Product/button_Tampilkan product dari sampai' is clicked on

2023-10-03 11:22:38 - [MESSAGE][PASSED] - Object: 'Object Repository/Search Product/button_Tampilkan product dari sampai' is clicked on

2023-10-03 11:22:38 - [TEST_STEP][PASSED] - verifyElementPresent(findTestObject("Search Product/Produk Tidak Ditemukan"), 0): Object 'Object Repository/Search Product/Produk Tidak Ditemukan' is present

2023-10-03 11:22:38 - [MESSAGE][WARNING] - Timeout '0' is invalid. Using default page load timeout: '30'

2023-10-03 11:22:38 - [MESSAGE][PASSED] - Object 'Object Repository/Search Product/Produk Tidak Ditemukan' is present

2023-10-03 11:22:38 - [TEST_STEP][PASSED] - println(dataMin): null

2023-10-03 11:22:38 - [TEST_STEP][PASSED] - println(dataMax): null

2023-10-03 11:22:38 - [TEST_STEP][PASSED] - assert dataMin != Min: null

2023-10-03 11:22:38 - [TEST_STEP][PASSED] - assert dataMax != Max: null]]></system-out>
         <system-err><![CDATA[]]></system-err>
      </testcase>
      <system-out><![CDATA[2023-10-03 11:16:10 - [TEST_SUITE][FAILED] - TS-Search Product: Test Cases/Search Product/TC-SP-003 FAILED.
Reason:
Assertion failed: 

assert arrProdukHarga[i] >= Double.parseDouble(Min)
       |             ||  |         |           |
       |             |0  false     5000.0      5000
       |             -988000.0
       [-988000.0, 11500.0, 6500.0, 6500.0, 5000.0, 10000.0, 8900.0, 6850.0, 9900.0, 7500.0, 7550.0, 7000.0]

	at TC-SP-003.run(TC-SP-003:46)
	at com.kms.katalon.core.main.ScriptEngine.run(ScriptEngine.java:194)
	at com.kms.katalon.core.main.ScriptEngine.runScriptAsRawText(ScriptEngine.java:119)
	at com.kms.katalon.core.main.TestCaseExecutor.runScript(TestCaseExecutor.java:448)
	at com.kms.katalon.core.main.TestCaseExecutor.doExecute(TestCaseExecutor.java:439)
	at com.kms.katalon.core.main.TestCaseExecutor.processExecutionPhase(TestCaseExecutor.java:418)
	at com.kms.katalon.core.main.TestCaseExecutor.accessMainPhase(TestCaseExecutor.java:410)
	at com.kms.katalon.core.main.TestCaseExecutor.execute(TestCaseExecutor.java:285)
	at com.kms.katalon.core.common.CommonExecutor.accessTestCaseMainPhase(CommonExecutor.java:65)
	at com.kms.katalon.core.main.TestSuiteExecutor.accessTestSuiteMainPhase(TestSuiteExecutor.java:148)
	at com.kms.katalon.core.main.TestSuiteExecutor.execute(TestSuiteExecutor.java:106)
	at com.kms.katalon.core.main.TestCaseMain.startTestSuite(TestCaseMain.java:187)
	at com.kms.katalon.core.main.TestCaseMain$startTestSuite$0.call(Unknown Source)
	at TempTestSuite1696306504857.run(TempTestSuite1696306504857.groovy:36)]]></system-out>
      <system-err><![CDATA[2023-10-03 11:16:10 - [TEST_SUITE][FAILED] - TS-Search Product: Test Cases/Search Product/TC-SP-003 FAILED.
Reason:
Assertion failed: 

assert arrProdukHarga[i] >= Double.parseDouble(Min)
       |             ||  |         |           |
       |             |0  false     5000.0      5000
       |             -988000.0
       [-988000.0, 11500.0, 6500.0, 6500.0, 5000.0, 10000.0, 8900.0, 6850.0, 9900.0, 7500.0, 7550.0, 7000.0]

	at TC-SP-003.run(TC-SP-003:46)
	at com.kms.katalon.core.main.ScriptEngine.run(ScriptEngine.java:194)
	at com.kms.katalon.core.main.ScriptEngine.runScriptAsRawText(ScriptEngine.java:119)
	at com.kms.katalon.core.main.TestCaseExecutor.runScript(TestCaseExecutor.java:448)
	at com.kms.katalon.core.main.TestCaseExecutor.doExecute(TestCaseExecutor.java:439)
	at com.kms.katalon.core.main.TestCaseExecutor.processExecutionPhase(TestCaseExecutor.java:418)
	at com.kms.katalon.core.main.TestCaseExecutor.accessMainPhase(TestCaseExecutor.java:410)
	at com.kms.katalon.core.main.TestCaseExecutor.execute(TestCaseExecutor.java:285)
	at com.kms.katalon.core.common.CommonExecutor.accessTestCaseMainPhase(CommonExecutor.java:65)
	at com.kms.katalon.core.main.TestSuiteExecutor.accessTestSuiteMainPhase(TestSuiteExecutor.java:148)
	at com.kms.katalon.core.main.TestSuiteExecutor.execute(TestSuiteExecutor.java:106)
	at com.kms.katalon.core.main.TestCaseMain.startTestSuite(TestCaseMain.java:187)
	at com.kms.katalon.core.main.TestCaseMain$startTestSuite$0.call(Unknown Source)
	at TempTestSuite1696306504857.run(TempTestSuite1696306504857.groovy:36)]]></system-err>
   </testsuite>
</testsuites>
