<?xml version="1.0" encoding="UTF-8"?>
<testsuites name="TS-Wakaf Asset Online" time="371.914" tests="17" failures="8" errors="0">
   <testsuite name="TS-Wakaf Asset Online" tests="17" failures="8" errors="0" time="371.914" skipped="0" timestamp="2023-10-02 13:22:16" hostname="Admin - Riswandha" id="Test Suites/TS-Wakaf Asset Online">
      <properties>
         <property name="deviceName" value=""/>
         <property name="devicePlatform" value=""/>
         <property name="logFolder" value="G:\\Project Xsis\\batch-324-qa\\Riswan\\Tajalapak_com\\Reports\\20231002_132200\\TS-Wakaf Asset Online\\20231002_132200"/>
         <property name="logFiles" value="G:\\Project Xsis\\batch-324-qa\\Riswan\\Tajalapak_com\\Reports\\20231002_132200\\TS-Wakaf Asset Online\\20231002_132200\\execution0.log"/>
         <property name="attachments" value="G:\\Project Xsis\\batch-324-qa\\Riswan\\Tajalapak_com\\Reports\\20231002_132200\\TS-Wakaf Asset Online\\20231002_132200\\1696227847981.png, G:\\Project Xsis\\batch-324-qa\\Riswan\\Tajalapak_com\\Reports\\20231002_132200\\TS-Wakaf Asset Online\\20231002_132200\\1696227848158.png, G:\\Project Xsis\\batch-324-qa\\Riswan\\Tajalapak_com\\Reports\\20231002_132200\\TS-Wakaf Asset Online\\20231002_132200\\1696227865774.png, G:\\Project Xsis\\batch-324-qa\\Riswan\\Tajalapak_com\\Reports\\20231002_132200\\TS-Wakaf Asset Online\\20231002_132200\\1696227865884.png, G:\\Project Xsis\\batch-324-qa\\Riswan\\Tajalapak_com\\Reports\\20231002_132200\\TS-Wakaf Asset Online\\20231002_132200\\1696227902470.png, G:\\Project Xsis\\batch-324-qa\\Riswan\\Tajalapak_com\\Reports\\20231002_132200\\TS-Wakaf Asset Online\\20231002_132200\\1696227902569.png, G:\\Project Xsis\\batch-324-qa\\Riswan\\Tajalapak_com\\Reports\\20231002_132200\\TS-Wakaf Asset Online\\20231002_132200\\1696227930465.png, G:\\Project Xsis\\batch-324-qa\\Riswan\\Tajalapak_com\\Reports\\20231002_132200\\TS-Wakaf Asset Online\\20231002_132200\\1696227930563.png, G:\\Project Xsis\\batch-324-qa\\Riswan\\Tajalapak_com\\Reports\\20231002_132200\\TS-Wakaf Asset Online\\20231002_132200\\1696227979001.png, G:\\Project Xsis\\batch-324-qa\\Riswan\\Tajalapak_com\\Reports\\20231002_132200\\TS-Wakaf Asset Online\\20231002_132200\\1696227979109.png, G:\\Project Xsis\\batch-324-qa\\Riswan\\Tajalapak_com\\Reports\\20231002_132200\\TS-Wakaf Asset Online\\20231002_132200\\1696228089462.png, G:\\Project Xsis\\batch-324-qa\\Riswan\\Tajalapak_com\\Reports\\20231002_132200\\TS-Wakaf Asset Online\\20231002_132200\\1696228089561.png, G:\\Project Xsis\\batch-324-qa\\Riswan\\Tajalapak_com\\Reports\\20231002_132200\\TS-Wakaf Asset Online\\20231002_132200\\1696228107744.png, G:\\Project Xsis\\batch-324-qa\\Riswan\\Tajalapak_com\\Reports\\20231002_132200\\TS-Wakaf Asset Online\\20231002_132200\\1696228107857.png"/>
         <property name="hostName" value="Admin - Riswandha"/>
         <property name="os" value="Windows 10 64bit"/>
         <property name="katalonVersion" value="8.6.5.208"/>
         <property name="browser" value="Edge Chromium 117"/>
         <property name="hostAddress" value="10.9.2.39"/>
         <property name="sessionId" value="fbc14dc09383323cd4974464dced4ed6"/>
         <property name="seleniumVersion" value="3.141.59"/>
         <property name="proxyInformation" value="ProxyInformation { proxyOption=NO_PROXY, proxyServerType=HTTP, username=, password=********, proxyServerAddress=, proxyServerPort=0, executionList=&quot;&quot;, isApplyToDesiredCapabilities=true }"/>
         <property name="platform" value="Windows 10"/>
      </properties>
      <testcase name="Test Cases/Wakaf Asset Online/TC-WAO-001" time="39.989" classname="Test Cases/Wakaf Asset Online/TC-WAO-001" status="PASSED">
         <system-out><![CDATA[2023-10-02 13:22:16 - [TEST_CASE][PASSED] - Test Cases/Wakaf Asset Online/TC-WAO-001: Test Cases/Wakaf Asset Online/TC-WAO-001

2023-10-02 13:22:16 - [TEST_STEP][PASSED] - openBrowser("https://10.9.2.63/ecommerce/"): Browser is opened with url: 'https://10.9.2.63/ecommerce/'

2023-10-02 13:22:17 - [MESSAGE][INFO] - Starting 'Edge Chromium' driver

2023-10-02 13:22:17 - [MESSAGE][INFO] - User set preference: ['acceptInsecureCerts', 'true']

2023-10-02 13:22:19 - [MESSAGE][INFO] - Action delay is set to 0 milliseconds

2023-10-02 13:22:42 - [MESSAGE][PASSED] - Browser is opened with url: 'https://10.9.2.63/ecommerce/'

2023-10-02 13:22:42 - [TEST_STEP][PASSED] - maximizeWindow(): Current window maximized

2023-10-02 13:22:42 - [MESSAGE][PASSED] - Current window maximized

2023-10-02 13:22:42 - [TEST_STEP][PASSED] - verifyElementPresent(findTestObject("Search Product/Verify Page Tajalapak"), 0): Object 'Object Repository/Search Product/Verify Page Tajalapak' is present

2023-10-02 13:22:42 - [MESSAGE][WARNING] - Timeout '0' is invalid. Using default page load timeout: '30'

2023-10-02 13:22:43 - [MESSAGE][PASSED] - Object 'Object Repository/Search Product/Verify Page Tajalapak' is present

2023-10-02 13:22:43 - [TEST_STEP][PASSED] - click(findTestObject("Wakaf Asset Online/Donasi")): Object: 'Object Repository/Wakaf Asset Online/Donasi' is clicked on

2023-10-02 13:22:43 - [MESSAGE][PASSED] - Object: 'Object Repository/Wakaf Asset Online/Donasi' is clicked on

2023-10-02 13:22:43 - [TEST_STEP][PASSED] - click(findTestObject("Wakaf Asset Online/Wakaf Asset Donasi")): Object: 'Object Repository/Wakaf Asset Online/Wakaf Asset Donasi' is clicked on

2023-10-02 13:22:44 - [MESSAGE][PASSED] - Object: 'Object Repository/Wakaf Asset Online/Wakaf Asset Donasi' is clicked on

2023-10-02 13:22:44 - [TEST_STEP][PASSED] - verifyElementPresent(findTestObject("Wakaf Asset Online/verify Wakaf Asset Online"), 0): Object 'Object Repository/Wakaf Asset Online/verify Wakaf Asset Online' is present

2023-10-02 13:22:44 - [MESSAGE][WARNING] - Timeout '0' is invalid. Using default page load timeout: '30'

2023-10-02 13:22:45 - [MESSAGE][PASSED] - Object 'Object Repository/Wakaf Asset Online/verify Wakaf Asset Online' is present

2023-10-02 13:22:45 - [TEST_STEP][PASSED] - selectOptionByValue(findTestObject("Wakaf Asset Online/Pilih Type Wakaf"), "Bangunan", false): All options with value 'Bangunan' are selected in object 'Object Repository/Wakaf Asset Online/Pilih Type Wakaf' 

2023-10-02 13:22:46 - [MESSAGE][PASSED] - All options with value 'Bangunan' are selected in object 'Object Repository/Wakaf Asset Online/Pilih Type Wakaf' 

2023-10-02 13:22:46 - [TEST_STEP][PASSED] - setText(findTestObject("Wakaf Asset Online/Input Perkiraan Nilai Asset"), "100000000"): Text '100000000' is set on object 'Object Repository/Wakaf Asset Online/Input Perkiraan Nilai Asset'

2023-10-02 13:22:47 - [MESSAGE][PASSED] - Text '100000000' is set on object 'Object Repository/Wakaf Asset Online/Input Perkiraan Nilai Asset'

2023-10-02 13:22:47 - [TEST_STEP][PASSED] - setText(findTestObject("Wakaf Asset Online/Input Alamat Asset"), "Jalan Taruma Jawa Timur"): Text 'Jalan Taruma Jawa Timur' is set on object 'Object Repository/Wakaf Asset Online/Input Alamat Asset'

2023-10-02 13:22:47 - [MESSAGE][PASSED] - Text 'Jalan Taruma Jawa Timur' is set on object 'Object Repository/Wakaf Asset Online/Input Alamat Asset'

2023-10-02 13:22:47 - [TEST_STEP][PASSED] - setText(findTestObject("Wakaf Asset Online/Keterangan Asset"), "Masjid"): Text 'Masjid' is set on object 'Object Repository/Wakaf Asset Online/Keterangan Asset'

2023-10-02 13:22:48 - [MESSAGE][PASSED] - Text 'Masjid' is set on object 'Object Repository/Wakaf Asset Online/Keterangan Asset'

2023-10-02 13:22:48 - [TEST_STEP][PASSED] - setText(findTestObject("Wakaf Asset Online/Input Nama Lengkap"), "joko susanto"): Text 'joko susanto' is set on object 'Object Repository/Wakaf Asset Online/Input Nama Lengkap'

2023-10-02 13:22:49 - [MESSAGE][PASSED] - Text 'joko susanto' is set on object 'Object Repository/Wakaf Asset Online/Input Nama Lengkap'

2023-10-02 13:22:49 - [TEST_STEP][PASSED] - setText(findTestObject("Wakaf Asset Online/Input No Handphone"), "085123456789"): Text '085123456789' is set on object 'Object Repository/Wakaf Asset Online/Input No Handphone'

2023-10-02 13:22:50 - [MESSAGE][PASSED] - Text '085123456789' is set on object 'Object Repository/Wakaf Asset Online/Input No Handphone'

2023-10-02 13:22:50 - [TEST_STEP][PASSED] - setText(findTestObject("Wakaf Asset Online/Input Email"), "joko@gmail.com"): Text 'joko@gmail.com' is set on object 'Object Repository/Wakaf Asset Online/Input Email'

2023-10-02 13:22:51 - [MESSAGE][PASSED] - Text 'joko@gmail.com' is set on object 'Object Repository/Wakaf Asset Online/Input Email'

2023-10-02 13:22:51 - [TEST_STEP][PASSED] - uploadFile(findTestObject("Wakaf Asset Online/Input File Upload"), "E:\minions.png"): File 'E:\minions.png' sent to object: 'Object Repository/Wakaf Asset Online/Input File Upload'

2023-10-02 13:22:52 - [MESSAGE][PASSED] - File 'E:\minions.png' sent to object: 'Object Repository/Wakaf Asset Online/Input File Upload'

2023-10-02 13:22:52 - [TEST_STEP][PASSED] - setText(findTestObject("Wakaf Asset Online/Input 2 Digit Terakhir"), "89"): Text '89' is set on object 'Object Repository/Wakaf Asset Online/Input 2 Digit Terakhir'

2023-10-02 13:22:52 - [MESSAGE][PASSED] - Text '89' is set on object 'Object Repository/Wakaf Asset Online/Input 2 Digit Terakhir'

2023-10-02 13:22:52 - [TEST_STEP][PASSED] - click(findTestObject("Wakaf Asset Online/button Wakaf Sekarang")): Object: 'Object Repository/Wakaf Asset Online/button Wakaf Sekarang' is clicked on

2023-10-02 13:22:55 - [MESSAGE][PASSED] - Object: 'Object Repository/Wakaf Asset Online/button Wakaf Sekarang' is clicked on

2023-10-02 13:22:55 - [TEST_STEP][PASSED] - verifyElementPresent(findTestObject("Wakaf Asset Online/Verify Wakaf Asset Diproses"), 0): Object 'Object Repository/Wakaf Asset Online/Verify Wakaf Asset Diproses' is present

2023-10-02 13:22:55 - [MESSAGE][WARNING] - Timeout '0' is invalid. Using default page load timeout: '30'

2023-10-02 13:22:56 - [MESSAGE][PASSED] - Object 'Object Repository/Wakaf Asset Online/Verify Wakaf Asset Diproses' is present]]></system-out>
         <system-err><![CDATA[]]></system-err>
      </testcase>
      <testcase name="Test Cases/Wakaf Asset Online/TC-WAO-002" time="18.64" classname="Test Cases/Wakaf Asset Online/TC-WAO-002" status="PASSED">
         <system-out><![CDATA[2023-10-02 13:22:56 - [TEST_CASE][PASSED] - Test Cases/Wakaf Asset Online/TC-WAO-002: Test Cases/Wakaf Asset Online/TC-WAO-002

2023-10-02 13:22:56 - [TEST_STEP][PASSED] - openBrowser("https://10.9.2.63/ecommerce/"): Browser is opened with url: 'https://10.9.2.63/ecommerce/'

2023-10-02 13:22:56 - [MESSAGE][WARNING] - A browser is already opened. Closing browser and opening a new one

2023-10-02 13:22:57 - [MESSAGE][INFO] - Starting 'Edge Chromium' driver

2023-10-02 13:22:57 - [MESSAGE][INFO] - User set preference: ['acceptInsecureCerts', 'true']

2023-10-02 13:22:59 - [MESSAGE][INFO] - Action delay is set to 0 milliseconds

2023-10-02 13:23:03 - [MESSAGE][PASSED] - Browser is opened with url: 'https://10.9.2.63/ecommerce/'

2023-10-02 13:23:03 - [TEST_STEP][PASSED] - maximizeWindow(): Current window maximized

2023-10-02 13:23:03 - [MESSAGE][PASSED] - Current window maximized

2023-10-02 13:23:03 - [TEST_STEP][PASSED] - verifyElementPresent(findTestObject("Search Product/Verify Page Tajalapak"), 0): Object 'Object Repository/Search Product/Verify Page Tajalapak' is present

2023-10-02 13:23:03 - [MESSAGE][WARNING] - Timeout '0' is invalid. Using default page load timeout: '30'

2023-10-02 13:23:03 - [MESSAGE][PASSED] - Object 'Object Repository/Search Product/Verify Page Tajalapak' is present

2023-10-02 13:23:03 - [TEST_STEP][PASSED] - click(findTestObject("Wakaf Asset Online/Donasi")): Object: 'Object Repository/Wakaf Asset Online/Donasi' is clicked on

2023-10-02 13:23:04 - [MESSAGE][PASSED] - Object: 'Object Repository/Wakaf Asset Online/Donasi' is clicked on

2023-10-02 13:23:04 - [TEST_STEP][PASSED] - click(findTestObject("Wakaf Asset Online/Wakaf Asset Donasi")): Object: 'Object Repository/Wakaf Asset Online/Wakaf Asset Donasi' is clicked on

2023-10-02 13:23:05 - [MESSAGE][PASSED] - Object: 'Object Repository/Wakaf Asset Online/Wakaf Asset Donasi' is clicked on

2023-10-02 13:23:05 - [TEST_STEP][PASSED] - verifyElementPresent(findTestObject("Wakaf Asset Online/verify Wakaf Asset Online"), 0): Object 'Object Repository/Wakaf Asset Online/verify Wakaf Asset Online' is present

2023-10-02 13:23:05 - [MESSAGE][WARNING] - Timeout '0' is invalid. Using default page load timeout: '30'

2023-10-02 13:23:06 - [MESSAGE][PASSED] - Object 'Object Repository/Wakaf Asset Online/verify Wakaf Asset Online' is present

2023-10-02 13:23:06 - [TEST_STEP][PASSED] - selectOptionByValue(findTestObject("Wakaf Asset Online/Pilih Type Wakaf"), "Bangunan", false): All options with value 'Bangunan' are selected in object 'Object Repository/Wakaf Asset Online/Pilih Type Wakaf' 

2023-10-02 13:23:06 - [MESSAGE][PASSED] - All options with value 'Bangunan' are selected in object 'Object Repository/Wakaf Asset Online/Pilih Type Wakaf' 

2023-10-02 13:23:06 - [TEST_STEP][PASSED] - setText(findTestObject("Wakaf Asset Online/Input Perkiraan Nilai Asset"), "100000000"): Text '100000000' is set on object 'Object Repository/Wakaf Asset Online/Input Perkiraan Nilai Asset'

2023-10-02 13:23:07 - [MESSAGE][PASSED] - Text '100000000' is set on object 'Object Repository/Wakaf Asset Online/Input Perkiraan Nilai Asset'

2023-10-02 13:23:07 - [TEST_STEP][PASSED] - setText(findTestObject("Wakaf Asset Online/Input Alamat Asset"), "Jalan Taruma Jawa Timur"): Text 'Jalan Taruma Jawa Timur' is set on object 'Object Repository/Wakaf Asset Online/Input Alamat Asset'

2023-10-02 13:23:08 - [MESSAGE][PASSED] - Text 'Jalan Taruma Jawa Timur' is set on object 'Object Repository/Wakaf Asset Online/Input Alamat Asset'

2023-10-02 13:23:08 - [TEST_STEP][PASSED] - setText(findTestObject("Wakaf Asset Online/Keterangan Asset"), ""): Text '' is set on object 'Object Repository/Wakaf Asset Online/Keterangan Asset'

2023-10-02 13:23:09 - [MESSAGE][PASSED] - Text '' is set on object 'Object Repository/Wakaf Asset Online/Keterangan Asset'

2023-10-02 13:23:09 - [TEST_STEP][PASSED] - setText(findTestObject("Wakaf Asset Online/Input Nama Lengkap"), "joko susanto"): Text 'joko susanto' is set on object 'Object Repository/Wakaf Asset Online/Input Nama Lengkap'

2023-10-02 13:23:10 - [MESSAGE][PASSED] - Text 'joko susanto' is set on object 'Object Repository/Wakaf Asset Online/Input Nama Lengkap'

2023-10-02 13:23:10 - [TEST_STEP][PASSED] - setText(findTestObject("Wakaf Asset Online/Input No Handphone"), "085123456789"): Text '085123456789' is set on object 'Object Repository/Wakaf Asset Online/Input No Handphone'

2023-10-02 13:23:11 - [MESSAGE][PASSED] - Text '085123456789' is set on object 'Object Repository/Wakaf Asset Online/Input No Handphone'

2023-10-02 13:23:11 - [TEST_STEP][PASSED] - setText(findTestObject("Wakaf Asset Online/Input Email"), "joko@gmail.com"): Text 'joko@gmail.com' is set on object 'Object Repository/Wakaf Asset Online/Input Email'

2023-10-02 13:23:12 - [MESSAGE][PASSED] - Text 'joko@gmail.com' is set on object 'Object Repository/Wakaf Asset Online/Input Email'

2023-10-02 13:23:12 - [TEST_STEP][PASSED] - uploadFile(findTestObject("Wakaf Asset Online/Input File Upload"), "E:\minions.png"): File 'E:\minions.png' sent to object: 'Object Repository/Wakaf Asset Online/Input File Upload'

2023-10-02 13:23:12 - [MESSAGE][PASSED] - File 'E:\minions.png' sent to object: 'Object Repository/Wakaf Asset Online/Input File Upload'

2023-10-02 13:23:12 - [TEST_STEP][PASSED] - setText(findTestObject("Wakaf Asset Online/Input 2 Digit Terakhir"), "89"): Text '89' is set on object 'Object Repository/Wakaf Asset Online/Input 2 Digit Terakhir'

2023-10-02 13:23:13 - [MESSAGE][PASSED] - Text '89' is set on object 'Object Repository/Wakaf Asset Online/Input 2 Digit Terakhir'

2023-10-02 13:23:13 - [TEST_STEP][PASSED] - click(findTestObject("Wakaf Asset Online/button Wakaf Sekarang")): Object: 'Object Repository/Wakaf Asset Online/button Wakaf Sekarang' is clicked on

2023-10-02 13:23:14 - [MESSAGE][PASSED] - Object: 'Object Repository/Wakaf Asset Online/button Wakaf Sekarang' is clicked on

2023-10-02 13:23:14 - [TEST_STEP][PASSED] - verifyElementPresent(findTestObject("Wakaf Asset Online/Verify Wakaf Asset Diproses"), 0): Object 'Object Repository/Wakaf Asset Online/Verify Wakaf Asset Diproses' is present

2023-10-02 13:23:14 - [MESSAGE][WARNING] - Timeout '0' is invalid. Using default page load timeout: '30'

2023-10-02 13:23:14 - [MESSAGE][PASSED] - Object 'Object Repository/Wakaf Asset Online/Verify Wakaf Asset Diproses' is present]]></system-out>
         <system-err><![CDATA[]]></system-err>
      </testcase>
      <testcase name="Test Cases/Wakaf Asset Online/TC-WAO-003" time="17.114" classname="Test Cases/Wakaf Asset Online/TC-WAO-003" status="PASSED">
         <system-out><![CDATA[2023-10-02 13:23:14 - [TEST_CASE][PASSED] - Test Cases/Wakaf Asset Online/TC-WAO-003: Test Cases/Wakaf Asset Online/TC-WAO-003

2023-10-02 13:23:15 - [TEST_STEP][PASSED] - openBrowser("https://10.9.2.63/ecommerce/"): Browser is opened with url: 'https://10.9.2.63/ecommerce/'

2023-10-02 13:23:15 - [MESSAGE][WARNING] - A browser is already opened. Closing browser and opening a new one

2023-10-02 13:23:16 - [MESSAGE][INFO] - Starting 'Edge Chromium' driver

2023-10-02 13:23:16 - [MESSAGE][INFO] - User set preference: ['acceptInsecureCerts', 'true']

2023-10-02 13:23:18 - [MESSAGE][INFO] - Action delay is set to 0 milliseconds

2023-10-02 13:23:21 - [MESSAGE][PASSED] - Browser is opened with url: 'https://10.9.2.63/ecommerce/'

2023-10-02 13:23:21 - [TEST_STEP][PASSED] - maximizeWindow(): Current window maximized

2023-10-02 13:23:21 - [MESSAGE][PASSED] - Current window maximized

2023-10-02 13:23:21 - [TEST_STEP][PASSED] - verifyElementPresent(findTestObject("Search Product/Verify Page Tajalapak"), 0): Object 'Object Repository/Search Product/Verify Page Tajalapak' is present

2023-10-02 13:23:22 - [MESSAGE][WARNING] - Timeout '0' is invalid. Using default page load timeout: '30'

2023-10-02 13:23:22 - [MESSAGE][PASSED] - Object 'Object Repository/Search Product/Verify Page Tajalapak' is present

2023-10-02 13:23:22 - [TEST_STEP][PASSED] - click(findTestObject("Wakaf Asset Online/Donasi")): Object: 'Object Repository/Wakaf Asset Online/Donasi' is clicked on

2023-10-02 13:23:23 - [MESSAGE][PASSED] - Object: 'Object Repository/Wakaf Asset Online/Donasi' is clicked on

2023-10-02 13:23:23 - [TEST_STEP][PASSED] - click(findTestObject("Wakaf Asset Online/Wakaf Asset Donasi")): Object: 'Object Repository/Wakaf Asset Online/Wakaf Asset Donasi' is clicked on

2023-10-02 13:23:24 - [MESSAGE][PASSED] - Object: 'Object Repository/Wakaf Asset Online/Wakaf Asset Donasi' is clicked on

2023-10-02 13:23:24 - [TEST_STEP][PASSED] - verifyElementPresent(findTestObject("Wakaf Asset Online/verify Wakaf Asset Online"), 0): Object 'Object Repository/Wakaf Asset Online/verify Wakaf Asset Online' is present

2023-10-02 13:23:24 - [MESSAGE][WARNING] - Timeout '0' is invalid. Using default page load timeout: '30'

2023-10-02 13:23:24 - [MESSAGE][PASSED] - Object 'Object Repository/Wakaf Asset Online/verify Wakaf Asset Online' is present

2023-10-02 13:23:24 - [TEST_STEP][PASSED] - selectOptionByValue(findTestObject("Wakaf Asset Online/Pilih Type Wakaf"), "Bangunan", false): All options with value 'Bangunan' are selected in object 'Object Repository/Wakaf Asset Online/Pilih Type Wakaf' 

2023-10-02 13:23:25 - [MESSAGE][PASSED] - All options with value 'Bangunan' are selected in object 'Object Repository/Wakaf Asset Online/Pilih Type Wakaf' 

2023-10-02 13:23:25 - [TEST_STEP][PASSED] - setText(findTestObject("Wakaf Asset Online/Input Perkiraan Nilai Asset"), "1000000"): Text '1000000' is set on object 'Object Repository/Wakaf Asset Online/Input Perkiraan Nilai Asset'

2023-10-02 13:23:26 - [MESSAGE][PASSED] - Text '1000000' is set on object 'Object Repository/Wakaf Asset Online/Input Perkiraan Nilai Asset'

2023-10-02 13:23:26 - [TEST_STEP][PASSED] - setText(findTestObject("Wakaf Asset Online/Input Alamat Asset"), ""): Text '' is set on object 'Object Repository/Wakaf Asset Online/Input Alamat Asset'

2023-10-02 13:23:27 - [MESSAGE][PASSED] - Text '' is set on object 'Object Repository/Wakaf Asset Online/Input Alamat Asset'

2023-10-02 13:23:27 - [TEST_STEP][PASSED] - setText(findTestObject("Wakaf Asset Online/Keterangan Asset"), "Masjid"): Text 'Masjid' is set on object 'Object Repository/Wakaf Asset Online/Keterangan Asset'

2023-10-02 13:23:27 - [MESSAGE][PASSED] - Text 'Masjid' is set on object 'Object Repository/Wakaf Asset Online/Keterangan Asset'

2023-10-02 13:23:27 - [TEST_STEP][PASSED] - setText(findTestObject("Wakaf Asset Online/Input Nama Lengkap"), "joko susanto"): Text 'joko susanto' is set on object 'Object Repository/Wakaf Asset Online/Input Nama Lengkap'

2023-10-02 13:23:28 - [MESSAGE][PASSED] - Text 'joko susanto' is set on object 'Object Repository/Wakaf Asset Online/Input Nama Lengkap'

2023-10-02 13:23:28 - [TEST_STEP][PASSED] - setText(findTestObject("Wakaf Asset Online/Input No Handphone"), "085123456789"): Text '085123456789' is set on object 'Object Repository/Wakaf Asset Online/Input No Handphone'

2023-10-02 13:23:29 - [MESSAGE][PASSED] - Text '085123456789' is set on object 'Object Repository/Wakaf Asset Online/Input No Handphone'

2023-10-02 13:23:29 - [TEST_STEP][PASSED] - setText(findTestObject("Wakaf Asset Online/Input Email"), "joko@gmail.com"): Text 'joko@gmail.com' is set on object 'Object Repository/Wakaf Asset Online/Input Email'

2023-10-02 13:23:30 - [MESSAGE][PASSED] - Text 'joko@gmail.com' is set on object 'Object Repository/Wakaf Asset Online/Input Email'

2023-10-02 13:23:30 - [TEST_STEP][PASSED] - uploadFile(findTestObject("Wakaf Asset Online/Input File Upload"), "E:\minions.png"): File 'E:\minions.png' sent to object: 'Object Repository/Wakaf Asset Online/Input File Upload'

2023-10-02 13:23:30 - [MESSAGE][PASSED] - File 'E:\minions.png' sent to object: 'Object Repository/Wakaf Asset Online/Input File Upload'

2023-10-02 13:23:30 - [TEST_STEP][PASSED] - setText(findTestObject("Wakaf Asset Online/Input 2 Digit Terakhir"), "89"): Text '89' is set on object 'Object Repository/Wakaf Asset Online/Input 2 Digit Terakhir'

2023-10-02 13:23:31 - [MESSAGE][PASSED] - Text '89' is set on object 'Object Repository/Wakaf Asset Online/Input 2 Digit Terakhir'

2023-10-02 13:23:31 - [TEST_STEP][PASSED] - click(findTestObject("Wakaf Asset Online/button Wakaf Sekarang")): Object: 'Object Repository/Wakaf Asset Online/button Wakaf Sekarang' is clicked on

2023-10-02 13:23:31 - [MESSAGE][PASSED] - Object: 'Object Repository/Wakaf Asset Online/button Wakaf Sekarang' is clicked on

2023-10-02 13:23:31 - [TEST_STEP][PASSED] - driver = getWebDriver(): null

2023-10-02 13:23:31 - [TEST_STEP][PASSED] - field_username_element = driver.findElement(By.xpath("//input[@name="alamat"]")): null

2023-10-02 13:23:32 - [TEST_STEP][PASSED] - accept_button_message = driver.executeScript("return arguments[0].validationMessage", field_username_element): null

2023-10-02 13:23:32 - [TEST_STEP][PASSED] - println(accept_button_message): null

2023-10-02 13:23:32 - [TEST_STEP][PASSED] - assert accept_button_message == "Please fill out this field.": null]]></system-out>
         <system-err><![CDATA[]]></system-err>
      </testcase>
      <testcase name="Test Cases/Wakaf Asset Online/TC-WAO-004" time="17.159" classname="Test Cases/Wakaf Asset Online/TC-WAO-004" status="PASSED">
         <system-out><![CDATA[2023-10-02 13:23:32 - [TEST_CASE][PASSED] - Test Cases/Wakaf Asset Online/TC-WAO-004: Test Cases/Wakaf Asset Online/TC-WAO-004

2023-10-02 13:23:32 - [TEST_STEP][PASSED] - openBrowser("https://10.9.2.63/ecommerce/"): Browser is opened with url: 'https://10.9.2.63/ecommerce/'

2023-10-02 13:23:32 - [MESSAGE][WARNING] - A browser is already opened. Closing browser and opening a new one

2023-10-02 13:23:33 - [MESSAGE][INFO] - Starting 'Edge Chromium' driver

2023-10-02 13:23:33 - [MESSAGE][INFO] - User set preference: ['acceptInsecureCerts', 'true']

2023-10-02 13:23:35 - [MESSAGE][INFO] - Action delay is set to 0 milliseconds

2023-10-02 13:23:39 - [MESSAGE][PASSED] - Browser is opened with url: 'https://10.9.2.63/ecommerce/'

2023-10-02 13:23:39 - [TEST_STEP][PASSED] - maximizeWindow(): Current window maximized

2023-10-02 13:23:39 - [MESSAGE][PASSED] - Current window maximized

2023-10-02 13:23:39 - [TEST_STEP][PASSED] - verifyElementPresent(findTestObject("Search Product/Verify Page Tajalapak"), 0): Object 'Object Repository/Search Product/Verify Page Tajalapak' is present

2023-10-02 13:23:39 - [MESSAGE][WARNING] - Timeout '0' is invalid. Using default page load timeout: '30'

2023-10-02 13:23:40 - [MESSAGE][PASSED] - Object 'Object Repository/Search Product/Verify Page Tajalapak' is present

2023-10-02 13:23:40 - [TEST_STEP][PASSED] - click(findTestObject("Wakaf Asset Online/Donasi")): Object: 'Object Repository/Wakaf Asset Online/Donasi' is clicked on

2023-10-02 13:23:40 - [MESSAGE][PASSED] - Object: 'Object Repository/Wakaf Asset Online/Donasi' is clicked on

2023-10-02 13:23:40 - [TEST_STEP][PASSED] - click(findTestObject("Wakaf Asset Online/Wakaf Asset Donasi")): Object: 'Object Repository/Wakaf Asset Online/Wakaf Asset Donasi' is clicked on

2023-10-02 13:23:41 - [MESSAGE][PASSED] - Object: 'Object Repository/Wakaf Asset Online/Wakaf Asset Donasi' is clicked on

2023-10-02 13:23:41 - [TEST_STEP][PASSED] - verifyElementPresent(findTestObject("Wakaf Asset Online/verify Wakaf Asset Online"), 0): Object 'Object Repository/Wakaf Asset Online/verify Wakaf Asset Online' is present

2023-10-02 13:23:41 - [MESSAGE][WARNING] - Timeout '0' is invalid. Using default page load timeout: '30'

2023-10-02 13:23:42 - [MESSAGE][PASSED] - Object 'Object Repository/Wakaf Asset Online/verify Wakaf Asset Online' is present

2023-10-02 13:23:42 - [TEST_STEP][PASSED] - selectOptionByValue(findTestObject("Wakaf Asset Online/Pilih Type Wakaf"), "Bangunan", false): All options with value 'Bangunan' are selected in object 'Object Repository/Wakaf Asset Online/Pilih Type Wakaf' 

2023-10-02 13:23:42 - [MESSAGE][PASSED] - All options with value 'Bangunan' are selected in object 'Object Repository/Wakaf Asset Online/Pilih Type Wakaf' 

2023-10-02 13:23:42 - [TEST_STEP][PASSED] - setText(findTestObject("Wakaf Asset Online/Input Perkiraan Nilai Asset"), "100000000"): Text '100000000' is set on object 'Object Repository/Wakaf Asset Online/Input Perkiraan Nilai Asset'

2023-10-02 13:23:43 - [MESSAGE][PASSED] - Text '100000000' is set on object 'Object Repository/Wakaf Asset Online/Input Perkiraan Nilai Asset'

2023-10-02 13:23:43 - [TEST_STEP][PASSED] - setText(findTestObject("Wakaf Asset Online/Input Alamat Asset"), "jalan Taruma Jawa Timur"): Text 'jalan Taruma Jawa Timur' is set on object 'Object Repository/Wakaf Asset Online/Input Alamat Asset'

2023-10-02 13:23:44 - [MESSAGE][PASSED] - Text 'jalan Taruma Jawa Timur' is set on object 'Object Repository/Wakaf Asset Online/Input Alamat Asset'

2023-10-02 13:23:44 - [TEST_STEP][PASSED] - setText(findTestObject("Wakaf Asset Online/Keterangan Asset"), "Masjid"): Text 'Masjid' is set on object 'Object Repository/Wakaf Asset Online/Keterangan Asset'

2023-10-02 13:23:45 - [MESSAGE][PASSED] - Text 'Masjid' is set on object 'Object Repository/Wakaf Asset Online/Keterangan Asset'

2023-10-02 13:23:45 - [TEST_STEP][PASSED] - setText(findTestObject("Wakaf Asset Online/Input Nama Lengkap"), "joko susanto"): Text 'joko susanto' is set on object 'Object Repository/Wakaf Asset Online/Input Nama Lengkap'

2023-10-02 13:23:45 - [MESSAGE][PASSED] - Text 'joko susanto' is set on object 'Object Repository/Wakaf Asset Online/Input Nama Lengkap'

2023-10-02 13:23:45 - [TEST_STEP][PASSED] - setText(findTestObject("Wakaf Asset Online/Input No Handphone"), "085123456789"): Text '085123456789' is set on object 'Object Repository/Wakaf Asset Online/Input No Handphone'

2023-10-02 13:23:46 - [MESSAGE][PASSED] - Text '085123456789' is set on object 'Object Repository/Wakaf Asset Online/Input No Handphone'

2023-10-02 13:23:46 - [TEST_STEP][PASSED] - setText(findTestObject("Wakaf Asset Online/Input Email"), "jokogmail.com"): Text 'jokogmail.com' is set on object 'Object Repository/Wakaf Asset Online/Input Email'

2023-10-02 13:23:47 - [MESSAGE][PASSED] - Text 'jokogmail.com' is set on object 'Object Repository/Wakaf Asset Online/Input Email'

2023-10-02 13:23:47 - [TEST_STEP][PASSED] - uploadFile(findTestObject("Wakaf Asset Online/Input File Upload"), "E:\minions.png"): File 'E:\minions.png' sent to object: 'Object Repository/Wakaf Asset Online/Input File Upload'

2023-10-02 13:23:47 - [MESSAGE][PASSED] - File 'E:\minions.png' sent to object: 'Object Repository/Wakaf Asset Online/Input File Upload'

2023-10-02 13:23:47 - [TEST_STEP][PASSED] - setText(findTestObject("Wakaf Asset Online/Input 2 Digit Terakhir"), "89"): Text '89' is set on object 'Object Repository/Wakaf Asset Online/Input 2 Digit Terakhir'

2023-10-02 13:23:48 - [MESSAGE][PASSED] - Text '89' is set on object 'Object Repository/Wakaf Asset Online/Input 2 Digit Terakhir'

2023-10-02 13:23:48 - [TEST_STEP][PASSED] - click(findTestObject("Wakaf Asset Online/button Wakaf Sekarang")): Object: 'Object Repository/Wakaf Asset Online/button Wakaf Sekarang' is clicked on

2023-10-02 13:23:48 - [MESSAGE][PASSED] - Object: 'Object Repository/Wakaf Asset Online/button Wakaf Sekarang' is clicked on

2023-10-02 13:23:48 - [TEST_STEP][PASSED] - driver = getWebDriver(): null

2023-10-02 13:23:48 - [TEST_STEP][PASSED] - field_username_element = driver.findElement(By.xpath("//input[@name="alamat_email"]")): null

2023-10-02 13:23:49 - [TEST_STEP][PASSED] - accept_button_message = driver.executeScript("return arguments[0].validationMessage", field_username_element): null

2023-10-02 13:23:49 - [TEST_STEP][PASSED] - println(accept_button_message): null

2023-10-02 13:23:49 - [TEST_STEP][PASSED] - assert accept_button_message == "Please include an '@' in the email address. 'jokogmail.com' is missing an '@'.": null]]></system-out>
         <system-err><![CDATA[]]></system-err>
      </testcase>
      <testcase name="Test Cases/Wakaf Asset Online/TC-WAO-005" time="18.996" classname="Test Cases/Wakaf Asset Online/TC-WAO-005" status="FAILED">
         <failure type="FAILED" message="Test Cases/Wakaf Asset Online/TC-WAO-005 FAILED.
Reason:
com.kms.katalon.core.exception.StepFailedException: Verify element text of test object 'Object Repository/Wakaf Asset Online/Verify Wakaf Asset Diproses' FAILED.
	at com.kms.katalon.core.webui.keyword.internal.WebUIKeywordMain.stepFailed(WebUIKeywordMain.groovy:64)
	at com.kms.katalon.core.webui.keyword.internal.WebUIKeywordMain.runKeyword(WebUIKeywordMain.groovy:26)
	at com.kms.katalon.core.webui.keyword.builtin.VerifyElementTextKeyword.verifyElementText(VerifyElementTextKeyword.groovy:72)
	at com.kms.katalon.core.webui.keyword.builtin.VerifyElementTextKeyword.execute(VerifyElementTextKeyword.groovy:40)
	at com.kms.katalon.core.keyword.internal.KeywordExecutor.executeKeywordForPlatform(KeywordExecutor.groovy:74)
	at com.kms.katalon.core.webui.keyword.WebUiBuiltInKeywords.verifyElementText(WebUiBuiltInKeywords.groovy:4749)
	at com.kms.katalon.core.webui.keyword.WebUiBuiltInKeywords$verifyElementText$6.call(Unknown Source)
	at TC-WAO-005.run(TC-WAO-005:52)
	at com.kms.katalon.core.main.ScriptEngine.run(ScriptEngine.java:194)
	at com.kms.katalon.core.main.ScriptEngine.runScriptAsRawText(ScriptEngine.java:119)
	at com.kms.katalon.core.main.TestCaseExecutor.runScript(TestCaseExecutor.java:448)
	at com.kms.katalon.core.main.TestCaseExecutor.doExecute(TestCaseExecutor.java:439)
	at com.kms.katalon.core.main.TestCaseExecutor.processExecutionPhase(TestCaseExecutor.java:418)
	at com.kms.katalon.core.main.TestCaseExecutor.accessMainPhase(TestCaseExecutor.java:410)
	at com.kms.katalon.core.main.TestCaseExecutor.execute(TestCaseExecutor.java:285)
	at com.kms.katalon.core.common.CommonExecutor.accessTestCaseMainPhase(CommonExecutor.java:65)
	at com.kms.katalon.core.main.TestSuiteExecutor.accessTestSuiteMainPhase(TestSuiteExecutor.java:148)
	at com.kms.katalon.core.main.TestSuiteExecutor.execute(TestSuiteExecutor.java:106)
	at com.kms.katalon.core.main.TestCaseMain.startTestSuite(TestCaseMain.java:187)
	at com.kms.katalon.core.main.TestCaseMain$startTestSuite$0.call(Unknown Source)
	at TempTestSuite1696227720182.run(TempTestSuite1696227720182.groovy:36)
Caused by: com.kms.katalon.core.exception.StepFailedException: Actual text 'Sukses Proses Wakaf Asset, kami akan segera menghubungi anda! Terima kasih' and expected text 'Error kurang dari 11 angka' of test object 'Object Repository/Wakaf Asset Online/Verify Wakaf Asset Diproses' are NOT matched.
	at com.kms.katalon.core.webui.keyword.internal.WebUIKeywordMain.stepFailed(WebUIKeywordMain.groovy:64)
	at com.kms.katalon.core.webui.keyword.builtin.VerifyElementTextKeyword$_verifyElementText_closure1.doCall(VerifyElementTextKeyword.groovy:57)
	at com.kms.katalon.core.webui.keyword.builtin.VerifyElementTextKeyword$_verifyElementText_closure1.call(VerifyElementTextKeyword.groovy)
	at com.kms.katalon.core.webui.keyword.internal.WebUIKeywordMain.runKeyword(WebUIKeywordMain.groovy:20)
	... 19 more
"/>
         <system-out><![CDATA[2023-10-02 13:23:49 - [TEST_CASE][FAILED] - Test Cases/Wakaf Asset Online/TC-WAO-005: Test Cases/Wakaf Asset Online/TC-WAO-005 FAILED.
Reason:
com.kms.katalon.core.exception.StepFailedException: Verify element text of test object 'Object Repository/Wakaf Asset Online/Verify Wakaf Asset Diproses' FAILED.
	at com.kms.katalon.core.webui.keyword.internal.WebUIKeywordMain.stepFailed(WebUIKeywordMain.groovy:64)
	at com.kms.katalon.core.webui.keyword.internal.WebUIKeywordMain.runKeyword(WebUIKeywordMain.groovy:26)
	at com.kms.katalon.core.webui.keyword.builtin.VerifyElementTextKeyword.verifyElementText(VerifyElementTextKeyword.groovy:72)
	at com.kms.katalon.core.webui.keyword.builtin.VerifyElementTextKeyword.execute(VerifyElementTextKeyword.groovy:40)
	at com.kms.katalon.core.keyword.internal.KeywordExecutor.executeKeywordForPlatform(KeywordExecutor.groovy:74)
	at com.kms.katalon.core.webui.keyword.WebUiBuiltInKeywords.verifyElementText(WebUiBuiltInKeywords.groovy:4749)
	at com.kms.katalon.core.webui.keyword.WebUiBuiltInKeywords$verifyElementText$6.call(Unknown Source)
	at TC-WAO-005.run(TC-WAO-005:52)
	at com.kms.katalon.core.main.ScriptEngine.run(ScriptEngine.java:194)
	at com.kms.katalon.core.main.ScriptEngine.runScriptAsRawText(ScriptEngine.java:119)
	at com.kms.katalon.core.main.TestCaseExecutor.runScript(TestCaseExecutor.java:448)
	at com.kms.katalon.core.main.TestCaseExecutor.doExecute(TestCaseExecutor.java:439)
	at com.kms.katalon.core.main.TestCaseExecutor.processExecutionPhase(TestCaseExecutor.java:418)
	at com.kms.katalon.core.main.TestCaseExecutor.accessMainPhase(TestCaseExecutor.java:410)
	at com.kms.katalon.core.main.TestCaseExecutor.execute(TestCaseExecutor.java:285)
	at com.kms.katalon.core.common.CommonExecutor.accessTestCaseMainPhase(CommonExecutor.java:65)
	at com.kms.katalon.core.main.TestSuiteExecutor.accessTestSuiteMainPhase(TestSuiteExecutor.java:148)
	at com.kms.katalon.core.main.TestSuiteExecutor.execute(TestSuiteExecutor.java:106)
	at com.kms.katalon.core.main.TestCaseMain.startTestSuite(TestCaseMain.java:187)
	at com.kms.katalon.core.main.TestCaseMain$startTestSuite$0.call(Unknown Source)
	at TempTestSuite1696227720182.run(TempTestSuite1696227720182.groovy:36)
Caused by: com.kms.katalon.core.exception.StepFailedException: Actual text 'Sukses Proses Wakaf Asset, kami akan segera menghubungi anda! Terima kasih' and expected text 'Error kurang dari 11 angka' of test object 'Object Repository/Wakaf Asset Online/Verify Wakaf Asset Diproses' are NOT matched.
	at com.kms.katalon.core.webui.keyword.internal.WebUIKeywordMain.stepFailed(WebUIKeywordMain.groovy:64)
	at com.kms.katalon.core.webui.keyword.builtin.VerifyElementTextKeyword$_verifyElementText_closure1.doCall(VerifyElementTextKeyword.groovy:57)
	at com.kms.katalon.core.webui.keyword.builtin.VerifyElementTextKeyword$_verifyElementText_closure1.call(VerifyElementTextKeyword.groovy)
	at com.kms.katalon.core.webui.keyword.internal.WebUIKeywordMain.runKeyword(WebUIKeywordMain.groovy:20)
	... 19 more


2023-10-02 13:23:49 - [TEST_STEP][PASSED] - openBrowser("https://10.9.2.63/ecommerce/"): Browser is opened with url: 'https://10.9.2.63/ecommerce/'

2023-10-02 13:23:49 - [MESSAGE][WARNING] - A browser is already opened. Closing browser and opening a new one

2023-10-02 13:23:50 - [MESSAGE][INFO] - Starting 'Edge Chromium' driver

2023-10-02 13:23:50 - [MESSAGE][INFO] - User set preference: ['acceptInsecureCerts', 'true']

2023-10-02 13:23:52 - [MESSAGE][INFO] - Action delay is set to 0 milliseconds

2023-10-02 13:23:56 - [MESSAGE][PASSED] - Browser is opened with url: 'https://10.9.2.63/ecommerce/'

2023-10-02 13:23:56 - [TEST_STEP][PASSED] - maximizeWindow(): Current window maximized

2023-10-02 13:23:57 - [MESSAGE][PASSED] - Current window maximized

2023-10-02 13:23:57 - [TEST_STEP][PASSED] - verifyElementPresent(findTestObject("Search Product/Verify Page Tajalapak"), 0): Object 'Object Repository/Search Product/Verify Page Tajalapak' is present

2023-10-02 13:23:57 - [MESSAGE][WARNING] - Timeout '0' is invalid. Using default page load timeout: '30'

2023-10-02 13:23:57 - [MESSAGE][PASSED] - Object 'Object Repository/Search Product/Verify Page Tajalapak' is present

2023-10-02 13:23:57 - [TEST_STEP][PASSED] - click(findTestObject("Wakaf Asset Online/Donasi")): Object: 'Object Repository/Wakaf Asset Online/Donasi' is clicked on

2023-10-02 13:23:58 - [MESSAGE][PASSED] - Object: 'Object Repository/Wakaf Asset Online/Donasi' is clicked on

2023-10-02 13:23:58 - [TEST_STEP][PASSED] - click(findTestObject("Wakaf Asset Online/Wakaf Asset Donasi")): Object: 'Object Repository/Wakaf Asset Online/Wakaf Asset Donasi' is clicked on

2023-10-02 13:23:59 - [MESSAGE][PASSED] - Object: 'Object Repository/Wakaf Asset Online/Wakaf Asset Donasi' is clicked on

2023-10-02 13:23:59 - [TEST_STEP][PASSED] - verifyElementPresent(findTestObject("Wakaf Asset Online/verify Wakaf Asset Online"), 0): Object 'Object Repository/Wakaf Asset Online/verify Wakaf Asset Online' is present

2023-10-02 13:23:59 - [MESSAGE][WARNING] - Timeout '0' is invalid. Using default page load timeout: '30'

2023-10-02 13:23:59 - [MESSAGE][PASSED] - Object 'Object Repository/Wakaf Asset Online/verify Wakaf Asset Online' is present

2023-10-02 13:23:59 - [TEST_STEP][PASSED] - selectOptionByValue(findTestObject("Wakaf Asset Online/Pilih Type Wakaf"), "Bangunan", false): All options with value 'Bangunan' are selected in object 'Object Repository/Wakaf Asset Online/Pilih Type Wakaf' 

2023-10-02 13:24:00 - [MESSAGE][PASSED] - All options with value 'Bangunan' are selected in object 'Object Repository/Wakaf Asset Online/Pilih Type Wakaf' 

2023-10-02 13:24:00 - [TEST_STEP][PASSED] - setText(findTestObject("Wakaf Asset Online/Input Perkiraan Nilai Asset"), "100000000"): Text '100000000' is set on object 'Object Repository/Wakaf Asset Online/Input Perkiraan Nilai Asset'

2023-10-02 13:24:01 - [MESSAGE][PASSED] - Text '100000000' is set on object 'Object Repository/Wakaf Asset Online/Input Perkiraan Nilai Asset'

2023-10-02 13:24:01 - [TEST_STEP][PASSED] - setText(findTestObject("Wakaf Asset Online/Input Alamat Asset"), "Jalan taruma Jawa Timur"): Text 'Jalan taruma Jawa Timur' is set on object 'Object Repository/Wakaf Asset Online/Input Alamat Asset'

2023-10-02 13:24:02 - [MESSAGE][PASSED] - Text 'Jalan taruma Jawa Timur' is set on object 'Object Repository/Wakaf Asset Online/Input Alamat Asset'

2023-10-02 13:24:02 - [TEST_STEP][PASSED] - setText(findTestObject("Wakaf Asset Online/Keterangan Asset"), "Masjid"): Text 'Masjid' is set on object 'Object Repository/Wakaf Asset Online/Keterangan Asset'

2023-10-02 13:24:02 - [MESSAGE][PASSED] - Text 'Masjid' is set on object 'Object Repository/Wakaf Asset Online/Keterangan Asset'

2023-10-02 13:24:02 - [TEST_STEP][PASSED] - setText(findTestObject("Wakaf Asset Online/Input Nama Lengkap"), "joko susanto"): Text 'joko susanto' is set on object 'Object Repository/Wakaf Asset Online/Input Nama Lengkap'

2023-10-02 13:24:03 - [MESSAGE][PASSED] - Text 'joko susanto' is set on object 'Object Repository/Wakaf Asset Online/Input Nama Lengkap'

2023-10-02 13:24:03 - [TEST_STEP][PASSED] - setText(findTestObject("Wakaf Asset Online/Input No Handphone"), "085123456"): Text '085123456' is set on object 'Object Repository/Wakaf Asset Online/Input No Handphone'

2023-10-02 13:24:04 - [MESSAGE][PASSED] - Text '085123456' is set on object 'Object Repository/Wakaf Asset Online/Input No Handphone'

2023-10-02 13:24:04 - [TEST_STEP][PASSED] - setText(findTestObject("Wakaf Asset Online/Input Email"), "joko@gmail.com"): Text 'joko@gmail.com' is set on object 'Object Repository/Wakaf Asset Online/Input Email'

2023-10-02 13:24:05 - [MESSAGE][PASSED] - Text 'joko@gmail.com' is set on object 'Object Repository/Wakaf Asset Online/Input Email'

2023-10-02 13:24:05 - [TEST_STEP][PASSED] - uploadFile(findTestObject("Wakaf Asset Online/Input File Upload"), "E:\minions.png"): File 'E:\minions.png' sent to object: 'Object Repository/Wakaf Asset Online/Input File Upload'

2023-10-02 13:24:05 - [MESSAGE][PASSED] - File 'E:\minions.png' sent to object: 'Object Repository/Wakaf Asset Online/Input File Upload'

2023-10-02 13:24:05 - [TEST_STEP][PASSED] - setText(findTestObject("Wakaf Asset Online/Input 2 Digit Terakhir"), "56"): Text '56' is set on object 'Object Repository/Wakaf Asset Online/Input 2 Digit Terakhir'

2023-10-02 13:24:06 - [MESSAGE][PASSED] - Text '56' is set on object 'Object Repository/Wakaf Asset Online/Input 2 Digit Terakhir'

2023-10-02 13:24:06 - [TEST_STEP][PASSED] - click(findTestObject("Wakaf Asset Online/button Wakaf Sekarang")): Object: 'Object Repository/Wakaf Asset Online/button Wakaf Sekarang' is clicked on

2023-10-02 13:24:07 - [MESSAGE][PASSED] - Object: 'Object Repository/Wakaf Asset Online/button Wakaf Sekarang' is clicked on

2023-10-02 13:24:07 - [TEST_STEP][FAILED] - verifyElementText(findTestObject("Wakaf Asset Online/Verify Wakaf Asset Diproses"), "Error kurang dari 11 angka"): Verify element text of test object 'Object Repository/Wakaf Asset Online/Verify Wakaf Asset Diproses' FAILED. (Root cause: com.kms.katalon.core.exception.StepFailedException: Verify element text of test object 'Object Repository/Wakaf Asset Online/Verify Wakaf Asset Diproses' FAILED.
	at com.kms.katalon.core.webui.keyword.internal.WebUIKeywordMain.stepFailed(WebUIKeywordMain.groovy:64)
	at com.kms.katalon.core.webui.keyword.internal.WebUIKeywordMain.runKeyword(WebUIKeywordMain.groovy:26)
	at com.kms.katalon.core.webui.keyword.builtin.VerifyElementTextKeyword.verifyElementText(VerifyElementTextKeyword.groovy:72)
	at com.kms.katalon.core.webui.keyword.builtin.VerifyElementTextKeyword.execute(VerifyElementTextKeyword.groovy:40)
	at com.kms.katalon.core.keyword.internal.KeywordExecutor.executeKeywordForPlatform(KeywordExecutor.groovy:74)
	at com.kms.katalon.core.webui.keyword.WebUiBuiltInKeywords.verifyElementText(WebUiBuiltInKeywords.groovy:4749)
	at com.kms.katalon.core.webui.keyword.WebUiBuiltInKeywords$verifyElementText$6.call(Unknown Source)
	at TC-WAO-005.run(TC-WAO-005:52)
	at com.kms.katalon.core.main.ScriptEngine.run(ScriptEngine.java:194)
	at com.kms.katalon.core.main.ScriptEngine.runScriptAsRawText(ScriptEngine.java:119)
	at com.kms.katalon.core.main.TestCaseExecutor.runScript(TestCaseExecutor.java:448)
	at com.kms.katalon.core.main.TestCaseExecutor.doExecute(TestCaseExecutor.java:439)
	at com.kms.katalon.core.main.TestCaseExecutor.processExecutionPhase(TestCaseExecutor.java:418)
	at com.kms.katalon.core.main.TestCaseExecutor.accessMainPhase(TestCaseExecutor.java:410)
	at com.kms.katalon.core.main.TestCaseExecutor.execute(TestCaseExecutor.java:285)
	at com.kms.katalon.core.common.CommonExecutor.accessTestCaseMainPhase(CommonExecutor.java:65)
	at com.kms.katalon.core.main.TestSuiteExecutor.accessTestSuiteMainPhase(TestSuiteExecutor.java:148)
	at com.kms.katalon.core.main.TestSuiteExecutor.execute(TestSuiteExecutor.java:106)
	at com.kms.katalon.core.main.TestCaseMain.startTestSuite(TestCaseMain.java:187)
	at com.kms.katalon.core.main.TestCaseMain$startTestSuite$0.call(Unknown Source)
	at TempTestSuite1696227720182.run(TempTestSuite1696227720182.groovy:36)
Caused by: com.kms.katalon.core.exception.StepFailedException: Actual text 'Sukses Proses Wakaf Asset, kami akan segera menghubungi anda! Terima kasih' and expected text 'Error kurang dari 11 angka' of test object 'Object Repository/Wakaf Asset Online/Verify Wakaf Asset Diproses' are NOT matched.
	at com.kms.katalon.core.webui.keyword.internal.WebUIKeywordMain.stepFailed(WebUIKeywordMain.groovy:64)
	at com.kms.katalon.core.webui.keyword.builtin.VerifyElementTextKeyword$_verifyElementText_closure1.doCall(VerifyElementTextKeyword.groovy:57)
	at com.kms.katalon.core.webui.keyword.builtin.VerifyElementTextKeyword$_verifyElementText_closure1.call(VerifyElementTextKeyword.groovy)
	at com.kms.katalon.core.webui.keyword.internal.WebUIKeywordMain.runKeyword(WebUIKeywordMain.groovy:20)
	... 19 more
)

2023-10-02 13:24:08 - [MESSAGE][FAILED] - Actual text 'Sukses Proses Wakaf Asset, kami akan segera menghubungi anda! Terima kasih' and expected text 'Error kurang dari 11 angka' of test object 'Object Repository/Wakaf Asset Online/Verify Wakaf Asset Diproses' are NOT matched. (Root cause: com.kms.katalon.core.exception.StepFailedException: Actual text 'Sukses Proses Wakaf Asset, kami akan segera menghubungi anda! Terima kasih' and expected text 'Error kurang dari 11 angka' of test object 'Object Repository/Wakaf Asset Online/Verify Wakaf Asset Diproses' are NOT matched.
	at com.kms.katalon.core.webui.keyword.internal.WebUIKeywordMain.stepFailed(WebUIKeywordMain.groovy:64)
	at com.kms.katalon.core.webui.keyword.builtin.VerifyElementTextKeyword$_verifyElementText_closure1.doCall(VerifyElementTextKeyword.groovy:57)
	at com.kms.katalon.core.webui.keyword.builtin.VerifyElementTextKeyword$_verifyElementText_closure1.call(VerifyElementTextKeyword.groovy)
	at com.kms.katalon.core.webui.keyword.internal.WebUIKeywordMain.runKeyword(WebUIKeywordMain.groovy:20)
	at com.kms.katalon.core.webui.keyword.builtin.VerifyElementTextKeyword.verifyElementText(VerifyElementTextKeyword.groovy:72)
	at com.kms.katalon.core.webui.keyword.builtin.VerifyElementTextKeyword.execute(VerifyElementTextKeyword.groovy:40)
	at com.kms.katalon.core.keyword.internal.KeywordExecutor.executeKeywordForPlatform(KeywordExecutor.groovy:74)
	at com.kms.katalon.core.webui.keyword.WebUiBuiltInKeywords.verifyElementText(WebUiBuiltInKeywords.groovy:4749)
	at com.kms.katalon.core.webui.keyword.WebUiBuiltInKeywords$verifyElementText$6.call(Unknown Source)
	at TC-WAO-005.run(TC-WAO-005:52)
	at com.kms.katalon.core.main.ScriptEngine.run(ScriptEngine.java:194)
	at com.kms.katalon.core.main.ScriptEngine.runScriptAsRawText(ScriptEngine.java:119)
	at com.kms.katalon.core.main.TestCaseExecutor.runScript(TestCaseExecutor.java:448)
	at com.kms.katalon.core.main.TestCaseExecutor.doExecute(TestCaseExecutor.java:439)
	at com.kms.katalon.core.main.TestCaseExecutor.processExecutionPhase(TestCaseExecutor.java:418)
	at com.kms.katalon.core.main.TestCaseExecutor.accessMainPhase(TestCaseExecutor.java:410)
	at com.kms.katalon.core.main.TestCaseExecutor.execute(TestCaseExecutor.java:285)
	at com.kms.katalon.core.common.CommonExecutor.accessTestCaseMainPhase(CommonExecutor.java:65)
	at com.kms.katalon.core.main.TestSuiteExecutor.accessTestSuiteMainPhase(TestSuiteExecutor.java:148)
	at com.kms.katalon.core.main.TestSuiteExecutor.execute(TestSuiteExecutor.java:106)
	at com.kms.katalon.core.main.TestCaseMain.startTestSuite(TestCaseMain.java:187)
	at com.kms.katalon.core.main.TestCaseMain$startTestSuite$0.call(Unknown Source)
	at TempTestSuite1696227720182.run(TempTestSuite1696227720182.groovy:36)
)
[[ATTACHMENT|G:\\Project Xsis\\batch-324-qa\\Riswan\\Tajalapak_com\\Reports\\20231002_132200\\TS-Wakaf Asset Online\\20231002_132200\\1696227847981.png]]

2023-10-02 13:24:08 - [MESSAGE][FAILED] - Verify element text of test object 'Object Repository/Wakaf Asset Online/Verify Wakaf Asset Diproses' FAILED. (Root cause: com.kms.katalon.core.exception.StepFailedException: Verify element text of test object 'Object Repository/Wakaf Asset Online/Verify Wakaf Asset Diproses' FAILED.
	at com.kms.katalon.core.webui.keyword.internal.WebUIKeywordMain.stepFailed(WebUIKeywordMain.groovy:64)
	at com.kms.katalon.core.webui.keyword.internal.WebUIKeywordMain.runKeyword(WebUIKeywordMain.groovy:26)
	at com.kms.katalon.core.webui.keyword.builtin.VerifyElementTextKeyword.verifyElementText(VerifyElementTextKeyword.groovy:72)
	at com.kms.katalon.core.webui.keyword.builtin.VerifyElementTextKeyword.execute(VerifyElementTextKeyword.groovy:40)
	at com.kms.katalon.core.keyword.internal.KeywordExecutor.executeKeywordForPlatform(KeywordExecutor.groovy:74)
	at com.kms.katalon.core.webui.keyword.WebUiBuiltInKeywords.verifyElementText(WebUiBuiltInKeywords.groovy:4749)
	at com.kms.katalon.core.webui.keyword.WebUiBuiltInKeywords$verifyElementText$6.call(Unknown Source)
	at TC-WAO-005.run(TC-WAO-005:52)
	at com.kms.katalon.core.main.ScriptEngine.run(ScriptEngine.java:194)
	at com.kms.katalon.core.main.ScriptEngine.runScriptAsRawText(ScriptEngine.java:119)
	at com.kms.katalon.core.main.TestCaseExecutor.runScript(TestCaseExecutor.java:448)
	at com.kms.katalon.core.main.TestCaseExecutor.doExecute(TestCaseExecutor.java:439)
	at com.kms.katalon.core.main.TestCaseExecutor.processExecutionPhase(TestCaseExecutor.java:418)
	at com.kms.katalon.core.main.TestCaseExecutor.accessMainPhase(TestCaseExecutor.java:410)
	at com.kms.katalon.core.main.TestCaseExecutor.execute(TestCaseExecutor.java:285)
	at com.kms.katalon.core.common.CommonExecutor.accessTestCaseMainPhase(CommonExecutor.java:65)
	at com.kms.katalon.core.main.TestSuiteExecutor.accessTestSuiteMainPhase(TestSuiteExecutor.java:148)
	at com.kms.katalon.core.main.TestSuiteExecutor.execute(TestSuiteExecutor.java:106)
	at com.kms.katalon.core.main.TestCaseMain.startTestSuite(TestCaseMain.java:187)
	at com.kms.katalon.core.main.TestCaseMain$startTestSuite$0.call(Unknown Source)
	at TempTestSuite1696227720182.run(TempTestSuite1696227720182.groovy:36)
Caused by: com.kms.katalon.core.exception.StepFailedException: Actual text 'Sukses Proses Wakaf Asset, kami akan segera menghubungi anda! Terima kasih' and expected text 'Error kurang dari 11 angka' of test object 'Object Repository/Wakaf Asset Online/Verify Wakaf Asset Diproses' are NOT matched.
	at com.kms.katalon.core.webui.keyword.internal.WebUIKeywordMain.stepFailed(WebUIKeywordMain.groovy:64)
	at com.kms.katalon.core.webui.keyword.builtin.VerifyElementTextKeyword$_verifyElementText_closure1.doCall(VerifyElementTextKeyword.groovy:57)
	at com.kms.katalon.core.webui.keyword.builtin.VerifyElementTextKeyword$_verifyElementText_closure1.call(VerifyElementTextKeyword.groovy)
	at com.kms.katalon.core.webui.keyword.internal.WebUIKeywordMain.runKeyword(WebUIKeywordMain.groovy:20)
	... 19 more
)
[[ATTACHMENT|G:\\Project Xsis\\batch-324-qa\\Riswan\\Tajalapak_com\\Reports\\20231002_132200\\TS-Wakaf Asset Online\\20231002_132200\\1696227848158.png]]]]></system-out>
         <system-err><![CDATA[2023-10-02 13:23:49 - [TEST_CASE][FAILED] - Test Cases/Wakaf Asset Online/TC-WAO-005: Test Cases/Wakaf Asset Online/TC-WAO-005 FAILED.
Reason:
com.kms.katalon.core.exception.StepFailedException: Verify element text of test object 'Object Repository/Wakaf Asset Online/Verify Wakaf Asset Diproses' FAILED.
	at com.kms.katalon.core.webui.keyword.internal.WebUIKeywordMain.stepFailed(WebUIKeywordMain.groovy:64)
	at com.kms.katalon.core.webui.keyword.internal.WebUIKeywordMain.runKeyword(WebUIKeywordMain.groovy:26)
	at com.kms.katalon.core.webui.keyword.builtin.VerifyElementTextKeyword.verifyElementText(VerifyElementTextKeyword.groovy:72)
	at com.kms.katalon.core.webui.keyword.builtin.VerifyElementTextKeyword.execute(VerifyElementTextKeyword.groovy:40)
	at com.kms.katalon.core.keyword.internal.KeywordExecutor.executeKeywordForPlatform(KeywordExecutor.groovy:74)
	at com.kms.katalon.core.webui.keyword.WebUiBuiltInKeywords.verifyElementText(WebUiBuiltInKeywords.groovy:4749)
	at com.kms.katalon.core.webui.keyword.WebUiBuiltInKeywords$verifyElementText$6.call(Unknown Source)
	at TC-WAO-005.run(TC-WAO-005:52)
	at com.kms.katalon.core.main.ScriptEngine.run(ScriptEngine.java:194)
	at com.kms.katalon.core.main.ScriptEngine.runScriptAsRawText(ScriptEngine.java:119)
	at com.kms.katalon.core.main.TestCaseExecutor.runScript(TestCaseExecutor.java:448)
	at com.kms.katalon.core.main.TestCaseExecutor.doExecute(TestCaseExecutor.java:439)
	at com.kms.katalon.core.main.TestCaseExecutor.processExecutionPhase(TestCaseExecutor.java:418)
	at com.kms.katalon.core.main.TestCaseExecutor.accessMainPhase(TestCaseExecutor.java:410)
	at com.kms.katalon.core.main.TestCaseExecutor.execute(TestCaseExecutor.java:285)
	at com.kms.katalon.core.common.CommonExecutor.accessTestCaseMainPhase(CommonExecutor.java:65)
	at com.kms.katalon.core.main.TestSuiteExecutor.accessTestSuiteMainPhase(TestSuiteExecutor.java:148)
	at com.kms.katalon.core.main.TestSuiteExecutor.execute(TestSuiteExecutor.java:106)
	at com.kms.katalon.core.main.TestCaseMain.startTestSuite(TestCaseMain.java:187)
	at com.kms.katalon.core.main.TestCaseMain$startTestSuite$0.call(Unknown Source)
	at TempTestSuite1696227720182.run(TempTestSuite1696227720182.groovy:36)
Caused by: com.kms.katalon.core.exception.StepFailedException: Actual text 'Sukses Proses Wakaf Asset, kami akan segera menghubungi anda! Terima kasih' and expected text 'Error kurang dari 11 angka' of test object 'Object Repository/Wakaf Asset Online/Verify Wakaf Asset Diproses' are NOT matched.
	at com.kms.katalon.core.webui.keyword.internal.WebUIKeywordMain.stepFailed(WebUIKeywordMain.groovy:64)
	at com.kms.katalon.core.webui.keyword.builtin.VerifyElementTextKeyword$_verifyElementText_closure1.doCall(VerifyElementTextKeyword.groovy:57)
	at com.kms.katalon.core.webui.keyword.builtin.VerifyElementTextKeyword$_verifyElementText_closure1.call(VerifyElementTextKeyword.groovy)
	at com.kms.katalon.core.webui.keyword.internal.WebUIKeywordMain.runKeyword(WebUIKeywordMain.groovy:20)
	... 19 more]]></system-err>
      </testcase>
      <testcase name="Test Cases/Wakaf Asset Online/TC-WAO-006" time="17.695" classname="Test Cases/Wakaf Asset Online/TC-WAO-006" status="FAILED">
         <failure type="FAILED" message="Test Cases/Wakaf Asset Online/TC-WAO-006 FAILED.
Reason:
com.kms.katalon.core.exception.StepFailedException: Verify element text of test object 'Object Repository/Wakaf Asset Online/Verify Wakaf Asset Diproses' FAILED.
	at com.kms.katalon.core.webui.keyword.internal.WebUIKeywordMain.stepFailed(WebUIKeywordMain.groovy:64)
	at com.kms.katalon.core.webui.keyword.internal.WebUIKeywordMain.runKeyword(WebUIKeywordMain.groovy:26)
	at com.kms.katalon.core.webui.keyword.builtin.VerifyElementTextKeyword.verifyElementText(VerifyElementTextKeyword.groovy:72)
	at com.kms.katalon.core.webui.keyword.builtin.VerifyElementTextKeyword.execute(VerifyElementTextKeyword.groovy:40)
	at com.kms.katalon.core.keyword.internal.KeywordExecutor.executeKeywordForPlatform(KeywordExecutor.groovy:74)
	at com.kms.katalon.core.webui.keyword.WebUiBuiltInKeywords.verifyElementText(WebUiBuiltInKeywords.groovy:4749)
	at com.kms.katalon.core.webui.keyword.WebUiBuiltInKeywords$verifyElementText$6.call(Unknown Source)
	at TC-WAO-006.run(TC-WAO-006:52)
	at com.kms.katalon.core.main.ScriptEngine.run(ScriptEngine.java:194)
	at com.kms.katalon.core.main.ScriptEngine.runScriptAsRawText(ScriptEngine.java:119)
	at com.kms.katalon.core.main.TestCaseExecutor.runScript(TestCaseExecutor.java:448)
	at com.kms.katalon.core.main.TestCaseExecutor.doExecute(TestCaseExecutor.java:439)
	at com.kms.katalon.core.main.TestCaseExecutor.processExecutionPhase(TestCaseExecutor.java:418)
	at com.kms.katalon.core.main.TestCaseExecutor.accessMainPhase(TestCaseExecutor.java:410)
	at com.kms.katalon.core.main.TestCaseExecutor.execute(TestCaseExecutor.java:285)
	at com.kms.katalon.core.common.CommonExecutor.accessTestCaseMainPhase(CommonExecutor.java:65)
	at com.kms.katalon.core.main.TestSuiteExecutor.accessTestSuiteMainPhase(TestSuiteExecutor.java:148)
	at com.kms.katalon.core.main.TestSuiteExecutor.execute(TestSuiteExecutor.java:106)
	at com.kms.katalon.core.main.TestCaseMain.startTestSuite(TestCaseMain.java:187)
	at com.kms.katalon.core.main.TestCaseMain$startTestSuite$0.call(Unknown Source)
	at TempTestSuite1696227720182.run(TempTestSuite1696227720182.groovy:36)
Caused by: com.kms.katalon.core.exception.StepFailedException: Actual text 'Sukses Proses Wakaf Asset, kami akan segera menghubungi anda! Terima kasih' and expected text 'Nomor Telepon lebih dari 13 angka' of test object 'Object Repository/Wakaf Asset Online/Verify Wakaf Asset Diproses' are NOT matched.
	at com.kms.katalon.core.webui.keyword.internal.WebUIKeywordMain.stepFailed(WebUIKeywordMain.groovy:64)
	at com.kms.katalon.core.webui.keyword.builtin.VerifyElementTextKeyword$_verifyElementText_closure1.doCall(VerifyElementTextKeyword.groovy:57)
	at com.kms.katalon.core.webui.keyword.builtin.VerifyElementTextKeyword$_verifyElementText_closure1.call(VerifyElementTextKeyword.groovy)
	at com.kms.katalon.core.webui.keyword.internal.WebUIKeywordMain.runKeyword(WebUIKeywordMain.groovy:20)
	... 19 more
"/>
         <system-out><![CDATA[2023-10-02 13:24:08 - [TEST_CASE][FAILED] - Test Cases/Wakaf Asset Online/TC-WAO-006: Test Cases/Wakaf Asset Online/TC-WAO-006 FAILED.
Reason:
com.kms.katalon.core.exception.StepFailedException: Verify element text of test object 'Object Repository/Wakaf Asset Online/Verify Wakaf Asset Diproses' FAILED.
	at com.kms.katalon.core.webui.keyword.internal.WebUIKeywordMain.stepFailed(WebUIKeywordMain.groovy:64)
	at com.kms.katalon.core.webui.keyword.internal.WebUIKeywordMain.runKeyword(WebUIKeywordMain.groovy:26)
	at com.kms.katalon.core.webui.keyword.builtin.VerifyElementTextKeyword.verifyElementText(VerifyElementTextKeyword.groovy:72)
	at com.kms.katalon.core.webui.keyword.builtin.VerifyElementTextKeyword.execute(VerifyElementTextKeyword.groovy:40)
	at com.kms.katalon.core.keyword.internal.KeywordExecutor.executeKeywordForPlatform(KeywordExecutor.groovy:74)
	at com.kms.katalon.core.webui.keyword.WebUiBuiltInKeywords.verifyElementText(WebUiBuiltInKeywords.groovy:4749)
	at com.kms.katalon.core.webui.keyword.WebUiBuiltInKeywords$verifyElementText$6.call(Unknown Source)
	at TC-WAO-006.run(TC-WAO-006:52)
	at com.kms.katalon.core.main.ScriptEngine.run(ScriptEngine.java:194)
	at com.kms.katalon.core.main.ScriptEngine.runScriptAsRawText(ScriptEngine.java:119)
	at com.kms.katalon.core.main.TestCaseExecutor.runScript(TestCaseExecutor.java:448)
	at com.kms.katalon.core.main.TestCaseExecutor.doExecute(TestCaseExecutor.java:439)
	at com.kms.katalon.core.main.TestCaseExecutor.processExecutionPhase(TestCaseExecutor.java:418)
	at com.kms.katalon.core.main.TestCaseExecutor.accessMainPhase(TestCaseExecutor.java:410)
	at com.kms.katalon.core.main.TestCaseExecutor.execute(TestCaseExecutor.java:285)
	at com.kms.katalon.core.common.CommonExecutor.accessTestCaseMainPhase(CommonExecutor.java:65)
	at com.kms.katalon.core.main.TestSuiteExecutor.accessTestSuiteMainPhase(TestSuiteExecutor.java:148)
	at com.kms.katalon.core.main.TestSuiteExecutor.execute(TestSuiteExecutor.java:106)
	at com.kms.katalon.core.main.TestCaseMain.startTestSuite(TestCaseMain.java:187)
	at com.kms.katalon.core.main.TestCaseMain$startTestSuite$0.call(Unknown Source)
	at TempTestSuite1696227720182.run(TempTestSuite1696227720182.groovy:36)
Caused by: com.kms.katalon.core.exception.StepFailedException: Actual text 'Sukses Proses Wakaf Asset, kami akan segera menghubungi anda! Terima kasih' and expected text 'Nomor Telepon lebih dari 13 angka' of test object 'Object Repository/Wakaf Asset Online/Verify Wakaf Asset Diproses' are NOT matched.
	at com.kms.katalon.core.webui.keyword.internal.WebUIKeywordMain.stepFailed(WebUIKeywordMain.groovy:64)
	at com.kms.katalon.core.webui.keyword.builtin.VerifyElementTextKeyword$_verifyElementText_closure1.doCall(VerifyElementTextKeyword.groovy:57)
	at com.kms.katalon.core.webui.keyword.builtin.VerifyElementTextKeyword$_verifyElementText_closure1.call(VerifyElementTextKeyword.groovy)
	at com.kms.katalon.core.webui.keyword.internal.WebUIKeywordMain.runKeyword(WebUIKeywordMain.groovy:20)
	... 19 more


2023-10-02 13:24:08 - [TEST_STEP][PASSED] - openBrowser("https://10.9.2.63/ecommerce/"): Browser is opened with url: 'https://10.9.2.63/ecommerce/'

2023-10-02 13:24:08 - [MESSAGE][WARNING] - A browser is already opened. Closing browser and opening a new one

2023-10-02 13:24:09 - [MESSAGE][INFO] - Starting 'Edge Chromium' driver

2023-10-02 13:24:09 - [MESSAGE][INFO] - User set preference: ['acceptInsecureCerts', 'true']

2023-10-02 13:24:11 - [MESSAGE][INFO] - Action delay is set to 0 milliseconds

2023-10-02 13:24:14 - [MESSAGE][PASSED] - Browser is opened with url: 'https://10.9.2.63/ecommerce/'

2023-10-02 13:24:14 - [TEST_STEP][PASSED] - maximizeWindow(): Current window maximized

2023-10-02 13:24:14 - [MESSAGE][PASSED] - Current window maximized

2023-10-02 13:24:14 - [TEST_STEP][PASSED] - verifyElementPresent(findTestObject("Login/Button Login"), 0): Object 'Object Repository/Login/Button Login' is present

2023-10-02 13:24:15 - [MESSAGE][WARNING] - Timeout '0' is invalid. Using default page load timeout: '30'

2023-10-02 13:24:15 - [MESSAGE][PASSED] - Object 'Object Repository/Login/Button Login' is present

2023-10-02 13:24:15 - [TEST_STEP][PASSED] - click(findTestObject("Wakaf Asset Online/Donasi")): Object: 'Object Repository/Wakaf Asset Online/Donasi' is clicked on

2023-10-02 13:24:16 - [MESSAGE][PASSED] - Object: 'Object Repository/Wakaf Asset Online/Donasi' is clicked on

2023-10-02 13:24:16 - [TEST_STEP][PASSED] - click(findTestObject("Wakaf Asset Online/Wakaf Asset Donasi")): Object: 'Object Repository/Wakaf Asset Online/Wakaf Asset Donasi' is clicked on

2023-10-02 13:24:16 - [MESSAGE][PASSED] - Object: 'Object Repository/Wakaf Asset Online/Wakaf Asset Donasi' is clicked on

2023-10-02 13:24:16 - [TEST_STEP][PASSED] - verifyElementPresent(findTestObject("Wakaf Asset Online/verify Wakaf Asset Online"), 0): Object 'Object Repository/Wakaf Asset Online/verify Wakaf Asset Online' is present

2023-10-02 13:24:16 - [MESSAGE][WARNING] - Timeout '0' is invalid. Using default page load timeout: '30'

2023-10-02 13:24:17 - [MESSAGE][PASSED] - Object 'Object Repository/Wakaf Asset Online/verify Wakaf Asset Online' is present

2023-10-02 13:24:17 - [TEST_STEP][PASSED] - selectOptionByValue(findTestObject("Wakaf Asset Online/Pilih Type Wakaf"), "Bangunan", false): All options with value 'Bangunan' are selected in object 'Object Repository/Wakaf Asset Online/Pilih Type Wakaf' 

2023-10-02 13:24:18 - [MESSAGE][PASSED] - All options with value 'Bangunan' are selected in object 'Object Repository/Wakaf Asset Online/Pilih Type Wakaf' 

2023-10-02 13:24:18 - [TEST_STEP][PASSED] - setText(findTestObject("Wakaf Asset Online/Input Perkiraan Nilai Asset"), "100000000"): Text '100000000' is set on object 'Object Repository/Wakaf Asset Online/Input Perkiraan Nilai Asset'

2023-10-02 13:24:19 - [MESSAGE][PASSED] - Text '100000000' is set on object 'Object Repository/Wakaf Asset Online/Input Perkiraan Nilai Asset'

2023-10-02 13:24:19 - [TEST_STEP][PASSED] - setText(findTestObject("Wakaf Asset Online/Input Alamat Asset"), "Jalan Taruma Jawa Timur"): Text 'Jalan Taruma Jawa Timur' is set on object 'Object Repository/Wakaf Asset Online/Input Alamat Asset'

2023-10-02 13:24:20 - [MESSAGE][PASSED] - Text 'Jalan Taruma Jawa Timur' is set on object 'Object Repository/Wakaf Asset Online/Input Alamat Asset'

2023-10-02 13:24:20 - [TEST_STEP][PASSED] - setText(findTestObject("Wakaf Asset Online/Keterangan Asset"), "Masjid"): Text 'Masjid' is set on object 'Object Repository/Wakaf Asset Online/Keterangan Asset'

2023-10-02 13:24:20 - [MESSAGE][PASSED] - Text 'Masjid' is set on object 'Object Repository/Wakaf Asset Online/Keterangan Asset'

2023-10-02 13:24:20 - [TEST_STEP][PASSED] - setText(findTestObject("Wakaf Asset Online/Input Nama Lengkap"), "joko susanto"): Text 'joko susanto' is set on object 'Object Repository/Wakaf Asset Online/Input Nama Lengkap'

2023-10-02 13:24:21 - [MESSAGE][PASSED] - Text 'joko susanto' is set on object 'Object Repository/Wakaf Asset Online/Input Nama Lengkap'

2023-10-02 13:24:21 - [TEST_STEP][PASSED] - setText(findTestObject("Wakaf Asset Online/Input No Handphone"), "085123456789011"): Text '085123456789011' is set on object 'Object Repository/Wakaf Asset Online/Input No Handphone'

2023-10-02 13:24:22 - [MESSAGE][PASSED] - Text '085123456789011' is set on object 'Object Repository/Wakaf Asset Online/Input No Handphone'

2023-10-02 13:24:22 - [TEST_STEP][PASSED] - setText(findTestObject("Wakaf Asset Online/Input Email"), "joko@gmail.com"): Text 'joko@gmail.com' is set on object 'Object Repository/Wakaf Asset Online/Input Email'

2023-10-02 13:24:23 - [MESSAGE][PASSED] - Text 'joko@gmail.com' is set on object 'Object Repository/Wakaf Asset Online/Input Email'

2023-10-02 13:24:23 - [TEST_STEP][PASSED] - uploadFile(findTestObject("Wakaf Asset Online/Input File Upload"), "E:\minions.png"): File 'E:\minions.png' sent to object: 'Object Repository/Wakaf Asset Online/Input File Upload'

2023-10-02 13:24:23 - [MESSAGE][PASSED] - File 'E:\minions.png' sent to object: 'Object Repository/Wakaf Asset Online/Input File Upload'

2023-10-02 13:24:23 - [TEST_STEP][PASSED] - setText(findTestObject("Wakaf Asset Online/Input 2 Digit Terakhir"), "11"): Text '11' is set on object 'Object Repository/Wakaf Asset Online/Input 2 Digit Terakhir'

2023-10-02 13:24:24 - [MESSAGE][PASSED] - Text '11' is set on object 'Object Repository/Wakaf Asset Online/Input 2 Digit Terakhir'

2023-10-02 13:24:24 - [TEST_STEP][PASSED] - click(findTestObject("Wakaf Asset Online/button Wakaf Sekarang")): Object: 'Object Repository/Wakaf Asset Online/button Wakaf Sekarang' is clicked on

2023-10-02 13:24:25 - [MESSAGE][PASSED] - Object: 'Object Repository/Wakaf Asset Online/button Wakaf Sekarang' is clicked on

2023-10-02 13:24:25 - [TEST_STEP][FAILED] - verifyElementText(findTestObject("Wakaf Asset Online/Verify Wakaf Asset Diproses"), "Nomor Telepon lebih dari 13 angka"): Verify element text of test object 'Object Repository/Wakaf Asset Online/Verify Wakaf Asset Diproses' FAILED. (Root cause: com.kms.katalon.core.exception.StepFailedException: Verify element text of test object 'Object Repository/Wakaf Asset Online/Verify Wakaf Asset Diproses' FAILED.
	at com.kms.katalon.core.webui.keyword.internal.WebUIKeywordMain.stepFailed(WebUIKeywordMain.groovy:64)
	at com.kms.katalon.core.webui.keyword.internal.WebUIKeywordMain.runKeyword(WebUIKeywordMain.groovy:26)
	at com.kms.katalon.core.webui.keyword.builtin.VerifyElementTextKeyword.verifyElementText(VerifyElementTextKeyword.groovy:72)
	at com.kms.katalon.core.webui.keyword.builtin.VerifyElementTextKeyword.execute(VerifyElementTextKeyword.groovy:40)
	at com.kms.katalon.core.keyword.internal.KeywordExecutor.executeKeywordForPlatform(KeywordExecutor.groovy:74)
	at com.kms.katalon.core.webui.keyword.WebUiBuiltInKeywords.verifyElementText(WebUiBuiltInKeywords.groovy:4749)
	at com.kms.katalon.core.webui.keyword.WebUiBuiltInKeywords$verifyElementText$6.call(Unknown Source)
	at TC-WAO-006.run(TC-WAO-006:52)
	at com.kms.katalon.core.main.ScriptEngine.run(ScriptEngine.java:194)
	at com.kms.katalon.core.main.ScriptEngine.runScriptAsRawText(ScriptEngine.java:119)
	at com.kms.katalon.core.main.TestCaseExecutor.runScript(TestCaseExecutor.java:448)
	at com.kms.katalon.core.main.TestCaseExecutor.doExecute(TestCaseExecutor.java:439)
	at com.kms.katalon.core.main.TestCaseExecutor.processExecutionPhase(TestCaseExecutor.java:418)
	at com.kms.katalon.core.main.TestCaseExecutor.accessMainPhase(TestCaseExecutor.java:410)
	at com.kms.katalon.core.main.TestCaseExecutor.execute(TestCaseExecutor.java:285)
	at com.kms.katalon.core.common.CommonExecutor.accessTestCaseMainPhase(CommonExecutor.java:65)
	at com.kms.katalon.core.main.TestSuiteExecutor.accessTestSuiteMainPhase(TestSuiteExecutor.java:148)
	at com.kms.katalon.core.main.TestSuiteExecutor.execute(TestSuiteExecutor.java:106)
	at com.kms.katalon.core.main.TestCaseMain.startTestSuite(TestCaseMain.java:187)
	at com.kms.katalon.core.main.TestCaseMain$startTestSuite$0.call(Unknown Source)
	at TempTestSuite1696227720182.run(TempTestSuite1696227720182.groovy:36)
Caused by: com.kms.katalon.core.exception.StepFailedException: Actual text 'Sukses Proses Wakaf Asset, kami akan segera menghubungi anda! Terima kasih' and expected text 'Nomor Telepon lebih dari 13 angka' of test object 'Object Repository/Wakaf Asset Online/Verify Wakaf Asset Diproses' are NOT matched.
	at com.kms.katalon.core.webui.keyword.internal.WebUIKeywordMain.stepFailed(WebUIKeywordMain.groovy:64)
	at com.kms.katalon.core.webui.keyword.builtin.VerifyElementTextKeyword$_verifyElementText_closure1.doCall(VerifyElementTextKeyword.groovy:57)
	at com.kms.katalon.core.webui.keyword.builtin.VerifyElementTextKeyword$_verifyElementText_closure1.call(VerifyElementTextKeyword.groovy)
	at com.kms.katalon.core.webui.keyword.internal.WebUIKeywordMain.runKeyword(WebUIKeywordMain.groovy:20)
	... 19 more
)

2023-10-02 13:24:25 - [MESSAGE][FAILED] - Actual text 'Sukses Proses Wakaf Asset, kami akan segera menghubungi anda! Terima kasih' and expected text 'Nomor Telepon lebih dari 13 angka' of test object 'Object Repository/Wakaf Asset Online/Verify Wakaf Asset Diproses' are NOT matched. (Root cause: com.kms.katalon.core.exception.StepFailedException: Actual text 'Sukses Proses Wakaf Asset, kami akan segera menghubungi anda! Terima kasih' and expected text 'Nomor Telepon lebih dari 13 angka' of test object 'Object Repository/Wakaf Asset Online/Verify Wakaf Asset Diproses' are NOT matched.
	at com.kms.katalon.core.webui.keyword.internal.WebUIKeywordMain.stepFailed(WebUIKeywordMain.groovy:64)
	at com.kms.katalon.core.webui.keyword.builtin.VerifyElementTextKeyword$_verifyElementText_closure1.doCall(VerifyElementTextKeyword.groovy:57)
	at com.kms.katalon.core.webui.keyword.builtin.VerifyElementTextKeyword$_verifyElementText_closure1.call(VerifyElementTextKeyword.groovy)
	at com.kms.katalon.core.webui.keyword.internal.WebUIKeywordMain.runKeyword(WebUIKeywordMain.groovy:20)
	at com.kms.katalon.core.webui.keyword.builtin.VerifyElementTextKeyword.verifyElementText(VerifyElementTextKeyword.groovy:72)
	at com.kms.katalon.core.webui.keyword.builtin.VerifyElementTextKeyword.execute(VerifyElementTextKeyword.groovy:40)
	at com.kms.katalon.core.keyword.internal.KeywordExecutor.executeKeywordForPlatform(KeywordExecutor.groovy:74)
	at com.kms.katalon.core.webui.keyword.WebUiBuiltInKeywords.verifyElementText(WebUiBuiltInKeywords.groovy:4749)
	at com.kms.katalon.core.webui.keyword.WebUiBuiltInKeywords$verifyElementText$6.call(Unknown Source)
	at TC-WAO-006.run(TC-WAO-006:52)
	at com.kms.katalon.core.main.ScriptEngine.run(ScriptEngine.java:194)
	at com.kms.katalon.core.main.ScriptEngine.runScriptAsRawText(ScriptEngine.java:119)
	at com.kms.katalon.core.main.TestCaseExecutor.runScript(TestCaseExecutor.java:448)
	at com.kms.katalon.core.main.TestCaseExecutor.doExecute(TestCaseExecutor.java:439)
	at com.kms.katalon.core.main.TestCaseExecutor.processExecutionPhase(TestCaseExecutor.java:418)
	at com.kms.katalon.core.main.TestCaseExecutor.accessMainPhase(TestCaseExecutor.java:410)
	at com.kms.katalon.core.main.TestCaseExecutor.execute(TestCaseExecutor.java:285)
	at com.kms.katalon.core.common.CommonExecutor.accessTestCaseMainPhase(CommonExecutor.java:65)
	at com.kms.katalon.core.main.TestSuiteExecutor.accessTestSuiteMainPhase(TestSuiteExecutor.java:148)
	at com.kms.katalon.core.main.TestSuiteExecutor.execute(TestSuiteExecutor.java:106)
	at com.kms.katalon.core.main.TestCaseMain.startTestSuite(TestCaseMain.java:187)
	at com.kms.katalon.core.main.TestCaseMain$startTestSuite$0.call(Unknown Source)
	at TempTestSuite1696227720182.run(TempTestSuite1696227720182.groovy:36)
)
[[ATTACHMENT|G:\\Project Xsis\\batch-324-qa\\Riswan\\Tajalapak_com\\Reports\\20231002_132200\\TS-Wakaf Asset Online\\20231002_132200\\1696227865774.png]]

2023-10-02 13:24:25 - [MESSAGE][FAILED] - Verify element text of test object 'Object Repository/Wakaf Asset Online/Verify Wakaf Asset Diproses' FAILED. (Root cause: com.kms.katalon.core.exception.StepFailedException: Verify element text of test object 'Object Repository/Wakaf Asset Online/Verify Wakaf Asset Diproses' FAILED.
	at com.kms.katalon.core.webui.keyword.internal.WebUIKeywordMain.stepFailed(WebUIKeywordMain.groovy:64)
	at com.kms.katalon.core.webui.keyword.internal.WebUIKeywordMain.runKeyword(WebUIKeywordMain.groovy:26)
	at com.kms.katalon.core.webui.keyword.builtin.VerifyElementTextKeyword.verifyElementText(VerifyElementTextKeyword.groovy:72)
	at com.kms.katalon.core.webui.keyword.builtin.VerifyElementTextKeyword.execute(VerifyElementTextKeyword.groovy:40)
	at com.kms.katalon.core.keyword.internal.KeywordExecutor.executeKeywordForPlatform(KeywordExecutor.groovy:74)
	at com.kms.katalon.core.webui.keyword.WebUiBuiltInKeywords.verifyElementText(WebUiBuiltInKeywords.groovy:4749)
	at com.kms.katalon.core.webui.keyword.WebUiBuiltInKeywords$verifyElementText$6.call(Unknown Source)
	at TC-WAO-006.run(TC-WAO-006:52)
	at com.kms.katalon.core.main.ScriptEngine.run(ScriptEngine.java:194)
	at com.kms.katalon.core.main.ScriptEngine.runScriptAsRawText(ScriptEngine.java:119)
	at com.kms.katalon.core.main.TestCaseExecutor.runScript(TestCaseExecutor.java:448)
	at com.kms.katalon.core.main.TestCaseExecutor.doExecute(TestCaseExecutor.java:439)
	at com.kms.katalon.core.main.TestCaseExecutor.processExecutionPhase(TestCaseExecutor.java:418)
	at com.kms.katalon.core.main.TestCaseExecutor.accessMainPhase(TestCaseExecutor.java:410)
	at com.kms.katalon.core.main.TestCaseExecutor.execute(TestCaseExecutor.java:285)
	at com.kms.katalon.core.common.CommonExecutor.accessTestCaseMainPhase(CommonExecutor.java:65)
	at com.kms.katalon.core.main.TestSuiteExecutor.accessTestSuiteMainPhase(TestSuiteExecutor.java:148)
	at com.kms.katalon.core.main.TestSuiteExecutor.execute(TestSuiteExecutor.java:106)
	at com.kms.katalon.core.main.TestCaseMain.startTestSuite(TestCaseMain.java:187)
	at com.kms.katalon.core.main.TestCaseMain$startTestSuite$0.call(Unknown Source)
	at TempTestSuite1696227720182.run(TempTestSuite1696227720182.groovy:36)
Caused by: com.kms.katalon.core.exception.StepFailedException: Actual text 'Sukses Proses Wakaf Asset, kami akan segera menghubungi anda! Terima kasih' and expected text 'Nomor Telepon lebih dari 13 angka' of test object 'Object Repository/Wakaf Asset Online/Verify Wakaf Asset Diproses' are NOT matched.
	at com.kms.katalon.core.webui.keyword.internal.WebUIKeywordMain.stepFailed(WebUIKeywordMain.groovy:64)
	at com.kms.katalon.core.webui.keyword.builtin.VerifyElementTextKeyword$_verifyElementText_closure1.doCall(VerifyElementTextKeyword.groovy:57)
	at com.kms.katalon.core.webui.keyword.builtin.VerifyElementTextKeyword$_verifyElementText_closure1.call(VerifyElementTextKeyword.groovy)
	at com.kms.katalon.core.webui.keyword.internal.WebUIKeywordMain.runKeyword(WebUIKeywordMain.groovy:20)
	... 19 more
)
[[ATTACHMENT|G:\\Project Xsis\\batch-324-qa\\Riswan\\Tajalapak_com\\Reports\\20231002_132200\\TS-Wakaf Asset Online\\20231002_132200\\1696227865884.png]]]]></system-out>
         <system-err><![CDATA[2023-10-02 13:24:08 - [TEST_CASE][FAILED] - Test Cases/Wakaf Asset Online/TC-WAO-006: Test Cases/Wakaf Asset Online/TC-WAO-006 FAILED.
Reason:
com.kms.katalon.core.exception.StepFailedException: Verify element text of test object 'Object Repository/Wakaf Asset Online/Verify Wakaf Asset Diproses' FAILED.
	at com.kms.katalon.core.webui.keyword.internal.WebUIKeywordMain.stepFailed(WebUIKeywordMain.groovy:64)
	at com.kms.katalon.core.webui.keyword.internal.WebUIKeywordMain.runKeyword(WebUIKeywordMain.groovy:26)
	at com.kms.katalon.core.webui.keyword.builtin.VerifyElementTextKeyword.verifyElementText(VerifyElementTextKeyword.groovy:72)
	at com.kms.katalon.core.webui.keyword.builtin.VerifyElementTextKeyword.execute(VerifyElementTextKeyword.groovy:40)
	at com.kms.katalon.core.keyword.internal.KeywordExecutor.executeKeywordForPlatform(KeywordExecutor.groovy:74)
	at com.kms.katalon.core.webui.keyword.WebUiBuiltInKeywords.verifyElementText(WebUiBuiltInKeywords.groovy:4749)
	at com.kms.katalon.core.webui.keyword.WebUiBuiltInKeywords$verifyElementText$6.call(Unknown Source)
	at TC-WAO-006.run(TC-WAO-006:52)
	at com.kms.katalon.core.main.ScriptEngine.run(ScriptEngine.java:194)
	at com.kms.katalon.core.main.ScriptEngine.runScriptAsRawText(ScriptEngine.java:119)
	at com.kms.katalon.core.main.TestCaseExecutor.runScript(TestCaseExecutor.java:448)
	at com.kms.katalon.core.main.TestCaseExecutor.doExecute(TestCaseExecutor.java:439)
	at com.kms.katalon.core.main.TestCaseExecutor.processExecutionPhase(TestCaseExecutor.java:418)
	at com.kms.katalon.core.main.TestCaseExecutor.accessMainPhase(TestCaseExecutor.java:410)
	at com.kms.katalon.core.main.TestCaseExecutor.execute(TestCaseExecutor.java:285)
	at com.kms.katalon.core.common.CommonExecutor.accessTestCaseMainPhase(CommonExecutor.java:65)
	at com.kms.katalon.core.main.TestSuiteExecutor.accessTestSuiteMainPhase(TestSuiteExecutor.java:148)
	at com.kms.katalon.core.main.TestSuiteExecutor.execute(TestSuiteExecutor.java:106)
	at com.kms.katalon.core.main.TestCaseMain.startTestSuite(TestCaseMain.java:187)
	at com.kms.katalon.core.main.TestCaseMain$startTestSuite$0.call(Unknown Source)
	at TempTestSuite1696227720182.run(TempTestSuite1696227720182.groovy:36)
Caused by: com.kms.katalon.core.exception.StepFailedException: Actual text 'Sukses Proses Wakaf Asset, kami akan segera menghubungi anda! Terima kasih' and expected text 'Nomor Telepon lebih dari 13 angka' of test object 'Object Repository/Wakaf Asset Online/Verify Wakaf Asset Diproses' are NOT matched.
	at com.kms.katalon.core.webui.keyword.internal.WebUIKeywordMain.stepFailed(WebUIKeywordMain.groovy:64)
	at com.kms.katalon.core.webui.keyword.builtin.VerifyElementTextKeyword$_verifyElementText_closure1.doCall(VerifyElementTextKeyword.groovy:57)
	at com.kms.katalon.core.webui.keyword.builtin.VerifyElementTextKeyword$_verifyElementText_closure1.call(VerifyElementTextKeyword.groovy)
	at com.kms.katalon.core.webui.keyword.internal.WebUIKeywordMain.runKeyword(WebUIKeywordMain.groovy:20)
	... 19 more]]></system-err>
      </testcase>
      <testcase name="Test Cases/Wakaf Asset Online/TC-WAO-007" time="18.822" classname="Test Cases/Wakaf Asset Online/TC-WAO-007" status="PASSED">
         <system-out><![CDATA[2023-10-02 13:24:25 - [TEST_CASE][PASSED] - Test Cases/Wakaf Asset Online/TC-WAO-007: Test Cases/Wakaf Asset Online/TC-WAO-007

2023-10-02 13:24:26 - [TEST_STEP][PASSED] - openBrowser("https://10.9.2.63/ecommerce/"): Browser is opened with url: 'https://10.9.2.63/ecommerce/'

2023-10-02 13:24:26 - [MESSAGE][WARNING] - A browser is already opened. Closing browser and opening a new one

2023-10-02 13:24:26 - [MESSAGE][INFO] - Starting 'Edge Chromium' driver

2023-10-02 13:24:26 - [MESSAGE][INFO] - User set preference: ['acceptInsecureCerts', 'true']

2023-10-02 13:24:29 - [MESSAGE][INFO] - Action delay is set to 0 milliseconds

2023-10-02 13:24:33 - [MESSAGE][PASSED] - Browser is opened with url: 'https://10.9.2.63/ecommerce/'

2023-10-02 13:24:33 - [TEST_STEP][PASSED] - maximizeWindow(): Current window maximized

2023-10-02 13:24:33 - [MESSAGE][PASSED] - Current window maximized

2023-10-02 13:24:33 - [TEST_STEP][PASSED] - verifyElementPresent(findTestObject("Login/Button Login"), 0): Object 'Object Repository/Login/Button Login' is present

2023-10-02 13:24:33 - [MESSAGE][WARNING] - Timeout '0' is invalid. Using default page load timeout: '30'

2023-10-02 13:24:34 - [MESSAGE][PASSED] - Object 'Object Repository/Login/Button Login' is present

2023-10-02 13:24:34 - [TEST_STEP][PASSED] - click(findTestObject("Wakaf Asset Online/Donasi")): Object: 'Object Repository/Wakaf Asset Online/Donasi' is clicked on

2023-10-02 13:24:34 - [MESSAGE][PASSED] - Object: 'Object Repository/Wakaf Asset Online/Donasi' is clicked on

2023-10-02 13:24:34 - [TEST_STEP][PASSED] - click(findTestObject("Wakaf Asset Online/Wakaf Asset Donasi")): Object: 'Object Repository/Wakaf Asset Online/Wakaf Asset Donasi' is clicked on

2023-10-02 13:24:35 - [MESSAGE][PASSED] - Object: 'Object Repository/Wakaf Asset Online/Wakaf Asset Donasi' is clicked on

2023-10-02 13:24:35 - [TEST_STEP][PASSED] - verifyElementPresent(findTestObject("Wakaf Asset Online/verify Wakaf Asset Online"), 0): Object 'Object Repository/Wakaf Asset Online/verify Wakaf Asset Online' is present

2023-10-02 13:24:35 - [MESSAGE][WARNING] - Timeout '0' is invalid. Using default page load timeout: '30'

2023-10-02 13:24:36 - [MESSAGE][PASSED] - Object 'Object Repository/Wakaf Asset Online/verify Wakaf Asset Online' is present

2023-10-02 13:24:36 - [TEST_STEP][PASSED] - selectOptionByValue(findTestObject("Wakaf Asset Online/Pilih Type Wakaf"), "Bangunan", false): All options with value 'Bangunan' are selected in object 'Object Repository/Wakaf Asset Online/Pilih Type Wakaf' 

2023-10-02 13:24:37 - [MESSAGE][PASSED] - All options with value 'Bangunan' are selected in object 'Object Repository/Wakaf Asset Online/Pilih Type Wakaf' 

2023-10-02 13:24:37 - [TEST_STEP][PASSED] - setText(findTestObject("Wakaf Asset Online/Input Perkiraan Nilai Asset"), "100000000"): Text '100000000' is set on object 'Object Repository/Wakaf Asset Online/Input Perkiraan Nilai Asset'

2023-10-02 13:24:38 - [MESSAGE][PASSED] - Text '100000000' is set on object 'Object Repository/Wakaf Asset Online/Input Perkiraan Nilai Asset'

2023-10-02 13:24:38 - [TEST_STEP][PASSED] - setText(findTestObject("Wakaf Asset Online/Input Alamat Asset"), "jalan Taruma Jawa Timur"): Text 'jalan Taruma Jawa Timur' is set on object 'Object Repository/Wakaf Asset Online/Input Alamat Asset'

2023-10-02 13:24:38 - [MESSAGE][PASSED] - Text 'jalan Taruma Jawa Timur' is set on object 'Object Repository/Wakaf Asset Online/Input Alamat Asset'

2023-10-02 13:24:38 - [TEST_STEP][PASSED] - setText(findTestObject("Wakaf Asset Online/Keterangan Asset"), "Masjid"): Text 'Masjid' is set on object 'Object Repository/Wakaf Asset Online/Keterangan Asset'

2023-10-02 13:24:39 - [MESSAGE][PASSED] - Text 'Masjid' is set on object 'Object Repository/Wakaf Asset Online/Keterangan Asset'

2023-10-02 13:24:39 - [TEST_STEP][PASSED] - setText(findTestObject("Wakaf Asset Online/Input Nama Lengkap"), "joko susanto"): Text 'joko susanto' is set on object 'Object Repository/Wakaf Asset Online/Input Nama Lengkap'

2023-10-02 13:24:40 - [MESSAGE][PASSED] - Text 'joko susanto' is set on object 'Object Repository/Wakaf Asset Online/Input Nama Lengkap'

2023-10-02 13:24:40 - [TEST_STEP][PASSED] - setText(findTestObject("Wakaf Asset Online/Input No Handphone"), "085123456789"): Text '085123456789' is set on object 'Object Repository/Wakaf Asset Online/Input No Handphone'

2023-10-02 13:24:41 - [MESSAGE][PASSED] - Text '085123456789' is set on object 'Object Repository/Wakaf Asset Online/Input No Handphone'

2023-10-02 13:24:41 - [TEST_STEP][PASSED] - setText(findTestObject("Wakaf Asset Online/Input Email"), "joko@gmail.com"): Text 'joko@gmail.com' is set on object 'Object Repository/Wakaf Asset Online/Input Email'

2023-10-02 13:24:42 - [MESSAGE][PASSED] - Text 'joko@gmail.com' is set on object 'Object Repository/Wakaf Asset Online/Input Email'

2023-10-02 13:24:42 - [TEST_STEP][PASSED] - uploadFile(findTestObject("Wakaf Asset Online/Input File Upload"), "E:\minions.png"): File 'E:\minions.png' sent to object: 'Object Repository/Wakaf Asset Online/Input File Upload'

2023-10-02 13:24:42 - [MESSAGE][PASSED] - File 'E:\minions.png' sent to object: 'Object Repository/Wakaf Asset Online/Input File Upload'

2023-10-02 13:24:42 - [TEST_STEP][PASSED] - setText(findTestObject("Wakaf Asset Online/Input 2 Digit Terakhir"), "88"): Text '88' is set on object 'Object Repository/Wakaf Asset Online/Input 2 Digit Terakhir'

2023-10-02 13:24:43 - [MESSAGE][PASSED] - Text '88' is set on object 'Object Repository/Wakaf Asset Online/Input 2 Digit Terakhir'

2023-10-02 13:24:43 - [TEST_STEP][PASSED] - click(findTestObject("Wakaf Asset Online/button Wakaf Sekarang")): Object: 'Object Repository/Wakaf Asset Online/button Wakaf Sekarang' is clicked on

2023-10-02 13:24:44 - [MESSAGE][PASSED] - Object: 'Object Repository/Wakaf Asset Online/button Wakaf Sekarang' is clicked on

2023-10-02 13:24:44 - [TEST_STEP][PASSED] - verifyElementPresent(findTestObject("Wakaf Asset Online/Verify_GAGAL Diproses, 2 Digit Terakhir No Handphone"), 0): Object 'Object Repository/Wakaf Asset Online/Verify_GAGAL Diproses, 2 Digit Terakhir No Handphone' is present

2023-10-02 13:24:44 - [MESSAGE][WARNING] - Timeout '0' is invalid. Using default page load timeout: '30'

2023-10-02 13:24:44 - [MESSAGE][PASSED] - Object 'Object Repository/Wakaf Asset Online/Verify_GAGAL Diproses, 2 Digit Terakhir No Handphone' is present]]></system-out>
         <system-err><![CDATA[]]></system-err>
      </testcase>
      <testcase name="Test Cases/Wakaf Asset Online/TC-WAO-008" time="17.861" classname="Test Cases/Wakaf Asset Online/TC-WAO-008" status="FAILED">
         <failure type="FAILED" message="Test Cases/Wakaf Asset Online/TC-WAO-008 FAILED.
Reason:
com.kms.katalon.core.exception.StepFailedException: Verify element text of test object 'Object Repository/Wakaf Asset Online/Verify Wakaf Asset Diproses' FAILED.
	at com.kms.katalon.core.webui.keyword.internal.WebUIKeywordMain.stepFailed(WebUIKeywordMain.groovy:64)
	at com.kms.katalon.core.webui.keyword.internal.WebUIKeywordMain.runKeyword(WebUIKeywordMain.groovy:26)
	at com.kms.katalon.core.webui.keyword.builtin.VerifyElementTextKeyword.verifyElementText(VerifyElementTextKeyword.groovy:72)
	at com.kms.katalon.core.webui.keyword.builtin.VerifyElementTextKeyword.execute(VerifyElementTextKeyword.groovy:40)
	at com.kms.katalon.core.keyword.internal.KeywordExecutor.executeKeywordForPlatform(KeywordExecutor.groovy:74)
	at com.kms.katalon.core.webui.keyword.WebUiBuiltInKeywords.verifyElementText(WebUiBuiltInKeywords.groovy:4749)
	at com.kms.katalon.core.webui.keyword.WebUiBuiltInKeywords$verifyElementText$6.call(Unknown Source)
	at TC-WAO-008.run(TC-WAO-008:52)
	at com.kms.katalon.core.main.ScriptEngine.run(ScriptEngine.java:194)
	at com.kms.katalon.core.main.ScriptEngine.runScriptAsRawText(ScriptEngine.java:119)
	at com.kms.katalon.core.main.TestCaseExecutor.runScript(TestCaseExecutor.java:448)
	at com.kms.katalon.core.main.TestCaseExecutor.doExecute(TestCaseExecutor.java:439)
	at com.kms.katalon.core.main.TestCaseExecutor.processExecutionPhase(TestCaseExecutor.java:418)
	at com.kms.katalon.core.main.TestCaseExecutor.accessMainPhase(TestCaseExecutor.java:410)
	at com.kms.katalon.core.main.TestCaseExecutor.execute(TestCaseExecutor.java:285)
	at com.kms.katalon.core.common.CommonExecutor.accessTestCaseMainPhase(CommonExecutor.java:65)
	at com.kms.katalon.core.main.TestSuiteExecutor.accessTestSuiteMainPhase(TestSuiteExecutor.java:148)
	at com.kms.katalon.core.main.TestSuiteExecutor.execute(TestSuiteExecutor.java:106)
	at com.kms.katalon.core.main.TestCaseMain.startTestSuite(TestCaseMain.java:187)
	at com.kms.katalon.core.main.TestCaseMain$startTestSuite$0.call(Unknown Source)
	at TempTestSuite1696227720182.run(TempTestSuite1696227720182.groovy:36)
Caused by: com.kms.katalon.core.exception.StepFailedException: Actual text 'Sukses Proses Wakaf Asset, kami akan segera menghubungi anda! Terima kasih' and expected text 'deskripsi wajip diisi' of test object 'Object Repository/Wakaf Asset Online/Verify Wakaf Asset Diproses' are NOT matched.
	at com.kms.katalon.core.webui.keyword.internal.WebUIKeywordMain.stepFailed(WebUIKeywordMain.groovy:64)
	at com.kms.katalon.core.webui.keyword.builtin.VerifyElementTextKeyword$_verifyElementText_closure1.doCall(VerifyElementTextKeyword.groovy:57)
	at com.kms.katalon.core.webui.keyword.builtin.VerifyElementTextKeyword$_verifyElementText_closure1.call(VerifyElementTextKeyword.groovy)
	at com.kms.katalon.core.webui.keyword.internal.WebUIKeywordMain.runKeyword(WebUIKeywordMain.groovy:20)
	... 19 more
"/>
         <system-out><![CDATA[2023-10-02 13:24:44 - [TEST_CASE][FAILED] - Test Cases/Wakaf Asset Online/TC-WAO-008: Test Cases/Wakaf Asset Online/TC-WAO-008 FAILED.
Reason:
com.kms.katalon.core.exception.StepFailedException: Verify element text of test object 'Object Repository/Wakaf Asset Online/Verify Wakaf Asset Diproses' FAILED.
	at com.kms.katalon.core.webui.keyword.internal.WebUIKeywordMain.stepFailed(WebUIKeywordMain.groovy:64)
	at com.kms.katalon.core.webui.keyword.internal.WebUIKeywordMain.runKeyword(WebUIKeywordMain.groovy:26)
	at com.kms.katalon.core.webui.keyword.builtin.VerifyElementTextKeyword.verifyElementText(VerifyElementTextKeyword.groovy:72)
	at com.kms.katalon.core.webui.keyword.builtin.VerifyElementTextKeyword.execute(VerifyElementTextKeyword.groovy:40)
	at com.kms.katalon.core.keyword.internal.KeywordExecutor.executeKeywordForPlatform(KeywordExecutor.groovy:74)
	at com.kms.katalon.core.webui.keyword.WebUiBuiltInKeywords.verifyElementText(WebUiBuiltInKeywords.groovy:4749)
	at com.kms.katalon.core.webui.keyword.WebUiBuiltInKeywords$verifyElementText$6.call(Unknown Source)
	at TC-WAO-008.run(TC-WAO-008:52)
	at com.kms.katalon.core.main.ScriptEngine.run(ScriptEngine.java:194)
	at com.kms.katalon.core.main.ScriptEngine.runScriptAsRawText(ScriptEngine.java:119)
	at com.kms.katalon.core.main.TestCaseExecutor.runScript(TestCaseExecutor.java:448)
	at com.kms.katalon.core.main.TestCaseExecutor.doExecute(TestCaseExecutor.java:439)
	at com.kms.katalon.core.main.TestCaseExecutor.processExecutionPhase(TestCaseExecutor.java:418)
	at com.kms.katalon.core.main.TestCaseExecutor.accessMainPhase(TestCaseExecutor.java:410)
	at com.kms.katalon.core.main.TestCaseExecutor.execute(TestCaseExecutor.java:285)
	at com.kms.katalon.core.common.CommonExecutor.accessTestCaseMainPhase(CommonExecutor.java:65)
	at com.kms.katalon.core.main.TestSuiteExecutor.accessTestSuiteMainPhase(TestSuiteExecutor.java:148)
	at com.kms.katalon.core.main.TestSuiteExecutor.execute(TestSuiteExecutor.java:106)
	at com.kms.katalon.core.main.TestCaseMain.startTestSuite(TestCaseMain.java:187)
	at com.kms.katalon.core.main.TestCaseMain$startTestSuite$0.call(Unknown Source)
	at TempTestSuite1696227720182.run(TempTestSuite1696227720182.groovy:36)
Caused by: com.kms.katalon.core.exception.StepFailedException: Actual text 'Sukses Proses Wakaf Asset, kami akan segera menghubungi anda! Terima kasih' and expected text 'deskripsi wajip diisi' of test object 'Object Repository/Wakaf Asset Online/Verify Wakaf Asset Diproses' are NOT matched.
	at com.kms.katalon.core.webui.keyword.internal.WebUIKeywordMain.stepFailed(WebUIKeywordMain.groovy:64)
	at com.kms.katalon.core.webui.keyword.builtin.VerifyElementTextKeyword$_verifyElementText_closure1.doCall(VerifyElementTextKeyword.groovy:57)
	at com.kms.katalon.core.webui.keyword.builtin.VerifyElementTextKeyword$_verifyElementText_closure1.call(VerifyElementTextKeyword.groovy)
	at com.kms.katalon.core.webui.keyword.internal.WebUIKeywordMain.runKeyword(WebUIKeywordMain.groovy:20)
	... 19 more


2023-10-02 13:24:45 - [TEST_STEP][PASSED] - openBrowser("https://10.9.2.63/ecommerce/"): Browser is opened with url: 'https://10.9.2.63/ecommerce/'

2023-10-02 13:24:45 - [MESSAGE][WARNING] - A browser is already opened. Closing browser and opening a new one

2023-10-02 13:24:45 - [MESSAGE][INFO] - Starting 'Edge Chromium' driver

2023-10-02 13:24:45 - [MESSAGE][INFO] - User set preference: ['acceptInsecureCerts', 'true']

2023-10-02 13:24:48 - [MESSAGE][INFO] - Action delay is set to 0 milliseconds

2023-10-02 13:24:51 - [MESSAGE][PASSED] - Browser is opened with url: 'https://10.9.2.63/ecommerce/'

2023-10-02 13:24:51 - [TEST_STEP][PASSED] - maximizeWindow(): Current window maximized

2023-10-02 13:24:51 - [MESSAGE][PASSED] - Current window maximized

2023-10-02 13:24:51 - [TEST_STEP][PASSED] - verifyElementPresent(findTestObject("Login/Button Login"), 0): Object 'Object Repository/Login/Button Login' is present

2023-10-02 13:24:51 - [MESSAGE][WARNING] - Timeout '0' is invalid. Using default page load timeout: '30'

2023-10-02 13:24:52 - [MESSAGE][PASSED] - Object 'Object Repository/Login/Button Login' is present

2023-10-02 13:24:52 - [TEST_STEP][PASSED] - click(findTestObject("Wakaf Asset Online/Donasi")): Object: 'Object Repository/Wakaf Asset Online/Donasi' is clicked on

2023-10-02 13:24:52 - [MESSAGE][PASSED] - Object: 'Object Repository/Wakaf Asset Online/Donasi' is clicked on

2023-10-02 13:24:52 - [TEST_STEP][PASSED] - click(findTestObject("Wakaf Asset Online/Wakaf Asset Donasi")): Object: 'Object Repository/Wakaf Asset Online/Wakaf Asset Donasi' is clicked on

2023-10-02 13:24:53 - [MESSAGE][PASSED] - Object: 'Object Repository/Wakaf Asset Online/Wakaf Asset Donasi' is clicked on

2023-10-02 13:24:53 - [TEST_STEP][PASSED] - verifyElementPresent(findTestObject("Wakaf Asset Online/verify Wakaf Asset Online"), 0): Object 'Object Repository/Wakaf Asset Online/verify Wakaf Asset Online' is present

2023-10-02 13:24:53 - [MESSAGE][WARNING] - Timeout '0' is invalid. Using default page load timeout: '30'

2023-10-02 13:24:54 - [MESSAGE][PASSED] - Object 'Object Repository/Wakaf Asset Online/verify Wakaf Asset Online' is present

2023-10-02 13:24:54 - [TEST_STEP][PASSED] - selectOptionByValue(findTestObject("Wakaf Asset Online/Pilih Type Wakaf"), "Lainnya", false): All options with value 'Lainnya' are selected in object 'Object Repository/Wakaf Asset Online/Pilih Type Wakaf' 

2023-10-02 13:24:54 - [MESSAGE][PASSED] - All options with value 'Lainnya' are selected in object 'Object Repository/Wakaf Asset Online/Pilih Type Wakaf' 

2023-10-02 13:24:54 - [TEST_STEP][PASSED] - setText(findTestObject("Wakaf Asset Online/Input Perkiraan Nilai Asset"), "100000000"): Text '100000000' is set on object 'Object Repository/Wakaf Asset Online/Input Perkiraan Nilai Asset'

2023-10-02 13:24:55 - [MESSAGE][PASSED] - Text '100000000' is set on object 'Object Repository/Wakaf Asset Online/Input Perkiraan Nilai Asset'

2023-10-02 13:24:55 - [TEST_STEP][PASSED] - setText(findTestObject("Wakaf Asset Online/Input Alamat Asset"), "jalan Taruma Jawa Timur"): Text 'jalan Taruma Jawa Timur' is set on object 'Object Repository/Wakaf Asset Online/Input Alamat Asset'

2023-10-02 13:24:56 - [MESSAGE][PASSED] - Text 'jalan Taruma Jawa Timur' is set on object 'Object Repository/Wakaf Asset Online/Input Alamat Asset'

2023-10-02 13:24:56 - [TEST_STEP][PASSED] - setText(findTestObject("Wakaf Asset Online/Keterangan Asset"), ""): Text '' is set on object 'Object Repository/Wakaf Asset Online/Keterangan Asset'

2023-10-02 13:24:57 - [MESSAGE][PASSED] - Text '' is set on object 'Object Repository/Wakaf Asset Online/Keterangan Asset'

2023-10-02 13:24:57 - [TEST_STEP][PASSED] - setText(findTestObject("Wakaf Asset Online/Input Nama Lengkap"), "joko susanto"): Text 'joko susanto' is set on object 'Object Repository/Wakaf Asset Online/Input Nama Lengkap'

2023-10-02 13:24:57 - [MESSAGE][PASSED] - Text 'joko susanto' is set on object 'Object Repository/Wakaf Asset Online/Input Nama Lengkap'

2023-10-02 13:24:57 - [TEST_STEP][PASSED] - setText(findTestObject("Wakaf Asset Online/Input No Handphone"), "085123456789"): Text '085123456789' is set on object 'Object Repository/Wakaf Asset Online/Input No Handphone'

2023-10-02 13:24:59 - [MESSAGE][PASSED] - Text '085123456789' is set on object 'Object Repository/Wakaf Asset Online/Input No Handphone'

2023-10-02 13:24:59 - [TEST_STEP][PASSED] - setText(findTestObject("Wakaf Asset Online/Input Email"), "joko@gmail.com"): Text 'joko@gmail.com' is set on object 'Object Repository/Wakaf Asset Online/Input Email'

2023-10-02 13:24:59 - [MESSAGE][PASSED] - Text 'joko@gmail.com' is set on object 'Object Repository/Wakaf Asset Online/Input Email'

2023-10-02 13:24:59 - [TEST_STEP][PASSED] - uploadFile(findTestObject("Wakaf Asset Online/Input File Upload"), "E:\minions.png"): File 'E:\minions.png' sent to object: 'Object Repository/Wakaf Asset Online/Input File Upload'

2023-10-02 13:25:00 - [MESSAGE][PASSED] - File 'E:\minions.png' sent to object: 'Object Repository/Wakaf Asset Online/Input File Upload'

2023-10-02 13:25:00 - [TEST_STEP][PASSED] - setText(findTestObject("Wakaf Asset Online/Input 2 Digit Terakhir"), "89"): Text '89' is set on object 'Object Repository/Wakaf Asset Online/Input 2 Digit Terakhir'

2023-10-02 13:25:00 - [MESSAGE][PASSED] - Text '89' is set on object 'Object Repository/Wakaf Asset Online/Input 2 Digit Terakhir'

2023-10-02 13:25:00 - [TEST_STEP][PASSED] - click(findTestObject("Wakaf Asset Online/button Wakaf Sekarang")): Object: 'Object Repository/Wakaf Asset Online/button Wakaf Sekarang' is clicked on

2023-10-02 13:25:01 - [MESSAGE][PASSED] - Object: 'Object Repository/Wakaf Asset Online/button Wakaf Sekarang' is clicked on

2023-10-02 13:25:01 - [TEST_STEP][FAILED] - verifyElementText(findTestObject("Wakaf Asset Online/Verify Wakaf Asset Diproses"), "deskripsi wajip diisi"): Verify element text of test object 'Object Repository/Wakaf Asset Online/Verify Wakaf Asset Diproses' FAILED. (Root cause: com.kms.katalon.core.exception.StepFailedException: Verify element text of test object 'Object Repository/Wakaf Asset Online/Verify Wakaf Asset Diproses' FAILED.
	at com.kms.katalon.core.webui.keyword.internal.WebUIKeywordMain.stepFailed(WebUIKeywordMain.groovy:64)
	at com.kms.katalon.core.webui.keyword.internal.WebUIKeywordMain.runKeyword(WebUIKeywordMain.groovy:26)
	at com.kms.katalon.core.webui.keyword.builtin.VerifyElementTextKeyword.verifyElementText(VerifyElementTextKeyword.groovy:72)
	at com.kms.katalon.core.webui.keyword.builtin.VerifyElementTextKeyword.execute(VerifyElementTextKeyword.groovy:40)
	at com.kms.katalon.core.keyword.internal.KeywordExecutor.executeKeywordForPlatform(KeywordExecutor.groovy:74)
	at com.kms.katalon.core.webui.keyword.WebUiBuiltInKeywords.verifyElementText(WebUiBuiltInKeywords.groovy:4749)
	at com.kms.katalon.core.webui.keyword.WebUiBuiltInKeywords$verifyElementText$6.call(Unknown Source)
	at TC-WAO-008.run(TC-WAO-008:52)
	at com.kms.katalon.core.main.ScriptEngine.run(ScriptEngine.java:194)
	at com.kms.katalon.core.main.ScriptEngine.runScriptAsRawText(ScriptEngine.java:119)
	at com.kms.katalon.core.main.TestCaseExecutor.runScript(TestCaseExecutor.java:448)
	at com.kms.katalon.core.main.TestCaseExecutor.doExecute(TestCaseExecutor.java:439)
	at com.kms.katalon.core.main.TestCaseExecutor.processExecutionPhase(TestCaseExecutor.java:418)
	at com.kms.katalon.core.main.TestCaseExecutor.accessMainPhase(TestCaseExecutor.java:410)
	at com.kms.katalon.core.main.TestCaseExecutor.execute(TestCaseExecutor.java:285)
	at com.kms.katalon.core.common.CommonExecutor.accessTestCaseMainPhase(CommonExecutor.java:65)
	at com.kms.katalon.core.main.TestSuiteExecutor.accessTestSuiteMainPhase(TestSuiteExecutor.java:148)
	at com.kms.katalon.core.main.TestSuiteExecutor.execute(TestSuiteExecutor.java:106)
	at com.kms.katalon.core.main.TestCaseMain.startTestSuite(TestCaseMain.java:187)
	at com.kms.katalon.core.main.TestCaseMain$startTestSuite$0.call(Unknown Source)
	at TempTestSuite1696227720182.run(TempTestSuite1696227720182.groovy:36)
Caused by: com.kms.katalon.core.exception.StepFailedException: Actual text 'Sukses Proses Wakaf Asset, kami akan segera menghubungi anda! Terima kasih' and expected text 'deskripsi wajip diisi' of test object 'Object Repository/Wakaf Asset Online/Verify Wakaf Asset Diproses' are NOT matched.
	at com.kms.katalon.core.webui.keyword.internal.WebUIKeywordMain.stepFailed(WebUIKeywordMain.groovy:64)
	at com.kms.katalon.core.webui.keyword.builtin.VerifyElementTextKeyword$_verifyElementText_closure1.doCall(VerifyElementTextKeyword.groovy:57)
	at com.kms.katalon.core.webui.keyword.builtin.VerifyElementTextKeyword$_verifyElementText_closure1.call(VerifyElementTextKeyword.groovy)
	at com.kms.katalon.core.webui.keyword.internal.WebUIKeywordMain.runKeyword(WebUIKeywordMain.groovy:20)
	... 19 more
)

2023-10-02 13:25:02 - [MESSAGE][FAILED] - Actual text 'Sukses Proses Wakaf Asset, kami akan segera menghubungi anda! Terima kasih' and expected text 'deskripsi wajip diisi' of test object 'Object Repository/Wakaf Asset Online/Verify Wakaf Asset Diproses' are NOT matched. (Root cause: com.kms.katalon.core.exception.StepFailedException: Actual text 'Sukses Proses Wakaf Asset, kami akan segera menghubungi anda! Terima kasih' and expected text 'deskripsi wajip diisi' of test object 'Object Repository/Wakaf Asset Online/Verify Wakaf Asset Diproses' are NOT matched.
	at com.kms.katalon.core.webui.keyword.internal.WebUIKeywordMain.stepFailed(WebUIKeywordMain.groovy:64)
	at com.kms.katalon.core.webui.keyword.builtin.VerifyElementTextKeyword$_verifyElementText_closure1.doCall(VerifyElementTextKeyword.groovy:57)
	at com.kms.katalon.core.webui.keyword.builtin.VerifyElementTextKeyword$_verifyElementText_closure1.call(VerifyElementTextKeyword.groovy)
	at com.kms.katalon.core.webui.keyword.internal.WebUIKeywordMain.runKeyword(WebUIKeywordMain.groovy:20)
	at com.kms.katalon.core.webui.keyword.builtin.VerifyElementTextKeyword.verifyElementText(VerifyElementTextKeyword.groovy:72)
	at com.kms.katalon.core.webui.keyword.builtin.VerifyElementTextKeyword.execute(VerifyElementTextKeyword.groovy:40)
	at com.kms.katalon.core.keyword.internal.KeywordExecutor.executeKeywordForPlatform(KeywordExecutor.groovy:74)
	at com.kms.katalon.core.webui.keyword.WebUiBuiltInKeywords.verifyElementText(WebUiBuiltInKeywords.groovy:4749)
	at com.kms.katalon.core.webui.keyword.WebUiBuiltInKeywords$verifyElementText$6.call(Unknown Source)
	at TC-WAO-008.run(TC-WAO-008:52)
	at com.kms.katalon.core.main.ScriptEngine.run(ScriptEngine.java:194)
	at com.kms.katalon.core.main.ScriptEngine.runScriptAsRawText(ScriptEngine.java:119)
	at com.kms.katalon.core.main.TestCaseExecutor.runScript(TestCaseExecutor.java:448)
	at com.kms.katalon.core.main.TestCaseExecutor.doExecute(TestCaseExecutor.java:439)
	at com.kms.katalon.core.main.TestCaseExecutor.processExecutionPhase(TestCaseExecutor.java:418)
	at com.kms.katalon.core.main.TestCaseExecutor.accessMainPhase(TestCaseExecutor.java:410)
	at com.kms.katalon.core.main.TestCaseExecutor.execute(TestCaseExecutor.java:285)
	at com.kms.katalon.core.common.CommonExecutor.accessTestCaseMainPhase(CommonExecutor.java:65)
	at com.kms.katalon.core.main.TestSuiteExecutor.accessTestSuiteMainPhase(TestSuiteExecutor.java:148)
	at com.kms.katalon.core.main.TestSuiteExecutor.execute(TestSuiteExecutor.java:106)
	at com.kms.katalon.core.main.TestCaseMain.startTestSuite(TestCaseMain.java:187)
	at com.kms.katalon.core.main.TestCaseMain$startTestSuite$0.call(Unknown Source)
	at TempTestSuite1696227720182.run(TempTestSuite1696227720182.groovy:36)
)
[[ATTACHMENT|G:\\Project Xsis\\batch-324-qa\\Riswan\\Tajalapak_com\\Reports\\20231002_132200\\TS-Wakaf Asset Online\\20231002_132200\\1696227902470.png]]

2023-10-02 13:25:02 - [MESSAGE][FAILED] - Verify element text of test object 'Object Repository/Wakaf Asset Online/Verify Wakaf Asset Diproses' FAILED. (Root cause: com.kms.katalon.core.exception.StepFailedException: Verify element text of test object 'Object Repository/Wakaf Asset Online/Verify Wakaf Asset Diproses' FAILED.
	at com.kms.katalon.core.webui.keyword.internal.WebUIKeywordMain.stepFailed(WebUIKeywordMain.groovy:64)
	at com.kms.katalon.core.webui.keyword.internal.WebUIKeywordMain.runKeyword(WebUIKeywordMain.groovy:26)
	at com.kms.katalon.core.webui.keyword.builtin.VerifyElementTextKeyword.verifyElementText(VerifyElementTextKeyword.groovy:72)
	at com.kms.katalon.core.webui.keyword.builtin.VerifyElementTextKeyword.execute(VerifyElementTextKeyword.groovy:40)
	at com.kms.katalon.core.keyword.internal.KeywordExecutor.executeKeywordForPlatform(KeywordExecutor.groovy:74)
	at com.kms.katalon.core.webui.keyword.WebUiBuiltInKeywords.verifyElementText(WebUiBuiltInKeywords.groovy:4749)
	at com.kms.katalon.core.webui.keyword.WebUiBuiltInKeywords$verifyElementText$6.call(Unknown Source)
	at TC-WAO-008.run(TC-WAO-008:52)
	at com.kms.katalon.core.main.ScriptEngine.run(ScriptEngine.java:194)
	at com.kms.katalon.core.main.ScriptEngine.runScriptAsRawText(ScriptEngine.java:119)
	at com.kms.katalon.core.main.TestCaseExecutor.runScript(TestCaseExecutor.java:448)
	at com.kms.katalon.core.main.TestCaseExecutor.doExecute(TestCaseExecutor.java:439)
	at com.kms.katalon.core.main.TestCaseExecutor.processExecutionPhase(TestCaseExecutor.java:418)
	at com.kms.katalon.core.main.TestCaseExecutor.accessMainPhase(TestCaseExecutor.java:410)
	at com.kms.katalon.core.main.TestCaseExecutor.execute(TestCaseExecutor.java:285)
	at com.kms.katalon.core.common.CommonExecutor.accessTestCaseMainPhase(CommonExecutor.java:65)
	at com.kms.katalon.core.main.TestSuiteExecutor.accessTestSuiteMainPhase(TestSuiteExecutor.java:148)
	at com.kms.katalon.core.main.TestSuiteExecutor.execute(TestSuiteExecutor.java:106)
	at com.kms.katalon.core.main.TestCaseMain.startTestSuite(TestCaseMain.java:187)
	at com.kms.katalon.core.main.TestCaseMain$startTestSuite$0.call(Unknown Source)
	at TempTestSuite1696227720182.run(TempTestSuite1696227720182.groovy:36)
Caused by: com.kms.katalon.core.exception.StepFailedException: Actual text 'Sukses Proses Wakaf Asset, kami akan segera menghubungi anda! Terima kasih' and expected text 'deskripsi wajip diisi' of test object 'Object Repository/Wakaf Asset Online/Verify Wakaf Asset Diproses' are NOT matched.
	at com.kms.katalon.core.webui.keyword.internal.WebUIKeywordMain.stepFailed(WebUIKeywordMain.groovy:64)
	at com.kms.katalon.core.webui.keyword.builtin.VerifyElementTextKeyword$_verifyElementText_closure1.doCall(VerifyElementTextKeyword.groovy:57)
	at com.kms.katalon.core.webui.keyword.builtin.VerifyElementTextKeyword$_verifyElementText_closure1.call(VerifyElementTextKeyword.groovy)
	at com.kms.katalon.core.webui.keyword.internal.WebUIKeywordMain.runKeyword(WebUIKeywordMain.groovy:20)
	... 19 more
)
[[ATTACHMENT|G:\\Project Xsis\\batch-324-qa\\Riswan\\Tajalapak_com\\Reports\\20231002_132200\\TS-Wakaf Asset Online\\20231002_132200\\1696227902569.png]]]]></system-out>
         <system-err><![CDATA[2023-10-02 13:24:44 - [TEST_CASE][FAILED] - Test Cases/Wakaf Asset Online/TC-WAO-008: Test Cases/Wakaf Asset Online/TC-WAO-008 FAILED.
Reason:
com.kms.katalon.core.exception.StepFailedException: Verify element text of test object 'Object Repository/Wakaf Asset Online/Verify Wakaf Asset Diproses' FAILED.
	at com.kms.katalon.core.webui.keyword.internal.WebUIKeywordMain.stepFailed(WebUIKeywordMain.groovy:64)
	at com.kms.katalon.core.webui.keyword.internal.WebUIKeywordMain.runKeyword(WebUIKeywordMain.groovy:26)
	at com.kms.katalon.core.webui.keyword.builtin.VerifyElementTextKeyword.verifyElementText(VerifyElementTextKeyword.groovy:72)
	at com.kms.katalon.core.webui.keyword.builtin.VerifyElementTextKeyword.execute(VerifyElementTextKeyword.groovy:40)
	at com.kms.katalon.core.keyword.internal.KeywordExecutor.executeKeywordForPlatform(KeywordExecutor.groovy:74)
	at com.kms.katalon.core.webui.keyword.WebUiBuiltInKeywords.verifyElementText(WebUiBuiltInKeywords.groovy:4749)
	at com.kms.katalon.core.webui.keyword.WebUiBuiltInKeywords$verifyElementText$6.call(Unknown Source)
	at TC-WAO-008.run(TC-WAO-008:52)
	at com.kms.katalon.core.main.ScriptEngine.run(ScriptEngine.java:194)
	at com.kms.katalon.core.main.ScriptEngine.runScriptAsRawText(ScriptEngine.java:119)
	at com.kms.katalon.core.main.TestCaseExecutor.runScript(TestCaseExecutor.java:448)
	at com.kms.katalon.core.main.TestCaseExecutor.doExecute(TestCaseExecutor.java:439)
	at com.kms.katalon.core.main.TestCaseExecutor.processExecutionPhase(TestCaseExecutor.java:418)
	at com.kms.katalon.core.main.TestCaseExecutor.accessMainPhase(TestCaseExecutor.java:410)
	at com.kms.katalon.core.main.TestCaseExecutor.execute(TestCaseExecutor.java:285)
	at com.kms.katalon.core.common.CommonExecutor.accessTestCaseMainPhase(CommonExecutor.java:65)
	at com.kms.katalon.core.main.TestSuiteExecutor.accessTestSuiteMainPhase(TestSuiteExecutor.java:148)
	at com.kms.katalon.core.main.TestSuiteExecutor.execute(TestSuiteExecutor.java:106)
	at com.kms.katalon.core.main.TestCaseMain.startTestSuite(TestCaseMain.java:187)
	at com.kms.katalon.core.main.TestCaseMain$startTestSuite$0.call(Unknown Source)
	at TempTestSuite1696227720182.run(TempTestSuite1696227720182.groovy:36)
Caused by: com.kms.katalon.core.exception.StepFailedException: Actual text 'Sukses Proses Wakaf Asset, kami akan segera menghubungi anda! Terima kasih' and expected text 'deskripsi wajip diisi' of test object 'Object Repository/Wakaf Asset Online/Verify Wakaf Asset Diproses' are NOT matched.
	at com.kms.katalon.core.webui.keyword.internal.WebUIKeywordMain.stepFailed(WebUIKeywordMain.groovy:64)
	at com.kms.katalon.core.webui.keyword.builtin.VerifyElementTextKeyword$_verifyElementText_closure1.doCall(VerifyElementTextKeyword.groovy:57)
	at com.kms.katalon.core.webui.keyword.builtin.VerifyElementTextKeyword$_verifyElementText_closure1.call(VerifyElementTextKeyword.groovy)
	at com.kms.katalon.core.webui.keyword.internal.WebUIKeywordMain.runKeyword(WebUIKeywordMain.groovy:20)
	... 19 more]]></system-err>
      </testcase>
      <testcase name="Test Cases/Wakaf Asset Online/TC-WAO-009" time="27.982" classname="Test Cases/Wakaf Asset Online/TC-WAO-009" status="FAILED">
         <failure type="FAILED" message="Test Cases/Wakaf Asset Online/TC-WAO-009 FAILED.
Reason:
com.kms.katalon.core.exception.StepFailedException: Verify element text of test object 'Object Repository/Wakaf Asset Online/Verify Wakaf Asset Diproses' FAILED.
	at com.kms.katalon.core.webui.keyword.internal.WebUIKeywordMain.stepFailed(WebUIKeywordMain.groovy:64)
	at com.kms.katalon.core.webui.keyword.internal.WebUIKeywordMain.runKeyword(WebUIKeywordMain.groovy:26)
	at com.kms.katalon.core.webui.keyword.builtin.VerifyElementTextKeyword.verifyElementText(VerifyElementTextKeyword.groovy:72)
	at com.kms.katalon.core.webui.keyword.builtin.VerifyElementTextKeyword.execute(VerifyElementTextKeyword.groovy:40)
	at com.kms.katalon.core.keyword.internal.KeywordExecutor.executeKeywordForPlatform(KeywordExecutor.groovy:74)
	at com.kms.katalon.core.webui.keyword.WebUiBuiltInKeywords.verifyElementText(WebUiBuiltInKeywords.groovy:4749)
	at com.kms.katalon.core.webui.keyword.WebUiBuiltInKeywords$verifyElementText$6.call(Unknown Source)
	at TC-WAO-009.run(TC-WAO-009:52)
	at com.kms.katalon.core.main.ScriptEngine.run(ScriptEngine.java:194)
	at com.kms.katalon.core.main.ScriptEngine.runScriptAsRawText(ScriptEngine.java:119)
	at com.kms.katalon.core.main.TestCaseExecutor.runScript(TestCaseExecutor.java:448)
	at com.kms.katalon.core.main.TestCaseExecutor.doExecute(TestCaseExecutor.java:439)
	at com.kms.katalon.core.main.TestCaseExecutor.processExecutionPhase(TestCaseExecutor.java:418)
	at com.kms.katalon.core.main.TestCaseExecutor.accessMainPhase(TestCaseExecutor.java:410)
	at com.kms.katalon.core.main.TestCaseExecutor.execute(TestCaseExecutor.java:285)
	at com.kms.katalon.core.common.CommonExecutor.accessTestCaseMainPhase(CommonExecutor.java:65)
	at com.kms.katalon.core.main.TestSuiteExecutor.accessTestSuiteMainPhase(TestSuiteExecutor.java:148)
	at com.kms.katalon.core.main.TestSuiteExecutor.execute(TestSuiteExecutor.java:106)
	at com.kms.katalon.core.main.TestCaseMain.startTestSuite(TestCaseMain.java:187)
	at com.kms.katalon.core.main.TestCaseMain$startTestSuite$0.call(Unknown Source)
	at TempTestSuite1696227720182.run(TempTestSuite1696227720182.groovy:36)
Caused by: com.kms.katalon.core.exception.StepFailedException: Actual text 'Sukses Proses Wakaf Asset, kami akan segera menghubungi anda! Terima kasih' and expected text 'File Tidak Boleh lebih dari 10 MB' of test object 'Object Repository/Wakaf Asset Online/Verify Wakaf Asset Diproses' are NOT matched.
	at com.kms.katalon.core.webui.keyword.internal.WebUIKeywordMain.stepFailed(WebUIKeywordMain.groovy:64)
	at com.kms.katalon.core.webui.keyword.builtin.VerifyElementTextKeyword$_verifyElementText_closure1.doCall(VerifyElementTextKeyword.groovy:57)
	at com.kms.katalon.core.webui.keyword.builtin.VerifyElementTextKeyword$_verifyElementText_closure1.call(VerifyElementTextKeyword.groovy)
	at com.kms.katalon.core.webui.keyword.internal.WebUIKeywordMain.runKeyword(WebUIKeywordMain.groovy:20)
	... 19 more
"/>
         <system-out><![CDATA[2023-10-02 13:25:02 - [TEST_CASE][FAILED] - Test Cases/Wakaf Asset Online/TC-WAO-009: Test Cases/Wakaf Asset Online/TC-WAO-009 FAILED.
Reason:
com.kms.katalon.core.exception.StepFailedException: Verify element text of test object 'Object Repository/Wakaf Asset Online/Verify Wakaf Asset Diproses' FAILED.
	at com.kms.katalon.core.webui.keyword.internal.WebUIKeywordMain.stepFailed(WebUIKeywordMain.groovy:64)
	at com.kms.katalon.core.webui.keyword.internal.WebUIKeywordMain.runKeyword(WebUIKeywordMain.groovy:26)
	at com.kms.katalon.core.webui.keyword.builtin.VerifyElementTextKeyword.verifyElementText(VerifyElementTextKeyword.groovy:72)
	at com.kms.katalon.core.webui.keyword.builtin.VerifyElementTextKeyword.execute(VerifyElementTextKeyword.groovy:40)
	at com.kms.katalon.core.keyword.internal.KeywordExecutor.executeKeywordForPlatform(KeywordExecutor.groovy:74)
	at com.kms.katalon.core.webui.keyword.WebUiBuiltInKeywords.verifyElementText(WebUiBuiltInKeywords.groovy:4749)
	at com.kms.katalon.core.webui.keyword.WebUiBuiltInKeywords$verifyElementText$6.call(Unknown Source)
	at TC-WAO-009.run(TC-WAO-009:52)
	at com.kms.katalon.core.main.ScriptEngine.run(ScriptEngine.java:194)
	at com.kms.katalon.core.main.ScriptEngine.runScriptAsRawText(ScriptEngine.java:119)
	at com.kms.katalon.core.main.TestCaseExecutor.runScript(TestCaseExecutor.java:448)
	at com.kms.katalon.core.main.TestCaseExecutor.doExecute(TestCaseExecutor.java:439)
	at com.kms.katalon.core.main.TestCaseExecutor.processExecutionPhase(TestCaseExecutor.java:418)
	at com.kms.katalon.core.main.TestCaseExecutor.accessMainPhase(TestCaseExecutor.java:410)
	at com.kms.katalon.core.main.TestCaseExecutor.execute(TestCaseExecutor.java:285)
	at com.kms.katalon.core.common.CommonExecutor.accessTestCaseMainPhase(CommonExecutor.java:65)
	at com.kms.katalon.core.main.TestSuiteExecutor.accessTestSuiteMainPhase(TestSuiteExecutor.java:148)
	at com.kms.katalon.core.main.TestSuiteExecutor.execute(TestSuiteExecutor.java:106)
	at com.kms.katalon.core.main.TestCaseMain.startTestSuite(TestCaseMain.java:187)
	at com.kms.katalon.core.main.TestCaseMain$startTestSuite$0.call(Unknown Source)
	at TempTestSuite1696227720182.run(TempTestSuite1696227720182.groovy:36)
Caused by: com.kms.katalon.core.exception.StepFailedException: Actual text 'Sukses Proses Wakaf Asset, kami akan segera menghubungi anda! Terima kasih' and expected text 'File Tidak Boleh lebih dari 10 MB' of test object 'Object Repository/Wakaf Asset Online/Verify Wakaf Asset Diproses' are NOT matched.
	at com.kms.katalon.core.webui.keyword.internal.WebUIKeywordMain.stepFailed(WebUIKeywordMain.groovy:64)
	at com.kms.katalon.core.webui.keyword.builtin.VerifyElementTextKeyword$_verifyElementText_closure1.doCall(VerifyElementTextKeyword.groovy:57)
	at com.kms.katalon.core.webui.keyword.builtin.VerifyElementTextKeyword$_verifyElementText_closure1.call(VerifyElementTextKeyword.groovy)
	at com.kms.katalon.core.webui.keyword.internal.WebUIKeywordMain.runKeyword(WebUIKeywordMain.groovy:20)
	... 19 more


2023-10-02 13:25:02 - [TEST_STEP][PASSED] - openBrowser("https://10.9.2.63/ecommerce/"): Browser is opened with url: 'https://10.9.2.63/ecommerce/'

2023-10-02 13:25:02 - [MESSAGE][WARNING] - A browser is already opened. Closing browser and opening a new one

2023-10-02 13:25:03 - [MESSAGE][INFO] - Starting 'Edge Chromium' driver

2023-10-02 13:25:03 - [MESSAGE][INFO] - User set preference: ['acceptInsecureCerts', 'true']

2023-10-02 13:25:05 - [MESSAGE][INFO] - Action delay is set to 0 milliseconds

2023-10-02 13:25:08 - [MESSAGE][PASSED] - Browser is opened with url: 'https://10.9.2.63/ecommerce/'

2023-10-02 13:25:08 - [TEST_STEP][PASSED] - maximizeWindow(): Current window maximized

2023-10-02 13:25:08 - [MESSAGE][PASSED] - Current window maximized

2023-10-02 13:25:08 - [TEST_STEP][PASSED] - verifyElementPresent(findTestObject("Login/Button Login"), 0): Object 'Object Repository/Login/Button Login' is present

2023-10-02 13:25:08 - [MESSAGE][WARNING] - Timeout '0' is invalid. Using default page load timeout: '30'

2023-10-02 13:25:09 - [MESSAGE][PASSED] - Object 'Object Repository/Login/Button Login' is present

2023-10-02 13:25:09 - [TEST_STEP][PASSED] - click(findTestObject("Wakaf Asset Online/Donasi")): Object: 'Object Repository/Wakaf Asset Online/Donasi' is clicked on

2023-10-02 13:25:09 - [MESSAGE][PASSED] - Object: 'Object Repository/Wakaf Asset Online/Donasi' is clicked on

2023-10-02 13:25:09 - [TEST_STEP][PASSED] - click(findTestObject("Wakaf Asset Online/Wakaf Asset Donasi")): Object: 'Object Repository/Wakaf Asset Online/Wakaf Asset Donasi' is clicked on

2023-10-02 13:25:10 - [MESSAGE][PASSED] - Object: 'Object Repository/Wakaf Asset Online/Wakaf Asset Donasi' is clicked on

2023-10-02 13:25:10 - [TEST_STEP][PASSED] - verifyElementPresent(findTestObject("Wakaf Asset Online/verify Wakaf Asset Online"), 0): Object 'Object Repository/Wakaf Asset Online/verify Wakaf Asset Online' is present

2023-10-02 13:25:10 - [MESSAGE][WARNING] - Timeout '0' is invalid. Using default page load timeout: '30'

2023-10-02 13:25:11 - [MESSAGE][PASSED] - Object 'Object Repository/Wakaf Asset Online/verify Wakaf Asset Online' is present

2023-10-02 13:25:11 - [TEST_STEP][PASSED] - selectOptionByValue(findTestObject("Wakaf Asset Online/Pilih Type Wakaf"), "Lainnya", false): All options with value 'Lainnya' are selected in object 'Object Repository/Wakaf Asset Online/Pilih Type Wakaf' 

2023-10-02 13:25:12 - [MESSAGE][PASSED] - All options with value 'Lainnya' are selected in object 'Object Repository/Wakaf Asset Online/Pilih Type Wakaf' 

2023-10-02 13:25:12 - [TEST_STEP][PASSED] - setText(findTestObject("Wakaf Asset Online/Input Perkiraan Nilai Asset"), "100000000"): Text '100000000' is set on object 'Object Repository/Wakaf Asset Online/Input Perkiraan Nilai Asset'

2023-10-02 13:25:13 - [MESSAGE][PASSED] - Text '100000000' is set on object 'Object Repository/Wakaf Asset Online/Input Perkiraan Nilai Asset'

2023-10-02 13:25:13 - [TEST_STEP][PASSED] - setText(findTestObject("Wakaf Asset Online/Input Alamat Asset"), "jalan Taruma Jawa Timur"): Text 'jalan Taruma Jawa Timur' is set on object 'Object Repository/Wakaf Asset Online/Input Alamat Asset'

2023-10-02 13:25:13 - [MESSAGE][PASSED] - Text 'jalan Taruma Jawa Timur' is set on object 'Object Repository/Wakaf Asset Online/Input Alamat Asset'

2023-10-02 13:25:13 - [TEST_STEP][PASSED] - setText(findTestObject("Wakaf Asset Online/Keterangan Asset"), ""): Text '' is set on object 'Object Repository/Wakaf Asset Online/Keterangan Asset'

2023-10-02 13:25:14 - [MESSAGE][PASSED] - Text '' is set on object 'Object Repository/Wakaf Asset Online/Keterangan Asset'

2023-10-02 13:25:14 - [TEST_STEP][PASSED] - setText(findTestObject("Wakaf Asset Online/Input Nama Lengkap"), "joko susanto"): Text 'joko susanto' is set on object 'Object Repository/Wakaf Asset Online/Input Nama Lengkap'

2023-10-02 13:25:15 - [MESSAGE][PASSED] - Text 'joko susanto' is set on object 'Object Repository/Wakaf Asset Online/Input Nama Lengkap'

2023-10-02 13:25:15 - [TEST_STEP][PASSED] - setText(findTestObject("Wakaf Asset Online/Input No Handphone"), "085123456789"): Text '085123456789' is set on object 'Object Repository/Wakaf Asset Online/Input No Handphone'

2023-10-02 13:25:16 - [MESSAGE][PASSED] - Text '085123456789' is set on object 'Object Repository/Wakaf Asset Online/Input No Handphone'

2023-10-02 13:25:16 - [TEST_STEP][PASSED] - setText(findTestObject("Wakaf Asset Online/Input Email"), "joko@gmail.com"): Text 'joko@gmail.com' is set on object 'Object Repository/Wakaf Asset Online/Input Email'

2023-10-02 13:25:16 - [MESSAGE][PASSED] - Text 'joko@gmail.com' is set on object 'Object Repository/Wakaf Asset Online/Input Email'

2023-10-02 13:25:16 - [TEST_STEP][PASSED] - uploadFile(findTestObject("Wakaf Asset Online/Input File Upload"), "E:\Pelatihan\Xsis Academy\DJI_0621.DNG"): File 'E:\Pelatihan\Xsis Academy\DJI_0621.DNG' sent to object: 'Object Repository/Wakaf Asset Online/Input File Upload'

2023-10-02 13:25:18 - [MESSAGE][PASSED] - File 'E:\Pelatihan\Xsis Academy\DJI_0621.DNG' sent to object: 'Object Repository/Wakaf Asset Online/Input File Upload'

2023-10-02 13:25:18 - [TEST_STEP][PASSED] - setText(findTestObject("Wakaf Asset Online/Input 2 Digit Terakhir"), "89"): Text '89' is set on object 'Object Repository/Wakaf Asset Online/Input 2 Digit Terakhir'

2023-10-02 13:25:19 - [MESSAGE][PASSED] - Text '89' is set on object 'Object Repository/Wakaf Asset Online/Input 2 Digit Terakhir'

2023-10-02 13:25:19 - [TEST_STEP][PASSED] - click(findTestObject("Wakaf Asset Online/button Wakaf Sekarang")): Object: 'Object Repository/Wakaf Asset Online/button Wakaf Sekarang' is clicked on

2023-10-02 13:25:29 - [MESSAGE][PASSED] - Object: 'Object Repository/Wakaf Asset Online/button Wakaf Sekarang' is clicked on

2023-10-02 13:25:29 - [TEST_STEP][FAILED] - verifyElementText(findTestObject("Wakaf Asset Online/Verify Wakaf Asset Diproses"), "File Tidak Boleh lebih dari 10 MB"): Verify element text of test object 'Object Repository/Wakaf Asset Online/Verify Wakaf Asset Diproses' FAILED. (Root cause: com.kms.katalon.core.exception.StepFailedException: Verify element text of test object 'Object Repository/Wakaf Asset Online/Verify Wakaf Asset Diproses' FAILED.
	at com.kms.katalon.core.webui.keyword.internal.WebUIKeywordMain.stepFailed(WebUIKeywordMain.groovy:64)
	at com.kms.katalon.core.webui.keyword.internal.WebUIKeywordMain.runKeyword(WebUIKeywordMain.groovy:26)
	at com.kms.katalon.core.webui.keyword.builtin.VerifyElementTextKeyword.verifyElementText(VerifyElementTextKeyword.groovy:72)
	at com.kms.katalon.core.webui.keyword.builtin.VerifyElementTextKeyword.execute(VerifyElementTextKeyword.groovy:40)
	at com.kms.katalon.core.keyword.internal.KeywordExecutor.executeKeywordForPlatform(KeywordExecutor.groovy:74)
	at com.kms.katalon.core.webui.keyword.WebUiBuiltInKeywords.verifyElementText(WebUiBuiltInKeywords.groovy:4749)
	at com.kms.katalon.core.webui.keyword.WebUiBuiltInKeywords$verifyElementText$6.call(Unknown Source)
	at TC-WAO-009.run(TC-WAO-009:52)
	at com.kms.katalon.core.main.ScriptEngine.run(ScriptEngine.java:194)
	at com.kms.katalon.core.main.ScriptEngine.runScriptAsRawText(ScriptEngine.java:119)
	at com.kms.katalon.core.main.TestCaseExecutor.runScript(TestCaseExecutor.java:448)
	at com.kms.katalon.core.main.TestCaseExecutor.doExecute(TestCaseExecutor.java:439)
	at com.kms.katalon.core.main.TestCaseExecutor.processExecutionPhase(TestCaseExecutor.java:418)
	at com.kms.katalon.core.main.TestCaseExecutor.accessMainPhase(TestCaseExecutor.java:410)
	at com.kms.katalon.core.main.TestCaseExecutor.execute(TestCaseExecutor.java:285)
	at com.kms.katalon.core.common.CommonExecutor.accessTestCaseMainPhase(CommonExecutor.java:65)
	at com.kms.katalon.core.main.TestSuiteExecutor.accessTestSuiteMainPhase(TestSuiteExecutor.java:148)
	at com.kms.katalon.core.main.TestSuiteExecutor.execute(TestSuiteExecutor.java:106)
	at com.kms.katalon.core.main.TestCaseMain.startTestSuite(TestCaseMain.java:187)
	at com.kms.katalon.core.main.TestCaseMain$startTestSuite$0.call(Unknown Source)
	at TempTestSuite1696227720182.run(TempTestSuite1696227720182.groovy:36)
Caused by: com.kms.katalon.core.exception.StepFailedException: Actual text 'Sukses Proses Wakaf Asset, kami akan segera menghubungi anda! Terima kasih' and expected text 'File Tidak Boleh lebih dari 10 MB' of test object 'Object Repository/Wakaf Asset Online/Verify Wakaf Asset Diproses' are NOT matched.
	at com.kms.katalon.core.webui.keyword.internal.WebUIKeywordMain.stepFailed(WebUIKeywordMain.groovy:64)
	at com.kms.katalon.core.webui.keyword.builtin.VerifyElementTextKeyword$_verifyElementText_closure1.doCall(VerifyElementTextKeyword.groovy:57)
	at com.kms.katalon.core.webui.keyword.builtin.VerifyElementTextKeyword$_verifyElementText_closure1.call(VerifyElementTextKeyword.groovy)
	at com.kms.katalon.core.webui.keyword.internal.WebUIKeywordMain.runKeyword(WebUIKeywordMain.groovy:20)
	... 19 more
)

2023-10-02 13:25:30 - [MESSAGE][FAILED] - Actual text 'Sukses Proses Wakaf Asset, kami akan segera menghubungi anda! Terima kasih' and expected text 'File Tidak Boleh lebih dari 10 MB' of test object 'Object Repository/Wakaf Asset Online/Verify Wakaf Asset Diproses' are NOT matched. (Root cause: com.kms.katalon.core.exception.StepFailedException: Actual text 'Sukses Proses Wakaf Asset, kami akan segera menghubungi anda! Terima kasih' and expected text 'File Tidak Boleh lebih dari 10 MB' of test object 'Object Repository/Wakaf Asset Online/Verify Wakaf Asset Diproses' are NOT matched.
	at com.kms.katalon.core.webui.keyword.internal.WebUIKeywordMain.stepFailed(WebUIKeywordMain.groovy:64)
	at com.kms.katalon.core.webui.keyword.builtin.VerifyElementTextKeyword$_verifyElementText_closure1.doCall(VerifyElementTextKeyword.groovy:57)
	at com.kms.katalon.core.webui.keyword.builtin.VerifyElementTextKeyword$_verifyElementText_closure1.call(VerifyElementTextKeyword.groovy)
	at com.kms.katalon.core.webui.keyword.internal.WebUIKeywordMain.runKeyword(WebUIKeywordMain.groovy:20)
	at com.kms.katalon.core.webui.keyword.builtin.VerifyElementTextKeyword.verifyElementText(VerifyElementTextKeyword.groovy:72)
	at com.kms.katalon.core.webui.keyword.builtin.VerifyElementTextKeyword.execute(VerifyElementTextKeyword.groovy:40)
	at com.kms.katalon.core.keyword.internal.KeywordExecutor.executeKeywordForPlatform(KeywordExecutor.groovy:74)
	at com.kms.katalon.core.webui.keyword.WebUiBuiltInKeywords.verifyElementText(WebUiBuiltInKeywords.groovy:4749)
	at com.kms.katalon.core.webui.keyword.WebUiBuiltInKeywords$verifyElementText$6.call(Unknown Source)
	at TC-WAO-009.run(TC-WAO-009:52)
	at com.kms.katalon.core.main.ScriptEngine.run(ScriptEngine.java:194)
	at com.kms.katalon.core.main.ScriptEngine.runScriptAsRawText(ScriptEngine.java:119)
	at com.kms.katalon.core.main.TestCaseExecutor.runScript(TestCaseExecutor.java:448)
	at com.kms.katalon.core.main.TestCaseExecutor.doExecute(TestCaseExecutor.java:439)
	at com.kms.katalon.core.main.TestCaseExecutor.processExecutionPhase(TestCaseExecutor.java:418)
	at com.kms.katalon.core.main.TestCaseExecutor.accessMainPhase(TestCaseExecutor.java:410)
	at com.kms.katalon.core.main.TestCaseExecutor.execute(TestCaseExecutor.java:285)
	at com.kms.katalon.core.common.CommonExecutor.accessTestCaseMainPhase(CommonExecutor.java:65)
	at com.kms.katalon.core.main.TestSuiteExecutor.accessTestSuiteMainPhase(TestSuiteExecutor.java:148)
	at com.kms.katalon.core.main.TestSuiteExecutor.execute(TestSuiteExecutor.java:106)
	at com.kms.katalon.core.main.TestCaseMain.startTestSuite(TestCaseMain.java:187)
	at com.kms.katalon.core.main.TestCaseMain$startTestSuite$0.call(Unknown Source)
	at TempTestSuite1696227720182.run(TempTestSuite1696227720182.groovy:36)
)
[[ATTACHMENT|G:\\Project Xsis\\batch-324-qa\\Riswan\\Tajalapak_com\\Reports\\20231002_132200\\TS-Wakaf Asset Online\\20231002_132200\\1696227930465.png]]

2023-10-02 13:25:30 - [MESSAGE][FAILED] - Verify element text of test object 'Object Repository/Wakaf Asset Online/Verify Wakaf Asset Diproses' FAILED. (Root cause: com.kms.katalon.core.exception.StepFailedException: Verify element text of test object 'Object Repository/Wakaf Asset Online/Verify Wakaf Asset Diproses' FAILED.
	at com.kms.katalon.core.webui.keyword.internal.WebUIKeywordMain.stepFailed(WebUIKeywordMain.groovy:64)
	at com.kms.katalon.core.webui.keyword.internal.WebUIKeywordMain.runKeyword(WebUIKeywordMain.groovy:26)
	at com.kms.katalon.core.webui.keyword.builtin.VerifyElementTextKeyword.verifyElementText(VerifyElementTextKeyword.groovy:72)
	at com.kms.katalon.core.webui.keyword.builtin.VerifyElementTextKeyword.execute(VerifyElementTextKeyword.groovy:40)
	at com.kms.katalon.core.keyword.internal.KeywordExecutor.executeKeywordForPlatform(KeywordExecutor.groovy:74)
	at com.kms.katalon.core.webui.keyword.WebUiBuiltInKeywords.verifyElementText(WebUiBuiltInKeywords.groovy:4749)
	at com.kms.katalon.core.webui.keyword.WebUiBuiltInKeywords$verifyElementText$6.call(Unknown Source)
	at TC-WAO-009.run(TC-WAO-009:52)
	at com.kms.katalon.core.main.ScriptEngine.run(ScriptEngine.java:194)
	at com.kms.katalon.core.main.ScriptEngine.runScriptAsRawText(ScriptEngine.java:119)
	at com.kms.katalon.core.main.TestCaseExecutor.runScript(TestCaseExecutor.java:448)
	at com.kms.katalon.core.main.TestCaseExecutor.doExecute(TestCaseExecutor.java:439)
	at com.kms.katalon.core.main.TestCaseExecutor.processExecutionPhase(TestCaseExecutor.java:418)
	at com.kms.katalon.core.main.TestCaseExecutor.accessMainPhase(TestCaseExecutor.java:410)
	at com.kms.katalon.core.main.TestCaseExecutor.execute(TestCaseExecutor.java:285)
	at com.kms.katalon.core.common.CommonExecutor.accessTestCaseMainPhase(CommonExecutor.java:65)
	at com.kms.katalon.core.main.TestSuiteExecutor.accessTestSuiteMainPhase(TestSuiteExecutor.java:148)
	at com.kms.katalon.core.main.TestSuiteExecutor.execute(TestSuiteExecutor.java:106)
	at com.kms.katalon.core.main.TestCaseMain.startTestSuite(TestCaseMain.java:187)
	at com.kms.katalon.core.main.TestCaseMain$startTestSuite$0.call(Unknown Source)
	at TempTestSuite1696227720182.run(TempTestSuite1696227720182.groovy:36)
Caused by: com.kms.katalon.core.exception.StepFailedException: Actual text 'Sukses Proses Wakaf Asset, kami akan segera menghubungi anda! Terima kasih' and expected text 'File Tidak Boleh lebih dari 10 MB' of test object 'Object Repository/Wakaf Asset Online/Verify Wakaf Asset Diproses' are NOT matched.
	at com.kms.katalon.core.webui.keyword.internal.WebUIKeywordMain.stepFailed(WebUIKeywordMain.groovy:64)
	at com.kms.katalon.core.webui.keyword.builtin.VerifyElementTextKeyword$_verifyElementText_closure1.doCall(VerifyElementTextKeyword.groovy:57)
	at com.kms.katalon.core.webui.keyword.builtin.VerifyElementTextKeyword$_verifyElementText_closure1.call(VerifyElementTextKeyword.groovy)
	at com.kms.katalon.core.webui.keyword.internal.WebUIKeywordMain.runKeyword(WebUIKeywordMain.groovy:20)
	... 19 more
)
[[ATTACHMENT|G:\\Project Xsis\\batch-324-qa\\Riswan\\Tajalapak_com\\Reports\\20231002_132200\\TS-Wakaf Asset Online\\20231002_132200\\1696227930563.png]]]]></system-out>
         <system-err><![CDATA[2023-10-02 13:25:02 - [TEST_CASE][FAILED] - Test Cases/Wakaf Asset Online/TC-WAO-009: Test Cases/Wakaf Asset Online/TC-WAO-009 FAILED.
Reason:
com.kms.katalon.core.exception.StepFailedException: Verify element text of test object 'Object Repository/Wakaf Asset Online/Verify Wakaf Asset Diproses' FAILED.
	at com.kms.katalon.core.webui.keyword.internal.WebUIKeywordMain.stepFailed(WebUIKeywordMain.groovy:64)
	at com.kms.katalon.core.webui.keyword.internal.WebUIKeywordMain.runKeyword(WebUIKeywordMain.groovy:26)
	at com.kms.katalon.core.webui.keyword.builtin.VerifyElementTextKeyword.verifyElementText(VerifyElementTextKeyword.groovy:72)
	at com.kms.katalon.core.webui.keyword.builtin.VerifyElementTextKeyword.execute(VerifyElementTextKeyword.groovy:40)
	at com.kms.katalon.core.keyword.internal.KeywordExecutor.executeKeywordForPlatform(KeywordExecutor.groovy:74)
	at com.kms.katalon.core.webui.keyword.WebUiBuiltInKeywords.verifyElementText(WebUiBuiltInKeywords.groovy:4749)
	at com.kms.katalon.core.webui.keyword.WebUiBuiltInKeywords$verifyElementText$6.call(Unknown Source)
	at TC-WAO-009.run(TC-WAO-009:52)
	at com.kms.katalon.core.main.ScriptEngine.run(ScriptEngine.java:194)
	at com.kms.katalon.core.main.ScriptEngine.runScriptAsRawText(ScriptEngine.java:119)
	at com.kms.katalon.core.main.TestCaseExecutor.runScript(TestCaseExecutor.java:448)
	at com.kms.katalon.core.main.TestCaseExecutor.doExecute(TestCaseExecutor.java:439)
	at com.kms.katalon.core.main.TestCaseExecutor.processExecutionPhase(TestCaseExecutor.java:418)
	at com.kms.katalon.core.main.TestCaseExecutor.accessMainPhase(TestCaseExecutor.java:410)
	at com.kms.katalon.core.main.TestCaseExecutor.execute(TestCaseExecutor.java:285)
	at com.kms.katalon.core.common.CommonExecutor.accessTestCaseMainPhase(CommonExecutor.java:65)
	at com.kms.katalon.core.main.TestSuiteExecutor.accessTestSuiteMainPhase(TestSuiteExecutor.java:148)
	at com.kms.katalon.core.main.TestSuiteExecutor.execute(TestSuiteExecutor.java:106)
	at com.kms.katalon.core.main.TestCaseMain.startTestSuite(TestCaseMain.java:187)
	at com.kms.katalon.core.main.TestCaseMain$startTestSuite$0.call(Unknown Source)
	at TempTestSuite1696227720182.run(TempTestSuite1696227720182.groovy:36)
Caused by: com.kms.katalon.core.exception.StepFailedException: Actual text 'Sukses Proses Wakaf Asset, kami akan segera menghubungi anda! Terima kasih' and expected text 'File Tidak Boleh lebih dari 10 MB' of test object 'Object Repository/Wakaf Asset Online/Verify Wakaf Asset Diproses' are NOT matched.
	at com.kms.katalon.core.webui.keyword.internal.WebUIKeywordMain.stepFailed(WebUIKeywordMain.groovy:64)
	at com.kms.katalon.core.webui.keyword.builtin.VerifyElementTextKeyword$_verifyElementText_closure1.doCall(VerifyElementTextKeyword.groovy:57)
	at com.kms.katalon.core.webui.keyword.builtin.VerifyElementTextKeyword$_verifyElementText_closure1.call(VerifyElementTextKeyword.groovy)
	at com.kms.katalon.core.webui.keyword.internal.WebUIKeywordMain.runKeyword(WebUIKeywordMain.groovy:20)
	... 19 more]]></system-err>
      </testcase>
      <testcase name="Test Cases/Wakaf Asset Online/TC-WAO-010" time="48.534" classname="Test Cases/Wakaf Asset Online/TC-WAO-010" status="FAILED">
         <failure type="FAILED" message="Test Cases/Wakaf Asset Online/TC-WAO-010 FAILED.
Reason:
com.kms.katalon.core.exception.StepFailedException: Unable to verify object 'Object Repository/Wakaf Asset Online/Verify Wakaf Asset Diproses' is not present
	at com.kms.katalon.core.webui.keyword.internal.WebUIKeywordMain.stepFailed(WebUIKeywordMain.groovy:64)
	at com.kms.katalon.core.webui.keyword.internal.WebUIKeywordMain.runKeyword(WebUIKeywordMain.groovy:26)
	at com.kms.katalon.core.webui.keyword.internal.WebUIKeywordMain$runKeyword.call(Unknown Source)
	at com.kms.katalon.core.webui.keyword.builtin.VerifyElementNotPresentKeyword.verifyElementNotPresent(VerifyElementNotPresentKeyword.groovy:122)
	at com.kms.katalon.core.webui.keyword.builtin.VerifyElementNotPresentKeyword.execute(VerifyElementNotPresentKeyword.groovy:68)
	at com.kms.katalon.core.keyword.internal.KeywordExecutor.executeKeywordForPlatform(KeywordExecutor.groovy:74)
	at com.kms.katalon.core.webui.keyword.WebUiBuiltInKeywords.verifyElementNotPresent(WebUiBuiltInKeywords.groovy:1497)
	at com.kms.katalon.core.webui.keyword.WebUiBuiltInKeywords$verifyElementNotPresent$7.call(Unknown Source)
	at TC-WAO-010.run(TC-WAO-010:52)
	at com.kms.katalon.core.main.ScriptEngine.run(ScriptEngine.java:194)
	at com.kms.katalon.core.main.ScriptEngine.runScriptAsRawText(ScriptEngine.java:119)
	at com.kms.katalon.core.main.TestCaseExecutor.runScript(TestCaseExecutor.java:448)
	at com.kms.katalon.core.main.TestCaseExecutor.doExecute(TestCaseExecutor.java:439)
	at com.kms.katalon.core.main.TestCaseExecutor.processExecutionPhase(TestCaseExecutor.java:418)
	at com.kms.katalon.core.main.TestCaseExecutor.accessMainPhase(TestCaseExecutor.java:410)
	at com.kms.katalon.core.main.TestCaseExecutor.execute(TestCaseExecutor.java:285)
	at com.kms.katalon.core.common.CommonExecutor.accessTestCaseMainPhase(CommonExecutor.java:65)
	at com.kms.katalon.core.main.TestSuiteExecutor.accessTestSuiteMainPhase(TestSuiteExecutor.java:148)
	at com.kms.katalon.core.main.TestSuiteExecutor.execute(TestSuiteExecutor.java:106)
	at com.kms.katalon.core.main.TestCaseMain.startTestSuite(TestCaseMain.java:187)
	at com.kms.katalon.core.main.TestCaseMain$startTestSuite$0.call(Unknown Source)
	at TempTestSuite1696227720182.run(TempTestSuite1696227720182.groovy:36)
Caused by: com.kms.katalon.core.exception.StepFailedException: Web element with id: 'Object Repository/Wakaf Asset Online/Verify Wakaf Asset Diproses' located by 'By.xpath: (.//*[normalize-space(text()) and normalize-space(.)='Wakaf Asset Online'])[3]/following::center[1]' is present after '30' second(s)
	at com.kms.katalon.core.webui.keyword.internal.WebUIKeywordMain.stepFailed(WebUIKeywordMain.groovy:64)
	at com.kms.katalon.core.webui.keyword.internal.WebUIKeywordMain$stepFailed$0.call(Unknown Source)
	at com.kms.katalon.core.webui.keyword.builtin.VerifyElementNotPresentKeyword$_verifyElementNotPresent_closure1.doCall(VerifyElementNotPresentKeyword.groovy:113)
	at com.kms.katalon.core.webui.keyword.builtin.VerifyElementNotPresentKeyword$_verifyElementNotPresent_closure1.doCall(VerifyElementNotPresentKeyword.groovy)
	at com.kms.katalon.core.webui.keyword.internal.WebUIKeywordMain.runKeyword(WebUIKeywordMain.groovy:20)
	... 20 more
"/>
         <system-out><![CDATA[2023-10-02 13:25:30 - [TEST_CASE][FAILED] - Test Cases/Wakaf Asset Online/TC-WAO-010: Test Cases/Wakaf Asset Online/TC-WAO-010 FAILED.
Reason:
com.kms.katalon.core.exception.StepFailedException: Unable to verify object 'Object Repository/Wakaf Asset Online/Verify Wakaf Asset Diproses' is not present
	at com.kms.katalon.core.webui.keyword.internal.WebUIKeywordMain.stepFailed(WebUIKeywordMain.groovy:64)
	at com.kms.katalon.core.webui.keyword.internal.WebUIKeywordMain.runKeyword(WebUIKeywordMain.groovy:26)
	at com.kms.katalon.core.webui.keyword.internal.WebUIKeywordMain$runKeyword.call(Unknown Source)
	at com.kms.katalon.core.webui.keyword.builtin.VerifyElementNotPresentKeyword.verifyElementNotPresent(VerifyElementNotPresentKeyword.groovy:122)
	at com.kms.katalon.core.webui.keyword.builtin.VerifyElementNotPresentKeyword.execute(VerifyElementNotPresentKeyword.groovy:68)
	at com.kms.katalon.core.keyword.internal.KeywordExecutor.executeKeywordForPlatform(KeywordExecutor.groovy:74)
	at com.kms.katalon.core.webui.keyword.WebUiBuiltInKeywords.verifyElementNotPresent(WebUiBuiltInKeywords.groovy:1497)
	at com.kms.katalon.core.webui.keyword.WebUiBuiltInKeywords$verifyElementNotPresent$7.call(Unknown Source)
	at TC-WAO-010.run(TC-WAO-010:52)
	at com.kms.katalon.core.main.ScriptEngine.run(ScriptEngine.java:194)
	at com.kms.katalon.core.main.ScriptEngine.runScriptAsRawText(ScriptEngine.java:119)
	at com.kms.katalon.core.main.TestCaseExecutor.runScript(TestCaseExecutor.java:448)
	at com.kms.katalon.core.main.TestCaseExecutor.doExecute(TestCaseExecutor.java:439)
	at com.kms.katalon.core.main.TestCaseExecutor.processExecutionPhase(TestCaseExecutor.java:418)
	at com.kms.katalon.core.main.TestCaseExecutor.accessMainPhase(TestCaseExecutor.java:410)
	at com.kms.katalon.core.main.TestCaseExecutor.execute(TestCaseExecutor.java:285)
	at com.kms.katalon.core.common.CommonExecutor.accessTestCaseMainPhase(CommonExecutor.java:65)
	at com.kms.katalon.core.main.TestSuiteExecutor.accessTestSuiteMainPhase(TestSuiteExecutor.java:148)
	at com.kms.katalon.core.main.TestSuiteExecutor.execute(TestSuiteExecutor.java:106)
	at com.kms.katalon.core.main.TestCaseMain.startTestSuite(TestCaseMain.java:187)
	at com.kms.katalon.core.main.TestCaseMain$startTestSuite$0.call(Unknown Source)
	at TempTestSuite1696227720182.run(TempTestSuite1696227720182.groovy:36)
Caused by: com.kms.katalon.core.exception.StepFailedException: Web element with id: 'Object Repository/Wakaf Asset Online/Verify Wakaf Asset Diproses' located by 'By.xpath: (.//*[normalize-space(text()) and normalize-space(.)='Wakaf Asset Online'])[3]/following::center[1]' is present after '30' second(s)
	at com.kms.katalon.core.webui.keyword.internal.WebUIKeywordMain.stepFailed(WebUIKeywordMain.groovy:64)
	at com.kms.katalon.core.webui.keyword.internal.WebUIKeywordMain$stepFailed$0.call(Unknown Source)
	at com.kms.katalon.core.webui.keyword.builtin.VerifyElementNotPresentKeyword$_verifyElementNotPresent_closure1.doCall(VerifyElementNotPresentKeyword.groovy:113)
	at com.kms.katalon.core.webui.keyword.builtin.VerifyElementNotPresentKeyword$_verifyElementNotPresent_closure1.doCall(VerifyElementNotPresentKeyword.groovy)
	at com.kms.katalon.core.webui.keyword.internal.WebUIKeywordMain.runKeyword(WebUIKeywordMain.groovy:20)
	... 20 more


2023-10-02 13:25:30 - [TEST_STEP][PASSED] - openBrowser("https://10.9.2.63/ecommerce/"): Browser is opened with url: 'https://10.9.2.63/ecommerce/'

2023-10-02 13:25:30 - [MESSAGE][WARNING] - A browser is already opened. Closing browser and opening a new one

2023-10-02 13:25:31 - [MESSAGE][INFO] - Starting 'Edge Chromium' driver

2023-10-02 13:25:31 - [MESSAGE][INFO] - User set preference: ['acceptInsecureCerts', 'true']

2023-10-02 13:25:33 - [MESSAGE][INFO] - Action delay is set to 0 milliseconds

2023-10-02 13:25:37 - [MESSAGE][PASSED] - Browser is opened with url: 'https://10.9.2.63/ecommerce/'

2023-10-02 13:25:37 - [TEST_STEP][PASSED] - maximizeWindow(): Current window maximized

2023-10-02 13:25:37 - [MESSAGE][PASSED] - Current window maximized

2023-10-02 13:25:37 - [TEST_STEP][PASSED] - verifyElementPresent(findTestObject("Search Product/Verify Page Tajalapak"), 0): Object 'Object Repository/Search Product/Verify Page Tajalapak' is present

2023-10-02 13:25:37 - [MESSAGE][WARNING] - Timeout '0' is invalid. Using default page load timeout: '30'

2023-10-02 13:25:38 - [MESSAGE][PASSED] - Object 'Object Repository/Search Product/Verify Page Tajalapak' is present

2023-10-02 13:25:38 - [TEST_STEP][PASSED] - click(findTestObject("Wakaf Asset Online/Donasi")): Object: 'Object Repository/Wakaf Asset Online/Donasi' is clicked on

2023-10-02 13:25:38 - [MESSAGE][PASSED] - Object: 'Object Repository/Wakaf Asset Online/Donasi' is clicked on

2023-10-02 13:25:38 - [TEST_STEP][PASSED] - click(findTestObject("Wakaf Asset Online/Wakaf Asset Donasi")): Object: 'Object Repository/Wakaf Asset Online/Wakaf Asset Donasi' is clicked on

2023-10-02 13:25:39 - [MESSAGE][PASSED] - Object: 'Object Repository/Wakaf Asset Online/Wakaf Asset Donasi' is clicked on

2023-10-02 13:25:39 - [TEST_STEP][PASSED] - verifyElementPresent(findTestObject("Wakaf Asset Online/verify Wakaf Asset Online"), 0): Object 'Object Repository/Wakaf Asset Online/verify Wakaf Asset Online' is present

2023-10-02 13:25:39 - [MESSAGE][WARNING] - Timeout '0' is invalid. Using default page load timeout: '30'

2023-10-02 13:25:40 - [MESSAGE][PASSED] - Object 'Object Repository/Wakaf Asset Online/verify Wakaf Asset Online' is present

2023-10-02 13:25:40 - [TEST_STEP][PASSED] - selectOptionByValue(findTestObject("Wakaf Asset Online/Pilih Type Wakaf"), "Bangunan", false): All options with value 'Bangunan' are selected in object 'Object Repository/Wakaf Asset Online/Pilih Type Wakaf' 

2023-10-02 13:25:40 - [MESSAGE][PASSED] - All options with value 'Bangunan' are selected in object 'Object Repository/Wakaf Asset Online/Pilih Type Wakaf' 

2023-10-02 13:25:40 - [TEST_STEP][PASSED] - setText(findTestObject("Wakaf Asset Online/Input Perkiraan Nilai Asset"), "100000000"): Text '100000000' is set on object 'Object Repository/Wakaf Asset Online/Input Perkiraan Nilai Asset'

2023-10-02 13:25:41 - [MESSAGE][PASSED] - Text '100000000' is set on object 'Object Repository/Wakaf Asset Online/Input Perkiraan Nilai Asset'

2023-10-02 13:25:41 - [TEST_STEP][PASSED] - setText(findTestObject("Wakaf Asset Online/Input Alamat Asset"), "Jalan Taruma Jawa Timur"): Text 'Jalan Taruma Jawa Timur' is set on object 'Object Repository/Wakaf Asset Online/Input Alamat Asset'

2023-10-02 13:25:42 - [MESSAGE][PASSED] - Text 'Jalan Taruma Jawa Timur' is set on object 'Object Repository/Wakaf Asset Online/Input Alamat Asset'

2023-10-02 13:25:42 - [TEST_STEP][PASSED] - setText(findTestObject("Wakaf Asset Online/Keterangan Asset"), ""): Text '' is set on object 'Object Repository/Wakaf Asset Online/Keterangan Asset'

2023-10-02 13:25:43 - [MESSAGE][PASSED] - Text '' is set on object 'Object Repository/Wakaf Asset Online/Keterangan Asset'

2023-10-02 13:25:43 - [TEST_STEP][PASSED] - setText(findTestObject("Wakaf Asset Online/Input Nama Lengkap"), "~!@#$%^&*()"): Text '~!@#$%^&*()' is set on object 'Object Repository/Wakaf Asset Online/Input Nama Lengkap'

2023-10-02 13:25:43 - [MESSAGE][PASSED] - Text '~!@#$%^&*()' is set on object 'Object Repository/Wakaf Asset Online/Input Nama Lengkap'

2023-10-02 13:25:43 - [TEST_STEP][PASSED] - setText(findTestObject("Wakaf Asset Online/Input No Handphone"), "085123456789"): Text '085123456789' is set on object 'Object Repository/Wakaf Asset Online/Input No Handphone'

2023-10-02 13:25:45 - [MESSAGE][PASSED] - Text '085123456789' is set on object 'Object Repository/Wakaf Asset Online/Input No Handphone'

2023-10-02 13:25:45 - [TEST_STEP][PASSED] - setText(findTestObject("Wakaf Asset Online/Input Email"), "joko@gmail.com"): Text 'joko@gmail.com' is set on object 'Object Repository/Wakaf Asset Online/Input Email'

2023-10-02 13:25:46 - [MESSAGE][PASSED] - Text 'joko@gmail.com' is set on object 'Object Repository/Wakaf Asset Online/Input Email'

2023-10-02 13:25:46 - [TEST_STEP][PASSED] - uploadFile(findTestObject("Wakaf Asset Online/Input File Upload"), "E:\minions.png"): File 'E:\minions.png' sent to object: 'Object Repository/Wakaf Asset Online/Input File Upload'

2023-10-02 13:25:46 - [MESSAGE][PASSED] - File 'E:\minions.png' sent to object: 'Object Repository/Wakaf Asset Online/Input File Upload'

2023-10-02 13:25:46 - [TEST_STEP][PASSED] - setText(findTestObject("Wakaf Asset Online/Input 2 Digit Terakhir"), "89"): Text '89' is set on object 'Object Repository/Wakaf Asset Online/Input 2 Digit Terakhir'

2023-10-02 13:25:47 - [MESSAGE][PASSED] - Text '89' is set on object 'Object Repository/Wakaf Asset Online/Input 2 Digit Terakhir'

2023-10-02 13:25:47 - [TEST_STEP][PASSED] - click(findTestObject("Wakaf Asset Online/button Wakaf Sekarang")): Object: 'Object Repository/Wakaf Asset Online/button Wakaf Sekarang' is clicked on

2023-10-02 13:25:48 - [MESSAGE][PASSED] - Object: 'Object Repository/Wakaf Asset Online/button Wakaf Sekarang' is clicked on

2023-10-02 13:25:48 - [TEST_STEP][FAILED] - verifyElementNotPresent(findTestObject("Wakaf Asset Online/Verify Wakaf Asset Diproses"), 0): Unable to verify object 'Object Repository/Wakaf Asset Online/Verify Wakaf Asset Diproses' is not present (Root cause: com.kms.katalon.core.exception.StepFailedException: Unable to verify object 'Object Repository/Wakaf Asset Online/Verify Wakaf Asset Diproses' is not present
	at com.kms.katalon.core.webui.keyword.internal.WebUIKeywordMain.stepFailed(WebUIKeywordMain.groovy:64)
	at com.kms.katalon.core.webui.keyword.internal.WebUIKeywordMain.runKeyword(WebUIKeywordMain.groovy:26)
	at com.kms.katalon.core.webui.keyword.internal.WebUIKeywordMain$runKeyword.call(Unknown Source)
	at com.kms.katalon.core.webui.keyword.builtin.VerifyElementNotPresentKeyword.verifyElementNotPresent(VerifyElementNotPresentKeyword.groovy:122)
	at com.kms.katalon.core.webui.keyword.builtin.VerifyElementNotPresentKeyword.execute(VerifyElementNotPresentKeyword.groovy:68)
	at com.kms.katalon.core.keyword.internal.KeywordExecutor.executeKeywordForPlatform(KeywordExecutor.groovy:74)
	at com.kms.katalon.core.webui.keyword.WebUiBuiltInKeywords.verifyElementNotPresent(WebUiBuiltInKeywords.groovy:1497)
	at com.kms.katalon.core.webui.keyword.WebUiBuiltInKeywords$verifyElementNotPresent$7.call(Unknown Source)
	at TC-WAO-010.run(TC-WAO-010:52)
	at com.kms.katalon.core.main.ScriptEngine.run(ScriptEngine.java:194)
	at com.kms.katalon.core.main.ScriptEngine.runScriptAsRawText(ScriptEngine.java:119)
	at com.kms.katalon.core.main.TestCaseExecutor.runScript(TestCaseExecutor.java:448)
	at com.kms.katalon.core.main.TestCaseExecutor.doExecute(TestCaseExecutor.java:439)
	at com.kms.katalon.core.main.TestCaseExecutor.processExecutionPhase(TestCaseExecutor.java:418)
	at com.kms.katalon.core.main.TestCaseExecutor.accessMainPhase(TestCaseExecutor.java:410)
	at com.kms.katalon.core.main.TestCaseExecutor.execute(TestCaseExecutor.java:285)
	at com.kms.katalon.core.common.CommonExecutor.accessTestCaseMainPhase(CommonExecutor.java:65)
	at com.kms.katalon.core.main.TestSuiteExecutor.accessTestSuiteMainPhase(TestSuiteExecutor.java:148)
	at com.kms.katalon.core.main.TestSuiteExecutor.execute(TestSuiteExecutor.java:106)
	at com.kms.katalon.core.main.TestCaseMain.startTestSuite(TestCaseMain.java:187)
	at com.kms.katalon.core.main.TestCaseMain$startTestSuite$0.call(Unknown Source)
	at TempTestSuite1696227720182.run(TempTestSuite1696227720182.groovy:36)
Caused by: com.kms.katalon.core.exception.StepFailedException: Web element with id: 'Object Repository/Wakaf Asset Online/Verify Wakaf Asset Diproses' located by 'By.xpath: (.//*[normalize-space(text()) and normalize-space(.)='Wakaf Asset Online'])[3]/following::center[1]' is present after '30' second(s)
	at com.kms.katalon.core.webui.keyword.internal.WebUIKeywordMain.stepFailed(WebUIKeywordMain.groovy:64)
	at com.kms.katalon.core.webui.keyword.internal.WebUIKeywordMain$stepFailed$0.call(Unknown Source)
	at com.kms.katalon.core.webui.keyword.builtin.VerifyElementNotPresentKeyword$_verifyElementNotPresent_closure1.doCall(VerifyElementNotPresentKeyword.groovy:113)
	at com.kms.katalon.core.webui.keyword.builtin.VerifyElementNotPresentKeyword$_verifyElementNotPresent_closure1.doCall(VerifyElementNotPresentKeyword.groovy)
	at com.kms.katalon.core.webui.keyword.internal.WebUIKeywordMain.runKeyword(WebUIKeywordMain.groovy:20)
	... 20 more
)

2023-10-02 13:25:48 - [MESSAGE][WARNING] - Timeout '0' is invalid. Using default page load timeout: '30'

2023-10-02 13:26:19 - [MESSAGE][FAILED] - Web element with id: 'Object Repository/Wakaf Asset Online/Verify Wakaf Asset Diproses' located by 'By.xpath: (.//*[normalize-space(text()) and normalize-space(.)='Wakaf Asset Online'])[3]/following::center[1]' is present after '30' second(s) (Root cause: com.kms.katalon.core.exception.StepFailedException: Web element with id: 'Object Repository/Wakaf Asset Online/Verify Wakaf Asset Diproses' located by 'By.xpath: (.//*[normalize-space(text()) and normalize-space(.)='Wakaf Asset Online'])[3]/following::center[1]' is present after '30' second(s)
	at com.kms.katalon.core.webui.keyword.internal.WebUIKeywordMain.stepFailed(WebUIKeywordMain.groovy:64)
	at com.kms.katalon.core.webui.keyword.internal.WebUIKeywordMain$stepFailed$0.call(Unknown Source)
	at com.kms.katalon.core.webui.keyword.builtin.VerifyElementNotPresentKeyword$_verifyElementNotPresent_closure1.doCall(VerifyElementNotPresentKeyword.groovy:113)
	at com.kms.katalon.core.webui.keyword.builtin.VerifyElementNotPresentKeyword$_verifyElementNotPresent_closure1.doCall(VerifyElementNotPresentKeyword.groovy)
	at com.kms.katalon.core.webui.keyword.internal.WebUIKeywordMain.runKeyword(WebUIKeywordMain.groovy:20)
	at com.kms.katalon.core.webui.keyword.internal.WebUIKeywordMain$runKeyword.call(Unknown Source)
	at com.kms.katalon.core.webui.keyword.builtin.VerifyElementNotPresentKeyword.verifyElementNotPresent(VerifyElementNotPresentKeyword.groovy:122)
	at com.kms.katalon.core.webui.keyword.builtin.VerifyElementNotPresentKeyword.execute(VerifyElementNotPresentKeyword.groovy:68)
	at com.kms.katalon.core.keyword.internal.KeywordExecutor.executeKeywordForPlatform(KeywordExecutor.groovy:74)
	at com.kms.katalon.core.webui.keyword.WebUiBuiltInKeywords.verifyElementNotPresent(WebUiBuiltInKeywords.groovy:1497)
	at com.kms.katalon.core.webui.keyword.WebUiBuiltInKeywords$verifyElementNotPresent$7.call(Unknown Source)
	at TC-WAO-010.run(TC-WAO-010:52)
	at com.kms.katalon.core.main.ScriptEngine.run(ScriptEngine.java:194)
	at com.kms.katalon.core.main.ScriptEngine.runScriptAsRawText(ScriptEngine.java:119)
	at com.kms.katalon.core.main.TestCaseExecutor.runScript(TestCaseExecutor.java:448)
	at com.kms.katalon.core.main.TestCaseExecutor.doExecute(TestCaseExecutor.java:439)
	at com.kms.katalon.core.main.TestCaseExecutor.processExecutionPhase(TestCaseExecutor.java:418)
	at com.kms.katalon.core.main.TestCaseExecutor.accessMainPhase(TestCaseExecutor.java:410)
	at com.kms.katalon.core.main.TestCaseExecutor.execute(TestCaseExecutor.java:285)
	at com.kms.katalon.core.common.CommonExecutor.accessTestCaseMainPhase(CommonExecutor.java:65)
	at com.kms.katalon.core.main.TestSuiteExecutor.accessTestSuiteMainPhase(TestSuiteExecutor.java:148)
	at com.kms.katalon.core.main.TestSuiteExecutor.execute(TestSuiteExecutor.java:106)
	at com.kms.katalon.core.main.TestCaseMain.startTestSuite(TestCaseMain.java:187)
	at com.kms.katalon.core.main.TestCaseMain$startTestSuite$0.call(Unknown Source)
	at TempTestSuite1696227720182.run(TempTestSuite1696227720182.groovy:36)
)
[[ATTACHMENT|G:\\Project Xsis\\batch-324-qa\\Riswan\\Tajalapak_com\\Reports\\20231002_132200\\TS-Wakaf Asset Online\\20231002_132200\\1696227979001.png]]

2023-10-02 13:26:19 - [MESSAGE][FAILED] - Unable to verify object 'Object Repository/Wakaf Asset Online/Verify Wakaf Asset Diproses' is not present (Root cause: com.kms.katalon.core.exception.StepFailedException: Unable to verify object 'Object Repository/Wakaf Asset Online/Verify Wakaf Asset Diproses' is not present
	at com.kms.katalon.core.webui.keyword.internal.WebUIKeywordMain.stepFailed(WebUIKeywordMain.groovy:64)
	at com.kms.katalon.core.webui.keyword.internal.WebUIKeywordMain.runKeyword(WebUIKeywordMain.groovy:26)
	at com.kms.katalon.core.webui.keyword.internal.WebUIKeywordMain$runKeyword.call(Unknown Source)
	at com.kms.katalon.core.webui.keyword.builtin.VerifyElementNotPresentKeyword.verifyElementNotPresent(VerifyElementNotPresentKeyword.groovy:122)
	at com.kms.katalon.core.webui.keyword.builtin.VerifyElementNotPresentKeyword.execute(VerifyElementNotPresentKeyword.groovy:68)
	at com.kms.katalon.core.keyword.internal.KeywordExecutor.executeKeywordForPlatform(KeywordExecutor.groovy:74)
	at com.kms.katalon.core.webui.keyword.WebUiBuiltInKeywords.verifyElementNotPresent(WebUiBuiltInKeywords.groovy:1497)
	at com.kms.katalon.core.webui.keyword.WebUiBuiltInKeywords$verifyElementNotPresent$7.call(Unknown Source)
	at TC-WAO-010.run(TC-WAO-010:52)
	at com.kms.katalon.core.main.ScriptEngine.run(ScriptEngine.java:194)
	at com.kms.katalon.core.main.ScriptEngine.runScriptAsRawText(ScriptEngine.java:119)
	at com.kms.katalon.core.main.TestCaseExecutor.runScript(TestCaseExecutor.java:448)
	at com.kms.katalon.core.main.TestCaseExecutor.doExecute(TestCaseExecutor.java:439)
	at com.kms.katalon.core.main.TestCaseExecutor.processExecutionPhase(TestCaseExecutor.java:418)
	at com.kms.katalon.core.main.TestCaseExecutor.accessMainPhase(TestCaseExecutor.java:410)
	at com.kms.katalon.core.main.TestCaseExecutor.execute(TestCaseExecutor.java:285)
	at com.kms.katalon.core.common.CommonExecutor.accessTestCaseMainPhase(CommonExecutor.java:65)
	at com.kms.katalon.core.main.TestSuiteExecutor.accessTestSuiteMainPhase(TestSuiteExecutor.java:148)
	at com.kms.katalon.core.main.TestSuiteExecutor.execute(TestSuiteExecutor.java:106)
	at com.kms.katalon.core.main.TestCaseMain.startTestSuite(TestCaseMain.java:187)
	at com.kms.katalon.core.main.TestCaseMain$startTestSuite$0.call(Unknown Source)
	at TempTestSuite1696227720182.run(TempTestSuite1696227720182.groovy:36)
Caused by: com.kms.katalon.core.exception.StepFailedException: Web element with id: 'Object Repository/Wakaf Asset Online/Verify Wakaf Asset Diproses' located by 'By.xpath: (.//*[normalize-space(text()) and normalize-space(.)='Wakaf Asset Online'])[3]/following::center[1]' is present after '30' second(s)
	at com.kms.katalon.core.webui.keyword.internal.WebUIKeywordMain.stepFailed(WebUIKeywordMain.groovy:64)
	at com.kms.katalon.core.webui.keyword.internal.WebUIKeywordMain$stepFailed$0.call(Unknown Source)
	at com.kms.katalon.core.webui.keyword.builtin.VerifyElementNotPresentKeyword$_verifyElementNotPresent_closure1.doCall(VerifyElementNotPresentKeyword.groovy:113)
	at com.kms.katalon.core.webui.keyword.builtin.VerifyElementNotPresentKeyword$_verifyElementNotPresent_closure1.doCall(VerifyElementNotPresentKeyword.groovy)
	at com.kms.katalon.core.webui.keyword.internal.WebUIKeywordMain.runKeyword(WebUIKeywordMain.groovy:20)
	... 20 more
)
[[ATTACHMENT|G:\\Project Xsis\\batch-324-qa\\Riswan\\Tajalapak_com\\Reports\\20231002_132200\\TS-Wakaf Asset Online\\20231002_132200\\1696227979109.png]]]]></system-out>
         <system-err><![CDATA[2023-10-02 13:25:30 - [TEST_CASE][FAILED] - Test Cases/Wakaf Asset Online/TC-WAO-010: Test Cases/Wakaf Asset Online/TC-WAO-010 FAILED.
Reason:
com.kms.katalon.core.exception.StepFailedException: Unable to verify object 'Object Repository/Wakaf Asset Online/Verify Wakaf Asset Diproses' is not present
	at com.kms.katalon.core.webui.keyword.internal.WebUIKeywordMain.stepFailed(WebUIKeywordMain.groovy:64)
	at com.kms.katalon.core.webui.keyword.internal.WebUIKeywordMain.runKeyword(WebUIKeywordMain.groovy:26)
	at com.kms.katalon.core.webui.keyword.internal.WebUIKeywordMain$runKeyword.call(Unknown Source)
	at com.kms.katalon.core.webui.keyword.builtin.VerifyElementNotPresentKeyword.verifyElementNotPresent(VerifyElementNotPresentKeyword.groovy:122)
	at com.kms.katalon.core.webui.keyword.builtin.VerifyElementNotPresentKeyword.execute(VerifyElementNotPresentKeyword.groovy:68)
	at com.kms.katalon.core.keyword.internal.KeywordExecutor.executeKeywordForPlatform(KeywordExecutor.groovy:74)
	at com.kms.katalon.core.webui.keyword.WebUiBuiltInKeywords.verifyElementNotPresent(WebUiBuiltInKeywords.groovy:1497)
	at com.kms.katalon.core.webui.keyword.WebUiBuiltInKeywords$verifyElementNotPresent$7.call(Unknown Source)
	at TC-WAO-010.run(TC-WAO-010:52)
	at com.kms.katalon.core.main.ScriptEngine.run(ScriptEngine.java:194)
	at com.kms.katalon.core.main.ScriptEngine.runScriptAsRawText(ScriptEngine.java:119)
	at com.kms.katalon.core.main.TestCaseExecutor.runScript(TestCaseExecutor.java:448)
	at com.kms.katalon.core.main.TestCaseExecutor.doExecute(TestCaseExecutor.java:439)
	at com.kms.katalon.core.main.TestCaseExecutor.processExecutionPhase(TestCaseExecutor.java:418)
	at com.kms.katalon.core.main.TestCaseExecutor.accessMainPhase(TestCaseExecutor.java:410)
	at com.kms.katalon.core.main.TestCaseExecutor.execute(TestCaseExecutor.java:285)
	at com.kms.katalon.core.common.CommonExecutor.accessTestCaseMainPhase(CommonExecutor.java:65)
	at com.kms.katalon.core.main.TestSuiteExecutor.accessTestSuiteMainPhase(TestSuiteExecutor.java:148)
	at com.kms.katalon.core.main.TestSuiteExecutor.execute(TestSuiteExecutor.java:106)
	at com.kms.katalon.core.main.TestCaseMain.startTestSuite(TestCaseMain.java:187)
	at com.kms.katalon.core.main.TestCaseMain$startTestSuite$0.call(Unknown Source)
	at TempTestSuite1696227720182.run(TempTestSuite1696227720182.groovy:36)
Caused by: com.kms.katalon.core.exception.StepFailedException: Web element with id: 'Object Repository/Wakaf Asset Online/Verify Wakaf Asset Diproses' located by 'By.xpath: (.//*[normalize-space(text()) and normalize-space(.)='Wakaf Asset Online'])[3]/following::center[1]' is present after '30' second(s)
	at com.kms.katalon.core.webui.keyword.internal.WebUIKeywordMain.stepFailed(WebUIKeywordMain.groovy:64)
	at com.kms.katalon.core.webui.keyword.internal.WebUIKeywordMain$stepFailed$0.call(Unknown Source)
	at com.kms.katalon.core.webui.keyword.builtin.VerifyElementNotPresentKeyword$_verifyElementNotPresent_closure1.doCall(VerifyElementNotPresentKeyword.groovy:113)
	at com.kms.katalon.core.webui.keyword.builtin.VerifyElementNotPresentKeyword$_verifyElementNotPresent_closure1.doCall(VerifyElementNotPresentKeyword.groovy)
	at com.kms.katalon.core.webui.keyword.internal.WebUIKeywordMain.runKeyword(WebUIKeywordMain.groovy:20)
	... 20 more]]></system-err>
      </testcase>
      <testcase name="Test Cases/Wakaf Asset Online/TC-WAO-011" time="17.197" classname="Test Cases/Wakaf Asset Online/TC-WAO-011" status="PASSED">
         <system-out><![CDATA[2023-10-02 13:26:19 - [TEST_CASE][PASSED] - Test Cases/Wakaf Asset Online/TC-WAO-011: Test Cases/Wakaf Asset Online/TC-WAO-011

2023-10-02 13:26:19 - [TEST_STEP][PASSED] - openBrowser("https://10.9.2.63/ecommerce/"): Browser is opened with url: 'https://10.9.2.63/ecommerce/'

2023-10-02 13:26:19 - [MESSAGE][WARNING] - A browser is already opened. Closing browser and opening a new one

2023-10-02 13:26:20 - [MESSAGE][INFO] - Starting 'Edge Chromium' driver

2023-10-02 13:26:20 - [MESSAGE][INFO] - User set preference: ['acceptInsecureCerts', 'true']

2023-10-02 13:26:22 - [MESSAGE][INFO] - Action delay is set to 0 milliseconds

2023-10-02 13:26:26 - [MESSAGE][PASSED] - Browser is opened with url: 'https://10.9.2.63/ecommerce/'

2023-10-02 13:26:26 - [TEST_STEP][PASSED] - maximizeWindow(): Current window maximized

2023-10-02 13:26:26 - [MESSAGE][PASSED] - Current window maximized

2023-10-02 13:26:26 - [TEST_STEP][PASSED] - verifyElementPresent(findTestObject("Search Product/Verify Page Tajalapak"), 0): Object 'Object Repository/Search Product/Verify Page Tajalapak' is present

2023-10-02 13:26:26 - [MESSAGE][WARNING] - Timeout '0' is invalid. Using default page load timeout: '30'

2023-10-02 13:26:27 - [MESSAGE][PASSED] - Object 'Object Repository/Search Product/Verify Page Tajalapak' is present

2023-10-02 13:26:27 - [TEST_STEP][PASSED] - click(findTestObject("Wakaf Asset Online/Donasi")): Object: 'Object Repository/Wakaf Asset Online/Donasi' is clicked on

2023-10-02 13:26:27 - [MESSAGE][PASSED] - Object: 'Object Repository/Wakaf Asset Online/Donasi' is clicked on

2023-10-02 13:26:27 - [TEST_STEP][PASSED] - click(findTestObject("Wakaf Asset Online/Wakaf Asset Donasi")): Object: 'Object Repository/Wakaf Asset Online/Wakaf Asset Donasi' is clicked on

2023-10-02 13:26:28 - [MESSAGE][PASSED] - Object: 'Object Repository/Wakaf Asset Online/Wakaf Asset Donasi' is clicked on

2023-10-02 13:26:28 - [TEST_STEP][PASSED] - verifyElementPresent(findTestObject("Wakaf Asset Online/verify Wakaf Asset Online"), 0): Object 'Object Repository/Wakaf Asset Online/verify Wakaf Asset Online' is present

2023-10-02 13:26:28 - [MESSAGE][WARNING] - Timeout '0' is invalid. Using default page load timeout: '30'

2023-10-02 13:26:29 - [MESSAGE][PASSED] - Object 'Object Repository/Wakaf Asset Online/verify Wakaf Asset Online' is present

2023-10-02 13:26:29 - [TEST_STEP][PASSED] - selectOptionByValue(findTestObject("Wakaf Asset Online/Pilih Type Wakaf"), "Bangunan", false): All options with value 'Bangunan' are selected in object 'Object Repository/Wakaf Asset Online/Pilih Type Wakaf' 

2023-10-02 13:26:29 - [MESSAGE][PASSED] - All options with value 'Bangunan' are selected in object 'Object Repository/Wakaf Asset Online/Pilih Type Wakaf' 

2023-10-02 13:26:29 - [TEST_STEP][PASSED] - setText(findTestObject("Wakaf Asset Online/Input Perkiraan Nilai Asset"), "100000000"): Text '100000000' is set on object 'Object Repository/Wakaf Asset Online/Input Perkiraan Nilai Asset'

2023-10-02 13:26:30 - [MESSAGE][PASSED] - Text '100000000' is set on object 'Object Repository/Wakaf Asset Online/Input Perkiraan Nilai Asset'

2023-10-02 13:26:30 - [TEST_STEP][PASSED] - setText(findTestObject("Wakaf Asset Online/Input Alamat Asset"), "Jalan Taruma Jawa Timur"): Text 'Jalan Taruma Jawa Timur' is set on object 'Object Repository/Wakaf Asset Online/Input Alamat Asset'

2023-10-02 13:26:31 - [MESSAGE][PASSED] - Text 'Jalan Taruma Jawa Timur' is set on object 'Object Repository/Wakaf Asset Online/Input Alamat Asset'

2023-10-02 13:26:31 - [TEST_STEP][PASSED] - setText(findTestObject("Wakaf Asset Online/Keterangan Asset"), ""): Text '' is set on object 'Object Repository/Wakaf Asset Online/Keterangan Asset'

2023-10-02 13:26:32 - [MESSAGE][PASSED] - Text '' is set on object 'Object Repository/Wakaf Asset Online/Keterangan Asset'

2023-10-02 13:26:32 - [TEST_STEP][PASSED] - setText(findTestObject("Wakaf Asset Online/Input Nama Lengkap"), "juni"): Text 'juni' is set on object 'Object Repository/Wakaf Asset Online/Input Nama Lengkap'

2023-10-02 13:26:32 - [MESSAGE][PASSED] - Text 'juni' is set on object 'Object Repository/Wakaf Asset Online/Input Nama Lengkap'

2023-10-02 13:26:32 - [TEST_STEP][PASSED] - setText(findTestObject("Wakaf Asset Online/Input No Handphone"), "nomor"): Text 'nomor' is set on object 'Object Repository/Wakaf Asset Online/Input No Handphone'

2023-10-02 13:26:34 - [MESSAGE][PASSED] - Text 'nomor' is set on object 'Object Repository/Wakaf Asset Online/Input No Handphone'

2023-10-02 13:26:34 - [TEST_STEP][PASSED] - setText(findTestObject("Wakaf Asset Online/Input Email"), "joko@gmail.com"): Text 'joko@gmail.com' is set on object 'Object Repository/Wakaf Asset Online/Input Email'

2023-10-02 13:26:34 - [MESSAGE][PASSED] - Text 'joko@gmail.com' is set on object 'Object Repository/Wakaf Asset Online/Input Email'

2023-10-02 13:26:34 - [TEST_STEP][PASSED] - uploadFile(findTestObject("Wakaf Asset Online/Input File Upload"), "E:\minions.png"): File 'E:\minions.png' sent to object: 'Object Repository/Wakaf Asset Online/Input File Upload'

2023-10-02 13:26:35 - [MESSAGE][PASSED] - File 'E:\minions.png' sent to object: 'Object Repository/Wakaf Asset Online/Input File Upload'

2023-10-02 13:26:35 - [TEST_STEP][PASSED] - setText(findTestObject("Wakaf Asset Online/Input 2 Digit Terakhir"), "89"): Text '89' is set on object 'Object Repository/Wakaf Asset Online/Input 2 Digit Terakhir'

2023-10-02 13:26:35 - [MESSAGE][PASSED] - Text '89' is set on object 'Object Repository/Wakaf Asset Online/Input 2 Digit Terakhir'

2023-10-02 13:26:35 - [TEST_STEP][PASSED] - click(findTestObject("Wakaf Asset Online/button Wakaf Sekarang")): Object: 'Object Repository/Wakaf Asset Online/button Wakaf Sekarang' is clicked on

2023-10-02 13:26:36 - [MESSAGE][PASSED] - Object: 'Object Repository/Wakaf Asset Online/button Wakaf Sekarang' is clicked on

2023-10-02 13:26:36 - [TEST_STEP][PASSED] - driver = getWebDriver(): null

2023-10-02 13:26:36 - [TEST_STEP][PASSED] - field_username_element = driver.findElement(By.xpath("//input[@name="no_handphone"]")): null

2023-10-02 13:26:36 - [TEST_STEP][PASSED] - accept_button_message = driver.executeScript("return arguments[0].validationMessage", field_username_element): null

2023-10-02 13:26:36 - [TEST_STEP][PASSED] - println(accept_button_message): null

2023-10-02 13:26:36 - [TEST_STEP][PASSED] - assert accept_button_message == "Please fill out this field.": null]]></system-out>
         <system-err><![CDATA[]]></system-err>
      </testcase>
      <testcase name="Test Cases/Wakaf Asset Online/TC-WAO-012" time="17.388" classname="Test Cases/Wakaf Asset Online/TC-WAO-012" status="PASSED">
         <system-out><![CDATA[2023-10-02 13:26:36 - [TEST_CASE][PASSED] - Test Cases/Wakaf Asset Online/TC-WAO-012: Test Cases/Wakaf Asset Online/TC-WAO-012

2023-10-02 13:26:36 - [TEST_STEP][PASSED] - openBrowser("https://10.9.2.63/ecommerce/"): Browser is opened with url: 'https://10.9.2.63/ecommerce/'

2023-10-02 13:26:36 - [MESSAGE][WARNING] - A browser is already opened. Closing browser and opening a new one

2023-10-02 13:26:37 - [MESSAGE][INFO] - Starting 'Edge Chromium' driver

2023-10-02 13:26:37 - [MESSAGE][INFO] - User set preference: ['acceptInsecureCerts', 'true']

2023-10-02 13:26:39 - [MESSAGE][INFO] - Action delay is set to 0 milliseconds

2023-10-02 13:26:42 - [MESSAGE][PASSED] - Browser is opened with url: 'https://10.9.2.63/ecommerce/'

2023-10-02 13:26:42 - [TEST_STEP][PASSED] - maximizeWindow(): Current window maximized

2023-10-02 13:26:42 - [MESSAGE][PASSED] - Current window maximized

2023-10-02 13:26:42 - [TEST_STEP][PASSED] - verifyElementPresent(findTestObject("Search Product/Verify Page Tajalapak"), 0): Object 'Object Repository/Search Product/Verify Page Tajalapak' is present

2023-10-02 13:26:42 - [MESSAGE][WARNING] - Timeout '0' is invalid. Using default page load timeout: '30'

2023-10-02 13:26:43 - [MESSAGE][PASSED] - Object 'Object Repository/Search Product/Verify Page Tajalapak' is present

2023-10-02 13:26:43 - [TEST_STEP][PASSED] - click(findTestObject("Wakaf Asset Online/Donasi")): Object: 'Object Repository/Wakaf Asset Online/Donasi' is clicked on

2023-10-02 13:26:43 - [MESSAGE][PASSED] - Object: 'Object Repository/Wakaf Asset Online/Donasi' is clicked on

2023-10-02 13:26:43 - [TEST_STEP][PASSED] - click(findTestObject("Wakaf Asset Online/Wakaf Asset Donasi")): Object: 'Object Repository/Wakaf Asset Online/Wakaf Asset Donasi' is clicked on

2023-10-02 13:26:44 - [MESSAGE][PASSED] - Object: 'Object Repository/Wakaf Asset Online/Wakaf Asset Donasi' is clicked on

2023-10-02 13:26:44 - [TEST_STEP][PASSED] - verifyElementPresent(findTestObject("Wakaf Asset Online/verify Wakaf Asset Online"), 0): Object 'Object Repository/Wakaf Asset Online/verify Wakaf Asset Online' is present

2023-10-02 13:26:44 - [MESSAGE][WARNING] - Timeout '0' is invalid. Using default page load timeout: '30'

2023-10-02 13:26:45 - [MESSAGE][PASSED] - Object 'Object Repository/Wakaf Asset Online/verify Wakaf Asset Online' is present

2023-10-02 13:26:45 - [TEST_STEP][PASSED] - selectOptionByValue(findTestObject("Wakaf Asset Online/Pilih Type Wakaf"), "Bangunan", false): All options with value 'Bangunan' are selected in object 'Object Repository/Wakaf Asset Online/Pilih Type Wakaf' 

2023-10-02 13:26:46 - [MESSAGE][PASSED] - All options with value 'Bangunan' are selected in object 'Object Repository/Wakaf Asset Online/Pilih Type Wakaf' 

2023-10-02 13:26:46 - [TEST_STEP][PASSED] - setText(findTestObject("Wakaf Asset Online/Input Perkiraan Nilai Asset"), "100000000"): Text '100000000' is set on object 'Object Repository/Wakaf Asset Online/Input Perkiraan Nilai Asset'

2023-10-02 13:26:47 - [MESSAGE][PASSED] - Text '100000000' is set on object 'Object Repository/Wakaf Asset Online/Input Perkiraan Nilai Asset'

2023-10-02 13:26:47 - [TEST_STEP][PASSED] - setText(findTestObject("Wakaf Asset Online/Input Alamat Asset"), "Jalan Taruma Jawa Timur"): Text 'Jalan Taruma Jawa Timur' is set on object 'Object Repository/Wakaf Asset Online/Input Alamat Asset'

2023-10-02 13:26:47 - [MESSAGE][PASSED] - Text 'Jalan Taruma Jawa Timur' is set on object 'Object Repository/Wakaf Asset Online/Input Alamat Asset'

2023-10-02 13:26:47 - [TEST_STEP][PASSED] - setText(findTestObject("Wakaf Asset Online/Keterangan Asset"), ""): Text '' is set on object 'Object Repository/Wakaf Asset Online/Keterangan Asset'

2023-10-02 13:26:48 - [MESSAGE][PASSED] - Text '' is set on object 'Object Repository/Wakaf Asset Online/Keterangan Asset'

2023-10-02 13:26:48 - [TEST_STEP][PASSED] - setText(findTestObject("Wakaf Asset Online/Input Nama Lengkap"), "juni"): Text 'juni' is set on object 'Object Repository/Wakaf Asset Online/Input Nama Lengkap'

2023-10-02 13:26:49 - [MESSAGE][PASSED] - Text 'juni' is set on object 'Object Repository/Wakaf Asset Online/Input Nama Lengkap'

2023-10-02 13:26:49 - [TEST_STEP][PASSED] - setText(findTestObject("Wakaf Asset Online/Input No Handphone"), "085123456789"): Text '085123456789' is set on object 'Object Repository/Wakaf Asset Online/Input No Handphone'

2023-10-02 13:26:50 - [MESSAGE][PASSED] - Text '085123456789' is set on object 'Object Repository/Wakaf Asset Online/Input No Handphone'

2023-10-02 13:26:50 - [TEST_STEP][PASSED] - setText(findTestObject("Wakaf Asset Online/Input Email"), "joko@gmail.com"): Text 'joko@gmail.com' is set on object 'Object Repository/Wakaf Asset Online/Input Email'

2023-10-02 13:26:50 - [MESSAGE][PASSED] - Text 'joko@gmail.com' is set on object 'Object Repository/Wakaf Asset Online/Input Email'

2023-10-02 13:26:50 - [TEST_STEP][PASSED] - uploadFile(findTestObject("Wakaf Asset Online/Input File Upload"), "E:\minions.png"): File 'E:\minions.png' sent to object: 'Object Repository/Wakaf Asset Online/Input File Upload'

2023-10-02 13:26:51 - [MESSAGE][PASSED] - File 'E:\minions.png' sent to object: 'Object Repository/Wakaf Asset Online/Input File Upload'

2023-10-02 13:26:51 - [TEST_STEP][PASSED] - setText(findTestObject("Wakaf Asset Online/Input 2 Digit Terakhir"), "8999"): Text '8999' is set on object 'Object Repository/Wakaf Asset Online/Input 2 Digit Terakhir'

2023-10-02 13:26:51 - [MESSAGE][PASSED] - Text '8999' is set on object 'Object Repository/Wakaf Asset Online/Input 2 Digit Terakhir'

2023-10-02 13:26:51 - [TEST_STEP][PASSED] - click(findTestObject("Wakaf Asset Online/button Wakaf Sekarang")): Object: 'Object Repository/Wakaf Asset Online/button Wakaf Sekarang' is clicked on

2023-10-02 13:26:53 - [MESSAGE][PASSED] - Object: 'Object Repository/Wakaf Asset Online/button Wakaf Sekarang' is clicked on

2023-10-02 13:26:53 - [TEST_STEP][PASSED] - verifyElementText(findTestObject("Wakaf Asset Online/Verify_GAGAL Diproses, 2 Digit Terakhir No Handphone"), "GAGAL Diproses, 2 Digit Terakhir No Handphone yang anda input salah!"): Actual text and expected text of test object 'Object Repository/Wakaf Asset Online/Verify_GAGAL Diproses, 2 Digit Terakhir No Handphone' are matched.

2023-10-02 13:26:53 - [MESSAGE][PASSED] - Actual text and expected text of test object 'Object Repository/Wakaf Asset Online/Verify_GAGAL Diproses, 2 Digit Terakhir No Handphone' are matched.]]></system-out>
         <system-err><![CDATA[]]></system-err>
      </testcase>
      <testcase name="Test Cases/Wakaf Asset Online/TC-WAO-013" time="20.389" classname="Test Cases/Wakaf Asset Online/TC-WAO-013" status="PASSED">
         <system-out><![CDATA[2023-10-02 13:26:53 - [TEST_CASE][PASSED] - Test Cases/Wakaf Asset Online/TC-WAO-013: Test Cases/Wakaf Asset Online/TC-WAO-013

2023-10-02 13:26:54 - [TEST_STEP][PASSED] - openBrowser("https://10.9.2.63/ecommerce/"): Browser is opened with url: 'https://10.9.2.63/ecommerce/'

2023-10-02 13:26:54 - [MESSAGE][WARNING] - A browser is already opened. Closing browser and opening a new one

2023-10-02 13:26:54 - [MESSAGE][INFO] - Starting 'Edge Chromium' driver

2023-10-02 13:26:54 - [MESSAGE][INFO] - User set preference: ['acceptInsecureCerts', 'true']

2023-10-02 13:26:57 - [MESSAGE][INFO] - Action delay is set to 0 milliseconds

2023-10-02 13:27:01 - [MESSAGE][PASSED] - Browser is opened with url: 'https://10.9.2.63/ecommerce/'

2023-10-02 13:27:01 - [TEST_STEP][PASSED] - maximizeWindow(): Current window maximized

2023-10-02 13:27:01 - [MESSAGE][PASSED] - Current window maximized

2023-10-02 13:27:01 - [TEST_STEP][PASSED] - verifyElementPresent(findTestObject("Search Product/Verify Page Tajalapak"), 0): Object 'Object Repository/Search Product/Verify Page Tajalapak' is present

2023-10-02 13:27:01 - [MESSAGE][WARNING] - Timeout '0' is invalid. Using default page load timeout: '30'

2023-10-02 13:27:02 - [MESSAGE][PASSED] - Object 'Object Repository/Search Product/Verify Page Tajalapak' is present

2023-10-02 13:27:02 - [TEST_STEP][PASSED] - click(findTestObject("Wakaf Asset Online/Donasi")): Object: 'Object Repository/Wakaf Asset Online/Donasi' is clicked on

2023-10-02 13:27:02 - [MESSAGE][PASSED] - Object: 'Object Repository/Wakaf Asset Online/Donasi' is clicked on

2023-10-02 13:27:02 - [TEST_STEP][PASSED] - click(findTestObject("Wakaf Asset Online/Wakaf Asset Donasi")): Object: 'Object Repository/Wakaf Asset Online/Wakaf Asset Donasi' is clicked on

2023-10-02 13:27:03 - [MESSAGE][PASSED] - Object: 'Object Repository/Wakaf Asset Online/Wakaf Asset Donasi' is clicked on

2023-10-02 13:27:03 - [TEST_STEP][PASSED] - verifyElementPresent(findTestObject("Wakaf Asset Online/verify Wakaf Asset Online"), 0): Object 'Object Repository/Wakaf Asset Online/verify Wakaf Asset Online' is present

2023-10-02 13:27:03 - [MESSAGE][WARNING] - Timeout '0' is invalid. Using default page load timeout: '30'

2023-10-02 13:27:04 - [MESSAGE][PASSED] - Object 'Object Repository/Wakaf Asset Online/verify Wakaf Asset Online' is present

2023-10-02 13:27:04 - [TEST_STEP][PASSED] - selectOptionByValue(findTestObject("Wakaf Asset Online/Pilih Type Wakaf"), "Bangunan", false): All options with value 'Bangunan' are selected in object 'Object Repository/Wakaf Asset Online/Pilih Type Wakaf' 

2023-10-02 13:27:05 - [MESSAGE][PASSED] - All options with value 'Bangunan' are selected in object 'Object Repository/Wakaf Asset Online/Pilih Type Wakaf' 

2023-10-02 13:27:05 - [TEST_STEP][PASSED] - setText(findTestObject("Wakaf Asset Online/Input Perkiraan Nilai Asset"), "100000000"): Text '100000000' is set on object 'Object Repository/Wakaf Asset Online/Input Perkiraan Nilai Asset'

2023-10-02 13:27:06 - [MESSAGE][PASSED] - Text '100000000' is set on object 'Object Repository/Wakaf Asset Online/Input Perkiraan Nilai Asset'

2023-10-02 13:27:06 - [TEST_STEP][PASSED] - setText(findTestObject("Wakaf Asset Online/Input Alamat Asset"), "Jalan Taruma Jawa Timur"): Text 'Jalan Taruma Jawa Timur' is set on object 'Object Repository/Wakaf Asset Online/Input Alamat Asset'

2023-10-02 13:27:07 - [MESSAGE][PASSED] - Text 'Jalan Taruma Jawa Timur' is set on object 'Object Repository/Wakaf Asset Online/Input Alamat Asset'

2023-10-02 13:27:07 - [TEST_STEP][PASSED] - setText(findTestObject("Wakaf Asset Online/Keterangan Asset"), ""): Text '' is set on object 'Object Repository/Wakaf Asset Online/Keterangan Asset'

2023-10-02 13:27:07 - [MESSAGE][PASSED] - Text '' is set on object 'Object Repository/Wakaf Asset Online/Keterangan Asset'

2023-10-02 13:27:07 - [TEST_STEP][PASSED] - setText(findTestObject("Wakaf Asset Online/Input Nama Lengkap"), "juni"): Text 'juni' is set on object 'Object Repository/Wakaf Asset Online/Input Nama Lengkap'

2023-10-02 13:27:09 - [MESSAGE][PASSED] - Text 'juni' is set on object 'Object Repository/Wakaf Asset Online/Input Nama Lengkap'

2023-10-02 13:27:09 - [TEST_STEP][PASSED] - setText(findTestObject("Wakaf Asset Online/Input No Handphone"), "085123456789"): Text '085123456789' is set on object 'Object Repository/Wakaf Asset Online/Input No Handphone'

2023-10-02 13:27:10 - [MESSAGE][PASSED] - Text '085123456789' is set on object 'Object Repository/Wakaf Asset Online/Input No Handphone'

2023-10-02 13:27:10 - [TEST_STEP][PASSED] - setText(findTestObject("Wakaf Asset Online/Input Email"), "joko@gmail.com"): Text 'joko@gmail.com' is set on object 'Object Repository/Wakaf Asset Online/Input Email'

2023-10-02 13:27:11 - [MESSAGE][PASSED] - Text 'joko@gmail.com' is set on object 'Object Repository/Wakaf Asset Online/Input Email'

2023-10-02 13:27:11 - [TEST_STEP][PASSED] - uploadFile(findTestObject("Wakaf Asset Online/Input File Upload"), "E:\minions.png"): File 'E:\minions.png' sent to object: 'Object Repository/Wakaf Asset Online/Input File Upload'

2023-10-02 13:27:11 - [MESSAGE][PASSED] - File 'E:\minions.png' sent to object: 'Object Repository/Wakaf Asset Online/Input File Upload'

2023-10-02 13:27:11 - [TEST_STEP][PASSED] - setText(findTestObject("Wakaf Asset Online/Input 2 Digit Terakhir"), "9"): Text '9' is set on object 'Object Repository/Wakaf Asset Online/Input 2 Digit Terakhir'

2023-10-02 13:27:12 - [MESSAGE][PASSED] - Text '9' is set on object 'Object Repository/Wakaf Asset Online/Input 2 Digit Terakhir'

2023-10-02 13:27:12 - [TEST_STEP][PASSED] - click(findTestObject("Wakaf Asset Online/button Wakaf Sekarang")): Object: 'Object Repository/Wakaf Asset Online/button Wakaf Sekarang' is clicked on

2023-10-02 13:27:13 - [MESSAGE][PASSED] - Object: 'Object Repository/Wakaf Asset Online/button Wakaf Sekarang' is clicked on

2023-10-02 13:27:13 - [TEST_STEP][PASSED] - verifyElementText(findTestObject("Wakaf Asset Online/Verify_GAGAL Diproses, 2 Digit Terakhir No Handphone"), "GAGAL Diproses, 2 Digit Terakhir No Handphone yang anda input salah!"): Actual text and expected text of test object 'Object Repository/Wakaf Asset Online/Verify_GAGAL Diproses, 2 Digit Terakhir No Handphone' are matched.

2023-10-02 13:27:14 - [MESSAGE][PASSED] - Actual text and expected text of test object 'Object Repository/Wakaf Asset Online/Verify_GAGAL Diproses, 2 Digit Terakhir No Handphone' are matched.]]></system-out>
         <system-err><![CDATA[]]></system-err>
      </testcase>
      <testcase name="Test Cases/Wakaf Asset Online/TC-WAO-014" time="18.423" classname="Test Cases/Wakaf Asset Online/TC-WAO-014" status="FAILED">
         <failure type="FAILED" message="Test Cases/Wakaf Asset Online/TC-WAO-014 FAILED.
Reason:
Assertion failed: 

assert accept_button_message == 'Please include an \'@\' in the email address. \'jokogmail.com\' is missing an \'@\'.'
       |                     |
       |                     false
       Please fill out this field.

	at TC-WAO-014.run(TC-WAO-014:71)
	at com.kms.katalon.core.main.ScriptEngine.run(ScriptEngine.java:194)
	at com.kms.katalon.core.main.ScriptEngine.runScriptAsRawText(ScriptEngine.java:119)
	at com.kms.katalon.core.main.TestCaseExecutor.runScript(TestCaseExecutor.java:448)
	at com.kms.katalon.core.main.TestCaseExecutor.doExecute(TestCaseExecutor.java:439)
	at com.kms.katalon.core.main.TestCaseExecutor.processExecutionPhase(TestCaseExecutor.java:418)
	at com.kms.katalon.core.main.TestCaseExecutor.accessMainPhase(TestCaseExecutor.java:410)
	at com.kms.katalon.core.main.TestCaseExecutor.execute(TestCaseExecutor.java:285)
	at com.kms.katalon.core.common.CommonExecutor.accessTestCaseMainPhase(CommonExecutor.java:65)
	at com.kms.katalon.core.main.TestSuiteExecutor.accessTestSuiteMainPhase(TestSuiteExecutor.java:148)
	at com.kms.katalon.core.main.TestSuiteExecutor.execute(TestSuiteExecutor.java:106)
	at com.kms.katalon.core.main.TestCaseMain.startTestSuite(TestCaseMain.java:187)
	at com.kms.katalon.core.main.TestCaseMain$startTestSuite$0.call(Unknown Source)
	at TempTestSuite1696227720182.run(TempTestSuite1696227720182.groovy:36)
"/>
         <system-out><![CDATA[2023-10-02 13:27:14 - [TEST_CASE][FAILED] - Test Cases/Wakaf Asset Online/TC-WAO-014: Test Cases/Wakaf Asset Online/TC-WAO-014 FAILED.
Reason:
Assertion failed: 

assert accept_button_message == 'Please include an \'@\' in the email address. \'jokogmail.com\' is missing an \'@\'.'
       |                     |
       |                     false
       Please fill out this field.

	at TC-WAO-014.run(TC-WAO-014:71)
	at com.kms.katalon.core.main.ScriptEngine.run(ScriptEngine.java:194)
	at com.kms.katalon.core.main.ScriptEngine.runScriptAsRawText(ScriptEngine.java:119)
	at com.kms.katalon.core.main.TestCaseExecutor.runScript(TestCaseExecutor.java:448)
	at com.kms.katalon.core.main.TestCaseExecutor.doExecute(TestCaseExecutor.java:439)
	at com.kms.katalon.core.main.TestCaseExecutor.processExecutionPhase(TestCaseExecutor.java:418)
	at com.kms.katalon.core.main.TestCaseExecutor.accessMainPhase(TestCaseExecutor.java:410)
	at com.kms.katalon.core.main.TestCaseExecutor.execute(TestCaseExecutor.java:285)
	at com.kms.katalon.core.common.CommonExecutor.accessTestCaseMainPhase(CommonExecutor.java:65)
	at com.kms.katalon.core.main.TestSuiteExecutor.accessTestSuiteMainPhase(TestSuiteExecutor.java:148)
	at com.kms.katalon.core.main.TestSuiteExecutor.execute(TestSuiteExecutor.java:106)
	at com.kms.katalon.core.main.TestCaseMain.startTestSuite(TestCaseMain.java:187)
	at com.kms.katalon.core.main.TestCaseMain$startTestSuite$0.call(Unknown Source)
	at TempTestSuite1696227720182.run(TempTestSuite1696227720182.groovy:36)


2023-10-02 13:27:14 - [TEST_STEP][PASSED] - openBrowser("https://10.9.2.63/ecommerce/"): Browser is opened with url: 'https://10.9.2.63/ecommerce/'

2023-10-02 13:27:14 - [MESSAGE][WARNING] - A browser is already opened. Closing browser and opening a new one

2023-10-02 13:27:15 - [MESSAGE][INFO] - Starting 'Edge Chromium' driver

2023-10-02 13:27:15 - [MESSAGE][INFO] - User set preference: ['acceptInsecureCerts', 'true']

2023-10-02 13:27:17 - [MESSAGE][INFO] - Action delay is set to 0 milliseconds

2023-10-02 13:27:21 - [MESSAGE][PASSED] - Browser is opened with url: 'https://10.9.2.63/ecommerce/'

2023-10-02 13:27:21 - [TEST_STEP][PASSED] - maximizeWindow(): Current window maximized

2023-10-02 13:27:21 - [MESSAGE][PASSED] - Current window maximized

2023-10-02 13:27:21 - [TEST_STEP][PASSED] - verifyElementPresent(findTestObject("Search Product/Verify Page Tajalapak"), 0): Object 'Object Repository/Search Product/Verify Page Tajalapak' is present

2023-10-02 13:27:21 - [MESSAGE][WARNING] - Timeout '0' is invalid. Using default page load timeout: '30'

2023-10-02 13:27:22 - [MESSAGE][PASSED] - Object 'Object Repository/Search Product/Verify Page Tajalapak' is present

2023-10-02 13:27:22 - [TEST_STEP][PASSED] - click(findTestObject("Wakaf Asset Online/Donasi")): Object: 'Object Repository/Wakaf Asset Online/Donasi' is clicked on

2023-10-02 13:27:22 - [MESSAGE][PASSED] - Object: 'Object Repository/Wakaf Asset Online/Donasi' is clicked on

2023-10-02 13:27:22 - [TEST_STEP][PASSED] - click(findTestObject("Wakaf Asset Online/Wakaf Asset Donasi")): Object: 'Object Repository/Wakaf Asset Online/Wakaf Asset Donasi' is clicked on

2023-10-02 13:27:23 - [MESSAGE][PASSED] - Object: 'Object Repository/Wakaf Asset Online/Wakaf Asset Donasi' is clicked on

2023-10-02 13:27:23 - [TEST_STEP][PASSED] - verifyElementPresent(findTestObject("Wakaf Asset Online/verify Wakaf Asset Online"), 0): Object 'Object Repository/Wakaf Asset Online/verify Wakaf Asset Online' is present

2023-10-02 13:27:23 - [MESSAGE][WARNING] - Timeout '0' is invalid. Using default page load timeout: '30'

2023-10-02 13:27:24 - [MESSAGE][PASSED] - Object 'Object Repository/Wakaf Asset Online/verify Wakaf Asset Online' is present

2023-10-02 13:27:24 - [TEST_STEP][PASSED] - selectOptionByValue(findTestObject("Wakaf Asset Online/Pilih Type Wakaf"), "Bangunan", false): All options with value 'Bangunan' are selected in object 'Object Repository/Wakaf Asset Online/Pilih Type Wakaf' 

2023-10-02 13:27:24 - [MESSAGE][PASSED] - All options with value 'Bangunan' are selected in object 'Object Repository/Wakaf Asset Online/Pilih Type Wakaf' 

2023-10-02 13:27:24 - [TEST_STEP][PASSED] - setText(findTestObject("Wakaf Asset Online/Input Perkiraan Nilai Asset"), "100000000"): Text '100000000' is set on object 'Object Repository/Wakaf Asset Online/Input Perkiraan Nilai Asset'

2023-10-02 13:27:25 - [MESSAGE][PASSED] - Text '100000000' is set on object 'Object Repository/Wakaf Asset Online/Input Perkiraan Nilai Asset'

2023-10-02 13:27:25 - [TEST_STEP][PASSED] - setText(findTestObject("Wakaf Asset Online/Input Alamat Asset"), "Jalan Taruma Jawa Timur"): Text 'Jalan Taruma Jawa Timur' is set on object 'Object Repository/Wakaf Asset Online/Input Alamat Asset'

2023-10-02 13:27:26 - [MESSAGE][PASSED] - Text 'Jalan Taruma Jawa Timur' is set on object 'Object Repository/Wakaf Asset Online/Input Alamat Asset'

2023-10-02 13:27:26 - [TEST_STEP][PASSED] - setText(findTestObject("Wakaf Asset Online/Keterangan Asset"), ""): Text '' is set on object 'Object Repository/Wakaf Asset Online/Keterangan Asset'

2023-10-02 13:27:27 - [MESSAGE][PASSED] - Text '' is set on object 'Object Repository/Wakaf Asset Online/Keterangan Asset'

2023-10-02 13:27:27 - [TEST_STEP][PASSED] - setText(findTestObject("Wakaf Asset Online/Input Nama Lengkap"), "juni"): Text 'juni' is set on object 'Object Repository/Wakaf Asset Online/Input Nama Lengkap'

2023-10-02 13:27:27 - [MESSAGE][PASSED] - Text 'juni' is set on object 'Object Repository/Wakaf Asset Online/Input Nama Lengkap'

2023-10-02 13:27:28 - [TEST_STEP][PASSED] - setText(findTestObject("Wakaf Asset Online/Input No Handphone"), "085123456789"): Text '085123456789' is set on object 'Object Repository/Wakaf Asset Online/Input No Handphone'

2023-10-02 13:27:29 - [MESSAGE][PASSED] - Text '085123456789' is set on object 'Object Repository/Wakaf Asset Online/Input No Handphone'

2023-10-02 13:27:29 - [TEST_STEP][PASSED] - setText(findTestObject("Wakaf Asset Online/Input Email"), "joko@gmailcom"): Text 'joko@gmailcom' is set on object 'Object Repository/Wakaf Asset Online/Input Email'

2023-10-02 13:27:29 - [MESSAGE][PASSED] - Text 'joko@gmailcom' is set on object 'Object Repository/Wakaf Asset Online/Input Email'

2023-10-02 13:27:29 - [TEST_STEP][PASSED] - uploadFile(findTestObject("Wakaf Asset Online/Input File Upload"), "E:\minions.png"): File 'E:\minions.png' sent to object: 'Object Repository/Wakaf Asset Online/Input File Upload'

2023-10-02 13:27:30 - [MESSAGE][PASSED] - File 'E:\minions.png' sent to object: 'Object Repository/Wakaf Asset Online/Input File Upload'

2023-10-02 13:27:30 - [TEST_STEP][PASSED] - setText(findTestObject("Wakaf Asset Online/Input 2 Digit Terakhir"), "89"): Text '89' is set on object 'Object Repository/Wakaf Asset Online/Input 2 Digit Terakhir'

2023-10-02 13:27:30 - [MESSAGE][PASSED] - Text '89' is set on object 'Object Repository/Wakaf Asset Online/Input 2 Digit Terakhir'

2023-10-02 13:27:30 - [TEST_STEP][PASSED] - click(findTestObject("Wakaf Asset Online/button Wakaf Sekarang")): Object: 'Object Repository/Wakaf Asset Online/button Wakaf Sekarang' is clicked on

2023-10-02 13:27:31 - [MESSAGE][PASSED] - Object: 'Object Repository/Wakaf Asset Online/button Wakaf Sekarang' is clicked on

2023-10-02 13:27:31 - [TEST_STEP][PASSED] - driver = getWebDriver(): null

2023-10-02 13:27:31 - [TEST_STEP][PASSED] - field_username_element = driver.findElement(By.xpath("//input[@name="alamat_email"]")): null

2023-10-02 13:27:32 - [TEST_STEP][PASSED] - accept_button_message = driver.executeScript("return arguments[0].validationMessage", field_username_element): null

2023-10-02 13:27:32 - [TEST_STEP][PASSED] - println(accept_button_message): null

2023-10-02 13:27:32 - [TEST_STEP][FAILED] - assert accept_button_message == "Please include an '@' in the email address. 'jokogmail.com' is missing an '@'.": Test Cases/Wakaf Asset Online/TC-WAO-014 FAILED.
Reason:
Assertion failed: 

assert accept_button_message == 'Please include an \'@\' in the email address. \'jokogmail.com\' is missing an \'@\'.'
       |                     |
       |                     false
       Please fill out this field.

	at TC-WAO-014.run(TC-WAO-014:71)
	at com.kms.katalon.core.main.ScriptEngine.run(ScriptEngine.java:194)
	at com.kms.katalon.core.main.ScriptEngine.runScriptAsRawText(ScriptEngine.java:119)
	at com.kms.katalon.core.main.TestCaseExecutor.runScript(TestCaseExecutor.java:448)
	at com.kms.katalon.core.main.TestCaseExecutor.doExecute(TestCaseExecutor.java:439)
	at com.kms.katalon.core.main.TestCaseExecutor.processExecutionPhase(TestCaseExecutor.java:418)
	at com.kms.katalon.core.main.TestCaseExecutor.accessMainPhase(TestCaseExecutor.java:410)
	at com.kms.katalon.core.main.TestCaseExecutor.execute(TestCaseExecutor.java:285)
	at com.kms.katalon.core.common.CommonExecutor.accessTestCaseMainPhase(CommonExecutor.java:65)
	at com.kms.katalon.core.main.TestSuiteExecutor.accessTestSuiteMainPhase(TestSuiteExecutor.java:148)
	at com.kms.katalon.core.main.TestSuiteExecutor.execute(TestSuiteExecutor.java:106)
	at com.kms.katalon.core.main.TestCaseMain.startTestSuite(TestCaseMain.java:187)
	at com.kms.katalon.core.main.TestCaseMain$startTestSuite$0.call(Unknown Source)
	at TempTestSuite1696227720182.run(TempTestSuite1696227720182.groovy:36)


2023-10-02 13:27:32 - [MESSAGE][FAILED] - Test Cases/Wakaf Asset Online/TC-WAO-014 FAILED.
Reason:
Assertion failed: 

assert accept_button_message == 'Please include an \'@\' in the email address. \'jokogmail.com\' is missing an \'@\'.'
       |                     |
       |                     false
       Please fill out this field.

	at TC-WAO-014.run(TC-WAO-014:71)
	at com.kms.katalon.core.main.ScriptEngine.run(ScriptEngine.java:194)
	at com.kms.katalon.core.main.ScriptEngine.runScriptAsRawText(ScriptEngine.java:119)
	at com.kms.katalon.core.main.TestCaseExecutor.runScript(TestCaseExecutor.java:448)
	at com.kms.katalon.core.main.TestCaseExecutor.doExecute(TestCaseExecutor.java:439)
	at com.kms.katalon.core.main.TestCaseExecutor.processExecutionPhase(TestCaseExecutor.java:418)
	at com.kms.katalon.core.main.TestCaseExecutor.accessMainPhase(TestCaseExecutor.java:410)
	at com.kms.katalon.core.main.TestCaseExecutor.execute(TestCaseExecutor.java:285)
	at com.kms.katalon.core.common.CommonExecutor.accessTestCaseMainPhase(CommonExecutor.java:65)
	at com.kms.katalon.core.main.TestSuiteExecutor.accessTestSuiteMainPhase(TestSuiteExecutor.java:148)
	at com.kms.katalon.core.main.TestSuiteExecutor.execute(TestSuiteExecutor.java:106)
	at com.kms.katalon.core.main.TestCaseMain.startTestSuite(TestCaseMain.java:187)
	at com.kms.katalon.core.main.TestCaseMain$startTestSuite$0.call(Unknown Source)
	at TempTestSuite1696227720182.run(TempTestSuite1696227720182.groovy:36)]]></system-out>
         <system-err><![CDATA[2023-10-02 13:27:14 - [TEST_CASE][FAILED] - Test Cases/Wakaf Asset Online/TC-WAO-014: Test Cases/Wakaf Asset Online/TC-WAO-014 FAILED.
Reason:
Assertion failed: 

assert accept_button_message == 'Please include an \'@\' in the email address. \'jokogmail.com\' is missing an \'@\'.'
       |                     |
       |                     false
       Please fill out this field.

	at TC-WAO-014.run(TC-WAO-014:71)
	at com.kms.katalon.core.main.ScriptEngine.run(ScriptEngine.java:194)
	at com.kms.katalon.core.main.ScriptEngine.runScriptAsRawText(ScriptEngine.java:119)
	at com.kms.katalon.core.main.TestCaseExecutor.runScript(TestCaseExecutor.java:448)
	at com.kms.katalon.core.main.TestCaseExecutor.doExecute(TestCaseExecutor.java:439)
	at com.kms.katalon.core.main.TestCaseExecutor.processExecutionPhase(TestCaseExecutor.java:418)
	at com.kms.katalon.core.main.TestCaseExecutor.accessMainPhase(TestCaseExecutor.java:410)
	at com.kms.katalon.core.main.TestCaseExecutor.execute(TestCaseExecutor.java:285)
	at com.kms.katalon.core.common.CommonExecutor.accessTestCaseMainPhase(CommonExecutor.java:65)
	at com.kms.katalon.core.main.TestSuiteExecutor.accessTestSuiteMainPhase(TestSuiteExecutor.java:148)
	at com.kms.katalon.core.main.TestSuiteExecutor.execute(TestSuiteExecutor.java:106)
	at com.kms.katalon.core.main.TestCaseMain.startTestSuite(TestCaseMain.java:187)
	at com.kms.katalon.core.main.TestCaseMain$startTestSuite$0.call(Unknown Source)
	at TempTestSuite1696227720182.run(TempTestSuite1696227720182.groovy:36)]]></system-err>
      </testcase>
      <testcase name="Test Cases/Wakaf Asset Online/TC-WAO-015" time="17.831" classname="Test Cases/Wakaf Asset Online/TC-WAO-015" status="PASSED">
         <system-out><![CDATA[2023-10-02 13:27:32 - [TEST_CASE][PASSED] - Test Cases/Wakaf Asset Online/TC-WAO-015: Test Cases/Wakaf Asset Online/TC-WAO-015

2023-10-02 13:27:32 - [TEST_STEP][PASSED] - openBrowser("https://10.9.2.63/ecommerce/"): Browser is opened with url: 'https://10.9.2.63/ecommerce/'

2023-10-02 13:27:32 - [MESSAGE][WARNING] - A browser is already opened. Closing browser and opening a new one

2023-10-02 13:27:33 - [MESSAGE][INFO] - Starting 'Edge Chromium' driver

2023-10-02 13:27:33 - [MESSAGE][INFO] - User set preference: ['acceptInsecureCerts', 'true']

2023-10-02 13:27:35 - [MESSAGE][INFO] - Action delay is set to 0 milliseconds

2023-10-02 13:27:39 - [MESSAGE][PASSED] - Browser is opened with url: 'https://10.9.2.63/ecommerce/'

2023-10-02 13:27:39 - [TEST_STEP][PASSED] - maximizeWindow(): Current window maximized

2023-10-02 13:27:40 - [MESSAGE][PASSED] - Current window maximized

2023-10-02 13:27:40 - [TEST_STEP][PASSED] - verifyElementPresent(findTestObject("Search Product/Verify Page Tajalapak"), 0): Object 'Object Repository/Search Product/Verify Page Tajalapak' is present

2023-10-02 13:27:40 - [MESSAGE][WARNING] - Timeout '0' is invalid. Using default page load timeout: '30'

2023-10-02 13:27:40 - [MESSAGE][PASSED] - Object 'Object Repository/Search Product/Verify Page Tajalapak' is present

2023-10-02 13:27:40 - [TEST_STEP][PASSED] - click(findTestObject("Wakaf Asset Online/Donasi")): Object: 'Object Repository/Wakaf Asset Online/Donasi' is clicked on

2023-10-02 13:27:41 - [MESSAGE][PASSED] - Object: 'Object Repository/Wakaf Asset Online/Donasi' is clicked on

2023-10-02 13:27:41 - [TEST_STEP][PASSED] - click(findTestObject("Wakaf Asset Online/Wakaf Asset Donasi")): Object: 'Object Repository/Wakaf Asset Online/Wakaf Asset Donasi' is clicked on

2023-10-02 13:27:42 - [MESSAGE][PASSED] - Object: 'Object Repository/Wakaf Asset Online/Wakaf Asset Donasi' is clicked on

2023-10-02 13:27:42 - [TEST_STEP][PASSED] - verifyElementPresent(findTestObject("Wakaf Asset Online/verify Wakaf Asset Online"), 0): Object 'Object Repository/Wakaf Asset Online/verify Wakaf Asset Online' is present

2023-10-02 13:27:42 - [MESSAGE][WARNING] - Timeout '0' is invalid. Using default page load timeout: '30'

2023-10-02 13:27:42 - [MESSAGE][PASSED] - Object 'Object Repository/Wakaf Asset Online/verify Wakaf Asset Online' is present

2023-10-02 13:27:42 - [TEST_STEP][PASSED] - selectOptionByValue(findTestObject("Wakaf Asset Online/Pilih Type Wakaf"), "Bangunan", false): All options with value 'Bangunan' are selected in object 'Object Repository/Wakaf Asset Online/Pilih Type Wakaf' 

2023-10-02 13:27:43 - [MESSAGE][PASSED] - All options with value 'Bangunan' are selected in object 'Object Repository/Wakaf Asset Online/Pilih Type Wakaf' 

2023-10-02 13:27:43 - [TEST_STEP][PASSED] - setText(findTestObject("Wakaf Asset Online/Input Perkiraan Nilai Asset"), "100000000"): Text '100000000' is set on object 'Object Repository/Wakaf Asset Online/Input Perkiraan Nilai Asset'

2023-10-02 13:27:44 - [MESSAGE][PASSED] - Text '100000000' is set on object 'Object Repository/Wakaf Asset Online/Input Perkiraan Nilai Asset'

2023-10-02 13:27:44 - [TEST_STEP][PASSED] - setText(findTestObject("Wakaf Asset Online/Input Alamat Asset"), "Jalan Taruma Jawa Timur"): Text 'Jalan Taruma Jawa Timur' is set on object 'Object Repository/Wakaf Asset Online/Input Alamat Asset'

2023-10-02 13:27:45 - [MESSAGE][PASSED] - Text 'Jalan Taruma Jawa Timur' is set on object 'Object Repository/Wakaf Asset Online/Input Alamat Asset'

2023-10-02 13:27:45 - [TEST_STEP][PASSED] - setText(findTestObject("Wakaf Asset Online/Keterangan Asset"), ""): Text '' is set on object 'Object Repository/Wakaf Asset Online/Keterangan Asset'

2023-10-02 13:27:45 - [MESSAGE][PASSED] - Text '' is set on object 'Object Repository/Wakaf Asset Online/Keterangan Asset'

2023-10-02 13:27:45 - [TEST_STEP][PASSED] - setText(findTestObject("Wakaf Asset Online/Input Nama Lengkap"), "juni"): Text 'juni' is set on object 'Object Repository/Wakaf Asset Online/Input Nama Lengkap'

2023-10-02 13:27:46 - [MESSAGE][PASSED] - Text 'juni' is set on object 'Object Repository/Wakaf Asset Online/Input Nama Lengkap'

2023-10-02 13:27:46 - [TEST_STEP][PASSED] - setText(findTestObject("Wakaf Asset Online/Input No Handphone"), "~!@#$%^&*()"): Text '~!@#$%^&*()' is set on object 'Object Repository/Wakaf Asset Online/Input No Handphone'

2023-10-02 13:27:48 - [MESSAGE][PASSED] - Text '~!@#$%^&*()' is set on object 'Object Repository/Wakaf Asset Online/Input No Handphone'

2023-10-02 13:27:48 - [TEST_STEP][PASSED] - setText(findTestObject("Wakaf Asset Online/Input Email"), "joko@gmailcom"): Text 'joko@gmailcom' is set on object 'Object Repository/Wakaf Asset Online/Input Email'

2023-10-02 13:27:48 - [MESSAGE][PASSED] - Text 'joko@gmailcom' is set on object 'Object Repository/Wakaf Asset Online/Input Email'

2023-10-02 13:27:48 - [TEST_STEP][PASSED] - uploadFile(findTestObject("Wakaf Asset Online/Input File Upload"), "E:\minions.png"): File 'E:\minions.png' sent to object: 'Object Repository/Wakaf Asset Online/Input File Upload'

2023-10-02 13:27:49 - [MESSAGE][PASSED] - File 'E:\minions.png' sent to object: 'Object Repository/Wakaf Asset Online/Input File Upload'

2023-10-02 13:27:49 - [TEST_STEP][PASSED] - setText(findTestObject("Wakaf Asset Online/Input 2 Digit Terakhir"), "89"): Text '89' is set on object 'Object Repository/Wakaf Asset Online/Input 2 Digit Terakhir'

2023-10-02 13:27:49 - [MESSAGE][PASSED] - Text '89' is set on object 'Object Repository/Wakaf Asset Online/Input 2 Digit Terakhir'

2023-10-02 13:27:49 - [TEST_STEP][PASSED] - click(findTestObject("Wakaf Asset Online/button Wakaf Sekarang")): Object: 'Object Repository/Wakaf Asset Online/button Wakaf Sekarang' is clicked on

2023-10-02 13:27:50 - [MESSAGE][PASSED] - Object: 'Object Repository/Wakaf Asset Online/button Wakaf Sekarang' is clicked on

2023-10-02 13:27:50 - [TEST_STEP][PASSED] - driver = getWebDriver(): null

2023-10-02 13:27:50 - [TEST_STEP][PASSED] - field_username_element = driver.findElement(By.xpath("//input[@name="no_handphone"]")): null

2023-10-02 13:27:50 - [TEST_STEP][PASSED] - accept_button_message = driver.executeScript("return arguments[0].validationMessage", field_username_element): null

2023-10-02 13:27:50 - [TEST_STEP][PASSED] - println(accept_button_message): null

2023-10-02 13:27:50 - [TEST_STEP][PASSED] - assert accept_button_message == "Please fill out this field.": null]]></system-out>
         <system-err><![CDATA[]]></system-err>
      </testcase>
      <testcase name="Test Cases/Wakaf Asset Online/TC-WAO-016" time="19.15" classname="Test Cases/Wakaf Asset Online/TC-WAO-016" status="FAILED">
         <failure type="FAILED" message="Test Cases/Wakaf Asset Online/TC-WAO-016 FAILED.
Reason:
com.kms.katalon.core.exception.StepFailedException: Verify element text of test object 'Object Repository/Wakaf Asset Online/Verify Wakaf Asset Diproses' FAILED.
	at com.kms.katalon.core.webui.keyword.internal.WebUIKeywordMain.stepFailed(WebUIKeywordMain.groovy:64)
	at com.kms.katalon.core.webui.keyword.internal.WebUIKeywordMain.runKeyword(WebUIKeywordMain.groovy:26)
	at com.kms.katalon.core.webui.keyword.builtin.VerifyElementTextKeyword.verifyElementText(VerifyElementTextKeyword.groovy:72)
	at com.kms.katalon.core.webui.keyword.builtin.VerifyElementTextKeyword.execute(VerifyElementTextKeyword.groovy:40)
	at com.kms.katalon.core.keyword.internal.KeywordExecutor.executeKeywordForPlatform(KeywordExecutor.groovy:74)
	at com.kms.katalon.core.webui.keyword.WebUiBuiltInKeywords.verifyElementText(WebUiBuiltInKeywords.groovy:4749)
	at com.kms.katalon.core.webui.keyword.WebUiBuiltInKeywords$verifyElementText$6.call(Unknown Source)
	at TC-WAO-016.run(TC-WAO-016:52)
	at com.kms.katalon.core.main.ScriptEngine.run(ScriptEngine.java:194)
	at com.kms.katalon.core.main.ScriptEngine.runScriptAsRawText(ScriptEngine.java:119)
	at com.kms.katalon.core.main.TestCaseExecutor.runScript(TestCaseExecutor.java:448)
	at com.kms.katalon.core.main.TestCaseExecutor.doExecute(TestCaseExecutor.java:439)
	at com.kms.katalon.core.main.TestCaseExecutor.processExecutionPhase(TestCaseExecutor.java:418)
	at com.kms.katalon.core.main.TestCaseExecutor.accessMainPhase(TestCaseExecutor.java:410)
	at com.kms.katalon.core.main.TestCaseExecutor.execute(TestCaseExecutor.java:285)
	at com.kms.katalon.core.common.CommonExecutor.accessTestCaseMainPhase(CommonExecutor.java:65)
	at com.kms.katalon.core.main.TestSuiteExecutor.accessTestSuiteMainPhase(TestSuiteExecutor.java:148)
	at com.kms.katalon.core.main.TestSuiteExecutor.execute(TestSuiteExecutor.java:106)
	at com.kms.katalon.core.main.TestCaseMain.startTestSuite(TestCaseMain.java:187)
	at com.kms.katalon.core.main.TestCaseMain$startTestSuite$0.call(Unknown Source)
	at TempTestSuite1696227720182.run(TempTestSuite1696227720182.groovy:36)
Caused by: com.kms.katalon.core.exception.StepFailedException: Actual text 'Sukses Proses Wakaf Asset, kami akan segera menghubungi anda! Terima kasih' and expected text 'Nama tidak boleh 1 huruf' of test object 'Object Repository/Wakaf Asset Online/Verify Wakaf Asset Diproses' are NOT matched.
	at com.kms.katalon.core.webui.keyword.internal.WebUIKeywordMain.stepFailed(WebUIKeywordMain.groovy:64)
	at com.kms.katalon.core.webui.keyword.builtin.VerifyElementTextKeyword$_verifyElementText_closure1.doCall(VerifyElementTextKeyword.groovy:57)
	at com.kms.katalon.core.webui.keyword.builtin.VerifyElementTextKeyword$_verifyElementText_closure1.call(VerifyElementTextKeyword.groovy)
	at com.kms.katalon.core.webui.keyword.internal.WebUIKeywordMain.runKeyword(WebUIKeywordMain.groovy:20)
	... 19 more
"/>
         <system-out><![CDATA[2023-10-02 13:27:50 - [TEST_CASE][FAILED] - Test Cases/Wakaf Asset Online/TC-WAO-016: Test Cases/Wakaf Asset Online/TC-WAO-016 FAILED.
Reason:
com.kms.katalon.core.exception.StepFailedException: Verify element text of test object 'Object Repository/Wakaf Asset Online/Verify Wakaf Asset Diproses' FAILED.
	at com.kms.katalon.core.webui.keyword.internal.WebUIKeywordMain.stepFailed(WebUIKeywordMain.groovy:64)
	at com.kms.katalon.core.webui.keyword.internal.WebUIKeywordMain.runKeyword(WebUIKeywordMain.groovy:26)
	at com.kms.katalon.core.webui.keyword.builtin.VerifyElementTextKeyword.verifyElementText(VerifyElementTextKeyword.groovy:72)
	at com.kms.katalon.core.webui.keyword.builtin.VerifyElementTextKeyword.execute(VerifyElementTextKeyword.groovy:40)
	at com.kms.katalon.core.keyword.internal.KeywordExecutor.executeKeywordForPlatform(KeywordExecutor.groovy:74)
	at com.kms.katalon.core.webui.keyword.WebUiBuiltInKeywords.verifyElementText(WebUiBuiltInKeywords.groovy:4749)
	at com.kms.katalon.core.webui.keyword.WebUiBuiltInKeywords$verifyElementText$6.call(Unknown Source)
	at TC-WAO-016.run(TC-WAO-016:52)
	at com.kms.katalon.core.main.ScriptEngine.run(ScriptEngine.java:194)
	at com.kms.katalon.core.main.ScriptEngine.runScriptAsRawText(ScriptEngine.java:119)
	at com.kms.katalon.core.main.TestCaseExecutor.runScript(TestCaseExecutor.java:448)
	at com.kms.katalon.core.main.TestCaseExecutor.doExecute(TestCaseExecutor.java:439)
	at com.kms.katalon.core.main.TestCaseExecutor.processExecutionPhase(TestCaseExecutor.java:418)
	at com.kms.katalon.core.main.TestCaseExecutor.accessMainPhase(TestCaseExecutor.java:410)
	at com.kms.katalon.core.main.TestCaseExecutor.execute(TestCaseExecutor.java:285)
	at com.kms.katalon.core.common.CommonExecutor.accessTestCaseMainPhase(CommonExecutor.java:65)
	at com.kms.katalon.core.main.TestSuiteExecutor.accessTestSuiteMainPhase(TestSuiteExecutor.java:148)
	at com.kms.katalon.core.main.TestSuiteExecutor.execute(TestSuiteExecutor.java:106)
	at com.kms.katalon.core.main.TestCaseMain.startTestSuite(TestCaseMain.java:187)
	at com.kms.katalon.core.main.TestCaseMain$startTestSuite$0.call(Unknown Source)
	at TempTestSuite1696227720182.run(TempTestSuite1696227720182.groovy:36)
Caused by: com.kms.katalon.core.exception.StepFailedException: Actual text 'Sukses Proses Wakaf Asset, kami akan segera menghubungi anda! Terima kasih' and expected text 'Nama tidak boleh 1 huruf' of test object 'Object Repository/Wakaf Asset Online/Verify Wakaf Asset Diproses' are NOT matched.
	at com.kms.katalon.core.webui.keyword.internal.WebUIKeywordMain.stepFailed(WebUIKeywordMain.groovy:64)
	at com.kms.katalon.core.webui.keyword.builtin.VerifyElementTextKeyword$_verifyElementText_closure1.doCall(VerifyElementTextKeyword.groovy:57)
	at com.kms.katalon.core.webui.keyword.builtin.VerifyElementTextKeyword$_verifyElementText_closure1.call(VerifyElementTextKeyword.groovy)
	at com.kms.katalon.core.webui.keyword.internal.WebUIKeywordMain.runKeyword(WebUIKeywordMain.groovy:20)
	... 19 more


2023-10-02 13:27:50 - [TEST_STEP][PASSED] - openBrowser("https://10.9.2.63/ecommerce/"): Browser is opened with url: 'https://10.9.2.63/ecommerce/'

2023-10-02 13:27:50 - [MESSAGE][WARNING] - A browser is already opened. Closing browser and opening a new one

2023-10-02 13:27:51 - [MESSAGE][INFO] - Starting 'Edge Chromium' driver

2023-10-02 13:27:51 - [MESSAGE][INFO] - User set preference: ['acceptInsecureCerts', 'true']

2023-10-02 13:27:53 - [MESSAGE][INFO] - Action delay is set to 0 milliseconds

2023-10-02 13:27:58 - [MESSAGE][PASSED] - Browser is opened with url: 'https://10.9.2.63/ecommerce/'

2023-10-02 13:27:58 - [TEST_STEP][PASSED] - maximizeWindow(): Current window maximized

2023-10-02 13:27:58 - [MESSAGE][PASSED] - Current window maximized

2023-10-02 13:27:58 - [TEST_STEP][PASSED] - verifyElementPresent(findTestObject("Search Product/Verify Page Tajalapak"), 0): Object 'Object Repository/Search Product/Verify Page Tajalapak' is present

2023-10-02 13:27:58 - [MESSAGE][WARNING] - Timeout '0' is invalid. Using default page load timeout: '30'

2023-10-02 13:27:59 - [MESSAGE][PASSED] - Object 'Object Repository/Search Product/Verify Page Tajalapak' is present

2023-10-02 13:27:59 - [TEST_STEP][PASSED] - click(findTestObject("Wakaf Asset Online/Donasi")): Object: 'Object Repository/Wakaf Asset Online/Donasi' is clicked on

2023-10-02 13:27:59 - [MESSAGE][PASSED] - Object: 'Object Repository/Wakaf Asset Online/Donasi' is clicked on

2023-10-02 13:27:59 - [TEST_STEP][PASSED] - click(findTestObject("Wakaf Asset Online/Wakaf Asset Donasi")): Object: 'Object Repository/Wakaf Asset Online/Wakaf Asset Donasi' is clicked on

2023-10-02 13:28:00 - [MESSAGE][PASSED] - Object: 'Object Repository/Wakaf Asset Online/Wakaf Asset Donasi' is clicked on

2023-10-02 13:28:00 - [TEST_STEP][PASSED] - verifyElementPresent(findTestObject("Wakaf Asset Online/verify Wakaf Asset Online"), 0): Object 'Object Repository/Wakaf Asset Online/verify Wakaf Asset Online' is present

2023-10-02 13:28:00 - [MESSAGE][WARNING] - Timeout '0' is invalid. Using default page load timeout: '30'

2023-10-02 13:28:01 - [MESSAGE][PASSED] - Object 'Object Repository/Wakaf Asset Online/verify Wakaf Asset Online' is present

2023-10-02 13:28:01 - [TEST_STEP][PASSED] - selectOptionByValue(findTestObject("Wakaf Asset Online/Pilih Type Wakaf"), "Bangunan", false): All options with value 'Bangunan' are selected in object 'Object Repository/Wakaf Asset Online/Pilih Type Wakaf' 

2023-10-02 13:28:01 - [MESSAGE][PASSED] - All options with value 'Bangunan' are selected in object 'Object Repository/Wakaf Asset Online/Pilih Type Wakaf' 

2023-10-02 13:28:01 - [TEST_STEP][PASSED] - setText(findTestObject("Wakaf Asset Online/Input Perkiraan Nilai Asset"), "100000000"): Text '100000000' is set on object 'Object Repository/Wakaf Asset Online/Input Perkiraan Nilai Asset'

2023-10-02 13:28:02 - [MESSAGE][PASSED] - Text '100000000' is set on object 'Object Repository/Wakaf Asset Online/Input Perkiraan Nilai Asset'

2023-10-02 13:28:02 - [TEST_STEP][PASSED] - setText(findTestObject("Wakaf Asset Online/Input Alamat Asset"), "Jalan Taruma Jawa Timur"): Text 'Jalan Taruma Jawa Timur' is set on object 'Object Repository/Wakaf Asset Online/Input Alamat Asset'

2023-10-02 13:28:03 - [MESSAGE][PASSED] - Text 'Jalan Taruma Jawa Timur' is set on object 'Object Repository/Wakaf Asset Online/Input Alamat Asset'

2023-10-02 13:28:03 - [TEST_STEP][PASSED] - setText(findTestObject("Wakaf Asset Online/Keterangan Asset"), ""): Text '' is set on object 'Object Repository/Wakaf Asset Online/Keterangan Asset'

2023-10-02 13:28:04 - [MESSAGE][PASSED] - Text '' is set on object 'Object Repository/Wakaf Asset Online/Keterangan Asset'

2023-10-02 13:28:04 - [TEST_STEP][PASSED] - setText(findTestObject("Wakaf Asset Online/Input Nama Lengkap"), "a"): Text 'a' is set on object 'Object Repository/Wakaf Asset Online/Input Nama Lengkap'

2023-10-02 13:28:04 - [MESSAGE][PASSED] - Text 'a' is set on object 'Object Repository/Wakaf Asset Online/Input Nama Lengkap'

2023-10-02 13:28:04 - [TEST_STEP][PASSED] - setText(findTestObject("Wakaf Asset Online/Input No Handphone"), "085123456789"): Text '085123456789' is set on object 'Object Repository/Wakaf Asset Online/Input No Handphone'

2023-10-02 13:28:06 - [MESSAGE][PASSED] - Text '085123456789' is set on object 'Object Repository/Wakaf Asset Online/Input No Handphone'

2023-10-02 13:28:06 - [TEST_STEP][PASSED] - setText(findTestObject("Wakaf Asset Online/Input Email"), "joko@gmailcom"): Text 'joko@gmailcom' is set on object 'Object Repository/Wakaf Asset Online/Input Email'

2023-10-02 13:28:06 - [MESSAGE][PASSED] - Text 'joko@gmailcom' is set on object 'Object Repository/Wakaf Asset Online/Input Email'

2023-10-02 13:28:06 - [TEST_STEP][PASSED] - uploadFile(findTestObject("Wakaf Asset Online/Input File Upload"), "E:\minions.png"): File 'E:\minions.png' sent to object: 'Object Repository/Wakaf Asset Online/Input File Upload'

2023-10-02 13:28:07 - [MESSAGE][PASSED] - File 'E:\minions.png' sent to object: 'Object Repository/Wakaf Asset Online/Input File Upload'

2023-10-02 13:28:07 - [TEST_STEP][PASSED] - setText(findTestObject("Wakaf Asset Online/Input 2 Digit Terakhir"), "89"): Text '89' is set on object 'Object Repository/Wakaf Asset Online/Input 2 Digit Terakhir'

2023-10-02 13:28:07 - [MESSAGE][PASSED] - Text '89' is set on object 'Object Repository/Wakaf Asset Online/Input 2 Digit Terakhir'

2023-10-02 13:28:07 - [TEST_STEP][PASSED] - click(findTestObject("Wakaf Asset Online/button Wakaf Sekarang")): Object: 'Object Repository/Wakaf Asset Online/button Wakaf Sekarang' is clicked on

2023-10-02 13:28:08 - [MESSAGE][PASSED] - Object: 'Object Repository/Wakaf Asset Online/button Wakaf Sekarang' is clicked on

2023-10-02 13:28:08 - [TEST_STEP][FAILED] - verifyElementText(findTestObject("Wakaf Asset Online/Verify Wakaf Asset Diproses"), "Nama tidak boleh 1 huruf"): Verify element text of test object 'Object Repository/Wakaf Asset Online/Verify Wakaf Asset Diproses' FAILED. (Root cause: com.kms.katalon.core.exception.StepFailedException: Verify element text of test object 'Object Repository/Wakaf Asset Online/Verify Wakaf Asset Diproses' FAILED.
	at com.kms.katalon.core.webui.keyword.internal.WebUIKeywordMain.stepFailed(WebUIKeywordMain.groovy:64)
	at com.kms.katalon.core.webui.keyword.internal.WebUIKeywordMain.runKeyword(WebUIKeywordMain.groovy:26)
	at com.kms.katalon.core.webui.keyword.builtin.VerifyElementTextKeyword.verifyElementText(VerifyElementTextKeyword.groovy:72)
	at com.kms.katalon.core.webui.keyword.builtin.VerifyElementTextKeyword.execute(VerifyElementTextKeyword.groovy:40)
	at com.kms.katalon.core.keyword.internal.KeywordExecutor.executeKeywordForPlatform(KeywordExecutor.groovy:74)
	at com.kms.katalon.core.webui.keyword.WebUiBuiltInKeywords.verifyElementText(WebUiBuiltInKeywords.groovy:4749)
	at com.kms.katalon.core.webui.keyword.WebUiBuiltInKeywords$verifyElementText$6.call(Unknown Source)
	at TC-WAO-016.run(TC-WAO-016:52)
	at com.kms.katalon.core.main.ScriptEngine.run(ScriptEngine.java:194)
	at com.kms.katalon.core.main.ScriptEngine.runScriptAsRawText(ScriptEngine.java:119)
	at com.kms.katalon.core.main.TestCaseExecutor.runScript(TestCaseExecutor.java:448)
	at com.kms.katalon.core.main.TestCaseExecutor.doExecute(TestCaseExecutor.java:439)
	at com.kms.katalon.core.main.TestCaseExecutor.processExecutionPhase(TestCaseExecutor.java:418)
	at com.kms.katalon.core.main.TestCaseExecutor.accessMainPhase(TestCaseExecutor.java:410)
	at com.kms.katalon.core.main.TestCaseExecutor.execute(TestCaseExecutor.java:285)
	at com.kms.katalon.core.common.CommonExecutor.accessTestCaseMainPhase(CommonExecutor.java:65)
	at com.kms.katalon.core.main.TestSuiteExecutor.accessTestSuiteMainPhase(TestSuiteExecutor.java:148)
	at com.kms.katalon.core.main.TestSuiteExecutor.execute(TestSuiteExecutor.java:106)
	at com.kms.katalon.core.main.TestCaseMain.startTestSuite(TestCaseMain.java:187)
	at com.kms.katalon.core.main.TestCaseMain$startTestSuite$0.call(Unknown Source)
	at TempTestSuite1696227720182.run(TempTestSuite1696227720182.groovy:36)
Caused by: com.kms.katalon.core.exception.StepFailedException: Actual text 'Sukses Proses Wakaf Asset, kami akan segera menghubungi anda! Terima kasih' and expected text 'Nama tidak boleh 1 huruf' of test object 'Object Repository/Wakaf Asset Online/Verify Wakaf Asset Diproses' are NOT matched.
	at com.kms.katalon.core.webui.keyword.internal.WebUIKeywordMain.stepFailed(WebUIKeywordMain.groovy:64)
	at com.kms.katalon.core.webui.keyword.builtin.VerifyElementTextKeyword$_verifyElementText_closure1.doCall(VerifyElementTextKeyword.groovy:57)
	at com.kms.katalon.core.webui.keyword.builtin.VerifyElementTextKeyword$_verifyElementText_closure1.call(VerifyElementTextKeyword.groovy)
	at com.kms.katalon.core.webui.keyword.internal.WebUIKeywordMain.runKeyword(WebUIKeywordMain.groovy:20)
	... 19 more
)

2023-10-02 13:28:09 - [MESSAGE][FAILED] - Actual text 'Sukses Proses Wakaf Asset, kami akan segera menghubungi anda! Terima kasih' and expected text 'Nama tidak boleh 1 huruf' of test object 'Object Repository/Wakaf Asset Online/Verify Wakaf Asset Diproses' are NOT matched. (Root cause: com.kms.katalon.core.exception.StepFailedException: Actual text 'Sukses Proses Wakaf Asset, kami akan segera menghubungi anda! Terima kasih' and expected text 'Nama tidak boleh 1 huruf' of test object 'Object Repository/Wakaf Asset Online/Verify Wakaf Asset Diproses' are NOT matched.
	at com.kms.katalon.core.webui.keyword.internal.WebUIKeywordMain.stepFailed(WebUIKeywordMain.groovy:64)
	at com.kms.katalon.core.webui.keyword.builtin.VerifyElementTextKeyword$_verifyElementText_closure1.doCall(VerifyElementTextKeyword.groovy:57)
	at com.kms.katalon.core.webui.keyword.builtin.VerifyElementTextKeyword$_verifyElementText_closure1.call(VerifyElementTextKeyword.groovy)
	at com.kms.katalon.core.webui.keyword.internal.WebUIKeywordMain.runKeyword(WebUIKeywordMain.groovy:20)
	at com.kms.katalon.core.webui.keyword.builtin.VerifyElementTextKeyword.verifyElementText(VerifyElementTextKeyword.groovy:72)
	at com.kms.katalon.core.webui.keyword.builtin.VerifyElementTextKeyword.execute(VerifyElementTextKeyword.groovy:40)
	at com.kms.katalon.core.keyword.internal.KeywordExecutor.executeKeywordForPlatform(KeywordExecutor.groovy:74)
	at com.kms.katalon.core.webui.keyword.WebUiBuiltInKeywords.verifyElementText(WebUiBuiltInKeywords.groovy:4749)
	at com.kms.katalon.core.webui.keyword.WebUiBuiltInKeywords$verifyElementText$6.call(Unknown Source)
	at TC-WAO-016.run(TC-WAO-016:52)
	at com.kms.katalon.core.main.ScriptEngine.run(ScriptEngine.java:194)
	at com.kms.katalon.core.main.ScriptEngine.runScriptAsRawText(ScriptEngine.java:119)
	at com.kms.katalon.core.main.TestCaseExecutor.runScript(TestCaseExecutor.java:448)
	at com.kms.katalon.core.main.TestCaseExecutor.doExecute(TestCaseExecutor.java:439)
	at com.kms.katalon.core.main.TestCaseExecutor.processExecutionPhase(TestCaseExecutor.java:418)
	at com.kms.katalon.core.main.TestCaseExecutor.accessMainPhase(TestCaseExecutor.java:410)
	at com.kms.katalon.core.main.TestCaseExecutor.execute(TestCaseExecutor.java:285)
	at com.kms.katalon.core.common.CommonExecutor.accessTestCaseMainPhase(CommonExecutor.java:65)
	at com.kms.katalon.core.main.TestSuiteExecutor.accessTestSuiteMainPhase(TestSuiteExecutor.java:148)
	at com.kms.katalon.core.main.TestSuiteExecutor.execute(TestSuiteExecutor.java:106)
	at com.kms.katalon.core.main.TestCaseMain.startTestSuite(TestCaseMain.java:187)
	at com.kms.katalon.core.main.TestCaseMain$startTestSuite$0.call(Unknown Source)
	at TempTestSuite1696227720182.run(TempTestSuite1696227720182.groovy:36)
)
[[ATTACHMENT|G:\\Project Xsis\\batch-324-qa\\Riswan\\Tajalapak_com\\Reports\\20231002_132200\\TS-Wakaf Asset Online\\20231002_132200\\1696228089462.png]]

2023-10-02 13:28:09 - [MESSAGE][FAILED] - Verify element text of test object 'Object Repository/Wakaf Asset Online/Verify Wakaf Asset Diproses' FAILED. (Root cause: com.kms.katalon.core.exception.StepFailedException: Verify element text of test object 'Object Repository/Wakaf Asset Online/Verify Wakaf Asset Diproses' FAILED.
	at com.kms.katalon.core.webui.keyword.internal.WebUIKeywordMain.stepFailed(WebUIKeywordMain.groovy:64)
	at com.kms.katalon.core.webui.keyword.internal.WebUIKeywordMain.runKeyword(WebUIKeywordMain.groovy:26)
	at com.kms.katalon.core.webui.keyword.builtin.VerifyElementTextKeyword.verifyElementText(VerifyElementTextKeyword.groovy:72)
	at com.kms.katalon.core.webui.keyword.builtin.VerifyElementTextKeyword.execute(VerifyElementTextKeyword.groovy:40)
	at com.kms.katalon.core.keyword.internal.KeywordExecutor.executeKeywordForPlatform(KeywordExecutor.groovy:74)
	at com.kms.katalon.core.webui.keyword.WebUiBuiltInKeywords.verifyElementText(WebUiBuiltInKeywords.groovy:4749)
	at com.kms.katalon.core.webui.keyword.WebUiBuiltInKeywords$verifyElementText$6.call(Unknown Source)
	at TC-WAO-016.run(TC-WAO-016:52)
	at com.kms.katalon.core.main.ScriptEngine.run(ScriptEngine.java:194)
	at com.kms.katalon.core.main.ScriptEngine.runScriptAsRawText(ScriptEngine.java:119)
	at com.kms.katalon.core.main.TestCaseExecutor.runScript(TestCaseExecutor.java:448)
	at com.kms.katalon.core.main.TestCaseExecutor.doExecute(TestCaseExecutor.java:439)
	at com.kms.katalon.core.main.TestCaseExecutor.processExecutionPhase(TestCaseExecutor.java:418)
	at com.kms.katalon.core.main.TestCaseExecutor.accessMainPhase(TestCaseExecutor.java:410)
	at com.kms.katalon.core.main.TestCaseExecutor.execute(TestCaseExecutor.java:285)
	at com.kms.katalon.core.common.CommonExecutor.accessTestCaseMainPhase(CommonExecutor.java:65)
	at com.kms.katalon.core.main.TestSuiteExecutor.accessTestSuiteMainPhase(TestSuiteExecutor.java:148)
	at com.kms.katalon.core.main.TestSuiteExecutor.execute(TestSuiteExecutor.java:106)
	at com.kms.katalon.core.main.TestCaseMain.startTestSuite(TestCaseMain.java:187)
	at com.kms.katalon.core.main.TestCaseMain$startTestSuite$0.call(Unknown Source)
	at TempTestSuite1696227720182.run(TempTestSuite1696227720182.groovy:36)
Caused by: com.kms.katalon.core.exception.StepFailedException: Actual text 'Sukses Proses Wakaf Asset, kami akan segera menghubungi anda! Terima kasih' and expected text 'Nama tidak boleh 1 huruf' of test object 'Object Repository/Wakaf Asset Online/Verify Wakaf Asset Diproses' are NOT matched.
	at com.kms.katalon.core.webui.keyword.internal.WebUIKeywordMain.stepFailed(WebUIKeywordMain.groovy:64)
	at com.kms.katalon.core.webui.keyword.builtin.VerifyElementTextKeyword$_verifyElementText_closure1.doCall(VerifyElementTextKeyword.groovy:57)
	at com.kms.katalon.core.webui.keyword.builtin.VerifyElementTextKeyword$_verifyElementText_closure1.call(VerifyElementTextKeyword.groovy)
	at com.kms.katalon.core.webui.keyword.internal.WebUIKeywordMain.runKeyword(WebUIKeywordMain.groovy:20)
	... 19 more
)
[[ATTACHMENT|G:\\Project Xsis\\batch-324-qa\\Riswan\\Tajalapak_com\\Reports\\20231002_132200\\TS-Wakaf Asset Online\\20231002_132200\\1696228089561.png]]]]></system-out>
         <system-err><![CDATA[2023-10-02 13:27:50 - [TEST_CASE][FAILED] - Test Cases/Wakaf Asset Online/TC-WAO-016: Test Cases/Wakaf Asset Online/TC-WAO-016 FAILED.
Reason:
com.kms.katalon.core.exception.StepFailedException: Verify element text of test object 'Object Repository/Wakaf Asset Online/Verify Wakaf Asset Diproses' FAILED.
	at com.kms.katalon.core.webui.keyword.internal.WebUIKeywordMain.stepFailed(WebUIKeywordMain.groovy:64)
	at com.kms.katalon.core.webui.keyword.internal.WebUIKeywordMain.runKeyword(WebUIKeywordMain.groovy:26)
	at com.kms.katalon.core.webui.keyword.builtin.VerifyElementTextKeyword.verifyElementText(VerifyElementTextKeyword.groovy:72)
	at com.kms.katalon.core.webui.keyword.builtin.VerifyElementTextKeyword.execute(VerifyElementTextKeyword.groovy:40)
	at com.kms.katalon.core.keyword.internal.KeywordExecutor.executeKeywordForPlatform(KeywordExecutor.groovy:74)
	at com.kms.katalon.core.webui.keyword.WebUiBuiltInKeywords.verifyElementText(WebUiBuiltInKeywords.groovy:4749)
	at com.kms.katalon.core.webui.keyword.WebUiBuiltInKeywords$verifyElementText$6.call(Unknown Source)
	at TC-WAO-016.run(TC-WAO-016:52)
	at com.kms.katalon.core.main.ScriptEngine.run(ScriptEngine.java:194)
	at com.kms.katalon.core.main.ScriptEngine.runScriptAsRawText(ScriptEngine.java:119)
	at com.kms.katalon.core.main.TestCaseExecutor.runScript(TestCaseExecutor.java:448)
	at com.kms.katalon.core.main.TestCaseExecutor.doExecute(TestCaseExecutor.java:439)
	at com.kms.katalon.core.main.TestCaseExecutor.processExecutionPhase(TestCaseExecutor.java:418)
	at com.kms.katalon.core.main.TestCaseExecutor.accessMainPhase(TestCaseExecutor.java:410)
	at com.kms.katalon.core.main.TestCaseExecutor.execute(TestCaseExecutor.java:285)
	at com.kms.katalon.core.common.CommonExecutor.accessTestCaseMainPhase(CommonExecutor.java:65)
	at com.kms.katalon.core.main.TestSuiteExecutor.accessTestSuiteMainPhase(TestSuiteExecutor.java:148)
	at com.kms.katalon.core.main.TestSuiteExecutor.execute(TestSuiteExecutor.java:106)
	at com.kms.katalon.core.main.TestCaseMain.startTestSuite(TestCaseMain.java:187)
	at com.kms.katalon.core.main.TestCaseMain$startTestSuite$0.call(Unknown Source)
	at TempTestSuite1696227720182.run(TempTestSuite1696227720182.groovy:36)
Caused by: com.kms.katalon.core.exception.StepFailedException: Actual text 'Sukses Proses Wakaf Asset, kami akan segera menghubungi anda! Terima kasih' and expected text 'Nama tidak boleh 1 huruf' of test object 'Object Repository/Wakaf Asset Online/Verify Wakaf Asset Diproses' are NOT matched.
	at com.kms.katalon.core.webui.keyword.internal.WebUIKeywordMain.stepFailed(WebUIKeywordMain.groovy:64)
	at com.kms.katalon.core.webui.keyword.builtin.VerifyElementTextKeyword$_verifyElementText_closure1.doCall(VerifyElementTextKeyword.groovy:57)
	at com.kms.katalon.core.webui.keyword.builtin.VerifyElementTextKeyword$_verifyElementText_closure1.call(VerifyElementTextKeyword.groovy)
	at com.kms.katalon.core.webui.keyword.internal.WebUIKeywordMain.runKeyword(WebUIKeywordMain.groovy:20)
	... 19 more]]></system-err>
      </testcase>
      <testcase name="Test Cases/Wakaf Asset Online/TC-WAO-017" time="18.308" classname="Test Cases/Wakaf Asset Online/TC-WAO-017" status="FAILED">
         <failure type="FAILED" message="Test Cases/Wakaf Asset Online/TC-WAO-017 FAILED.
Reason:
com.kms.katalon.core.exception.StepFailedException: Verify element text of test object 'Object Repository/Wakaf Asset Online/Verify Wakaf Asset Diproses' FAILED.
	at com.kms.katalon.core.webui.keyword.internal.WebUIKeywordMain.stepFailed(WebUIKeywordMain.groovy:64)
	at com.kms.katalon.core.webui.keyword.internal.WebUIKeywordMain.runKeyword(WebUIKeywordMain.groovy:26)
	at com.kms.katalon.core.webui.keyword.builtin.VerifyElementTextKeyword.verifyElementText(VerifyElementTextKeyword.groovy:72)
	at com.kms.katalon.core.webui.keyword.builtin.VerifyElementTextKeyword.execute(VerifyElementTextKeyword.groovy:40)
	at com.kms.katalon.core.keyword.internal.KeywordExecutor.executeKeywordForPlatform(KeywordExecutor.groovy:74)
	at com.kms.katalon.core.webui.keyword.WebUiBuiltInKeywords.verifyElementText(WebUiBuiltInKeywords.groovy:4749)
	at com.kms.katalon.core.webui.keyword.WebUiBuiltInKeywords$verifyElementText$6.call(Unknown Source)
	at TC-WAO-017.run(TC-WAO-017:52)
	at com.kms.katalon.core.main.ScriptEngine.run(ScriptEngine.java:194)
	at com.kms.katalon.core.main.ScriptEngine.runScriptAsRawText(ScriptEngine.java:119)
	at com.kms.katalon.core.main.TestCaseExecutor.runScript(TestCaseExecutor.java:448)
	at com.kms.katalon.core.main.TestCaseExecutor.doExecute(TestCaseExecutor.java:439)
	at com.kms.katalon.core.main.TestCaseExecutor.processExecutionPhase(TestCaseExecutor.java:418)
	at com.kms.katalon.core.main.TestCaseExecutor.accessMainPhase(TestCaseExecutor.java:410)
	at com.kms.katalon.core.main.TestCaseExecutor.execute(TestCaseExecutor.java:285)
	at com.kms.katalon.core.common.CommonExecutor.accessTestCaseMainPhase(CommonExecutor.java:65)
	at com.kms.katalon.core.main.TestSuiteExecutor.accessTestSuiteMainPhase(TestSuiteExecutor.java:148)
	at com.kms.katalon.core.main.TestSuiteExecutor.execute(TestSuiteExecutor.java:106)
	at com.kms.katalon.core.main.TestCaseMain.startTestSuite(TestCaseMain.java:187)
	at com.kms.katalon.core.main.TestCaseMain$startTestSuite$0.call(Unknown Source)
	at TempTestSuite1696227720182.run(TempTestSuite1696227720182.groovy:36)
Caused by: com.kms.katalon.core.exception.StepFailedException: Actual text 'Sukses Proses Wakaf Asset, kami akan segera menghubungi anda! Terima kasih' and expected text 'Nama tidak boleh lebih dari 150 huruf' of test object 'Object Repository/Wakaf Asset Online/Verify Wakaf Asset Diproses' are NOT matched.
	at com.kms.katalon.core.webui.keyword.internal.WebUIKeywordMain.stepFailed(WebUIKeywordMain.groovy:64)
	at com.kms.katalon.core.webui.keyword.builtin.VerifyElementTextKeyword$_verifyElementText_closure1.doCall(VerifyElementTextKeyword.groovy:57)
	at com.kms.katalon.core.webui.keyword.builtin.VerifyElementTextKeyword$_verifyElementText_closure1.call(VerifyElementTextKeyword.groovy)
	at com.kms.katalon.core.webui.keyword.internal.WebUIKeywordMain.runKeyword(WebUIKeywordMain.groovy:20)
	... 19 more
"/>
         <system-out><![CDATA[2023-10-02 13:28:09 - [TEST_CASE][FAILED] - Test Cases/Wakaf Asset Online/TC-WAO-017: Test Cases/Wakaf Asset Online/TC-WAO-017 FAILED.
Reason:
com.kms.katalon.core.exception.StepFailedException: Verify element text of test object 'Object Repository/Wakaf Asset Online/Verify Wakaf Asset Diproses' FAILED.
	at com.kms.katalon.core.webui.keyword.internal.WebUIKeywordMain.stepFailed(WebUIKeywordMain.groovy:64)
	at com.kms.katalon.core.webui.keyword.internal.WebUIKeywordMain.runKeyword(WebUIKeywordMain.groovy:26)
	at com.kms.katalon.core.webui.keyword.builtin.VerifyElementTextKeyword.verifyElementText(VerifyElementTextKeyword.groovy:72)
	at com.kms.katalon.core.webui.keyword.builtin.VerifyElementTextKeyword.execute(VerifyElementTextKeyword.groovy:40)
	at com.kms.katalon.core.keyword.internal.KeywordExecutor.executeKeywordForPlatform(KeywordExecutor.groovy:74)
	at com.kms.katalon.core.webui.keyword.WebUiBuiltInKeywords.verifyElementText(WebUiBuiltInKeywords.groovy:4749)
	at com.kms.katalon.core.webui.keyword.WebUiBuiltInKeywords$verifyElementText$6.call(Unknown Source)
	at TC-WAO-017.run(TC-WAO-017:52)
	at com.kms.katalon.core.main.ScriptEngine.run(ScriptEngine.java:194)
	at com.kms.katalon.core.main.ScriptEngine.runScriptAsRawText(ScriptEngine.java:119)
	at com.kms.katalon.core.main.TestCaseExecutor.runScript(TestCaseExecutor.java:448)
	at com.kms.katalon.core.main.TestCaseExecutor.doExecute(TestCaseExecutor.java:439)
	at com.kms.katalon.core.main.TestCaseExecutor.processExecutionPhase(TestCaseExecutor.java:418)
	at com.kms.katalon.core.main.TestCaseExecutor.accessMainPhase(TestCaseExecutor.java:410)
	at com.kms.katalon.core.main.TestCaseExecutor.execute(TestCaseExecutor.java:285)
	at com.kms.katalon.core.common.CommonExecutor.accessTestCaseMainPhase(CommonExecutor.java:65)
	at com.kms.katalon.core.main.TestSuiteExecutor.accessTestSuiteMainPhase(TestSuiteExecutor.java:148)
	at com.kms.katalon.core.main.TestSuiteExecutor.execute(TestSuiteExecutor.java:106)
	at com.kms.katalon.core.main.TestCaseMain.startTestSuite(TestCaseMain.java:187)
	at com.kms.katalon.core.main.TestCaseMain$startTestSuite$0.call(Unknown Source)
	at TempTestSuite1696227720182.run(TempTestSuite1696227720182.groovy:36)
Caused by: com.kms.katalon.core.exception.StepFailedException: Actual text 'Sukses Proses Wakaf Asset, kami akan segera menghubungi anda! Terima kasih' and expected text 'Nama tidak boleh lebih dari 150 huruf' of test object 'Object Repository/Wakaf Asset Online/Verify Wakaf Asset Diproses' are NOT matched.
	at com.kms.katalon.core.webui.keyword.internal.WebUIKeywordMain.stepFailed(WebUIKeywordMain.groovy:64)
	at com.kms.katalon.core.webui.keyword.builtin.VerifyElementTextKeyword$_verifyElementText_closure1.doCall(VerifyElementTextKeyword.groovy:57)
	at com.kms.katalon.core.webui.keyword.builtin.VerifyElementTextKeyword$_verifyElementText_closure1.call(VerifyElementTextKeyword.groovy)
	at com.kms.katalon.core.webui.keyword.internal.WebUIKeywordMain.runKeyword(WebUIKeywordMain.groovy:20)
	... 19 more


2023-10-02 13:28:09 - [TEST_STEP][PASSED] - openBrowser("https://10.9.2.63/ecommerce/"): Browser is opened with url: 'https://10.9.2.63/ecommerce/'

2023-10-02 13:28:09 - [MESSAGE][WARNING] - A browser is already opened. Closing browser and opening a new one

2023-10-02 13:28:10 - [MESSAGE][INFO] - Starting 'Edge Chromium' driver

2023-10-02 13:28:10 - [MESSAGE][INFO] - User set preference: ['acceptInsecureCerts', 'true']

2023-10-02 13:28:12 - [MESSAGE][INFO] - Action delay is set to 0 milliseconds

2023-10-02 13:28:16 - [MESSAGE][PASSED] - Browser is opened with url: 'https://10.9.2.63/ecommerce/'

2023-10-02 13:28:16 - [TEST_STEP][PASSED] - maximizeWindow(): Current window maximized

2023-10-02 13:28:16 - [MESSAGE][PASSED] - Current window maximized

2023-10-02 13:28:16 - [TEST_STEP][PASSED] - verifyElementPresent(findTestObject("Search Product/Verify Page Tajalapak"), 0): Object 'Object Repository/Search Product/Verify Page Tajalapak' is present

2023-10-02 13:28:16 - [MESSAGE][WARNING] - Timeout '0' is invalid. Using default page load timeout: '30'

2023-10-02 13:28:17 - [MESSAGE][PASSED] - Object 'Object Repository/Search Product/Verify Page Tajalapak' is present

2023-10-02 13:28:17 - [TEST_STEP][PASSED] - click(findTestObject("Wakaf Asset Online/Donasi")): Object: 'Object Repository/Wakaf Asset Online/Donasi' is clicked on

2023-10-02 13:28:17 - [MESSAGE][PASSED] - Object: 'Object Repository/Wakaf Asset Online/Donasi' is clicked on

2023-10-02 13:28:17 - [TEST_STEP][PASSED] - click(findTestObject("Wakaf Asset Online/Wakaf Asset Donasi")): Object: 'Object Repository/Wakaf Asset Online/Wakaf Asset Donasi' is clicked on

2023-10-02 13:28:18 - [MESSAGE][PASSED] - Object: 'Object Repository/Wakaf Asset Online/Wakaf Asset Donasi' is clicked on

2023-10-02 13:28:18 - [TEST_STEP][PASSED] - verifyElementPresent(findTestObject("Wakaf Asset Online/verify Wakaf Asset Online"), 0): Object 'Object Repository/Wakaf Asset Online/verify Wakaf Asset Online' is present

2023-10-02 13:28:18 - [MESSAGE][WARNING] - Timeout '0' is invalid. Using default page load timeout: '30'

2023-10-02 13:28:19 - [MESSAGE][PASSED] - Object 'Object Repository/Wakaf Asset Online/verify Wakaf Asset Online' is present

2023-10-02 13:28:19 - [TEST_STEP][PASSED] - selectOptionByValue(findTestObject("Wakaf Asset Online/Pilih Type Wakaf"), "Bangunan", false): All options with value 'Bangunan' are selected in object 'Object Repository/Wakaf Asset Online/Pilih Type Wakaf' 

2023-10-02 13:28:19 - [MESSAGE][PASSED] - All options with value 'Bangunan' are selected in object 'Object Repository/Wakaf Asset Online/Pilih Type Wakaf' 

2023-10-02 13:28:19 - [TEST_STEP][PASSED] - setText(findTestObject("Wakaf Asset Online/Input Perkiraan Nilai Asset"), "100000000"): Text '100000000' is set on object 'Object Repository/Wakaf Asset Online/Input Perkiraan Nilai Asset'

2023-10-02 13:28:20 - [MESSAGE][PASSED] - Text '100000000' is set on object 'Object Repository/Wakaf Asset Online/Input Perkiraan Nilai Asset'

2023-10-02 13:28:20 - [TEST_STEP][PASSED] - setText(findTestObject("Wakaf Asset Online/Input Alamat Asset"), "Jalan Taruma Jawa Timur"): Text 'Jalan Taruma Jawa Timur' is set on object 'Object Repository/Wakaf Asset Online/Input Alamat Asset'

2023-10-02 13:28:21 - [MESSAGE][PASSED] - Text 'Jalan Taruma Jawa Timur' is set on object 'Object Repository/Wakaf Asset Online/Input Alamat Asset'

2023-10-02 13:28:21 - [TEST_STEP][PASSED] - setText(findTestObject("Wakaf Asset Online/Keterangan Asset"), ""): Text '' is set on object 'Object Repository/Wakaf Asset Online/Keterangan Asset'

2023-10-02 13:28:22 - [MESSAGE][PASSED] - Text '' is set on object 'Object Repository/Wakaf Asset Online/Keterangan Asset'

2023-10-02 13:28:22 - [TEST_STEP][PASSED] - setText(findTestObject("Wakaf Asset Online/Input Nama Lengkap"), "Adolph Blaine Charles David Earl Frederick Gerald Hubert Irvim John Kenneth Loyd Martin Nero Oliver Paul Quincy Randolph Sherman Thomas Uncas Victor Willian Xerxes Yancy Zeus Wolfeschlegelsteinhausenbergerdorffvoralternwarengewissenhaftschafers"): Text 'Adolph Blaine Charles David Earl Frederick Gerald Hubert Irvim John Kenneth Loyd Martin Nero Oliver Paul Quincy Randolph Sherman Thomas Uncas Victor Willian Xerxes Yancy Zeus Wolfeschlegelsteinhausenbergerdorffvoralternwarengewissenhaftschafers' is set on object 'Object Repository/Wakaf Asset Online/Input Nama Lengkap'

2023-10-02 13:28:23 - [MESSAGE][PASSED] - Text 'Adolph Blaine Charles David Earl Frederick Gerald Hubert Irvim John Kenneth Loyd Martin Nero Oliver Paul Quincy Randolph Sherman Thomas Uncas Victor Willian Xerxes Yancy Zeus Wolfeschlegelsteinhausenbergerdorffvoralternwarengewissenhaftschafers' is set on object 'Object Repository/Wakaf Asset Online/Input Nama Lengkap'

2023-10-02 13:28:23 - [TEST_STEP][PASSED] - setText(findTestObject("Wakaf Asset Online/Input No Handphone"), "085123456789"): Text '085123456789' is set on object 'Object Repository/Wakaf Asset Online/Input No Handphone'

2023-10-02 13:28:24 - [MESSAGE][PASSED] - Text '085123456789' is set on object 'Object Repository/Wakaf Asset Online/Input No Handphone'

2023-10-02 13:28:24 - [TEST_STEP][PASSED] - setText(findTestObject("Wakaf Asset Online/Input Email"), "joko@gmailcom"): Text 'joko@gmailcom' is set on object 'Object Repository/Wakaf Asset Online/Input Email'

2023-10-02 13:28:24 - [MESSAGE][PASSED] - Text 'joko@gmailcom' is set on object 'Object Repository/Wakaf Asset Online/Input Email'

2023-10-02 13:28:24 - [TEST_STEP][PASSED] - uploadFile(findTestObject("Wakaf Asset Online/Input File Upload"), "E:\minions.png"): File 'E:\minions.png' sent to object: 'Object Repository/Wakaf Asset Online/Input File Upload'

2023-10-02 13:28:25 - [MESSAGE][PASSED] - File 'E:\minions.png' sent to object: 'Object Repository/Wakaf Asset Online/Input File Upload'

2023-10-02 13:28:25 - [TEST_STEP][PASSED] - setText(findTestObject("Wakaf Asset Online/Input 2 Digit Terakhir"), "89"): Text '89' is set on object 'Object Repository/Wakaf Asset Online/Input 2 Digit Terakhir'

2023-10-02 13:28:25 - [MESSAGE][PASSED] - Text '89' is set on object 'Object Repository/Wakaf Asset Online/Input 2 Digit Terakhir'

2023-10-02 13:28:25 - [TEST_STEP][PASSED] - click(findTestObject("Wakaf Asset Online/button Wakaf Sekarang")): Object: 'Object Repository/Wakaf Asset Online/button Wakaf Sekarang' is clicked on

2023-10-02 13:28:27 - [MESSAGE][PASSED] - Object: 'Object Repository/Wakaf Asset Online/button Wakaf Sekarang' is clicked on

2023-10-02 13:28:27 - [TEST_STEP][FAILED] - verifyElementText(findTestObject("Wakaf Asset Online/Verify Wakaf Asset Diproses"), "Nama tidak boleh lebih dari 150 huruf"): Verify element text of test object 'Object Repository/Wakaf Asset Online/Verify Wakaf Asset Diproses' FAILED. (Root cause: com.kms.katalon.core.exception.StepFailedException: Verify element text of test object 'Object Repository/Wakaf Asset Online/Verify Wakaf Asset Diproses' FAILED.
	at com.kms.katalon.core.webui.keyword.internal.WebUIKeywordMain.stepFailed(WebUIKeywordMain.groovy:64)
	at com.kms.katalon.core.webui.keyword.internal.WebUIKeywordMain.runKeyword(WebUIKeywordMain.groovy:26)
	at com.kms.katalon.core.webui.keyword.builtin.VerifyElementTextKeyword.verifyElementText(VerifyElementTextKeyword.groovy:72)
	at com.kms.katalon.core.webui.keyword.builtin.VerifyElementTextKeyword.execute(VerifyElementTextKeyword.groovy:40)
	at com.kms.katalon.core.keyword.internal.KeywordExecutor.executeKeywordForPlatform(KeywordExecutor.groovy:74)
	at com.kms.katalon.core.webui.keyword.WebUiBuiltInKeywords.verifyElementText(WebUiBuiltInKeywords.groovy:4749)
	at com.kms.katalon.core.webui.keyword.WebUiBuiltInKeywords$verifyElementText$6.call(Unknown Source)
	at TC-WAO-017.run(TC-WAO-017:52)
	at com.kms.katalon.core.main.ScriptEngine.run(ScriptEngine.java:194)
	at com.kms.katalon.core.main.ScriptEngine.runScriptAsRawText(ScriptEngine.java:119)
	at com.kms.katalon.core.main.TestCaseExecutor.runScript(TestCaseExecutor.java:448)
	at com.kms.katalon.core.main.TestCaseExecutor.doExecute(TestCaseExecutor.java:439)
	at com.kms.katalon.core.main.TestCaseExecutor.processExecutionPhase(TestCaseExecutor.java:418)
	at com.kms.katalon.core.main.TestCaseExecutor.accessMainPhase(TestCaseExecutor.java:410)
	at com.kms.katalon.core.main.TestCaseExecutor.execute(TestCaseExecutor.java:285)
	at com.kms.katalon.core.common.CommonExecutor.accessTestCaseMainPhase(CommonExecutor.java:65)
	at com.kms.katalon.core.main.TestSuiteExecutor.accessTestSuiteMainPhase(TestSuiteExecutor.java:148)
	at com.kms.katalon.core.main.TestSuiteExecutor.execute(TestSuiteExecutor.java:106)
	at com.kms.katalon.core.main.TestCaseMain.startTestSuite(TestCaseMain.java:187)
	at com.kms.katalon.core.main.TestCaseMain$startTestSuite$0.call(Unknown Source)
	at TempTestSuite1696227720182.run(TempTestSuite1696227720182.groovy:36)
Caused by: com.kms.katalon.core.exception.StepFailedException: Actual text 'Sukses Proses Wakaf Asset, kami akan segera menghubungi anda! Terima kasih' and expected text 'Nama tidak boleh lebih dari 150 huruf' of test object 'Object Repository/Wakaf Asset Online/Verify Wakaf Asset Diproses' are NOT matched.
	at com.kms.katalon.core.webui.keyword.internal.WebUIKeywordMain.stepFailed(WebUIKeywordMain.groovy:64)
	at com.kms.katalon.core.webui.keyword.builtin.VerifyElementTextKeyword$_verifyElementText_closure1.doCall(VerifyElementTextKeyword.groovy:57)
	at com.kms.katalon.core.webui.keyword.builtin.VerifyElementTextKeyword$_verifyElementText_closure1.call(VerifyElementTextKeyword.groovy)
	at com.kms.katalon.core.webui.keyword.internal.WebUIKeywordMain.runKeyword(WebUIKeywordMain.groovy:20)
	... 19 more
)

2023-10-02 13:28:27 - [MESSAGE][FAILED] - Actual text 'Sukses Proses Wakaf Asset, kami akan segera menghubungi anda! Terima kasih' and expected text 'Nama tidak boleh lebih dari 150 huruf' of test object 'Object Repository/Wakaf Asset Online/Verify Wakaf Asset Diproses' are NOT matched. (Root cause: com.kms.katalon.core.exception.StepFailedException: Actual text 'Sukses Proses Wakaf Asset, kami akan segera menghubungi anda! Terima kasih' and expected text 'Nama tidak boleh lebih dari 150 huruf' of test object 'Object Repository/Wakaf Asset Online/Verify Wakaf Asset Diproses' are NOT matched.
	at com.kms.katalon.core.webui.keyword.internal.WebUIKeywordMain.stepFailed(WebUIKeywordMain.groovy:64)
	at com.kms.katalon.core.webui.keyword.builtin.VerifyElementTextKeyword$_verifyElementText_closure1.doCall(VerifyElementTextKeyword.groovy:57)
	at com.kms.katalon.core.webui.keyword.builtin.VerifyElementTextKeyword$_verifyElementText_closure1.call(VerifyElementTextKeyword.groovy)
	at com.kms.katalon.core.webui.keyword.internal.WebUIKeywordMain.runKeyword(WebUIKeywordMain.groovy:20)
	at com.kms.katalon.core.webui.keyword.builtin.VerifyElementTextKeyword.verifyElementText(VerifyElementTextKeyword.groovy:72)
	at com.kms.katalon.core.webui.keyword.builtin.VerifyElementTextKeyword.execute(VerifyElementTextKeyword.groovy:40)
	at com.kms.katalon.core.keyword.internal.KeywordExecutor.executeKeywordForPlatform(KeywordExecutor.groovy:74)
	at com.kms.katalon.core.webui.keyword.WebUiBuiltInKeywords.verifyElementText(WebUiBuiltInKeywords.groovy:4749)
	at com.kms.katalon.core.webui.keyword.WebUiBuiltInKeywords$verifyElementText$6.call(Unknown Source)
	at TC-WAO-017.run(TC-WAO-017:52)
	at com.kms.katalon.core.main.ScriptEngine.run(ScriptEngine.java:194)
	at com.kms.katalon.core.main.ScriptEngine.runScriptAsRawText(ScriptEngine.java:119)
	at com.kms.katalon.core.main.TestCaseExecutor.runScript(TestCaseExecutor.java:448)
	at com.kms.katalon.core.main.TestCaseExecutor.doExecute(TestCaseExecutor.java:439)
	at com.kms.katalon.core.main.TestCaseExecutor.processExecutionPhase(TestCaseExecutor.java:418)
	at com.kms.katalon.core.main.TestCaseExecutor.accessMainPhase(TestCaseExecutor.java:410)
	at com.kms.katalon.core.main.TestCaseExecutor.execute(TestCaseExecutor.java:285)
	at com.kms.katalon.core.common.CommonExecutor.accessTestCaseMainPhase(CommonExecutor.java:65)
	at com.kms.katalon.core.main.TestSuiteExecutor.accessTestSuiteMainPhase(TestSuiteExecutor.java:148)
	at com.kms.katalon.core.main.TestSuiteExecutor.execute(TestSuiteExecutor.java:106)
	at com.kms.katalon.core.main.TestCaseMain.startTestSuite(TestCaseMain.java:187)
	at com.kms.katalon.core.main.TestCaseMain$startTestSuite$0.call(Unknown Source)
	at TempTestSuite1696227720182.run(TempTestSuite1696227720182.groovy:36)
)
[[ATTACHMENT|G:\\Project Xsis\\batch-324-qa\\Riswan\\Tajalapak_com\\Reports\\20231002_132200\\TS-Wakaf Asset Online\\20231002_132200\\1696228107744.png]]

2023-10-02 13:28:27 - [MESSAGE][FAILED] - Verify element text of test object 'Object Repository/Wakaf Asset Online/Verify Wakaf Asset Diproses' FAILED. (Root cause: com.kms.katalon.core.exception.StepFailedException: Verify element text of test object 'Object Repository/Wakaf Asset Online/Verify Wakaf Asset Diproses' FAILED.
	at com.kms.katalon.core.webui.keyword.internal.WebUIKeywordMain.stepFailed(WebUIKeywordMain.groovy:64)
	at com.kms.katalon.core.webui.keyword.internal.WebUIKeywordMain.runKeyword(WebUIKeywordMain.groovy:26)
	at com.kms.katalon.core.webui.keyword.builtin.VerifyElementTextKeyword.verifyElementText(VerifyElementTextKeyword.groovy:72)
	at com.kms.katalon.core.webui.keyword.builtin.VerifyElementTextKeyword.execute(VerifyElementTextKeyword.groovy:40)
	at com.kms.katalon.core.keyword.internal.KeywordExecutor.executeKeywordForPlatform(KeywordExecutor.groovy:74)
	at com.kms.katalon.core.webui.keyword.WebUiBuiltInKeywords.verifyElementText(WebUiBuiltInKeywords.groovy:4749)
	at com.kms.katalon.core.webui.keyword.WebUiBuiltInKeywords$verifyElementText$6.call(Unknown Source)
	at TC-WAO-017.run(TC-WAO-017:52)
	at com.kms.katalon.core.main.ScriptEngine.run(ScriptEngine.java:194)
	at com.kms.katalon.core.main.ScriptEngine.runScriptAsRawText(ScriptEngine.java:119)
	at com.kms.katalon.core.main.TestCaseExecutor.runScript(TestCaseExecutor.java:448)
	at com.kms.katalon.core.main.TestCaseExecutor.doExecute(TestCaseExecutor.java:439)
	at com.kms.katalon.core.main.TestCaseExecutor.processExecutionPhase(TestCaseExecutor.java:418)
	at com.kms.katalon.core.main.TestCaseExecutor.accessMainPhase(TestCaseExecutor.java:410)
	at com.kms.katalon.core.main.TestCaseExecutor.execute(TestCaseExecutor.java:285)
	at com.kms.katalon.core.common.CommonExecutor.accessTestCaseMainPhase(CommonExecutor.java:65)
	at com.kms.katalon.core.main.TestSuiteExecutor.accessTestSuiteMainPhase(TestSuiteExecutor.java:148)
	at com.kms.katalon.core.main.TestSuiteExecutor.execute(TestSuiteExecutor.java:106)
	at com.kms.katalon.core.main.TestCaseMain.startTestSuite(TestCaseMain.java:187)
	at com.kms.katalon.core.main.TestCaseMain$startTestSuite$0.call(Unknown Source)
	at TempTestSuite1696227720182.run(TempTestSuite1696227720182.groovy:36)
Caused by: com.kms.katalon.core.exception.StepFailedException: Actual text 'Sukses Proses Wakaf Asset, kami akan segera menghubungi anda! Terima kasih' and expected text 'Nama tidak boleh lebih dari 150 huruf' of test object 'Object Repository/Wakaf Asset Online/Verify Wakaf Asset Diproses' are NOT matched.
	at com.kms.katalon.core.webui.keyword.internal.WebUIKeywordMain.stepFailed(WebUIKeywordMain.groovy:64)
	at com.kms.katalon.core.webui.keyword.builtin.VerifyElementTextKeyword$_verifyElementText_closure1.doCall(VerifyElementTextKeyword.groovy:57)
	at com.kms.katalon.core.webui.keyword.builtin.VerifyElementTextKeyword$_verifyElementText_closure1.call(VerifyElementTextKeyword.groovy)
	at com.kms.katalon.core.webui.keyword.internal.WebUIKeywordMain.runKeyword(WebUIKeywordMain.groovy:20)
	... 19 more
)
[[ATTACHMENT|G:\\Project Xsis\\batch-324-qa\\Riswan\\Tajalapak_com\\Reports\\20231002_132200\\TS-Wakaf Asset Online\\20231002_132200\\1696228107857.png]]]]></system-out>
         <system-err><![CDATA[2023-10-02 13:28:09 - [TEST_CASE][FAILED] - Test Cases/Wakaf Asset Online/TC-WAO-017: Test Cases/Wakaf Asset Online/TC-WAO-017 FAILED.
Reason:
com.kms.katalon.core.exception.StepFailedException: Verify element text of test object 'Object Repository/Wakaf Asset Online/Verify Wakaf Asset Diproses' FAILED.
	at com.kms.katalon.core.webui.keyword.internal.WebUIKeywordMain.stepFailed(WebUIKeywordMain.groovy:64)
	at com.kms.katalon.core.webui.keyword.internal.WebUIKeywordMain.runKeyword(WebUIKeywordMain.groovy:26)
	at com.kms.katalon.core.webui.keyword.builtin.VerifyElementTextKeyword.verifyElementText(VerifyElementTextKeyword.groovy:72)
	at com.kms.katalon.core.webui.keyword.builtin.VerifyElementTextKeyword.execute(VerifyElementTextKeyword.groovy:40)
	at com.kms.katalon.core.keyword.internal.KeywordExecutor.executeKeywordForPlatform(KeywordExecutor.groovy:74)
	at com.kms.katalon.core.webui.keyword.WebUiBuiltInKeywords.verifyElementText(WebUiBuiltInKeywords.groovy:4749)
	at com.kms.katalon.core.webui.keyword.WebUiBuiltInKeywords$verifyElementText$6.call(Unknown Source)
	at TC-WAO-017.run(TC-WAO-017:52)
	at com.kms.katalon.core.main.ScriptEngine.run(ScriptEngine.java:194)
	at com.kms.katalon.core.main.ScriptEngine.runScriptAsRawText(ScriptEngine.java:119)
	at com.kms.katalon.core.main.TestCaseExecutor.runScript(TestCaseExecutor.java:448)
	at com.kms.katalon.core.main.TestCaseExecutor.doExecute(TestCaseExecutor.java:439)
	at com.kms.katalon.core.main.TestCaseExecutor.processExecutionPhase(TestCaseExecutor.java:418)
	at com.kms.katalon.core.main.TestCaseExecutor.accessMainPhase(TestCaseExecutor.java:410)
	at com.kms.katalon.core.main.TestCaseExecutor.execute(TestCaseExecutor.java:285)
	at com.kms.katalon.core.common.CommonExecutor.accessTestCaseMainPhase(CommonExecutor.java:65)
	at com.kms.katalon.core.main.TestSuiteExecutor.accessTestSuiteMainPhase(TestSuiteExecutor.java:148)
	at com.kms.katalon.core.main.TestSuiteExecutor.execute(TestSuiteExecutor.java:106)
	at com.kms.katalon.core.main.TestCaseMain.startTestSuite(TestCaseMain.java:187)
	at com.kms.katalon.core.main.TestCaseMain$startTestSuite$0.call(Unknown Source)
	at TempTestSuite1696227720182.run(TempTestSuite1696227720182.groovy:36)
Caused by: com.kms.katalon.core.exception.StepFailedException: Actual text 'Sukses Proses Wakaf Asset, kami akan segera menghubungi anda! Terima kasih' and expected text 'Nama tidak boleh lebih dari 150 huruf' of test object 'Object Repository/Wakaf Asset Online/Verify Wakaf Asset Diproses' are NOT matched.
	at com.kms.katalon.core.webui.keyword.internal.WebUIKeywordMain.stepFailed(WebUIKeywordMain.groovy:64)
	at com.kms.katalon.core.webui.keyword.builtin.VerifyElementTextKeyword$_verifyElementText_closure1.doCall(VerifyElementTextKeyword.groovy:57)
	at com.kms.katalon.core.webui.keyword.builtin.VerifyElementTextKeyword$_verifyElementText_closure1.call(VerifyElementTextKeyword.groovy)
	at com.kms.katalon.core.webui.keyword.internal.WebUIKeywordMain.runKeyword(WebUIKeywordMain.groovy:20)
	... 19 more]]></system-err>
      </testcase>
      <system-out><![CDATA[2023-10-02 13:22:16 - [TEST_SUITE][FAILED] - TS-Wakaf Asset Online: Test Cases/Wakaf Asset Online/TC-WAO-005 FAILED.
Reason:
com.kms.katalon.core.exception.StepFailedException: Verify element text of test object 'Object Repository/Wakaf Asset Online/Verify Wakaf Asset Diproses' FAILED.
	at com.kms.katalon.core.webui.keyword.internal.WebUIKeywordMain.stepFailed(WebUIKeywordMain.groovy:64)
	at com.kms.katalon.core.webui.keyword.internal.WebUIKeywordMain.runKeyword(WebUIKeywordMain.groovy:26)
	at com.kms.katalon.core.webui.keyword.builtin.VerifyElementTextKeyword.verifyElementText(VerifyElementTextKeyword.groovy:72)
	at com.kms.katalon.core.webui.keyword.builtin.VerifyElementTextKeyword.execute(VerifyElementTextKeyword.groovy:40)
	at com.kms.katalon.core.keyword.internal.KeywordExecutor.executeKeywordForPlatform(KeywordExecutor.groovy:74)
	at com.kms.katalon.core.webui.keyword.WebUiBuiltInKeywords.verifyElementText(WebUiBuiltInKeywords.groovy:4749)
	at com.kms.katalon.core.webui.keyword.WebUiBuiltInKeywords$verifyElementText$6.call(Unknown Source)
	at TC-WAO-005.run(TC-WAO-005:52)
	at com.kms.katalon.core.main.ScriptEngine.run(ScriptEngine.java:194)
	at com.kms.katalon.core.main.ScriptEngine.runScriptAsRawText(ScriptEngine.java:119)
	at com.kms.katalon.core.main.TestCaseExecutor.runScript(TestCaseExecutor.java:448)
	at com.kms.katalon.core.main.TestCaseExecutor.doExecute(TestCaseExecutor.java:439)
	at com.kms.katalon.core.main.TestCaseExecutor.processExecutionPhase(TestCaseExecutor.java:418)
	at com.kms.katalon.core.main.TestCaseExecutor.accessMainPhase(TestCaseExecutor.java:410)
	at com.kms.katalon.core.main.TestCaseExecutor.execute(TestCaseExecutor.java:285)
	at com.kms.katalon.core.common.CommonExecutor.accessTestCaseMainPhase(CommonExecutor.java:65)
	at com.kms.katalon.core.main.TestSuiteExecutor.accessTestSuiteMainPhase(TestSuiteExecutor.java:148)
	at com.kms.katalon.core.main.TestSuiteExecutor.execute(TestSuiteExecutor.java:106)
	at com.kms.katalon.core.main.TestCaseMain.startTestSuite(TestCaseMain.java:187)
	at com.kms.katalon.core.main.TestCaseMain$startTestSuite$0.call(Unknown Source)
	at TempTestSuite1696227720182.run(TempTestSuite1696227720182.groovy:36)
Caused by: com.kms.katalon.core.exception.StepFailedException: Actual text 'Sukses Proses Wakaf Asset, kami akan segera menghubungi anda! Terima kasih' and expected text 'Error kurang dari 11 angka' of test object 'Object Repository/Wakaf Asset Online/Verify Wakaf Asset Diproses' are NOT matched.
	at com.kms.katalon.core.webui.keyword.internal.WebUIKeywordMain.stepFailed(WebUIKeywordMain.groovy:64)
	at com.kms.katalon.core.webui.keyword.builtin.VerifyElementTextKeyword$_verifyElementText_closure1.doCall(VerifyElementTextKeyword.groovy:57)
	at com.kms.katalon.core.webui.keyword.builtin.VerifyElementTextKeyword$_verifyElementText_closure1.call(VerifyElementTextKeyword.groovy)
	at com.kms.katalon.core.webui.keyword.internal.WebUIKeywordMain.runKeyword(WebUIKeywordMain.groovy:20)
	... 19 more]]></system-out>
      <system-err><![CDATA[2023-10-02 13:22:16 - [TEST_SUITE][FAILED] - TS-Wakaf Asset Online: Test Cases/Wakaf Asset Online/TC-WAO-005 FAILED.
Reason:
com.kms.katalon.core.exception.StepFailedException: Verify element text of test object 'Object Repository/Wakaf Asset Online/Verify Wakaf Asset Diproses' FAILED.
	at com.kms.katalon.core.webui.keyword.internal.WebUIKeywordMain.stepFailed(WebUIKeywordMain.groovy:64)
	at com.kms.katalon.core.webui.keyword.internal.WebUIKeywordMain.runKeyword(WebUIKeywordMain.groovy:26)
	at com.kms.katalon.core.webui.keyword.builtin.VerifyElementTextKeyword.verifyElementText(VerifyElementTextKeyword.groovy:72)
	at com.kms.katalon.core.webui.keyword.builtin.VerifyElementTextKeyword.execute(VerifyElementTextKeyword.groovy:40)
	at com.kms.katalon.core.keyword.internal.KeywordExecutor.executeKeywordForPlatform(KeywordExecutor.groovy:74)
	at com.kms.katalon.core.webui.keyword.WebUiBuiltInKeywords.verifyElementText(WebUiBuiltInKeywords.groovy:4749)
	at com.kms.katalon.core.webui.keyword.WebUiBuiltInKeywords$verifyElementText$6.call(Unknown Source)
	at TC-WAO-005.run(TC-WAO-005:52)
	at com.kms.katalon.core.main.ScriptEngine.run(ScriptEngine.java:194)
	at com.kms.katalon.core.main.ScriptEngine.runScriptAsRawText(ScriptEngine.java:119)
	at com.kms.katalon.core.main.TestCaseExecutor.runScript(TestCaseExecutor.java:448)
	at com.kms.katalon.core.main.TestCaseExecutor.doExecute(TestCaseExecutor.java:439)
	at com.kms.katalon.core.main.TestCaseExecutor.processExecutionPhase(TestCaseExecutor.java:418)
	at com.kms.katalon.core.main.TestCaseExecutor.accessMainPhase(TestCaseExecutor.java:410)
	at com.kms.katalon.core.main.TestCaseExecutor.execute(TestCaseExecutor.java:285)
	at com.kms.katalon.core.common.CommonExecutor.accessTestCaseMainPhase(CommonExecutor.java:65)
	at com.kms.katalon.core.main.TestSuiteExecutor.accessTestSuiteMainPhase(TestSuiteExecutor.java:148)
	at com.kms.katalon.core.main.TestSuiteExecutor.execute(TestSuiteExecutor.java:106)
	at com.kms.katalon.core.main.TestCaseMain.startTestSuite(TestCaseMain.java:187)
	at com.kms.katalon.core.main.TestCaseMain$startTestSuite$0.call(Unknown Source)
	at TempTestSuite1696227720182.run(TempTestSuite1696227720182.groovy:36)
Caused by: com.kms.katalon.core.exception.StepFailedException: Actual text 'Sukses Proses Wakaf Asset, kami akan segera menghubungi anda! Terima kasih' and expected text 'Error kurang dari 11 angka' of test object 'Object Repository/Wakaf Asset Online/Verify Wakaf Asset Diproses' are NOT matched.
	at com.kms.katalon.core.webui.keyword.internal.WebUIKeywordMain.stepFailed(WebUIKeywordMain.groovy:64)
	at com.kms.katalon.core.webui.keyword.builtin.VerifyElementTextKeyword$_verifyElementText_closure1.doCall(VerifyElementTextKeyword.groovy:57)
	at com.kms.katalon.core.webui.keyword.builtin.VerifyElementTextKeyword$_verifyElementText_closure1.call(VerifyElementTextKeyword.groovy)
	at com.kms.katalon.core.webui.keyword.internal.WebUIKeywordMain.runKeyword(WebUIKeywordMain.groovy:20)
	... 19 more]]></system-err>
   </testsuite>
</testsuites>
