<?xml version="1.0" encoding="UTF-8"?>
<testsuites name="Product Ecomerce" time="675.865" tests="30" failures="14" errors="0">
   <testsuite name="Product Ecomerce" tests="30" failures="14" errors="0" time="675.865" skipped="0" timestamp="2023-10-05 16:22:46" hostname="Admin - Riswandha" id="Test Suites/Product Ecomerce">
      <properties>
         <property name="deviceName" value=""/>
         <property name="devicePlatform" value=""/>
         <property name="logFolder" value="G:\\Project Xsis\\batch-324-qa\\Riswan\\Sprint 2 Product Tajalapak\\Reports\\20231005_162213\\Product Ecomerce\\20231005_162213"/>
         <property name="logFiles" value="G:\\Project Xsis\\batch-324-qa\\Riswan\\Sprint 2 Product Tajalapak\\Reports\\20231005_162213\\Product Ecomerce\\20231005_162213\\execution0.log"/>
         <property name="attachments" value="G:\\Project Xsis\\batch-324-qa\\Riswan\\Sprint 2 Product Tajalapak\\Reports\\20231005_162213\\Product Ecomerce\\20231005_162213\\1696497842586.png, G:\\Project Xsis\\batch-324-qa\\Riswan\\Sprint 2 Product Tajalapak\\Reports\\20231005_162213\\Product Ecomerce\\20231005_162213\\1696497842875.png, G:\\Project Xsis\\batch-324-qa\\Riswan\\Sprint 2 Product Tajalapak\\Reports\\20231005_162213\\Product Ecomerce\\20231005_162213\\1696498236312.png, G:\\Project Xsis\\batch-324-qa\\Riswan\\Sprint 2 Product Tajalapak\\Reports\\20231005_162213\\Product Ecomerce\\20231005_162213\\1696498236430.png, G:\\Project Xsis\\batch-324-qa\\Riswan\\Sprint 2 Product Tajalapak\\Reports\\20231005_162213\\Product Ecomerce\\20231005_162213\\1696498282673.png, G:\\Project Xsis\\batch-324-qa\\Riswan\\Sprint 2 Product Tajalapak\\Reports\\20231005_162213\\Product Ecomerce\\20231005_162213\\1696498282791.png, G:\\Project Xsis\\batch-324-qa\\Riswan\\Sprint 2 Product Tajalapak\\Reports\\20231005_162213\\Product Ecomerce\\20231005_162213\\1696498341804.png, G:\\Project Xsis\\batch-324-qa\\Riswan\\Sprint 2 Product Tajalapak\\Reports\\20231005_162213\\Product Ecomerce\\20231005_162213\\1696498341930.png, G:\\Project Xsis\\batch-324-qa\\Riswan\\Sprint 2 Product Tajalapak\\Reports\\20231005_162213\\Product Ecomerce\\20231005_162213\\1696498407679.png, G:\\Project Xsis\\batch-324-qa\\Riswan\\Sprint 2 Product Tajalapak\\Reports\\20231005_162213\\Product Ecomerce\\20231005_162213\\1696498407814.png"/>
         <property name="hostName" value="Admin - Riswandha"/>
         <property name="os" value="Windows 10 64bit"/>
         <property name="katalonVersion" value="8.6.5.208"/>
         <property name="browser" value="Edge Chromium 117"/>
         <property name="hostAddress" value="10.9.2.26"/>
         <property name="sessionId" value="dcc8f8db3010cbe65915ed691808938a"/>
         <property name="seleniumVersion" value="3.141.59"/>
         <property name="proxyInformation" value="ProxyInformation { proxyOption=NO_PROXY, proxyServerType=HTTP, username=, password=********, proxyServerAddress=, proxyServerPort=0, executionList=&quot;&quot;, isApplyToDesiredCapabilities=true }"/>
         <property name="platform" value="Windows 10"/>
      </properties>
      <testcase name="Test Cases/Product Ecommerce/TC-PE-001" time="13.132" classname="Test Cases/Product Ecommerce/TC-PE-001" status="PASSED">
         <system-out><![CDATA[2023-10-05 16:22:46 - [TEST_CASE][PASSED] - Test Cases/Product Ecommerce/TC-PE-001: Test Cases/Product Ecommerce/TC-PE-001

2023-10-05 16:22:47 - [TEST_STEP][PASSED] - callTestCase(findTestCase("Login Ecommerce/TC-Login Ecomerce-001"), [:], STOP_ON_FAILURE): Call Test Case 'Test Cases/Login Ecommerce/TC-Login Ecomerce-001' successfully

2023-10-05 16:22:47 - [TEST_CASE][PASSED] - Test Cases/Login Ecommerce/TC-Login Ecomerce-001: Test Cases/Login Ecommerce/TC-Login Ecomerce-001

2023-10-05 16:22:47 - [TEST_STEP][PASSED] - openBrowser(userTajalapak): Browser is opened with url: 'https://10.9.2.63/ecommerce/'

2023-10-05 16:22:48 - [MESSAGE][INFO] - Starting 'Edge Chromium' driver

2023-10-05 16:22:48 - [MESSAGE][INFO] - User set preference: ['acceptInsecureCerts', 'true']

2023-10-05 16:22:50 - [MESSAGE][INFO] - Action delay is set to 0 milliseconds

2023-10-05 16:22:53 - [MESSAGE][PASSED] - Browser is opened with url: 'https://10.9.2.63/ecommerce/'

2023-10-05 16:22:53 - [TEST_STEP][PASSED] - maximizeWindow(): Current window maximized

2023-10-05 16:22:53 - [MESSAGE][PASSED] - Current window maximized

2023-10-05 16:22:53 - [TEST_STEP][PASSED] - verifyElementPresent(findTestObject("Login Ecommerce/Verifikasi Halaman Login Akun"), 0): Object 'Object Repository/Login Ecommerce/Verifikasi Halaman Login Akun' is present

2023-10-05 16:22:53 - [MESSAGE][WARNING] - Timeout '0' is invalid. Using default page load timeout: '30'

2023-10-05 16:22:54 - [MESSAGE][PASSED] - Object 'Object Repository/Login Ecommerce/Verifikasi Halaman Login Akun' is present

2023-10-05 16:22:54 - [TEST_STEP][PASSED] - click(findTestObject("Login Ecommerce/Login Akun")): Object: 'Object Repository/Login Ecommerce/Login Akun' is clicked on

2023-10-05 16:22:54 - [MESSAGE][PASSED] - Object: 'Object Repository/Login Ecommerce/Login Akun' is clicked on

2023-10-05 16:22:54 - [TEST_STEP][PASSED] - verifyElementPresent(findTestObject("Login Ecommerce/Verifikasi Halaman Login Akun"), 0): Object 'Object Repository/Login Ecommerce/Verifikasi Halaman Login Akun' is present

2023-10-05 16:22:54 - [MESSAGE][WARNING] - Timeout '0' is invalid. Using default page load timeout: '30'

2023-10-05 16:22:55 - [MESSAGE][PASSED] - Object 'Object Repository/Login Ecommerce/Verifikasi Halaman Login Akun' is present

2023-10-05 16:22:55 - [TEST_STEP][PASSED] - setText(findTestObject("Login Ecommerce/Input Username"), "riswandha"): Text 'riswandha' is set on object 'Object Repository/Login Ecommerce/Input Username'

2023-10-05 16:22:56 - [MESSAGE][PASSED] - Text 'riswandha' is set on object 'Object Repository/Login Ecommerce/Input Username'

2023-10-05 16:22:56 - [TEST_STEP][PASSED] - setEncryptedText(findTestObject("Login Ecommerce/Input Password"), "iGDxf8hSRT4="): Text ****** has been set on object 'Object Repository/Login Ecommerce/Input Password'

2023-10-05 16:22:56 - [MESSAGE][PASSED] - Text ****** has been set on object 'Object Repository/Login Ecommerce/Input Password'

2023-10-05 16:22:56 - [TEST_STEP][PASSED] - click(findTestObject("Login Ecommerce/Button Masuk")): Object: 'Object Repository/Login Ecommerce/Button Masuk' is clicked on

2023-10-05 16:22:57 - [MESSAGE][PASSED] - Object: 'Object Repository/Login Ecommerce/Button Masuk' is clicked on

2023-10-05 16:22:57 - [TEST_STEP][PASSED] - verifyElementPresent(findTestObject("Login Ecommerce/Verifikasi Login Akun"), 0): Object 'Object Repository/Login Ecommerce/Verifikasi Login Akun' is present

2023-10-05 16:22:57 - [MESSAGE][WARNING] - Timeout '0' is invalid. Using default page load timeout: '30'

2023-10-05 16:22:58 - [MESSAGE][PASSED] - Object 'Object Repository/Login Ecommerce/Verifikasi Login Akun' is present

2023-10-05 16:22:58 - [MESSAGE][PASSED] - Call Test Case 'Test Cases/Login Ecommerce/TC-Login Ecomerce-001' successfully

2023-10-05 16:22:58 - [TEST_STEP][PASSED] - mouseOver(findTestObject("Product Ecommerce/Button Menu toko")): Object: 'Object Repository/Product Ecommerce/Button Menu toko' is hovered

2023-10-05 16:22:58 - [MESSAGE][PASSED] - Object: 'Object Repository/Product Ecommerce/Button Menu toko' is hovered

2023-10-05 16:22:58 - [TEST_STEP][PASSED] - click(findTestObject("Product Ecommerce/Button Daftar Produk")): Object: 'Object Repository/Product Ecommerce/Button Daftar Produk' is clicked on

2023-10-05 16:22:59 - [MESSAGE][PASSED] - Object: 'Object Repository/Product Ecommerce/Button Daftar Produk' is clicked on

2023-10-05 16:22:59 - [TEST_STEP][PASSED] - verifyElementPresent(findTestObject("Product Ecommerce/Verifikasi Halaman Product Anda"), 0): Object 'Object Repository/Product Ecommerce/Verifikasi Halaman Product Anda' is present

2023-10-05 16:22:59 - [MESSAGE][WARNING] - Timeout '0' is invalid. Using default page load timeout: '30'

2023-10-05 16:23:00 - [MESSAGE][PASSED] - Object 'Object Repository/Product Ecommerce/Verifikasi Halaman Product Anda' is present]]></system-out>
         <system-err><![CDATA[]]></system-err>
      </testcase>
      <testcase name="Test Cases/Product Ecommerce/TC-PE-002" time="62.9" classname="Test Cases/Product Ecommerce/TC-PE-002" status="FAILED">
         <failure type="FAILED" message="Test Cases/Product Ecommerce/TC-PE-002 FAILED.
Reason:
com.kms.katalon.core.exception.StepFailedException: Unable to verify object 'Object Repository/Product Ecommerce/Verifikasi Halaman Product Anda' is present
	at com.kms.katalon.core.webui.keyword.internal.WebUIKeywordMain.stepFailed(WebUIKeywordMain.groovy:64)
	at com.kms.katalon.core.webui.keyword.internal.WebUIKeywordMain.runKeyword(WebUIKeywordMain.groovy:26)
	at com.kms.katalon.core.webui.keyword.builtin.VerifyElementPresentKeyword.verifyElementPresent(VerifyElementPresentKeyword.groovy:92)
	at com.kms.katalon.core.webui.keyword.builtin.VerifyElementPresentKeyword.execute(VerifyElementPresentKeyword.groovy:68)
	at com.kms.katalon.core.keyword.internal.KeywordExecutor.executeKeywordForPlatform(KeywordExecutor.groovy:74)
	at com.kms.katalon.core.webui.keyword.WebUiBuiltInKeywords.verifyElementPresent(WebUiBuiltInKeywords.groovy:1464)
	at com.kms.katalon.core.webui.keyword.WebUiBuiltInKeywords$verifyElementPresent$1.call(Unknown Source)
	at TC-PE-002.run(TC-PE-002:62)
	at com.kms.katalon.core.main.ScriptEngine.run(ScriptEngine.java:194)
	at com.kms.katalon.core.main.ScriptEngine.runScriptAsRawText(ScriptEngine.java:119)
	at com.kms.katalon.core.main.TestCaseExecutor.runScript(TestCaseExecutor.java:448)
	at com.kms.katalon.core.main.TestCaseExecutor.doExecute(TestCaseExecutor.java:439)
	at com.kms.katalon.core.main.TestCaseExecutor.processExecutionPhase(TestCaseExecutor.java:418)
	at com.kms.katalon.core.main.TestCaseExecutor.accessMainPhase(TestCaseExecutor.java:410)
	at com.kms.katalon.core.main.TestCaseExecutor.execute(TestCaseExecutor.java:285)
	at com.kms.katalon.core.common.CommonExecutor.accessTestCaseMainPhase(CommonExecutor.java:65)
	at com.kms.katalon.core.main.TestSuiteExecutor.accessTestSuiteMainPhase(TestSuiteExecutor.java:148)
	at com.kms.katalon.core.main.TestSuiteExecutor.execute(TestSuiteExecutor.java:106)
	at com.kms.katalon.core.main.TestCaseMain.startTestSuite(TestCaseMain.java:187)
	at com.kms.katalon.core.main.TestCaseMain$startTestSuite$0.call(Unknown Source)
	at TempTestSuite1696497733454.run(TempTestSuite1696497733454.groovy:36)
Caused by: com.kms.katalon.core.exception.StepFailedException: com.kms.katalon.core.webui.exception.WebElementNotFoundException: Web element with id: 'Object Repository/Product Ecommerce/Verifikasi Halaman Product Anda' located by '(.//*[normalize-space(text()) and normalize-space(.)='Home'])[1]/following::li[2]' not found
	at com.kms.katalon.core.webui.keyword.internal.WebUIKeywordMain.stepFailed(WebUIKeywordMain.groovy:64)
	at com.kms.katalon.core.webui.keyword.builtin.VerifyElementPresentKeyword$_verifyElementPresent_closure1.doCall(VerifyElementPresentKeyword.groovy:85)
	at com.kms.katalon.core.webui.keyword.builtin.VerifyElementPresentKeyword$_verifyElementPresent_closure1.call(VerifyElementPresentKeyword.groovy)
	at com.kms.katalon.core.webui.keyword.internal.WebUIKeywordMain.runKeyword(WebUIKeywordMain.groovy:20)
	... 19 more
"/>
         <system-out><![CDATA[2023-10-05 16:23:00 - [TEST_CASE][FAILED] - Test Cases/Product Ecommerce/TC-PE-002: Test Cases/Product Ecommerce/TC-PE-002 FAILED.
Reason:
com.kms.katalon.core.exception.StepFailedException: Unable to verify object 'Object Repository/Product Ecommerce/Verifikasi Halaman Product Anda' is present
	at com.kms.katalon.core.webui.keyword.internal.WebUIKeywordMain.stepFailed(WebUIKeywordMain.groovy:64)
	at com.kms.katalon.core.webui.keyword.internal.WebUIKeywordMain.runKeyword(WebUIKeywordMain.groovy:26)
	at com.kms.katalon.core.webui.keyword.builtin.VerifyElementPresentKeyword.verifyElementPresent(VerifyElementPresentKeyword.groovy:92)
	at com.kms.katalon.core.webui.keyword.builtin.VerifyElementPresentKeyword.execute(VerifyElementPresentKeyword.groovy:68)
	at com.kms.katalon.core.keyword.internal.KeywordExecutor.executeKeywordForPlatform(KeywordExecutor.groovy:74)
	at com.kms.katalon.core.webui.keyword.WebUiBuiltInKeywords.verifyElementPresent(WebUiBuiltInKeywords.groovy:1464)
	at com.kms.katalon.core.webui.keyword.WebUiBuiltInKeywords$verifyElementPresent$1.call(Unknown Source)
	at TC-PE-002.run(TC-PE-002:62)
	at com.kms.katalon.core.main.ScriptEngine.run(ScriptEngine.java:194)
	at com.kms.katalon.core.main.ScriptEngine.runScriptAsRawText(ScriptEngine.java:119)
	at com.kms.katalon.core.main.TestCaseExecutor.runScript(TestCaseExecutor.java:448)
	at com.kms.katalon.core.main.TestCaseExecutor.doExecute(TestCaseExecutor.java:439)
	at com.kms.katalon.core.main.TestCaseExecutor.processExecutionPhase(TestCaseExecutor.java:418)
	at com.kms.katalon.core.main.TestCaseExecutor.accessMainPhase(TestCaseExecutor.java:410)
	at com.kms.katalon.core.main.TestCaseExecutor.execute(TestCaseExecutor.java:285)
	at com.kms.katalon.core.common.CommonExecutor.accessTestCaseMainPhase(CommonExecutor.java:65)
	at com.kms.katalon.core.main.TestSuiteExecutor.accessTestSuiteMainPhase(TestSuiteExecutor.java:148)
	at com.kms.katalon.core.main.TestSuiteExecutor.execute(TestSuiteExecutor.java:106)
	at com.kms.katalon.core.main.TestCaseMain.startTestSuite(TestCaseMain.java:187)
	at com.kms.katalon.core.main.TestCaseMain$startTestSuite$0.call(Unknown Source)
	at TempTestSuite1696497733454.run(TempTestSuite1696497733454.groovy:36)
Caused by: com.kms.katalon.core.exception.StepFailedException: com.kms.katalon.core.webui.exception.WebElementNotFoundException: Web element with id: 'Object Repository/Product Ecommerce/Verifikasi Halaman Product Anda' located by '(.//*[normalize-space(text()) and normalize-space(.)='Home'])[1]/following::li[2]' not found
	at com.kms.katalon.core.webui.keyword.internal.WebUIKeywordMain.stepFailed(WebUIKeywordMain.groovy:64)
	at com.kms.katalon.core.webui.keyword.builtin.VerifyElementPresentKeyword$_verifyElementPresent_closure1.doCall(VerifyElementPresentKeyword.groovy:85)
	at com.kms.katalon.core.webui.keyword.builtin.VerifyElementPresentKeyword$_verifyElementPresent_closure1.call(VerifyElementPresentKeyword.groovy)
	at com.kms.katalon.core.webui.keyword.internal.WebUIKeywordMain.runKeyword(WebUIKeywordMain.groovy:20)
	... 19 more


2023-10-05 16:23:00 - [TEST_STEP][PASSED] - callTestCase(findTestCase("Product Ecommerce/TC-PE-001"), [:], STOP_ON_FAILURE): Call Test Case 'Test Cases/Product Ecommerce/TC-PE-001' successfully

2023-10-05 16:23:00 - [TEST_CASE][PASSED] - Test Cases/Product Ecommerce/TC-PE-001: Test Cases/Product Ecommerce/TC-PE-001

2023-10-05 16:23:00 - [TEST_STEP][PASSED] - callTestCase(findTestCase("Login Ecommerce/TC-Login Ecomerce-001"), [:], STOP_ON_FAILURE): Call Test Case 'Test Cases/Login Ecommerce/TC-Login Ecomerce-001' successfully

2023-10-05 16:23:00 - [TEST_CASE][PASSED] - Test Cases/Login Ecommerce/TC-Login Ecomerce-001: Test Cases/Login Ecommerce/TC-Login Ecomerce-001

2023-10-05 16:23:00 - [TEST_STEP][PASSED] - openBrowser(userTajalapak): Browser is opened with url: 'https://10.9.2.63/ecommerce/'

2023-10-05 16:23:00 - [MESSAGE][WARNING] - A browser is already opened. Closing browser and opening a new one

2023-10-05 16:23:01 - [MESSAGE][INFO] - Starting 'Edge Chromium' driver

2023-10-05 16:23:01 - [MESSAGE][INFO] - User set preference: ['acceptInsecureCerts', 'true']

2023-10-05 16:23:03 - [MESSAGE][INFO] - Action delay is set to 0 milliseconds

2023-10-05 16:23:06 - [MESSAGE][PASSED] - Browser is opened with url: 'https://10.9.2.63/ecommerce/'

2023-10-05 16:23:06 - [TEST_STEP][PASSED] - maximizeWindow(): Current window maximized

2023-10-05 16:23:06 - [MESSAGE][PASSED] - Current window maximized

2023-10-05 16:23:06 - [TEST_STEP][PASSED] - verifyElementPresent(findTestObject("Login Ecommerce/Verifikasi Halaman Login Akun"), 0): Object 'Object Repository/Login Ecommerce/Verifikasi Halaman Login Akun' is present

2023-10-05 16:23:06 - [MESSAGE][WARNING] - Timeout '0' is invalid. Using default page load timeout: '30'

2023-10-05 16:23:07 - [MESSAGE][PASSED] - Object 'Object Repository/Login Ecommerce/Verifikasi Halaman Login Akun' is present

2023-10-05 16:23:07 - [TEST_STEP][PASSED] - click(findTestObject("Login Ecommerce/Login Akun")): Object: 'Object Repository/Login Ecommerce/Login Akun' is clicked on

2023-10-05 16:23:07 - [MESSAGE][PASSED] - Object: 'Object Repository/Login Ecommerce/Login Akun' is clicked on

2023-10-05 16:23:07 - [TEST_STEP][PASSED] - verifyElementPresent(findTestObject("Login Ecommerce/Verifikasi Halaman Login Akun"), 0): Object 'Object Repository/Login Ecommerce/Verifikasi Halaman Login Akun' is present

2023-10-05 16:23:07 - [MESSAGE][WARNING] - Timeout '0' is invalid. Using default page load timeout: '30'

2023-10-05 16:23:08 - [MESSAGE][PASSED] - Object 'Object Repository/Login Ecommerce/Verifikasi Halaman Login Akun' is present

2023-10-05 16:23:08 - [TEST_STEP][PASSED] - setText(findTestObject("Login Ecommerce/Input Username"), "riswandha"): Text 'riswandha' is set on object 'Object Repository/Login Ecommerce/Input Username'

2023-10-05 16:23:08 - [MESSAGE][PASSED] - Text 'riswandha' is set on object 'Object Repository/Login Ecommerce/Input Username'

2023-10-05 16:23:08 - [TEST_STEP][PASSED] - setEncryptedText(findTestObject("Login Ecommerce/Input Password"), "iGDxf8hSRT4="): Text ****** has been set on object 'Object Repository/Login Ecommerce/Input Password'

2023-10-05 16:23:09 - [MESSAGE][PASSED] - Text ****** has been set on object 'Object Repository/Login Ecommerce/Input Password'

2023-10-05 16:23:09 - [TEST_STEP][PASSED] - click(findTestObject("Login Ecommerce/Button Masuk")): Object: 'Object Repository/Login Ecommerce/Button Masuk' is clicked on

2023-10-05 16:23:10 - [MESSAGE][PASSED] - Object: 'Object Repository/Login Ecommerce/Button Masuk' is clicked on

2023-10-05 16:23:10 - [TEST_STEP][PASSED] - verifyElementPresent(findTestObject("Login Ecommerce/Verifikasi Login Akun"), 0): Object 'Object Repository/Login Ecommerce/Verifikasi Login Akun' is present

2023-10-05 16:23:10 - [MESSAGE][WARNING] - Timeout '0' is invalid. Using default page load timeout: '30'

2023-10-05 16:23:10 - [MESSAGE][PASSED] - Object 'Object Repository/Login Ecommerce/Verifikasi Login Akun' is present

2023-10-05 16:23:10 - [MESSAGE][PASSED] - Call Test Case 'Test Cases/Login Ecommerce/TC-Login Ecomerce-001' successfully

2023-10-05 16:23:10 - [TEST_STEP][PASSED] - mouseOver(findTestObject("Product Ecommerce/Button Menu toko")): Object: 'Object Repository/Product Ecommerce/Button Menu toko' is hovered

2023-10-05 16:23:11 - [MESSAGE][PASSED] - Object: 'Object Repository/Product Ecommerce/Button Menu toko' is hovered

2023-10-05 16:23:11 - [TEST_STEP][PASSED] - click(findTestObject("Product Ecommerce/Button Daftar Produk")): Object: 'Object Repository/Product Ecommerce/Button Daftar Produk' is clicked on

2023-10-05 16:23:12 - [MESSAGE][PASSED] - Object: 'Object Repository/Product Ecommerce/Button Daftar Produk' is clicked on

2023-10-05 16:23:12 - [TEST_STEP][PASSED] - verifyElementPresent(findTestObject("Product Ecommerce/Verifikasi Halaman Product Anda"), 0): Object 'Object Repository/Product Ecommerce/Verifikasi Halaman Product Anda' is present

2023-10-05 16:23:12 - [MESSAGE][WARNING] - Timeout '0' is invalid. Using default page load timeout: '30'

2023-10-05 16:23:12 - [MESSAGE][PASSED] - Object 'Object Repository/Product Ecommerce/Verifikasi Halaman Product Anda' is present

2023-10-05 16:23:12 - [MESSAGE][PASSED] - Call Test Case 'Test Cases/Product Ecommerce/TC-PE-001' successfully

2023-10-05 16:23:12 - [TEST_STEP][PASSED] - click(findTestObject("Product Ecommerce/Tambahkan Produk")): Object: 'Object Repository/Product Ecommerce/Tambahkan Produk' is clicked on

2023-10-05 16:23:13 - [MESSAGE][PASSED] - Object: 'Object Repository/Product Ecommerce/Tambahkan Produk' is clicked on

2023-10-05 16:23:13 - [TEST_STEP][PASSED] - verifyElementPresent(findTestObject("Product Ecommerce/Tambahkan Product/Verifikasi Halaman Tambahkan Product"), 0): Object 'Object Repository/Product Ecommerce/Tambahkan Product/Verifikasi Halaman Tambahkan Product' is present

2023-10-05 16:23:13 - [MESSAGE][WARNING] - Timeout '0' is invalid. Using default page load timeout: '30'

2023-10-05 16:23:14 - [MESSAGE][PASSED] - Object 'Object Repository/Product Ecommerce/Tambahkan Product/Verifikasi Halaman Tambahkan Product' is present

2023-10-05 16:23:14 - [TEST_STEP][PASSED] - selectOptionByValue(findTestObject("Product Ecommerce/Tambahkan Product/Pilih Katagori Produk"), "6", false): All options with value '6' are selected in object 'Object Repository/Product Ecommerce/Tambahkan Product/Pilih Katagori Produk' 

2023-10-05 16:23:15 - [MESSAGE][PASSED] - All options with value '6' are selected in object 'Object Repository/Product Ecommerce/Tambahkan Product/Pilih Katagori Produk' 

2023-10-05 16:23:15 - [TEST_STEP][PASSED] - selectOptionByValue(findTestObject("Product Ecommerce/Tambahkan Product/Pilih Sub Katagori Produk"), "15", false): All options with value '15' are selected in object 'Object Repository/Product Ecommerce/Tambahkan Product/Pilih Sub Katagori Produk' 

2023-10-05 16:23:15 - [MESSAGE][PASSED] - All options with value '15' are selected in object 'Object Repository/Product Ecommerce/Tambahkan Product/Pilih Sub Katagori Produk' 

2023-10-05 16:23:15 - [TEST_STEP][PASSED] - setText(findTestObject("Product Ecommerce/Tambahkan Product/Input Nama Produk"), "Baju Koko Kids 0 - 9 tahun"): Text 'Baju Koko Kids 0 - 9 tahun' is set on object 'Object Repository/Product Ecommerce/Tambahkan Product/Input Nama Produk'

2023-10-05 16:23:16 - [MESSAGE][PASSED] - Text 'Baju Koko Kids 0 - 9 tahun' is set on object 'Object Repository/Product Ecommerce/Tambahkan Product/Input Nama Produk'

2023-10-05 16:23:16 - [TEST_STEP][PASSED] - setText(findTestObject("Product Ecommerce/Tambahkan Product/Input Satuan"), "Pcs"): Text 'Pcs' is set on object 'Object Repository/Product Ecommerce/Tambahkan Product/Input Satuan'

2023-10-05 16:23:17 - [MESSAGE][PASSED] - Text 'Pcs' is set on object 'Object Repository/Product Ecommerce/Tambahkan Product/Input Satuan'

2023-10-05 16:23:17 - [TEST_STEP][PASSED] - setText(findTestObject("Product Ecommerce/Tambahkan Product/Input Berat"), "100"): Text '100' is set on object 'Object Repository/Product Ecommerce/Tambahkan Product/Input Berat'

2023-10-05 16:23:17 - [MESSAGE][PASSED] - Text '100' is set on object 'Object Repository/Product Ecommerce/Tambahkan Product/Input Berat'

2023-10-05 16:23:17 - [TEST_STEP][PASSED] - setText(findTestObject("Product Ecommerce/Tambahkan Product/Input Harga Modal"), "10000"): Text '10000' is set on object 'Object Repository/Product Ecommerce/Tambahkan Product/Input Harga Modal'

2023-10-05 16:23:19 - [MESSAGE][PASSED] - Text '10000' is set on object 'Object Repository/Product Ecommerce/Tambahkan Product/Input Harga Modal'

2023-10-05 16:23:19 - [TEST_STEP][PASSED] - setText(findTestObject("Product Ecommerce/Tambahkan Product/Input Harga Jual"), "12000"): Text '12000' is set on object 'Object Repository/Product Ecommerce/Tambahkan Product/Input Harga Jual'

2023-10-05 16:23:19 - [MESSAGE][PASSED] - Text '12000' is set on object 'Object Repository/Product Ecommerce/Tambahkan Product/Input Harga Jual'

2023-10-05 16:23:19 - [TEST_STEP][PASSED] - setText(findTestObject("Product Ecommerce/Tambahkan Product/Input Diskon"), "1000"): Text '1000' is set on object 'Object Repository/Product Ecommerce/Tambahkan Product/Input Diskon'

2023-10-05 16:23:20 - [MESSAGE][PASSED] - Text '1000' is set on object 'Object Repository/Product Ecommerce/Tambahkan Product/Input Diskon'

2023-10-05 16:23:20 - [TEST_STEP][PASSED] - setText(findTestObject("Product Ecommerce/Tambahkan Product/Input Stok Awal"), "20"): Text '20' is set on object 'Object Repository/Product Ecommerce/Tambahkan Product/Input Stok Awal'

2023-10-05 16:23:21 - [MESSAGE][PASSED] - Text '20' is set on object 'Object Repository/Product Ecommerce/Tambahkan Product/Input Stok Awal'

2023-10-05 16:23:21 - [TEST_STEP][PASSED] - setText(findTestObject("Product Ecommerce/Tambahkan Product/Input Minimum Order"), "1"): Text '1' is set on object 'Object Repository/Product Ecommerce/Tambahkan Product/Input Minimum Order'

2023-10-05 16:23:21 - [MESSAGE][PASSED] - Text '1' is set on object 'Object Repository/Product Ecommerce/Tambahkan Product/Input Minimum Order'

2023-10-05 16:23:21 - [TEST_STEP][PASSED] - setText(findTestObject("Product Ecommerce/Tambahkan Product/Input Cuplikan"), "Stylish dan Nyaman! Baju Koko Kids kami cocok untuk usia 0 - 9 tahun. Terbuat dari bahan berkualitas tinggi yang lembut di kulit anak-anak, baju ini sempurna untuk berbagai acara, termasuk lebaran."): Text 'Stylish dan Nyaman! Baju Koko Kids kami cocok untuk usia 0 - 9 tahun. Terbuat dari bahan berkualitas tinggi yang lembut di kulit anak-anak, baju ini sempurna untuk berbagai acara, termasuk lebaran.' is set on object 'Object Repository/Product Ecommerce/Tambahkan Product/Input Cuplikan'

2023-10-05 16:23:22 - [MESSAGE][PASSED] - Text 'Stylish dan Nyaman! Baju Koko Kids kami cocok untuk usia 0 - 9 tahun. Terbuat dari bahan berkualitas tinggi yang lembut di kulit anak-anak, baju ini sempurna untuk berbagai acara, termasuk lebaran.' is set on object 'Object Repository/Product Ecommerce/Tambahkan Product/Input Cuplikan'

2023-10-05 16:23:22 - [TEST_STEP][PASSED] - check(findTestObject("Product Ecommerce/Tambahkan Product/Input Merek Pria")): Object 'Object Repository/Product Ecommerce/Tambahkan Product/Input Merek Pria' is checked

2023-10-05 16:23:23 - [MESSAGE][PASSED] - Object 'Object Repository/Product Ecommerce/Tambahkan Product/Input Merek Pria' is checked

2023-10-05 16:23:23 - [TEST_STEP][PASSED] - setText(findTestObject("Product Ecommerce/Tambahkan Product/Input Keterangan"), "Desain Modern: Tampil modis dengan desain terkini yang cocok untuk anak-anak. Kenyamanan Sepanjang Hari: Bahan lembut dan nyaman sehingga anak-anak tetap bahagia sepanjang hari. Beragam Warna: Pilihan warna yang cerah dan menarik. Ukuran Sesuai: Tersedia dalam berbagai ukuran, mulai dari 0 hingga 9 tahun. Dapatkan tampilan yang trendi untuk si kecil dengan Baju Koko Kids kami. Pesan sekarang dan buat momen lebaran mereka lebih istimewa!"): Text 'Desain Modern: Tampil modis dengan desain terkini yang cocok untuk anak-anak. Kenyamanan Sepanjang Hari: Bahan lembut dan nyaman sehingga anak-anak tetap bahagia sepanjang hari. Beragam Warna: Pilihan warna yang cerah dan menarik. Ukuran Sesuai: Tersedia dalam berbagai ukuran, mulai dari 0 hingga 9 tahun. Dapatkan tampilan yang trendi untuk si kecil dengan Baju Koko Kids kami. Pesan sekarang dan buat momen lebaran mereka lebih istimewa!' is set on object 'Object Repository/Product Ecommerce/Tambahkan Product/Input Keterangan'

2023-10-05 16:23:25 - [MESSAGE][PASSED] - Text 'Desain Modern: Tampil modis dengan desain terkini yang cocok untuk anak-anak. Kenyamanan Sepanjang Hari: Bahan lembut dan nyaman sehingga anak-anak tetap bahagia sepanjang hari. Beragam Warna: Pilihan warna yang cerah dan menarik. Ukuran Sesuai: Tersedia dalam berbagai ukuran, mulai dari 0 hingga 9 tahun. Dapatkan tampilan yang trendi untuk si kecil dengan Baju Koko Kids kami. Pesan sekarang dan buat momen lebaran mereka lebih istimewa!' is set on object 'Object Repository/Product Ecommerce/Tambahkan Product/Input Keterangan'

2023-10-05 16:23:25 - [TEST_STEP][PASSED] - setText(findTestObject("Product Ecommerce/Tambahkan Product/Input Variasi 1 Nama Variasi"), "Warna"): Text 'Warna' is set on object 'Object Repository/Product Ecommerce/Tambahkan Product/Input Variasi 1 Nama Variasi'

2023-10-05 16:23:26 - [MESSAGE][PASSED] - Text 'Warna' is set on object 'Object Repository/Product Ecommerce/Tambahkan Product/Input Variasi 1 Nama Variasi'

2023-10-05 16:23:26 - [TEST_STEP][PASSED] - setText(findTestObject("Product Ecommerce/Tambahkan Product/Input Variasi 1 Kolom 1"), "Merah"): Text 'Merah' is set on object 'Object Repository/Product Ecommerce/Tambahkan Product/Input Variasi 1 Kolom 1'

2023-10-05 16:23:27 - [MESSAGE][PASSED] - Text 'Merah' is set on object 'Object Repository/Product Ecommerce/Tambahkan Product/Input Variasi 1 Kolom 1'

2023-10-05 16:23:27 - [TEST_STEP][PASSED] - setText(findTestObject("Product Ecommerce/Tambahkan Product/Input Variasi 1 Kolom 2"), "Biru"): Text 'Biru' is set on object 'Object Repository/Product Ecommerce/Tambahkan Product/Input Variasi 1 Kolom 2'

2023-10-05 16:23:27 - [MESSAGE][PASSED] - Text 'Biru' is set on object 'Object Repository/Product Ecommerce/Tambahkan Product/Input Variasi 1 Kolom 2'

2023-10-05 16:23:27 - [TEST_STEP][PASSED] - uploadFile(findTestObject("Product Ecommerce/Tambahkan Product/Input File"), "E:\Pelatihan\Xsis Academy\Baju koko kids.jpg"): File 'E:\Pelatihan\Xsis Academy\Baju koko kids.jpg' sent to object: 'Object Repository/Product Ecommerce/Tambahkan Product/Input File'

2023-10-05 16:23:28 - [MESSAGE][PASSED] - File 'E:\Pelatihan\Xsis Academy\Baju koko kids.jpg' sent to object: 'Object Repository/Product Ecommerce/Tambahkan Product/Input File'

2023-10-05 16:23:28 - [TEST_STEP][PASSED] - click(findTestObject("Product Ecommerce/Tambahkan Product/Button Tambahkan")): Object: 'Object Repository/Product Ecommerce/Tambahkan Product/Button Tambahkan' is clicked on

2023-10-05 16:23:31 - [MESSAGE][PASSED] - Object: 'Object Repository/Product Ecommerce/Tambahkan Product/Button Tambahkan' is clicked on

2023-10-05 16:23:31 - [TEST_STEP][FAILED] - verifyElementPresent(findTestObject("Product Ecommerce/Verifikasi Halaman Product Anda"), 0): Unable to verify object 'Object Repository/Product Ecommerce/Verifikasi Halaman Product Anda' is present (Root cause: com.kms.katalon.core.exception.StepFailedException: Unable to verify object 'Object Repository/Product Ecommerce/Verifikasi Halaman Product Anda' is present
	at com.kms.katalon.core.webui.keyword.internal.WebUIKeywordMain.stepFailed(WebUIKeywordMain.groovy:64)
	at com.kms.katalon.core.webui.keyword.internal.WebUIKeywordMain.runKeyword(WebUIKeywordMain.groovy:26)
	at com.kms.katalon.core.webui.keyword.builtin.VerifyElementPresentKeyword.verifyElementPresent(VerifyElementPresentKeyword.groovy:92)
	at com.kms.katalon.core.webui.keyword.builtin.VerifyElementPresentKeyword.execute(VerifyElementPresentKeyword.groovy:68)
	at com.kms.katalon.core.keyword.internal.KeywordExecutor.executeKeywordForPlatform(KeywordExecutor.groovy:74)
	at com.kms.katalon.core.webui.keyword.WebUiBuiltInKeywords.verifyElementPresent(WebUiBuiltInKeywords.groovy:1464)
	at com.kms.katalon.core.webui.keyword.WebUiBuiltInKeywords$verifyElementPresent$1.call(Unknown Source)
	at TC-PE-002.run(TC-PE-002:62)
	at com.kms.katalon.core.main.ScriptEngine.run(ScriptEngine.java:194)
	at com.kms.katalon.core.main.ScriptEngine.runScriptAsRawText(ScriptEngine.java:119)
	at com.kms.katalon.core.main.TestCaseExecutor.runScript(TestCaseExecutor.java:448)
	at com.kms.katalon.core.main.TestCaseExecutor.doExecute(TestCaseExecutor.java:439)
	at com.kms.katalon.core.main.TestCaseExecutor.processExecutionPhase(TestCaseExecutor.java:418)
	at com.kms.katalon.core.main.TestCaseExecutor.accessMainPhase(TestCaseExecutor.java:410)
	at com.kms.katalon.core.main.TestCaseExecutor.execute(TestCaseExecutor.java:285)
	at com.kms.katalon.core.common.CommonExecutor.accessTestCaseMainPhase(CommonExecutor.java:65)
	at com.kms.katalon.core.main.TestSuiteExecutor.accessTestSuiteMainPhase(TestSuiteExecutor.java:148)
	at com.kms.katalon.core.main.TestSuiteExecutor.execute(TestSuiteExecutor.java:106)
	at com.kms.katalon.core.main.TestCaseMain.startTestSuite(TestCaseMain.java:187)
	at com.kms.katalon.core.main.TestCaseMain$startTestSuite$0.call(Unknown Source)
	at TempTestSuite1696497733454.run(TempTestSuite1696497733454.groovy:36)
Caused by: com.kms.katalon.core.exception.StepFailedException: com.kms.katalon.core.webui.exception.WebElementNotFoundException: Web element with id: 'Object Repository/Product Ecommerce/Verifikasi Halaman Product Anda' located by '(.//*[normalize-space(text()) and normalize-space(.)='Home'])[1]/following::li[2]' not found
	at com.kms.katalon.core.webui.keyword.internal.WebUIKeywordMain.stepFailed(WebUIKeywordMain.groovy:64)
	at com.kms.katalon.core.webui.keyword.builtin.VerifyElementPresentKeyword$_verifyElementPresent_closure1.doCall(VerifyElementPresentKeyword.groovy:85)
	at com.kms.katalon.core.webui.keyword.builtin.VerifyElementPresentKeyword$_verifyElementPresent_closure1.call(VerifyElementPresentKeyword.groovy)
	at com.kms.katalon.core.webui.keyword.internal.WebUIKeywordMain.runKeyword(WebUIKeywordMain.groovy:20)
	... 19 more
)

2023-10-05 16:23:31 - [MESSAGE][WARNING] - Timeout '0' is invalid. Using default page load timeout: '30'

2023-10-05 16:24:02 - [MESSAGE][INFO] - Unable to find the element located by 'By.xpath: (.//*[normalize-space(text()) and normalize-space(.)='Home'])[1]/following::li[2]'. Please recheck the objects properties to make sure the desired element is located. 

2023-10-05 16:24:02 - [MESSAGE][FAILED] - com.kms.katalon.core.webui.exception.WebElementNotFoundException: Web element with id: 'Object Repository/Product Ecommerce/Verifikasi Halaman Product Anda' located by '(.//*[normalize-space(text()) and normalize-space(.)='Home'])[1]/following::li[2]' not found (Root cause: com.kms.katalon.core.exception.StepFailedException: com.kms.katalon.core.webui.exception.WebElementNotFoundException: Web element with id: 'Object Repository/Product Ecommerce/Verifikasi Halaman Product Anda' located by '(.//*[normalize-space(text()) and normalize-space(.)='Home'])[1]/following::li[2]' not found
	at com.kms.katalon.core.webui.keyword.internal.WebUIKeywordMain.stepFailed(WebUIKeywordMain.groovy:64)
	at com.kms.katalon.core.webui.keyword.builtin.VerifyElementPresentKeyword$_verifyElementPresent_closure1.doCall(VerifyElementPresentKeyword.groovy:85)
	at com.kms.katalon.core.webui.keyword.builtin.VerifyElementPresentKeyword$_verifyElementPresent_closure1.call(VerifyElementPresentKeyword.groovy)
	at com.kms.katalon.core.webui.keyword.internal.WebUIKeywordMain.runKeyword(WebUIKeywordMain.groovy:20)
	at com.kms.katalon.core.webui.keyword.builtin.VerifyElementPresentKeyword.verifyElementPresent(VerifyElementPresentKeyword.groovy:92)
	at com.kms.katalon.core.webui.keyword.builtin.VerifyElementPresentKeyword.execute(VerifyElementPresentKeyword.groovy:68)
	at com.kms.katalon.core.keyword.internal.KeywordExecutor.executeKeywordForPlatform(KeywordExecutor.groovy:74)
	at com.kms.katalon.core.webui.keyword.WebUiBuiltInKeywords.verifyElementPresent(WebUiBuiltInKeywords.groovy:1464)
	at com.kms.katalon.core.webui.keyword.WebUiBuiltInKeywords$verifyElementPresent$1.call(Unknown Source)
	at TC-PE-002.run(TC-PE-002:62)
	at com.kms.katalon.core.main.ScriptEngine.run(ScriptEngine.java:194)
	at com.kms.katalon.core.main.ScriptEngine.runScriptAsRawText(ScriptEngine.java:119)
	at com.kms.katalon.core.main.TestCaseExecutor.runScript(TestCaseExecutor.java:448)
	at com.kms.katalon.core.main.TestCaseExecutor.doExecute(TestCaseExecutor.java:439)
	at com.kms.katalon.core.main.TestCaseExecutor.processExecutionPhase(TestCaseExecutor.java:418)
	at com.kms.katalon.core.main.TestCaseExecutor.accessMainPhase(TestCaseExecutor.java:410)
	at com.kms.katalon.core.main.TestCaseExecutor.execute(TestCaseExecutor.java:285)
	at com.kms.katalon.core.common.CommonExecutor.accessTestCaseMainPhase(CommonExecutor.java:65)
	at com.kms.katalon.core.main.TestSuiteExecutor.accessTestSuiteMainPhase(TestSuiteExecutor.java:148)
	at com.kms.katalon.core.main.TestSuiteExecutor.execute(TestSuiteExecutor.java:106)
	at com.kms.katalon.core.main.TestCaseMain.startTestSuite(TestCaseMain.java:187)
	at com.kms.katalon.core.main.TestCaseMain$startTestSuite$0.call(Unknown Source)
	at TempTestSuite1696497733454.run(TempTestSuite1696497733454.groovy:36)
)
[[ATTACHMENT|G:\\Project Xsis\\batch-324-qa\\Riswan\\Sprint 2 Product Tajalapak\\Reports\\20231005_162213\\Product Ecomerce\\20231005_162213\\1696497842586.png]]

2023-10-05 16:24:02 - [MESSAGE][FAILED] - Unable to verify object 'Object Repository/Product Ecommerce/Verifikasi Halaman Product Anda' is present (Root cause: com.kms.katalon.core.exception.StepFailedException: Unable to verify object 'Object Repository/Product Ecommerce/Verifikasi Halaman Product Anda' is present
	at com.kms.katalon.core.webui.keyword.internal.WebUIKeywordMain.stepFailed(WebUIKeywordMain.groovy:64)
	at com.kms.katalon.core.webui.keyword.internal.WebUIKeywordMain.runKeyword(WebUIKeywordMain.groovy:26)
	at com.kms.katalon.core.webui.keyword.builtin.VerifyElementPresentKeyword.verifyElementPresent(VerifyElementPresentKeyword.groovy:92)
	at com.kms.katalon.core.webui.keyword.builtin.VerifyElementPresentKeyword.execute(VerifyElementPresentKeyword.groovy:68)
	at com.kms.katalon.core.keyword.internal.KeywordExecutor.executeKeywordForPlatform(KeywordExecutor.groovy:74)
	at com.kms.katalon.core.webui.keyword.WebUiBuiltInKeywords.verifyElementPresent(WebUiBuiltInKeywords.groovy:1464)
	at com.kms.katalon.core.webui.keyword.WebUiBuiltInKeywords$verifyElementPresent$1.call(Unknown Source)
	at TC-PE-002.run(TC-PE-002:62)
	at com.kms.katalon.core.main.ScriptEngine.run(ScriptEngine.java:194)
	at com.kms.katalon.core.main.ScriptEngine.runScriptAsRawText(ScriptEngine.java:119)
	at com.kms.katalon.core.main.TestCaseExecutor.runScript(TestCaseExecutor.java:448)
	at com.kms.katalon.core.main.TestCaseExecutor.doExecute(TestCaseExecutor.java:439)
	at com.kms.katalon.core.main.TestCaseExecutor.processExecutionPhase(TestCaseExecutor.java:418)
	at com.kms.katalon.core.main.TestCaseExecutor.accessMainPhase(TestCaseExecutor.java:410)
	at com.kms.katalon.core.main.TestCaseExecutor.execute(TestCaseExecutor.java:285)
	at com.kms.katalon.core.common.CommonExecutor.accessTestCaseMainPhase(CommonExecutor.java:65)
	at com.kms.katalon.core.main.TestSuiteExecutor.accessTestSuiteMainPhase(TestSuiteExecutor.java:148)
	at com.kms.katalon.core.main.TestSuiteExecutor.execute(TestSuiteExecutor.java:106)
	at com.kms.katalon.core.main.TestCaseMain.startTestSuite(TestCaseMain.java:187)
	at com.kms.katalon.core.main.TestCaseMain$startTestSuite$0.call(Unknown Source)
	at TempTestSuite1696497733454.run(TempTestSuite1696497733454.groovy:36)
Caused by: com.kms.katalon.core.exception.StepFailedException: com.kms.katalon.core.webui.exception.WebElementNotFoundException: Web element with id: 'Object Repository/Product Ecommerce/Verifikasi Halaman Product Anda' located by '(.//*[normalize-space(text()) and normalize-space(.)='Home'])[1]/following::li[2]' not found
	at com.kms.katalon.core.webui.keyword.internal.WebUIKeywordMain.stepFailed(WebUIKeywordMain.groovy:64)
	at com.kms.katalon.core.webui.keyword.builtin.VerifyElementPresentKeyword$_verifyElementPresent_closure1.doCall(VerifyElementPresentKeyword.groovy:85)
	at com.kms.katalon.core.webui.keyword.builtin.VerifyElementPresentKeyword$_verifyElementPresent_closure1.call(VerifyElementPresentKeyword.groovy)
	at com.kms.katalon.core.webui.keyword.internal.WebUIKeywordMain.runKeyword(WebUIKeywordMain.groovy:20)
	... 19 more
)
[[ATTACHMENT|G:\\Project Xsis\\batch-324-qa\\Riswan\\Sprint 2 Product Tajalapak\\Reports\\20231005_162213\\Product Ecomerce\\20231005_162213\\1696497842875.png]]]]></system-out>
         <system-err><![CDATA[2023-10-05 16:23:00 - [TEST_CASE][FAILED] - Test Cases/Product Ecommerce/TC-PE-002: Test Cases/Product Ecommerce/TC-PE-002 FAILED.
Reason:
com.kms.katalon.core.exception.StepFailedException: Unable to verify object 'Object Repository/Product Ecommerce/Verifikasi Halaman Product Anda' is present
	at com.kms.katalon.core.webui.keyword.internal.WebUIKeywordMain.stepFailed(WebUIKeywordMain.groovy:64)
	at com.kms.katalon.core.webui.keyword.internal.WebUIKeywordMain.runKeyword(WebUIKeywordMain.groovy:26)
	at com.kms.katalon.core.webui.keyword.builtin.VerifyElementPresentKeyword.verifyElementPresent(VerifyElementPresentKeyword.groovy:92)
	at com.kms.katalon.core.webui.keyword.builtin.VerifyElementPresentKeyword.execute(VerifyElementPresentKeyword.groovy:68)
	at com.kms.katalon.core.keyword.internal.KeywordExecutor.executeKeywordForPlatform(KeywordExecutor.groovy:74)
	at com.kms.katalon.core.webui.keyword.WebUiBuiltInKeywords.verifyElementPresent(WebUiBuiltInKeywords.groovy:1464)
	at com.kms.katalon.core.webui.keyword.WebUiBuiltInKeywords$verifyElementPresent$1.call(Unknown Source)
	at TC-PE-002.run(TC-PE-002:62)
	at com.kms.katalon.core.main.ScriptEngine.run(ScriptEngine.java:194)
	at com.kms.katalon.core.main.ScriptEngine.runScriptAsRawText(ScriptEngine.java:119)
	at com.kms.katalon.core.main.TestCaseExecutor.runScript(TestCaseExecutor.java:448)
	at com.kms.katalon.core.main.TestCaseExecutor.doExecute(TestCaseExecutor.java:439)
	at com.kms.katalon.core.main.TestCaseExecutor.processExecutionPhase(TestCaseExecutor.java:418)
	at com.kms.katalon.core.main.TestCaseExecutor.accessMainPhase(TestCaseExecutor.java:410)
	at com.kms.katalon.core.main.TestCaseExecutor.execute(TestCaseExecutor.java:285)
	at com.kms.katalon.core.common.CommonExecutor.accessTestCaseMainPhase(CommonExecutor.java:65)
	at com.kms.katalon.core.main.TestSuiteExecutor.accessTestSuiteMainPhase(TestSuiteExecutor.java:148)
	at com.kms.katalon.core.main.TestSuiteExecutor.execute(TestSuiteExecutor.java:106)
	at com.kms.katalon.core.main.TestCaseMain.startTestSuite(TestCaseMain.java:187)
	at com.kms.katalon.core.main.TestCaseMain$startTestSuite$0.call(Unknown Source)
	at TempTestSuite1696497733454.run(TempTestSuite1696497733454.groovy:36)
Caused by: com.kms.katalon.core.exception.StepFailedException: com.kms.katalon.core.webui.exception.WebElementNotFoundException: Web element with id: 'Object Repository/Product Ecommerce/Verifikasi Halaman Product Anda' located by '(.//*[normalize-space(text()) and normalize-space(.)='Home'])[1]/following::li[2]' not found
	at com.kms.katalon.core.webui.keyword.internal.WebUIKeywordMain.stepFailed(WebUIKeywordMain.groovy:64)
	at com.kms.katalon.core.webui.keyword.builtin.VerifyElementPresentKeyword$_verifyElementPresent_closure1.doCall(VerifyElementPresentKeyword.groovy:85)
	at com.kms.katalon.core.webui.keyword.builtin.VerifyElementPresentKeyword$_verifyElementPresent_closure1.call(VerifyElementPresentKeyword.groovy)
	at com.kms.katalon.core.webui.keyword.internal.WebUIKeywordMain.runKeyword(WebUIKeywordMain.groovy:20)
	... 19 more]]></system-err>
      </testcase>
      <testcase name="Test Cases/Product Ecommerce/TC-PE-003" time="16.973" classname="Test Cases/Product Ecommerce/TC-PE-003" status="PASSED">
         <system-out><![CDATA[2023-10-05 16:24:02 - [TEST_CASE][PASSED] - Test Cases/Product Ecommerce/TC-PE-003: Test Cases/Product Ecommerce/TC-PE-003

2023-10-05 16:24:03 - [TEST_STEP][PASSED] - callTestCase(findTestCase("Product Ecommerce/TC-PE-001"), [:], STOP_ON_FAILURE): Call Test Case 'Test Cases/Product Ecommerce/TC-PE-001' successfully

2023-10-05 16:24:03 - [TEST_CASE][PASSED] - Test Cases/Product Ecommerce/TC-PE-001: Test Cases/Product Ecommerce/TC-PE-001

2023-10-05 16:24:03 - [TEST_STEP][PASSED] - callTestCase(findTestCase("Login Ecommerce/TC-Login Ecomerce-001"), [:], STOP_ON_FAILURE): Call Test Case 'Test Cases/Login Ecommerce/TC-Login Ecomerce-001' successfully

2023-10-05 16:24:03 - [TEST_CASE][PASSED] - Test Cases/Login Ecommerce/TC-Login Ecomerce-001: Test Cases/Login Ecommerce/TC-Login Ecomerce-001

2023-10-05 16:24:03 - [TEST_STEP][PASSED] - openBrowser(userTajalapak): Browser is opened with url: 'https://10.9.2.63/ecommerce/'

2023-10-05 16:24:03 - [MESSAGE][WARNING] - A browser is already opened. Closing browser and opening a new one

2023-10-05 16:24:04 - [MESSAGE][INFO] - Starting 'Edge Chromium' driver

2023-10-05 16:24:04 - [MESSAGE][INFO] - User set preference: ['acceptInsecureCerts', 'true']

2023-10-05 16:24:06 - [MESSAGE][INFO] - Action delay is set to 0 milliseconds

2023-10-05 16:24:09 - [MESSAGE][PASSED] - Browser is opened with url: 'https://10.9.2.63/ecommerce/'

2023-10-05 16:24:09 - [TEST_STEP][PASSED] - maximizeWindow(): Current window maximized

2023-10-05 16:24:09 - [MESSAGE][PASSED] - Current window maximized

2023-10-05 16:24:09 - [TEST_STEP][PASSED] - verifyElementPresent(findTestObject("Login Ecommerce/Verifikasi Halaman Login Akun"), 0): Object 'Object Repository/Login Ecommerce/Verifikasi Halaman Login Akun' is present

2023-10-05 16:24:09 - [MESSAGE][WARNING] - Timeout '0' is invalid. Using default page load timeout: '30'

2023-10-05 16:24:10 - [MESSAGE][PASSED] - Object 'Object Repository/Login Ecommerce/Verifikasi Halaman Login Akun' is present

2023-10-05 16:24:10 - [TEST_STEP][PASSED] - click(findTestObject("Login Ecommerce/Login Akun")): Object: 'Object Repository/Login Ecommerce/Login Akun' is clicked on

2023-10-05 16:24:10 - [MESSAGE][PASSED] - Object: 'Object Repository/Login Ecommerce/Login Akun' is clicked on

2023-10-05 16:24:10 - [TEST_STEP][PASSED] - verifyElementPresent(findTestObject("Login Ecommerce/Verifikasi Halaman Login Akun"), 0): Object 'Object Repository/Login Ecommerce/Verifikasi Halaman Login Akun' is present

2023-10-05 16:24:10 - [MESSAGE][WARNING] - Timeout '0' is invalid. Using default page load timeout: '30'

2023-10-05 16:24:11 - [MESSAGE][PASSED] - Object 'Object Repository/Login Ecommerce/Verifikasi Halaman Login Akun' is present

2023-10-05 16:24:11 - [TEST_STEP][PASSED] - setText(findTestObject("Login Ecommerce/Input Username"), "riswandha"): Text 'riswandha' is set on object 'Object Repository/Login Ecommerce/Input Username'

2023-10-05 16:24:11 - [MESSAGE][PASSED] - Text 'riswandha' is set on object 'Object Repository/Login Ecommerce/Input Username'

2023-10-05 16:24:11 - [TEST_STEP][PASSED] - setEncryptedText(findTestObject("Login Ecommerce/Input Password"), "iGDxf8hSRT4="): Text ****** has been set on object 'Object Repository/Login Ecommerce/Input Password'

2023-10-05 16:24:12 - [MESSAGE][PASSED] - Text ****** has been set on object 'Object Repository/Login Ecommerce/Input Password'

2023-10-05 16:24:12 - [TEST_STEP][PASSED] - click(findTestObject("Login Ecommerce/Button Masuk")): Object: 'Object Repository/Login Ecommerce/Button Masuk' is clicked on

2023-10-05 16:24:13 - [MESSAGE][PASSED] - Object: 'Object Repository/Login Ecommerce/Button Masuk' is clicked on

2023-10-05 16:24:13 - [TEST_STEP][PASSED] - verifyElementPresent(findTestObject("Login Ecommerce/Verifikasi Login Akun"), 0): Object 'Object Repository/Login Ecommerce/Verifikasi Login Akun' is present

2023-10-05 16:24:13 - [MESSAGE][WARNING] - Timeout '0' is invalid. Using default page load timeout: '30'

2023-10-05 16:24:13 - [MESSAGE][PASSED] - Object 'Object Repository/Login Ecommerce/Verifikasi Login Akun' is present

2023-10-05 16:24:13 - [MESSAGE][PASSED] - Call Test Case 'Test Cases/Login Ecommerce/TC-Login Ecomerce-001' successfully

2023-10-05 16:24:13 - [TEST_STEP][PASSED] - mouseOver(findTestObject("Product Ecommerce/Button Menu toko")): Object: 'Object Repository/Product Ecommerce/Button Menu toko' is hovered

2023-10-05 16:24:14 - [MESSAGE][PASSED] - Object: 'Object Repository/Product Ecommerce/Button Menu toko' is hovered

2023-10-05 16:24:14 - [TEST_STEP][PASSED] - click(findTestObject("Product Ecommerce/Button Daftar Produk")): Object: 'Object Repository/Product Ecommerce/Button Daftar Produk' is clicked on

2023-10-05 16:24:15 - [MESSAGE][PASSED] - Object: 'Object Repository/Product Ecommerce/Button Daftar Produk' is clicked on

2023-10-05 16:24:15 - [TEST_STEP][PASSED] - verifyElementPresent(findTestObject("Product Ecommerce/Verifikasi Halaman Product Anda"), 0): Object 'Object Repository/Product Ecommerce/Verifikasi Halaman Product Anda' is present

2023-10-05 16:24:15 - [MESSAGE][WARNING] - Timeout '0' is invalid. Using default page load timeout: '30'

2023-10-05 16:24:15 - [MESSAGE][PASSED] - Object 'Object Repository/Product Ecommerce/Verifikasi Halaman Product Anda' is present

2023-10-05 16:24:15 - [MESSAGE][PASSED] - Call Test Case 'Test Cases/Product Ecommerce/TC-PE-001' successfully

2023-10-05 16:24:15 - [TEST_STEP][PASSED] - mouseOver(findTestObject("Product Ecommerce/Image Gambar produk 1")): Object: 'Object Repository/Product Ecommerce/Image Gambar produk 1' is hovered

2023-10-05 16:24:16 - [MESSAGE][PASSED] - Object: 'Object Repository/Product Ecommerce/Image Gambar produk 1' is hovered

2023-10-05 16:24:16 - [TEST_STEP][PASSED] - verifyElementPresent(findTestObject("Product Ecommerce/Tambahkan Produk"), 0): Object 'Object Repository/Product Ecommerce/Tambahkan Produk' is present

2023-10-05 16:24:16 - [MESSAGE][WARNING] - Timeout '0' is invalid. Using default page load timeout: '30'

2023-10-05 16:24:16 - [MESSAGE][PASSED] - Object 'Object Repository/Product Ecommerce/Tambahkan Produk' is present

2023-10-05 16:24:16 - [TEST_STEP][PASSED] - click(findTestObject("Product Ecommerce/Tambahkan Product/Edit Data")): Object: 'Object Repository/Product Ecommerce/Tambahkan Product/Edit Data' is clicked on

2023-10-05 16:24:17 - [MESSAGE][PASSED] - Object: 'Object Repository/Product Ecommerce/Tambahkan Product/Edit Data' is clicked on

2023-10-05 16:24:17 - [TEST_STEP][PASSED] - setText(findTestObject("Product Ecommerce/Tambahkan Product/Input Harga Jual"), hargaBaru): Text '13000' is set on object 'Object Repository/Product Ecommerce/Tambahkan Product/Input Harga Jual'

2023-10-05 16:24:18 - [MESSAGE][PASSED] - Text '13000' is set on object 'Object Repository/Product Ecommerce/Tambahkan Product/Input Harga Jual'

2023-10-05 16:24:18 - [TEST_STEP][PASSED] - click(findTestObject("Product Ecommerce/Tambahkan Product/Button Update Data")): Object: 'Object Repository/Product Ecommerce/Tambahkan Product/Button Update Data' is clicked on

2023-10-05 16:24:19 - [MESSAGE][PASSED] - Object: 'Object Repository/Product Ecommerce/Tambahkan Product/Button Update Data' is clicked on

2023-10-05 16:24:19 - [TEST_STEP][PASSED] - verifyElementPresent(findTestObject("Product Ecommerce/Verifikasi Halaman Product Anda"), 0): Object 'Object Repository/Product Ecommerce/Verifikasi Halaman Product Anda' is present

2023-10-05 16:24:19 - [MESSAGE][WARNING] - Timeout '0' is invalid. Using default page load timeout: '30'

2023-10-05 16:24:19 - [MESSAGE][PASSED] - Object 'Object Repository/Product Ecommerce/Verifikasi Halaman Product Anda' is present

2023-10-05 16:24:19 - [TEST_STEP][PASSED] - hargaProduct = getText(findTestObject("Object Repository/Product Ecommerce/Verifikasi product/Harga Product Ke 1")): Text of object 'Object Repository/Product Ecommerce/Verifikasi product/Harga Product Ke 1' is: 'Rp 13,000'

2023-10-05 16:24:19 - [MESSAGE][PASSED] - Text of object 'Object Repository/Product Ecommerce/Verifikasi product/Harga Product Ke 1' is: 'Rp 13,000'

2023-10-05 16:24:19 - [TEST_STEP][PASSED] - harga = hargaProduct.split(" "): null

2023-10-05 16:24:19 - [TEST_STEP][PASSED] - assert harga[1].replace(",", "") == hargaBaru: null]]></system-out>
         <system-err><![CDATA[]]></system-err>
      </testcase>
      <testcase name="Test Cases/Product Ecommerce/TC-PE-004" time="14.605" classname="Test Cases/Product Ecommerce/TC-PE-004" status="PASSED">
         <system-out><![CDATA[2023-10-05 16:24:19 - [TEST_CASE][PASSED] - Test Cases/Product Ecommerce/TC-PE-004: Test Cases/Product Ecommerce/TC-PE-004

2023-10-05 16:24:20 - [TEST_STEP][PASSED] - callTestCase(findTestCase("Product Ecommerce/TC-PE-001"), [:], STOP_ON_FAILURE): Call Test Case 'Test Cases/Product Ecommerce/TC-PE-001' successfully

2023-10-05 16:24:20 - [TEST_CASE][PASSED] - Test Cases/Product Ecommerce/TC-PE-001: Test Cases/Product Ecommerce/TC-PE-001

2023-10-05 16:24:20 - [TEST_STEP][PASSED] - callTestCase(findTestCase("Login Ecommerce/TC-Login Ecomerce-001"), [:], STOP_ON_FAILURE): Call Test Case 'Test Cases/Login Ecommerce/TC-Login Ecomerce-001' successfully

2023-10-05 16:24:20 - [TEST_CASE][PASSED] - Test Cases/Login Ecommerce/TC-Login Ecomerce-001: Test Cases/Login Ecommerce/TC-Login Ecomerce-001

2023-10-05 16:24:20 - [TEST_STEP][PASSED] - openBrowser(userTajalapak): Browser is opened with url: 'https://10.9.2.63/ecommerce/'

2023-10-05 16:24:20 - [MESSAGE][WARNING] - A browser is already opened. Closing browser and opening a new one

2023-10-05 16:24:21 - [MESSAGE][INFO] - Starting 'Edge Chromium' driver

2023-10-05 16:24:21 - [MESSAGE][INFO] - User set preference: ['acceptInsecureCerts', 'true']

2023-10-05 16:24:23 - [MESSAGE][INFO] - Action delay is set to 0 milliseconds

2023-10-05 16:24:26 - [MESSAGE][PASSED] - Browser is opened with url: 'https://10.9.2.63/ecommerce/'

2023-10-05 16:24:26 - [TEST_STEP][PASSED] - maximizeWindow(): Current window maximized

2023-10-05 16:24:26 - [MESSAGE][PASSED] - Current window maximized

2023-10-05 16:24:26 - [TEST_STEP][PASSED] - verifyElementPresent(findTestObject("Login Ecommerce/Verifikasi Halaman Login Akun"), 0): Object 'Object Repository/Login Ecommerce/Verifikasi Halaman Login Akun' is present

2023-10-05 16:24:26 - [MESSAGE][WARNING] - Timeout '0' is invalid. Using default page load timeout: '30'

2023-10-05 16:24:26 - [MESSAGE][PASSED] - Object 'Object Repository/Login Ecommerce/Verifikasi Halaman Login Akun' is present

2023-10-05 16:24:26 - [TEST_STEP][PASSED] - click(findTestObject("Login Ecommerce/Login Akun")): Object: 'Object Repository/Login Ecommerce/Login Akun' is clicked on

2023-10-05 16:24:27 - [MESSAGE][PASSED] - Object: 'Object Repository/Login Ecommerce/Login Akun' is clicked on

2023-10-05 16:24:27 - [TEST_STEP][PASSED] - verifyElementPresent(findTestObject("Login Ecommerce/Verifikasi Halaman Login Akun"), 0): Object 'Object Repository/Login Ecommerce/Verifikasi Halaman Login Akun' is present

2023-10-05 16:24:27 - [MESSAGE][WARNING] - Timeout '0' is invalid. Using default page load timeout: '30'

2023-10-05 16:24:28 - [MESSAGE][PASSED] - Object 'Object Repository/Login Ecommerce/Verifikasi Halaman Login Akun' is present

2023-10-05 16:24:28 - [TEST_STEP][PASSED] - setText(findTestObject("Login Ecommerce/Input Username"), "riswandha"): Text 'riswandha' is set on object 'Object Repository/Login Ecommerce/Input Username'

2023-10-05 16:24:28 - [MESSAGE][PASSED] - Text 'riswandha' is set on object 'Object Repository/Login Ecommerce/Input Username'

2023-10-05 16:24:28 - [TEST_STEP][PASSED] - setEncryptedText(findTestObject("Login Ecommerce/Input Password"), "iGDxf8hSRT4="): Text ****** has been set on object 'Object Repository/Login Ecommerce/Input Password'

2023-10-05 16:24:29 - [MESSAGE][PASSED] - Text ****** has been set on object 'Object Repository/Login Ecommerce/Input Password'

2023-10-05 16:24:29 - [TEST_STEP][PASSED] - click(findTestObject("Login Ecommerce/Button Masuk")): Object: 'Object Repository/Login Ecommerce/Button Masuk' is clicked on

2023-10-05 16:24:30 - [MESSAGE][PASSED] - Object: 'Object Repository/Login Ecommerce/Button Masuk' is clicked on

2023-10-05 16:24:30 - [TEST_STEP][PASSED] - verifyElementPresent(findTestObject("Login Ecommerce/Verifikasi Login Akun"), 0): Object 'Object Repository/Login Ecommerce/Verifikasi Login Akun' is present

2023-10-05 16:24:30 - [MESSAGE][WARNING] - Timeout '0' is invalid. Using default page load timeout: '30'

2023-10-05 16:24:30 - [MESSAGE][PASSED] - Object 'Object Repository/Login Ecommerce/Verifikasi Login Akun' is present

2023-10-05 16:24:30 - [MESSAGE][PASSED] - Call Test Case 'Test Cases/Login Ecommerce/TC-Login Ecomerce-001' successfully

2023-10-05 16:24:30 - [TEST_STEP][PASSED] - mouseOver(findTestObject("Product Ecommerce/Button Menu toko")): Object: 'Object Repository/Product Ecommerce/Button Menu toko' is hovered

2023-10-05 16:24:31 - [MESSAGE][PASSED] - Object: 'Object Repository/Product Ecommerce/Button Menu toko' is hovered

2023-10-05 16:24:31 - [TEST_STEP][PASSED] - click(findTestObject("Product Ecommerce/Button Daftar Produk")): Object: 'Object Repository/Product Ecommerce/Button Daftar Produk' is clicked on

2023-10-05 16:24:32 - [MESSAGE][PASSED] - Object: 'Object Repository/Product Ecommerce/Button Daftar Produk' is clicked on

2023-10-05 16:24:32 - [TEST_STEP][PASSED] - verifyElementPresent(findTestObject("Product Ecommerce/Verifikasi Halaman Product Anda"), 0): Object 'Object Repository/Product Ecommerce/Verifikasi Halaman Product Anda' is present

2023-10-05 16:24:32 - [MESSAGE][WARNING] - Timeout '0' is invalid. Using default page load timeout: '30'

2023-10-05 16:24:32 - [MESSAGE][PASSED] - Object 'Object Repository/Product Ecommerce/Verifikasi Halaman Product Anda' is present

2023-10-05 16:24:32 - [MESSAGE][PASSED] - Call Test Case 'Test Cases/Product Ecommerce/TC-PE-001' successfully

2023-10-05 16:24:32 - [TEST_STEP][PASSED] - mouseOver(findTestObject("Product Ecommerce/Image Gambar produk 1")): Object: 'Object Repository/Product Ecommerce/Image Gambar produk 1' is hovered

2023-10-05 16:24:33 - [MESSAGE][PASSED] - Object: 'Object Repository/Product Ecommerce/Image Gambar produk 1' is hovered

2023-10-05 16:24:33 - [TEST_STEP][PASSED] - click(findTestObject("Product Ecommerce/Melihat Product")): Object: 'Object Repository/Product Ecommerce/Melihat Product' is clicked on

2023-10-05 16:24:33 - [MESSAGE][PASSED] - Object: 'Object Repository/Product Ecommerce/Melihat Product' is clicked on

2023-10-05 16:24:33 - [TEST_STEP][PASSED] - verifyElementPresent(findTestObject("Product Ecommerce/Verifikasi product/Verifikasi halaman Detail Product"), 0): Object 'Object Repository/Product Ecommerce/Verifikasi product/Verifikasi halaman Detail Product' is present

2023-10-05 16:24:33 - [MESSAGE][WARNING] - Timeout '0' is invalid. Using default page load timeout: '30'

2023-10-05 16:24:34 - [MESSAGE][PASSED] - Object 'Object Repository/Product Ecommerce/Verifikasi product/Verifikasi halaman Detail Product' is present]]></system-out>
         <system-err><![CDATA[]]></system-err>
      </testcase>
      <testcase name="Test Cases/Product Ecommerce/TC-PE-005" time="14.908" classname="Test Cases/Product Ecommerce/TC-PE-005" status="PASSED">
         <system-out><![CDATA[2023-10-05 16:24:34 - [TEST_CASE][PASSED] - Test Cases/Product Ecommerce/TC-PE-005: Test Cases/Product Ecommerce/TC-PE-005

2023-10-05 16:24:34 - [TEST_STEP][PASSED] - callTestCase(findTestCase("Product Ecommerce/TC-PE-001"), [:], STOP_ON_FAILURE): Call Test Case 'Test Cases/Product Ecommerce/TC-PE-001' successfully

2023-10-05 16:24:34 - [TEST_CASE][PASSED] - Test Cases/Product Ecommerce/TC-PE-001: Test Cases/Product Ecommerce/TC-PE-001

2023-10-05 16:24:34 - [TEST_STEP][PASSED] - callTestCase(findTestCase("Login Ecommerce/TC-Login Ecomerce-001"), [:], STOP_ON_FAILURE): Call Test Case 'Test Cases/Login Ecommerce/TC-Login Ecomerce-001' successfully

2023-10-05 16:24:34 - [TEST_CASE][PASSED] - Test Cases/Login Ecommerce/TC-Login Ecomerce-001: Test Cases/Login Ecommerce/TC-Login Ecomerce-001

2023-10-05 16:24:34 - [TEST_STEP][PASSED] - openBrowser(userTajalapak): Browser is opened with url: 'https://10.9.2.63/ecommerce/'

2023-10-05 16:24:34 - [MESSAGE][WARNING] - A browser is already opened. Closing browser and opening a new one

2023-10-05 16:24:35 - [MESSAGE][INFO] - Starting 'Edge Chromium' driver

2023-10-05 16:24:35 - [MESSAGE][INFO] - User set preference: ['acceptInsecureCerts', 'true']

2023-10-05 16:24:37 - [MESSAGE][INFO] - Action delay is set to 0 milliseconds

2023-10-05 16:24:40 - [MESSAGE][PASSED] - Browser is opened with url: 'https://10.9.2.63/ecommerce/'

2023-10-05 16:24:40 - [TEST_STEP][PASSED] - maximizeWindow(): Current window maximized

2023-10-05 16:24:40 - [MESSAGE][PASSED] - Current window maximized

2023-10-05 16:24:40 - [TEST_STEP][PASSED] - verifyElementPresent(findTestObject("Login Ecommerce/Verifikasi Halaman Login Akun"), 0): Object 'Object Repository/Login Ecommerce/Verifikasi Halaman Login Akun' is present

2023-10-05 16:24:40 - [MESSAGE][WARNING] - Timeout '0' is invalid. Using default page load timeout: '30'

2023-10-05 16:24:41 - [MESSAGE][PASSED] - Object 'Object Repository/Login Ecommerce/Verifikasi Halaman Login Akun' is present

2023-10-05 16:24:41 - [TEST_STEP][PASSED] - click(findTestObject("Login Ecommerce/Login Akun")): Object: 'Object Repository/Login Ecommerce/Login Akun' is clicked on

2023-10-05 16:24:42 - [MESSAGE][PASSED] - Object: 'Object Repository/Login Ecommerce/Login Akun' is clicked on

2023-10-05 16:24:42 - [TEST_STEP][PASSED] - verifyElementPresent(findTestObject("Login Ecommerce/Verifikasi Halaman Login Akun"), 0): Object 'Object Repository/Login Ecommerce/Verifikasi Halaman Login Akun' is present

2023-10-05 16:24:42 - [MESSAGE][WARNING] - Timeout '0' is invalid. Using default page load timeout: '30'

2023-10-05 16:24:42 - [MESSAGE][PASSED] - Object 'Object Repository/Login Ecommerce/Verifikasi Halaman Login Akun' is present

2023-10-05 16:24:42 - [TEST_STEP][PASSED] - setText(findTestObject("Login Ecommerce/Input Username"), "riswandha"): Text 'riswandha' is set on object 'Object Repository/Login Ecommerce/Input Username'

2023-10-05 16:24:43 - [MESSAGE][PASSED] - Text 'riswandha' is set on object 'Object Repository/Login Ecommerce/Input Username'

2023-10-05 16:24:43 - [TEST_STEP][PASSED] - setEncryptedText(findTestObject("Login Ecommerce/Input Password"), "iGDxf8hSRT4="): Text ****** has been set on object 'Object Repository/Login Ecommerce/Input Password'

2023-10-05 16:24:43 - [MESSAGE][PASSED] - Text ****** has been set on object 'Object Repository/Login Ecommerce/Input Password'

2023-10-05 16:24:43 - [TEST_STEP][PASSED] - click(findTestObject("Login Ecommerce/Button Masuk")): Object: 'Object Repository/Login Ecommerce/Button Masuk' is clicked on

2023-10-05 16:24:44 - [MESSAGE][PASSED] - Object: 'Object Repository/Login Ecommerce/Button Masuk' is clicked on

2023-10-05 16:24:44 - [TEST_STEP][PASSED] - verifyElementPresent(findTestObject("Login Ecommerce/Verifikasi Login Akun"), 0): Object 'Object Repository/Login Ecommerce/Verifikasi Login Akun' is present

2023-10-05 16:24:44 - [MESSAGE][WARNING] - Timeout '0' is invalid. Using default page load timeout: '30'

2023-10-05 16:24:45 - [MESSAGE][PASSED] - Object 'Object Repository/Login Ecommerce/Verifikasi Login Akun' is present

2023-10-05 16:24:45 - [MESSAGE][PASSED] - Call Test Case 'Test Cases/Login Ecommerce/TC-Login Ecomerce-001' successfully

2023-10-05 16:24:45 - [TEST_STEP][PASSED] - mouseOver(findTestObject("Product Ecommerce/Button Menu toko")): Object: 'Object Repository/Product Ecommerce/Button Menu toko' is hovered

2023-10-05 16:24:45 - [MESSAGE][PASSED] - Object: 'Object Repository/Product Ecommerce/Button Menu toko' is hovered

2023-10-05 16:24:45 - [TEST_STEP][PASSED] - click(findTestObject("Product Ecommerce/Button Daftar Produk")): Object: 'Object Repository/Product Ecommerce/Button Daftar Produk' is clicked on

2023-10-05 16:24:46 - [MESSAGE][PASSED] - Object: 'Object Repository/Product Ecommerce/Button Daftar Produk' is clicked on

2023-10-05 16:24:46 - [TEST_STEP][PASSED] - verifyElementPresent(findTestObject("Product Ecommerce/Verifikasi Halaman Product Anda"), 0): Object 'Object Repository/Product Ecommerce/Verifikasi Halaman Product Anda' is present

2023-10-05 16:24:46 - [MESSAGE][WARNING] - Timeout '0' is invalid. Using default page load timeout: '30'

2023-10-05 16:24:47 - [MESSAGE][PASSED] - Object 'Object Repository/Product Ecommerce/Verifikasi Halaman Product Anda' is present

2023-10-05 16:24:47 - [MESSAGE][PASSED] - Call Test Case 'Test Cases/Product Ecommerce/TC-PE-001' successfully

2023-10-05 16:24:47 - [TEST_STEP][PASSED] - dataListOld = findWebElements(findTestObject("Object Repository/Product Ecommerce/Verifikasi product/Jumlah Product"), 10): null

2023-10-05 16:24:47 - [TEST_STEP][PASSED] - mouseOver(findTestObject("Product Ecommerce/Image Gambar produk 1")): Object: 'Object Repository/Product Ecommerce/Image Gambar produk 1' is hovered

2023-10-05 16:24:48 - [MESSAGE][PASSED] - Object: 'Object Repository/Product Ecommerce/Image Gambar produk 1' is hovered

2023-10-05 16:24:48 - [TEST_STEP][PASSED] - click(findTestObject("Product Ecommerce/Hapus data Product"), CONTINUE_ON_FAILURE): Object: 'Object Repository/Product Ecommerce/Hapus data Product' is clicked on

2023-10-05 16:24:48 - [MESSAGE][PASSED] - Object: 'Object Repository/Product Ecommerce/Hapus data Product' is clicked on

2023-10-05 16:24:48 - [TEST_STEP][PASSED] - waitForAlert(5, OPTIONAL): Alert is present after 5 second(s).

2023-10-05 16:24:48 - [MESSAGE][PASSED] - Alert is present after 5 second(s).

2023-10-05 16:24:48 - [TEST_STEP][PASSED] - acceptAlert(): Alert accepted

2023-10-05 16:24:48 - [MESSAGE][PASSED] - Alert accepted

2023-10-05 16:24:48 - [TEST_STEP][PASSED] - dataListNew = findWebElements(findTestObject("Object Repository/Product Ecommerce/Verifikasi product/Jumlah Product"), 10): null

2023-10-05 16:24:49 - [TEST_STEP][PASSED] - assert dataListOld.size() > dataListNew.size(): null]]></system-out>
         <system-err><![CDATA[]]></system-err>
      </testcase>
      <testcase name="Test Cases/Product Ecommerce/TC-PE-006" time="29.663" classname="Test Cases/Product Ecommerce/TC-PE-006" status="PASSED">
         <system-out><![CDATA[2023-10-05 16:24:49 - [TEST_CASE][PASSED] - Test Cases/Product Ecommerce/TC-PE-006: Test Cases/Product Ecommerce/TC-PE-006

2023-10-05 16:24:49 - [TEST_STEP][PASSED] - callTestCase(findTestCase("Product Ecommerce/TC-PE-001"), [:], STOP_ON_FAILURE): Call Test Case 'Test Cases/Product Ecommerce/TC-PE-001' successfully

2023-10-05 16:24:49 - [TEST_CASE][PASSED] - Test Cases/Product Ecommerce/TC-PE-001: Test Cases/Product Ecommerce/TC-PE-001

2023-10-05 16:24:49 - [TEST_STEP][PASSED] - callTestCase(findTestCase("Login Ecommerce/TC-Login Ecomerce-001"), [:], STOP_ON_FAILURE): Call Test Case 'Test Cases/Login Ecommerce/TC-Login Ecomerce-001' successfully

2023-10-05 16:24:49 - [TEST_CASE][PASSED] - Test Cases/Login Ecommerce/TC-Login Ecomerce-001: Test Cases/Login Ecommerce/TC-Login Ecomerce-001

2023-10-05 16:24:49 - [TEST_STEP][PASSED] - openBrowser(userTajalapak): Browser is opened with url: 'https://10.9.2.63/ecommerce/'

2023-10-05 16:24:49 - [MESSAGE][WARNING] - A browser is already opened. Closing browser and opening a new one

2023-10-05 16:24:50 - [MESSAGE][INFO] - Starting 'Edge Chromium' driver

2023-10-05 16:24:50 - [MESSAGE][INFO] - User set preference: ['acceptInsecureCerts', 'true']

2023-10-05 16:24:52 - [MESSAGE][INFO] - Action delay is set to 0 milliseconds

2023-10-05 16:24:55 - [MESSAGE][PASSED] - Browser is opened with url: 'https://10.9.2.63/ecommerce/'

2023-10-05 16:24:55 - [TEST_STEP][PASSED] - maximizeWindow(): Current window maximized

2023-10-05 16:24:55 - [MESSAGE][PASSED] - Current window maximized

2023-10-05 16:24:55 - [TEST_STEP][PASSED] - verifyElementPresent(findTestObject("Login Ecommerce/Verifikasi Halaman Login Akun"), 0): Object 'Object Repository/Login Ecommerce/Verifikasi Halaman Login Akun' is present

2023-10-05 16:24:55 - [MESSAGE][WARNING] - Timeout '0' is invalid. Using default page load timeout: '30'

2023-10-05 16:24:56 - [MESSAGE][PASSED] - Object 'Object Repository/Login Ecommerce/Verifikasi Halaman Login Akun' is present

2023-10-05 16:24:56 - [TEST_STEP][PASSED] - click(findTestObject("Login Ecommerce/Login Akun")): Object: 'Object Repository/Login Ecommerce/Login Akun' is clicked on

2023-10-05 16:24:57 - [MESSAGE][PASSED] - Object: 'Object Repository/Login Ecommerce/Login Akun' is clicked on

2023-10-05 16:24:57 - [TEST_STEP][PASSED] - verifyElementPresent(findTestObject("Login Ecommerce/Verifikasi Halaman Login Akun"), 0): Object 'Object Repository/Login Ecommerce/Verifikasi Halaman Login Akun' is present

2023-10-05 16:24:57 - [MESSAGE][WARNING] - Timeout '0' is invalid. Using default page load timeout: '30'

2023-10-05 16:24:57 - [MESSAGE][PASSED] - Object 'Object Repository/Login Ecommerce/Verifikasi Halaman Login Akun' is present

2023-10-05 16:24:57 - [TEST_STEP][PASSED] - setText(findTestObject("Login Ecommerce/Input Username"), "riswandha"): Text 'riswandha' is set on object 'Object Repository/Login Ecommerce/Input Username'

2023-10-05 16:24:58 - [MESSAGE][PASSED] - Text 'riswandha' is set on object 'Object Repository/Login Ecommerce/Input Username'

2023-10-05 16:24:58 - [TEST_STEP][PASSED] - setEncryptedText(findTestObject("Login Ecommerce/Input Password"), "iGDxf8hSRT4="): Text ****** has been set on object 'Object Repository/Login Ecommerce/Input Password'

2023-10-05 16:24:58 - [MESSAGE][PASSED] - Text ****** has been set on object 'Object Repository/Login Ecommerce/Input Password'

2023-10-05 16:24:58 - [TEST_STEP][PASSED] - click(findTestObject("Login Ecommerce/Button Masuk")): Object: 'Object Repository/Login Ecommerce/Button Masuk' is clicked on

2023-10-05 16:24:59 - [MESSAGE][PASSED] - Object: 'Object Repository/Login Ecommerce/Button Masuk' is clicked on

2023-10-05 16:24:59 - [TEST_STEP][PASSED] - verifyElementPresent(findTestObject("Login Ecommerce/Verifikasi Login Akun"), 0): Object 'Object Repository/Login Ecommerce/Verifikasi Login Akun' is present

2023-10-05 16:24:59 - [MESSAGE][WARNING] - Timeout '0' is invalid. Using default page load timeout: '30'

2023-10-05 16:25:00 - [MESSAGE][PASSED] - Object 'Object Repository/Login Ecommerce/Verifikasi Login Akun' is present

2023-10-05 16:25:00 - [MESSAGE][PASSED] - Call Test Case 'Test Cases/Login Ecommerce/TC-Login Ecomerce-001' successfully

2023-10-05 16:25:00 - [TEST_STEP][PASSED] - mouseOver(findTestObject("Product Ecommerce/Button Menu toko")): Object: 'Object Repository/Product Ecommerce/Button Menu toko' is hovered

2023-10-05 16:25:00 - [MESSAGE][PASSED] - Object: 'Object Repository/Product Ecommerce/Button Menu toko' is hovered

2023-10-05 16:25:00 - [TEST_STEP][PASSED] - click(findTestObject("Product Ecommerce/Button Daftar Produk")): Object: 'Object Repository/Product Ecommerce/Button Daftar Produk' is clicked on

2023-10-05 16:25:01 - [MESSAGE][PASSED] - Object: 'Object Repository/Product Ecommerce/Button Daftar Produk' is clicked on

2023-10-05 16:25:01 - [TEST_STEP][PASSED] - verifyElementPresent(findTestObject("Product Ecommerce/Verifikasi Halaman Product Anda"), 0): Object 'Object Repository/Product Ecommerce/Verifikasi Halaman Product Anda' is present

2023-10-05 16:25:01 - [MESSAGE][WARNING] - Timeout '0' is invalid. Using default page load timeout: '30'

2023-10-05 16:25:02 - [MESSAGE][PASSED] - Object 'Object Repository/Product Ecommerce/Verifikasi Halaman Product Anda' is present

2023-10-05 16:25:02 - [MESSAGE][PASSED] - Call Test Case 'Test Cases/Product Ecommerce/TC-PE-001' successfully

2023-10-05 16:25:02 - [TEST_STEP][PASSED] - click(findTestObject("Product Ecommerce/Tambahkan Produk")): Object: 'Object Repository/Product Ecommerce/Tambahkan Produk' is clicked on

2023-10-05 16:25:03 - [MESSAGE][PASSED] - Object: 'Object Repository/Product Ecommerce/Tambahkan Produk' is clicked on

2023-10-05 16:25:03 - [TEST_STEP][PASSED] - verifyElementPresent(findTestObject("Product Ecommerce/Tambahkan Product/Verifikasi Halaman Tambahkan Product"), 0): Object 'Object Repository/Product Ecommerce/Tambahkan Product/Verifikasi Halaman Tambahkan Product' is present

2023-10-05 16:25:03 - [MESSAGE][WARNING] - Timeout '0' is invalid. Using default page load timeout: '30'

2023-10-05 16:25:03 - [MESSAGE][PASSED] - Object 'Object Repository/Product Ecommerce/Tambahkan Product/Verifikasi Halaman Tambahkan Product' is present

2023-10-05 16:25:03 - [TEST_STEP][PASSED] - selectOptionByValue(findTestObject("Product Ecommerce/Tambahkan Product/Pilih Katagori Produk"), "6", false): All options with value '6' are selected in object 'Object Repository/Product Ecommerce/Tambahkan Product/Pilih Katagori Produk' 

2023-10-05 16:25:04 - [MESSAGE][PASSED] - All options with value '6' are selected in object 'Object Repository/Product Ecommerce/Tambahkan Product/Pilih Katagori Produk' 

2023-10-05 16:25:04 - [TEST_STEP][PASSED] - selectOptionByValue(findTestObject("Product Ecommerce/Tambahkan Product/Pilih Sub Katagori Produk"), "15", false): All options with value '15' are selected in object 'Object Repository/Product Ecommerce/Tambahkan Product/Pilih Sub Katagori Produk' 

2023-10-05 16:25:05 - [MESSAGE][PASSED] - All options with value '15' are selected in object 'Object Repository/Product Ecommerce/Tambahkan Product/Pilih Sub Katagori Produk' 

2023-10-05 16:25:05 - [TEST_STEP][PASSED] - setText(findTestObject("Product Ecommerce/Tambahkan Product/Input Nama Produk"), "Baju Koko Kids 0 - 9 tahun"): Text 'Baju Koko Kids 0 - 9 tahun' is set on object 'Object Repository/Product Ecommerce/Tambahkan Product/Input Nama Produk'

2023-10-05 16:25:05 - [MESSAGE][PASSED] - Text 'Baju Koko Kids 0 - 9 tahun' is set on object 'Object Repository/Product Ecommerce/Tambahkan Product/Input Nama Produk'

2023-10-05 16:25:05 - [TEST_STEP][PASSED] - setText(findTestObject("Product Ecommerce/Tambahkan Product/Input Satuan"), "Pcs"): Text 'Pcs' is set on object 'Object Repository/Product Ecommerce/Tambahkan Product/Input Satuan'

2023-10-05 16:25:06 - [MESSAGE][PASSED] - Text 'Pcs' is set on object 'Object Repository/Product Ecommerce/Tambahkan Product/Input Satuan'

2023-10-05 16:25:06 - [TEST_STEP][PASSED] - setText(findTestObject("Product Ecommerce/Tambahkan Product/Input Berat"), "100"): Text '100' is set on object 'Object Repository/Product Ecommerce/Tambahkan Product/Input Berat'

2023-10-05 16:25:07 - [MESSAGE][PASSED] - Text '100' is set on object 'Object Repository/Product Ecommerce/Tambahkan Product/Input Berat'

2023-10-05 16:25:07 - [TEST_STEP][PASSED] - setText(findTestObject("Product Ecommerce/Tambahkan Product/Input Harga Modal"), "10000"): Text '10000' is set on object 'Object Repository/Product Ecommerce/Tambahkan Product/Input Harga Modal'

2023-10-05 16:25:07 - [MESSAGE][PASSED] - Text '10000' is set on object 'Object Repository/Product Ecommerce/Tambahkan Product/Input Harga Modal'

2023-10-05 16:25:07 - [TEST_STEP][PASSED] - setText(findTestObject("Product Ecommerce/Tambahkan Product/Input Harga Jual"), "12000"): Text '12000' is set on object 'Object Repository/Product Ecommerce/Tambahkan Product/Input Harga Jual'

2023-10-05 16:25:08 - [MESSAGE][PASSED] - Text '12000' is set on object 'Object Repository/Product Ecommerce/Tambahkan Product/Input Harga Jual'

2023-10-05 16:25:08 - [TEST_STEP][PASSED] - setText(findTestObject("Product Ecommerce/Tambahkan Product/Input Diskon"), "1000"): Text '1000' is set on object 'Object Repository/Product Ecommerce/Tambahkan Product/Input Diskon'

2023-10-05 16:25:09 - [MESSAGE][PASSED] - Text '1000' is set on object 'Object Repository/Product Ecommerce/Tambahkan Product/Input Diskon'

2023-10-05 16:25:09 - [TEST_STEP][PASSED] - setText(findTestObject("Product Ecommerce/Tambahkan Product/Input Stok Awal"), "20"): Text '20' is set on object 'Object Repository/Product Ecommerce/Tambahkan Product/Input Stok Awal'

2023-10-05 16:25:10 - [MESSAGE][PASSED] - Text '20' is set on object 'Object Repository/Product Ecommerce/Tambahkan Product/Input Stok Awal'

2023-10-05 16:25:10 - [TEST_STEP][PASSED] - setText(findTestObject("Product Ecommerce/Tambahkan Product/Input Minimum Order"), "1"): Text '1' is set on object 'Object Repository/Product Ecommerce/Tambahkan Product/Input Minimum Order'

2023-10-05 16:25:10 - [MESSAGE][PASSED] - Text '1' is set on object 'Object Repository/Product Ecommerce/Tambahkan Product/Input Minimum Order'

2023-10-05 16:25:10 - [TEST_STEP][PASSED] - setText(findTestObject("Product Ecommerce/Tambahkan Product/Input Cuplikan"), "Stylish dan Nyaman! Baju Koko Kids kami cocok untuk usia 0 - 9 tahun. Terbuat dari bahan berkualitas tinggi yang lembut di kulit anak-anak, baju ini sempurna untuk berbagai acara, termasuk lebaran."): Text 'Stylish dan Nyaman! Baju Koko Kids kami cocok untuk usia 0 - 9 tahun. Terbuat dari bahan berkualitas tinggi yang lembut di kulit anak-anak, baju ini sempurna untuk berbagai acara, termasuk lebaran.' is set on object 'Object Repository/Product Ecommerce/Tambahkan Product/Input Cuplikan'

2023-10-05 16:25:11 - [MESSAGE][PASSED] - Text 'Stylish dan Nyaman! Baju Koko Kids kami cocok untuk usia 0 - 9 tahun. Terbuat dari bahan berkualitas tinggi yang lembut di kulit anak-anak, baju ini sempurna untuk berbagai acara, termasuk lebaran.' is set on object 'Object Repository/Product Ecommerce/Tambahkan Product/Input Cuplikan'

2023-10-05 16:25:11 - [TEST_STEP][PASSED] - check(findTestObject("Product Ecommerce/Tambahkan Product/Input Merek Pria")): Object 'Object Repository/Product Ecommerce/Tambahkan Product/Input Merek Pria' is checked

2023-10-05 16:25:11 - [MESSAGE][PASSED] - Object 'Object Repository/Product Ecommerce/Tambahkan Product/Input Merek Pria' is checked

2023-10-05 16:25:11 - [TEST_STEP][PASSED] - setText(findTestObject("Product Ecommerce/Tambahkan Product/Input Keterangan"), "Desain Modern: Tampil modis dengan desain terkini yang cocok untuk anak-anak. Kenyamanan Sepanjang Hari: Bahan lembut dan nyaman sehingga anak-anak tetap bahagia sepanjang hari. Beragam Warna: Pilihan warna yang cerah dan menarik. Ukuran Sesuai: Tersedia dalam berbagai ukuran, mulai dari 0 hingga 9 tahun. Dapatkan tampilan yang trendi untuk si kecil dengan Baju Koko Kids kami. Pesan sekarang dan buat momen lebaran mereka lebih istimewa!"): Text 'Desain Modern: Tampil modis dengan desain terkini yang cocok untuk anak-anak. Kenyamanan Sepanjang Hari: Bahan lembut dan nyaman sehingga anak-anak tetap bahagia sepanjang hari. Beragam Warna: Pilihan warna yang cerah dan menarik. Ukuran Sesuai: Tersedia dalam berbagai ukuran, mulai dari 0 hingga 9 tahun. Dapatkan tampilan yang trendi untuk si kecil dengan Baju Koko Kids kami. Pesan sekarang dan buat momen lebaran mereka lebih istimewa!' is set on object 'Object Repository/Product Ecommerce/Tambahkan Product/Input Keterangan'

2023-10-05 16:25:14 - [MESSAGE][PASSED] - Text 'Desain Modern: Tampil modis dengan desain terkini yang cocok untuk anak-anak. Kenyamanan Sepanjang Hari: Bahan lembut dan nyaman sehingga anak-anak tetap bahagia sepanjang hari. Beragam Warna: Pilihan warna yang cerah dan menarik. Ukuran Sesuai: Tersedia dalam berbagai ukuran, mulai dari 0 hingga 9 tahun. Dapatkan tampilan yang trendi untuk si kecil dengan Baju Koko Kids kami. Pesan sekarang dan buat momen lebaran mereka lebih istimewa!' is set on object 'Object Repository/Product Ecommerce/Tambahkan Product/Input Keterangan'

2023-10-05 16:25:14 - [TEST_STEP][PASSED] - setText(findTestObject("Product Ecommerce/Tambahkan Product/Input Variasi 1 Nama Variasi"), "Warna"): Text 'Warna' is set on object 'Object Repository/Product Ecommerce/Tambahkan Product/Input Variasi 1 Nama Variasi'

2023-10-05 16:25:15 - [MESSAGE][PASSED] - Text 'Warna' is set on object 'Object Repository/Product Ecommerce/Tambahkan Product/Input Variasi 1 Nama Variasi'

2023-10-05 16:25:15 - [TEST_STEP][PASSED] - setText(findTestObject("Product Ecommerce/Tambahkan Product/Input Variasi 1 Kolom 1"), "Merah"): Text 'Merah' is set on object 'Object Repository/Product Ecommerce/Tambahkan Product/Input Variasi 1 Kolom 1'

2023-10-05 16:25:15 - [MESSAGE][PASSED] - Text 'Merah' is set on object 'Object Repository/Product Ecommerce/Tambahkan Product/Input Variasi 1 Kolom 1'

2023-10-05 16:25:15 - [TEST_STEP][PASSED] - setText(findTestObject("Product Ecommerce/Tambahkan Product/Input Variasi 1 Kolom 2"), "Biru"): Text 'Biru' is set on object 'Object Repository/Product Ecommerce/Tambahkan Product/Input Variasi 1 Kolom 2'

2023-10-05 16:25:16 - [MESSAGE][PASSED] - Text 'Biru' is set on object 'Object Repository/Product Ecommerce/Tambahkan Product/Input Variasi 1 Kolom 2'

2023-10-05 16:25:16 - [TEST_STEP][PASSED] - uploadFile(findTestObject("Product Ecommerce/Tambahkan Product/Input File"), "E:\Pelatihan\Xsis Academy\Baju koko kids.jpg"): File 'E:\Pelatihan\Xsis Academy\Baju koko kids.jpg' sent to object: 'Object Repository/Product Ecommerce/Tambahkan Product/Input File'

2023-10-05 16:25:16 - [MESSAGE][PASSED] - File 'E:\Pelatihan\Xsis Academy\Baju koko kids.jpg' sent to object: 'Object Repository/Product Ecommerce/Tambahkan Product/Input File'

2023-10-05 16:25:16 - [TEST_STEP][PASSED] - click(findTestObject("Product Ecommerce/Tambahkan Product/Button Cancel")): Object: 'Object Repository/Product Ecommerce/Tambahkan Product/Button Cancel' is clicked on

2023-10-05 16:25:18 - [MESSAGE][PASSED] - Object: 'Object Repository/Product Ecommerce/Tambahkan Product/Button Cancel' is clicked on

2023-10-05 16:25:18 - [TEST_STEP][PASSED] - verifyElementPresent(findTestObject("Product Ecommerce/Verifikasi Halaman Product Anda"), 0): Object 'Object Repository/Product Ecommerce/Verifikasi Halaman Product Anda' is present

2023-10-05 16:25:18 - [MESSAGE][WARNING] - Timeout '0' is invalid. Using default page load timeout: '30'

2023-10-05 16:25:19 - [MESSAGE][PASSED] - Object 'Object Repository/Product Ecommerce/Verifikasi Halaman Product Anda' is present]]></system-out>
         <system-err><![CDATA[]]></system-err>
      </testcase>
      <testcase name="Test Cases/Product Ecommerce/TC-PE-007" time="14.572" classname="Test Cases/Product Ecommerce/TC-PE-007" status="PASSED">
         <system-out><![CDATA[2023-10-05 16:25:19 - [TEST_CASE][PASSED] - Test Cases/Product Ecommerce/TC-PE-007: Test Cases/Product Ecommerce/TC-PE-007

2023-10-05 16:25:19 - [TEST_STEP][PASSED] - callTestCase(findTestCase("Product Ecommerce/TC-PE-001"), [:], STOP_ON_FAILURE): Call Test Case 'Test Cases/Product Ecommerce/TC-PE-001' successfully

2023-10-05 16:25:19 - [TEST_CASE][PASSED] - Test Cases/Product Ecommerce/TC-PE-001: Test Cases/Product Ecommerce/TC-PE-001

2023-10-05 16:25:19 - [TEST_STEP][PASSED] - callTestCase(findTestCase("Login Ecommerce/TC-Login Ecomerce-001"), [:], STOP_ON_FAILURE): Call Test Case 'Test Cases/Login Ecommerce/TC-Login Ecomerce-001' successfully

2023-10-05 16:25:19 - [TEST_CASE][PASSED] - Test Cases/Login Ecommerce/TC-Login Ecomerce-001: Test Cases/Login Ecommerce/TC-Login Ecomerce-001

2023-10-05 16:25:19 - [TEST_STEP][PASSED] - openBrowser(userTajalapak): Browser is opened with url: 'https://10.9.2.63/ecommerce/'

2023-10-05 16:25:19 - [MESSAGE][WARNING] - A browser is already opened. Closing browser and opening a new one

2023-10-05 16:25:20 - [MESSAGE][INFO] - Starting 'Edge Chromium' driver

2023-10-05 16:25:20 - [MESSAGE][INFO] - User set preference: ['acceptInsecureCerts', 'true']

2023-10-05 16:25:22 - [MESSAGE][INFO] - Action delay is set to 0 milliseconds

2023-10-05 16:25:25 - [MESSAGE][PASSED] - Browser is opened with url: 'https://10.9.2.63/ecommerce/'

2023-10-05 16:25:25 - [TEST_STEP][PASSED] - maximizeWindow(): Current window maximized

2023-10-05 16:25:25 - [MESSAGE][PASSED] - Current window maximized

2023-10-05 16:25:25 - [TEST_STEP][PASSED] - verifyElementPresent(findTestObject("Login Ecommerce/Verifikasi Halaman Login Akun"), 0): Object 'Object Repository/Login Ecommerce/Verifikasi Halaman Login Akun' is present

2023-10-05 16:25:25 - [MESSAGE][WARNING] - Timeout '0' is invalid. Using default page load timeout: '30'

2023-10-05 16:25:26 - [MESSAGE][PASSED] - Object 'Object Repository/Login Ecommerce/Verifikasi Halaman Login Akun' is present

2023-10-05 16:25:26 - [TEST_STEP][PASSED] - click(findTestObject("Login Ecommerce/Login Akun")): Object: 'Object Repository/Login Ecommerce/Login Akun' is clicked on

2023-10-05 16:25:26 - [MESSAGE][PASSED] - Object: 'Object Repository/Login Ecommerce/Login Akun' is clicked on

2023-10-05 16:25:26 - [TEST_STEP][PASSED] - verifyElementPresent(findTestObject("Login Ecommerce/Verifikasi Halaman Login Akun"), 0): Object 'Object Repository/Login Ecommerce/Verifikasi Halaman Login Akun' is present

2023-10-05 16:25:26 - [MESSAGE][WARNING] - Timeout '0' is invalid. Using default page load timeout: '30'

2023-10-05 16:25:27 - [MESSAGE][PASSED] - Object 'Object Repository/Login Ecommerce/Verifikasi Halaman Login Akun' is present

2023-10-05 16:25:27 - [TEST_STEP][PASSED] - setText(findTestObject("Login Ecommerce/Input Username"), "riswandha"): Text 'riswandha' is set on object 'Object Repository/Login Ecommerce/Input Username'

2023-10-05 16:25:27 - [MESSAGE][PASSED] - Text 'riswandha' is set on object 'Object Repository/Login Ecommerce/Input Username'

2023-10-05 16:25:27 - [TEST_STEP][PASSED] - setEncryptedText(findTestObject("Login Ecommerce/Input Password"), "iGDxf8hSRT4="): Text ****** has been set on object 'Object Repository/Login Ecommerce/Input Password'

2023-10-05 16:25:28 - [MESSAGE][PASSED] - Text ****** has been set on object 'Object Repository/Login Ecommerce/Input Password'

2023-10-05 16:25:28 - [TEST_STEP][PASSED] - click(findTestObject("Login Ecommerce/Button Masuk")): Object: 'Object Repository/Login Ecommerce/Button Masuk' is clicked on

2023-10-05 16:25:29 - [MESSAGE][PASSED] - Object: 'Object Repository/Login Ecommerce/Button Masuk' is clicked on

2023-10-05 16:25:29 - [TEST_STEP][PASSED] - verifyElementPresent(findTestObject("Login Ecommerce/Verifikasi Login Akun"), 0): Object 'Object Repository/Login Ecommerce/Verifikasi Login Akun' is present

2023-10-05 16:25:29 - [MESSAGE][WARNING] - Timeout '0' is invalid. Using default page load timeout: '30'

2023-10-05 16:25:30 - [MESSAGE][PASSED] - Object 'Object Repository/Login Ecommerce/Verifikasi Login Akun' is present

2023-10-05 16:25:30 - [MESSAGE][PASSED] - Call Test Case 'Test Cases/Login Ecommerce/TC-Login Ecomerce-001' successfully

2023-10-05 16:25:30 - [TEST_STEP][PASSED] - mouseOver(findTestObject("Product Ecommerce/Button Menu toko")): Object: 'Object Repository/Product Ecommerce/Button Menu toko' is hovered

2023-10-05 16:25:30 - [MESSAGE][PASSED] - Object: 'Object Repository/Product Ecommerce/Button Menu toko' is hovered

2023-10-05 16:25:30 - [TEST_STEP][PASSED] - click(findTestObject("Product Ecommerce/Button Daftar Produk")): Object: 'Object Repository/Product Ecommerce/Button Daftar Produk' is clicked on

2023-10-05 16:25:31 - [MESSAGE][PASSED] - Object: 'Object Repository/Product Ecommerce/Button Daftar Produk' is clicked on

2023-10-05 16:25:31 - [TEST_STEP][PASSED] - verifyElementPresent(findTestObject("Product Ecommerce/Verifikasi Halaman Product Anda"), 0): Object 'Object Repository/Product Ecommerce/Verifikasi Halaman Product Anda' is present

2023-10-05 16:25:31 - [MESSAGE][WARNING] - Timeout '0' is invalid. Using default page load timeout: '30'

2023-10-05 16:25:31 - [MESSAGE][PASSED] - Object 'Object Repository/Product Ecommerce/Verifikasi Halaman Product Anda' is present

2023-10-05 16:25:31 - [MESSAGE][PASSED] - Call Test Case 'Test Cases/Product Ecommerce/TC-PE-001' successfully

2023-10-05 16:25:31 - [TEST_STEP][PASSED] - click(findTestObject("Product Ecommerce/Tambahkan Produk")): Object: 'Object Repository/Product Ecommerce/Tambahkan Produk' is clicked on

2023-10-05 16:25:32 - [MESSAGE][PASSED] - Object: 'Object Repository/Product Ecommerce/Tambahkan Produk' is clicked on

2023-10-05 16:25:32 - [TEST_STEP][PASSED] - click(findTestObject("Product Ecommerce/Tambahkan Product/Input Tambah Kolom Variasi 1")): Object: 'Object Repository/Product Ecommerce/Tambahkan Product/Input Tambah Kolom Variasi 1' is clicked on

2023-10-05 16:25:33 - [MESSAGE][PASSED] - Object: 'Object Repository/Product Ecommerce/Tambahkan Product/Input Tambah Kolom Variasi 1' is clicked on

2023-10-05 16:25:33 - [TEST_STEP][PASSED] - verifyElementPresent(findTestObject("Product Ecommerce/Verifikasi product/Verifikasi variasi Bertambah"), 0): Object 'Object Repository/Product Ecommerce/Verifikasi product/Verifikasi variasi Bertambah' is present

2023-10-05 16:25:33 - [MESSAGE][WARNING] - Timeout '0' is invalid. Using default page load timeout: '30'

2023-10-05 16:25:33 - [MESSAGE][PASSED] - Object 'Object Repository/Product Ecommerce/Verifikasi product/Verifikasi variasi Bertambah' is present]]></system-out>
         <system-err><![CDATA[]]></system-err>
      </testcase>
      <testcase name="Test Cases/Product Ecommerce/TC-PE-008" time="14.488" classname="Test Cases/Product Ecommerce/TC-PE-008" status="PASSED">
         <system-out><![CDATA[2023-10-05 16:25:33 - [TEST_CASE][PASSED] - Test Cases/Product Ecommerce/TC-PE-008: Test Cases/Product Ecommerce/TC-PE-008

2023-10-05 16:25:33 - [TEST_STEP][PASSED] - callTestCase(findTestCase("Product Ecommerce/TC-PE-001"), [:], STOP_ON_FAILURE): Call Test Case 'Test Cases/Product Ecommerce/TC-PE-001' successfully

2023-10-05 16:25:34 - [TEST_CASE][PASSED] - Test Cases/Product Ecommerce/TC-PE-001: Test Cases/Product Ecommerce/TC-PE-001

2023-10-05 16:25:34 - [TEST_STEP][PASSED] - callTestCase(findTestCase("Login Ecommerce/TC-Login Ecomerce-001"), [:], STOP_ON_FAILURE): Call Test Case 'Test Cases/Login Ecommerce/TC-Login Ecomerce-001' successfully

2023-10-05 16:25:34 - [TEST_CASE][PASSED] - Test Cases/Login Ecommerce/TC-Login Ecomerce-001: Test Cases/Login Ecommerce/TC-Login Ecomerce-001

2023-10-05 16:25:34 - [TEST_STEP][PASSED] - openBrowser(userTajalapak): Browser is opened with url: 'https://10.9.2.63/ecommerce/'

2023-10-05 16:25:34 - [MESSAGE][WARNING] - A browser is already opened. Closing browser and opening a new one

2023-10-05 16:25:34 - [MESSAGE][INFO] - Starting 'Edge Chromium' driver

2023-10-05 16:25:34 - [MESSAGE][INFO] - User set preference: ['acceptInsecureCerts', 'true']

2023-10-05 16:25:37 - [MESSAGE][INFO] - Action delay is set to 0 milliseconds

2023-10-05 16:25:40 - [MESSAGE][PASSED] - Browser is opened with url: 'https://10.9.2.63/ecommerce/'

2023-10-05 16:25:40 - [TEST_STEP][PASSED] - maximizeWindow(): Current window maximized

2023-10-05 16:25:40 - [MESSAGE][PASSED] - Current window maximized

2023-10-05 16:25:40 - [TEST_STEP][PASSED] - verifyElementPresent(findTestObject("Login Ecommerce/Verifikasi Halaman Login Akun"), 0): Object 'Object Repository/Login Ecommerce/Verifikasi Halaman Login Akun' is present

2023-10-05 16:25:40 - [MESSAGE][WARNING] - Timeout '0' is invalid. Using default page load timeout: '30'

2023-10-05 16:25:40 - [MESSAGE][PASSED] - Object 'Object Repository/Login Ecommerce/Verifikasi Halaman Login Akun' is present

2023-10-05 16:25:40 - [TEST_STEP][PASSED] - click(findTestObject("Login Ecommerce/Login Akun")): Object: 'Object Repository/Login Ecommerce/Login Akun' is clicked on

2023-10-05 16:25:41 - [MESSAGE][PASSED] - Object: 'Object Repository/Login Ecommerce/Login Akun' is clicked on

2023-10-05 16:25:41 - [TEST_STEP][PASSED] - verifyElementPresent(findTestObject("Login Ecommerce/Verifikasi Halaman Login Akun"), 0): Object 'Object Repository/Login Ecommerce/Verifikasi Halaman Login Akun' is present

2023-10-05 16:25:41 - [MESSAGE][WARNING] - Timeout '0' is invalid. Using default page load timeout: '30'

2023-10-05 16:25:41 - [MESSAGE][PASSED] - Object 'Object Repository/Login Ecommerce/Verifikasi Halaman Login Akun' is present

2023-10-05 16:25:41 - [TEST_STEP][PASSED] - setText(findTestObject("Login Ecommerce/Input Username"), "riswandha"): Text 'riswandha' is set on object 'Object Repository/Login Ecommerce/Input Username'

2023-10-05 16:25:42 - [MESSAGE][PASSED] - Text 'riswandha' is set on object 'Object Repository/Login Ecommerce/Input Username'

2023-10-05 16:25:42 - [TEST_STEP][PASSED] - setEncryptedText(findTestObject("Login Ecommerce/Input Password"), "iGDxf8hSRT4="): Text ****** has been set on object 'Object Repository/Login Ecommerce/Input Password'

2023-10-05 16:25:43 - [MESSAGE][PASSED] - Text ****** has been set on object 'Object Repository/Login Ecommerce/Input Password'

2023-10-05 16:25:43 - [TEST_STEP][PASSED] - click(findTestObject("Login Ecommerce/Button Masuk")): Object: 'Object Repository/Login Ecommerce/Button Masuk' is clicked on

2023-10-05 16:25:44 - [MESSAGE][PASSED] - Object: 'Object Repository/Login Ecommerce/Button Masuk' is clicked on

2023-10-05 16:25:44 - [TEST_STEP][PASSED] - verifyElementPresent(findTestObject("Login Ecommerce/Verifikasi Login Akun"), 0): Object 'Object Repository/Login Ecommerce/Verifikasi Login Akun' is present

2023-10-05 16:25:44 - [MESSAGE][WARNING] - Timeout '0' is invalid. Using default page load timeout: '30'

2023-10-05 16:25:44 - [MESSAGE][PASSED] - Object 'Object Repository/Login Ecommerce/Verifikasi Login Akun' is present

2023-10-05 16:25:44 - [MESSAGE][PASSED] - Call Test Case 'Test Cases/Login Ecommerce/TC-Login Ecomerce-001' successfully

2023-10-05 16:25:44 - [TEST_STEP][PASSED] - mouseOver(findTestObject("Product Ecommerce/Button Menu toko")): Object: 'Object Repository/Product Ecommerce/Button Menu toko' is hovered

2023-10-05 16:25:45 - [MESSAGE][PASSED] - Object: 'Object Repository/Product Ecommerce/Button Menu toko' is hovered

2023-10-05 16:25:45 - [TEST_STEP][PASSED] - click(findTestObject("Product Ecommerce/Button Daftar Produk")): Object: 'Object Repository/Product Ecommerce/Button Daftar Produk' is clicked on

2023-10-05 16:25:45 - [MESSAGE][PASSED] - Object: 'Object Repository/Product Ecommerce/Button Daftar Produk' is clicked on

2023-10-05 16:25:45 - [TEST_STEP][PASSED] - verifyElementPresent(findTestObject("Product Ecommerce/Verifikasi Halaman Product Anda"), 0): Object 'Object Repository/Product Ecommerce/Verifikasi Halaman Product Anda' is present

2023-10-05 16:25:45 - [MESSAGE][WARNING] - Timeout '0' is invalid. Using default page load timeout: '30'

2023-10-05 16:25:46 - [MESSAGE][PASSED] - Object 'Object Repository/Product Ecommerce/Verifikasi Halaman Product Anda' is present

2023-10-05 16:25:46 - [MESSAGE][PASSED] - Call Test Case 'Test Cases/Product Ecommerce/TC-PE-001' successfully

2023-10-05 16:25:46 - [TEST_STEP][PASSED] - click(findTestObject("Product Ecommerce/Tambahkan Produk")): Object: 'Object Repository/Product Ecommerce/Tambahkan Produk' is clicked on

2023-10-05 16:25:47 - [MESSAGE][PASSED] - Object: 'Object Repository/Product Ecommerce/Tambahkan Produk' is clicked on

2023-10-05 16:25:47 - [TEST_STEP][PASSED] - click(findTestObject("Product Ecommerce/Tambahkan Product/Input Hapus Kolom Variasi 1")): Object: 'Object Repository/Product Ecommerce/Tambahkan Product/Input Hapus Kolom Variasi 1' is clicked on

2023-10-05 16:25:47 - [MESSAGE][PASSED] - Object: 'Object Repository/Product Ecommerce/Tambahkan Product/Input Hapus Kolom Variasi 1' is clicked on

2023-10-05 16:25:47 - [TEST_STEP][PASSED] - verifyElementNotPresent(findTestObject("Product Ecommerce/Verifikasi product/Verifikasi variasi Berkurang"), 0): Web element with id: 'Object Repository/Product Ecommerce/Verifikasi product/Verifikasi variasi Berkurang' located by 'By.xpath: //input[@id='warna_2']' is not present after '30' second(s)

2023-10-05 16:25:47 - [MESSAGE][WARNING] - Timeout '0' is invalid. Using default page load timeout: '30'

2023-10-05 16:25:48 - [MESSAGE][PASSED] - Web element with id: 'Object Repository/Product Ecommerce/Verifikasi product/Verifikasi variasi Berkurang' located by 'By.xpath: //input[@id='warna_2']' is not present after '30' second(s)]]></system-out>
         <system-err><![CDATA[]]></system-err>
      </testcase>
      <testcase name="Test Cases/Product Ecommerce/TC-PE-009" time="20.305" classname="Test Cases/Product Ecommerce/TC-PE-009" status="PASSED">
         <system-out><![CDATA[2023-10-05 16:25:48 - [TEST_CASE][PASSED] - Test Cases/Product Ecommerce/TC-PE-009: Test Cases/Product Ecommerce/TC-PE-009

2023-10-05 16:25:48 - [TEST_STEP][PASSED] - callTestCase(findTestCase("Product Ecommerce/TC-PE-001"), [:], STOP_ON_FAILURE): Call Test Case 'Test Cases/Product Ecommerce/TC-PE-001' successfully

2023-10-05 16:25:48 - [TEST_CASE][PASSED] - Test Cases/Product Ecommerce/TC-PE-001: Test Cases/Product Ecommerce/TC-PE-001

2023-10-05 16:25:48 - [TEST_STEP][PASSED] - callTestCase(findTestCase("Login Ecommerce/TC-Login Ecomerce-001"), [:], STOP_ON_FAILURE): Call Test Case 'Test Cases/Login Ecommerce/TC-Login Ecomerce-001' successfully

2023-10-05 16:25:48 - [TEST_CASE][PASSED] - Test Cases/Login Ecommerce/TC-Login Ecomerce-001: Test Cases/Login Ecommerce/TC-Login Ecomerce-001

2023-10-05 16:25:48 - [TEST_STEP][PASSED] - openBrowser(userTajalapak): Browser is opened with url: 'https://10.9.2.63/ecommerce/'

2023-10-05 16:25:48 - [MESSAGE][WARNING] - A browser is already opened. Closing browser and opening a new one

2023-10-05 16:25:49 - [MESSAGE][INFO] - Starting 'Edge Chromium' driver

2023-10-05 16:25:49 - [MESSAGE][INFO] - User set preference: ['acceptInsecureCerts', 'true']

2023-10-05 16:25:51 - [MESSAGE][INFO] - Action delay is set to 0 milliseconds

2023-10-05 16:25:54 - [MESSAGE][PASSED] - Browser is opened with url: 'https://10.9.2.63/ecommerce/'

2023-10-05 16:25:54 - [TEST_STEP][PASSED] - maximizeWindow(): Current window maximized

2023-10-05 16:25:54 - [MESSAGE][PASSED] - Current window maximized

2023-10-05 16:25:54 - [TEST_STEP][PASSED] - verifyElementPresent(findTestObject("Login Ecommerce/Verifikasi Halaman Login Akun"), 0): Object 'Object Repository/Login Ecommerce/Verifikasi Halaman Login Akun' is present

2023-10-05 16:25:54 - [MESSAGE][WARNING] - Timeout '0' is invalid. Using default page load timeout: '30'

2023-10-05 16:25:55 - [MESSAGE][PASSED] - Object 'Object Repository/Login Ecommerce/Verifikasi Halaman Login Akun' is present

2023-10-05 16:25:55 - [TEST_STEP][PASSED] - click(findTestObject("Login Ecommerce/Login Akun")): Object: 'Object Repository/Login Ecommerce/Login Akun' is clicked on

2023-10-05 16:25:55 - [MESSAGE][PASSED] - Object: 'Object Repository/Login Ecommerce/Login Akun' is clicked on

2023-10-05 16:25:55 - [TEST_STEP][PASSED] - verifyElementPresent(findTestObject("Login Ecommerce/Verifikasi Halaman Login Akun"), 0): Object 'Object Repository/Login Ecommerce/Verifikasi Halaman Login Akun' is present

2023-10-05 16:25:55 - [MESSAGE][WARNING] - Timeout '0' is invalid. Using default page load timeout: '30'

2023-10-05 16:25:56 - [MESSAGE][PASSED] - Object 'Object Repository/Login Ecommerce/Verifikasi Halaman Login Akun' is present

2023-10-05 16:25:56 - [TEST_STEP][PASSED] - setText(findTestObject("Login Ecommerce/Input Username"), "riswandha"): Text 'riswandha' is set on object 'Object Repository/Login Ecommerce/Input Username'

2023-10-05 16:25:57 - [MESSAGE][PASSED] - Text 'riswandha' is set on object 'Object Repository/Login Ecommerce/Input Username'

2023-10-05 16:25:57 - [TEST_STEP][PASSED] - setEncryptedText(findTestObject("Login Ecommerce/Input Password"), "iGDxf8hSRT4="): Text ****** has been set on object 'Object Repository/Login Ecommerce/Input Password'

2023-10-05 16:25:57 - [MESSAGE][PASSED] - Text ****** has been set on object 'Object Repository/Login Ecommerce/Input Password'

2023-10-05 16:25:57 - [TEST_STEP][PASSED] - click(findTestObject("Login Ecommerce/Button Masuk")): Object: 'Object Repository/Login Ecommerce/Button Masuk' is clicked on

2023-10-05 16:25:58 - [MESSAGE][PASSED] - Object: 'Object Repository/Login Ecommerce/Button Masuk' is clicked on

2023-10-05 16:25:58 - [TEST_STEP][PASSED] - verifyElementPresent(findTestObject("Login Ecommerce/Verifikasi Login Akun"), 0): Object 'Object Repository/Login Ecommerce/Verifikasi Login Akun' is present

2023-10-05 16:25:58 - [MESSAGE][WARNING] - Timeout '0' is invalid. Using default page load timeout: '30'

2023-10-05 16:25:59 - [MESSAGE][PASSED] - Object 'Object Repository/Login Ecommerce/Verifikasi Login Akun' is present

2023-10-05 16:25:59 - [MESSAGE][PASSED] - Call Test Case 'Test Cases/Login Ecommerce/TC-Login Ecomerce-001' successfully

2023-10-05 16:25:59 - [TEST_STEP][PASSED] - mouseOver(findTestObject("Product Ecommerce/Button Menu toko")): Object: 'Object Repository/Product Ecommerce/Button Menu toko' is hovered

2023-10-05 16:25:59 - [MESSAGE][PASSED] - Object: 'Object Repository/Product Ecommerce/Button Menu toko' is hovered

2023-10-05 16:25:59 - [TEST_STEP][PASSED] - click(findTestObject("Product Ecommerce/Button Daftar Produk")): Object: 'Object Repository/Product Ecommerce/Button Daftar Produk' is clicked on

2023-10-05 16:26:00 - [MESSAGE][PASSED] - Object: 'Object Repository/Product Ecommerce/Button Daftar Produk' is clicked on

2023-10-05 16:26:00 - [TEST_STEP][PASSED] - verifyElementPresent(findTestObject("Product Ecommerce/Verifikasi Halaman Product Anda"), 0): Object 'Object Repository/Product Ecommerce/Verifikasi Halaman Product Anda' is present

2023-10-05 16:26:00 - [MESSAGE][WARNING] - Timeout '0' is invalid. Using default page load timeout: '30'

2023-10-05 16:26:01 - [MESSAGE][PASSED] - Object 'Object Repository/Product Ecommerce/Verifikasi Halaman Product Anda' is present

2023-10-05 16:26:01 - [MESSAGE][PASSED] - Call Test Case 'Test Cases/Product Ecommerce/TC-PE-001' successfully

2023-10-05 16:26:01 - [TEST_STEP][PASSED] - mouseOver(findTestObject("Product Ecommerce/Image Gambar produk 1")): Object: 'Object Repository/Product Ecommerce/Image Gambar produk 1' is hovered

2023-10-05 16:26:01 - [MESSAGE][PASSED] - Object: 'Object Repository/Product Ecommerce/Image Gambar produk 1' is hovered

2023-10-05 16:26:01 - [TEST_STEP][PASSED] - click(findTestObject("Product Ecommerce/Tambahkan Product/Edit Data")): Object: 'Object Repository/Product Ecommerce/Tambahkan Product/Edit Data' is clicked on

2023-10-05 16:26:02 - [MESSAGE][PASSED] - Object: 'Object Repository/Product Ecommerce/Tambahkan Product/Edit Data' is clicked on

2023-10-05 16:26:02 - [TEST_STEP][PASSED] - click(findTestObject("Product Ecommerce/Kupon/Button Buat Product")): Object: 'Object Repository/Product Ecommerce/Kupon/Button Buat Product' is clicked on

2023-10-05 16:26:02 - [MESSAGE][PASSED] - Object: 'Object Repository/Product Ecommerce/Kupon/Button Buat Product' is clicked on

2023-10-05 16:26:02 - [TEST_STEP][PASSED] - verifyElementPresent(findTestObject("Product Ecommerce/Kupon/Verifikasi Halaman Voucher Product"), 0): Object 'Object Repository/Product Ecommerce/Kupon/Verifikasi Halaman Voucher Product' is present

2023-10-05 16:26:02 - [MESSAGE][WARNING] - Timeout '0' is invalid. Using default page load timeout: '30'

2023-10-05 16:26:03 - [MESSAGE][PASSED] - Object 'Object Repository/Product Ecommerce/Kupon/Verifikasi Halaman Voucher Product' is present

2023-10-05 16:26:03 - [TEST_STEP][PASSED] - setText(findTestObject("Product Ecommerce/Kupon/Input Kode Kupon"), kodeKupon): Text 'product30' is set on object 'Object Repository/Product Ecommerce/Kupon/Input Kode Kupon'

2023-10-05 16:26:04 - [MESSAGE][PASSED] - Text 'product30' is set on object 'Object Repository/Product Ecommerce/Kupon/Input Kode Kupon'

2023-10-05 16:26:04 - [TEST_STEP][PASSED] - setText(findTestObject("Product Ecommerce/Kupon/Input Jumlah Kode kupon"), jumlah): Text '4' is set on object 'Object Repository/Product Ecommerce/Kupon/Input Jumlah Kode kupon'

2023-10-05 16:26:04 - [MESSAGE][PASSED] - Text '4' is set on object 'Object Repository/Product Ecommerce/Kupon/Input Jumlah Kode kupon'

2023-10-05 16:26:04 - [TEST_STEP][PASSED] - setText(findTestObject("Product Ecommerce/Kupon/Input Masa Berlaku"), expired): Text '2023-11-11' is set on object 'Object Repository/Product Ecommerce/Kupon/Input Masa Berlaku'

2023-10-05 16:26:05 - [MESSAGE][PASSED] - Text '2023-11-11' is set on object 'Object Repository/Product Ecommerce/Kupon/Input Masa Berlaku'

2023-10-05 16:26:05 - [TEST_STEP][PASSED] - setText(findTestObject("Product Ecommerce/Kupon/Input Min Order"), minOrder): Text '2' is set on object 'Object Repository/Product Ecommerce/Kupon/Input Min Order'

2023-10-05 16:26:06 - [MESSAGE][PASSED] - Text '2' is set on object 'Object Repository/Product Ecommerce/Kupon/Input Min Order'

2023-10-05 16:26:06 - [TEST_STEP][PASSED] - setText(findTestObject("Product Ecommerce/Kupon/Input Nilai Kupon"), nilai): Text '300' is set on object 'Object Repository/Product Ecommerce/Kupon/Input Nilai Kupon'

2023-10-05 16:26:06 - [MESSAGE][PASSED] - Text '300' is set on object 'Object Repository/Product Ecommerce/Kupon/Input Nilai Kupon'

2023-10-05 16:26:06 - [TEST_STEP][PASSED] - click(findTestObject("Product Ecommerce/Kupon/Button Simpan")): Object: 'Object Repository/Product Ecommerce/Kupon/Button Simpan' is clicked on

2023-10-05 16:26:07 - [MESSAGE][PASSED] - Object: 'Object Repository/Product Ecommerce/Kupon/Button Simpan' is clicked on

2023-10-05 16:26:07 - [TEST_STEP][PASSED] - dataList = findWebElements(findTestObject("Object Repository/Product Ecommerce/Kupon/Data Semua Voucher"), 10): null

2023-10-05 16:26:08 - [TEST_STEP][PASSED] - dataKupon = "": null

2023-10-05 16:26:08 - [TEST_STEP][PASSED] - for ([i = 0, i < dataList.size(), (i++)]): null

2023-10-05 16:26:08 - [TEST_STEP][PASSED] - text = text: null

2023-10-05 16:26:08 - [TEST_STEP][PASSED] - dataKupon = dataKupon + text: null

2023-10-05 16:26:08 - [TEST_STEP][PASSED] - println(dataKupon): null

2023-10-05 16:26:08 - [TEST_STEP][PASSED] - assert dataKupon.contains(kodeKupon): null

2023-10-05 16:26:08 - [TEST_STEP][PASSED] - assert dataKupon.contains(jumlah): null

2023-10-05 16:26:08 - [TEST_STEP][PASSED] - assert dataKupon.contains(expired): null

2023-10-05 16:26:08 - [TEST_STEP][PASSED] - assert dataKupon.contains(minOrder): null

2023-10-05 16:26:08 - [TEST_STEP][PASSED] - assert dataKupon.contains(nilai): null]]></system-out>
         <system-err><![CDATA[]]></system-err>
      </testcase>
      <testcase name="Test Cases/Product Ecommerce/TC-PE-010" time="17.849" classname="Test Cases/Product Ecommerce/TC-PE-010" status="PASSED">
         <system-out><![CDATA[2023-10-05 16:26:08 - [TEST_CASE][PASSED] - Test Cases/Product Ecommerce/TC-PE-010: Test Cases/Product Ecommerce/TC-PE-010

2023-10-05 16:26:08 - [TEST_STEP][PASSED] - callTestCase(findTestCase("Product Ecommerce/TC-PE-001"), [:], STOP_ON_FAILURE): Call Test Case 'Test Cases/Product Ecommerce/TC-PE-001' successfully

2023-10-05 16:26:08 - [TEST_CASE][PASSED] - Test Cases/Product Ecommerce/TC-PE-001: Test Cases/Product Ecommerce/TC-PE-001

2023-10-05 16:26:08 - [TEST_STEP][PASSED] - callTestCase(findTestCase("Login Ecommerce/TC-Login Ecomerce-001"), [:], STOP_ON_FAILURE): Call Test Case 'Test Cases/Login Ecommerce/TC-Login Ecomerce-001' successfully

2023-10-05 16:26:08 - [TEST_CASE][PASSED] - Test Cases/Login Ecommerce/TC-Login Ecomerce-001: Test Cases/Login Ecommerce/TC-Login Ecomerce-001

2023-10-05 16:26:08 - [TEST_STEP][PASSED] - openBrowser(userTajalapak): Browser is opened with url: 'https://10.9.2.63/ecommerce/'

2023-10-05 16:26:08 - [MESSAGE][WARNING] - A browser is already opened. Closing browser and opening a new one

2023-10-05 16:26:09 - [MESSAGE][INFO] - Starting 'Edge Chromium' driver

2023-10-05 16:26:09 - [MESSAGE][INFO] - User set preference: ['acceptInsecureCerts', 'true']

2023-10-05 16:26:11 - [MESSAGE][INFO] - Action delay is set to 0 milliseconds

2023-10-05 16:26:14 - [MESSAGE][PASSED] - Browser is opened with url: 'https://10.9.2.63/ecommerce/'

2023-10-05 16:26:14 - [TEST_STEP][PASSED] - maximizeWindow(): Current window maximized

2023-10-05 16:26:15 - [MESSAGE][PASSED] - Current window maximized

2023-10-05 16:26:15 - [TEST_STEP][PASSED] - verifyElementPresent(findTestObject("Login Ecommerce/Verifikasi Halaman Login Akun"), 0): Object 'Object Repository/Login Ecommerce/Verifikasi Halaman Login Akun' is present

2023-10-05 16:26:15 - [MESSAGE][WARNING] - Timeout '0' is invalid. Using default page load timeout: '30'

2023-10-05 16:26:15 - [MESSAGE][PASSED] - Object 'Object Repository/Login Ecommerce/Verifikasi Halaman Login Akun' is present

2023-10-05 16:26:15 - [TEST_STEP][PASSED] - click(findTestObject("Login Ecommerce/Login Akun")): Object: 'Object Repository/Login Ecommerce/Login Akun' is clicked on

2023-10-05 16:26:16 - [MESSAGE][PASSED] - Object: 'Object Repository/Login Ecommerce/Login Akun' is clicked on

2023-10-05 16:26:16 - [TEST_STEP][PASSED] - verifyElementPresent(findTestObject("Login Ecommerce/Verifikasi Halaman Login Akun"), 0): Object 'Object Repository/Login Ecommerce/Verifikasi Halaman Login Akun' is present

2023-10-05 16:26:16 - [MESSAGE][WARNING] - Timeout '0' is invalid. Using default page load timeout: '30'

2023-10-05 16:26:16 - [MESSAGE][PASSED] - Object 'Object Repository/Login Ecommerce/Verifikasi Halaman Login Akun' is present

2023-10-05 16:26:16 - [TEST_STEP][PASSED] - setText(findTestObject("Login Ecommerce/Input Username"), "riswandha"): Text 'riswandha' is set on object 'Object Repository/Login Ecommerce/Input Username'

2023-10-05 16:26:17 - [MESSAGE][PASSED] - Text 'riswandha' is set on object 'Object Repository/Login Ecommerce/Input Username'

2023-10-05 16:26:17 - [TEST_STEP][PASSED] - setEncryptedText(findTestObject("Login Ecommerce/Input Password"), "iGDxf8hSRT4="): Text ****** has been set on object 'Object Repository/Login Ecommerce/Input Password'

2023-10-05 16:26:18 - [MESSAGE][PASSED] - Text ****** has been set on object 'Object Repository/Login Ecommerce/Input Password'

2023-10-05 16:26:18 - [TEST_STEP][PASSED] - click(findTestObject("Login Ecommerce/Button Masuk")): Object: 'Object Repository/Login Ecommerce/Button Masuk' is clicked on

2023-10-05 16:26:18 - [MESSAGE][PASSED] - Object: 'Object Repository/Login Ecommerce/Button Masuk' is clicked on

2023-10-05 16:26:18 - [TEST_STEP][PASSED] - verifyElementPresent(findTestObject("Login Ecommerce/Verifikasi Login Akun"), 0): Object 'Object Repository/Login Ecommerce/Verifikasi Login Akun' is present

2023-10-05 16:26:18 - [MESSAGE][WARNING] - Timeout '0' is invalid. Using default page load timeout: '30'

2023-10-05 16:26:19 - [MESSAGE][PASSED] - Object 'Object Repository/Login Ecommerce/Verifikasi Login Akun' is present

2023-10-05 16:26:19 - [MESSAGE][PASSED] - Call Test Case 'Test Cases/Login Ecommerce/TC-Login Ecomerce-001' successfully

2023-10-05 16:26:19 - [TEST_STEP][PASSED] - mouseOver(findTestObject("Product Ecommerce/Button Menu toko")): Object: 'Object Repository/Product Ecommerce/Button Menu toko' is hovered

2023-10-05 16:26:20 - [MESSAGE][PASSED] - Object: 'Object Repository/Product Ecommerce/Button Menu toko' is hovered

2023-10-05 16:26:20 - [TEST_STEP][PASSED] - click(findTestObject("Product Ecommerce/Button Daftar Produk")): Object: 'Object Repository/Product Ecommerce/Button Daftar Produk' is clicked on

2023-10-05 16:26:20 - [MESSAGE][PASSED] - Object: 'Object Repository/Product Ecommerce/Button Daftar Produk' is clicked on

2023-10-05 16:26:20 - [TEST_STEP][PASSED] - verifyElementPresent(findTestObject("Product Ecommerce/Verifikasi Halaman Product Anda"), 0): Object 'Object Repository/Product Ecommerce/Verifikasi Halaman Product Anda' is present

2023-10-05 16:26:20 - [MESSAGE][WARNING] - Timeout '0' is invalid. Using default page load timeout: '30'

2023-10-05 16:26:21 - [MESSAGE][PASSED] - Object 'Object Repository/Product Ecommerce/Verifikasi Halaman Product Anda' is present

2023-10-05 16:26:21 - [MESSAGE][PASSED] - Call Test Case 'Test Cases/Product Ecommerce/TC-PE-001' successfully

2023-10-05 16:26:21 - [TEST_STEP][PASSED] - mouseOver(findTestObject("Product Ecommerce/Image Gambar produk 1")): Object: 'Object Repository/Product Ecommerce/Image Gambar produk 1' is hovered

2023-10-05 16:26:21 - [MESSAGE][PASSED] - Object: 'Object Repository/Product Ecommerce/Image Gambar produk 1' is hovered

2023-10-05 16:26:21 - [TEST_STEP][PASSED] - click(findTestObject("Product Ecommerce/Tambahkan Product/Edit Data")): Object: 'Object Repository/Product Ecommerce/Tambahkan Product/Edit Data' is clicked on

2023-10-05 16:26:22 - [MESSAGE][PASSED] - Object: 'Object Repository/Product Ecommerce/Tambahkan Product/Edit Data' is clicked on

2023-10-05 16:26:22 - [TEST_STEP][PASSED] - click(findTestObject("Product Ecommerce/Kupon/Button Buat Product")): Object: 'Object Repository/Product Ecommerce/Kupon/Button Buat Product' is clicked on

2023-10-05 16:26:23 - [MESSAGE][PASSED] - Object: 'Object Repository/Product Ecommerce/Kupon/Button Buat Product' is clicked on

2023-10-05 16:26:23 - [TEST_STEP][PASSED] - verifyElementPresent(findTestObject("Product Ecommerce/Kupon/Verifikasi Halaman Voucher Product"), 0): Object 'Object Repository/Product Ecommerce/Kupon/Verifikasi Halaman Voucher Product' is present

2023-10-05 16:26:23 - [MESSAGE][WARNING] - Timeout '0' is invalid. Using default page load timeout: '30'

2023-10-05 16:26:23 - [MESSAGE][PASSED] - Object 'Object Repository/Product Ecommerce/Kupon/Verifikasi Halaman Voucher Product' is present

2023-10-05 16:26:23 - [TEST_STEP][PASSED] - click(findTestObject("Product Ecommerce/Kupon/Button Edit Voucher")): Object: 'Object Repository/Product Ecommerce/Kupon/Button Edit Voucher' is clicked on

2023-10-05 16:26:24 - [MESSAGE][PASSED] - Object: 'Object Repository/Product Ecommerce/Kupon/Button Edit Voucher' is clicked on

2023-10-05 16:26:24 - [TEST_STEP][PASSED] - setText(findTestObject("Product Ecommerce/Kupon/Input Kode Kupon"), kodeKupon): Text 'Product31' is set on object 'Object Repository/Product Ecommerce/Kupon/Input Kode Kupon'

2023-10-05 16:26:25 - [MESSAGE][PASSED] - Text 'Product31' is set on object 'Object Repository/Product Ecommerce/Kupon/Input Kode Kupon'

2023-10-05 16:26:25 - [TEST_STEP][PASSED] - click(findTestObject("Product Ecommerce/Kupon/Button Simpan")): Object: 'Object Repository/Product Ecommerce/Kupon/Button Simpan' is clicked on

2023-10-05 16:26:25 - [MESSAGE][PASSED] - Object: 'Object Repository/Product Ecommerce/Kupon/Button Simpan' is clicked on

2023-10-05 16:26:25 - [TEST_STEP][PASSED] - dataList = findWebElements(findTestObject("Object Repository/Product Ecommerce/Kupon/Data Semua Voucher"), 10): null

2023-10-05 16:26:26 - [TEST_STEP][PASSED] - dataKupon = "": null

2023-10-05 16:26:26 - [TEST_STEP][PASSED] - for ([i = 0, i < dataList.size(), (i++)]): null

2023-10-05 16:26:26 - [TEST_STEP][PASSED] - text = text: null

2023-10-05 16:26:26 - [TEST_STEP][PASSED] - dataKupon = dataKupon + text: null

2023-10-05 16:26:26 - [TEST_STEP][PASSED] - println(dataKupon): null

2023-10-05 16:26:26 - [TEST_STEP][PASSED] - assert dataKupon.contains(kodeKupon): null]]></system-out>
         <system-err><![CDATA[]]></system-err>
      </testcase>
      <testcase name="Test Cases/Product Ecommerce/TC-PE-011" time="16.119" classname="Test Cases/Product Ecommerce/TC-PE-011" status="PASSED">
         <system-out><![CDATA[2023-10-05 16:26:26 - [TEST_CASE][PASSED] - Test Cases/Product Ecommerce/TC-PE-011: Test Cases/Product Ecommerce/TC-PE-011

2023-10-05 16:26:26 - [TEST_STEP][PASSED] - callTestCase(findTestCase("Product Ecommerce/TC-PE-001"), [:], STOP_ON_FAILURE): Call Test Case 'Test Cases/Product Ecommerce/TC-PE-001' successfully

2023-10-05 16:26:26 - [TEST_CASE][PASSED] - Test Cases/Product Ecommerce/TC-PE-001: Test Cases/Product Ecommerce/TC-PE-001

2023-10-05 16:26:26 - [TEST_STEP][PASSED] - callTestCase(findTestCase("Login Ecommerce/TC-Login Ecomerce-001"), [:], STOP_ON_FAILURE): Call Test Case 'Test Cases/Login Ecommerce/TC-Login Ecomerce-001' successfully

2023-10-05 16:26:26 - [TEST_CASE][PASSED] - Test Cases/Login Ecommerce/TC-Login Ecomerce-001: Test Cases/Login Ecommerce/TC-Login Ecomerce-001

2023-10-05 16:26:26 - [TEST_STEP][PASSED] - openBrowser(userTajalapak): Browser is opened with url: 'https://10.9.2.63/ecommerce/'

2023-10-05 16:26:26 - [MESSAGE][WARNING] - A browser is already opened. Closing browser and opening a new one

2023-10-05 16:26:27 - [MESSAGE][INFO] - Starting 'Edge Chromium' driver

2023-10-05 16:26:27 - [MESSAGE][INFO] - User set preference: ['acceptInsecureCerts', 'true']

2023-10-05 16:26:29 - [MESSAGE][INFO] - Action delay is set to 0 milliseconds

2023-10-05 16:26:32 - [MESSAGE][PASSED] - Browser is opened with url: 'https://10.9.2.63/ecommerce/'

2023-10-05 16:26:32 - [TEST_STEP][PASSED] - maximizeWindow(): Current window maximized

2023-10-05 16:26:32 - [MESSAGE][PASSED] - Current window maximized

2023-10-05 16:26:32 - [TEST_STEP][PASSED] - verifyElementPresent(findTestObject("Login Ecommerce/Verifikasi Halaman Login Akun"), 0): Object 'Object Repository/Login Ecommerce/Verifikasi Halaman Login Akun' is present

2023-10-05 16:26:32 - [MESSAGE][WARNING] - Timeout '0' is invalid. Using default page load timeout: '30'

2023-10-05 16:26:33 - [MESSAGE][PASSED] - Object 'Object Repository/Login Ecommerce/Verifikasi Halaman Login Akun' is present

2023-10-05 16:26:33 - [TEST_STEP][PASSED] - click(findTestObject("Login Ecommerce/Login Akun")): Object: 'Object Repository/Login Ecommerce/Login Akun' is clicked on

2023-10-05 16:26:33 - [MESSAGE][PASSED] - Object: 'Object Repository/Login Ecommerce/Login Akun' is clicked on

2023-10-05 16:26:33 - [TEST_STEP][PASSED] - verifyElementPresent(findTestObject("Login Ecommerce/Verifikasi Halaman Login Akun"), 0): Object 'Object Repository/Login Ecommerce/Verifikasi Halaman Login Akun' is present

2023-10-05 16:26:33 - [MESSAGE][WARNING] - Timeout '0' is invalid. Using default page load timeout: '30'

2023-10-05 16:26:34 - [MESSAGE][PASSED] - Object 'Object Repository/Login Ecommerce/Verifikasi Halaman Login Akun' is present

2023-10-05 16:26:34 - [TEST_STEP][PASSED] - setText(findTestObject("Login Ecommerce/Input Username"), "riswandha"): Text 'riswandha' is set on object 'Object Repository/Login Ecommerce/Input Username'

2023-10-05 16:26:34 - [MESSAGE][PASSED] - Text 'riswandha' is set on object 'Object Repository/Login Ecommerce/Input Username'

2023-10-05 16:26:34 - [TEST_STEP][PASSED] - setEncryptedText(findTestObject("Login Ecommerce/Input Password"), "iGDxf8hSRT4="): Text ****** has been set on object 'Object Repository/Login Ecommerce/Input Password'

2023-10-05 16:26:35 - [MESSAGE][PASSED] - Text ****** has been set on object 'Object Repository/Login Ecommerce/Input Password'

2023-10-05 16:26:35 - [TEST_STEP][PASSED] - click(findTestObject("Login Ecommerce/Button Masuk")): Object: 'Object Repository/Login Ecommerce/Button Masuk' is clicked on

2023-10-05 16:26:36 - [MESSAGE][PASSED] - Object: 'Object Repository/Login Ecommerce/Button Masuk' is clicked on

2023-10-05 16:26:36 - [TEST_STEP][PASSED] - verifyElementPresent(findTestObject("Login Ecommerce/Verifikasi Login Akun"), 0): Object 'Object Repository/Login Ecommerce/Verifikasi Login Akun' is present

2023-10-05 16:26:36 - [MESSAGE][WARNING] - Timeout '0' is invalid. Using default page load timeout: '30'

2023-10-05 16:26:36 - [MESSAGE][PASSED] - Object 'Object Repository/Login Ecommerce/Verifikasi Login Akun' is present

2023-10-05 16:26:36 - [MESSAGE][PASSED] - Call Test Case 'Test Cases/Login Ecommerce/TC-Login Ecomerce-001' successfully

2023-10-05 16:26:36 - [TEST_STEP][PASSED] - mouseOver(findTestObject("Product Ecommerce/Button Menu toko")): Object: 'Object Repository/Product Ecommerce/Button Menu toko' is hovered

2023-10-05 16:26:37 - [MESSAGE][PASSED] - Object: 'Object Repository/Product Ecommerce/Button Menu toko' is hovered

2023-10-05 16:26:37 - [TEST_STEP][PASSED] - click(findTestObject("Product Ecommerce/Button Daftar Produk")): Object: 'Object Repository/Product Ecommerce/Button Daftar Produk' is clicked on

2023-10-05 16:26:38 - [MESSAGE][PASSED] - Object: 'Object Repository/Product Ecommerce/Button Daftar Produk' is clicked on

2023-10-05 16:26:38 - [TEST_STEP][PASSED] - verifyElementPresent(findTestObject("Product Ecommerce/Verifikasi Halaman Product Anda"), 0): Object 'Object Repository/Product Ecommerce/Verifikasi Halaman Product Anda' is present

2023-10-05 16:26:38 - [MESSAGE][WARNING] - Timeout '0' is invalid. Using default page load timeout: '30'

2023-10-05 16:26:38 - [MESSAGE][PASSED] - Object 'Object Repository/Product Ecommerce/Verifikasi Halaman Product Anda' is present

2023-10-05 16:26:38 - [MESSAGE][PASSED] - Call Test Case 'Test Cases/Product Ecommerce/TC-PE-001' successfully

2023-10-05 16:26:38 - [TEST_STEP][PASSED] - mouseOver(findTestObject("Product Ecommerce/Image Gambar produk 1")): Object: 'Object Repository/Product Ecommerce/Image Gambar produk 1' is hovered

2023-10-05 16:26:39 - [MESSAGE][PASSED] - Object: 'Object Repository/Product Ecommerce/Image Gambar produk 1' is hovered

2023-10-05 16:26:39 - [TEST_STEP][PASSED] - click(findTestObject("Product Ecommerce/Tambahkan Product/Edit Data")): Object: 'Object Repository/Product Ecommerce/Tambahkan Product/Edit Data' is clicked on

2023-10-05 16:26:40 - [MESSAGE][PASSED] - Object: 'Object Repository/Product Ecommerce/Tambahkan Product/Edit Data' is clicked on

2023-10-05 16:26:40 - [TEST_STEP][PASSED] - click(findTestObject("Product Ecommerce/Kupon/Button Buat Product")): Object: 'Object Repository/Product Ecommerce/Kupon/Button Buat Product' is clicked on

2023-10-05 16:26:40 - [MESSAGE][PASSED] - Object: 'Object Repository/Product Ecommerce/Kupon/Button Buat Product' is clicked on

2023-10-05 16:26:40 - [TEST_STEP][PASSED] - verifyElementPresent(findTestObject("Product Ecommerce/Kupon/Verifikasi Halaman Voucher Product"), 0): Object 'Object Repository/Product Ecommerce/Kupon/Verifikasi Halaman Voucher Product' is present

2023-10-05 16:26:40 - [MESSAGE][WARNING] - Timeout '0' is invalid. Using default page load timeout: '30'

2023-10-05 16:26:41 - [MESSAGE][PASSED] - Object 'Object Repository/Product Ecommerce/Kupon/Verifikasi Halaman Voucher Product' is present

2023-10-05 16:26:41 - [TEST_STEP][PASSED] - click(findTestObject("Product Ecommerce/Kupon/Button Hapus Data")): Object: 'Object Repository/Product Ecommerce/Kupon/Button Hapus Data' is clicked on

2023-10-05 16:26:41 - [MESSAGE][PASSED] - Object: 'Object Repository/Product Ecommerce/Kupon/Button Hapus Data' is clicked on

2023-10-05 16:26:41 - [TEST_STEP][PASSED] - verifyElementNotPresent(findTestObject("Product Ecommerce/Kupon/Button Edit Voucher"), 0): Web element with id: 'Object Repository/Product Ecommerce/Kupon/Button Edit Voucher' located by 'By.xpath: /html/body/div[12]/div/div/div[2]/div/div/table/tbody/tr[1]/td[7]/a[1]' is not present after '30' second(s)

2023-10-05 16:26:41 - [MESSAGE][WARNING] - Timeout '0' is invalid. Using default page load timeout: '30'

2023-10-05 16:26:42 - [MESSAGE][PASSED] - Web element with id: 'Object Repository/Product Ecommerce/Kupon/Button Edit Voucher' located by 'By.xpath: /html/body/div[12]/div/div/div[2]/div/div/table/tbody/tr[1]/td[7]/a[1]' is not present after '30' second(s)]]></system-out>
         <system-err><![CDATA[]]></system-err>
      </testcase>
      <testcase name="Test Cases/Product Ecommerce/TC-PE-012" time="26.028" classname="Test Cases/Product Ecommerce/TC-PE-012" status="PASSED">
         <system-out><![CDATA[2023-10-05 16:26:42 - [TEST_CASE][PASSED] - Test Cases/Product Ecommerce/TC-PE-012: Test Cases/Product Ecommerce/TC-PE-012

2023-10-05 16:26:42 - [TEST_STEP][PASSED] - callTestCase(findTestCase("Product Ecommerce/TC-PE-001"), [:], STOP_ON_FAILURE): Call Test Case 'Test Cases/Product Ecommerce/TC-PE-001' successfully

2023-10-05 16:26:42 - [TEST_CASE][PASSED] - Test Cases/Product Ecommerce/TC-PE-001: Test Cases/Product Ecommerce/TC-PE-001

2023-10-05 16:26:42 - [TEST_STEP][PASSED] - callTestCase(findTestCase("Login Ecommerce/TC-Login Ecomerce-001"), [:], STOP_ON_FAILURE): Call Test Case 'Test Cases/Login Ecommerce/TC-Login Ecomerce-001' successfully

2023-10-05 16:26:42 - [TEST_CASE][PASSED] - Test Cases/Login Ecommerce/TC-Login Ecomerce-001: Test Cases/Login Ecommerce/TC-Login Ecomerce-001

2023-10-05 16:26:42 - [TEST_STEP][PASSED] - openBrowser(userTajalapak): Browser is opened with url: 'https://10.9.2.63/ecommerce/'

2023-10-05 16:26:42 - [MESSAGE][WARNING] - A browser is already opened. Closing browser and opening a new one

2023-10-05 16:26:43 - [MESSAGE][INFO] - Starting 'Edge Chromium' driver

2023-10-05 16:26:43 - [MESSAGE][INFO] - User set preference: ['acceptInsecureCerts', 'true']

2023-10-05 16:26:45 - [MESSAGE][INFO] - Action delay is set to 0 milliseconds

2023-10-05 16:26:49 - [MESSAGE][PASSED] - Browser is opened with url: 'https://10.9.2.63/ecommerce/'

2023-10-05 16:26:49 - [TEST_STEP][PASSED] - maximizeWindow(): Current window maximized

2023-10-05 16:26:49 - [MESSAGE][PASSED] - Current window maximized

2023-10-05 16:26:49 - [TEST_STEP][PASSED] - verifyElementPresent(findTestObject("Login Ecommerce/Verifikasi Halaman Login Akun"), 0): Object 'Object Repository/Login Ecommerce/Verifikasi Halaman Login Akun' is present

2023-10-05 16:26:49 - [MESSAGE][WARNING] - Timeout '0' is invalid. Using default page load timeout: '30'

2023-10-05 16:26:49 - [MESSAGE][PASSED] - Object 'Object Repository/Login Ecommerce/Verifikasi Halaman Login Akun' is present

2023-10-05 16:26:49 - [TEST_STEP][PASSED] - click(findTestObject("Login Ecommerce/Login Akun")): Object: 'Object Repository/Login Ecommerce/Login Akun' is clicked on

2023-10-05 16:26:50 - [MESSAGE][PASSED] - Object: 'Object Repository/Login Ecommerce/Login Akun' is clicked on

2023-10-05 16:26:50 - [TEST_STEP][PASSED] - verifyElementPresent(findTestObject("Login Ecommerce/Verifikasi Halaman Login Akun"), 0): Object 'Object Repository/Login Ecommerce/Verifikasi Halaman Login Akun' is present

2023-10-05 16:26:50 - [MESSAGE][WARNING] - Timeout '0' is invalid. Using default page load timeout: '30'

2023-10-05 16:26:50 - [MESSAGE][PASSED] - Object 'Object Repository/Login Ecommerce/Verifikasi Halaman Login Akun' is present

2023-10-05 16:26:50 - [TEST_STEP][PASSED] - setText(findTestObject("Login Ecommerce/Input Username"), "riswandha"): Text 'riswandha' is set on object 'Object Repository/Login Ecommerce/Input Username'

2023-10-05 16:26:51 - [MESSAGE][PASSED] - Text 'riswandha' is set on object 'Object Repository/Login Ecommerce/Input Username'

2023-10-05 16:26:51 - [TEST_STEP][PASSED] - setEncryptedText(findTestObject("Login Ecommerce/Input Password"), "iGDxf8hSRT4="): Text ****** has been set on object 'Object Repository/Login Ecommerce/Input Password'

2023-10-05 16:26:52 - [MESSAGE][PASSED] - Text ****** has been set on object 'Object Repository/Login Ecommerce/Input Password'

2023-10-05 16:26:52 - [TEST_STEP][PASSED] - click(findTestObject("Login Ecommerce/Button Masuk")): Object: 'Object Repository/Login Ecommerce/Button Masuk' is clicked on

2023-10-05 16:26:52 - [MESSAGE][PASSED] - Object: 'Object Repository/Login Ecommerce/Button Masuk' is clicked on

2023-10-05 16:26:52 - [TEST_STEP][PASSED] - verifyElementPresent(findTestObject("Login Ecommerce/Verifikasi Login Akun"), 0): Object 'Object Repository/Login Ecommerce/Verifikasi Login Akun' is present

2023-10-05 16:26:52 - [MESSAGE][WARNING] - Timeout '0' is invalid. Using default page load timeout: '30'

2023-10-05 16:26:53 - [MESSAGE][PASSED] - Object 'Object Repository/Login Ecommerce/Verifikasi Login Akun' is present

2023-10-05 16:26:53 - [MESSAGE][PASSED] - Call Test Case 'Test Cases/Login Ecommerce/TC-Login Ecomerce-001' successfully

2023-10-05 16:26:53 - [TEST_STEP][PASSED] - mouseOver(findTestObject("Product Ecommerce/Button Menu toko")): Object: 'Object Repository/Product Ecommerce/Button Menu toko' is hovered

2023-10-05 16:26:54 - [MESSAGE][PASSED] - Object: 'Object Repository/Product Ecommerce/Button Menu toko' is hovered

2023-10-05 16:26:54 - [TEST_STEP][PASSED] - click(findTestObject("Product Ecommerce/Button Daftar Produk")): Object: 'Object Repository/Product Ecommerce/Button Daftar Produk' is clicked on

2023-10-05 16:26:54 - [MESSAGE][PASSED] - Object: 'Object Repository/Product Ecommerce/Button Daftar Produk' is clicked on

2023-10-05 16:26:54 - [TEST_STEP][PASSED] - verifyElementPresent(findTestObject("Product Ecommerce/Verifikasi Halaman Product Anda"), 0): Object 'Object Repository/Product Ecommerce/Verifikasi Halaman Product Anda' is present

2023-10-05 16:26:54 - [MESSAGE][WARNING] - Timeout '0' is invalid. Using default page load timeout: '30'

2023-10-05 16:26:55 - [MESSAGE][PASSED] - Object 'Object Repository/Product Ecommerce/Verifikasi Halaman Product Anda' is present

2023-10-05 16:26:55 - [MESSAGE][PASSED] - Call Test Case 'Test Cases/Product Ecommerce/TC-PE-001' successfully

2023-10-05 16:26:55 - [TEST_STEP][PASSED] - mouseOver(findTestObject("Product Ecommerce/Image Gambar produk 1")): Object: 'Object Repository/Product Ecommerce/Image Gambar produk 1' is hovered

2023-10-05 16:26:55 - [MESSAGE][PASSED] - Object: 'Object Repository/Product Ecommerce/Image Gambar produk 1' is hovered

2023-10-05 16:26:55 - [TEST_STEP][PASSED] - click(findTestObject("Product Ecommerce/Tambahkan Product/Edit Data")): Object: 'Object Repository/Product Ecommerce/Tambahkan Product/Edit Data' is clicked on

2023-10-05 16:26:56 - [MESSAGE][PASSED] - Object: 'Object Repository/Product Ecommerce/Tambahkan Product/Edit Data' is clicked on

2023-10-05 16:26:56 - [TEST_STEP][PASSED] - verifyElementPresent(findTestObject("Product Ecommerce/Tambahkan Product/Button Update Data"), 0): Object 'Object Repository/Product Ecommerce/Tambahkan Product/Button Update Data' is present

2023-10-05 16:26:56 - [MESSAGE][WARNING] - Timeout '0' is invalid. Using default page load timeout: '30'

2023-10-05 16:26:57 - [MESSAGE][PASSED] - Object 'Object Repository/Product Ecommerce/Tambahkan Product/Button Update Data' is present

2023-10-05 16:26:57 - [TEST_STEP][PASSED] - variasiAwal = findWebElements(findTestObject("Object Repository/Product Ecommerce/Tambahkan Product/Jumlah Variasi Warna"), 10): null

2023-10-05 16:26:57 - [TEST_STEP][PASSED] - for ([i = 0, i < 20, (i++)]): Object: 'Object Repository/Product Ecommerce/Tambahkan Product/Input Tambah Kolom Variasi 1' is clicked on

2023-10-05 16:26:57 - [TEST_STEP][PASSED] - click(findTestObject("Object Repository/Product Ecommerce/Tambahkan Product/Input Tambah Kolom Variasi 1")): Object: 'Object Repository/Product Ecommerce/Tambahkan Product/Input Tambah Kolom Variasi 1' is clicked on

2023-10-05 16:26:57 - [MESSAGE][PASSED] - Object: 'Object Repository/Product Ecommerce/Tambahkan Product/Input Tambah Kolom Variasi 1' is clicked on

2023-10-05 16:26:57 - [TEST_STEP][PASSED] - click(findTestObject("Object Repository/Product Ecommerce/Tambahkan Product/Input Tambah Kolom Variasi 1")): Object: 'Object Repository/Product Ecommerce/Tambahkan Product/Input Tambah Kolom Variasi 1' is clicked on

2023-10-05 16:26:58 - [MESSAGE][PASSED] - Object: 'Object Repository/Product Ecommerce/Tambahkan Product/Input Tambah Kolom Variasi 1' is clicked on

2023-10-05 16:26:58 - [TEST_STEP][PASSED] - click(findTestObject("Object Repository/Product Ecommerce/Tambahkan Product/Input Tambah Kolom Variasi 1")): Object: 'Object Repository/Product Ecommerce/Tambahkan Product/Input Tambah Kolom Variasi 1' is clicked on

2023-10-05 16:26:59 - [MESSAGE][PASSED] - Object: 'Object Repository/Product Ecommerce/Tambahkan Product/Input Tambah Kolom Variasi 1' is clicked on

2023-10-05 16:26:59 - [TEST_STEP][PASSED] - click(findTestObject("Object Repository/Product Ecommerce/Tambahkan Product/Input Tambah Kolom Variasi 1")): Object: 'Object Repository/Product Ecommerce/Tambahkan Product/Input Tambah Kolom Variasi 1' is clicked on

2023-10-05 16:26:59 - [MESSAGE][PASSED] - Object: 'Object Repository/Product Ecommerce/Tambahkan Product/Input Tambah Kolom Variasi 1' is clicked on

2023-10-05 16:26:59 - [TEST_STEP][PASSED] - click(findTestObject("Object Repository/Product Ecommerce/Tambahkan Product/Input Tambah Kolom Variasi 1")): Object: 'Object Repository/Product Ecommerce/Tambahkan Product/Input Tambah Kolom Variasi 1' is clicked on

2023-10-05 16:27:00 - [MESSAGE][PASSED] - Object: 'Object Repository/Product Ecommerce/Tambahkan Product/Input Tambah Kolom Variasi 1' is clicked on

2023-10-05 16:27:00 - [TEST_STEP][PASSED] - click(findTestObject("Object Repository/Product Ecommerce/Tambahkan Product/Input Tambah Kolom Variasi 1")): Object: 'Object Repository/Product Ecommerce/Tambahkan Product/Input Tambah Kolom Variasi 1' is clicked on

2023-10-05 16:27:00 - [MESSAGE][PASSED] - Object: 'Object Repository/Product Ecommerce/Tambahkan Product/Input Tambah Kolom Variasi 1' is clicked on

2023-10-05 16:27:00 - [TEST_STEP][PASSED] - click(findTestObject("Object Repository/Product Ecommerce/Tambahkan Product/Input Tambah Kolom Variasi 1")): Object: 'Object Repository/Product Ecommerce/Tambahkan Product/Input Tambah Kolom Variasi 1' is clicked on

2023-10-05 16:27:01 - [MESSAGE][PASSED] - Object: 'Object Repository/Product Ecommerce/Tambahkan Product/Input Tambah Kolom Variasi 1' is clicked on

2023-10-05 16:27:01 - [TEST_STEP][PASSED] - click(findTestObject("Object Repository/Product Ecommerce/Tambahkan Product/Input Tambah Kolom Variasi 1")): Object: 'Object Repository/Product Ecommerce/Tambahkan Product/Input Tambah Kolom Variasi 1' is clicked on

2023-10-05 16:27:01 - [MESSAGE][PASSED] - Object: 'Object Repository/Product Ecommerce/Tambahkan Product/Input Tambah Kolom Variasi 1' is clicked on

2023-10-05 16:27:01 - [TEST_STEP][PASSED] - click(findTestObject("Object Repository/Product Ecommerce/Tambahkan Product/Input Tambah Kolom Variasi 1")): Object: 'Object Repository/Product Ecommerce/Tambahkan Product/Input Tambah Kolom Variasi 1' is clicked on

2023-10-05 16:27:02 - [MESSAGE][PASSED] - Object: 'Object Repository/Product Ecommerce/Tambahkan Product/Input Tambah Kolom Variasi 1' is clicked on

2023-10-05 16:27:02 - [TEST_STEP][PASSED] - click(findTestObject("Object Repository/Product Ecommerce/Tambahkan Product/Input Tambah Kolom Variasi 1")): Object: 'Object Repository/Product Ecommerce/Tambahkan Product/Input Tambah Kolom Variasi 1' is clicked on

2023-10-05 16:27:02 - [MESSAGE][PASSED] - Object: 'Object Repository/Product Ecommerce/Tambahkan Product/Input Tambah Kolom Variasi 1' is clicked on

2023-10-05 16:27:02 - [TEST_STEP][PASSED] - click(findTestObject("Object Repository/Product Ecommerce/Tambahkan Product/Input Tambah Kolom Variasi 1")): Object: 'Object Repository/Product Ecommerce/Tambahkan Product/Input Tambah Kolom Variasi 1' is clicked on

2023-10-05 16:27:03 - [MESSAGE][PASSED] - Object: 'Object Repository/Product Ecommerce/Tambahkan Product/Input Tambah Kolom Variasi 1' is clicked on

2023-10-05 16:27:03 - [TEST_STEP][PASSED] - click(findTestObject("Object Repository/Product Ecommerce/Tambahkan Product/Input Tambah Kolom Variasi 1")): Object: 'Object Repository/Product Ecommerce/Tambahkan Product/Input Tambah Kolom Variasi 1' is clicked on

2023-10-05 16:27:03 - [MESSAGE][PASSED] - Object: 'Object Repository/Product Ecommerce/Tambahkan Product/Input Tambah Kolom Variasi 1' is clicked on

2023-10-05 16:27:03 - [TEST_STEP][PASSED] - click(findTestObject("Object Repository/Product Ecommerce/Tambahkan Product/Input Tambah Kolom Variasi 1")): Object: 'Object Repository/Product Ecommerce/Tambahkan Product/Input Tambah Kolom Variasi 1' is clicked on

2023-10-05 16:27:04 - [MESSAGE][PASSED] - Object: 'Object Repository/Product Ecommerce/Tambahkan Product/Input Tambah Kolom Variasi 1' is clicked on

2023-10-05 16:27:04 - [TEST_STEP][PASSED] - click(findTestObject("Object Repository/Product Ecommerce/Tambahkan Product/Input Tambah Kolom Variasi 1")): Object: 'Object Repository/Product Ecommerce/Tambahkan Product/Input Tambah Kolom Variasi 1' is clicked on

2023-10-05 16:27:04 - [MESSAGE][PASSED] - Object: 'Object Repository/Product Ecommerce/Tambahkan Product/Input Tambah Kolom Variasi 1' is clicked on

2023-10-05 16:27:04 - [TEST_STEP][PASSED] - click(findTestObject("Object Repository/Product Ecommerce/Tambahkan Product/Input Tambah Kolom Variasi 1")): Object: 'Object Repository/Product Ecommerce/Tambahkan Product/Input Tambah Kolom Variasi 1' is clicked on

2023-10-05 16:27:05 - [MESSAGE][PASSED] - Object: 'Object Repository/Product Ecommerce/Tambahkan Product/Input Tambah Kolom Variasi 1' is clicked on

2023-10-05 16:27:05 - [TEST_STEP][PASSED] - click(findTestObject("Object Repository/Product Ecommerce/Tambahkan Product/Input Tambah Kolom Variasi 1")): Object: 'Object Repository/Product Ecommerce/Tambahkan Product/Input Tambah Kolom Variasi 1' is clicked on

2023-10-05 16:27:05 - [MESSAGE][PASSED] - Object: 'Object Repository/Product Ecommerce/Tambahkan Product/Input Tambah Kolom Variasi 1' is clicked on

2023-10-05 16:27:05 - [TEST_STEP][PASSED] - click(findTestObject("Object Repository/Product Ecommerce/Tambahkan Product/Input Tambah Kolom Variasi 1")): Object: 'Object Repository/Product Ecommerce/Tambahkan Product/Input Tambah Kolom Variasi 1' is clicked on

2023-10-05 16:27:06 - [MESSAGE][PASSED] - Object: 'Object Repository/Product Ecommerce/Tambahkan Product/Input Tambah Kolom Variasi 1' is clicked on

2023-10-05 16:27:06 - [TEST_STEP][PASSED] - click(findTestObject("Object Repository/Product Ecommerce/Tambahkan Product/Input Tambah Kolom Variasi 1")): Object: 'Object Repository/Product Ecommerce/Tambahkan Product/Input Tambah Kolom Variasi 1' is clicked on

2023-10-05 16:27:06 - [MESSAGE][PASSED] - Object: 'Object Repository/Product Ecommerce/Tambahkan Product/Input Tambah Kolom Variasi 1' is clicked on

2023-10-05 16:27:06 - [TEST_STEP][PASSED] - click(findTestObject("Object Repository/Product Ecommerce/Tambahkan Product/Input Tambah Kolom Variasi 1")): Object: 'Object Repository/Product Ecommerce/Tambahkan Product/Input Tambah Kolom Variasi 1' is clicked on

2023-10-05 16:27:07 - [MESSAGE][PASSED] - Object: 'Object Repository/Product Ecommerce/Tambahkan Product/Input Tambah Kolom Variasi 1' is clicked on

2023-10-05 16:27:07 - [TEST_STEP][PASSED] - click(findTestObject("Object Repository/Product Ecommerce/Tambahkan Product/Input Tambah Kolom Variasi 1")): Object: 'Object Repository/Product Ecommerce/Tambahkan Product/Input Tambah Kolom Variasi 1' is clicked on

2023-10-05 16:27:07 - [MESSAGE][PASSED] - Object: 'Object Repository/Product Ecommerce/Tambahkan Product/Input Tambah Kolom Variasi 1' is clicked on

2023-10-05 16:27:07 - [TEST_STEP][PASSED] - variasiAkhir = findWebElements(findTestObject("Object Repository/Product Ecommerce/Tambahkan Product/Jumlah Variasi Warna"), 10): null

2023-10-05 16:27:08 - [TEST_STEP][PASSED] - assert variasiAwal.size() + 20 == variasiAkhir.size(): null]]></system-out>
         <system-err><![CDATA[]]></system-err>
      </testcase>
      <testcase name="Test Cases/Product Ecommerce/TC-PEN-001" time="15.489" classname="Test Cases/Product Ecommerce/TC-PEN-001" status="PASSED">
         <system-out><![CDATA[2023-10-05 16:27:08 - [TEST_CASE][PASSED] - Test Cases/Product Ecommerce/TC-PEN-001: Test Cases/Product Ecommerce/TC-PEN-001

2023-10-05 16:27:08 - [TEST_STEP][PASSED] - callTestCase(findTestCase("Product Ecommerce/TC-PE-001"), [:], STOP_ON_FAILURE): Call Test Case 'Test Cases/Product Ecommerce/TC-PE-001' successfully

2023-10-05 16:27:08 - [TEST_CASE][PASSED] - Test Cases/Product Ecommerce/TC-PE-001: Test Cases/Product Ecommerce/TC-PE-001

2023-10-05 16:27:08 - [TEST_STEP][PASSED] - callTestCase(findTestCase("Login Ecommerce/TC-Login Ecomerce-001"), [:], STOP_ON_FAILURE): Call Test Case 'Test Cases/Login Ecommerce/TC-Login Ecomerce-001' successfully

2023-10-05 16:27:08 - [TEST_CASE][PASSED] - Test Cases/Login Ecommerce/TC-Login Ecomerce-001: Test Cases/Login Ecommerce/TC-Login Ecomerce-001

2023-10-05 16:27:08 - [TEST_STEP][PASSED] - openBrowser(userTajalapak): Browser is opened with url: 'https://10.9.2.63/ecommerce/'

2023-10-05 16:27:08 - [MESSAGE][WARNING] - A browser is already opened. Closing browser and opening a new one

2023-10-05 16:27:09 - [MESSAGE][INFO] - Starting 'Edge Chromium' driver

2023-10-05 16:27:09 - [MESSAGE][INFO] - User set preference: ['acceptInsecureCerts', 'true']

2023-10-05 16:27:11 - [MESSAGE][INFO] - Action delay is set to 0 milliseconds

2023-10-05 16:27:14 - [MESSAGE][PASSED] - Browser is opened with url: 'https://10.9.2.63/ecommerce/'

2023-10-05 16:27:14 - [TEST_STEP][PASSED] - maximizeWindow(): Current window maximized

2023-10-05 16:27:15 - [MESSAGE][PASSED] - Current window maximized

2023-10-05 16:27:15 - [TEST_STEP][PASSED] - verifyElementPresent(findTestObject("Login Ecommerce/Verifikasi Halaman Login Akun"), 0): Object 'Object Repository/Login Ecommerce/Verifikasi Halaman Login Akun' is present

2023-10-05 16:27:15 - [MESSAGE][WARNING] - Timeout '0' is invalid. Using default page load timeout: '30'

2023-10-05 16:27:15 - [MESSAGE][PASSED] - Object 'Object Repository/Login Ecommerce/Verifikasi Halaman Login Akun' is present

2023-10-05 16:27:15 - [TEST_STEP][PASSED] - click(findTestObject("Login Ecommerce/Login Akun")): Object: 'Object Repository/Login Ecommerce/Login Akun' is clicked on

2023-10-05 16:27:16 - [MESSAGE][PASSED] - Object: 'Object Repository/Login Ecommerce/Login Akun' is clicked on

2023-10-05 16:27:16 - [TEST_STEP][PASSED] - verifyElementPresent(findTestObject("Login Ecommerce/Verifikasi Halaman Login Akun"), 0): Object 'Object Repository/Login Ecommerce/Verifikasi Halaman Login Akun' is present

2023-10-05 16:27:16 - [MESSAGE][WARNING] - Timeout '0' is invalid. Using default page load timeout: '30'

2023-10-05 16:27:16 - [MESSAGE][PASSED] - Object 'Object Repository/Login Ecommerce/Verifikasi Halaman Login Akun' is present

2023-10-05 16:27:16 - [TEST_STEP][PASSED] - setText(findTestObject("Login Ecommerce/Input Username"), "riswandha"): Text 'riswandha' is set on object 'Object Repository/Login Ecommerce/Input Username'

2023-10-05 16:27:17 - [MESSAGE][PASSED] - Text 'riswandha' is set on object 'Object Repository/Login Ecommerce/Input Username'

2023-10-05 16:27:17 - [TEST_STEP][PASSED] - setEncryptedText(findTestObject("Login Ecommerce/Input Password"), "iGDxf8hSRT4="): Text ****** has been set on object 'Object Repository/Login Ecommerce/Input Password'

2023-10-05 16:27:18 - [MESSAGE][PASSED] - Text ****** has been set on object 'Object Repository/Login Ecommerce/Input Password'

2023-10-05 16:27:18 - [TEST_STEP][PASSED] - click(findTestObject("Login Ecommerce/Button Masuk")): Object: 'Object Repository/Login Ecommerce/Button Masuk' is clicked on

2023-10-05 16:27:19 - [MESSAGE][PASSED] - Object: 'Object Repository/Login Ecommerce/Button Masuk' is clicked on

2023-10-05 16:27:19 - [TEST_STEP][PASSED] - verifyElementPresent(findTestObject("Login Ecommerce/Verifikasi Login Akun"), 0): Object 'Object Repository/Login Ecommerce/Verifikasi Login Akun' is present

2023-10-05 16:27:19 - [MESSAGE][WARNING] - Timeout '0' is invalid. Using default page load timeout: '30'

2023-10-05 16:27:19 - [MESSAGE][PASSED] - Object 'Object Repository/Login Ecommerce/Verifikasi Login Akun' is present

2023-10-05 16:27:19 - [MESSAGE][PASSED] - Call Test Case 'Test Cases/Login Ecommerce/TC-Login Ecomerce-001' successfully

2023-10-05 16:27:19 - [TEST_STEP][PASSED] - mouseOver(findTestObject("Product Ecommerce/Button Menu toko")): Object: 'Object Repository/Product Ecommerce/Button Menu toko' is hovered

2023-10-05 16:27:20 - [MESSAGE][PASSED] - Object: 'Object Repository/Product Ecommerce/Button Menu toko' is hovered

2023-10-05 16:27:20 - [TEST_STEP][PASSED] - click(findTestObject("Product Ecommerce/Button Daftar Produk")): Object: 'Object Repository/Product Ecommerce/Button Daftar Produk' is clicked on

2023-10-05 16:27:20 - [MESSAGE][PASSED] - Object: 'Object Repository/Product Ecommerce/Button Daftar Produk' is clicked on

2023-10-05 16:27:20 - [TEST_STEP][PASSED] - verifyElementPresent(findTestObject("Product Ecommerce/Verifikasi Halaman Product Anda"), 0): Object 'Object Repository/Product Ecommerce/Verifikasi Halaman Product Anda' is present

2023-10-05 16:27:21 - [MESSAGE][WARNING] - Timeout '0' is invalid. Using default page load timeout: '30'

2023-10-05 16:27:21 - [MESSAGE][PASSED] - Object 'Object Repository/Product Ecommerce/Verifikasi Halaman Product Anda' is present

2023-10-05 16:27:21 - [MESSAGE][PASSED] - Call Test Case 'Test Cases/Product Ecommerce/TC-PE-001' successfully

2023-10-05 16:27:21 - [TEST_STEP][PASSED] - mouseOver(findTestObject("Product Ecommerce/Image Gambar produk 1")): Object: 'Object Repository/Product Ecommerce/Image Gambar produk 1' is hovered

2023-10-05 16:27:22 - [MESSAGE][PASSED] - Object: 'Object Repository/Product Ecommerce/Image Gambar produk 1' is hovered

2023-10-05 16:27:22 - [TEST_STEP][PASSED] - click(findTestObject("Product Ecommerce/Tambahkan Product/Edit Data")): Object: 'Object Repository/Product Ecommerce/Tambahkan Product/Edit Data' is clicked on

2023-10-05 16:27:22 - [MESSAGE][PASSED] - Object: 'Object Repository/Product Ecommerce/Tambahkan Product/Edit Data' is clicked on

2023-10-05 16:27:22 - [TEST_STEP][PASSED] - uploadFile(findTestObject("Product Ecommerce/Tambahkan Product/Input File"), "E:\Pelatihan\Xsis Academy\baju Koko kids oranye.jpg"): File 'E:\Pelatihan\Xsis Academy\baju Koko kids oranye.jpg' sent to object: 'Object Repository/Product Ecommerce/Tambahkan Product/Input File'

2023-10-05 16:27:23 - [MESSAGE][PASSED] - File 'E:\Pelatihan\Xsis Academy\baju Koko kids oranye.jpg' sent to object: 'Object Repository/Product Ecommerce/Tambahkan Product/Input File'

2023-10-05 16:27:23 - [TEST_STEP][PASSED] - verifyElementPresent(findTestObject("Product Ecommerce/Verifikasi product/verifikasi Error Format Foto Tidak Sesuai"), 0): Object 'Object Repository/Product Ecommerce/Verifikasi product/verifikasi Error Format Foto Tidak Sesuai' is present

2023-10-05 16:27:23 - [MESSAGE][WARNING] - Timeout '0' is invalid. Using default page load timeout: '30'

2023-10-05 16:27:24 - [MESSAGE][PASSED] - Object 'Object Repository/Product Ecommerce/Verifikasi product/verifikasi Error Format Foto Tidak Sesuai' is present]]></system-out>
         <system-err><![CDATA[]]></system-err>
      </testcase>
      <testcase name="Test Cases/Product Ecommerce/TC-PEN-002" time="16.634" classname="Test Cases/Product Ecommerce/TC-PEN-002" status="PASSED">
         <system-out><![CDATA[2023-10-05 16:27:24 - [TEST_CASE][PASSED] - Test Cases/Product Ecommerce/TC-PEN-002: Test Cases/Product Ecommerce/TC-PEN-002

2023-10-05 16:27:24 - [TEST_STEP][PASSED] - callTestCase(findTestCase("Product Ecommerce/TC-PE-001"), [:], STOP_ON_FAILURE): Call Test Case 'Test Cases/Product Ecommerce/TC-PE-001' successfully

2023-10-05 16:27:24 - [TEST_CASE][PASSED] - Test Cases/Product Ecommerce/TC-PE-001: Test Cases/Product Ecommerce/TC-PE-001

2023-10-05 16:27:24 - [TEST_STEP][PASSED] - callTestCase(findTestCase("Login Ecommerce/TC-Login Ecomerce-001"), [:], STOP_ON_FAILURE): Call Test Case 'Test Cases/Login Ecommerce/TC-Login Ecomerce-001' successfully

2023-10-05 16:27:24 - [TEST_CASE][PASSED] - Test Cases/Login Ecommerce/TC-Login Ecomerce-001: Test Cases/Login Ecommerce/TC-Login Ecomerce-001

2023-10-05 16:27:24 - [TEST_STEP][PASSED] - openBrowser(userTajalapak): Browser is opened with url: 'https://10.9.2.63/ecommerce/'

2023-10-05 16:27:24 - [MESSAGE][WARNING] - A browser is already opened. Closing browser and opening a new one

2023-10-05 16:27:25 - [MESSAGE][INFO] - Starting 'Edge Chromium' driver

2023-10-05 16:27:25 - [MESSAGE][INFO] - User set preference: ['acceptInsecureCerts', 'true']

2023-10-05 16:27:27 - [MESSAGE][INFO] - Action delay is set to 0 milliseconds

2023-10-05 16:27:30 - [MESSAGE][PASSED] - Browser is opened with url: 'https://10.9.2.63/ecommerce/'

2023-10-05 16:27:30 - [TEST_STEP][PASSED] - maximizeWindow(): Current window maximized

2023-10-05 16:27:30 - [MESSAGE][PASSED] - Current window maximized

2023-10-05 16:27:30 - [TEST_STEP][PASSED] - verifyElementPresent(findTestObject("Login Ecommerce/Verifikasi Halaman Login Akun"), 0): Object 'Object Repository/Login Ecommerce/Verifikasi Halaman Login Akun' is present

2023-10-05 16:27:30 - [MESSAGE][WARNING] - Timeout '0' is invalid. Using default page load timeout: '30'

2023-10-05 16:27:31 - [MESSAGE][PASSED] - Object 'Object Repository/Login Ecommerce/Verifikasi Halaman Login Akun' is present

2023-10-05 16:27:31 - [TEST_STEP][PASSED] - click(findTestObject("Login Ecommerce/Login Akun")): Object: 'Object Repository/Login Ecommerce/Login Akun' is clicked on

2023-10-05 16:27:31 - [MESSAGE][PASSED] - Object: 'Object Repository/Login Ecommerce/Login Akun' is clicked on

2023-10-05 16:27:31 - [TEST_STEP][PASSED] - verifyElementPresent(findTestObject("Login Ecommerce/Verifikasi Halaman Login Akun"), 0): Object 'Object Repository/Login Ecommerce/Verifikasi Halaman Login Akun' is present

2023-10-05 16:27:31 - [MESSAGE][WARNING] - Timeout '0' is invalid. Using default page load timeout: '30'

2023-10-05 16:27:32 - [MESSAGE][PASSED] - Object 'Object Repository/Login Ecommerce/Verifikasi Halaman Login Akun' is present

2023-10-05 16:27:32 - [TEST_STEP][PASSED] - setText(findTestObject("Login Ecommerce/Input Username"), "riswandha"): Text 'riswandha' is set on object 'Object Repository/Login Ecommerce/Input Username'

2023-10-05 16:27:33 - [MESSAGE][PASSED] - Text 'riswandha' is set on object 'Object Repository/Login Ecommerce/Input Username'

2023-10-05 16:27:33 - [TEST_STEP][PASSED] - setEncryptedText(findTestObject("Login Ecommerce/Input Password"), "iGDxf8hSRT4="): Text ****** has been set on object 'Object Repository/Login Ecommerce/Input Password'

2023-10-05 16:27:33 - [MESSAGE][PASSED] - Text ****** has been set on object 'Object Repository/Login Ecommerce/Input Password'

2023-10-05 16:27:33 - [TEST_STEP][PASSED] - click(findTestObject("Login Ecommerce/Button Masuk")): Object: 'Object Repository/Login Ecommerce/Button Masuk' is clicked on

2023-10-05 16:27:34 - [MESSAGE][PASSED] - Object: 'Object Repository/Login Ecommerce/Button Masuk' is clicked on

2023-10-05 16:27:34 - [TEST_STEP][PASSED] - verifyElementPresent(findTestObject("Login Ecommerce/Verifikasi Login Akun"), 0): Object 'Object Repository/Login Ecommerce/Verifikasi Login Akun' is present

2023-10-05 16:27:35 - [MESSAGE][WARNING] - Timeout '0' is invalid. Using default page load timeout: '30'

2023-10-05 16:27:35 - [MESSAGE][PASSED] - Object 'Object Repository/Login Ecommerce/Verifikasi Login Akun' is present

2023-10-05 16:27:35 - [MESSAGE][PASSED] - Call Test Case 'Test Cases/Login Ecommerce/TC-Login Ecomerce-001' successfully

2023-10-05 16:27:35 - [TEST_STEP][PASSED] - mouseOver(findTestObject("Product Ecommerce/Button Menu toko")): Object: 'Object Repository/Product Ecommerce/Button Menu toko' is hovered

2023-10-05 16:27:35 - [MESSAGE][PASSED] - Object: 'Object Repository/Product Ecommerce/Button Menu toko' is hovered

2023-10-05 16:27:35 - [TEST_STEP][PASSED] - click(findTestObject("Product Ecommerce/Button Daftar Produk")): Object: 'Object Repository/Product Ecommerce/Button Daftar Produk' is clicked on

2023-10-05 16:27:36 - [MESSAGE][PASSED] - Object: 'Object Repository/Product Ecommerce/Button Daftar Produk' is clicked on

2023-10-05 16:27:36 - [TEST_STEP][PASSED] - verifyElementPresent(findTestObject("Product Ecommerce/Verifikasi Halaman Product Anda"), 0): Object 'Object Repository/Product Ecommerce/Verifikasi Halaman Product Anda' is present

2023-10-05 16:27:36 - [MESSAGE][WARNING] - Timeout '0' is invalid. Using default page load timeout: '30'

2023-10-05 16:27:37 - [MESSAGE][PASSED] - Object 'Object Repository/Product Ecommerce/Verifikasi Halaman Product Anda' is present

2023-10-05 16:27:37 - [MESSAGE][PASSED] - Call Test Case 'Test Cases/Product Ecommerce/TC-PE-001' successfully

2023-10-05 16:27:37 - [TEST_STEP][PASSED] - click(findTestObject("Product Ecommerce/Tambahkan Produk")): Object: 'Object Repository/Product Ecommerce/Tambahkan Produk' is clicked on

2023-10-05 16:27:38 - [MESSAGE][PASSED] - Object: 'Object Repository/Product Ecommerce/Tambahkan Produk' is clicked on

2023-10-05 16:27:38 - [TEST_STEP][PASSED] - verifyElementPresent(findTestObject("Product Ecommerce/Tambahkan Product/Verifikasi Halaman Tambahkan Product"), 0): Object 'Object Repository/Product Ecommerce/Tambahkan Product/Verifikasi Halaman Tambahkan Product' is present

2023-10-05 16:27:38 - [MESSAGE][WARNING] - Timeout '0' is invalid. Using default page load timeout: '30'

2023-10-05 16:27:38 - [MESSAGE][PASSED] - Object 'Object Repository/Product Ecommerce/Tambahkan Product/Verifikasi Halaman Tambahkan Product' is present

2023-10-05 16:27:38 - [TEST_STEP][PASSED] - selectOptionByValue(findTestObject("Product Ecommerce/Tambahkan Product/Pilih Katagori Produk"), "6", false): All options with value '6' are selected in object 'Object Repository/Product Ecommerce/Tambahkan Product/Pilih Katagori Produk' 

2023-10-05 16:27:39 - [MESSAGE][PASSED] - All options with value '6' are selected in object 'Object Repository/Product Ecommerce/Tambahkan Product/Pilih Katagori Produk' 

2023-10-05 16:27:39 - [TEST_STEP][PASSED] - click(findTestObject("Product Ecommerce/Tambahkan Product/Button Tambahkan")): Object: 'Object Repository/Product Ecommerce/Tambahkan Product/Button Tambahkan' is clicked on

2023-10-05 16:27:40 - [MESSAGE][PASSED] - Object: 'Object Repository/Product Ecommerce/Tambahkan Product/Button Tambahkan' is clicked on

2023-10-05 16:27:40 - [TEST_STEP][PASSED] - driver = getWebDriver(): null

2023-10-05 16:27:40 - [TEST_STEP][PASSED] - field_username_element = driver.findElement(By.xpath("(//input[@name="b"])[3]")): null

2023-10-05 16:27:40 - [TEST_STEP][PASSED] - accept_button_message = driver.executeScript("return arguments[0].validationMessage", field_username_element): null

2023-10-05 16:27:40 - [TEST_STEP][PASSED] - println(accept_button_message): null

2023-10-05 16:27:40 - [TEST_STEP][PASSED] - assert accept_button_message == "Please fill out this field.": null]]></system-out>
         <system-err><![CDATA[]]></system-err>
      </testcase>
      <testcase name="Test Cases/Product Ecommerce/TC-PEN-003" time="15.104" classname="Test Cases/Product Ecommerce/TC-PEN-003" status="PASSED">
         <system-out><![CDATA[2023-10-05 16:27:40 - [TEST_CASE][PASSED] - Test Cases/Product Ecommerce/TC-PEN-003: Test Cases/Product Ecommerce/TC-PEN-003

2023-10-05 16:27:41 - [TEST_STEP][PASSED] - callTestCase(findTestCase("Product Ecommerce/TC-PE-001"), [:], STOP_ON_FAILURE): Call Test Case 'Test Cases/Product Ecommerce/TC-PE-001' successfully

2023-10-05 16:27:41 - [TEST_CASE][PASSED] - Test Cases/Product Ecommerce/TC-PE-001: Test Cases/Product Ecommerce/TC-PE-001

2023-10-05 16:27:41 - [TEST_STEP][PASSED] - callTestCase(findTestCase("Login Ecommerce/TC-Login Ecomerce-001"), [:], STOP_ON_FAILURE): Call Test Case 'Test Cases/Login Ecommerce/TC-Login Ecomerce-001' successfully

2023-10-05 16:27:41 - [TEST_CASE][PASSED] - Test Cases/Login Ecommerce/TC-Login Ecomerce-001: Test Cases/Login Ecommerce/TC-Login Ecomerce-001

2023-10-05 16:27:41 - [TEST_STEP][PASSED] - openBrowser(userTajalapak): Browser is opened with url: 'https://10.9.2.63/ecommerce/'

2023-10-05 16:27:41 - [MESSAGE][WARNING] - A browser is already opened. Closing browser and opening a new one

2023-10-05 16:27:41 - [MESSAGE][INFO] - Starting 'Edge Chromium' driver

2023-10-05 16:27:41 - [MESSAGE][INFO] - User set preference: ['acceptInsecureCerts', 'true']

2023-10-05 16:27:44 - [MESSAGE][INFO] - Action delay is set to 0 milliseconds

2023-10-05 16:27:46 - [MESSAGE][PASSED] - Browser is opened with url: 'https://10.9.2.63/ecommerce/'

2023-10-05 16:27:46 - [TEST_STEP][PASSED] - maximizeWindow(): Current window maximized

2023-10-05 16:27:47 - [MESSAGE][PASSED] - Current window maximized

2023-10-05 16:27:47 - [TEST_STEP][PASSED] - verifyElementPresent(findTestObject("Login Ecommerce/Verifikasi Halaman Login Akun"), 0): Object 'Object Repository/Login Ecommerce/Verifikasi Halaman Login Akun' is present

2023-10-05 16:27:47 - [MESSAGE][WARNING] - Timeout '0' is invalid. Using default page load timeout: '30'

2023-10-05 16:27:47 - [MESSAGE][PASSED] - Object 'Object Repository/Login Ecommerce/Verifikasi Halaman Login Akun' is present

2023-10-05 16:27:47 - [TEST_STEP][PASSED] - click(findTestObject("Login Ecommerce/Login Akun")): Object: 'Object Repository/Login Ecommerce/Login Akun' is clicked on

2023-10-05 16:27:48 - [MESSAGE][PASSED] - Object: 'Object Repository/Login Ecommerce/Login Akun' is clicked on

2023-10-05 16:27:48 - [TEST_STEP][PASSED] - verifyElementPresent(findTestObject("Login Ecommerce/Verifikasi Halaman Login Akun"), 0): Object 'Object Repository/Login Ecommerce/Verifikasi Halaman Login Akun' is present

2023-10-05 16:27:48 - [MESSAGE][WARNING] - Timeout '0' is invalid. Using default page load timeout: '30'

2023-10-05 16:27:48 - [MESSAGE][PASSED] - Object 'Object Repository/Login Ecommerce/Verifikasi Halaman Login Akun' is present

2023-10-05 16:27:48 - [TEST_STEP][PASSED] - setText(findTestObject("Login Ecommerce/Input Username"), "riswandha"): Text 'riswandha' is set on object 'Object Repository/Login Ecommerce/Input Username'

2023-10-05 16:27:49 - [MESSAGE][PASSED] - Text 'riswandha' is set on object 'Object Repository/Login Ecommerce/Input Username'

2023-10-05 16:27:49 - [TEST_STEP][PASSED] - setEncryptedText(findTestObject("Login Ecommerce/Input Password"), "iGDxf8hSRT4="): Text ****** has been set on object 'Object Repository/Login Ecommerce/Input Password'

2023-10-05 16:27:50 - [MESSAGE][PASSED] - Text ****** has been set on object 'Object Repository/Login Ecommerce/Input Password'

2023-10-05 16:27:50 - [TEST_STEP][PASSED] - click(findTestObject("Login Ecommerce/Button Masuk")): Object: 'Object Repository/Login Ecommerce/Button Masuk' is clicked on

2023-10-05 16:27:50 - [MESSAGE][PASSED] - Object: 'Object Repository/Login Ecommerce/Button Masuk' is clicked on

2023-10-05 16:27:50 - [TEST_STEP][PASSED] - verifyElementPresent(findTestObject("Login Ecommerce/Verifikasi Login Akun"), 0): Object 'Object Repository/Login Ecommerce/Verifikasi Login Akun' is present

2023-10-05 16:27:50 - [MESSAGE][WARNING] - Timeout '0' is invalid. Using default page load timeout: '30'

2023-10-05 16:27:51 - [MESSAGE][PASSED] - Object 'Object Repository/Login Ecommerce/Verifikasi Login Akun' is present

2023-10-05 16:27:51 - [MESSAGE][PASSED] - Call Test Case 'Test Cases/Login Ecommerce/TC-Login Ecomerce-001' successfully

2023-10-05 16:27:51 - [TEST_STEP][PASSED] - mouseOver(findTestObject("Product Ecommerce/Button Menu toko")): Object: 'Object Repository/Product Ecommerce/Button Menu toko' is hovered

2023-10-05 16:27:52 - [MESSAGE][PASSED] - Object: 'Object Repository/Product Ecommerce/Button Menu toko' is hovered

2023-10-05 16:27:52 - [TEST_STEP][PASSED] - click(findTestObject("Product Ecommerce/Button Daftar Produk")): Object: 'Object Repository/Product Ecommerce/Button Daftar Produk' is clicked on

2023-10-05 16:27:53 - [MESSAGE][PASSED] - Object: 'Object Repository/Product Ecommerce/Button Daftar Produk' is clicked on

2023-10-05 16:27:53 - [TEST_STEP][PASSED] - verifyElementPresent(findTestObject("Product Ecommerce/Verifikasi Halaman Product Anda"), 0): Object 'Object Repository/Product Ecommerce/Verifikasi Halaman Product Anda' is present

2023-10-05 16:27:53 - [MESSAGE][WARNING] - Timeout '0' is invalid. Using default page load timeout: '30'

2023-10-05 16:27:53 - [MESSAGE][PASSED] - Object 'Object Repository/Product Ecommerce/Verifikasi Halaman Product Anda' is present

2023-10-05 16:27:53 - [MESSAGE][PASSED] - Call Test Case 'Test Cases/Product Ecommerce/TC-PE-001' successfully

2023-10-05 16:27:53 - [TEST_STEP][PASSED] - click(findTestObject("Product Ecommerce/Tambahkan Produk")): Object: 'Object Repository/Product Ecommerce/Tambahkan Produk' is clicked on

2023-10-05 16:27:54 - [MESSAGE][PASSED] - Object: 'Object Repository/Product Ecommerce/Tambahkan Produk' is clicked on

2023-10-05 16:27:54 - [TEST_STEP][PASSED] - verifyElementPresent(findTestObject("Product Ecommerce/Tambahkan Product/Verifikasi Halaman Tambahkan Product"), 0): Object 'Object Repository/Product Ecommerce/Tambahkan Product/Verifikasi Halaman Tambahkan Product' is present

2023-10-05 16:27:54 - [MESSAGE][WARNING] - Timeout '0' is invalid. Using default page load timeout: '30'

2023-10-05 16:27:54 - [MESSAGE][PASSED] - Object 'Object Repository/Product Ecommerce/Tambahkan Product/Verifikasi Halaman Tambahkan Product' is present

2023-10-05 16:27:54 - [TEST_STEP][PASSED] - click(findTestObject("Product Ecommerce/Tambahkan Product/Button Tambahkan")): Object: 'Object Repository/Product Ecommerce/Tambahkan Product/Button Tambahkan' is clicked on

2023-10-05 16:27:55 - [MESSAGE][PASSED] - Object: 'Object Repository/Product Ecommerce/Tambahkan Product/Button Tambahkan' is clicked on

2023-10-05 16:27:55 - [TEST_STEP][PASSED] - driver = getWebDriver(): null

2023-10-05 16:27:55 - [TEST_STEP][PASSED] - field_username_element = driver.findElement(By.xpath("//select[@name="a"]")): null

2023-10-05 16:27:55 - [TEST_STEP][PASSED] - accept_button_message = driver.executeScript("return arguments[0].validationMessage", field_username_element): null

2023-10-05 16:27:55 - [TEST_STEP][PASSED] - println(accept_button_message): null

2023-10-05 16:27:55 - [TEST_STEP][PASSED] - assert accept_button_message == "Please select an item in the list.": null]]></system-out>
         <system-err><![CDATA[]]></system-err>
      </testcase>
      <testcase name="Test Cases/Product Ecommerce/TC-PEN-004" time="16.201" classname="Test Cases/Product Ecommerce/TC-PEN-004" status="FAILED">
         <failure type="FAILED" message="Test Cases/Product Ecommerce/TC-PEN-004 FAILED.
Reason:
Assertion failed: 

assert accept_button_message == &quot;Please Column is not 0&quot;
       |                     |
       &quot;&quot;                    false

	at TC-PEN-004.run(TC-PEN-004:49)
	at com.kms.katalon.core.main.ScriptEngine.run(ScriptEngine.java:194)
	at com.kms.katalon.core.main.ScriptEngine.runScriptAsRawText(ScriptEngine.java:119)
	at com.kms.katalon.core.main.TestCaseExecutor.runScript(TestCaseExecutor.java:448)
	at com.kms.katalon.core.main.TestCaseExecutor.doExecute(TestCaseExecutor.java:439)
	at com.kms.katalon.core.main.TestCaseExecutor.processExecutionPhase(TestCaseExecutor.java:418)
	at com.kms.katalon.core.main.TestCaseExecutor.accessMainPhase(TestCaseExecutor.java:410)
	at com.kms.katalon.core.main.TestCaseExecutor.execute(TestCaseExecutor.java:285)
	at com.kms.katalon.core.common.CommonExecutor.accessTestCaseMainPhase(CommonExecutor.java:65)
	at com.kms.katalon.core.main.TestSuiteExecutor.accessTestSuiteMainPhase(TestSuiteExecutor.java:148)
	at com.kms.katalon.core.main.TestSuiteExecutor.execute(TestSuiteExecutor.java:106)
	at com.kms.katalon.core.main.TestCaseMain.startTestSuite(TestCaseMain.java:187)
	at com.kms.katalon.core.main.TestCaseMain$startTestSuite$0.call(Unknown Source)
	at TempTestSuite1696497733454.run(TempTestSuite1696497733454.groovy:36)
"/>
         <system-out><![CDATA[2023-10-05 16:27:55 - [TEST_CASE][FAILED] - Test Cases/Product Ecommerce/TC-PEN-004: Test Cases/Product Ecommerce/TC-PEN-004 FAILED.
Reason:
Assertion failed: 

assert accept_button_message == "Please Column is not 0"
       |                     |
       ""                    false

	at TC-PEN-004.run(TC-PEN-004:49)
	at com.kms.katalon.core.main.ScriptEngine.run(ScriptEngine.java:194)
	at com.kms.katalon.core.main.ScriptEngine.runScriptAsRawText(ScriptEngine.java:119)
	at com.kms.katalon.core.main.TestCaseExecutor.runScript(TestCaseExecutor.java:448)
	at com.kms.katalon.core.main.TestCaseExecutor.doExecute(TestCaseExecutor.java:439)
	at com.kms.katalon.core.main.TestCaseExecutor.processExecutionPhase(TestCaseExecutor.java:418)
	at com.kms.katalon.core.main.TestCaseExecutor.accessMainPhase(TestCaseExecutor.java:410)
	at com.kms.katalon.core.main.TestCaseExecutor.execute(TestCaseExecutor.java:285)
	at com.kms.katalon.core.common.CommonExecutor.accessTestCaseMainPhase(CommonExecutor.java:65)
	at com.kms.katalon.core.main.TestSuiteExecutor.accessTestSuiteMainPhase(TestSuiteExecutor.java:148)
	at com.kms.katalon.core.main.TestSuiteExecutor.execute(TestSuiteExecutor.java:106)
	at com.kms.katalon.core.main.TestCaseMain.startTestSuite(TestCaseMain.java:187)
	at com.kms.katalon.core.main.TestCaseMain$startTestSuite$0.call(Unknown Source)
	at TempTestSuite1696497733454.run(TempTestSuite1696497733454.groovy:36)


2023-10-05 16:27:56 - [TEST_STEP][PASSED] - callTestCase(findTestCase("Product Ecommerce/TC-PE-001"), [:], STOP_ON_FAILURE): Call Test Case 'Test Cases/Product Ecommerce/TC-PE-001' successfully

2023-10-05 16:27:56 - [TEST_CASE][PASSED] - Test Cases/Product Ecommerce/TC-PE-001: Test Cases/Product Ecommerce/TC-PE-001

2023-10-05 16:27:56 - [TEST_STEP][PASSED] - callTestCase(findTestCase("Login Ecommerce/TC-Login Ecomerce-001"), [:], STOP_ON_FAILURE): Call Test Case 'Test Cases/Login Ecommerce/TC-Login Ecomerce-001' successfully

2023-10-05 16:27:56 - [TEST_CASE][PASSED] - Test Cases/Login Ecommerce/TC-Login Ecomerce-001: Test Cases/Login Ecommerce/TC-Login Ecomerce-001

2023-10-05 16:27:56 - [TEST_STEP][PASSED] - openBrowser(userTajalapak): Browser is opened with url: 'https://10.9.2.63/ecommerce/'

2023-10-05 16:27:56 - [MESSAGE][WARNING] - A browser is already opened. Closing browser and opening a new one

2023-10-05 16:27:57 - [MESSAGE][INFO] - Starting 'Edge Chromium' driver

2023-10-05 16:27:57 - [MESSAGE][INFO] - User set preference: ['acceptInsecureCerts', 'true']

2023-10-05 16:27:59 - [MESSAGE][INFO] - Action delay is set to 0 milliseconds

2023-10-05 16:28:02 - [MESSAGE][PASSED] - Browser is opened with url: 'https://10.9.2.63/ecommerce/'

2023-10-05 16:28:02 - [TEST_STEP][PASSED] - maximizeWindow(): Current window maximized

2023-10-05 16:28:02 - [MESSAGE][PASSED] - Current window maximized

2023-10-05 16:28:02 - [TEST_STEP][PASSED] - verifyElementPresent(findTestObject("Login Ecommerce/Verifikasi Halaman Login Akun"), 0): Object 'Object Repository/Login Ecommerce/Verifikasi Halaman Login Akun' is present

2023-10-05 16:28:02 - [MESSAGE][WARNING] - Timeout '0' is invalid. Using default page load timeout: '30'

2023-10-05 16:28:03 - [MESSAGE][PASSED] - Object 'Object Repository/Login Ecommerce/Verifikasi Halaman Login Akun' is present

2023-10-05 16:28:03 - [TEST_STEP][PASSED] - click(findTestObject("Login Ecommerce/Login Akun")): Object: 'Object Repository/Login Ecommerce/Login Akun' is clicked on

2023-10-05 16:28:03 - [MESSAGE][PASSED] - Object: 'Object Repository/Login Ecommerce/Login Akun' is clicked on

2023-10-05 16:28:03 - [TEST_STEP][PASSED] - verifyElementPresent(findTestObject("Login Ecommerce/Verifikasi Halaman Login Akun"), 0): Object 'Object Repository/Login Ecommerce/Verifikasi Halaman Login Akun' is present

2023-10-05 16:28:03 - [MESSAGE][WARNING] - Timeout '0' is invalid. Using default page load timeout: '30'

2023-10-05 16:28:04 - [MESSAGE][PASSED] - Object 'Object Repository/Login Ecommerce/Verifikasi Halaman Login Akun' is present

2023-10-05 16:28:04 - [TEST_STEP][PASSED] - setText(findTestObject("Login Ecommerce/Input Username"), "riswandha"): Text 'riswandha' is set on object 'Object Repository/Login Ecommerce/Input Username'

2023-10-05 16:28:04 - [MESSAGE][PASSED] - Text 'riswandha' is set on object 'Object Repository/Login Ecommerce/Input Username'

2023-10-05 16:28:04 - [TEST_STEP][PASSED] - setEncryptedText(findTestObject("Login Ecommerce/Input Password"), "iGDxf8hSRT4="): Text ****** has been set on object 'Object Repository/Login Ecommerce/Input Password'

2023-10-05 16:28:05 - [MESSAGE][PASSED] - Text ****** has been set on object 'Object Repository/Login Ecommerce/Input Password'

2023-10-05 16:28:05 - [TEST_STEP][PASSED] - click(findTestObject("Login Ecommerce/Button Masuk")): Object: 'Object Repository/Login Ecommerce/Button Masuk' is clicked on

2023-10-05 16:28:06 - [MESSAGE][PASSED] - Object: 'Object Repository/Login Ecommerce/Button Masuk' is clicked on

2023-10-05 16:28:06 - [TEST_STEP][PASSED] - verifyElementPresent(findTestObject("Login Ecommerce/Verifikasi Login Akun"), 0): Object 'Object Repository/Login Ecommerce/Verifikasi Login Akun' is present

2023-10-05 16:28:06 - [MESSAGE][WARNING] - Timeout '0' is invalid. Using default page load timeout: '30'

2023-10-05 16:28:06 - [MESSAGE][PASSED] - Object 'Object Repository/Login Ecommerce/Verifikasi Login Akun' is present

2023-10-05 16:28:06 - [MESSAGE][PASSED] - Call Test Case 'Test Cases/Login Ecommerce/TC-Login Ecomerce-001' successfully

2023-10-05 16:28:06 - [TEST_STEP][PASSED] - mouseOver(findTestObject("Product Ecommerce/Button Menu toko")): Object: 'Object Repository/Product Ecommerce/Button Menu toko' is hovered

2023-10-05 16:28:07 - [MESSAGE][PASSED] - Object: 'Object Repository/Product Ecommerce/Button Menu toko' is hovered

2023-10-05 16:28:07 - [TEST_STEP][PASSED] - click(findTestObject("Product Ecommerce/Button Daftar Produk")): Object: 'Object Repository/Product Ecommerce/Button Daftar Produk' is clicked on

2023-10-05 16:28:08 - [MESSAGE][PASSED] - Object: 'Object Repository/Product Ecommerce/Button Daftar Produk' is clicked on

2023-10-05 16:28:08 - [TEST_STEP][PASSED] - verifyElementPresent(findTestObject("Product Ecommerce/Verifikasi Halaman Product Anda"), 0): Object 'Object Repository/Product Ecommerce/Verifikasi Halaman Product Anda' is present

2023-10-05 16:28:08 - [MESSAGE][WARNING] - Timeout '0' is invalid. Using default page load timeout: '30'

2023-10-05 16:28:08 - [MESSAGE][PASSED] - Object 'Object Repository/Product Ecommerce/Verifikasi Halaman Product Anda' is present

2023-10-05 16:28:08 - [MESSAGE][PASSED] - Call Test Case 'Test Cases/Product Ecommerce/TC-PE-001' successfully

2023-10-05 16:28:08 - [TEST_STEP][PASSED] - mouseOver(findTestObject("Product Ecommerce/Image Gambar produk 1")): Object: 'Object Repository/Product Ecommerce/Image Gambar produk 1' is hovered

2023-10-05 16:28:09 - [MESSAGE][PASSED] - Object: 'Object Repository/Product Ecommerce/Image Gambar produk 1' is hovered

2023-10-05 16:28:09 - [TEST_STEP][PASSED] - click(findTestObject("Product Ecommerce/Tambahkan Product/Edit Data")): Object: 'Object Repository/Product Ecommerce/Tambahkan Product/Edit Data' is clicked on

2023-10-05 16:28:09 - [MESSAGE][PASSED] - Object: 'Object Repository/Product Ecommerce/Tambahkan Product/Edit Data' is clicked on

2023-10-05 16:28:09 - [TEST_STEP][PASSED] - setText(findTestObject("Product Ecommerce/Tambahkan Product/Input Stok Awal"), "0"): Text '0' is set on object 'Object Repository/Product Ecommerce/Tambahkan Product/Input Stok Awal'

2023-10-05 16:28:10 - [MESSAGE][PASSED] - Text '0' is set on object 'Object Repository/Product Ecommerce/Tambahkan Product/Input Stok Awal'

2023-10-05 16:28:10 - [TEST_STEP][PASSED] - driver = getWebDriver(): null

2023-10-05 16:28:10 - [TEST_STEP][PASSED] - field_username_element = driver.findElement(By.xpath("//input[@name="minimum"]")): null

2023-10-05 16:28:11 - [TEST_STEP][PASSED] - accept_button_message = driver.executeScript("return arguments[0].validationMessage", field_username_element): null

2023-10-05 16:28:11 - [TEST_STEP][PASSED] - click(findTestObject("Product Ecommerce/Tambahkan Product/Button Update Data")): Object: 'Object Repository/Product Ecommerce/Tambahkan Product/Button Update Data' is clicked on

2023-10-05 16:28:11 - [MESSAGE][PASSED] - Object: 'Object Repository/Product Ecommerce/Tambahkan Product/Button Update Data' is clicked on

2023-10-05 16:28:11 - [TEST_STEP][PASSED] - println(accept_button_message): null

2023-10-05 16:28:11 - [TEST_STEP][FAILED] - assert accept_button_message == "Please Column is not 0": Test Cases/Product Ecommerce/TC-PEN-004 FAILED.
Reason:
Assertion failed: 

assert accept_button_message == "Please Column is not 0"
       |                     |
       ""                    false

	at TC-PEN-004.run(TC-PEN-004:49)
	at com.kms.katalon.core.main.ScriptEngine.run(ScriptEngine.java:194)
	at com.kms.katalon.core.main.ScriptEngine.runScriptAsRawText(ScriptEngine.java:119)
	at com.kms.katalon.core.main.TestCaseExecutor.runScript(TestCaseExecutor.java:448)
	at com.kms.katalon.core.main.TestCaseExecutor.doExecute(TestCaseExecutor.java:439)
	at com.kms.katalon.core.main.TestCaseExecutor.processExecutionPhase(TestCaseExecutor.java:418)
	at com.kms.katalon.core.main.TestCaseExecutor.accessMainPhase(TestCaseExecutor.java:410)
	at com.kms.katalon.core.main.TestCaseExecutor.execute(TestCaseExecutor.java:285)
	at com.kms.katalon.core.common.CommonExecutor.accessTestCaseMainPhase(CommonExecutor.java:65)
	at com.kms.katalon.core.main.TestSuiteExecutor.accessTestSuiteMainPhase(TestSuiteExecutor.java:148)
	at com.kms.katalon.core.main.TestSuiteExecutor.execute(TestSuiteExecutor.java:106)
	at com.kms.katalon.core.main.TestCaseMain.startTestSuite(TestCaseMain.java:187)
	at com.kms.katalon.core.main.TestCaseMain$startTestSuite$0.call(Unknown Source)
	at TempTestSuite1696497733454.run(TempTestSuite1696497733454.groovy:36)


2023-10-05 16:28:11 - [MESSAGE][FAILED] - Test Cases/Product Ecommerce/TC-PEN-004 FAILED.
Reason:
Assertion failed: 

assert accept_button_message == "Please Column is not 0"
       |                     |
       ""                    false

	at TC-PEN-004.run(TC-PEN-004:49)
	at com.kms.katalon.core.main.ScriptEngine.run(ScriptEngine.java:194)
	at com.kms.katalon.core.main.ScriptEngine.runScriptAsRawText(ScriptEngine.java:119)
	at com.kms.katalon.core.main.TestCaseExecutor.runScript(TestCaseExecutor.java:448)
	at com.kms.katalon.core.main.TestCaseExecutor.doExecute(TestCaseExecutor.java:439)
	at com.kms.katalon.core.main.TestCaseExecutor.processExecutionPhase(TestCaseExecutor.java:418)
	at com.kms.katalon.core.main.TestCaseExecutor.accessMainPhase(TestCaseExecutor.java:410)
	at com.kms.katalon.core.main.TestCaseExecutor.execute(TestCaseExecutor.java:285)
	at com.kms.katalon.core.common.CommonExecutor.accessTestCaseMainPhase(CommonExecutor.java:65)
	at com.kms.katalon.core.main.TestSuiteExecutor.accessTestSuiteMainPhase(TestSuiteExecutor.java:148)
	at com.kms.katalon.core.main.TestSuiteExecutor.execute(TestSuiteExecutor.java:106)
	at com.kms.katalon.core.main.TestCaseMain.startTestSuite(TestCaseMain.java:187)
	at com.kms.katalon.core.main.TestCaseMain$startTestSuite$0.call(Unknown Source)
	at TempTestSuite1696497733454.run(TempTestSuite1696497733454.groovy:36)]]></system-out>
         <system-err><![CDATA[2023-10-05 16:27:55 - [TEST_CASE][FAILED] - Test Cases/Product Ecommerce/TC-PEN-004: Test Cases/Product Ecommerce/TC-PEN-004 FAILED.
Reason:
Assertion failed: 

assert accept_button_message == "Please Column is not 0"
       |                     |
       ""                    false

	at TC-PEN-004.run(TC-PEN-004:49)
	at com.kms.katalon.core.main.ScriptEngine.run(ScriptEngine.java:194)
	at com.kms.katalon.core.main.ScriptEngine.runScriptAsRawText(ScriptEngine.java:119)
	at com.kms.katalon.core.main.TestCaseExecutor.runScript(TestCaseExecutor.java:448)
	at com.kms.katalon.core.main.TestCaseExecutor.doExecute(TestCaseExecutor.java:439)
	at com.kms.katalon.core.main.TestCaseExecutor.processExecutionPhase(TestCaseExecutor.java:418)
	at com.kms.katalon.core.main.TestCaseExecutor.accessMainPhase(TestCaseExecutor.java:410)
	at com.kms.katalon.core.main.TestCaseExecutor.execute(TestCaseExecutor.java:285)
	at com.kms.katalon.core.common.CommonExecutor.accessTestCaseMainPhase(CommonExecutor.java:65)
	at com.kms.katalon.core.main.TestSuiteExecutor.accessTestSuiteMainPhase(TestSuiteExecutor.java:148)
	at com.kms.katalon.core.main.TestSuiteExecutor.execute(TestSuiteExecutor.java:106)
	at com.kms.katalon.core.main.TestCaseMain.startTestSuite(TestCaseMain.java:187)
	at com.kms.katalon.core.main.TestCaseMain$startTestSuite$0.call(Unknown Source)
	at TempTestSuite1696497733454.run(TempTestSuite1696497733454.groovy:36)]]></system-err>
      </testcase>
      <testcase name="Test Cases/Product Ecommerce/TC-PEN-005" time="19.792" classname="Test Cases/Product Ecommerce/TC-PEN-005" status="FAILED">
         <failure type="FAILED" message="Test Cases/Product Ecommerce/TC-PEN-005 FAILED.
Reason:
Assertion failed: 

assert accept_button_message == &quot;Please Input With true format&quot;
       |                     |
       &quot;&quot;                    false

	at TC-PEN-005.run(TC-PEN-005:48)
	at com.kms.katalon.core.main.ScriptEngine.run(ScriptEngine.java:194)
	at com.kms.katalon.core.main.ScriptEngine.runScriptAsRawText(ScriptEngine.java:119)
	at com.kms.katalon.core.main.TestCaseExecutor.runScript(TestCaseExecutor.java:448)
	at com.kms.katalon.core.main.TestCaseExecutor.doExecute(TestCaseExecutor.java:439)
	at com.kms.katalon.core.main.TestCaseExecutor.processExecutionPhase(TestCaseExecutor.java:418)
	at com.kms.katalon.core.main.TestCaseExecutor.accessMainPhase(TestCaseExecutor.java:410)
	at com.kms.katalon.core.main.TestCaseExecutor.execute(TestCaseExecutor.java:285)
	at com.kms.katalon.core.common.CommonExecutor.accessTestCaseMainPhase(CommonExecutor.java:65)
	at com.kms.katalon.core.main.TestSuiteExecutor.accessTestSuiteMainPhase(TestSuiteExecutor.java:148)
	at com.kms.katalon.core.main.TestSuiteExecutor.execute(TestSuiteExecutor.java:106)
	at com.kms.katalon.core.main.TestCaseMain.startTestSuite(TestCaseMain.java:187)
	at com.kms.katalon.core.main.TestCaseMain$startTestSuite$0.call(Unknown Source)
	at TempTestSuite1696497733454.run(TempTestSuite1696497733454.groovy:36)
"/>
         <system-out><![CDATA[2023-10-05 16:28:11 - [TEST_CASE][FAILED] - Test Cases/Product Ecommerce/TC-PEN-005: Test Cases/Product Ecommerce/TC-PEN-005 FAILED.
Reason:
Assertion failed: 

assert accept_button_message == "Please Input With true format"
       |                     |
       ""                    false

	at TC-PEN-005.run(TC-PEN-005:48)
	at com.kms.katalon.core.main.ScriptEngine.run(ScriptEngine.java:194)
	at com.kms.katalon.core.main.ScriptEngine.runScriptAsRawText(ScriptEngine.java:119)
	at com.kms.katalon.core.main.TestCaseExecutor.runScript(TestCaseExecutor.java:448)
	at com.kms.katalon.core.main.TestCaseExecutor.doExecute(TestCaseExecutor.java:439)
	at com.kms.katalon.core.main.TestCaseExecutor.processExecutionPhase(TestCaseExecutor.java:418)
	at com.kms.katalon.core.main.TestCaseExecutor.accessMainPhase(TestCaseExecutor.java:410)
	at com.kms.katalon.core.main.TestCaseExecutor.execute(TestCaseExecutor.java:285)
	at com.kms.katalon.core.common.CommonExecutor.accessTestCaseMainPhase(CommonExecutor.java:65)
	at com.kms.katalon.core.main.TestSuiteExecutor.accessTestSuiteMainPhase(TestSuiteExecutor.java:148)
	at com.kms.katalon.core.main.TestSuiteExecutor.execute(TestSuiteExecutor.java:106)
	at com.kms.katalon.core.main.TestCaseMain.startTestSuite(TestCaseMain.java:187)
	at com.kms.katalon.core.main.TestCaseMain$startTestSuite$0.call(Unknown Source)
	at TempTestSuite1696497733454.run(TempTestSuite1696497733454.groovy:36)


2023-10-05 16:28:12 - [TEST_STEP][PASSED] - callTestCase(findTestCase("Product Ecommerce/TC-PE-001"), [:], STOP_ON_FAILURE): Call Test Case 'Test Cases/Product Ecommerce/TC-PE-001' successfully

2023-10-05 16:28:12 - [TEST_CASE][PASSED] - Test Cases/Product Ecommerce/TC-PE-001: Test Cases/Product Ecommerce/TC-PE-001

2023-10-05 16:28:12 - [TEST_STEP][PASSED] - callTestCase(findTestCase("Login Ecommerce/TC-Login Ecomerce-001"), [:], STOP_ON_FAILURE): Call Test Case 'Test Cases/Login Ecommerce/TC-Login Ecomerce-001' successfully

2023-10-05 16:28:12 - [TEST_CASE][PASSED] - Test Cases/Login Ecommerce/TC-Login Ecomerce-001: Test Cases/Login Ecommerce/TC-Login Ecomerce-001

2023-10-05 16:28:12 - [TEST_STEP][PASSED] - openBrowser(userTajalapak): Browser is opened with url: 'https://10.9.2.63/ecommerce/'

2023-10-05 16:28:12 - [MESSAGE][WARNING] - A browser is already opened. Closing browser and opening a new one

2023-10-05 16:28:13 - [MESSAGE][INFO] - Starting 'Edge Chromium' driver

2023-10-05 16:28:13 - [MESSAGE][INFO] - User set preference: ['acceptInsecureCerts', 'true']

2023-10-05 16:28:15 - [MESSAGE][INFO] - Action delay is set to 0 milliseconds

2023-10-05 16:28:18 - [MESSAGE][PASSED] - Browser is opened with url: 'https://10.9.2.63/ecommerce/'

2023-10-05 16:28:18 - [TEST_STEP][PASSED] - maximizeWindow(): Current window maximized

2023-10-05 16:28:18 - [MESSAGE][PASSED] - Current window maximized

2023-10-05 16:28:18 - [TEST_STEP][PASSED] - verifyElementPresent(findTestObject("Login Ecommerce/Verifikasi Halaman Login Akun"), 0): Object 'Object Repository/Login Ecommerce/Verifikasi Halaman Login Akun' is present

2023-10-05 16:28:18 - [MESSAGE][WARNING] - Timeout '0' is invalid. Using default page load timeout: '30'

2023-10-05 16:28:19 - [MESSAGE][PASSED] - Object 'Object Repository/Login Ecommerce/Verifikasi Halaman Login Akun' is present

2023-10-05 16:28:19 - [TEST_STEP][PASSED] - click(findTestObject("Login Ecommerce/Login Akun")): Object: 'Object Repository/Login Ecommerce/Login Akun' is clicked on

2023-10-05 16:28:19 - [MESSAGE][PASSED] - Object: 'Object Repository/Login Ecommerce/Login Akun' is clicked on

2023-10-05 16:28:19 - [TEST_STEP][PASSED] - verifyElementPresent(findTestObject("Login Ecommerce/Verifikasi Halaman Login Akun"), 0): Object 'Object Repository/Login Ecommerce/Verifikasi Halaman Login Akun' is present

2023-10-05 16:28:19 - [MESSAGE][WARNING] - Timeout '0' is invalid. Using default page load timeout: '30'

2023-10-05 16:28:20 - [MESSAGE][PASSED] - Object 'Object Repository/Login Ecommerce/Verifikasi Halaman Login Akun' is present

2023-10-05 16:28:20 - [TEST_STEP][PASSED] - setText(findTestObject("Login Ecommerce/Input Username"), "riswandha"): Text 'riswandha' is set on object 'Object Repository/Login Ecommerce/Input Username'

2023-10-05 16:28:21 - [MESSAGE][PASSED] - Text 'riswandha' is set on object 'Object Repository/Login Ecommerce/Input Username'

2023-10-05 16:28:21 - [TEST_STEP][PASSED] - setEncryptedText(findTestObject("Login Ecommerce/Input Password"), "iGDxf8hSRT4="): Text ****** has been set on object 'Object Repository/Login Ecommerce/Input Password'

2023-10-05 16:28:21 - [MESSAGE][PASSED] - Text ****** has been set on object 'Object Repository/Login Ecommerce/Input Password'

2023-10-05 16:28:21 - [TEST_STEP][PASSED] - click(findTestObject("Login Ecommerce/Button Masuk")): Object: 'Object Repository/Login Ecommerce/Button Masuk' is clicked on

2023-10-05 16:28:22 - [MESSAGE][PASSED] - Object: 'Object Repository/Login Ecommerce/Button Masuk' is clicked on

2023-10-05 16:28:22 - [TEST_STEP][PASSED] - verifyElementPresent(findTestObject("Login Ecommerce/Verifikasi Login Akun"), 0): Object 'Object Repository/Login Ecommerce/Verifikasi Login Akun' is present

2023-10-05 16:28:23 - [MESSAGE][WARNING] - Timeout '0' is invalid. Using default page load timeout: '30'

2023-10-05 16:28:24 - [MESSAGE][PASSED] - Object 'Object Repository/Login Ecommerce/Verifikasi Login Akun' is present

2023-10-05 16:28:24 - [MESSAGE][PASSED] - Call Test Case 'Test Cases/Login Ecommerce/TC-Login Ecomerce-001' successfully

2023-10-05 16:28:24 - [TEST_STEP][PASSED] - mouseOver(findTestObject("Product Ecommerce/Button Menu toko")): Object: 'Object Repository/Product Ecommerce/Button Menu toko' is hovered

2023-10-05 16:28:24 - [MESSAGE][PASSED] - Object: 'Object Repository/Product Ecommerce/Button Menu toko' is hovered

2023-10-05 16:28:24 - [TEST_STEP][PASSED] - click(findTestObject("Product Ecommerce/Button Daftar Produk")): Object: 'Object Repository/Product Ecommerce/Button Daftar Produk' is clicked on

2023-10-05 16:28:25 - [MESSAGE][PASSED] - Object: 'Object Repository/Product Ecommerce/Button Daftar Produk' is clicked on

2023-10-05 16:28:25 - [TEST_STEP][PASSED] - verifyElementPresent(findTestObject("Product Ecommerce/Verifikasi Halaman Product Anda"), 0): Object 'Object Repository/Product Ecommerce/Verifikasi Halaman Product Anda' is present

2023-10-05 16:28:25 - [MESSAGE][WARNING] - Timeout '0' is invalid. Using default page load timeout: '30'

2023-10-05 16:28:25 - [MESSAGE][PASSED] - Object 'Object Repository/Product Ecommerce/Verifikasi Halaman Product Anda' is present

2023-10-05 16:28:25 - [MESSAGE][PASSED] - Call Test Case 'Test Cases/Product Ecommerce/TC-PE-001' successfully

2023-10-05 16:28:25 - [TEST_STEP][PASSED] - mouseOver(findTestObject("Product Ecommerce/Image Gambar produk 1")): Object: 'Object Repository/Product Ecommerce/Image Gambar produk 1' is hovered

2023-10-05 16:28:26 - [MESSAGE][PASSED] - Object: 'Object Repository/Product Ecommerce/Image Gambar produk 1' is hovered

2023-10-05 16:28:26 - [TEST_STEP][PASSED] - click(findTestObject("Product Ecommerce/Tambahkan Product/Edit Data")): Object: 'Object Repository/Product Ecommerce/Tambahkan Product/Edit Data' is clicked on

2023-10-05 16:28:27 - [MESSAGE][PASSED] - Object: 'Object Repository/Product Ecommerce/Tambahkan Product/Edit Data' is clicked on

2023-10-05 16:28:27 - [TEST_STEP][PASSED] - setText(findTestObject("Product Ecommerce/Tambahkan Product/Input Minimum Order"), "-1"): Text '-1' is set on object 'Object Repository/Product Ecommerce/Tambahkan Product/Input Minimum Order'

2023-10-05 16:28:30 - [MESSAGE][PASSED] - Text '-1' is set on object 'Object Repository/Product Ecommerce/Tambahkan Product/Input Minimum Order'

2023-10-05 16:28:30 - [TEST_STEP][PASSED] - driver = getWebDriver(): null

2023-10-05 16:28:30 - [TEST_STEP][PASSED] - field_username_element = driver.findElement(By.xpath("//input[@name="minimum"]")): null

2023-10-05 16:28:30 - [TEST_STEP][PASSED] - accept_button_message = driver.executeScript("return arguments[0].validationMessage", field_username_element): null

2023-10-05 16:28:30 - [TEST_STEP][PASSED] - click(findTestObject("Product Ecommerce/Tambahkan Product/Button Update Data")): Object: 'Object Repository/Product Ecommerce/Tambahkan Product/Button Update Data' is clicked on

2023-10-05 16:28:31 - [MESSAGE][PASSED] - Object: 'Object Repository/Product Ecommerce/Tambahkan Product/Button Update Data' is clicked on

2023-10-05 16:28:31 - [TEST_STEP][PASSED] - println(accept_button_message): null

2023-10-05 16:28:31 - [TEST_STEP][FAILED] - assert accept_button_message == "Please Input With true format": Test Cases/Product Ecommerce/TC-PEN-005 FAILED.
Reason:
Assertion failed: 

assert accept_button_message == "Please Input With true format"
       |                     |
       ""                    false

	at TC-PEN-005.run(TC-PEN-005:48)
	at com.kms.katalon.core.main.ScriptEngine.run(ScriptEngine.java:194)
	at com.kms.katalon.core.main.ScriptEngine.runScriptAsRawText(ScriptEngine.java:119)
	at com.kms.katalon.core.main.TestCaseExecutor.runScript(TestCaseExecutor.java:448)
	at com.kms.katalon.core.main.TestCaseExecutor.doExecute(TestCaseExecutor.java:439)
	at com.kms.katalon.core.main.TestCaseExecutor.processExecutionPhase(TestCaseExecutor.java:418)
	at com.kms.katalon.core.main.TestCaseExecutor.accessMainPhase(TestCaseExecutor.java:410)
	at com.kms.katalon.core.main.TestCaseExecutor.execute(TestCaseExecutor.java:285)
	at com.kms.katalon.core.common.CommonExecutor.accessTestCaseMainPhase(CommonExecutor.java:65)
	at com.kms.katalon.core.main.TestSuiteExecutor.accessTestSuiteMainPhase(TestSuiteExecutor.java:148)
	at com.kms.katalon.core.main.TestSuiteExecutor.execute(TestSuiteExecutor.java:106)
	at com.kms.katalon.core.main.TestCaseMain.startTestSuite(TestCaseMain.java:187)
	at com.kms.katalon.core.main.TestCaseMain$startTestSuite$0.call(Unknown Source)
	at TempTestSuite1696497733454.run(TempTestSuite1696497733454.groovy:36)


2023-10-05 16:28:31 - [MESSAGE][FAILED] - Test Cases/Product Ecommerce/TC-PEN-005 FAILED.
Reason:
Assertion failed: 

assert accept_button_message == "Please Input With true format"
       |                     |
       ""                    false

	at TC-PEN-005.run(TC-PEN-005:48)
	at com.kms.katalon.core.main.ScriptEngine.run(ScriptEngine.java:194)
	at com.kms.katalon.core.main.ScriptEngine.runScriptAsRawText(ScriptEngine.java:119)
	at com.kms.katalon.core.main.TestCaseExecutor.runScript(TestCaseExecutor.java:448)
	at com.kms.katalon.core.main.TestCaseExecutor.doExecute(TestCaseExecutor.java:439)
	at com.kms.katalon.core.main.TestCaseExecutor.processExecutionPhase(TestCaseExecutor.java:418)
	at com.kms.katalon.core.main.TestCaseExecutor.accessMainPhase(TestCaseExecutor.java:410)
	at com.kms.katalon.core.main.TestCaseExecutor.execute(TestCaseExecutor.java:285)
	at com.kms.katalon.core.common.CommonExecutor.accessTestCaseMainPhase(CommonExecutor.java:65)
	at com.kms.katalon.core.main.TestSuiteExecutor.accessTestSuiteMainPhase(TestSuiteExecutor.java:148)
	at com.kms.katalon.core.main.TestSuiteExecutor.execute(TestSuiteExecutor.java:106)
	at com.kms.katalon.core.main.TestCaseMain.startTestSuite(TestCaseMain.java:187)
	at com.kms.katalon.core.main.TestCaseMain$startTestSuite$0.call(Unknown Source)
	at TempTestSuite1696497733454.run(TempTestSuite1696497733454.groovy:36)]]></system-out>
         <system-err><![CDATA[2023-10-05 16:28:11 - [TEST_CASE][FAILED] - Test Cases/Product Ecommerce/TC-PEN-005: Test Cases/Product Ecommerce/TC-PEN-005 FAILED.
Reason:
Assertion failed: 

assert accept_button_message == "Please Input With true format"
       |                     |
       ""                    false

	at TC-PEN-005.run(TC-PEN-005:48)
	at com.kms.katalon.core.main.ScriptEngine.run(ScriptEngine.java:194)
	at com.kms.katalon.core.main.ScriptEngine.runScriptAsRawText(ScriptEngine.java:119)
	at com.kms.katalon.core.main.TestCaseExecutor.runScript(TestCaseExecutor.java:448)
	at com.kms.katalon.core.main.TestCaseExecutor.doExecute(TestCaseExecutor.java:439)
	at com.kms.katalon.core.main.TestCaseExecutor.processExecutionPhase(TestCaseExecutor.java:418)
	at com.kms.katalon.core.main.TestCaseExecutor.accessMainPhase(TestCaseExecutor.java:410)
	at com.kms.katalon.core.main.TestCaseExecutor.execute(TestCaseExecutor.java:285)
	at com.kms.katalon.core.common.CommonExecutor.accessTestCaseMainPhase(CommonExecutor.java:65)
	at com.kms.katalon.core.main.TestSuiteExecutor.accessTestSuiteMainPhase(TestSuiteExecutor.java:148)
	at com.kms.katalon.core.main.TestSuiteExecutor.execute(TestSuiteExecutor.java:106)
	at com.kms.katalon.core.main.TestCaseMain.startTestSuite(TestCaseMain.java:187)
	at com.kms.katalon.core.main.TestCaseMain$startTestSuite$0.call(Unknown Source)
	at TempTestSuite1696497733454.run(TempTestSuite1696497733454.groovy:36)]]></system-err>
      </testcase>
      <testcase name="Test Cases/Product Ecommerce/TC-PEN-006" time="20.993" classname="Test Cases/Product Ecommerce/TC-PEN-006" status="PASSED">
         <system-out><![CDATA[2023-10-05 16:28:31 - [TEST_CASE][PASSED] - Test Cases/Product Ecommerce/TC-PEN-006: Test Cases/Product Ecommerce/TC-PEN-006

2023-10-05 16:28:32 - [TEST_STEP][PASSED] - callTestCase(findTestCase("Product Ecommerce/TC-PE-009"), ["kodeKupon":"product30", "jumlah":"4", "expired":"2023-11-11", "minOrder":"2", "nilai":"300"], STOP_ON_FAILURE): Call Test Case 'Test Cases/Product Ecommerce/TC-PE-009' successfully

2023-10-05 16:28:32 - [TEST_CASE][PASSED] - Test Cases/Product Ecommerce/TC-PE-009: Test Cases/Product Ecommerce/TC-PE-009

2023-10-05 16:28:32 - [TEST_STEP][PASSED] - callTestCase(findTestCase("Product Ecommerce/TC-PE-001"), [:], STOP_ON_FAILURE): Call Test Case 'Test Cases/Product Ecommerce/TC-PE-001' successfully

2023-10-05 16:28:32 - [TEST_CASE][PASSED] - Test Cases/Product Ecommerce/TC-PE-001: Test Cases/Product Ecommerce/TC-PE-001

2023-10-05 16:28:32 - [TEST_STEP][PASSED] - callTestCase(findTestCase("Login Ecommerce/TC-Login Ecomerce-001"), [:], STOP_ON_FAILURE): Call Test Case 'Test Cases/Login Ecommerce/TC-Login Ecomerce-001' successfully

2023-10-05 16:28:32 - [TEST_CASE][PASSED] - Test Cases/Login Ecommerce/TC-Login Ecomerce-001: Test Cases/Login Ecommerce/TC-Login Ecomerce-001

2023-10-05 16:28:32 - [TEST_STEP][PASSED] - openBrowser(userTajalapak): Browser is opened with url: 'https://10.9.2.63/ecommerce/'

2023-10-05 16:28:32 - [MESSAGE][WARNING] - A browser is already opened. Closing browser and opening a new one

2023-10-05 16:28:33 - [MESSAGE][INFO] - Starting 'Edge Chromium' driver

2023-10-05 16:28:33 - [MESSAGE][INFO] - User set preference: ['acceptInsecureCerts', 'true']

2023-10-05 16:28:35 - [MESSAGE][INFO] - Action delay is set to 0 milliseconds

2023-10-05 16:28:37 - [MESSAGE][PASSED] - Browser is opened with url: 'https://10.9.2.63/ecommerce/'

2023-10-05 16:28:37 - [TEST_STEP][PASSED] - maximizeWindow(): Current window maximized

2023-10-05 16:28:37 - [MESSAGE][PASSED] - Current window maximized

2023-10-05 16:28:37 - [TEST_STEP][PASSED] - verifyElementPresent(findTestObject("Login Ecommerce/Verifikasi Halaman Login Akun"), 0): Object 'Object Repository/Login Ecommerce/Verifikasi Halaman Login Akun' is present

2023-10-05 16:28:37 - [MESSAGE][WARNING] - Timeout '0' is invalid. Using default page load timeout: '30'

2023-10-05 16:28:38 - [MESSAGE][PASSED] - Object 'Object Repository/Login Ecommerce/Verifikasi Halaman Login Akun' is present

2023-10-05 16:28:38 - [TEST_STEP][PASSED] - click(findTestObject("Login Ecommerce/Login Akun")): Object: 'Object Repository/Login Ecommerce/Login Akun' is clicked on

2023-10-05 16:28:38 - [MESSAGE][PASSED] - Object: 'Object Repository/Login Ecommerce/Login Akun' is clicked on

2023-10-05 16:28:38 - [TEST_STEP][PASSED] - verifyElementPresent(findTestObject("Login Ecommerce/Verifikasi Halaman Login Akun"), 0): Object 'Object Repository/Login Ecommerce/Verifikasi Halaman Login Akun' is present

2023-10-05 16:28:38 - [MESSAGE][WARNING] - Timeout '0' is invalid. Using default page load timeout: '30'

2023-10-05 16:28:39 - [MESSAGE][PASSED] - Object 'Object Repository/Login Ecommerce/Verifikasi Halaman Login Akun' is present

2023-10-05 16:28:39 - [TEST_STEP][PASSED] - setText(findTestObject("Login Ecommerce/Input Username"), "riswandha"): Text 'riswandha' is set on object 'Object Repository/Login Ecommerce/Input Username'

2023-10-05 16:28:40 - [MESSAGE][PASSED] - Text 'riswandha' is set on object 'Object Repository/Login Ecommerce/Input Username'

2023-10-05 16:28:40 - [TEST_STEP][PASSED] - setEncryptedText(findTestObject("Login Ecommerce/Input Password"), "iGDxf8hSRT4="): Text ****** has been set on object 'Object Repository/Login Ecommerce/Input Password'

2023-10-05 16:28:40 - [MESSAGE][PASSED] - Text ****** has been set on object 'Object Repository/Login Ecommerce/Input Password'

2023-10-05 16:28:40 - [TEST_STEP][PASSED] - click(findTestObject("Login Ecommerce/Button Masuk")): Object: 'Object Repository/Login Ecommerce/Button Masuk' is clicked on

2023-10-05 16:28:41 - [MESSAGE][PASSED] - Object: 'Object Repository/Login Ecommerce/Button Masuk' is clicked on

2023-10-05 16:28:41 - [TEST_STEP][PASSED] - verifyElementPresent(findTestObject("Login Ecommerce/Verifikasi Login Akun"), 0): Object 'Object Repository/Login Ecommerce/Verifikasi Login Akun' is present

2023-10-05 16:28:41 - [MESSAGE][WARNING] - Timeout '0' is invalid. Using default page load timeout: '30'

2023-10-05 16:28:42 - [MESSAGE][PASSED] - Object 'Object Repository/Login Ecommerce/Verifikasi Login Akun' is present

2023-10-05 16:28:42 - [MESSAGE][PASSED] - Call Test Case 'Test Cases/Login Ecommerce/TC-Login Ecomerce-001' successfully

2023-10-05 16:28:42 - [TEST_STEP][PASSED] - mouseOver(findTestObject("Product Ecommerce/Button Menu toko")): Object: 'Object Repository/Product Ecommerce/Button Menu toko' is hovered

2023-10-05 16:28:42 - [MESSAGE][PASSED] - Object: 'Object Repository/Product Ecommerce/Button Menu toko' is hovered

2023-10-05 16:28:42 - [TEST_STEP][PASSED] - click(findTestObject("Product Ecommerce/Button Daftar Produk")): Object: 'Object Repository/Product Ecommerce/Button Daftar Produk' is clicked on

2023-10-05 16:28:43 - [MESSAGE][PASSED] - Object: 'Object Repository/Product Ecommerce/Button Daftar Produk' is clicked on

2023-10-05 16:28:43 - [TEST_STEP][PASSED] - verifyElementPresent(findTestObject("Product Ecommerce/Verifikasi Halaman Product Anda"), 0): Object 'Object Repository/Product Ecommerce/Verifikasi Halaman Product Anda' is present

2023-10-05 16:28:43 - [MESSAGE][WARNING] - Timeout '0' is invalid. Using default page load timeout: '30'

2023-10-05 16:28:44 - [MESSAGE][PASSED] - Object 'Object Repository/Product Ecommerce/Verifikasi Halaman Product Anda' is present

2023-10-05 16:28:44 - [MESSAGE][PASSED] - Call Test Case 'Test Cases/Product Ecommerce/TC-PE-001' successfully

2023-10-05 16:28:44 - [TEST_STEP][PASSED] - mouseOver(findTestObject("Product Ecommerce/Image Gambar produk 1")): Object: 'Object Repository/Product Ecommerce/Image Gambar produk 1' is hovered

2023-10-05 16:28:44 - [MESSAGE][PASSED] - Object: 'Object Repository/Product Ecommerce/Image Gambar produk 1' is hovered

2023-10-05 16:28:44 - [TEST_STEP][PASSED] - click(findTestObject("Product Ecommerce/Tambahkan Product/Edit Data")): Object: 'Object Repository/Product Ecommerce/Tambahkan Product/Edit Data' is clicked on

2023-10-05 16:28:45 - [MESSAGE][PASSED] - Object: 'Object Repository/Product Ecommerce/Tambahkan Product/Edit Data' is clicked on

2023-10-05 16:28:45 - [TEST_STEP][PASSED] - click(findTestObject("Product Ecommerce/Kupon/Button Buat Product")): Object: 'Object Repository/Product Ecommerce/Kupon/Button Buat Product' is clicked on

2023-10-05 16:28:46 - [MESSAGE][PASSED] - Object: 'Object Repository/Product Ecommerce/Kupon/Button Buat Product' is clicked on

2023-10-05 16:28:46 - [TEST_STEP][PASSED] - verifyElementPresent(findTestObject("Product Ecommerce/Kupon/Verifikasi Halaman Voucher Product"), 0): Object 'Object Repository/Product Ecommerce/Kupon/Verifikasi Halaman Voucher Product' is present

2023-10-05 16:28:46 - [MESSAGE][WARNING] - Timeout '0' is invalid. Using default page load timeout: '30'

2023-10-05 16:28:46 - [MESSAGE][PASSED] - Object 'Object Repository/Product Ecommerce/Kupon/Verifikasi Halaman Voucher Product' is present

2023-10-05 16:28:46 - [TEST_STEP][PASSED] - setText(findTestObject("Product Ecommerce/Kupon/Input Kode Kupon"), kodeKupon): Text 'product30' is set on object 'Object Repository/Product Ecommerce/Kupon/Input Kode Kupon'

2023-10-05 16:28:47 - [MESSAGE][PASSED] - Text 'product30' is set on object 'Object Repository/Product Ecommerce/Kupon/Input Kode Kupon'

2023-10-05 16:28:47 - [TEST_STEP][PASSED] - setText(findTestObject("Product Ecommerce/Kupon/Input Jumlah Kode kupon"), jumlah): Text '4' is set on object 'Object Repository/Product Ecommerce/Kupon/Input Jumlah Kode kupon'

2023-10-05 16:28:48 - [MESSAGE][PASSED] - Text '4' is set on object 'Object Repository/Product Ecommerce/Kupon/Input Jumlah Kode kupon'

2023-10-05 16:28:48 - [TEST_STEP][PASSED] - setText(findTestObject("Product Ecommerce/Kupon/Input Masa Berlaku"), expired): Text '2023-11-11' is set on object 'Object Repository/Product Ecommerce/Kupon/Input Masa Berlaku'

2023-10-05 16:28:48 - [MESSAGE][PASSED] - Text '2023-11-11' is set on object 'Object Repository/Product Ecommerce/Kupon/Input Masa Berlaku'

2023-10-05 16:28:48 - [TEST_STEP][PASSED] - setText(findTestObject("Product Ecommerce/Kupon/Input Min Order"), minOrder): Text '2' is set on object 'Object Repository/Product Ecommerce/Kupon/Input Min Order'

2023-10-05 16:28:49 - [MESSAGE][PASSED] - Text '2' is set on object 'Object Repository/Product Ecommerce/Kupon/Input Min Order'

2023-10-05 16:28:49 - [TEST_STEP][PASSED] - setText(findTestObject("Product Ecommerce/Kupon/Input Nilai Kupon"), nilai): Text '300' is set on object 'Object Repository/Product Ecommerce/Kupon/Input Nilai Kupon'

2023-10-05 16:28:50 - [MESSAGE][PASSED] - Text '300' is set on object 'Object Repository/Product Ecommerce/Kupon/Input Nilai Kupon'

2023-10-05 16:28:50 - [TEST_STEP][PASSED] - click(findTestObject("Product Ecommerce/Kupon/Button Simpan")): Object: 'Object Repository/Product Ecommerce/Kupon/Button Simpan' is clicked on

2023-10-05 16:28:50 - [MESSAGE][PASSED] - Object: 'Object Repository/Product Ecommerce/Kupon/Button Simpan' is clicked on

2023-10-05 16:28:50 - [TEST_STEP][PASSED] - dataList = findWebElements(findTestObject("Object Repository/Product Ecommerce/Kupon/Data Semua Voucher"), 10): null

2023-10-05 16:28:51 - [TEST_STEP][PASSED] - dataKupon = "": null

2023-10-05 16:28:51 - [TEST_STEP][PASSED] - for ([i = 0, i < dataList.size(), (i++)]): null

2023-10-05 16:28:51 - [TEST_STEP][PASSED] - text = text: null

2023-10-05 16:28:51 - [TEST_STEP][PASSED] - dataKupon = dataKupon + text: null

2023-10-05 16:28:51 - [TEST_STEP][PASSED] - println(dataKupon): null

2023-10-05 16:28:51 - [TEST_STEP][PASSED] - assert dataKupon.contains(kodeKupon): null

2023-10-05 16:28:51 - [TEST_STEP][PASSED] - assert dataKupon.contains(jumlah): null

2023-10-05 16:28:51 - [TEST_STEP][PASSED] - assert dataKupon.contains(expired): null

2023-10-05 16:28:51 - [TEST_STEP][PASSED] - assert dataKupon.contains(minOrder): null

2023-10-05 16:28:51 - [TEST_STEP][PASSED] - assert dataKupon.contains(nilai): null

2023-10-05 16:28:51 - [MESSAGE][PASSED] - Call Test Case 'Test Cases/Product Ecommerce/TC-PE-009' successfully

2023-10-05 16:28:51 - [TEST_STEP][PASSED] - click(findTestObject("Product Ecommerce/Kupon/Button Edit Voucher")): Object: 'Object Repository/Product Ecommerce/Kupon/Button Edit Voucher' is clicked on

2023-10-05 16:28:52 - [MESSAGE][PASSED] - Object: 'Object Repository/Product Ecommerce/Kupon/Button Edit Voucher' is clicked on

2023-10-05 16:28:52 - [TEST_STEP][PASSED] - setText(findTestObject("Product Ecommerce/Kupon/Input Kode Kupon"), "Product 31"): Text 'Product 31' is set on object 'Object Repository/Product Ecommerce/Kupon/Input Kode Kupon'

2023-10-05 16:28:52 - [MESSAGE][PASSED] - Text 'Product 31' is set on object 'Object Repository/Product Ecommerce/Kupon/Input Kode Kupon'

2023-10-05 16:28:52 - [TEST_STEP][PASSED] - notif = getAlertText(): Get alert text successfully: 'Maaf, Tidak Boleh Menggunakan Spasi,..'

2023-10-05 16:28:52 - [MESSAGE][PASSED] - Get alert text successfully: 'Maaf, Tidak Boleh Menggunakan Spasi,..'

2023-10-05 16:28:52 - [TEST_STEP][PASSED] - assert notif == "Maaf, Tidak Boleh Menggunakan Spasi,..": null]]></system-out>
         <system-err><![CDATA[]]></system-err>
      </testcase>
      <testcase name="Test Cases/Product Ecommerce/TC-PEN-007" time="18.859" classname="Test Cases/Product Ecommerce/TC-PEN-007" status="FAILED">
         <failure type="FAILED" message="Test Cases/Product Ecommerce/TC-PEN-007 FAILED.
Reason:
Assertion failed: 

assert accept_button_message == &quot;Please input Valid.&quot;
       |                     |
       &quot;&quot;                    false

	at TC-PEN-007.run(TC-PEN-007:53)
	at com.kms.katalon.core.main.ScriptEngine.run(ScriptEngine.java:194)
	at com.kms.katalon.core.main.ScriptEngine.runScriptAsRawText(ScriptEngine.java:119)
	at com.kms.katalon.core.main.TestCaseExecutor.runScript(TestCaseExecutor.java:448)
	at com.kms.katalon.core.main.TestCaseExecutor.doExecute(TestCaseExecutor.java:439)
	at com.kms.katalon.core.main.TestCaseExecutor.processExecutionPhase(TestCaseExecutor.java:418)
	at com.kms.katalon.core.main.TestCaseExecutor.accessMainPhase(TestCaseExecutor.java:410)
	at com.kms.katalon.core.main.TestCaseExecutor.execute(TestCaseExecutor.java:285)
	at com.kms.katalon.core.common.CommonExecutor.accessTestCaseMainPhase(CommonExecutor.java:65)
	at com.kms.katalon.core.main.TestSuiteExecutor.accessTestSuiteMainPhase(TestSuiteExecutor.java:148)
	at com.kms.katalon.core.main.TestSuiteExecutor.execute(TestSuiteExecutor.java:106)
	at com.kms.katalon.core.main.TestCaseMain.startTestSuite(TestCaseMain.java:187)
	at com.kms.katalon.core.main.TestCaseMain$startTestSuite$0.call(Unknown Source)
	at TempTestSuite1696497733454.run(TempTestSuite1696497733454.groovy:36)
"/>
         <system-out><![CDATA[2023-10-05 16:28:52 - [TEST_CASE][FAILED] - Test Cases/Product Ecommerce/TC-PEN-007: Test Cases/Product Ecommerce/TC-PEN-007 FAILED.
Reason:
Assertion failed: 

assert accept_button_message == "Please input Valid."
       |                     |
       ""                    false

	at TC-PEN-007.run(TC-PEN-007:53)
	at com.kms.katalon.core.main.ScriptEngine.run(ScriptEngine.java:194)
	at com.kms.katalon.core.main.ScriptEngine.runScriptAsRawText(ScriptEngine.java:119)
	at com.kms.katalon.core.main.TestCaseExecutor.runScript(TestCaseExecutor.java:448)
	at com.kms.katalon.core.main.TestCaseExecutor.doExecute(TestCaseExecutor.java:439)
	at com.kms.katalon.core.main.TestCaseExecutor.processExecutionPhase(TestCaseExecutor.java:418)
	at com.kms.katalon.core.main.TestCaseExecutor.accessMainPhase(TestCaseExecutor.java:410)
	at com.kms.katalon.core.main.TestCaseExecutor.execute(TestCaseExecutor.java:285)
	at com.kms.katalon.core.common.CommonExecutor.accessTestCaseMainPhase(CommonExecutor.java:65)
	at com.kms.katalon.core.main.TestSuiteExecutor.accessTestSuiteMainPhase(TestSuiteExecutor.java:148)
	at com.kms.katalon.core.main.TestSuiteExecutor.execute(TestSuiteExecutor.java:106)
	at com.kms.katalon.core.main.TestCaseMain.startTestSuite(TestCaseMain.java:187)
	at com.kms.katalon.core.main.TestCaseMain$startTestSuite$0.call(Unknown Source)
	at TempTestSuite1696497733454.run(TempTestSuite1696497733454.groovy:36)


2023-10-05 16:28:53 - [TEST_STEP][PASSED] - callTestCase(findTestCase("Product Ecommerce/TC-PE-001"), [:], STOP_ON_FAILURE): Call Test Case 'Test Cases/Product Ecommerce/TC-PE-001' successfully

2023-10-05 16:28:53 - [TEST_CASE][PASSED] - Test Cases/Product Ecommerce/TC-PE-001: Test Cases/Product Ecommerce/TC-PE-001

2023-10-05 16:28:53 - [TEST_STEP][PASSED] - callTestCase(findTestCase("Login Ecommerce/TC-Login Ecomerce-001"), [:], STOP_ON_FAILURE): Call Test Case 'Test Cases/Login Ecommerce/TC-Login Ecomerce-001' successfully

2023-10-05 16:28:53 - [TEST_CASE][PASSED] - Test Cases/Login Ecommerce/TC-Login Ecomerce-001: Test Cases/Login Ecommerce/TC-Login Ecomerce-001

2023-10-05 16:28:53 - [TEST_STEP][PASSED] - openBrowser(userTajalapak): Browser is opened with url: 'https://10.9.2.63/ecommerce/'

2023-10-05 16:28:53 - [MESSAGE][WARNING] - A browser is already opened. Closing browser and opening a new one

2023-10-05 16:28:54 - [MESSAGE][INFO] - Starting 'Edge Chromium' driver

2023-10-05 16:28:54 - [MESSAGE][INFO] - User set preference: ['acceptInsecureCerts', 'true']

2023-10-05 16:28:56 - [MESSAGE][INFO] - Action delay is set to 0 milliseconds

2023-10-05 16:28:59 - [MESSAGE][PASSED] - Browser is opened with url: 'https://10.9.2.63/ecommerce/'

2023-10-05 16:28:59 - [TEST_STEP][PASSED] - maximizeWindow(): Current window maximized

2023-10-05 16:28:59 - [MESSAGE][PASSED] - Current window maximized

2023-10-05 16:28:59 - [TEST_STEP][PASSED] - verifyElementPresent(findTestObject("Login Ecommerce/Verifikasi Halaman Login Akun"), 0): Object 'Object Repository/Login Ecommerce/Verifikasi Halaman Login Akun' is present

2023-10-05 16:29:00 - [MESSAGE][WARNING] - Timeout '0' is invalid. Using default page load timeout: '30'

2023-10-05 16:29:00 - [MESSAGE][PASSED] - Object 'Object Repository/Login Ecommerce/Verifikasi Halaman Login Akun' is present

2023-10-05 16:29:00 - [TEST_STEP][PASSED] - click(findTestObject("Login Ecommerce/Login Akun")): Object: 'Object Repository/Login Ecommerce/Login Akun' is clicked on

2023-10-05 16:29:01 - [MESSAGE][PASSED] - Object: 'Object Repository/Login Ecommerce/Login Akun' is clicked on

2023-10-05 16:29:01 - [TEST_STEP][PASSED] - verifyElementPresent(findTestObject("Login Ecommerce/Verifikasi Halaman Login Akun"), 0): Object 'Object Repository/Login Ecommerce/Verifikasi Halaman Login Akun' is present

2023-10-05 16:29:01 - [MESSAGE][WARNING] - Timeout '0' is invalid. Using default page load timeout: '30'

2023-10-05 16:29:01 - [MESSAGE][PASSED] - Object 'Object Repository/Login Ecommerce/Verifikasi Halaman Login Akun' is present

2023-10-05 16:29:01 - [TEST_STEP][PASSED] - setText(findTestObject("Login Ecommerce/Input Username"), "riswandha"): Text 'riswandha' is set on object 'Object Repository/Login Ecommerce/Input Username'

2023-10-05 16:29:02 - [MESSAGE][PASSED] - Text 'riswandha' is set on object 'Object Repository/Login Ecommerce/Input Username'

2023-10-05 16:29:02 - [TEST_STEP][PASSED] - setEncryptedText(findTestObject("Login Ecommerce/Input Password"), "iGDxf8hSRT4="): Text ****** has been set on object 'Object Repository/Login Ecommerce/Input Password'

2023-10-05 16:29:02 - [MESSAGE][PASSED] - Text ****** has been set on object 'Object Repository/Login Ecommerce/Input Password'

2023-10-05 16:29:02 - [TEST_STEP][PASSED] - click(findTestObject("Login Ecommerce/Button Masuk")): Object: 'Object Repository/Login Ecommerce/Button Masuk' is clicked on

2023-10-05 16:29:04 - [MESSAGE][PASSED] - Object: 'Object Repository/Login Ecommerce/Button Masuk' is clicked on

2023-10-05 16:29:04 - [TEST_STEP][PASSED] - verifyElementPresent(findTestObject("Login Ecommerce/Verifikasi Login Akun"), 0): Object 'Object Repository/Login Ecommerce/Verifikasi Login Akun' is present

2023-10-05 16:29:04 - [MESSAGE][WARNING] - Timeout '0' is invalid. Using default page load timeout: '30'

2023-10-05 16:29:04 - [MESSAGE][PASSED] - Object 'Object Repository/Login Ecommerce/Verifikasi Login Akun' is present

2023-10-05 16:29:04 - [MESSAGE][PASSED] - Call Test Case 'Test Cases/Login Ecommerce/TC-Login Ecomerce-001' successfully

2023-10-05 16:29:04 - [TEST_STEP][PASSED] - mouseOver(findTestObject("Product Ecommerce/Button Menu toko")): Object: 'Object Repository/Product Ecommerce/Button Menu toko' is hovered

2023-10-05 16:29:05 - [MESSAGE][PASSED] - Object: 'Object Repository/Product Ecommerce/Button Menu toko' is hovered

2023-10-05 16:29:05 - [TEST_STEP][PASSED] - click(findTestObject("Product Ecommerce/Button Daftar Produk")): Object: 'Object Repository/Product Ecommerce/Button Daftar Produk' is clicked on

2023-10-05 16:29:05 - [MESSAGE][PASSED] - Object: 'Object Repository/Product Ecommerce/Button Daftar Produk' is clicked on

2023-10-05 16:29:05 - [TEST_STEP][PASSED] - verifyElementPresent(findTestObject("Product Ecommerce/Verifikasi Halaman Product Anda"), 0): Object 'Object Repository/Product Ecommerce/Verifikasi Halaman Product Anda' is present

2023-10-05 16:29:05 - [MESSAGE][WARNING] - Timeout '0' is invalid. Using default page load timeout: '30'

2023-10-05 16:29:06 - [MESSAGE][PASSED] - Object 'Object Repository/Product Ecommerce/Verifikasi Halaman Product Anda' is present

2023-10-05 16:29:06 - [MESSAGE][PASSED] - Call Test Case 'Test Cases/Product Ecommerce/TC-PE-001' successfully

2023-10-05 16:29:06 - [TEST_STEP][PASSED] - mouseOver(findTestObject("Product Ecommerce/Image Gambar produk 1")): Object: 'Object Repository/Product Ecommerce/Image Gambar produk 1' is hovered

2023-10-05 16:29:06 - [MESSAGE][PASSED] - Object: 'Object Repository/Product Ecommerce/Image Gambar produk 1' is hovered

2023-10-05 16:29:06 - [TEST_STEP][PASSED] - click(findTestObject("Product Ecommerce/Tambahkan Product/Edit Data")): Object: 'Object Repository/Product Ecommerce/Tambahkan Product/Edit Data' is clicked on

2023-10-05 16:29:08 - [MESSAGE][PASSED] - Object: 'Object Repository/Product Ecommerce/Tambahkan Product/Edit Data' is clicked on

2023-10-05 16:29:08 - [TEST_STEP][PASSED] - click(findTestObject("Product Ecommerce/Kupon/Button Buat Product")): Object: 'Object Repository/Product Ecommerce/Kupon/Button Buat Product' is clicked on

2023-10-05 16:29:08 - [MESSAGE][PASSED] - Object: 'Object Repository/Product Ecommerce/Kupon/Button Buat Product' is clicked on

2023-10-05 16:29:08 - [TEST_STEP][PASSED] - verifyElementPresent(findTestObject("Product Ecommerce/Kupon/Verifikasi Halaman Voucher Product"), 0): Object 'Object Repository/Product Ecommerce/Kupon/Verifikasi Halaman Voucher Product' is present

2023-10-05 16:29:08 - [MESSAGE][WARNING] - Timeout '0' is invalid. Using default page load timeout: '30'

2023-10-05 16:29:09 - [MESSAGE][PASSED] - Object 'Object Repository/Product Ecommerce/Kupon/Verifikasi Halaman Voucher Product' is present

2023-10-05 16:29:09 - [TEST_STEP][PASSED] - click(findTestObject("Product Ecommerce/Kupon/Button Edit Voucher")): Object: 'Object Repository/Product Ecommerce/Kupon/Button Edit Voucher' is clicked on

2023-10-05 16:29:09 - [MESSAGE][PASSED] - Object: 'Object Repository/Product Ecommerce/Kupon/Button Edit Voucher' is clicked on

2023-10-05 16:29:09 - [TEST_STEP][PASSED] - setText(findTestObject("Product Ecommerce/Kupon/Input Jumlah Kode kupon"), "-1"): Text '-1' is set on object 'Object Repository/Product Ecommerce/Kupon/Input Jumlah Kode kupon'

2023-10-05 16:29:10 - [MESSAGE][PASSED] - Text '-1' is set on object 'Object Repository/Product Ecommerce/Kupon/Input Jumlah Kode kupon'

2023-10-05 16:29:10 - [TEST_STEP][PASSED] - click(findTestObject("Product Ecommerce/Kupon/Button Simpan")): Object: 'Object Repository/Product Ecommerce/Kupon/Button Simpan' is clicked on

2023-10-05 16:29:10 - [MESSAGE][PASSED] - Object: 'Object Repository/Product Ecommerce/Kupon/Button Simpan' is clicked on

2023-10-05 16:29:10 - [TEST_STEP][PASSED] - driver = getWebDriver(): null

2023-10-05 16:29:10 - [TEST_STEP][PASSED] - field_username_element = driver.findElement(By.xpath("//input[@id="jumlah_kupon"]")): null

2023-10-05 16:29:11 - [TEST_STEP][PASSED] - accept_button_message = driver.executeScript("return arguments[0].validationMessage", field_username_element): null

2023-10-05 16:29:11 - [TEST_STEP][PASSED] - println(accept_button_message): null

2023-10-05 16:29:11 - [TEST_STEP][FAILED] - assert accept_button_message == "Please input Valid.": Test Cases/Product Ecommerce/TC-PEN-007 FAILED.
Reason:
Assertion failed: 

assert accept_button_message == "Please input Valid."
       |                     |
       ""                    false

	at TC-PEN-007.run(TC-PEN-007:53)
	at com.kms.katalon.core.main.ScriptEngine.run(ScriptEngine.java:194)
	at com.kms.katalon.core.main.ScriptEngine.runScriptAsRawText(ScriptEngine.java:119)
	at com.kms.katalon.core.main.TestCaseExecutor.runScript(TestCaseExecutor.java:448)
	at com.kms.katalon.core.main.TestCaseExecutor.doExecute(TestCaseExecutor.java:439)
	at com.kms.katalon.core.main.TestCaseExecutor.processExecutionPhase(TestCaseExecutor.java:418)
	at com.kms.katalon.core.main.TestCaseExecutor.accessMainPhase(TestCaseExecutor.java:410)
	at com.kms.katalon.core.main.TestCaseExecutor.execute(TestCaseExecutor.java:285)
	at com.kms.katalon.core.common.CommonExecutor.accessTestCaseMainPhase(CommonExecutor.java:65)
	at com.kms.katalon.core.main.TestSuiteExecutor.accessTestSuiteMainPhase(TestSuiteExecutor.java:148)
	at com.kms.katalon.core.main.TestSuiteExecutor.execute(TestSuiteExecutor.java:106)
	at com.kms.katalon.core.main.TestCaseMain.startTestSuite(TestCaseMain.java:187)
	at com.kms.katalon.core.main.TestCaseMain$startTestSuite$0.call(Unknown Source)
	at TempTestSuite1696497733454.run(TempTestSuite1696497733454.groovy:36)


2023-10-05 16:29:11 - [MESSAGE][FAILED] - Test Cases/Product Ecommerce/TC-PEN-007 FAILED.
Reason:
Assertion failed: 

assert accept_button_message == "Please input Valid."
       |                     |
       ""                    false

	at TC-PEN-007.run(TC-PEN-007:53)
	at com.kms.katalon.core.main.ScriptEngine.run(ScriptEngine.java:194)
	at com.kms.katalon.core.main.ScriptEngine.runScriptAsRawText(ScriptEngine.java:119)
	at com.kms.katalon.core.main.TestCaseExecutor.runScript(TestCaseExecutor.java:448)
	at com.kms.katalon.core.main.TestCaseExecutor.doExecute(TestCaseExecutor.java:439)
	at com.kms.katalon.core.main.TestCaseExecutor.processExecutionPhase(TestCaseExecutor.java:418)
	at com.kms.katalon.core.main.TestCaseExecutor.accessMainPhase(TestCaseExecutor.java:410)
	at com.kms.katalon.core.main.TestCaseExecutor.execute(TestCaseExecutor.java:285)
	at com.kms.katalon.core.common.CommonExecutor.accessTestCaseMainPhase(CommonExecutor.java:65)
	at com.kms.katalon.core.main.TestSuiteExecutor.accessTestSuiteMainPhase(TestSuiteExecutor.java:148)
	at com.kms.katalon.core.main.TestSuiteExecutor.execute(TestSuiteExecutor.java:106)
	at com.kms.katalon.core.main.TestCaseMain.startTestSuite(TestCaseMain.java:187)
	at com.kms.katalon.core.main.TestCaseMain$startTestSuite$0.call(Unknown Source)
	at TempTestSuite1696497733454.run(TempTestSuite1696497733454.groovy:36)]]></system-out>
         <system-err><![CDATA[2023-10-05 16:28:52 - [TEST_CASE][FAILED] - Test Cases/Product Ecommerce/TC-PEN-007: Test Cases/Product Ecommerce/TC-PEN-007 FAILED.
Reason:
Assertion failed: 

assert accept_button_message == "Please input Valid."
       |                     |
       ""                    false

	at TC-PEN-007.run(TC-PEN-007:53)
	at com.kms.katalon.core.main.ScriptEngine.run(ScriptEngine.java:194)
	at com.kms.katalon.core.main.ScriptEngine.runScriptAsRawText(ScriptEngine.java:119)
	at com.kms.katalon.core.main.TestCaseExecutor.runScript(TestCaseExecutor.java:448)
	at com.kms.katalon.core.main.TestCaseExecutor.doExecute(TestCaseExecutor.java:439)
	at com.kms.katalon.core.main.TestCaseExecutor.processExecutionPhase(TestCaseExecutor.java:418)
	at com.kms.katalon.core.main.TestCaseExecutor.accessMainPhase(TestCaseExecutor.java:410)
	at com.kms.katalon.core.main.TestCaseExecutor.execute(TestCaseExecutor.java:285)
	at com.kms.katalon.core.common.CommonExecutor.accessTestCaseMainPhase(CommonExecutor.java:65)
	at com.kms.katalon.core.main.TestSuiteExecutor.accessTestSuiteMainPhase(TestSuiteExecutor.java:148)
	at com.kms.katalon.core.main.TestSuiteExecutor.execute(TestSuiteExecutor.java:106)
	at com.kms.katalon.core.main.TestCaseMain.startTestSuite(TestCaseMain.java:187)
	at com.kms.katalon.core.main.TestCaseMain$startTestSuite$0.call(Unknown Source)
	at TempTestSuite1696497733454.run(TempTestSuite1696497733454.groovy:36)]]></system-err>
      </testcase>
      <testcase name="Test Cases/Product Ecommerce/TC-PEN-008" time="19.337" classname="Test Cases/Product Ecommerce/TC-PEN-008" status="FAILED">
         <failure type="FAILED" message="Test Cases/Product Ecommerce/TC-PEN-008 FAILED.
Reason:
Assertion failed: 

assert accept_button_message == &quot;Please input Valid.&quot;
       |                     |
       &quot;&quot;                    false

	at TC-PEN-008.run(TC-PEN-008:53)
	at com.kms.katalon.core.main.ScriptEngine.run(ScriptEngine.java:194)
	at com.kms.katalon.core.main.ScriptEngine.runScriptAsRawText(ScriptEngine.java:119)
	at com.kms.katalon.core.main.TestCaseExecutor.runScript(TestCaseExecutor.java:448)
	at com.kms.katalon.core.main.TestCaseExecutor.doExecute(TestCaseExecutor.java:439)
	at com.kms.katalon.core.main.TestCaseExecutor.processExecutionPhase(TestCaseExecutor.java:418)
	at com.kms.katalon.core.main.TestCaseExecutor.accessMainPhase(TestCaseExecutor.java:410)
	at com.kms.katalon.core.main.TestCaseExecutor.execute(TestCaseExecutor.java:285)
	at com.kms.katalon.core.common.CommonExecutor.accessTestCaseMainPhase(CommonExecutor.java:65)
	at com.kms.katalon.core.main.TestSuiteExecutor.accessTestSuiteMainPhase(TestSuiteExecutor.java:148)
	at com.kms.katalon.core.main.TestSuiteExecutor.execute(TestSuiteExecutor.java:106)
	at com.kms.katalon.core.main.TestCaseMain.startTestSuite(TestCaseMain.java:187)
	at com.kms.katalon.core.main.TestCaseMain$startTestSuite$0.call(Unknown Source)
	at TempTestSuite1696497733454.run(TempTestSuite1696497733454.groovy:36)
"/>
         <system-out><![CDATA[2023-10-05 16:29:11 - [TEST_CASE][FAILED] - Test Cases/Product Ecommerce/TC-PEN-008: Test Cases/Product Ecommerce/TC-PEN-008 FAILED.
Reason:
Assertion failed: 

assert accept_button_message == "Please input Valid."
       |                     |
       ""                    false

	at TC-PEN-008.run(TC-PEN-008:53)
	at com.kms.katalon.core.main.ScriptEngine.run(ScriptEngine.java:194)
	at com.kms.katalon.core.main.ScriptEngine.runScriptAsRawText(ScriptEngine.java:119)
	at com.kms.katalon.core.main.TestCaseExecutor.runScript(TestCaseExecutor.java:448)
	at com.kms.katalon.core.main.TestCaseExecutor.doExecute(TestCaseExecutor.java:439)
	at com.kms.katalon.core.main.TestCaseExecutor.processExecutionPhase(TestCaseExecutor.java:418)
	at com.kms.katalon.core.main.TestCaseExecutor.accessMainPhase(TestCaseExecutor.java:410)
	at com.kms.katalon.core.main.TestCaseExecutor.execute(TestCaseExecutor.java:285)
	at com.kms.katalon.core.common.CommonExecutor.accessTestCaseMainPhase(CommonExecutor.java:65)
	at com.kms.katalon.core.main.TestSuiteExecutor.accessTestSuiteMainPhase(TestSuiteExecutor.java:148)
	at com.kms.katalon.core.main.TestSuiteExecutor.execute(TestSuiteExecutor.java:106)
	at com.kms.katalon.core.main.TestCaseMain.startTestSuite(TestCaseMain.java:187)
	at com.kms.katalon.core.main.TestCaseMain$startTestSuite$0.call(Unknown Source)
	at TempTestSuite1696497733454.run(TempTestSuite1696497733454.groovy:36)


2023-10-05 16:29:12 - [TEST_STEP][PASSED] - callTestCase(findTestCase("Product Ecommerce/TC-PE-001"), [:], STOP_ON_FAILURE): Call Test Case 'Test Cases/Product Ecommerce/TC-PE-001' successfully

2023-10-05 16:29:12 - [TEST_CASE][PASSED] - Test Cases/Product Ecommerce/TC-PE-001: Test Cases/Product Ecommerce/TC-PE-001

2023-10-05 16:29:12 - [TEST_STEP][PASSED] - callTestCase(findTestCase("Login Ecommerce/TC-Login Ecomerce-001"), [:], STOP_ON_FAILURE): Call Test Case 'Test Cases/Login Ecommerce/TC-Login Ecomerce-001' successfully

2023-10-05 16:29:12 - [TEST_CASE][PASSED] - Test Cases/Login Ecommerce/TC-Login Ecomerce-001: Test Cases/Login Ecommerce/TC-Login Ecomerce-001

2023-10-05 16:29:12 - [TEST_STEP][PASSED] - openBrowser(userTajalapak): Browser is opened with url: 'https://10.9.2.63/ecommerce/'

2023-10-05 16:29:12 - [MESSAGE][WARNING] - A browser is already opened. Closing browser and opening a new one

2023-10-05 16:29:12 - [MESSAGE][INFO] - Starting 'Edge Chromium' driver

2023-10-05 16:29:12 - [MESSAGE][INFO] - User set preference: ['acceptInsecureCerts', 'true']

2023-10-05 16:29:15 - [MESSAGE][INFO] - Action delay is set to 0 milliseconds

2023-10-05 16:29:18 - [MESSAGE][PASSED] - Browser is opened with url: 'https://10.9.2.63/ecommerce/'

2023-10-05 16:29:18 - [TEST_STEP][PASSED] - maximizeWindow(): Current window maximized

2023-10-05 16:29:18 - [MESSAGE][PASSED] - Current window maximized

2023-10-05 16:29:18 - [TEST_STEP][PASSED] - verifyElementPresent(findTestObject("Login Ecommerce/Verifikasi Halaman Login Akun"), 0): Object 'Object Repository/Login Ecommerce/Verifikasi Halaman Login Akun' is present

2023-10-05 16:29:18 - [MESSAGE][WARNING] - Timeout '0' is invalid. Using default page load timeout: '30'

2023-10-05 16:29:19 - [MESSAGE][PASSED] - Object 'Object Repository/Login Ecommerce/Verifikasi Halaman Login Akun' is present

2023-10-05 16:29:19 - [TEST_STEP][PASSED] - click(findTestObject("Login Ecommerce/Login Akun")): Object: 'Object Repository/Login Ecommerce/Login Akun' is clicked on

2023-10-05 16:29:20 - [MESSAGE][PASSED] - Object: 'Object Repository/Login Ecommerce/Login Akun' is clicked on

2023-10-05 16:29:20 - [TEST_STEP][PASSED] - verifyElementPresent(findTestObject("Login Ecommerce/Verifikasi Halaman Login Akun"), 0): Object 'Object Repository/Login Ecommerce/Verifikasi Halaman Login Akun' is present

2023-10-05 16:29:20 - [MESSAGE][WARNING] - Timeout '0' is invalid. Using default page load timeout: '30'

2023-10-05 16:29:20 - [MESSAGE][PASSED] - Object 'Object Repository/Login Ecommerce/Verifikasi Halaman Login Akun' is present

2023-10-05 16:29:20 - [TEST_STEP][PASSED] - setText(findTestObject("Login Ecommerce/Input Username"), "riswandha"): Text 'riswandha' is set on object 'Object Repository/Login Ecommerce/Input Username'

2023-10-05 16:29:21 - [MESSAGE][PASSED] - Text 'riswandha' is set on object 'Object Repository/Login Ecommerce/Input Username'

2023-10-05 16:29:21 - [TEST_STEP][PASSED] - setEncryptedText(findTestObject("Login Ecommerce/Input Password"), "iGDxf8hSRT4="): Text ****** has been set on object 'Object Repository/Login Ecommerce/Input Password'

2023-10-05 16:29:22 - [MESSAGE][PASSED] - Text ****** has been set on object 'Object Repository/Login Ecommerce/Input Password'

2023-10-05 16:29:22 - [TEST_STEP][PASSED] - click(findTestObject("Login Ecommerce/Button Masuk")): Object: 'Object Repository/Login Ecommerce/Button Masuk' is clicked on

2023-10-05 16:29:23 - [MESSAGE][PASSED] - Object: 'Object Repository/Login Ecommerce/Button Masuk' is clicked on

2023-10-05 16:29:23 - [TEST_STEP][PASSED] - verifyElementPresent(findTestObject("Login Ecommerce/Verifikasi Login Akun"), 0): Object 'Object Repository/Login Ecommerce/Verifikasi Login Akun' is present

2023-10-05 16:29:23 - [MESSAGE][WARNING] - Timeout '0' is invalid. Using default page load timeout: '30'

2023-10-05 16:29:23 - [MESSAGE][PASSED] - Object 'Object Repository/Login Ecommerce/Verifikasi Login Akun' is present

2023-10-05 16:29:23 - [MESSAGE][PASSED] - Call Test Case 'Test Cases/Login Ecommerce/TC-Login Ecomerce-001' successfully

2023-10-05 16:29:23 - [TEST_STEP][PASSED] - mouseOver(findTestObject("Product Ecommerce/Button Menu toko")): Object: 'Object Repository/Product Ecommerce/Button Menu toko' is hovered

2023-10-05 16:29:24 - [MESSAGE][PASSED] - Object: 'Object Repository/Product Ecommerce/Button Menu toko' is hovered

2023-10-05 16:29:24 - [TEST_STEP][PASSED] - click(findTestObject("Product Ecommerce/Button Daftar Produk")): Object: 'Object Repository/Product Ecommerce/Button Daftar Produk' is clicked on

2023-10-05 16:29:25 - [MESSAGE][PASSED] - Object: 'Object Repository/Product Ecommerce/Button Daftar Produk' is clicked on

2023-10-05 16:29:25 - [TEST_STEP][PASSED] - verifyElementPresent(findTestObject("Product Ecommerce/Verifikasi Halaman Product Anda"), 0): Object 'Object Repository/Product Ecommerce/Verifikasi Halaman Product Anda' is present

2023-10-05 16:29:25 - [MESSAGE][WARNING] - Timeout '0' is invalid. Using default page load timeout: '30'

2023-10-05 16:29:25 - [MESSAGE][PASSED] - Object 'Object Repository/Product Ecommerce/Verifikasi Halaman Product Anda' is present

2023-10-05 16:29:25 - [MESSAGE][PASSED] - Call Test Case 'Test Cases/Product Ecommerce/TC-PE-001' successfully

2023-10-05 16:29:25 - [TEST_STEP][PASSED] - mouseOver(findTestObject("Product Ecommerce/Image Gambar produk 1")): Object: 'Object Repository/Product Ecommerce/Image Gambar produk 1' is hovered

2023-10-05 16:29:26 - [MESSAGE][PASSED] - Object: 'Object Repository/Product Ecommerce/Image Gambar produk 1' is hovered

2023-10-05 16:29:26 - [TEST_STEP][PASSED] - click(findTestObject("Product Ecommerce/Tambahkan Product/Edit Data")): Object: 'Object Repository/Product Ecommerce/Tambahkan Product/Edit Data' is clicked on

2023-10-05 16:29:27 - [MESSAGE][PASSED] - Object: 'Object Repository/Product Ecommerce/Tambahkan Product/Edit Data' is clicked on

2023-10-05 16:29:27 - [TEST_STEP][PASSED] - click(findTestObject("Product Ecommerce/Kupon/Button Buat Product")): Object: 'Object Repository/Product Ecommerce/Kupon/Button Buat Product' is clicked on

2023-10-05 16:29:27 - [MESSAGE][PASSED] - Object: 'Object Repository/Product Ecommerce/Kupon/Button Buat Product' is clicked on

2023-10-05 16:29:27 - [TEST_STEP][PASSED] - verifyElementPresent(findTestObject("Product Ecommerce/Kupon/Verifikasi Halaman Voucher Product"), 0): Object 'Object Repository/Product Ecommerce/Kupon/Verifikasi Halaman Voucher Product' is present

2023-10-05 16:29:27 - [MESSAGE][WARNING] - Timeout '0' is invalid. Using default page load timeout: '30'

2023-10-05 16:29:28 - [MESSAGE][PASSED] - Object 'Object Repository/Product Ecommerce/Kupon/Verifikasi Halaman Voucher Product' is present

2023-10-05 16:29:28 - [TEST_STEP][PASSED] - click(findTestObject("Product Ecommerce/Kupon/Button Edit Voucher")): Object: 'Object Repository/Product Ecommerce/Kupon/Button Edit Voucher' is clicked on

2023-10-05 16:29:28 - [MESSAGE][PASSED] - Object: 'Object Repository/Product Ecommerce/Kupon/Button Edit Voucher' is clicked on

2023-10-05 16:29:28 - [TEST_STEP][PASSED] - setText(findTestObject("Product Ecommerce/Kupon/Input Masa Berlaku"), "11-11-1111"): Text '11-11-1111' is set on object 'Object Repository/Product Ecommerce/Kupon/Input Masa Berlaku'

2023-10-05 16:29:29 - [MESSAGE][PASSED] - Text '11-11-1111' is set on object 'Object Repository/Product Ecommerce/Kupon/Input Masa Berlaku'

2023-10-05 16:29:29 - [TEST_STEP][PASSED] - click(findTestObject("Product Ecommerce/Kupon/Button Simpan")): Object: 'Object Repository/Product Ecommerce/Kupon/Button Simpan' is clicked on

2023-10-05 16:29:30 - [MESSAGE][PASSED] - Object: 'Object Repository/Product Ecommerce/Kupon/Button Simpan' is clicked on

2023-10-05 16:29:30 - [TEST_STEP][PASSED] - driver = getWebDriver(): null

2023-10-05 16:29:30 - [TEST_STEP][PASSED] - field_username_element = driver.findElement(By.xpath("//input[@id="expire_date"]")): null

2023-10-05 16:29:30 - [TEST_STEP][PASSED] - accept_button_message = driver.executeScript("return arguments[0].validationMessage", field_username_element): null

2023-10-05 16:29:30 - [TEST_STEP][PASSED] - println(accept_button_message): null

2023-10-05 16:29:30 - [TEST_STEP][FAILED] - assert accept_button_message == "Please input Valid.": Test Cases/Product Ecommerce/TC-PEN-008 FAILED.
Reason:
Assertion failed: 

assert accept_button_message == "Please input Valid."
       |                     |
       ""                    false

	at TC-PEN-008.run(TC-PEN-008:53)
	at com.kms.katalon.core.main.ScriptEngine.run(ScriptEngine.java:194)
	at com.kms.katalon.core.main.ScriptEngine.runScriptAsRawText(ScriptEngine.java:119)
	at com.kms.katalon.core.main.TestCaseExecutor.runScript(TestCaseExecutor.java:448)
	at com.kms.katalon.core.main.TestCaseExecutor.doExecute(TestCaseExecutor.java:439)
	at com.kms.katalon.core.main.TestCaseExecutor.processExecutionPhase(TestCaseExecutor.java:418)
	at com.kms.katalon.core.main.TestCaseExecutor.accessMainPhase(TestCaseExecutor.java:410)
	at com.kms.katalon.core.main.TestCaseExecutor.execute(TestCaseExecutor.java:285)
	at com.kms.katalon.core.common.CommonExecutor.accessTestCaseMainPhase(CommonExecutor.java:65)
	at com.kms.katalon.core.main.TestSuiteExecutor.accessTestSuiteMainPhase(TestSuiteExecutor.java:148)
	at com.kms.katalon.core.main.TestSuiteExecutor.execute(TestSuiteExecutor.java:106)
	at com.kms.katalon.core.main.TestCaseMain.startTestSuite(TestCaseMain.java:187)
	at com.kms.katalon.core.main.TestCaseMain$startTestSuite$0.call(Unknown Source)
	at TempTestSuite1696497733454.run(TempTestSuite1696497733454.groovy:36)


2023-10-05 16:29:30 - [MESSAGE][FAILED] - Test Cases/Product Ecommerce/TC-PEN-008 FAILED.
Reason:
Assertion failed: 

assert accept_button_message == "Please input Valid."
       |                     |
       ""                    false

	at TC-PEN-008.run(TC-PEN-008:53)
	at com.kms.katalon.core.main.ScriptEngine.run(ScriptEngine.java:194)
	at com.kms.katalon.core.main.ScriptEngine.runScriptAsRawText(ScriptEngine.java:119)
	at com.kms.katalon.core.main.TestCaseExecutor.runScript(TestCaseExecutor.java:448)
	at com.kms.katalon.core.main.TestCaseExecutor.doExecute(TestCaseExecutor.java:439)
	at com.kms.katalon.core.main.TestCaseExecutor.processExecutionPhase(TestCaseExecutor.java:418)
	at com.kms.katalon.core.main.TestCaseExecutor.accessMainPhase(TestCaseExecutor.java:410)
	at com.kms.katalon.core.main.TestCaseExecutor.execute(TestCaseExecutor.java:285)
	at com.kms.katalon.core.common.CommonExecutor.accessTestCaseMainPhase(CommonExecutor.java:65)
	at com.kms.katalon.core.main.TestSuiteExecutor.accessTestSuiteMainPhase(TestSuiteExecutor.java:148)
	at com.kms.katalon.core.main.TestSuiteExecutor.execute(TestSuiteExecutor.java:106)
	at com.kms.katalon.core.main.TestCaseMain.startTestSuite(TestCaseMain.java:187)
	at com.kms.katalon.core.main.TestCaseMain$startTestSuite$0.call(Unknown Source)
	at TempTestSuite1696497733454.run(TempTestSuite1696497733454.groovy:36)]]></system-out>
         <system-err><![CDATA[2023-10-05 16:29:11 - [TEST_CASE][FAILED] - Test Cases/Product Ecommerce/TC-PEN-008: Test Cases/Product Ecommerce/TC-PEN-008 FAILED.
Reason:
Assertion failed: 

assert accept_button_message == "Please input Valid."
       |                     |
       ""                    false

	at TC-PEN-008.run(TC-PEN-008:53)
	at com.kms.katalon.core.main.ScriptEngine.run(ScriptEngine.java:194)
	at com.kms.katalon.core.main.ScriptEngine.runScriptAsRawText(ScriptEngine.java:119)
	at com.kms.katalon.core.main.TestCaseExecutor.runScript(TestCaseExecutor.java:448)
	at com.kms.katalon.core.main.TestCaseExecutor.doExecute(TestCaseExecutor.java:439)
	at com.kms.katalon.core.main.TestCaseExecutor.processExecutionPhase(TestCaseExecutor.java:418)
	at com.kms.katalon.core.main.TestCaseExecutor.accessMainPhase(TestCaseExecutor.java:410)
	at com.kms.katalon.core.main.TestCaseExecutor.execute(TestCaseExecutor.java:285)
	at com.kms.katalon.core.common.CommonExecutor.accessTestCaseMainPhase(CommonExecutor.java:65)
	at com.kms.katalon.core.main.TestSuiteExecutor.accessTestSuiteMainPhase(TestSuiteExecutor.java:148)
	at com.kms.katalon.core.main.TestSuiteExecutor.execute(TestSuiteExecutor.java:106)
	at com.kms.katalon.core.main.TestCaseMain.startTestSuite(TestCaseMain.java:187)
	at com.kms.katalon.core.main.TestCaseMain$startTestSuite$0.call(Unknown Source)
	at TempTestSuite1696497733454.run(TempTestSuite1696497733454.groovy:36)]]></system-err>
      </testcase>
      <testcase name="Test Cases/Product Ecommerce/TC-PEN-009" time="18.312" classname="Test Cases/Product Ecommerce/TC-PEN-009" status="FAILED">
         <failure type="FAILED" message="Test Cases/Product Ecommerce/TC-PEN-009 FAILED.
Reason:
Assertion failed: 

assert accept_button_message == &quot;Please input Valid.&quot;
       |                     |
       &quot;&quot;                    false

	at TC-PEN-009.run(TC-PEN-009:53)
	at com.kms.katalon.core.main.ScriptEngine.run(ScriptEngine.java:194)
	at com.kms.katalon.core.main.ScriptEngine.runScriptAsRawText(ScriptEngine.java:119)
	at com.kms.katalon.core.main.TestCaseExecutor.runScript(TestCaseExecutor.java:448)
	at com.kms.katalon.core.main.TestCaseExecutor.doExecute(TestCaseExecutor.java:439)
	at com.kms.katalon.core.main.TestCaseExecutor.processExecutionPhase(TestCaseExecutor.java:418)
	at com.kms.katalon.core.main.TestCaseExecutor.accessMainPhase(TestCaseExecutor.java:410)
	at com.kms.katalon.core.main.TestCaseExecutor.execute(TestCaseExecutor.java:285)
	at com.kms.katalon.core.common.CommonExecutor.accessTestCaseMainPhase(CommonExecutor.java:65)
	at com.kms.katalon.core.main.TestSuiteExecutor.accessTestSuiteMainPhase(TestSuiteExecutor.java:148)
	at com.kms.katalon.core.main.TestSuiteExecutor.execute(TestSuiteExecutor.java:106)
	at com.kms.katalon.core.main.TestCaseMain.startTestSuite(TestCaseMain.java:187)
	at com.kms.katalon.core.main.TestCaseMain$startTestSuite$0.call(Unknown Source)
	at TempTestSuite1696497733454.run(TempTestSuite1696497733454.groovy:36)
"/>
         <system-out><![CDATA[2023-10-05 16:29:30 - [TEST_CASE][FAILED] - Test Cases/Product Ecommerce/TC-PEN-009: Test Cases/Product Ecommerce/TC-PEN-009 FAILED.
Reason:
Assertion failed: 

assert accept_button_message == "Please input Valid."
       |                     |
       ""                    false

	at TC-PEN-009.run(TC-PEN-009:53)
	at com.kms.katalon.core.main.ScriptEngine.run(ScriptEngine.java:194)
	at com.kms.katalon.core.main.ScriptEngine.runScriptAsRawText(ScriptEngine.java:119)
	at com.kms.katalon.core.main.TestCaseExecutor.runScript(TestCaseExecutor.java:448)
	at com.kms.katalon.core.main.TestCaseExecutor.doExecute(TestCaseExecutor.java:439)
	at com.kms.katalon.core.main.TestCaseExecutor.processExecutionPhase(TestCaseExecutor.java:418)
	at com.kms.katalon.core.main.TestCaseExecutor.accessMainPhase(TestCaseExecutor.java:410)
	at com.kms.katalon.core.main.TestCaseExecutor.execute(TestCaseExecutor.java:285)
	at com.kms.katalon.core.common.CommonExecutor.accessTestCaseMainPhase(CommonExecutor.java:65)
	at com.kms.katalon.core.main.TestSuiteExecutor.accessTestSuiteMainPhase(TestSuiteExecutor.java:148)
	at com.kms.katalon.core.main.TestSuiteExecutor.execute(TestSuiteExecutor.java:106)
	at com.kms.katalon.core.main.TestCaseMain.startTestSuite(TestCaseMain.java:187)
	at com.kms.katalon.core.main.TestCaseMain$startTestSuite$0.call(Unknown Source)
	at TempTestSuite1696497733454.run(TempTestSuite1696497733454.groovy:36)


2023-10-05 16:29:31 - [TEST_STEP][PASSED] - callTestCase(findTestCase("Product Ecommerce/TC-PE-001"), [:], STOP_ON_FAILURE): Call Test Case 'Test Cases/Product Ecommerce/TC-PE-001' successfully

2023-10-05 16:29:31 - [TEST_CASE][PASSED] - Test Cases/Product Ecommerce/TC-PE-001: Test Cases/Product Ecommerce/TC-PE-001

2023-10-05 16:29:31 - [TEST_STEP][PASSED] - callTestCase(findTestCase("Login Ecommerce/TC-Login Ecomerce-001"), [:], STOP_ON_FAILURE): Call Test Case 'Test Cases/Login Ecommerce/TC-Login Ecomerce-001' successfully

2023-10-05 16:29:31 - [TEST_CASE][PASSED] - Test Cases/Login Ecommerce/TC-Login Ecomerce-001: Test Cases/Login Ecommerce/TC-Login Ecomerce-001

2023-10-05 16:29:31 - [TEST_STEP][PASSED] - openBrowser(userTajalapak): Browser is opened with url: 'https://10.9.2.63/ecommerce/'

2023-10-05 16:29:31 - [MESSAGE][WARNING] - A browser is already opened. Closing browser and opening a new one

2023-10-05 16:29:32 - [MESSAGE][INFO] - Starting 'Edge Chromium' driver

2023-10-05 16:29:32 - [MESSAGE][INFO] - User set preference: ['acceptInsecureCerts', 'true']

2023-10-05 16:29:34 - [MESSAGE][INFO] - Action delay is set to 0 milliseconds

2023-10-05 16:29:37 - [MESSAGE][PASSED] - Browser is opened with url: 'https://10.9.2.63/ecommerce/'

2023-10-05 16:29:37 - [TEST_STEP][PASSED] - maximizeWindow(): Current window maximized

2023-10-05 16:29:37 - [MESSAGE][PASSED] - Current window maximized

2023-10-05 16:29:37 - [TEST_STEP][PASSED] - verifyElementPresent(findTestObject("Login Ecommerce/Verifikasi Halaman Login Akun"), 0): Object 'Object Repository/Login Ecommerce/Verifikasi Halaman Login Akun' is present

2023-10-05 16:29:37 - [MESSAGE][WARNING] - Timeout '0' is invalid. Using default page load timeout: '30'

2023-10-05 16:29:38 - [MESSAGE][PASSED] - Object 'Object Repository/Login Ecommerce/Verifikasi Halaman Login Akun' is present

2023-10-05 16:29:38 - [TEST_STEP][PASSED] - click(findTestObject("Login Ecommerce/Login Akun")): Object: 'Object Repository/Login Ecommerce/Login Akun' is clicked on

2023-10-05 16:29:38 - [MESSAGE][PASSED] - Object: 'Object Repository/Login Ecommerce/Login Akun' is clicked on

2023-10-05 16:29:38 - [TEST_STEP][PASSED] - verifyElementPresent(findTestObject("Login Ecommerce/Verifikasi Halaman Login Akun"), 0): Object 'Object Repository/Login Ecommerce/Verifikasi Halaman Login Akun' is present

2023-10-05 16:29:38 - [MESSAGE][WARNING] - Timeout '0' is invalid. Using default page load timeout: '30'

2023-10-05 16:29:39 - [MESSAGE][PASSED] - Object 'Object Repository/Login Ecommerce/Verifikasi Halaman Login Akun' is present

2023-10-05 16:29:39 - [TEST_STEP][PASSED] - setText(findTestObject("Login Ecommerce/Input Username"), "riswandha"): Text 'riswandha' is set on object 'Object Repository/Login Ecommerce/Input Username'

2023-10-05 16:29:40 - [MESSAGE][PASSED] - Text 'riswandha' is set on object 'Object Repository/Login Ecommerce/Input Username'

2023-10-05 16:29:40 - [TEST_STEP][PASSED] - setEncryptedText(findTestObject("Login Ecommerce/Input Password"), "iGDxf8hSRT4="): Text ****** has been set on object 'Object Repository/Login Ecommerce/Input Password'

2023-10-05 16:29:40 - [MESSAGE][PASSED] - Text ****** has been set on object 'Object Repository/Login Ecommerce/Input Password'

2023-10-05 16:29:40 - [TEST_STEP][PASSED] - click(findTestObject("Login Ecommerce/Button Masuk")): Object: 'Object Repository/Login Ecommerce/Button Masuk' is clicked on

2023-10-05 16:29:41 - [MESSAGE][PASSED] - Object: 'Object Repository/Login Ecommerce/Button Masuk' is clicked on

2023-10-05 16:29:41 - [TEST_STEP][PASSED] - verifyElementPresent(findTestObject("Login Ecommerce/Verifikasi Login Akun"), 0): Object 'Object Repository/Login Ecommerce/Verifikasi Login Akun' is present

2023-10-05 16:29:41 - [MESSAGE][WARNING] - Timeout '0' is invalid. Using default page load timeout: '30'

2023-10-05 16:29:42 - [MESSAGE][PASSED] - Object 'Object Repository/Login Ecommerce/Verifikasi Login Akun' is present

2023-10-05 16:29:42 - [MESSAGE][PASSED] - Call Test Case 'Test Cases/Login Ecommerce/TC-Login Ecomerce-001' successfully

2023-10-05 16:29:42 - [TEST_STEP][PASSED] - mouseOver(findTestObject("Product Ecommerce/Button Menu toko")): Object: 'Object Repository/Product Ecommerce/Button Menu toko' is hovered

2023-10-05 16:29:42 - [MESSAGE][PASSED] - Object: 'Object Repository/Product Ecommerce/Button Menu toko' is hovered

2023-10-05 16:29:42 - [TEST_STEP][PASSED] - click(findTestObject("Product Ecommerce/Button Daftar Produk")): Object: 'Object Repository/Product Ecommerce/Button Daftar Produk' is clicked on

2023-10-05 16:29:43 - [MESSAGE][PASSED] - Object: 'Object Repository/Product Ecommerce/Button Daftar Produk' is clicked on

2023-10-05 16:29:43 - [TEST_STEP][PASSED] - verifyElementPresent(findTestObject("Product Ecommerce/Verifikasi Halaman Product Anda"), 0): Object 'Object Repository/Product Ecommerce/Verifikasi Halaman Product Anda' is present

2023-10-05 16:29:43 - [MESSAGE][WARNING] - Timeout '0' is invalid. Using default page load timeout: '30'

2023-10-05 16:29:44 - [MESSAGE][PASSED] - Object 'Object Repository/Product Ecommerce/Verifikasi Halaman Product Anda' is present

2023-10-05 16:29:44 - [MESSAGE][PASSED] - Call Test Case 'Test Cases/Product Ecommerce/TC-PE-001' successfully

2023-10-05 16:29:44 - [TEST_STEP][PASSED] - mouseOver(findTestObject("Product Ecommerce/Image Gambar produk 1")): Object: 'Object Repository/Product Ecommerce/Image Gambar produk 1' is hovered

2023-10-05 16:29:44 - [MESSAGE][PASSED] - Object: 'Object Repository/Product Ecommerce/Image Gambar produk 1' is hovered

2023-10-05 16:29:44 - [TEST_STEP][PASSED] - click(findTestObject("Product Ecommerce/Tambahkan Product/Edit Data")): Object: 'Object Repository/Product Ecommerce/Tambahkan Product/Edit Data' is clicked on

2023-10-05 16:29:45 - [MESSAGE][PASSED] - Object: 'Object Repository/Product Ecommerce/Tambahkan Product/Edit Data' is clicked on

2023-10-05 16:29:45 - [TEST_STEP][PASSED] - click(findTestObject("Product Ecommerce/Kupon/Button Buat Product")): Object: 'Object Repository/Product Ecommerce/Kupon/Button Buat Product' is clicked on

2023-10-05 16:29:46 - [MESSAGE][PASSED] - Object: 'Object Repository/Product Ecommerce/Kupon/Button Buat Product' is clicked on

2023-10-05 16:29:46 - [TEST_STEP][PASSED] - verifyElementPresent(findTestObject("Product Ecommerce/Kupon/Verifikasi Halaman Voucher Product"), 0): Object 'Object Repository/Product Ecommerce/Kupon/Verifikasi Halaman Voucher Product' is present

2023-10-05 16:29:46 - [MESSAGE][WARNING] - Timeout '0' is invalid. Using default page load timeout: '30'

2023-10-05 16:29:46 - [MESSAGE][PASSED] - Object 'Object Repository/Product Ecommerce/Kupon/Verifikasi Halaman Voucher Product' is present

2023-10-05 16:29:46 - [TEST_STEP][PASSED] - click(findTestObject("Product Ecommerce/Kupon/Button Edit Voucher")): Object: 'Object Repository/Product Ecommerce/Kupon/Button Edit Voucher' is clicked on

2023-10-05 16:29:47 - [MESSAGE][PASSED] - Object: 'Object Repository/Product Ecommerce/Kupon/Button Edit Voucher' is clicked on

2023-10-05 16:29:47 - [TEST_STEP][PASSED] - setText(findTestObject("Product Ecommerce/Kupon/Input Masa Berlaku"), "1945-11-11"): Text '1945-11-11' is set on object 'Object Repository/Product Ecommerce/Kupon/Input Masa Berlaku'

2023-10-05 16:29:48 - [MESSAGE][PASSED] - Text '1945-11-11' is set on object 'Object Repository/Product Ecommerce/Kupon/Input Masa Berlaku'

2023-10-05 16:29:48 - [TEST_STEP][PASSED] - click(findTestObject("Product Ecommerce/Kupon/Button Simpan")): Object: 'Object Repository/Product Ecommerce/Kupon/Button Simpan' is clicked on

2023-10-05 16:29:48 - [MESSAGE][PASSED] - Object: 'Object Repository/Product Ecommerce/Kupon/Button Simpan' is clicked on

2023-10-05 16:29:48 - [TEST_STEP][PASSED] - driver = getWebDriver(): null

2023-10-05 16:29:48 - [TEST_STEP][PASSED] - field_username_element = driver.findElement(By.xpath("//input[@id="expire_date"]")): null

2023-10-05 16:29:49 - [TEST_STEP][PASSED] - accept_button_message = driver.executeScript("return arguments[0].validationMessage", field_username_element): null

2023-10-05 16:29:49 - [TEST_STEP][PASSED] - println(accept_button_message): null

2023-10-05 16:29:49 - [TEST_STEP][FAILED] - assert accept_button_message == "Please input Valid.": Test Cases/Product Ecommerce/TC-PEN-009 FAILED.
Reason:
Assertion failed: 

assert accept_button_message == "Please input Valid."
       |                     |
       ""                    false

	at TC-PEN-009.run(TC-PEN-009:53)
	at com.kms.katalon.core.main.ScriptEngine.run(ScriptEngine.java:194)
	at com.kms.katalon.core.main.ScriptEngine.runScriptAsRawText(ScriptEngine.java:119)
	at com.kms.katalon.core.main.TestCaseExecutor.runScript(TestCaseExecutor.java:448)
	at com.kms.katalon.core.main.TestCaseExecutor.doExecute(TestCaseExecutor.java:439)
	at com.kms.katalon.core.main.TestCaseExecutor.processExecutionPhase(TestCaseExecutor.java:418)
	at com.kms.katalon.core.main.TestCaseExecutor.accessMainPhase(TestCaseExecutor.java:410)
	at com.kms.katalon.core.main.TestCaseExecutor.execute(TestCaseExecutor.java:285)
	at com.kms.katalon.core.common.CommonExecutor.accessTestCaseMainPhase(CommonExecutor.java:65)
	at com.kms.katalon.core.main.TestSuiteExecutor.accessTestSuiteMainPhase(TestSuiteExecutor.java:148)
	at com.kms.katalon.core.main.TestSuiteExecutor.execute(TestSuiteExecutor.java:106)
	at com.kms.katalon.core.main.TestCaseMain.startTestSuite(TestCaseMain.java:187)
	at com.kms.katalon.core.main.TestCaseMain$startTestSuite$0.call(Unknown Source)
	at TempTestSuite1696497733454.run(TempTestSuite1696497733454.groovy:36)


2023-10-05 16:29:49 - [MESSAGE][FAILED] - Test Cases/Product Ecommerce/TC-PEN-009 FAILED.
Reason:
Assertion failed: 

assert accept_button_message == "Please input Valid."
       |                     |
       ""                    false

	at TC-PEN-009.run(TC-PEN-009:53)
	at com.kms.katalon.core.main.ScriptEngine.run(ScriptEngine.java:194)
	at com.kms.katalon.core.main.ScriptEngine.runScriptAsRawText(ScriptEngine.java:119)
	at com.kms.katalon.core.main.TestCaseExecutor.runScript(TestCaseExecutor.java:448)
	at com.kms.katalon.core.main.TestCaseExecutor.doExecute(TestCaseExecutor.java:439)
	at com.kms.katalon.core.main.TestCaseExecutor.processExecutionPhase(TestCaseExecutor.java:418)
	at com.kms.katalon.core.main.TestCaseExecutor.accessMainPhase(TestCaseExecutor.java:410)
	at com.kms.katalon.core.main.TestCaseExecutor.execute(TestCaseExecutor.java:285)
	at com.kms.katalon.core.common.CommonExecutor.accessTestCaseMainPhase(CommonExecutor.java:65)
	at com.kms.katalon.core.main.TestSuiteExecutor.accessTestSuiteMainPhase(TestSuiteExecutor.java:148)
	at com.kms.katalon.core.main.TestSuiteExecutor.execute(TestSuiteExecutor.java:106)
	at com.kms.katalon.core.main.TestCaseMain.startTestSuite(TestCaseMain.java:187)
	at com.kms.katalon.core.main.TestCaseMain$startTestSuite$0.call(Unknown Source)
	at TempTestSuite1696497733454.run(TempTestSuite1696497733454.groovy:36)]]></system-out>
         <system-err><![CDATA[2023-10-05 16:29:30 - [TEST_CASE][FAILED] - Test Cases/Product Ecommerce/TC-PEN-009: Test Cases/Product Ecommerce/TC-PEN-009 FAILED.
Reason:
Assertion failed: 

assert accept_button_message == "Please input Valid."
       |                     |
       ""                    false

	at TC-PEN-009.run(TC-PEN-009:53)
	at com.kms.katalon.core.main.ScriptEngine.run(ScriptEngine.java:194)
	at com.kms.katalon.core.main.ScriptEngine.runScriptAsRawText(ScriptEngine.java:119)
	at com.kms.katalon.core.main.TestCaseExecutor.runScript(TestCaseExecutor.java:448)
	at com.kms.katalon.core.main.TestCaseExecutor.doExecute(TestCaseExecutor.java:439)
	at com.kms.katalon.core.main.TestCaseExecutor.processExecutionPhase(TestCaseExecutor.java:418)
	at com.kms.katalon.core.main.TestCaseExecutor.accessMainPhase(TestCaseExecutor.java:410)
	at com.kms.katalon.core.main.TestCaseExecutor.execute(TestCaseExecutor.java:285)
	at com.kms.katalon.core.common.CommonExecutor.accessTestCaseMainPhase(CommonExecutor.java:65)
	at com.kms.katalon.core.main.TestSuiteExecutor.accessTestSuiteMainPhase(TestSuiteExecutor.java:148)
	at com.kms.katalon.core.main.TestSuiteExecutor.execute(TestSuiteExecutor.java:106)
	at com.kms.katalon.core.main.TestCaseMain.startTestSuite(TestCaseMain.java:187)
	at com.kms.katalon.core.main.TestCaseMain$startTestSuite$0.call(Unknown Source)
	at TempTestSuite1696497733454.run(TempTestSuite1696497733454.groovy:36)]]></system-err>
      </testcase>
      <testcase name="Test Cases/Product Ecommerce/TC-PEN-010" time="47.268" classname="Test Cases/Product Ecommerce/TC-PEN-010" status="FAILED">
         <failure type="FAILED" message="Test Cases/Product Ecommerce/TC-PEN-010 FAILED.
Reason:
com.kms.katalon.core.exception.StepFailedException: Unable to verify object 'Object Repository/Product Ecommerce/Verifikasi Halaman Product Anda' is not present
	at com.kms.katalon.core.webui.keyword.internal.WebUIKeywordMain.stepFailed(WebUIKeywordMain.groovy:64)
	at com.kms.katalon.core.webui.keyword.internal.WebUIKeywordMain.runKeyword(WebUIKeywordMain.groovy:26)
	at com.kms.katalon.core.webui.keyword.internal.WebUIKeywordMain$runKeyword.call(Unknown Source)
	at com.kms.katalon.core.webui.keyword.builtin.VerifyElementNotPresentKeyword.verifyElementNotPresent(VerifyElementNotPresentKeyword.groovy:122)
	at com.kms.katalon.core.webui.keyword.builtin.VerifyElementNotPresentKeyword.execute(VerifyElementNotPresentKeyword.groovy:68)
	at com.kms.katalon.core.keyword.internal.KeywordExecutor.executeKeywordForPlatform(KeywordExecutor.groovy:74)
	at com.kms.katalon.core.webui.keyword.WebUiBuiltInKeywords.verifyElementNotPresent(WebUiBuiltInKeywords.groovy:1497)
	at com.kms.katalon.core.webui.keyword.WebUiBuiltInKeywords$verifyElementNotPresent$14.call(Unknown Source)
	at TC-PEN-010.run(TC-PEN-010:32)
	at com.kms.katalon.core.main.ScriptEngine.run(ScriptEngine.java:194)
	at com.kms.katalon.core.main.ScriptEngine.runScriptAsRawText(ScriptEngine.java:119)
	at com.kms.katalon.core.main.TestCaseExecutor.runScript(TestCaseExecutor.java:448)
	at com.kms.katalon.core.main.TestCaseExecutor.doExecute(TestCaseExecutor.java:439)
	at com.kms.katalon.core.main.TestCaseExecutor.processExecutionPhase(TestCaseExecutor.java:418)
	at com.kms.katalon.core.main.TestCaseExecutor.accessMainPhase(TestCaseExecutor.java:410)
	at com.kms.katalon.core.main.TestCaseExecutor.execute(TestCaseExecutor.java:285)
	at com.kms.katalon.core.common.CommonExecutor.accessTestCaseMainPhase(CommonExecutor.java:65)
	at com.kms.katalon.core.main.TestSuiteExecutor.accessTestSuiteMainPhase(TestSuiteExecutor.java:148)
	at com.kms.katalon.core.main.TestSuiteExecutor.execute(TestSuiteExecutor.java:106)
	at com.kms.katalon.core.main.TestCaseMain.startTestSuite(TestCaseMain.java:187)
	at com.kms.katalon.core.main.TestCaseMain$startTestSuite$0.call(Unknown Source)
	at TempTestSuite1696497733454.run(TempTestSuite1696497733454.groovy:36)
Caused by: com.kms.katalon.core.exception.StepFailedException: Web element with id: 'Object Repository/Product Ecommerce/Verifikasi Halaman Product Anda' located by 'By.xpath: (.//*[normalize-space(text()) and normalize-space(.)='Home'])[1]/following::li[2]' is present after '30' second(s)
	at com.kms.katalon.core.webui.keyword.internal.WebUIKeywordMain.stepFailed(WebUIKeywordMain.groovy:64)
	at com.kms.katalon.core.webui.keyword.internal.WebUIKeywordMain$stepFailed$0.call(Unknown Source)
	at com.kms.katalon.core.webui.keyword.builtin.VerifyElementNotPresentKeyword$_verifyElementNotPresent_closure1.doCall(VerifyElementNotPresentKeyword.groovy:113)
	at com.kms.katalon.core.webui.keyword.builtin.VerifyElementNotPresentKeyword$_verifyElementNotPresent_closure1.doCall(VerifyElementNotPresentKeyword.groovy)
	at com.kms.katalon.core.webui.keyword.internal.WebUIKeywordMain.runKeyword(WebUIKeywordMain.groovy:20)
	... 20 more
"/>
         <system-out><![CDATA[2023-10-05 16:29:49 - [TEST_CASE][FAILED] - Test Cases/Product Ecommerce/TC-PEN-010: Test Cases/Product Ecommerce/TC-PEN-010 FAILED.
Reason:
com.kms.katalon.core.exception.StepFailedException: Unable to verify object 'Object Repository/Product Ecommerce/Verifikasi Halaman Product Anda' is not present
	at com.kms.katalon.core.webui.keyword.internal.WebUIKeywordMain.stepFailed(WebUIKeywordMain.groovy:64)
	at com.kms.katalon.core.webui.keyword.internal.WebUIKeywordMain.runKeyword(WebUIKeywordMain.groovy:26)
	at com.kms.katalon.core.webui.keyword.internal.WebUIKeywordMain$runKeyword.call(Unknown Source)
	at com.kms.katalon.core.webui.keyword.builtin.VerifyElementNotPresentKeyword.verifyElementNotPresent(VerifyElementNotPresentKeyword.groovy:122)
	at com.kms.katalon.core.webui.keyword.builtin.VerifyElementNotPresentKeyword.execute(VerifyElementNotPresentKeyword.groovy:68)
	at com.kms.katalon.core.keyword.internal.KeywordExecutor.executeKeywordForPlatform(KeywordExecutor.groovy:74)
	at com.kms.katalon.core.webui.keyword.WebUiBuiltInKeywords.verifyElementNotPresent(WebUiBuiltInKeywords.groovy:1497)
	at com.kms.katalon.core.webui.keyword.WebUiBuiltInKeywords$verifyElementNotPresent$14.call(Unknown Source)
	at TC-PEN-010.run(TC-PEN-010:32)
	at com.kms.katalon.core.main.ScriptEngine.run(ScriptEngine.java:194)
	at com.kms.katalon.core.main.ScriptEngine.runScriptAsRawText(ScriptEngine.java:119)
	at com.kms.katalon.core.main.TestCaseExecutor.runScript(TestCaseExecutor.java:448)
	at com.kms.katalon.core.main.TestCaseExecutor.doExecute(TestCaseExecutor.java:439)
	at com.kms.katalon.core.main.TestCaseExecutor.processExecutionPhase(TestCaseExecutor.java:418)
	at com.kms.katalon.core.main.TestCaseExecutor.accessMainPhase(TestCaseExecutor.java:410)
	at com.kms.katalon.core.main.TestCaseExecutor.execute(TestCaseExecutor.java:285)
	at com.kms.katalon.core.common.CommonExecutor.accessTestCaseMainPhase(CommonExecutor.java:65)
	at com.kms.katalon.core.main.TestSuiteExecutor.accessTestSuiteMainPhase(TestSuiteExecutor.java:148)
	at com.kms.katalon.core.main.TestSuiteExecutor.execute(TestSuiteExecutor.java:106)
	at com.kms.katalon.core.main.TestCaseMain.startTestSuite(TestCaseMain.java:187)
	at com.kms.katalon.core.main.TestCaseMain$startTestSuite$0.call(Unknown Source)
	at TempTestSuite1696497733454.run(TempTestSuite1696497733454.groovy:36)
Caused by: com.kms.katalon.core.exception.StepFailedException: Web element with id: 'Object Repository/Product Ecommerce/Verifikasi Halaman Product Anda' located by 'By.xpath: (.//*[normalize-space(text()) and normalize-space(.)='Home'])[1]/following::li[2]' is present after '30' second(s)
	at com.kms.katalon.core.webui.keyword.internal.WebUIKeywordMain.stepFailed(WebUIKeywordMain.groovy:64)
	at com.kms.katalon.core.webui.keyword.internal.WebUIKeywordMain$stepFailed$0.call(Unknown Source)
	at com.kms.katalon.core.webui.keyword.builtin.VerifyElementNotPresentKeyword$_verifyElementNotPresent_closure1.doCall(VerifyElementNotPresentKeyword.groovy:113)
	at com.kms.katalon.core.webui.keyword.builtin.VerifyElementNotPresentKeyword$_verifyElementNotPresent_closure1.doCall(VerifyElementNotPresentKeyword.groovy)
	at com.kms.katalon.core.webui.keyword.internal.WebUIKeywordMain.runKeyword(WebUIKeywordMain.groovy:20)
	... 20 more


2023-10-05 16:29:49 - [TEST_STEP][PASSED] - callTestCase(findTestCase("Product Ecommerce/TC-PE-001"), [:], STOP_ON_FAILURE): Call Test Case 'Test Cases/Product Ecommerce/TC-PE-001' successfully

2023-10-05 16:29:49 - [TEST_CASE][PASSED] - Test Cases/Product Ecommerce/TC-PE-001: Test Cases/Product Ecommerce/TC-PE-001

2023-10-05 16:29:49 - [TEST_STEP][PASSED] - callTestCase(findTestCase("Login Ecommerce/TC-Login Ecomerce-001"), [:], STOP_ON_FAILURE): Call Test Case 'Test Cases/Login Ecommerce/TC-Login Ecomerce-001' successfully

2023-10-05 16:29:49 - [TEST_CASE][PASSED] - Test Cases/Login Ecommerce/TC-Login Ecomerce-001: Test Cases/Login Ecommerce/TC-Login Ecomerce-001

2023-10-05 16:29:49 - [TEST_STEP][PASSED] - openBrowser(userTajalapak): Browser is opened with url: 'https://10.9.2.63/ecommerce/'

2023-10-05 16:29:49 - [MESSAGE][WARNING] - A browser is already opened. Closing browser and opening a new one

2023-10-05 16:29:50 - [MESSAGE][INFO] - Starting 'Edge Chromium' driver

2023-10-05 16:29:50 - [MESSAGE][INFO] - User set preference: ['acceptInsecureCerts', 'true']

2023-10-05 16:29:52 - [MESSAGE][INFO] - Action delay is set to 0 milliseconds

2023-10-05 16:29:55 - [MESSAGE][PASSED] - Browser is opened with url: 'https://10.9.2.63/ecommerce/'

2023-10-05 16:29:55 - [TEST_STEP][PASSED] - maximizeWindow(): Current window maximized

2023-10-05 16:29:55 - [MESSAGE][PASSED] - Current window maximized

2023-10-05 16:29:55 - [TEST_STEP][PASSED] - verifyElementPresent(findTestObject("Login Ecommerce/Verifikasi Halaman Login Akun"), 0): Object 'Object Repository/Login Ecommerce/Verifikasi Halaman Login Akun' is present

2023-10-05 16:29:55 - [MESSAGE][WARNING] - Timeout '0' is invalid. Using default page load timeout: '30'

2023-10-05 16:29:56 - [MESSAGE][PASSED] - Object 'Object Repository/Login Ecommerce/Verifikasi Halaman Login Akun' is present

2023-10-05 16:29:56 - [TEST_STEP][PASSED] - click(findTestObject("Login Ecommerce/Login Akun")): Object: 'Object Repository/Login Ecommerce/Login Akun' is clicked on

2023-10-05 16:29:57 - [MESSAGE][PASSED] - Object: 'Object Repository/Login Ecommerce/Login Akun' is clicked on

2023-10-05 16:29:57 - [TEST_STEP][PASSED] - verifyElementPresent(findTestObject("Login Ecommerce/Verifikasi Halaman Login Akun"), 0): Object 'Object Repository/Login Ecommerce/Verifikasi Halaman Login Akun' is present

2023-10-05 16:29:57 - [MESSAGE][WARNING] - Timeout '0' is invalid. Using default page load timeout: '30'

2023-10-05 16:29:57 - [MESSAGE][PASSED] - Object 'Object Repository/Login Ecommerce/Verifikasi Halaman Login Akun' is present

2023-10-05 16:29:57 - [TEST_STEP][PASSED] - setText(findTestObject("Login Ecommerce/Input Username"), "riswandha"): Text 'riswandha' is set on object 'Object Repository/Login Ecommerce/Input Username'

2023-10-05 16:29:58 - [MESSAGE][PASSED] - Text 'riswandha' is set on object 'Object Repository/Login Ecommerce/Input Username'

2023-10-05 16:29:58 - [TEST_STEP][PASSED] - setEncryptedText(findTestObject("Login Ecommerce/Input Password"), "iGDxf8hSRT4="): Text ****** has been set on object 'Object Repository/Login Ecommerce/Input Password'

2023-10-05 16:29:58 - [MESSAGE][PASSED] - Text ****** has been set on object 'Object Repository/Login Ecommerce/Input Password'

2023-10-05 16:29:58 - [TEST_STEP][PASSED] - click(findTestObject("Login Ecommerce/Button Masuk")): Object: 'Object Repository/Login Ecommerce/Button Masuk' is clicked on

2023-10-05 16:29:59 - [MESSAGE][PASSED] - Object: 'Object Repository/Login Ecommerce/Button Masuk' is clicked on

2023-10-05 16:29:59 - [TEST_STEP][PASSED] - verifyElementPresent(findTestObject("Login Ecommerce/Verifikasi Login Akun"), 0): Object 'Object Repository/Login Ecommerce/Verifikasi Login Akun' is present

2023-10-05 16:29:59 - [MESSAGE][WARNING] - Timeout '0' is invalid. Using default page load timeout: '30'

2023-10-05 16:30:00 - [MESSAGE][PASSED] - Object 'Object Repository/Login Ecommerce/Verifikasi Login Akun' is present

2023-10-05 16:30:00 - [MESSAGE][PASSED] - Call Test Case 'Test Cases/Login Ecommerce/TC-Login Ecomerce-001' successfully

2023-10-05 16:30:00 - [TEST_STEP][PASSED] - mouseOver(findTestObject("Product Ecommerce/Button Menu toko")): Object: 'Object Repository/Product Ecommerce/Button Menu toko' is hovered

2023-10-05 16:30:00 - [MESSAGE][PASSED] - Object: 'Object Repository/Product Ecommerce/Button Menu toko' is hovered

2023-10-05 16:30:00 - [TEST_STEP][PASSED] - click(findTestObject("Product Ecommerce/Button Daftar Produk")): Object: 'Object Repository/Product Ecommerce/Button Daftar Produk' is clicked on

2023-10-05 16:30:01 - [MESSAGE][PASSED] - Object: 'Object Repository/Product Ecommerce/Button Daftar Produk' is clicked on

2023-10-05 16:30:01 - [TEST_STEP][PASSED] - verifyElementPresent(findTestObject("Product Ecommerce/Verifikasi Halaman Product Anda"), 0): Object 'Object Repository/Product Ecommerce/Verifikasi Halaman Product Anda' is present

2023-10-05 16:30:01 - [MESSAGE][WARNING] - Timeout '0' is invalid. Using default page load timeout: '30'

2023-10-05 16:30:02 - [MESSAGE][PASSED] - Object 'Object Repository/Product Ecommerce/Verifikasi Halaman Product Anda' is present

2023-10-05 16:30:02 - [MESSAGE][PASSED] - Call Test Case 'Test Cases/Product Ecommerce/TC-PE-001' successfully

2023-10-05 16:30:02 - [TEST_STEP][PASSED] - mouseOver(findTestObject("Product Ecommerce/Image Gambar produk 1")): Object: 'Object Repository/Product Ecommerce/Image Gambar produk 1' is hovered

2023-10-05 16:30:02 - [MESSAGE][PASSED] - Object: 'Object Repository/Product Ecommerce/Image Gambar produk 1' is hovered

2023-10-05 16:30:02 - [TEST_STEP][PASSED] - click(findTestObject("Product Ecommerce/Tambahkan Product/Edit Data")): Object: 'Object Repository/Product Ecommerce/Tambahkan Product/Edit Data' is clicked on

2023-10-05 16:30:03 - [MESSAGE][PASSED] - Object: 'Object Repository/Product Ecommerce/Tambahkan Product/Edit Data' is clicked on

2023-10-05 16:30:03 - [TEST_STEP][PASSED] - verifyElementPresent(findTestObject("Product Ecommerce/Tambahkan Product/Button Update Data"), 0): Object 'Object Repository/Product Ecommerce/Tambahkan Product/Button Update Data' is present

2023-10-05 16:30:03 - [MESSAGE][WARNING] - Timeout '0' is invalid. Using default page load timeout: '30'

2023-10-05 16:30:04 - [MESSAGE][PASSED] - Object 'Object Repository/Product Ecommerce/Tambahkan Product/Button Update Data' is present

2023-10-05 16:30:04 - [TEST_STEP][PASSED] - uploadFile(findTestObject("Product Ecommerce/Tambahkan Product/Input File"), "E:\Pelatihan\Xsis Academy\DJI_0621.DNG"): File 'E:\Pelatihan\Xsis Academy\DJI_0621.DNG' sent to object: 'Object Repository/Product Ecommerce/Tambahkan Product/Input File'

2023-10-05 16:30:04 - [MESSAGE][PASSED] - File 'E:\Pelatihan\Xsis Academy\DJI_0621.DNG' sent to object: 'Object Repository/Product Ecommerce/Tambahkan Product/Input File'

2023-10-05 16:30:04 - [TEST_STEP][PASSED] - click(findTestObject("Product Ecommerce/Tambahkan Product/Button Update Data")): Object: 'Object Repository/Product Ecommerce/Tambahkan Product/Button Update Data' is clicked on

2023-10-05 16:30:05 - [MESSAGE][PASSED] - Object: 'Object Repository/Product Ecommerce/Tambahkan Product/Button Update Data' is clicked on

2023-10-05 16:30:05 - [TEST_STEP][FAILED] - verifyElementNotPresent(findTestObject("Product Ecommerce/Verifikasi Halaman Product Anda"), 0): Unable to verify object 'Object Repository/Product Ecommerce/Verifikasi Halaman Product Anda' is not present (Root cause: com.kms.katalon.core.exception.StepFailedException: Unable to verify object 'Object Repository/Product Ecommerce/Verifikasi Halaman Product Anda' is not present
	at com.kms.katalon.core.webui.keyword.internal.WebUIKeywordMain.stepFailed(WebUIKeywordMain.groovy:64)
	at com.kms.katalon.core.webui.keyword.internal.WebUIKeywordMain.runKeyword(WebUIKeywordMain.groovy:26)
	at com.kms.katalon.core.webui.keyword.internal.WebUIKeywordMain$runKeyword.call(Unknown Source)
	at com.kms.katalon.core.webui.keyword.builtin.VerifyElementNotPresentKeyword.verifyElementNotPresent(VerifyElementNotPresentKeyword.groovy:122)
	at com.kms.katalon.core.webui.keyword.builtin.VerifyElementNotPresentKeyword.execute(VerifyElementNotPresentKeyword.groovy:68)
	at com.kms.katalon.core.keyword.internal.KeywordExecutor.executeKeywordForPlatform(KeywordExecutor.groovy:74)
	at com.kms.katalon.core.webui.keyword.WebUiBuiltInKeywords.verifyElementNotPresent(WebUiBuiltInKeywords.groovy:1497)
	at com.kms.katalon.core.webui.keyword.WebUiBuiltInKeywords$verifyElementNotPresent$14.call(Unknown Source)
	at TC-PEN-010.run(TC-PEN-010:32)
	at com.kms.katalon.core.main.ScriptEngine.run(ScriptEngine.java:194)
	at com.kms.katalon.core.main.ScriptEngine.runScriptAsRawText(ScriptEngine.java:119)
	at com.kms.katalon.core.main.TestCaseExecutor.runScript(TestCaseExecutor.java:448)
	at com.kms.katalon.core.main.TestCaseExecutor.doExecute(TestCaseExecutor.java:439)
	at com.kms.katalon.core.main.TestCaseExecutor.processExecutionPhase(TestCaseExecutor.java:418)
	at com.kms.katalon.core.main.TestCaseExecutor.accessMainPhase(TestCaseExecutor.java:410)
	at com.kms.katalon.core.main.TestCaseExecutor.execute(TestCaseExecutor.java:285)
	at com.kms.katalon.core.common.CommonExecutor.accessTestCaseMainPhase(CommonExecutor.java:65)
	at com.kms.katalon.core.main.TestSuiteExecutor.accessTestSuiteMainPhase(TestSuiteExecutor.java:148)
	at com.kms.katalon.core.main.TestSuiteExecutor.execute(TestSuiteExecutor.java:106)
	at com.kms.katalon.core.main.TestCaseMain.startTestSuite(TestCaseMain.java:187)
	at com.kms.katalon.core.main.TestCaseMain$startTestSuite$0.call(Unknown Source)
	at TempTestSuite1696497733454.run(TempTestSuite1696497733454.groovy:36)
Caused by: com.kms.katalon.core.exception.StepFailedException: Web element with id: 'Object Repository/Product Ecommerce/Verifikasi Halaman Product Anda' located by 'By.xpath: (.//*[normalize-space(text()) and normalize-space(.)='Home'])[1]/following::li[2]' is present after '30' second(s)
	at com.kms.katalon.core.webui.keyword.internal.WebUIKeywordMain.stepFailed(WebUIKeywordMain.groovy:64)
	at com.kms.katalon.core.webui.keyword.internal.WebUIKeywordMain$stepFailed$0.call(Unknown Source)
	at com.kms.katalon.core.webui.keyword.builtin.VerifyElementNotPresentKeyword$_verifyElementNotPresent_closure1.doCall(VerifyElementNotPresentKeyword.groovy:113)
	at com.kms.katalon.core.webui.keyword.builtin.VerifyElementNotPresentKeyword$_verifyElementNotPresent_closure1.doCall(VerifyElementNotPresentKeyword.groovy)
	at com.kms.katalon.core.webui.keyword.internal.WebUIKeywordMain.runKeyword(WebUIKeywordMain.groovy:20)
	... 20 more
)

2023-10-05 16:30:05 - [MESSAGE][WARNING] - Timeout '0' is invalid. Using default page load timeout: '30'

2023-10-05 16:30:36 - [MESSAGE][FAILED] - Web element with id: 'Object Repository/Product Ecommerce/Verifikasi Halaman Product Anda' located by 'By.xpath: (.//*[normalize-space(text()) and normalize-space(.)='Home'])[1]/following::li[2]' is present after '30' second(s) (Root cause: com.kms.katalon.core.exception.StepFailedException: Web element with id: 'Object Repository/Product Ecommerce/Verifikasi Halaman Product Anda' located by 'By.xpath: (.//*[normalize-space(text()) and normalize-space(.)='Home'])[1]/following::li[2]' is present after '30' second(s)
	at com.kms.katalon.core.webui.keyword.internal.WebUIKeywordMain.stepFailed(WebUIKeywordMain.groovy:64)
	at com.kms.katalon.core.webui.keyword.internal.WebUIKeywordMain$stepFailed$0.call(Unknown Source)
	at com.kms.katalon.core.webui.keyword.builtin.VerifyElementNotPresentKeyword$_verifyElementNotPresent_closure1.doCall(VerifyElementNotPresentKeyword.groovy:113)
	at com.kms.katalon.core.webui.keyword.builtin.VerifyElementNotPresentKeyword$_verifyElementNotPresent_closure1.doCall(VerifyElementNotPresentKeyword.groovy)
	at com.kms.katalon.core.webui.keyword.internal.WebUIKeywordMain.runKeyword(WebUIKeywordMain.groovy:20)
	at com.kms.katalon.core.webui.keyword.internal.WebUIKeywordMain$runKeyword.call(Unknown Source)
	at com.kms.katalon.core.webui.keyword.builtin.VerifyElementNotPresentKeyword.verifyElementNotPresent(VerifyElementNotPresentKeyword.groovy:122)
	at com.kms.katalon.core.webui.keyword.builtin.VerifyElementNotPresentKeyword.execute(VerifyElementNotPresentKeyword.groovy:68)
	at com.kms.katalon.core.keyword.internal.KeywordExecutor.executeKeywordForPlatform(KeywordExecutor.groovy:74)
	at com.kms.katalon.core.webui.keyword.WebUiBuiltInKeywords.verifyElementNotPresent(WebUiBuiltInKeywords.groovy:1497)
	at com.kms.katalon.core.webui.keyword.WebUiBuiltInKeywords$verifyElementNotPresent$14.call(Unknown Source)
	at TC-PEN-010.run(TC-PEN-010:32)
	at com.kms.katalon.core.main.ScriptEngine.run(ScriptEngine.java:194)
	at com.kms.katalon.core.main.ScriptEngine.runScriptAsRawText(ScriptEngine.java:119)
	at com.kms.katalon.core.main.TestCaseExecutor.runScript(TestCaseExecutor.java:448)
	at com.kms.katalon.core.main.TestCaseExecutor.doExecute(TestCaseExecutor.java:439)
	at com.kms.katalon.core.main.TestCaseExecutor.processExecutionPhase(TestCaseExecutor.java:418)
	at com.kms.katalon.core.main.TestCaseExecutor.accessMainPhase(TestCaseExecutor.java:410)
	at com.kms.katalon.core.main.TestCaseExecutor.execute(TestCaseExecutor.java:285)
	at com.kms.katalon.core.common.CommonExecutor.accessTestCaseMainPhase(CommonExecutor.java:65)
	at com.kms.katalon.core.main.TestSuiteExecutor.accessTestSuiteMainPhase(TestSuiteExecutor.java:148)
	at com.kms.katalon.core.main.TestSuiteExecutor.execute(TestSuiteExecutor.java:106)
	at com.kms.katalon.core.main.TestCaseMain.startTestSuite(TestCaseMain.java:187)
	at com.kms.katalon.core.main.TestCaseMain$startTestSuite$0.call(Unknown Source)
	at TempTestSuite1696497733454.run(TempTestSuite1696497733454.groovy:36)
)
[[ATTACHMENT|G:\\Project Xsis\\batch-324-qa\\Riswan\\Sprint 2 Product Tajalapak\\Reports\\20231005_162213\\Product Ecomerce\\20231005_162213\\1696498236312.png]]

2023-10-05 16:30:36 - [MESSAGE][FAILED] - Unable to verify object 'Object Repository/Product Ecommerce/Verifikasi Halaman Product Anda' is not present (Root cause: com.kms.katalon.core.exception.StepFailedException: Unable to verify object 'Object Repository/Product Ecommerce/Verifikasi Halaman Product Anda' is not present
	at com.kms.katalon.core.webui.keyword.internal.WebUIKeywordMain.stepFailed(WebUIKeywordMain.groovy:64)
	at com.kms.katalon.core.webui.keyword.internal.WebUIKeywordMain.runKeyword(WebUIKeywordMain.groovy:26)
	at com.kms.katalon.core.webui.keyword.internal.WebUIKeywordMain$runKeyword.call(Unknown Source)
	at com.kms.katalon.core.webui.keyword.builtin.VerifyElementNotPresentKeyword.verifyElementNotPresent(VerifyElementNotPresentKeyword.groovy:122)
	at com.kms.katalon.core.webui.keyword.builtin.VerifyElementNotPresentKeyword.execute(VerifyElementNotPresentKeyword.groovy:68)
	at com.kms.katalon.core.keyword.internal.KeywordExecutor.executeKeywordForPlatform(KeywordExecutor.groovy:74)
	at com.kms.katalon.core.webui.keyword.WebUiBuiltInKeywords.verifyElementNotPresent(WebUiBuiltInKeywords.groovy:1497)
	at com.kms.katalon.core.webui.keyword.WebUiBuiltInKeywords$verifyElementNotPresent$14.call(Unknown Source)
	at TC-PEN-010.run(TC-PEN-010:32)
	at com.kms.katalon.core.main.ScriptEngine.run(ScriptEngine.java:194)
	at com.kms.katalon.core.main.ScriptEngine.runScriptAsRawText(ScriptEngine.java:119)
	at com.kms.katalon.core.main.TestCaseExecutor.runScript(TestCaseExecutor.java:448)
	at com.kms.katalon.core.main.TestCaseExecutor.doExecute(TestCaseExecutor.java:439)
	at com.kms.katalon.core.main.TestCaseExecutor.processExecutionPhase(TestCaseExecutor.java:418)
	at com.kms.katalon.core.main.TestCaseExecutor.accessMainPhase(TestCaseExecutor.java:410)
	at com.kms.katalon.core.main.TestCaseExecutor.execute(TestCaseExecutor.java:285)
	at com.kms.katalon.core.common.CommonExecutor.accessTestCaseMainPhase(CommonExecutor.java:65)
	at com.kms.katalon.core.main.TestSuiteExecutor.accessTestSuiteMainPhase(TestSuiteExecutor.java:148)
	at com.kms.katalon.core.main.TestSuiteExecutor.execute(TestSuiteExecutor.java:106)
	at com.kms.katalon.core.main.TestCaseMain.startTestSuite(TestCaseMain.java:187)
	at com.kms.katalon.core.main.TestCaseMain$startTestSuite$0.call(Unknown Source)
	at TempTestSuite1696497733454.run(TempTestSuite1696497733454.groovy:36)
Caused by: com.kms.katalon.core.exception.StepFailedException: Web element with id: 'Object Repository/Product Ecommerce/Verifikasi Halaman Product Anda' located by 'By.xpath: (.//*[normalize-space(text()) and normalize-space(.)='Home'])[1]/following::li[2]' is present after '30' second(s)
	at com.kms.katalon.core.webui.keyword.internal.WebUIKeywordMain.stepFailed(WebUIKeywordMain.groovy:64)
	at com.kms.katalon.core.webui.keyword.internal.WebUIKeywordMain$stepFailed$0.call(Unknown Source)
	at com.kms.katalon.core.webui.keyword.builtin.VerifyElementNotPresentKeyword$_verifyElementNotPresent_closure1.doCall(VerifyElementNotPresentKeyword.groovy:113)
	at com.kms.katalon.core.webui.keyword.builtin.VerifyElementNotPresentKeyword$_verifyElementNotPresent_closure1.doCall(VerifyElementNotPresentKeyword.groovy)
	at com.kms.katalon.core.webui.keyword.internal.WebUIKeywordMain.runKeyword(WebUIKeywordMain.groovy:20)
	... 20 more
)
[[ATTACHMENT|G:\\Project Xsis\\batch-324-qa\\Riswan\\Sprint 2 Product Tajalapak\\Reports\\20231005_162213\\Product Ecomerce\\20231005_162213\\1696498236430.png]]]]></system-out>
         <system-err><![CDATA[2023-10-05 16:29:49 - [TEST_CASE][FAILED] - Test Cases/Product Ecommerce/TC-PEN-010: Test Cases/Product Ecommerce/TC-PEN-010 FAILED.
Reason:
com.kms.katalon.core.exception.StepFailedException: Unable to verify object 'Object Repository/Product Ecommerce/Verifikasi Halaman Product Anda' is not present
	at com.kms.katalon.core.webui.keyword.internal.WebUIKeywordMain.stepFailed(WebUIKeywordMain.groovy:64)
	at com.kms.katalon.core.webui.keyword.internal.WebUIKeywordMain.runKeyword(WebUIKeywordMain.groovy:26)
	at com.kms.katalon.core.webui.keyword.internal.WebUIKeywordMain$runKeyword.call(Unknown Source)
	at com.kms.katalon.core.webui.keyword.builtin.VerifyElementNotPresentKeyword.verifyElementNotPresent(VerifyElementNotPresentKeyword.groovy:122)
	at com.kms.katalon.core.webui.keyword.builtin.VerifyElementNotPresentKeyword.execute(VerifyElementNotPresentKeyword.groovy:68)
	at com.kms.katalon.core.keyword.internal.KeywordExecutor.executeKeywordForPlatform(KeywordExecutor.groovy:74)
	at com.kms.katalon.core.webui.keyword.WebUiBuiltInKeywords.verifyElementNotPresent(WebUiBuiltInKeywords.groovy:1497)
	at com.kms.katalon.core.webui.keyword.WebUiBuiltInKeywords$verifyElementNotPresent$14.call(Unknown Source)
	at TC-PEN-010.run(TC-PEN-010:32)
	at com.kms.katalon.core.main.ScriptEngine.run(ScriptEngine.java:194)
	at com.kms.katalon.core.main.ScriptEngine.runScriptAsRawText(ScriptEngine.java:119)
	at com.kms.katalon.core.main.TestCaseExecutor.runScript(TestCaseExecutor.java:448)
	at com.kms.katalon.core.main.TestCaseExecutor.doExecute(TestCaseExecutor.java:439)
	at com.kms.katalon.core.main.TestCaseExecutor.processExecutionPhase(TestCaseExecutor.java:418)
	at com.kms.katalon.core.main.TestCaseExecutor.accessMainPhase(TestCaseExecutor.java:410)
	at com.kms.katalon.core.main.TestCaseExecutor.execute(TestCaseExecutor.java:285)
	at com.kms.katalon.core.common.CommonExecutor.accessTestCaseMainPhase(CommonExecutor.java:65)
	at com.kms.katalon.core.main.TestSuiteExecutor.accessTestSuiteMainPhase(TestSuiteExecutor.java:148)
	at com.kms.katalon.core.main.TestSuiteExecutor.execute(TestSuiteExecutor.java:106)
	at com.kms.katalon.core.main.TestCaseMain.startTestSuite(TestCaseMain.java:187)
	at com.kms.katalon.core.main.TestCaseMain$startTestSuite$0.call(Unknown Source)
	at TempTestSuite1696497733454.run(TempTestSuite1696497733454.groovy:36)
Caused by: com.kms.katalon.core.exception.StepFailedException: Web element with id: 'Object Repository/Product Ecommerce/Verifikasi Halaman Product Anda' located by 'By.xpath: (.//*[normalize-space(text()) and normalize-space(.)='Home'])[1]/following::li[2]' is present after '30' second(s)
	at com.kms.katalon.core.webui.keyword.internal.WebUIKeywordMain.stepFailed(WebUIKeywordMain.groovy:64)
	at com.kms.katalon.core.webui.keyword.internal.WebUIKeywordMain$stepFailed$0.call(Unknown Source)
	at com.kms.katalon.core.webui.keyword.builtin.VerifyElementNotPresentKeyword$_verifyElementNotPresent_closure1.doCall(VerifyElementNotPresentKeyword.groovy:113)
	at com.kms.katalon.core.webui.keyword.builtin.VerifyElementNotPresentKeyword$_verifyElementNotPresent_closure1.doCall(VerifyElementNotPresentKeyword.groovy)
	at com.kms.katalon.core.webui.keyword.internal.WebUIKeywordMain.runKeyword(WebUIKeywordMain.groovy:20)
	... 20 more]]></system-err>
      </testcase>
      <testcase name="Test Cases/Product Ecommerce/TC-PEN-011" time="46.355" classname="Test Cases/Product Ecommerce/TC-PEN-011" status="FAILED">
         <failure type="FAILED" message="Test Cases/Product Ecommerce/TC-PEN-011 FAILED.
Reason:
com.kms.katalon.core.exception.StepFailedException: Unable to verify object 'Object Repository/Product Ecommerce/Verifikasi Halaman Product Anda' is not present
	at com.kms.katalon.core.webui.keyword.internal.WebUIKeywordMain.stepFailed(WebUIKeywordMain.groovy:64)
	at com.kms.katalon.core.webui.keyword.internal.WebUIKeywordMain.runKeyword(WebUIKeywordMain.groovy:26)
	at com.kms.katalon.core.webui.keyword.internal.WebUIKeywordMain$runKeyword.call(Unknown Source)
	at com.kms.katalon.core.webui.keyword.builtin.VerifyElementNotPresentKeyword.verifyElementNotPresent(VerifyElementNotPresentKeyword.groovy:122)
	at com.kms.katalon.core.webui.keyword.builtin.VerifyElementNotPresentKeyword.execute(VerifyElementNotPresentKeyword.groovy:68)
	at com.kms.katalon.core.keyword.internal.KeywordExecutor.executeKeywordForPlatform(KeywordExecutor.groovy:74)
	at com.kms.katalon.core.webui.keyword.WebUiBuiltInKeywords.verifyElementNotPresent(WebUiBuiltInKeywords.groovy:1497)
	at com.kms.katalon.core.webui.keyword.WebUiBuiltInKeywords$verifyElementNotPresent$14.call(Unknown Source)
	at TC-PEN-011.run(TC-PEN-011:32)
	at com.kms.katalon.core.main.ScriptEngine.run(ScriptEngine.java:194)
	at com.kms.katalon.core.main.ScriptEngine.runScriptAsRawText(ScriptEngine.java:119)
	at com.kms.katalon.core.main.TestCaseExecutor.runScript(TestCaseExecutor.java:448)
	at com.kms.katalon.core.main.TestCaseExecutor.doExecute(TestCaseExecutor.java:439)
	at com.kms.katalon.core.main.TestCaseExecutor.processExecutionPhase(TestCaseExecutor.java:418)
	at com.kms.katalon.core.main.TestCaseExecutor.accessMainPhase(TestCaseExecutor.java:410)
	at com.kms.katalon.core.main.TestCaseExecutor.execute(TestCaseExecutor.java:285)
	at com.kms.katalon.core.common.CommonExecutor.accessTestCaseMainPhase(CommonExecutor.java:65)
	at com.kms.katalon.core.main.TestSuiteExecutor.accessTestSuiteMainPhase(TestSuiteExecutor.java:148)
	at com.kms.katalon.core.main.TestSuiteExecutor.execute(TestSuiteExecutor.java:106)
	at com.kms.katalon.core.main.TestCaseMain.startTestSuite(TestCaseMain.java:187)
	at com.kms.katalon.core.main.TestCaseMain$startTestSuite$0.call(Unknown Source)
	at TempTestSuite1696497733454.run(TempTestSuite1696497733454.groovy:36)
Caused by: com.kms.katalon.core.exception.StepFailedException: Web element with id: 'Object Repository/Product Ecommerce/Verifikasi Halaman Product Anda' located by 'By.xpath: (.//*[normalize-space(text()) and normalize-space(.)='Home'])[1]/following::li[2]' is present after '30' second(s)
	at com.kms.katalon.core.webui.keyword.internal.WebUIKeywordMain.stepFailed(WebUIKeywordMain.groovy:64)
	at com.kms.katalon.core.webui.keyword.internal.WebUIKeywordMain$stepFailed$0.call(Unknown Source)
	at com.kms.katalon.core.webui.keyword.builtin.VerifyElementNotPresentKeyword$_verifyElementNotPresent_closure1.doCall(VerifyElementNotPresentKeyword.groovy:113)
	at com.kms.katalon.core.webui.keyword.builtin.VerifyElementNotPresentKeyword$_verifyElementNotPresent_closure1.doCall(VerifyElementNotPresentKeyword.groovy)
	at com.kms.katalon.core.webui.keyword.internal.WebUIKeywordMain.runKeyword(WebUIKeywordMain.groovy:20)
	... 20 more
"/>
         <system-out><![CDATA[2023-10-05 16:30:36 - [TEST_CASE][FAILED] - Test Cases/Product Ecommerce/TC-PEN-011: Test Cases/Product Ecommerce/TC-PEN-011 FAILED.
Reason:
com.kms.katalon.core.exception.StepFailedException: Unable to verify object 'Object Repository/Product Ecommerce/Verifikasi Halaman Product Anda' is not present
	at com.kms.katalon.core.webui.keyword.internal.WebUIKeywordMain.stepFailed(WebUIKeywordMain.groovy:64)
	at com.kms.katalon.core.webui.keyword.internal.WebUIKeywordMain.runKeyword(WebUIKeywordMain.groovy:26)
	at com.kms.katalon.core.webui.keyword.internal.WebUIKeywordMain$runKeyword.call(Unknown Source)
	at com.kms.katalon.core.webui.keyword.builtin.VerifyElementNotPresentKeyword.verifyElementNotPresent(VerifyElementNotPresentKeyword.groovy:122)
	at com.kms.katalon.core.webui.keyword.builtin.VerifyElementNotPresentKeyword.execute(VerifyElementNotPresentKeyword.groovy:68)
	at com.kms.katalon.core.keyword.internal.KeywordExecutor.executeKeywordForPlatform(KeywordExecutor.groovy:74)
	at com.kms.katalon.core.webui.keyword.WebUiBuiltInKeywords.verifyElementNotPresent(WebUiBuiltInKeywords.groovy:1497)
	at com.kms.katalon.core.webui.keyword.WebUiBuiltInKeywords$verifyElementNotPresent$14.call(Unknown Source)
	at TC-PEN-011.run(TC-PEN-011:32)
	at com.kms.katalon.core.main.ScriptEngine.run(ScriptEngine.java:194)
	at com.kms.katalon.core.main.ScriptEngine.runScriptAsRawText(ScriptEngine.java:119)
	at com.kms.katalon.core.main.TestCaseExecutor.runScript(TestCaseExecutor.java:448)
	at com.kms.katalon.core.main.TestCaseExecutor.doExecute(TestCaseExecutor.java:439)
	at com.kms.katalon.core.main.TestCaseExecutor.processExecutionPhase(TestCaseExecutor.java:418)
	at com.kms.katalon.core.main.TestCaseExecutor.accessMainPhase(TestCaseExecutor.java:410)
	at com.kms.katalon.core.main.TestCaseExecutor.execute(TestCaseExecutor.java:285)
	at com.kms.katalon.core.common.CommonExecutor.accessTestCaseMainPhase(CommonExecutor.java:65)
	at com.kms.katalon.core.main.TestSuiteExecutor.accessTestSuiteMainPhase(TestSuiteExecutor.java:148)
	at com.kms.katalon.core.main.TestSuiteExecutor.execute(TestSuiteExecutor.java:106)
	at com.kms.katalon.core.main.TestCaseMain.startTestSuite(TestCaseMain.java:187)
	at com.kms.katalon.core.main.TestCaseMain$startTestSuite$0.call(Unknown Source)
	at TempTestSuite1696497733454.run(TempTestSuite1696497733454.groovy:36)
Caused by: com.kms.katalon.core.exception.StepFailedException: Web element with id: 'Object Repository/Product Ecommerce/Verifikasi Halaman Product Anda' located by 'By.xpath: (.//*[normalize-space(text()) and normalize-space(.)='Home'])[1]/following::li[2]' is present after '30' second(s)
	at com.kms.katalon.core.webui.keyword.internal.WebUIKeywordMain.stepFailed(WebUIKeywordMain.groovy:64)
	at com.kms.katalon.core.webui.keyword.internal.WebUIKeywordMain$stepFailed$0.call(Unknown Source)
	at com.kms.katalon.core.webui.keyword.builtin.VerifyElementNotPresentKeyword$_verifyElementNotPresent_closure1.doCall(VerifyElementNotPresentKeyword.groovy:113)
	at com.kms.katalon.core.webui.keyword.builtin.VerifyElementNotPresentKeyword$_verifyElementNotPresent_closure1.doCall(VerifyElementNotPresentKeyword.groovy)
	at com.kms.katalon.core.webui.keyword.internal.WebUIKeywordMain.runKeyword(WebUIKeywordMain.groovy:20)
	... 20 more


2023-10-05 16:30:36 - [TEST_STEP][PASSED] - callTestCase(findTestCase("Product Ecommerce/TC-PE-001"), [:], STOP_ON_FAILURE): Call Test Case 'Test Cases/Product Ecommerce/TC-PE-001' successfully

2023-10-05 16:30:36 - [TEST_CASE][PASSED] - Test Cases/Product Ecommerce/TC-PE-001: Test Cases/Product Ecommerce/TC-PE-001

2023-10-05 16:30:36 - [TEST_STEP][PASSED] - callTestCase(findTestCase("Login Ecommerce/TC-Login Ecomerce-001"), [:], STOP_ON_FAILURE): Call Test Case 'Test Cases/Login Ecommerce/TC-Login Ecomerce-001' successfully

2023-10-05 16:30:36 - [TEST_CASE][PASSED] - Test Cases/Login Ecommerce/TC-Login Ecomerce-001: Test Cases/Login Ecommerce/TC-Login Ecomerce-001

2023-10-05 16:30:36 - [TEST_STEP][PASSED] - openBrowser(userTajalapak): Browser is opened with url: 'https://10.9.2.63/ecommerce/'

2023-10-05 16:30:36 - [MESSAGE][WARNING] - A browser is already opened. Closing browser and opening a new one

2023-10-05 16:30:37 - [MESSAGE][INFO] - Starting 'Edge Chromium' driver

2023-10-05 16:30:37 - [MESSAGE][INFO] - User set preference: ['acceptInsecureCerts', 'true']

2023-10-05 16:30:39 - [MESSAGE][INFO] - Action delay is set to 0 milliseconds

2023-10-05 16:30:42 - [MESSAGE][PASSED] - Browser is opened with url: 'https://10.9.2.63/ecommerce/'

2023-10-05 16:30:42 - [TEST_STEP][PASSED] - maximizeWindow(): Current window maximized

2023-10-05 16:30:42 - [MESSAGE][PASSED] - Current window maximized

2023-10-05 16:30:42 - [TEST_STEP][PASSED] - verifyElementPresent(findTestObject("Login Ecommerce/Verifikasi Halaman Login Akun"), 0): Object 'Object Repository/Login Ecommerce/Verifikasi Halaman Login Akun' is present

2023-10-05 16:30:43 - [MESSAGE][WARNING] - Timeout '0' is invalid. Using default page load timeout: '30'

2023-10-05 16:30:43 - [MESSAGE][PASSED] - Object 'Object Repository/Login Ecommerce/Verifikasi Halaman Login Akun' is present

2023-10-05 16:30:43 - [TEST_STEP][PASSED] - click(findTestObject("Login Ecommerce/Login Akun")): Object: 'Object Repository/Login Ecommerce/Login Akun' is clicked on

2023-10-05 16:30:44 - [MESSAGE][PASSED] - Object: 'Object Repository/Login Ecommerce/Login Akun' is clicked on

2023-10-05 16:30:44 - [TEST_STEP][PASSED] - verifyElementPresent(findTestObject("Login Ecommerce/Verifikasi Halaman Login Akun"), 0): Object 'Object Repository/Login Ecommerce/Verifikasi Halaman Login Akun' is present

2023-10-05 16:30:44 - [MESSAGE][WARNING] - Timeout '0' is invalid. Using default page load timeout: '30'

2023-10-05 16:30:44 - [MESSAGE][PASSED] - Object 'Object Repository/Login Ecommerce/Verifikasi Halaman Login Akun' is present

2023-10-05 16:30:44 - [TEST_STEP][PASSED] - setText(findTestObject("Login Ecommerce/Input Username"), "riswandha"): Text 'riswandha' is set on object 'Object Repository/Login Ecommerce/Input Username'

2023-10-05 16:30:45 - [MESSAGE][PASSED] - Text 'riswandha' is set on object 'Object Repository/Login Ecommerce/Input Username'

2023-10-05 16:30:45 - [TEST_STEP][PASSED] - setEncryptedText(findTestObject("Login Ecommerce/Input Password"), "iGDxf8hSRT4="): Text ****** has been set on object 'Object Repository/Login Ecommerce/Input Password'

2023-10-05 16:30:45 - [MESSAGE][PASSED] - Text ****** has been set on object 'Object Repository/Login Ecommerce/Input Password'

2023-10-05 16:30:45 - [TEST_STEP][PASSED] - click(findTestObject("Login Ecommerce/Button Masuk")): Object: 'Object Repository/Login Ecommerce/Button Masuk' is clicked on

2023-10-05 16:30:46 - [MESSAGE][PASSED] - Object: 'Object Repository/Login Ecommerce/Button Masuk' is clicked on

2023-10-05 16:30:46 - [TEST_STEP][PASSED] - verifyElementPresent(findTestObject("Login Ecommerce/Verifikasi Login Akun"), 0): Object 'Object Repository/Login Ecommerce/Verifikasi Login Akun' is present

2023-10-05 16:30:46 - [MESSAGE][WARNING] - Timeout '0' is invalid. Using default page load timeout: '30'

2023-10-05 16:30:47 - [MESSAGE][PASSED] - Object 'Object Repository/Login Ecommerce/Verifikasi Login Akun' is present

2023-10-05 16:30:47 - [MESSAGE][PASSED] - Call Test Case 'Test Cases/Login Ecommerce/TC-Login Ecomerce-001' successfully

2023-10-05 16:30:47 - [TEST_STEP][PASSED] - mouseOver(findTestObject("Product Ecommerce/Button Menu toko")): Object: 'Object Repository/Product Ecommerce/Button Menu toko' is hovered

2023-10-05 16:30:47 - [MESSAGE][PASSED] - Object: 'Object Repository/Product Ecommerce/Button Menu toko' is hovered

2023-10-05 16:30:47 - [TEST_STEP][PASSED] - click(findTestObject("Product Ecommerce/Button Daftar Produk")): Object: 'Object Repository/Product Ecommerce/Button Daftar Produk' is clicked on

2023-10-05 16:30:48 - [MESSAGE][PASSED] - Object: 'Object Repository/Product Ecommerce/Button Daftar Produk' is clicked on

2023-10-05 16:30:48 - [TEST_STEP][PASSED] - verifyElementPresent(findTestObject("Product Ecommerce/Verifikasi Halaman Product Anda"), 0): Object 'Object Repository/Product Ecommerce/Verifikasi Halaman Product Anda' is present

2023-10-05 16:30:48 - [MESSAGE][WARNING] - Timeout '0' is invalid. Using default page load timeout: '30'

2023-10-05 16:30:49 - [MESSAGE][PASSED] - Object 'Object Repository/Product Ecommerce/Verifikasi Halaman Product Anda' is present

2023-10-05 16:30:49 - [MESSAGE][PASSED] - Call Test Case 'Test Cases/Product Ecommerce/TC-PE-001' successfully

2023-10-05 16:30:49 - [TEST_STEP][PASSED] - mouseOver(findTestObject("Product Ecommerce/Image Gambar produk 1")): Object: 'Object Repository/Product Ecommerce/Image Gambar produk 1' is hovered

2023-10-05 16:30:49 - [MESSAGE][PASSED] - Object: 'Object Repository/Product Ecommerce/Image Gambar produk 1' is hovered

2023-10-05 16:30:49 - [TEST_STEP][PASSED] - click(findTestObject("Product Ecommerce/Tambahkan Product/Edit Data")): Object: 'Object Repository/Product Ecommerce/Tambahkan Product/Edit Data' is clicked on

2023-10-05 16:30:50 - [MESSAGE][PASSED] - Object: 'Object Repository/Product Ecommerce/Tambahkan Product/Edit Data' is clicked on

2023-10-05 16:30:50 - [TEST_STEP][PASSED] - verifyElementPresent(findTestObject("Product Ecommerce/Tambahkan Product/Button Update Data"), 0): Object 'Object Repository/Product Ecommerce/Tambahkan Product/Button Update Data' is present

2023-10-05 16:30:50 - [MESSAGE][WARNING] - Timeout '0' is invalid. Using default page load timeout: '30'

2023-10-05 16:30:51 - [MESSAGE][PASSED] - Object 'Object Repository/Product Ecommerce/Tambahkan Product/Button Update Data' is present

2023-10-05 16:30:51 - [TEST_STEP][PASSED] - setText(findTestObject("Product Ecommerce/Tambahkan Product/Input Satuan"), "12345"): Text '12345' is set on object 'Object Repository/Product Ecommerce/Tambahkan Product/Input Satuan'

2023-10-05 16:30:51 - [MESSAGE][PASSED] - Text '12345' is set on object 'Object Repository/Product Ecommerce/Tambahkan Product/Input Satuan'

2023-10-05 16:30:51 - [TEST_STEP][PASSED] - click(findTestObject("Product Admin/TambahProduk/Button Update Data")): Object: 'Object Repository/Product Admin/TambahProduk/Button Update Data' is clicked on

2023-10-05 16:30:52 - [MESSAGE][PASSED] - Object: 'Object Repository/Product Admin/TambahProduk/Button Update Data' is clicked on

2023-10-05 16:30:52 - [TEST_STEP][FAILED] - verifyElementNotPresent(findTestObject("Product Ecommerce/Verifikasi Halaman Product Anda"), 0): Unable to verify object 'Object Repository/Product Ecommerce/Verifikasi Halaman Product Anda' is not present (Root cause: com.kms.katalon.core.exception.StepFailedException: Unable to verify object 'Object Repository/Product Ecommerce/Verifikasi Halaman Product Anda' is not present
	at com.kms.katalon.core.webui.keyword.internal.WebUIKeywordMain.stepFailed(WebUIKeywordMain.groovy:64)
	at com.kms.katalon.core.webui.keyword.internal.WebUIKeywordMain.runKeyword(WebUIKeywordMain.groovy:26)
	at com.kms.katalon.core.webui.keyword.internal.WebUIKeywordMain$runKeyword.call(Unknown Source)
	at com.kms.katalon.core.webui.keyword.builtin.VerifyElementNotPresentKeyword.verifyElementNotPresent(VerifyElementNotPresentKeyword.groovy:122)
	at com.kms.katalon.core.webui.keyword.builtin.VerifyElementNotPresentKeyword.execute(VerifyElementNotPresentKeyword.groovy:68)
	at com.kms.katalon.core.keyword.internal.KeywordExecutor.executeKeywordForPlatform(KeywordExecutor.groovy:74)
	at com.kms.katalon.core.webui.keyword.WebUiBuiltInKeywords.verifyElementNotPresent(WebUiBuiltInKeywords.groovy:1497)
	at com.kms.katalon.core.webui.keyword.WebUiBuiltInKeywords$verifyElementNotPresent$14.call(Unknown Source)
	at TC-PEN-011.run(TC-PEN-011:32)
	at com.kms.katalon.core.main.ScriptEngine.run(ScriptEngine.java:194)
	at com.kms.katalon.core.main.ScriptEngine.runScriptAsRawText(ScriptEngine.java:119)
	at com.kms.katalon.core.main.TestCaseExecutor.runScript(TestCaseExecutor.java:448)
	at com.kms.katalon.core.main.TestCaseExecutor.doExecute(TestCaseExecutor.java:439)
	at com.kms.katalon.core.main.TestCaseExecutor.processExecutionPhase(TestCaseExecutor.java:418)
	at com.kms.katalon.core.main.TestCaseExecutor.accessMainPhase(TestCaseExecutor.java:410)
	at com.kms.katalon.core.main.TestCaseExecutor.execute(TestCaseExecutor.java:285)
	at com.kms.katalon.core.common.CommonExecutor.accessTestCaseMainPhase(CommonExecutor.java:65)
	at com.kms.katalon.core.main.TestSuiteExecutor.accessTestSuiteMainPhase(TestSuiteExecutor.java:148)
	at com.kms.katalon.core.main.TestSuiteExecutor.execute(TestSuiteExecutor.java:106)
	at com.kms.katalon.core.main.TestCaseMain.startTestSuite(TestCaseMain.java:187)
	at com.kms.katalon.core.main.TestCaseMain$startTestSuite$0.call(Unknown Source)
	at TempTestSuite1696497733454.run(TempTestSuite1696497733454.groovy:36)
Caused by: com.kms.katalon.core.exception.StepFailedException: Web element with id: 'Object Repository/Product Ecommerce/Verifikasi Halaman Product Anda' located by 'By.xpath: (.//*[normalize-space(text()) and normalize-space(.)='Home'])[1]/following::li[2]' is present after '30' second(s)
	at com.kms.katalon.core.webui.keyword.internal.WebUIKeywordMain.stepFailed(WebUIKeywordMain.groovy:64)
	at com.kms.katalon.core.webui.keyword.internal.WebUIKeywordMain$stepFailed$0.call(Unknown Source)
	at com.kms.katalon.core.webui.keyword.builtin.VerifyElementNotPresentKeyword$_verifyElementNotPresent_closure1.doCall(VerifyElementNotPresentKeyword.groovy:113)
	at com.kms.katalon.core.webui.keyword.builtin.VerifyElementNotPresentKeyword$_verifyElementNotPresent_closure1.doCall(VerifyElementNotPresentKeyword.groovy)
	at com.kms.katalon.core.webui.keyword.internal.WebUIKeywordMain.runKeyword(WebUIKeywordMain.groovy:20)
	... 20 more
)

2023-10-05 16:30:52 - [MESSAGE][WARNING] - Timeout '0' is invalid. Using default page load timeout: '30'

2023-10-05 16:31:22 - [MESSAGE][FAILED] - Web element with id: 'Object Repository/Product Ecommerce/Verifikasi Halaman Product Anda' located by 'By.xpath: (.//*[normalize-space(text()) and normalize-space(.)='Home'])[1]/following::li[2]' is present after '30' second(s) (Root cause: com.kms.katalon.core.exception.StepFailedException: Web element with id: 'Object Repository/Product Ecommerce/Verifikasi Halaman Product Anda' located by 'By.xpath: (.//*[normalize-space(text()) and normalize-space(.)='Home'])[1]/following::li[2]' is present after '30' second(s)
	at com.kms.katalon.core.webui.keyword.internal.WebUIKeywordMain.stepFailed(WebUIKeywordMain.groovy:64)
	at com.kms.katalon.core.webui.keyword.internal.WebUIKeywordMain$stepFailed$0.call(Unknown Source)
	at com.kms.katalon.core.webui.keyword.builtin.VerifyElementNotPresentKeyword$_verifyElementNotPresent_closure1.doCall(VerifyElementNotPresentKeyword.groovy:113)
	at com.kms.katalon.core.webui.keyword.builtin.VerifyElementNotPresentKeyword$_verifyElementNotPresent_closure1.doCall(VerifyElementNotPresentKeyword.groovy)
	at com.kms.katalon.core.webui.keyword.internal.WebUIKeywordMain.runKeyword(WebUIKeywordMain.groovy:20)
	at com.kms.katalon.core.webui.keyword.internal.WebUIKeywordMain$runKeyword.call(Unknown Source)
	at com.kms.katalon.core.webui.keyword.builtin.VerifyElementNotPresentKeyword.verifyElementNotPresent(VerifyElementNotPresentKeyword.groovy:122)
	at com.kms.katalon.core.webui.keyword.builtin.VerifyElementNotPresentKeyword.execute(VerifyElementNotPresentKeyword.groovy:68)
	at com.kms.katalon.core.keyword.internal.KeywordExecutor.executeKeywordForPlatform(KeywordExecutor.groovy:74)
	at com.kms.katalon.core.webui.keyword.WebUiBuiltInKeywords.verifyElementNotPresent(WebUiBuiltInKeywords.groovy:1497)
	at com.kms.katalon.core.webui.keyword.WebUiBuiltInKeywords$verifyElementNotPresent$14.call(Unknown Source)
	at TC-PEN-011.run(TC-PEN-011:32)
	at com.kms.katalon.core.main.ScriptEngine.run(ScriptEngine.java:194)
	at com.kms.katalon.core.main.ScriptEngine.runScriptAsRawText(ScriptEngine.java:119)
	at com.kms.katalon.core.main.TestCaseExecutor.runScript(TestCaseExecutor.java:448)
	at com.kms.katalon.core.main.TestCaseExecutor.doExecute(TestCaseExecutor.java:439)
	at com.kms.katalon.core.main.TestCaseExecutor.processExecutionPhase(TestCaseExecutor.java:418)
	at com.kms.katalon.core.main.TestCaseExecutor.accessMainPhase(TestCaseExecutor.java:410)
	at com.kms.katalon.core.main.TestCaseExecutor.execute(TestCaseExecutor.java:285)
	at com.kms.katalon.core.common.CommonExecutor.accessTestCaseMainPhase(CommonExecutor.java:65)
	at com.kms.katalon.core.main.TestSuiteExecutor.accessTestSuiteMainPhase(TestSuiteExecutor.java:148)
	at com.kms.katalon.core.main.TestSuiteExecutor.execute(TestSuiteExecutor.java:106)
	at com.kms.katalon.core.main.TestCaseMain.startTestSuite(TestCaseMain.java:187)
	at com.kms.katalon.core.main.TestCaseMain$startTestSuite$0.call(Unknown Source)
	at TempTestSuite1696497733454.run(TempTestSuite1696497733454.groovy:36)
)
[[ATTACHMENT|G:\\Project Xsis\\batch-324-qa\\Riswan\\Sprint 2 Product Tajalapak\\Reports\\20231005_162213\\Product Ecomerce\\20231005_162213\\1696498282673.png]]

2023-10-05 16:31:22 - [MESSAGE][FAILED] - Unable to verify object 'Object Repository/Product Ecommerce/Verifikasi Halaman Product Anda' is not present (Root cause: com.kms.katalon.core.exception.StepFailedException: Unable to verify object 'Object Repository/Product Ecommerce/Verifikasi Halaman Product Anda' is not present
	at com.kms.katalon.core.webui.keyword.internal.WebUIKeywordMain.stepFailed(WebUIKeywordMain.groovy:64)
	at com.kms.katalon.core.webui.keyword.internal.WebUIKeywordMain.runKeyword(WebUIKeywordMain.groovy:26)
	at com.kms.katalon.core.webui.keyword.internal.WebUIKeywordMain$runKeyword.call(Unknown Source)
	at com.kms.katalon.core.webui.keyword.builtin.VerifyElementNotPresentKeyword.verifyElementNotPresent(VerifyElementNotPresentKeyword.groovy:122)
	at com.kms.katalon.core.webui.keyword.builtin.VerifyElementNotPresentKeyword.execute(VerifyElementNotPresentKeyword.groovy:68)
	at com.kms.katalon.core.keyword.internal.KeywordExecutor.executeKeywordForPlatform(KeywordExecutor.groovy:74)
	at com.kms.katalon.core.webui.keyword.WebUiBuiltInKeywords.verifyElementNotPresent(WebUiBuiltInKeywords.groovy:1497)
	at com.kms.katalon.core.webui.keyword.WebUiBuiltInKeywords$verifyElementNotPresent$14.call(Unknown Source)
	at TC-PEN-011.run(TC-PEN-011:32)
	at com.kms.katalon.core.main.ScriptEngine.run(ScriptEngine.java:194)
	at com.kms.katalon.core.main.ScriptEngine.runScriptAsRawText(ScriptEngine.java:119)
	at com.kms.katalon.core.main.TestCaseExecutor.runScript(TestCaseExecutor.java:448)
	at com.kms.katalon.core.main.TestCaseExecutor.doExecute(TestCaseExecutor.java:439)
	at com.kms.katalon.core.main.TestCaseExecutor.processExecutionPhase(TestCaseExecutor.java:418)
	at com.kms.katalon.core.main.TestCaseExecutor.accessMainPhase(TestCaseExecutor.java:410)
	at com.kms.katalon.core.main.TestCaseExecutor.execute(TestCaseExecutor.java:285)
	at com.kms.katalon.core.common.CommonExecutor.accessTestCaseMainPhase(CommonExecutor.java:65)
	at com.kms.katalon.core.main.TestSuiteExecutor.accessTestSuiteMainPhase(TestSuiteExecutor.java:148)
	at com.kms.katalon.core.main.TestSuiteExecutor.execute(TestSuiteExecutor.java:106)
	at com.kms.katalon.core.main.TestCaseMain.startTestSuite(TestCaseMain.java:187)
	at com.kms.katalon.core.main.TestCaseMain$startTestSuite$0.call(Unknown Source)
	at TempTestSuite1696497733454.run(TempTestSuite1696497733454.groovy:36)
Caused by: com.kms.katalon.core.exception.StepFailedException: Web element with id: 'Object Repository/Product Ecommerce/Verifikasi Halaman Product Anda' located by 'By.xpath: (.//*[normalize-space(text()) and normalize-space(.)='Home'])[1]/following::li[2]' is present after '30' second(s)
	at com.kms.katalon.core.webui.keyword.internal.WebUIKeywordMain.stepFailed(WebUIKeywordMain.groovy:64)
	at com.kms.katalon.core.webui.keyword.internal.WebUIKeywordMain$stepFailed$0.call(Unknown Source)
	at com.kms.katalon.core.webui.keyword.builtin.VerifyElementNotPresentKeyword$_verifyElementNotPresent_closure1.doCall(VerifyElementNotPresentKeyword.groovy:113)
	at com.kms.katalon.core.webui.keyword.builtin.VerifyElementNotPresentKeyword$_verifyElementNotPresent_closure1.doCall(VerifyElementNotPresentKeyword.groovy)
	at com.kms.katalon.core.webui.keyword.internal.WebUIKeywordMain.runKeyword(WebUIKeywordMain.groovy:20)
	... 20 more
)
[[ATTACHMENT|G:\\Project Xsis\\batch-324-qa\\Riswan\\Sprint 2 Product Tajalapak\\Reports\\20231005_162213\\Product Ecomerce\\20231005_162213\\1696498282791.png]]]]></system-out>
         <system-err><![CDATA[2023-10-05 16:30:36 - [TEST_CASE][FAILED] - Test Cases/Product Ecommerce/TC-PEN-011: Test Cases/Product Ecommerce/TC-PEN-011 FAILED.
Reason:
com.kms.katalon.core.exception.StepFailedException: Unable to verify object 'Object Repository/Product Ecommerce/Verifikasi Halaman Product Anda' is not present
	at com.kms.katalon.core.webui.keyword.internal.WebUIKeywordMain.stepFailed(WebUIKeywordMain.groovy:64)
	at com.kms.katalon.core.webui.keyword.internal.WebUIKeywordMain.runKeyword(WebUIKeywordMain.groovy:26)
	at com.kms.katalon.core.webui.keyword.internal.WebUIKeywordMain$runKeyword.call(Unknown Source)
	at com.kms.katalon.core.webui.keyword.builtin.VerifyElementNotPresentKeyword.verifyElementNotPresent(VerifyElementNotPresentKeyword.groovy:122)
	at com.kms.katalon.core.webui.keyword.builtin.VerifyElementNotPresentKeyword.execute(VerifyElementNotPresentKeyword.groovy:68)
	at com.kms.katalon.core.keyword.internal.KeywordExecutor.executeKeywordForPlatform(KeywordExecutor.groovy:74)
	at com.kms.katalon.core.webui.keyword.WebUiBuiltInKeywords.verifyElementNotPresent(WebUiBuiltInKeywords.groovy:1497)
	at com.kms.katalon.core.webui.keyword.WebUiBuiltInKeywords$verifyElementNotPresent$14.call(Unknown Source)
	at TC-PEN-011.run(TC-PEN-011:32)
	at com.kms.katalon.core.main.ScriptEngine.run(ScriptEngine.java:194)
	at com.kms.katalon.core.main.ScriptEngine.runScriptAsRawText(ScriptEngine.java:119)
	at com.kms.katalon.core.main.TestCaseExecutor.runScript(TestCaseExecutor.java:448)
	at com.kms.katalon.core.main.TestCaseExecutor.doExecute(TestCaseExecutor.java:439)
	at com.kms.katalon.core.main.TestCaseExecutor.processExecutionPhase(TestCaseExecutor.java:418)
	at com.kms.katalon.core.main.TestCaseExecutor.accessMainPhase(TestCaseExecutor.java:410)
	at com.kms.katalon.core.main.TestCaseExecutor.execute(TestCaseExecutor.java:285)
	at com.kms.katalon.core.common.CommonExecutor.accessTestCaseMainPhase(CommonExecutor.java:65)
	at com.kms.katalon.core.main.TestSuiteExecutor.accessTestSuiteMainPhase(TestSuiteExecutor.java:148)
	at com.kms.katalon.core.main.TestSuiteExecutor.execute(TestSuiteExecutor.java:106)
	at com.kms.katalon.core.main.TestCaseMain.startTestSuite(TestCaseMain.java:187)
	at com.kms.katalon.core.main.TestCaseMain$startTestSuite$0.call(Unknown Source)
	at TempTestSuite1696497733454.run(TempTestSuite1696497733454.groovy:36)
Caused by: com.kms.katalon.core.exception.StepFailedException: Web element with id: 'Object Repository/Product Ecommerce/Verifikasi Halaman Product Anda' located by 'By.xpath: (.//*[normalize-space(text()) and normalize-space(.)='Home'])[1]/following::li[2]' is present after '30' second(s)
	at com.kms.katalon.core.webui.keyword.internal.WebUIKeywordMain.stepFailed(WebUIKeywordMain.groovy:64)
	at com.kms.katalon.core.webui.keyword.internal.WebUIKeywordMain$stepFailed$0.call(Unknown Source)
	at com.kms.katalon.core.webui.keyword.builtin.VerifyElementNotPresentKeyword$_verifyElementNotPresent_closure1.doCall(VerifyElementNotPresentKeyword.groovy:113)
	at com.kms.katalon.core.webui.keyword.builtin.VerifyElementNotPresentKeyword$_verifyElementNotPresent_closure1.doCall(VerifyElementNotPresentKeyword.groovy)
	at com.kms.katalon.core.webui.keyword.internal.WebUIKeywordMain.runKeyword(WebUIKeywordMain.groovy:20)
	... 20 more]]></system-err>
      </testcase>
      <testcase name="Test Cases/Product Ecommerce/TC-PEN-012" time="17.366" classname="Test Cases/Product Ecommerce/TC-PEN-012" status="FAILED">
         <failure type="FAILED" message="Test Cases/Product Ecommerce/TC-PEN-012 FAILED.
Reason:
Assertion failed: 

assert accept_button_message == &quot;Please fill out this field.&quot;
       |                     |
       &quot;&quot;                    false

	at TC-PEN-012.run(TC-PEN-012:51)
	at com.kms.katalon.core.main.ScriptEngine.run(ScriptEngine.java:194)
	at com.kms.katalon.core.main.ScriptEngine.runScriptAsRawText(ScriptEngine.java:119)
	at com.kms.katalon.core.main.TestCaseExecutor.runScript(TestCaseExecutor.java:448)
	at com.kms.katalon.core.main.TestCaseExecutor.doExecute(TestCaseExecutor.java:439)
	at com.kms.katalon.core.main.TestCaseExecutor.processExecutionPhase(TestCaseExecutor.java:418)
	at com.kms.katalon.core.main.TestCaseExecutor.accessMainPhase(TestCaseExecutor.java:410)
	at com.kms.katalon.core.main.TestCaseExecutor.execute(TestCaseExecutor.java:285)
	at com.kms.katalon.core.common.CommonExecutor.accessTestCaseMainPhase(CommonExecutor.java:65)
	at com.kms.katalon.core.main.TestSuiteExecutor.accessTestSuiteMainPhase(TestSuiteExecutor.java:148)
	at com.kms.katalon.core.main.TestSuiteExecutor.execute(TestSuiteExecutor.java:106)
	at com.kms.katalon.core.main.TestCaseMain.startTestSuite(TestCaseMain.java:187)
	at com.kms.katalon.core.main.TestCaseMain$startTestSuite$0.call(Unknown Source)
	at TempTestSuite1696497733454.run(TempTestSuite1696497733454.groovy:36)
"/>
         <system-out><![CDATA[2023-10-05 16:31:22 - [TEST_CASE][FAILED] - Test Cases/Product Ecommerce/TC-PEN-012: Test Cases/Product Ecommerce/TC-PEN-012 FAILED.
Reason:
Assertion failed: 

assert accept_button_message == "Please fill out this field."
       |                     |
       ""                    false

	at TC-PEN-012.run(TC-PEN-012:51)
	at com.kms.katalon.core.main.ScriptEngine.run(ScriptEngine.java:194)
	at com.kms.katalon.core.main.ScriptEngine.runScriptAsRawText(ScriptEngine.java:119)
	at com.kms.katalon.core.main.TestCaseExecutor.runScript(TestCaseExecutor.java:448)
	at com.kms.katalon.core.main.TestCaseExecutor.doExecute(TestCaseExecutor.java:439)
	at com.kms.katalon.core.main.TestCaseExecutor.processExecutionPhase(TestCaseExecutor.java:418)
	at com.kms.katalon.core.main.TestCaseExecutor.accessMainPhase(TestCaseExecutor.java:410)
	at com.kms.katalon.core.main.TestCaseExecutor.execute(TestCaseExecutor.java:285)
	at com.kms.katalon.core.common.CommonExecutor.accessTestCaseMainPhase(CommonExecutor.java:65)
	at com.kms.katalon.core.main.TestSuiteExecutor.accessTestSuiteMainPhase(TestSuiteExecutor.java:148)
	at com.kms.katalon.core.main.TestSuiteExecutor.execute(TestSuiteExecutor.java:106)
	at com.kms.katalon.core.main.TestCaseMain.startTestSuite(TestCaseMain.java:187)
	at com.kms.katalon.core.main.TestCaseMain$startTestSuite$0.call(Unknown Source)
	at TempTestSuite1696497733454.run(TempTestSuite1696497733454.groovy:36)


2023-10-05 16:31:23 - [TEST_STEP][PASSED] - callTestCase(findTestCase("Product Ecommerce/TC-PE-001"), [:], STOP_ON_FAILURE): Call Test Case 'Test Cases/Product Ecommerce/TC-PE-001' successfully

2023-10-05 16:31:23 - [TEST_CASE][PASSED] - Test Cases/Product Ecommerce/TC-PE-001: Test Cases/Product Ecommerce/TC-PE-001

2023-10-05 16:31:23 - [TEST_STEP][PASSED] - callTestCase(findTestCase("Login Ecommerce/TC-Login Ecomerce-001"), [:], STOP_ON_FAILURE): Call Test Case 'Test Cases/Login Ecommerce/TC-Login Ecomerce-001' successfully

2023-10-05 16:31:23 - [TEST_CASE][PASSED] - Test Cases/Login Ecommerce/TC-Login Ecomerce-001: Test Cases/Login Ecommerce/TC-Login Ecomerce-001

2023-10-05 16:31:23 - [TEST_STEP][PASSED] - openBrowser(userTajalapak): Browser is opened with url: 'https://10.9.2.63/ecommerce/'

2023-10-05 16:31:23 - [MESSAGE][WARNING] - A browser is already opened. Closing browser and opening a new one

2023-10-05 16:31:24 - [MESSAGE][INFO] - Starting 'Edge Chromium' driver

2023-10-05 16:31:24 - [MESSAGE][INFO] - User set preference: ['acceptInsecureCerts', 'true']

2023-10-05 16:31:26 - [MESSAGE][INFO] - Action delay is set to 0 milliseconds

2023-10-05 16:31:30 - [MESSAGE][PASSED] - Browser is opened with url: 'https://10.9.2.63/ecommerce/'

2023-10-05 16:31:30 - [TEST_STEP][PASSED] - maximizeWindow(): Current window maximized

2023-10-05 16:31:30 - [MESSAGE][PASSED] - Current window maximized

2023-10-05 16:31:30 - [TEST_STEP][PASSED] - verifyElementPresent(findTestObject("Login Ecommerce/Verifikasi Halaman Login Akun"), 0): Object 'Object Repository/Login Ecommerce/Verifikasi Halaman Login Akun' is present

2023-10-05 16:31:30 - [MESSAGE][WARNING] - Timeout '0' is invalid. Using default page load timeout: '30'

2023-10-05 16:31:30 - [MESSAGE][PASSED] - Object 'Object Repository/Login Ecommerce/Verifikasi Halaman Login Akun' is present

2023-10-05 16:31:30 - [TEST_STEP][PASSED] - click(findTestObject("Login Ecommerce/Login Akun")): Object: 'Object Repository/Login Ecommerce/Login Akun' is clicked on

2023-10-05 16:31:31 - [MESSAGE][PASSED] - Object: 'Object Repository/Login Ecommerce/Login Akun' is clicked on

2023-10-05 16:31:31 - [TEST_STEP][PASSED] - verifyElementPresent(findTestObject("Login Ecommerce/Verifikasi Halaman Login Akun"), 0): Object 'Object Repository/Login Ecommerce/Verifikasi Halaman Login Akun' is present

2023-10-05 16:31:31 - [MESSAGE][WARNING] - Timeout '0' is invalid. Using default page load timeout: '30'

2023-10-05 16:31:31 - [MESSAGE][PASSED] - Object 'Object Repository/Login Ecommerce/Verifikasi Halaman Login Akun' is present

2023-10-05 16:31:31 - [TEST_STEP][PASSED] - setText(findTestObject("Login Ecommerce/Input Username"), "riswandha"): Text 'riswandha' is set on object 'Object Repository/Login Ecommerce/Input Username'

2023-10-05 16:31:32 - [MESSAGE][PASSED] - Text 'riswandha' is set on object 'Object Repository/Login Ecommerce/Input Username'

2023-10-05 16:31:32 - [TEST_STEP][PASSED] - setEncryptedText(findTestObject("Login Ecommerce/Input Password"), "iGDxf8hSRT4="): Text ****** has been set on object 'Object Repository/Login Ecommerce/Input Password'

2023-10-05 16:31:33 - [MESSAGE][PASSED] - Text ****** has been set on object 'Object Repository/Login Ecommerce/Input Password'

2023-10-05 16:31:33 - [TEST_STEP][PASSED] - click(findTestObject("Login Ecommerce/Button Masuk")): Object: 'Object Repository/Login Ecommerce/Button Masuk' is clicked on

2023-10-05 16:31:34 - [MESSAGE][PASSED] - Object: 'Object Repository/Login Ecommerce/Button Masuk' is clicked on

2023-10-05 16:31:34 - [TEST_STEP][PASSED] - verifyElementPresent(findTestObject("Login Ecommerce/Verifikasi Login Akun"), 0): Object 'Object Repository/Login Ecommerce/Verifikasi Login Akun' is present

2023-10-05 16:31:34 - [MESSAGE][WARNING] - Timeout '0' is invalid. Using default page load timeout: '30'

2023-10-05 16:31:34 - [MESSAGE][PASSED] - Object 'Object Repository/Login Ecommerce/Verifikasi Login Akun' is present

2023-10-05 16:31:34 - [MESSAGE][PASSED] - Call Test Case 'Test Cases/Login Ecommerce/TC-Login Ecomerce-001' successfully

2023-10-05 16:31:34 - [TEST_STEP][PASSED] - mouseOver(findTestObject("Product Ecommerce/Button Menu toko")): Object: 'Object Repository/Product Ecommerce/Button Menu toko' is hovered

2023-10-05 16:31:35 - [MESSAGE][PASSED] - Object: 'Object Repository/Product Ecommerce/Button Menu toko' is hovered

2023-10-05 16:31:35 - [TEST_STEP][PASSED] - click(findTestObject("Product Ecommerce/Button Daftar Produk")): Object: 'Object Repository/Product Ecommerce/Button Daftar Produk' is clicked on

2023-10-05 16:31:36 - [MESSAGE][PASSED] - Object: 'Object Repository/Product Ecommerce/Button Daftar Produk' is clicked on

2023-10-05 16:31:36 - [TEST_STEP][PASSED] - verifyElementPresent(findTestObject("Product Ecommerce/Verifikasi Halaman Product Anda"), 0): Object 'Object Repository/Product Ecommerce/Verifikasi Halaman Product Anda' is present

2023-10-05 16:31:36 - [MESSAGE][WARNING] - Timeout '0' is invalid. Using default page load timeout: '30'

2023-10-05 16:31:36 - [MESSAGE][PASSED] - Object 'Object Repository/Product Ecommerce/Verifikasi Halaman Product Anda' is present

2023-10-05 16:31:36 - [MESSAGE][PASSED] - Call Test Case 'Test Cases/Product Ecommerce/TC-PE-001' successfully

2023-10-05 16:31:36 - [TEST_STEP][PASSED] - mouseOver(findTestObject("Product Ecommerce/Image Gambar produk 1")): Object: 'Object Repository/Product Ecommerce/Image Gambar produk 1' is hovered

2023-10-05 16:31:37 - [MESSAGE][PASSED] - Object: 'Object Repository/Product Ecommerce/Image Gambar produk 1' is hovered

2023-10-05 16:31:37 - [TEST_STEP][PASSED] - click(findTestObject("Product Ecommerce/Tambahkan Product/Edit Data")): Object: 'Object Repository/Product Ecommerce/Tambahkan Product/Edit Data' is clicked on

2023-10-05 16:31:37 - [MESSAGE][PASSED] - Object: 'Object Repository/Product Ecommerce/Tambahkan Product/Edit Data' is clicked on

2023-10-05 16:31:37 - [TEST_STEP][PASSED] - verifyElementPresent(findTestObject("Product Ecommerce/Tambahkan Product/Button Update Data"), 0): Object 'Object Repository/Product Ecommerce/Tambahkan Product/Button Update Data' is present

2023-10-05 16:31:38 - [MESSAGE][WARNING] - Timeout '0' is invalid. Using default page load timeout: '30'

2023-10-05 16:31:38 - [MESSAGE][PASSED] - Object 'Object Repository/Product Ecommerce/Tambahkan Product/Button Update Data' is present

2023-10-05 16:31:38 - [TEST_STEP][PASSED] - click(findTestObject("Product Ecommerce/Kupon/Button Buat Product")): Object: 'Object Repository/Product Ecommerce/Kupon/Button Buat Product' is clicked on

2023-10-05 16:31:38 - [MESSAGE][PASSED] - Object: 'Object Repository/Product Ecommerce/Kupon/Button Buat Product' is clicked on

2023-10-05 16:31:38 - [TEST_STEP][PASSED] - verifyElementPresent(findTestObject("Product Ecommerce/Kupon/Verifikasi Halaman Voucher Product"), 0): Object 'Object Repository/Product Ecommerce/Kupon/Verifikasi Halaman Voucher Product' is present

2023-10-05 16:31:38 - [MESSAGE][WARNING] - Timeout '0' is invalid. Using default page load timeout: '30'

2023-10-05 16:31:39 - [MESSAGE][PASSED] - Object 'Object Repository/Product Ecommerce/Kupon/Verifikasi Halaman Voucher Product' is present

2023-10-05 16:31:39 - [TEST_STEP][PASSED] - click(findTestObject("Product Ecommerce/Kupon/Button Simpan")): Object: 'Object Repository/Product Ecommerce/Kupon/Button Simpan' is clicked on

2023-10-05 16:31:39 - [MESSAGE][PASSED] - Object: 'Object Repository/Product Ecommerce/Kupon/Button Simpan' is clicked on

2023-10-05 16:31:39 - [TEST_STEP][PASSED] - driver = getWebDriver(): null

2023-10-05 16:31:39 - [TEST_STEP][PASSED] - field_username_element = driver.findElement(By.xpath("//input[@id="kode_kupon"]")): null

2023-10-05 16:31:40 - [TEST_STEP][PASSED] - accept_button_message = driver.executeScript("return arguments[0].validationMessage", field_username_element): null

2023-10-05 16:31:40 - [TEST_STEP][PASSED] - println(accept_button_message): null

2023-10-05 16:31:40 - [TEST_STEP][FAILED] - assert accept_button_message == "Please fill out this field.": Test Cases/Product Ecommerce/TC-PEN-012 FAILED.
Reason:
Assertion failed: 

assert accept_button_message == "Please fill out this field."
       |                     |
       ""                    false

	at TC-PEN-012.run(TC-PEN-012:51)
	at com.kms.katalon.core.main.ScriptEngine.run(ScriptEngine.java:194)
	at com.kms.katalon.core.main.ScriptEngine.runScriptAsRawText(ScriptEngine.java:119)
	at com.kms.katalon.core.main.TestCaseExecutor.runScript(TestCaseExecutor.java:448)
	at com.kms.katalon.core.main.TestCaseExecutor.doExecute(TestCaseExecutor.java:439)
	at com.kms.katalon.core.main.TestCaseExecutor.processExecutionPhase(TestCaseExecutor.java:418)
	at com.kms.katalon.core.main.TestCaseExecutor.accessMainPhase(TestCaseExecutor.java:410)
	at com.kms.katalon.core.main.TestCaseExecutor.execute(TestCaseExecutor.java:285)
	at com.kms.katalon.core.common.CommonExecutor.accessTestCaseMainPhase(CommonExecutor.java:65)
	at com.kms.katalon.core.main.TestSuiteExecutor.accessTestSuiteMainPhase(TestSuiteExecutor.java:148)
	at com.kms.katalon.core.main.TestSuiteExecutor.execute(TestSuiteExecutor.java:106)
	at com.kms.katalon.core.main.TestCaseMain.startTestSuite(TestCaseMain.java:187)
	at com.kms.katalon.core.main.TestCaseMain$startTestSuite$0.call(Unknown Source)
	at TempTestSuite1696497733454.run(TempTestSuite1696497733454.groovy:36)


2023-10-05 16:31:40 - [MESSAGE][FAILED] - Test Cases/Product Ecommerce/TC-PEN-012 FAILED.
Reason:
Assertion failed: 

assert accept_button_message == "Please fill out this field."
       |                     |
       ""                    false

	at TC-PEN-012.run(TC-PEN-012:51)
	at com.kms.katalon.core.main.ScriptEngine.run(ScriptEngine.java:194)
	at com.kms.katalon.core.main.ScriptEngine.runScriptAsRawText(ScriptEngine.java:119)
	at com.kms.katalon.core.main.TestCaseExecutor.runScript(TestCaseExecutor.java:448)
	at com.kms.katalon.core.main.TestCaseExecutor.doExecute(TestCaseExecutor.java:439)
	at com.kms.katalon.core.main.TestCaseExecutor.processExecutionPhase(TestCaseExecutor.java:418)
	at com.kms.katalon.core.main.TestCaseExecutor.accessMainPhase(TestCaseExecutor.java:410)
	at com.kms.katalon.core.main.TestCaseExecutor.execute(TestCaseExecutor.java:285)
	at com.kms.katalon.core.common.CommonExecutor.accessTestCaseMainPhase(CommonExecutor.java:65)
	at com.kms.katalon.core.main.TestSuiteExecutor.accessTestSuiteMainPhase(TestSuiteExecutor.java:148)
	at com.kms.katalon.core.main.TestSuiteExecutor.execute(TestSuiteExecutor.java:106)
	at com.kms.katalon.core.main.TestCaseMain.startTestSuite(TestCaseMain.java:187)
	at com.kms.katalon.core.main.TestCaseMain$startTestSuite$0.call(Unknown Source)
	at TempTestSuite1696497733454.run(TempTestSuite1696497733454.groovy:36)]]></system-out>
         <system-err><![CDATA[2023-10-05 16:31:22 - [TEST_CASE][FAILED] - Test Cases/Product Ecommerce/TC-PEN-012: Test Cases/Product Ecommerce/TC-PEN-012 FAILED.
Reason:
Assertion failed: 

assert accept_button_message == "Please fill out this field."
       |                     |
       ""                    false

	at TC-PEN-012.run(TC-PEN-012:51)
	at com.kms.katalon.core.main.ScriptEngine.run(ScriptEngine.java:194)
	at com.kms.katalon.core.main.ScriptEngine.runScriptAsRawText(ScriptEngine.java:119)
	at com.kms.katalon.core.main.TestCaseExecutor.runScript(TestCaseExecutor.java:448)
	at com.kms.katalon.core.main.TestCaseExecutor.doExecute(TestCaseExecutor.java:439)
	at com.kms.katalon.core.main.TestCaseExecutor.processExecutionPhase(TestCaseExecutor.java:418)
	at com.kms.katalon.core.main.TestCaseExecutor.accessMainPhase(TestCaseExecutor.java:410)
	at com.kms.katalon.core.main.TestCaseExecutor.execute(TestCaseExecutor.java:285)
	at com.kms.katalon.core.common.CommonExecutor.accessTestCaseMainPhase(CommonExecutor.java:65)
	at com.kms.katalon.core.main.TestSuiteExecutor.accessTestSuiteMainPhase(TestSuiteExecutor.java:148)
	at com.kms.katalon.core.main.TestSuiteExecutor.execute(TestSuiteExecutor.java:106)
	at com.kms.katalon.core.main.TestCaseMain.startTestSuite(TestCaseMain.java:187)
	at com.kms.katalon.core.main.TestCaseMain$startTestSuite$0.call(Unknown Source)
	at TempTestSuite1696497733454.run(TempTestSuite1696497733454.groovy:36)]]></system-err>
      </testcase>
      <testcase name="Test Cases/Product Ecommerce/TC-PEN-013" time="18.506" classname="Test Cases/Product Ecommerce/TC-PEN-013" status="FAILED">
         <failure type="FAILED" message="Test Cases/Product Ecommerce/TC-PEN-013 FAILED.
Reason:
Assertion failed: 

assert accept_button_message == &quot;Code Name Is not valid&quot;
       |                     |
       &quot;&quot;                    false

	at TC-PEN-013.run(TC-PEN-013:56)
	at com.kms.katalon.core.main.ScriptEngine.run(ScriptEngine.java:194)
	at com.kms.katalon.core.main.ScriptEngine.runScriptAsRawText(ScriptEngine.java:119)
	at com.kms.katalon.core.main.TestCaseExecutor.runScript(TestCaseExecutor.java:448)
	at com.kms.katalon.core.main.TestCaseExecutor.doExecute(TestCaseExecutor.java:439)
	at com.kms.katalon.core.main.TestCaseExecutor.processExecutionPhase(TestCaseExecutor.java:418)
	at com.kms.katalon.core.main.TestCaseExecutor.accessMainPhase(TestCaseExecutor.java:410)
	at com.kms.katalon.core.main.TestCaseExecutor.execute(TestCaseExecutor.java:285)
	at com.kms.katalon.core.common.CommonExecutor.accessTestCaseMainPhase(CommonExecutor.java:65)
	at com.kms.katalon.core.main.TestSuiteExecutor.accessTestSuiteMainPhase(TestSuiteExecutor.java:148)
	at com.kms.katalon.core.main.TestSuiteExecutor.execute(TestSuiteExecutor.java:106)
	at com.kms.katalon.core.main.TestCaseMain.startTestSuite(TestCaseMain.java:187)
	at com.kms.katalon.core.main.TestCaseMain$startTestSuite$0.call(Unknown Source)
	at TempTestSuite1696497733454.run(TempTestSuite1696497733454.groovy:36)
"/>
         <system-out><![CDATA[2023-10-05 16:31:40 - [TEST_CASE][FAILED] - Test Cases/Product Ecommerce/TC-PEN-013: Test Cases/Product Ecommerce/TC-PEN-013 FAILED.
Reason:
Assertion failed: 

assert accept_button_message == "Code Name Is not valid"
       |                     |
       ""                    false

	at TC-PEN-013.run(TC-PEN-013:56)
	at com.kms.katalon.core.main.ScriptEngine.run(ScriptEngine.java:194)
	at com.kms.katalon.core.main.ScriptEngine.runScriptAsRawText(ScriptEngine.java:119)
	at com.kms.katalon.core.main.TestCaseExecutor.runScript(TestCaseExecutor.java:448)
	at com.kms.katalon.core.main.TestCaseExecutor.doExecute(TestCaseExecutor.java:439)
	at com.kms.katalon.core.main.TestCaseExecutor.processExecutionPhase(TestCaseExecutor.java:418)
	at com.kms.katalon.core.main.TestCaseExecutor.accessMainPhase(TestCaseExecutor.java:410)
	at com.kms.katalon.core.main.TestCaseExecutor.execute(TestCaseExecutor.java:285)
	at com.kms.katalon.core.common.CommonExecutor.accessTestCaseMainPhase(CommonExecutor.java:65)
	at com.kms.katalon.core.main.TestSuiteExecutor.accessTestSuiteMainPhase(TestSuiteExecutor.java:148)
	at com.kms.katalon.core.main.TestSuiteExecutor.execute(TestSuiteExecutor.java:106)
	at com.kms.katalon.core.main.TestCaseMain.startTestSuite(TestCaseMain.java:187)
	at com.kms.katalon.core.main.TestCaseMain$startTestSuite$0.call(Unknown Source)
	at TempTestSuite1696497733454.run(TempTestSuite1696497733454.groovy:36)


2023-10-05 16:31:40 - [TEST_STEP][PASSED] - callTestCase(findTestCase("Product Ecommerce/TC-PE-001"), [:], STOP_ON_FAILURE): Call Test Case 'Test Cases/Product Ecommerce/TC-PE-001' successfully

2023-10-05 16:31:40 - [TEST_CASE][PASSED] - Test Cases/Product Ecommerce/TC-PE-001: Test Cases/Product Ecommerce/TC-PE-001

2023-10-05 16:31:40 - [TEST_STEP][PASSED] - callTestCase(findTestCase("Login Ecommerce/TC-Login Ecomerce-001"), [:], STOP_ON_FAILURE): Call Test Case 'Test Cases/Login Ecommerce/TC-Login Ecomerce-001' successfully

2023-10-05 16:31:40 - [TEST_CASE][PASSED] - Test Cases/Login Ecommerce/TC-Login Ecomerce-001: Test Cases/Login Ecommerce/TC-Login Ecomerce-001

2023-10-05 16:31:40 - [TEST_STEP][PASSED] - openBrowser(userTajalapak): Browser is opened with url: 'https://10.9.2.63/ecommerce/'

2023-10-05 16:31:40 - [MESSAGE][WARNING] - A browser is already opened. Closing browser and opening a new one

2023-10-05 16:31:41 - [MESSAGE][INFO] - Starting 'Edge Chromium' driver

2023-10-05 16:31:41 - [MESSAGE][INFO] - User set preference: ['acceptInsecureCerts', 'true']

2023-10-05 16:31:43 - [MESSAGE][INFO] - Action delay is set to 0 milliseconds

2023-10-05 16:31:46 - [MESSAGE][PASSED] - Browser is opened with url: 'https://10.9.2.63/ecommerce/'

2023-10-05 16:31:46 - [TEST_STEP][PASSED] - maximizeWindow(): Current window maximized

2023-10-05 16:31:47 - [MESSAGE][PASSED] - Current window maximized

2023-10-05 16:31:47 - [TEST_STEP][PASSED] - verifyElementPresent(findTestObject("Login Ecommerce/Verifikasi Halaman Login Akun"), 0): Object 'Object Repository/Login Ecommerce/Verifikasi Halaman Login Akun' is present

2023-10-05 16:31:47 - [MESSAGE][WARNING] - Timeout '0' is invalid. Using default page load timeout: '30'

2023-10-05 16:31:47 - [MESSAGE][PASSED] - Object 'Object Repository/Login Ecommerce/Verifikasi Halaman Login Akun' is present

2023-10-05 16:31:47 - [TEST_STEP][PASSED] - click(findTestObject("Login Ecommerce/Login Akun")): Object: 'Object Repository/Login Ecommerce/Login Akun' is clicked on

2023-10-05 16:31:48 - [MESSAGE][PASSED] - Object: 'Object Repository/Login Ecommerce/Login Akun' is clicked on

2023-10-05 16:31:48 - [TEST_STEP][PASSED] - verifyElementPresent(findTestObject("Login Ecommerce/Verifikasi Halaman Login Akun"), 0): Object 'Object Repository/Login Ecommerce/Verifikasi Halaman Login Akun' is present

2023-10-05 16:31:48 - [MESSAGE][WARNING] - Timeout '0' is invalid. Using default page load timeout: '30'

2023-10-05 16:31:48 - [MESSAGE][PASSED] - Object 'Object Repository/Login Ecommerce/Verifikasi Halaman Login Akun' is present

2023-10-05 16:31:48 - [TEST_STEP][PASSED] - setText(findTestObject("Login Ecommerce/Input Username"), "riswandha"): Text 'riswandha' is set on object 'Object Repository/Login Ecommerce/Input Username'

2023-10-05 16:31:49 - [MESSAGE][PASSED] - Text 'riswandha' is set on object 'Object Repository/Login Ecommerce/Input Username'

2023-10-05 16:31:49 - [TEST_STEP][PASSED] - setEncryptedText(findTestObject("Login Ecommerce/Input Password"), "iGDxf8hSRT4="): Text ****** has been set on object 'Object Repository/Login Ecommerce/Input Password'

2023-10-05 16:31:50 - [MESSAGE][PASSED] - Text ****** has been set on object 'Object Repository/Login Ecommerce/Input Password'

2023-10-05 16:31:50 - [TEST_STEP][PASSED] - click(findTestObject("Login Ecommerce/Button Masuk")): Object: 'Object Repository/Login Ecommerce/Button Masuk' is clicked on

2023-10-05 16:31:51 - [MESSAGE][PASSED] - Object: 'Object Repository/Login Ecommerce/Button Masuk' is clicked on

2023-10-05 16:31:51 - [TEST_STEP][PASSED] - verifyElementPresent(findTestObject("Login Ecommerce/Verifikasi Login Akun"), 0): Object 'Object Repository/Login Ecommerce/Verifikasi Login Akun' is present

2023-10-05 16:31:51 - [MESSAGE][WARNING] - Timeout '0' is invalid. Using default page load timeout: '30'

2023-10-05 16:31:51 - [MESSAGE][PASSED] - Object 'Object Repository/Login Ecommerce/Verifikasi Login Akun' is present

2023-10-05 16:31:51 - [MESSAGE][PASSED] - Call Test Case 'Test Cases/Login Ecommerce/TC-Login Ecomerce-001' successfully

2023-10-05 16:31:51 - [TEST_STEP][PASSED] - mouseOver(findTestObject("Product Ecommerce/Button Menu toko")): Object: 'Object Repository/Product Ecommerce/Button Menu toko' is hovered

2023-10-05 16:31:52 - [MESSAGE][PASSED] - Object: 'Object Repository/Product Ecommerce/Button Menu toko' is hovered

2023-10-05 16:31:52 - [TEST_STEP][PASSED] - click(findTestObject("Product Ecommerce/Button Daftar Produk")): Object: 'Object Repository/Product Ecommerce/Button Daftar Produk' is clicked on

2023-10-05 16:31:52 - [MESSAGE][PASSED] - Object: 'Object Repository/Product Ecommerce/Button Daftar Produk' is clicked on

2023-10-05 16:31:52 - [TEST_STEP][PASSED] - verifyElementPresent(findTestObject("Product Ecommerce/Verifikasi Halaman Product Anda"), 0): Object 'Object Repository/Product Ecommerce/Verifikasi Halaman Product Anda' is present

2023-10-05 16:31:52 - [MESSAGE][WARNING] - Timeout '0' is invalid. Using default page load timeout: '30'

2023-10-05 16:31:53 - [MESSAGE][PASSED] - Object 'Object Repository/Product Ecommerce/Verifikasi Halaman Product Anda' is present

2023-10-05 16:31:53 - [MESSAGE][PASSED] - Call Test Case 'Test Cases/Product Ecommerce/TC-PE-001' successfully

2023-10-05 16:31:53 - [TEST_STEP][PASSED] - mouseOver(findTestObject("Product Ecommerce/Image Gambar produk 1")): Object: 'Object Repository/Product Ecommerce/Image Gambar produk 1' is hovered

2023-10-05 16:31:53 - [MESSAGE][PASSED] - Object: 'Object Repository/Product Ecommerce/Image Gambar produk 1' is hovered

2023-10-05 16:31:53 - [TEST_STEP][PASSED] - click(findTestObject("Product Ecommerce/Tambahkan Product/Edit Data")): Object: 'Object Repository/Product Ecommerce/Tambahkan Product/Edit Data' is clicked on

2023-10-05 16:31:54 - [MESSAGE][PASSED] - Object: 'Object Repository/Product Ecommerce/Tambahkan Product/Edit Data' is clicked on

2023-10-05 16:31:54 - [TEST_STEP][PASSED] - verifyElementPresent(findTestObject("Product Ecommerce/Tambahkan Product/Button Update Data"), 0): Object 'Object Repository/Product Ecommerce/Tambahkan Product/Button Update Data' is present

2023-10-05 16:31:54 - [MESSAGE][WARNING] - Timeout '0' is invalid. Using default page load timeout: '30'

2023-10-05 16:31:55 - [MESSAGE][PASSED] - Object 'Object Repository/Product Ecommerce/Tambahkan Product/Button Update Data' is present

2023-10-05 16:31:55 - [TEST_STEP][PASSED] - click(findTestObject("Product Ecommerce/Kupon/Button Buat Product")): Object: 'Object Repository/Product Ecommerce/Kupon/Button Buat Product' is clicked on

2023-10-05 16:31:55 - [MESSAGE][PASSED] - Object: 'Object Repository/Product Ecommerce/Kupon/Button Buat Product' is clicked on

2023-10-05 16:31:55 - [TEST_STEP][PASSED] - verifyElementPresent(findTestObject("Product Ecommerce/Kupon/Verifikasi Halaman Voucher Product"), 0): Object 'Object Repository/Product Ecommerce/Kupon/Verifikasi Halaman Voucher Product' is present

2023-10-05 16:31:55 - [MESSAGE][WARNING] - Timeout '0' is invalid. Using default page load timeout: '30'

2023-10-05 16:31:56 - [MESSAGE][PASSED] - Object 'Object Repository/Product Ecommerce/Kupon/Verifikasi Halaman Voucher Product' is present

2023-10-05 16:31:56 - [TEST_STEP][PASSED] - click(findTestObject("Product Ecommerce/Kupon/Button Edit Voucher")): Object: 'Object Repository/Product Ecommerce/Kupon/Button Edit Voucher' is clicked on

2023-10-05 16:31:56 - [MESSAGE][PASSED] - Object: 'Object Repository/Product Ecommerce/Kupon/Button Edit Voucher' is clicked on

2023-10-05 16:31:56 - [TEST_STEP][PASSED] - setText(findTestObject("Product Ecommerce/Kupon/Input Kode Kupon"), "~!@#$%^&*()"): Text '~!@#$%^&*()' is set on object 'Object Repository/Product Ecommerce/Kupon/Input Kode Kupon'

2023-10-05 16:31:57 - [MESSAGE][PASSED] - Text '~!@#$%^&*()' is set on object 'Object Repository/Product Ecommerce/Kupon/Input Kode Kupon'

2023-10-05 16:31:57 - [TEST_STEP][PASSED] - click(findTestObject("Product Ecommerce/Kupon/Button Simpan")): Object: 'Object Repository/Product Ecommerce/Kupon/Button Simpan' is clicked on

2023-10-05 16:31:57 - [MESSAGE][PASSED] - Object: 'Object Repository/Product Ecommerce/Kupon/Button Simpan' is clicked on

2023-10-05 16:31:57 - [TEST_STEP][PASSED] - driver = getWebDriver(): null

2023-10-05 16:31:57 - [TEST_STEP][PASSED] - field_username_element = driver.findElement(By.xpath("//input[@id="kode_kupon"]")): null

2023-10-05 16:31:58 - [TEST_STEP][PASSED] - accept_button_message = driver.executeScript("return arguments[0].validationMessage", field_username_element): null

2023-10-05 16:31:58 - [TEST_STEP][PASSED] - println(accept_button_message): null

2023-10-05 16:31:58 - [TEST_STEP][FAILED] - assert accept_button_message == "Code Name Is not valid": Test Cases/Product Ecommerce/TC-PEN-013 FAILED.
Reason:
Assertion failed: 

assert accept_button_message == "Code Name Is not valid"
       |                     |
       ""                    false

	at TC-PEN-013.run(TC-PEN-013:56)
	at com.kms.katalon.core.main.ScriptEngine.run(ScriptEngine.java:194)
	at com.kms.katalon.core.main.ScriptEngine.runScriptAsRawText(ScriptEngine.java:119)
	at com.kms.katalon.core.main.TestCaseExecutor.runScript(TestCaseExecutor.java:448)
	at com.kms.katalon.core.main.TestCaseExecutor.doExecute(TestCaseExecutor.java:439)
	at com.kms.katalon.core.main.TestCaseExecutor.processExecutionPhase(TestCaseExecutor.java:418)
	at com.kms.katalon.core.main.TestCaseExecutor.accessMainPhase(TestCaseExecutor.java:410)
	at com.kms.katalon.core.main.TestCaseExecutor.execute(TestCaseExecutor.java:285)
	at com.kms.katalon.core.common.CommonExecutor.accessTestCaseMainPhase(CommonExecutor.java:65)
	at com.kms.katalon.core.main.TestSuiteExecutor.accessTestSuiteMainPhase(TestSuiteExecutor.java:148)
	at com.kms.katalon.core.main.TestSuiteExecutor.execute(TestSuiteExecutor.java:106)
	at com.kms.katalon.core.main.TestCaseMain.startTestSuite(TestCaseMain.java:187)
	at com.kms.katalon.core.main.TestCaseMain$startTestSuite$0.call(Unknown Source)
	at TempTestSuite1696497733454.run(TempTestSuite1696497733454.groovy:36)


2023-10-05 16:31:58 - [MESSAGE][FAILED] - Test Cases/Product Ecommerce/TC-PEN-013 FAILED.
Reason:
Assertion failed: 

assert accept_button_message == "Code Name Is not valid"
       |                     |
       ""                    false

	at TC-PEN-013.run(TC-PEN-013:56)
	at com.kms.katalon.core.main.ScriptEngine.run(ScriptEngine.java:194)
	at com.kms.katalon.core.main.ScriptEngine.runScriptAsRawText(ScriptEngine.java:119)
	at com.kms.katalon.core.main.TestCaseExecutor.runScript(TestCaseExecutor.java:448)
	at com.kms.katalon.core.main.TestCaseExecutor.doExecute(TestCaseExecutor.java:439)
	at com.kms.katalon.core.main.TestCaseExecutor.processExecutionPhase(TestCaseExecutor.java:418)
	at com.kms.katalon.core.main.TestCaseExecutor.accessMainPhase(TestCaseExecutor.java:410)
	at com.kms.katalon.core.main.TestCaseExecutor.execute(TestCaseExecutor.java:285)
	at com.kms.katalon.core.common.CommonExecutor.accessTestCaseMainPhase(CommonExecutor.java:65)
	at com.kms.katalon.core.main.TestSuiteExecutor.accessTestSuiteMainPhase(TestSuiteExecutor.java:148)
	at com.kms.katalon.core.main.TestSuiteExecutor.execute(TestSuiteExecutor.java:106)
	at com.kms.katalon.core.main.TestCaseMain.startTestSuite(TestCaseMain.java:187)
	at com.kms.katalon.core.main.TestCaseMain$startTestSuite$0.call(Unknown Source)
	at TempTestSuite1696497733454.run(TempTestSuite1696497733454.groovy:36)]]></system-out>
         <system-err><![CDATA[2023-10-05 16:31:40 - [TEST_CASE][FAILED] - Test Cases/Product Ecommerce/TC-PEN-013: Test Cases/Product Ecommerce/TC-PEN-013 FAILED.
Reason:
Assertion failed: 

assert accept_button_message == "Code Name Is not valid"
       |                     |
       ""                    false

	at TC-PEN-013.run(TC-PEN-013:56)
	at com.kms.katalon.core.main.ScriptEngine.run(ScriptEngine.java:194)
	at com.kms.katalon.core.main.ScriptEngine.runScriptAsRawText(ScriptEngine.java:119)
	at com.kms.katalon.core.main.TestCaseExecutor.runScript(TestCaseExecutor.java:448)
	at com.kms.katalon.core.main.TestCaseExecutor.doExecute(TestCaseExecutor.java:439)
	at com.kms.katalon.core.main.TestCaseExecutor.processExecutionPhase(TestCaseExecutor.java:418)
	at com.kms.katalon.core.main.TestCaseExecutor.accessMainPhase(TestCaseExecutor.java:410)
	at com.kms.katalon.core.main.TestCaseExecutor.execute(TestCaseExecutor.java:285)
	at com.kms.katalon.core.common.CommonExecutor.accessTestCaseMainPhase(CommonExecutor.java:65)
	at com.kms.katalon.core.main.TestSuiteExecutor.accessTestSuiteMainPhase(TestSuiteExecutor.java:148)
	at com.kms.katalon.core.main.TestSuiteExecutor.execute(TestSuiteExecutor.java:106)
	at com.kms.katalon.core.main.TestCaseMain.startTestSuite(TestCaseMain.java:187)
	at com.kms.katalon.core.main.TestCaseMain$startTestSuite$0.call(Unknown Source)
	at TempTestSuite1696497733454.run(TempTestSuite1696497733454.groovy:36)]]></system-err>
      </testcase>
      <testcase name="Test Cases/Product Ecommerce/TC-PEN-014" time="23.248" classname="Test Cases/Product Ecommerce/TC-PEN-014" status="FAILED">
         <failure type="FAILED" message="Test Cases/Product Ecommerce/TC-PEN-014 FAILED.
Reason:
com.kms.katalon.core.exception.StepFailedException: Unable to get alert text
	at com.kms.katalon.core.webui.keyword.internal.WebUIKeywordMain.stepFailed(WebUIKeywordMain.groovy:64)
	at com.kms.katalon.core.webui.keyword.internal.WebUIKeywordMain.runKeyword(WebUIKeywordMain.groovy:26)
	at com.kms.katalon.core.webui.keyword.builtin.GetAlertTextKeyword.getAlertText(GetAlertTextKeyword.groovy:71)
	at com.kms.katalon.core.webui.keyword.builtin.GetAlertTextKeyword.execute(GetAlertTextKeyword.groovy:66)
	at com.kms.katalon.core.keyword.internal.KeywordExecutor.executeKeywordForPlatform(KeywordExecutor.groovy:74)
	at com.kms.katalon.core.webui.keyword.WebUiBuiltInKeywords.getAlertText(WebUiBuiltInKeywords.groovy:1576)
	at com.kms.katalon.core.webui.keyword.WebUiBuiltInKeywords$getAlertText$15.call(Unknown Source)
	at TC-PEN-014.run(TC-PEN-014:46)
	at com.kms.katalon.core.main.ScriptEngine.run(ScriptEngine.java:194)
	at com.kms.katalon.core.main.ScriptEngine.runScriptAsRawText(ScriptEngine.java:119)
	at com.kms.katalon.core.main.TestCaseExecutor.runScript(TestCaseExecutor.java:448)
	at com.kms.katalon.core.main.TestCaseExecutor.doExecute(TestCaseExecutor.java:439)
	at com.kms.katalon.core.main.TestCaseExecutor.processExecutionPhase(TestCaseExecutor.java:418)
	at com.kms.katalon.core.main.TestCaseExecutor.accessMainPhase(TestCaseExecutor.java:410)
	at com.kms.katalon.core.main.TestCaseExecutor.execute(TestCaseExecutor.java:285)
	at com.kms.katalon.core.common.CommonExecutor.accessTestCaseMainPhase(CommonExecutor.java:65)
	at com.kms.katalon.core.main.TestSuiteExecutor.accessTestSuiteMainPhase(TestSuiteExecutor.java:148)
	at com.kms.katalon.core.main.TestSuiteExecutor.execute(TestSuiteExecutor.java:106)
	at com.kms.katalon.core.main.TestCaseMain.startTestSuite(TestCaseMain.java:187)
	at com.kms.katalon.core.main.TestCaseMain$startTestSuite$0.call(Unknown Source)
	at TempTestSuite1696497733454.run(TempTestSuite1696497733454.groovy:36)
Caused by: com.kms.katalon.core.exception.StepFailedException: No alert found
	at com.kms.katalon.core.webui.keyword.internal.WebUIKeywordMain.stepFailed(WebUIKeywordMain.groovy:64)
	at com.kms.katalon.core.webui.keyword.builtin.GetAlertTextKeyword$_getAlertText_closure1.doCall(GetAlertTextKeyword.groovy:79)
	at com.kms.katalon.core.webui.keyword.builtin.GetAlertTextKeyword$_getAlertText_closure1.call(GetAlertTextKeyword.groovy)
	at com.kms.katalon.core.webui.keyword.internal.WebUIKeywordMain.runKeyword(WebUIKeywordMain.groovy:20)
	... 19 more
"/>
         <system-out><![CDATA[2023-10-05 16:31:58 - [TEST_CASE][FAILED] - Test Cases/Product Ecommerce/TC-PEN-014: Test Cases/Product Ecommerce/TC-PEN-014 FAILED.
Reason:
com.kms.katalon.core.exception.StepFailedException: Unable to get alert text
	at com.kms.katalon.core.webui.keyword.internal.WebUIKeywordMain.stepFailed(WebUIKeywordMain.groovy:64)
	at com.kms.katalon.core.webui.keyword.internal.WebUIKeywordMain.runKeyword(WebUIKeywordMain.groovy:26)
	at com.kms.katalon.core.webui.keyword.builtin.GetAlertTextKeyword.getAlertText(GetAlertTextKeyword.groovy:71)
	at com.kms.katalon.core.webui.keyword.builtin.GetAlertTextKeyword.execute(GetAlertTextKeyword.groovy:66)
	at com.kms.katalon.core.keyword.internal.KeywordExecutor.executeKeywordForPlatform(KeywordExecutor.groovy:74)
	at com.kms.katalon.core.webui.keyword.WebUiBuiltInKeywords.getAlertText(WebUiBuiltInKeywords.groovy:1576)
	at com.kms.katalon.core.webui.keyword.WebUiBuiltInKeywords$getAlertText$15.call(Unknown Source)
	at TC-PEN-014.run(TC-PEN-014:46)
	at com.kms.katalon.core.main.ScriptEngine.run(ScriptEngine.java:194)
	at com.kms.katalon.core.main.ScriptEngine.runScriptAsRawText(ScriptEngine.java:119)
	at com.kms.katalon.core.main.TestCaseExecutor.runScript(TestCaseExecutor.java:448)
	at com.kms.katalon.core.main.TestCaseExecutor.doExecute(TestCaseExecutor.java:439)
	at com.kms.katalon.core.main.TestCaseExecutor.processExecutionPhase(TestCaseExecutor.java:418)
	at com.kms.katalon.core.main.TestCaseExecutor.accessMainPhase(TestCaseExecutor.java:410)
	at com.kms.katalon.core.main.TestCaseExecutor.execute(TestCaseExecutor.java:285)
	at com.kms.katalon.core.common.CommonExecutor.accessTestCaseMainPhase(CommonExecutor.java:65)
	at com.kms.katalon.core.main.TestSuiteExecutor.accessTestSuiteMainPhase(TestSuiteExecutor.java:148)
	at com.kms.katalon.core.main.TestSuiteExecutor.execute(TestSuiteExecutor.java:106)
	at com.kms.katalon.core.main.TestCaseMain.startTestSuite(TestCaseMain.java:187)
	at com.kms.katalon.core.main.TestCaseMain$startTestSuite$0.call(Unknown Source)
	at TempTestSuite1696497733454.run(TempTestSuite1696497733454.groovy:36)
Caused by: com.kms.katalon.core.exception.StepFailedException: No alert found
	at com.kms.katalon.core.webui.keyword.internal.WebUIKeywordMain.stepFailed(WebUIKeywordMain.groovy:64)
	at com.kms.katalon.core.webui.keyword.builtin.GetAlertTextKeyword$_getAlertText_closure1.doCall(GetAlertTextKeyword.groovy:79)
	at com.kms.katalon.core.webui.keyword.builtin.GetAlertTextKeyword$_getAlertText_closure1.call(GetAlertTextKeyword.groovy)
	at com.kms.katalon.core.webui.keyword.internal.WebUIKeywordMain.runKeyword(WebUIKeywordMain.groovy:20)
	... 19 more


2023-10-05 16:31:59 - [TEST_STEP][PASSED] - callTestCase(findTestCase("Product Ecommerce/TC-PE-001"), [:], STOP_ON_FAILURE): Call Test Case 'Test Cases/Product Ecommerce/TC-PE-001' successfully

2023-10-05 16:31:59 - [TEST_CASE][PASSED] - Test Cases/Product Ecommerce/TC-PE-001: Test Cases/Product Ecommerce/TC-PE-001

2023-10-05 16:31:59 - [TEST_STEP][PASSED] - callTestCase(findTestCase("Login Ecommerce/TC-Login Ecomerce-001"), [:], STOP_ON_FAILURE): Call Test Case 'Test Cases/Login Ecommerce/TC-Login Ecomerce-001' successfully

2023-10-05 16:31:59 - [TEST_CASE][PASSED] - Test Cases/Login Ecommerce/TC-Login Ecomerce-001: Test Cases/Login Ecommerce/TC-Login Ecomerce-001

2023-10-05 16:31:59 - [TEST_STEP][PASSED] - openBrowser(userTajalapak): Browser is opened with url: 'https://10.9.2.63/ecommerce/'

2023-10-05 16:31:59 - [MESSAGE][WARNING] - A browser is already opened. Closing browser and opening a new one

2023-10-05 16:32:00 - [MESSAGE][INFO] - Starting 'Edge Chromium' driver

2023-10-05 16:32:00 - [MESSAGE][INFO] - User set preference: ['acceptInsecureCerts', 'true']

2023-10-05 16:32:02 - [MESSAGE][INFO] - Action delay is set to 0 milliseconds

2023-10-05 16:32:05 - [MESSAGE][PASSED] - Browser is opened with url: 'https://10.9.2.63/ecommerce/'

2023-10-05 16:32:05 - [TEST_STEP][PASSED] - maximizeWindow(): Current window maximized

2023-10-05 16:32:05 - [MESSAGE][PASSED] - Current window maximized

2023-10-05 16:32:05 - [TEST_STEP][PASSED] - verifyElementPresent(findTestObject("Login Ecommerce/Verifikasi Halaman Login Akun"), 0): Object 'Object Repository/Login Ecommerce/Verifikasi Halaman Login Akun' is present

2023-10-05 16:32:05 - [MESSAGE][WARNING] - Timeout '0' is invalid. Using default page load timeout: '30'

2023-10-05 16:32:06 - [MESSAGE][PASSED] - Object 'Object Repository/Login Ecommerce/Verifikasi Halaman Login Akun' is present

2023-10-05 16:32:06 - [TEST_STEP][PASSED] - click(findTestObject("Login Ecommerce/Login Akun")): Object: 'Object Repository/Login Ecommerce/Login Akun' is clicked on

2023-10-05 16:32:06 - [MESSAGE][PASSED] - Object: 'Object Repository/Login Ecommerce/Login Akun' is clicked on

2023-10-05 16:32:06 - [TEST_STEP][PASSED] - verifyElementPresent(findTestObject("Login Ecommerce/Verifikasi Halaman Login Akun"), 0): Object 'Object Repository/Login Ecommerce/Verifikasi Halaman Login Akun' is present

2023-10-05 16:32:06 - [MESSAGE][WARNING] - Timeout '0' is invalid. Using default page load timeout: '30'

2023-10-05 16:32:07 - [MESSAGE][PASSED] - Object 'Object Repository/Login Ecommerce/Verifikasi Halaman Login Akun' is present

2023-10-05 16:32:07 - [TEST_STEP][PASSED] - setText(findTestObject("Login Ecommerce/Input Username"), "riswandha"): Text 'riswandha' is set on object 'Object Repository/Login Ecommerce/Input Username'

2023-10-05 16:32:08 - [MESSAGE][PASSED] - Text 'riswandha' is set on object 'Object Repository/Login Ecommerce/Input Username'

2023-10-05 16:32:08 - [TEST_STEP][PASSED] - setEncryptedText(findTestObject("Login Ecommerce/Input Password"), "iGDxf8hSRT4="): Text ****** has been set on object 'Object Repository/Login Ecommerce/Input Password'

2023-10-05 16:32:09 - [MESSAGE][PASSED] - Text ****** has been set on object 'Object Repository/Login Ecommerce/Input Password'

2023-10-05 16:32:09 - [TEST_STEP][PASSED] - click(findTestObject("Login Ecommerce/Button Masuk")): Object: 'Object Repository/Login Ecommerce/Button Masuk' is clicked on

2023-10-05 16:32:10 - [MESSAGE][PASSED] - Object: 'Object Repository/Login Ecommerce/Button Masuk' is clicked on

2023-10-05 16:32:10 - [TEST_STEP][PASSED] - verifyElementPresent(findTestObject("Login Ecommerce/Verifikasi Login Akun"), 0): Object 'Object Repository/Login Ecommerce/Verifikasi Login Akun' is present

2023-10-05 16:32:10 - [MESSAGE][WARNING] - Timeout '0' is invalid. Using default page load timeout: '30'

2023-10-05 16:32:10 - [MESSAGE][PASSED] - Object 'Object Repository/Login Ecommerce/Verifikasi Login Akun' is present

2023-10-05 16:32:10 - [MESSAGE][PASSED] - Call Test Case 'Test Cases/Login Ecommerce/TC-Login Ecomerce-001' successfully

2023-10-05 16:32:10 - [TEST_STEP][PASSED] - mouseOver(findTestObject("Product Ecommerce/Button Menu toko")): Object: 'Object Repository/Product Ecommerce/Button Menu toko' is hovered

2023-10-05 16:32:11 - [MESSAGE][PASSED] - Object: 'Object Repository/Product Ecommerce/Button Menu toko' is hovered

2023-10-05 16:32:11 - [TEST_STEP][PASSED] - click(findTestObject("Product Ecommerce/Button Daftar Produk")): Object: 'Object Repository/Product Ecommerce/Button Daftar Produk' is clicked on

2023-10-05 16:32:11 - [MESSAGE][PASSED] - Object: 'Object Repository/Product Ecommerce/Button Daftar Produk' is clicked on

2023-10-05 16:32:11 - [TEST_STEP][PASSED] - verifyElementPresent(findTestObject("Product Ecommerce/Verifikasi Halaman Product Anda"), 0): Object 'Object Repository/Product Ecommerce/Verifikasi Halaman Product Anda' is present

2023-10-05 16:32:11 - [MESSAGE][WARNING] - Timeout '0' is invalid. Using default page load timeout: '30'

2023-10-05 16:32:12 - [MESSAGE][PASSED] - Object 'Object Repository/Product Ecommerce/Verifikasi Halaman Product Anda' is present

2023-10-05 16:32:12 - [MESSAGE][PASSED] - Call Test Case 'Test Cases/Product Ecommerce/TC-PE-001' successfully

2023-10-05 16:32:12 - [TEST_STEP][PASSED] - mouseOver(findTestObject("Product Ecommerce/Image Gambar produk 1")): Object: 'Object Repository/Product Ecommerce/Image Gambar produk 1' is hovered

2023-10-05 16:32:12 - [MESSAGE][PASSED] - Object: 'Object Repository/Product Ecommerce/Image Gambar produk 1' is hovered

2023-10-05 16:32:12 - [TEST_STEP][PASSED] - click(findTestObject("Product Ecommerce/Tambahkan Product/Edit Data")): Object: 'Object Repository/Product Ecommerce/Tambahkan Product/Edit Data' is clicked on

2023-10-05 16:32:13 - [MESSAGE][PASSED] - Object: 'Object Repository/Product Ecommerce/Tambahkan Product/Edit Data' is clicked on

2023-10-05 16:32:13 - [TEST_STEP][PASSED] - verifyElementPresent(findTestObject("Product Ecommerce/Tambahkan Product/Button Update Data"), 0): Object 'Object Repository/Product Ecommerce/Tambahkan Product/Button Update Data' is present

2023-10-05 16:32:13 - [MESSAGE][WARNING] - Timeout '0' is invalid. Using default page load timeout: '30'

2023-10-05 16:32:14 - [MESSAGE][PASSED] - Object 'Object Repository/Product Ecommerce/Tambahkan Product/Button Update Data' is present

2023-10-05 16:32:14 - [TEST_STEP][PASSED] - click(findTestObject("Product Ecommerce/Kupon/Button Buat Product")): Object: 'Object Repository/Product Ecommerce/Kupon/Button Buat Product' is clicked on

2023-10-05 16:32:14 - [MESSAGE][PASSED] - Object: 'Object Repository/Product Ecommerce/Kupon/Button Buat Product' is clicked on

2023-10-05 16:32:14 - [TEST_STEP][PASSED] - verifyElementPresent(findTestObject("Product Ecommerce/Kupon/Verifikasi Halaman Voucher Product"), 0): Object 'Object Repository/Product Ecommerce/Kupon/Verifikasi Halaman Voucher Product' is present

2023-10-05 16:32:14 - [MESSAGE][WARNING] - Timeout '0' is invalid. Using default page load timeout: '30'

2023-10-05 16:32:15 - [MESSAGE][PASSED] - Object 'Object Repository/Product Ecommerce/Kupon/Verifikasi Halaman Voucher Product' is present

2023-10-05 16:32:15 - [TEST_STEP][PASSED] - click(findTestObject("Product Ecommerce/Kupon/Button Edit Voucher")): Object: 'Object Repository/Product Ecommerce/Kupon/Button Edit Voucher' is clicked on

2023-10-05 16:32:15 - [MESSAGE][PASSED] - Object: 'Object Repository/Product Ecommerce/Kupon/Button Edit Voucher' is clicked on

2023-10-05 16:32:15 - [TEST_STEP][PASSED] - setText(findTestObject("Product Ecommerce/Kupon/Input Kode Kupon"), " "): Text ' ' is set on object 'Object Repository/Product Ecommerce/Kupon/Input Kode Kupon'

2023-10-05 16:32:16 - [MESSAGE][PASSED] - Text ' ' is set on object 'Object Repository/Product Ecommerce/Kupon/Input Kode Kupon'

2023-10-05 16:32:16 - [TEST_STEP][PASSED] - click(findTestObject("Product Ecommerce/Kupon/Button Simpan")): Object: 'Object Repository/Product Ecommerce/Kupon/Button Simpan' is clicked on

2023-10-05 16:32:16 - [MESSAGE][PASSED] - Object: 'Object Repository/Product Ecommerce/Kupon/Button Simpan' is clicked on

2023-10-05 16:32:16 - [TEST_STEP][PASSED] - delay(5): Delayed 5 second(s)

2023-10-05 16:32:21 - [MESSAGE][PASSED] - Delayed 5 second(s)

2023-10-05 16:32:21 - [TEST_STEP][FAILED] - notif = getAlertText(): Unable to get alert text (Root cause: com.kms.katalon.core.exception.StepFailedException: Unable to get alert text
	at com.kms.katalon.core.webui.keyword.internal.WebUIKeywordMain.stepFailed(WebUIKeywordMain.groovy:64)
	at com.kms.katalon.core.webui.keyword.internal.WebUIKeywordMain.runKeyword(WebUIKeywordMain.groovy:26)
	at com.kms.katalon.core.webui.keyword.builtin.GetAlertTextKeyword.getAlertText(GetAlertTextKeyword.groovy:71)
	at com.kms.katalon.core.webui.keyword.builtin.GetAlertTextKeyword.execute(GetAlertTextKeyword.groovy:66)
	at com.kms.katalon.core.keyword.internal.KeywordExecutor.executeKeywordForPlatform(KeywordExecutor.groovy:74)
	at com.kms.katalon.core.webui.keyword.WebUiBuiltInKeywords.getAlertText(WebUiBuiltInKeywords.groovy:1576)
	at com.kms.katalon.core.webui.keyword.WebUiBuiltInKeywords$getAlertText$15.call(Unknown Source)
	at TC-PEN-014.run(TC-PEN-014:46)
	at com.kms.katalon.core.main.ScriptEngine.run(ScriptEngine.java:194)
	at com.kms.katalon.core.main.ScriptEngine.runScriptAsRawText(ScriptEngine.java:119)
	at com.kms.katalon.core.main.TestCaseExecutor.runScript(TestCaseExecutor.java:448)
	at com.kms.katalon.core.main.TestCaseExecutor.doExecute(TestCaseExecutor.java:439)
	at com.kms.katalon.core.main.TestCaseExecutor.processExecutionPhase(TestCaseExecutor.java:418)
	at com.kms.katalon.core.main.TestCaseExecutor.accessMainPhase(TestCaseExecutor.java:410)
	at com.kms.katalon.core.main.TestCaseExecutor.execute(TestCaseExecutor.java:285)
	at com.kms.katalon.core.common.CommonExecutor.accessTestCaseMainPhase(CommonExecutor.java:65)
	at com.kms.katalon.core.main.TestSuiteExecutor.accessTestSuiteMainPhase(TestSuiteExecutor.java:148)
	at com.kms.katalon.core.main.TestSuiteExecutor.execute(TestSuiteExecutor.java:106)
	at com.kms.katalon.core.main.TestCaseMain.startTestSuite(TestCaseMain.java:187)
	at com.kms.katalon.core.main.TestCaseMain$startTestSuite$0.call(Unknown Source)
	at TempTestSuite1696497733454.run(TempTestSuite1696497733454.groovy:36)
Caused by: com.kms.katalon.core.exception.StepFailedException: No alert found
	at com.kms.katalon.core.webui.keyword.internal.WebUIKeywordMain.stepFailed(WebUIKeywordMain.groovy:64)
	at com.kms.katalon.core.webui.keyword.builtin.GetAlertTextKeyword$_getAlertText_closure1.doCall(GetAlertTextKeyword.groovy:79)
	at com.kms.katalon.core.webui.keyword.builtin.GetAlertTextKeyword$_getAlertText_closure1.call(GetAlertTextKeyword.groovy)
	at com.kms.katalon.core.webui.keyword.internal.WebUIKeywordMain.runKeyword(WebUIKeywordMain.groovy:20)
	... 19 more
)

2023-10-05 16:32:21 - [MESSAGE][FAILED] - No alert found (Root cause: com.kms.katalon.core.exception.StepFailedException: No alert found
	at com.kms.katalon.core.webui.keyword.internal.WebUIKeywordMain.stepFailed(WebUIKeywordMain.groovy:64)
	at com.kms.katalon.core.webui.keyword.builtin.GetAlertTextKeyword$_getAlertText_closure1.doCall(GetAlertTextKeyword.groovy:79)
	at com.kms.katalon.core.webui.keyword.builtin.GetAlertTextKeyword$_getAlertText_closure1.call(GetAlertTextKeyword.groovy)
	at com.kms.katalon.core.webui.keyword.internal.WebUIKeywordMain.runKeyword(WebUIKeywordMain.groovy:20)
	at com.kms.katalon.core.webui.keyword.builtin.GetAlertTextKeyword.getAlertText(GetAlertTextKeyword.groovy:71)
	at com.kms.katalon.core.webui.keyword.builtin.GetAlertTextKeyword.execute(GetAlertTextKeyword.groovy:66)
	at com.kms.katalon.core.keyword.internal.KeywordExecutor.executeKeywordForPlatform(KeywordExecutor.groovy:74)
	at com.kms.katalon.core.webui.keyword.WebUiBuiltInKeywords.getAlertText(WebUiBuiltInKeywords.groovy:1576)
	at com.kms.katalon.core.webui.keyword.WebUiBuiltInKeywords$getAlertText$15.call(Unknown Source)
	at TC-PEN-014.run(TC-PEN-014:46)
	at com.kms.katalon.core.main.ScriptEngine.run(ScriptEngine.java:194)
	at com.kms.katalon.core.main.ScriptEngine.runScriptAsRawText(ScriptEngine.java:119)
	at com.kms.katalon.core.main.TestCaseExecutor.runScript(TestCaseExecutor.java:448)
	at com.kms.katalon.core.main.TestCaseExecutor.doExecute(TestCaseExecutor.java:439)
	at com.kms.katalon.core.main.TestCaseExecutor.processExecutionPhase(TestCaseExecutor.java:418)
	at com.kms.katalon.core.main.TestCaseExecutor.accessMainPhase(TestCaseExecutor.java:410)
	at com.kms.katalon.core.main.TestCaseExecutor.execute(TestCaseExecutor.java:285)
	at com.kms.katalon.core.common.CommonExecutor.accessTestCaseMainPhase(CommonExecutor.java:65)
	at com.kms.katalon.core.main.TestSuiteExecutor.accessTestSuiteMainPhase(TestSuiteExecutor.java:148)
	at com.kms.katalon.core.main.TestSuiteExecutor.execute(TestSuiteExecutor.java:106)
	at com.kms.katalon.core.main.TestCaseMain.startTestSuite(TestCaseMain.java:187)
	at com.kms.katalon.core.main.TestCaseMain$startTestSuite$0.call(Unknown Source)
	at TempTestSuite1696497733454.run(TempTestSuite1696497733454.groovy:36)
)
[[ATTACHMENT|G:\\Project Xsis\\batch-324-qa\\Riswan\\Sprint 2 Product Tajalapak\\Reports\\20231005_162213\\Product Ecomerce\\20231005_162213\\1696498341804.png]]

2023-10-05 16:32:22 - [MESSAGE][FAILED] - Unable to get alert text (Root cause: com.kms.katalon.core.exception.StepFailedException: Unable to get alert text
	at com.kms.katalon.core.webui.keyword.internal.WebUIKeywordMain.stepFailed(WebUIKeywordMain.groovy:64)
	at com.kms.katalon.core.webui.keyword.internal.WebUIKeywordMain.runKeyword(WebUIKeywordMain.groovy:26)
	at com.kms.katalon.core.webui.keyword.builtin.GetAlertTextKeyword.getAlertText(GetAlertTextKeyword.groovy:71)
	at com.kms.katalon.core.webui.keyword.builtin.GetAlertTextKeyword.execute(GetAlertTextKeyword.groovy:66)
	at com.kms.katalon.core.keyword.internal.KeywordExecutor.executeKeywordForPlatform(KeywordExecutor.groovy:74)
	at com.kms.katalon.core.webui.keyword.WebUiBuiltInKeywords.getAlertText(WebUiBuiltInKeywords.groovy:1576)
	at com.kms.katalon.core.webui.keyword.WebUiBuiltInKeywords$getAlertText$15.call(Unknown Source)
	at TC-PEN-014.run(TC-PEN-014:46)
	at com.kms.katalon.core.main.ScriptEngine.run(ScriptEngine.java:194)
	at com.kms.katalon.core.main.ScriptEngine.runScriptAsRawText(ScriptEngine.java:119)
	at com.kms.katalon.core.main.TestCaseExecutor.runScript(TestCaseExecutor.java:448)
	at com.kms.katalon.core.main.TestCaseExecutor.doExecute(TestCaseExecutor.java:439)
	at com.kms.katalon.core.main.TestCaseExecutor.processExecutionPhase(TestCaseExecutor.java:418)
	at com.kms.katalon.core.main.TestCaseExecutor.accessMainPhase(TestCaseExecutor.java:410)
	at com.kms.katalon.core.main.TestCaseExecutor.execute(TestCaseExecutor.java:285)
	at com.kms.katalon.core.common.CommonExecutor.accessTestCaseMainPhase(CommonExecutor.java:65)
	at com.kms.katalon.core.main.TestSuiteExecutor.accessTestSuiteMainPhase(TestSuiteExecutor.java:148)
	at com.kms.katalon.core.main.TestSuiteExecutor.execute(TestSuiteExecutor.java:106)
	at com.kms.katalon.core.main.TestCaseMain.startTestSuite(TestCaseMain.java:187)
	at com.kms.katalon.core.main.TestCaseMain$startTestSuite$0.call(Unknown Source)
	at TempTestSuite1696497733454.run(TempTestSuite1696497733454.groovy:36)
Caused by: com.kms.katalon.core.exception.StepFailedException: No alert found
	at com.kms.katalon.core.webui.keyword.internal.WebUIKeywordMain.stepFailed(WebUIKeywordMain.groovy:64)
	at com.kms.katalon.core.webui.keyword.builtin.GetAlertTextKeyword$_getAlertText_closure1.doCall(GetAlertTextKeyword.groovy:79)
	at com.kms.katalon.core.webui.keyword.builtin.GetAlertTextKeyword$_getAlertText_closure1.call(GetAlertTextKeyword.groovy)
	at com.kms.katalon.core.webui.keyword.internal.WebUIKeywordMain.runKeyword(WebUIKeywordMain.groovy:20)
	... 19 more
)
[[ATTACHMENT|G:\\Project Xsis\\batch-324-qa\\Riswan\\Sprint 2 Product Tajalapak\\Reports\\20231005_162213\\Product Ecomerce\\20231005_162213\\1696498341930.png]]]]></system-out>
         <system-err><![CDATA[2023-10-05 16:31:58 - [TEST_CASE][FAILED] - Test Cases/Product Ecommerce/TC-PEN-014: Test Cases/Product Ecommerce/TC-PEN-014 FAILED.
Reason:
com.kms.katalon.core.exception.StepFailedException: Unable to get alert text
	at com.kms.katalon.core.webui.keyword.internal.WebUIKeywordMain.stepFailed(WebUIKeywordMain.groovy:64)
	at com.kms.katalon.core.webui.keyword.internal.WebUIKeywordMain.runKeyword(WebUIKeywordMain.groovy:26)
	at com.kms.katalon.core.webui.keyword.builtin.GetAlertTextKeyword.getAlertText(GetAlertTextKeyword.groovy:71)
	at com.kms.katalon.core.webui.keyword.builtin.GetAlertTextKeyword.execute(GetAlertTextKeyword.groovy:66)
	at com.kms.katalon.core.keyword.internal.KeywordExecutor.executeKeywordForPlatform(KeywordExecutor.groovy:74)
	at com.kms.katalon.core.webui.keyword.WebUiBuiltInKeywords.getAlertText(WebUiBuiltInKeywords.groovy:1576)
	at com.kms.katalon.core.webui.keyword.WebUiBuiltInKeywords$getAlertText$15.call(Unknown Source)
	at TC-PEN-014.run(TC-PEN-014:46)
	at com.kms.katalon.core.main.ScriptEngine.run(ScriptEngine.java:194)
	at com.kms.katalon.core.main.ScriptEngine.runScriptAsRawText(ScriptEngine.java:119)
	at com.kms.katalon.core.main.TestCaseExecutor.runScript(TestCaseExecutor.java:448)
	at com.kms.katalon.core.main.TestCaseExecutor.doExecute(TestCaseExecutor.java:439)
	at com.kms.katalon.core.main.TestCaseExecutor.processExecutionPhase(TestCaseExecutor.java:418)
	at com.kms.katalon.core.main.TestCaseExecutor.accessMainPhase(TestCaseExecutor.java:410)
	at com.kms.katalon.core.main.TestCaseExecutor.execute(TestCaseExecutor.java:285)
	at com.kms.katalon.core.common.CommonExecutor.accessTestCaseMainPhase(CommonExecutor.java:65)
	at com.kms.katalon.core.main.TestSuiteExecutor.accessTestSuiteMainPhase(TestSuiteExecutor.java:148)
	at com.kms.katalon.core.main.TestSuiteExecutor.execute(TestSuiteExecutor.java:106)
	at com.kms.katalon.core.main.TestCaseMain.startTestSuite(TestCaseMain.java:187)
	at com.kms.katalon.core.main.TestCaseMain$startTestSuite$0.call(Unknown Source)
	at TempTestSuite1696497733454.run(TempTestSuite1696497733454.groovy:36)
Caused by: com.kms.katalon.core.exception.StepFailedException: No alert found
	at com.kms.katalon.core.webui.keyword.internal.WebUIKeywordMain.stepFailed(WebUIKeywordMain.groovy:64)
	at com.kms.katalon.core.webui.keyword.builtin.GetAlertTextKeyword$_getAlertText_closure1.doCall(GetAlertTextKeyword.groovy:79)
	at com.kms.katalon.core.webui.keyword.builtin.GetAlertTextKeyword$_getAlertText_closure1.call(GetAlertTextKeyword.groovy)
	at com.kms.katalon.core.webui.keyword.internal.WebUIKeywordMain.runKeyword(WebUIKeywordMain.groovy:20)
	... 19 more]]></system-err>
      </testcase>
      <testcase name="Test Cases/Product Ecommerce/TC-PEN-015" time="17.694" classname="Test Cases/Product Ecommerce/TC-PEN-015" status="FAILED">
         <failure type="FAILED" message="Test Cases/Product Ecommerce/TC-PEN-015 FAILED.
Reason:
Assertion failed: 

assert accept_button_message == 'Berat produk terlalu berat'
       |                     |
       &quot;&quot;                    false

	at TC-PEN-015.run(TC-PEN-015:49)
	at com.kms.katalon.core.main.ScriptEngine.run(ScriptEngine.java:194)
	at com.kms.katalon.core.main.ScriptEngine.runScriptAsRawText(ScriptEngine.java:119)
	at com.kms.katalon.core.main.TestCaseExecutor.runScript(TestCaseExecutor.java:448)
	at com.kms.katalon.core.main.TestCaseExecutor.doExecute(TestCaseExecutor.java:439)
	at com.kms.katalon.core.main.TestCaseExecutor.processExecutionPhase(TestCaseExecutor.java:418)
	at com.kms.katalon.core.main.TestCaseExecutor.accessMainPhase(TestCaseExecutor.java:410)
	at com.kms.katalon.core.main.TestCaseExecutor.execute(TestCaseExecutor.java:285)
	at com.kms.katalon.core.common.CommonExecutor.accessTestCaseMainPhase(CommonExecutor.java:65)
	at com.kms.katalon.core.main.TestSuiteExecutor.accessTestSuiteMainPhase(TestSuiteExecutor.java:148)
	at com.kms.katalon.core.main.TestSuiteExecutor.execute(TestSuiteExecutor.java:106)
	at com.kms.katalon.core.main.TestCaseMain.startTestSuite(TestCaseMain.java:187)
	at com.kms.katalon.core.main.TestCaseMain$startTestSuite$0.call(Unknown Source)
	at TempTestSuite1696497733454.run(TempTestSuite1696497733454.groovy:36)
"/>
         <system-out><![CDATA[2023-10-05 16:32:22 - [TEST_CASE][FAILED] - Test Cases/Product Ecommerce/TC-PEN-015: Test Cases/Product Ecommerce/TC-PEN-015 FAILED.
Reason:
Assertion failed: 

assert accept_button_message == 'Berat produk terlalu berat'
       |                     |
       ""                    false

	at TC-PEN-015.run(TC-PEN-015:49)
	at com.kms.katalon.core.main.ScriptEngine.run(ScriptEngine.java:194)
	at com.kms.katalon.core.main.ScriptEngine.runScriptAsRawText(ScriptEngine.java:119)
	at com.kms.katalon.core.main.TestCaseExecutor.runScript(TestCaseExecutor.java:448)
	at com.kms.katalon.core.main.TestCaseExecutor.doExecute(TestCaseExecutor.java:439)
	at com.kms.katalon.core.main.TestCaseExecutor.processExecutionPhase(TestCaseExecutor.java:418)
	at com.kms.katalon.core.main.TestCaseExecutor.accessMainPhase(TestCaseExecutor.java:410)
	at com.kms.katalon.core.main.TestCaseExecutor.execute(TestCaseExecutor.java:285)
	at com.kms.katalon.core.common.CommonExecutor.accessTestCaseMainPhase(CommonExecutor.java:65)
	at com.kms.katalon.core.main.TestSuiteExecutor.accessTestSuiteMainPhase(TestSuiteExecutor.java:148)
	at com.kms.katalon.core.main.TestSuiteExecutor.execute(TestSuiteExecutor.java:106)
	at com.kms.katalon.core.main.TestCaseMain.startTestSuite(TestCaseMain.java:187)
	at com.kms.katalon.core.main.TestCaseMain$startTestSuite$0.call(Unknown Source)
	at TempTestSuite1696497733454.run(TempTestSuite1696497733454.groovy:36)


2023-10-05 16:32:22 - [TEST_STEP][PASSED] - callTestCase(findTestCase("Product Ecommerce/TC-PE-001"), [:], STOP_ON_FAILURE): Call Test Case 'Test Cases/Product Ecommerce/TC-PE-001' successfully

2023-10-05 16:32:22 - [TEST_CASE][PASSED] - Test Cases/Product Ecommerce/TC-PE-001: Test Cases/Product Ecommerce/TC-PE-001

2023-10-05 16:32:22 - [TEST_STEP][PASSED] - callTestCase(findTestCase("Login Ecommerce/TC-Login Ecomerce-001"), [:], STOP_ON_FAILURE): Call Test Case 'Test Cases/Login Ecommerce/TC-Login Ecomerce-001' successfully

2023-10-05 16:32:22 - [TEST_CASE][PASSED] - Test Cases/Login Ecommerce/TC-Login Ecomerce-001: Test Cases/Login Ecommerce/TC-Login Ecomerce-001

2023-10-05 16:32:22 - [TEST_STEP][PASSED] - openBrowser(userTajalapak): Browser is opened with url: 'https://10.9.2.63/ecommerce/'

2023-10-05 16:32:22 - [MESSAGE][WARNING] - A browser is already opened. Closing browser and opening a new one

2023-10-05 16:32:23 - [MESSAGE][INFO] - Starting 'Edge Chromium' driver

2023-10-05 16:32:23 - [MESSAGE][INFO] - User set preference: ['acceptInsecureCerts', 'true']

2023-10-05 16:32:25 - [MESSAGE][INFO] - Action delay is set to 0 milliseconds

2023-10-05 16:32:29 - [MESSAGE][PASSED] - Browser is opened with url: 'https://10.9.2.63/ecommerce/'

2023-10-05 16:32:29 - [TEST_STEP][PASSED] - maximizeWindow(): Current window maximized

2023-10-05 16:32:29 - [MESSAGE][PASSED] - Current window maximized

2023-10-05 16:32:29 - [TEST_STEP][PASSED] - verifyElementPresent(findTestObject("Login Ecommerce/Verifikasi Halaman Login Akun"), 0): Object 'Object Repository/Login Ecommerce/Verifikasi Halaman Login Akun' is present

2023-10-05 16:32:29 - [MESSAGE][WARNING] - Timeout '0' is invalid. Using default page load timeout: '30'

2023-10-05 16:32:30 - [MESSAGE][PASSED] - Object 'Object Repository/Login Ecommerce/Verifikasi Halaman Login Akun' is present

2023-10-05 16:32:30 - [TEST_STEP][PASSED] - click(findTestObject("Login Ecommerce/Login Akun")): Object: 'Object Repository/Login Ecommerce/Login Akun' is clicked on

2023-10-05 16:32:30 - [MESSAGE][PASSED] - Object: 'Object Repository/Login Ecommerce/Login Akun' is clicked on

2023-10-05 16:32:30 - [TEST_STEP][PASSED] - verifyElementPresent(findTestObject("Login Ecommerce/Verifikasi Halaman Login Akun"), 0): Object 'Object Repository/Login Ecommerce/Verifikasi Halaman Login Akun' is present

2023-10-05 16:32:30 - [MESSAGE][WARNING] - Timeout '0' is invalid. Using default page load timeout: '30'

2023-10-05 16:32:31 - [MESSAGE][PASSED] - Object 'Object Repository/Login Ecommerce/Verifikasi Halaman Login Akun' is present

2023-10-05 16:32:31 - [TEST_STEP][PASSED] - setText(findTestObject("Login Ecommerce/Input Username"), "riswandha"): Text 'riswandha' is set on object 'Object Repository/Login Ecommerce/Input Username'

2023-10-05 16:32:31 - [MESSAGE][PASSED] - Text 'riswandha' is set on object 'Object Repository/Login Ecommerce/Input Username'

2023-10-05 16:32:31 - [TEST_STEP][PASSED] - setEncryptedText(findTestObject("Login Ecommerce/Input Password"), "iGDxf8hSRT4="): Text ****** has been set on object 'Object Repository/Login Ecommerce/Input Password'

2023-10-05 16:32:32 - [MESSAGE][PASSED] - Text ****** has been set on object 'Object Repository/Login Ecommerce/Input Password'

2023-10-05 16:32:32 - [TEST_STEP][PASSED] - click(findTestObject("Login Ecommerce/Button Masuk")): Object: 'Object Repository/Login Ecommerce/Button Masuk' is clicked on

2023-10-05 16:32:33 - [MESSAGE][PASSED] - Object: 'Object Repository/Login Ecommerce/Button Masuk' is clicked on

2023-10-05 16:32:33 - [TEST_STEP][PASSED] - verifyElementPresent(findTestObject("Login Ecommerce/Verifikasi Login Akun"), 0): Object 'Object Repository/Login Ecommerce/Verifikasi Login Akun' is present

2023-10-05 16:32:33 - [MESSAGE][WARNING] - Timeout '0' is invalid. Using default page load timeout: '30'

2023-10-05 16:32:34 - [MESSAGE][PASSED] - Object 'Object Repository/Login Ecommerce/Verifikasi Login Akun' is present

2023-10-05 16:32:34 - [MESSAGE][PASSED] - Call Test Case 'Test Cases/Login Ecommerce/TC-Login Ecomerce-001' successfully

2023-10-05 16:32:34 - [TEST_STEP][PASSED] - mouseOver(findTestObject("Product Ecommerce/Button Menu toko")): Object: 'Object Repository/Product Ecommerce/Button Menu toko' is hovered

2023-10-05 16:32:34 - [MESSAGE][PASSED] - Object: 'Object Repository/Product Ecommerce/Button Menu toko' is hovered

2023-10-05 16:32:34 - [TEST_STEP][PASSED] - click(findTestObject("Product Ecommerce/Button Daftar Produk")): Object: 'Object Repository/Product Ecommerce/Button Daftar Produk' is clicked on

2023-10-05 16:32:35 - [MESSAGE][PASSED] - Object: 'Object Repository/Product Ecommerce/Button Daftar Produk' is clicked on

2023-10-05 16:32:35 - [TEST_STEP][PASSED] - verifyElementPresent(findTestObject("Product Ecommerce/Verifikasi Halaman Product Anda"), 0): Object 'Object Repository/Product Ecommerce/Verifikasi Halaman Product Anda' is present

2023-10-05 16:32:35 - [MESSAGE][WARNING] - Timeout '0' is invalid. Using default page load timeout: '30'

2023-10-05 16:32:36 - [MESSAGE][PASSED] - Object 'Object Repository/Product Ecommerce/Verifikasi Halaman Product Anda' is present

2023-10-05 16:32:36 - [MESSAGE][PASSED] - Call Test Case 'Test Cases/Product Ecommerce/TC-PE-001' successfully

2023-10-05 16:32:36 - [TEST_STEP][PASSED] - mouseOver(findTestObject("Product Ecommerce/Image Gambar produk 1")): Object: 'Object Repository/Product Ecommerce/Image Gambar produk 1' is hovered

2023-10-05 16:32:36 - [MESSAGE][PASSED] - Object: 'Object Repository/Product Ecommerce/Image Gambar produk 1' is hovered

2023-10-05 16:32:36 - [TEST_STEP][PASSED] - click(findTestObject("Product Ecommerce/Tambahkan Product/Edit Data")): Object: 'Object Repository/Product Ecommerce/Tambahkan Product/Edit Data' is clicked on

2023-10-05 16:32:37 - [MESSAGE][PASSED] - Object: 'Object Repository/Product Ecommerce/Tambahkan Product/Edit Data' is clicked on

2023-10-05 16:32:37 - [TEST_STEP][PASSED] - setText(findTestObject("Product Ecommerce/Tambahkan Product/Input Berat"), "1000000000"): Text '1000000000' is set on object 'Object Repository/Product Ecommerce/Tambahkan Product/Input Berat'

2023-10-05 16:32:38 - [MESSAGE][PASSED] - Text '1000000000' is set on object 'Object Repository/Product Ecommerce/Tambahkan Product/Input Berat'

2023-10-05 16:32:38 - [TEST_STEP][PASSED] - driver = getWebDriver(): null

2023-10-05 16:32:38 - [TEST_STEP][PASSED] - field_username_element = driver.findElement(By.xpath("//input[@name="berat"]")): null

2023-10-05 16:32:38 - [TEST_STEP][PASSED] - accept_button_message = driver.executeScript("return arguments[0].validationMessage", field_username_element): null

2023-10-05 16:32:38 - [TEST_STEP][PASSED] - click(findTestObject("Product Ecommerce/Tambahkan Product/Button Update Data")): Object: 'Object Repository/Product Ecommerce/Tambahkan Product/Button Update Data' is clicked on

2023-10-05 16:32:39 - [MESSAGE][PASSED] - Object: 'Object Repository/Product Ecommerce/Tambahkan Product/Button Update Data' is clicked on

2023-10-05 16:32:39 - [TEST_STEP][PASSED] - println(accept_button_message): null

2023-10-05 16:32:39 - [TEST_STEP][FAILED] - assert accept_button_message == "Berat produk terlalu berat": Test Cases/Product Ecommerce/TC-PEN-015 FAILED.
Reason:
Assertion failed: 

assert accept_button_message == 'Berat produk terlalu berat'
       |                     |
       ""                    false

	at TC-PEN-015.run(TC-PEN-015:49)
	at com.kms.katalon.core.main.ScriptEngine.run(ScriptEngine.java:194)
	at com.kms.katalon.core.main.ScriptEngine.runScriptAsRawText(ScriptEngine.java:119)
	at com.kms.katalon.core.main.TestCaseExecutor.runScript(TestCaseExecutor.java:448)
	at com.kms.katalon.core.main.TestCaseExecutor.doExecute(TestCaseExecutor.java:439)
	at com.kms.katalon.core.main.TestCaseExecutor.processExecutionPhase(TestCaseExecutor.java:418)
	at com.kms.katalon.core.main.TestCaseExecutor.accessMainPhase(TestCaseExecutor.java:410)
	at com.kms.katalon.core.main.TestCaseExecutor.execute(TestCaseExecutor.java:285)
	at com.kms.katalon.core.common.CommonExecutor.accessTestCaseMainPhase(CommonExecutor.java:65)
	at com.kms.katalon.core.main.TestSuiteExecutor.accessTestSuiteMainPhase(TestSuiteExecutor.java:148)
	at com.kms.katalon.core.main.TestSuiteExecutor.execute(TestSuiteExecutor.java:106)
	at com.kms.katalon.core.main.TestCaseMain.startTestSuite(TestCaseMain.java:187)
	at com.kms.katalon.core.main.TestCaseMain$startTestSuite$0.call(Unknown Source)
	at TempTestSuite1696497733454.run(TempTestSuite1696497733454.groovy:36)


2023-10-05 16:32:39 - [MESSAGE][FAILED] - Test Cases/Product Ecommerce/TC-PEN-015 FAILED.
Reason:
Assertion failed: 

assert accept_button_message == 'Berat produk terlalu berat'
       |                     |
       ""                    false

	at TC-PEN-015.run(TC-PEN-015:49)
	at com.kms.katalon.core.main.ScriptEngine.run(ScriptEngine.java:194)
	at com.kms.katalon.core.main.ScriptEngine.runScriptAsRawText(ScriptEngine.java:119)
	at com.kms.katalon.core.main.TestCaseExecutor.runScript(TestCaseExecutor.java:448)
	at com.kms.katalon.core.main.TestCaseExecutor.doExecute(TestCaseExecutor.java:439)
	at com.kms.katalon.core.main.TestCaseExecutor.processExecutionPhase(TestCaseExecutor.java:418)
	at com.kms.katalon.core.main.TestCaseExecutor.accessMainPhase(TestCaseExecutor.java:410)
	at com.kms.katalon.core.main.TestCaseExecutor.execute(TestCaseExecutor.java:285)
	at com.kms.katalon.core.common.CommonExecutor.accessTestCaseMainPhase(CommonExecutor.java:65)
	at com.kms.katalon.core.main.TestSuiteExecutor.accessTestSuiteMainPhase(TestSuiteExecutor.java:148)
	at com.kms.katalon.core.main.TestSuiteExecutor.execute(TestSuiteExecutor.java:106)
	at com.kms.katalon.core.main.TestCaseMain.startTestSuite(TestCaseMain.java:187)
	at com.kms.katalon.core.main.TestCaseMain$startTestSuite$0.call(Unknown Source)
	at TempTestSuite1696497733454.run(TempTestSuite1696497733454.groovy:36)]]></system-out>
         <system-err><![CDATA[2023-10-05 16:32:22 - [TEST_CASE][FAILED] - Test Cases/Product Ecommerce/TC-PEN-015: Test Cases/Product Ecommerce/TC-PEN-015 FAILED.
Reason:
Assertion failed: 

assert accept_button_message == 'Berat produk terlalu berat'
       |                     |
       ""                    false

	at TC-PEN-015.run(TC-PEN-015:49)
	at com.kms.katalon.core.main.ScriptEngine.run(ScriptEngine.java:194)
	at com.kms.katalon.core.main.ScriptEngine.runScriptAsRawText(ScriptEngine.java:119)
	at com.kms.katalon.core.main.TestCaseExecutor.runScript(TestCaseExecutor.java:448)
	at com.kms.katalon.core.main.TestCaseExecutor.doExecute(TestCaseExecutor.java:439)
	at com.kms.katalon.core.main.TestCaseExecutor.processExecutionPhase(TestCaseExecutor.java:418)
	at com.kms.katalon.core.main.TestCaseExecutor.accessMainPhase(TestCaseExecutor.java:410)
	at com.kms.katalon.core.main.TestCaseExecutor.execute(TestCaseExecutor.java:285)
	at com.kms.katalon.core.common.CommonExecutor.accessTestCaseMainPhase(CommonExecutor.java:65)
	at com.kms.katalon.core.main.TestSuiteExecutor.accessTestSuiteMainPhase(TestSuiteExecutor.java:148)
	at com.kms.katalon.core.main.TestSuiteExecutor.execute(TestSuiteExecutor.java:106)
	at com.kms.katalon.core.main.TestCaseMain.startTestSuite(TestCaseMain.java:187)
	at com.kms.katalon.core.main.TestCaseMain$startTestSuite$0.call(Unknown Source)
	at TempTestSuite1696497733454.run(TempTestSuite1696497733454.groovy:36)]]></system-err>
      </testcase>
      <testcase name="Test Cases/Product Ecommerce/TC-PEN-016" time="48.195" classname="Test Cases/Product Ecommerce/TC-PEN-016" status="FAILED">
         <failure type="FAILED" message="Test Cases/Product Ecommerce/TC-PEN-016 FAILED.
Reason:
com.kms.katalon.core.exception.StepFailedException: Unable to verify object 'Object Repository/Product Ecommerce/Verifikasi Halaman Product Anda' is not present
	at com.kms.katalon.core.webui.keyword.internal.WebUIKeywordMain.stepFailed(WebUIKeywordMain.groovy:64)
	at com.kms.katalon.core.webui.keyword.internal.WebUIKeywordMain.runKeyword(WebUIKeywordMain.groovy:26)
	at com.kms.katalon.core.webui.keyword.internal.WebUIKeywordMain$runKeyword.call(Unknown Source)
	at com.kms.katalon.core.webui.keyword.builtin.VerifyElementNotPresentKeyword.verifyElementNotPresent(VerifyElementNotPresentKeyword.groovy:122)
	at com.kms.katalon.core.webui.keyword.builtin.VerifyElementNotPresentKeyword.execute(VerifyElementNotPresentKeyword.groovy:68)
	at com.kms.katalon.core.keyword.internal.KeywordExecutor.executeKeywordForPlatform(KeywordExecutor.groovy:74)
	at com.kms.katalon.core.webui.keyword.WebUiBuiltInKeywords.verifyElementNotPresent(WebUiBuiltInKeywords.groovy:1497)
	at com.kms.katalon.core.webui.keyword.WebUiBuiltInKeywords$verifyElementNotPresent$14.call(Unknown Source)
	at TC-PEN-016.run(TC-PEN-016:34)
	at com.kms.katalon.core.main.ScriptEngine.run(ScriptEngine.java:194)
	at com.kms.katalon.core.main.ScriptEngine.runScriptAsRawText(ScriptEngine.java:119)
	at com.kms.katalon.core.main.TestCaseExecutor.runScript(TestCaseExecutor.java:448)
	at com.kms.katalon.core.main.TestCaseExecutor.doExecute(TestCaseExecutor.java:439)
	at com.kms.katalon.core.main.TestCaseExecutor.processExecutionPhase(TestCaseExecutor.java:418)
	at com.kms.katalon.core.main.TestCaseExecutor.accessMainPhase(TestCaseExecutor.java:410)
	at com.kms.katalon.core.main.TestCaseExecutor.execute(TestCaseExecutor.java:285)
	at com.kms.katalon.core.common.CommonExecutor.accessTestCaseMainPhase(CommonExecutor.java:65)
	at com.kms.katalon.core.main.TestSuiteExecutor.accessTestSuiteMainPhase(TestSuiteExecutor.java:148)
	at com.kms.katalon.core.main.TestSuiteExecutor.execute(TestSuiteExecutor.java:106)
	at com.kms.katalon.core.main.TestCaseMain.startTestSuite(TestCaseMain.java:187)
	at com.kms.katalon.core.main.TestCaseMain$startTestSuite$0.call(Unknown Source)
	at TempTestSuite1696497733454.run(TempTestSuite1696497733454.groovy:36)
Caused by: com.kms.katalon.core.exception.StepFailedException: Web element with id: 'Object Repository/Product Ecommerce/Verifikasi Halaman Product Anda' located by 'By.xpath: (.//*[normalize-space(text()) and normalize-space(.)='Home'])[1]/following::li[2]' is present after '30' second(s)
	at com.kms.katalon.core.webui.keyword.internal.WebUIKeywordMain.stepFailed(WebUIKeywordMain.groovy:64)
	at com.kms.katalon.core.webui.keyword.internal.WebUIKeywordMain$stepFailed$0.call(Unknown Source)
	at com.kms.katalon.core.webui.keyword.builtin.VerifyElementNotPresentKeyword$_verifyElementNotPresent_closure1.doCall(VerifyElementNotPresentKeyword.groovy:113)
	at com.kms.katalon.core.webui.keyword.builtin.VerifyElementNotPresentKeyword$_verifyElementNotPresent_closure1.doCall(VerifyElementNotPresentKeyword.groovy)
	at com.kms.katalon.core.webui.keyword.internal.WebUIKeywordMain.runKeyword(WebUIKeywordMain.groovy:20)
	... 20 more
"/>
         <system-out><![CDATA[2023-10-05 16:32:39 - [TEST_CASE][FAILED] - Test Cases/Product Ecommerce/TC-PEN-016: Test Cases/Product Ecommerce/TC-PEN-016 FAILED.
Reason:
com.kms.katalon.core.exception.StepFailedException: Unable to verify object 'Object Repository/Product Ecommerce/Verifikasi Halaman Product Anda' is not present
	at com.kms.katalon.core.webui.keyword.internal.WebUIKeywordMain.stepFailed(WebUIKeywordMain.groovy:64)
	at com.kms.katalon.core.webui.keyword.internal.WebUIKeywordMain.runKeyword(WebUIKeywordMain.groovy:26)
	at com.kms.katalon.core.webui.keyword.internal.WebUIKeywordMain$runKeyword.call(Unknown Source)
	at com.kms.katalon.core.webui.keyword.builtin.VerifyElementNotPresentKeyword.verifyElementNotPresent(VerifyElementNotPresentKeyword.groovy:122)
	at com.kms.katalon.core.webui.keyword.builtin.VerifyElementNotPresentKeyword.execute(VerifyElementNotPresentKeyword.groovy:68)
	at com.kms.katalon.core.keyword.internal.KeywordExecutor.executeKeywordForPlatform(KeywordExecutor.groovy:74)
	at com.kms.katalon.core.webui.keyword.WebUiBuiltInKeywords.verifyElementNotPresent(WebUiBuiltInKeywords.groovy:1497)
	at com.kms.katalon.core.webui.keyword.WebUiBuiltInKeywords$verifyElementNotPresent$14.call(Unknown Source)
	at TC-PEN-016.run(TC-PEN-016:34)
	at com.kms.katalon.core.main.ScriptEngine.run(ScriptEngine.java:194)
	at com.kms.katalon.core.main.ScriptEngine.runScriptAsRawText(ScriptEngine.java:119)
	at com.kms.katalon.core.main.TestCaseExecutor.runScript(TestCaseExecutor.java:448)
	at com.kms.katalon.core.main.TestCaseExecutor.doExecute(TestCaseExecutor.java:439)
	at com.kms.katalon.core.main.TestCaseExecutor.processExecutionPhase(TestCaseExecutor.java:418)
	at com.kms.katalon.core.main.TestCaseExecutor.accessMainPhase(TestCaseExecutor.java:410)
	at com.kms.katalon.core.main.TestCaseExecutor.execute(TestCaseExecutor.java:285)
	at com.kms.katalon.core.common.CommonExecutor.accessTestCaseMainPhase(CommonExecutor.java:65)
	at com.kms.katalon.core.main.TestSuiteExecutor.accessTestSuiteMainPhase(TestSuiteExecutor.java:148)
	at com.kms.katalon.core.main.TestSuiteExecutor.execute(TestSuiteExecutor.java:106)
	at com.kms.katalon.core.main.TestCaseMain.startTestSuite(TestCaseMain.java:187)
	at com.kms.katalon.core.main.TestCaseMain$startTestSuite$0.call(Unknown Source)
	at TempTestSuite1696497733454.run(TempTestSuite1696497733454.groovy:36)
Caused by: com.kms.katalon.core.exception.StepFailedException: Web element with id: 'Object Repository/Product Ecommerce/Verifikasi Halaman Product Anda' located by 'By.xpath: (.//*[normalize-space(text()) and normalize-space(.)='Home'])[1]/following::li[2]' is present after '30' second(s)
	at com.kms.katalon.core.webui.keyword.internal.WebUIKeywordMain.stepFailed(WebUIKeywordMain.groovy:64)
	at com.kms.katalon.core.webui.keyword.internal.WebUIKeywordMain$stepFailed$0.call(Unknown Source)
	at com.kms.katalon.core.webui.keyword.builtin.VerifyElementNotPresentKeyword$_verifyElementNotPresent_closure1.doCall(VerifyElementNotPresentKeyword.groovy:113)
	at com.kms.katalon.core.webui.keyword.builtin.VerifyElementNotPresentKeyword$_verifyElementNotPresent_closure1.doCall(VerifyElementNotPresentKeyword.groovy)
	at com.kms.katalon.core.webui.keyword.internal.WebUIKeywordMain.runKeyword(WebUIKeywordMain.groovy:20)
	... 20 more


2023-10-05 16:32:40 - [TEST_STEP][PASSED] - callTestCase(findTestCase("Product Ecommerce/TC-PE-001"), [:], STOP_ON_FAILURE): Call Test Case 'Test Cases/Product Ecommerce/TC-PE-001' successfully

2023-10-05 16:32:40 - [TEST_CASE][PASSED] - Test Cases/Product Ecommerce/TC-PE-001: Test Cases/Product Ecommerce/TC-PE-001

2023-10-05 16:32:40 - [TEST_STEP][PASSED] - callTestCase(findTestCase("Login Ecommerce/TC-Login Ecomerce-001"), [:], STOP_ON_FAILURE): Call Test Case 'Test Cases/Login Ecommerce/TC-Login Ecomerce-001' successfully

2023-10-05 16:32:40 - [TEST_CASE][PASSED] - Test Cases/Login Ecommerce/TC-Login Ecomerce-001: Test Cases/Login Ecommerce/TC-Login Ecomerce-001

2023-10-05 16:32:40 - [TEST_STEP][PASSED] - openBrowser(userTajalapak): Browser is opened with url: 'https://10.9.2.63/ecommerce/'

2023-10-05 16:32:40 - [MESSAGE][WARNING] - A browser is already opened. Closing browser and opening a new one

2023-10-05 16:32:40 - [MESSAGE][INFO] - Starting 'Edge Chromium' driver

2023-10-05 16:32:40 - [MESSAGE][INFO] - User set preference: ['acceptInsecureCerts', 'true']

2023-10-05 16:32:43 - [MESSAGE][INFO] - Action delay is set to 0 milliseconds

2023-10-05 16:32:46 - [MESSAGE][PASSED] - Browser is opened with url: 'https://10.9.2.63/ecommerce/'

2023-10-05 16:32:46 - [TEST_STEP][PASSED] - maximizeWindow(): Current window maximized

2023-10-05 16:32:46 - [MESSAGE][PASSED] - Current window maximized

2023-10-05 16:32:46 - [TEST_STEP][PASSED] - verifyElementPresent(findTestObject("Login Ecommerce/Verifikasi Halaman Login Akun"), 0): Object 'Object Repository/Login Ecommerce/Verifikasi Halaman Login Akun' is present

2023-10-05 16:32:46 - [MESSAGE][WARNING] - Timeout '0' is invalid. Using default page load timeout: '30'

2023-10-05 16:32:47 - [MESSAGE][PASSED] - Object 'Object Repository/Login Ecommerce/Verifikasi Halaman Login Akun' is present

2023-10-05 16:32:47 - [TEST_STEP][PASSED] - click(findTestObject("Login Ecommerce/Login Akun")): Object: 'Object Repository/Login Ecommerce/Login Akun' is clicked on

2023-10-05 16:32:47 - [MESSAGE][PASSED] - Object: 'Object Repository/Login Ecommerce/Login Akun' is clicked on

2023-10-05 16:32:47 - [TEST_STEP][PASSED] - verifyElementPresent(findTestObject("Login Ecommerce/Verifikasi Halaman Login Akun"), 0): Object 'Object Repository/Login Ecommerce/Verifikasi Halaman Login Akun' is present

2023-10-05 16:32:47 - [MESSAGE][WARNING] - Timeout '0' is invalid. Using default page load timeout: '30'

2023-10-05 16:32:48 - [MESSAGE][PASSED] - Object 'Object Repository/Login Ecommerce/Verifikasi Halaman Login Akun' is present

2023-10-05 16:32:48 - [TEST_STEP][PASSED] - setText(findTestObject("Login Ecommerce/Input Username"), "riswandha"): Text 'riswandha' is set on object 'Object Repository/Login Ecommerce/Input Username'

2023-10-05 16:32:49 - [MESSAGE][PASSED] - Text 'riswandha' is set on object 'Object Repository/Login Ecommerce/Input Username'

2023-10-05 16:32:49 - [TEST_STEP][PASSED] - setEncryptedText(findTestObject("Login Ecommerce/Input Password"), "iGDxf8hSRT4="): Text ****** has been set on object 'Object Repository/Login Ecommerce/Input Password'

2023-10-05 16:32:49 - [MESSAGE][PASSED] - Text ****** has been set on object 'Object Repository/Login Ecommerce/Input Password'

2023-10-05 16:32:49 - [TEST_STEP][PASSED] - click(findTestObject("Login Ecommerce/Button Masuk")): Object: 'Object Repository/Login Ecommerce/Button Masuk' is clicked on

2023-10-05 16:32:50 - [MESSAGE][PASSED] - Object: 'Object Repository/Login Ecommerce/Button Masuk' is clicked on

2023-10-05 16:32:50 - [TEST_STEP][PASSED] - verifyElementPresent(findTestObject("Login Ecommerce/Verifikasi Login Akun"), 0): Object 'Object Repository/Login Ecommerce/Verifikasi Login Akun' is present

2023-10-05 16:32:50 - [MESSAGE][WARNING] - Timeout '0' is invalid. Using default page load timeout: '30'

2023-10-05 16:32:51 - [MESSAGE][PASSED] - Object 'Object Repository/Login Ecommerce/Verifikasi Login Akun' is present

2023-10-05 16:32:51 - [MESSAGE][PASSED] - Call Test Case 'Test Cases/Login Ecommerce/TC-Login Ecomerce-001' successfully

2023-10-05 16:32:51 - [TEST_STEP][PASSED] - mouseOver(findTestObject("Product Ecommerce/Button Menu toko")): Object: 'Object Repository/Product Ecommerce/Button Menu toko' is hovered

2023-10-05 16:32:51 - [MESSAGE][PASSED] - Object: 'Object Repository/Product Ecommerce/Button Menu toko' is hovered

2023-10-05 16:32:51 - [TEST_STEP][PASSED] - click(findTestObject("Product Ecommerce/Button Daftar Produk")): Object: 'Object Repository/Product Ecommerce/Button Daftar Produk' is clicked on

2023-10-05 16:32:52 - [MESSAGE][PASSED] - Object: 'Object Repository/Product Ecommerce/Button Daftar Produk' is clicked on

2023-10-05 16:32:52 - [TEST_STEP][PASSED] - verifyElementPresent(findTestObject("Product Ecommerce/Verifikasi Halaman Product Anda"), 0): Object 'Object Repository/Product Ecommerce/Verifikasi Halaman Product Anda' is present

2023-10-05 16:32:52 - [MESSAGE][WARNING] - Timeout '0' is invalid. Using default page load timeout: '30'

2023-10-05 16:32:53 - [MESSAGE][PASSED] - Object 'Object Repository/Product Ecommerce/Verifikasi Halaman Product Anda' is present

2023-10-05 16:32:53 - [MESSAGE][PASSED] - Call Test Case 'Test Cases/Product Ecommerce/TC-PE-001' successfully

2023-10-05 16:32:53 - [TEST_STEP][PASSED] - mouseOver(findTestObject("Product Ecommerce/Image Gambar produk 1")): Object: 'Object Repository/Product Ecommerce/Image Gambar produk 1' is hovered

2023-10-05 16:32:53 - [MESSAGE][PASSED] - Object: 'Object Repository/Product Ecommerce/Image Gambar produk 1' is hovered

2023-10-05 16:32:53 - [TEST_STEP][PASSED] - click(findTestObject("Product Ecommerce/Tambahkan Product/Edit Data")): Object: 'Object Repository/Product Ecommerce/Tambahkan Product/Edit Data' is clicked on

2023-10-05 16:32:54 - [MESSAGE][PASSED] - Object: 'Object Repository/Product Ecommerce/Tambahkan Product/Edit Data' is clicked on

2023-10-05 16:32:54 - [TEST_STEP][PASSED] - verifyElementPresent(findTestObject("Product Ecommerce/Tambahkan Product/Button Update Data"), 0): Object 'Object Repository/Product Ecommerce/Tambahkan Product/Button Update Data' is present

2023-10-05 16:32:54 - [MESSAGE][WARNING] - Timeout '0' is invalid. Using default page load timeout: '30'

2023-10-05 16:32:55 - [MESSAGE][PASSED] - Object 'Object Repository/Product Ecommerce/Tambahkan Product/Button Update Data' is present

2023-10-05 16:32:55 - [TEST_STEP][PASSED] - setText(findTestObject("Product Admin/TambahProduk/Input Stok Awal"), "5"): Text '5' is set on object 'Object Repository/Product Admin/TambahProduk/Input Stok Awal'

2023-10-05 16:32:56 - [MESSAGE][PASSED] - Text '5' is set on object 'Object Repository/Product Admin/TambahProduk/Input Stok Awal'

2023-10-05 16:32:56 - [TEST_STEP][PASSED] - setText(findTestObject("Product Ecommerce/Tambahkan Product/Input Minimum Order"), "10"): Text '10' is set on object 'Object Repository/Product Ecommerce/Tambahkan Product/Input Minimum Order'

2023-10-05 16:32:56 - [MESSAGE][PASSED] - Text '10' is set on object 'Object Repository/Product Ecommerce/Tambahkan Product/Input Minimum Order'

2023-10-05 16:32:56 - [TEST_STEP][PASSED] - click(findTestObject("Product Ecommerce/Tambahkan Product/Button Update Data")): Object: 'Object Repository/Product Ecommerce/Tambahkan Product/Button Update Data' is clicked on

2023-10-05 16:32:57 - [MESSAGE][PASSED] - Object: 'Object Repository/Product Ecommerce/Tambahkan Product/Button Update Data' is clicked on

2023-10-05 16:32:57 - [TEST_STEP][FAILED] - verifyElementNotPresent(findTestObject("Product Ecommerce/Verifikasi Halaman Product Anda"), 0): Unable to verify object 'Object Repository/Product Ecommerce/Verifikasi Halaman Product Anda' is not present (Root cause: com.kms.katalon.core.exception.StepFailedException: Unable to verify object 'Object Repository/Product Ecommerce/Verifikasi Halaman Product Anda' is not present
	at com.kms.katalon.core.webui.keyword.internal.WebUIKeywordMain.stepFailed(WebUIKeywordMain.groovy:64)
	at com.kms.katalon.core.webui.keyword.internal.WebUIKeywordMain.runKeyword(WebUIKeywordMain.groovy:26)
	at com.kms.katalon.core.webui.keyword.internal.WebUIKeywordMain$runKeyword.call(Unknown Source)
	at com.kms.katalon.core.webui.keyword.builtin.VerifyElementNotPresentKeyword.verifyElementNotPresent(VerifyElementNotPresentKeyword.groovy:122)
	at com.kms.katalon.core.webui.keyword.builtin.VerifyElementNotPresentKeyword.execute(VerifyElementNotPresentKeyword.groovy:68)
	at com.kms.katalon.core.keyword.internal.KeywordExecutor.executeKeywordForPlatform(KeywordExecutor.groovy:74)
	at com.kms.katalon.core.webui.keyword.WebUiBuiltInKeywords.verifyElementNotPresent(WebUiBuiltInKeywords.groovy:1497)
	at com.kms.katalon.core.webui.keyword.WebUiBuiltInKeywords$verifyElementNotPresent$14.call(Unknown Source)
	at TC-PEN-016.run(TC-PEN-016:34)
	at com.kms.katalon.core.main.ScriptEngine.run(ScriptEngine.java:194)
	at com.kms.katalon.core.main.ScriptEngine.runScriptAsRawText(ScriptEngine.java:119)
	at com.kms.katalon.core.main.TestCaseExecutor.runScript(TestCaseExecutor.java:448)
	at com.kms.katalon.core.main.TestCaseExecutor.doExecute(TestCaseExecutor.java:439)
	at com.kms.katalon.core.main.TestCaseExecutor.processExecutionPhase(TestCaseExecutor.java:418)
	at com.kms.katalon.core.main.TestCaseExecutor.accessMainPhase(TestCaseExecutor.java:410)
	at com.kms.katalon.core.main.TestCaseExecutor.execute(TestCaseExecutor.java:285)
	at com.kms.katalon.core.common.CommonExecutor.accessTestCaseMainPhase(CommonExecutor.java:65)
	at com.kms.katalon.core.main.TestSuiteExecutor.accessTestSuiteMainPhase(TestSuiteExecutor.java:148)
	at com.kms.katalon.core.main.TestSuiteExecutor.execute(TestSuiteExecutor.java:106)
	at com.kms.katalon.core.main.TestCaseMain.startTestSuite(TestCaseMain.java:187)
	at com.kms.katalon.core.main.TestCaseMain$startTestSuite$0.call(Unknown Source)
	at TempTestSuite1696497733454.run(TempTestSuite1696497733454.groovy:36)
Caused by: com.kms.katalon.core.exception.StepFailedException: Web element with id: 'Object Repository/Product Ecommerce/Verifikasi Halaman Product Anda' located by 'By.xpath: (.//*[normalize-space(text()) and normalize-space(.)='Home'])[1]/following::li[2]' is present after '30' second(s)
	at com.kms.katalon.core.webui.keyword.internal.WebUIKeywordMain.stepFailed(WebUIKeywordMain.groovy:64)
	at com.kms.katalon.core.webui.keyword.internal.WebUIKeywordMain$stepFailed$0.call(Unknown Source)
	at com.kms.katalon.core.webui.keyword.builtin.VerifyElementNotPresentKeyword$_verifyElementNotPresent_closure1.doCall(VerifyElementNotPresentKeyword.groovy:113)
	at com.kms.katalon.core.webui.keyword.builtin.VerifyElementNotPresentKeyword$_verifyElementNotPresent_closure1.doCall(VerifyElementNotPresentKeyword.groovy)
	at com.kms.katalon.core.webui.keyword.internal.WebUIKeywordMain.runKeyword(WebUIKeywordMain.groovy:20)
	... 20 more
)

2023-10-05 16:32:57 - [MESSAGE][WARNING] - Timeout '0' is invalid. Using default page load timeout: '30'

2023-10-05 16:33:27 - [MESSAGE][FAILED] - Web element with id: 'Object Repository/Product Ecommerce/Verifikasi Halaman Product Anda' located by 'By.xpath: (.//*[normalize-space(text()) and normalize-space(.)='Home'])[1]/following::li[2]' is present after '30' second(s) (Root cause: com.kms.katalon.core.exception.StepFailedException: Web element with id: 'Object Repository/Product Ecommerce/Verifikasi Halaman Product Anda' located by 'By.xpath: (.//*[normalize-space(text()) and normalize-space(.)='Home'])[1]/following::li[2]' is present after '30' second(s)
	at com.kms.katalon.core.webui.keyword.internal.WebUIKeywordMain.stepFailed(WebUIKeywordMain.groovy:64)
	at com.kms.katalon.core.webui.keyword.internal.WebUIKeywordMain$stepFailed$0.call(Unknown Source)
	at com.kms.katalon.core.webui.keyword.builtin.VerifyElementNotPresentKeyword$_verifyElementNotPresent_closure1.doCall(VerifyElementNotPresentKeyword.groovy:113)
	at com.kms.katalon.core.webui.keyword.builtin.VerifyElementNotPresentKeyword$_verifyElementNotPresent_closure1.doCall(VerifyElementNotPresentKeyword.groovy)
	at com.kms.katalon.core.webui.keyword.internal.WebUIKeywordMain.runKeyword(WebUIKeywordMain.groovy:20)
	at com.kms.katalon.core.webui.keyword.internal.WebUIKeywordMain$runKeyword.call(Unknown Source)
	at com.kms.katalon.core.webui.keyword.builtin.VerifyElementNotPresentKeyword.verifyElementNotPresent(VerifyElementNotPresentKeyword.groovy:122)
	at com.kms.katalon.core.webui.keyword.builtin.VerifyElementNotPresentKeyword.execute(VerifyElementNotPresentKeyword.groovy:68)
	at com.kms.katalon.core.keyword.internal.KeywordExecutor.executeKeywordForPlatform(KeywordExecutor.groovy:74)
	at com.kms.katalon.core.webui.keyword.WebUiBuiltInKeywords.verifyElementNotPresent(WebUiBuiltInKeywords.groovy:1497)
	at com.kms.katalon.core.webui.keyword.WebUiBuiltInKeywords$verifyElementNotPresent$14.call(Unknown Source)
	at TC-PEN-016.run(TC-PEN-016:34)
	at com.kms.katalon.core.main.ScriptEngine.run(ScriptEngine.java:194)
	at com.kms.katalon.core.main.ScriptEngine.runScriptAsRawText(ScriptEngine.java:119)
	at com.kms.katalon.core.main.TestCaseExecutor.runScript(TestCaseExecutor.java:448)
	at com.kms.katalon.core.main.TestCaseExecutor.doExecute(TestCaseExecutor.java:439)
	at com.kms.katalon.core.main.TestCaseExecutor.processExecutionPhase(TestCaseExecutor.java:418)
	at com.kms.katalon.core.main.TestCaseExecutor.accessMainPhase(TestCaseExecutor.java:410)
	at com.kms.katalon.core.main.TestCaseExecutor.execute(TestCaseExecutor.java:285)
	at com.kms.katalon.core.common.CommonExecutor.accessTestCaseMainPhase(CommonExecutor.java:65)
	at com.kms.katalon.core.main.TestSuiteExecutor.accessTestSuiteMainPhase(TestSuiteExecutor.java:148)
	at com.kms.katalon.core.main.TestSuiteExecutor.execute(TestSuiteExecutor.java:106)
	at com.kms.katalon.core.main.TestCaseMain.startTestSuite(TestCaseMain.java:187)
	at com.kms.katalon.core.main.TestCaseMain$startTestSuite$0.call(Unknown Source)
	at TempTestSuite1696497733454.run(TempTestSuite1696497733454.groovy:36)
)
[[ATTACHMENT|G:\\Project Xsis\\batch-324-qa\\Riswan\\Sprint 2 Product Tajalapak\\Reports\\20231005_162213\\Product Ecomerce\\20231005_162213\\1696498407679.png]]

2023-10-05 16:33:27 - [MESSAGE][FAILED] - Unable to verify object 'Object Repository/Product Ecommerce/Verifikasi Halaman Product Anda' is not present (Root cause: com.kms.katalon.core.exception.StepFailedException: Unable to verify object 'Object Repository/Product Ecommerce/Verifikasi Halaman Product Anda' is not present
	at com.kms.katalon.core.webui.keyword.internal.WebUIKeywordMain.stepFailed(WebUIKeywordMain.groovy:64)
	at com.kms.katalon.core.webui.keyword.internal.WebUIKeywordMain.runKeyword(WebUIKeywordMain.groovy:26)
	at com.kms.katalon.core.webui.keyword.internal.WebUIKeywordMain$runKeyword.call(Unknown Source)
	at com.kms.katalon.core.webui.keyword.builtin.VerifyElementNotPresentKeyword.verifyElementNotPresent(VerifyElementNotPresentKeyword.groovy:122)
	at com.kms.katalon.core.webui.keyword.builtin.VerifyElementNotPresentKeyword.execute(VerifyElementNotPresentKeyword.groovy:68)
	at com.kms.katalon.core.keyword.internal.KeywordExecutor.executeKeywordForPlatform(KeywordExecutor.groovy:74)
	at com.kms.katalon.core.webui.keyword.WebUiBuiltInKeywords.verifyElementNotPresent(WebUiBuiltInKeywords.groovy:1497)
	at com.kms.katalon.core.webui.keyword.WebUiBuiltInKeywords$verifyElementNotPresent$14.call(Unknown Source)
	at TC-PEN-016.run(TC-PEN-016:34)
	at com.kms.katalon.core.main.ScriptEngine.run(ScriptEngine.java:194)
	at com.kms.katalon.core.main.ScriptEngine.runScriptAsRawText(ScriptEngine.java:119)
	at com.kms.katalon.core.main.TestCaseExecutor.runScript(TestCaseExecutor.java:448)
	at com.kms.katalon.core.main.TestCaseExecutor.doExecute(TestCaseExecutor.java:439)
	at com.kms.katalon.core.main.TestCaseExecutor.processExecutionPhase(TestCaseExecutor.java:418)
	at com.kms.katalon.core.main.TestCaseExecutor.accessMainPhase(TestCaseExecutor.java:410)
	at com.kms.katalon.core.main.TestCaseExecutor.execute(TestCaseExecutor.java:285)
	at com.kms.katalon.core.common.CommonExecutor.accessTestCaseMainPhase(CommonExecutor.java:65)
	at com.kms.katalon.core.main.TestSuiteExecutor.accessTestSuiteMainPhase(TestSuiteExecutor.java:148)
	at com.kms.katalon.core.main.TestSuiteExecutor.execute(TestSuiteExecutor.java:106)
	at com.kms.katalon.core.main.TestCaseMain.startTestSuite(TestCaseMain.java:187)
	at com.kms.katalon.core.main.TestCaseMain$startTestSuite$0.call(Unknown Source)
	at TempTestSuite1696497733454.run(TempTestSuite1696497733454.groovy:36)
Caused by: com.kms.katalon.core.exception.StepFailedException: Web element with id: 'Object Repository/Product Ecommerce/Verifikasi Halaman Product Anda' located by 'By.xpath: (.//*[normalize-space(text()) and normalize-space(.)='Home'])[1]/following::li[2]' is present after '30' second(s)
	at com.kms.katalon.core.webui.keyword.internal.WebUIKeywordMain.stepFailed(WebUIKeywordMain.groovy:64)
	at com.kms.katalon.core.webui.keyword.internal.WebUIKeywordMain$stepFailed$0.call(Unknown Source)
	at com.kms.katalon.core.webui.keyword.builtin.VerifyElementNotPresentKeyword$_verifyElementNotPresent_closure1.doCall(VerifyElementNotPresentKeyword.groovy:113)
	at com.kms.katalon.core.webui.keyword.builtin.VerifyElementNotPresentKeyword$_verifyElementNotPresent_closure1.doCall(VerifyElementNotPresentKeyword.groovy)
	at com.kms.katalon.core.webui.keyword.internal.WebUIKeywordMain.runKeyword(WebUIKeywordMain.groovy:20)
	... 20 more
)
[[ATTACHMENT|G:\\Project Xsis\\batch-324-qa\\Riswan\\Sprint 2 Product Tajalapak\\Reports\\20231005_162213\\Product Ecomerce\\20231005_162213\\1696498407814.png]]]]></system-out>
         <system-err><![CDATA[2023-10-05 16:32:39 - [TEST_CASE][FAILED] - Test Cases/Product Ecommerce/TC-PEN-016: Test Cases/Product Ecommerce/TC-PEN-016 FAILED.
Reason:
com.kms.katalon.core.exception.StepFailedException: Unable to verify object 'Object Repository/Product Ecommerce/Verifikasi Halaman Product Anda' is not present
	at com.kms.katalon.core.webui.keyword.internal.WebUIKeywordMain.stepFailed(WebUIKeywordMain.groovy:64)
	at com.kms.katalon.core.webui.keyword.internal.WebUIKeywordMain.runKeyword(WebUIKeywordMain.groovy:26)
	at com.kms.katalon.core.webui.keyword.internal.WebUIKeywordMain$runKeyword.call(Unknown Source)
	at com.kms.katalon.core.webui.keyword.builtin.VerifyElementNotPresentKeyword.verifyElementNotPresent(VerifyElementNotPresentKeyword.groovy:122)
	at com.kms.katalon.core.webui.keyword.builtin.VerifyElementNotPresentKeyword.execute(VerifyElementNotPresentKeyword.groovy:68)
	at com.kms.katalon.core.keyword.internal.KeywordExecutor.executeKeywordForPlatform(KeywordExecutor.groovy:74)
	at com.kms.katalon.core.webui.keyword.WebUiBuiltInKeywords.verifyElementNotPresent(WebUiBuiltInKeywords.groovy:1497)
	at com.kms.katalon.core.webui.keyword.WebUiBuiltInKeywords$verifyElementNotPresent$14.call(Unknown Source)
	at TC-PEN-016.run(TC-PEN-016:34)
	at com.kms.katalon.core.main.ScriptEngine.run(ScriptEngine.java:194)
	at com.kms.katalon.core.main.ScriptEngine.runScriptAsRawText(ScriptEngine.java:119)
	at com.kms.katalon.core.main.TestCaseExecutor.runScript(TestCaseExecutor.java:448)
	at com.kms.katalon.core.main.TestCaseExecutor.doExecute(TestCaseExecutor.java:439)
	at com.kms.katalon.core.main.TestCaseExecutor.processExecutionPhase(TestCaseExecutor.java:418)
	at com.kms.katalon.core.main.TestCaseExecutor.accessMainPhase(TestCaseExecutor.java:410)
	at com.kms.katalon.core.main.TestCaseExecutor.execute(TestCaseExecutor.java:285)
	at com.kms.katalon.core.common.CommonExecutor.accessTestCaseMainPhase(CommonExecutor.java:65)
	at com.kms.katalon.core.main.TestSuiteExecutor.accessTestSuiteMainPhase(TestSuiteExecutor.java:148)
	at com.kms.katalon.core.main.TestSuiteExecutor.execute(TestSuiteExecutor.java:106)
	at com.kms.katalon.core.main.TestCaseMain.startTestSuite(TestCaseMain.java:187)
	at com.kms.katalon.core.main.TestCaseMain$startTestSuite$0.call(Unknown Source)
	at TempTestSuite1696497733454.run(TempTestSuite1696497733454.groovy:36)
Caused by: com.kms.katalon.core.exception.StepFailedException: Web element with id: 'Object Repository/Product Ecommerce/Verifikasi Halaman Product Anda' located by 'By.xpath: (.//*[normalize-space(text()) and normalize-space(.)='Home'])[1]/following::li[2]' is present after '30' second(s)
	at com.kms.katalon.core.webui.keyword.internal.WebUIKeywordMain.stepFailed(WebUIKeywordMain.groovy:64)
	at com.kms.katalon.core.webui.keyword.internal.WebUIKeywordMain$stepFailed$0.call(Unknown Source)
	at com.kms.katalon.core.webui.keyword.builtin.VerifyElementNotPresentKeyword$_verifyElementNotPresent_closure1.doCall(VerifyElementNotPresentKeyword.groovy:113)
	at com.kms.katalon.core.webui.keyword.builtin.VerifyElementNotPresentKeyword$_verifyElementNotPresent_closure1.doCall(VerifyElementNotPresentKeyword.groovy)
	at com.kms.katalon.core.webui.keyword.internal.WebUIKeywordMain.runKeyword(WebUIKeywordMain.groovy:20)
	... 20 more]]></system-err>
      </testcase>
      <testcase name="Test Cases/Product Ecommerce/TC-PEN-017" time="15.92" classname="Test Cases/Product Ecommerce/TC-PEN-017" status="PASSED">
         <system-out><![CDATA[2023-10-05 16:33:27 - [TEST_CASE][PASSED] - Test Cases/Product Ecommerce/TC-PEN-017: Test Cases/Product Ecommerce/TC-PEN-017

2023-10-05 16:33:28 - [TEST_STEP][PASSED] - callTestCase(findTestCase("Product Ecommerce/TC-PE-001"), [:], STOP_ON_FAILURE): Call Test Case 'Test Cases/Product Ecommerce/TC-PE-001' successfully

2023-10-05 16:33:28 - [TEST_CASE][PASSED] - Test Cases/Product Ecommerce/TC-PE-001: Test Cases/Product Ecommerce/TC-PE-001

2023-10-05 16:33:28 - [TEST_STEP][PASSED] - callTestCase(findTestCase("Login Ecommerce/TC-Login Ecomerce-001"), [:], STOP_ON_FAILURE): Call Test Case 'Test Cases/Login Ecommerce/TC-Login Ecomerce-001' successfully

2023-10-05 16:33:28 - [TEST_CASE][PASSED] - Test Cases/Login Ecommerce/TC-Login Ecomerce-001: Test Cases/Login Ecommerce/TC-Login Ecomerce-001

2023-10-05 16:33:28 - [TEST_STEP][PASSED] - openBrowser(userTajalapak): Browser is opened with url: 'https://10.9.2.63/ecommerce/'

2023-10-05 16:33:28 - [MESSAGE][WARNING] - A browser is already opened. Closing browser and opening a new one

2023-10-05 16:33:29 - [MESSAGE][INFO] - Starting 'Edge Chromium' driver

2023-10-05 16:33:29 - [MESSAGE][INFO] - User set preference: ['acceptInsecureCerts', 'true']

2023-10-05 16:33:31 - [MESSAGE][INFO] - Action delay is set to 0 milliseconds

2023-10-05 16:33:34 - [MESSAGE][PASSED] - Browser is opened with url: 'https://10.9.2.63/ecommerce/'

2023-10-05 16:33:34 - [TEST_STEP][PASSED] - maximizeWindow(): Current window maximized

2023-10-05 16:33:34 - [MESSAGE][PASSED] - Current window maximized

2023-10-05 16:33:34 - [TEST_STEP][PASSED] - verifyElementPresent(findTestObject("Login Ecommerce/Verifikasi Halaman Login Akun"), 0): Object 'Object Repository/Login Ecommerce/Verifikasi Halaman Login Akun' is present

2023-10-05 16:33:34 - [MESSAGE][WARNING] - Timeout '0' is invalid. Using default page load timeout: '30'

2023-10-05 16:33:35 - [MESSAGE][PASSED] - Object 'Object Repository/Login Ecommerce/Verifikasi Halaman Login Akun' is present

2023-10-05 16:33:35 - [TEST_STEP][PASSED] - click(findTestObject("Login Ecommerce/Login Akun")): Object: 'Object Repository/Login Ecommerce/Login Akun' is clicked on

2023-10-05 16:33:35 - [MESSAGE][PASSED] - Object: 'Object Repository/Login Ecommerce/Login Akun' is clicked on

2023-10-05 16:33:35 - [TEST_STEP][PASSED] - verifyElementPresent(findTestObject("Login Ecommerce/Verifikasi Halaman Login Akun"), 0): Object 'Object Repository/Login Ecommerce/Verifikasi Halaman Login Akun' is present

2023-10-05 16:33:35 - [MESSAGE][WARNING] - Timeout '0' is invalid. Using default page load timeout: '30'

2023-10-05 16:33:36 - [MESSAGE][PASSED] - Object 'Object Repository/Login Ecommerce/Verifikasi Halaman Login Akun' is present

2023-10-05 16:33:36 - [TEST_STEP][PASSED] - setText(findTestObject("Login Ecommerce/Input Username"), "riswandha"): Text 'riswandha' is set on object 'Object Repository/Login Ecommerce/Input Username'

2023-10-05 16:33:36 - [MESSAGE][PASSED] - Text 'riswandha' is set on object 'Object Repository/Login Ecommerce/Input Username'

2023-10-05 16:33:36 - [TEST_STEP][PASSED] - setEncryptedText(findTestObject("Login Ecommerce/Input Password"), "iGDxf8hSRT4="): Text ****** has been set on object 'Object Repository/Login Ecommerce/Input Password'

2023-10-05 16:33:37 - [MESSAGE][PASSED] - Text ****** has been set on object 'Object Repository/Login Ecommerce/Input Password'

2023-10-05 16:33:37 - [TEST_STEP][PASSED] - click(findTestObject("Login Ecommerce/Button Masuk")): Object: 'Object Repository/Login Ecommerce/Button Masuk' is clicked on

2023-10-05 16:33:38 - [MESSAGE][PASSED] - Object: 'Object Repository/Login Ecommerce/Button Masuk' is clicked on

2023-10-05 16:33:38 - [TEST_STEP][PASSED] - verifyElementPresent(findTestObject("Login Ecommerce/Verifikasi Login Akun"), 0): Object 'Object Repository/Login Ecommerce/Verifikasi Login Akun' is present

2023-10-05 16:33:38 - [MESSAGE][WARNING] - Timeout '0' is invalid. Using default page load timeout: '30'

2023-10-05 16:33:38 - [MESSAGE][PASSED] - Object 'Object Repository/Login Ecommerce/Verifikasi Login Akun' is present

2023-10-05 16:33:38 - [MESSAGE][PASSED] - Call Test Case 'Test Cases/Login Ecommerce/TC-Login Ecomerce-001' successfully

2023-10-05 16:33:38 - [TEST_STEP][PASSED] - mouseOver(findTestObject("Product Ecommerce/Button Menu toko")): Object: 'Object Repository/Product Ecommerce/Button Menu toko' is hovered

2023-10-05 16:33:39 - [MESSAGE][PASSED] - Object: 'Object Repository/Product Ecommerce/Button Menu toko' is hovered

2023-10-05 16:33:39 - [TEST_STEP][PASSED] - click(findTestObject("Product Ecommerce/Button Daftar Produk")): Object: 'Object Repository/Product Ecommerce/Button Daftar Produk' is clicked on

2023-10-05 16:33:40 - [MESSAGE][PASSED] - Object: 'Object Repository/Product Ecommerce/Button Daftar Produk' is clicked on

2023-10-05 16:33:40 - [TEST_STEP][PASSED] - verifyElementPresent(findTestObject("Product Ecommerce/Verifikasi Halaman Product Anda"), 0): Object 'Object Repository/Product Ecommerce/Verifikasi Halaman Product Anda' is present

2023-10-05 16:33:40 - [MESSAGE][WARNING] - Timeout '0' is invalid. Using default page load timeout: '30'

2023-10-05 16:33:40 - [MESSAGE][PASSED] - Object 'Object Repository/Product Ecommerce/Verifikasi Halaman Product Anda' is present

2023-10-05 16:33:40 - [MESSAGE][PASSED] - Call Test Case 'Test Cases/Product Ecommerce/TC-PE-001' successfully

2023-10-05 16:33:40 - [TEST_STEP][PASSED] - mouseOver(findTestObject("Product Ecommerce/Image Gambar produk 1")): Object: 'Object Repository/Product Ecommerce/Image Gambar produk 1' is hovered

2023-10-05 16:33:41 - [MESSAGE][PASSED] - Object: 'Object Repository/Product Ecommerce/Image Gambar produk 1' is hovered

2023-10-05 16:33:41 - [TEST_STEP][PASSED] - click(findTestObject("Product Ecommerce/Tambahkan Product/Edit Data")): Object: 'Object Repository/Product Ecommerce/Tambahkan Product/Edit Data' is clicked on

2023-10-05 16:33:41 - [MESSAGE][PASSED] - Object: 'Object Repository/Product Ecommerce/Tambahkan Product/Edit Data' is clicked on

2023-10-05 16:33:41 - [TEST_STEP][PASSED] - verifyElementPresent(findTestObject("Product Ecommerce/Tambahkan Product/Button Update Data"), 0): Object 'Object Repository/Product Ecommerce/Tambahkan Product/Button Update Data' is present

2023-10-05 16:33:41 - [MESSAGE][WARNING] - Timeout '0' is invalid. Using default page load timeout: '30'

2023-10-05 16:33:42 - [MESSAGE][PASSED] - Object 'Object Repository/Product Ecommerce/Tambahkan Product/Button Update Data' is present

2023-10-05 16:33:42 - [TEST_STEP][PASSED] - click(findTestObject("Product Ecommerce/Tambahkan Product/Input Hapus Kolom Variasi 1")): Object: 'Object Repository/Product Ecommerce/Tambahkan Product/Input Hapus Kolom Variasi 1' is clicked on

2023-10-05 16:33:42 - [MESSAGE][PASSED] - Object: 'Object Repository/Product Ecommerce/Tambahkan Product/Input Hapus Kolom Variasi 1' is clicked on

2023-10-05 16:33:42 - [TEST_STEP][PASSED] - click(findTestObject("Product Ecommerce/Tambahkan Product/Input Hapus Kolom Variasi 1")): Object: 'Object Repository/Product Ecommerce/Tambahkan Product/Input Hapus Kolom Variasi 1' is clicked on

2023-10-05 16:33:43 - [MESSAGE][PASSED] - Object: 'Object Repository/Product Ecommerce/Tambahkan Product/Input Hapus Kolom Variasi 1' is clicked on

2023-10-05 16:33:43 - [TEST_STEP][PASSED] - click(findTestObject("Product Ecommerce/Tambahkan Product/Input Hapus Kolom Variasi 1")): Object: 'Object Repository/Product Ecommerce/Tambahkan Product/Input Hapus Kolom Variasi 1' is clicked on

2023-10-05 16:33:43 - [MESSAGE][PASSED] - Object: 'Object Repository/Product Ecommerce/Tambahkan Product/Input Hapus Kolom Variasi 1' is clicked on

2023-10-05 16:33:43 - [TEST_STEP][PASSED] - notif = getAlertText(): Get alert text successfully: 'Tidak ditemukan textbox untuk dihapus.'

2023-10-05 16:33:43 - [MESSAGE][PASSED] - Get alert text successfully: 'Tidak ditemukan textbox untuk dihapus.'

2023-10-05 16:33:43 - [TEST_STEP][PASSED] - assert "Tidak ditemukan textbox untuk dihapus." == notif: null]]></system-out>
         <system-err><![CDATA[]]></system-err>
      </testcase>
      <testcase name="Test Cases/Product Ecommerce/TC-PEN-018" time="18.693" classname="Test Cases/Product Ecommerce/TC-PEN-018" status="FAILED">
         <failure type="FAILED" message="Test Cases/Product Ecommerce/TC-PEN-018 FAILED.
Reason:
Assertion failed: 

assert accept_button_message == &quot;Code Name Is not valid&quot;
       |                     |
       &quot;&quot;                    false

	at TC-PEN-018.run(TC-PEN-018:56)
	at com.kms.katalon.core.main.ScriptEngine.run(ScriptEngine.java:194)
	at com.kms.katalon.core.main.ScriptEngine.runScriptAsRawText(ScriptEngine.java:119)
	at com.kms.katalon.core.main.TestCaseExecutor.runScript(TestCaseExecutor.java:448)
	at com.kms.katalon.core.main.TestCaseExecutor.doExecute(TestCaseExecutor.java:439)
	at com.kms.katalon.core.main.TestCaseExecutor.processExecutionPhase(TestCaseExecutor.java:418)
	at com.kms.katalon.core.main.TestCaseExecutor.accessMainPhase(TestCaseExecutor.java:410)
	at com.kms.katalon.core.main.TestCaseExecutor.execute(TestCaseExecutor.java:285)
	at com.kms.katalon.core.common.CommonExecutor.accessTestCaseMainPhase(CommonExecutor.java:65)
	at com.kms.katalon.core.main.TestSuiteExecutor.accessTestSuiteMainPhase(TestSuiteExecutor.java:148)
	at com.kms.katalon.core.main.TestSuiteExecutor.execute(TestSuiteExecutor.java:106)
	at com.kms.katalon.core.main.TestCaseMain.startTestSuite(TestCaseMain.java:187)
	at com.kms.katalon.core.main.TestCaseMain$startTestSuite$0.call(Unknown Source)
	at TempTestSuite1696497733454.run(TempTestSuite1696497733454.groovy:36)
"/>
         <system-out><![CDATA[2023-10-05 16:33:43 - [TEST_CASE][FAILED] - Test Cases/Product Ecommerce/TC-PEN-018: Test Cases/Product Ecommerce/TC-PEN-018 FAILED.
Reason:
Assertion failed: 

assert accept_button_message == "Code Name Is not valid"
       |                     |
       ""                    false

	at TC-PEN-018.run(TC-PEN-018:56)
	at com.kms.katalon.core.main.ScriptEngine.run(ScriptEngine.java:194)
	at com.kms.katalon.core.main.ScriptEngine.runScriptAsRawText(ScriptEngine.java:119)
	at com.kms.katalon.core.main.TestCaseExecutor.runScript(TestCaseExecutor.java:448)
	at com.kms.katalon.core.main.TestCaseExecutor.doExecute(TestCaseExecutor.java:439)
	at com.kms.katalon.core.main.TestCaseExecutor.processExecutionPhase(TestCaseExecutor.java:418)
	at com.kms.katalon.core.main.TestCaseExecutor.accessMainPhase(TestCaseExecutor.java:410)
	at com.kms.katalon.core.main.TestCaseExecutor.execute(TestCaseExecutor.java:285)
	at com.kms.katalon.core.common.CommonExecutor.accessTestCaseMainPhase(CommonExecutor.java:65)
	at com.kms.katalon.core.main.TestSuiteExecutor.accessTestSuiteMainPhase(TestSuiteExecutor.java:148)
	at com.kms.katalon.core.main.TestSuiteExecutor.execute(TestSuiteExecutor.java:106)
	at com.kms.katalon.core.main.TestCaseMain.startTestSuite(TestCaseMain.java:187)
	at com.kms.katalon.core.main.TestCaseMain$startTestSuite$0.call(Unknown Source)
	at TempTestSuite1696497733454.run(TempTestSuite1696497733454.groovy:36)


2023-10-05 16:33:44 - [TEST_STEP][PASSED] - callTestCase(findTestCase("Product Ecommerce/TC-PE-001"), [:], STOP_ON_FAILURE): Call Test Case 'Test Cases/Product Ecommerce/TC-PE-001' successfully

2023-10-05 16:33:44 - [TEST_CASE][PASSED] - Test Cases/Product Ecommerce/TC-PE-001: Test Cases/Product Ecommerce/TC-PE-001

2023-10-05 16:33:44 - [TEST_STEP][PASSED] - callTestCase(findTestCase("Login Ecommerce/TC-Login Ecomerce-001"), [:], STOP_ON_FAILURE): Call Test Case 'Test Cases/Login Ecommerce/TC-Login Ecomerce-001' successfully

2023-10-05 16:33:44 - [TEST_CASE][PASSED] - Test Cases/Login Ecommerce/TC-Login Ecomerce-001: Test Cases/Login Ecommerce/TC-Login Ecomerce-001

2023-10-05 16:33:44 - [TEST_STEP][PASSED] - openBrowser(userTajalapak): Browser is opened with url: 'https://10.9.2.63/ecommerce/'

2023-10-05 16:33:44 - [MESSAGE][WARNING] - A browser is already opened. Closing browser and opening a new one

2023-10-05 16:33:45 - [MESSAGE][INFO] - Starting 'Edge Chromium' driver

2023-10-05 16:33:45 - [MESSAGE][INFO] - User set preference: ['acceptInsecureCerts', 'true']

2023-10-05 16:33:47 - [MESSAGE][INFO] - Action delay is set to 0 milliseconds

2023-10-05 16:33:50 - [MESSAGE][PASSED] - Browser is opened with url: 'https://10.9.2.63/ecommerce/'

2023-10-05 16:33:50 - [TEST_STEP][PASSED] - maximizeWindow(): Current window maximized

2023-10-05 16:33:50 - [MESSAGE][PASSED] - Current window maximized

2023-10-05 16:33:50 - [TEST_STEP][PASSED] - verifyElementPresent(findTestObject("Login Ecommerce/Verifikasi Halaman Login Akun"), 0): Object 'Object Repository/Login Ecommerce/Verifikasi Halaman Login Akun' is present

2023-10-05 16:33:50 - [MESSAGE][WARNING] - Timeout '0' is invalid. Using default page load timeout: '30'

2023-10-05 16:33:51 - [MESSAGE][PASSED] - Object 'Object Repository/Login Ecommerce/Verifikasi Halaman Login Akun' is present

2023-10-05 16:33:51 - [TEST_STEP][PASSED] - click(findTestObject("Login Ecommerce/Login Akun")): Object: 'Object Repository/Login Ecommerce/Login Akun' is clicked on

2023-10-05 16:33:51 - [MESSAGE][PASSED] - Object: 'Object Repository/Login Ecommerce/Login Akun' is clicked on

2023-10-05 16:33:51 - [TEST_STEP][PASSED] - verifyElementPresent(findTestObject("Login Ecommerce/Verifikasi Halaman Login Akun"), 0): Object 'Object Repository/Login Ecommerce/Verifikasi Halaman Login Akun' is present

2023-10-05 16:33:51 - [MESSAGE][WARNING] - Timeout '0' is invalid. Using default page load timeout: '30'

2023-10-05 16:33:52 - [MESSAGE][PASSED] - Object 'Object Repository/Login Ecommerce/Verifikasi Halaman Login Akun' is present

2023-10-05 16:33:52 - [TEST_STEP][PASSED] - setText(findTestObject("Login Ecommerce/Input Username"), "riswandha"): Text 'riswandha' is set on object 'Object Repository/Login Ecommerce/Input Username'

2023-10-05 16:33:53 - [MESSAGE][PASSED] - Text 'riswandha' is set on object 'Object Repository/Login Ecommerce/Input Username'

2023-10-05 16:33:53 - [TEST_STEP][PASSED] - setEncryptedText(findTestObject("Login Ecommerce/Input Password"), "iGDxf8hSRT4="): Text ****** has been set on object 'Object Repository/Login Ecommerce/Input Password'

2023-10-05 16:33:53 - [MESSAGE][PASSED] - Text ****** has been set on object 'Object Repository/Login Ecommerce/Input Password'

2023-10-05 16:33:53 - [TEST_STEP][PASSED] - click(findTestObject("Login Ecommerce/Button Masuk")): Object: 'Object Repository/Login Ecommerce/Button Masuk' is clicked on

2023-10-05 16:33:54 - [MESSAGE][PASSED] - Object: 'Object Repository/Login Ecommerce/Button Masuk' is clicked on

2023-10-05 16:33:54 - [TEST_STEP][PASSED] - verifyElementPresent(findTestObject("Login Ecommerce/Verifikasi Login Akun"), 0): Object 'Object Repository/Login Ecommerce/Verifikasi Login Akun' is present

2023-10-05 16:33:54 - [MESSAGE][WARNING] - Timeout '0' is invalid. Using default page load timeout: '30'

2023-10-05 16:33:55 - [MESSAGE][PASSED] - Object 'Object Repository/Login Ecommerce/Verifikasi Login Akun' is present

2023-10-05 16:33:55 - [MESSAGE][PASSED] - Call Test Case 'Test Cases/Login Ecommerce/TC-Login Ecomerce-001' successfully

2023-10-05 16:33:55 - [TEST_STEP][PASSED] - mouseOver(findTestObject("Product Ecommerce/Button Menu toko")): Object: 'Object Repository/Product Ecommerce/Button Menu toko' is hovered

2023-10-05 16:33:55 - [MESSAGE][PASSED] - Object: 'Object Repository/Product Ecommerce/Button Menu toko' is hovered

2023-10-05 16:33:55 - [TEST_STEP][PASSED] - click(findTestObject("Product Ecommerce/Button Daftar Produk")): Object: 'Object Repository/Product Ecommerce/Button Daftar Produk' is clicked on

2023-10-05 16:33:56 - [MESSAGE][PASSED] - Object: 'Object Repository/Product Ecommerce/Button Daftar Produk' is clicked on

2023-10-05 16:33:56 - [TEST_STEP][PASSED] - verifyElementPresent(findTestObject("Product Ecommerce/Verifikasi Halaman Product Anda"), 0): Object 'Object Repository/Product Ecommerce/Verifikasi Halaman Product Anda' is present

2023-10-05 16:33:56 - [MESSAGE][WARNING] - Timeout '0' is invalid. Using default page load timeout: '30'

2023-10-05 16:33:57 - [MESSAGE][PASSED] - Object 'Object Repository/Product Ecommerce/Verifikasi Halaman Product Anda' is present

2023-10-05 16:33:57 - [MESSAGE][PASSED] - Call Test Case 'Test Cases/Product Ecommerce/TC-PE-001' successfully

2023-10-05 16:33:57 - [TEST_STEP][PASSED] - mouseOver(findTestObject("Product Ecommerce/Image Gambar produk 1")): Object: 'Object Repository/Product Ecommerce/Image Gambar produk 1' is hovered

2023-10-05 16:33:57 - [MESSAGE][PASSED] - Object: 'Object Repository/Product Ecommerce/Image Gambar produk 1' is hovered

2023-10-05 16:33:57 - [TEST_STEP][PASSED] - click(findTestObject("Product Ecommerce/Tambahkan Product/Edit Data")): Object: 'Object Repository/Product Ecommerce/Tambahkan Product/Edit Data' is clicked on

2023-10-05 16:33:58 - [MESSAGE][PASSED] - Object: 'Object Repository/Product Ecommerce/Tambahkan Product/Edit Data' is clicked on

2023-10-05 16:33:58 - [TEST_STEP][PASSED] - verifyElementPresent(findTestObject("Product Ecommerce/Tambahkan Product/Button Update Data"), 0): Object 'Object Repository/Product Ecommerce/Tambahkan Product/Button Update Data' is present

2023-10-05 16:33:58 - [MESSAGE][WARNING] - Timeout '0' is invalid. Using default page load timeout: '30'

2023-10-05 16:33:59 - [MESSAGE][PASSED] - Object 'Object Repository/Product Ecommerce/Tambahkan Product/Button Update Data' is present

2023-10-05 16:33:59 - [TEST_STEP][PASSED] - click(findTestObject("Product Ecommerce/Kupon/Button Buat Product")): Object: 'Object Repository/Product Ecommerce/Kupon/Button Buat Product' is clicked on

2023-10-05 16:33:59 - [MESSAGE][PASSED] - Object: 'Object Repository/Product Ecommerce/Kupon/Button Buat Product' is clicked on

2023-10-05 16:33:59 - [TEST_STEP][PASSED] - verifyElementPresent(findTestObject("Product Ecommerce/Kupon/Verifikasi Halaman Voucher Product"), 0): Object 'Object Repository/Product Ecommerce/Kupon/Verifikasi Halaman Voucher Product' is present

2023-10-05 16:33:59 - [MESSAGE][WARNING] - Timeout '0' is invalid. Using default page load timeout: '30'

2023-10-05 16:34:00 - [MESSAGE][PASSED] - Object 'Object Repository/Product Ecommerce/Kupon/Verifikasi Halaman Voucher Product' is present

2023-10-05 16:34:00 - [TEST_STEP][PASSED] - click(findTestObject("Product Ecommerce/Kupon/Button Edit Voucher")): Object: 'Object Repository/Product Ecommerce/Kupon/Button Edit Voucher' is clicked on

2023-10-05 16:34:00 - [MESSAGE][PASSED] - Object: 'Object Repository/Product Ecommerce/Kupon/Button Edit Voucher' is clicked on

2023-10-05 16:34:00 - [TEST_STEP][PASSED] - setText(findTestObject("Product Ecommerce/Kupon/Input Kode Kupon"), "aaaaaaaaaaaaaaaaaaaaaaaaaaaaaaaaaaaaa"): Text 'aaaaaaaaaaaaaaaaaaaaaaaaaaaaaaaaaaaaa' is set on object 'Object Repository/Product Ecommerce/Kupon/Input Kode Kupon'

2023-10-05 16:34:01 - [MESSAGE][PASSED] - Text 'aaaaaaaaaaaaaaaaaaaaaaaaaaaaaaaaaaaaa' is set on object 'Object Repository/Product Ecommerce/Kupon/Input Kode Kupon'

2023-10-05 16:34:01 - [TEST_STEP][PASSED] - click(findTestObject("Product Ecommerce/Kupon/Button Simpan")): Object: 'Object Repository/Product Ecommerce/Kupon/Button Simpan' is clicked on

2023-10-05 16:34:01 - [MESSAGE][PASSED] - Object: 'Object Repository/Product Ecommerce/Kupon/Button Simpan' is clicked on

2023-10-05 16:34:01 - [TEST_STEP][PASSED] - driver = getWebDriver(): null

2023-10-05 16:34:01 - [TEST_STEP][PASSED] - field_username_element = driver.findElement(By.xpath("//input[@id="kode_kupon"]")): null

2023-10-05 16:34:02 - [TEST_STEP][PASSED] - accept_button_message = driver.executeScript("return arguments[0].validationMessage", field_username_element): null

2023-10-05 16:34:02 - [TEST_STEP][PASSED] - println(accept_button_message): null

2023-10-05 16:34:02 - [TEST_STEP][FAILED] - assert accept_button_message == "Code Name Is not valid": Test Cases/Product Ecommerce/TC-PEN-018 FAILED.
Reason:
Assertion failed: 

assert accept_button_message == "Code Name Is not valid"
       |                     |
       ""                    false

	at TC-PEN-018.run(TC-PEN-018:56)
	at com.kms.katalon.core.main.ScriptEngine.run(ScriptEngine.java:194)
	at com.kms.katalon.core.main.ScriptEngine.runScriptAsRawText(ScriptEngine.java:119)
	at com.kms.katalon.core.main.TestCaseExecutor.runScript(TestCaseExecutor.java:448)
	at com.kms.katalon.core.main.TestCaseExecutor.doExecute(TestCaseExecutor.java:439)
	at com.kms.katalon.core.main.TestCaseExecutor.processExecutionPhase(TestCaseExecutor.java:418)
	at com.kms.katalon.core.main.TestCaseExecutor.accessMainPhase(TestCaseExecutor.java:410)
	at com.kms.katalon.core.main.TestCaseExecutor.execute(TestCaseExecutor.java:285)
	at com.kms.katalon.core.common.CommonExecutor.accessTestCaseMainPhase(CommonExecutor.java:65)
	at com.kms.katalon.core.main.TestSuiteExecutor.accessTestSuiteMainPhase(TestSuiteExecutor.java:148)
	at com.kms.katalon.core.main.TestSuiteExecutor.execute(TestSuiteExecutor.java:106)
	at com.kms.katalon.core.main.TestCaseMain.startTestSuite(TestCaseMain.java:187)
	at com.kms.katalon.core.main.TestCaseMain$startTestSuite$0.call(Unknown Source)
	at TempTestSuite1696497733454.run(TempTestSuite1696497733454.groovy:36)


2023-10-05 16:34:02 - [MESSAGE][FAILED] - Test Cases/Product Ecommerce/TC-PEN-018 FAILED.
Reason:
Assertion failed: 

assert accept_button_message == "Code Name Is not valid"
       |                     |
       ""                    false

	at TC-PEN-018.run(TC-PEN-018:56)
	at com.kms.katalon.core.main.ScriptEngine.run(ScriptEngine.java:194)
	at com.kms.katalon.core.main.ScriptEngine.runScriptAsRawText(ScriptEngine.java:119)
	at com.kms.katalon.core.main.TestCaseExecutor.runScript(TestCaseExecutor.java:448)
	at com.kms.katalon.core.main.TestCaseExecutor.doExecute(TestCaseExecutor.java:439)
	at com.kms.katalon.core.main.TestCaseExecutor.processExecutionPhase(TestCaseExecutor.java:418)
	at com.kms.katalon.core.main.TestCaseExecutor.accessMainPhase(TestCaseExecutor.java:410)
	at com.kms.katalon.core.main.TestCaseExecutor.execute(TestCaseExecutor.java:285)
	at com.kms.katalon.core.common.CommonExecutor.accessTestCaseMainPhase(CommonExecutor.java:65)
	at com.kms.katalon.core.main.TestSuiteExecutor.accessTestSuiteMainPhase(TestSuiteExecutor.java:148)
	at com.kms.katalon.core.main.TestSuiteExecutor.execute(TestSuiteExecutor.java:106)
	at com.kms.katalon.core.main.TestCaseMain.startTestSuite(TestCaseMain.java:187)
	at com.kms.katalon.core.main.TestCaseMain$startTestSuite$0.call(Unknown Source)
	at TempTestSuite1696497733454.run(TempTestSuite1696497733454.groovy:36)]]></system-out>
         <system-err><![CDATA[2023-10-05 16:33:43 - [TEST_CASE][FAILED] - Test Cases/Product Ecommerce/TC-PEN-018: Test Cases/Product Ecommerce/TC-PEN-018 FAILED.
Reason:
Assertion failed: 

assert accept_button_message == "Code Name Is not valid"
       |                     |
       ""                    false

	at TC-PEN-018.run(TC-PEN-018:56)
	at com.kms.katalon.core.main.ScriptEngine.run(ScriptEngine.java:194)
	at com.kms.katalon.core.main.ScriptEngine.runScriptAsRawText(ScriptEngine.java:119)
	at com.kms.katalon.core.main.TestCaseExecutor.runScript(TestCaseExecutor.java:448)
	at com.kms.katalon.core.main.TestCaseExecutor.doExecute(TestCaseExecutor.java:439)
	at com.kms.katalon.core.main.TestCaseExecutor.processExecutionPhase(TestCaseExecutor.java:418)
	at com.kms.katalon.core.main.TestCaseExecutor.accessMainPhase(TestCaseExecutor.java:410)
	at com.kms.katalon.core.main.TestCaseExecutor.execute(TestCaseExecutor.java:285)
	at com.kms.katalon.core.common.CommonExecutor.accessTestCaseMainPhase(CommonExecutor.java:65)
	at com.kms.katalon.core.main.TestSuiteExecutor.accessTestSuiteMainPhase(TestSuiteExecutor.java:148)
	at com.kms.katalon.core.main.TestSuiteExecutor.execute(TestSuiteExecutor.java:106)
	at com.kms.katalon.core.main.TestCaseMain.startTestSuite(TestCaseMain.java:187)
	at com.kms.katalon.core.main.TestCaseMain$startTestSuite$0.call(Unknown Source)
	at TempTestSuite1696497733454.run(TempTestSuite1696497733454.groovy:36)]]></system-err>
      </testcase>
      <system-out><![CDATA[2023-10-05 16:22:46 - [TEST_SUITE][FAILED] - Product Ecomerce: Test Cases/Product Ecommerce/TC-PE-002 FAILED.
Reason:
com.kms.katalon.core.exception.StepFailedException: Unable to verify object 'Object Repository/Product Ecommerce/Verifikasi Halaman Product Anda' is present
	at com.kms.katalon.core.webui.keyword.internal.WebUIKeywordMain.stepFailed(WebUIKeywordMain.groovy:64)
	at com.kms.katalon.core.webui.keyword.internal.WebUIKeywordMain.runKeyword(WebUIKeywordMain.groovy:26)
	at com.kms.katalon.core.webui.keyword.builtin.VerifyElementPresentKeyword.verifyElementPresent(VerifyElementPresentKeyword.groovy:92)
	at com.kms.katalon.core.webui.keyword.builtin.VerifyElementPresentKeyword.execute(VerifyElementPresentKeyword.groovy:68)
	at com.kms.katalon.core.keyword.internal.KeywordExecutor.executeKeywordForPlatform(KeywordExecutor.groovy:74)
	at com.kms.katalon.core.webui.keyword.WebUiBuiltInKeywords.verifyElementPresent(WebUiBuiltInKeywords.groovy:1464)
	at com.kms.katalon.core.webui.keyword.WebUiBuiltInKeywords$verifyElementPresent$1.call(Unknown Source)
	at TC-PE-002.run(TC-PE-002:62)
	at com.kms.katalon.core.main.ScriptEngine.run(ScriptEngine.java:194)
	at com.kms.katalon.core.main.ScriptEngine.runScriptAsRawText(ScriptEngine.java:119)
	at com.kms.katalon.core.main.TestCaseExecutor.runScript(TestCaseExecutor.java:448)
	at com.kms.katalon.core.main.TestCaseExecutor.doExecute(TestCaseExecutor.java:439)
	at com.kms.katalon.core.main.TestCaseExecutor.processExecutionPhase(TestCaseExecutor.java:418)
	at com.kms.katalon.core.main.TestCaseExecutor.accessMainPhase(TestCaseExecutor.java:410)
	at com.kms.katalon.core.main.TestCaseExecutor.execute(TestCaseExecutor.java:285)
	at com.kms.katalon.core.common.CommonExecutor.accessTestCaseMainPhase(CommonExecutor.java:65)
	at com.kms.katalon.core.main.TestSuiteExecutor.accessTestSuiteMainPhase(TestSuiteExecutor.java:148)
	at com.kms.katalon.core.main.TestSuiteExecutor.execute(TestSuiteExecutor.java:106)
	at com.kms.katalon.core.main.TestCaseMain.startTestSuite(TestCaseMain.java:187)
	at com.kms.katalon.core.main.TestCaseMain$startTestSuite$0.call(Unknown Source)
	at TempTestSuite1696497733454.run(TempTestSuite1696497733454.groovy:36)
Caused by: com.kms.katalon.core.exception.StepFailedException: com.kms.katalon.core.webui.exception.WebElementNotFoundException: Web element with id: 'Object Repository/Product Ecommerce/Verifikasi Halaman Product Anda' located by '(.//*[normalize-space(text()) and normalize-space(.)='Home'])[1]/following::li[2]' not found
	at com.kms.katalon.core.webui.keyword.internal.WebUIKeywordMain.stepFailed(WebUIKeywordMain.groovy:64)
	at com.kms.katalon.core.webui.keyword.builtin.VerifyElementPresentKeyword$_verifyElementPresent_closure1.doCall(VerifyElementPresentKeyword.groovy:85)
	at com.kms.katalon.core.webui.keyword.builtin.VerifyElementPresentKeyword$_verifyElementPresent_closure1.call(VerifyElementPresentKeyword.groovy)
	at com.kms.katalon.core.webui.keyword.internal.WebUIKeywordMain.runKeyword(WebUIKeywordMain.groovy:20)
	... 19 more]]></system-out>
      <system-err><![CDATA[2023-10-05 16:22:46 - [TEST_SUITE][FAILED] - Product Ecomerce: Test Cases/Product Ecommerce/TC-PE-002 FAILED.
Reason:
com.kms.katalon.core.exception.StepFailedException: Unable to verify object 'Object Repository/Product Ecommerce/Verifikasi Halaman Product Anda' is present
	at com.kms.katalon.core.webui.keyword.internal.WebUIKeywordMain.stepFailed(WebUIKeywordMain.groovy:64)
	at com.kms.katalon.core.webui.keyword.internal.WebUIKeywordMain.runKeyword(WebUIKeywordMain.groovy:26)
	at com.kms.katalon.core.webui.keyword.builtin.VerifyElementPresentKeyword.verifyElementPresent(VerifyElementPresentKeyword.groovy:92)
	at com.kms.katalon.core.webui.keyword.builtin.VerifyElementPresentKeyword.execute(VerifyElementPresentKeyword.groovy:68)
	at com.kms.katalon.core.keyword.internal.KeywordExecutor.executeKeywordForPlatform(KeywordExecutor.groovy:74)
	at com.kms.katalon.core.webui.keyword.WebUiBuiltInKeywords.verifyElementPresent(WebUiBuiltInKeywords.groovy:1464)
	at com.kms.katalon.core.webui.keyword.WebUiBuiltInKeywords$verifyElementPresent$1.call(Unknown Source)
	at TC-PE-002.run(TC-PE-002:62)
	at com.kms.katalon.core.main.ScriptEngine.run(ScriptEngine.java:194)
	at com.kms.katalon.core.main.ScriptEngine.runScriptAsRawText(ScriptEngine.java:119)
	at com.kms.katalon.core.main.TestCaseExecutor.runScript(TestCaseExecutor.java:448)
	at com.kms.katalon.core.main.TestCaseExecutor.doExecute(TestCaseExecutor.java:439)
	at com.kms.katalon.core.main.TestCaseExecutor.processExecutionPhase(TestCaseExecutor.java:418)
	at com.kms.katalon.core.main.TestCaseExecutor.accessMainPhase(TestCaseExecutor.java:410)
	at com.kms.katalon.core.main.TestCaseExecutor.execute(TestCaseExecutor.java:285)
	at com.kms.katalon.core.common.CommonExecutor.accessTestCaseMainPhase(CommonExecutor.java:65)
	at com.kms.katalon.core.main.TestSuiteExecutor.accessTestSuiteMainPhase(TestSuiteExecutor.java:148)
	at com.kms.katalon.core.main.TestSuiteExecutor.execute(TestSuiteExecutor.java:106)
	at com.kms.katalon.core.main.TestCaseMain.startTestSuite(TestCaseMain.java:187)
	at com.kms.katalon.core.main.TestCaseMain$startTestSuite$0.call(Unknown Source)
	at TempTestSuite1696497733454.run(TempTestSuite1696497733454.groovy:36)
Caused by: com.kms.katalon.core.exception.StepFailedException: com.kms.katalon.core.webui.exception.WebElementNotFoundException: Web element with id: 'Object Repository/Product Ecommerce/Verifikasi Halaman Product Anda' located by '(.//*[normalize-space(text()) and normalize-space(.)='Home'])[1]/following::li[2]' not found
	at com.kms.katalon.core.webui.keyword.internal.WebUIKeywordMain.stepFailed(WebUIKeywordMain.groovy:64)
	at com.kms.katalon.core.webui.keyword.builtin.VerifyElementPresentKeyword$_verifyElementPresent_closure1.doCall(VerifyElementPresentKeyword.groovy:85)
	at com.kms.katalon.core.webui.keyword.builtin.VerifyElementPresentKeyword$_verifyElementPresent_closure1.call(VerifyElementPresentKeyword.groovy)
	at com.kms.katalon.core.webui.keyword.internal.WebUIKeywordMain.runKeyword(WebUIKeywordMain.groovy:20)
	... 19 more]]></system-err>
   </testsuite>
</testsuites>
