<?xml version="1.0" encoding="UTF-8"?>
<testsuites name="Product Ecomerce" time="706.028" tests="30" failures="12" errors="4">
   <testsuite name="Product Ecomerce" tests="30" failures="12" errors="4" time="706.028" skipped="0" timestamp="2023-10-05 13:00:40" hostname="Admin - Riswandha" id="Test Suites/Product Ecomerce">
      <properties>
         <property name="deviceName" value=""/>
         <property name="devicePlatform" value=""/>
         <property name="logFolder" value="G:\\Project Xsis\\batch-324-qa\\Riswan\\Sprint 2 Product Tajalapak\\Reports\\20231005_130010\\Product Ecomerce\\20231005_130010"/>
         <property name="logFiles" value="G:\\Project Xsis\\batch-324-qa\\Riswan\\Sprint 2 Product Tajalapak\\Reports\\20231005_130010\\Product Ecomerce\\20231005_130010\\execution0.log"/>
         <property name="attachments" value="G:\\Project Xsis\\batch-324-qa\\Riswan\\Sprint 2 Product Tajalapak\\Reports\\20231005_130010\\Product Ecomerce\\20231005_130010\\1696485720636.png, G:\\Project Xsis\\batch-324-qa\\Riswan\\Sprint 2 Product Tajalapak\\Reports\\20231005_130010\\Product Ecomerce\\20231005_130010\\1696485720763.png, G:\\Project Xsis\\batch-324-qa\\Riswan\\Sprint 2 Product Tajalapak\\Reports\\20231005_130010\\Product Ecomerce\\20231005_130010\\1696485768554.png, G:\\Project Xsis\\batch-324-qa\\Riswan\\Sprint 2 Product Tajalapak\\Reports\\20231005_130010\\Product Ecomerce\\20231005_130010\\1696486060577.png, G:\\Project Xsis\\batch-324-qa\\Riswan\\Sprint 2 Product Tajalapak\\Reports\\20231005_130010\\Product Ecomerce\\20231005_130010\\1696486060716.png, G:\\Project Xsis\\batch-324-qa\\Riswan\\Sprint 2 Product Tajalapak\\Reports\\20231005_130010\\Product Ecomerce\\20231005_130010\\1696486185685.png, G:\\Project Xsis\\batch-324-qa\\Riswan\\Sprint 2 Product Tajalapak\\Reports\\20231005_130010\\Product Ecomerce\\20231005_130010\\1696486185811.png, G:\\Project Xsis\\batch-324-qa\\Riswan\\Sprint 2 Product Tajalapak\\Reports\\20231005_130010\\Product Ecomerce\\20231005_130010\\1696486246103.png, G:\\Project Xsis\\batch-324-qa\\Riswan\\Sprint 2 Product Tajalapak\\Reports\\20231005_130010\\Product Ecomerce\\20231005_130010\\1696486246214.png, G:\\Project Xsis\\batch-324-qa\\Riswan\\Sprint 2 Product Tajalapak\\Reports\\20231005_130010\\Product Ecomerce\\20231005_130010\\1696486310597.png, G:\\Project Xsis\\batch-324-qa\\Riswan\\Sprint 2 Product Tajalapak\\Reports\\20231005_130010\\Product Ecomerce\\20231005_130010\\1696486310691.png"/>
         <property name="hostName" value="Admin - Riswandha"/>
         <property name="os" value="Windows 10 64bit"/>
         <property name="katalonVersion" value="8.6.5.208"/>
         <property name="browser" value="Edge Chromium 117"/>
         <property name="hostAddress" value="10.9.2.26"/>
         <property name="sessionId" value="fceff93e3d69460f90548e26ef7cf3a4"/>
         <property name="seleniumVersion" value="3.141.59"/>
         <property name="proxyInformation" value="ProxyInformation { proxyOption=NO_PROXY, proxyServerType=HTTP, username=, password=********, proxyServerAddress=, proxyServerPort=0, executionList=&quot;&quot;, isApplyToDesiredCapabilities=true }"/>
         <property name="platform" value="Windows 10"/>
      </properties>
      <testcase name="Test Cases/Product Ecommerce/TC-PE-001" time="15.723" classname="Test Cases/Product Ecommerce/TC-PE-001" status="PASSED">
         <system-out><![CDATA[2023-10-05 13:00:40 - [TEST_CASE][PASSED] - Test Cases/Product Ecommerce/TC-PE-001: Test Cases/Product Ecommerce/TC-PE-001

2023-10-05 13:00:41 - [TEST_STEP][PASSED] - callTestCase(findTestCase("Login Ecommerce/TC-Login Ecomerce-001"), [:], STOP_ON_FAILURE): Call Test Case 'Test Cases/Login Ecommerce/TC-Login Ecomerce-001' successfully

2023-10-05 13:00:41 - [TEST_CASE][PASSED] - Test Cases/Login Ecommerce/TC-Login Ecomerce-001: Test Cases/Login Ecommerce/TC-Login Ecomerce-001

2023-10-05 13:00:41 - [TEST_STEP][PASSED] - openBrowser(userTajalapak): Browser is opened with url: 'https://10.9.2.63/ecommerce/'

2023-10-05 13:00:41 - [MESSAGE][INFO] - Starting 'Edge Chromium' driver

2023-10-05 13:00:41 - [MESSAGE][INFO] - User set preference: ['acceptInsecureCerts', 'true']

2023-10-05 13:00:44 - [MESSAGE][INFO] - Action delay is set to 0 milliseconds

2023-10-05 13:00:49 - [MESSAGE][PASSED] - Browser is opened with url: 'https://10.9.2.63/ecommerce/'

2023-10-05 13:00:49 - [TEST_STEP][PASSED] - maximizeWindow(): Current window maximized

2023-10-05 13:00:49 - [MESSAGE][PASSED] - Current window maximized

2023-10-05 13:00:49 - [TEST_STEP][PASSED] - verifyElementPresent(findTestObject("Login Ecommerce/Verifikasi Halaman Login Akun"), 0): Object 'Object Repository/Login Ecommerce/Verifikasi Halaman Login Akun' is present

2023-10-05 13:00:49 - [MESSAGE][WARNING] - Timeout '0' is invalid. Using default page load timeout: '30'

2023-10-05 13:00:50 - [MESSAGE][PASSED] - Object 'Object Repository/Login Ecommerce/Verifikasi Halaman Login Akun' is present

2023-10-05 13:00:50 - [TEST_STEP][PASSED] - click(findTestObject("Login Ecommerce/Login Akun")): Object: 'Object Repository/Login Ecommerce/Login Akun' is clicked on

2023-10-05 13:00:50 - [MESSAGE][PASSED] - Object: 'Object Repository/Login Ecommerce/Login Akun' is clicked on

2023-10-05 13:00:50 - [TEST_STEP][PASSED] - verifyElementPresent(findTestObject("Login Ecommerce/Verifikasi Halaman Login Akun"), 0): Object 'Object Repository/Login Ecommerce/Verifikasi Halaman Login Akun' is present

2023-10-05 13:00:50 - [MESSAGE][WARNING] - Timeout '0' is invalid. Using default page load timeout: '30'

2023-10-05 13:00:51 - [MESSAGE][PASSED] - Object 'Object Repository/Login Ecommerce/Verifikasi Halaman Login Akun' is present

2023-10-05 13:00:51 - [TEST_STEP][PASSED] - setText(findTestObject("Login Ecommerce/Input Username"), "riswandha"): Text 'riswandha' is set on object 'Object Repository/Login Ecommerce/Input Username'

2023-10-05 13:00:52 - [MESSAGE][PASSED] - Text 'riswandha' is set on object 'Object Repository/Login Ecommerce/Input Username'

2023-10-05 13:00:52 - [TEST_STEP][PASSED] - setEncryptedText(findTestObject("Login Ecommerce/Input Password"), "iGDxf8hSRT4="): Text ****** has been set on object 'Object Repository/Login Ecommerce/Input Password'

2023-10-05 13:00:52 - [MESSAGE][PASSED] - Text ****** has been set on object 'Object Repository/Login Ecommerce/Input Password'

2023-10-05 13:00:52 - [TEST_STEP][PASSED] - click(findTestObject("Login Ecommerce/Button Masuk")): Object: 'Object Repository/Login Ecommerce/Button Masuk' is clicked on

2023-10-05 13:00:53 - [MESSAGE][PASSED] - Object: 'Object Repository/Login Ecommerce/Button Masuk' is clicked on

2023-10-05 13:00:53 - [TEST_STEP][PASSED] - verifyElementPresent(findTestObject("Login Ecommerce/Verifikasi Login Akun"), 0): Object 'Object Repository/Login Ecommerce/Verifikasi Login Akun' is present

2023-10-05 13:00:53 - [MESSAGE][WARNING] - Timeout '0' is invalid. Using default page load timeout: '30'

2023-10-05 13:00:54 - [MESSAGE][PASSED] - Object 'Object Repository/Login Ecommerce/Verifikasi Login Akun' is present

2023-10-05 13:00:54 - [MESSAGE][PASSED] - Call Test Case 'Test Cases/Login Ecommerce/TC-Login Ecomerce-001' successfully

2023-10-05 13:00:54 - [TEST_STEP][PASSED] - mouseOver(findTestObject("Product Ecommerce/Button Menu toko")): Object: 'Object Repository/Product Ecommerce/Button Menu toko' is hovered

2023-10-05 13:00:54 - [MESSAGE][PASSED] - Object: 'Object Repository/Product Ecommerce/Button Menu toko' is hovered

2023-10-05 13:00:54 - [TEST_STEP][PASSED] - click(findTestObject("Product Ecommerce/Button Daftar Produk")): Object: 'Object Repository/Product Ecommerce/Button Daftar Produk' is clicked on

2023-10-05 13:00:55 - [MESSAGE][PASSED] - Object: 'Object Repository/Product Ecommerce/Button Daftar Produk' is clicked on

2023-10-05 13:00:55 - [TEST_STEP][PASSED] - verifyElementPresent(findTestObject("Product Ecommerce/Verifikasi Halaman Product Anda"), 0): Object 'Object Repository/Product Ecommerce/Verifikasi Halaman Product Anda' is present

2023-10-05 13:00:55 - [MESSAGE][WARNING] - Timeout '0' is invalid. Using default page load timeout: '30'

2023-10-05 13:00:56 - [MESSAGE][PASSED] - Object 'Object Repository/Product Ecommerce/Verifikasi Halaman Product Anda' is present]]></system-out>
         <system-err><![CDATA[]]></system-err>
      </testcase>
      <testcase name="Test Cases/Product Ecommerce/TC-PE-002" time="64.45" classname="Test Cases/Product Ecommerce/TC-PE-002" status="FAILED">
         <failure type="FAILED" message="Test Cases/Product Ecommerce/TC-PE-002 FAILED.
Reason:
com.kms.katalon.core.exception.StepFailedException: Unable to verify object 'Object Repository/Product Ecommerce/Verifikasi Halaman Product Anda' is present
	at com.kms.katalon.core.webui.keyword.internal.WebUIKeywordMain.stepFailed(WebUIKeywordMain.groovy:64)
	at com.kms.katalon.core.webui.keyword.internal.WebUIKeywordMain.runKeyword(WebUIKeywordMain.groovy:26)
	at com.kms.katalon.core.webui.keyword.builtin.VerifyElementPresentKeyword.verifyElementPresent(VerifyElementPresentKeyword.groovy:92)
	at com.kms.katalon.core.webui.keyword.builtin.VerifyElementPresentKeyword.execute(VerifyElementPresentKeyword.groovy:68)
	at com.kms.katalon.core.keyword.internal.KeywordExecutor.executeKeywordForPlatform(KeywordExecutor.groovy:74)
	at com.kms.katalon.core.webui.keyword.WebUiBuiltInKeywords.verifyElementPresent(WebUiBuiltInKeywords.groovy:1464)
	at com.kms.katalon.core.webui.keyword.WebUiBuiltInKeywords$verifyElementPresent$1.call(Unknown Source)
	at TC-PE-002.run(TC-PE-002:62)
	at com.kms.katalon.core.main.ScriptEngine.run(ScriptEngine.java:194)
	at com.kms.katalon.core.main.ScriptEngine.runScriptAsRawText(ScriptEngine.java:119)
	at com.kms.katalon.core.main.TestCaseExecutor.runScript(TestCaseExecutor.java:448)
	at com.kms.katalon.core.main.TestCaseExecutor.doExecute(TestCaseExecutor.java:439)
	at com.kms.katalon.core.main.TestCaseExecutor.processExecutionPhase(TestCaseExecutor.java:418)
	at com.kms.katalon.core.main.TestCaseExecutor.accessMainPhase(TestCaseExecutor.java:410)
	at com.kms.katalon.core.main.TestCaseExecutor.execute(TestCaseExecutor.java:285)
	at com.kms.katalon.core.common.CommonExecutor.accessTestCaseMainPhase(CommonExecutor.java:65)
	at com.kms.katalon.core.main.TestSuiteExecutor.accessTestSuiteMainPhase(TestSuiteExecutor.java:148)
	at com.kms.katalon.core.main.TestSuiteExecutor.execute(TestSuiteExecutor.java:106)
	at com.kms.katalon.core.main.TestCaseMain.startTestSuite(TestCaseMain.java:187)
	at com.kms.katalon.core.main.TestCaseMain$startTestSuite$0.call(Unknown Source)
	at TempTestSuite1696485610604.run(TempTestSuite1696485610604.groovy:36)
Caused by: com.kms.katalon.core.exception.StepFailedException: com.kms.katalon.core.webui.exception.WebElementNotFoundException: Web element with id: 'Object Repository/Product Ecommerce/Verifikasi Halaman Product Anda' located by '(.//*[normalize-space(text()) and normalize-space(.)='Home'])[1]/following::li[2]' not found
	at com.kms.katalon.core.webui.keyword.internal.WebUIKeywordMain.stepFailed(WebUIKeywordMain.groovy:64)
	at com.kms.katalon.core.webui.keyword.builtin.VerifyElementPresentKeyword$_verifyElementPresent_closure1.doCall(VerifyElementPresentKeyword.groovy:85)
	at com.kms.katalon.core.webui.keyword.builtin.VerifyElementPresentKeyword$_verifyElementPresent_closure1.call(VerifyElementPresentKeyword.groovy)
	at com.kms.katalon.core.webui.keyword.internal.WebUIKeywordMain.runKeyword(WebUIKeywordMain.groovy:20)
	... 19 more
"/>
         <system-out><![CDATA[2023-10-05 13:00:56 - [TEST_CASE][FAILED] - Test Cases/Product Ecommerce/TC-PE-002: Test Cases/Product Ecommerce/TC-PE-002 FAILED.
Reason:
com.kms.katalon.core.exception.StepFailedException: Unable to verify object 'Object Repository/Product Ecommerce/Verifikasi Halaman Product Anda' is present
	at com.kms.katalon.core.webui.keyword.internal.WebUIKeywordMain.stepFailed(WebUIKeywordMain.groovy:64)
	at com.kms.katalon.core.webui.keyword.internal.WebUIKeywordMain.runKeyword(WebUIKeywordMain.groovy:26)
	at com.kms.katalon.core.webui.keyword.builtin.VerifyElementPresentKeyword.verifyElementPresent(VerifyElementPresentKeyword.groovy:92)
	at com.kms.katalon.core.webui.keyword.builtin.VerifyElementPresentKeyword.execute(VerifyElementPresentKeyword.groovy:68)
	at com.kms.katalon.core.keyword.internal.KeywordExecutor.executeKeywordForPlatform(KeywordExecutor.groovy:74)
	at com.kms.katalon.core.webui.keyword.WebUiBuiltInKeywords.verifyElementPresent(WebUiBuiltInKeywords.groovy:1464)
	at com.kms.katalon.core.webui.keyword.WebUiBuiltInKeywords$verifyElementPresent$1.call(Unknown Source)
	at TC-PE-002.run(TC-PE-002:62)
	at com.kms.katalon.core.main.ScriptEngine.run(ScriptEngine.java:194)
	at com.kms.katalon.core.main.ScriptEngine.runScriptAsRawText(ScriptEngine.java:119)
	at com.kms.katalon.core.main.TestCaseExecutor.runScript(TestCaseExecutor.java:448)
	at com.kms.katalon.core.main.TestCaseExecutor.doExecute(TestCaseExecutor.java:439)
	at com.kms.katalon.core.main.TestCaseExecutor.processExecutionPhase(TestCaseExecutor.java:418)
	at com.kms.katalon.core.main.TestCaseExecutor.accessMainPhase(TestCaseExecutor.java:410)
	at com.kms.katalon.core.main.TestCaseExecutor.execute(TestCaseExecutor.java:285)
	at com.kms.katalon.core.common.CommonExecutor.accessTestCaseMainPhase(CommonExecutor.java:65)
	at com.kms.katalon.core.main.TestSuiteExecutor.accessTestSuiteMainPhase(TestSuiteExecutor.java:148)
	at com.kms.katalon.core.main.TestSuiteExecutor.execute(TestSuiteExecutor.java:106)
	at com.kms.katalon.core.main.TestCaseMain.startTestSuite(TestCaseMain.java:187)
	at com.kms.katalon.core.main.TestCaseMain$startTestSuite$0.call(Unknown Source)
	at TempTestSuite1696485610604.run(TempTestSuite1696485610604.groovy:36)
Caused by: com.kms.katalon.core.exception.StepFailedException: com.kms.katalon.core.webui.exception.WebElementNotFoundException: Web element with id: 'Object Repository/Product Ecommerce/Verifikasi Halaman Product Anda' located by '(.//*[normalize-space(text()) and normalize-space(.)='Home'])[1]/following::li[2]' not found
	at com.kms.katalon.core.webui.keyword.internal.WebUIKeywordMain.stepFailed(WebUIKeywordMain.groovy:64)
	at com.kms.katalon.core.webui.keyword.builtin.VerifyElementPresentKeyword$_verifyElementPresent_closure1.doCall(VerifyElementPresentKeyword.groovy:85)
	at com.kms.katalon.core.webui.keyword.builtin.VerifyElementPresentKeyword$_verifyElementPresent_closure1.call(VerifyElementPresentKeyword.groovy)
	at com.kms.katalon.core.webui.keyword.internal.WebUIKeywordMain.runKeyword(WebUIKeywordMain.groovy:20)
	... 19 more


2023-10-05 13:00:56 - [TEST_STEP][PASSED] - callTestCase(findTestCase("Product Ecommerce/TC-PE-001"), [:], STOP_ON_FAILURE): Call Test Case 'Test Cases/Product Ecommerce/TC-PE-001' successfully

2023-10-05 13:00:56 - [TEST_CASE][PASSED] - Test Cases/Product Ecommerce/TC-PE-001: Test Cases/Product Ecommerce/TC-PE-001

2023-10-05 13:00:56 - [TEST_STEP][PASSED] - callTestCase(findTestCase("Login Ecommerce/TC-Login Ecomerce-001"), [:], STOP_ON_FAILURE): Call Test Case 'Test Cases/Login Ecommerce/TC-Login Ecomerce-001' successfully

2023-10-05 13:00:56 - [TEST_CASE][PASSED] - Test Cases/Login Ecommerce/TC-Login Ecomerce-001: Test Cases/Login Ecommerce/TC-Login Ecomerce-001

2023-10-05 13:00:56 - [TEST_STEP][PASSED] - openBrowser(userTajalapak): Browser is opened with url: 'https://10.9.2.63/ecommerce/'

2023-10-05 13:00:56 - [MESSAGE][WARNING] - A browser is already opened. Closing browser and opening a new one

2023-10-05 13:00:57 - [MESSAGE][INFO] - Starting 'Edge Chromium' driver

2023-10-05 13:00:57 - [MESSAGE][INFO] - User set preference: ['acceptInsecureCerts', 'true']

2023-10-05 13:00:59 - [MESSAGE][INFO] - Action delay is set to 0 milliseconds

2023-10-05 13:01:03 - [MESSAGE][PASSED] - Browser is opened with url: 'https://10.9.2.63/ecommerce/'

2023-10-05 13:01:03 - [TEST_STEP][PASSED] - maximizeWindow(): Current window maximized

2023-10-05 13:01:03 - [MESSAGE][PASSED] - Current window maximized

2023-10-05 13:01:03 - [TEST_STEP][PASSED] - verifyElementPresent(findTestObject("Login Ecommerce/Verifikasi Halaman Login Akun"), 0): Object 'Object Repository/Login Ecommerce/Verifikasi Halaman Login Akun' is present

2023-10-05 13:01:03 - [MESSAGE][WARNING] - Timeout '0' is invalid. Using default page load timeout: '30'

2023-10-05 13:01:04 - [MESSAGE][PASSED] - Object 'Object Repository/Login Ecommerce/Verifikasi Halaman Login Akun' is present

2023-10-05 13:01:04 - [TEST_STEP][PASSED] - click(findTestObject("Login Ecommerce/Login Akun")): Object: 'Object Repository/Login Ecommerce/Login Akun' is clicked on

2023-10-05 13:01:04 - [MESSAGE][PASSED] - Object: 'Object Repository/Login Ecommerce/Login Akun' is clicked on

2023-10-05 13:01:04 - [TEST_STEP][PASSED] - verifyElementPresent(findTestObject("Login Ecommerce/Verifikasi Halaman Login Akun"), 0): Object 'Object Repository/Login Ecommerce/Verifikasi Halaman Login Akun' is present

2023-10-05 13:01:04 - [MESSAGE][WARNING] - Timeout '0' is invalid. Using default page load timeout: '30'

2023-10-05 13:01:05 - [MESSAGE][PASSED] - Object 'Object Repository/Login Ecommerce/Verifikasi Halaman Login Akun' is present

2023-10-05 13:01:05 - [TEST_STEP][PASSED] - setText(findTestObject("Login Ecommerce/Input Username"), "riswandha"): Text 'riswandha' is set on object 'Object Repository/Login Ecommerce/Input Username'

2023-10-05 13:01:05 - [MESSAGE][PASSED] - Text 'riswandha' is set on object 'Object Repository/Login Ecommerce/Input Username'

2023-10-05 13:01:05 - [TEST_STEP][PASSED] - setEncryptedText(findTestObject("Login Ecommerce/Input Password"), "iGDxf8hSRT4="): Text ****** has been set on object 'Object Repository/Login Ecommerce/Input Password'

2023-10-05 13:01:06 - [MESSAGE][PASSED] - Text ****** has been set on object 'Object Repository/Login Ecommerce/Input Password'

2023-10-05 13:01:06 - [TEST_STEP][PASSED] - click(findTestObject("Login Ecommerce/Button Masuk")): Object: 'Object Repository/Login Ecommerce/Button Masuk' is clicked on

2023-10-05 13:01:07 - [MESSAGE][PASSED] - Object: 'Object Repository/Login Ecommerce/Button Masuk' is clicked on

2023-10-05 13:01:07 - [TEST_STEP][PASSED] - verifyElementPresent(findTestObject("Login Ecommerce/Verifikasi Login Akun"), 0): Object 'Object Repository/Login Ecommerce/Verifikasi Login Akun' is present

2023-10-05 13:01:07 - [MESSAGE][WARNING] - Timeout '0' is invalid. Using default page load timeout: '30'

2023-10-05 13:01:08 - [MESSAGE][PASSED] - Object 'Object Repository/Login Ecommerce/Verifikasi Login Akun' is present

2023-10-05 13:01:08 - [MESSAGE][PASSED] - Call Test Case 'Test Cases/Login Ecommerce/TC-Login Ecomerce-001' successfully

2023-10-05 13:01:08 - [TEST_STEP][PASSED] - mouseOver(findTestObject("Product Ecommerce/Button Menu toko")): Object: 'Object Repository/Product Ecommerce/Button Menu toko' is hovered

2023-10-05 13:01:08 - [MESSAGE][PASSED] - Object: 'Object Repository/Product Ecommerce/Button Menu toko' is hovered

2023-10-05 13:01:08 - [TEST_STEP][PASSED] - click(findTestObject("Product Ecommerce/Button Daftar Produk")): Object: 'Object Repository/Product Ecommerce/Button Daftar Produk' is clicked on

2023-10-05 13:01:09 - [MESSAGE][PASSED] - Object: 'Object Repository/Product Ecommerce/Button Daftar Produk' is clicked on

2023-10-05 13:01:09 - [TEST_STEP][PASSED] - verifyElementPresent(findTestObject("Product Ecommerce/Verifikasi Halaman Product Anda"), 0): Object 'Object Repository/Product Ecommerce/Verifikasi Halaman Product Anda' is present

2023-10-05 13:01:09 - [MESSAGE][WARNING] - Timeout '0' is invalid. Using default page load timeout: '30'

2023-10-05 13:01:10 - [MESSAGE][PASSED] - Object 'Object Repository/Product Ecommerce/Verifikasi Halaman Product Anda' is present

2023-10-05 13:01:10 - [MESSAGE][PASSED] - Call Test Case 'Test Cases/Product Ecommerce/TC-PE-001' successfully

2023-10-05 13:01:10 - [TEST_STEP][PASSED] - click(findTestObject("Product Ecommerce/Tambahkan Produk")): Object: 'Object Repository/Product Ecommerce/Tambahkan Produk' is clicked on

2023-10-05 13:01:11 - [MESSAGE][PASSED] - Object: 'Object Repository/Product Ecommerce/Tambahkan Produk' is clicked on

2023-10-05 13:01:11 - [TEST_STEP][PASSED] - verifyElementPresent(findTestObject("Product Ecommerce/Tambahkan Product/Verifikasi Halaman Tambahkan Product"), 0): Object 'Object Repository/Product Ecommerce/Tambahkan Product/Verifikasi Halaman Tambahkan Product' is present

2023-10-05 13:01:11 - [MESSAGE][WARNING] - Timeout '0' is invalid. Using default page load timeout: '30'

2023-10-05 13:01:11 - [MESSAGE][PASSED] - Object 'Object Repository/Product Ecommerce/Tambahkan Product/Verifikasi Halaman Tambahkan Product' is present

2023-10-05 13:01:11 - [TEST_STEP][PASSED] - selectOptionByValue(findTestObject("Product Ecommerce/Tambahkan Product/Pilih Katagori Produk"), "6", false): All options with value '6' are selected in object 'Object Repository/Product Ecommerce/Tambahkan Product/Pilih Katagori Produk' 

2023-10-05 13:01:12 - [MESSAGE][PASSED] - All options with value '6' are selected in object 'Object Repository/Product Ecommerce/Tambahkan Product/Pilih Katagori Produk' 

2023-10-05 13:01:12 - [TEST_STEP][PASSED] - selectOptionByValue(findTestObject("Product Ecommerce/Tambahkan Product/Pilih Sub Katagori Produk"), "15", false): All options with value '15' are selected in object 'Object Repository/Product Ecommerce/Tambahkan Product/Pilih Sub Katagori Produk' 

2023-10-05 13:01:13 - [MESSAGE][PASSED] - All options with value '15' are selected in object 'Object Repository/Product Ecommerce/Tambahkan Product/Pilih Sub Katagori Produk' 

2023-10-05 13:01:13 - [TEST_STEP][PASSED] - setText(findTestObject("Product Ecommerce/Tambahkan Product/Input Nama Produk"), "Baju Koko Kids 0 - 9 tahun"): Text 'Baju Koko Kids 0 - 9 tahun' is set on object 'Object Repository/Product Ecommerce/Tambahkan Product/Input Nama Produk'

2023-10-05 13:01:14 - [MESSAGE][PASSED] - Text 'Baju Koko Kids 0 - 9 tahun' is set on object 'Object Repository/Product Ecommerce/Tambahkan Product/Input Nama Produk'

2023-10-05 13:01:14 - [TEST_STEP][PASSED] - setText(findTestObject("Product Ecommerce/Tambahkan Product/Input Satuan"), "Pcs"): Text 'Pcs' is set on object 'Object Repository/Product Ecommerce/Tambahkan Product/Input Satuan'

2023-10-05 13:01:14 - [MESSAGE][PASSED] - Text 'Pcs' is set on object 'Object Repository/Product Ecommerce/Tambahkan Product/Input Satuan'

2023-10-05 13:01:14 - [TEST_STEP][PASSED] - setText(findTestObject("Product Ecommerce/Tambahkan Product/Input Berat"), "100"): Text '100' is set on object 'Object Repository/Product Ecommerce/Tambahkan Product/Input Berat'

2023-10-05 13:01:15 - [MESSAGE][PASSED] - Text '100' is set on object 'Object Repository/Product Ecommerce/Tambahkan Product/Input Berat'

2023-10-05 13:01:15 - [TEST_STEP][PASSED] - setText(findTestObject("Product Ecommerce/Tambahkan Product/Input Harga Modal"), "10000"): Text '10000' is set on object 'Object Repository/Product Ecommerce/Tambahkan Product/Input Harga Modal'

2023-10-05 13:01:16 - [MESSAGE][PASSED] - Text '10000' is set on object 'Object Repository/Product Ecommerce/Tambahkan Product/Input Harga Modal'

2023-10-05 13:01:16 - [TEST_STEP][PASSED] - setText(findTestObject("Product Ecommerce/Tambahkan Product/Input Harga Jual"), "12000"): Text '12000' is set on object 'Object Repository/Product Ecommerce/Tambahkan Product/Input Harga Jual'

2023-10-05 13:01:17 - [MESSAGE][PASSED] - Text '12000' is set on object 'Object Repository/Product Ecommerce/Tambahkan Product/Input Harga Jual'

2023-10-05 13:01:17 - [TEST_STEP][PASSED] - setText(findTestObject("Product Ecommerce/Tambahkan Product/Input Diskon"), "1000"): Text '1000' is set on object 'Object Repository/Product Ecommerce/Tambahkan Product/Input Diskon'

2023-10-05 13:01:18 - [MESSAGE][PASSED] - Text '1000' is set on object 'Object Repository/Product Ecommerce/Tambahkan Product/Input Diskon'

2023-10-05 13:01:18 - [TEST_STEP][PASSED] - setText(findTestObject("Product Ecommerce/Tambahkan Product/Input Stok Awal"), "20"): Text '20' is set on object 'Object Repository/Product Ecommerce/Tambahkan Product/Input Stok Awal'

2023-10-05 13:01:18 - [MESSAGE][PASSED] - Text '20' is set on object 'Object Repository/Product Ecommerce/Tambahkan Product/Input Stok Awal'

2023-10-05 13:01:18 - [TEST_STEP][PASSED] - setText(findTestObject("Product Ecommerce/Tambahkan Product/Input Minimum Order"), "1"): Text '1' is set on object 'Object Repository/Product Ecommerce/Tambahkan Product/Input Minimum Order'

2023-10-05 13:01:19 - [MESSAGE][PASSED] - Text '1' is set on object 'Object Repository/Product Ecommerce/Tambahkan Product/Input Minimum Order'

2023-10-05 13:01:19 - [TEST_STEP][PASSED] - setText(findTestObject("Product Ecommerce/Tambahkan Product/Input Cuplikan"), "Stylish dan Nyaman! Baju Koko Kids kami cocok untuk usia 0 - 9 tahun. Terbuat dari bahan berkualitas tinggi yang lembut di kulit anak-anak, baju ini sempurna untuk berbagai acara, termasuk lebaran."): Text 'Stylish dan Nyaman! Baju Koko Kids kami cocok untuk usia 0 - 9 tahun. Terbuat dari bahan berkualitas tinggi yang lembut di kulit anak-anak, baju ini sempurna untuk berbagai acara, termasuk lebaran.' is set on object 'Object Repository/Product Ecommerce/Tambahkan Product/Input Cuplikan'

2023-10-05 13:01:20 - [MESSAGE][PASSED] - Text 'Stylish dan Nyaman! Baju Koko Kids kami cocok untuk usia 0 - 9 tahun. Terbuat dari bahan berkualitas tinggi yang lembut di kulit anak-anak, baju ini sempurna untuk berbagai acara, termasuk lebaran.' is set on object 'Object Repository/Product Ecommerce/Tambahkan Product/Input Cuplikan'

2023-10-05 13:01:20 - [TEST_STEP][PASSED] - check(findTestObject("Product Ecommerce/Tambahkan Product/Input Merek Pria")): Object 'Object Repository/Product Ecommerce/Tambahkan Product/Input Merek Pria' is checked

2023-10-05 13:01:20 - [MESSAGE][PASSED] - Object 'Object Repository/Product Ecommerce/Tambahkan Product/Input Merek Pria' is checked

2023-10-05 13:01:20 - [TEST_STEP][PASSED] - setText(findTestObject("Product Ecommerce/Tambahkan Product/Input Keterangan"), "Desain Modern: Tampil modis dengan desain terkini yang cocok untuk anak-anak. Kenyamanan Sepanjang Hari: Bahan lembut dan nyaman sehingga anak-anak tetap bahagia sepanjang hari. Beragam Warna: Pilihan warna yang cerah dan menarik. Ukuran Sesuai: Tersedia dalam berbagai ukuran, mulai dari 0 hingga 9 tahun. Dapatkan tampilan yang trendi untuk si kecil dengan Baju Koko Kids kami. Pesan sekarang dan buat momen lebaran mereka lebih istimewa!"): Text 'Desain Modern: Tampil modis dengan desain terkini yang cocok untuk anak-anak. Kenyamanan Sepanjang Hari: Bahan lembut dan nyaman sehingga anak-anak tetap bahagia sepanjang hari. Beragam Warna: Pilihan warna yang cerah dan menarik. Ukuran Sesuai: Tersedia dalam berbagai ukuran, mulai dari 0 hingga 9 tahun. Dapatkan tampilan yang trendi untuk si kecil dengan Baju Koko Kids kami. Pesan sekarang dan buat momen lebaran mereka lebih istimewa!' is set on object 'Object Repository/Product Ecommerce/Tambahkan Product/Input Keterangan'

2023-10-05 13:01:23 - [MESSAGE][PASSED] - Text 'Desain Modern: Tampil modis dengan desain terkini yang cocok untuk anak-anak. Kenyamanan Sepanjang Hari: Bahan lembut dan nyaman sehingga anak-anak tetap bahagia sepanjang hari. Beragam Warna: Pilihan warna yang cerah dan menarik. Ukuran Sesuai: Tersedia dalam berbagai ukuran, mulai dari 0 hingga 9 tahun. Dapatkan tampilan yang trendi untuk si kecil dengan Baju Koko Kids kami. Pesan sekarang dan buat momen lebaran mereka lebih istimewa!' is set on object 'Object Repository/Product Ecommerce/Tambahkan Product/Input Keterangan'

2023-10-05 13:01:23 - [TEST_STEP][PASSED] - setText(findTestObject("Product Ecommerce/Tambahkan Product/Input Variasi 1 Nama Variasi"), "Warna"): Text 'Warna' is set on object 'Object Repository/Product Ecommerce/Tambahkan Product/Input Variasi 1 Nama Variasi'

2023-10-05 13:01:23 - [MESSAGE][PASSED] - Text 'Warna' is set on object 'Object Repository/Product Ecommerce/Tambahkan Product/Input Variasi 1 Nama Variasi'

2023-10-05 13:01:23 - [TEST_STEP][PASSED] - setText(findTestObject("Product Ecommerce/Tambahkan Product/Input Variasi 1 Kolom 1"), "Merah"): Text 'Merah' is set on object 'Object Repository/Product Ecommerce/Tambahkan Product/Input Variasi 1 Kolom 1'

2023-10-05 13:01:24 - [MESSAGE][PASSED] - Text 'Merah' is set on object 'Object Repository/Product Ecommerce/Tambahkan Product/Input Variasi 1 Kolom 1'

2023-10-05 13:01:24 - [TEST_STEP][PASSED] - setText(findTestObject("Product Ecommerce/Tambahkan Product/Input Variasi 1 Kolom 2"), "Biru"): Text 'Biru' is set on object 'Object Repository/Product Ecommerce/Tambahkan Product/Input Variasi 1 Kolom 2'

2023-10-05 13:01:25 - [MESSAGE][PASSED] - Text 'Biru' is set on object 'Object Repository/Product Ecommerce/Tambahkan Product/Input Variasi 1 Kolom 2'

2023-10-05 13:01:25 - [TEST_STEP][PASSED] - uploadFile(findTestObject("Product Ecommerce/Tambahkan Product/Input File"), "E:\Pelatihan\Xsis Academy\Baju koko kids.jpg"): File 'E:\Pelatihan\Xsis Academy\Baju koko kids.jpg' sent to object: 'Object Repository/Product Ecommerce/Tambahkan Product/Input File'

2023-10-05 13:01:25 - [MESSAGE][PASSED] - File 'E:\Pelatihan\Xsis Academy\Baju koko kids.jpg' sent to object: 'Object Repository/Product Ecommerce/Tambahkan Product/Input File'

2023-10-05 13:01:25 - [TEST_STEP][PASSED] - click(findTestObject("Product Ecommerce/Tambahkan Product/Button Tambahkan")): Object: 'Object Repository/Product Ecommerce/Tambahkan Product/Button Tambahkan' is clicked on

2023-10-05 13:01:29 - [MESSAGE][PASSED] - Object: 'Object Repository/Product Ecommerce/Tambahkan Product/Button Tambahkan' is clicked on

2023-10-05 13:01:29 - [TEST_STEP][FAILED] - verifyElementPresent(findTestObject("Product Ecommerce/Verifikasi Halaman Product Anda"), 0): Unable to verify object 'Object Repository/Product Ecommerce/Verifikasi Halaman Product Anda' is present (Root cause: com.kms.katalon.core.exception.StepFailedException: Unable to verify object 'Object Repository/Product Ecommerce/Verifikasi Halaman Product Anda' is present
	at com.kms.katalon.core.webui.keyword.internal.WebUIKeywordMain.stepFailed(WebUIKeywordMain.groovy:64)
	at com.kms.katalon.core.webui.keyword.internal.WebUIKeywordMain.runKeyword(WebUIKeywordMain.groovy:26)
	at com.kms.katalon.core.webui.keyword.builtin.VerifyElementPresentKeyword.verifyElementPresent(VerifyElementPresentKeyword.groovy:92)
	at com.kms.katalon.core.webui.keyword.builtin.VerifyElementPresentKeyword.execute(VerifyElementPresentKeyword.groovy:68)
	at com.kms.katalon.core.keyword.internal.KeywordExecutor.executeKeywordForPlatform(KeywordExecutor.groovy:74)
	at com.kms.katalon.core.webui.keyword.WebUiBuiltInKeywords.verifyElementPresent(WebUiBuiltInKeywords.groovy:1464)
	at com.kms.katalon.core.webui.keyword.WebUiBuiltInKeywords$verifyElementPresent$1.call(Unknown Source)
	at TC-PE-002.run(TC-PE-002:62)
	at com.kms.katalon.core.main.ScriptEngine.run(ScriptEngine.java:194)
	at com.kms.katalon.core.main.ScriptEngine.runScriptAsRawText(ScriptEngine.java:119)
	at com.kms.katalon.core.main.TestCaseExecutor.runScript(TestCaseExecutor.java:448)
	at com.kms.katalon.core.main.TestCaseExecutor.doExecute(TestCaseExecutor.java:439)
	at com.kms.katalon.core.main.TestCaseExecutor.processExecutionPhase(TestCaseExecutor.java:418)
	at com.kms.katalon.core.main.TestCaseExecutor.accessMainPhase(TestCaseExecutor.java:410)
	at com.kms.katalon.core.main.TestCaseExecutor.execute(TestCaseExecutor.java:285)
	at com.kms.katalon.core.common.CommonExecutor.accessTestCaseMainPhase(CommonExecutor.java:65)
	at com.kms.katalon.core.main.TestSuiteExecutor.accessTestSuiteMainPhase(TestSuiteExecutor.java:148)
	at com.kms.katalon.core.main.TestSuiteExecutor.execute(TestSuiteExecutor.java:106)
	at com.kms.katalon.core.main.TestCaseMain.startTestSuite(TestCaseMain.java:187)
	at com.kms.katalon.core.main.TestCaseMain$startTestSuite$0.call(Unknown Source)
	at TempTestSuite1696485610604.run(TempTestSuite1696485610604.groovy:36)
Caused by: com.kms.katalon.core.exception.StepFailedException: com.kms.katalon.core.webui.exception.WebElementNotFoundException: Web element with id: 'Object Repository/Product Ecommerce/Verifikasi Halaman Product Anda' located by '(.//*[normalize-space(text()) and normalize-space(.)='Home'])[1]/following::li[2]' not found
	at com.kms.katalon.core.webui.keyword.internal.WebUIKeywordMain.stepFailed(WebUIKeywordMain.groovy:64)
	at com.kms.katalon.core.webui.keyword.builtin.VerifyElementPresentKeyword$_verifyElementPresent_closure1.doCall(VerifyElementPresentKeyword.groovy:85)
	at com.kms.katalon.core.webui.keyword.builtin.VerifyElementPresentKeyword$_verifyElementPresent_closure1.call(VerifyElementPresentKeyword.groovy)
	at com.kms.katalon.core.webui.keyword.internal.WebUIKeywordMain.runKeyword(WebUIKeywordMain.groovy:20)
	... 19 more
)

2023-10-05 13:01:29 - [MESSAGE][WARNING] - Timeout '0' is invalid. Using default page load timeout: '30'

2023-10-05 13:02:00 - [MESSAGE][INFO] - Unable to find the element located by 'By.xpath: (.//*[normalize-space(text()) and normalize-space(.)='Home'])[1]/following::li[2]'. Please recheck the objects properties to make sure the desired element is located. 

2023-10-05 13:02:00 - [MESSAGE][FAILED] - com.kms.katalon.core.webui.exception.WebElementNotFoundException: Web element with id: 'Object Repository/Product Ecommerce/Verifikasi Halaman Product Anda' located by '(.//*[normalize-space(text()) and normalize-space(.)='Home'])[1]/following::li[2]' not found (Root cause: com.kms.katalon.core.exception.StepFailedException: com.kms.katalon.core.webui.exception.WebElementNotFoundException: Web element with id: 'Object Repository/Product Ecommerce/Verifikasi Halaman Product Anda' located by '(.//*[normalize-space(text()) and normalize-space(.)='Home'])[1]/following::li[2]' not found
	at com.kms.katalon.core.webui.keyword.internal.WebUIKeywordMain.stepFailed(WebUIKeywordMain.groovy:64)
	at com.kms.katalon.core.webui.keyword.builtin.VerifyElementPresentKeyword$_verifyElementPresent_closure1.doCall(VerifyElementPresentKeyword.groovy:85)
	at com.kms.katalon.core.webui.keyword.builtin.VerifyElementPresentKeyword$_verifyElementPresent_closure1.call(VerifyElementPresentKeyword.groovy)
	at com.kms.katalon.core.webui.keyword.internal.WebUIKeywordMain.runKeyword(WebUIKeywordMain.groovy:20)
	at com.kms.katalon.core.webui.keyword.builtin.VerifyElementPresentKeyword.verifyElementPresent(VerifyElementPresentKeyword.groovy:92)
	at com.kms.katalon.core.webui.keyword.builtin.VerifyElementPresentKeyword.execute(VerifyElementPresentKeyword.groovy:68)
	at com.kms.katalon.core.keyword.internal.KeywordExecutor.executeKeywordForPlatform(KeywordExecutor.groovy:74)
	at com.kms.katalon.core.webui.keyword.WebUiBuiltInKeywords.verifyElementPresent(WebUiBuiltInKeywords.groovy:1464)
	at com.kms.katalon.core.webui.keyword.WebUiBuiltInKeywords$verifyElementPresent$1.call(Unknown Source)
	at TC-PE-002.run(TC-PE-002:62)
	at com.kms.katalon.core.main.ScriptEngine.run(ScriptEngine.java:194)
	at com.kms.katalon.core.main.ScriptEngine.runScriptAsRawText(ScriptEngine.java:119)
	at com.kms.katalon.core.main.TestCaseExecutor.runScript(TestCaseExecutor.java:448)
	at com.kms.katalon.core.main.TestCaseExecutor.doExecute(TestCaseExecutor.java:439)
	at com.kms.katalon.core.main.TestCaseExecutor.processExecutionPhase(TestCaseExecutor.java:418)
	at com.kms.katalon.core.main.TestCaseExecutor.accessMainPhase(TestCaseExecutor.java:410)
	at com.kms.katalon.core.main.TestCaseExecutor.execute(TestCaseExecutor.java:285)
	at com.kms.katalon.core.common.CommonExecutor.accessTestCaseMainPhase(CommonExecutor.java:65)
	at com.kms.katalon.core.main.TestSuiteExecutor.accessTestSuiteMainPhase(TestSuiteExecutor.java:148)
	at com.kms.katalon.core.main.TestSuiteExecutor.execute(TestSuiteExecutor.java:106)
	at com.kms.katalon.core.main.TestCaseMain.startTestSuite(TestCaseMain.java:187)
	at com.kms.katalon.core.main.TestCaseMain$startTestSuite$0.call(Unknown Source)
	at TempTestSuite1696485610604.run(TempTestSuite1696485610604.groovy:36)
)
[[ATTACHMENT|G:\\Project Xsis\\batch-324-qa\\Riswan\\Sprint 2 Product Tajalapak\\Reports\\20231005_130010\\Product Ecomerce\\20231005_130010\\1696485720636.png]]

2023-10-05 13:02:00 - [MESSAGE][FAILED] - Unable to verify object 'Object Repository/Product Ecommerce/Verifikasi Halaman Product Anda' is present (Root cause: com.kms.katalon.core.exception.StepFailedException: Unable to verify object 'Object Repository/Product Ecommerce/Verifikasi Halaman Product Anda' is present
	at com.kms.katalon.core.webui.keyword.internal.WebUIKeywordMain.stepFailed(WebUIKeywordMain.groovy:64)
	at com.kms.katalon.core.webui.keyword.internal.WebUIKeywordMain.runKeyword(WebUIKeywordMain.groovy:26)
	at com.kms.katalon.core.webui.keyword.builtin.VerifyElementPresentKeyword.verifyElementPresent(VerifyElementPresentKeyword.groovy:92)
	at com.kms.katalon.core.webui.keyword.builtin.VerifyElementPresentKeyword.execute(VerifyElementPresentKeyword.groovy:68)
	at com.kms.katalon.core.keyword.internal.KeywordExecutor.executeKeywordForPlatform(KeywordExecutor.groovy:74)
	at com.kms.katalon.core.webui.keyword.WebUiBuiltInKeywords.verifyElementPresent(WebUiBuiltInKeywords.groovy:1464)
	at com.kms.katalon.core.webui.keyword.WebUiBuiltInKeywords$verifyElementPresent$1.call(Unknown Source)
	at TC-PE-002.run(TC-PE-002:62)
	at com.kms.katalon.core.main.ScriptEngine.run(ScriptEngine.java:194)
	at com.kms.katalon.core.main.ScriptEngine.runScriptAsRawText(ScriptEngine.java:119)
	at com.kms.katalon.core.main.TestCaseExecutor.runScript(TestCaseExecutor.java:448)
	at com.kms.katalon.core.main.TestCaseExecutor.doExecute(TestCaseExecutor.java:439)
	at com.kms.katalon.core.main.TestCaseExecutor.processExecutionPhase(TestCaseExecutor.java:418)
	at com.kms.katalon.core.main.TestCaseExecutor.accessMainPhase(TestCaseExecutor.java:410)
	at com.kms.katalon.core.main.TestCaseExecutor.execute(TestCaseExecutor.java:285)
	at com.kms.katalon.core.common.CommonExecutor.accessTestCaseMainPhase(CommonExecutor.java:65)
	at com.kms.katalon.core.main.TestSuiteExecutor.accessTestSuiteMainPhase(TestSuiteExecutor.java:148)
	at com.kms.katalon.core.main.TestSuiteExecutor.execute(TestSuiteExecutor.java:106)
	at com.kms.katalon.core.main.TestCaseMain.startTestSuite(TestCaseMain.java:187)
	at com.kms.katalon.core.main.TestCaseMain$startTestSuite$0.call(Unknown Source)
	at TempTestSuite1696485610604.run(TempTestSuite1696485610604.groovy:36)
Caused by: com.kms.katalon.core.exception.StepFailedException: com.kms.katalon.core.webui.exception.WebElementNotFoundException: Web element with id: 'Object Repository/Product Ecommerce/Verifikasi Halaman Product Anda' located by '(.//*[normalize-space(text()) and normalize-space(.)='Home'])[1]/following::li[2]' not found
	at com.kms.katalon.core.webui.keyword.internal.WebUIKeywordMain.stepFailed(WebUIKeywordMain.groovy:64)
	at com.kms.katalon.core.webui.keyword.builtin.VerifyElementPresentKeyword$_verifyElementPresent_closure1.doCall(VerifyElementPresentKeyword.groovy:85)
	at com.kms.katalon.core.webui.keyword.builtin.VerifyElementPresentKeyword$_verifyElementPresent_closure1.call(VerifyElementPresentKeyword.groovy)
	at com.kms.katalon.core.webui.keyword.internal.WebUIKeywordMain.runKeyword(WebUIKeywordMain.groovy:20)
	... 19 more
)
[[ATTACHMENT|G:\\Project Xsis\\batch-324-qa\\Riswan\\Sprint 2 Product Tajalapak\\Reports\\20231005_130010\\Product Ecomerce\\20231005_130010\\1696485720763.png]]]]></system-out>
         <system-err><![CDATA[2023-10-05 13:00:56 - [TEST_CASE][FAILED] - Test Cases/Product Ecommerce/TC-PE-002: Test Cases/Product Ecommerce/TC-PE-002 FAILED.
Reason:
com.kms.katalon.core.exception.StepFailedException: Unable to verify object 'Object Repository/Product Ecommerce/Verifikasi Halaman Product Anda' is present
	at com.kms.katalon.core.webui.keyword.internal.WebUIKeywordMain.stepFailed(WebUIKeywordMain.groovy:64)
	at com.kms.katalon.core.webui.keyword.internal.WebUIKeywordMain.runKeyword(WebUIKeywordMain.groovy:26)
	at com.kms.katalon.core.webui.keyword.builtin.VerifyElementPresentKeyword.verifyElementPresent(VerifyElementPresentKeyword.groovy:92)
	at com.kms.katalon.core.webui.keyword.builtin.VerifyElementPresentKeyword.execute(VerifyElementPresentKeyword.groovy:68)
	at com.kms.katalon.core.keyword.internal.KeywordExecutor.executeKeywordForPlatform(KeywordExecutor.groovy:74)
	at com.kms.katalon.core.webui.keyword.WebUiBuiltInKeywords.verifyElementPresent(WebUiBuiltInKeywords.groovy:1464)
	at com.kms.katalon.core.webui.keyword.WebUiBuiltInKeywords$verifyElementPresent$1.call(Unknown Source)
	at TC-PE-002.run(TC-PE-002:62)
	at com.kms.katalon.core.main.ScriptEngine.run(ScriptEngine.java:194)
	at com.kms.katalon.core.main.ScriptEngine.runScriptAsRawText(ScriptEngine.java:119)
	at com.kms.katalon.core.main.TestCaseExecutor.runScript(TestCaseExecutor.java:448)
	at com.kms.katalon.core.main.TestCaseExecutor.doExecute(TestCaseExecutor.java:439)
	at com.kms.katalon.core.main.TestCaseExecutor.processExecutionPhase(TestCaseExecutor.java:418)
	at com.kms.katalon.core.main.TestCaseExecutor.accessMainPhase(TestCaseExecutor.java:410)
	at com.kms.katalon.core.main.TestCaseExecutor.execute(TestCaseExecutor.java:285)
	at com.kms.katalon.core.common.CommonExecutor.accessTestCaseMainPhase(CommonExecutor.java:65)
	at com.kms.katalon.core.main.TestSuiteExecutor.accessTestSuiteMainPhase(TestSuiteExecutor.java:148)
	at com.kms.katalon.core.main.TestSuiteExecutor.execute(TestSuiteExecutor.java:106)
	at com.kms.katalon.core.main.TestCaseMain.startTestSuite(TestCaseMain.java:187)
	at com.kms.katalon.core.main.TestCaseMain$startTestSuite$0.call(Unknown Source)
	at TempTestSuite1696485610604.run(TempTestSuite1696485610604.groovy:36)
Caused by: com.kms.katalon.core.exception.StepFailedException: com.kms.katalon.core.webui.exception.WebElementNotFoundException: Web element with id: 'Object Repository/Product Ecommerce/Verifikasi Halaman Product Anda' located by '(.//*[normalize-space(text()) and normalize-space(.)='Home'])[1]/following::li[2]' not found
	at com.kms.katalon.core.webui.keyword.internal.WebUIKeywordMain.stepFailed(WebUIKeywordMain.groovy:64)
	at com.kms.katalon.core.webui.keyword.builtin.VerifyElementPresentKeyword$_verifyElementPresent_closure1.doCall(VerifyElementPresentKeyword.groovy:85)
	at com.kms.katalon.core.webui.keyword.builtin.VerifyElementPresentKeyword$_verifyElementPresent_closure1.call(VerifyElementPresentKeyword.groovy)
	at com.kms.katalon.core.webui.keyword.internal.WebUIKeywordMain.runKeyword(WebUIKeywordMain.groovy:20)
	... 19 more]]></system-err>
      </testcase>
      <testcase name="Test Cases/Product Ecommerce/TC-PE-003" time="47.798" classname="Test Cases/Product Ecommerce/TC-PE-003" status="FAILED">
         <failure type="FAILED" message="Test Cases/Product Ecommerce/TC-PE-003 FAILED.
Reason:
com.kms.katalon.core.exception.StepFailedException: Unable to get text of object 'Object Repository/Product Ecommerce/Verifikasi product/Harga Product Ke 1'
	at com.kms.katalon.core.webui.keyword.internal.WebUIKeywordMain.stepFailed(WebUIKeywordMain.groovy:64)
	at com.kms.katalon.core.webui.keyword.internal.WebUIKeywordMain.runKeyword(WebUIKeywordMain.groovy:26)
	at com.kms.katalon.core.webui.keyword.builtin.GetTextKeyword.getText(GetTextKeyword.groovy:88)
	at com.kms.katalon.core.webui.keyword.builtin.GetTextKeyword.execute(GetTextKeyword.groovy:67)
	at com.kms.katalon.core.keyword.internal.KeywordExecutor.executeKeywordForPlatform(KeywordExecutor.groovy:74)
	at com.kms.katalon.core.webui.keyword.WebUiBuiltInKeywords.getText(WebUiBuiltInKeywords.groovy:918)
	at com.kms.katalon.core.webui.keyword.WebUiBuiltInKeywords$getText$9.call(Unknown Source)
	at TC-PE-003.run(TC-PE-003:34)
	at com.kms.katalon.core.main.ScriptEngine.run(ScriptEngine.java:194)
	at com.kms.katalon.core.main.ScriptEngine.runScriptAsRawText(ScriptEngine.java:119)
	at com.kms.katalon.core.main.TestCaseExecutor.runScript(TestCaseExecutor.java:448)
	at com.kms.katalon.core.main.TestCaseExecutor.doExecute(TestCaseExecutor.java:439)
	at com.kms.katalon.core.main.TestCaseExecutor.processExecutionPhase(TestCaseExecutor.java:418)
	at com.kms.katalon.core.main.TestCaseExecutor.accessMainPhase(TestCaseExecutor.java:410)
	at com.kms.katalon.core.main.TestCaseExecutor.execute(TestCaseExecutor.java:285)
	at com.kms.katalon.core.common.CommonExecutor.accessTestCaseMainPhase(CommonExecutor.java:65)
	at com.kms.katalon.core.main.TestSuiteExecutor.accessTestSuiteMainPhase(TestSuiteExecutor.java:148)
	at com.kms.katalon.core.main.TestSuiteExecutor.execute(TestSuiteExecutor.java:106)
	at com.kms.katalon.core.main.TestCaseMain.startTestSuite(TestCaseMain.java:187)
	at com.kms.katalon.core.main.TestCaseMain$startTestSuite$0.call(Unknown Source)
	at TempTestSuite1696485610604.run(TempTestSuite1696485610604.groovy:36)
Caused by: com.kms.katalon.core.webui.exception.WebElementNotFoundException: Web element with id: 'Object Repository/Product Ecommerce/Verifikasi product/Harga Product Ke 1' located by '/html/body/div[10]/div/div/div/div[2]/div[1]/div/div[2]/div[1]/p' not found
	at com.kms.katalon.core.webui.common.WebUiCommonHelper.findWebElement(WebUiCommonHelper.java:1381)
	at com.kms.katalon.core.webui.keyword.internal.WebUIAbstractKeyword.findWebElement(WebUIAbstractKeyword.groovy:27)
	at com.kms.katalon.core.webui.keyword.internal.WebUIAbstractKeyword.findWebElement(WebUIAbstractKeyword.groovy:26)
	at com.kms.katalon.core.webui.keyword.builtin.GetTextKeyword$_getText_closure1.doCall(GetTextKeyword.groovy:78)
	at com.kms.katalon.core.webui.keyword.builtin.GetTextKeyword$_getText_closure1.call(GetTextKeyword.groovy)
	at com.kms.katalon.core.webui.keyword.internal.WebUIKeywordMain.runKeyword(WebUIKeywordMain.groovy:20)
	... 19 more
"/>
         <system-out><![CDATA[2023-10-05 13:02:00 - [TEST_CASE][FAILED] - Test Cases/Product Ecommerce/TC-PE-003: Test Cases/Product Ecommerce/TC-PE-003 FAILED.
Reason:
com.kms.katalon.core.exception.StepFailedException: Unable to get text of object 'Object Repository/Product Ecommerce/Verifikasi product/Harga Product Ke 1'
	at com.kms.katalon.core.webui.keyword.internal.WebUIKeywordMain.stepFailed(WebUIKeywordMain.groovy:64)
	at com.kms.katalon.core.webui.keyword.internal.WebUIKeywordMain.runKeyword(WebUIKeywordMain.groovy:26)
	at com.kms.katalon.core.webui.keyword.builtin.GetTextKeyword.getText(GetTextKeyword.groovy:88)
	at com.kms.katalon.core.webui.keyword.builtin.GetTextKeyword.execute(GetTextKeyword.groovy:67)
	at com.kms.katalon.core.keyword.internal.KeywordExecutor.executeKeywordForPlatform(KeywordExecutor.groovy:74)
	at com.kms.katalon.core.webui.keyword.WebUiBuiltInKeywords.getText(WebUiBuiltInKeywords.groovy:918)
	at com.kms.katalon.core.webui.keyword.WebUiBuiltInKeywords$getText$9.call(Unknown Source)
	at TC-PE-003.run(TC-PE-003:34)
	at com.kms.katalon.core.main.ScriptEngine.run(ScriptEngine.java:194)
	at com.kms.katalon.core.main.ScriptEngine.runScriptAsRawText(ScriptEngine.java:119)
	at com.kms.katalon.core.main.TestCaseExecutor.runScript(TestCaseExecutor.java:448)
	at com.kms.katalon.core.main.TestCaseExecutor.doExecute(TestCaseExecutor.java:439)
	at com.kms.katalon.core.main.TestCaseExecutor.processExecutionPhase(TestCaseExecutor.java:418)
	at com.kms.katalon.core.main.TestCaseExecutor.accessMainPhase(TestCaseExecutor.java:410)
	at com.kms.katalon.core.main.TestCaseExecutor.execute(TestCaseExecutor.java:285)
	at com.kms.katalon.core.common.CommonExecutor.accessTestCaseMainPhase(CommonExecutor.java:65)
	at com.kms.katalon.core.main.TestSuiteExecutor.accessTestSuiteMainPhase(TestSuiteExecutor.java:148)
	at com.kms.katalon.core.main.TestSuiteExecutor.execute(TestSuiteExecutor.java:106)
	at com.kms.katalon.core.main.TestCaseMain.startTestSuite(TestCaseMain.java:187)
	at com.kms.katalon.core.main.TestCaseMain$startTestSuite$0.call(Unknown Source)
	at TempTestSuite1696485610604.run(TempTestSuite1696485610604.groovy:36)
Caused by: com.kms.katalon.core.webui.exception.WebElementNotFoundException: Web element with id: 'Object Repository/Product Ecommerce/Verifikasi product/Harga Product Ke 1' located by '/html/body/div[10]/div/div/div/div[2]/div[1]/div/div[2]/div[1]/p' not found
	at com.kms.katalon.core.webui.common.WebUiCommonHelper.findWebElement(WebUiCommonHelper.java:1381)
	at com.kms.katalon.core.webui.keyword.internal.WebUIAbstractKeyword.findWebElement(WebUIAbstractKeyword.groovy:27)
	at com.kms.katalon.core.webui.keyword.internal.WebUIAbstractKeyword.findWebElement(WebUIAbstractKeyword.groovy:26)
	at com.kms.katalon.core.webui.keyword.builtin.GetTextKeyword$_getText_closure1.doCall(GetTextKeyword.groovy:78)
	at com.kms.katalon.core.webui.keyword.builtin.GetTextKeyword$_getText_closure1.call(GetTextKeyword.groovy)
	at com.kms.katalon.core.webui.keyword.internal.WebUIKeywordMain.runKeyword(WebUIKeywordMain.groovy:20)
	... 19 more


2023-10-05 13:02:01 - [TEST_STEP][PASSED] - callTestCase(findTestCase("Product Ecommerce/TC-PE-001"), [:], STOP_ON_FAILURE): Call Test Case 'Test Cases/Product Ecommerce/TC-PE-001' successfully

2023-10-05 13:02:01 - [TEST_CASE][PASSED] - Test Cases/Product Ecommerce/TC-PE-001: Test Cases/Product Ecommerce/TC-PE-001

2023-10-05 13:02:01 - [TEST_STEP][PASSED] - callTestCase(findTestCase("Login Ecommerce/TC-Login Ecomerce-001"), [:], STOP_ON_FAILURE): Call Test Case 'Test Cases/Login Ecommerce/TC-Login Ecomerce-001' successfully

2023-10-05 13:02:01 - [TEST_CASE][PASSED] - Test Cases/Login Ecommerce/TC-Login Ecomerce-001: Test Cases/Login Ecommerce/TC-Login Ecomerce-001

2023-10-05 13:02:01 - [TEST_STEP][PASSED] - openBrowser(userTajalapak): Browser is opened with url: 'https://10.9.2.63/ecommerce/'

2023-10-05 13:02:01 - [MESSAGE][WARNING] - A browser is already opened. Closing browser and opening a new one

2023-10-05 13:02:02 - [MESSAGE][INFO] - Starting 'Edge Chromium' driver

2023-10-05 13:02:02 - [MESSAGE][INFO] - User set preference: ['acceptInsecureCerts', 'true']

2023-10-05 13:02:04 - [MESSAGE][INFO] - Action delay is set to 0 milliseconds

2023-10-05 13:02:06 - [MESSAGE][PASSED] - Browser is opened with url: 'https://10.9.2.63/ecommerce/'

2023-10-05 13:02:06 - [TEST_STEP][PASSED] - maximizeWindow(): Current window maximized

2023-10-05 13:02:06 - [MESSAGE][PASSED] - Current window maximized

2023-10-05 13:02:06 - [TEST_STEP][PASSED] - verifyElementPresent(findTestObject("Login Ecommerce/Verifikasi Halaman Login Akun"), 0): Object 'Object Repository/Login Ecommerce/Verifikasi Halaman Login Akun' is present

2023-10-05 13:02:06 - [MESSAGE][WARNING] - Timeout '0' is invalid. Using default page load timeout: '30'

2023-10-05 13:02:07 - [MESSAGE][PASSED] - Object 'Object Repository/Login Ecommerce/Verifikasi Halaman Login Akun' is present

2023-10-05 13:02:07 - [TEST_STEP][PASSED] - click(findTestObject("Login Ecommerce/Login Akun")): Object: 'Object Repository/Login Ecommerce/Login Akun' is clicked on

2023-10-05 13:02:07 - [MESSAGE][PASSED] - Object: 'Object Repository/Login Ecommerce/Login Akun' is clicked on

2023-10-05 13:02:07 - [TEST_STEP][PASSED] - verifyElementPresent(findTestObject("Login Ecommerce/Verifikasi Halaman Login Akun"), 0): Object 'Object Repository/Login Ecommerce/Verifikasi Halaman Login Akun' is present

2023-10-05 13:02:07 - [MESSAGE][WARNING] - Timeout '0' is invalid. Using default page load timeout: '30'

2023-10-05 13:02:08 - [MESSAGE][PASSED] - Object 'Object Repository/Login Ecommerce/Verifikasi Halaman Login Akun' is present

2023-10-05 13:02:08 - [TEST_STEP][PASSED] - setText(findTestObject("Login Ecommerce/Input Username"), "riswandha"): Text 'riswandha' is set on object 'Object Repository/Login Ecommerce/Input Username'

2023-10-05 13:02:09 - [MESSAGE][PASSED] - Text 'riswandha' is set on object 'Object Repository/Login Ecommerce/Input Username'

2023-10-05 13:02:09 - [TEST_STEP][PASSED] - setEncryptedText(findTestObject("Login Ecommerce/Input Password"), "iGDxf8hSRT4="): Text ****** has been set on object 'Object Repository/Login Ecommerce/Input Password'

2023-10-05 13:02:09 - [MESSAGE][PASSED] - Text ****** has been set on object 'Object Repository/Login Ecommerce/Input Password'

2023-10-05 13:02:09 - [TEST_STEP][PASSED] - click(findTestObject("Login Ecommerce/Button Masuk")): Object: 'Object Repository/Login Ecommerce/Button Masuk' is clicked on

2023-10-05 13:02:10 - [MESSAGE][PASSED] - Object: 'Object Repository/Login Ecommerce/Button Masuk' is clicked on

2023-10-05 13:02:10 - [TEST_STEP][PASSED] - verifyElementPresent(findTestObject("Login Ecommerce/Verifikasi Login Akun"), 0): Object 'Object Repository/Login Ecommerce/Verifikasi Login Akun' is present

2023-10-05 13:02:10 - [MESSAGE][WARNING] - Timeout '0' is invalid. Using default page load timeout: '30'

2023-10-05 13:02:11 - [MESSAGE][PASSED] - Object 'Object Repository/Login Ecommerce/Verifikasi Login Akun' is present

2023-10-05 13:02:11 - [MESSAGE][PASSED] - Call Test Case 'Test Cases/Login Ecommerce/TC-Login Ecomerce-001' successfully

2023-10-05 13:02:11 - [TEST_STEP][PASSED] - mouseOver(findTestObject("Product Ecommerce/Button Menu toko")): Object: 'Object Repository/Product Ecommerce/Button Menu toko' is hovered

2023-10-05 13:02:12 - [MESSAGE][PASSED] - Object: 'Object Repository/Product Ecommerce/Button Menu toko' is hovered

2023-10-05 13:02:12 - [TEST_STEP][PASSED] - click(findTestObject("Product Ecommerce/Button Daftar Produk")): Object: 'Object Repository/Product Ecommerce/Button Daftar Produk' is clicked on

2023-10-05 13:02:13 - [MESSAGE][PASSED] - Object: 'Object Repository/Product Ecommerce/Button Daftar Produk' is clicked on

2023-10-05 13:02:13 - [TEST_STEP][PASSED] - verifyElementPresent(findTestObject("Product Ecommerce/Verifikasi Halaman Product Anda"), 0): Object 'Object Repository/Product Ecommerce/Verifikasi Halaman Product Anda' is present

2023-10-05 13:02:13 - [MESSAGE][WARNING] - Timeout '0' is invalid. Using default page load timeout: '30'

2023-10-05 13:02:13 - [MESSAGE][PASSED] - Object 'Object Repository/Product Ecommerce/Verifikasi Halaman Product Anda' is present

2023-10-05 13:02:13 - [MESSAGE][PASSED] - Call Test Case 'Test Cases/Product Ecommerce/TC-PE-001' successfully

2023-10-05 13:02:13 - [TEST_STEP][PASSED] - mouseOver(findTestObject("Product Ecommerce/Image Gambar produk 1")): Object: 'Object Repository/Product Ecommerce/Image Gambar produk 1' is hovered

2023-10-05 13:02:14 - [MESSAGE][PASSED] - Object: 'Object Repository/Product Ecommerce/Image Gambar produk 1' is hovered

2023-10-05 13:02:14 - [TEST_STEP][PASSED] - verifyElementPresent(findTestObject("Product Ecommerce/Tambahkan Produk"), 0): Object 'Object Repository/Product Ecommerce/Tambahkan Produk' is present

2023-10-05 13:02:14 - [MESSAGE][WARNING] - Timeout '0' is invalid. Using default page load timeout: '30'

2023-10-05 13:02:14 - [MESSAGE][PASSED] - Object 'Object Repository/Product Ecommerce/Tambahkan Produk' is present

2023-10-05 13:02:14 - [TEST_STEP][PASSED] - click(findTestObject("Product Ecommerce/Tambahkan Product/Edit Data")): Object: 'Object Repository/Product Ecommerce/Tambahkan Product/Edit Data' is clicked on

2023-10-05 13:02:15 - [MESSAGE][PASSED] - Object: 'Object Repository/Product Ecommerce/Tambahkan Product/Edit Data' is clicked on

2023-10-05 13:02:15 - [TEST_STEP][PASSED] - setText(findTestObject("Product Ecommerce/Tambahkan Product/Input Harga Jual"), hargaBaru): Text '13000' is set on object 'Object Repository/Product Ecommerce/Tambahkan Product/Input Harga Jual'

2023-10-05 13:02:16 - [MESSAGE][PASSED] - Text '13000' is set on object 'Object Repository/Product Ecommerce/Tambahkan Product/Input Harga Jual'

2023-10-05 13:02:16 - [TEST_STEP][PASSED] - click(findTestObject("Product Ecommerce/Tambahkan Product/Button Update Data")): Object: 'Object Repository/Product Ecommerce/Tambahkan Product/Button Update Data' is clicked on

2023-10-05 13:02:17 - [MESSAGE][PASSED] - Object: 'Object Repository/Product Ecommerce/Tambahkan Product/Button Update Data' is clicked on

2023-10-05 13:02:17 - [TEST_STEP][PASSED] - verifyElementPresent(findTestObject("Product Ecommerce/Verifikasi Halaman Product Anda"), 0): Object 'Object Repository/Product Ecommerce/Verifikasi Halaman Product Anda' is present

2023-10-05 13:02:17 - [MESSAGE][WARNING] - Timeout '0' is invalid. Using default page load timeout: '30'

2023-10-05 13:02:17 - [MESSAGE][PASSED] - Object 'Object Repository/Product Ecommerce/Verifikasi Halaman Product Anda' is present

2023-10-05 13:02:17 - [TEST_STEP][FAILED] - hargaProduct = getText(findTestObject("Object Repository/Product Ecommerce/Verifikasi product/Harga Product Ke 1")): Unable to get text of object 'Object Repository/Product Ecommerce/Verifikasi product/Harga Product Ke 1' (Root cause: com.kms.katalon.core.exception.StepFailedException: Unable to get text of object 'Object Repository/Product Ecommerce/Verifikasi product/Harga Product Ke 1'
	at com.kms.katalon.core.webui.keyword.internal.WebUIKeywordMain.stepFailed(WebUIKeywordMain.groovy:64)
	at com.kms.katalon.core.webui.keyword.internal.WebUIKeywordMain.runKeyword(WebUIKeywordMain.groovy:26)
	at com.kms.katalon.core.webui.keyword.builtin.GetTextKeyword.getText(GetTextKeyword.groovy:88)
	at com.kms.katalon.core.webui.keyword.builtin.GetTextKeyword.execute(GetTextKeyword.groovy:67)
	at com.kms.katalon.core.keyword.internal.KeywordExecutor.executeKeywordForPlatform(KeywordExecutor.groovy:74)
	at com.kms.katalon.core.webui.keyword.WebUiBuiltInKeywords.getText(WebUiBuiltInKeywords.groovy:918)
	at com.kms.katalon.core.webui.keyword.WebUiBuiltInKeywords$getText$9.call(Unknown Source)
	at TC-PE-003.run(TC-PE-003:34)
	at com.kms.katalon.core.main.ScriptEngine.run(ScriptEngine.java:194)
	at com.kms.katalon.core.main.ScriptEngine.runScriptAsRawText(ScriptEngine.java:119)
	at com.kms.katalon.core.main.TestCaseExecutor.runScript(TestCaseExecutor.java:448)
	at com.kms.katalon.core.main.TestCaseExecutor.doExecute(TestCaseExecutor.java:439)
	at com.kms.katalon.core.main.TestCaseExecutor.processExecutionPhase(TestCaseExecutor.java:418)
	at com.kms.katalon.core.main.TestCaseExecutor.accessMainPhase(TestCaseExecutor.java:410)
	at com.kms.katalon.core.main.TestCaseExecutor.execute(TestCaseExecutor.java:285)
	at com.kms.katalon.core.common.CommonExecutor.accessTestCaseMainPhase(CommonExecutor.java:65)
	at com.kms.katalon.core.main.TestSuiteExecutor.accessTestSuiteMainPhase(TestSuiteExecutor.java:148)
	at com.kms.katalon.core.main.TestSuiteExecutor.execute(TestSuiteExecutor.java:106)
	at com.kms.katalon.core.main.TestCaseMain.startTestSuite(TestCaseMain.java:187)
	at com.kms.katalon.core.main.TestCaseMain$startTestSuite$0.call(Unknown Source)
	at TempTestSuite1696485610604.run(TempTestSuite1696485610604.groovy:36)
Caused by: com.kms.katalon.core.webui.exception.WebElementNotFoundException: Web element with id: 'Object Repository/Product Ecommerce/Verifikasi product/Harga Product Ke 1' located by '/html/body/div[10]/div/div/div/div[2]/div[1]/div/div[2]/div[1]/p' not found
	at com.kms.katalon.core.webui.common.WebUiCommonHelper.findWebElement(WebUiCommonHelper.java:1381)
	at com.kms.katalon.core.webui.keyword.internal.WebUIAbstractKeyword.findWebElement(WebUIAbstractKeyword.groovy:27)
	at com.kms.katalon.core.webui.keyword.internal.WebUIAbstractKeyword.findWebElement(WebUIAbstractKeyword.groovy:26)
	at com.kms.katalon.core.webui.keyword.builtin.GetTextKeyword$_getText_closure1.doCall(GetTextKeyword.groovy:78)
	at com.kms.katalon.core.webui.keyword.builtin.GetTextKeyword$_getText_closure1.call(GetTextKeyword.groovy)
	at com.kms.katalon.core.webui.keyword.internal.WebUIKeywordMain.runKeyword(WebUIKeywordMain.groovy:20)
	at com.kms.katalon.core.webui.keyword.builtin.GetTextKeyword.getText(GetTextKeyword.groovy:88)
	at com.kms.katalon.core.webui.keyword.builtin.GetTextKeyword.execute(GetTextKeyword.groovy:67)
	at com.kms.katalon.core.keyword.internal.KeywordExecutor.executeKeywordForPlatform(KeywordExecutor.groovy:74)
	at com.kms.katalon.core.webui.keyword.WebUiBuiltInKeywords.getText(WebUiBuiltInKeywords.groovy:918)
	at com.kms.katalon.core.webui.keyword.WebUiBuiltInKeywords$getText$9.call(Unknown Source)
	at Script1695956452226.run(Script1695956452226.groovy:34)
	... 13 more
)

2023-10-05 13:02:48 - [MESSAGE][INFO] - Unable to find the element located by 'By.xpath: /html/body/div[10]/div/div/div/div[2]/div[1]/div/div[2]/div[1]/p'. Please recheck the objects properties to make sure the desired element is located. 

2023-10-05 13:02:48 - [MESSAGE][FAILED] - Unable to get text of object 'Object Repository/Product Ecommerce/Verifikasi product/Harga Product Ke 1' (Root cause: com.kms.katalon.core.exception.StepFailedException: Unable to get text of object 'Object Repository/Product Ecommerce/Verifikasi product/Harga Product Ke 1'
	at com.kms.katalon.core.webui.keyword.internal.WebUIKeywordMain.stepFailed(WebUIKeywordMain.groovy:64)
	at com.kms.katalon.core.webui.keyword.internal.WebUIKeywordMain.runKeyword(WebUIKeywordMain.groovy:26)
	at com.kms.katalon.core.webui.keyword.builtin.GetTextKeyword.getText(GetTextKeyword.groovy:88)
	at com.kms.katalon.core.webui.keyword.builtin.GetTextKeyword.execute(GetTextKeyword.groovy:67)
	at com.kms.katalon.core.keyword.internal.KeywordExecutor.executeKeywordForPlatform(KeywordExecutor.groovy:74)
	at com.kms.katalon.core.webui.keyword.WebUiBuiltInKeywords.getText(WebUiBuiltInKeywords.groovy:918)
	at com.kms.katalon.core.webui.keyword.WebUiBuiltInKeywords$getText$9.call(Unknown Source)
	at TC-PE-003.run(TC-PE-003:34)
	at com.kms.katalon.core.main.ScriptEngine.run(ScriptEngine.java:194)
	at com.kms.katalon.core.main.ScriptEngine.runScriptAsRawText(ScriptEngine.java:119)
	at com.kms.katalon.core.main.TestCaseExecutor.runScript(TestCaseExecutor.java:448)
	at com.kms.katalon.core.main.TestCaseExecutor.doExecute(TestCaseExecutor.java:439)
	at com.kms.katalon.core.main.TestCaseExecutor.processExecutionPhase(TestCaseExecutor.java:418)
	at com.kms.katalon.core.main.TestCaseExecutor.accessMainPhase(TestCaseExecutor.java:410)
	at com.kms.katalon.core.main.TestCaseExecutor.execute(TestCaseExecutor.java:285)
	at com.kms.katalon.core.common.CommonExecutor.accessTestCaseMainPhase(CommonExecutor.java:65)
	at com.kms.katalon.core.main.TestSuiteExecutor.accessTestSuiteMainPhase(TestSuiteExecutor.java:148)
	at com.kms.katalon.core.main.TestSuiteExecutor.execute(TestSuiteExecutor.java:106)
	at com.kms.katalon.core.main.TestCaseMain.startTestSuite(TestCaseMain.java:187)
	at com.kms.katalon.core.main.TestCaseMain$startTestSuite$0.call(Unknown Source)
	at TempTestSuite1696485610604.run(TempTestSuite1696485610604.groovy:36)
Caused by: com.kms.katalon.core.webui.exception.WebElementNotFoundException: Web element with id: 'Object Repository/Product Ecommerce/Verifikasi product/Harga Product Ke 1' located by '/html/body/div[10]/div/div/div/div[2]/div[1]/div/div[2]/div[1]/p' not found
	at com.kms.katalon.core.webui.common.WebUiCommonHelper.findWebElement(WebUiCommonHelper.java:1381)
	at com.kms.katalon.core.webui.keyword.internal.WebUIAbstractKeyword.findWebElement(WebUIAbstractKeyword.groovy:27)
	at com.kms.katalon.core.webui.keyword.internal.WebUIAbstractKeyword.findWebElement(WebUIAbstractKeyword.groovy:26)
	at com.kms.katalon.core.webui.keyword.builtin.GetTextKeyword$_getText_closure1.doCall(GetTextKeyword.groovy:78)
	at com.kms.katalon.core.webui.keyword.builtin.GetTextKeyword$_getText_closure1.call(GetTextKeyword.groovy)
	at com.kms.katalon.core.webui.keyword.internal.WebUIKeywordMain.runKeyword(WebUIKeywordMain.groovy:20)
	at com.kms.katalon.core.webui.keyword.builtin.GetTextKeyword.getText(GetTextKeyword.groovy:88)
	at com.kms.katalon.core.webui.keyword.builtin.GetTextKeyword.execute(GetTextKeyword.groovy:67)
	at com.kms.katalon.core.keyword.internal.KeywordExecutor.executeKeywordForPlatform(KeywordExecutor.groovy:74)
	at com.kms.katalon.core.webui.keyword.WebUiBuiltInKeywords.getText(WebUiBuiltInKeywords.groovy:918)
	at com.kms.katalon.core.webui.keyword.WebUiBuiltInKeywords$getText$9.call(Unknown Source)
	at Script1695956452226.run(Script1695956452226.groovy:34)
	... 13 more
)
[[ATTACHMENT|G:\\Project Xsis\\batch-324-qa\\Riswan\\Sprint 2 Product Tajalapak\\Reports\\20231005_130010\\Product Ecomerce\\20231005_130010\\1696485768554.png]]]]></system-out>
         <system-err><![CDATA[2023-10-05 13:02:00 - [TEST_CASE][FAILED] - Test Cases/Product Ecommerce/TC-PE-003: Test Cases/Product Ecommerce/TC-PE-003 FAILED.
Reason:
com.kms.katalon.core.exception.StepFailedException: Unable to get text of object 'Object Repository/Product Ecommerce/Verifikasi product/Harga Product Ke 1'
	at com.kms.katalon.core.webui.keyword.internal.WebUIKeywordMain.stepFailed(WebUIKeywordMain.groovy:64)
	at com.kms.katalon.core.webui.keyword.internal.WebUIKeywordMain.runKeyword(WebUIKeywordMain.groovy:26)
	at com.kms.katalon.core.webui.keyword.builtin.GetTextKeyword.getText(GetTextKeyword.groovy:88)
	at com.kms.katalon.core.webui.keyword.builtin.GetTextKeyword.execute(GetTextKeyword.groovy:67)
	at com.kms.katalon.core.keyword.internal.KeywordExecutor.executeKeywordForPlatform(KeywordExecutor.groovy:74)
	at com.kms.katalon.core.webui.keyword.WebUiBuiltInKeywords.getText(WebUiBuiltInKeywords.groovy:918)
	at com.kms.katalon.core.webui.keyword.WebUiBuiltInKeywords$getText$9.call(Unknown Source)
	at TC-PE-003.run(TC-PE-003:34)
	at com.kms.katalon.core.main.ScriptEngine.run(ScriptEngine.java:194)
	at com.kms.katalon.core.main.ScriptEngine.runScriptAsRawText(ScriptEngine.java:119)
	at com.kms.katalon.core.main.TestCaseExecutor.runScript(TestCaseExecutor.java:448)
	at com.kms.katalon.core.main.TestCaseExecutor.doExecute(TestCaseExecutor.java:439)
	at com.kms.katalon.core.main.TestCaseExecutor.processExecutionPhase(TestCaseExecutor.java:418)
	at com.kms.katalon.core.main.TestCaseExecutor.accessMainPhase(TestCaseExecutor.java:410)
	at com.kms.katalon.core.main.TestCaseExecutor.execute(TestCaseExecutor.java:285)
	at com.kms.katalon.core.common.CommonExecutor.accessTestCaseMainPhase(CommonExecutor.java:65)
	at com.kms.katalon.core.main.TestSuiteExecutor.accessTestSuiteMainPhase(TestSuiteExecutor.java:148)
	at com.kms.katalon.core.main.TestSuiteExecutor.execute(TestSuiteExecutor.java:106)
	at com.kms.katalon.core.main.TestCaseMain.startTestSuite(TestCaseMain.java:187)
	at com.kms.katalon.core.main.TestCaseMain$startTestSuite$0.call(Unknown Source)
	at TempTestSuite1696485610604.run(TempTestSuite1696485610604.groovy:36)
Caused by: com.kms.katalon.core.webui.exception.WebElementNotFoundException: Web element with id: 'Object Repository/Product Ecommerce/Verifikasi product/Harga Product Ke 1' located by '/html/body/div[10]/div/div/div/div[2]/div[1]/div/div[2]/div[1]/p' not found
	at com.kms.katalon.core.webui.common.WebUiCommonHelper.findWebElement(WebUiCommonHelper.java:1381)
	at com.kms.katalon.core.webui.keyword.internal.WebUIAbstractKeyword.findWebElement(WebUIAbstractKeyword.groovy:27)
	at com.kms.katalon.core.webui.keyword.internal.WebUIAbstractKeyword.findWebElement(WebUIAbstractKeyword.groovy:26)
	at com.kms.katalon.core.webui.keyword.builtin.GetTextKeyword$_getText_closure1.doCall(GetTextKeyword.groovy:78)
	at com.kms.katalon.core.webui.keyword.builtin.GetTextKeyword$_getText_closure1.call(GetTextKeyword.groovy)
	at com.kms.katalon.core.webui.keyword.internal.WebUIKeywordMain.runKeyword(WebUIKeywordMain.groovy:20)
	... 19 more]]></system-err>
      </testcase>
      <testcase name="Test Cases/Product Ecommerce/TC-PE-004" time="15.467" classname="Test Cases/Product Ecommerce/TC-PE-004" status="PASSED">
         <system-out><![CDATA[2023-10-05 13:02:48 - [TEST_CASE][PASSED] - Test Cases/Product Ecommerce/TC-PE-004: Test Cases/Product Ecommerce/TC-PE-004

2023-10-05 13:02:48 - [TEST_STEP][PASSED] - callTestCase(findTestCase("Product Ecommerce/TC-PE-001"), [:], STOP_ON_FAILURE): Call Test Case 'Test Cases/Product Ecommerce/TC-PE-001' successfully

2023-10-05 13:02:48 - [TEST_CASE][PASSED] - Test Cases/Product Ecommerce/TC-PE-001: Test Cases/Product Ecommerce/TC-PE-001

2023-10-05 13:02:48 - [TEST_STEP][PASSED] - callTestCase(findTestCase("Login Ecommerce/TC-Login Ecomerce-001"), [:], STOP_ON_FAILURE): Call Test Case 'Test Cases/Login Ecommerce/TC-Login Ecomerce-001' successfully

2023-10-05 13:02:49 - [TEST_CASE][PASSED] - Test Cases/Login Ecommerce/TC-Login Ecomerce-001: Test Cases/Login Ecommerce/TC-Login Ecomerce-001

2023-10-05 13:02:49 - [TEST_STEP][PASSED] - openBrowser(userTajalapak): Browser is opened with url: 'https://10.9.2.63/ecommerce/'

2023-10-05 13:02:49 - [MESSAGE][WARNING] - A browser is already opened. Closing browser and opening a new one

2023-10-05 13:02:49 - [MESSAGE][INFO] - Starting 'Edge Chromium' driver

2023-10-05 13:02:49 - [MESSAGE][INFO] - User set preference: ['acceptInsecureCerts', 'true']

2023-10-05 13:02:52 - [MESSAGE][INFO] - Action delay is set to 0 milliseconds

2023-10-05 13:02:55 - [MESSAGE][PASSED] - Browser is opened with url: 'https://10.9.2.63/ecommerce/'

2023-10-05 13:02:55 - [TEST_STEP][PASSED] - maximizeWindow(): Current window maximized

2023-10-05 13:02:55 - [MESSAGE][PASSED] - Current window maximized

2023-10-05 13:02:55 - [TEST_STEP][PASSED] - verifyElementPresent(findTestObject("Login Ecommerce/Verifikasi Halaman Login Akun"), 0): Object 'Object Repository/Login Ecommerce/Verifikasi Halaman Login Akun' is present

2023-10-05 13:02:55 - [MESSAGE][WARNING] - Timeout '0' is invalid. Using default page load timeout: '30'

2023-10-05 13:02:55 - [MESSAGE][PASSED] - Object 'Object Repository/Login Ecommerce/Verifikasi Halaman Login Akun' is present

2023-10-05 13:02:55 - [TEST_STEP][PASSED] - click(findTestObject("Login Ecommerce/Login Akun")): Object: 'Object Repository/Login Ecommerce/Login Akun' is clicked on

2023-10-05 13:02:56 - [MESSAGE][PASSED] - Object: 'Object Repository/Login Ecommerce/Login Akun' is clicked on

2023-10-05 13:02:56 - [TEST_STEP][PASSED] - verifyElementPresent(findTestObject("Login Ecommerce/Verifikasi Halaman Login Akun"), 0): Object 'Object Repository/Login Ecommerce/Verifikasi Halaman Login Akun' is present

2023-10-05 13:02:56 - [MESSAGE][WARNING] - Timeout '0' is invalid. Using default page load timeout: '30'

2023-10-05 13:02:56 - [MESSAGE][PASSED] - Object 'Object Repository/Login Ecommerce/Verifikasi Halaman Login Akun' is present

2023-10-05 13:02:56 - [TEST_STEP][PASSED] - setText(findTestObject("Login Ecommerce/Input Username"), "riswandha"): Text 'riswandha' is set on object 'Object Repository/Login Ecommerce/Input Username'

2023-10-05 13:02:57 - [MESSAGE][PASSED] - Text 'riswandha' is set on object 'Object Repository/Login Ecommerce/Input Username'

2023-10-05 13:02:57 - [TEST_STEP][PASSED] - setEncryptedText(findTestObject("Login Ecommerce/Input Password"), "iGDxf8hSRT4="): Text ****** has been set on object 'Object Repository/Login Ecommerce/Input Password'

2023-10-05 13:02:58 - [MESSAGE][PASSED] - Text ****** has been set on object 'Object Repository/Login Ecommerce/Input Password'

2023-10-05 13:02:58 - [TEST_STEP][PASSED] - click(findTestObject("Login Ecommerce/Button Masuk")): Object: 'Object Repository/Login Ecommerce/Button Masuk' is clicked on

2023-10-05 13:02:59 - [MESSAGE][PASSED] - Object: 'Object Repository/Login Ecommerce/Button Masuk' is clicked on

2023-10-05 13:02:59 - [TEST_STEP][PASSED] - verifyElementPresent(findTestObject("Login Ecommerce/Verifikasi Login Akun"), 0): Object 'Object Repository/Login Ecommerce/Verifikasi Login Akun' is present

2023-10-05 13:02:59 - [MESSAGE][WARNING] - Timeout '0' is invalid. Using default page load timeout: '30'

2023-10-05 13:03:00 - [MESSAGE][PASSED] - Object 'Object Repository/Login Ecommerce/Verifikasi Login Akun' is present

2023-10-05 13:03:00 - [MESSAGE][PASSED] - Call Test Case 'Test Cases/Login Ecommerce/TC-Login Ecomerce-001' successfully

2023-10-05 13:03:00 - [TEST_STEP][PASSED] - mouseOver(findTestObject("Product Ecommerce/Button Menu toko")): Object: 'Object Repository/Product Ecommerce/Button Menu toko' is hovered

2023-10-05 13:03:00 - [MESSAGE][PASSED] - Object: 'Object Repository/Product Ecommerce/Button Menu toko' is hovered

2023-10-05 13:03:00 - [TEST_STEP][PASSED] - click(findTestObject("Product Ecommerce/Button Daftar Produk")): Object: 'Object Repository/Product Ecommerce/Button Daftar Produk' is clicked on

2023-10-05 13:03:01 - [MESSAGE][PASSED] - Object: 'Object Repository/Product Ecommerce/Button Daftar Produk' is clicked on

2023-10-05 13:03:01 - [TEST_STEP][PASSED] - verifyElementPresent(findTestObject("Product Ecommerce/Verifikasi Halaman Product Anda"), 0): Object 'Object Repository/Product Ecommerce/Verifikasi Halaman Product Anda' is present

2023-10-05 13:03:01 - [MESSAGE][WARNING] - Timeout '0' is invalid. Using default page load timeout: '30'

2023-10-05 13:03:02 - [MESSAGE][PASSED] - Object 'Object Repository/Product Ecommerce/Verifikasi Halaman Product Anda' is present

2023-10-05 13:03:02 - [MESSAGE][PASSED] - Call Test Case 'Test Cases/Product Ecommerce/TC-PE-001' successfully

2023-10-05 13:03:02 - [TEST_STEP][PASSED] - mouseOver(findTestObject("Product Ecommerce/Image Gambar produk 1")): Object: 'Object Repository/Product Ecommerce/Image Gambar produk 1' is hovered

2023-10-05 13:03:02 - [MESSAGE][PASSED] - Object: 'Object Repository/Product Ecommerce/Image Gambar produk 1' is hovered

2023-10-05 13:03:02 - [TEST_STEP][PASSED] - click(findTestObject("Product Ecommerce/Melihat Product")): Object: 'Object Repository/Product Ecommerce/Melihat Product' is clicked on

2023-10-05 13:03:03 - [MESSAGE][PASSED] - Object: 'Object Repository/Product Ecommerce/Melihat Product' is clicked on

2023-10-05 13:03:03 - [TEST_STEP][PASSED] - verifyElementPresent(findTestObject("Product Ecommerce/Verifikasi product/Verifikasi halaman Detail Product"), 0): Object 'Object Repository/Product Ecommerce/Verifikasi product/Verifikasi halaman Detail Product' is present

2023-10-05 13:03:03 - [MESSAGE][WARNING] - Timeout '0' is invalid. Using default page load timeout: '30'

2023-10-05 13:03:04 - [MESSAGE][PASSED] - Object 'Object Repository/Product Ecommerce/Verifikasi product/Verifikasi halaman Detail Product' is present]]></system-out>
         <system-err><![CDATA[]]></system-err>
      </testcase>
      <testcase name="Test Cases/Product Ecommerce/TC-PE-005" time="16.001" classname="Test Cases/Product Ecommerce/TC-PE-005" status="ERROR">
         <error type="ERROR" message="Test Cases/Product Ecommerce/TC-PE-005 FAILED.
Reason:
groovy.lang.GroovyRuntimeException: Cannot compare java.util.ArrayList with value '[[[CEdgeDriver: msedge on WINDOWS (d1df09969a5167cf4e2ed9f94fb7ed0f)] -> xpath: //div[@class = 'ps-product']], [[CEdgeDriver: msedge on WINDOWS (d1df09969a5167cf4e2ed9f94fb7ed0f)] -> xpath: //div[@class = 'ps-product']], [[CEdgeDriver: msedge on WINDOWS (d1df09969a5167cf4e2ed9f94fb7ed0f)] -> xpath: //div[@class = 'ps-product']], [[CEdgeDriver: msedge on WINDOWS (d1df09969a5167cf4e2ed9f94fb7ed0f)] -> xpath: //div[@class = 'ps-product']], [[CEdgeDriver: msedge on WINDOWS (d1df09969a5167cf4e2ed9f94fb7ed0f)] -> xpath: //div[@class = 'ps-product']], [[CEdgeDriver: msedge on WINDOWS (d1df09969a5167cf4e2ed9f94fb7ed0f)] -> xpath: //div[@class = 'ps-product']], [[CEdgeDriver: msedge on WINDOWS (d1df09969a5167cf4e2ed9f94fb7ed0f)] -> xpath: //div[@class = 'ps-product']]]' and java.util.ArrayList with value '[[[CEdgeDriver: msedge on WINDOWS (d1df09969a5167cf4e2ed9f94fb7ed0f)] -> xpath: //div[@class = 'ps-product']], [[CEdgeDriver: msedge on WINDOWS (d1df09969a5167cf4e2ed9f94fb7ed0f)] -> xpath: //div[@class = 'ps-product']], [[CEdgeDriver: msedge on WINDOWS (d1df09969a5167cf4e2ed9f94fb7ed0f)] -> xpath: //div[@class = 'ps-product']], [[CEdgeDriver: msedge on WINDOWS (d1df09969a5167cf4e2ed9f94fb7ed0f)] -> xpath: //div[@class = 'ps-product']], [[CEdgeDriver: msedge on WINDOWS (d1df09969a5167cf4e2ed9f94fb7ed0f)] -> xpath: //div[@class = 'ps-product']], [[CEdgeDriver: msedge on WINDOWS (d1df09969a5167cf4e2ed9f94fb7ed0f)] -> xpath: //div[@class = 'ps-product']]]'
	at TC-PE-005.run(TC-PE-005:36)
	at com.kms.katalon.core.main.ScriptEngine.run(ScriptEngine.java:194)
	at com.kms.katalon.core.main.ScriptEngine.runScriptAsRawText(ScriptEngine.java:119)
	at com.kms.katalon.core.main.TestCaseExecutor.runScript(TestCaseExecutor.java:448)
	at com.kms.katalon.core.main.TestCaseExecutor.doExecute(TestCaseExecutor.java:439)
	at com.kms.katalon.core.main.TestCaseExecutor.processExecutionPhase(TestCaseExecutor.java:418)
	at com.kms.katalon.core.main.TestCaseExecutor.accessMainPhase(TestCaseExecutor.java:410)
	at com.kms.katalon.core.main.TestCaseExecutor.execute(TestCaseExecutor.java:285)
	at com.kms.katalon.core.common.CommonExecutor.accessTestCaseMainPhase(CommonExecutor.java:65)
	at com.kms.katalon.core.main.TestSuiteExecutor.accessTestSuiteMainPhase(TestSuiteExecutor.java:148)
	at com.kms.katalon.core.main.TestSuiteExecutor.execute(TestSuiteExecutor.java:106)
	at com.kms.katalon.core.main.TestCaseMain.startTestSuite(TestCaseMain.java:187)
	at com.kms.katalon.core.main.TestCaseMain$startTestSuite$0.call(Unknown Source)
	at TempTestSuite1696485610604.run(TempTestSuite1696485610604.groovy:36)
"/>
         <system-out><![CDATA[2023-10-05 13:03:04 - [TEST_CASE][ERROR] - Test Cases/Product Ecommerce/TC-PE-005: Test Cases/Product Ecommerce/TC-PE-005 FAILED.
Reason:
groovy.lang.GroovyRuntimeException: Cannot compare java.util.ArrayList with value '[[[CEdgeDriver: msedge on WINDOWS (d1df09969a5167cf4e2ed9f94fb7ed0f)] -> xpath: //div[@class = 'ps-product']], [[CEdgeDriver: msedge on WINDOWS (d1df09969a5167cf4e2ed9f94fb7ed0f)] -> xpath: //div[@class = 'ps-product']], [[CEdgeDriver: msedge on WINDOWS (d1df09969a5167cf4e2ed9f94fb7ed0f)] -> xpath: //div[@class = 'ps-product']], [[CEdgeDriver: msedge on WINDOWS (d1df09969a5167cf4e2ed9f94fb7ed0f)] -> xpath: //div[@class = 'ps-product']], [[CEdgeDriver: msedge on WINDOWS (d1df09969a5167cf4e2ed9f94fb7ed0f)] -> xpath: //div[@class = 'ps-product']], [[CEdgeDriver: msedge on WINDOWS (d1df09969a5167cf4e2ed9f94fb7ed0f)] -> xpath: //div[@class = 'ps-product']], [[CEdgeDriver: msedge on WINDOWS (d1df09969a5167cf4e2ed9f94fb7ed0f)] -> xpath: //div[@class = 'ps-product']]]' and java.util.ArrayList with value '[[[CEdgeDriver: msedge on WINDOWS (d1df09969a5167cf4e2ed9f94fb7ed0f)] -> xpath: //div[@class = 'ps-product']], [[CEdgeDriver: msedge on WINDOWS (d1df09969a5167cf4e2ed9f94fb7ed0f)] -> xpath: //div[@class = 'ps-product']], [[CEdgeDriver: msedge on WINDOWS (d1df09969a5167cf4e2ed9f94fb7ed0f)] -> xpath: //div[@class = 'ps-product']], [[CEdgeDriver: msedge on WINDOWS (d1df09969a5167cf4e2ed9f94fb7ed0f)] -> xpath: //div[@class = 'ps-product']], [[CEdgeDriver: msedge on WINDOWS (d1df09969a5167cf4e2ed9f94fb7ed0f)] -> xpath: //div[@class = 'ps-product']], [[CEdgeDriver: msedge on WINDOWS (d1df09969a5167cf4e2ed9f94fb7ed0f)] -> xpath: //div[@class = 'ps-product']]]'
	at TC-PE-005.run(TC-PE-005:36)
	at com.kms.katalon.core.main.ScriptEngine.run(ScriptEngine.java:194)
	at com.kms.katalon.core.main.ScriptEngine.runScriptAsRawText(ScriptEngine.java:119)
	at com.kms.katalon.core.main.TestCaseExecutor.runScript(TestCaseExecutor.java:448)
	at com.kms.katalon.core.main.TestCaseExecutor.doExecute(TestCaseExecutor.java:439)
	at com.kms.katalon.core.main.TestCaseExecutor.processExecutionPhase(TestCaseExecutor.java:418)
	at com.kms.katalon.core.main.TestCaseExecutor.accessMainPhase(TestCaseExecutor.java:410)
	at com.kms.katalon.core.main.TestCaseExecutor.execute(TestCaseExecutor.java:285)
	at com.kms.katalon.core.common.CommonExecutor.accessTestCaseMainPhase(CommonExecutor.java:65)
	at com.kms.katalon.core.main.TestSuiteExecutor.accessTestSuiteMainPhase(TestSuiteExecutor.java:148)
	at com.kms.katalon.core.main.TestSuiteExecutor.execute(TestSuiteExecutor.java:106)
	at com.kms.katalon.core.main.TestCaseMain.startTestSuite(TestCaseMain.java:187)
	at com.kms.katalon.core.main.TestCaseMain$startTestSuite$0.call(Unknown Source)
	at TempTestSuite1696485610604.run(TempTestSuite1696485610604.groovy:36)


2023-10-05 13:03:04 - [TEST_STEP][PASSED] - callTestCase(findTestCase("Product Ecommerce/TC-PE-001"), [:], STOP_ON_FAILURE): Call Test Case 'Test Cases/Product Ecommerce/TC-PE-001' successfully

2023-10-05 13:03:04 - [TEST_CASE][PASSED] - Test Cases/Product Ecommerce/TC-PE-001: Test Cases/Product Ecommerce/TC-PE-001

2023-10-05 13:03:04 - [TEST_STEP][PASSED] - callTestCase(findTestCase("Login Ecommerce/TC-Login Ecomerce-001"), [:], STOP_ON_FAILURE): Call Test Case 'Test Cases/Login Ecommerce/TC-Login Ecomerce-001' successfully

2023-10-05 13:03:04 - [TEST_CASE][PASSED] - Test Cases/Login Ecommerce/TC-Login Ecomerce-001: Test Cases/Login Ecommerce/TC-Login Ecomerce-001

2023-10-05 13:03:04 - [TEST_STEP][PASSED] - openBrowser(userTajalapak): Browser is opened with url: 'https://10.9.2.63/ecommerce/'

2023-10-05 13:03:04 - [MESSAGE][WARNING] - A browser is already opened. Closing browser and opening a new one

2023-10-05 13:03:05 - [MESSAGE][INFO] - Starting 'Edge Chromium' driver

2023-10-05 13:03:05 - [MESSAGE][INFO] - User set preference: ['acceptInsecureCerts', 'true']

2023-10-05 13:03:07 - [MESSAGE][INFO] - Action delay is set to 0 milliseconds

2023-10-05 13:03:10 - [MESSAGE][PASSED] - Browser is opened with url: 'https://10.9.2.63/ecommerce/'

2023-10-05 13:03:10 - [TEST_STEP][PASSED] - maximizeWindow(): Current window maximized

2023-10-05 13:03:10 - [MESSAGE][PASSED] - Current window maximized

2023-10-05 13:03:10 - [TEST_STEP][PASSED] - verifyElementPresent(findTestObject("Login Ecommerce/Verifikasi Halaman Login Akun"), 0): Object 'Object Repository/Login Ecommerce/Verifikasi Halaman Login Akun' is present

2023-10-05 13:03:10 - [MESSAGE][WARNING] - Timeout '0' is invalid. Using default page load timeout: '30'

2023-10-05 13:03:11 - [MESSAGE][PASSED] - Object 'Object Repository/Login Ecommerce/Verifikasi Halaman Login Akun' is present

2023-10-05 13:03:11 - [TEST_STEP][PASSED] - click(findTestObject("Login Ecommerce/Login Akun")): Object: 'Object Repository/Login Ecommerce/Login Akun' is clicked on

2023-10-05 13:03:11 - [MESSAGE][PASSED] - Object: 'Object Repository/Login Ecommerce/Login Akun' is clicked on

2023-10-05 13:03:11 - [TEST_STEP][PASSED] - verifyElementPresent(findTestObject("Login Ecommerce/Verifikasi Halaman Login Akun"), 0): Object 'Object Repository/Login Ecommerce/Verifikasi Halaman Login Akun' is present

2023-10-05 13:03:11 - [MESSAGE][WARNING] - Timeout '0' is invalid. Using default page load timeout: '30'

2023-10-05 13:03:12 - [MESSAGE][PASSED] - Object 'Object Repository/Login Ecommerce/Verifikasi Halaman Login Akun' is present

2023-10-05 13:03:12 - [TEST_STEP][PASSED] - setText(findTestObject("Login Ecommerce/Input Username"), "riswandha"): Text 'riswandha' is set on object 'Object Repository/Login Ecommerce/Input Username'

2023-10-05 13:03:13 - [MESSAGE][PASSED] - Text 'riswandha' is set on object 'Object Repository/Login Ecommerce/Input Username'

2023-10-05 13:03:13 - [TEST_STEP][PASSED] - setEncryptedText(findTestObject("Login Ecommerce/Input Password"), "iGDxf8hSRT4="): Text ****** has been set on object 'Object Repository/Login Ecommerce/Input Password'

2023-10-05 13:03:13 - [MESSAGE][PASSED] - Text ****** has been set on object 'Object Repository/Login Ecommerce/Input Password'

2023-10-05 13:03:13 - [TEST_STEP][PASSED] - click(findTestObject("Login Ecommerce/Button Masuk")): Object: 'Object Repository/Login Ecommerce/Button Masuk' is clicked on

2023-10-05 13:03:14 - [MESSAGE][PASSED] - Object: 'Object Repository/Login Ecommerce/Button Masuk' is clicked on

2023-10-05 13:03:14 - [TEST_STEP][PASSED] - verifyElementPresent(findTestObject("Login Ecommerce/Verifikasi Login Akun"), 0): Object 'Object Repository/Login Ecommerce/Verifikasi Login Akun' is present

2023-10-05 13:03:14 - [MESSAGE][WARNING] - Timeout '0' is invalid. Using default page load timeout: '30'

2023-10-05 13:03:15 - [MESSAGE][PASSED] - Object 'Object Repository/Login Ecommerce/Verifikasi Login Akun' is present

2023-10-05 13:03:15 - [MESSAGE][PASSED] - Call Test Case 'Test Cases/Login Ecommerce/TC-Login Ecomerce-001' successfully

2023-10-05 13:03:15 - [TEST_STEP][PASSED] - mouseOver(findTestObject("Product Ecommerce/Button Menu toko")): Object: 'Object Repository/Product Ecommerce/Button Menu toko' is hovered

2023-10-05 13:03:16 - [MESSAGE][PASSED] - Object: 'Object Repository/Product Ecommerce/Button Menu toko' is hovered

2023-10-05 13:03:16 - [TEST_STEP][PASSED] - click(findTestObject("Product Ecommerce/Button Daftar Produk")): Object: 'Object Repository/Product Ecommerce/Button Daftar Produk' is clicked on

2023-10-05 13:03:16 - [MESSAGE][PASSED] - Object: 'Object Repository/Product Ecommerce/Button Daftar Produk' is clicked on

2023-10-05 13:03:16 - [TEST_STEP][PASSED] - verifyElementPresent(findTestObject("Product Ecommerce/Verifikasi Halaman Product Anda"), 0): Object 'Object Repository/Product Ecommerce/Verifikasi Halaman Product Anda' is present

2023-10-05 13:03:17 - [MESSAGE][WARNING] - Timeout '0' is invalid. Using default page load timeout: '30'

2023-10-05 13:03:17 - [MESSAGE][PASSED] - Object 'Object Repository/Product Ecommerce/Verifikasi Halaman Product Anda' is present

2023-10-05 13:03:17 - [MESSAGE][PASSED] - Call Test Case 'Test Cases/Product Ecommerce/TC-PE-001' successfully

2023-10-05 13:03:17 - [TEST_STEP][PASSED] - dataListOld = findWebElements(findTestObject("Object Repository/Product Ecommerce/Verifikasi product/Jumlah Product"), 10): null

2023-10-05 13:03:17 - [TEST_STEP][PASSED] - mouseOver(findTestObject("Product Ecommerce/Image Gambar produk 1")): Object: 'Object Repository/Product Ecommerce/Image Gambar produk 1' is hovered

2023-10-05 13:03:18 - [MESSAGE][PASSED] - Object: 'Object Repository/Product Ecommerce/Image Gambar produk 1' is hovered

2023-10-05 13:03:18 - [TEST_STEP][PASSED] - click(findTestObject("Product Ecommerce/Hapus data Product")): Object: 'Object Repository/Product Ecommerce/Hapus data Product' is clicked on

2023-10-05 13:03:18 - [MESSAGE][PASSED] - Object: 'Object Repository/Product Ecommerce/Hapus data Product' is clicked on

2023-10-05 13:03:18 - [TEST_STEP][PASSED] - acceptAlert(): Alert accepted

2023-10-05 13:03:18 - [MESSAGE][PASSED] - Alert accepted

2023-10-05 13:03:18 - [TEST_STEP][PASSED] - dataListNew = findWebElements(findTestObject("Object Repository/Product Ecommerce/Verifikasi product/Jumlah Product"), 10): null

2023-10-05 13:03:20 - [TEST_STEP][ERROR] - assert dataListOld > dataListNew: Test Cases/Product Ecommerce/TC-PE-005 FAILED.
Reason:
groovy.lang.GroovyRuntimeException: Cannot compare java.util.ArrayList with value '[[[CEdgeDriver: msedge on WINDOWS (d1df09969a5167cf4e2ed9f94fb7ed0f)] -> xpath: //div[@class = 'ps-product']], [[CEdgeDriver: msedge on WINDOWS (d1df09969a5167cf4e2ed9f94fb7ed0f)] -> xpath: //div[@class = 'ps-product']], [[CEdgeDriver: msedge on WINDOWS (d1df09969a5167cf4e2ed9f94fb7ed0f)] -> xpath: //div[@class = 'ps-product']], [[CEdgeDriver: msedge on WINDOWS (d1df09969a5167cf4e2ed9f94fb7ed0f)] -> xpath: //div[@class = 'ps-product']], [[CEdgeDriver: msedge on WINDOWS (d1df09969a5167cf4e2ed9f94fb7ed0f)] -> xpath: //div[@class = 'ps-product']], [[CEdgeDriver: msedge on WINDOWS (d1df09969a5167cf4e2ed9f94fb7ed0f)] -> xpath: //div[@class = 'ps-product']], [[CEdgeDriver: msedge on WINDOWS (d1df09969a5167cf4e2ed9f94fb7ed0f)] -> xpath: //div[@class = 'ps-product']]]' and java.util.ArrayList with value '[[[CEdgeDriver: msedge on WINDOWS (d1df09969a5167cf4e2ed9f94fb7ed0f)] -> xpath: //div[@class = 'ps-product']], [[CEdgeDriver: msedge on WINDOWS (d1df09969a5167cf4e2ed9f94fb7ed0f)] -> xpath: //div[@class = 'ps-product']], [[CEdgeDriver: msedge on WINDOWS (d1df09969a5167cf4e2ed9f94fb7ed0f)] -> xpath: //div[@class = 'ps-product']], [[CEdgeDriver: msedge on WINDOWS (d1df09969a5167cf4e2ed9f94fb7ed0f)] -> xpath: //div[@class = 'ps-product']], [[CEdgeDriver: msedge on WINDOWS (d1df09969a5167cf4e2ed9f94fb7ed0f)] -> xpath: //div[@class = 'ps-product']], [[CEdgeDriver: msedge on WINDOWS (d1df09969a5167cf4e2ed9f94fb7ed0f)] -> xpath: //div[@class = 'ps-product']]]'
	at TC-PE-005.run(TC-PE-005:36)
	at com.kms.katalon.core.main.ScriptEngine.run(ScriptEngine.java:194)
	at com.kms.katalon.core.main.ScriptEngine.runScriptAsRawText(ScriptEngine.java:119)
	at com.kms.katalon.core.main.TestCaseExecutor.runScript(TestCaseExecutor.java:448)
	at com.kms.katalon.core.main.TestCaseExecutor.doExecute(TestCaseExecutor.java:439)
	at com.kms.katalon.core.main.TestCaseExecutor.processExecutionPhase(TestCaseExecutor.java:418)
	at com.kms.katalon.core.main.TestCaseExecutor.accessMainPhase(TestCaseExecutor.java:410)
	at com.kms.katalon.core.main.TestCaseExecutor.execute(TestCaseExecutor.java:285)
	at com.kms.katalon.core.common.CommonExecutor.accessTestCaseMainPhase(CommonExecutor.java:65)
	at com.kms.katalon.core.main.TestSuiteExecutor.accessTestSuiteMainPhase(TestSuiteExecutor.java:148)
	at com.kms.katalon.core.main.TestSuiteExecutor.execute(TestSuiteExecutor.java:106)
	at com.kms.katalon.core.main.TestCaseMain.startTestSuite(TestCaseMain.java:187)
	at com.kms.katalon.core.main.TestCaseMain$startTestSuite$0.call(Unknown Source)
	at TempTestSuite1696485610604.run(TempTestSuite1696485610604.groovy:36)


2023-10-05 13:03:20 - [MESSAGE][ERROR] - Test Cases/Product Ecommerce/TC-PE-005 FAILED.
Reason:
groovy.lang.GroovyRuntimeException: Cannot compare java.util.ArrayList with value '[[[CEdgeDriver: msedge on WINDOWS (d1df09969a5167cf4e2ed9f94fb7ed0f)] -> xpath: //div[@class = 'ps-product']], [[CEdgeDriver: msedge on WINDOWS (d1df09969a5167cf4e2ed9f94fb7ed0f)] -> xpath: //div[@class = 'ps-product']], [[CEdgeDriver: msedge on WINDOWS (d1df09969a5167cf4e2ed9f94fb7ed0f)] -> xpath: //div[@class = 'ps-product']], [[CEdgeDriver: msedge on WINDOWS (d1df09969a5167cf4e2ed9f94fb7ed0f)] -> xpath: //div[@class = 'ps-product']], [[CEdgeDriver: msedge on WINDOWS (d1df09969a5167cf4e2ed9f94fb7ed0f)] -> xpath: //div[@class = 'ps-product']], [[CEdgeDriver: msedge on WINDOWS (d1df09969a5167cf4e2ed9f94fb7ed0f)] -> xpath: //div[@class = 'ps-product']], [[CEdgeDriver: msedge on WINDOWS (d1df09969a5167cf4e2ed9f94fb7ed0f)] -> xpath: //div[@class = 'ps-product']]]' and java.util.ArrayList with value '[[[CEdgeDriver: msedge on WINDOWS (d1df09969a5167cf4e2ed9f94fb7ed0f)] -> xpath: //div[@class = 'ps-product']], [[CEdgeDriver: msedge on WINDOWS (d1df09969a5167cf4e2ed9f94fb7ed0f)] -> xpath: //div[@class = 'ps-product']], [[CEdgeDriver: msedge on WINDOWS (d1df09969a5167cf4e2ed9f94fb7ed0f)] -> xpath: //div[@class = 'ps-product']], [[CEdgeDriver: msedge on WINDOWS (d1df09969a5167cf4e2ed9f94fb7ed0f)] -> xpath: //div[@class = 'ps-product']], [[CEdgeDriver: msedge on WINDOWS (d1df09969a5167cf4e2ed9f94fb7ed0f)] -> xpath: //div[@class = 'ps-product']], [[CEdgeDriver: msedge on WINDOWS (d1df09969a5167cf4e2ed9f94fb7ed0f)] -> xpath: //div[@class = 'ps-product']]]'
	at TC-PE-005.run(TC-PE-005:36)
	at com.kms.katalon.core.main.ScriptEngine.run(ScriptEngine.java:194)
	at com.kms.katalon.core.main.ScriptEngine.runScriptAsRawText(ScriptEngine.java:119)
	at com.kms.katalon.core.main.TestCaseExecutor.runScript(TestCaseExecutor.java:448)
	at com.kms.katalon.core.main.TestCaseExecutor.doExecute(TestCaseExecutor.java:439)
	at com.kms.katalon.core.main.TestCaseExecutor.processExecutionPhase(TestCaseExecutor.java:418)
	at com.kms.katalon.core.main.TestCaseExecutor.accessMainPhase(TestCaseExecutor.java:410)
	at com.kms.katalon.core.main.TestCaseExecutor.execute(TestCaseExecutor.java:285)
	at com.kms.katalon.core.common.CommonExecutor.accessTestCaseMainPhase(CommonExecutor.java:65)
	at com.kms.katalon.core.main.TestSuiteExecutor.accessTestSuiteMainPhase(TestSuiteExecutor.java:148)
	at com.kms.katalon.core.main.TestSuiteExecutor.execute(TestSuiteExecutor.java:106)
	at com.kms.katalon.core.main.TestCaseMain.startTestSuite(TestCaseMain.java:187)
	at com.kms.katalon.core.main.TestCaseMain$startTestSuite$0.call(Unknown Source)
	at TempTestSuite1696485610604.run(TempTestSuite1696485610604.groovy:36)]]></system-out>
         <system-err><![CDATA[2023-10-05 13:03:04 - [TEST_CASE][ERROR] - Test Cases/Product Ecommerce/TC-PE-005: Test Cases/Product Ecommerce/TC-PE-005 FAILED.
Reason:
groovy.lang.GroovyRuntimeException: Cannot compare java.util.ArrayList with value '[[[CEdgeDriver: msedge on WINDOWS (d1df09969a5167cf4e2ed9f94fb7ed0f)] -> xpath: //div[@class = 'ps-product']], [[CEdgeDriver: msedge on WINDOWS (d1df09969a5167cf4e2ed9f94fb7ed0f)] -> xpath: //div[@class = 'ps-product']], [[CEdgeDriver: msedge on WINDOWS (d1df09969a5167cf4e2ed9f94fb7ed0f)] -> xpath: //div[@class = 'ps-product']], [[CEdgeDriver: msedge on WINDOWS (d1df09969a5167cf4e2ed9f94fb7ed0f)] -> xpath: //div[@class = 'ps-product']], [[CEdgeDriver: msedge on WINDOWS (d1df09969a5167cf4e2ed9f94fb7ed0f)] -> xpath: //div[@class = 'ps-product']], [[CEdgeDriver: msedge on WINDOWS (d1df09969a5167cf4e2ed9f94fb7ed0f)] -> xpath: //div[@class = 'ps-product']], [[CEdgeDriver: msedge on WINDOWS (d1df09969a5167cf4e2ed9f94fb7ed0f)] -> xpath: //div[@class = 'ps-product']]]' and java.util.ArrayList with value '[[[CEdgeDriver: msedge on WINDOWS (d1df09969a5167cf4e2ed9f94fb7ed0f)] -> xpath: //div[@class = 'ps-product']], [[CEdgeDriver: msedge on WINDOWS (d1df09969a5167cf4e2ed9f94fb7ed0f)] -> xpath: //div[@class = 'ps-product']], [[CEdgeDriver: msedge on WINDOWS (d1df09969a5167cf4e2ed9f94fb7ed0f)] -> xpath: //div[@class = 'ps-product']], [[CEdgeDriver: msedge on WINDOWS (d1df09969a5167cf4e2ed9f94fb7ed0f)] -> xpath: //div[@class = 'ps-product']], [[CEdgeDriver: msedge on WINDOWS (d1df09969a5167cf4e2ed9f94fb7ed0f)] -> xpath: //div[@class = 'ps-product']], [[CEdgeDriver: msedge on WINDOWS (d1df09969a5167cf4e2ed9f94fb7ed0f)] -> xpath: //div[@class = 'ps-product']]]'
	at TC-PE-005.run(TC-PE-005:36)
	at com.kms.katalon.core.main.ScriptEngine.run(ScriptEngine.java:194)
	at com.kms.katalon.core.main.ScriptEngine.runScriptAsRawText(ScriptEngine.java:119)
	at com.kms.katalon.core.main.TestCaseExecutor.runScript(TestCaseExecutor.java:448)
	at com.kms.katalon.core.main.TestCaseExecutor.doExecute(TestCaseExecutor.java:439)
	at com.kms.katalon.core.main.TestCaseExecutor.processExecutionPhase(TestCaseExecutor.java:418)
	at com.kms.katalon.core.main.TestCaseExecutor.accessMainPhase(TestCaseExecutor.java:410)
	at com.kms.katalon.core.main.TestCaseExecutor.execute(TestCaseExecutor.java:285)
	at com.kms.katalon.core.common.CommonExecutor.accessTestCaseMainPhase(CommonExecutor.java:65)
	at com.kms.katalon.core.main.TestSuiteExecutor.accessTestSuiteMainPhase(TestSuiteExecutor.java:148)
	at com.kms.katalon.core.main.TestSuiteExecutor.execute(TestSuiteExecutor.java:106)
	at com.kms.katalon.core.main.TestCaseMain.startTestSuite(TestCaseMain.java:187)
	at com.kms.katalon.core.main.TestCaseMain$startTestSuite$0.call(Unknown Source)
	at TempTestSuite1696485610604.run(TempTestSuite1696485610604.groovy:36)]]></system-err>
      </testcase>
      <testcase name="Test Cases/Product Ecommerce/TC-PE-006" time="32.611" classname="Test Cases/Product Ecommerce/TC-PE-006" status="PASSED">
         <system-out><![CDATA[2023-10-05 13:03:20 - [TEST_CASE][PASSED] - Test Cases/Product Ecommerce/TC-PE-006: Test Cases/Product Ecommerce/TC-PE-006

2023-10-05 13:03:20 - [TEST_STEP][PASSED] - callTestCase(findTestCase("Product Ecommerce/TC-PE-001"), [:], STOP_ON_FAILURE): Call Test Case 'Test Cases/Product Ecommerce/TC-PE-001' successfully

2023-10-05 13:03:20 - [TEST_CASE][PASSED] - Test Cases/Product Ecommerce/TC-PE-001: Test Cases/Product Ecommerce/TC-PE-001

2023-10-05 13:03:20 - [TEST_STEP][PASSED] - callTestCase(findTestCase("Login Ecommerce/TC-Login Ecomerce-001"), [:], STOP_ON_FAILURE): Call Test Case 'Test Cases/Login Ecommerce/TC-Login Ecomerce-001' successfully

2023-10-05 13:03:20 - [TEST_CASE][PASSED] - Test Cases/Login Ecommerce/TC-Login Ecomerce-001: Test Cases/Login Ecommerce/TC-Login Ecomerce-001

2023-10-05 13:03:20 - [TEST_STEP][PASSED] - openBrowser(userTajalapak): Browser is opened with url: 'https://10.9.2.63/ecommerce/'

2023-10-05 13:03:20 - [MESSAGE][WARNING] - A browser is already opened. Closing browser and opening a new one

2023-10-05 13:03:21 - [MESSAGE][INFO] - Starting 'Edge Chromium' driver

2023-10-05 13:03:21 - [MESSAGE][INFO] - User set preference: ['acceptInsecureCerts', 'true']

2023-10-05 13:03:23 - [MESSAGE][INFO] - Action delay is set to 0 milliseconds

2023-10-05 13:03:27 - [MESSAGE][PASSED] - Browser is opened with url: 'https://10.9.2.63/ecommerce/'

2023-10-05 13:03:27 - [TEST_STEP][PASSED] - maximizeWindow(): Current window maximized

2023-10-05 13:03:27 - [MESSAGE][PASSED] - Current window maximized

2023-10-05 13:03:27 - [TEST_STEP][PASSED] - verifyElementPresent(findTestObject("Login Ecommerce/Verifikasi Halaman Login Akun"), 0): Object 'Object Repository/Login Ecommerce/Verifikasi Halaman Login Akun' is present

2023-10-05 13:03:27 - [MESSAGE][WARNING] - Timeout '0' is invalid. Using default page load timeout: '30'

2023-10-05 13:03:27 - [MESSAGE][PASSED] - Object 'Object Repository/Login Ecommerce/Verifikasi Halaman Login Akun' is present

2023-10-05 13:03:27 - [TEST_STEP][PASSED] - click(findTestObject("Login Ecommerce/Login Akun")): Object: 'Object Repository/Login Ecommerce/Login Akun' is clicked on

2023-10-05 13:03:28 - [MESSAGE][PASSED] - Object: 'Object Repository/Login Ecommerce/Login Akun' is clicked on

2023-10-05 13:03:28 - [TEST_STEP][PASSED] - verifyElementPresent(findTestObject("Login Ecommerce/Verifikasi Halaman Login Akun"), 0): Object 'Object Repository/Login Ecommerce/Verifikasi Halaman Login Akun' is present

2023-10-05 13:03:28 - [MESSAGE][WARNING] - Timeout '0' is invalid. Using default page load timeout: '30'

2023-10-05 13:03:29 - [MESSAGE][PASSED] - Object 'Object Repository/Login Ecommerce/Verifikasi Halaman Login Akun' is present

2023-10-05 13:03:29 - [TEST_STEP][PASSED] - setText(findTestObject("Login Ecommerce/Input Username"), "riswandha"): Text 'riswandha' is set on object 'Object Repository/Login Ecommerce/Input Username'

2023-10-05 13:03:29 - [MESSAGE][PASSED] - Text 'riswandha' is set on object 'Object Repository/Login Ecommerce/Input Username'

2023-10-05 13:03:29 - [TEST_STEP][PASSED] - setEncryptedText(findTestObject("Login Ecommerce/Input Password"), "iGDxf8hSRT4="): Text ****** has been set on object 'Object Repository/Login Ecommerce/Input Password'

2023-10-05 13:03:30 - [MESSAGE][PASSED] - Text ****** has been set on object 'Object Repository/Login Ecommerce/Input Password'

2023-10-05 13:03:30 - [TEST_STEP][PASSED] - click(findTestObject("Login Ecommerce/Button Masuk")): Object: 'Object Repository/Login Ecommerce/Button Masuk' is clicked on

2023-10-05 13:03:31 - [MESSAGE][PASSED] - Object: 'Object Repository/Login Ecommerce/Button Masuk' is clicked on

2023-10-05 13:03:31 - [TEST_STEP][PASSED] - verifyElementPresent(findTestObject("Login Ecommerce/Verifikasi Login Akun"), 0): Object 'Object Repository/Login Ecommerce/Verifikasi Login Akun' is present

2023-10-05 13:03:31 - [MESSAGE][WARNING] - Timeout '0' is invalid. Using default page load timeout: '30'

2023-10-05 13:03:32 - [MESSAGE][PASSED] - Object 'Object Repository/Login Ecommerce/Verifikasi Login Akun' is present

2023-10-05 13:03:32 - [MESSAGE][PASSED] - Call Test Case 'Test Cases/Login Ecommerce/TC-Login Ecomerce-001' successfully

2023-10-05 13:03:32 - [TEST_STEP][PASSED] - mouseOver(findTestObject("Product Ecommerce/Button Menu toko")): Object: 'Object Repository/Product Ecommerce/Button Menu toko' is hovered

2023-10-05 13:03:32 - [MESSAGE][PASSED] - Object: 'Object Repository/Product Ecommerce/Button Menu toko' is hovered

2023-10-05 13:03:32 - [TEST_STEP][PASSED] - click(findTestObject("Product Ecommerce/Button Daftar Produk")): Object: 'Object Repository/Product Ecommerce/Button Daftar Produk' is clicked on

2023-10-05 13:03:33 - [MESSAGE][PASSED] - Object: 'Object Repository/Product Ecommerce/Button Daftar Produk' is clicked on

2023-10-05 13:03:33 - [TEST_STEP][PASSED] - verifyElementPresent(findTestObject("Product Ecommerce/Verifikasi Halaman Product Anda"), 0): Object 'Object Repository/Product Ecommerce/Verifikasi Halaman Product Anda' is present

2023-10-05 13:03:33 - [MESSAGE][WARNING] - Timeout '0' is invalid. Using default page load timeout: '30'

2023-10-05 13:03:34 - [MESSAGE][PASSED] - Object 'Object Repository/Product Ecommerce/Verifikasi Halaman Product Anda' is present

2023-10-05 13:03:34 - [MESSAGE][PASSED] - Call Test Case 'Test Cases/Product Ecommerce/TC-PE-001' successfully

2023-10-05 13:03:34 - [TEST_STEP][PASSED] - click(findTestObject("Product Ecommerce/Tambahkan Produk")): Object: 'Object Repository/Product Ecommerce/Tambahkan Produk' is clicked on

2023-10-05 13:03:35 - [MESSAGE][PASSED] - Object: 'Object Repository/Product Ecommerce/Tambahkan Produk' is clicked on

2023-10-05 13:03:35 - [TEST_STEP][PASSED] - verifyElementPresent(findTestObject("Product Ecommerce/Tambahkan Product/Verifikasi Halaman Tambahkan Product"), 0): Object 'Object Repository/Product Ecommerce/Tambahkan Product/Verifikasi Halaman Tambahkan Product' is present

2023-10-05 13:03:35 - [MESSAGE][WARNING] - Timeout '0' is invalid. Using default page load timeout: '30'

2023-10-05 13:03:35 - [MESSAGE][PASSED] - Object 'Object Repository/Product Ecommerce/Tambahkan Product/Verifikasi Halaman Tambahkan Product' is present

2023-10-05 13:03:35 - [TEST_STEP][PASSED] - selectOptionByValue(findTestObject("Product Ecommerce/Tambahkan Product/Pilih Katagori Produk"), "6", false): All options with value '6' are selected in object 'Object Repository/Product Ecommerce/Tambahkan Product/Pilih Katagori Produk' 

2023-10-05 13:03:36 - [MESSAGE][PASSED] - All options with value '6' are selected in object 'Object Repository/Product Ecommerce/Tambahkan Product/Pilih Katagori Produk' 

2023-10-05 13:03:36 - [TEST_STEP][PASSED] - selectOptionByValue(findTestObject("Product Ecommerce/Tambahkan Product/Pilih Sub Katagori Produk"), "15", false): All options with value '15' are selected in object 'Object Repository/Product Ecommerce/Tambahkan Product/Pilih Sub Katagori Produk' 

2023-10-05 13:03:37 - [MESSAGE][PASSED] - All options with value '15' are selected in object 'Object Repository/Product Ecommerce/Tambahkan Product/Pilih Sub Katagori Produk' 

2023-10-05 13:03:37 - [TEST_STEP][PASSED] - setText(findTestObject("Product Ecommerce/Tambahkan Product/Input Nama Produk"), "Baju Koko Kids 0 - 9 tahun"): Text 'Baju Koko Kids 0 - 9 tahun' is set on object 'Object Repository/Product Ecommerce/Tambahkan Product/Input Nama Produk'

2023-10-05 13:03:38 - [MESSAGE][PASSED] - Text 'Baju Koko Kids 0 - 9 tahun' is set on object 'Object Repository/Product Ecommerce/Tambahkan Product/Input Nama Produk'

2023-10-05 13:03:38 - [TEST_STEP][PASSED] - setText(findTestObject("Product Ecommerce/Tambahkan Product/Input Satuan"), "Pcs"): Text 'Pcs' is set on object 'Object Repository/Product Ecommerce/Tambahkan Product/Input Satuan'

2023-10-05 13:03:38 - [MESSAGE][PASSED] - Text 'Pcs' is set on object 'Object Repository/Product Ecommerce/Tambahkan Product/Input Satuan'

2023-10-05 13:03:38 - [TEST_STEP][PASSED] - setText(findTestObject("Product Ecommerce/Tambahkan Product/Input Berat"), "100"): Text '100' is set on object 'Object Repository/Product Ecommerce/Tambahkan Product/Input Berat'

2023-10-05 13:03:39 - [MESSAGE][PASSED] - Text '100' is set on object 'Object Repository/Product Ecommerce/Tambahkan Product/Input Berat'

2023-10-05 13:03:39 - [TEST_STEP][PASSED] - setText(findTestObject("Product Ecommerce/Tambahkan Product/Input Harga Modal"), "10000"): Text '10000' is set on object 'Object Repository/Product Ecommerce/Tambahkan Product/Input Harga Modal'

2023-10-05 13:03:40 - [MESSAGE][PASSED] - Text '10000' is set on object 'Object Repository/Product Ecommerce/Tambahkan Product/Input Harga Modal'

2023-10-05 13:03:40 - [TEST_STEP][PASSED] - setText(findTestObject("Product Ecommerce/Tambahkan Product/Input Harga Jual"), "12000"): Text '12000' is set on object 'Object Repository/Product Ecommerce/Tambahkan Product/Input Harga Jual'

2023-10-05 13:03:41 - [MESSAGE][PASSED] - Text '12000' is set on object 'Object Repository/Product Ecommerce/Tambahkan Product/Input Harga Jual'

2023-10-05 13:03:41 - [TEST_STEP][PASSED] - setText(findTestObject("Product Ecommerce/Tambahkan Product/Input Diskon"), "1000"): Text '1000' is set on object 'Object Repository/Product Ecommerce/Tambahkan Product/Input Diskon'

2023-10-05 13:03:42 - [MESSAGE][PASSED] - Text '1000' is set on object 'Object Repository/Product Ecommerce/Tambahkan Product/Input Diskon'

2023-10-05 13:03:42 - [TEST_STEP][PASSED] - setText(findTestObject("Product Ecommerce/Tambahkan Product/Input Stok Awal"), "20"): Text '20' is set on object 'Object Repository/Product Ecommerce/Tambahkan Product/Input Stok Awal'

2023-10-05 13:03:42 - [MESSAGE][PASSED] - Text '20' is set on object 'Object Repository/Product Ecommerce/Tambahkan Product/Input Stok Awal'

2023-10-05 13:03:42 - [TEST_STEP][PASSED] - setText(findTestObject("Product Ecommerce/Tambahkan Product/Input Minimum Order"), "1"): Text '1' is set on object 'Object Repository/Product Ecommerce/Tambahkan Product/Input Minimum Order'

2023-10-05 13:03:43 - [MESSAGE][PASSED] - Text '1' is set on object 'Object Repository/Product Ecommerce/Tambahkan Product/Input Minimum Order'

2023-10-05 13:03:43 - [TEST_STEP][PASSED] - setText(findTestObject("Product Ecommerce/Tambahkan Product/Input Cuplikan"), "Stylish dan Nyaman! Baju Koko Kids kami cocok untuk usia 0 - 9 tahun. Terbuat dari bahan berkualitas tinggi yang lembut di kulit anak-anak, baju ini sempurna untuk berbagai acara, termasuk lebaran."): Text 'Stylish dan Nyaman! Baju Koko Kids kami cocok untuk usia 0 - 9 tahun. Terbuat dari bahan berkualitas tinggi yang lembut di kulit anak-anak, baju ini sempurna untuk berbagai acara, termasuk lebaran.' is set on object 'Object Repository/Product Ecommerce/Tambahkan Product/Input Cuplikan'

2023-10-05 13:03:44 - [MESSAGE][PASSED] - Text 'Stylish dan Nyaman! Baju Koko Kids kami cocok untuk usia 0 - 9 tahun. Terbuat dari bahan berkualitas tinggi yang lembut di kulit anak-anak, baju ini sempurna untuk berbagai acara, termasuk lebaran.' is set on object 'Object Repository/Product Ecommerce/Tambahkan Product/Input Cuplikan'

2023-10-05 13:03:44 - [TEST_STEP][PASSED] - check(findTestObject("Product Ecommerce/Tambahkan Product/Input Merek Pria")): Object 'Object Repository/Product Ecommerce/Tambahkan Product/Input Merek Pria' is checked

2023-10-05 13:03:44 - [MESSAGE][PASSED] - Object 'Object Repository/Product Ecommerce/Tambahkan Product/Input Merek Pria' is checked

2023-10-05 13:03:44 - [TEST_STEP][PASSED] - setText(findTestObject("Product Ecommerce/Tambahkan Product/Input Keterangan"), "Desain Modern: Tampil modis dengan desain terkini yang cocok untuk anak-anak. Kenyamanan Sepanjang Hari: Bahan lembut dan nyaman sehingga anak-anak tetap bahagia sepanjang hari. Beragam Warna: Pilihan warna yang cerah dan menarik. Ukuran Sesuai: Tersedia dalam berbagai ukuran, mulai dari 0 hingga 9 tahun. Dapatkan tampilan yang trendi untuk si kecil dengan Baju Koko Kids kami. Pesan sekarang dan buat momen lebaran mereka lebih istimewa!"): Text 'Desain Modern: Tampil modis dengan desain terkini yang cocok untuk anak-anak. Kenyamanan Sepanjang Hari: Bahan lembut dan nyaman sehingga anak-anak tetap bahagia sepanjang hari. Beragam Warna: Pilihan warna yang cerah dan menarik. Ukuran Sesuai: Tersedia dalam berbagai ukuran, mulai dari 0 hingga 9 tahun. Dapatkan tampilan yang trendi untuk si kecil dengan Baju Koko Kids kami. Pesan sekarang dan buat momen lebaran mereka lebih istimewa!' is set on object 'Object Repository/Product Ecommerce/Tambahkan Product/Input Keterangan'

2023-10-05 13:03:47 - [MESSAGE][PASSED] - Text 'Desain Modern: Tampil modis dengan desain terkini yang cocok untuk anak-anak. Kenyamanan Sepanjang Hari: Bahan lembut dan nyaman sehingga anak-anak tetap bahagia sepanjang hari. Beragam Warna: Pilihan warna yang cerah dan menarik. Ukuran Sesuai: Tersedia dalam berbagai ukuran, mulai dari 0 hingga 9 tahun. Dapatkan tampilan yang trendi untuk si kecil dengan Baju Koko Kids kami. Pesan sekarang dan buat momen lebaran mereka lebih istimewa!' is set on object 'Object Repository/Product Ecommerce/Tambahkan Product/Input Keterangan'

2023-10-05 13:03:47 - [TEST_STEP][PASSED] - setText(findTestObject("Product Ecommerce/Tambahkan Product/Input Variasi 1 Nama Variasi"), "Warna"): Text 'Warna' is set on object 'Object Repository/Product Ecommerce/Tambahkan Product/Input Variasi 1 Nama Variasi'

2023-10-05 13:03:48 - [MESSAGE][PASSED] - Text 'Warna' is set on object 'Object Repository/Product Ecommerce/Tambahkan Product/Input Variasi 1 Nama Variasi'

2023-10-05 13:03:48 - [TEST_STEP][PASSED] - setText(findTestObject("Product Ecommerce/Tambahkan Product/Input Variasi 1 Kolom 1"), "Merah"): Text 'Merah' is set on object 'Object Repository/Product Ecommerce/Tambahkan Product/Input Variasi 1 Kolom 1'

2023-10-05 13:03:48 - [MESSAGE][PASSED] - Text 'Merah' is set on object 'Object Repository/Product Ecommerce/Tambahkan Product/Input Variasi 1 Kolom 1'

2023-10-05 13:03:48 - [TEST_STEP][PASSED] - setText(findTestObject("Product Ecommerce/Tambahkan Product/Input Variasi 1 Kolom 2"), "Biru"): Text 'Biru' is set on object 'Object Repository/Product Ecommerce/Tambahkan Product/Input Variasi 1 Kolom 2'

2023-10-05 13:03:49 - [MESSAGE][PASSED] - Text 'Biru' is set on object 'Object Repository/Product Ecommerce/Tambahkan Product/Input Variasi 1 Kolom 2'

2023-10-05 13:03:49 - [TEST_STEP][PASSED] - uploadFile(findTestObject("Product Ecommerce/Tambahkan Product/Input File"), "E:\Pelatihan\Xsis Academy\Baju koko kids.jpg"): File 'E:\Pelatihan\Xsis Academy\Baju koko kids.jpg' sent to object: 'Object Repository/Product Ecommerce/Tambahkan Product/Input File'

2023-10-05 13:03:49 - [MESSAGE][PASSED] - File 'E:\Pelatihan\Xsis Academy\Baju koko kids.jpg' sent to object: 'Object Repository/Product Ecommerce/Tambahkan Product/Input File'

2023-10-05 13:03:49 - [TEST_STEP][PASSED] - click(findTestObject("Product Ecommerce/Tambahkan Product/Button Cancel")): Object: 'Object Repository/Product Ecommerce/Tambahkan Product/Button Cancel' is clicked on

2023-10-05 13:03:52 - [MESSAGE][PASSED] - Object: 'Object Repository/Product Ecommerce/Tambahkan Product/Button Cancel' is clicked on

2023-10-05 13:03:52 - [TEST_STEP][PASSED] - verifyElementPresent(findTestObject("Product Ecommerce/Verifikasi Halaman Product Anda"), 0): Object 'Object Repository/Product Ecommerce/Verifikasi Halaman Product Anda' is present

2023-10-05 13:03:52 - [MESSAGE][WARNING] - Timeout '0' is invalid. Using default page load timeout: '30'

2023-10-05 13:03:52 - [MESSAGE][PASSED] - Object 'Object Repository/Product Ecommerce/Verifikasi Halaman Product Anda' is present]]></system-out>
         <system-err><![CDATA[]]></system-err>
      </testcase>
      <testcase name="Test Cases/Product Ecommerce/TC-PE-007" time="17.193" classname="Test Cases/Product Ecommerce/TC-PE-007" status="PASSED">
         <system-out><![CDATA[2023-10-05 13:03:52 - [TEST_CASE][PASSED] - Test Cases/Product Ecommerce/TC-PE-007: Test Cases/Product Ecommerce/TC-PE-007

2023-10-05 13:03:53 - [TEST_STEP][PASSED] - callTestCase(findTestCase("Product Ecommerce/TC-PE-001"), [:], STOP_ON_FAILURE): Call Test Case 'Test Cases/Product Ecommerce/TC-PE-001' successfully

2023-10-05 13:03:53 - [TEST_CASE][PASSED] - Test Cases/Product Ecommerce/TC-PE-001: Test Cases/Product Ecommerce/TC-PE-001

2023-10-05 13:03:53 - [TEST_STEP][PASSED] - callTestCase(findTestCase("Login Ecommerce/TC-Login Ecomerce-001"), [:], STOP_ON_FAILURE): Call Test Case 'Test Cases/Login Ecommerce/TC-Login Ecomerce-001' successfully

2023-10-05 13:03:53 - [TEST_CASE][PASSED] - Test Cases/Login Ecommerce/TC-Login Ecomerce-001: Test Cases/Login Ecommerce/TC-Login Ecomerce-001

2023-10-05 13:03:53 - [TEST_STEP][PASSED] - openBrowser(userTajalapak): Browser is opened with url: 'https://10.9.2.63/ecommerce/'

2023-10-05 13:03:53 - [MESSAGE][WARNING] - A browser is already opened. Closing browser and opening a new one

2023-10-05 13:03:53 - [MESSAGE][INFO] - Starting 'Edge Chromium' driver

2023-10-05 13:03:53 - [MESSAGE][INFO] - User set preference: ['acceptInsecureCerts', 'true']

2023-10-05 13:03:56 - [MESSAGE][INFO] - Action delay is set to 0 milliseconds

2023-10-05 13:03:59 - [MESSAGE][PASSED] - Browser is opened with url: 'https://10.9.2.63/ecommerce/'

2023-10-05 13:03:59 - [TEST_STEP][PASSED] - maximizeWindow(): Current window maximized

2023-10-05 13:03:59 - [MESSAGE][PASSED] - Current window maximized

2023-10-05 13:03:59 - [TEST_STEP][PASSED] - verifyElementPresent(findTestObject("Login Ecommerce/Verifikasi Halaman Login Akun"), 0): Object 'Object Repository/Login Ecommerce/Verifikasi Halaman Login Akun' is present

2023-10-05 13:03:59 - [MESSAGE][WARNING] - Timeout '0' is invalid. Using default page load timeout: '30'

2023-10-05 13:04:00 - [MESSAGE][PASSED] - Object 'Object Repository/Login Ecommerce/Verifikasi Halaman Login Akun' is present

2023-10-05 13:04:00 - [TEST_STEP][PASSED] - click(findTestObject("Login Ecommerce/Login Akun")): Object: 'Object Repository/Login Ecommerce/Login Akun' is clicked on

2023-10-05 13:04:00 - [MESSAGE][PASSED] - Object: 'Object Repository/Login Ecommerce/Login Akun' is clicked on

2023-10-05 13:04:00 - [TEST_STEP][PASSED] - verifyElementPresent(findTestObject("Login Ecommerce/Verifikasi Halaman Login Akun"), 0): Object 'Object Repository/Login Ecommerce/Verifikasi Halaman Login Akun' is present

2023-10-05 13:04:00 - [MESSAGE][WARNING] - Timeout '0' is invalid. Using default page load timeout: '30'

2023-10-05 13:04:01 - [MESSAGE][PASSED] - Object 'Object Repository/Login Ecommerce/Verifikasi Halaman Login Akun' is present

2023-10-05 13:04:01 - [TEST_STEP][PASSED] - setText(findTestObject("Login Ecommerce/Input Username"), "riswandha"): Text 'riswandha' is set on object 'Object Repository/Login Ecommerce/Input Username'

2023-10-05 13:04:02 - [MESSAGE][PASSED] - Text 'riswandha' is set on object 'Object Repository/Login Ecommerce/Input Username'

2023-10-05 13:04:02 - [TEST_STEP][PASSED] - setEncryptedText(findTestObject("Login Ecommerce/Input Password"), "iGDxf8hSRT4="): Text ****** has been set on object 'Object Repository/Login Ecommerce/Input Password'

2023-10-05 13:04:03 - [MESSAGE][PASSED] - Text ****** has been set on object 'Object Repository/Login Ecommerce/Input Password'

2023-10-05 13:04:03 - [TEST_STEP][PASSED] - click(findTestObject("Login Ecommerce/Button Masuk")): Object: 'Object Repository/Login Ecommerce/Button Masuk' is clicked on

2023-10-05 13:04:04 - [MESSAGE][PASSED] - Object: 'Object Repository/Login Ecommerce/Button Masuk' is clicked on

2023-10-05 13:04:04 - [TEST_STEP][PASSED] - verifyElementPresent(findTestObject("Login Ecommerce/Verifikasi Login Akun"), 0): Object 'Object Repository/Login Ecommerce/Verifikasi Login Akun' is present

2023-10-05 13:04:04 - [MESSAGE][WARNING] - Timeout '0' is invalid. Using default page load timeout: '30'

2023-10-05 13:04:05 - [MESSAGE][PASSED] - Object 'Object Repository/Login Ecommerce/Verifikasi Login Akun' is present

2023-10-05 13:04:05 - [MESSAGE][PASSED] - Call Test Case 'Test Cases/Login Ecommerce/TC-Login Ecomerce-001' successfully

2023-10-05 13:04:05 - [TEST_STEP][PASSED] - mouseOver(findTestObject("Product Ecommerce/Button Menu toko")): Object: 'Object Repository/Product Ecommerce/Button Menu toko' is hovered

2023-10-05 13:04:05 - [MESSAGE][PASSED] - Object: 'Object Repository/Product Ecommerce/Button Menu toko' is hovered

2023-10-05 13:04:05 - [TEST_STEP][PASSED] - click(findTestObject("Product Ecommerce/Button Daftar Produk")): Object: 'Object Repository/Product Ecommerce/Button Daftar Produk' is clicked on

2023-10-05 13:04:06 - [MESSAGE][PASSED] - Object: 'Object Repository/Product Ecommerce/Button Daftar Produk' is clicked on

2023-10-05 13:04:06 - [TEST_STEP][PASSED] - verifyElementPresent(findTestObject("Product Ecommerce/Verifikasi Halaman Product Anda"), 0): Object 'Object Repository/Product Ecommerce/Verifikasi Halaman Product Anda' is present

2023-10-05 13:04:07 - [MESSAGE][WARNING] - Timeout '0' is invalid. Using default page load timeout: '30'

2023-10-05 13:04:07 - [MESSAGE][PASSED] - Object 'Object Repository/Product Ecommerce/Verifikasi Halaman Product Anda' is present

2023-10-05 13:04:07 - [MESSAGE][PASSED] - Call Test Case 'Test Cases/Product Ecommerce/TC-PE-001' successfully

2023-10-05 13:04:07 - [TEST_STEP][PASSED] - click(findTestObject("Product Ecommerce/Tambahkan Produk")): Object: 'Object Repository/Product Ecommerce/Tambahkan Produk' is clicked on

2023-10-05 13:04:08 - [MESSAGE][PASSED] - Object: 'Object Repository/Product Ecommerce/Tambahkan Produk' is clicked on

2023-10-05 13:04:08 - [TEST_STEP][PASSED] - click(findTestObject("Product Ecommerce/Tambahkan Product/Input Tambah Kolom Variasi 1")): Object: 'Object Repository/Product Ecommerce/Tambahkan Product/Input Tambah Kolom Variasi 1' is clicked on

2023-10-05 13:04:09 - [MESSAGE][PASSED] - Object: 'Object Repository/Product Ecommerce/Tambahkan Product/Input Tambah Kolom Variasi 1' is clicked on

2023-10-05 13:04:09 - [TEST_STEP][PASSED] - verifyElementPresent(findTestObject("Product Ecommerce/Verifikasi product/Verifikasi variasi Bertambah"), 0): Object 'Object Repository/Product Ecommerce/Verifikasi product/Verifikasi variasi Bertambah' is present

2023-10-05 13:04:09 - [MESSAGE][WARNING] - Timeout '0' is invalid. Using default page load timeout: '30'

2023-10-05 13:04:09 - [MESSAGE][PASSED] - Object 'Object Repository/Product Ecommerce/Verifikasi product/Verifikasi variasi Bertambah' is present]]></system-out>
         <system-err><![CDATA[]]></system-err>
      </testcase>
      <testcase name="Test Cases/Product Ecommerce/TC-PE-008" time="16.486" classname="Test Cases/Product Ecommerce/TC-PE-008" status="PASSED">
         <system-out><![CDATA[2023-10-05 13:04:09 - [TEST_CASE][PASSED] - Test Cases/Product Ecommerce/TC-PE-008: Test Cases/Product Ecommerce/TC-PE-008

2023-10-05 13:04:10 - [TEST_STEP][PASSED] - callTestCase(findTestCase("Product Ecommerce/TC-PE-001"), [:], STOP_ON_FAILURE): Call Test Case 'Test Cases/Product Ecommerce/TC-PE-001' successfully

2023-10-05 13:04:10 - [TEST_CASE][PASSED] - Test Cases/Product Ecommerce/TC-PE-001: Test Cases/Product Ecommerce/TC-PE-001

2023-10-05 13:04:10 - [TEST_STEP][PASSED] - callTestCase(findTestCase("Login Ecommerce/TC-Login Ecomerce-001"), [:], STOP_ON_FAILURE): Call Test Case 'Test Cases/Login Ecommerce/TC-Login Ecomerce-001' successfully

2023-10-05 13:04:10 - [TEST_CASE][PASSED] - Test Cases/Login Ecommerce/TC-Login Ecomerce-001: Test Cases/Login Ecommerce/TC-Login Ecomerce-001

2023-10-05 13:04:10 - [TEST_STEP][PASSED] - openBrowser(userTajalapak): Browser is opened with url: 'https://10.9.2.63/ecommerce/'

2023-10-05 13:04:10 - [MESSAGE][WARNING] - A browser is already opened. Closing browser and opening a new one

2023-10-05 13:04:11 - [MESSAGE][INFO] - Starting 'Edge Chromium' driver

2023-10-05 13:04:11 - [MESSAGE][INFO] - User set preference: ['acceptInsecureCerts', 'true']

2023-10-05 13:04:13 - [MESSAGE][INFO] - Action delay is set to 0 milliseconds

2023-10-05 13:04:15 - [MESSAGE][PASSED] - Browser is opened with url: 'https://10.9.2.63/ecommerce/'

2023-10-05 13:04:15 - [TEST_STEP][PASSED] - maximizeWindow(): Current window maximized

2023-10-05 13:04:16 - [MESSAGE][PASSED] - Current window maximized

2023-10-05 13:04:16 - [TEST_STEP][PASSED] - verifyElementPresent(findTestObject("Login Ecommerce/Verifikasi Halaman Login Akun"), 0): Object 'Object Repository/Login Ecommerce/Verifikasi Halaman Login Akun' is present

2023-10-05 13:04:16 - [MESSAGE][WARNING] - Timeout '0' is invalid. Using default page load timeout: '30'

2023-10-05 13:04:16 - [MESSAGE][PASSED] - Object 'Object Repository/Login Ecommerce/Verifikasi Halaman Login Akun' is present

2023-10-05 13:04:16 - [TEST_STEP][PASSED] - click(findTestObject("Login Ecommerce/Login Akun")): Object: 'Object Repository/Login Ecommerce/Login Akun' is clicked on

2023-10-05 13:04:17 - [MESSAGE][PASSED] - Object: 'Object Repository/Login Ecommerce/Login Akun' is clicked on

2023-10-05 13:04:17 - [TEST_STEP][PASSED] - verifyElementPresent(findTestObject("Login Ecommerce/Verifikasi Halaman Login Akun"), 0): Object 'Object Repository/Login Ecommerce/Verifikasi Halaman Login Akun' is present

2023-10-05 13:04:17 - [MESSAGE][WARNING] - Timeout '0' is invalid. Using default page load timeout: '30'

2023-10-05 13:04:17 - [MESSAGE][PASSED] - Object 'Object Repository/Login Ecommerce/Verifikasi Halaman Login Akun' is present

2023-10-05 13:04:17 - [TEST_STEP][PASSED] - setText(findTestObject("Login Ecommerce/Input Username"), "riswandha"): Text 'riswandha' is set on object 'Object Repository/Login Ecommerce/Input Username'

2023-10-05 13:04:18 - [MESSAGE][PASSED] - Text 'riswandha' is set on object 'Object Repository/Login Ecommerce/Input Username'

2023-10-05 13:04:18 - [TEST_STEP][PASSED] - setEncryptedText(findTestObject("Login Ecommerce/Input Password"), "iGDxf8hSRT4="): Text ****** has been set on object 'Object Repository/Login Ecommerce/Input Password'

2023-10-05 13:04:19 - [MESSAGE][PASSED] - Text ****** has been set on object 'Object Repository/Login Ecommerce/Input Password'

2023-10-05 13:04:19 - [TEST_STEP][PASSED] - click(findTestObject("Login Ecommerce/Button Masuk")): Object: 'Object Repository/Login Ecommerce/Button Masuk' is clicked on

2023-10-05 13:04:20 - [MESSAGE][PASSED] - Object: 'Object Repository/Login Ecommerce/Button Masuk' is clicked on

2023-10-05 13:04:20 - [TEST_STEP][PASSED] - verifyElementPresent(findTestObject("Login Ecommerce/Verifikasi Login Akun"), 0): Object 'Object Repository/Login Ecommerce/Verifikasi Login Akun' is present

2023-10-05 13:04:20 - [MESSAGE][WARNING] - Timeout '0' is invalid. Using default page load timeout: '30'

2023-10-05 13:04:20 - [MESSAGE][PASSED] - Object 'Object Repository/Login Ecommerce/Verifikasi Login Akun' is present

2023-10-05 13:04:20 - [MESSAGE][PASSED] - Call Test Case 'Test Cases/Login Ecommerce/TC-Login Ecomerce-001' successfully

2023-10-05 13:04:20 - [TEST_STEP][PASSED] - mouseOver(findTestObject("Product Ecommerce/Button Menu toko")): Object: 'Object Repository/Product Ecommerce/Button Menu toko' is hovered

2023-10-05 13:04:21 - [MESSAGE][PASSED] - Object: 'Object Repository/Product Ecommerce/Button Menu toko' is hovered

2023-10-05 13:04:21 - [TEST_STEP][PASSED] - click(findTestObject("Product Ecommerce/Button Daftar Produk")): Object: 'Object Repository/Product Ecommerce/Button Daftar Produk' is clicked on

2023-10-05 13:04:22 - [MESSAGE][PASSED] - Object: 'Object Repository/Product Ecommerce/Button Daftar Produk' is clicked on

2023-10-05 13:04:22 - [TEST_STEP][PASSED] - verifyElementPresent(findTestObject("Product Ecommerce/Verifikasi Halaman Product Anda"), 0): Object 'Object Repository/Product Ecommerce/Verifikasi Halaman Product Anda' is present

2023-10-05 13:04:22 - [MESSAGE][WARNING] - Timeout '0' is invalid. Using default page load timeout: '30'

2023-10-05 13:04:22 - [MESSAGE][PASSED] - Object 'Object Repository/Product Ecommerce/Verifikasi Halaman Product Anda' is present

2023-10-05 13:04:22 - [MESSAGE][PASSED] - Call Test Case 'Test Cases/Product Ecommerce/TC-PE-001' successfully

2023-10-05 13:04:22 - [TEST_STEP][PASSED] - click(findTestObject("Product Ecommerce/Tambahkan Produk")): Object: 'Object Repository/Product Ecommerce/Tambahkan Produk' is clicked on

2023-10-05 13:04:25 - [MESSAGE][PASSED] - Object: 'Object Repository/Product Ecommerce/Tambahkan Produk' is clicked on

2023-10-05 13:04:25 - [TEST_STEP][PASSED] - click(findTestObject("Product Ecommerce/Tambahkan Product/Input Hapus Kolom Variasi 1")): Object: 'Object Repository/Product Ecommerce/Tambahkan Product/Input Hapus Kolom Variasi 1' is clicked on

2023-10-05 13:04:25 - [MESSAGE][PASSED] - Object: 'Object Repository/Product Ecommerce/Tambahkan Product/Input Hapus Kolom Variasi 1' is clicked on

2023-10-05 13:04:25 - [TEST_STEP][PASSED] - verifyElementNotPresent(findTestObject("Product Ecommerce/Verifikasi product/Verifikasi variasi Berkurang"), 0): Web element with id: 'Object Repository/Product Ecommerce/Verifikasi product/Verifikasi variasi Berkurang' located by 'By.xpath: //input[@id='warna_2']' is not present after '30' second(s)

2023-10-05 13:04:25 - [MESSAGE][WARNING] - Timeout '0' is invalid. Using default page load timeout: '30'

2023-10-05 13:04:26 - [MESSAGE][PASSED] - Web element with id: 'Object Repository/Product Ecommerce/Verifikasi product/Verifikasi variasi Berkurang' located by 'By.xpath: //input[@id='warna_2']' is not present after '30' second(s)]]></system-out>
         <system-err><![CDATA[]]></system-err>
      </testcase>
      <testcase name="Test Cases/Product Ecommerce/TC-PE-009" time="22.3" classname="Test Cases/Product Ecommerce/TC-PE-009" status="PASSED">
         <system-out><![CDATA[2023-10-05 13:04:26 - [TEST_CASE][PASSED] - Test Cases/Product Ecommerce/TC-PE-009: Test Cases/Product Ecommerce/TC-PE-009

2023-10-05 13:04:26 - [TEST_STEP][PASSED] - callTestCase(findTestCase("Product Ecommerce/TC-PE-001"), [:], STOP_ON_FAILURE): Call Test Case 'Test Cases/Product Ecommerce/TC-PE-001' successfully

2023-10-05 13:04:26 - [TEST_CASE][PASSED] - Test Cases/Product Ecommerce/TC-PE-001: Test Cases/Product Ecommerce/TC-PE-001

2023-10-05 13:04:26 - [TEST_STEP][PASSED] - callTestCase(findTestCase("Login Ecommerce/TC-Login Ecomerce-001"), [:], STOP_ON_FAILURE): Call Test Case 'Test Cases/Login Ecommerce/TC-Login Ecomerce-001' successfully

2023-10-05 13:04:26 - [TEST_CASE][PASSED] - Test Cases/Login Ecommerce/TC-Login Ecomerce-001: Test Cases/Login Ecommerce/TC-Login Ecomerce-001

2023-10-05 13:04:26 - [TEST_STEP][PASSED] - openBrowser(userTajalapak): Browser is opened with url: 'https://10.9.2.63/ecommerce/'

2023-10-05 13:04:26 - [MESSAGE][WARNING] - A browser is already opened. Closing browser and opening a new one

2023-10-05 13:04:27 - [MESSAGE][INFO] - Starting 'Edge Chromium' driver

2023-10-05 13:04:27 - [MESSAGE][INFO] - User set preference: ['acceptInsecureCerts', 'true']

2023-10-05 13:04:29 - [MESSAGE][INFO] - Action delay is set to 0 milliseconds

2023-10-05 13:04:33 - [MESSAGE][PASSED] - Browser is opened with url: 'https://10.9.2.63/ecommerce/'

2023-10-05 13:04:33 - [TEST_STEP][PASSED] - maximizeWindow(): Current window maximized

2023-10-05 13:04:33 - [MESSAGE][PASSED] - Current window maximized

2023-10-05 13:04:33 - [TEST_STEP][PASSED] - verifyElementPresent(findTestObject("Login Ecommerce/Verifikasi Halaman Login Akun"), 0): Object 'Object Repository/Login Ecommerce/Verifikasi Halaman Login Akun' is present

2023-10-05 13:04:33 - [MESSAGE][WARNING] - Timeout '0' is invalid. Using default page load timeout: '30'

2023-10-05 13:04:34 - [MESSAGE][PASSED] - Object 'Object Repository/Login Ecommerce/Verifikasi Halaman Login Akun' is present

2023-10-05 13:04:34 - [TEST_STEP][PASSED] - click(findTestObject("Login Ecommerce/Login Akun")): Object: 'Object Repository/Login Ecommerce/Login Akun' is clicked on

2023-10-05 13:04:34 - [MESSAGE][PASSED] - Object: 'Object Repository/Login Ecommerce/Login Akun' is clicked on

2023-10-05 13:04:34 - [TEST_STEP][PASSED] - verifyElementPresent(findTestObject("Login Ecommerce/Verifikasi Halaman Login Akun"), 0): Object 'Object Repository/Login Ecommerce/Verifikasi Halaman Login Akun' is present

2023-10-05 13:04:34 - [MESSAGE][WARNING] - Timeout '0' is invalid. Using default page load timeout: '30'

2023-10-05 13:04:35 - [MESSAGE][PASSED] - Object 'Object Repository/Login Ecommerce/Verifikasi Halaman Login Akun' is present

2023-10-05 13:04:35 - [TEST_STEP][PASSED] - setText(findTestObject("Login Ecommerce/Input Username"), "riswandha"): Text 'riswandha' is set on object 'Object Repository/Login Ecommerce/Input Username'

2023-10-05 13:04:36 - [MESSAGE][PASSED] - Text 'riswandha' is set on object 'Object Repository/Login Ecommerce/Input Username'

2023-10-05 13:04:36 - [TEST_STEP][PASSED] - setEncryptedText(findTestObject("Login Ecommerce/Input Password"), "iGDxf8hSRT4="): Text ****** has been set on object 'Object Repository/Login Ecommerce/Input Password'

2023-10-05 13:04:36 - [MESSAGE][PASSED] - Text ****** has been set on object 'Object Repository/Login Ecommerce/Input Password'

2023-10-05 13:04:36 - [TEST_STEP][PASSED] - click(findTestObject("Login Ecommerce/Button Masuk")): Object: 'Object Repository/Login Ecommerce/Button Masuk' is clicked on

2023-10-05 13:04:38 - [MESSAGE][PASSED] - Object: 'Object Repository/Login Ecommerce/Button Masuk' is clicked on

2023-10-05 13:04:38 - [TEST_STEP][PASSED] - verifyElementPresent(findTestObject("Login Ecommerce/Verifikasi Login Akun"), 0): Object 'Object Repository/Login Ecommerce/Verifikasi Login Akun' is present

2023-10-05 13:04:38 - [MESSAGE][WARNING] - Timeout '0' is invalid. Using default page load timeout: '30'

2023-10-05 13:04:38 - [MESSAGE][PASSED] - Object 'Object Repository/Login Ecommerce/Verifikasi Login Akun' is present

2023-10-05 13:04:38 - [MESSAGE][PASSED] - Call Test Case 'Test Cases/Login Ecommerce/TC-Login Ecomerce-001' successfully

2023-10-05 13:04:38 - [TEST_STEP][PASSED] - mouseOver(findTestObject("Product Ecommerce/Button Menu toko")): Object: 'Object Repository/Product Ecommerce/Button Menu toko' is hovered

2023-10-05 13:04:39 - [MESSAGE][PASSED] - Object: 'Object Repository/Product Ecommerce/Button Menu toko' is hovered

2023-10-05 13:04:39 - [TEST_STEP][PASSED] - click(findTestObject("Product Ecommerce/Button Daftar Produk")): Object: 'Object Repository/Product Ecommerce/Button Daftar Produk' is clicked on

2023-10-05 13:04:40 - [MESSAGE][PASSED] - Object: 'Object Repository/Product Ecommerce/Button Daftar Produk' is clicked on

2023-10-05 13:04:40 - [TEST_STEP][PASSED] - verifyElementPresent(findTestObject("Product Ecommerce/Verifikasi Halaman Product Anda"), 0): Object 'Object Repository/Product Ecommerce/Verifikasi Halaman Product Anda' is present

2023-10-05 13:04:40 - [MESSAGE][WARNING] - Timeout '0' is invalid. Using default page load timeout: '30'

2023-10-05 13:04:40 - [MESSAGE][PASSED] - Object 'Object Repository/Product Ecommerce/Verifikasi Halaman Product Anda' is present

2023-10-05 13:04:40 - [MESSAGE][PASSED] - Call Test Case 'Test Cases/Product Ecommerce/TC-PE-001' successfully

2023-10-05 13:04:40 - [TEST_STEP][PASSED] - mouseOver(findTestObject("Product Ecommerce/Image Gambar produk 1")): Object: 'Object Repository/Product Ecommerce/Image Gambar produk 1' is hovered

2023-10-05 13:04:41 - [MESSAGE][PASSED] - Object: 'Object Repository/Product Ecommerce/Image Gambar produk 1' is hovered

2023-10-05 13:04:41 - [TEST_STEP][PASSED] - click(findTestObject("Product Ecommerce/Tambahkan Product/Edit Data")): Object: 'Object Repository/Product Ecommerce/Tambahkan Product/Edit Data' is clicked on

2023-10-05 13:04:42 - [MESSAGE][PASSED] - Object: 'Object Repository/Product Ecommerce/Tambahkan Product/Edit Data' is clicked on

2023-10-05 13:04:42 - [TEST_STEP][PASSED] - click(findTestObject("Product Ecommerce/Kupon/Button Buat Product")): Object: 'Object Repository/Product Ecommerce/Kupon/Button Buat Product' is clicked on

2023-10-05 13:04:43 - [MESSAGE][PASSED] - Object: 'Object Repository/Product Ecommerce/Kupon/Button Buat Product' is clicked on

2023-10-05 13:04:43 - [TEST_STEP][PASSED] - verifyElementPresent(findTestObject("Product Ecommerce/Kupon/Verifikasi Halaman Voucher Product"), 0): Object 'Object Repository/Product Ecommerce/Kupon/Verifikasi Halaman Voucher Product' is present

2023-10-05 13:04:43 - [MESSAGE][WARNING] - Timeout '0' is invalid. Using default page load timeout: '30'

2023-10-05 13:04:43 - [MESSAGE][PASSED] - Object 'Object Repository/Product Ecommerce/Kupon/Verifikasi Halaman Voucher Product' is present

2023-10-05 13:04:43 - [TEST_STEP][PASSED] - setText(findTestObject("Product Ecommerce/Kupon/Input Kode Kupon"), kodeKupon): Text 'product30' is set on object 'Object Repository/Product Ecommerce/Kupon/Input Kode Kupon'

2023-10-05 13:04:44 - [MESSAGE][PASSED] - Text 'product30' is set on object 'Object Repository/Product Ecommerce/Kupon/Input Kode Kupon'

2023-10-05 13:04:44 - [TEST_STEP][PASSED] - setText(findTestObject("Product Ecommerce/Kupon/Input Jumlah Kode kupon"), jumlah): Text '4' is set on object 'Object Repository/Product Ecommerce/Kupon/Input Jumlah Kode kupon'

2023-10-05 13:04:45 - [MESSAGE][PASSED] - Text '4' is set on object 'Object Repository/Product Ecommerce/Kupon/Input Jumlah Kode kupon'

2023-10-05 13:04:45 - [TEST_STEP][PASSED] - setText(findTestObject("Product Ecommerce/Kupon/Input Masa Berlaku"), expired): Text '2023-11-11' is set on object 'Object Repository/Product Ecommerce/Kupon/Input Masa Berlaku'

2023-10-05 13:04:45 - [MESSAGE][PASSED] - Text '2023-11-11' is set on object 'Object Repository/Product Ecommerce/Kupon/Input Masa Berlaku'

2023-10-05 13:04:45 - [TEST_STEP][PASSED] - setText(findTestObject("Product Ecommerce/Kupon/Input Min Order"), minOrder): Text '2' is set on object 'Object Repository/Product Ecommerce/Kupon/Input Min Order'

2023-10-05 13:04:46 - [MESSAGE][PASSED] - Text '2' is set on object 'Object Repository/Product Ecommerce/Kupon/Input Min Order'

2023-10-05 13:04:46 - [TEST_STEP][PASSED] - setText(findTestObject("Product Ecommerce/Kupon/Input Nilai Kupon"), nilai): Text '300' is set on object 'Object Repository/Product Ecommerce/Kupon/Input Nilai Kupon'

2023-10-05 13:04:47 - [MESSAGE][PASSED] - Text '300' is set on object 'Object Repository/Product Ecommerce/Kupon/Input Nilai Kupon'

2023-10-05 13:04:47 - [TEST_STEP][PASSED] - click(findTestObject("Product Ecommerce/Kupon/Button Simpan")): Object: 'Object Repository/Product Ecommerce/Kupon/Button Simpan' is clicked on

2023-10-05 13:04:47 - [MESSAGE][PASSED] - Object: 'Object Repository/Product Ecommerce/Kupon/Button Simpan' is clicked on

2023-10-05 13:04:47 - [TEST_STEP][PASSED] - dataList = findWebElements(findTestObject("Object Repository/Product Ecommerce/Kupon/Data Semua Voucher"), 10): null

2023-10-05 13:04:48 - [TEST_STEP][PASSED] - dataKupon = "": null

2023-10-05 13:04:48 - [TEST_STEP][PASSED] - for ([i = 0, i < dataList.size(), (i++)]): null

2023-10-05 13:04:48 - [TEST_STEP][PASSED] - text = text: null

2023-10-05 13:04:48 - [TEST_STEP][PASSED] - dataKupon = dataKupon + text: null

2023-10-05 13:04:48 - [TEST_STEP][PASSED] - println(dataKupon): null

2023-10-05 13:04:48 - [TEST_STEP][PASSED] - assert dataKupon.contains(kodeKupon): null

2023-10-05 13:04:48 - [TEST_STEP][PASSED] - assert dataKupon.contains(jumlah): null

2023-10-05 13:04:48 - [TEST_STEP][PASSED] - assert dataKupon.contains(expired): null

2023-10-05 13:04:48 - [TEST_STEP][PASSED] - assert dataKupon.contains(minOrder): null

2023-10-05 13:04:48 - [TEST_STEP][PASSED] - assert dataKupon.contains(nilai): null]]></system-out>
         <system-err><![CDATA[]]></system-err>
      </testcase>
      <testcase name="Test Cases/Product Ecommerce/TC-PE-010" time="18.066" classname="Test Cases/Product Ecommerce/TC-PE-010" status="PASSED">
         <system-out><![CDATA[2023-10-05 13:04:48 - [TEST_CASE][PASSED] - Test Cases/Product Ecommerce/TC-PE-010: Test Cases/Product Ecommerce/TC-PE-010

2023-10-05 13:04:48 - [TEST_STEP][PASSED] - callTestCase(findTestCase("Product Ecommerce/TC-PE-001"), [:], STOP_ON_FAILURE): Call Test Case 'Test Cases/Product Ecommerce/TC-PE-001' successfully

2023-10-05 13:04:49 - [TEST_CASE][PASSED] - Test Cases/Product Ecommerce/TC-PE-001: Test Cases/Product Ecommerce/TC-PE-001

2023-10-05 13:04:49 - [TEST_STEP][PASSED] - callTestCase(findTestCase("Login Ecommerce/TC-Login Ecomerce-001"), [:], STOP_ON_FAILURE): Call Test Case 'Test Cases/Login Ecommerce/TC-Login Ecomerce-001' successfully

2023-10-05 13:04:49 - [TEST_CASE][PASSED] - Test Cases/Login Ecommerce/TC-Login Ecomerce-001: Test Cases/Login Ecommerce/TC-Login Ecomerce-001

2023-10-05 13:04:49 - [TEST_STEP][PASSED] - openBrowser(userTajalapak): Browser is opened with url: 'https://10.9.2.63/ecommerce/'

2023-10-05 13:04:49 - [MESSAGE][WARNING] - A browser is already opened. Closing browser and opening a new one

2023-10-05 13:04:49 - [MESSAGE][INFO] - Starting 'Edge Chromium' driver

2023-10-05 13:04:49 - [MESSAGE][INFO] - User set preference: ['acceptInsecureCerts', 'true']

2023-10-05 13:04:52 - [MESSAGE][INFO] - Action delay is set to 0 milliseconds

2023-10-05 13:04:54 - [MESSAGE][PASSED] - Browser is opened with url: 'https://10.9.2.63/ecommerce/'

2023-10-05 13:04:54 - [TEST_STEP][PASSED] - maximizeWindow(): Current window maximized

2023-10-05 13:04:54 - [MESSAGE][PASSED] - Current window maximized

2023-10-05 13:04:54 - [TEST_STEP][PASSED] - verifyElementPresent(findTestObject("Login Ecommerce/Verifikasi Halaman Login Akun"), 0): Object 'Object Repository/Login Ecommerce/Verifikasi Halaman Login Akun' is present

2023-10-05 13:04:54 - [MESSAGE][WARNING] - Timeout '0' is invalid. Using default page load timeout: '30'

2023-10-05 13:04:55 - [MESSAGE][PASSED] - Object 'Object Repository/Login Ecommerce/Verifikasi Halaman Login Akun' is present

2023-10-05 13:04:55 - [TEST_STEP][PASSED] - click(findTestObject("Login Ecommerce/Login Akun")): Object: 'Object Repository/Login Ecommerce/Login Akun' is clicked on

2023-10-05 13:04:55 - [MESSAGE][PASSED] - Object: 'Object Repository/Login Ecommerce/Login Akun' is clicked on

2023-10-05 13:04:55 - [TEST_STEP][PASSED] - verifyElementPresent(findTestObject("Login Ecommerce/Verifikasi Halaman Login Akun"), 0): Object 'Object Repository/Login Ecommerce/Verifikasi Halaman Login Akun' is present

2023-10-05 13:04:55 - [MESSAGE][WARNING] - Timeout '0' is invalid. Using default page load timeout: '30'

2023-10-05 13:04:56 - [MESSAGE][PASSED] - Object 'Object Repository/Login Ecommerce/Verifikasi Halaman Login Akun' is present

2023-10-05 13:04:56 - [TEST_STEP][PASSED] - setText(findTestObject("Login Ecommerce/Input Username"), "riswandha"): Text 'riswandha' is set on object 'Object Repository/Login Ecommerce/Input Username'

2023-10-05 13:04:56 - [MESSAGE][PASSED] - Text 'riswandha' is set on object 'Object Repository/Login Ecommerce/Input Username'

2023-10-05 13:04:56 - [TEST_STEP][PASSED] - setEncryptedText(findTestObject("Login Ecommerce/Input Password"), "iGDxf8hSRT4="): Text ****** has been set on object 'Object Repository/Login Ecommerce/Input Password'

2023-10-05 13:04:57 - [MESSAGE][PASSED] - Text ****** has been set on object 'Object Repository/Login Ecommerce/Input Password'

2023-10-05 13:04:57 - [TEST_STEP][PASSED] - click(findTestObject("Login Ecommerce/Button Masuk")): Object: 'Object Repository/Login Ecommerce/Button Masuk' is clicked on

2023-10-05 13:04:58 - [MESSAGE][PASSED] - Object: 'Object Repository/Login Ecommerce/Button Masuk' is clicked on

2023-10-05 13:04:58 - [TEST_STEP][PASSED] - verifyElementPresent(findTestObject("Login Ecommerce/Verifikasi Login Akun"), 0): Object 'Object Repository/Login Ecommerce/Verifikasi Login Akun' is present

2023-10-05 13:04:58 - [MESSAGE][WARNING] - Timeout '0' is invalid. Using default page load timeout: '30'

2023-10-05 13:04:59 - [MESSAGE][PASSED] - Object 'Object Repository/Login Ecommerce/Verifikasi Login Akun' is present

2023-10-05 13:04:59 - [MESSAGE][PASSED] - Call Test Case 'Test Cases/Login Ecommerce/TC-Login Ecomerce-001' successfully

2023-10-05 13:04:59 - [TEST_STEP][PASSED] - mouseOver(findTestObject("Product Ecommerce/Button Menu toko")): Object: 'Object Repository/Product Ecommerce/Button Menu toko' is hovered

2023-10-05 13:04:59 - [MESSAGE][PASSED] - Object: 'Object Repository/Product Ecommerce/Button Menu toko' is hovered

2023-10-05 13:04:59 - [TEST_STEP][PASSED] - click(findTestObject("Product Ecommerce/Button Daftar Produk")): Object: 'Object Repository/Product Ecommerce/Button Daftar Produk' is clicked on

2023-10-05 13:05:00 - [MESSAGE][PASSED] - Object: 'Object Repository/Product Ecommerce/Button Daftar Produk' is clicked on

2023-10-05 13:05:00 - [TEST_STEP][PASSED] - verifyElementPresent(findTestObject("Product Ecommerce/Verifikasi Halaman Product Anda"), 0): Object 'Object Repository/Product Ecommerce/Verifikasi Halaman Product Anda' is present

2023-10-05 13:05:00 - [MESSAGE][WARNING] - Timeout '0' is invalid. Using default page load timeout: '30'

2023-10-05 13:05:01 - [MESSAGE][PASSED] - Object 'Object Repository/Product Ecommerce/Verifikasi Halaman Product Anda' is present

2023-10-05 13:05:01 - [MESSAGE][PASSED] - Call Test Case 'Test Cases/Product Ecommerce/TC-PE-001' successfully

2023-10-05 13:05:01 - [TEST_STEP][PASSED] - mouseOver(findTestObject("Product Ecommerce/Image Gambar produk 1")): Object: 'Object Repository/Product Ecommerce/Image Gambar produk 1' is hovered

2023-10-05 13:05:01 - [MESSAGE][PASSED] - Object: 'Object Repository/Product Ecommerce/Image Gambar produk 1' is hovered

2023-10-05 13:05:01 - [TEST_STEP][PASSED] - click(findTestObject("Product Ecommerce/Tambahkan Product/Edit Data")): Object: 'Object Repository/Product Ecommerce/Tambahkan Product/Edit Data' is clicked on

2023-10-05 13:05:03 - [MESSAGE][PASSED] - Object: 'Object Repository/Product Ecommerce/Tambahkan Product/Edit Data' is clicked on

2023-10-05 13:05:03 - [TEST_STEP][PASSED] - click(findTestObject("Product Ecommerce/Kupon/Button Buat Product")): Object: 'Object Repository/Product Ecommerce/Kupon/Button Buat Product' is clicked on

2023-10-05 13:05:03 - [MESSAGE][PASSED] - Object: 'Object Repository/Product Ecommerce/Kupon/Button Buat Product' is clicked on

2023-10-05 13:05:03 - [TEST_STEP][PASSED] - verifyElementPresent(findTestObject("Product Ecommerce/Kupon/Verifikasi Halaman Voucher Product"), 0): Object 'Object Repository/Product Ecommerce/Kupon/Verifikasi Halaman Voucher Product' is present

2023-10-05 13:05:03 - [MESSAGE][WARNING] - Timeout '0' is invalid. Using default page load timeout: '30'

2023-10-05 13:05:04 - [MESSAGE][PASSED] - Object 'Object Repository/Product Ecommerce/Kupon/Verifikasi Halaman Voucher Product' is present

2023-10-05 13:05:04 - [TEST_STEP][PASSED] - click(findTestObject("Product Ecommerce/Kupon/Button Edit Voucher")): Object: 'Object Repository/Product Ecommerce/Kupon/Button Edit Voucher' is clicked on

2023-10-05 13:05:04 - [MESSAGE][PASSED] - Object: 'Object Repository/Product Ecommerce/Kupon/Button Edit Voucher' is clicked on

2023-10-05 13:05:04 - [TEST_STEP][PASSED] - setText(findTestObject("Product Ecommerce/Kupon/Input Kode Kupon"), kodeKupon): Text 'Product31' is set on object 'Object Repository/Product Ecommerce/Kupon/Input Kode Kupon'

2023-10-05 13:05:05 - [MESSAGE][PASSED] - Text 'Product31' is set on object 'Object Repository/Product Ecommerce/Kupon/Input Kode Kupon'

2023-10-05 13:05:05 - [TEST_STEP][PASSED] - click(findTestObject("Product Ecommerce/Kupon/Button Simpan")): Object: 'Object Repository/Product Ecommerce/Kupon/Button Simpan' is clicked on

2023-10-05 13:05:05 - [MESSAGE][PASSED] - Object: 'Object Repository/Product Ecommerce/Kupon/Button Simpan' is clicked on

2023-10-05 13:05:05 - [TEST_STEP][PASSED] - dataList = findWebElements(findTestObject("Object Repository/Product Ecommerce/Kupon/Data Semua Voucher"), 10): null

2023-10-05 13:05:06 - [TEST_STEP][PASSED] - dataKupon = "": null

2023-10-05 13:05:06 - [TEST_STEP][PASSED] - for ([i = 0, i < dataList.size(), (i++)]): null

2023-10-05 13:05:06 - [TEST_STEP][PASSED] - text = text: null

2023-10-05 13:05:06 - [TEST_STEP][PASSED] - dataKupon = dataKupon + text: null

2023-10-05 13:05:06 - [TEST_STEP][PASSED] - println(dataKupon): null

2023-10-05 13:05:06 - [TEST_STEP][PASSED] - assert dataKupon.contains(kodeKupon): null]]></system-out>
         <system-err><![CDATA[]]></system-err>
      </testcase>
      <testcase name="Test Cases/Product Ecommerce/TC-PE-011" time="16.856" classname="Test Cases/Product Ecommerce/TC-PE-011" status="PASSED">
         <system-out><![CDATA[2023-10-05 13:05:06 - [TEST_CASE][PASSED] - Test Cases/Product Ecommerce/TC-PE-011: Test Cases/Product Ecommerce/TC-PE-011

2023-10-05 13:05:07 - [TEST_STEP][PASSED] - callTestCase(findTestCase("Product Ecommerce/TC-PE-001"), [:], STOP_ON_FAILURE): Call Test Case 'Test Cases/Product Ecommerce/TC-PE-001' successfully

2023-10-05 13:05:07 - [TEST_CASE][PASSED] - Test Cases/Product Ecommerce/TC-PE-001: Test Cases/Product Ecommerce/TC-PE-001

2023-10-05 13:05:07 - [TEST_STEP][PASSED] - callTestCase(findTestCase("Login Ecommerce/TC-Login Ecomerce-001"), [:], STOP_ON_FAILURE): Call Test Case 'Test Cases/Login Ecommerce/TC-Login Ecomerce-001' successfully

2023-10-05 13:05:07 - [TEST_CASE][PASSED] - Test Cases/Login Ecommerce/TC-Login Ecomerce-001: Test Cases/Login Ecommerce/TC-Login Ecomerce-001

2023-10-05 13:05:07 - [TEST_STEP][PASSED] - openBrowser(userTajalapak): Browser is opened with url: 'https://10.9.2.63/ecommerce/'

2023-10-05 13:05:07 - [MESSAGE][WARNING] - A browser is already opened. Closing browser and opening a new one

2023-10-05 13:05:07 - [MESSAGE][INFO] - Starting 'Edge Chromium' driver

2023-10-05 13:05:07 - [MESSAGE][INFO] - User set preference: ['acceptInsecureCerts', 'true']

2023-10-05 13:05:10 - [MESSAGE][INFO] - Action delay is set to 0 milliseconds

2023-10-05 13:05:12 - [MESSAGE][PASSED] - Browser is opened with url: 'https://10.9.2.63/ecommerce/'

2023-10-05 13:05:12 - [TEST_STEP][PASSED] - maximizeWindow(): Current window maximized

2023-10-05 13:05:12 - [MESSAGE][PASSED] - Current window maximized

2023-10-05 13:05:12 - [TEST_STEP][PASSED] - verifyElementPresent(findTestObject("Login Ecommerce/Verifikasi Halaman Login Akun"), 0): Object 'Object Repository/Login Ecommerce/Verifikasi Halaman Login Akun' is present

2023-10-05 13:05:12 - [MESSAGE][WARNING] - Timeout '0' is invalid. Using default page load timeout: '30'

2023-10-05 13:05:13 - [MESSAGE][PASSED] - Object 'Object Repository/Login Ecommerce/Verifikasi Halaman Login Akun' is present

2023-10-05 13:05:13 - [TEST_STEP][PASSED] - click(findTestObject("Login Ecommerce/Login Akun")): Object: 'Object Repository/Login Ecommerce/Login Akun' is clicked on

2023-10-05 13:05:13 - [MESSAGE][PASSED] - Object: 'Object Repository/Login Ecommerce/Login Akun' is clicked on

2023-10-05 13:05:13 - [TEST_STEP][PASSED] - verifyElementPresent(findTestObject("Login Ecommerce/Verifikasi Halaman Login Akun"), 0): Object 'Object Repository/Login Ecommerce/Verifikasi Halaman Login Akun' is present

2023-10-05 13:05:13 - [MESSAGE][WARNING] - Timeout '0' is invalid. Using default page load timeout: '30'

2023-10-05 13:05:14 - [MESSAGE][PASSED] - Object 'Object Repository/Login Ecommerce/Verifikasi Halaman Login Akun' is present

2023-10-05 13:05:14 - [TEST_STEP][PASSED] - setText(findTestObject("Login Ecommerce/Input Username"), "riswandha"): Text 'riswandha' is set on object 'Object Repository/Login Ecommerce/Input Username'

2023-10-05 13:05:15 - [MESSAGE][PASSED] - Text 'riswandha' is set on object 'Object Repository/Login Ecommerce/Input Username'

2023-10-05 13:05:15 - [TEST_STEP][PASSED] - setEncryptedText(findTestObject("Login Ecommerce/Input Password"), "iGDxf8hSRT4="): Text ****** has been set on object 'Object Repository/Login Ecommerce/Input Password'

2023-10-05 13:05:15 - [MESSAGE][PASSED] - Text ****** has been set on object 'Object Repository/Login Ecommerce/Input Password'

2023-10-05 13:05:15 - [TEST_STEP][PASSED] - click(findTestObject("Login Ecommerce/Button Masuk")): Object: 'Object Repository/Login Ecommerce/Button Masuk' is clicked on

2023-10-05 13:05:16 - [MESSAGE][PASSED] - Object: 'Object Repository/Login Ecommerce/Button Masuk' is clicked on

2023-10-05 13:05:16 - [TEST_STEP][PASSED] - verifyElementPresent(findTestObject("Login Ecommerce/Verifikasi Login Akun"), 0): Object 'Object Repository/Login Ecommerce/Verifikasi Login Akun' is present

2023-10-05 13:05:16 - [MESSAGE][WARNING] - Timeout '0' is invalid. Using default page load timeout: '30'

2023-10-05 13:05:17 - [MESSAGE][PASSED] - Object 'Object Repository/Login Ecommerce/Verifikasi Login Akun' is present

2023-10-05 13:05:17 - [MESSAGE][PASSED] - Call Test Case 'Test Cases/Login Ecommerce/TC-Login Ecomerce-001' successfully

2023-10-05 13:05:17 - [TEST_STEP][PASSED] - mouseOver(findTestObject("Product Ecommerce/Button Menu toko")): Object: 'Object Repository/Product Ecommerce/Button Menu toko' is hovered

2023-10-05 13:05:18 - [MESSAGE][PASSED] - Object: 'Object Repository/Product Ecommerce/Button Menu toko' is hovered

2023-10-05 13:05:18 - [TEST_STEP][PASSED] - click(findTestObject("Product Ecommerce/Button Daftar Produk")): Object: 'Object Repository/Product Ecommerce/Button Daftar Produk' is clicked on

2023-10-05 13:05:18 - [MESSAGE][PASSED] - Object: 'Object Repository/Product Ecommerce/Button Daftar Produk' is clicked on

2023-10-05 13:05:18 - [TEST_STEP][PASSED] - verifyElementPresent(findTestObject("Product Ecommerce/Verifikasi Halaman Product Anda"), 0): Object 'Object Repository/Product Ecommerce/Verifikasi Halaman Product Anda' is present

2023-10-05 13:05:18 - [MESSAGE][WARNING] - Timeout '0' is invalid. Using default page load timeout: '30'

2023-10-05 13:05:19 - [MESSAGE][PASSED] - Object 'Object Repository/Product Ecommerce/Verifikasi Halaman Product Anda' is present

2023-10-05 13:05:19 - [MESSAGE][PASSED] - Call Test Case 'Test Cases/Product Ecommerce/TC-PE-001' successfully

2023-10-05 13:05:19 - [TEST_STEP][PASSED] - mouseOver(findTestObject("Product Ecommerce/Image Gambar produk 1")): Object: 'Object Repository/Product Ecommerce/Image Gambar produk 1' is hovered

2023-10-05 13:05:20 - [MESSAGE][PASSED] - Object: 'Object Repository/Product Ecommerce/Image Gambar produk 1' is hovered

2023-10-05 13:05:20 - [TEST_STEP][PASSED] - click(findTestObject("Product Ecommerce/Tambahkan Product/Edit Data")): Object: 'Object Repository/Product Ecommerce/Tambahkan Product/Edit Data' is clicked on

2023-10-05 13:05:21 - [MESSAGE][PASSED] - Object: 'Object Repository/Product Ecommerce/Tambahkan Product/Edit Data' is clicked on

2023-10-05 13:05:21 - [TEST_STEP][PASSED] - click(findTestObject("Product Ecommerce/Kupon/Button Buat Product")): Object: 'Object Repository/Product Ecommerce/Kupon/Button Buat Product' is clicked on

2023-10-05 13:05:21 - [MESSAGE][PASSED] - Object: 'Object Repository/Product Ecommerce/Kupon/Button Buat Product' is clicked on

2023-10-05 13:05:21 - [TEST_STEP][PASSED] - verifyElementPresent(findTestObject("Product Ecommerce/Kupon/Verifikasi Halaman Voucher Product"), 0): Object 'Object Repository/Product Ecommerce/Kupon/Verifikasi Halaman Voucher Product' is present

2023-10-05 13:05:21 - [MESSAGE][WARNING] - Timeout '0' is invalid. Using default page load timeout: '30'

2023-10-05 13:05:22 - [MESSAGE][PASSED] - Object 'Object Repository/Product Ecommerce/Kupon/Verifikasi Halaman Voucher Product' is present

2023-10-05 13:05:22 - [TEST_STEP][PASSED] - click(findTestObject("Product Ecommerce/Kupon/Button Hapus Data")): Object: 'Object Repository/Product Ecommerce/Kupon/Button Hapus Data' is clicked on

2023-10-05 13:05:22 - [MESSAGE][PASSED] - Object: 'Object Repository/Product Ecommerce/Kupon/Button Hapus Data' is clicked on

2023-10-05 13:05:22 - [TEST_STEP][PASSED] - verifyElementNotPresent(findTestObject("Product Ecommerce/Kupon/Button Edit Voucher"), 0): Web element with id: 'Object Repository/Product Ecommerce/Kupon/Button Edit Voucher' located by 'By.xpath: /html/body/div[12]/div/div/div[2]/div/div/table/tbody/tr[1]/td[7]/a[1]' is not present after '30' second(s)

2023-10-05 13:05:22 - [MESSAGE][WARNING] - Timeout '0' is invalid. Using default page load timeout: '30'

2023-10-05 13:05:23 - [MESSAGE][PASSED] - Web element with id: 'Object Repository/Product Ecommerce/Kupon/Button Edit Voucher' located by 'By.xpath: /html/body/div[12]/div/div/div[2]/div/div/table/tbody/tr[1]/td[7]/a[1]' is not present after '30' second(s)]]></system-out>
         <system-err><![CDATA[]]></system-err>
      </testcase>
      <testcase name="Test Cases/Product Ecommerce/TC-PE-012" time="27.256" classname="Test Cases/Product Ecommerce/TC-PE-012" status="PASSED">
         <system-out><![CDATA[2023-10-05 13:05:23 - [TEST_CASE][PASSED] - Test Cases/Product Ecommerce/TC-PE-012: Test Cases/Product Ecommerce/TC-PE-012

2023-10-05 13:05:23 - [TEST_STEP][PASSED] - callTestCase(findTestCase("Product Ecommerce/TC-PE-001"), [:], STOP_ON_FAILURE): Call Test Case 'Test Cases/Product Ecommerce/TC-PE-001' successfully

2023-10-05 13:05:23 - [TEST_CASE][PASSED] - Test Cases/Product Ecommerce/TC-PE-001: Test Cases/Product Ecommerce/TC-PE-001

2023-10-05 13:05:23 - [TEST_STEP][PASSED] - callTestCase(findTestCase("Login Ecommerce/TC-Login Ecomerce-001"), [:], STOP_ON_FAILURE): Call Test Case 'Test Cases/Login Ecommerce/TC-Login Ecomerce-001' successfully

2023-10-05 13:05:24 - [TEST_CASE][PASSED] - Test Cases/Login Ecommerce/TC-Login Ecomerce-001: Test Cases/Login Ecommerce/TC-Login Ecomerce-001

2023-10-05 13:05:24 - [TEST_STEP][PASSED] - openBrowser(userTajalapak): Browser is opened with url: 'https://10.9.2.63/ecommerce/'

2023-10-05 13:05:24 - [MESSAGE][WARNING] - A browser is already opened. Closing browser and opening a new one

2023-10-05 13:05:24 - [MESSAGE][INFO] - Starting 'Edge Chromium' driver

2023-10-05 13:05:24 - [MESSAGE][INFO] - User set preference: ['acceptInsecureCerts', 'true']

2023-10-05 13:05:27 - [MESSAGE][INFO] - Action delay is set to 0 milliseconds

2023-10-05 13:05:30 - [MESSAGE][PASSED] - Browser is opened with url: 'https://10.9.2.63/ecommerce/'

2023-10-05 13:05:30 - [TEST_STEP][PASSED] - maximizeWindow(): Current window maximized

2023-10-05 13:05:30 - [MESSAGE][PASSED] - Current window maximized

2023-10-05 13:05:30 - [TEST_STEP][PASSED] - verifyElementPresent(findTestObject("Login Ecommerce/Verifikasi Halaman Login Akun"), 0): Object 'Object Repository/Login Ecommerce/Verifikasi Halaman Login Akun' is present

2023-10-05 13:05:30 - [MESSAGE][WARNING] - Timeout '0' is invalid. Using default page load timeout: '30'

2023-10-05 13:05:31 - [MESSAGE][PASSED] - Object 'Object Repository/Login Ecommerce/Verifikasi Halaman Login Akun' is present

2023-10-05 13:05:31 - [TEST_STEP][PASSED] - click(findTestObject("Login Ecommerce/Login Akun")): Object: 'Object Repository/Login Ecommerce/Login Akun' is clicked on

2023-10-05 13:05:31 - [MESSAGE][PASSED] - Object: 'Object Repository/Login Ecommerce/Login Akun' is clicked on

2023-10-05 13:05:31 - [TEST_STEP][PASSED] - verifyElementPresent(findTestObject("Login Ecommerce/Verifikasi Halaman Login Akun"), 0): Object 'Object Repository/Login Ecommerce/Verifikasi Halaman Login Akun' is present

2023-10-05 13:05:32 - [MESSAGE][WARNING] - Timeout '0' is invalid. Using default page load timeout: '30'

2023-10-05 13:05:32 - [MESSAGE][PASSED] - Object 'Object Repository/Login Ecommerce/Verifikasi Halaman Login Akun' is present

2023-10-05 13:05:32 - [TEST_STEP][PASSED] - setText(findTestObject("Login Ecommerce/Input Username"), "riswandha"): Text 'riswandha' is set on object 'Object Repository/Login Ecommerce/Input Username'

2023-10-05 13:05:33 - [MESSAGE][PASSED] - Text 'riswandha' is set on object 'Object Repository/Login Ecommerce/Input Username'

2023-10-05 13:05:33 - [TEST_STEP][PASSED] - setEncryptedText(findTestObject("Login Ecommerce/Input Password"), "iGDxf8hSRT4="): Text ****** has been set on object 'Object Repository/Login Ecommerce/Input Password'

2023-10-05 13:05:33 - [MESSAGE][PASSED] - Text ****** has been set on object 'Object Repository/Login Ecommerce/Input Password'

2023-10-05 13:05:33 - [TEST_STEP][PASSED] - click(findTestObject("Login Ecommerce/Button Masuk")): Object: 'Object Repository/Login Ecommerce/Button Masuk' is clicked on

2023-10-05 13:05:35 - [MESSAGE][PASSED] - Object: 'Object Repository/Login Ecommerce/Button Masuk' is clicked on

2023-10-05 13:05:35 - [TEST_STEP][PASSED] - verifyElementPresent(findTestObject("Login Ecommerce/Verifikasi Login Akun"), 0): Object 'Object Repository/Login Ecommerce/Verifikasi Login Akun' is present

2023-10-05 13:05:35 - [MESSAGE][WARNING] - Timeout '0' is invalid. Using default page load timeout: '30'

2023-10-05 13:05:35 - [MESSAGE][PASSED] - Object 'Object Repository/Login Ecommerce/Verifikasi Login Akun' is present

2023-10-05 13:05:35 - [MESSAGE][PASSED] - Call Test Case 'Test Cases/Login Ecommerce/TC-Login Ecomerce-001' successfully

2023-10-05 13:05:35 - [TEST_STEP][PASSED] - mouseOver(findTestObject("Product Ecommerce/Button Menu toko")): Object: 'Object Repository/Product Ecommerce/Button Menu toko' is hovered

2023-10-05 13:05:36 - [MESSAGE][PASSED] - Object: 'Object Repository/Product Ecommerce/Button Menu toko' is hovered

2023-10-05 13:05:36 - [TEST_STEP][PASSED] - click(findTestObject("Product Ecommerce/Button Daftar Produk")): Object: 'Object Repository/Product Ecommerce/Button Daftar Produk' is clicked on

2023-10-05 13:05:37 - [MESSAGE][PASSED] - Object: 'Object Repository/Product Ecommerce/Button Daftar Produk' is clicked on

2023-10-05 13:05:37 - [TEST_STEP][PASSED] - verifyElementPresent(findTestObject("Product Ecommerce/Verifikasi Halaman Product Anda"), 0): Object 'Object Repository/Product Ecommerce/Verifikasi Halaman Product Anda' is present

2023-10-05 13:05:37 - [MESSAGE][WARNING] - Timeout '0' is invalid. Using default page load timeout: '30'

2023-10-05 13:05:37 - [MESSAGE][PASSED] - Object 'Object Repository/Product Ecommerce/Verifikasi Halaman Product Anda' is present

2023-10-05 13:05:37 - [MESSAGE][PASSED] - Call Test Case 'Test Cases/Product Ecommerce/TC-PE-001' successfully

2023-10-05 13:05:37 - [TEST_STEP][PASSED] - mouseOver(findTestObject("Product Ecommerce/Image Gambar produk 1")): Object: 'Object Repository/Product Ecommerce/Image Gambar produk 1' is hovered

2023-10-05 13:05:38 - [MESSAGE][PASSED] - Object: 'Object Repository/Product Ecommerce/Image Gambar produk 1' is hovered

2023-10-05 13:05:38 - [TEST_STEP][PASSED] - click(findTestObject("Product Ecommerce/Tambahkan Product/Edit Data")): Object: 'Object Repository/Product Ecommerce/Tambahkan Product/Edit Data' is clicked on

2023-10-05 13:05:39 - [MESSAGE][PASSED] - Object: 'Object Repository/Product Ecommerce/Tambahkan Product/Edit Data' is clicked on

2023-10-05 13:05:39 - [TEST_STEP][PASSED] - verifyElementPresent(findTestObject("Product Ecommerce/Tambahkan Product/Button Update Data"), 0): Object 'Object Repository/Product Ecommerce/Tambahkan Product/Button Update Data' is present

2023-10-05 13:05:39 - [MESSAGE][WARNING] - Timeout '0' is invalid. Using default page load timeout: '30'

2023-10-05 13:05:39 - [MESSAGE][PASSED] - Object 'Object Repository/Product Ecommerce/Tambahkan Product/Button Update Data' is present

2023-10-05 13:05:39 - [TEST_STEP][PASSED] - variasiAwal = findWebElements(findTestObject("Object Repository/Product Ecommerce/Tambahkan Product/Jumlah Variasi Warna"), 10): null

2023-10-05 13:05:40 - [TEST_STEP][PASSED] - for ([i = 0, i < 20, (i++)]): Object: 'Object Repository/Product Ecommerce/Tambahkan Product/Input Tambah Kolom Variasi 1' is clicked on

2023-10-05 13:05:40 - [TEST_STEP][PASSED] - click(findTestObject("Object Repository/Product Ecommerce/Tambahkan Product/Input Tambah Kolom Variasi 1")): Object: 'Object Repository/Product Ecommerce/Tambahkan Product/Input Tambah Kolom Variasi 1' is clicked on

2023-10-05 13:05:40 - [MESSAGE][PASSED] - Object: 'Object Repository/Product Ecommerce/Tambahkan Product/Input Tambah Kolom Variasi 1' is clicked on

2023-10-05 13:05:40 - [TEST_STEP][PASSED] - click(findTestObject("Object Repository/Product Ecommerce/Tambahkan Product/Input Tambah Kolom Variasi 1")): Object: 'Object Repository/Product Ecommerce/Tambahkan Product/Input Tambah Kolom Variasi 1' is clicked on

2023-10-05 13:05:40 - [MESSAGE][PASSED] - Object: 'Object Repository/Product Ecommerce/Tambahkan Product/Input Tambah Kolom Variasi 1' is clicked on

2023-10-05 13:05:40 - [TEST_STEP][PASSED] - click(findTestObject("Object Repository/Product Ecommerce/Tambahkan Product/Input Tambah Kolom Variasi 1")): Object: 'Object Repository/Product Ecommerce/Tambahkan Product/Input Tambah Kolom Variasi 1' is clicked on

2023-10-05 13:05:41 - [MESSAGE][PASSED] - Object: 'Object Repository/Product Ecommerce/Tambahkan Product/Input Tambah Kolom Variasi 1' is clicked on

2023-10-05 13:05:41 - [TEST_STEP][PASSED] - click(findTestObject("Object Repository/Product Ecommerce/Tambahkan Product/Input Tambah Kolom Variasi 1")): Object: 'Object Repository/Product Ecommerce/Tambahkan Product/Input Tambah Kolom Variasi 1' is clicked on

2023-10-05 13:05:41 - [MESSAGE][PASSED] - Object: 'Object Repository/Product Ecommerce/Tambahkan Product/Input Tambah Kolom Variasi 1' is clicked on

2023-10-05 13:05:41 - [TEST_STEP][PASSED] - click(findTestObject("Object Repository/Product Ecommerce/Tambahkan Product/Input Tambah Kolom Variasi 1")): Object: 'Object Repository/Product Ecommerce/Tambahkan Product/Input Tambah Kolom Variasi 1' is clicked on

2023-10-05 13:05:42 - [MESSAGE][PASSED] - Object: 'Object Repository/Product Ecommerce/Tambahkan Product/Input Tambah Kolom Variasi 1' is clicked on

2023-10-05 13:05:42 - [TEST_STEP][PASSED] - click(findTestObject("Object Repository/Product Ecommerce/Tambahkan Product/Input Tambah Kolom Variasi 1")): Object: 'Object Repository/Product Ecommerce/Tambahkan Product/Input Tambah Kolom Variasi 1' is clicked on

2023-10-05 13:05:43 - [MESSAGE][PASSED] - Object: 'Object Repository/Product Ecommerce/Tambahkan Product/Input Tambah Kolom Variasi 1' is clicked on

2023-10-05 13:05:43 - [TEST_STEP][PASSED] - click(findTestObject("Object Repository/Product Ecommerce/Tambahkan Product/Input Tambah Kolom Variasi 1")): Object: 'Object Repository/Product Ecommerce/Tambahkan Product/Input Tambah Kolom Variasi 1' is clicked on

2023-10-05 13:05:43 - [MESSAGE][PASSED] - Object: 'Object Repository/Product Ecommerce/Tambahkan Product/Input Tambah Kolom Variasi 1' is clicked on

2023-10-05 13:05:43 - [TEST_STEP][PASSED] - click(findTestObject("Object Repository/Product Ecommerce/Tambahkan Product/Input Tambah Kolom Variasi 1")): Object: 'Object Repository/Product Ecommerce/Tambahkan Product/Input Tambah Kolom Variasi 1' is clicked on

2023-10-05 13:05:44 - [MESSAGE][PASSED] - Object: 'Object Repository/Product Ecommerce/Tambahkan Product/Input Tambah Kolom Variasi 1' is clicked on

2023-10-05 13:05:44 - [TEST_STEP][PASSED] - click(findTestObject("Object Repository/Product Ecommerce/Tambahkan Product/Input Tambah Kolom Variasi 1")): Object: 'Object Repository/Product Ecommerce/Tambahkan Product/Input Tambah Kolom Variasi 1' is clicked on

2023-10-05 13:05:44 - [MESSAGE][PASSED] - Object: 'Object Repository/Product Ecommerce/Tambahkan Product/Input Tambah Kolom Variasi 1' is clicked on

2023-10-05 13:05:44 - [TEST_STEP][PASSED] - click(findTestObject("Object Repository/Product Ecommerce/Tambahkan Product/Input Tambah Kolom Variasi 1")): Object: 'Object Repository/Product Ecommerce/Tambahkan Product/Input Tambah Kolom Variasi 1' is clicked on

2023-10-05 13:05:45 - [MESSAGE][PASSED] - Object: 'Object Repository/Product Ecommerce/Tambahkan Product/Input Tambah Kolom Variasi 1' is clicked on

2023-10-05 13:05:45 - [TEST_STEP][PASSED] - click(findTestObject("Object Repository/Product Ecommerce/Tambahkan Product/Input Tambah Kolom Variasi 1")): Object: 'Object Repository/Product Ecommerce/Tambahkan Product/Input Tambah Kolom Variasi 1' is clicked on

2023-10-05 13:05:45 - [MESSAGE][PASSED] - Object: 'Object Repository/Product Ecommerce/Tambahkan Product/Input Tambah Kolom Variasi 1' is clicked on

2023-10-05 13:05:45 - [TEST_STEP][PASSED] - click(findTestObject("Object Repository/Product Ecommerce/Tambahkan Product/Input Tambah Kolom Variasi 1")): Object: 'Object Repository/Product Ecommerce/Tambahkan Product/Input Tambah Kolom Variasi 1' is clicked on

2023-10-05 13:05:46 - [MESSAGE][PASSED] - Object: 'Object Repository/Product Ecommerce/Tambahkan Product/Input Tambah Kolom Variasi 1' is clicked on

2023-10-05 13:05:46 - [TEST_STEP][PASSED] - click(findTestObject("Object Repository/Product Ecommerce/Tambahkan Product/Input Tambah Kolom Variasi 1")): Object: 'Object Repository/Product Ecommerce/Tambahkan Product/Input Tambah Kolom Variasi 1' is clicked on

2023-10-05 13:05:46 - [MESSAGE][PASSED] - Object: 'Object Repository/Product Ecommerce/Tambahkan Product/Input Tambah Kolom Variasi 1' is clicked on

2023-10-05 13:05:46 - [TEST_STEP][PASSED] - click(findTestObject("Object Repository/Product Ecommerce/Tambahkan Product/Input Tambah Kolom Variasi 1")): Object: 'Object Repository/Product Ecommerce/Tambahkan Product/Input Tambah Kolom Variasi 1' is clicked on

2023-10-05 13:05:47 - [MESSAGE][PASSED] - Object: 'Object Repository/Product Ecommerce/Tambahkan Product/Input Tambah Kolom Variasi 1' is clicked on

2023-10-05 13:05:47 - [TEST_STEP][PASSED] - click(findTestObject("Object Repository/Product Ecommerce/Tambahkan Product/Input Tambah Kolom Variasi 1")): Object: 'Object Repository/Product Ecommerce/Tambahkan Product/Input Tambah Kolom Variasi 1' is clicked on

2023-10-05 13:05:47 - [MESSAGE][PASSED] - Object: 'Object Repository/Product Ecommerce/Tambahkan Product/Input Tambah Kolom Variasi 1' is clicked on

2023-10-05 13:05:47 - [TEST_STEP][PASSED] - click(findTestObject("Object Repository/Product Ecommerce/Tambahkan Product/Input Tambah Kolom Variasi 1")): Object: 'Object Repository/Product Ecommerce/Tambahkan Product/Input Tambah Kolom Variasi 1' is clicked on

2023-10-05 13:05:48 - [MESSAGE][PASSED] - Object: 'Object Repository/Product Ecommerce/Tambahkan Product/Input Tambah Kolom Variasi 1' is clicked on

2023-10-05 13:05:48 - [TEST_STEP][PASSED] - click(findTestObject("Object Repository/Product Ecommerce/Tambahkan Product/Input Tambah Kolom Variasi 1")): Object: 'Object Repository/Product Ecommerce/Tambahkan Product/Input Tambah Kolom Variasi 1' is clicked on

2023-10-05 13:05:48 - [MESSAGE][PASSED] - Object: 'Object Repository/Product Ecommerce/Tambahkan Product/Input Tambah Kolom Variasi 1' is clicked on

2023-10-05 13:05:48 - [TEST_STEP][PASSED] - click(findTestObject("Object Repository/Product Ecommerce/Tambahkan Product/Input Tambah Kolom Variasi 1")): Object: 'Object Repository/Product Ecommerce/Tambahkan Product/Input Tambah Kolom Variasi 1' is clicked on

2023-10-05 13:05:49 - [MESSAGE][PASSED] - Object: 'Object Repository/Product Ecommerce/Tambahkan Product/Input Tambah Kolom Variasi 1' is clicked on

2023-10-05 13:05:49 - [TEST_STEP][PASSED] - click(findTestObject("Object Repository/Product Ecommerce/Tambahkan Product/Input Tambah Kolom Variasi 1")): Object: 'Object Repository/Product Ecommerce/Tambahkan Product/Input Tambah Kolom Variasi 1' is clicked on

2023-10-05 13:05:49 - [MESSAGE][PASSED] - Object: 'Object Repository/Product Ecommerce/Tambahkan Product/Input Tambah Kolom Variasi 1' is clicked on

2023-10-05 13:05:49 - [TEST_STEP][PASSED] - click(findTestObject("Object Repository/Product Ecommerce/Tambahkan Product/Input Tambah Kolom Variasi 1")): Object: 'Object Repository/Product Ecommerce/Tambahkan Product/Input Tambah Kolom Variasi 1' is clicked on

2023-10-05 13:05:50 - [MESSAGE][PASSED] - Object: 'Object Repository/Product Ecommerce/Tambahkan Product/Input Tambah Kolom Variasi 1' is clicked on

2023-10-05 13:05:50 - [TEST_STEP][PASSED] - variasiAkhir = findWebElements(findTestObject("Object Repository/Product Ecommerce/Tambahkan Product/Jumlah Variasi Warna"), 10): null

2023-10-05 13:05:50 - [TEST_STEP][PASSED] - assert variasiAwal.size() + 20 == variasiAkhir.size(): null]]></system-out>
         <system-err><![CDATA[]]></system-err>
      </testcase>
      <testcase name="Test Cases/Product Ecommerce/TC-PEN-001" time="17.218" classname="Test Cases/Product Ecommerce/TC-PEN-001" status="PASSED">
         <system-out><![CDATA[2023-10-05 13:05:50 - [TEST_CASE][PASSED] - Test Cases/Product Ecommerce/TC-PEN-001: Test Cases/Product Ecommerce/TC-PEN-001

2023-10-05 13:05:51 - [TEST_STEP][PASSED] - callTestCase(findTestCase("Product Ecommerce/TC-PE-001"), [:], STOP_ON_FAILURE): Call Test Case 'Test Cases/Product Ecommerce/TC-PE-001' successfully

2023-10-05 13:05:51 - [TEST_CASE][PASSED] - Test Cases/Product Ecommerce/TC-PE-001: Test Cases/Product Ecommerce/TC-PE-001

2023-10-05 13:05:51 - [TEST_STEP][PASSED] - callTestCase(findTestCase("Login Ecommerce/TC-Login Ecomerce-001"), [:], STOP_ON_FAILURE): Call Test Case 'Test Cases/Login Ecommerce/TC-Login Ecomerce-001' successfully

2023-10-05 13:05:51 - [TEST_CASE][PASSED] - Test Cases/Login Ecommerce/TC-Login Ecomerce-001: Test Cases/Login Ecommerce/TC-Login Ecomerce-001

2023-10-05 13:05:51 - [TEST_STEP][PASSED] - openBrowser(userTajalapak): Browser is opened with url: 'https://10.9.2.63/ecommerce/'

2023-10-05 13:05:51 - [MESSAGE][WARNING] - A browser is already opened. Closing browser and opening a new one

2023-10-05 13:05:52 - [MESSAGE][INFO] - Starting 'Edge Chromium' driver

2023-10-05 13:05:52 - [MESSAGE][INFO] - User set preference: ['acceptInsecureCerts', 'true']

2023-10-05 13:05:54 - [MESSAGE][INFO] - Action delay is set to 0 milliseconds

2023-10-05 13:05:56 - [MESSAGE][PASSED] - Browser is opened with url: 'https://10.9.2.63/ecommerce/'

2023-10-05 13:05:56 - [TEST_STEP][PASSED] - maximizeWindow(): Current window maximized

2023-10-05 13:05:56 - [MESSAGE][PASSED] - Current window maximized

2023-10-05 13:05:56 - [TEST_STEP][PASSED] - verifyElementPresent(findTestObject("Login Ecommerce/Verifikasi Halaman Login Akun"), 0): Object 'Object Repository/Login Ecommerce/Verifikasi Halaman Login Akun' is present

2023-10-05 13:05:56 - [MESSAGE][WARNING] - Timeout '0' is invalid. Using default page load timeout: '30'

2023-10-05 13:05:57 - [MESSAGE][PASSED] - Object 'Object Repository/Login Ecommerce/Verifikasi Halaman Login Akun' is present

2023-10-05 13:05:57 - [TEST_STEP][PASSED] - click(findTestObject("Login Ecommerce/Login Akun")): Object: 'Object Repository/Login Ecommerce/Login Akun' is clicked on

2023-10-05 13:05:57 - [MESSAGE][PASSED] - Object: 'Object Repository/Login Ecommerce/Login Akun' is clicked on

2023-10-05 13:05:57 - [TEST_STEP][PASSED] - verifyElementPresent(findTestObject("Login Ecommerce/Verifikasi Halaman Login Akun"), 0): Object 'Object Repository/Login Ecommerce/Verifikasi Halaman Login Akun' is present

2023-10-05 13:05:57 - [MESSAGE][WARNING] - Timeout '0' is invalid. Using default page load timeout: '30'

2023-10-05 13:05:58 - [MESSAGE][PASSED] - Object 'Object Repository/Login Ecommerce/Verifikasi Halaman Login Akun' is present

2023-10-05 13:05:58 - [TEST_STEP][PASSED] - setText(findTestObject("Login Ecommerce/Input Username"), "riswandha"): Text 'riswandha' is set on object 'Object Repository/Login Ecommerce/Input Username'

2023-10-05 13:05:59 - [MESSAGE][PASSED] - Text 'riswandha' is set on object 'Object Repository/Login Ecommerce/Input Username'

2023-10-05 13:05:59 - [TEST_STEP][PASSED] - setEncryptedText(findTestObject("Login Ecommerce/Input Password"), "iGDxf8hSRT4="): Text ****** has been set on object 'Object Repository/Login Ecommerce/Input Password'

2023-10-05 13:05:59 - [MESSAGE][PASSED] - Text ****** has been set on object 'Object Repository/Login Ecommerce/Input Password'

2023-10-05 13:05:59 - [TEST_STEP][PASSED] - click(findTestObject("Login Ecommerce/Button Masuk")): Object: 'Object Repository/Login Ecommerce/Button Masuk' is clicked on

2023-10-05 13:06:00 - [MESSAGE][PASSED] - Object: 'Object Repository/Login Ecommerce/Button Masuk' is clicked on

2023-10-05 13:06:00 - [TEST_STEP][PASSED] - verifyElementPresent(findTestObject("Login Ecommerce/Verifikasi Login Akun"), 0): Object 'Object Repository/Login Ecommerce/Verifikasi Login Akun' is present

2023-10-05 13:06:00 - [MESSAGE][WARNING] - Timeout '0' is invalid. Using default page load timeout: '30'

2023-10-05 13:06:01 - [MESSAGE][PASSED] - Object 'Object Repository/Login Ecommerce/Verifikasi Login Akun' is present

2023-10-05 13:06:01 - [MESSAGE][PASSED] - Call Test Case 'Test Cases/Login Ecommerce/TC-Login Ecomerce-001' successfully

2023-10-05 13:06:01 - [TEST_STEP][PASSED] - mouseOver(findTestObject("Product Ecommerce/Button Menu toko")): Object: 'Object Repository/Product Ecommerce/Button Menu toko' is hovered

2023-10-05 13:06:01 - [MESSAGE][PASSED] - Object: 'Object Repository/Product Ecommerce/Button Menu toko' is hovered

2023-10-05 13:06:01 - [TEST_STEP][PASSED] - click(findTestObject("Product Ecommerce/Button Daftar Produk")): Object: 'Object Repository/Product Ecommerce/Button Daftar Produk' is clicked on

2023-10-05 13:06:02 - [MESSAGE][PASSED] - Object: 'Object Repository/Product Ecommerce/Button Daftar Produk' is clicked on

2023-10-05 13:06:02 - [TEST_STEP][PASSED] - verifyElementPresent(findTestObject("Product Ecommerce/Verifikasi Halaman Product Anda"), 0): Object 'Object Repository/Product Ecommerce/Verifikasi Halaman Product Anda' is present

2023-10-05 13:06:02 - [MESSAGE][WARNING] - Timeout '0' is invalid. Using default page load timeout: '30'

2023-10-05 13:06:03 - [MESSAGE][PASSED] - Object 'Object Repository/Product Ecommerce/Verifikasi Halaman Product Anda' is present

2023-10-05 13:06:03 - [MESSAGE][PASSED] - Call Test Case 'Test Cases/Product Ecommerce/TC-PE-001' successfully

2023-10-05 13:06:03 - [TEST_STEP][PASSED] - mouseOver(findTestObject("Product Ecommerce/Image Gambar produk 1")): Object: 'Object Repository/Product Ecommerce/Image Gambar produk 1' is hovered

2023-10-05 13:06:04 - [MESSAGE][PASSED] - Object: 'Object Repository/Product Ecommerce/Image Gambar produk 1' is hovered

2023-10-05 13:06:04 - [TEST_STEP][PASSED] - click(findTestObject("Product Ecommerce/Tambahkan Product/Edit Data")): Object: 'Object Repository/Product Ecommerce/Tambahkan Product/Edit Data' is clicked on

2023-10-05 13:06:05 - [MESSAGE][PASSED] - Object: 'Object Repository/Product Ecommerce/Tambahkan Product/Edit Data' is clicked on

2023-10-05 13:06:05 - [TEST_STEP][PASSED] - uploadFile(findTestObject("Product Ecommerce/Tambahkan Product/Input File"), "E:\Pelatihan\Xsis Academy\baju Koko kids oranye.jpg"): File 'E:\Pelatihan\Xsis Academy\baju Koko kids oranye.jpg' sent to object: 'Object Repository/Product Ecommerce/Tambahkan Product/Input File'

2023-10-05 13:06:07 - [MESSAGE][PASSED] - File 'E:\Pelatihan\Xsis Academy\baju Koko kids oranye.jpg' sent to object: 'Object Repository/Product Ecommerce/Tambahkan Product/Input File'

2023-10-05 13:06:07 - [TEST_STEP][PASSED] - verifyElementPresent(findTestObject("Product Ecommerce/Verifikasi product/verifikasi Error Format Foto Tidak Sesuai"), 0): Object 'Object Repository/Product Ecommerce/Verifikasi product/verifikasi Error Format Foto Tidak Sesuai' is present

2023-10-05 13:06:07 - [MESSAGE][WARNING] - Timeout '0' is invalid. Using default page load timeout: '30'

2023-10-05 13:06:08 - [MESSAGE][PASSED] - Object 'Object Repository/Product Ecommerce/Verifikasi product/verifikasi Error Format Foto Tidak Sesuai' is present]]></system-out>
         <system-err><![CDATA[]]></system-err>
      </testcase>
      <testcase name="Test Cases/Product Ecommerce/TC-PEN-002" time="17.08" classname="Test Cases/Product Ecommerce/TC-PEN-002" status="PASSED">
         <system-out><![CDATA[2023-10-05 13:06:08 - [TEST_CASE][PASSED] - Test Cases/Product Ecommerce/TC-PEN-002: Test Cases/Product Ecommerce/TC-PEN-002

2023-10-05 13:06:08 - [TEST_STEP][PASSED] - callTestCase(findTestCase("Product Ecommerce/TC-PE-001"), [:], STOP_ON_FAILURE): Call Test Case 'Test Cases/Product Ecommerce/TC-PE-001' successfully

2023-10-05 13:06:08 - [TEST_CASE][PASSED] - Test Cases/Product Ecommerce/TC-PE-001: Test Cases/Product Ecommerce/TC-PE-001

2023-10-05 13:06:08 - [TEST_STEP][PASSED] - callTestCase(findTestCase("Login Ecommerce/TC-Login Ecomerce-001"), [:], STOP_ON_FAILURE): Call Test Case 'Test Cases/Login Ecommerce/TC-Login Ecomerce-001' successfully

2023-10-05 13:06:08 - [TEST_CASE][PASSED] - Test Cases/Login Ecommerce/TC-Login Ecomerce-001: Test Cases/Login Ecommerce/TC-Login Ecomerce-001

2023-10-05 13:06:08 - [TEST_STEP][PASSED] - openBrowser(userTajalapak): Browser is opened with url: 'https://10.9.2.63/ecommerce/'

2023-10-05 13:06:08 - [MESSAGE][WARNING] - A browser is already opened. Closing browser and opening a new one

2023-10-05 13:06:09 - [MESSAGE][INFO] - Starting 'Edge Chromium' driver

2023-10-05 13:06:09 - [MESSAGE][INFO] - User set preference: ['acceptInsecureCerts', 'true']

2023-10-05 13:06:11 - [MESSAGE][INFO] - Action delay is set to 0 milliseconds

2023-10-05 13:06:14 - [MESSAGE][PASSED] - Browser is opened with url: 'https://10.9.2.63/ecommerce/'

2023-10-05 13:06:14 - [TEST_STEP][PASSED] - maximizeWindow(): Current window maximized

2023-10-05 13:06:14 - [MESSAGE][PASSED] - Current window maximized

2023-10-05 13:06:14 - [TEST_STEP][PASSED] - verifyElementPresent(findTestObject("Login Ecommerce/Verifikasi Halaman Login Akun"), 0): Object 'Object Repository/Login Ecommerce/Verifikasi Halaman Login Akun' is present

2023-10-05 13:06:14 - [MESSAGE][WARNING] - Timeout '0' is invalid. Using default page load timeout: '30'

2023-10-05 13:06:15 - [MESSAGE][PASSED] - Object 'Object Repository/Login Ecommerce/Verifikasi Halaman Login Akun' is present

2023-10-05 13:06:15 - [TEST_STEP][PASSED] - click(findTestObject("Login Ecommerce/Login Akun")): Object: 'Object Repository/Login Ecommerce/Login Akun' is clicked on

2023-10-05 13:06:15 - [MESSAGE][PASSED] - Object: 'Object Repository/Login Ecommerce/Login Akun' is clicked on

2023-10-05 13:06:15 - [TEST_STEP][PASSED] - verifyElementPresent(findTestObject("Login Ecommerce/Verifikasi Halaman Login Akun"), 0): Object 'Object Repository/Login Ecommerce/Verifikasi Halaman Login Akun' is present

2023-10-05 13:06:15 - [MESSAGE][WARNING] - Timeout '0' is invalid. Using default page load timeout: '30'

2023-10-05 13:06:16 - [MESSAGE][PASSED] - Object 'Object Repository/Login Ecommerce/Verifikasi Halaman Login Akun' is present

2023-10-05 13:06:16 - [TEST_STEP][PASSED] - setText(findTestObject("Login Ecommerce/Input Username"), "riswandha"): Text 'riswandha' is set on object 'Object Repository/Login Ecommerce/Input Username'

2023-10-05 13:06:17 - [MESSAGE][PASSED] - Text 'riswandha' is set on object 'Object Repository/Login Ecommerce/Input Username'

2023-10-05 13:06:17 - [TEST_STEP][PASSED] - setEncryptedText(findTestObject("Login Ecommerce/Input Password"), "iGDxf8hSRT4="): Text ****** has been set on object 'Object Repository/Login Ecommerce/Input Password'

2023-10-05 13:06:17 - [MESSAGE][PASSED] - Text ****** has been set on object 'Object Repository/Login Ecommerce/Input Password'

2023-10-05 13:06:17 - [TEST_STEP][PASSED] - click(findTestObject("Login Ecommerce/Button Masuk")): Object: 'Object Repository/Login Ecommerce/Button Masuk' is clicked on

2023-10-05 13:06:18 - [MESSAGE][PASSED] - Object: 'Object Repository/Login Ecommerce/Button Masuk' is clicked on

2023-10-05 13:06:18 - [TEST_STEP][PASSED] - verifyElementPresent(findTestObject("Login Ecommerce/Verifikasi Login Akun"), 0): Object 'Object Repository/Login Ecommerce/Verifikasi Login Akun' is present

2023-10-05 13:06:18 - [MESSAGE][WARNING] - Timeout '0' is invalid. Using default page load timeout: '30'

2023-10-05 13:06:19 - [MESSAGE][PASSED] - Object 'Object Repository/Login Ecommerce/Verifikasi Login Akun' is present

2023-10-05 13:06:19 - [MESSAGE][PASSED] - Call Test Case 'Test Cases/Login Ecommerce/TC-Login Ecomerce-001' successfully

2023-10-05 13:06:19 - [TEST_STEP][PASSED] - mouseOver(findTestObject("Product Ecommerce/Button Menu toko")): Object: 'Object Repository/Product Ecommerce/Button Menu toko' is hovered

2023-10-05 13:06:20 - [MESSAGE][PASSED] - Object: 'Object Repository/Product Ecommerce/Button Menu toko' is hovered

2023-10-05 13:06:20 - [TEST_STEP][PASSED] - click(findTestObject("Product Ecommerce/Button Daftar Produk")): Object: 'Object Repository/Product Ecommerce/Button Daftar Produk' is clicked on

2023-10-05 13:06:21 - [MESSAGE][PASSED] - Object: 'Object Repository/Product Ecommerce/Button Daftar Produk' is clicked on

2023-10-05 13:06:21 - [TEST_STEP][PASSED] - verifyElementPresent(findTestObject("Product Ecommerce/Verifikasi Halaman Product Anda"), 0): Object 'Object Repository/Product Ecommerce/Verifikasi Halaman Product Anda' is present

2023-10-05 13:06:21 - [MESSAGE][WARNING] - Timeout '0' is invalid. Using default page load timeout: '30'

2023-10-05 13:06:21 - [MESSAGE][PASSED] - Object 'Object Repository/Product Ecommerce/Verifikasi Halaman Product Anda' is present

2023-10-05 13:06:21 - [MESSAGE][PASSED] - Call Test Case 'Test Cases/Product Ecommerce/TC-PE-001' successfully

2023-10-05 13:06:21 - [TEST_STEP][PASSED] - click(findTestObject("Product Ecommerce/Tambahkan Produk")): Object: 'Object Repository/Product Ecommerce/Tambahkan Produk' is clicked on

2023-10-05 13:06:22 - [MESSAGE][PASSED] - Object: 'Object Repository/Product Ecommerce/Tambahkan Produk' is clicked on

2023-10-05 13:06:22 - [TEST_STEP][PASSED] - verifyElementPresent(findTestObject("Product Ecommerce/Tambahkan Product/Verifikasi Halaman Tambahkan Product"), 0): Object 'Object Repository/Product Ecommerce/Tambahkan Product/Verifikasi Halaman Tambahkan Product' is present

2023-10-05 13:06:22 - [MESSAGE][WARNING] - Timeout '0' is invalid. Using default page load timeout: '30'

2023-10-05 13:06:23 - [MESSAGE][PASSED] - Object 'Object Repository/Product Ecommerce/Tambahkan Product/Verifikasi Halaman Tambahkan Product' is present

2023-10-05 13:06:23 - [TEST_STEP][PASSED] - selectOptionByValue(findTestObject("Product Ecommerce/Tambahkan Product/Pilih Katagori Produk"), "6", false): All options with value '6' are selected in object 'Object Repository/Product Ecommerce/Tambahkan Product/Pilih Katagori Produk' 

2023-10-05 13:06:24 - [MESSAGE][PASSED] - All options with value '6' are selected in object 'Object Repository/Product Ecommerce/Tambahkan Product/Pilih Katagori Produk' 

2023-10-05 13:06:24 - [TEST_STEP][PASSED] - click(findTestObject("Product Ecommerce/Tambahkan Product/Button Tambahkan")): Object: 'Object Repository/Product Ecommerce/Tambahkan Product/Button Tambahkan' is clicked on

2023-10-05 13:06:24 - [MESSAGE][PASSED] - Object: 'Object Repository/Product Ecommerce/Tambahkan Product/Button Tambahkan' is clicked on

2023-10-05 13:06:24 - [TEST_STEP][PASSED] - driver = getWebDriver(): null

2023-10-05 13:06:24 - [TEST_STEP][PASSED] - field_username_element = driver.findElement(By.xpath("(//input[@name="b"])[3]")): null

2023-10-05 13:06:25 - [TEST_STEP][PASSED] - accept_button_message = driver.executeScript("return arguments[0].validationMessage", field_username_element): null

2023-10-05 13:06:25 - [TEST_STEP][PASSED] - println(accept_button_message): null

2023-10-05 13:06:25 - [TEST_STEP][PASSED] - assert accept_button_message == "Please fill out this field.": null]]></system-out>
         <system-err><![CDATA[]]></system-err>
      </testcase>
      <testcase name="Test Cases/Product Ecommerce/TC-PEN-003" time="15.289" classname="Test Cases/Product Ecommerce/TC-PEN-003" status="PASSED">
         <system-out><![CDATA[2023-10-05 13:06:25 - [TEST_CASE][PASSED] - Test Cases/Product Ecommerce/TC-PEN-003: Test Cases/Product Ecommerce/TC-PEN-003

2023-10-05 13:06:25 - [TEST_STEP][PASSED] - callTestCase(findTestCase("Product Ecommerce/TC-PE-001"), [:], STOP_ON_FAILURE): Call Test Case 'Test Cases/Product Ecommerce/TC-PE-001' successfully

2023-10-05 13:06:25 - [TEST_CASE][PASSED] - Test Cases/Product Ecommerce/TC-PE-001: Test Cases/Product Ecommerce/TC-PE-001

2023-10-05 13:06:25 - [TEST_STEP][PASSED] - callTestCase(findTestCase("Login Ecommerce/TC-Login Ecomerce-001"), [:], STOP_ON_FAILURE): Call Test Case 'Test Cases/Login Ecommerce/TC-Login Ecomerce-001' successfully

2023-10-05 13:06:25 - [TEST_CASE][PASSED] - Test Cases/Login Ecommerce/TC-Login Ecomerce-001: Test Cases/Login Ecommerce/TC-Login Ecomerce-001

2023-10-05 13:06:25 - [TEST_STEP][PASSED] - openBrowser(userTajalapak): Browser is opened with url: 'https://10.9.2.63/ecommerce/'

2023-10-05 13:06:25 - [MESSAGE][WARNING] - A browser is already opened. Closing browser and opening a new one

2023-10-05 13:06:26 - [MESSAGE][INFO] - Starting 'Edge Chromium' driver

2023-10-05 13:06:26 - [MESSAGE][INFO] - User set preference: ['acceptInsecureCerts', 'true']

2023-10-05 13:06:28 - [MESSAGE][INFO] - Action delay is set to 0 milliseconds

2023-10-05 13:06:30 - [MESSAGE][PASSED] - Browser is opened with url: 'https://10.9.2.63/ecommerce/'

2023-10-05 13:06:30 - [TEST_STEP][PASSED] - maximizeWindow(): Current window maximized

2023-10-05 13:06:31 - [MESSAGE][PASSED] - Current window maximized

2023-10-05 13:06:31 - [TEST_STEP][PASSED] - verifyElementPresent(findTestObject("Login Ecommerce/Verifikasi Halaman Login Akun"), 0): Object 'Object Repository/Login Ecommerce/Verifikasi Halaman Login Akun' is present

2023-10-05 13:06:31 - [MESSAGE][WARNING] - Timeout '0' is invalid. Using default page load timeout: '30'

2023-10-05 13:06:31 - [MESSAGE][PASSED] - Object 'Object Repository/Login Ecommerce/Verifikasi Halaman Login Akun' is present

2023-10-05 13:06:31 - [TEST_STEP][PASSED] - click(findTestObject("Login Ecommerce/Login Akun")): Object: 'Object Repository/Login Ecommerce/Login Akun' is clicked on

2023-10-05 13:06:32 - [MESSAGE][PASSED] - Object: 'Object Repository/Login Ecommerce/Login Akun' is clicked on

2023-10-05 13:06:32 - [TEST_STEP][PASSED] - verifyElementPresent(findTestObject("Login Ecommerce/Verifikasi Halaman Login Akun"), 0): Object 'Object Repository/Login Ecommerce/Verifikasi Halaman Login Akun' is present

2023-10-05 13:06:32 - [MESSAGE][WARNING] - Timeout '0' is invalid. Using default page load timeout: '30'

2023-10-05 13:06:32 - [MESSAGE][PASSED] - Object 'Object Repository/Login Ecommerce/Verifikasi Halaman Login Akun' is present

2023-10-05 13:06:32 - [TEST_STEP][PASSED] - setText(findTestObject("Login Ecommerce/Input Username"), "riswandha"): Text 'riswandha' is set on object 'Object Repository/Login Ecommerce/Input Username'

2023-10-05 13:06:33 - [MESSAGE][PASSED] - Text 'riswandha' is set on object 'Object Repository/Login Ecommerce/Input Username'

2023-10-05 13:06:33 - [TEST_STEP][PASSED] - setEncryptedText(findTestObject("Login Ecommerce/Input Password"), "iGDxf8hSRT4="): Text ****** has been set on object 'Object Repository/Login Ecommerce/Input Password'

2023-10-05 13:06:34 - [MESSAGE][PASSED] - Text ****** has been set on object 'Object Repository/Login Ecommerce/Input Password'

2023-10-05 13:06:34 - [TEST_STEP][PASSED] - click(findTestObject("Login Ecommerce/Button Masuk")): Object: 'Object Repository/Login Ecommerce/Button Masuk' is clicked on

2023-10-05 13:06:35 - [MESSAGE][PASSED] - Object: 'Object Repository/Login Ecommerce/Button Masuk' is clicked on

2023-10-05 13:06:35 - [TEST_STEP][PASSED] - verifyElementPresent(findTestObject("Login Ecommerce/Verifikasi Login Akun"), 0): Object 'Object Repository/Login Ecommerce/Verifikasi Login Akun' is present

2023-10-05 13:06:35 - [MESSAGE][WARNING] - Timeout '0' is invalid. Using default page load timeout: '30'

2023-10-05 13:06:35 - [MESSAGE][PASSED] - Object 'Object Repository/Login Ecommerce/Verifikasi Login Akun' is present

2023-10-05 13:06:35 - [MESSAGE][PASSED] - Call Test Case 'Test Cases/Login Ecommerce/TC-Login Ecomerce-001' successfully

2023-10-05 13:06:35 - [TEST_STEP][PASSED] - mouseOver(findTestObject("Product Ecommerce/Button Menu toko")): Object: 'Object Repository/Product Ecommerce/Button Menu toko' is hovered

2023-10-05 13:06:36 - [MESSAGE][PASSED] - Object: 'Object Repository/Product Ecommerce/Button Menu toko' is hovered

2023-10-05 13:06:36 - [TEST_STEP][PASSED] - click(findTestObject("Product Ecommerce/Button Daftar Produk")): Object: 'Object Repository/Product Ecommerce/Button Daftar Produk' is clicked on

2023-10-05 13:06:37 - [MESSAGE][PASSED] - Object: 'Object Repository/Product Ecommerce/Button Daftar Produk' is clicked on

2023-10-05 13:06:37 - [TEST_STEP][PASSED] - verifyElementPresent(findTestObject("Product Ecommerce/Verifikasi Halaman Product Anda"), 0): Object 'Object Repository/Product Ecommerce/Verifikasi Halaman Product Anda' is present

2023-10-05 13:06:37 - [MESSAGE][WARNING] - Timeout '0' is invalid. Using default page load timeout: '30'

2023-10-05 13:06:38 - [MESSAGE][PASSED] - Object 'Object Repository/Product Ecommerce/Verifikasi Halaman Product Anda' is present

2023-10-05 13:06:38 - [MESSAGE][PASSED] - Call Test Case 'Test Cases/Product Ecommerce/TC-PE-001' successfully

2023-10-05 13:06:38 - [TEST_STEP][PASSED] - click(findTestObject("Product Ecommerce/Tambahkan Produk")): Object: 'Object Repository/Product Ecommerce/Tambahkan Produk' is clicked on

2023-10-05 13:06:39 - [MESSAGE][PASSED] - Object: 'Object Repository/Product Ecommerce/Tambahkan Produk' is clicked on

2023-10-05 13:06:39 - [TEST_STEP][PASSED] - verifyElementPresent(findTestObject("Product Ecommerce/Tambahkan Product/Verifikasi Halaman Tambahkan Product"), 0): Object 'Object Repository/Product Ecommerce/Tambahkan Product/Verifikasi Halaman Tambahkan Product' is present

2023-10-05 13:06:39 - [MESSAGE][WARNING] - Timeout '0' is invalid. Using default page load timeout: '30'

2023-10-05 13:06:39 - [MESSAGE][PASSED] - Object 'Object Repository/Product Ecommerce/Tambahkan Product/Verifikasi Halaman Tambahkan Product' is present

2023-10-05 13:06:39 - [TEST_STEP][PASSED] - click(findTestObject("Product Ecommerce/Tambahkan Product/Button Tambahkan")): Object: 'Object Repository/Product Ecommerce/Tambahkan Product/Button Tambahkan' is clicked on

2023-10-05 13:06:39 - [MESSAGE][PASSED] - Object: 'Object Repository/Product Ecommerce/Tambahkan Product/Button Tambahkan' is clicked on

2023-10-05 13:06:39 - [TEST_STEP][PASSED] - driver = getWebDriver(): null

2023-10-05 13:06:39 - [TEST_STEP][PASSED] - field_username_element = driver.findElement(By.xpath("//select[@name="a"]")): null

2023-10-05 13:06:40 - [TEST_STEP][PASSED] - accept_button_message = driver.executeScript("return arguments[0].validationMessage", field_username_element): null

2023-10-05 13:06:40 - [TEST_STEP][PASSED] - println(accept_button_message): null

2023-10-05 13:06:40 - [TEST_STEP][PASSED] - assert accept_button_message == "Please select an item in the list.": null]]></system-out>
         <system-err><![CDATA[]]></system-err>
      </testcase>
      <testcase name="Test Cases/Product Ecommerce/TC-PEN-004" time="18.282" classname="Test Cases/Product Ecommerce/TC-PEN-004" status="ERROR">
         <error type="ERROR" message="Test Cases/Product Ecommerce/TC-PEN-004 FAILED.
Reason:
org.openqa.selenium.NoSuchElementException: no such element: Unable to locate element: {&quot;method&quot;:&quot;xpath&quot;,&quot;selector&quot;:&quot;//input[@name=&quot;minimum&quot;]&quot;}
  (Session info: MicrosoftEdge=117.0.2045.47)
For documentation on this error, please visit: https://www.seleniumhq.org/exceptions/no_such_element.html
Build info: version: '3.141.59', revision: 'e82be7d358', time: '2018-11-14T08:25:53'
System info: host: 'RISWANDHA', ip: '10.9.2.26', os.name: 'Windows 10', os.arch: 'amd64', os.version: '10.0', java.version: '1.8.0_362'
Driver info: com.kms.katalon.selenium.driver.CEdgeDriver
Capabilities {acceptInsecureCerts: true, browserName: msedge, browserVersion: 117.0.2045.47, fedcm:accounts: true, javascriptEnabled: true, ms:edgeOptions: {debuggerAddress: localhost:51472}, msedge: {msedgedriverVersion: 117.0.2045.31 (fdd954ad1e8c..., userDataDir: C:\Users\Admin\AppData\Loca...}, networkConnectionEnabled: false, pageLoadStrategy: normal, platform: WINDOWS, platformName: WINDOWS, proxy: Proxy(), setWindowRect: true, strictFileInteractability: false, timeouts: {implicit: 0, pageLoad: 300000, script: 30000}, unhandledPromptBehavior: dismiss and notify, webauthn:extension:credBlob: true, webauthn:extension:largeBlob: true, webauthn:extension:minPinLength: true, webauthn:extension:prf: true, webauthn:virtualAuthenticators: true}
Session ID: 9b89ad7e3fabf524ea5aeade195506de
*** Element info: {Using=xpath, value=//input[@name=&quot;minimum&quot;]}
	at org.openqa.selenium.remote.http.W3CHttpResponseCodec.createException(W3CHttpResponseCodec.java:187)
	at org.openqa.selenium.remote.http.W3CHttpResponseCodec.decode(W3CHttpResponseCodec.java:122)
	at org.openqa.selenium.remote.http.W3CHttpResponseCodec.decode(W3CHttpResponseCodec.java:49)
	at org.openqa.selenium.remote.HttpCommandExecutor.execute(HttpCommandExecutor.java:158)
	at org.openqa.selenium.remote.service.DriverCommandExecutor.execute(DriverCommandExecutor.java:83)
	at org.openqa.selenium.remote.RemoteWebDriver.execute(RemoteWebDriver.java:552)
	at com.kms.katalon.selenium.driver.CEdgeDriver.execute(CEdgeDriver.java:20)
	at org.openqa.selenium.remote.RemoteWebDriver.findElement(RemoteWebDriver.java:323)
	at org.openqa.selenium.remote.RemoteWebDriver.findElementByXPath(RemoteWebDriver.java:428)
	at org.openqa.selenium.By$ByXPath.findElement(By.java:353)
	at org.openqa.selenium.remote.RemoteWebDriver.findElement(RemoteWebDriver.java:315)
	at org.openqa.selenium.support.events.EventFiringWebDriver.lambda$new$1(EventFiringWebDriver.java:105)
	at com.sun.proxy.$Proxy10.findElement(Unknown Source)
	at org.openqa.selenium.support.events.EventFiringWebDriver.findElement(EventFiringWebDriver.java:194)
	at org.openqa.selenium.WebDriver$findElement.call(Unknown Source)
	at TC-PEN-004.run(TC-PEN-004:41)
	at com.kms.katalon.core.main.ScriptEngine.run(ScriptEngine.java:194)
	at com.kms.katalon.core.main.ScriptEngine.runScriptAsRawText(ScriptEngine.java:119)
	at com.kms.katalon.core.main.TestCaseExecutor.runScript(TestCaseExecutor.java:448)
	at com.kms.katalon.core.main.TestCaseExecutor.doExecute(TestCaseExecutor.java:439)
	at com.kms.katalon.core.main.TestCaseExecutor.processExecutionPhase(TestCaseExecutor.java:418)
	at com.kms.katalon.core.main.TestCaseExecutor.accessMainPhase(TestCaseExecutor.java:410)
	at com.kms.katalon.core.main.TestCaseExecutor.execute(TestCaseExecutor.java:285)
	at com.kms.katalon.core.common.CommonExecutor.accessTestCaseMainPhase(CommonExecutor.java:65)
	at com.kms.katalon.core.main.TestSuiteExecutor.accessTestSuiteMainPhase(TestSuiteExecutor.java:148)
	at com.kms.katalon.core.main.TestSuiteExecutor.execute(TestSuiteExecutor.java:106)
	at com.kms.katalon.core.main.TestCaseMain.startTestSuite(TestCaseMain.java:187)
	at com.kms.katalon.core.main.TestCaseMain$startTestSuite$0.call(Unknown Source)
	at TempTestSuite1696485610604.run(TempTestSuite1696485610604.groovy:36)
"/>
         <system-out><![CDATA[2023-10-05 13:06:40 - [TEST_CASE][ERROR] - Test Cases/Product Ecommerce/TC-PEN-004: Test Cases/Product Ecommerce/TC-PEN-004 FAILED.
Reason:
org.openqa.selenium.NoSuchElementException: no such element: Unable to locate element: {"method":"xpath","selector":"//input[@name="minimum"]"}
  (Session info: MicrosoftEdge=117.0.2045.47)
For documentation on this error, please visit: https://www.seleniumhq.org/exceptions/no_such_element.html
Build info: version: '3.141.59', revision: 'e82be7d358', time: '2018-11-14T08:25:53'
System info: host: 'RISWANDHA', ip: '10.9.2.26', os.name: 'Windows 10', os.arch: 'amd64', os.version: '10.0', java.version: '1.8.0_362'
Driver info: com.kms.katalon.selenium.driver.CEdgeDriver
Capabilities {acceptInsecureCerts: true, browserName: msedge, browserVersion: 117.0.2045.47, fedcm:accounts: true, javascriptEnabled: true, ms:edgeOptions: {debuggerAddress: localhost:51472}, msedge: {msedgedriverVersion: 117.0.2045.31 (fdd954ad1e8c..., userDataDir: C:\Users\Admin\AppData\Loca...}, networkConnectionEnabled: false, pageLoadStrategy: normal, platform: WINDOWS, platformName: WINDOWS, proxy: Proxy(), setWindowRect: true, strictFileInteractability: false, timeouts: {implicit: 0, pageLoad: 300000, script: 30000}, unhandledPromptBehavior: dismiss and notify, webauthn:extension:credBlob: true, webauthn:extension:largeBlob: true, webauthn:extension:minPinLength: true, webauthn:extension:prf: true, webauthn:virtualAuthenticators: true}
Session ID: 9b89ad7e3fabf524ea5aeade195506de
*** Element info: {Using=xpath, value=//input[@name="minimum"]}
	at org.openqa.selenium.remote.http.W3CHttpResponseCodec.createException(W3CHttpResponseCodec.java:187)
	at org.openqa.selenium.remote.http.W3CHttpResponseCodec.decode(W3CHttpResponseCodec.java:122)
	at org.openqa.selenium.remote.http.W3CHttpResponseCodec.decode(W3CHttpResponseCodec.java:49)
	at org.openqa.selenium.remote.HttpCommandExecutor.execute(HttpCommandExecutor.java:158)
	at org.openqa.selenium.remote.service.DriverCommandExecutor.execute(DriverCommandExecutor.java:83)
	at org.openqa.selenium.remote.RemoteWebDriver.execute(RemoteWebDriver.java:552)
	at com.kms.katalon.selenium.driver.CEdgeDriver.execute(CEdgeDriver.java:20)
	at org.openqa.selenium.remote.RemoteWebDriver.findElement(RemoteWebDriver.java:323)
	at org.openqa.selenium.remote.RemoteWebDriver.findElementByXPath(RemoteWebDriver.java:428)
	at org.openqa.selenium.By$ByXPath.findElement(By.java:353)
	at org.openqa.selenium.remote.RemoteWebDriver.findElement(RemoteWebDriver.java:315)
	at org.openqa.selenium.support.events.EventFiringWebDriver.lambda$new$1(EventFiringWebDriver.java:105)
	at com.sun.proxy.$Proxy10.findElement(Unknown Source)
	at org.openqa.selenium.support.events.EventFiringWebDriver.findElement(EventFiringWebDriver.java:194)
	at org.openqa.selenium.WebDriver$findElement.call(Unknown Source)
	at TC-PEN-004.run(TC-PEN-004:41)
	at com.kms.katalon.core.main.ScriptEngine.run(ScriptEngine.java:194)
	at com.kms.katalon.core.main.ScriptEngine.runScriptAsRawText(ScriptEngine.java:119)
	at com.kms.katalon.core.main.TestCaseExecutor.runScript(TestCaseExecutor.java:448)
	at com.kms.katalon.core.main.TestCaseExecutor.doExecute(TestCaseExecutor.java:439)
	at com.kms.katalon.core.main.TestCaseExecutor.processExecutionPhase(TestCaseExecutor.java:418)
	at com.kms.katalon.core.main.TestCaseExecutor.accessMainPhase(TestCaseExecutor.java:410)
	at com.kms.katalon.core.main.TestCaseExecutor.execute(TestCaseExecutor.java:285)
	at com.kms.katalon.core.common.CommonExecutor.accessTestCaseMainPhase(CommonExecutor.java:65)
	at com.kms.katalon.core.main.TestSuiteExecutor.accessTestSuiteMainPhase(TestSuiteExecutor.java:148)
	at com.kms.katalon.core.main.TestSuiteExecutor.execute(TestSuiteExecutor.java:106)
	at com.kms.katalon.core.main.TestCaseMain.startTestSuite(TestCaseMain.java:187)
	at com.kms.katalon.core.main.TestCaseMain$startTestSuite$0.call(Unknown Source)
	at TempTestSuite1696485610604.run(TempTestSuite1696485610604.groovy:36)


2023-10-05 13:06:40 - [TEST_STEP][PASSED] - callTestCase(findTestCase("Product Ecommerce/TC-PE-001"), [:], STOP_ON_FAILURE): Call Test Case 'Test Cases/Product Ecommerce/TC-PE-001' successfully

2023-10-05 13:06:40 - [TEST_CASE][PASSED] - Test Cases/Product Ecommerce/TC-PE-001: Test Cases/Product Ecommerce/TC-PE-001

2023-10-05 13:06:40 - [TEST_STEP][PASSED] - callTestCase(findTestCase("Login Ecommerce/TC-Login Ecomerce-001"), [:], STOP_ON_FAILURE): Call Test Case 'Test Cases/Login Ecommerce/TC-Login Ecomerce-001' successfully

2023-10-05 13:06:40 - [TEST_CASE][PASSED] - Test Cases/Login Ecommerce/TC-Login Ecomerce-001: Test Cases/Login Ecommerce/TC-Login Ecomerce-001

2023-10-05 13:06:40 - [TEST_STEP][PASSED] - openBrowser(userTajalapak): Browser is opened with url: 'https://10.9.2.63/ecommerce/'

2023-10-05 13:06:40 - [MESSAGE][WARNING] - A browser is already opened. Closing browser and opening a new one

2023-10-05 13:06:41 - [MESSAGE][INFO] - Starting 'Edge Chromium' driver

2023-10-05 13:06:41 - [MESSAGE][INFO] - User set preference: ['acceptInsecureCerts', 'true']

2023-10-05 13:06:43 - [MESSAGE][INFO] - Action delay is set to 0 milliseconds

2023-10-05 13:06:47 - [MESSAGE][PASSED] - Browser is opened with url: 'https://10.9.2.63/ecommerce/'

2023-10-05 13:06:47 - [TEST_STEP][PASSED] - maximizeWindow(): Current window maximized

2023-10-05 13:06:47 - [MESSAGE][PASSED] - Current window maximized

2023-10-05 13:06:47 - [TEST_STEP][PASSED] - verifyElementPresent(findTestObject("Login Ecommerce/Verifikasi Halaman Login Akun"), 0): Object 'Object Repository/Login Ecommerce/Verifikasi Halaman Login Akun' is present

2023-10-05 13:06:47 - [MESSAGE][WARNING] - Timeout '0' is invalid. Using default page load timeout: '30'

2023-10-05 13:06:48 - [MESSAGE][PASSED] - Object 'Object Repository/Login Ecommerce/Verifikasi Halaman Login Akun' is present

2023-10-05 13:06:48 - [TEST_STEP][PASSED] - click(findTestObject("Login Ecommerce/Login Akun")): Object: 'Object Repository/Login Ecommerce/Login Akun' is clicked on

2023-10-05 13:06:48 - [MESSAGE][PASSED] - Object: 'Object Repository/Login Ecommerce/Login Akun' is clicked on

2023-10-05 13:06:48 - [TEST_STEP][PASSED] - verifyElementPresent(findTestObject("Login Ecommerce/Verifikasi Halaman Login Akun"), 0): Object 'Object Repository/Login Ecommerce/Verifikasi Halaman Login Akun' is present

2023-10-05 13:06:48 - [MESSAGE][WARNING] - Timeout '0' is invalid. Using default page load timeout: '30'

2023-10-05 13:06:49 - [MESSAGE][PASSED] - Object 'Object Repository/Login Ecommerce/Verifikasi Halaman Login Akun' is present

2023-10-05 13:06:49 - [TEST_STEP][PASSED] - setText(findTestObject("Login Ecommerce/Input Username"), "riswandha"): Text 'riswandha' is set on object 'Object Repository/Login Ecommerce/Input Username'

2023-10-05 13:06:49 - [MESSAGE][PASSED] - Text 'riswandha' is set on object 'Object Repository/Login Ecommerce/Input Username'

2023-10-05 13:06:49 - [TEST_STEP][PASSED] - setEncryptedText(findTestObject("Login Ecommerce/Input Password"), "iGDxf8hSRT4="): Text ****** has been set on object 'Object Repository/Login Ecommerce/Input Password'

2023-10-05 13:06:50 - [MESSAGE][PASSED] - Text ****** has been set on object 'Object Repository/Login Ecommerce/Input Password'

2023-10-05 13:06:50 - [TEST_STEP][PASSED] - click(findTestObject("Login Ecommerce/Button Masuk")): Object: 'Object Repository/Login Ecommerce/Button Masuk' is clicked on

2023-10-05 13:06:51 - [MESSAGE][PASSED] - Object: 'Object Repository/Login Ecommerce/Button Masuk' is clicked on

2023-10-05 13:06:51 - [TEST_STEP][PASSED] - verifyElementPresent(findTestObject("Login Ecommerce/Verifikasi Login Akun"), 0): Object 'Object Repository/Login Ecommerce/Verifikasi Login Akun' is present

2023-10-05 13:06:51 - [MESSAGE][WARNING] - Timeout '0' is invalid. Using default page load timeout: '30'

2023-10-05 13:06:52 - [MESSAGE][PASSED] - Object 'Object Repository/Login Ecommerce/Verifikasi Login Akun' is present

2023-10-05 13:06:52 - [MESSAGE][PASSED] - Call Test Case 'Test Cases/Login Ecommerce/TC-Login Ecomerce-001' successfully

2023-10-05 13:06:52 - [TEST_STEP][PASSED] - mouseOver(findTestObject("Product Ecommerce/Button Menu toko")): Object: 'Object Repository/Product Ecommerce/Button Menu toko' is hovered

2023-10-05 13:06:52 - [MESSAGE][PASSED] - Object: 'Object Repository/Product Ecommerce/Button Menu toko' is hovered

2023-10-05 13:06:52 - [TEST_STEP][PASSED] - click(findTestObject("Product Ecommerce/Button Daftar Produk")): Object: 'Object Repository/Product Ecommerce/Button Daftar Produk' is clicked on

2023-10-05 13:06:53 - [MESSAGE][PASSED] - Object: 'Object Repository/Product Ecommerce/Button Daftar Produk' is clicked on

2023-10-05 13:06:53 - [TEST_STEP][PASSED] - verifyElementPresent(findTestObject("Product Ecommerce/Verifikasi Halaman Product Anda"), 0): Object 'Object Repository/Product Ecommerce/Verifikasi Halaman Product Anda' is present

2023-10-05 13:06:53 - [MESSAGE][WARNING] - Timeout '0' is invalid. Using default page load timeout: '30'

2023-10-05 13:06:54 - [MESSAGE][PASSED] - Object 'Object Repository/Product Ecommerce/Verifikasi Halaman Product Anda' is present

2023-10-05 13:06:54 - [MESSAGE][PASSED] - Call Test Case 'Test Cases/Product Ecommerce/TC-PE-001' successfully

2023-10-05 13:06:54 - [TEST_STEP][PASSED] - mouseOver(findTestObject("Product Ecommerce/Image Gambar produk 1")): Object: 'Object Repository/Product Ecommerce/Image Gambar produk 1' is hovered

2023-10-05 13:06:55 - [MESSAGE][PASSED] - Object: 'Object Repository/Product Ecommerce/Image Gambar produk 1' is hovered

2023-10-05 13:06:55 - [TEST_STEP][PASSED] - click(findTestObject("Product Ecommerce/Tambahkan Product/Edit Data")): Object: 'Object Repository/Product Ecommerce/Tambahkan Product/Edit Data' is clicked on

2023-10-05 13:06:55 - [MESSAGE][PASSED] - Object: 'Object Repository/Product Ecommerce/Tambahkan Product/Edit Data' is clicked on

2023-10-05 13:06:55 - [TEST_STEP][PASSED] - setText(findTestObject("Product Ecommerce/Tambahkan Product/Input Stok Awal"), "0"): Text '0' is set on object 'Object Repository/Product Ecommerce/Tambahkan Product/Input Stok Awal'

2023-10-05 13:06:57 - [MESSAGE][PASSED] - Text '0' is set on object 'Object Repository/Product Ecommerce/Tambahkan Product/Input Stok Awal'

2023-10-05 13:06:57 - [TEST_STEP][PASSED] - click(findTestObject("Product Ecommerce/Tambahkan Product/Button Update Data")): Object: 'Object Repository/Product Ecommerce/Tambahkan Product/Button Update Data' is clicked on

2023-10-05 13:06:58 - [MESSAGE][PASSED] - Object: 'Object Repository/Product Ecommerce/Tambahkan Product/Button Update Data' is clicked on

2023-10-05 13:06:58 - [TEST_STEP][PASSED] - driver = getWebDriver(): null

2023-10-05 13:06:58 - [TEST_STEP][ERROR] - field_username_element = driver.findElement(By.xpath("//input[@name="minimum"]")): Test Cases/Product Ecommerce/TC-PEN-004 FAILED.
Reason:
org.openqa.selenium.NoSuchElementException: no such element: Unable to locate element: {"method":"xpath","selector":"//input[@name="minimum"]"}
  (Session info: MicrosoftEdge=117.0.2045.47)
For documentation on this error, please visit: https://www.seleniumhq.org/exceptions/no_such_element.html
Build info: version: '3.141.59', revision: 'e82be7d358', time: '2018-11-14T08:25:53'
System info: host: 'RISWANDHA', ip: '10.9.2.26', os.name: 'Windows 10', os.arch: 'amd64', os.version: '10.0', java.version: '1.8.0_362'
Driver info: com.kms.katalon.selenium.driver.CEdgeDriver
Capabilities {acceptInsecureCerts: true, browserName: msedge, browserVersion: 117.0.2045.47, fedcm:accounts: true, javascriptEnabled: true, ms:edgeOptions: {debuggerAddress: localhost:51472}, msedge: {msedgedriverVersion: 117.0.2045.31 (fdd954ad1e8c..., userDataDir: C:\Users\Admin\AppData\Loca...}, networkConnectionEnabled: false, pageLoadStrategy: normal, platform: WINDOWS, platformName: WINDOWS, proxy: Proxy(), setWindowRect: true, strictFileInteractability: false, timeouts: {implicit: 0, pageLoad: 300000, script: 30000}, unhandledPromptBehavior: dismiss and notify, webauthn:extension:credBlob: true, webauthn:extension:largeBlob: true, webauthn:extension:minPinLength: true, webauthn:extension:prf: true, webauthn:virtualAuthenticators: true}
Session ID: 9b89ad7e3fabf524ea5aeade195506de
*** Element info: {Using=xpath, value=//input[@name="minimum"]}
	at org.openqa.selenium.remote.http.W3CHttpResponseCodec.createException(W3CHttpResponseCodec.java:187)
	at org.openqa.selenium.remote.http.W3CHttpResponseCodec.decode(W3CHttpResponseCodec.java:122)
	at org.openqa.selenium.remote.http.W3CHttpResponseCodec.decode(W3CHttpResponseCodec.java:49)
	at org.openqa.selenium.remote.HttpCommandExecutor.execute(HttpCommandExecutor.java:158)
	at org.openqa.selenium.remote.service.DriverCommandExecutor.execute(DriverCommandExecutor.java:83)
	at org.openqa.selenium.remote.RemoteWebDriver.execute(RemoteWebDriver.java:552)
	at com.kms.katalon.selenium.driver.CEdgeDriver.execute(CEdgeDriver.java:20)
	at org.openqa.selenium.remote.RemoteWebDriver.findElement(RemoteWebDriver.java:323)
	at org.openqa.selenium.remote.RemoteWebDriver.findElementByXPath(RemoteWebDriver.java:428)
	at org.openqa.selenium.By$ByXPath.findElement(By.java:353)
	at org.openqa.selenium.remote.RemoteWebDriver.findElement(RemoteWebDriver.java:315)
	at org.openqa.selenium.support.events.EventFiringWebDriver.lambda$new$1(EventFiringWebDriver.java:105)
	at com.sun.proxy.$Proxy10.findElement(Unknown Source)
	at org.openqa.selenium.support.events.EventFiringWebDriver.findElement(EventFiringWebDriver.java:194)
	at org.openqa.selenium.WebDriver$findElement.call(Unknown Source)
	at TC-PEN-004.run(TC-PEN-004:41)
	at com.kms.katalon.core.main.ScriptEngine.run(ScriptEngine.java:194)
	at com.kms.katalon.core.main.ScriptEngine.runScriptAsRawText(ScriptEngine.java:119)
	at com.kms.katalon.core.main.TestCaseExecutor.runScript(TestCaseExecutor.java:448)
	at com.kms.katalon.core.main.TestCaseExecutor.doExecute(TestCaseExecutor.java:439)
	at com.kms.katalon.core.main.TestCaseExecutor.processExecutionPhase(TestCaseExecutor.java:418)
	at com.kms.katalon.core.main.TestCaseExecutor.accessMainPhase(TestCaseExecutor.java:410)
	at com.kms.katalon.core.main.TestCaseExecutor.execute(TestCaseExecutor.java:285)
	at com.kms.katalon.core.common.CommonExecutor.accessTestCaseMainPhase(CommonExecutor.java:65)
	at com.kms.katalon.core.main.TestSuiteExecutor.accessTestSuiteMainPhase(TestSuiteExecutor.java:148)
	at com.kms.katalon.core.main.TestSuiteExecutor.execute(TestSuiteExecutor.java:106)
	at com.kms.katalon.core.main.TestCaseMain.startTestSuite(TestCaseMain.java:187)
	at com.kms.katalon.core.main.TestCaseMain$startTestSuite$0.call(Unknown Source)
	at TempTestSuite1696485610604.run(TempTestSuite1696485610604.groovy:36)


2023-10-05 13:06:58 - [MESSAGE][ERROR] - Test Cases/Product Ecommerce/TC-PEN-004 FAILED.
Reason:
org.openqa.selenium.NoSuchElementException: no such element: Unable to locate element: {"method":"xpath","selector":"//input[@name="minimum"]"}
  (Session info: MicrosoftEdge=117.0.2045.47)
For documentation on this error, please visit: https://www.seleniumhq.org/exceptions/no_such_element.html
Build info: version: '3.141.59', revision: 'e82be7d358', time: '2018-11-14T08:25:53'
System info: host: 'RISWANDHA', ip: '10.9.2.26', os.name: 'Windows 10', os.arch: 'amd64', os.version: '10.0', java.version: '1.8.0_362'
Driver info: com.kms.katalon.selenium.driver.CEdgeDriver
Capabilities {acceptInsecureCerts: true, browserName: msedge, browserVersion: 117.0.2045.47, fedcm:accounts: true, javascriptEnabled: true, ms:edgeOptions: {debuggerAddress: localhost:51472}, msedge: {msedgedriverVersion: 117.0.2045.31 (fdd954ad1e8c..., userDataDir: C:\Users\Admin\AppData\Loca...}, networkConnectionEnabled: false, pageLoadStrategy: normal, platform: WINDOWS, platformName: WINDOWS, proxy: Proxy(), setWindowRect: true, strictFileInteractability: false, timeouts: {implicit: 0, pageLoad: 300000, script: 30000}, unhandledPromptBehavior: dismiss and notify, webauthn:extension:credBlob: true, webauthn:extension:largeBlob: true, webauthn:extension:minPinLength: true, webauthn:extension:prf: true, webauthn:virtualAuthenticators: true}
Session ID: 9b89ad7e3fabf524ea5aeade195506de
*** Element info: {Using=xpath, value=//input[@name="minimum"]}
	at org.openqa.selenium.remote.http.W3CHttpResponseCodec.createException(W3CHttpResponseCodec.java:187)
	at org.openqa.selenium.remote.http.W3CHttpResponseCodec.decode(W3CHttpResponseCodec.java:122)
	at org.openqa.selenium.remote.http.W3CHttpResponseCodec.decode(W3CHttpResponseCodec.java:49)
	at org.openqa.selenium.remote.HttpCommandExecutor.execute(HttpCommandExecutor.java:158)
	at org.openqa.selenium.remote.service.DriverCommandExecutor.execute(DriverCommandExecutor.java:83)
	at org.openqa.selenium.remote.RemoteWebDriver.execute(RemoteWebDriver.java:552)
	at com.kms.katalon.selenium.driver.CEdgeDriver.execute(CEdgeDriver.java:20)
	at org.openqa.selenium.remote.RemoteWebDriver.findElement(RemoteWebDriver.java:323)
	at org.openqa.selenium.remote.RemoteWebDriver.findElementByXPath(RemoteWebDriver.java:428)
	at org.openqa.selenium.By$ByXPath.findElement(By.java:353)
	at org.openqa.selenium.remote.RemoteWebDriver.findElement(RemoteWebDriver.java:315)
	at org.openqa.selenium.support.events.EventFiringWebDriver.lambda$new$1(EventFiringWebDriver.java:105)
	at com.sun.proxy.$Proxy10.findElement(Unknown Source)
	at org.openqa.selenium.support.events.EventFiringWebDriver.findElement(EventFiringWebDriver.java:194)
	at org.openqa.selenium.WebDriver$findElement.call(Unknown Source)
	at TC-PEN-004.run(TC-PEN-004:41)
	at com.kms.katalon.core.main.ScriptEngine.run(ScriptEngine.java:194)
	at com.kms.katalon.core.main.ScriptEngine.runScriptAsRawText(ScriptEngine.java:119)
	at com.kms.katalon.core.main.TestCaseExecutor.runScript(TestCaseExecutor.java:448)
	at com.kms.katalon.core.main.TestCaseExecutor.doExecute(TestCaseExecutor.java:439)
	at com.kms.katalon.core.main.TestCaseExecutor.processExecutionPhase(TestCaseExecutor.java:418)
	at com.kms.katalon.core.main.TestCaseExecutor.accessMainPhase(TestCaseExecutor.java:410)
	at com.kms.katalon.core.main.TestCaseExecutor.execute(TestCaseExecutor.java:285)
	at com.kms.katalon.core.common.CommonExecutor.accessTestCaseMainPhase(CommonExecutor.java:65)
	at com.kms.katalon.core.main.TestSuiteExecutor.accessTestSuiteMainPhase(TestSuiteExecutor.java:148)
	at com.kms.katalon.core.main.TestSuiteExecutor.execute(TestSuiteExecutor.java:106)
	at com.kms.katalon.core.main.TestCaseMain.startTestSuite(TestCaseMain.java:187)
	at com.kms.katalon.core.main.TestCaseMain$startTestSuite$0.call(Unknown Source)
	at TempTestSuite1696485610604.run(TempTestSuite1696485610604.groovy:36)]]></system-out>
         <system-err><![CDATA[2023-10-05 13:06:40 - [TEST_CASE][ERROR] - Test Cases/Product Ecommerce/TC-PEN-004: Test Cases/Product Ecommerce/TC-PEN-004 FAILED.
Reason:
org.openqa.selenium.NoSuchElementException: no such element: Unable to locate element: {"method":"xpath","selector":"//input[@name="minimum"]"}
  (Session info: MicrosoftEdge=117.0.2045.47)
For documentation on this error, please visit: https://www.seleniumhq.org/exceptions/no_such_element.html
Build info: version: '3.141.59', revision: 'e82be7d358', time: '2018-11-14T08:25:53'
System info: host: 'RISWANDHA', ip: '10.9.2.26', os.name: 'Windows 10', os.arch: 'amd64', os.version: '10.0', java.version: '1.8.0_362'
Driver info: com.kms.katalon.selenium.driver.CEdgeDriver
Capabilities {acceptInsecureCerts: true, browserName: msedge, browserVersion: 117.0.2045.47, fedcm:accounts: true, javascriptEnabled: true, ms:edgeOptions: {debuggerAddress: localhost:51472}, msedge: {msedgedriverVersion: 117.0.2045.31 (fdd954ad1e8c..., userDataDir: C:\Users\Admin\AppData\Loca...}, networkConnectionEnabled: false, pageLoadStrategy: normal, platform: WINDOWS, platformName: WINDOWS, proxy: Proxy(), setWindowRect: true, strictFileInteractability: false, timeouts: {implicit: 0, pageLoad: 300000, script: 30000}, unhandledPromptBehavior: dismiss and notify, webauthn:extension:credBlob: true, webauthn:extension:largeBlob: true, webauthn:extension:minPinLength: true, webauthn:extension:prf: true, webauthn:virtualAuthenticators: true}
Session ID: 9b89ad7e3fabf524ea5aeade195506de
*** Element info: {Using=xpath, value=//input[@name="minimum"]}
	at org.openqa.selenium.remote.http.W3CHttpResponseCodec.createException(W3CHttpResponseCodec.java:187)
	at org.openqa.selenium.remote.http.W3CHttpResponseCodec.decode(W3CHttpResponseCodec.java:122)
	at org.openqa.selenium.remote.http.W3CHttpResponseCodec.decode(W3CHttpResponseCodec.java:49)
	at org.openqa.selenium.remote.HttpCommandExecutor.execute(HttpCommandExecutor.java:158)
	at org.openqa.selenium.remote.service.DriverCommandExecutor.execute(DriverCommandExecutor.java:83)
	at org.openqa.selenium.remote.RemoteWebDriver.execute(RemoteWebDriver.java:552)
	at com.kms.katalon.selenium.driver.CEdgeDriver.execute(CEdgeDriver.java:20)
	at org.openqa.selenium.remote.RemoteWebDriver.findElement(RemoteWebDriver.java:323)
	at org.openqa.selenium.remote.RemoteWebDriver.findElementByXPath(RemoteWebDriver.java:428)
	at org.openqa.selenium.By$ByXPath.findElement(By.java:353)
	at org.openqa.selenium.remote.RemoteWebDriver.findElement(RemoteWebDriver.java:315)
	at org.openqa.selenium.support.events.EventFiringWebDriver.lambda$new$1(EventFiringWebDriver.java:105)
	at com.sun.proxy.$Proxy10.findElement(Unknown Source)
	at org.openqa.selenium.support.events.EventFiringWebDriver.findElement(EventFiringWebDriver.java:194)
	at org.openqa.selenium.WebDriver$findElement.call(Unknown Source)
	at TC-PEN-004.run(TC-PEN-004:41)
	at com.kms.katalon.core.main.ScriptEngine.run(ScriptEngine.java:194)
	at com.kms.katalon.core.main.ScriptEngine.runScriptAsRawText(ScriptEngine.java:119)
	at com.kms.katalon.core.main.TestCaseExecutor.runScript(TestCaseExecutor.java:448)
	at com.kms.katalon.core.main.TestCaseExecutor.doExecute(TestCaseExecutor.java:439)
	at com.kms.katalon.core.main.TestCaseExecutor.processExecutionPhase(TestCaseExecutor.java:418)
	at com.kms.katalon.core.main.TestCaseExecutor.accessMainPhase(TestCaseExecutor.java:410)
	at com.kms.katalon.core.main.TestCaseExecutor.execute(TestCaseExecutor.java:285)
	at com.kms.katalon.core.common.CommonExecutor.accessTestCaseMainPhase(CommonExecutor.java:65)
	at com.kms.katalon.core.main.TestSuiteExecutor.accessTestSuiteMainPhase(TestSuiteExecutor.java:148)
	at com.kms.katalon.core.main.TestSuiteExecutor.execute(TestSuiteExecutor.java:106)
	at com.kms.katalon.core.main.TestCaseMain.startTestSuite(TestCaseMain.java:187)
	at com.kms.katalon.core.main.TestCaseMain$startTestSuite$0.call(Unknown Source)
	at TempTestSuite1696485610604.run(TempTestSuite1696485610604.groovy:36)]]></system-err>
      </testcase>
      <testcase name="Test Cases/Product Ecommerce/TC-PEN-005" time="19.11" classname="Test Cases/Product Ecommerce/TC-PEN-005" status="ERROR">
         <error type="ERROR" message="Test Cases/Product Ecommerce/TC-PEN-005 FAILED.
Reason:
org.openqa.selenium.NoSuchElementException: no such element: Unable to locate element: {&quot;method&quot;:&quot;xpath&quot;,&quot;selector&quot;:&quot;//input[@name=&quot;minimum&quot;]&quot;}
  (Session info: MicrosoftEdge=117.0.2045.47)
For documentation on this error, please visit: https://www.seleniumhq.org/exceptions/no_such_element.html
Build info: version: '3.141.59', revision: 'e82be7d358', time: '2018-11-14T08:25:53'
System info: host: 'RISWANDHA', ip: '10.9.2.26', os.name: 'Windows 10', os.arch: 'amd64', os.version: '10.0', java.version: '1.8.0_362'
Driver info: com.kms.katalon.selenium.driver.CEdgeDriver
Capabilities {acceptInsecureCerts: true, browserName: msedge, browserVersion: 117.0.2045.47, fedcm:accounts: true, javascriptEnabled: true, ms:edgeOptions: {debuggerAddress: localhost:51536}, msedge: {msedgedriverVersion: 117.0.2045.31 (fdd954ad1e8c..., userDataDir: C:\Users\Admin\AppData\Loca...}, networkConnectionEnabled: false, pageLoadStrategy: normal, platform: WINDOWS, platformName: WINDOWS, proxy: Proxy(), setWindowRect: true, strictFileInteractability: false, timeouts: {implicit: 0, pageLoad: 300000, script: 30000}, unhandledPromptBehavior: dismiss and notify, webauthn:extension:credBlob: true, webauthn:extension:largeBlob: true, webauthn:extension:minPinLength: true, webauthn:extension:prf: true, webauthn:virtualAuthenticators: true}
Session ID: e081f0f96b0a31b5cb18695f28514e4d
*** Element info: {Using=xpath, value=//input[@name=&quot;minimum&quot;]}
	at org.openqa.selenium.remote.http.W3CHttpResponseCodec.createException(W3CHttpResponseCodec.java:187)
	at org.openqa.selenium.remote.http.W3CHttpResponseCodec.decode(W3CHttpResponseCodec.java:122)
	at org.openqa.selenium.remote.http.W3CHttpResponseCodec.decode(W3CHttpResponseCodec.java:49)
	at org.openqa.selenium.remote.HttpCommandExecutor.execute(HttpCommandExecutor.java:158)
	at org.openqa.selenium.remote.service.DriverCommandExecutor.execute(DriverCommandExecutor.java:83)
	at org.openqa.selenium.remote.RemoteWebDriver.execute(RemoteWebDriver.java:552)
	at com.kms.katalon.selenium.driver.CEdgeDriver.execute(CEdgeDriver.java:20)
	at org.openqa.selenium.remote.RemoteWebDriver.findElement(RemoteWebDriver.java:323)
	at org.openqa.selenium.remote.RemoteWebDriver.findElementByXPath(RemoteWebDriver.java:428)
	at org.openqa.selenium.By$ByXPath.findElement(By.java:353)
	at org.openqa.selenium.remote.RemoteWebDriver.findElement(RemoteWebDriver.java:315)
	at org.openqa.selenium.support.events.EventFiringWebDriver.lambda$new$1(EventFiringWebDriver.java:105)
	at com.sun.proxy.$Proxy10.findElement(Unknown Source)
	at org.openqa.selenium.support.events.EventFiringWebDriver.findElement(EventFiringWebDriver.java:194)
	at org.openqa.selenium.WebDriver$findElement.call(Unknown Source)
	at TC-PEN-005.run(TC-PEN-005:41)
	at com.kms.katalon.core.main.ScriptEngine.run(ScriptEngine.java:194)
	at com.kms.katalon.core.main.ScriptEngine.runScriptAsRawText(ScriptEngine.java:119)
	at com.kms.katalon.core.main.TestCaseExecutor.runScript(TestCaseExecutor.java:448)
	at com.kms.katalon.core.main.TestCaseExecutor.doExecute(TestCaseExecutor.java:439)
	at com.kms.katalon.core.main.TestCaseExecutor.processExecutionPhase(TestCaseExecutor.java:418)
	at com.kms.katalon.core.main.TestCaseExecutor.accessMainPhase(TestCaseExecutor.java:410)
	at com.kms.katalon.core.main.TestCaseExecutor.execute(TestCaseExecutor.java:285)
	at com.kms.katalon.core.common.CommonExecutor.accessTestCaseMainPhase(CommonExecutor.java:65)
	at com.kms.katalon.core.main.TestSuiteExecutor.accessTestSuiteMainPhase(TestSuiteExecutor.java:148)
	at com.kms.katalon.core.main.TestSuiteExecutor.execute(TestSuiteExecutor.java:106)
	at com.kms.katalon.core.main.TestCaseMain.startTestSuite(TestCaseMain.java:187)
	at com.kms.katalon.core.main.TestCaseMain$startTestSuite$0.call(Unknown Source)
	at TempTestSuite1696485610604.run(TempTestSuite1696485610604.groovy:36)
"/>
         <system-out><![CDATA[2023-10-05 13:06:58 - [TEST_CASE][ERROR] - Test Cases/Product Ecommerce/TC-PEN-005: Test Cases/Product Ecommerce/TC-PEN-005 FAILED.
Reason:
org.openqa.selenium.NoSuchElementException: no such element: Unable to locate element: {"method":"xpath","selector":"//input[@name="minimum"]"}
  (Session info: MicrosoftEdge=117.0.2045.47)
For documentation on this error, please visit: https://www.seleniumhq.org/exceptions/no_such_element.html
Build info: version: '3.141.59', revision: 'e82be7d358', time: '2018-11-14T08:25:53'
System info: host: 'RISWANDHA', ip: '10.9.2.26', os.name: 'Windows 10', os.arch: 'amd64', os.version: '10.0', java.version: '1.8.0_362'
Driver info: com.kms.katalon.selenium.driver.CEdgeDriver
Capabilities {acceptInsecureCerts: true, browserName: msedge, browserVersion: 117.0.2045.47, fedcm:accounts: true, javascriptEnabled: true, ms:edgeOptions: {debuggerAddress: localhost:51536}, msedge: {msedgedriverVersion: 117.0.2045.31 (fdd954ad1e8c..., userDataDir: C:\Users\Admin\AppData\Loca...}, networkConnectionEnabled: false, pageLoadStrategy: normal, platform: WINDOWS, platformName: WINDOWS, proxy: Proxy(), setWindowRect: true, strictFileInteractability: false, timeouts: {implicit: 0, pageLoad: 300000, script: 30000}, unhandledPromptBehavior: dismiss and notify, webauthn:extension:credBlob: true, webauthn:extension:largeBlob: true, webauthn:extension:minPinLength: true, webauthn:extension:prf: true, webauthn:virtualAuthenticators: true}
Session ID: e081f0f96b0a31b5cb18695f28514e4d
*** Element info: {Using=xpath, value=//input[@name="minimum"]}
	at org.openqa.selenium.remote.http.W3CHttpResponseCodec.createException(W3CHttpResponseCodec.java:187)
	at org.openqa.selenium.remote.http.W3CHttpResponseCodec.decode(W3CHttpResponseCodec.java:122)
	at org.openqa.selenium.remote.http.W3CHttpResponseCodec.decode(W3CHttpResponseCodec.java:49)
	at org.openqa.selenium.remote.HttpCommandExecutor.execute(HttpCommandExecutor.java:158)
	at org.openqa.selenium.remote.service.DriverCommandExecutor.execute(DriverCommandExecutor.java:83)
	at org.openqa.selenium.remote.RemoteWebDriver.execute(RemoteWebDriver.java:552)
	at com.kms.katalon.selenium.driver.CEdgeDriver.execute(CEdgeDriver.java:20)
	at org.openqa.selenium.remote.RemoteWebDriver.findElement(RemoteWebDriver.java:323)
	at org.openqa.selenium.remote.RemoteWebDriver.findElementByXPath(RemoteWebDriver.java:428)
	at org.openqa.selenium.By$ByXPath.findElement(By.java:353)
	at org.openqa.selenium.remote.RemoteWebDriver.findElement(RemoteWebDriver.java:315)
	at org.openqa.selenium.support.events.EventFiringWebDriver.lambda$new$1(EventFiringWebDriver.java:105)
	at com.sun.proxy.$Proxy10.findElement(Unknown Source)
	at org.openqa.selenium.support.events.EventFiringWebDriver.findElement(EventFiringWebDriver.java:194)
	at org.openqa.selenium.WebDriver$findElement.call(Unknown Source)
	at TC-PEN-005.run(TC-PEN-005:41)
	at com.kms.katalon.core.main.ScriptEngine.run(ScriptEngine.java:194)
	at com.kms.katalon.core.main.ScriptEngine.runScriptAsRawText(ScriptEngine.java:119)
	at com.kms.katalon.core.main.TestCaseExecutor.runScript(TestCaseExecutor.java:448)
	at com.kms.katalon.core.main.TestCaseExecutor.doExecute(TestCaseExecutor.java:439)
	at com.kms.katalon.core.main.TestCaseExecutor.processExecutionPhase(TestCaseExecutor.java:418)
	at com.kms.katalon.core.main.TestCaseExecutor.accessMainPhase(TestCaseExecutor.java:410)
	at com.kms.katalon.core.main.TestCaseExecutor.execute(TestCaseExecutor.java:285)
	at com.kms.katalon.core.common.CommonExecutor.accessTestCaseMainPhase(CommonExecutor.java:65)
	at com.kms.katalon.core.main.TestSuiteExecutor.accessTestSuiteMainPhase(TestSuiteExecutor.java:148)
	at com.kms.katalon.core.main.TestSuiteExecutor.execute(TestSuiteExecutor.java:106)
	at com.kms.katalon.core.main.TestCaseMain.startTestSuite(TestCaseMain.java:187)
	at com.kms.katalon.core.main.TestCaseMain$startTestSuite$0.call(Unknown Source)
	at TempTestSuite1696485610604.run(TempTestSuite1696485610604.groovy:36)


2023-10-05 13:06:59 - [TEST_STEP][PASSED] - callTestCase(findTestCase("Product Ecommerce/TC-PE-001"), [:], STOP_ON_FAILURE): Call Test Case 'Test Cases/Product Ecommerce/TC-PE-001' successfully

2023-10-05 13:06:59 - [TEST_CASE][PASSED] - Test Cases/Product Ecommerce/TC-PE-001: Test Cases/Product Ecommerce/TC-PE-001

2023-10-05 13:06:59 - [TEST_STEP][PASSED] - callTestCase(findTestCase("Login Ecommerce/TC-Login Ecomerce-001"), [:], STOP_ON_FAILURE): Call Test Case 'Test Cases/Login Ecommerce/TC-Login Ecomerce-001' successfully

2023-10-05 13:06:59 - [TEST_CASE][PASSED] - Test Cases/Login Ecommerce/TC-Login Ecomerce-001: Test Cases/Login Ecommerce/TC-Login Ecomerce-001

2023-10-05 13:06:59 - [TEST_STEP][PASSED] - openBrowser(userTajalapak): Browser is opened with url: 'https://10.9.2.63/ecommerce/'

2023-10-05 13:06:59 - [MESSAGE][WARNING] - A browser is already opened. Closing browser and opening a new one

2023-10-05 13:06:59 - [MESSAGE][INFO] - Starting 'Edge Chromium' driver

2023-10-05 13:06:59 - [MESSAGE][INFO] - User set preference: ['acceptInsecureCerts', 'true']

2023-10-05 13:07:02 - [MESSAGE][INFO] - Action delay is set to 0 milliseconds

2023-10-05 13:07:06 - [MESSAGE][PASSED] - Browser is opened with url: 'https://10.9.2.63/ecommerce/'

2023-10-05 13:07:06 - [TEST_STEP][PASSED] - maximizeWindow(): Current window maximized

2023-10-05 13:07:06 - [MESSAGE][PASSED] - Current window maximized

2023-10-05 13:07:06 - [TEST_STEP][PASSED] - verifyElementPresent(findTestObject("Login Ecommerce/Verifikasi Halaman Login Akun"), 0): Object 'Object Repository/Login Ecommerce/Verifikasi Halaman Login Akun' is present

2023-10-05 13:07:06 - [MESSAGE][WARNING] - Timeout '0' is invalid. Using default page load timeout: '30'

2023-10-05 13:07:07 - [MESSAGE][PASSED] - Object 'Object Repository/Login Ecommerce/Verifikasi Halaman Login Akun' is present

2023-10-05 13:07:07 - [TEST_STEP][PASSED] - click(findTestObject("Login Ecommerce/Login Akun")): Object: 'Object Repository/Login Ecommerce/Login Akun' is clicked on

2023-10-05 13:07:07 - [MESSAGE][PASSED] - Object: 'Object Repository/Login Ecommerce/Login Akun' is clicked on

2023-10-05 13:07:07 - [TEST_STEP][PASSED] - verifyElementPresent(findTestObject("Login Ecommerce/Verifikasi Halaman Login Akun"), 0): Object 'Object Repository/Login Ecommerce/Verifikasi Halaman Login Akun' is present

2023-10-05 13:07:07 - [MESSAGE][WARNING] - Timeout '0' is invalid. Using default page load timeout: '30'

2023-10-05 13:07:08 - [MESSAGE][PASSED] - Object 'Object Repository/Login Ecommerce/Verifikasi Halaman Login Akun' is present

2023-10-05 13:07:08 - [TEST_STEP][PASSED] - setText(findTestObject("Login Ecommerce/Input Username"), "riswandha"): Text 'riswandha' is set on object 'Object Repository/Login Ecommerce/Input Username'

2023-10-05 13:07:09 - [MESSAGE][PASSED] - Text 'riswandha' is set on object 'Object Repository/Login Ecommerce/Input Username'

2023-10-05 13:07:09 - [TEST_STEP][PASSED] - setEncryptedText(findTestObject("Login Ecommerce/Input Password"), "iGDxf8hSRT4="): Text ****** has been set on object 'Object Repository/Login Ecommerce/Input Password'

2023-10-05 13:07:09 - [MESSAGE][PASSED] - Text ****** has been set on object 'Object Repository/Login Ecommerce/Input Password'

2023-10-05 13:07:09 - [TEST_STEP][PASSED] - click(findTestObject("Login Ecommerce/Button Masuk")): Object: 'Object Repository/Login Ecommerce/Button Masuk' is clicked on

2023-10-05 13:07:10 - [MESSAGE][PASSED] - Object: 'Object Repository/Login Ecommerce/Button Masuk' is clicked on

2023-10-05 13:07:10 - [TEST_STEP][PASSED] - verifyElementPresent(findTestObject("Login Ecommerce/Verifikasi Login Akun"), 0): Object 'Object Repository/Login Ecommerce/Verifikasi Login Akun' is present

2023-10-05 13:07:10 - [MESSAGE][WARNING] - Timeout '0' is invalid. Using default page load timeout: '30'

2023-10-05 13:07:11 - [MESSAGE][PASSED] - Object 'Object Repository/Login Ecommerce/Verifikasi Login Akun' is present

2023-10-05 13:07:11 - [MESSAGE][PASSED] - Call Test Case 'Test Cases/Login Ecommerce/TC-Login Ecomerce-001' successfully

2023-10-05 13:07:11 - [TEST_STEP][PASSED] - mouseOver(findTestObject("Product Ecommerce/Button Menu toko")): Object: 'Object Repository/Product Ecommerce/Button Menu toko' is hovered

2023-10-05 13:07:12 - [MESSAGE][PASSED] - Object: 'Object Repository/Product Ecommerce/Button Menu toko' is hovered

2023-10-05 13:07:12 - [TEST_STEP][PASSED] - click(findTestObject("Product Ecommerce/Button Daftar Produk")): Object: 'Object Repository/Product Ecommerce/Button Daftar Produk' is clicked on

2023-10-05 13:07:13 - [MESSAGE][PASSED] - Object: 'Object Repository/Product Ecommerce/Button Daftar Produk' is clicked on

2023-10-05 13:07:13 - [TEST_STEP][PASSED] - verifyElementPresent(findTestObject("Product Ecommerce/Verifikasi Halaman Product Anda"), 0): Object 'Object Repository/Product Ecommerce/Verifikasi Halaman Product Anda' is present

2023-10-05 13:07:13 - [MESSAGE][WARNING] - Timeout '0' is invalid. Using default page load timeout: '30'

2023-10-05 13:07:13 - [MESSAGE][PASSED] - Object 'Object Repository/Product Ecommerce/Verifikasi Halaman Product Anda' is present

2023-10-05 13:07:13 - [MESSAGE][PASSED] - Call Test Case 'Test Cases/Product Ecommerce/TC-PE-001' successfully

2023-10-05 13:07:13 - [TEST_STEP][PASSED] - mouseOver(findTestObject("Product Ecommerce/Image Gambar produk 1")): Object: 'Object Repository/Product Ecommerce/Image Gambar produk 1' is hovered

2023-10-05 13:07:14 - [MESSAGE][PASSED] - Object: 'Object Repository/Product Ecommerce/Image Gambar produk 1' is hovered

2023-10-05 13:07:14 - [TEST_STEP][PASSED] - click(findTestObject("Product Ecommerce/Tambahkan Product/Edit Data")): Object: 'Object Repository/Product Ecommerce/Tambahkan Product/Edit Data' is clicked on

2023-10-05 13:07:15 - [MESSAGE][PASSED] - Object: 'Object Repository/Product Ecommerce/Tambahkan Product/Edit Data' is clicked on

2023-10-05 13:07:15 - [TEST_STEP][PASSED] - setText(findTestObject("Product Ecommerce/Tambahkan Product/Input Minimum Order"), "-1"): Text '-1' is set on object 'Object Repository/Product Ecommerce/Tambahkan Product/Input Minimum Order'

2023-10-05 13:07:16 - [MESSAGE][PASSED] - Text '-1' is set on object 'Object Repository/Product Ecommerce/Tambahkan Product/Input Minimum Order'

2023-10-05 13:07:16 - [TEST_STEP][PASSED] - click(findTestObject("Product Ecommerce/Tambahkan Product/Button Update Data")): Object: 'Object Repository/Product Ecommerce/Tambahkan Product/Button Update Data' is clicked on

2023-10-05 13:07:17 - [MESSAGE][PASSED] - Object: 'Object Repository/Product Ecommerce/Tambahkan Product/Button Update Data' is clicked on

2023-10-05 13:07:17 - [TEST_STEP][PASSED] - driver = getWebDriver(): null

2023-10-05 13:07:17 - [TEST_STEP][ERROR] - field_username_element = driver.findElement(By.xpath("//input[@name="minimum"]")): Test Cases/Product Ecommerce/TC-PEN-005 FAILED.
Reason:
org.openqa.selenium.NoSuchElementException: no such element: Unable to locate element: {"method":"xpath","selector":"//input[@name="minimum"]"}
  (Session info: MicrosoftEdge=117.0.2045.47)
For documentation on this error, please visit: https://www.seleniumhq.org/exceptions/no_such_element.html
Build info: version: '3.141.59', revision: 'e82be7d358', time: '2018-11-14T08:25:53'
System info: host: 'RISWANDHA', ip: '10.9.2.26', os.name: 'Windows 10', os.arch: 'amd64', os.version: '10.0', java.version: '1.8.0_362'
Driver info: com.kms.katalon.selenium.driver.CEdgeDriver
Capabilities {acceptInsecureCerts: true, browserName: msedge, browserVersion: 117.0.2045.47, fedcm:accounts: true, javascriptEnabled: true, ms:edgeOptions: {debuggerAddress: localhost:51536}, msedge: {msedgedriverVersion: 117.0.2045.31 (fdd954ad1e8c..., userDataDir: C:\Users\Admin\AppData\Loca...}, networkConnectionEnabled: false, pageLoadStrategy: normal, platform: WINDOWS, platformName: WINDOWS, proxy: Proxy(), setWindowRect: true, strictFileInteractability: false, timeouts: {implicit: 0, pageLoad: 300000, script: 30000}, unhandledPromptBehavior: dismiss and notify, webauthn:extension:credBlob: true, webauthn:extension:largeBlob: true, webauthn:extension:minPinLength: true, webauthn:extension:prf: true, webauthn:virtualAuthenticators: true}
Session ID: e081f0f96b0a31b5cb18695f28514e4d
*** Element info: {Using=xpath, value=//input[@name="minimum"]}
	at org.openqa.selenium.remote.http.W3CHttpResponseCodec.createException(W3CHttpResponseCodec.java:187)
	at org.openqa.selenium.remote.http.W3CHttpResponseCodec.decode(W3CHttpResponseCodec.java:122)
	at org.openqa.selenium.remote.http.W3CHttpResponseCodec.decode(W3CHttpResponseCodec.java:49)
	at org.openqa.selenium.remote.HttpCommandExecutor.execute(HttpCommandExecutor.java:158)
	at org.openqa.selenium.remote.service.DriverCommandExecutor.execute(DriverCommandExecutor.java:83)
	at org.openqa.selenium.remote.RemoteWebDriver.execute(RemoteWebDriver.java:552)
	at com.kms.katalon.selenium.driver.CEdgeDriver.execute(CEdgeDriver.java:20)
	at org.openqa.selenium.remote.RemoteWebDriver.findElement(RemoteWebDriver.java:323)
	at org.openqa.selenium.remote.RemoteWebDriver.findElementByXPath(RemoteWebDriver.java:428)
	at org.openqa.selenium.By$ByXPath.findElement(By.java:353)
	at org.openqa.selenium.remote.RemoteWebDriver.findElement(RemoteWebDriver.java:315)
	at org.openqa.selenium.support.events.EventFiringWebDriver.lambda$new$1(EventFiringWebDriver.java:105)
	at com.sun.proxy.$Proxy10.findElement(Unknown Source)
	at org.openqa.selenium.support.events.EventFiringWebDriver.findElement(EventFiringWebDriver.java:194)
	at org.openqa.selenium.WebDriver$findElement.call(Unknown Source)
	at TC-PEN-005.run(TC-PEN-005:41)
	at com.kms.katalon.core.main.ScriptEngine.run(ScriptEngine.java:194)
	at com.kms.katalon.core.main.ScriptEngine.runScriptAsRawText(ScriptEngine.java:119)
	at com.kms.katalon.core.main.TestCaseExecutor.runScript(TestCaseExecutor.java:448)
	at com.kms.katalon.core.main.TestCaseExecutor.doExecute(TestCaseExecutor.java:439)
	at com.kms.katalon.core.main.TestCaseExecutor.processExecutionPhase(TestCaseExecutor.java:418)
	at com.kms.katalon.core.main.TestCaseExecutor.accessMainPhase(TestCaseExecutor.java:410)
	at com.kms.katalon.core.main.TestCaseExecutor.execute(TestCaseExecutor.java:285)
	at com.kms.katalon.core.common.CommonExecutor.accessTestCaseMainPhase(CommonExecutor.java:65)
	at com.kms.katalon.core.main.TestSuiteExecutor.accessTestSuiteMainPhase(TestSuiteExecutor.java:148)
	at com.kms.katalon.core.main.TestSuiteExecutor.execute(TestSuiteExecutor.java:106)
	at com.kms.katalon.core.main.TestCaseMain.startTestSuite(TestCaseMain.java:187)
	at com.kms.katalon.core.main.TestCaseMain$startTestSuite$0.call(Unknown Source)
	at TempTestSuite1696485610604.run(TempTestSuite1696485610604.groovy:36)


2023-10-05 13:07:17 - [MESSAGE][ERROR] - Test Cases/Product Ecommerce/TC-PEN-005 FAILED.
Reason:
org.openqa.selenium.NoSuchElementException: no such element: Unable to locate element: {"method":"xpath","selector":"//input[@name="minimum"]"}
  (Session info: MicrosoftEdge=117.0.2045.47)
For documentation on this error, please visit: https://www.seleniumhq.org/exceptions/no_such_element.html
Build info: version: '3.141.59', revision: 'e82be7d358', time: '2018-11-14T08:25:53'
System info: host: 'RISWANDHA', ip: '10.9.2.26', os.name: 'Windows 10', os.arch: 'amd64', os.version: '10.0', java.version: '1.8.0_362'
Driver info: com.kms.katalon.selenium.driver.CEdgeDriver
Capabilities {acceptInsecureCerts: true, browserName: msedge, browserVersion: 117.0.2045.47, fedcm:accounts: true, javascriptEnabled: true, ms:edgeOptions: {debuggerAddress: localhost:51536}, msedge: {msedgedriverVersion: 117.0.2045.31 (fdd954ad1e8c..., userDataDir: C:\Users\Admin\AppData\Loca...}, networkConnectionEnabled: false, pageLoadStrategy: normal, platform: WINDOWS, platformName: WINDOWS, proxy: Proxy(), setWindowRect: true, strictFileInteractability: false, timeouts: {implicit: 0, pageLoad: 300000, script: 30000}, unhandledPromptBehavior: dismiss and notify, webauthn:extension:credBlob: true, webauthn:extension:largeBlob: true, webauthn:extension:minPinLength: true, webauthn:extension:prf: true, webauthn:virtualAuthenticators: true}
Session ID: e081f0f96b0a31b5cb18695f28514e4d
*** Element info: {Using=xpath, value=//input[@name="minimum"]}
	at org.openqa.selenium.remote.http.W3CHttpResponseCodec.createException(W3CHttpResponseCodec.java:187)
	at org.openqa.selenium.remote.http.W3CHttpResponseCodec.decode(W3CHttpResponseCodec.java:122)
	at org.openqa.selenium.remote.http.W3CHttpResponseCodec.decode(W3CHttpResponseCodec.java:49)
	at org.openqa.selenium.remote.HttpCommandExecutor.execute(HttpCommandExecutor.java:158)
	at org.openqa.selenium.remote.service.DriverCommandExecutor.execute(DriverCommandExecutor.java:83)
	at org.openqa.selenium.remote.RemoteWebDriver.execute(RemoteWebDriver.java:552)
	at com.kms.katalon.selenium.driver.CEdgeDriver.execute(CEdgeDriver.java:20)
	at org.openqa.selenium.remote.RemoteWebDriver.findElement(RemoteWebDriver.java:323)
	at org.openqa.selenium.remote.RemoteWebDriver.findElementByXPath(RemoteWebDriver.java:428)
	at org.openqa.selenium.By$ByXPath.findElement(By.java:353)
	at org.openqa.selenium.remote.RemoteWebDriver.findElement(RemoteWebDriver.java:315)
	at org.openqa.selenium.support.events.EventFiringWebDriver.lambda$new$1(EventFiringWebDriver.java:105)
	at com.sun.proxy.$Proxy10.findElement(Unknown Source)
	at org.openqa.selenium.support.events.EventFiringWebDriver.findElement(EventFiringWebDriver.java:194)
	at org.openqa.selenium.WebDriver$findElement.call(Unknown Source)
	at TC-PEN-005.run(TC-PEN-005:41)
	at com.kms.katalon.core.main.ScriptEngine.run(ScriptEngine.java:194)
	at com.kms.katalon.core.main.ScriptEngine.runScriptAsRawText(ScriptEngine.java:119)
	at com.kms.katalon.core.main.TestCaseExecutor.runScript(TestCaseExecutor.java:448)
	at com.kms.katalon.core.main.TestCaseExecutor.doExecute(TestCaseExecutor.java:439)
	at com.kms.katalon.core.main.TestCaseExecutor.processExecutionPhase(TestCaseExecutor.java:418)
	at com.kms.katalon.core.main.TestCaseExecutor.accessMainPhase(TestCaseExecutor.java:410)
	at com.kms.katalon.core.main.TestCaseExecutor.execute(TestCaseExecutor.java:285)
	at com.kms.katalon.core.common.CommonExecutor.accessTestCaseMainPhase(CommonExecutor.java:65)
	at com.kms.katalon.core.main.TestSuiteExecutor.accessTestSuiteMainPhase(TestSuiteExecutor.java:148)
	at com.kms.katalon.core.main.TestSuiteExecutor.execute(TestSuiteExecutor.java:106)
	at com.kms.katalon.core.main.TestCaseMain.startTestSuite(TestCaseMain.java:187)
	at com.kms.katalon.core.main.TestCaseMain$startTestSuite$0.call(Unknown Source)
	at TempTestSuite1696485610604.run(TempTestSuite1696485610604.groovy:36)]]></system-out>
         <system-err><![CDATA[2023-10-05 13:06:58 - [TEST_CASE][ERROR] - Test Cases/Product Ecommerce/TC-PEN-005: Test Cases/Product Ecommerce/TC-PEN-005 FAILED.
Reason:
org.openqa.selenium.NoSuchElementException: no such element: Unable to locate element: {"method":"xpath","selector":"//input[@name="minimum"]"}
  (Session info: MicrosoftEdge=117.0.2045.47)
For documentation on this error, please visit: https://www.seleniumhq.org/exceptions/no_such_element.html
Build info: version: '3.141.59', revision: 'e82be7d358', time: '2018-11-14T08:25:53'
System info: host: 'RISWANDHA', ip: '10.9.2.26', os.name: 'Windows 10', os.arch: 'amd64', os.version: '10.0', java.version: '1.8.0_362'
Driver info: com.kms.katalon.selenium.driver.CEdgeDriver
Capabilities {acceptInsecureCerts: true, browserName: msedge, browserVersion: 117.0.2045.47, fedcm:accounts: true, javascriptEnabled: true, ms:edgeOptions: {debuggerAddress: localhost:51536}, msedge: {msedgedriverVersion: 117.0.2045.31 (fdd954ad1e8c..., userDataDir: C:\Users\Admin\AppData\Loca...}, networkConnectionEnabled: false, pageLoadStrategy: normal, platform: WINDOWS, platformName: WINDOWS, proxy: Proxy(), setWindowRect: true, strictFileInteractability: false, timeouts: {implicit: 0, pageLoad: 300000, script: 30000}, unhandledPromptBehavior: dismiss and notify, webauthn:extension:credBlob: true, webauthn:extension:largeBlob: true, webauthn:extension:minPinLength: true, webauthn:extension:prf: true, webauthn:virtualAuthenticators: true}
Session ID: e081f0f96b0a31b5cb18695f28514e4d
*** Element info: {Using=xpath, value=//input[@name="minimum"]}
	at org.openqa.selenium.remote.http.W3CHttpResponseCodec.createException(W3CHttpResponseCodec.java:187)
	at org.openqa.selenium.remote.http.W3CHttpResponseCodec.decode(W3CHttpResponseCodec.java:122)
	at org.openqa.selenium.remote.http.W3CHttpResponseCodec.decode(W3CHttpResponseCodec.java:49)
	at org.openqa.selenium.remote.HttpCommandExecutor.execute(HttpCommandExecutor.java:158)
	at org.openqa.selenium.remote.service.DriverCommandExecutor.execute(DriverCommandExecutor.java:83)
	at org.openqa.selenium.remote.RemoteWebDriver.execute(RemoteWebDriver.java:552)
	at com.kms.katalon.selenium.driver.CEdgeDriver.execute(CEdgeDriver.java:20)
	at org.openqa.selenium.remote.RemoteWebDriver.findElement(RemoteWebDriver.java:323)
	at org.openqa.selenium.remote.RemoteWebDriver.findElementByXPath(RemoteWebDriver.java:428)
	at org.openqa.selenium.By$ByXPath.findElement(By.java:353)
	at org.openqa.selenium.remote.RemoteWebDriver.findElement(RemoteWebDriver.java:315)
	at org.openqa.selenium.support.events.EventFiringWebDriver.lambda$new$1(EventFiringWebDriver.java:105)
	at com.sun.proxy.$Proxy10.findElement(Unknown Source)
	at org.openqa.selenium.support.events.EventFiringWebDriver.findElement(EventFiringWebDriver.java:194)
	at org.openqa.selenium.WebDriver$findElement.call(Unknown Source)
	at TC-PEN-005.run(TC-PEN-005:41)
	at com.kms.katalon.core.main.ScriptEngine.run(ScriptEngine.java:194)
	at com.kms.katalon.core.main.ScriptEngine.runScriptAsRawText(ScriptEngine.java:119)
	at com.kms.katalon.core.main.TestCaseExecutor.runScript(TestCaseExecutor.java:448)
	at com.kms.katalon.core.main.TestCaseExecutor.doExecute(TestCaseExecutor.java:439)
	at com.kms.katalon.core.main.TestCaseExecutor.processExecutionPhase(TestCaseExecutor.java:418)
	at com.kms.katalon.core.main.TestCaseExecutor.accessMainPhase(TestCaseExecutor.java:410)
	at com.kms.katalon.core.main.TestCaseExecutor.execute(TestCaseExecutor.java:285)
	at com.kms.katalon.core.common.CommonExecutor.accessTestCaseMainPhase(CommonExecutor.java:65)
	at com.kms.katalon.core.main.TestSuiteExecutor.accessTestSuiteMainPhase(TestSuiteExecutor.java:148)
	at com.kms.katalon.core.main.TestSuiteExecutor.execute(TestSuiteExecutor.java:106)
	at com.kms.katalon.core.main.TestCaseMain.startTestSuite(TestCaseMain.java:187)
	at com.kms.katalon.core.main.TestCaseMain$startTestSuite$0.call(Unknown Source)
	at TempTestSuite1696485610604.run(TempTestSuite1696485610604.groovy:36)]]></system-err>
      </testcase>
      <testcase name="Test Cases/Product Ecommerce/TC-PEN-006" time="22.928" classname="Test Cases/Product Ecommerce/TC-PEN-006" status="FAILED">
         <failure type="FAILED" message="Test Cases/Product Ecommerce/TC-PEN-006 FAILED.
Reason:
com.kms.katalon.core.exception.StepFailedException: Unable to get alert text
	at com.kms.katalon.core.webui.keyword.internal.WebUIKeywordMain.stepFailed(WebUIKeywordMain.groovy:64)
	at com.kms.katalon.core.webui.keyword.internal.WebUIKeywordMain.runKeyword(WebUIKeywordMain.groovy:26)
	at com.kms.katalon.core.webui.keyword.builtin.GetAlertTextKeyword.getAlertText(GetAlertTextKeyword.groovy:71)
	at com.kms.katalon.core.webui.keyword.builtin.GetAlertTextKeyword.execute(GetAlertTextKeyword.groovy:66)
	at com.kms.katalon.core.keyword.internal.KeywordExecutor.executeKeywordForPlatform(KeywordExecutor.groovy:74)
	at com.kms.katalon.core.webui.keyword.WebUiBuiltInKeywords.getAlertText(WebUiBuiltInKeywords.groovy:1576)
	at com.kms.katalon.core.webui.keyword.WebUiBuiltInKeywords$getAlertText$13.call(Unknown Source)
	at TC-PEN-006.run(TC-PEN-006:27)
	at com.kms.katalon.core.main.ScriptEngine.run(ScriptEngine.java:194)
	at com.kms.katalon.core.main.ScriptEngine.runScriptAsRawText(ScriptEngine.java:119)
	at com.kms.katalon.core.main.TestCaseExecutor.runScript(TestCaseExecutor.java:448)
	at com.kms.katalon.core.main.TestCaseExecutor.doExecute(TestCaseExecutor.java:439)
	at com.kms.katalon.core.main.TestCaseExecutor.processExecutionPhase(TestCaseExecutor.java:418)
	at com.kms.katalon.core.main.TestCaseExecutor.accessMainPhase(TestCaseExecutor.java:410)
	at com.kms.katalon.core.main.TestCaseExecutor.execute(TestCaseExecutor.java:285)
	at com.kms.katalon.core.common.CommonExecutor.accessTestCaseMainPhase(CommonExecutor.java:65)
	at com.kms.katalon.core.main.TestSuiteExecutor.accessTestSuiteMainPhase(TestSuiteExecutor.java:148)
	at com.kms.katalon.core.main.TestSuiteExecutor.execute(TestSuiteExecutor.java:106)
	at com.kms.katalon.core.main.TestCaseMain.startTestSuite(TestCaseMain.java:187)
	at com.kms.katalon.core.main.TestCaseMain$startTestSuite$0.call(Unknown Source)
	at TempTestSuite1696485610604.run(TempTestSuite1696485610604.groovy:36)
Caused by: com.kms.katalon.core.exception.StepFailedException: No alert found
	at com.kms.katalon.core.webui.keyword.internal.WebUIKeywordMain.stepFailed(WebUIKeywordMain.groovy:64)
	at com.kms.katalon.core.webui.keyword.builtin.GetAlertTextKeyword$_getAlertText_closure1.doCall(GetAlertTextKeyword.groovy:79)
	at com.kms.katalon.core.webui.keyword.builtin.GetAlertTextKeyword$_getAlertText_closure1.call(GetAlertTextKeyword.groovy)
	at com.kms.katalon.core.webui.keyword.internal.WebUIKeywordMain.runKeyword(WebUIKeywordMain.groovy:20)
	... 19 more
"/>
         <system-out><![CDATA[2023-10-05 13:07:17 - [TEST_CASE][FAILED] - Test Cases/Product Ecommerce/TC-PEN-006: Test Cases/Product Ecommerce/TC-PEN-006 FAILED.
Reason:
com.kms.katalon.core.exception.StepFailedException: Unable to get alert text
	at com.kms.katalon.core.webui.keyword.internal.WebUIKeywordMain.stepFailed(WebUIKeywordMain.groovy:64)
	at com.kms.katalon.core.webui.keyword.internal.WebUIKeywordMain.runKeyword(WebUIKeywordMain.groovy:26)
	at com.kms.katalon.core.webui.keyword.builtin.GetAlertTextKeyword.getAlertText(GetAlertTextKeyword.groovy:71)
	at com.kms.katalon.core.webui.keyword.builtin.GetAlertTextKeyword.execute(GetAlertTextKeyword.groovy:66)
	at com.kms.katalon.core.keyword.internal.KeywordExecutor.executeKeywordForPlatform(KeywordExecutor.groovy:74)
	at com.kms.katalon.core.webui.keyword.WebUiBuiltInKeywords.getAlertText(WebUiBuiltInKeywords.groovy:1576)
	at com.kms.katalon.core.webui.keyword.WebUiBuiltInKeywords$getAlertText$13.call(Unknown Source)
	at TC-PEN-006.run(TC-PEN-006:27)
	at com.kms.katalon.core.main.ScriptEngine.run(ScriptEngine.java:194)
	at com.kms.katalon.core.main.ScriptEngine.runScriptAsRawText(ScriptEngine.java:119)
	at com.kms.katalon.core.main.TestCaseExecutor.runScript(TestCaseExecutor.java:448)
	at com.kms.katalon.core.main.TestCaseExecutor.doExecute(TestCaseExecutor.java:439)
	at com.kms.katalon.core.main.TestCaseExecutor.processExecutionPhase(TestCaseExecutor.java:418)
	at com.kms.katalon.core.main.TestCaseExecutor.accessMainPhase(TestCaseExecutor.java:410)
	at com.kms.katalon.core.main.TestCaseExecutor.execute(TestCaseExecutor.java:285)
	at com.kms.katalon.core.common.CommonExecutor.accessTestCaseMainPhase(CommonExecutor.java:65)
	at com.kms.katalon.core.main.TestSuiteExecutor.accessTestSuiteMainPhase(TestSuiteExecutor.java:148)
	at com.kms.katalon.core.main.TestSuiteExecutor.execute(TestSuiteExecutor.java:106)
	at com.kms.katalon.core.main.TestCaseMain.startTestSuite(TestCaseMain.java:187)
	at com.kms.katalon.core.main.TestCaseMain$startTestSuite$0.call(Unknown Source)
	at TempTestSuite1696485610604.run(TempTestSuite1696485610604.groovy:36)
Caused by: com.kms.katalon.core.exception.StepFailedException: No alert found
	at com.kms.katalon.core.webui.keyword.internal.WebUIKeywordMain.stepFailed(WebUIKeywordMain.groovy:64)
	at com.kms.katalon.core.webui.keyword.builtin.GetAlertTextKeyword$_getAlertText_closure1.doCall(GetAlertTextKeyword.groovy:79)
	at com.kms.katalon.core.webui.keyword.builtin.GetAlertTextKeyword$_getAlertText_closure1.call(GetAlertTextKeyword.groovy)
	at com.kms.katalon.core.webui.keyword.internal.WebUIKeywordMain.runKeyword(WebUIKeywordMain.groovy:20)
	... 19 more


2023-10-05 13:07:18 - [TEST_STEP][PASSED] - callTestCase(findTestCase("Product Ecommerce/TC-PE-009"), ["kodeKupon":"product30", "jumlah":"4", "expired":"2023-11-11", "minOrder":"2", "nilai":"300"], STOP_ON_FAILURE): Call Test Case 'Test Cases/Product Ecommerce/TC-PE-009' successfully

2023-10-05 13:07:18 - [TEST_CASE][PASSED] - Test Cases/Product Ecommerce/TC-PE-009: Test Cases/Product Ecommerce/TC-PE-009

2023-10-05 13:07:18 - [TEST_STEP][PASSED] - callTestCase(findTestCase("Product Ecommerce/TC-PE-001"), [:], STOP_ON_FAILURE): Call Test Case 'Test Cases/Product Ecommerce/TC-PE-001' successfully

2023-10-05 13:07:18 - [TEST_CASE][PASSED] - Test Cases/Product Ecommerce/TC-PE-001: Test Cases/Product Ecommerce/TC-PE-001

2023-10-05 13:07:18 - [TEST_STEP][PASSED] - callTestCase(findTestCase("Login Ecommerce/TC-Login Ecomerce-001"), [:], STOP_ON_FAILURE): Call Test Case 'Test Cases/Login Ecommerce/TC-Login Ecomerce-001' successfully

2023-10-05 13:07:18 - [TEST_CASE][PASSED] - Test Cases/Login Ecommerce/TC-Login Ecomerce-001: Test Cases/Login Ecommerce/TC-Login Ecomerce-001

2023-10-05 13:07:18 - [TEST_STEP][PASSED] - openBrowser(userTajalapak): Browser is opened with url: 'https://10.9.2.63/ecommerce/'

2023-10-05 13:07:18 - [MESSAGE][WARNING] - A browser is already opened. Closing browser and opening a new one

2023-10-05 13:07:19 - [MESSAGE][INFO] - Starting 'Edge Chromium' driver

2023-10-05 13:07:19 - [MESSAGE][INFO] - User set preference: ['acceptInsecureCerts', 'true']

2023-10-05 13:07:21 - [MESSAGE][INFO] - Action delay is set to 0 milliseconds

2023-10-05 13:07:24 - [MESSAGE][PASSED] - Browser is opened with url: 'https://10.9.2.63/ecommerce/'

2023-10-05 13:07:24 - [TEST_STEP][PASSED] - maximizeWindow(): Current window maximized

2023-10-05 13:07:24 - [MESSAGE][PASSED] - Current window maximized

2023-10-05 13:07:24 - [TEST_STEP][PASSED] - verifyElementPresent(findTestObject("Login Ecommerce/Verifikasi Halaman Login Akun"), 0): Object 'Object Repository/Login Ecommerce/Verifikasi Halaman Login Akun' is present

2023-10-05 13:07:24 - [MESSAGE][WARNING] - Timeout '0' is invalid. Using default page load timeout: '30'

2023-10-05 13:07:25 - [MESSAGE][PASSED] - Object 'Object Repository/Login Ecommerce/Verifikasi Halaman Login Akun' is present

2023-10-05 13:07:25 - [TEST_STEP][PASSED] - click(findTestObject("Login Ecommerce/Login Akun")): Object: 'Object Repository/Login Ecommerce/Login Akun' is clicked on

2023-10-05 13:07:25 - [MESSAGE][PASSED] - Object: 'Object Repository/Login Ecommerce/Login Akun' is clicked on

2023-10-05 13:07:25 - [TEST_STEP][PASSED] - verifyElementPresent(findTestObject("Login Ecommerce/Verifikasi Halaman Login Akun"), 0): Object 'Object Repository/Login Ecommerce/Verifikasi Halaman Login Akun' is present

2023-10-05 13:07:25 - [MESSAGE][WARNING] - Timeout '0' is invalid. Using default page load timeout: '30'

2023-10-05 13:07:26 - [MESSAGE][PASSED] - Object 'Object Repository/Login Ecommerce/Verifikasi Halaman Login Akun' is present

2023-10-05 13:07:26 - [TEST_STEP][PASSED] - setText(findTestObject("Login Ecommerce/Input Username"), "riswandha"): Text 'riswandha' is set on object 'Object Repository/Login Ecommerce/Input Username'

2023-10-05 13:07:27 - [MESSAGE][PASSED] - Text 'riswandha' is set on object 'Object Repository/Login Ecommerce/Input Username'

2023-10-05 13:07:27 - [TEST_STEP][PASSED] - setEncryptedText(findTestObject("Login Ecommerce/Input Password"), "iGDxf8hSRT4="): Text ****** has been set on object 'Object Repository/Login Ecommerce/Input Password'

2023-10-05 13:07:27 - [MESSAGE][PASSED] - Text ****** has been set on object 'Object Repository/Login Ecommerce/Input Password'

2023-10-05 13:07:27 - [TEST_STEP][PASSED] - click(findTestObject("Login Ecommerce/Button Masuk")): Object: 'Object Repository/Login Ecommerce/Button Masuk' is clicked on

2023-10-05 13:07:28 - [MESSAGE][PASSED] - Object: 'Object Repository/Login Ecommerce/Button Masuk' is clicked on

2023-10-05 13:07:28 - [TEST_STEP][PASSED] - verifyElementPresent(findTestObject("Login Ecommerce/Verifikasi Login Akun"), 0): Object 'Object Repository/Login Ecommerce/Verifikasi Login Akun' is present

2023-10-05 13:07:28 - [MESSAGE][WARNING] - Timeout '0' is invalid. Using default page load timeout: '30'

2023-10-05 13:07:29 - [MESSAGE][PASSED] - Object 'Object Repository/Login Ecommerce/Verifikasi Login Akun' is present

2023-10-05 13:07:29 - [MESSAGE][PASSED] - Call Test Case 'Test Cases/Login Ecommerce/TC-Login Ecomerce-001' successfully

2023-10-05 13:07:29 - [TEST_STEP][PASSED] - mouseOver(findTestObject("Product Ecommerce/Button Menu toko")): Object: 'Object Repository/Product Ecommerce/Button Menu toko' is hovered

2023-10-05 13:07:29 - [MESSAGE][PASSED] - Object: 'Object Repository/Product Ecommerce/Button Menu toko' is hovered

2023-10-05 13:07:29 - [TEST_STEP][PASSED] - click(findTestObject("Product Ecommerce/Button Daftar Produk")): Object: 'Object Repository/Product Ecommerce/Button Daftar Produk' is clicked on

2023-10-05 13:07:30 - [MESSAGE][PASSED] - Object: 'Object Repository/Product Ecommerce/Button Daftar Produk' is clicked on

2023-10-05 13:07:30 - [TEST_STEP][PASSED] - verifyElementPresent(findTestObject("Product Ecommerce/Verifikasi Halaman Product Anda"), 0): Object 'Object Repository/Product Ecommerce/Verifikasi Halaman Product Anda' is present

2023-10-05 13:07:30 - [MESSAGE][WARNING] - Timeout '0' is invalid. Using default page load timeout: '30'

2023-10-05 13:07:31 - [MESSAGE][PASSED] - Object 'Object Repository/Product Ecommerce/Verifikasi Halaman Product Anda' is present

2023-10-05 13:07:31 - [MESSAGE][PASSED] - Call Test Case 'Test Cases/Product Ecommerce/TC-PE-001' successfully

2023-10-05 13:07:31 - [TEST_STEP][PASSED] - mouseOver(findTestObject("Product Ecommerce/Image Gambar produk 1")): Object: 'Object Repository/Product Ecommerce/Image Gambar produk 1' is hovered

2023-10-05 13:07:32 - [MESSAGE][PASSED] - Object: 'Object Repository/Product Ecommerce/Image Gambar produk 1' is hovered

2023-10-05 13:07:32 - [TEST_STEP][PASSED] - click(findTestObject("Product Ecommerce/Tambahkan Product/Edit Data")): Object: 'Object Repository/Product Ecommerce/Tambahkan Product/Edit Data' is clicked on

2023-10-05 13:07:33 - [MESSAGE][PASSED] - Object: 'Object Repository/Product Ecommerce/Tambahkan Product/Edit Data' is clicked on

2023-10-05 13:07:33 - [TEST_STEP][PASSED] - click(findTestObject("Product Ecommerce/Kupon/Button Buat Product")): Object: 'Object Repository/Product Ecommerce/Kupon/Button Buat Product' is clicked on

2023-10-05 13:07:33 - [MESSAGE][PASSED] - Object: 'Object Repository/Product Ecommerce/Kupon/Button Buat Product' is clicked on

2023-10-05 13:07:33 - [TEST_STEP][PASSED] - verifyElementPresent(findTestObject("Product Ecommerce/Kupon/Verifikasi Halaman Voucher Product"), 0): Object 'Object Repository/Product Ecommerce/Kupon/Verifikasi Halaman Voucher Product' is present

2023-10-05 13:07:33 - [MESSAGE][WARNING] - Timeout '0' is invalid. Using default page load timeout: '30'

2023-10-05 13:07:34 - [MESSAGE][PASSED] - Object 'Object Repository/Product Ecommerce/Kupon/Verifikasi Halaman Voucher Product' is present

2023-10-05 13:07:34 - [TEST_STEP][PASSED] - setText(findTestObject("Product Ecommerce/Kupon/Input Kode Kupon"), kodeKupon): Text 'product30' is set on object 'Object Repository/Product Ecommerce/Kupon/Input Kode Kupon'

2023-10-05 13:07:35 - [MESSAGE][PASSED] - Text 'product30' is set on object 'Object Repository/Product Ecommerce/Kupon/Input Kode Kupon'

2023-10-05 13:07:35 - [TEST_STEP][PASSED] - setText(findTestObject("Product Ecommerce/Kupon/Input Jumlah Kode kupon"), jumlah): Text '4' is set on object 'Object Repository/Product Ecommerce/Kupon/Input Jumlah Kode kupon'

2023-10-05 13:07:35 - [MESSAGE][PASSED] - Text '4' is set on object 'Object Repository/Product Ecommerce/Kupon/Input Jumlah Kode kupon'

2023-10-05 13:07:35 - [TEST_STEP][PASSED] - setText(findTestObject("Product Ecommerce/Kupon/Input Masa Berlaku"), expired): Text '2023-11-11' is set on object 'Object Repository/Product Ecommerce/Kupon/Input Masa Berlaku'

2023-10-05 13:07:36 - [MESSAGE][PASSED] - Text '2023-11-11' is set on object 'Object Repository/Product Ecommerce/Kupon/Input Masa Berlaku'

2023-10-05 13:07:36 - [TEST_STEP][PASSED] - setText(findTestObject("Product Ecommerce/Kupon/Input Min Order"), minOrder): Text '2' is set on object 'Object Repository/Product Ecommerce/Kupon/Input Min Order'

2023-10-05 13:07:37 - [MESSAGE][PASSED] - Text '2' is set on object 'Object Repository/Product Ecommerce/Kupon/Input Min Order'

2023-10-05 13:07:37 - [TEST_STEP][PASSED] - setText(findTestObject("Product Ecommerce/Kupon/Input Nilai Kupon"), nilai): Text '300' is set on object 'Object Repository/Product Ecommerce/Kupon/Input Nilai Kupon'

2023-10-05 13:07:37 - [MESSAGE][PASSED] - Text '300' is set on object 'Object Repository/Product Ecommerce/Kupon/Input Nilai Kupon'

2023-10-05 13:07:37 - [TEST_STEP][PASSED] - click(findTestObject("Product Ecommerce/Kupon/Button Simpan")): Object: 'Object Repository/Product Ecommerce/Kupon/Button Simpan' is clicked on

2023-10-05 13:07:38 - [MESSAGE][PASSED] - Object: 'Object Repository/Product Ecommerce/Kupon/Button Simpan' is clicked on

2023-10-05 13:07:38 - [TEST_STEP][PASSED] - dataList = findWebElements(findTestObject("Object Repository/Product Ecommerce/Kupon/Data Semua Voucher"), 10): null

2023-10-05 13:07:39 - [TEST_STEP][PASSED] - dataKupon = "": null

2023-10-05 13:07:39 - [TEST_STEP][PASSED] - for ([i = 0, i < dataList.size(), (i++)]): null

2023-10-05 13:07:39 - [TEST_STEP][PASSED] - text = text: null

2023-10-05 13:07:39 - [TEST_STEP][PASSED] - dataKupon = dataKupon + text: null

2023-10-05 13:07:39 - [TEST_STEP][PASSED] - println(dataKupon): null

2023-10-05 13:07:39 - [TEST_STEP][PASSED] - assert dataKupon.contains(kodeKupon): null

2023-10-05 13:07:39 - [TEST_STEP][PASSED] - assert dataKupon.contains(jumlah): null

2023-10-05 13:07:39 - [TEST_STEP][PASSED] - assert dataKupon.contains(expired): null

2023-10-05 13:07:39 - [TEST_STEP][PASSED] - assert dataKupon.contains(minOrder): null

2023-10-05 13:07:39 - [TEST_STEP][PASSED] - assert dataKupon.contains(nilai): null

2023-10-05 13:07:39 - [MESSAGE][PASSED] - Call Test Case 'Test Cases/Product Ecommerce/TC-PE-009' successfully

2023-10-05 13:07:39 - [TEST_STEP][PASSED] - click(findTestObject("Product Ecommerce/Kupon/Button Edit Voucher")): Object: 'Object Repository/Product Ecommerce/Kupon/Button Edit Voucher' is clicked on

2023-10-05 13:07:39 - [MESSAGE][PASSED] - Object: 'Object Repository/Product Ecommerce/Kupon/Button Edit Voucher' is clicked on

2023-10-05 13:07:39 - [TEST_STEP][PASSED] - setText(findTestObject("Product Ecommerce/Kupon/Input Kode Kupon"), "Product 31"): Text 'Product 31' is set on object 'Object Repository/Product Ecommerce/Kupon/Input Kode Kupon'

2023-10-05 13:07:40 - [MESSAGE][PASSED] - Text 'Product 31' is set on object 'Object Repository/Product Ecommerce/Kupon/Input Kode Kupon'

2023-10-05 13:07:40 - [TEST_STEP][FAILED] - notif = getAlertText(): Unable to get alert text (Root cause: com.kms.katalon.core.exception.StepFailedException: Unable to get alert text
	at com.kms.katalon.core.webui.keyword.internal.WebUIKeywordMain.stepFailed(WebUIKeywordMain.groovy:64)
	at com.kms.katalon.core.webui.keyword.internal.WebUIKeywordMain.runKeyword(WebUIKeywordMain.groovy:26)
	at com.kms.katalon.core.webui.keyword.builtin.GetAlertTextKeyword.getAlertText(GetAlertTextKeyword.groovy:71)
	at com.kms.katalon.core.webui.keyword.builtin.GetAlertTextKeyword.execute(GetAlertTextKeyword.groovy:66)
	at com.kms.katalon.core.keyword.internal.KeywordExecutor.executeKeywordForPlatform(KeywordExecutor.groovy:74)
	at com.kms.katalon.core.webui.keyword.WebUiBuiltInKeywords.getAlertText(WebUiBuiltInKeywords.groovy:1576)
	at com.kms.katalon.core.webui.keyword.WebUiBuiltInKeywords$getAlertText$13.call(Unknown Source)
	at TC-PEN-006.run(TC-PEN-006:27)
	at com.kms.katalon.core.main.ScriptEngine.run(ScriptEngine.java:194)
	at com.kms.katalon.core.main.ScriptEngine.runScriptAsRawText(ScriptEngine.java:119)
	at com.kms.katalon.core.main.TestCaseExecutor.runScript(TestCaseExecutor.java:448)
	at com.kms.katalon.core.main.TestCaseExecutor.doExecute(TestCaseExecutor.java:439)
	at com.kms.katalon.core.main.TestCaseExecutor.processExecutionPhase(TestCaseExecutor.java:418)
	at com.kms.katalon.core.main.TestCaseExecutor.accessMainPhase(TestCaseExecutor.java:410)
	at com.kms.katalon.core.main.TestCaseExecutor.execute(TestCaseExecutor.java:285)
	at com.kms.katalon.core.common.CommonExecutor.accessTestCaseMainPhase(CommonExecutor.java:65)
	at com.kms.katalon.core.main.TestSuiteExecutor.accessTestSuiteMainPhase(TestSuiteExecutor.java:148)
	at com.kms.katalon.core.main.TestSuiteExecutor.execute(TestSuiteExecutor.java:106)
	at com.kms.katalon.core.main.TestCaseMain.startTestSuite(TestCaseMain.java:187)
	at com.kms.katalon.core.main.TestCaseMain$startTestSuite$0.call(Unknown Source)
	at TempTestSuite1696485610604.run(TempTestSuite1696485610604.groovy:36)
Caused by: com.kms.katalon.core.exception.StepFailedException: No alert found
	at com.kms.katalon.core.webui.keyword.internal.WebUIKeywordMain.stepFailed(WebUIKeywordMain.groovy:64)
	at com.kms.katalon.core.webui.keyword.builtin.GetAlertTextKeyword$_getAlertText_closure1.doCall(GetAlertTextKeyword.groovy:79)
	at com.kms.katalon.core.webui.keyword.builtin.GetAlertTextKeyword$_getAlertText_closure1.call(GetAlertTextKeyword.groovy)
	at com.kms.katalon.core.webui.keyword.internal.WebUIKeywordMain.runKeyword(WebUIKeywordMain.groovy:20)
	... 19 more
)

2023-10-05 13:07:40 - [MESSAGE][FAILED] - No alert found (Root cause: com.kms.katalon.core.exception.StepFailedException: No alert found
	at com.kms.katalon.core.webui.keyword.internal.WebUIKeywordMain.stepFailed(WebUIKeywordMain.groovy:64)
	at com.kms.katalon.core.webui.keyword.builtin.GetAlertTextKeyword$_getAlertText_closure1.doCall(GetAlertTextKeyword.groovy:79)
	at com.kms.katalon.core.webui.keyword.builtin.GetAlertTextKeyword$_getAlertText_closure1.call(GetAlertTextKeyword.groovy)
	at com.kms.katalon.core.webui.keyword.internal.WebUIKeywordMain.runKeyword(WebUIKeywordMain.groovy:20)
	at com.kms.katalon.core.webui.keyword.builtin.GetAlertTextKeyword.getAlertText(GetAlertTextKeyword.groovy:71)
	at com.kms.katalon.core.webui.keyword.builtin.GetAlertTextKeyword.execute(GetAlertTextKeyword.groovy:66)
	at com.kms.katalon.core.keyword.internal.KeywordExecutor.executeKeywordForPlatform(KeywordExecutor.groovy:74)
	at com.kms.katalon.core.webui.keyword.WebUiBuiltInKeywords.getAlertText(WebUiBuiltInKeywords.groovy:1576)
	at com.kms.katalon.core.webui.keyword.WebUiBuiltInKeywords$getAlertText$13.call(Unknown Source)
	at TC-PEN-006.run(TC-PEN-006:27)
	at com.kms.katalon.core.main.ScriptEngine.run(ScriptEngine.java:194)
	at com.kms.katalon.core.main.ScriptEngine.runScriptAsRawText(ScriptEngine.java:119)
	at com.kms.katalon.core.main.TestCaseExecutor.runScript(TestCaseExecutor.java:448)
	at com.kms.katalon.core.main.TestCaseExecutor.doExecute(TestCaseExecutor.java:439)
	at com.kms.katalon.core.main.TestCaseExecutor.processExecutionPhase(TestCaseExecutor.java:418)
	at com.kms.katalon.core.main.TestCaseExecutor.accessMainPhase(TestCaseExecutor.java:410)
	at com.kms.katalon.core.main.TestCaseExecutor.execute(TestCaseExecutor.java:285)
	at com.kms.katalon.core.common.CommonExecutor.accessTestCaseMainPhase(CommonExecutor.java:65)
	at com.kms.katalon.core.main.TestSuiteExecutor.accessTestSuiteMainPhase(TestSuiteExecutor.java:148)
	at com.kms.katalon.core.main.TestSuiteExecutor.execute(TestSuiteExecutor.java:106)
	at com.kms.katalon.core.main.TestCaseMain.startTestSuite(TestCaseMain.java:187)
	at com.kms.katalon.core.main.TestCaseMain$startTestSuite$0.call(Unknown Source)
	at TempTestSuite1696485610604.run(TempTestSuite1696485610604.groovy:36)
)
[[ATTACHMENT|G:\\Project Xsis\\batch-324-qa\\Riswan\\Sprint 2 Product Tajalapak\\Reports\\20231005_130010\\Product Ecomerce\\20231005_130010\\1696486060577.png]]

2023-10-05 13:07:40 - [MESSAGE][FAILED] - Unable to get alert text (Root cause: com.kms.katalon.core.exception.StepFailedException: Unable to get alert text
	at com.kms.katalon.core.webui.keyword.internal.WebUIKeywordMain.stepFailed(WebUIKeywordMain.groovy:64)
	at com.kms.katalon.core.webui.keyword.internal.WebUIKeywordMain.runKeyword(WebUIKeywordMain.groovy:26)
	at com.kms.katalon.core.webui.keyword.builtin.GetAlertTextKeyword.getAlertText(GetAlertTextKeyword.groovy:71)
	at com.kms.katalon.core.webui.keyword.builtin.GetAlertTextKeyword.execute(GetAlertTextKeyword.groovy:66)
	at com.kms.katalon.core.keyword.internal.KeywordExecutor.executeKeywordForPlatform(KeywordExecutor.groovy:74)
	at com.kms.katalon.core.webui.keyword.WebUiBuiltInKeywords.getAlertText(WebUiBuiltInKeywords.groovy:1576)
	at com.kms.katalon.core.webui.keyword.WebUiBuiltInKeywords$getAlertText$13.call(Unknown Source)
	at TC-PEN-006.run(TC-PEN-006:27)
	at com.kms.katalon.core.main.ScriptEngine.run(ScriptEngine.java:194)
	at com.kms.katalon.core.main.ScriptEngine.runScriptAsRawText(ScriptEngine.java:119)
	at com.kms.katalon.core.main.TestCaseExecutor.runScript(TestCaseExecutor.java:448)
	at com.kms.katalon.core.main.TestCaseExecutor.doExecute(TestCaseExecutor.java:439)
	at com.kms.katalon.core.main.TestCaseExecutor.processExecutionPhase(TestCaseExecutor.java:418)
	at com.kms.katalon.core.main.TestCaseExecutor.accessMainPhase(TestCaseExecutor.java:410)
	at com.kms.katalon.core.main.TestCaseExecutor.execute(TestCaseExecutor.java:285)
	at com.kms.katalon.core.common.CommonExecutor.accessTestCaseMainPhase(CommonExecutor.java:65)
	at com.kms.katalon.core.main.TestSuiteExecutor.accessTestSuiteMainPhase(TestSuiteExecutor.java:148)
	at com.kms.katalon.core.main.TestSuiteExecutor.execute(TestSuiteExecutor.java:106)
	at com.kms.katalon.core.main.TestCaseMain.startTestSuite(TestCaseMain.java:187)
	at com.kms.katalon.core.main.TestCaseMain$startTestSuite$0.call(Unknown Source)
	at TempTestSuite1696485610604.run(TempTestSuite1696485610604.groovy:36)
Caused by: com.kms.katalon.core.exception.StepFailedException: No alert found
	at com.kms.katalon.core.webui.keyword.internal.WebUIKeywordMain.stepFailed(WebUIKeywordMain.groovy:64)
	at com.kms.katalon.core.webui.keyword.builtin.GetAlertTextKeyword$_getAlertText_closure1.doCall(GetAlertTextKeyword.groovy:79)
	at com.kms.katalon.core.webui.keyword.builtin.GetAlertTextKeyword$_getAlertText_closure1.call(GetAlertTextKeyword.groovy)
	at com.kms.katalon.core.webui.keyword.internal.WebUIKeywordMain.runKeyword(WebUIKeywordMain.groovy:20)
	... 19 more
)
[[ATTACHMENT|G:\\Project Xsis\\batch-324-qa\\Riswan\\Sprint 2 Product Tajalapak\\Reports\\20231005_130010\\Product Ecomerce\\20231005_130010\\1696486060716.png]]]]></system-out>
         <system-err><![CDATA[2023-10-05 13:07:17 - [TEST_CASE][FAILED] - Test Cases/Product Ecommerce/TC-PEN-006: Test Cases/Product Ecommerce/TC-PEN-006 FAILED.
Reason:
com.kms.katalon.core.exception.StepFailedException: Unable to get alert text
	at com.kms.katalon.core.webui.keyword.internal.WebUIKeywordMain.stepFailed(WebUIKeywordMain.groovy:64)
	at com.kms.katalon.core.webui.keyword.internal.WebUIKeywordMain.runKeyword(WebUIKeywordMain.groovy:26)
	at com.kms.katalon.core.webui.keyword.builtin.GetAlertTextKeyword.getAlertText(GetAlertTextKeyword.groovy:71)
	at com.kms.katalon.core.webui.keyword.builtin.GetAlertTextKeyword.execute(GetAlertTextKeyword.groovy:66)
	at com.kms.katalon.core.keyword.internal.KeywordExecutor.executeKeywordForPlatform(KeywordExecutor.groovy:74)
	at com.kms.katalon.core.webui.keyword.WebUiBuiltInKeywords.getAlertText(WebUiBuiltInKeywords.groovy:1576)
	at com.kms.katalon.core.webui.keyword.WebUiBuiltInKeywords$getAlertText$13.call(Unknown Source)
	at TC-PEN-006.run(TC-PEN-006:27)
	at com.kms.katalon.core.main.ScriptEngine.run(ScriptEngine.java:194)
	at com.kms.katalon.core.main.ScriptEngine.runScriptAsRawText(ScriptEngine.java:119)
	at com.kms.katalon.core.main.TestCaseExecutor.runScript(TestCaseExecutor.java:448)
	at com.kms.katalon.core.main.TestCaseExecutor.doExecute(TestCaseExecutor.java:439)
	at com.kms.katalon.core.main.TestCaseExecutor.processExecutionPhase(TestCaseExecutor.java:418)
	at com.kms.katalon.core.main.TestCaseExecutor.accessMainPhase(TestCaseExecutor.java:410)
	at com.kms.katalon.core.main.TestCaseExecutor.execute(TestCaseExecutor.java:285)
	at com.kms.katalon.core.common.CommonExecutor.accessTestCaseMainPhase(CommonExecutor.java:65)
	at com.kms.katalon.core.main.TestSuiteExecutor.accessTestSuiteMainPhase(TestSuiteExecutor.java:148)
	at com.kms.katalon.core.main.TestSuiteExecutor.execute(TestSuiteExecutor.java:106)
	at com.kms.katalon.core.main.TestCaseMain.startTestSuite(TestCaseMain.java:187)
	at com.kms.katalon.core.main.TestCaseMain$startTestSuite$0.call(Unknown Source)
	at TempTestSuite1696485610604.run(TempTestSuite1696485610604.groovy:36)
Caused by: com.kms.katalon.core.exception.StepFailedException: No alert found
	at com.kms.katalon.core.webui.keyword.internal.WebUIKeywordMain.stepFailed(WebUIKeywordMain.groovy:64)
	at com.kms.katalon.core.webui.keyword.builtin.GetAlertTextKeyword$_getAlertText_closure1.doCall(GetAlertTextKeyword.groovy:79)
	at com.kms.katalon.core.webui.keyword.builtin.GetAlertTextKeyword$_getAlertText_closure1.call(GetAlertTextKeyword.groovy)
	at com.kms.katalon.core.webui.keyword.internal.WebUIKeywordMain.runKeyword(WebUIKeywordMain.groovy:20)
	... 19 more]]></system-err>
      </testcase>
      <testcase name="Test Cases/Product Ecommerce/TC-PEN-007" time="18.223" classname="Test Cases/Product Ecommerce/TC-PEN-007" status="FAILED">
         <failure type="FAILED" message="Test Cases/Product Ecommerce/TC-PEN-007 FAILED.
Reason:
Assertion failed: 

assert accept_button_message == &quot;Please input Valid.&quot;
       |                     |
       &quot;&quot;                    false

	at TC-PEN-007.run(TC-PEN-007:53)
	at com.kms.katalon.core.main.ScriptEngine.run(ScriptEngine.java:194)
	at com.kms.katalon.core.main.ScriptEngine.runScriptAsRawText(ScriptEngine.java:119)
	at com.kms.katalon.core.main.TestCaseExecutor.runScript(TestCaseExecutor.java:448)
	at com.kms.katalon.core.main.TestCaseExecutor.doExecute(TestCaseExecutor.java:439)
	at com.kms.katalon.core.main.TestCaseExecutor.processExecutionPhase(TestCaseExecutor.java:418)
	at com.kms.katalon.core.main.TestCaseExecutor.accessMainPhase(TestCaseExecutor.java:410)
	at com.kms.katalon.core.main.TestCaseExecutor.execute(TestCaseExecutor.java:285)
	at com.kms.katalon.core.common.CommonExecutor.accessTestCaseMainPhase(CommonExecutor.java:65)
	at com.kms.katalon.core.main.TestSuiteExecutor.accessTestSuiteMainPhase(TestSuiteExecutor.java:148)
	at com.kms.katalon.core.main.TestSuiteExecutor.execute(TestSuiteExecutor.java:106)
	at com.kms.katalon.core.main.TestCaseMain.startTestSuite(TestCaseMain.java:187)
	at com.kms.katalon.core.main.TestCaseMain$startTestSuite$0.call(Unknown Source)
	at TempTestSuite1696485610604.run(TempTestSuite1696485610604.groovy:36)
"/>
         <system-out><![CDATA[2023-10-05 13:07:40 - [TEST_CASE][FAILED] - Test Cases/Product Ecommerce/TC-PEN-007: Test Cases/Product Ecommerce/TC-PEN-007 FAILED.
Reason:
Assertion failed: 

assert accept_button_message == "Please input Valid."
       |                     |
       ""                    false

	at TC-PEN-007.run(TC-PEN-007:53)
	at com.kms.katalon.core.main.ScriptEngine.run(ScriptEngine.java:194)
	at com.kms.katalon.core.main.ScriptEngine.runScriptAsRawText(ScriptEngine.java:119)
	at com.kms.katalon.core.main.TestCaseExecutor.runScript(TestCaseExecutor.java:448)
	at com.kms.katalon.core.main.TestCaseExecutor.doExecute(TestCaseExecutor.java:439)
	at com.kms.katalon.core.main.TestCaseExecutor.processExecutionPhase(TestCaseExecutor.java:418)
	at com.kms.katalon.core.main.TestCaseExecutor.accessMainPhase(TestCaseExecutor.java:410)
	at com.kms.katalon.core.main.TestCaseExecutor.execute(TestCaseExecutor.java:285)
	at com.kms.katalon.core.common.CommonExecutor.accessTestCaseMainPhase(CommonExecutor.java:65)
	at com.kms.katalon.core.main.TestSuiteExecutor.accessTestSuiteMainPhase(TestSuiteExecutor.java:148)
	at com.kms.katalon.core.main.TestSuiteExecutor.execute(TestSuiteExecutor.java:106)
	at com.kms.katalon.core.main.TestCaseMain.startTestSuite(TestCaseMain.java:187)
	at com.kms.katalon.core.main.TestCaseMain$startTestSuite$0.call(Unknown Source)
	at TempTestSuite1696485610604.run(TempTestSuite1696485610604.groovy:36)


2023-10-05 13:07:41 - [TEST_STEP][PASSED] - callTestCase(findTestCase("Product Ecommerce/TC-PE-001"), [:], STOP_ON_FAILURE): Call Test Case 'Test Cases/Product Ecommerce/TC-PE-001' successfully

2023-10-05 13:07:41 - [TEST_CASE][PASSED] - Test Cases/Product Ecommerce/TC-PE-001: Test Cases/Product Ecommerce/TC-PE-001

2023-10-05 13:07:41 - [TEST_STEP][PASSED] - callTestCase(findTestCase("Login Ecommerce/TC-Login Ecomerce-001"), [:], STOP_ON_FAILURE): Call Test Case 'Test Cases/Login Ecommerce/TC-Login Ecomerce-001' successfully

2023-10-05 13:07:41 - [TEST_CASE][PASSED] - Test Cases/Login Ecommerce/TC-Login Ecomerce-001: Test Cases/Login Ecommerce/TC-Login Ecomerce-001

2023-10-05 13:07:41 - [TEST_STEP][PASSED] - openBrowser(userTajalapak): Browser is opened with url: 'https://10.9.2.63/ecommerce/'

2023-10-05 13:07:41 - [MESSAGE][WARNING] - A browser is already opened. Closing browser and opening a new one

2023-10-05 13:07:42 - [MESSAGE][INFO] - Starting 'Edge Chromium' driver

2023-10-05 13:07:42 - [MESSAGE][INFO] - User set preference: ['acceptInsecureCerts', 'true']

2023-10-05 13:07:44 - [MESSAGE][INFO] - Action delay is set to 0 milliseconds

2023-10-05 13:07:46 - [MESSAGE][PASSED] - Browser is opened with url: 'https://10.9.2.63/ecommerce/'

2023-10-05 13:07:46 - [TEST_STEP][PASSED] - maximizeWindow(): Current window maximized

2023-10-05 13:07:46 - [MESSAGE][PASSED] - Current window maximized

2023-10-05 13:07:46 - [TEST_STEP][PASSED] - verifyElementPresent(findTestObject("Login Ecommerce/Verifikasi Halaman Login Akun"), 0): Object 'Object Repository/Login Ecommerce/Verifikasi Halaman Login Akun' is present

2023-10-05 13:07:46 - [MESSAGE][WARNING] - Timeout '0' is invalid. Using default page load timeout: '30'

2023-10-05 13:07:47 - [MESSAGE][PASSED] - Object 'Object Repository/Login Ecommerce/Verifikasi Halaman Login Akun' is present

2023-10-05 13:07:47 - [TEST_STEP][PASSED] - click(findTestObject("Login Ecommerce/Login Akun")): Object: 'Object Repository/Login Ecommerce/Login Akun' is clicked on

2023-10-05 13:07:47 - [MESSAGE][PASSED] - Object: 'Object Repository/Login Ecommerce/Login Akun' is clicked on

2023-10-05 13:07:47 - [TEST_STEP][PASSED] - verifyElementPresent(findTestObject("Login Ecommerce/Verifikasi Halaman Login Akun"), 0): Object 'Object Repository/Login Ecommerce/Verifikasi Halaman Login Akun' is present

2023-10-05 13:07:47 - [MESSAGE][WARNING] - Timeout '0' is invalid. Using default page load timeout: '30'

2023-10-05 13:07:48 - [MESSAGE][PASSED] - Object 'Object Repository/Login Ecommerce/Verifikasi Halaman Login Akun' is present

2023-10-05 13:07:48 - [TEST_STEP][PASSED] - setText(findTestObject("Login Ecommerce/Input Username"), "riswandha"): Text 'riswandha' is set on object 'Object Repository/Login Ecommerce/Input Username'

2023-10-05 13:07:49 - [MESSAGE][PASSED] - Text 'riswandha' is set on object 'Object Repository/Login Ecommerce/Input Username'

2023-10-05 13:07:49 - [TEST_STEP][PASSED] - setEncryptedText(findTestObject("Login Ecommerce/Input Password"), "iGDxf8hSRT4="): Text ****** has been set on object 'Object Repository/Login Ecommerce/Input Password'

2023-10-05 13:07:49 - [MESSAGE][PASSED] - Text ****** has been set on object 'Object Repository/Login Ecommerce/Input Password'

2023-10-05 13:07:49 - [TEST_STEP][PASSED] - click(findTestObject("Login Ecommerce/Button Masuk")): Object: 'Object Repository/Login Ecommerce/Button Masuk' is clicked on

2023-10-05 13:07:50 - [MESSAGE][PASSED] - Object: 'Object Repository/Login Ecommerce/Button Masuk' is clicked on

2023-10-05 13:07:50 - [TEST_STEP][PASSED] - verifyElementPresent(findTestObject("Login Ecommerce/Verifikasi Login Akun"), 0): Object 'Object Repository/Login Ecommerce/Verifikasi Login Akun' is present

2023-10-05 13:07:50 - [MESSAGE][WARNING] - Timeout '0' is invalid. Using default page load timeout: '30'

2023-10-05 13:07:51 - [MESSAGE][PASSED] - Object 'Object Repository/Login Ecommerce/Verifikasi Login Akun' is present

2023-10-05 13:07:51 - [MESSAGE][PASSED] - Call Test Case 'Test Cases/Login Ecommerce/TC-Login Ecomerce-001' successfully

2023-10-05 13:07:51 - [TEST_STEP][PASSED] - mouseOver(findTestObject("Product Ecommerce/Button Menu toko")): Object: 'Object Repository/Product Ecommerce/Button Menu toko' is hovered

2023-10-05 13:07:52 - [MESSAGE][PASSED] - Object: 'Object Repository/Product Ecommerce/Button Menu toko' is hovered

2023-10-05 13:07:52 - [TEST_STEP][PASSED] - click(findTestObject("Product Ecommerce/Button Daftar Produk")): Object: 'Object Repository/Product Ecommerce/Button Daftar Produk' is clicked on

2023-10-05 13:07:53 - [MESSAGE][PASSED] - Object: 'Object Repository/Product Ecommerce/Button Daftar Produk' is clicked on

2023-10-05 13:07:53 - [TEST_STEP][PASSED] - verifyElementPresent(findTestObject("Product Ecommerce/Verifikasi Halaman Product Anda"), 0): Object 'Object Repository/Product Ecommerce/Verifikasi Halaman Product Anda' is present

2023-10-05 13:07:53 - [MESSAGE][WARNING] - Timeout '0' is invalid. Using default page load timeout: '30'

2023-10-05 13:07:53 - [MESSAGE][PASSED] - Object 'Object Repository/Product Ecommerce/Verifikasi Halaman Product Anda' is present

2023-10-05 13:07:53 - [MESSAGE][PASSED] - Call Test Case 'Test Cases/Product Ecommerce/TC-PE-001' successfully

2023-10-05 13:07:53 - [TEST_STEP][PASSED] - mouseOver(findTestObject("Product Ecommerce/Image Gambar produk 1")): Object: 'Object Repository/Product Ecommerce/Image Gambar produk 1' is hovered

2023-10-05 13:07:54 - [MESSAGE][PASSED] - Object: 'Object Repository/Product Ecommerce/Image Gambar produk 1' is hovered

2023-10-05 13:07:54 - [TEST_STEP][PASSED] - click(findTestObject("Product Ecommerce/Tambahkan Product/Edit Data")): Object: 'Object Repository/Product Ecommerce/Tambahkan Product/Edit Data' is clicked on

2023-10-05 13:07:55 - [MESSAGE][PASSED] - Object: 'Object Repository/Product Ecommerce/Tambahkan Product/Edit Data' is clicked on

2023-10-05 13:07:55 - [TEST_STEP][PASSED] - click(findTestObject("Product Ecommerce/Kupon/Button Buat Product")): Object: 'Object Repository/Product Ecommerce/Kupon/Button Buat Product' is clicked on

2023-10-05 13:07:55 - [MESSAGE][PASSED] - Object: 'Object Repository/Product Ecommerce/Kupon/Button Buat Product' is clicked on

2023-10-05 13:07:55 - [TEST_STEP][PASSED] - verifyElementPresent(findTestObject("Product Ecommerce/Kupon/Verifikasi Halaman Voucher Product"), 0): Object 'Object Repository/Product Ecommerce/Kupon/Verifikasi Halaman Voucher Product' is present

2023-10-05 13:07:55 - [MESSAGE][WARNING] - Timeout '0' is invalid. Using default page load timeout: '30'

2023-10-05 13:07:56 - [MESSAGE][PASSED] - Object 'Object Repository/Product Ecommerce/Kupon/Verifikasi Halaman Voucher Product' is present

2023-10-05 13:07:56 - [TEST_STEP][PASSED] - click(findTestObject("Product Ecommerce/Kupon/Button Edit Voucher")): Object: 'Object Repository/Product Ecommerce/Kupon/Button Edit Voucher' is clicked on

2023-10-05 13:07:56 - [MESSAGE][PASSED] - Object: 'Object Repository/Product Ecommerce/Kupon/Button Edit Voucher' is clicked on

2023-10-05 13:07:56 - [TEST_STEP][PASSED] - setText(findTestObject("Product Ecommerce/Kupon/Input Jumlah Kode kupon"), "-1"): Text '-1' is set on object 'Object Repository/Product Ecommerce/Kupon/Input Jumlah Kode kupon'

2023-10-05 13:07:57 - [MESSAGE][PASSED] - Text '-1' is set on object 'Object Repository/Product Ecommerce/Kupon/Input Jumlah Kode kupon'

2023-10-05 13:07:57 - [TEST_STEP][PASSED] - click(findTestObject("Product Ecommerce/Kupon/Button Simpan")): Object: 'Object Repository/Product Ecommerce/Kupon/Button Simpan' is clicked on

2023-10-05 13:07:58 - [MESSAGE][PASSED] - Object: 'Object Repository/Product Ecommerce/Kupon/Button Simpan' is clicked on

2023-10-05 13:07:58 - [TEST_STEP][PASSED] - driver = getWebDriver(): null

2023-10-05 13:07:58 - [TEST_STEP][PASSED] - field_username_element = driver.findElement(By.xpath("//input[@id="jumlah_kupon"]")): null

2023-10-05 13:07:59 - [TEST_STEP][PASSED] - accept_button_message = driver.executeScript("return arguments[0].validationMessage", field_username_element): null

2023-10-05 13:07:59 - [TEST_STEP][PASSED] - println(accept_button_message): null

2023-10-05 13:07:59 - [TEST_STEP][FAILED] - assert accept_button_message == "Please input Valid.": Test Cases/Product Ecommerce/TC-PEN-007 FAILED.
Reason:
Assertion failed: 

assert accept_button_message == "Please input Valid."
       |                     |
       ""                    false

	at TC-PEN-007.run(TC-PEN-007:53)
	at com.kms.katalon.core.main.ScriptEngine.run(ScriptEngine.java:194)
	at com.kms.katalon.core.main.ScriptEngine.runScriptAsRawText(ScriptEngine.java:119)
	at com.kms.katalon.core.main.TestCaseExecutor.runScript(TestCaseExecutor.java:448)
	at com.kms.katalon.core.main.TestCaseExecutor.doExecute(TestCaseExecutor.java:439)
	at com.kms.katalon.core.main.TestCaseExecutor.processExecutionPhase(TestCaseExecutor.java:418)
	at com.kms.katalon.core.main.TestCaseExecutor.accessMainPhase(TestCaseExecutor.java:410)
	at com.kms.katalon.core.main.TestCaseExecutor.execute(TestCaseExecutor.java:285)
	at com.kms.katalon.core.common.CommonExecutor.accessTestCaseMainPhase(CommonExecutor.java:65)
	at com.kms.katalon.core.main.TestSuiteExecutor.accessTestSuiteMainPhase(TestSuiteExecutor.java:148)
	at com.kms.katalon.core.main.TestSuiteExecutor.execute(TestSuiteExecutor.java:106)
	at com.kms.katalon.core.main.TestCaseMain.startTestSuite(TestCaseMain.java:187)
	at com.kms.katalon.core.main.TestCaseMain$startTestSuite$0.call(Unknown Source)
	at TempTestSuite1696485610604.run(TempTestSuite1696485610604.groovy:36)


2023-10-05 13:07:59 - [MESSAGE][FAILED] - Test Cases/Product Ecommerce/TC-PEN-007 FAILED.
Reason:
Assertion failed: 

assert accept_button_message == "Please input Valid."
       |                     |
       ""                    false

	at TC-PEN-007.run(TC-PEN-007:53)
	at com.kms.katalon.core.main.ScriptEngine.run(ScriptEngine.java:194)
	at com.kms.katalon.core.main.ScriptEngine.runScriptAsRawText(ScriptEngine.java:119)
	at com.kms.katalon.core.main.TestCaseExecutor.runScript(TestCaseExecutor.java:448)
	at com.kms.katalon.core.main.TestCaseExecutor.doExecute(TestCaseExecutor.java:439)
	at com.kms.katalon.core.main.TestCaseExecutor.processExecutionPhase(TestCaseExecutor.java:418)
	at com.kms.katalon.core.main.TestCaseExecutor.accessMainPhase(TestCaseExecutor.java:410)
	at com.kms.katalon.core.main.TestCaseExecutor.execute(TestCaseExecutor.java:285)
	at com.kms.katalon.core.common.CommonExecutor.accessTestCaseMainPhase(CommonExecutor.java:65)
	at com.kms.katalon.core.main.TestSuiteExecutor.accessTestSuiteMainPhase(TestSuiteExecutor.java:148)
	at com.kms.katalon.core.main.TestSuiteExecutor.execute(TestSuiteExecutor.java:106)
	at com.kms.katalon.core.main.TestCaseMain.startTestSuite(TestCaseMain.java:187)
	at com.kms.katalon.core.main.TestCaseMain$startTestSuite$0.call(Unknown Source)
	at TempTestSuite1696485610604.run(TempTestSuite1696485610604.groovy:36)]]></system-out>
         <system-err><![CDATA[2023-10-05 13:07:40 - [TEST_CASE][FAILED] - Test Cases/Product Ecommerce/TC-PEN-007: Test Cases/Product Ecommerce/TC-PEN-007 FAILED.
Reason:
Assertion failed: 

assert accept_button_message == "Please input Valid."
       |                     |
       ""                    false

	at TC-PEN-007.run(TC-PEN-007:53)
	at com.kms.katalon.core.main.ScriptEngine.run(ScriptEngine.java:194)
	at com.kms.katalon.core.main.ScriptEngine.runScriptAsRawText(ScriptEngine.java:119)
	at com.kms.katalon.core.main.TestCaseExecutor.runScript(TestCaseExecutor.java:448)
	at com.kms.katalon.core.main.TestCaseExecutor.doExecute(TestCaseExecutor.java:439)
	at com.kms.katalon.core.main.TestCaseExecutor.processExecutionPhase(TestCaseExecutor.java:418)
	at com.kms.katalon.core.main.TestCaseExecutor.accessMainPhase(TestCaseExecutor.java:410)
	at com.kms.katalon.core.main.TestCaseExecutor.execute(TestCaseExecutor.java:285)
	at com.kms.katalon.core.common.CommonExecutor.accessTestCaseMainPhase(CommonExecutor.java:65)
	at com.kms.katalon.core.main.TestSuiteExecutor.accessTestSuiteMainPhase(TestSuiteExecutor.java:148)
	at com.kms.katalon.core.main.TestSuiteExecutor.execute(TestSuiteExecutor.java:106)
	at com.kms.katalon.core.main.TestCaseMain.startTestSuite(TestCaseMain.java:187)
	at com.kms.katalon.core.main.TestCaseMain$startTestSuite$0.call(Unknown Source)
	at TempTestSuite1696485610604.run(TempTestSuite1696485610604.groovy:36)]]></system-err>
      </testcase>
      <testcase name="Test Cases/Product Ecommerce/TC-PEN-008" time="19.419" classname="Test Cases/Product Ecommerce/TC-PEN-008" status="FAILED">
         <failure type="FAILED" message="Test Cases/Product Ecommerce/TC-PEN-008 FAILED.
Reason:
Assertion failed: 

assert accept_button_message == &quot;Please input Valid.&quot;
       |                     |
       &quot;&quot;                    false

	at TC-PEN-008.run(TC-PEN-008:53)
	at com.kms.katalon.core.main.ScriptEngine.run(ScriptEngine.java:194)
	at com.kms.katalon.core.main.ScriptEngine.runScriptAsRawText(ScriptEngine.java:119)
	at com.kms.katalon.core.main.TestCaseExecutor.runScript(TestCaseExecutor.java:448)
	at com.kms.katalon.core.main.TestCaseExecutor.doExecute(TestCaseExecutor.java:439)
	at com.kms.katalon.core.main.TestCaseExecutor.processExecutionPhase(TestCaseExecutor.java:418)
	at com.kms.katalon.core.main.TestCaseExecutor.accessMainPhase(TestCaseExecutor.java:410)
	at com.kms.katalon.core.main.TestCaseExecutor.execute(TestCaseExecutor.java:285)
	at com.kms.katalon.core.common.CommonExecutor.accessTestCaseMainPhase(CommonExecutor.java:65)
	at com.kms.katalon.core.main.TestSuiteExecutor.accessTestSuiteMainPhase(TestSuiteExecutor.java:148)
	at com.kms.katalon.core.main.TestSuiteExecutor.execute(TestSuiteExecutor.java:106)
	at com.kms.katalon.core.main.TestCaseMain.startTestSuite(TestCaseMain.java:187)
	at com.kms.katalon.core.main.TestCaseMain$startTestSuite$0.call(Unknown Source)
	at TempTestSuite1696485610604.run(TempTestSuite1696485610604.groovy:36)
"/>
         <system-out><![CDATA[2023-10-05 13:07:59 - [TEST_CASE][FAILED] - Test Cases/Product Ecommerce/TC-PEN-008: Test Cases/Product Ecommerce/TC-PEN-008 FAILED.
Reason:
Assertion failed: 

assert accept_button_message == "Please input Valid."
       |                     |
       ""                    false

	at TC-PEN-008.run(TC-PEN-008:53)
	at com.kms.katalon.core.main.ScriptEngine.run(ScriptEngine.java:194)
	at com.kms.katalon.core.main.ScriptEngine.runScriptAsRawText(ScriptEngine.java:119)
	at com.kms.katalon.core.main.TestCaseExecutor.runScript(TestCaseExecutor.java:448)
	at com.kms.katalon.core.main.TestCaseExecutor.doExecute(TestCaseExecutor.java:439)
	at com.kms.katalon.core.main.TestCaseExecutor.processExecutionPhase(TestCaseExecutor.java:418)
	at com.kms.katalon.core.main.TestCaseExecutor.accessMainPhase(TestCaseExecutor.java:410)
	at com.kms.katalon.core.main.TestCaseExecutor.execute(TestCaseExecutor.java:285)
	at com.kms.katalon.core.common.CommonExecutor.accessTestCaseMainPhase(CommonExecutor.java:65)
	at com.kms.katalon.core.main.TestSuiteExecutor.accessTestSuiteMainPhase(TestSuiteExecutor.java:148)
	at com.kms.katalon.core.main.TestSuiteExecutor.execute(TestSuiteExecutor.java:106)
	at com.kms.katalon.core.main.TestCaseMain.startTestSuite(TestCaseMain.java:187)
	at com.kms.katalon.core.main.TestCaseMain$startTestSuite$0.call(Unknown Source)
	at TempTestSuite1696485610604.run(TempTestSuite1696485610604.groovy:36)


2023-10-05 13:07:59 - [TEST_STEP][PASSED] - callTestCase(findTestCase("Product Ecommerce/TC-PE-001"), [:], STOP_ON_FAILURE): Call Test Case 'Test Cases/Product Ecommerce/TC-PE-001' successfully

2023-10-05 13:07:59 - [TEST_CASE][PASSED] - Test Cases/Product Ecommerce/TC-PE-001: Test Cases/Product Ecommerce/TC-PE-001

2023-10-05 13:07:59 - [TEST_STEP][PASSED] - callTestCase(findTestCase("Login Ecommerce/TC-Login Ecomerce-001"), [:], STOP_ON_FAILURE): Call Test Case 'Test Cases/Login Ecommerce/TC-Login Ecomerce-001' successfully

2023-10-05 13:07:59 - [TEST_CASE][PASSED] - Test Cases/Login Ecommerce/TC-Login Ecomerce-001: Test Cases/Login Ecommerce/TC-Login Ecomerce-001

2023-10-05 13:07:59 - [TEST_STEP][PASSED] - openBrowser(userTajalapak): Browser is opened with url: 'https://10.9.2.63/ecommerce/'

2023-10-05 13:07:59 - [MESSAGE][WARNING] - A browser is already opened. Closing browser and opening a new one

2023-10-05 13:08:00 - [MESSAGE][INFO] - Starting 'Edge Chromium' driver

2023-10-05 13:08:00 - [MESSAGE][INFO] - User set preference: ['acceptInsecureCerts', 'true']

2023-10-05 13:08:02 - [MESSAGE][INFO] - Action delay is set to 0 milliseconds

2023-10-05 13:08:05 - [MESSAGE][PASSED] - Browser is opened with url: 'https://10.9.2.63/ecommerce/'

2023-10-05 13:08:05 - [TEST_STEP][PASSED] - maximizeWindow(): Current window maximized

2023-10-05 13:08:05 - [MESSAGE][PASSED] - Current window maximized

2023-10-05 13:08:05 - [TEST_STEP][PASSED] - verifyElementPresent(findTestObject("Login Ecommerce/Verifikasi Halaman Login Akun"), 0): Object 'Object Repository/Login Ecommerce/Verifikasi Halaman Login Akun' is present

2023-10-05 13:08:06 - [MESSAGE][WARNING] - Timeout '0' is invalid. Using default page load timeout: '30'

2023-10-05 13:08:06 - [MESSAGE][PASSED] - Object 'Object Repository/Login Ecommerce/Verifikasi Halaman Login Akun' is present

2023-10-05 13:08:06 - [TEST_STEP][PASSED] - click(findTestObject("Login Ecommerce/Login Akun")): Object: 'Object Repository/Login Ecommerce/Login Akun' is clicked on

2023-10-05 13:08:07 - [MESSAGE][PASSED] - Object: 'Object Repository/Login Ecommerce/Login Akun' is clicked on

2023-10-05 13:08:07 - [TEST_STEP][PASSED] - verifyElementPresent(findTestObject("Login Ecommerce/Verifikasi Halaman Login Akun"), 0): Object 'Object Repository/Login Ecommerce/Verifikasi Halaman Login Akun' is present

2023-10-05 13:08:07 - [MESSAGE][WARNING] - Timeout '0' is invalid. Using default page load timeout: '30'

2023-10-05 13:08:07 - [MESSAGE][PASSED] - Object 'Object Repository/Login Ecommerce/Verifikasi Halaman Login Akun' is present

2023-10-05 13:08:07 - [TEST_STEP][PASSED] - setText(findTestObject("Login Ecommerce/Input Username"), "riswandha"): Text 'riswandha' is set on object 'Object Repository/Login Ecommerce/Input Username'

2023-10-05 13:08:08 - [MESSAGE][PASSED] - Text 'riswandha' is set on object 'Object Repository/Login Ecommerce/Input Username'

2023-10-05 13:08:08 - [TEST_STEP][PASSED] - setEncryptedText(findTestObject("Login Ecommerce/Input Password"), "iGDxf8hSRT4="): Text ****** has been set on object 'Object Repository/Login Ecommerce/Input Password'

2023-10-05 13:08:09 - [MESSAGE][PASSED] - Text ****** has been set on object 'Object Repository/Login Ecommerce/Input Password'

2023-10-05 13:08:09 - [TEST_STEP][PASSED] - click(findTestObject("Login Ecommerce/Button Masuk")): Object: 'Object Repository/Login Ecommerce/Button Masuk' is clicked on

2023-10-05 13:08:10 - [MESSAGE][PASSED] - Object: 'Object Repository/Login Ecommerce/Button Masuk' is clicked on

2023-10-05 13:08:10 - [TEST_STEP][PASSED] - verifyElementPresent(findTestObject("Login Ecommerce/Verifikasi Login Akun"), 0): Object 'Object Repository/Login Ecommerce/Verifikasi Login Akun' is present

2023-10-05 13:08:10 - [MESSAGE][WARNING] - Timeout '0' is invalid. Using default page load timeout: '30'

2023-10-05 13:08:10 - [MESSAGE][PASSED] - Object 'Object Repository/Login Ecommerce/Verifikasi Login Akun' is present

2023-10-05 13:08:10 - [MESSAGE][PASSED] - Call Test Case 'Test Cases/Login Ecommerce/TC-Login Ecomerce-001' successfully

2023-10-05 13:08:10 - [TEST_STEP][PASSED] - mouseOver(findTestObject("Product Ecommerce/Button Menu toko")): Object: 'Object Repository/Product Ecommerce/Button Menu toko' is hovered

2023-10-05 13:08:11 - [MESSAGE][PASSED] - Object: 'Object Repository/Product Ecommerce/Button Menu toko' is hovered

2023-10-05 13:08:11 - [TEST_STEP][PASSED] - click(findTestObject("Product Ecommerce/Button Daftar Produk")): Object: 'Object Repository/Product Ecommerce/Button Daftar Produk' is clicked on

2023-10-05 13:08:12 - [MESSAGE][PASSED] - Object: 'Object Repository/Product Ecommerce/Button Daftar Produk' is clicked on

2023-10-05 13:08:12 - [TEST_STEP][PASSED] - verifyElementPresent(findTestObject("Product Ecommerce/Verifikasi Halaman Product Anda"), 0): Object 'Object Repository/Product Ecommerce/Verifikasi Halaman Product Anda' is present

2023-10-05 13:08:12 - [MESSAGE][WARNING] - Timeout '0' is invalid. Using default page load timeout: '30'

2023-10-05 13:08:13 - [MESSAGE][PASSED] - Object 'Object Repository/Product Ecommerce/Verifikasi Halaman Product Anda' is present

2023-10-05 13:08:13 - [MESSAGE][PASSED] - Call Test Case 'Test Cases/Product Ecommerce/TC-PE-001' successfully

2023-10-05 13:08:13 - [TEST_STEP][PASSED] - mouseOver(findTestObject("Product Ecommerce/Image Gambar produk 1")): Object: 'Object Repository/Product Ecommerce/Image Gambar produk 1' is hovered

2023-10-05 13:08:13 - [MESSAGE][PASSED] - Object: 'Object Repository/Product Ecommerce/Image Gambar produk 1' is hovered

2023-10-05 13:08:13 - [TEST_STEP][PASSED] - click(findTestObject("Product Ecommerce/Tambahkan Product/Edit Data")): Object: 'Object Repository/Product Ecommerce/Tambahkan Product/Edit Data' is clicked on

2023-10-05 13:08:14 - [MESSAGE][PASSED] - Object: 'Object Repository/Product Ecommerce/Tambahkan Product/Edit Data' is clicked on

2023-10-05 13:08:14 - [TEST_STEP][PASSED] - click(findTestObject("Product Ecommerce/Kupon/Button Buat Product")): Object: 'Object Repository/Product Ecommerce/Kupon/Button Buat Product' is clicked on

2023-10-05 13:08:15 - [MESSAGE][PASSED] - Object: 'Object Repository/Product Ecommerce/Kupon/Button Buat Product' is clicked on

2023-10-05 13:08:15 - [TEST_STEP][PASSED] - verifyElementPresent(findTestObject("Product Ecommerce/Kupon/Verifikasi Halaman Voucher Product"), 0): Object 'Object Repository/Product Ecommerce/Kupon/Verifikasi Halaman Voucher Product' is present

2023-10-05 13:08:15 - [MESSAGE][WARNING] - Timeout '0' is invalid. Using default page load timeout: '30'

2023-10-05 13:08:15 - [MESSAGE][PASSED] - Object 'Object Repository/Product Ecommerce/Kupon/Verifikasi Halaman Voucher Product' is present

2023-10-05 13:08:15 - [TEST_STEP][PASSED] - click(findTestObject("Product Ecommerce/Kupon/Button Edit Voucher")): Object: 'Object Repository/Product Ecommerce/Kupon/Button Edit Voucher' is clicked on

2023-10-05 13:08:16 - [MESSAGE][PASSED] - Object: 'Object Repository/Product Ecommerce/Kupon/Button Edit Voucher' is clicked on

2023-10-05 13:08:16 - [TEST_STEP][PASSED] - setText(findTestObject("Product Ecommerce/Kupon/Input Masa Berlaku"), "11-11-1111"): Text '11-11-1111' is set on object 'Object Repository/Product Ecommerce/Kupon/Input Masa Berlaku'

2023-10-05 13:08:17 - [MESSAGE][PASSED] - Text '11-11-1111' is set on object 'Object Repository/Product Ecommerce/Kupon/Input Masa Berlaku'

2023-10-05 13:08:17 - [TEST_STEP][PASSED] - click(findTestObject("Product Ecommerce/Kupon/Button Simpan")): Object: 'Object Repository/Product Ecommerce/Kupon/Button Simpan' is clicked on

2023-10-05 13:08:17 - [MESSAGE][PASSED] - Object: 'Object Repository/Product Ecommerce/Kupon/Button Simpan' is clicked on

2023-10-05 13:08:17 - [TEST_STEP][PASSED] - driver = getWebDriver(): null

2023-10-05 13:08:17 - [TEST_STEP][PASSED] - field_username_element = driver.findElement(By.xpath("//input[@id="expire_date"]")): null

2023-10-05 13:08:18 - [TEST_STEP][PASSED] - accept_button_message = driver.executeScript("return arguments[0].validationMessage", field_username_element): null

2023-10-05 13:08:18 - [TEST_STEP][PASSED] - println(accept_button_message): null

2023-10-05 13:08:18 - [TEST_STEP][FAILED] - assert accept_button_message == "Please input Valid.": Test Cases/Product Ecommerce/TC-PEN-008 FAILED.
Reason:
Assertion failed: 

assert accept_button_message == "Please input Valid."
       |                     |
       ""                    false

	at TC-PEN-008.run(TC-PEN-008:53)
	at com.kms.katalon.core.main.ScriptEngine.run(ScriptEngine.java:194)
	at com.kms.katalon.core.main.ScriptEngine.runScriptAsRawText(ScriptEngine.java:119)
	at com.kms.katalon.core.main.TestCaseExecutor.runScript(TestCaseExecutor.java:448)
	at com.kms.katalon.core.main.TestCaseExecutor.doExecute(TestCaseExecutor.java:439)
	at com.kms.katalon.core.main.TestCaseExecutor.processExecutionPhase(TestCaseExecutor.java:418)
	at com.kms.katalon.core.main.TestCaseExecutor.accessMainPhase(TestCaseExecutor.java:410)
	at com.kms.katalon.core.main.TestCaseExecutor.execute(TestCaseExecutor.java:285)
	at com.kms.katalon.core.common.CommonExecutor.accessTestCaseMainPhase(CommonExecutor.java:65)
	at com.kms.katalon.core.main.TestSuiteExecutor.accessTestSuiteMainPhase(TestSuiteExecutor.java:148)
	at com.kms.katalon.core.main.TestSuiteExecutor.execute(TestSuiteExecutor.java:106)
	at com.kms.katalon.core.main.TestCaseMain.startTestSuite(TestCaseMain.java:187)
	at com.kms.katalon.core.main.TestCaseMain$startTestSuite$0.call(Unknown Source)
	at TempTestSuite1696485610604.run(TempTestSuite1696485610604.groovy:36)


2023-10-05 13:08:18 - [MESSAGE][FAILED] - Test Cases/Product Ecommerce/TC-PEN-008 FAILED.
Reason:
Assertion failed: 

assert accept_button_message == "Please input Valid."
       |                     |
       ""                    false

	at TC-PEN-008.run(TC-PEN-008:53)
	at com.kms.katalon.core.main.ScriptEngine.run(ScriptEngine.java:194)
	at com.kms.katalon.core.main.ScriptEngine.runScriptAsRawText(ScriptEngine.java:119)
	at com.kms.katalon.core.main.TestCaseExecutor.runScript(TestCaseExecutor.java:448)
	at com.kms.katalon.core.main.TestCaseExecutor.doExecute(TestCaseExecutor.java:439)
	at com.kms.katalon.core.main.TestCaseExecutor.processExecutionPhase(TestCaseExecutor.java:418)
	at com.kms.katalon.core.main.TestCaseExecutor.accessMainPhase(TestCaseExecutor.java:410)
	at com.kms.katalon.core.main.TestCaseExecutor.execute(TestCaseExecutor.java:285)
	at com.kms.katalon.core.common.CommonExecutor.accessTestCaseMainPhase(CommonExecutor.java:65)
	at com.kms.katalon.core.main.TestSuiteExecutor.accessTestSuiteMainPhase(TestSuiteExecutor.java:148)
	at com.kms.katalon.core.main.TestSuiteExecutor.execute(TestSuiteExecutor.java:106)
	at com.kms.katalon.core.main.TestCaseMain.startTestSuite(TestCaseMain.java:187)
	at com.kms.katalon.core.main.TestCaseMain$startTestSuite$0.call(Unknown Source)
	at TempTestSuite1696485610604.run(TempTestSuite1696485610604.groovy:36)]]></system-out>
         <system-err><![CDATA[2023-10-05 13:07:59 - [TEST_CASE][FAILED] - Test Cases/Product Ecommerce/TC-PEN-008: Test Cases/Product Ecommerce/TC-PEN-008 FAILED.
Reason:
Assertion failed: 

assert accept_button_message == "Please input Valid."
       |                     |
       ""                    false

	at TC-PEN-008.run(TC-PEN-008:53)
	at com.kms.katalon.core.main.ScriptEngine.run(ScriptEngine.java:194)
	at com.kms.katalon.core.main.ScriptEngine.runScriptAsRawText(ScriptEngine.java:119)
	at com.kms.katalon.core.main.TestCaseExecutor.runScript(TestCaseExecutor.java:448)
	at com.kms.katalon.core.main.TestCaseExecutor.doExecute(TestCaseExecutor.java:439)
	at com.kms.katalon.core.main.TestCaseExecutor.processExecutionPhase(TestCaseExecutor.java:418)
	at com.kms.katalon.core.main.TestCaseExecutor.accessMainPhase(TestCaseExecutor.java:410)
	at com.kms.katalon.core.main.TestCaseExecutor.execute(TestCaseExecutor.java:285)
	at com.kms.katalon.core.common.CommonExecutor.accessTestCaseMainPhase(CommonExecutor.java:65)
	at com.kms.katalon.core.main.TestSuiteExecutor.accessTestSuiteMainPhase(TestSuiteExecutor.java:148)
	at com.kms.katalon.core.main.TestSuiteExecutor.execute(TestSuiteExecutor.java:106)
	at com.kms.katalon.core.main.TestCaseMain.startTestSuite(TestCaseMain.java:187)
	at com.kms.katalon.core.main.TestCaseMain$startTestSuite$0.call(Unknown Source)
	at TempTestSuite1696485610604.run(TempTestSuite1696485610604.groovy:36)]]></system-err>
      </testcase>
      <testcase name="Test Cases/Product Ecommerce/TC-PEN-009" time="20.192" classname="Test Cases/Product Ecommerce/TC-PEN-009" status="FAILED">
         <failure type="FAILED" message="Test Cases/Product Ecommerce/TC-PEN-009 FAILED.
Reason:
Assertion failed: 

assert accept_button_message == &quot;Please input Valid.&quot;
       |                     |
       &quot;&quot;                    false

	at TC-PEN-009.run(TC-PEN-009:53)
	at com.kms.katalon.core.main.ScriptEngine.run(ScriptEngine.java:194)
	at com.kms.katalon.core.main.ScriptEngine.runScriptAsRawText(ScriptEngine.java:119)
	at com.kms.katalon.core.main.TestCaseExecutor.runScript(TestCaseExecutor.java:448)
	at com.kms.katalon.core.main.TestCaseExecutor.doExecute(TestCaseExecutor.java:439)
	at com.kms.katalon.core.main.TestCaseExecutor.processExecutionPhase(TestCaseExecutor.java:418)
	at com.kms.katalon.core.main.TestCaseExecutor.accessMainPhase(TestCaseExecutor.java:410)
	at com.kms.katalon.core.main.TestCaseExecutor.execute(TestCaseExecutor.java:285)
	at com.kms.katalon.core.common.CommonExecutor.accessTestCaseMainPhase(CommonExecutor.java:65)
	at com.kms.katalon.core.main.TestSuiteExecutor.accessTestSuiteMainPhase(TestSuiteExecutor.java:148)
	at com.kms.katalon.core.main.TestSuiteExecutor.execute(TestSuiteExecutor.java:106)
	at com.kms.katalon.core.main.TestCaseMain.startTestSuite(TestCaseMain.java:187)
	at com.kms.katalon.core.main.TestCaseMain$startTestSuite$0.call(Unknown Source)
	at TempTestSuite1696485610604.run(TempTestSuite1696485610604.groovy:36)
"/>
         <system-out><![CDATA[2023-10-05 13:08:18 - [TEST_CASE][FAILED] - Test Cases/Product Ecommerce/TC-PEN-009: Test Cases/Product Ecommerce/TC-PEN-009 FAILED.
Reason:
Assertion failed: 

assert accept_button_message == "Please input Valid."
       |                     |
       ""                    false

	at TC-PEN-009.run(TC-PEN-009:53)
	at com.kms.katalon.core.main.ScriptEngine.run(ScriptEngine.java:194)
	at com.kms.katalon.core.main.ScriptEngine.runScriptAsRawText(ScriptEngine.java:119)
	at com.kms.katalon.core.main.TestCaseExecutor.runScript(TestCaseExecutor.java:448)
	at com.kms.katalon.core.main.TestCaseExecutor.doExecute(TestCaseExecutor.java:439)
	at com.kms.katalon.core.main.TestCaseExecutor.processExecutionPhase(TestCaseExecutor.java:418)
	at com.kms.katalon.core.main.TestCaseExecutor.accessMainPhase(TestCaseExecutor.java:410)
	at com.kms.katalon.core.main.TestCaseExecutor.execute(TestCaseExecutor.java:285)
	at com.kms.katalon.core.common.CommonExecutor.accessTestCaseMainPhase(CommonExecutor.java:65)
	at com.kms.katalon.core.main.TestSuiteExecutor.accessTestSuiteMainPhase(TestSuiteExecutor.java:148)
	at com.kms.katalon.core.main.TestSuiteExecutor.execute(TestSuiteExecutor.java:106)
	at com.kms.katalon.core.main.TestCaseMain.startTestSuite(TestCaseMain.java:187)
	at com.kms.katalon.core.main.TestCaseMain$startTestSuite$0.call(Unknown Source)
	at TempTestSuite1696485610604.run(TempTestSuite1696485610604.groovy:36)


2023-10-05 13:08:18 - [TEST_STEP][PASSED] - callTestCase(findTestCase("Product Ecommerce/TC-PE-001"), [:], STOP_ON_FAILURE): Call Test Case 'Test Cases/Product Ecommerce/TC-PE-001' successfully

2023-10-05 13:08:18 - [TEST_CASE][PASSED] - Test Cases/Product Ecommerce/TC-PE-001: Test Cases/Product Ecommerce/TC-PE-001

2023-10-05 13:08:18 - [TEST_STEP][PASSED] - callTestCase(findTestCase("Login Ecommerce/TC-Login Ecomerce-001"), [:], STOP_ON_FAILURE): Call Test Case 'Test Cases/Login Ecommerce/TC-Login Ecomerce-001' successfully

2023-10-05 13:08:18 - [TEST_CASE][PASSED] - Test Cases/Login Ecommerce/TC-Login Ecomerce-001: Test Cases/Login Ecommerce/TC-Login Ecomerce-001

2023-10-05 13:08:18 - [TEST_STEP][PASSED] - openBrowser(userTajalapak): Browser is opened with url: 'https://10.9.2.63/ecommerce/'

2023-10-05 13:08:18 - [MESSAGE][WARNING] - A browser is already opened. Closing browser and opening a new one

2023-10-05 13:08:19 - [MESSAGE][INFO] - Starting 'Edge Chromium' driver

2023-10-05 13:08:19 - [MESSAGE][INFO] - User set preference: ['acceptInsecureCerts', 'true']

2023-10-05 13:08:21 - [MESSAGE][INFO] - Action delay is set to 0 milliseconds

2023-10-05 13:08:25 - [MESSAGE][PASSED] - Browser is opened with url: 'https://10.9.2.63/ecommerce/'

2023-10-05 13:08:25 - [TEST_STEP][PASSED] - maximizeWindow(): Current window maximized

2023-10-05 13:08:25 - [MESSAGE][PASSED] - Current window maximized

2023-10-05 13:08:25 - [TEST_STEP][PASSED] - verifyElementPresent(findTestObject("Login Ecommerce/Verifikasi Halaman Login Akun"), 0): Object 'Object Repository/Login Ecommerce/Verifikasi Halaman Login Akun' is present

2023-10-05 13:08:25 - [MESSAGE][WARNING] - Timeout '0' is invalid. Using default page load timeout: '30'

2023-10-05 13:08:26 - [MESSAGE][PASSED] - Object 'Object Repository/Login Ecommerce/Verifikasi Halaman Login Akun' is present

2023-10-05 13:08:26 - [TEST_STEP][PASSED] - click(findTestObject("Login Ecommerce/Login Akun")): Object: 'Object Repository/Login Ecommerce/Login Akun' is clicked on

2023-10-05 13:08:26 - [MESSAGE][PASSED] - Object: 'Object Repository/Login Ecommerce/Login Akun' is clicked on

2023-10-05 13:08:26 - [TEST_STEP][PASSED] - verifyElementPresent(findTestObject("Login Ecommerce/Verifikasi Halaman Login Akun"), 0): Object 'Object Repository/Login Ecommerce/Verifikasi Halaman Login Akun' is present

2023-10-05 13:08:26 - [MESSAGE][WARNING] - Timeout '0' is invalid. Using default page load timeout: '30'

2023-10-05 13:08:27 - [MESSAGE][PASSED] - Object 'Object Repository/Login Ecommerce/Verifikasi Halaman Login Akun' is present

2023-10-05 13:08:27 - [TEST_STEP][PASSED] - setText(findTestObject("Login Ecommerce/Input Username"), "riswandha"): Text 'riswandha' is set on object 'Object Repository/Login Ecommerce/Input Username'

2023-10-05 13:08:27 - [MESSAGE][PASSED] - Text 'riswandha' is set on object 'Object Repository/Login Ecommerce/Input Username'

2023-10-05 13:08:27 - [TEST_STEP][PASSED] - setEncryptedText(findTestObject("Login Ecommerce/Input Password"), "iGDxf8hSRT4="): Text ****** has been set on object 'Object Repository/Login Ecommerce/Input Password'

2023-10-05 13:08:28 - [MESSAGE][PASSED] - Text ****** has been set on object 'Object Repository/Login Ecommerce/Input Password'

2023-10-05 13:08:28 - [TEST_STEP][PASSED] - click(findTestObject("Login Ecommerce/Button Masuk")): Object: 'Object Repository/Login Ecommerce/Button Masuk' is clicked on

2023-10-05 13:08:29 - [MESSAGE][PASSED] - Object: 'Object Repository/Login Ecommerce/Button Masuk' is clicked on

2023-10-05 13:08:29 - [TEST_STEP][PASSED] - verifyElementPresent(findTestObject("Login Ecommerce/Verifikasi Login Akun"), 0): Object 'Object Repository/Login Ecommerce/Verifikasi Login Akun' is present

2023-10-05 13:08:30 - [MESSAGE][WARNING] - Timeout '0' is invalid. Using default page load timeout: '30'

2023-10-05 13:08:30 - [MESSAGE][PASSED] - Object 'Object Repository/Login Ecommerce/Verifikasi Login Akun' is present

2023-10-05 13:08:30 - [MESSAGE][PASSED] - Call Test Case 'Test Cases/Login Ecommerce/TC-Login Ecomerce-001' successfully

2023-10-05 13:08:30 - [TEST_STEP][PASSED] - mouseOver(findTestObject("Product Ecommerce/Button Menu toko")): Object: 'Object Repository/Product Ecommerce/Button Menu toko' is hovered

2023-10-05 13:08:31 - [MESSAGE][PASSED] - Object: 'Object Repository/Product Ecommerce/Button Menu toko' is hovered

2023-10-05 13:08:31 - [TEST_STEP][PASSED] - click(findTestObject("Product Ecommerce/Button Daftar Produk")): Object: 'Object Repository/Product Ecommerce/Button Daftar Produk' is clicked on

2023-10-05 13:08:32 - [MESSAGE][PASSED] - Object: 'Object Repository/Product Ecommerce/Button Daftar Produk' is clicked on

2023-10-05 13:08:32 - [TEST_STEP][PASSED] - verifyElementPresent(findTestObject("Product Ecommerce/Verifikasi Halaman Product Anda"), 0): Object 'Object Repository/Product Ecommerce/Verifikasi Halaman Product Anda' is present

2023-10-05 13:08:32 - [MESSAGE][WARNING] - Timeout '0' is invalid. Using default page load timeout: '30'

2023-10-05 13:08:32 - [MESSAGE][PASSED] - Object 'Object Repository/Product Ecommerce/Verifikasi Halaman Product Anda' is present

2023-10-05 13:08:32 - [MESSAGE][PASSED] - Call Test Case 'Test Cases/Product Ecommerce/TC-PE-001' successfully

2023-10-05 13:08:32 - [TEST_STEP][PASSED] - mouseOver(findTestObject("Product Ecommerce/Image Gambar produk 1")): Object: 'Object Repository/Product Ecommerce/Image Gambar produk 1' is hovered

2023-10-05 13:08:33 - [MESSAGE][PASSED] - Object: 'Object Repository/Product Ecommerce/Image Gambar produk 1' is hovered

2023-10-05 13:08:33 - [TEST_STEP][PASSED] - click(findTestObject("Product Ecommerce/Tambahkan Product/Edit Data")): Object: 'Object Repository/Product Ecommerce/Tambahkan Product/Edit Data' is clicked on

2023-10-05 13:08:34 - [MESSAGE][PASSED] - Object: 'Object Repository/Product Ecommerce/Tambahkan Product/Edit Data' is clicked on

2023-10-05 13:08:34 - [TEST_STEP][PASSED] - click(findTestObject("Product Ecommerce/Kupon/Button Buat Product")): Object: 'Object Repository/Product Ecommerce/Kupon/Button Buat Product' is clicked on

2023-10-05 13:08:35 - [MESSAGE][PASSED] - Object: 'Object Repository/Product Ecommerce/Kupon/Button Buat Product' is clicked on

2023-10-05 13:08:35 - [TEST_STEP][PASSED] - verifyElementPresent(findTestObject("Product Ecommerce/Kupon/Verifikasi Halaman Voucher Product"), 0): Object 'Object Repository/Product Ecommerce/Kupon/Verifikasi Halaman Voucher Product' is present

2023-10-05 13:08:35 - [MESSAGE][WARNING] - Timeout '0' is invalid. Using default page load timeout: '30'

2023-10-05 13:08:35 - [MESSAGE][PASSED] - Object 'Object Repository/Product Ecommerce/Kupon/Verifikasi Halaman Voucher Product' is present

2023-10-05 13:08:35 - [TEST_STEP][PASSED] - click(findTestObject("Product Ecommerce/Kupon/Button Edit Voucher")): Object: 'Object Repository/Product Ecommerce/Kupon/Button Edit Voucher' is clicked on

2023-10-05 13:08:36 - [MESSAGE][PASSED] - Object: 'Object Repository/Product Ecommerce/Kupon/Button Edit Voucher' is clicked on

2023-10-05 13:08:36 - [TEST_STEP][PASSED] - setText(findTestObject("Product Ecommerce/Kupon/Input Masa Berlaku"), "1945-11-11"): Text '1945-11-11' is set on object 'Object Repository/Product Ecommerce/Kupon/Input Masa Berlaku'

2023-10-05 13:08:37 - [MESSAGE][PASSED] - Text '1945-11-11' is set on object 'Object Repository/Product Ecommerce/Kupon/Input Masa Berlaku'

2023-10-05 13:08:37 - [TEST_STEP][PASSED] - click(findTestObject("Product Ecommerce/Kupon/Button Simpan")): Object: 'Object Repository/Product Ecommerce/Kupon/Button Simpan' is clicked on

2023-10-05 13:08:37 - [MESSAGE][PASSED] - Object: 'Object Repository/Product Ecommerce/Kupon/Button Simpan' is clicked on

2023-10-05 13:08:37 - [TEST_STEP][PASSED] - driver = getWebDriver(): null

2023-10-05 13:08:37 - [TEST_STEP][PASSED] - field_username_element = driver.findElement(By.xpath("//input[@id="expire_date"]")): null

2023-10-05 13:08:38 - [TEST_STEP][PASSED] - accept_button_message = driver.executeScript("return arguments[0].validationMessage", field_username_element): null

2023-10-05 13:08:38 - [TEST_STEP][PASSED] - println(accept_button_message): null

2023-10-05 13:08:38 - [TEST_STEP][FAILED] - assert accept_button_message == "Please input Valid.": Test Cases/Product Ecommerce/TC-PEN-009 FAILED.
Reason:
Assertion failed: 

assert accept_button_message == "Please input Valid."
       |                     |
       ""                    false

	at TC-PEN-009.run(TC-PEN-009:53)
	at com.kms.katalon.core.main.ScriptEngine.run(ScriptEngine.java:194)
	at com.kms.katalon.core.main.ScriptEngine.runScriptAsRawText(ScriptEngine.java:119)
	at com.kms.katalon.core.main.TestCaseExecutor.runScript(TestCaseExecutor.java:448)
	at com.kms.katalon.core.main.TestCaseExecutor.doExecute(TestCaseExecutor.java:439)
	at com.kms.katalon.core.main.TestCaseExecutor.processExecutionPhase(TestCaseExecutor.java:418)
	at com.kms.katalon.core.main.TestCaseExecutor.accessMainPhase(TestCaseExecutor.java:410)
	at com.kms.katalon.core.main.TestCaseExecutor.execute(TestCaseExecutor.java:285)
	at com.kms.katalon.core.common.CommonExecutor.accessTestCaseMainPhase(CommonExecutor.java:65)
	at com.kms.katalon.core.main.TestSuiteExecutor.accessTestSuiteMainPhase(TestSuiteExecutor.java:148)
	at com.kms.katalon.core.main.TestSuiteExecutor.execute(TestSuiteExecutor.java:106)
	at com.kms.katalon.core.main.TestCaseMain.startTestSuite(TestCaseMain.java:187)
	at com.kms.katalon.core.main.TestCaseMain$startTestSuite$0.call(Unknown Source)
	at TempTestSuite1696485610604.run(TempTestSuite1696485610604.groovy:36)


2023-10-05 13:08:38 - [MESSAGE][FAILED] - Test Cases/Product Ecommerce/TC-PEN-009 FAILED.
Reason:
Assertion failed: 

assert accept_button_message == "Please input Valid."
       |                     |
       ""                    false

	at TC-PEN-009.run(TC-PEN-009:53)
	at com.kms.katalon.core.main.ScriptEngine.run(ScriptEngine.java:194)
	at com.kms.katalon.core.main.ScriptEngine.runScriptAsRawText(ScriptEngine.java:119)
	at com.kms.katalon.core.main.TestCaseExecutor.runScript(TestCaseExecutor.java:448)
	at com.kms.katalon.core.main.TestCaseExecutor.doExecute(TestCaseExecutor.java:439)
	at com.kms.katalon.core.main.TestCaseExecutor.processExecutionPhase(TestCaseExecutor.java:418)
	at com.kms.katalon.core.main.TestCaseExecutor.accessMainPhase(TestCaseExecutor.java:410)
	at com.kms.katalon.core.main.TestCaseExecutor.execute(TestCaseExecutor.java:285)
	at com.kms.katalon.core.common.CommonExecutor.accessTestCaseMainPhase(CommonExecutor.java:65)
	at com.kms.katalon.core.main.TestSuiteExecutor.accessTestSuiteMainPhase(TestSuiteExecutor.java:148)
	at com.kms.katalon.core.main.TestSuiteExecutor.execute(TestSuiteExecutor.java:106)
	at com.kms.katalon.core.main.TestCaseMain.startTestSuite(TestCaseMain.java:187)
	at com.kms.katalon.core.main.TestCaseMain$startTestSuite$0.call(Unknown Source)
	at TempTestSuite1696485610604.run(TempTestSuite1696485610604.groovy:36)]]></system-out>
         <system-err><![CDATA[2023-10-05 13:08:18 - [TEST_CASE][FAILED] - Test Cases/Product Ecommerce/TC-PEN-009: Test Cases/Product Ecommerce/TC-PEN-009 FAILED.
Reason:
Assertion failed: 

assert accept_button_message == "Please input Valid."
       |                     |
       ""                    false

	at TC-PEN-009.run(TC-PEN-009:53)
	at com.kms.katalon.core.main.ScriptEngine.run(ScriptEngine.java:194)
	at com.kms.katalon.core.main.ScriptEngine.runScriptAsRawText(ScriptEngine.java:119)
	at com.kms.katalon.core.main.TestCaseExecutor.runScript(TestCaseExecutor.java:448)
	at com.kms.katalon.core.main.TestCaseExecutor.doExecute(TestCaseExecutor.java:439)
	at com.kms.katalon.core.main.TestCaseExecutor.processExecutionPhase(TestCaseExecutor.java:418)
	at com.kms.katalon.core.main.TestCaseExecutor.accessMainPhase(TestCaseExecutor.java:410)
	at com.kms.katalon.core.main.TestCaseExecutor.execute(TestCaseExecutor.java:285)
	at com.kms.katalon.core.common.CommonExecutor.accessTestCaseMainPhase(CommonExecutor.java:65)
	at com.kms.katalon.core.main.TestSuiteExecutor.accessTestSuiteMainPhase(TestSuiteExecutor.java:148)
	at com.kms.katalon.core.main.TestSuiteExecutor.execute(TestSuiteExecutor.java:106)
	at com.kms.katalon.core.main.TestCaseMain.startTestSuite(TestCaseMain.java:187)
	at com.kms.katalon.core.main.TestCaseMain$startTestSuite$0.call(Unknown Source)
	at TempTestSuite1696485610604.run(TempTestSuite1696485610604.groovy:36)]]></system-err>
      </testcase>
      <testcase name="Test Cases/Product Ecommerce/TC-PEN-010" time="18.806" classname="Test Cases/Product Ecommerce/TC-PEN-010" status="PASSED">
         <system-out><![CDATA[2023-10-05 13:08:38 - [TEST_CASE][PASSED] - Test Cases/Product Ecommerce/TC-PEN-010: Test Cases/Product Ecommerce/TC-PEN-010

2023-10-05 13:08:38 - [TEST_STEP][PASSED] - callTestCase(findTestCase("Product Ecommerce/TC-PE-001"), [:], STOP_ON_FAILURE): Call Test Case 'Test Cases/Product Ecommerce/TC-PE-001' successfully

2023-10-05 13:08:39 - [TEST_CASE][PASSED] - Test Cases/Product Ecommerce/TC-PE-001: Test Cases/Product Ecommerce/TC-PE-001

2023-10-05 13:08:39 - [TEST_STEP][PASSED] - callTestCase(findTestCase("Login Ecommerce/TC-Login Ecomerce-001"), [:], STOP_ON_FAILURE): Call Test Case 'Test Cases/Login Ecommerce/TC-Login Ecomerce-001' successfully

2023-10-05 13:08:39 - [TEST_CASE][PASSED] - Test Cases/Login Ecommerce/TC-Login Ecomerce-001: Test Cases/Login Ecommerce/TC-Login Ecomerce-001

2023-10-05 13:08:39 - [TEST_STEP][PASSED] - openBrowser(userTajalapak): Browser is opened with url: 'https://10.9.2.63/ecommerce/'

2023-10-05 13:08:39 - [MESSAGE][WARNING] - A browser is already opened. Closing browser and opening a new one

2023-10-05 13:08:39 - [MESSAGE][INFO] - Starting 'Edge Chromium' driver

2023-10-05 13:08:39 - [MESSAGE][INFO] - User set preference: ['acceptInsecureCerts', 'true']

2023-10-05 13:08:42 - [MESSAGE][INFO] - Action delay is set to 0 milliseconds

2023-10-05 13:08:45 - [MESSAGE][PASSED] - Browser is opened with url: 'https://10.9.2.63/ecommerce/'

2023-10-05 13:08:45 - [TEST_STEP][PASSED] - maximizeWindow(): Current window maximized

2023-10-05 13:08:45 - [MESSAGE][PASSED] - Current window maximized

2023-10-05 13:08:45 - [TEST_STEP][PASSED] - verifyElementPresent(findTestObject("Login Ecommerce/Verifikasi Halaman Login Akun"), 0): Object 'Object Repository/Login Ecommerce/Verifikasi Halaman Login Akun' is present

2023-10-05 13:08:45 - [MESSAGE][WARNING] - Timeout '0' is invalid. Using default page load timeout: '30'

2023-10-05 13:08:46 - [MESSAGE][PASSED] - Object 'Object Repository/Login Ecommerce/Verifikasi Halaman Login Akun' is present

2023-10-05 13:08:46 - [TEST_STEP][PASSED] - click(findTestObject("Login Ecommerce/Login Akun")): Object: 'Object Repository/Login Ecommerce/Login Akun' is clicked on

2023-10-05 13:08:46 - [MESSAGE][PASSED] - Object: 'Object Repository/Login Ecommerce/Login Akun' is clicked on

2023-10-05 13:08:46 - [TEST_STEP][PASSED] - verifyElementPresent(findTestObject("Login Ecommerce/Verifikasi Halaman Login Akun"), 0): Object 'Object Repository/Login Ecommerce/Verifikasi Halaman Login Akun' is present

2023-10-05 13:08:46 - [MESSAGE][WARNING] - Timeout '0' is invalid. Using default page load timeout: '30'

2023-10-05 13:08:47 - [MESSAGE][PASSED] - Object 'Object Repository/Login Ecommerce/Verifikasi Halaman Login Akun' is present

2023-10-05 13:08:47 - [TEST_STEP][PASSED] - setText(findTestObject("Login Ecommerce/Input Username"), "riswandha"): Text 'riswandha' is set on object 'Object Repository/Login Ecommerce/Input Username'

2023-10-05 13:08:48 - [MESSAGE][PASSED] - Text 'riswandha' is set on object 'Object Repository/Login Ecommerce/Input Username'

2023-10-05 13:08:48 - [TEST_STEP][PASSED] - setEncryptedText(findTestObject("Login Ecommerce/Input Password"), "iGDxf8hSRT4="): Text ****** has been set on object 'Object Repository/Login Ecommerce/Input Password'

2023-10-05 13:08:48 - [MESSAGE][PASSED] - Text ****** has been set on object 'Object Repository/Login Ecommerce/Input Password'

2023-10-05 13:08:48 - [TEST_STEP][PASSED] - click(findTestObject("Login Ecommerce/Button Masuk")): Object: 'Object Repository/Login Ecommerce/Button Masuk' is clicked on

2023-10-05 13:08:49 - [MESSAGE][PASSED] - Object: 'Object Repository/Login Ecommerce/Button Masuk' is clicked on

2023-10-05 13:08:49 - [TEST_STEP][PASSED] - verifyElementPresent(findTestObject("Login Ecommerce/Verifikasi Login Akun"), 0): Object 'Object Repository/Login Ecommerce/Verifikasi Login Akun' is present

2023-10-05 13:08:50 - [MESSAGE][WARNING] - Timeout '0' is invalid. Using default page load timeout: '30'

2023-10-05 13:08:50 - [MESSAGE][PASSED] - Object 'Object Repository/Login Ecommerce/Verifikasi Login Akun' is present

2023-10-05 13:08:50 - [MESSAGE][PASSED] - Call Test Case 'Test Cases/Login Ecommerce/TC-Login Ecomerce-001' successfully

2023-10-05 13:08:50 - [TEST_STEP][PASSED] - mouseOver(findTestObject("Product Ecommerce/Button Menu toko")): Object: 'Object Repository/Product Ecommerce/Button Menu toko' is hovered

2023-10-05 13:08:51 - [MESSAGE][PASSED] - Object: 'Object Repository/Product Ecommerce/Button Menu toko' is hovered

2023-10-05 13:08:51 - [TEST_STEP][PASSED] - click(findTestObject("Product Ecommerce/Button Daftar Produk")): Object: 'Object Repository/Product Ecommerce/Button Daftar Produk' is clicked on

2023-10-05 13:08:52 - [MESSAGE][PASSED] - Object: 'Object Repository/Product Ecommerce/Button Daftar Produk' is clicked on

2023-10-05 13:08:52 - [TEST_STEP][PASSED] - verifyElementPresent(findTestObject("Product Ecommerce/Verifikasi Halaman Product Anda"), 0): Object 'Object Repository/Product Ecommerce/Verifikasi Halaman Product Anda' is present

2023-10-05 13:08:52 - [MESSAGE][WARNING] - Timeout '0' is invalid. Using default page load timeout: '30'

2023-10-05 13:08:52 - [MESSAGE][PASSED] - Object 'Object Repository/Product Ecommerce/Verifikasi Halaman Product Anda' is present

2023-10-05 13:08:52 - [MESSAGE][PASSED] - Call Test Case 'Test Cases/Product Ecommerce/TC-PE-001' successfully

2023-10-05 13:08:52 - [TEST_STEP][PASSED] - mouseOver(findTestObject("Product Ecommerce/Image Gambar produk 1")): Object: 'Object Repository/Product Ecommerce/Image Gambar produk 1' is hovered

2023-10-05 13:08:53 - [MESSAGE][PASSED] - Object: 'Object Repository/Product Ecommerce/Image Gambar produk 1' is hovered

2023-10-05 13:08:53 - [TEST_STEP][PASSED] - click(findTestObject("Product Ecommerce/Tambahkan Product/Edit Data")): Object: 'Object Repository/Product Ecommerce/Tambahkan Product/Edit Data' is clicked on

2023-10-05 13:08:54 - [MESSAGE][PASSED] - Object: 'Object Repository/Product Ecommerce/Tambahkan Product/Edit Data' is clicked on

2023-10-05 13:08:54 - [TEST_STEP][PASSED] - verifyElementPresent(findTestObject("Product Ecommerce/Tambahkan Product/Button Update Data"), 0): Object 'Object Repository/Product Ecommerce/Tambahkan Product/Button Update Data' is present

2023-10-05 13:08:54 - [MESSAGE][WARNING] - Timeout '0' is invalid. Using default page load timeout: '30'

2023-10-05 13:08:55 - [MESSAGE][PASSED] - Object 'Object Repository/Product Ecommerce/Tambahkan Product/Button Update Data' is present

2023-10-05 13:08:55 - [TEST_STEP][PASSED] - uploadFile(findTestObject("Product Ecommerce/Tambahkan Product/Input File"), "E:\Pelatihan\Xsis Academy\DJI_0621.DNG"): File 'E:\Pelatihan\Xsis Academy\DJI_0621.DNG' sent to object: 'Object Repository/Product Ecommerce/Tambahkan Product/Input File'

2023-10-05 13:08:55 - [MESSAGE][PASSED] - File 'E:\Pelatihan\Xsis Academy\DJI_0621.DNG' sent to object: 'Object Repository/Product Ecommerce/Tambahkan Product/Input File'

2023-10-05 13:08:55 - [TEST_STEP][PASSED] - click(findTestObject("Product Ecommerce/Tambahkan Product/Button Update Data")): Object: 'Object Repository/Product Ecommerce/Tambahkan Product/Button Update Data' is clicked on

2023-10-05 13:08:56 - [MESSAGE][PASSED] - Object: 'Object Repository/Product Ecommerce/Tambahkan Product/Button Update Data' is clicked on

2023-10-05 13:08:56 - [TEST_STEP][PASSED] - verifyElementPresent(findTestObject("Product Ecommerce/Verifikasi Halaman Product Anda"), 0): Object 'Object Repository/Product Ecommerce/Verifikasi Halaman Product Anda' is present

2023-10-05 13:08:56 - [MESSAGE][WARNING] - Timeout '0' is invalid. Using default page load timeout: '30'

2023-10-05 13:08:57 - [MESSAGE][PASSED] - Object 'Object Repository/Product Ecommerce/Verifikasi Halaman Product Anda' is present]]></system-out>
         <system-err><![CDATA[]]></system-err>
      </testcase>
      <testcase name="Test Cases/Product Ecommerce/TC-PEN-011" time="48.432" classname="Test Cases/Product Ecommerce/TC-PEN-011" status="FAILED">
         <failure type="FAILED" message="Test Cases/Product Ecommerce/TC-PEN-011 FAILED.
Reason:
com.kms.katalon.core.exception.StepFailedException: Unable to verify object 'Object Repository/Product Ecommerce/Verifikasi Halaman Product Anda' is not present
	at com.kms.katalon.core.webui.keyword.internal.WebUIKeywordMain.stepFailed(WebUIKeywordMain.groovy:64)
	at com.kms.katalon.core.webui.keyword.internal.WebUIKeywordMain.runKeyword(WebUIKeywordMain.groovy:26)
	at com.kms.katalon.core.webui.keyword.internal.WebUIKeywordMain$runKeyword.call(Unknown Source)
	at com.kms.katalon.core.webui.keyword.builtin.VerifyElementNotPresentKeyword.verifyElementNotPresent(VerifyElementNotPresentKeyword.groovy:122)
	at com.kms.katalon.core.webui.keyword.builtin.VerifyElementNotPresentKeyword.execute(VerifyElementNotPresentKeyword.groovy:68)
	at com.kms.katalon.core.keyword.internal.KeywordExecutor.executeKeywordForPlatform(KeywordExecutor.groovy:74)
	at com.kms.katalon.core.webui.keyword.WebUiBuiltInKeywords.verifyElementNotPresent(WebUiBuiltInKeywords.groovy:1497)
	at com.kms.katalon.core.webui.keyword.WebUiBuiltInKeywords$verifyElementNotPresent$12.call(Unknown Source)
	at TC-PEN-011.run(TC-PEN-011:32)
	at com.kms.katalon.core.main.ScriptEngine.run(ScriptEngine.java:194)
	at com.kms.katalon.core.main.ScriptEngine.runScriptAsRawText(ScriptEngine.java:119)
	at com.kms.katalon.core.main.TestCaseExecutor.runScript(TestCaseExecutor.java:448)
	at com.kms.katalon.core.main.TestCaseExecutor.doExecute(TestCaseExecutor.java:439)
	at com.kms.katalon.core.main.TestCaseExecutor.processExecutionPhase(TestCaseExecutor.java:418)
	at com.kms.katalon.core.main.TestCaseExecutor.accessMainPhase(TestCaseExecutor.java:410)
	at com.kms.katalon.core.main.TestCaseExecutor.execute(TestCaseExecutor.java:285)
	at com.kms.katalon.core.common.CommonExecutor.accessTestCaseMainPhase(CommonExecutor.java:65)
	at com.kms.katalon.core.main.TestSuiteExecutor.accessTestSuiteMainPhase(TestSuiteExecutor.java:148)
	at com.kms.katalon.core.main.TestSuiteExecutor.execute(TestSuiteExecutor.java:106)
	at com.kms.katalon.core.main.TestCaseMain.startTestSuite(TestCaseMain.java:187)
	at com.kms.katalon.core.main.TestCaseMain$startTestSuite$0.call(Unknown Source)
	at TempTestSuite1696485610604.run(TempTestSuite1696485610604.groovy:36)
Caused by: com.kms.katalon.core.exception.StepFailedException: Web element with id: 'Object Repository/Product Ecommerce/Verifikasi Halaman Product Anda' located by 'By.xpath: (.//*[normalize-space(text()) and normalize-space(.)='Home'])[1]/following::li[2]' is present after '30' second(s)
	at com.kms.katalon.core.webui.keyword.internal.WebUIKeywordMain.stepFailed(WebUIKeywordMain.groovy:64)
	at com.kms.katalon.core.webui.keyword.internal.WebUIKeywordMain$stepFailed$0.call(Unknown Source)
	at com.kms.katalon.core.webui.keyword.builtin.VerifyElementNotPresentKeyword$_verifyElementNotPresent_closure1.doCall(VerifyElementNotPresentKeyword.groovy:113)
	at com.kms.katalon.core.webui.keyword.builtin.VerifyElementNotPresentKeyword$_verifyElementNotPresent_closure1.doCall(VerifyElementNotPresentKeyword.groovy)
	at com.kms.katalon.core.webui.keyword.internal.WebUIKeywordMain.runKeyword(WebUIKeywordMain.groovy:20)
	... 20 more
"/>
         <system-out><![CDATA[2023-10-05 13:08:57 - [TEST_CASE][FAILED] - Test Cases/Product Ecommerce/TC-PEN-011: Test Cases/Product Ecommerce/TC-PEN-011 FAILED.
Reason:
com.kms.katalon.core.exception.StepFailedException: Unable to verify object 'Object Repository/Product Ecommerce/Verifikasi Halaman Product Anda' is not present
	at com.kms.katalon.core.webui.keyword.internal.WebUIKeywordMain.stepFailed(WebUIKeywordMain.groovy:64)
	at com.kms.katalon.core.webui.keyword.internal.WebUIKeywordMain.runKeyword(WebUIKeywordMain.groovy:26)
	at com.kms.katalon.core.webui.keyword.internal.WebUIKeywordMain$runKeyword.call(Unknown Source)
	at com.kms.katalon.core.webui.keyword.builtin.VerifyElementNotPresentKeyword.verifyElementNotPresent(VerifyElementNotPresentKeyword.groovy:122)
	at com.kms.katalon.core.webui.keyword.builtin.VerifyElementNotPresentKeyword.execute(VerifyElementNotPresentKeyword.groovy:68)
	at com.kms.katalon.core.keyword.internal.KeywordExecutor.executeKeywordForPlatform(KeywordExecutor.groovy:74)
	at com.kms.katalon.core.webui.keyword.WebUiBuiltInKeywords.verifyElementNotPresent(WebUiBuiltInKeywords.groovy:1497)
	at com.kms.katalon.core.webui.keyword.WebUiBuiltInKeywords$verifyElementNotPresent$12.call(Unknown Source)
	at TC-PEN-011.run(TC-PEN-011:32)
	at com.kms.katalon.core.main.ScriptEngine.run(ScriptEngine.java:194)
	at com.kms.katalon.core.main.ScriptEngine.runScriptAsRawText(ScriptEngine.java:119)
	at com.kms.katalon.core.main.TestCaseExecutor.runScript(TestCaseExecutor.java:448)
	at com.kms.katalon.core.main.TestCaseExecutor.doExecute(TestCaseExecutor.java:439)
	at com.kms.katalon.core.main.TestCaseExecutor.processExecutionPhase(TestCaseExecutor.java:418)
	at com.kms.katalon.core.main.TestCaseExecutor.accessMainPhase(TestCaseExecutor.java:410)
	at com.kms.katalon.core.main.TestCaseExecutor.execute(TestCaseExecutor.java:285)
	at com.kms.katalon.core.common.CommonExecutor.accessTestCaseMainPhase(CommonExecutor.java:65)
	at com.kms.katalon.core.main.TestSuiteExecutor.accessTestSuiteMainPhase(TestSuiteExecutor.java:148)
	at com.kms.katalon.core.main.TestSuiteExecutor.execute(TestSuiteExecutor.java:106)
	at com.kms.katalon.core.main.TestCaseMain.startTestSuite(TestCaseMain.java:187)
	at com.kms.katalon.core.main.TestCaseMain$startTestSuite$0.call(Unknown Source)
	at TempTestSuite1696485610604.run(TempTestSuite1696485610604.groovy:36)
Caused by: com.kms.katalon.core.exception.StepFailedException: Web element with id: 'Object Repository/Product Ecommerce/Verifikasi Halaman Product Anda' located by 'By.xpath: (.//*[normalize-space(text()) and normalize-space(.)='Home'])[1]/following::li[2]' is present after '30' second(s)
	at com.kms.katalon.core.webui.keyword.internal.WebUIKeywordMain.stepFailed(WebUIKeywordMain.groovy:64)
	at com.kms.katalon.core.webui.keyword.internal.WebUIKeywordMain$stepFailed$0.call(Unknown Source)
	at com.kms.katalon.core.webui.keyword.builtin.VerifyElementNotPresentKeyword$_verifyElementNotPresent_closure1.doCall(VerifyElementNotPresentKeyword.groovy:113)
	at com.kms.katalon.core.webui.keyword.builtin.VerifyElementNotPresentKeyword$_verifyElementNotPresent_closure1.doCall(VerifyElementNotPresentKeyword.groovy)
	at com.kms.katalon.core.webui.keyword.internal.WebUIKeywordMain.runKeyword(WebUIKeywordMain.groovy:20)
	... 20 more


2023-10-05 13:08:57 - [TEST_STEP][PASSED] - callTestCase(findTestCase("Product Ecommerce/TC-PE-001"), [:], STOP_ON_FAILURE): Call Test Case 'Test Cases/Product Ecommerce/TC-PE-001' successfully

2023-10-05 13:08:57 - [TEST_CASE][PASSED] - Test Cases/Product Ecommerce/TC-PE-001: Test Cases/Product Ecommerce/TC-PE-001

2023-10-05 13:08:57 - [TEST_STEP][PASSED] - callTestCase(findTestCase("Login Ecommerce/TC-Login Ecomerce-001"), [:], STOP_ON_FAILURE): Call Test Case 'Test Cases/Login Ecommerce/TC-Login Ecomerce-001' successfully

2023-10-05 13:08:57 - [TEST_CASE][PASSED] - Test Cases/Login Ecommerce/TC-Login Ecomerce-001: Test Cases/Login Ecommerce/TC-Login Ecomerce-001

2023-10-05 13:08:57 - [TEST_STEP][PASSED] - openBrowser(userTajalapak): Browser is opened with url: 'https://10.9.2.63/ecommerce/'

2023-10-05 13:08:57 - [MESSAGE][WARNING] - A browser is already opened. Closing browser and opening a new one

2023-10-05 13:08:58 - [MESSAGE][INFO] - Starting 'Edge Chromium' driver

2023-10-05 13:08:58 - [MESSAGE][INFO] - User set preference: ['acceptInsecureCerts', 'true']

2023-10-05 13:09:00 - [MESSAGE][INFO] - Action delay is set to 0 milliseconds

2023-10-05 13:09:03 - [MESSAGE][PASSED] - Browser is opened with url: 'https://10.9.2.63/ecommerce/'

2023-10-05 13:09:03 - [TEST_STEP][PASSED] - maximizeWindow(): Current window maximized

2023-10-05 13:09:03 - [MESSAGE][PASSED] - Current window maximized

2023-10-05 13:09:03 - [TEST_STEP][PASSED] - verifyElementPresent(findTestObject("Login Ecommerce/Verifikasi Halaman Login Akun"), 0): Object 'Object Repository/Login Ecommerce/Verifikasi Halaman Login Akun' is present

2023-10-05 13:09:03 - [MESSAGE][WARNING] - Timeout '0' is invalid. Using default page load timeout: '30'

2023-10-05 13:09:04 - [MESSAGE][PASSED] - Object 'Object Repository/Login Ecommerce/Verifikasi Halaman Login Akun' is present

2023-10-05 13:09:04 - [TEST_STEP][PASSED] - click(findTestObject("Login Ecommerce/Login Akun")): Object: 'Object Repository/Login Ecommerce/Login Akun' is clicked on

2023-10-05 13:09:04 - [MESSAGE][PASSED] - Object: 'Object Repository/Login Ecommerce/Login Akun' is clicked on

2023-10-05 13:09:04 - [TEST_STEP][PASSED] - verifyElementPresent(findTestObject("Login Ecommerce/Verifikasi Halaman Login Akun"), 0): Object 'Object Repository/Login Ecommerce/Verifikasi Halaman Login Akun' is present

2023-10-05 13:09:04 - [MESSAGE][WARNING] - Timeout '0' is invalid. Using default page load timeout: '30'

2023-10-05 13:09:05 - [MESSAGE][PASSED] - Object 'Object Repository/Login Ecommerce/Verifikasi Halaman Login Akun' is present

2023-10-05 13:09:05 - [TEST_STEP][PASSED] - setText(findTestObject("Login Ecommerce/Input Username"), "riswandha"): Text 'riswandha' is set on object 'Object Repository/Login Ecommerce/Input Username'

2023-10-05 13:09:05 - [MESSAGE][PASSED] - Text 'riswandha' is set on object 'Object Repository/Login Ecommerce/Input Username'

2023-10-05 13:09:05 - [TEST_STEP][PASSED] - setEncryptedText(findTestObject("Login Ecommerce/Input Password"), "iGDxf8hSRT4="): Text ****** has been set on object 'Object Repository/Login Ecommerce/Input Password'

2023-10-05 13:09:06 - [MESSAGE][PASSED] - Text ****** has been set on object 'Object Repository/Login Ecommerce/Input Password'

2023-10-05 13:09:06 - [TEST_STEP][PASSED] - click(findTestObject("Login Ecommerce/Button Masuk")): Object: 'Object Repository/Login Ecommerce/Button Masuk' is clicked on

2023-10-05 13:09:07 - [MESSAGE][PASSED] - Object: 'Object Repository/Login Ecommerce/Button Masuk' is clicked on

2023-10-05 13:09:07 - [TEST_STEP][PASSED] - verifyElementPresent(findTestObject("Login Ecommerce/Verifikasi Login Akun"), 0): Object 'Object Repository/Login Ecommerce/Verifikasi Login Akun' is present

2023-10-05 13:09:07 - [MESSAGE][WARNING] - Timeout '0' is invalid. Using default page load timeout: '30'

2023-10-05 13:09:08 - [MESSAGE][PASSED] - Object 'Object Repository/Login Ecommerce/Verifikasi Login Akun' is present

2023-10-05 13:09:08 - [MESSAGE][PASSED] - Call Test Case 'Test Cases/Login Ecommerce/TC-Login Ecomerce-001' successfully

2023-10-05 13:09:08 - [TEST_STEP][PASSED] - mouseOver(findTestObject("Product Ecommerce/Button Menu toko")): Object: 'Object Repository/Product Ecommerce/Button Menu toko' is hovered

2023-10-05 13:09:09 - [MESSAGE][PASSED] - Object: 'Object Repository/Product Ecommerce/Button Menu toko' is hovered

2023-10-05 13:09:09 - [TEST_STEP][PASSED] - click(findTestObject("Product Ecommerce/Button Daftar Produk")): Object: 'Object Repository/Product Ecommerce/Button Daftar Produk' is clicked on

2023-10-05 13:09:10 - [MESSAGE][PASSED] - Object: 'Object Repository/Product Ecommerce/Button Daftar Produk' is clicked on

2023-10-05 13:09:10 - [TEST_STEP][PASSED] - verifyElementPresent(findTestObject("Product Ecommerce/Verifikasi Halaman Product Anda"), 0): Object 'Object Repository/Product Ecommerce/Verifikasi Halaman Product Anda' is present

2023-10-05 13:09:10 - [MESSAGE][WARNING] - Timeout '0' is invalid. Using default page load timeout: '30'

2023-10-05 13:09:10 - [MESSAGE][PASSED] - Object 'Object Repository/Product Ecommerce/Verifikasi Halaman Product Anda' is present

2023-10-05 13:09:10 - [MESSAGE][PASSED] - Call Test Case 'Test Cases/Product Ecommerce/TC-PE-001' successfully

2023-10-05 13:09:10 - [TEST_STEP][PASSED] - mouseOver(findTestObject("Product Ecommerce/Image Gambar produk 1")): Object: 'Object Repository/Product Ecommerce/Image Gambar produk 1' is hovered

2023-10-05 13:09:11 - [MESSAGE][PASSED] - Object: 'Object Repository/Product Ecommerce/Image Gambar produk 1' is hovered

2023-10-05 13:09:11 - [TEST_STEP][PASSED] - click(findTestObject("Product Ecommerce/Tambahkan Product/Edit Data")): Object: 'Object Repository/Product Ecommerce/Tambahkan Product/Edit Data' is clicked on

2023-10-05 13:09:12 - [MESSAGE][PASSED] - Object: 'Object Repository/Product Ecommerce/Tambahkan Product/Edit Data' is clicked on

2023-10-05 13:09:12 - [TEST_STEP][PASSED] - verifyElementPresent(findTestObject("Product Ecommerce/Tambahkan Product/Button Update Data"), 0): Object 'Object Repository/Product Ecommerce/Tambahkan Product/Button Update Data' is present

2023-10-05 13:09:12 - [MESSAGE][WARNING] - Timeout '0' is invalid. Using default page load timeout: '30'

2023-10-05 13:09:13 - [MESSAGE][PASSED] - Object 'Object Repository/Product Ecommerce/Tambahkan Product/Button Update Data' is present

2023-10-05 13:09:13 - [TEST_STEP][PASSED] - setText(findTestObject("Product Ecommerce/Tambahkan Product/Input Satuan"), "12345"): Text '12345' is set on object 'Object Repository/Product Ecommerce/Tambahkan Product/Input Satuan'

2023-10-05 13:09:13 - [MESSAGE][PASSED] - Text '12345' is set on object 'Object Repository/Product Ecommerce/Tambahkan Product/Input Satuan'

2023-10-05 13:09:13 - [TEST_STEP][PASSED] - click(findTestObject("Product Admin/TambahProduk/Button Update Data")): Object: 'Object Repository/Product Admin/TambahProduk/Button Update Data' is clicked on

2023-10-05 13:09:14 - [MESSAGE][PASSED] - Object: 'Object Repository/Product Admin/TambahProduk/Button Update Data' is clicked on

2023-10-05 13:09:14 - [TEST_STEP][FAILED] - verifyElementNotPresent(findTestObject("Product Ecommerce/Verifikasi Halaman Product Anda"), 0): Unable to verify object 'Object Repository/Product Ecommerce/Verifikasi Halaman Product Anda' is not present (Root cause: com.kms.katalon.core.exception.StepFailedException: Unable to verify object 'Object Repository/Product Ecommerce/Verifikasi Halaman Product Anda' is not present
	at com.kms.katalon.core.webui.keyword.internal.WebUIKeywordMain.stepFailed(WebUIKeywordMain.groovy:64)
	at com.kms.katalon.core.webui.keyword.internal.WebUIKeywordMain.runKeyword(WebUIKeywordMain.groovy:26)
	at com.kms.katalon.core.webui.keyword.internal.WebUIKeywordMain$runKeyword.call(Unknown Source)
	at com.kms.katalon.core.webui.keyword.builtin.VerifyElementNotPresentKeyword.verifyElementNotPresent(VerifyElementNotPresentKeyword.groovy:122)
	at com.kms.katalon.core.webui.keyword.builtin.VerifyElementNotPresentKeyword.execute(VerifyElementNotPresentKeyword.groovy:68)
	at com.kms.katalon.core.keyword.internal.KeywordExecutor.executeKeywordForPlatform(KeywordExecutor.groovy:74)
	at com.kms.katalon.core.webui.keyword.WebUiBuiltInKeywords.verifyElementNotPresent(WebUiBuiltInKeywords.groovy:1497)
	at com.kms.katalon.core.webui.keyword.WebUiBuiltInKeywords$verifyElementNotPresent$12.call(Unknown Source)
	at TC-PEN-011.run(TC-PEN-011:32)
	at com.kms.katalon.core.main.ScriptEngine.run(ScriptEngine.java:194)
	at com.kms.katalon.core.main.ScriptEngine.runScriptAsRawText(ScriptEngine.java:119)
	at com.kms.katalon.core.main.TestCaseExecutor.runScript(TestCaseExecutor.java:448)
	at com.kms.katalon.core.main.TestCaseExecutor.doExecute(TestCaseExecutor.java:439)
	at com.kms.katalon.core.main.TestCaseExecutor.processExecutionPhase(TestCaseExecutor.java:418)
	at com.kms.katalon.core.main.TestCaseExecutor.accessMainPhase(TestCaseExecutor.java:410)
	at com.kms.katalon.core.main.TestCaseExecutor.execute(TestCaseExecutor.java:285)
	at com.kms.katalon.core.common.CommonExecutor.accessTestCaseMainPhase(CommonExecutor.java:65)
	at com.kms.katalon.core.main.TestSuiteExecutor.accessTestSuiteMainPhase(TestSuiteExecutor.java:148)
	at com.kms.katalon.core.main.TestSuiteExecutor.execute(TestSuiteExecutor.java:106)
	at com.kms.katalon.core.main.TestCaseMain.startTestSuite(TestCaseMain.java:187)
	at com.kms.katalon.core.main.TestCaseMain$startTestSuite$0.call(Unknown Source)
	at TempTestSuite1696485610604.run(TempTestSuite1696485610604.groovy:36)
Caused by: com.kms.katalon.core.exception.StepFailedException: Web element with id: 'Object Repository/Product Ecommerce/Verifikasi Halaman Product Anda' located by 'By.xpath: (.//*[normalize-space(text()) and normalize-space(.)='Home'])[1]/following::li[2]' is present after '30' second(s)
	at com.kms.katalon.core.webui.keyword.internal.WebUIKeywordMain.stepFailed(WebUIKeywordMain.groovy:64)
	at com.kms.katalon.core.webui.keyword.internal.WebUIKeywordMain$stepFailed$0.call(Unknown Source)
	at com.kms.katalon.core.webui.keyword.builtin.VerifyElementNotPresentKeyword$_verifyElementNotPresent_closure1.doCall(VerifyElementNotPresentKeyword.groovy:113)
	at com.kms.katalon.core.webui.keyword.builtin.VerifyElementNotPresentKeyword$_verifyElementNotPresent_closure1.doCall(VerifyElementNotPresentKeyword.groovy)
	at com.kms.katalon.core.webui.keyword.internal.WebUIKeywordMain.runKeyword(WebUIKeywordMain.groovy:20)
	... 20 more
)

2023-10-05 13:09:15 - [MESSAGE][WARNING] - Timeout '0' is invalid. Using default page load timeout: '30'

2023-10-05 13:09:45 - [MESSAGE][FAILED] - Web element with id: 'Object Repository/Product Ecommerce/Verifikasi Halaman Product Anda' located by 'By.xpath: (.//*[normalize-space(text()) and normalize-space(.)='Home'])[1]/following::li[2]' is present after '30' second(s) (Root cause: com.kms.katalon.core.exception.StepFailedException: Web element with id: 'Object Repository/Product Ecommerce/Verifikasi Halaman Product Anda' located by 'By.xpath: (.//*[normalize-space(text()) and normalize-space(.)='Home'])[1]/following::li[2]' is present after '30' second(s)
	at com.kms.katalon.core.webui.keyword.internal.WebUIKeywordMain.stepFailed(WebUIKeywordMain.groovy:64)
	at com.kms.katalon.core.webui.keyword.internal.WebUIKeywordMain$stepFailed$0.call(Unknown Source)
	at com.kms.katalon.core.webui.keyword.builtin.VerifyElementNotPresentKeyword$_verifyElementNotPresent_closure1.doCall(VerifyElementNotPresentKeyword.groovy:113)
	at com.kms.katalon.core.webui.keyword.builtin.VerifyElementNotPresentKeyword$_verifyElementNotPresent_closure1.doCall(VerifyElementNotPresentKeyword.groovy)
	at com.kms.katalon.core.webui.keyword.internal.WebUIKeywordMain.runKeyword(WebUIKeywordMain.groovy:20)
	at com.kms.katalon.core.webui.keyword.internal.WebUIKeywordMain$runKeyword.call(Unknown Source)
	at com.kms.katalon.core.webui.keyword.builtin.VerifyElementNotPresentKeyword.verifyElementNotPresent(VerifyElementNotPresentKeyword.groovy:122)
	at com.kms.katalon.core.webui.keyword.builtin.VerifyElementNotPresentKeyword.execute(VerifyElementNotPresentKeyword.groovy:68)
	at com.kms.katalon.core.keyword.internal.KeywordExecutor.executeKeywordForPlatform(KeywordExecutor.groovy:74)
	at com.kms.katalon.core.webui.keyword.WebUiBuiltInKeywords.verifyElementNotPresent(WebUiBuiltInKeywords.groovy:1497)
	at com.kms.katalon.core.webui.keyword.WebUiBuiltInKeywords$verifyElementNotPresent$12.call(Unknown Source)
	at TC-PEN-011.run(TC-PEN-011:32)
	at com.kms.katalon.core.main.ScriptEngine.run(ScriptEngine.java:194)
	at com.kms.katalon.core.main.ScriptEngine.runScriptAsRawText(ScriptEngine.java:119)
	at com.kms.katalon.core.main.TestCaseExecutor.runScript(TestCaseExecutor.java:448)
	at com.kms.katalon.core.main.TestCaseExecutor.doExecute(TestCaseExecutor.java:439)
	at com.kms.katalon.core.main.TestCaseExecutor.processExecutionPhase(TestCaseExecutor.java:418)
	at com.kms.katalon.core.main.TestCaseExecutor.accessMainPhase(TestCaseExecutor.java:410)
	at com.kms.katalon.core.main.TestCaseExecutor.execute(TestCaseExecutor.java:285)
	at com.kms.katalon.core.common.CommonExecutor.accessTestCaseMainPhase(CommonExecutor.java:65)
	at com.kms.katalon.core.main.TestSuiteExecutor.accessTestSuiteMainPhase(TestSuiteExecutor.java:148)
	at com.kms.katalon.core.main.TestSuiteExecutor.execute(TestSuiteExecutor.java:106)
	at com.kms.katalon.core.main.TestCaseMain.startTestSuite(TestCaseMain.java:187)
	at com.kms.katalon.core.main.TestCaseMain$startTestSuite$0.call(Unknown Source)
	at TempTestSuite1696485610604.run(TempTestSuite1696485610604.groovy:36)
)
[[ATTACHMENT|G:\\Project Xsis\\batch-324-qa\\Riswan\\Sprint 2 Product Tajalapak\\Reports\\20231005_130010\\Product Ecomerce\\20231005_130010\\1696486185685.png]]

2023-10-05 13:09:45 - [MESSAGE][FAILED] - Unable to verify object 'Object Repository/Product Ecommerce/Verifikasi Halaman Product Anda' is not present (Root cause: com.kms.katalon.core.exception.StepFailedException: Unable to verify object 'Object Repository/Product Ecommerce/Verifikasi Halaman Product Anda' is not present
	at com.kms.katalon.core.webui.keyword.internal.WebUIKeywordMain.stepFailed(WebUIKeywordMain.groovy:64)
	at com.kms.katalon.core.webui.keyword.internal.WebUIKeywordMain.runKeyword(WebUIKeywordMain.groovy:26)
	at com.kms.katalon.core.webui.keyword.internal.WebUIKeywordMain$runKeyword.call(Unknown Source)
	at com.kms.katalon.core.webui.keyword.builtin.VerifyElementNotPresentKeyword.verifyElementNotPresent(VerifyElementNotPresentKeyword.groovy:122)
	at com.kms.katalon.core.webui.keyword.builtin.VerifyElementNotPresentKeyword.execute(VerifyElementNotPresentKeyword.groovy:68)
	at com.kms.katalon.core.keyword.internal.KeywordExecutor.executeKeywordForPlatform(KeywordExecutor.groovy:74)
	at com.kms.katalon.core.webui.keyword.WebUiBuiltInKeywords.verifyElementNotPresent(WebUiBuiltInKeywords.groovy:1497)
	at com.kms.katalon.core.webui.keyword.WebUiBuiltInKeywords$verifyElementNotPresent$12.call(Unknown Source)
	at TC-PEN-011.run(TC-PEN-011:32)
	at com.kms.katalon.core.main.ScriptEngine.run(ScriptEngine.java:194)
	at com.kms.katalon.core.main.ScriptEngine.runScriptAsRawText(ScriptEngine.java:119)
	at com.kms.katalon.core.main.TestCaseExecutor.runScript(TestCaseExecutor.java:448)
	at com.kms.katalon.core.main.TestCaseExecutor.doExecute(TestCaseExecutor.java:439)
	at com.kms.katalon.core.main.TestCaseExecutor.processExecutionPhase(TestCaseExecutor.java:418)
	at com.kms.katalon.core.main.TestCaseExecutor.accessMainPhase(TestCaseExecutor.java:410)
	at com.kms.katalon.core.main.TestCaseExecutor.execute(TestCaseExecutor.java:285)
	at com.kms.katalon.core.common.CommonExecutor.accessTestCaseMainPhase(CommonExecutor.java:65)
	at com.kms.katalon.core.main.TestSuiteExecutor.accessTestSuiteMainPhase(TestSuiteExecutor.java:148)
	at com.kms.katalon.core.main.TestSuiteExecutor.execute(TestSuiteExecutor.java:106)
	at com.kms.katalon.core.main.TestCaseMain.startTestSuite(TestCaseMain.java:187)
	at com.kms.katalon.core.main.TestCaseMain$startTestSuite$0.call(Unknown Source)
	at TempTestSuite1696485610604.run(TempTestSuite1696485610604.groovy:36)
Caused by: com.kms.katalon.core.exception.StepFailedException: Web element with id: 'Object Repository/Product Ecommerce/Verifikasi Halaman Product Anda' located by 'By.xpath: (.//*[normalize-space(text()) and normalize-space(.)='Home'])[1]/following::li[2]' is present after '30' second(s)
	at com.kms.katalon.core.webui.keyword.internal.WebUIKeywordMain.stepFailed(WebUIKeywordMain.groovy:64)
	at com.kms.katalon.core.webui.keyword.internal.WebUIKeywordMain$stepFailed$0.call(Unknown Source)
	at com.kms.katalon.core.webui.keyword.builtin.VerifyElementNotPresentKeyword$_verifyElementNotPresent_closure1.doCall(VerifyElementNotPresentKeyword.groovy:113)
	at com.kms.katalon.core.webui.keyword.builtin.VerifyElementNotPresentKeyword$_verifyElementNotPresent_closure1.doCall(VerifyElementNotPresentKeyword.groovy)
	at com.kms.katalon.core.webui.keyword.internal.WebUIKeywordMain.runKeyword(WebUIKeywordMain.groovy:20)
	... 20 more
)
[[ATTACHMENT|G:\\Project Xsis\\batch-324-qa\\Riswan\\Sprint 2 Product Tajalapak\\Reports\\20231005_130010\\Product Ecomerce\\20231005_130010\\1696486185811.png]]]]></system-out>
         <system-err><![CDATA[2023-10-05 13:08:57 - [TEST_CASE][FAILED] - Test Cases/Product Ecommerce/TC-PEN-011: Test Cases/Product Ecommerce/TC-PEN-011 FAILED.
Reason:
com.kms.katalon.core.exception.StepFailedException: Unable to verify object 'Object Repository/Product Ecommerce/Verifikasi Halaman Product Anda' is not present
	at com.kms.katalon.core.webui.keyword.internal.WebUIKeywordMain.stepFailed(WebUIKeywordMain.groovy:64)
	at com.kms.katalon.core.webui.keyword.internal.WebUIKeywordMain.runKeyword(WebUIKeywordMain.groovy:26)
	at com.kms.katalon.core.webui.keyword.internal.WebUIKeywordMain$runKeyword.call(Unknown Source)
	at com.kms.katalon.core.webui.keyword.builtin.VerifyElementNotPresentKeyword.verifyElementNotPresent(VerifyElementNotPresentKeyword.groovy:122)
	at com.kms.katalon.core.webui.keyword.builtin.VerifyElementNotPresentKeyword.execute(VerifyElementNotPresentKeyword.groovy:68)
	at com.kms.katalon.core.keyword.internal.KeywordExecutor.executeKeywordForPlatform(KeywordExecutor.groovy:74)
	at com.kms.katalon.core.webui.keyword.WebUiBuiltInKeywords.verifyElementNotPresent(WebUiBuiltInKeywords.groovy:1497)
	at com.kms.katalon.core.webui.keyword.WebUiBuiltInKeywords$verifyElementNotPresent$12.call(Unknown Source)
	at TC-PEN-011.run(TC-PEN-011:32)
	at com.kms.katalon.core.main.ScriptEngine.run(ScriptEngine.java:194)
	at com.kms.katalon.core.main.ScriptEngine.runScriptAsRawText(ScriptEngine.java:119)
	at com.kms.katalon.core.main.TestCaseExecutor.runScript(TestCaseExecutor.java:448)
	at com.kms.katalon.core.main.TestCaseExecutor.doExecute(TestCaseExecutor.java:439)
	at com.kms.katalon.core.main.TestCaseExecutor.processExecutionPhase(TestCaseExecutor.java:418)
	at com.kms.katalon.core.main.TestCaseExecutor.accessMainPhase(TestCaseExecutor.java:410)
	at com.kms.katalon.core.main.TestCaseExecutor.execute(TestCaseExecutor.java:285)
	at com.kms.katalon.core.common.CommonExecutor.accessTestCaseMainPhase(CommonExecutor.java:65)
	at com.kms.katalon.core.main.TestSuiteExecutor.accessTestSuiteMainPhase(TestSuiteExecutor.java:148)
	at com.kms.katalon.core.main.TestSuiteExecutor.execute(TestSuiteExecutor.java:106)
	at com.kms.katalon.core.main.TestCaseMain.startTestSuite(TestCaseMain.java:187)
	at com.kms.katalon.core.main.TestCaseMain$startTestSuite$0.call(Unknown Source)
	at TempTestSuite1696485610604.run(TempTestSuite1696485610604.groovy:36)
Caused by: com.kms.katalon.core.exception.StepFailedException: Web element with id: 'Object Repository/Product Ecommerce/Verifikasi Halaman Product Anda' located by 'By.xpath: (.//*[normalize-space(text()) and normalize-space(.)='Home'])[1]/following::li[2]' is present after '30' second(s)
	at com.kms.katalon.core.webui.keyword.internal.WebUIKeywordMain.stepFailed(WebUIKeywordMain.groovy:64)
	at com.kms.katalon.core.webui.keyword.internal.WebUIKeywordMain$stepFailed$0.call(Unknown Source)
	at com.kms.katalon.core.webui.keyword.builtin.VerifyElementNotPresentKeyword$_verifyElementNotPresent_closure1.doCall(VerifyElementNotPresentKeyword.groovy:113)
	at com.kms.katalon.core.webui.keyword.builtin.VerifyElementNotPresentKeyword$_verifyElementNotPresent_closure1.doCall(VerifyElementNotPresentKeyword.groovy)
	at com.kms.katalon.core.webui.keyword.internal.WebUIKeywordMain.runKeyword(WebUIKeywordMain.groovy:20)
	... 20 more]]></system-err>
      </testcase>
      <testcase name="Test Cases/Product Ecommerce/TC-PEN-012" time="16.897" classname="Test Cases/Product Ecommerce/TC-PEN-012" status="FAILED">
         <failure type="FAILED" message="Test Cases/Product Ecommerce/TC-PEN-012 FAILED.
Reason:
Assertion failed: 

assert accept_button_message == &quot;Please fill out this field.&quot;
       |                     |
       &quot;&quot;                    false

	at TC-PEN-012.run(TC-PEN-012:51)
	at com.kms.katalon.core.main.ScriptEngine.run(ScriptEngine.java:194)
	at com.kms.katalon.core.main.ScriptEngine.runScriptAsRawText(ScriptEngine.java:119)
	at com.kms.katalon.core.main.TestCaseExecutor.runScript(TestCaseExecutor.java:448)
	at com.kms.katalon.core.main.TestCaseExecutor.doExecute(TestCaseExecutor.java:439)
	at com.kms.katalon.core.main.TestCaseExecutor.processExecutionPhase(TestCaseExecutor.java:418)
	at com.kms.katalon.core.main.TestCaseExecutor.accessMainPhase(TestCaseExecutor.java:410)
	at com.kms.katalon.core.main.TestCaseExecutor.execute(TestCaseExecutor.java:285)
	at com.kms.katalon.core.common.CommonExecutor.accessTestCaseMainPhase(CommonExecutor.java:65)
	at com.kms.katalon.core.main.TestSuiteExecutor.accessTestSuiteMainPhase(TestSuiteExecutor.java:148)
	at com.kms.katalon.core.main.TestSuiteExecutor.execute(TestSuiteExecutor.java:106)
	at com.kms.katalon.core.main.TestCaseMain.startTestSuite(TestCaseMain.java:187)
	at com.kms.katalon.core.main.TestCaseMain$startTestSuite$0.call(Unknown Source)
	at TempTestSuite1696485610604.run(TempTestSuite1696485610604.groovy:36)
"/>
         <system-out><![CDATA[2023-10-05 13:09:45 - [TEST_CASE][FAILED] - Test Cases/Product Ecommerce/TC-PEN-012: Test Cases/Product Ecommerce/TC-PEN-012 FAILED.
Reason:
Assertion failed: 

assert accept_button_message == "Please fill out this field."
       |                     |
       ""                    false

	at TC-PEN-012.run(TC-PEN-012:51)
	at com.kms.katalon.core.main.ScriptEngine.run(ScriptEngine.java:194)
	at com.kms.katalon.core.main.ScriptEngine.runScriptAsRawText(ScriptEngine.java:119)
	at com.kms.katalon.core.main.TestCaseExecutor.runScript(TestCaseExecutor.java:448)
	at com.kms.katalon.core.main.TestCaseExecutor.doExecute(TestCaseExecutor.java:439)
	at com.kms.katalon.core.main.TestCaseExecutor.processExecutionPhase(TestCaseExecutor.java:418)
	at com.kms.katalon.core.main.TestCaseExecutor.accessMainPhase(TestCaseExecutor.java:410)
	at com.kms.katalon.core.main.TestCaseExecutor.execute(TestCaseExecutor.java:285)
	at com.kms.katalon.core.common.CommonExecutor.accessTestCaseMainPhase(CommonExecutor.java:65)
	at com.kms.katalon.core.main.TestSuiteExecutor.accessTestSuiteMainPhase(TestSuiteExecutor.java:148)
	at com.kms.katalon.core.main.TestSuiteExecutor.execute(TestSuiteExecutor.java:106)
	at com.kms.katalon.core.main.TestCaseMain.startTestSuite(TestCaseMain.java:187)
	at com.kms.katalon.core.main.TestCaseMain$startTestSuite$0.call(Unknown Source)
	at TempTestSuite1696485610604.run(TempTestSuite1696485610604.groovy:36)


2023-10-05 13:09:46 - [TEST_STEP][PASSED] - callTestCase(findTestCase("Product Ecommerce/TC-PE-001"), [:], STOP_ON_FAILURE): Call Test Case 'Test Cases/Product Ecommerce/TC-PE-001' successfully

2023-10-05 13:09:46 - [TEST_CASE][PASSED] - Test Cases/Product Ecommerce/TC-PE-001: Test Cases/Product Ecommerce/TC-PE-001

2023-10-05 13:09:46 - [TEST_STEP][PASSED] - callTestCase(findTestCase("Login Ecommerce/TC-Login Ecomerce-001"), [:], STOP_ON_FAILURE): Call Test Case 'Test Cases/Login Ecommerce/TC-Login Ecomerce-001' successfully

2023-10-05 13:09:46 - [TEST_CASE][PASSED] - Test Cases/Login Ecommerce/TC-Login Ecomerce-001: Test Cases/Login Ecommerce/TC-Login Ecomerce-001

2023-10-05 13:09:46 - [TEST_STEP][PASSED] - openBrowser(userTajalapak): Browser is opened with url: 'https://10.9.2.63/ecommerce/'

2023-10-05 13:09:46 - [MESSAGE][WARNING] - A browser is already opened. Closing browser and opening a new one

2023-10-05 13:09:47 - [MESSAGE][INFO] - Starting 'Edge Chromium' driver

2023-10-05 13:09:47 - [MESSAGE][INFO] - User set preference: ['acceptInsecureCerts', 'true']

2023-10-05 13:09:49 - [MESSAGE][INFO] - Action delay is set to 0 milliseconds

2023-10-05 13:09:51 - [MESSAGE][PASSED] - Browser is opened with url: 'https://10.9.2.63/ecommerce/'

2023-10-05 13:09:51 - [TEST_STEP][PASSED] - maximizeWindow(): Current window maximized

2023-10-05 13:09:51 - [MESSAGE][PASSED] - Current window maximized

2023-10-05 13:09:51 - [TEST_STEP][PASSED] - verifyElementPresent(findTestObject("Login Ecommerce/Verifikasi Halaman Login Akun"), 0): Object 'Object Repository/Login Ecommerce/Verifikasi Halaman Login Akun' is present

2023-10-05 13:09:52 - [MESSAGE][WARNING] - Timeout '0' is invalid. Using default page load timeout: '30'

2023-10-05 13:09:52 - [MESSAGE][PASSED] - Object 'Object Repository/Login Ecommerce/Verifikasi Halaman Login Akun' is present

2023-10-05 13:09:52 - [TEST_STEP][PASSED] - click(findTestObject("Login Ecommerce/Login Akun")): Object: 'Object Repository/Login Ecommerce/Login Akun' is clicked on

2023-10-05 13:09:53 - [MESSAGE][PASSED] - Object: 'Object Repository/Login Ecommerce/Login Akun' is clicked on

2023-10-05 13:09:53 - [TEST_STEP][PASSED] - verifyElementPresent(findTestObject("Login Ecommerce/Verifikasi Halaman Login Akun"), 0): Object 'Object Repository/Login Ecommerce/Verifikasi Halaman Login Akun' is present

2023-10-05 13:09:53 - [MESSAGE][WARNING] - Timeout '0' is invalid. Using default page load timeout: '30'

2023-10-05 13:09:53 - [MESSAGE][PASSED] - Object 'Object Repository/Login Ecommerce/Verifikasi Halaman Login Akun' is present

2023-10-05 13:09:53 - [TEST_STEP][PASSED] - setText(findTestObject("Login Ecommerce/Input Username"), "riswandha"): Text 'riswandha' is set on object 'Object Repository/Login Ecommerce/Input Username'

2023-10-05 13:09:54 - [MESSAGE][PASSED] - Text 'riswandha' is set on object 'Object Repository/Login Ecommerce/Input Username'

2023-10-05 13:09:54 - [TEST_STEP][PASSED] - setEncryptedText(findTestObject("Login Ecommerce/Input Password"), "iGDxf8hSRT4="): Text ****** has been set on object 'Object Repository/Login Ecommerce/Input Password'

2023-10-05 13:09:54 - [MESSAGE][PASSED] - Text ****** has been set on object 'Object Repository/Login Ecommerce/Input Password'

2023-10-05 13:09:54 - [TEST_STEP][PASSED] - click(findTestObject("Login Ecommerce/Button Masuk")): Object: 'Object Repository/Login Ecommerce/Button Masuk' is clicked on

2023-10-05 13:09:56 - [MESSAGE][PASSED] - Object: 'Object Repository/Login Ecommerce/Button Masuk' is clicked on

2023-10-05 13:09:56 - [TEST_STEP][PASSED] - verifyElementPresent(findTestObject("Login Ecommerce/Verifikasi Login Akun"), 0): Object 'Object Repository/Login Ecommerce/Verifikasi Login Akun' is present

2023-10-05 13:09:56 - [MESSAGE][WARNING] - Timeout '0' is invalid. Using default page load timeout: '30'

2023-10-05 13:09:56 - [MESSAGE][PASSED] - Object 'Object Repository/Login Ecommerce/Verifikasi Login Akun' is present

2023-10-05 13:09:56 - [MESSAGE][PASSED] - Call Test Case 'Test Cases/Login Ecommerce/TC-Login Ecomerce-001' successfully

2023-10-05 13:09:56 - [TEST_STEP][PASSED] - mouseOver(findTestObject("Product Ecommerce/Button Menu toko")): Object: 'Object Repository/Product Ecommerce/Button Menu toko' is hovered

2023-10-05 13:09:57 - [MESSAGE][PASSED] - Object: 'Object Repository/Product Ecommerce/Button Menu toko' is hovered

2023-10-05 13:09:57 - [TEST_STEP][PASSED] - click(findTestObject("Product Ecommerce/Button Daftar Produk")): Object: 'Object Repository/Product Ecommerce/Button Daftar Produk' is clicked on

2023-10-05 13:09:58 - [MESSAGE][PASSED] - Object: 'Object Repository/Product Ecommerce/Button Daftar Produk' is clicked on

2023-10-05 13:09:58 - [TEST_STEP][PASSED] - verifyElementPresent(findTestObject("Product Ecommerce/Verifikasi Halaman Product Anda"), 0): Object 'Object Repository/Product Ecommerce/Verifikasi Halaman Product Anda' is present

2023-10-05 13:09:58 - [MESSAGE][WARNING] - Timeout '0' is invalid. Using default page load timeout: '30'

2023-10-05 13:09:58 - [MESSAGE][PASSED] - Object 'Object Repository/Product Ecommerce/Verifikasi Halaman Product Anda' is present

2023-10-05 13:09:58 - [MESSAGE][PASSED] - Call Test Case 'Test Cases/Product Ecommerce/TC-PE-001' successfully

2023-10-05 13:09:58 - [TEST_STEP][PASSED] - mouseOver(findTestObject("Product Ecommerce/Image Gambar produk 1")): Object: 'Object Repository/Product Ecommerce/Image Gambar produk 1' is hovered

2023-10-05 13:09:59 - [MESSAGE][PASSED] - Object: 'Object Repository/Product Ecommerce/Image Gambar produk 1' is hovered

2023-10-05 13:09:59 - [TEST_STEP][PASSED] - click(findTestObject("Product Ecommerce/Tambahkan Product/Edit Data")): Object: 'Object Repository/Product Ecommerce/Tambahkan Product/Edit Data' is clicked on

2023-10-05 13:10:00 - [MESSAGE][PASSED] - Object: 'Object Repository/Product Ecommerce/Tambahkan Product/Edit Data' is clicked on

2023-10-05 13:10:00 - [TEST_STEP][PASSED] - verifyElementPresent(findTestObject("Product Ecommerce/Tambahkan Product/Button Update Data"), 0): Object 'Object Repository/Product Ecommerce/Tambahkan Product/Button Update Data' is present

2023-10-05 13:10:00 - [MESSAGE][WARNING] - Timeout '0' is invalid. Using default page load timeout: '30'

2023-10-05 13:10:00 - [MESSAGE][PASSED] - Object 'Object Repository/Product Ecommerce/Tambahkan Product/Button Update Data' is present

2023-10-05 13:10:00 - [TEST_STEP][PASSED] - click(findTestObject("Product Ecommerce/Kupon/Button Buat Product")): Object: 'Object Repository/Product Ecommerce/Kupon/Button Buat Product' is clicked on

2023-10-05 13:10:01 - [MESSAGE][PASSED] - Object: 'Object Repository/Product Ecommerce/Kupon/Button Buat Product' is clicked on

2023-10-05 13:10:01 - [TEST_STEP][PASSED] - verifyElementPresent(findTestObject("Product Ecommerce/Kupon/Verifikasi Halaman Voucher Product"), 0): Object 'Object Repository/Product Ecommerce/Kupon/Verifikasi Halaman Voucher Product' is present

2023-10-05 13:10:01 - [MESSAGE][WARNING] - Timeout '0' is invalid. Using default page load timeout: '30'

2023-10-05 13:10:01 - [MESSAGE][PASSED] - Object 'Object Repository/Product Ecommerce/Kupon/Verifikasi Halaman Voucher Product' is present

2023-10-05 13:10:01 - [TEST_STEP][PASSED] - click(findTestObject("Product Ecommerce/Kupon/Button Simpan")): Object: 'Object Repository/Product Ecommerce/Kupon/Button Simpan' is clicked on

2023-10-05 13:10:02 - [MESSAGE][PASSED] - Object: 'Object Repository/Product Ecommerce/Kupon/Button Simpan' is clicked on

2023-10-05 13:10:02 - [TEST_STEP][PASSED] - driver = getWebDriver(): null

2023-10-05 13:10:02 - [TEST_STEP][PASSED] - field_username_element = driver.findElement(By.xpath("//input[@id="kode_kupon"]")): null

2023-10-05 13:10:02 - [TEST_STEP][PASSED] - accept_button_message = driver.executeScript("return arguments[0].validationMessage", field_username_element): null

2023-10-05 13:10:02 - [TEST_STEP][PASSED] - println(accept_button_message): null

2023-10-05 13:10:02 - [TEST_STEP][FAILED] - assert accept_button_message == "Please fill out this field.": Test Cases/Product Ecommerce/TC-PEN-012 FAILED.
Reason:
Assertion failed: 

assert accept_button_message == "Please fill out this field."
       |                     |
       ""                    false

	at TC-PEN-012.run(TC-PEN-012:51)
	at com.kms.katalon.core.main.ScriptEngine.run(ScriptEngine.java:194)
	at com.kms.katalon.core.main.ScriptEngine.runScriptAsRawText(ScriptEngine.java:119)
	at com.kms.katalon.core.main.TestCaseExecutor.runScript(TestCaseExecutor.java:448)
	at com.kms.katalon.core.main.TestCaseExecutor.doExecute(TestCaseExecutor.java:439)
	at com.kms.katalon.core.main.TestCaseExecutor.processExecutionPhase(TestCaseExecutor.java:418)
	at com.kms.katalon.core.main.TestCaseExecutor.accessMainPhase(TestCaseExecutor.java:410)
	at com.kms.katalon.core.main.TestCaseExecutor.execute(TestCaseExecutor.java:285)
	at com.kms.katalon.core.common.CommonExecutor.accessTestCaseMainPhase(CommonExecutor.java:65)
	at com.kms.katalon.core.main.TestSuiteExecutor.accessTestSuiteMainPhase(TestSuiteExecutor.java:148)
	at com.kms.katalon.core.main.TestSuiteExecutor.execute(TestSuiteExecutor.java:106)
	at com.kms.katalon.core.main.TestCaseMain.startTestSuite(TestCaseMain.java:187)
	at com.kms.katalon.core.main.TestCaseMain$startTestSuite$0.call(Unknown Source)
	at TempTestSuite1696485610604.run(TempTestSuite1696485610604.groovy:36)


2023-10-05 13:10:02 - [MESSAGE][FAILED] - Test Cases/Product Ecommerce/TC-PEN-012 FAILED.
Reason:
Assertion failed: 

assert accept_button_message == "Please fill out this field."
       |                     |
       ""                    false

	at TC-PEN-012.run(TC-PEN-012:51)
	at com.kms.katalon.core.main.ScriptEngine.run(ScriptEngine.java:194)
	at com.kms.katalon.core.main.ScriptEngine.runScriptAsRawText(ScriptEngine.java:119)
	at com.kms.katalon.core.main.TestCaseExecutor.runScript(TestCaseExecutor.java:448)
	at com.kms.katalon.core.main.TestCaseExecutor.doExecute(TestCaseExecutor.java:439)
	at com.kms.katalon.core.main.TestCaseExecutor.processExecutionPhase(TestCaseExecutor.java:418)
	at com.kms.katalon.core.main.TestCaseExecutor.accessMainPhase(TestCaseExecutor.java:410)
	at com.kms.katalon.core.main.TestCaseExecutor.execute(TestCaseExecutor.java:285)
	at com.kms.katalon.core.common.CommonExecutor.accessTestCaseMainPhase(CommonExecutor.java:65)
	at com.kms.katalon.core.main.TestSuiteExecutor.accessTestSuiteMainPhase(TestSuiteExecutor.java:148)
	at com.kms.katalon.core.main.TestSuiteExecutor.execute(TestSuiteExecutor.java:106)
	at com.kms.katalon.core.main.TestCaseMain.startTestSuite(TestCaseMain.java:187)
	at com.kms.katalon.core.main.TestCaseMain$startTestSuite$0.call(Unknown Source)
	at TempTestSuite1696485610604.run(TempTestSuite1696485610604.groovy:36)]]></system-out>
         <system-err><![CDATA[2023-10-05 13:09:45 - [TEST_CASE][FAILED] - Test Cases/Product Ecommerce/TC-PEN-012: Test Cases/Product Ecommerce/TC-PEN-012 FAILED.
Reason:
Assertion failed: 

assert accept_button_message == "Please fill out this field."
       |                     |
       ""                    false

	at TC-PEN-012.run(TC-PEN-012:51)
	at com.kms.katalon.core.main.ScriptEngine.run(ScriptEngine.java:194)
	at com.kms.katalon.core.main.ScriptEngine.runScriptAsRawText(ScriptEngine.java:119)
	at com.kms.katalon.core.main.TestCaseExecutor.runScript(TestCaseExecutor.java:448)
	at com.kms.katalon.core.main.TestCaseExecutor.doExecute(TestCaseExecutor.java:439)
	at com.kms.katalon.core.main.TestCaseExecutor.processExecutionPhase(TestCaseExecutor.java:418)
	at com.kms.katalon.core.main.TestCaseExecutor.accessMainPhase(TestCaseExecutor.java:410)
	at com.kms.katalon.core.main.TestCaseExecutor.execute(TestCaseExecutor.java:285)
	at com.kms.katalon.core.common.CommonExecutor.accessTestCaseMainPhase(CommonExecutor.java:65)
	at com.kms.katalon.core.main.TestSuiteExecutor.accessTestSuiteMainPhase(TestSuiteExecutor.java:148)
	at com.kms.katalon.core.main.TestSuiteExecutor.execute(TestSuiteExecutor.java:106)
	at com.kms.katalon.core.main.TestCaseMain.startTestSuite(TestCaseMain.java:187)
	at com.kms.katalon.core.main.TestCaseMain$startTestSuite$0.call(Unknown Source)
	at TempTestSuite1696485610604.run(TempTestSuite1696485610604.groovy:36)]]></system-err>
      </testcase>
      <testcase name="Test Cases/Product Ecommerce/TC-PEN-013" time="20.351" classname="Test Cases/Product Ecommerce/TC-PEN-013" status="FAILED">
         <failure type="FAILED" message="Test Cases/Product Ecommerce/TC-PEN-013 FAILED.
Reason:
Assertion failed: 

assert accept_button_message == &quot;Code Name Is not valid&quot;
       |                     |
       &quot;&quot;                    false

	at TC-PEN-013.run(TC-PEN-013:56)
	at com.kms.katalon.core.main.ScriptEngine.run(ScriptEngine.java:194)
	at com.kms.katalon.core.main.ScriptEngine.runScriptAsRawText(ScriptEngine.java:119)
	at com.kms.katalon.core.main.TestCaseExecutor.runScript(TestCaseExecutor.java:448)
	at com.kms.katalon.core.main.TestCaseExecutor.doExecute(TestCaseExecutor.java:439)
	at com.kms.katalon.core.main.TestCaseExecutor.processExecutionPhase(TestCaseExecutor.java:418)
	at com.kms.katalon.core.main.TestCaseExecutor.accessMainPhase(TestCaseExecutor.java:410)
	at com.kms.katalon.core.main.TestCaseExecutor.execute(TestCaseExecutor.java:285)
	at com.kms.katalon.core.common.CommonExecutor.accessTestCaseMainPhase(CommonExecutor.java:65)
	at com.kms.katalon.core.main.TestSuiteExecutor.accessTestSuiteMainPhase(TestSuiteExecutor.java:148)
	at com.kms.katalon.core.main.TestSuiteExecutor.execute(TestSuiteExecutor.java:106)
	at com.kms.katalon.core.main.TestCaseMain.startTestSuite(TestCaseMain.java:187)
	at com.kms.katalon.core.main.TestCaseMain$startTestSuite$0.call(Unknown Source)
	at TempTestSuite1696485610604.run(TempTestSuite1696485610604.groovy:36)
"/>
         <system-out><![CDATA[2023-10-05 13:10:02 - [TEST_CASE][FAILED] - Test Cases/Product Ecommerce/TC-PEN-013: Test Cases/Product Ecommerce/TC-PEN-013 FAILED.
Reason:
Assertion failed: 

assert accept_button_message == "Code Name Is not valid"
       |                     |
       ""                    false

	at TC-PEN-013.run(TC-PEN-013:56)
	at com.kms.katalon.core.main.ScriptEngine.run(ScriptEngine.java:194)
	at com.kms.katalon.core.main.ScriptEngine.runScriptAsRawText(ScriptEngine.java:119)
	at com.kms.katalon.core.main.TestCaseExecutor.runScript(TestCaseExecutor.java:448)
	at com.kms.katalon.core.main.TestCaseExecutor.doExecute(TestCaseExecutor.java:439)
	at com.kms.katalon.core.main.TestCaseExecutor.processExecutionPhase(TestCaseExecutor.java:418)
	at com.kms.katalon.core.main.TestCaseExecutor.accessMainPhase(TestCaseExecutor.java:410)
	at com.kms.katalon.core.main.TestCaseExecutor.execute(TestCaseExecutor.java:285)
	at com.kms.katalon.core.common.CommonExecutor.accessTestCaseMainPhase(CommonExecutor.java:65)
	at com.kms.katalon.core.main.TestSuiteExecutor.accessTestSuiteMainPhase(TestSuiteExecutor.java:148)
	at com.kms.katalon.core.main.TestSuiteExecutor.execute(TestSuiteExecutor.java:106)
	at com.kms.katalon.core.main.TestCaseMain.startTestSuite(TestCaseMain.java:187)
	at com.kms.katalon.core.main.TestCaseMain$startTestSuite$0.call(Unknown Source)
	at TempTestSuite1696485610604.run(TempTestSuite1696485610604.groovy:36)


2023-10-05 13:10:03 - [TEST_STEP][PASSED] - callTestCase(findTestCase("Product Ecommerce/TC-PE-001"), [:], STOP_ON_FAILURE): Call Test Case 'Test Cases/Product Ecommerce/TC-PE-001' successfully

2023-10-05 13:10:03 - [TEST_CASE][PASSED] - Test Cases/Product Ecommerce/TC-PE-001: Test Cases/Product Ecommerce/TC-PE-001

2023-10-05 13:10:03 - [TEST_STEP][PASSED] - callTestCase(findTestCase("Login Ecommerce/TC-Login Ecomerce-001"), [:], STOP_ON_FAILURE): Call Test Case 'Test Cases/Login Ecommerce/TC-Login Ecomerce-001' successfully

2023-10-05 13:10:03 - [TEST_CASE][PASSED] - Test Cases/Login Ecommerce/TC-Login Ecomerce-001: Test Cases/Login Ecommerce/TC-Login Ecomerce-001

2023-10-05 13:10:03 - [TEST_STEP][PASSED] - openBrowser(userTajalapak): Browser is opened with url: 'https://10.9.2.63/ecommerce/'

2023-10-05 13:10:03 - [MESSAGE][WARNING] - A browser is already opened. Closing browser and opening a new one

2023-10-05 13:10:04 - [MESSAGE][INFO] - Starting 'Edge Chromium' driver

2023-10-05 13:10:04 - [MESSAGE][INFO] - User set preference: ['acceptInsecureCerts', 'true']

2023-10-05 13:10:06 - [MESSAGE][INFO] - Action delay is set to 0 milliseconds

2023-10-05 13:10:09 - [MESSAGE][PASSED] - Browser is opened with url: 'https://10.9.2.63/ecommerce/'

2023-10-05 13:10:09 - [TEST_STEP][PASSED] - maximizeWindow(): Current window maximized

2023-10-05 13:10:09 - [MESSAGE][PASSED] - Current window maximized

2023-10-05 13:10:09 - [TEST_STEP][PASSED] - verifyElementPresent(findTestObject("Login Ecommerce/Verifikasi Halaman Login Akun"), 0): Object 'Object Repository/Login Ecommerce/Verifikasi Halaman Login Akun' is present

2023-10-05 13:10:09 - [MESSAGE][WARNING] - Timeout '0' is invalid. Using default page load timeout: '30'

2023-10-05 13:10:10 - [MESSAGE][PASSED] - Object 'Object Repository/Login Ecommerce/Verifikasi Halaman Login Akun' is present

2023-10-05 13:10:10 - [TEST_STEP][PASSED] - click(findTestObject("Login Ecommerce/Login Akun")): Object: 'Object Repository/Login Ecommerce/Login Akun' is clicked on

2023-10-05 13:10:10 - [MESSAGE][PASSED] - Object: 'Object Repository/Login Ecommerce/Login Akun' is clicked on

2023-10-05 13:10:10 - [TEST_STEP][PASSED] - verifyElementPresent(findTestObject("Login Ecommerce/Verifikasi Halaman Login Akun"), 0): Object 'Object Repository/Login Ecommerce/Verifikasi Halaman Login Akun' is present

2023-10-05 13:10:10 - [MESSAGE][WARNING] - Timeout '0' is invalid. Using default page load timeout: '30'

2023-10-05 13:10:11 - [MESSAGE][PASSED] - Object 'Object Repository/Login Ecommerce/Verifikasi Halaman Login Akun' is present

2023-10-05 13:10:11 - [TEST_STEP][PASSED] - setText(findTestObject("Login Ecommerce/Input Username"), "riswandha"): Text 'riswandha' is set on object 'Object Repository/Login Ecommerce/Input Username'

2023-10-05 13:10:11 - [MESSAGE][PASSED] - Text 'riswandha' is set on object 'Object Repository/Login Ecommerce/Input Username'

2023-10-05 13:10:11 - [TEST_STEP][PASSED] - setEncryptedText(findTestObject("Login Ecommerce/Input Password"), "iGDxf8hSRT4="): Text ****** has been set on object 'Object Repository/Login Ecommerce/Input Password'

2023-10-05 13:10:12 - [MESSAGE][PASSED] - Text ****** has been set on object 'Object Repository/Login Ecommerce/Input Password'

2023-10-05 13:10:12 - [TEST_STEP][PASSED] - click(findTestObject("Login Ecommerce/Button Masuk")): Object: 'Object Repository/Login Ecommerce/Button Masuk' is clicked on

2023-10-05 13:10:14 - [MESSAGE][PASSED] - Object: 'Object Repository/Login Ecommerce/Button Masuk' is clicked on

2023-10-05 13:10:14 - [TEST_STEP][PASSED] - verifyElementPresent(findTestObject("Login Ecommerce/Verifikasi Login Akun"), 0): Object 'Object Repository/Login Ecommerce/Verifikasi Login Akun' is present

2023-10-05 13:10:14 - [MESSAGE][WARNING] - Timeout '0' is invalid. Using default page load timeout: '30'

2023-10-05 13:10:14 - [MESSAGE][PASSED] - Object 'Object Repository/Login Ecommerce/Verifikasi Login Akun' is present

2023-10-05 13:10:14 - [MESSAGE][PASSED] - Call Test Case 'Test Cases/Login Ecommerce/TC-Login Ecomerce-001' successfully

2023-10-05 13:10:14 - [TEST_STEP][PASSED] - mouseOver(findTestObject("Product Ecommerce/Button Menu toko")): Object: 'Object Repository/Product Ecommerce/Button Menu toko' is hovered

2023-10-05 13:10:15 - [MESSAGE][PASSED] - Object: 'Object Repository/Product Ecommerce/Button Menu toko' is hovered

2023-10-05 13:10:15 - [TEST_STEP][PASSED] - click(findTestObject("Product Ecommerce/Button Daftar Produk")): Object: 'Object Repository/Product Ecommerce/Button Daftar Produk' is clicked on

2023-10-05 13:10:16 - [MESSAGE][PASSED] - Object: 'Object Repository/Product Ecommerce/Button Daftar Produk' is clicked on

2023-10-05 13:10:16 - [TEST_STEP][PASSED] - verifyElementPresent(findTestObject("Product Ecommerce/Verifikasi Halaman Product Anda"), 0): Object 'Object Repository/Product Ecommerce/Verifikasi Halaman Product Anda' is present

2023-10-05 13:10:16 - [MESSAGE][WARNING] - Timeout '0' is invalid. Using default page load timeout: '30'

2023-10-05 13:10:16 - [MESSAGE][PASSED] - Object 'Object Repository/Product Ecommerce/Verifikasi Halaman Product Anda' is present

2023-10-05 13:10:16 - [MESSAGE][PASSED] - Call Test Case 'Test Cases/Product Ecommerce/TC-PE-001' successfully

2023-10-05 13:10:16 - [TEST_STEP][PASSED] - mouseOver(findTestObject("Product Ecommerce/Image Gambar produk 1")): Object: 'Object Repository/Product Ecommerce/Image Gambar produk 1' is hovered

2023-10-05 13:10:17 - [MESSAGE][PASSED] - Object: 'Object Repository/Product Ecommerce/Image Gambar produk 1' is hovered

2023-10-05 13:10:17 - [TEST_STEP][PASSED] - click(findTestObject("Product Ecommerce/Tambahkan Product/Edit Data")): Object: 'Object Repository/Product Ecommerce/Tambahkan Product/Edit Data' is clicked on

2023-10-05 13:10:18 - [MESSAGE][PASSED] - Object: 'Object Repository/Product Ecommerce/Tambahkan Product/Edit Data' is clicked on

2023-10-05 13:10:18 - [TEST_STEP][PASSED] - verifyElementPresent(findTestObject("Product Ecommerce/Tambahkan Product/Button Update Data"), 0): Object 'Object Repository/Product Ecommerce/Tambahkan Product/Button Update Data' is present

2023-10-05 13:10:18 - [MESSAGE][WARNING] - Timeout '0' is invalid. Using default page load timeout: '30'

2023-10-05 13:10:19 - [MESSAGE][PASSED] - Object 'Object Repository/Product Ecommerce/Tambahkan Product/Button Update Data' is present

2023-10-05 13:10:19 - [TEST_STEP][PASSED] - click(findTestObject("Product Ecommerce/Kupon/Button Buat Product")): Object: 'Object Repository/Product Ecommerce/Kupon/Button Buat Product' is clicked on

2023-10-05 13:10:19 - [MESSAGE][PASSED] - Object: 'Object Repository/Product Ecommerce/Kupon/Button Buat Product' is clicked on

2023-10-05 13:10:19 - [TEST_STEP][PASSED] - verifyElementPresent(findTestObject("Product Ecommerce/Kupon/Verifikasi Halaman Voucher Product"), 0): Object 'Object Repository/Product Ecommerce/Kupon/Verifikasi Halaman Voucher Product' is present

2023-10-05 13:10:19 - [MESSAGE][WARNING] - Timeout '0' is invalid. Using default page load timeout: '30'

2023-10-05 13:10:20 - [MESSAGE][PASSED] - Object 'Object Repository/Product Ecommerce/Kupon/Verifikasi Halaman Voucher Product' is present

2023-10-05 13:10:20 - [TEST_STEP][PASSED] - click(findTestObject("Product Ecommerce/Kupon/Button Edit Voucher")): Object: 'Object Repository/Product Ecommerce/Kupon/Button Edit Voucher' is clicked on

2023-10-05 13:10:20 - [MESSAGE][PASSED] - Object: 'Object Repository/Product Ecommerce/Kupon/Button Edit Voucher' is clicked on

2023-10-05 13:10:20 - [TEST_STEP][PASSED] - setText(findTestObject("Product Ecommerce/Kupon/Input Kode Kupon"), "~!@#$%^&*()"): Text '~!@#$%^&*()' is set on object 'Object Repository/Product Ecommerce/Kupon/Input Kode Kupon'

2023-10-05 13:10:21 - [MESSAGE][PASSED] - Text '~!@#$%^&*()' is set on object 'Object Repository/Product Ecommerce/Kupon/Input Kode Kupon'

2023-10-05 13:10:21 - [TEST_STEP][PASSED] - click(findTestObject("Product Ecommerce/Kupon/Button Simpan")): Object: 'Object Repository/Product Ecommerce/Kupon/Button Simpan' is clicked on

2023-10-05 13:10:22 - [MESSAGE][PASSED] - Object: 'Object Repository/Product Ecommerce/Kupon/Button Simpan' is clicked on

2023-10-05 13:10:22 - [TEST_STEP][PASSED] - driver = getWebDriver(): null

2023-10-05 13:10:22 - [TEST_STEP][PASSED] - field_username_element = driver.findElement(By.xpath("//input[@id="kode_kupon"]")): null

2023-10-05 13:10:23 - [TEST_STEP][PASSED] - accept_button_message = driver.executeScript("return arguments[0].validationMessage", field_username_element): null

2023-10-05 13:10:23 - [TEST_STEP][PASSED] - println(accept_button_message): null

2023-10-05 13:10:23 - [TEST_STEP][FAILED] - assert accept_button_message == "Code Name Is not valid": Test Cases/Product Ecommerce/TC-PEN-013 FAILED.
Reason:
Assertion failed: 

assert accept_button_message == "Code Name Is not valid"
       |                     |
       ""                    false

	at TC-PEN-013.run(TC-PEN-013:56)
	at com.kms.katalon.core.main.ScriptEngine.run(ScriptEngine.java:194)
	at com.kms.katalon.core.main.ScriptEngine.runScriptAsRawText(ScriptEngine.java:119)
	at com.kms.katalon.core.main.TestCaseExecutor.runScript(TestCaseExecutor.java:448)
	at com.kms.katalon.core.main.TestCaseExecutor.doExecute(TestCaseExecutor.java:439)
	at com.kms.katalon.core.main.TestCaseExecutor.processExecutionPhase(TestCaseExecutor.java:418)
	at com.kms.katalon.core.main.TestCaseExecutor.accessMainPhase(TestCaseExecutor.java:410)
	at com.kms.katalon.core.main.TestCaseExecutor.execute(TestCaseExecutor.java:285)
	at com.kms.katalon.core.common.CommonExecutor.accessTestCaseMainPhase(CommonExecutor.java:65)
	at com.kms.katalon.core.main.TestSuiteExecutor.accessTestSuiteMainPhase(TestSuiteExecutor.java:148)
	at com.kms.katalon.core.main.TestSuiteExecutor.execute(TestSuiteExecutor.java:106)
	at com.kms.katalon.core.main.TestCaseMain.startTestSuite(TestCaseMain.java:187)
	at com.kms.katalon.core.main.TestCaseMain$startTestSuite$0.call(Unknown Source)
	at TempTestSuite1696485610604.run(TempTestSuite1696485610604.groovy:36)


2023-10-05 13:10:23 - [MESSAGE][FAILED] - Test Cases/Product Ecommerce/TC-PEN-013 FAILED.
Reason:
Assertion failed: 

assert accept_button_message == "Code Name Is not valid"
       |                     |
       ""                    false

	at TC-PEN-013.run(TC-PEN-013:56)
	at com.kms.katalon.core.main.ScriptEngine.run(ScriptEngine.java:194)
	at com.kms.katalon.core.main.ScriptEngine.runScriptAsRawText(ScriptEngine.java:119)
	at com.kms.katalon.core.main.TestCaseExecutor.runScript(TestCaseExecutor.java:448)
	at com.kms.katalon.core.main.TestCaseExecutor.doExecute(TestCaseExecutor.java:439)
	at com.kms.katalon.core.main.TestCaseExecutor.processExecutionPhase(TestCaseExecutor.java:418)
	at com.kms.katalon.core.main.TestCaseExecutor.accessMainPhase(TestCaseExecutor.java:410)
	at com.kms.katalon.core.main.TestCaseExecutor.execute(TestCaseExecutor.java:285)
	at com.kms.katalon.core.common.CommonExecutor.accessTestCaseMainPhase(CommonExecutor.java:65)
	at com.kms.katalon.core.main.TestSuiteExecutor.accessTestSuiteMainPhase(TestSuiteExecutor.java:148)
	at com.kms.katalon.core.main.TestSuiteExecutor.execute(TestSuiteExecutor.java:106)
	at com.kms.katalon.core.main.TestCaseMain.startTestSuite(TestCaseMain.java:187)
	at com.kms.katalon.core.main.TestCaseMain$startTestSuite$0.call(Unknown Source)
	at TempTestSuite1696485610604.run(TempTestSuite1696485610604.groovy:36)]]></system-out>
         <system-err><![CDATA[2023-10-05 13:10:02 - [TEST_CASE][FAILED] - Test Cases/Product Ecommerce/TC-PEN-013: Test Cases/Product Ecommerce/TC-PEN-013 FAILED.
Reason:
Assertion failed: 

assert accept_button_message == "Code Name Is not valid"
       |                     |
       ""                    false

	at TC-PEN-013.run(TC-PEN-013:56)
	at com.kms.katalon.core.main.ScriptEngine.run(ScriptEngine.java:194)
	at com.kms.katalon.core.main.ScriptEngine.runScriptAsRawText(ScriptEngine.java:119)
	at com.kms.katalon.core.main.TestCaseExecutor.runScript(TestCaseExecutor.java:448)
	at com.kms.katalon.core.main.TestCaseExecutor.doExecute(TestCaseExecutor.java:439)
	at com.kms.katalon.core.main.TestCaseExecutor.processExecutionPhase(TestCaseExecutor.java:418)
	at com.kms.katalon.core.main.TestCaseExecutor.accessMainPhase(TestCaseExecutor.java:410)
	at com.kms.katalon.core.main.TestCaseExecutor.execute(TestCaseExecutor.java:285)
	at com.kms.katalon.core.common.CommonExecutor.accessTestCaseMainPhase(CommonExecutor.java:65)
	at com.kms.katalon.core.main.TestSuiteExecutor.accessTestSuiteMainPhase(TestSuiteExecutor.java:148)
	at com.kms.katalon.core.main.TestSuiteExecutor.execute(TestSuiteExecutor.java:106)
	at com.kms.katalon.core.main.TestCaseMain.startTestSuite(TestCaseMain.java:187)
	at com.kms.katalon.core.main.TestCaseMain$startTestSuite$0.call(Unknown Source)
	at TempTestSuite1696485610604.run(TempTestSuite1696485610604.groovy:36)]]></system-err>
      </testcase>
      <testcase name="Test Cases/Product Ecommerce/TC-PEN-014" time="23.132" classname="Test Cases/Product Ecommerce/TC-PEN-014" status="FAILED">
         <failure type="FAILED" message="Test Cases/Product Ecommerce/TC-PEN-014 FAILED.
Reason:
com.kms.katalon.core.exception.StepFailedException: Unable to get alert text
	at com.kms.katalon.core.webui.keyword.internal.WebUIKeywordMain.stepFailed(WebUIKeywordMain.groovy:64)
	at com.kms.katalon.core.webui.keyword.internal.WebUIKeywordMain.runKeyword(WebUIKeywordMain.groovy:26)
	at com.kms.katalon.core.webui.keyword.builtin.GetAlertTextKeyword.getAlertText(GetAlertTextKeyword.groovy:71)
	at com.kms.katalon.core.webui.keyword.builtin.GetAlertTextKeyword.execute(GetAlertTextKeyword.groovy:66)
	at com.kms.katalon.core.keyword.internal.KeywordExecutor.executeKeywordForPlatform(KeywordExecutor.groovy:74)
	at com.kms.katalon.core.webui.keyword.WebUiBuiltInKeywords.getAlertText(WebUiBuiltInKeywords.groovy:1576)
	at com.kms.katalon.core.webui.keyword.WebUiBuiltInKeywords$getAlertText$13.call(Unknown Source)
	at TC-PEN-014.run(TC-PEN-014:46)
	at com.kms.katalon.core.main.ScriptEngine.run(ScriptEngine.java:194)
	at com.kms.katalon.core.main.ScriptEngine.runScriptAsRawText(ScriptEngine.java:119)
	at com.kms.katalon.core.main.TestCaseExecutor.runScript(TestCaseExecutor.java:448)
	at com.kms.katalon.core.main.TestCaseExecutor.doExecute(TestCaseExecutor.java:439)
	at com.kms.katalon.core.main.TestCaseExecutor.processExecutionPhase(TestCaseExecutor.java:418)
	at com.kms.katalon.core.main.TestCaseExecutor.accessMainPhase(TestCaseExecutor.java:410)
	at com.kms.katalon.core.main.TestCaseExecutor.execute(TestCaseExecutor.java:285)
	at com.kms.katalon.core.common.CommonExecutor.accessTestCaseMainPhase(CommonExecutor.java:65)
	at com.kms.katalon.core.main.TestSuiteExecutor.accessTestSuiteMainPhase(TestSuiteExecutor.java:148)
	at com.kms.katalon.core.main.TestSuiteExecutor.execute(TestSuiteExecutor.java:106)
	at com.kms.katalon.core.main.TestCaseMain.startTestSuite(TestCaseMain.java:187)
	at com.kms.katalon.core.main.TestCaseMain$startTestSuite$0.call(Unknown Source)
	at TempTestSuite1696485610604.run(TempTestSuite1696485610604.groovy:36)
Caused by: com.kms.katalon.core.exception.StepFailedException: No alert found
	at com.kms.katalon.core.webui.keyword.internal.WebUIKeywordMain.stepFailed(WebUIKeywordMain.groovy:64)
	at com.kms.katalon.core.webui.keyword.builtin.GetAlertTextKeyword$_getAlertText_closure1.doCall(GetAlertTextKeyword.groovy:79)
	at com.kms.katalon.core.webui.keyword.builtin.GetAlertTextKeyword$_getAlertText_closure1.call(GetAlertTextKeyword.groovy)
	at com.kms.katalon.core.webui.keyword.internal.WebUIKeywordMain.runKeyword(WebUIKeywordMain.groovy:20)
	... 19 more
"/>
         <system-out><![CDATA[2023-10-05 13:10:23 - [TEST_CASE][FAILED] - Test Cases/Product Ecommerce/TC-PEN-014: Test Cases/Product Ecommerce/TC-PEN-014 FAILED.
Reason:
com.kms.katalon.core.exception.StepFailedException: Unable to get alert text
	at com.kms.katalon.core.webui.keyword.internal.WebUIKeywordMain.stepFailed(WebUIKeywordMain.groovy:64)
	at com.kms.katalon.core.webui.keyword.internal.WebUIKeywordMain.runKeyword(WebUIKeywordMain.groovy:26)
	at com.kms.katalon.core.webui.keyword.builtin.GetAlertTextKeyword.getAlertText(GetAlertTextKeyword.groovy:71)
	at com.kms.katalon.core.webui.keyword.builtin.GetAlertTextKeyword.execute(GetAlertTextKeyword.groovy:66)
	at com.kms.katalon.core.keyword.internal.KeywordExecutor.executeKeywordForPlatform(KeywordExecutor.groovy:74)
	at com.kms.katalon.core.webui.keyword.WebUiBuiltInKeywords.getAlertText(WebUiBuiltInKeywords.groovy:1576)
	at com.kms.katalon.core.webui.keyword.WebUiBuiltInKeywords$getAlertText$13.call(Unknown Source)
	at TC-PEN-014.run(TC-PEN-014:46)
	at com.kms.katalon.core.main.ScriptEngine.run(ScriptEngine.java:194)
	at com.kms.katalon.core.main.ScriptEngine.runScriptAsRawText(ScriptEngine.java:119)
	at com.kms.katalon.core.main.TestCaseExecutor.runScript(TestCaseExecutor.java:448)
	at com.kms.katalon.core.main.TestCaseExecutor.doExecute(TestCaseExecutor.java:439)
	at com.kms.katalon.core.main.TestCaseExecutor.processExecutionPhase(TestCaseExecutor.java:418)
	at com.kms.katalon.core.main.TestCaseExecutor.accessMainPhase(TestCaseExecutor.java:410)
	at com.kms.katalon.core.main.TestCaseExecutor.execute(TestCaseExecutor.java:285)
	at com.kms.katalon.core.common.CommonExecutor.accessTestCaseMainPhase(CommonExecutor.java:65)
	at com.kms.katalon.core.main.TestSuiteExecutor.accessTestSuiteMainPhase(TestSuiteExecutor.java:148)
	at com.kms.katalon.core.main.TestSuiteExecutor.execute(TestSuiteExecutor.java:106)
	at com.kms.katalon.core.main.TestCaseMain.startTestSuite(TestCaseMain.java:187)
	at com.kms.katalon.core.main.TestCaseMain$startTestSuite$0.call(Unknown Source)
	at TempTestSuite1696485610604.run(TempTestSuite1696485610604.groovy:36)
Caused by: com.kms.katalon.core.exception.StepFailedException: No alert found
	at com.kms.katalon.core.webui.keyword.internal.WebUIKeywordMain.stepFailed(WebUIKeywordMain.groovy:64)
	at com.kms.katalon.core.webui.keyword.builtin.GetAlertTextKeyword$_getAlertText_closure1.doCall(GetAlertTextKeyword.groovy:79)
	at com.kms.katalon.core.webui.keyword.builtin.GetAlertTextKeyword$_getAlertText_closure1.call(GetAlertTextKeyword.groovy)
	at com.kms.katalon.core.webui.keyword.internal.WebUIKeywordMain.runKeyword(WebUIKeywordMain.groovy:20)
	... 19 more


2023-10-05 13:10:23 - [TEST_STEP][PASSED] - callTestCase(findTestCase("Product Ecommerce/TC-PE-001"), [:], STOP_ON_FAILURE): Call Test Case 'Test Cases/Product Ecommerce/TC-PE-001' successfully

2023-10-05 13:10:23 - [TEST_CASE][PASSED] - Test Cases/Product Ecommerce/TC-PE-001: Test Cases/Product Ecommerce/TC-PE-001

2023-10-05 13:10:23 - [TEST_STEP][PASSED] - callTestCase(findTestCase("Login Ecommerce/TC-Login Ecomerce-001"), [:], STOP_ON_FAILURE): Call Test Case 'Test Cases/Login Ecommerce/TC-Login Ecomerce-001' successfully

2023-10-05 13:10:23 - [TEST_CASE][PASSED] - Test Cases/Login Ecommerce/TC-Login Ecomerce-001: Test Cases/Login Ecommerce/TC-Login Ecomerce-001

2023-10-05 13:10:23 - [TEST_STEP][PASSED] - openBrowser(userTajalapak): Browser is opened with url: 'https://10.9.2.63/ecommerce/'

2023-10-05 13:10:23 - [MESSAGE][WARNING] - A browser is already opened. Closing browser and opening a new one

2023-10-05 13:10:24 - [MESSAGE][INFO] - Starting 'Edge Chromium' driver

2023-10-05 13:10:24 - [MESSAGE][INFO] - User set preference: ['acceptInsecureCerts', 'true']

2023-10-05 13:10:26 - [MESSAGE][INFO] - Action delay is set to 0 milliseconds

2023-10-05 13:10:29 - [MESSAGE][PASSED] - Browser is opened with url: 'https://10.9.2.63/ecommerce/'

2023-10-05 13:10:29 - [TEST_STEP][PASSED] - maximizeWindow(): Current window maximized

2023-10-05 13:10:29 - [MESSAGE][PASSED] - Current window maximized

2023-10-05 13:10:29 - [TEST_STEP][PASSED] - verifyElementPresent(findTestObject("Login Ecommerce/Verifikasi Halaman Login Akun"), 0): Object 'Object Repository/Login Ecommerce/Verifikasi Halaman Login Akun' is present

2023-10-05 13:10:29 - [MESSAGE][WARNING] - Timeout '0' is invalid. Using default page load timeout: '30'

2023-10-05 13:10:30 - [MESSAGE][PASSED] - Object 'Object Repository/Login Ecommerce/Verifikasi Halaman Login Akun' is present

2023-10-05 13:10:30 - [TEST_STEP][PASSED] - click(findTestObject("Login Ecommerce/Login Akun")): Object: 'Object Repository/Login Ecommerce/Login Akun' is clicked on

2023-10-05 13:10:30 - [MESSAGE][PASSED] - Object: 'Object Repository/Login Ecommerce/Login Akun' is clicked on

2023-10-05 13:10:30 - [TEST_STEP][PASSED] - verifyElementPresent(findTestObject("Login Ecommerce/Verifikasi Halaman Login Akun"), 0): Object 'Object Repository/Login Ecommerce/Verifikasi Halaman Login Akun' is present

2023-10-05 13:10:31 - [MESSAGE][WARNING] - Timeout '0' is invalid. Using default page load timeout: '30'

2023-10-05 13:10:31 - [MESSAGE][PASSED] - Object 'Object Repository/Login Ecommerce/Verifikasi Halaman Login Akun' is present

2023-10-05 13:10:31 - [TEST_STEP][PASSED] - setText(findTestObject("Login Ecommerce/Input Username"), "riswandha"): Text 'riswandha' is set on object 'Object Repository/Login Ecommerce/Input Username'

2023-10-05 13:10:32 - [MESSAGE][PASSED] - Text 'riswandha' is set on object 'Object Repository/Login Ecommerce/Input Username'

2023-10-05 13:10:32 - [TEST_STEP][PASSED] - setEncryptedText(findTestObject("Login Ecommerce/Input Password"), "iGDxf8hSRT4="): Text ****** has been set on object 'Object Repository/Login Ecommerce/Input Password'

2023-10-05 13:10:32 - [MESSAGE][PASSED] - Text ****** has been set on object 'Object Repository/Login Ecommerce/Input Password'

2023-10-05 13:10:32 - [TEST_STEP][PASSED] - click(findTestObject("Login Ecommerce/Button Masuk")): Object: 'Object Repository/Login Ecommerce/Button Masuk' is clicked on

2023-10-05 13:10:34 - [MESSAGE][PASSED] - Object: 'Object Repository/Login Ecommerce/Button Masuk' is clicked on

2023-10-05 13:10:34 - [TEST_STEP][PASSED] - verifyElementPresent(findTestObject("Login Ecommerce/Verifikasi Login Akun"), 0): Object 'Object Repository/Login Ecommerce/Verifikasi Login Akun' is present

2023-10-05 13:10:34 - [MESSAGE][WARNING] - Timeout '0' is invalid. Using default page load timeout: '30'

2023-10-05 13:10:34 - [MESSAGE][PASSED] - Object 'Object Repository/Login Ecommerce/Verifikasi Login Akun' is present

2023-10-05 13:10:34 - [MESSAGE][PASSED] - Call Test Case 'Test Cases/Login Ecommerce/TC-Login Ecomerce-001' successfully

2023-10-05 13:10:34 - [TEST_STEP][PASSED] - mouseOver(findTestObject("Product Ecommerce/Button Menu toko")): Object: 'Object Repository/Product Ecommerce/Button Menu toko' is hovered

2023-10-05 13:10:35 - [MESSAGE][PASSED] - Object: 'Object Repository/Product Ecommerce/Button Menu toko' is hovered

2023-10-05 13:10:35 - [TEST_STEP][PASSED] - click(findTestObject("Product Ecommerce/Button Daftar Produk")): Object: 'Object Repository/Product Ecommerce/Button Daftar Produk' is clicked on

2023-10-05 13:10:36 - [MESSAGE][PASSED] - Object: 'Object Repository/Product Ecommerce/Button Daftar Produk' is clicked on

2023-10-05 13:10:36 - [TEST_STEP][PASSED] - verifyElementPresent(findTestObject("Product Ecommerce/Verifikasi Halaman Product Anda"), 0): Object 'Object Repository/Product Ecommerce/Verifikasi Halaman Product Anda' is present

2023-10-05 13:10:36 - [MESSAGE][WARNING] - Timeout '0' is invalid. Using default page load timeout: '30'

2023-10-05 13:10:36 - [MESSAGE][PASSED] - Object 'Object Repository/Product Ecommerce/Verifikasi Halaman Product Anda' is present

2023-10-05 13:10:36 - [MESSAGE][PASSED] - Call Test Case 'Test Cases/Product Ecommerce/TC-PE-001' successfully

2023-10-05 13:10:36 - [TEST_STEP][PASSED] - mouseOver(findTestObject("Product Ecommerce/Image Gambar produk 1")): Object: 'Object Repository/Product Ecommerce/Image Gambar produk 1' is hovered

2023-10-05 13:10:37 - [MESSAGE][PASSED] - Object: 'Object Repository/Product Ecommerce/Image Gambar produk 1' is hovered

2023-10-05 13:10:37 - [TEST_STEP][PASSED] - click(findTestObject("Product Ecommerce/Tambahkan Product/Edit Data")): Object: 'Object Repository/Product Ecommerce/Tambahkan Product/Edit Data' is clicked on

2023-10-05 13:10:38 - [MESSAGE][PASSED] - Object: 'Object Repository/Product Ecommerce/Tambahkan Product/Edit Data' is clicked on

2023-10-05 13:10:38 - [TEST_STEP][PASSED] - verifyElementPresent(findTestObject("Product Ecommerce/Tambahkan Product/Button Update Data"), 0): Object 'Object Repository/Product Ecommerce/Tambahkan Product/Button Update Data' is present

2023-10-05 13:10:38 - [MESSAGE][WARNING] - Timeout '0' is invalid. Using default page load timeout: '30'

2023-10-05 13:10:38 - [MESSAGE][PASSED] - Object 'Object Repository/Product Ecommerce/Tambahkan Product/Button Update Data' is present

2023-10-05 13:10:38 - [TEST_STEP][PASSED] - click(findTestObject("Product Ecommerce/Kupon/Button Buat Product")): Object: 'Object Repository/Product Ecommerce/Kupon/Button Buat Product' is clicked on

2023-10-05 13:10:39 - [MESSAGE][PASSED] - Object: 'Object Repository/Product Ecommerce/Kupon/Button Buat Product' is clicked on

2023-10-05 13:10:39 - [TEST_STEP][PASSED] - verifyElementPresent(findTestObject("Product Ecommerce/Kupon/Verifikasi Halaman Voucher Product"), 0): Object 'Object Repository/Product Ecommerce/Kupon/Verifikasi Halaman Voucher Product' is present

2023-10-05 13:10:39 - [MESSAGE][WARNING] - Timeout '0' is invalid. Using default page load timeout: '30'

2023-10-05 13:10:39 - [MESSAGE][PASSED] - Object 'Object Repository/Product Ecommerce/Kupon/Verifikasi Halaman Voucher Product' is present

2023-10-05 13:10:39 - [TEST_STEP][PASSED] - click(findTestObject("Product Ecommerce/Kupon/Button Edit Voucher")): Object: 'Object Repository/Product Ecommerce/Kupon/Button Edit Voucher' is clicked on

2023-10-05 13:10:40 - [MESSAGE][PASSED] - Object: 'Object Repository/Product Ecommerce/Kupon/Button Edit Voucher' is clicked on

2023-10-05 13:10:40 - [TEST_STEP][PASSED] - setText(findTestObject("Product Ecommerce/Kupon/Input Kode Kupon"), " "): Text ' ' is set on object 'Object Repository/Product Ecommerce/Kupon/Input Kode Kupon'

2023-10-05 13:10:40 - [MESSAGE][PASSED] - Text ' ' is set on object 'Object Repository/Product Ecommerce/Kupon/Input Kode Kupon'

2023-10-05 13:10:40 - [TEST_STEP][PASSED] - click(findTestObject("Product Ecommerce/Kupon/Button Simpan")): Object: 'Object Repository/Product Ecommerce/Kupon/Button Simpan' is clicked on

2023-10-05 13:10:41 - [MESSAGE][PASSED] - Object: 'Object Repository/Product Ecommerce/Kupon/Button Simpan' is clicked on

2023-10-05 13:10:41 - [TEST_STEP][PASSED] - delay(5): Delayed 5 second(s)

2023-10-05 13:10:46 - [MESSAGE][PASSED] - Delayed 5 second(s)

2023-10-05 13:10:46 - [TEST_STEP][FAILED] - notif = getAlertText(): Unable to get alert text (Root cause: com.kms.katalon.core.exception.StepFailedException: Unable to get alert text
	at com.kms.katalon.core.webui.keyword.internal.WebUIKeywordMain.stepFailed(WebUIKeywordMain.groovy:64)
	at com.kms.katalon.core.webui.keyword.internal.WebUIKeywordMain.runKeyword(WebUIKeywordMain.groovy:26)
	at com.kms.katalon.core.webui.keyword.builtin.GetAlertTextKeyword.getAlertText(GetAlertTextKeyword.groovy:71)
	at com.kms.katalon.core.webui.keyword.builtin.GetAlertTextKeyword.execute(GetAlertTextKeyword.groovy:66)
	at com.kms.katalon.core.keyword.internal.KeywordExecutor.executeKeywordForPlatform(KeywordExecutor.groovy:74)
	at com.kms.katalon.core.webui.keyword.WebUiBuiltInKeywords.getAlertText(WebUiBuiltInKeywords.groovy:1576)
	at com.kms.katalon.core.webui.keyword.WebUiBuiltInKeywords$getAlertText$13.call(Unknown Source)
	at TC-PEN-014.run(TC-PEN-014:46)
	at com.kms.katalon.core.main.ScriptEngine.run(ScriptEngine.java:194)
	at com.kms.katalon.core.main.ScriptEngine.runScriptAsRawText(ScriptEngine.java:119)
	at com.kms.katalon.core.main.TestCaseExecutor.runScript(TestCaseExecutor.java:448)
	at com.kms.katalon.core.main.TestCaseExecutor.doExecute(TestCaseExecutor.java:439)
	at com.kms.katalon.core.main.TestCaseExecutor.processExecutionPhase(TestCaseExecutor.java:418)
	at com.kms.katalon.core.main.TestCaseExecutor.accessMainPhase(TestCaseExecutor.java:410)
	at com.kms.katalon.core.main.TestCaseExecutor.execute(TestCaseExecutor.java:285)
	at com.kms.katalon.core.common.CommonExecutor.accessTestCaseMainPhase(CommonExecutor.java:65)
	at com.kms.katalon.core.main.TestSuiteExecutor.accessTestSuiteMainPhase(TestSuiteExecutor.java:148)
	at com.kms.katalon.core.main.TestSuiteExecutor.execute(TestSuiteExecutor.java:106)
	at com.kms.katalon.core.main.TestCaseMain.startTestSuite(TestCaseMain.java:187)
	at com.kms.katalon.core.main.TestCaseMain$startTestSuite$0.call(Unknown Source)
	at TempTestSuite1696485610604.run(TempTestSuite1696485610604.groovy:36)
Caused by: com.kms.katalon.core.exception.StepFailedException: No alert found
	at com.kms.katalon.core.webui.keyword.internal.WebUIKeywordMain.stepFailed(WebUIKeywordMain.groovy:64)
	at com.kms.katalon.core.webui.keyword.builtin.GetAlertTextKeyword$_getAlertText_closure1.doCall(GetAlertTextKeyword.groovy:79)
	at com.kms.katalon.core.webui.keyword.builtin.GetAlertTextKeyword$_getAlertText_closure1.call(GetAlertTextKeyword.groovy)
	at com.kms.katalon.core.webui.keyword.internal.WebUIKeywordMain.runKeyword(WebUIKeywordMain.groovy:20)
	... 19 more
)

2023-10-05 13:10:46 - [MESSAGE][FAILED] - No alert found (Root cause: com.kms.katalon.core.exception.StepFailedException: No alert found
	at com.kms.katalon.core.webui.keyword.internal.WebUIKeywordMain.stepFailed(WebUIKeywordMain.groovy:64)
	at com.kms.katalon.core.webui.keyword.builtin.GetAlertTextKeyword$_getAlertText_closure1.doCall(GetAlertTextKeyword.groovy:79)
	at com.kms.katalon.core.webui.keyword.builtin.GetAlertTextKeyword$_getAlertText_closure1.call(GetAlertTextKeyword.groovy)
	at com.kms.katalon.core.webui.keyword.internal.WebUIKeywordMain.runKeyword(WebUIKeywordMain.groovy:20)
	at com.kms.katalon.core.webui.keyword.builtin.GetAlertTextKeyword.getAlertText(GetAlertTextKeyword.groovy:71)
	at com.kms.katalon.core.webui.keyword.builtin.GetAlertTextKeyword.execute(GetAlertTextKeyword.groovy:66)
	at com.kms.katalon.core.keyword.internal.KeywordExecutor.executeKeywordForPlatform(KeywordExecutor.groovy:74)
	at com.kms.katalon.core.webui.keyword.WebUiBuiltInKeywords.getAlertText(WebUiBuiltInKeywords.groovy:1576)
	at com.kms.katalon.core.webui.keyword.WebUiBuiltInKeywords$getAlertText$13.call(Unknown Source)
	at TC-PEN-014.run(TC-PEN-014:46)
	at com.kms.katalon.core.main.ScriptEngine.run(ScriptEngine.java:194)
	at com.kms.katalon.core.main.ScriptEngine.runScriptAsRawText(ScriptEngine.java:119)
	at com.kms.katalon.core.main.TestCaseExecutor.runScript(TestCaseExecutor.java:448)
	at com.kms.katalon.core.main.TestCaseExecutor.doExecute(TestCaseExecutor.java:439)
	at com.kms.katalon.core.main.TestCaseExecutor.processExecutionPhase(TestCaseExecutor.java:418)
	at com.kms.katalon.core.main.TestCaseExecutor.accessMainPhase(TestCaseExecutor.java:410)
	at com.kms.katalon.core.main.TestCaseExecutor.execute(TestCaseExecutor.java:285)
	at com.kms.katalon.core.common.CommonExecutor.accessTestCaseMainPhase(CommonExecutor.java:65)
	at com.kms.katalon.core.main.TestSuiteExecutor.accessTestSuiteMainPhase(TestSuiteExecutor.java:148)
	at com.kms.katalon.core.main.TestSuiteExecutor.execute(TestSuiteExecutor.java:106)
	at com.kms.katalon.core.main.TestCaseMain.startTestSuite(TestCaseMain.java:187)
	at com.kms.katalon.core.main.TestCaseMain$startTestSuite$0.call(Unknown Source)
	at TempTestSuite1696485610604.run(TempTestSuite1696485610604.groovy:36)
)
[[ATTACHMENT|G:\\Project Xsis\\batch-324-qa\\Riswan\\Sprint 2 Product Tajalapak\\Reports\\20231005_130010\\Product Ecomerce\\20231005_130010\\1696486246103.png]]

2023-10-05 13:10:46 - [MESSAGE][FAILED] - Unable to get alert text (Root cause: com.kms.katalon.core.exception.StepFailedException: Unable to get alert text
	at com.kms.katalon.core.webui.keyword.internal.WebUIKeywordMain.stepFailed(WebUIKeywordMain.groovy:64)
	at com.kms.katalon.core.webui.keyword.internal.WebUIKeywordMain.runKeyword(WebUIKeywordMain.groovy:26)
	at com.kms.katalon.core.webui.keyword.builtin.GetAlertTextKeyword.getAlertText(GetAlertTextKeyword.groovy:71)
	at com.kms.katalon.core.webui.keyword.builtin.GetAlertTextKeyword.execute(GetAlertTextKeyword.groovy:66)
	at com.kms.katalon.core.keyword.internal.KeywordExecutor.executeKeywordForPlatform(KeywordExecutor.groovy:74)
	at com.kms.katalon.core.webui.keyword.WebUiBuiltInKeywords.getAlertText(WebUiBuiltInKeywords.groovy:1576)
	at com.kms.katalon.core.webui.keyword.WebUiBuiltInKeywords$getAlertText$13.call(Unknown Source)
	at TC-PEN-014.run(TC-PEN-014:46)
	at com.kms.katalon.core.main.ScriptEngine.run(ScriptEngine.java:194)
	at com.kms.katalon.core.main.ScriptEngine.runScriptAsRawText(ScriptEngine.java:119)
	at com.kms.katalon.core.main.TestCaseExecutor.runScript(TestCaseExecutor.java:448)
	at com.kms.katalon.core.main.TestCaseExecutor.doExecute(TestCaseExecutor.java:439)
	at com.kms.katalon.core.main.TestCaseExecutor.processExecutionPhase(TestCaseExecutor.java:418)
	at com.kms.katalon.core.main.TestCaseExecutor.accessMainPhase(TestCaseExecutor.java:410)
	at com.kms.katalon.core.main.TestCaseExecutor.execute(TestCaseExecutor.java:285)
	at com.kms.katalon.core.common.CommonExecutor.accessTestCaseMainPhase(CommonExecutor.java:65)
	at com.kms.katalon.core.main.TestSuiteExecutor.accessTestSuiteMainPhase(TestSuiteExecutor.java:148)
	at com.kms.katalon.core.main.TestSuiteExecutor.execute(TestSuiteExecutor.java:106)
	at com.kms.katalon.core.main.TestCaseMain.startTestSuite(TestCaseMain.java:187)
	at com.kms.katalon.core.main.TestCaseMain$startTestSuite$0.call(Unknown Source)
	at TempTestSuite1696485610604.run(TempTestSuite1696485610604.groovy:36)
Caused by: com.kms.katalon.core.exception.StepFailedException: No alert found
	at com.kms.katalon.core.webui.keyword.internal.WebUIKeywordMain.stepFailed(WebUIKeywordMain.groovy:64)
	at com.kms.katalon.core.webui.keyword.builtin.GetAlertTextKeyword$_getAlertText_closure1.doCall(GetAlertTextKeyword.groovy:79)
	at com.kms.katalon.core.webui.keyword.builtin.GetAlertTextKeyword$_getAlertText_closure1.call(GetAlertTextKeyword.groovy)
	at com.kms.katalon.core.webui.keyword.internal.WebUIKeywordMain.runKeyword(WebUIKeywordMain.groovy:20)
	... 19 more
)
[[ATTACHMENT|G:\\Project Xsis\\batch-324-qa\\Riswan\\Sprint 2 Product Tajalapak\\Reports\\20231005_130010\\Product Ecomerce\\20231005_130010\\1696486246214.png]]]]></system-out>
         <system-err><![CDATA[2023-10-05 13:10:23 - [TEST_CASE][FAILED] - Test Cases/Product Ecommerce/TC-PEN-014: Test Cases/Product Ecommerce/TC-PEN-014 FAILED.
Reason:
com.kms.katalon.core.exception.StepFailedException: Unable to get alert text
	at com.kms.katalon.core.webui.keyword.internal.WebUIKeywordMain.stepFailed(WebUIKeywordMain.groovy:64)
	at com.kms.katalon.core.webui.keyword.internal.WebUIKeywordMain.runKeyword(WebUIKeywordMain.groovy:26)
	at com.kms.katalon.core.webui.keyword.builtin.GetAlertTextKeyword.getAlertText(GetAlertTextKeyword.groovy:71)
	at com.kms.katalon.core.webui.keyword.builtin.GetAlertTextKeyword.execute(GetAlertTextKeyword.groovy:66)
	at com.kms.katalon.core.keyword.internal.KeywordExecutor.executeKeywordForPlatform(KeywordExecutor.groovy:74)
	at com.kms.katalon.core.webui.keyword.WebUiBuiltInKeywords.getAlertText(WebUiBuiltInKeywords.groovy:1576)
	at com.kms.katalon.core.webui.keyword.WebUiBuiltInKeywords$getAlertText$13.call(Unknown Source)
	at TC-PEN-014.run(TC-PEN-014:46)
	at com.kms.katalon.core.main.ScriptEngine.run(ScriptEngine.java:194)
	at com.kms.katalon.core.main.ScriptEngine.runScriptAsRawText(ScriptEngine.java:119)
	at com.kms.katalon.core.main.TestCaseExecutor.runScript(TestCaseExecutor.java:448)
	at com.kms.katalon.core.main.TestCaseExecutor.doExecute(TestCaseExecutor.java:439)
	at com.kms.katalon.core.main.TestCaseExecutor.processExecutionPhase(TestCaseExecutor.java:418)
	at com.kms.katalon.core.main.TestCaseExecutor.accessMainPhase(TestCaseExecutor.java:410)
	at com.kms.katalon.core.main.TestCaseExecutor.execute(TestCaseExecutor.java:285)
	at com.kms.katalon.core.common.CommonExecutor.accessTestCaseMainPhase(CommonExecutor.java:65)
	at com.kms.katalon.core.main.TestSuiteExecutor.accessTestSuiteMainPhase(TestSuiteExecutor.java:148)
	at com.kms.katalon.core.main.TestSuiteExecutor.execute(TestSuiteExecutor.java:106)
	at com.kms.katalon.core.main.TestCaseMain.startTestSuite(TestCaseMain.java:187)
	at com.kms.katalon.core.main.TestCaseMain$startTestSuite$0.call(Unknown Source)
	at TempTestSuite1696485610604.run(TempTestSuite1696485610604.groovy:36)
Caused by: com.kms.katalon.core.exception.StepFailedException: No alert found
	at com.kms.katalon.core.webui.keyword.internal.WebUIKeywordMain.stepFailed(WebUIKeywordMain.groovy:64)
	at com.kms.katalon.core.webui.keyword.builtin.GetAlertTextKeyword$_getAlertText_closure1.doCall(GetAlertTextKeyword.groovy:79)
	at com.kms.katalon.core.webui.keyword.builtin.GetAlertTextKeyword$_getAlertText_closure1.call(GetAlertTextKeyword.groovy)
	at com.kms.katalon.core.webui.keyword.internal.WebUIKeywordMain.runKeyword(WebUIKeywordMain.groovy:20)
	... 19 more]]></system-err>
      </testcase>
      <testcase name="Test Cases/Product Ecommerce/TC-PEN-015" time="17.033" classname="Test Cases/Product Ecommerce/TC-PEN-015" status="ERROR">
         <error type="ERROR" message="Test Cases/Product Ecommerce/TC-PEN-015 FAILED.
Reason:
org.openqa.selenium.NoSuchElementException: no such element: Unable to locate element: {&quot;method&quot;:&quot;xpath&quot;,&quot;selector&quot;:&quot;//input[@name=&quot;berat&quot;]&quot;}
  (Session info: MicrosoftEdge=117.0.2045.47)
For documentation on this error, please visit: https://www.seleniumhq.org/exceptions/no_such_element.html
Build info: version: '3.141.59', revision: 'e82be7d358', time: '2018-11-14T08:25:53'
System info: host: 'RISWANDHA', ip: '10.9.2.26', os.name: 'Windows 10', os.arch: 'amd64', os.version: '10.0', java.version: '1.8.0_362'
Driver info: com.kms.katalon.selenium.driver.CEdgeDriver
Capabilities {acceptInsecureCerts: true, browserName: msedge, browserVersion: 117.0.2045.47, fedcm:accounts: true, javascriptEnabled: true, ms:edgeOptions: {debuggerAddress: localhost:52182}, msedge: {msedgedriverVersion: 117.0.2045.31 (fdd954ad1e8c..., userDataDir: C:\Users\Admin\AppData\Loca...}, networkConnectionEnabled: false, pageLoadStrategy: normal, platform: WINDOWS, platformName: WINDOWS, proxy: Proxy(), setWindowRect: true, strictFileInteractability: false, timeouts: {implicit: 0, pageLoad: 300000, script: 30000}, unhandledPromptBehavior: dismiss and notify, webauthn:extension:credBlob: true, webauthn:extension:largeBlob: true, webauthn:extension:minPinLength: true, webauthn:extension:prf: true, webauthn:virtualAuthenticators: true}
Session ID: 06c89a9fb4ce2795be6a6c0690fbeef7
*** Element info: {Using=xpath, value=//input[@name=&quot;berat&quot;]}
	at org.openqa.selenium.remote.http.W3CHttpResponseCodec.createException(W3CHttpResponseCodec.java:187)
	at org.openqa.selenium.remote.http.W3CHttpResponseCodec.decode(W3CHttpResponseCodec.java:122)
	at org.openqa.selenium.remote.http.W3CHttpResponseCodec.decode(W3CHttpResponseCodec.java:49)
	at org.openqa.selenium.remote.HttpCommandExecutor.execute(HttpCommandExecutor.java:158)
	at org.openqa.selenium.remote.service.DriverCommandExecutor.execute(DriverCommandExecutor.java:83)
	at org.openqa.selenium.remote.RemoteWebDriver.execute(RemoteWebDriver.java:552)
	at com.kms.katalon.selenium.driver.CEdgeDriver.execute(CEdgeDriver.java:20)
	at org.openqa.selenium.remote.RemoteWebDriver.findElement(RemoteWebDriver.java:323)
	at org.openqa.selenium.remote.RemoteWebDriver.findElementByXPath(RemoteWebDriver.java:428)
	at org.openqa.selenium.By$ByXPath.findElement(By.java:353)
	at org.openqa.selenium.remote.RemoteWebDriver.findElement(RemoteWebDriver.java:315)
	at org.openqa.selenium.support.events.EventFiringWebDriver.lambda$new$1(EventFiringWebDriver.java:105)
	at com.sun.proxy.$Proxy10.findElement(Unknown Source)
	at org.openqa.selenium.support.events.EventFiringWebDriver.findElement(EventFiringWebDriver.java:194)
	at org.openqa.selenium.WebDriver$findElement.call(Unknown Source)
	at TC-PEN-015.run(TC-PEN-015:40)
	at com.kms.katalon.core.main.ScriptEngine.run(ScriptEngine.java:194)
	at com.kms.katalon.core.main.ScriptEngine.runScriptAsRawText(ScriptEngine.java:119)
	at com.kms.katalon.core.main.TestCaseExecutor.runScript(TestCaseExecutor.java:448)
	at com.kms.katalon.core.main.TestCaseExecutor.doExecute(TestCaseExecutor.java:439)
	at com.kms.katalon.core.main.TestCaseExecutor.processExecutionPhase(TestCaseExecutor.java:418)
	at com.kms.katalon.core.main.TestCaseExecutor.accessMainPhase(TestCaseExecutor.java:410)
	at com.kms.katalon.core.main.TestCaseExecutor.execute(TestCaseExecutor.java:285)
	at com.kms.katalon.core.common.CommonExecutor.accessTestCaseMainPhase(CommonExecutor.java:65)
	at com.kms.katalon.core.main.TestSuiteExecutor.accessTestSuiteMainPhase(TestSuiteExecutor.java:148)
	at com.kms.katalon.core.main.TestSuiteExecutor.execute(TestSuiteExecutor.java:106)
	at com.kms.katalon.core.main.TestCaseMain.startTestSuite(TestCaseMain.java:187)
	at com.kms.katalon.core.main.TestCaseMain$startTestSuite$0.call(Unknown Source)
	at TempTestSuite1696485610604.run(TempTestSuite1696485610604.groovy:36)
"/>
         <system-out><![CDATA[2023-10-05 13:10:46 - [TEST_CASE][ERROR] - Test Cases/Product Ecommerce/TC-PEN-015: Test Cases/Product Ecommerce/TC-PEN-015 FAILED.
Reason:
org.openqa.selenium.NoSuchElementException: no such element: Unable to locate element: {"method":"xpath","selector":"//input[@name="berat"]"}
  (Session info: MicrosoftEdge=117.0.2045.47)
For documentation on this error, please visit: https://www.seleniumhq.org/exceptions/no_such_element.html
Build info: version: '3.141.59', revision: 'e82be7d358', time: '2018-11-14T08:25:53'
System info: host: 'RISWANDHA', ip: '10.9.2.26', os.name: 'Windows 10', os.arch: 'amd64', os.version: '10.0', java.version: '1.8.0_362'
Driver info: com.kms.katalon.selenium.driver.CEdgeDriver
Capabilities {acceptInsecureCerts: true, browserName: msedge, browserVersion: 117.0.2045.47, fedcm:accounts: true, javascriptEnabled: true, ms:edgeOptions: {debuggerAddress: localhost:52182}, msedge: {msedgedriverVersion: 117.0.2045.31 (fdd954ad1e8c..., userDataDir: C:\Users\Admin\AppData\Loca...}, networkConnectionEnabled: false, pageLoadStrategy: normal, platform: WINDOWS, platformName: WINDOWS, proxy: Proxy(), setWindowRect: true, strictFileInteractability: false, timeouts: {implicit: 0, pageLoad: 300000, script: 30000}, unhandledPromptBehavior: dismiss and notify, webauthn:extension:credBlob: true, webauthn:extension:largeBlob: true, webauthn:extension:minPinLength: true, webauthn:extension:prf: true, webauthn:virtualAuthenticators: true}
Session ID: 06c89a9fb4ce2795be6a6c0690fbeef7
*** Element info: {Using=xpath, value=//input[@name="berat"]}
	at org.openqa.selenium.remote.http.W3CHttpResponseCodec.createException(W3CHttpResponseCodec.java:187)
	at org.openqa.selenium.remote.http.W3CHttpResponseCodec.decode(W3CHttpResponseCodec.java:122)
	at org.openqa.selenium.remote.http.W3CHttpResponseCodec.decode(W3CHttpResponseCodec.java:49)
	at org.openqa.selenium.remote.HttpCommandExecutor.execute(HttpCommandExecutor.java:158)
	at org.openqa.selenium.remote.service.DriverCommandExecutor.execute(DriverCommandExecutor.java:83)
	at org.openqa.selenium.remote.RemoteWebDriver.execute(RemoteWebDriver.java:552)
	at com.kms.katalon.selenium.driver.CEdgeDriver.execute(CEdgeDriver.java:20)
	at org.openqa.selenium.remote.RemoteWebDriver.findElement(RemoteWebDriver.java:323)
	at org.openqa.selenium.remote.RemoteWebDriver.findElementByXPath(RemoteWebDriver.java:428)
	at org.openqa.selenium.By$ByXPath.findElement(By.java:353)
	at org.openqa.selenium.remote.RemoteWebDriver.findElement(RemoteWebDriver.java:315)
	at org.openqa.selenium.support.events.EventFiringWebDriver.lambda$new$1(EventFiringWebDriver.java:105)
	at com.sun.proxy.$Proxy10.findElement(Unknown Source)
	at org.openqa.selenium.support.events.EventFiringWebDriver.findElement(EventFiringWebDriver.java:194)
	at org.openqa.selenium.WebDriver$findElement.call(Unknown Source)
	at TC-PEN-015.run(TC-PEN-015:40)
	at com.kms.katalon.core.main.ScriptEngine.run(ScriptEngine.java:194)
	at com.kms.katalon.core.main.ScriptEngine.runScriptAsRawText(ScriptEngine.java:119)
	at com.kms.katalon.core.main.TestCaseExecutor.runScript(TestCaseExecutor.java:448)
	at com.kms.katalon.core.main.TestCaseExecutor.doExecute(TestCaseExecutor.java:439)
	at com.kms.katalon.core.main.TestCaseExecutor.processExecutionPhase(TestCaseExecutor.java:418)
	at com.kms.katalon.core.main.TestCaseExecutor.accessMainPhase(TestCaseExecutor.java:410)
	at com.kms.katalon.core.main.TestCaseExecutor.execute(TestCaseExecutor.java:285)
	at com.kms.katalon.core.common.CommonExecutor.accessTestCaseMainPhase(CommonExecutor.java:65)
	at com.kms.katalon.core.main.TestSuiteExecutor.accessTestSuiteMainPhase(TestSuiteExecutor.java:148)
	at com.kms.katalon.core.main.TestSuiteExecutor.execute(TestSuiteExecutor.java:106)
	at com.kms.katalon.core.main.TestCaseMain.startTestSuite(TestCaseMain.java:187)
	at com.kms.katalon.core.main.TestCaseMain$startTestSuite$0.call(Unknown Source)
	at TempTestSuite1696485610604.run(TempTestSuite1696485610604.groovy:36)


2023-10-05 13:10:46 - [TEST_STEP][PASSED] - callTestCase(findTestCase("Product Ecommerce/TC-PE-001"), [:], STOP_ON_FAILURE): Call Test Case 'Test Cases/Product Ecommerce/TC-PE-001' successfully

2023-10-05 13:10:46 - [TEST_CASE][PASSED] - Test Cases/Product Ecommerce/TC-PE-001: Test Cases/Product Ecommerce/TC-PE-001

2023-10-05 13:10:46 - [TEST_STEP][PASSED] - callTestCase(findTestCase("Login Ecommerce/TC-Login Ecomerce-001"), [:], STOP_ON_FAILURE): Call Test Case 'Test Cases/Login Ecommerce/TC-Login Ecomerce-001' successfully

2023-10-05 13:10:46 - [TEST_CASE][PASSED] - Test Cases/Login Ecommerce/TC-Login Ecomerce-001: Test Cases/Login Ecommerce/TC-Login Ecomerce-001

2023-10-05 13:10:46 - [TEST_STEP][PASSED] - openBrowser(userTajalapak): Browser is opened with url: 'https://10.9.2.63/ecommerce/'

2023-10-05 13:10:46 - [MESSAGE][WARNING] - A browser is already opened. Closing browser and opening a new one

2023-10-05 13:10:47 - [MESSAGE][INFO] - Starting 'Edge Chromium' driver

2023-10-05 13:10:47 - [MESSAGE][INFO] - User set preference: ['acceptInsecureCerts', 'true']

2023-10-05 13:10:49 - [MESSAGE][INFO] - Action delay is set to 0 milliseconds

2023-10-05 13:10:52 - [MESSAGE][PASSED] - Browser is opened with url: 'https://10.9.2.63/ecommerce/'

2023-10-05 13:10:52 - [TEST_STEP][PASSED] - maximizeWindow(): Current window maximized

2023-10-05 13:10:52 - [MESSAGE][PASSED] - Current window maximized

2023-10-05 13:10:52 - [TEST_STEP][PASSED] - verifyElementPresent(findTestObject("Login Ecommerce/Verifikasi Halaman Login Akun"), 0): Object 'Object Repository/Login Ecommerce/Verifikasi Halaman Login Akun' is present

2023-10-05 13:10:52 - [MESSAGE][WARNING] - Timeout '0' is invalid. Using default page load timeout: '30'

2023-10-05 13:10:53 - [MESSAGE][PASSED] - Object 'Object Repository/Login Ecommerce/Verifikasi Halaman Login Akun' is present

2023-10-05 13:10:53 - [TEST_STEP][PASSED] - click(findTestObject("Login Ecommerce/Login Akun")): Object: 'Object Repository/Login Ecommerce/Login Akun' is clicked on

2023-10-05 13:10:53 - [MESSAGE][PASSED] - Object: 'Object Repository/Login Ecommerce/Login Akun' is clicked on

2023-10-05 13:10:53 - [TEST_STEP][PASSED] - verifyElementPresent(findTestObject("Login Ecommerce/Verifikasi Halaman Login Akun"), 0): Object 'Object Repository/Login Ecommerce/Verifikasi Halaman Login Akun' is present

2023-10-05 13:10:53 - [MESSAGE][WARNING] - Timeout '0' is invalid. Using default page load timeout: '30'

2023-10-05 13:10:54 - [MESSAGE][PASSED] - Object 'Object Repository/Login Ecommerce/Verifikasi Halaman Login Akun' is present

2023-10-05 13:10:54 - [TEST_STEP][PASSED] - setText(findTestObject("Login Ecommerce/Input Username"), "riswandha"): Text 'riswandha' is set on object 'Object Repository/Login Ecommerce/Input Username'

2023-10-05 13:10:54 - [MESSAGE][PASSED] - Text 'riswandha' is set on object 'Object Repository/Login Ecommerce/Input Username'

2023-10-05 13:10:54 - [TEST_STEP][PASSED] - setEncryptedText(findTestObject("Login Ecommerce/Input Password"), "iGDxf8hSRT4="): Text ****** has been set on object 'Object Repository/Login Ecommerce/Input Password'

2023-10-05 13:10:55 - [MESSAGE][PASSED] - Text ****** has been set on object 'Object Repository/Login Ecommerce/Input Password'

2023-10-05 13:10:55 - [TEST_STEP][PASSED] - click(findTestObject("Login Ecommerce/Button Masuk")): Object: 'Object Repository/Login Ecommerce/Button Masuk' is clicked on

2023-10-05 13:10:56 - [MESSAGE][PASSED] - Object: 'Object Repository/Login Ecommerce/Button Masuk' is clicked on

2023-10-05 13:10:56 - [TEST_STEP][PASSED] - verifyElementPresent(findTestObject("Login Ecommerce/Verifikasi Login Akun"), 0): Object 'Object Repository/Login Ecommerce/Verifikasi Login Akun' is present

2023-10-05 13:10:56 - [MESSAGE][WARNING] - Timeout '0' is invalid. Using default page load timeout: '30'

2023-10-05 13:10:57 - [MESSAGE][PASSED] - Object 'Object Repository/Login Ecommerce/Verifikasi Login Akun' is present

2023-10-05 13:10:57 - [MESSAGE][PASSED] - Call Test Case 'Test Cases/Login Ecommerce/TC-Login Ecomerce-001' successfully

2023-10-05 13:10:57 - [TEST_STEP][PASSED] - mouseOver(findTestObject("Product Ecommerce/Button Menu toko")): Object: 'Object Repository/Product Ecommerce/Button Menu toko' is hovered

2023-10-05 13:10:57 - [MESSAGE][PASSED] - Object: 'Object Repository/Product Ecommerce/Button Menu toko' is hovered

2023-10-05 13:10:57 - [TEST_STEP][PASSED] - click(findTestObject("Product Ecommerce/Button Daftar Produk")): Object: 'Object Repository/Product Ecommerce/Button Daftar Produk' is clicked on

2023-10-05 13:10:58 - [MESSAGE][PASSED] - Object: 'Object Repository/Product Ecommerce/Button Daftar Produk' is clicked on

2023-10-05 13:10:58 - [TEST_STEP][PASSED] - verifyElementPresent(findTestObject("Product Ecommerce/Verifikasi Halaman Product Anda"), 0): Object 'Object Repository/Product Ecommerce/Verifikasi Halaman Product Anda' is present

2023-10-05 13:10:58 - [MESSAGE][WARNING] - Timeout '0' is invalid. Using default page load timeout: '30'

2023-10-05 13:10:59 - [MESSAGE][PASSED] - Object 'Object Repository/Product Ecommerce/Verifikasi Halaman Product Anda' is present

2023-10-05 13:10:59 - [MESSAGE][PASSED] - Call Test Case 'Test Cases/Product Ecommerce/TC-PE-001' successfully

2023-10-05 13:10:59 - [TEST_STEP][PASSED] - mouseOver(findTestObject("Product Ecommerce/Image Gambar produk 1")): Object: 'Object Repository/Product Ecommerce/Image Gambar produk 1' is hovered

2023-10-05 13:10:59 - [MESSAGE][PASSED] - Object: 'Object Repository/Product Ecommerce/Image Gambar produk 1' is hovered

2023-10-05 13:10:59 - [TEST_STEP][PASSED] - click(findTestObject("Product Ecommerce/Tambahkan Product/Edit Data")): Object: 'Object Repository/Product Ecommerce/Tambahkan Product/Edit Data' is clicked on

2023-10-05 13:11:00 - [MESSAGE][PASSED] - Object: 'Object Repository/Product Ecommerce/Tambahkan Product/Edit Data' is clicked on

2023-10-05 13:11:00 - [TEST_STEP][PASSED] - setText(findTestObject("Product Ecommerce/Tambahkan Product/Input Berat"), "1000000000"): Text '1000000000' is set on object 'Object Repository/Product Ecommerce/Tambahkan Product/Input Berat'

2023-10-05 13:11:01 - [MESSAGE][PASSED] - Text '1000000000' is set on object 'Object Repository/Product Ecommerce/Tambahkan Product/Input Berat'

2023-10-05 13:11:01 - [TEST_STEP][PASSED] - click(findTestObject("Product Ecommerce/Tambahkan Product/Button Update Data")): Object: 'Object Repository/Product Ecommerce/Tambahkan Product/Button Update Data' is clicked on

2023-10-05 13:11:02 - [MESSAGE][PASSED] - Object: 'Object Repository/Product Ecommerce/Tambahkan Product/Button Update Data' is clicked on

2023-10-05 13:11:02 - [TEST_STEP][PASSED] - driver = getWebDriver(): null

2023-10-05 13:11:02 - [TEST_STEP][ERROR] - field_username_element = driver.findElement(By.xpath("//input[@name="berat"]")): Test Cases/Product Ecommerce/TC-PEN-015 FAILED.
Reason:
org.openqa.selenium.NoSuchElementException: no such element: Unable to locate element: {"method":"xpath","selector":"//input[@name="berat"]"}
  (Session info: MicrosoftEdge=117.0.2045.47)
For documentation on this error, please visit: https://www.seleniumhq.org/exceptions/no_such_element.html
Build info: version: '3.141.59', revision: 'e82be7d358', time: '2018-11-14T08:25:53'
System info: host: 'RISWANDHA', ip: '10.9.2.26', os.name: 'Windows 10', os.arch: 'amd64', os.version: '10.0', java.version: '1.8.0_362'
Driver info: com.kms.katalon.selenium.driver.CEdgeDriver
Capabilities {acceptInsecureCerts: true, browserName: msedge, browserVersion: 117.0.2045.47, fedcm:accounts: true, javascriptEnabled: true, ms:edgeOptions: {debuggerAddress: localhost:52182}, msedge: {msedgedriverVersion: 117.0.2045.31 (fdd954ad1e8c..., userDataDir: C:\Users\Admin\AppData\Loca...}, networkConnectionEnabled: false, pageLoadStrategy: normal, platform: WINDOWS, platformName: WINDOWS, proxy: Proxy(), setWindowRect: true, strictFileInteractability: false, timeouts: {implicit: 0, pageLoad: 300000, script: 30000}, unhandledPromptBehavior: dismiss and notify, webauthn:extension:credBlob: true, webauthn:extension:largeBlob: true, webauthn:extension:minPinLength: true, webauthn:extension:prf: true, webauthn:virtualAuthenticators: true}
Session ID: 06c89a9fb4ce2795be6a6c0690fbeef7
*** Element info: {Using=xpath, value=//input[@name="berat"]}
	at org.openqa.selenium.remote.http.W3CHttpResponseCodec.createException(W3CHttpResponseCodec.java:187)
	at org.openqa.selenium.remote.http.W3CHttpResponseCodec.decode(W3CHttpResponseCodec.java:122)
	at org.openqa.selenium.remote.http.W3CHttpResponseCodec.decode(W3CHttpResponseCodec.java:49)
	at org.openqa.selenium.remote.HttpCommandExecutor.execute(HttpCommandExecutor.java:158)
	at org.openqa.selenium.remote.service.DriverCommandExecutor.execute(DriverCommandExecutor.java:83)
	at org.openqa.selenium.remote.RemoteWebDriver.execute(RemoteWebDriver.java:552)
	at com.kms.katalon.selenium.driver.CEdgeDriver.execute(CEdgeDriver.java:20)
	at org.openqa.selenium.remote.RemoteWebDriver.findElement(RemoteWebDriver.java:323)
	at org.openqa.selenium.remote.RemoteWebDriver.findElementByXPath(RemoteWebDriver.java:428)
	at org.openqa.selenium.By$ByXPath.findElement(By.java:353)
	at org.openqa.selenium.remote.RemoteWebDriver.findElement(RemoteWebDriver.java:315)
	at org.openqa.selenium.support.events.EventFiringWebDriver.lambda$new$1(EventFiringWebDriver.java:105)
	at com.sun.proxy.$Proxy10.findElement(Unknown Source)
	at org.openqa.selenium.support.events.EventFiringWebDriver.findElement(EventFiringWebDriver.java:194)
	at org.openqa.selenium.WebDriver$findElement.call(Unknown Source)
	at TC-PEN-015.run(TC-PEN-015:40)
	at com.kms.katalon.core.main.ScriptEngine.run(ScriptEngine.java:194)
	at com.kms.katalon.core.main.ScriptEngine.runScriptAsRawText(ScriptEngine.java:119)
	at com.kms.katalon.core.main.TestCaseExecutor.runScript(TestCaseExecutor.java:448)
	at com.kms.katalon.core.main.TestCaseExecutor.doExecute(TestCaseExecutor.java:439)
	at com.kms.katalon.core.main.TestCaseExecutor.processExecutionPhase(TestCaseExecutor.java:418)
	at com.kms.katalon.core.main.TestCaseExecutor.accessMainPhase(TestCaseExecutor.java:410)
	at com.kms.katalon.core.main.TestCaseExecutor.execute(TestCaseExecutor.java:285)
	at com.kms.katalon.core.common.CommonExecutor.accessTestCaseMainPhase(CommonExecutor.java:65)
	at com.kms.katalon.core.main.TestSuiteExecutor.accessTestSuiteMainPhase(TestSuiteExecutor.java:148)
	at com.kms.katalon.core.main.TestSuiteExecutor.execute(TestSuiteExecutor.java:106)
	at com.kms.katalon.core.main.TestCaseMain.startTestSuite(TestCaseMain.java:187)
	at com.kms.katalon.core.main.TestCaseMain$startTestSuite$0.call(Unknown Source)
	at TempTestSuite1696485610604.run(TempTestSuite1696485610604.groovy:36)


2023-10-05 13:11:03 - [MESSAGE][ERROR] - Test Cases/Product Ecommerce/TC-PEN-015 FAILED.
Reason:
org.openqa.selenium.NoSuchElementException: no such element: Unable to locate element: {"method":"xpath","selector":"//input[@name="berat"]"}
  (Session info: MicrosoftEdge=117.0.2045.47)
For documentation on this error, please visit: https://www.seleniumhq.org/exceptions/no_such_element.html
Build info: version: '3.141.59', revision: 'e82be7d358', time: '2018-11-14T08:25:53'
System info: host: 'RISWANDHA', ip: '10.9.2.26', os.name: 'Windows 10', os.arch: 'amd64', os.version: '10.0', java.version: '1.8.0_362'
Driver info: com.kms.katalon.selenium.driver.CEdgeDriver
Capabilities {acceptInsecureCerts: true, browserName: msedge, browserVersion: 117.0.2045.47, fedcm:accounts: true, javascriptEnabled: true, ms:edgeOptions: {debuggerAddress: localhost:52182}, msedge: {msedgedriverVersion: 117.0.2045.31 (fdd954ad1e8c..., userDataDir: C:\Users\Admin\AppData\Loca...}, networkConnectionEnabled: false, pageLoadStrategy: normal, platform: WINDOWS, platformName: WINDOWS, proxy: Proxy(), setWindowRect: true, strictFileInteractability: false, timeouts: {implicit: 0, pageLoad: 300000, script: 30000}, unhandledPromptBehavior: dismiss and notify, webauthn:extension:credBlob: true, webauthn:extension:largeBlob: true, webauthn:extension:minPinLength: true, webauthn:extension:prf: true, webauthn:virtualAuthenticators: true}
Session ID: 06c89a9fb4ce2795be6a6c0690fbeef7
*** Element info: {Using=xpath, value=//input[@name="berat"]}
	at org.openqa.selenium.remote.http.W3CHttpResponseCodec.createException(W3CHttpResponseCodec.java:187)
	at org.openqa.selenium.remote.http.W3CHttpResponseCodec.decode(W3CHttpResponseCodec.java:122)
	at org.openqa.selenium.remote.http.W3CHttpResponseCodec.decode(W3CHttpResponseCodec.java:49)
	at org.openqa.selenium.remote.HttpCommandExecutor.execute(HttpCommandExecutor.java:158)
	at org.openqa.selenium.remote.service.DriverCommandExecutor.execute(DriverCommandExecutor.java:83)
	at org.openqa.selenium.remote.RemoteWebDriver.execute(RemoteWebDriver.java:552)
	at com.kms.katalon.selenium.driver.CEdgeDriver.execute(CEdgeDriver.java:20)
	at org.openqa.selenium.remote.RemoteWebDriver.findElement(RemoteWebDriver.java:323)
	at org.openqa.selenium.remote.RemoteWebDriver.findElementByXPath(RemoteWebDriver.java:428)
	at org.openqa.selenium.By$ByXPath.findElement(By.java:353)
	at org.openqa.selenium.remote.RemoteWebDriver.findElement(RemoteWebDriver.java:315)
	at org.openqa.selenium.support.events.EventFiringWebDriver.lambda$new$1(EventFiringWebDriver.java:105)
	at com.sun.proxy.$Proxy10.findElement(Unknown Source)
	at org.openqa.selenium.support.events.EventFiringWebDriver.findElement(EventFiringWebDriver.java:194)
	at org.openqa.selenium.WebDriver$findElement.call(Unknown Source)
	at TC-PEN-015.run(TC-PEN-015:40)
	at com.kms.katalon.core.main.ScriptEngine.run(ScriptEngine.java:194)
	at com.kms.katalon.core.main.ScriptEngine.runScriptAsRawText(ScriptEngine.java:119)
	at com.kms.katalon.core.main.TestCaseExecutor.runScript(TestCaseExecutor.java:448)
	at com.kms.katalon.core.main.TestCaseExecutor.doExecute(TestCaseExecutor.java:439)
	at com.kms.katalon.core.main.TestCaseExecutor.processExecutionPhase(TestCaseExecutor.java:418)
	at com.kms.katalon.core.main.TestCaseExecutor.accessMainPhase(TestCaseExecutor.java:410)
	at com.kms.katalon.core.main.TestCaseExecutor.execute(TestCaseExecutor.java:285)
	at com.kms.katalon.core.common.CommonExecutor.accessTestCaseMainPhase(CommonExecutor.java:65)
	at com.kms.katalon.core.main.TestSuiteExecutor.accessTestSuiteMainPhase(TestSuiteExecutor.java:148)
	at com.kms.katalon.core.main.TestSuiteExecutor.execute(TestSuiteExecutor.java:106)
	at com.kms.katalon.core.main.TestCaseMain.startTestSuite(TestCaseMain.java:187)
	at com.kms.katalon.core.main.TestCaseMain$startTestSuite$0.call(Unknown Source)
	at TempTestSuite1696485610604.run(TempTestSuite1696485610604.groovy:36)]]></system-out>
         <system-err><![CDATA[2023-10-05 13:10:46 - [TEST_CASE][ERROR] - Test Cases/Product Ecommerce/TC-PEN-015: Test Cases/Product Ecommerce/TC-PEN-015 FAILED.
Reason:
org.openqa.selenium.NoSuchElementException: no such element: Unable to locate element: {"method":"xpath","selector":"//input[@name="berat"]"}
  (Session info: MicrosoftEdge=117.0.2045.47)
For documentation on this error, please visit: https://www.seleniumhq.org/exceptions/no_such_element.html
Build info: version: '3.141.59', revision: 'e82be7d358', time: '2018-11-14T08:25:53'
System info: host: 'RISWANDHA', ip: '10.9.2.26', os.name: 'Windows 10', os.arch: 'amd64', os.version: '10.0', java.version: '1.8.0_362'
Driver info: com.kms.katalon.selenium.driver.CEdgeDriver
Capabilities {acceptInsecureCerts: true, browserName: msedge, browserVersion: 117.0.2045.47, fedcm:accounts: true, javascriptEnabled: true, ms:edgeOptions: {debuggerAddress: localhost:52182}, msedge: {msedgedriverVersion: 117.0.2045.31 (fdd954ad1e8c..., userDataDir: C:\Users\Admin\AppData\Loca...}, networkConnectionEnabled: false, pageLoadStrategy: normal, platform: WINDOWS, platformName: WINDOWS, proxy: Proxy(), setWindowRect: true, strictFileInteractability: false, timeouts: {implicit: 0, pageLoad: 300000, script: 30000}, unhandledPromptBehavior: dismiss and notify, webauthn:extension:credBlob: true, webauthn:extension:largeBlob: true, webauthn:extension:minPinLength: true, webauthn:extension:prf: true, webauthn:virtualAuthenticators: true}
Session ID: 06c89a9fb4ce2795be6a6c0690fbeef7
*** Element info: {Using=xpath, value=//input[@name="berat"]}
	at org.openqa.selenium.remote.http.W3CHttpResponseCodec.createException(W3CHttpResponseCodec.java:187)
	at org.openqa.selenium.remote.http.W3CHttpResponseCodec.decode(W3CHttpResponseCodec.java:122)
	at org.openqa.selenium.remote.http.W3CHttpResponseCodec.decode(W3CHttpResponseCodec.java:49)
	at org.openqa.selenium.remote.HttpCommandExecutor.execute(HttpCommandExecutor.java:158)
	at org.openqa.selenium.remote.service.DriverCommandExecutor.execute(DriverCommandExecutor.java:83)
	at org.openqa.selenium.remote.RemoteWebDriver.execute(RemoteWebDriver.java:552)
	at com.kms.katalon.selenium.driver.CEdgeDriver.execute(CEdgeDriver.java:20)
	at org.openqa.selenium.remote.RemoteWebDriver.findElement(RemoteWebDriver.java:323)
	at org.openqa.selenium.remote.RemoteWebDriver.findElementByXPath(RemoteWebDriver.java:428)
	at org.openqa.selenium.By$ByXPath.findElement(By.java:353)
	at org.openqa.selenium.remote.RemoteWebDriver.findElement(RemoteWebDriver.java:315)
	at org.openqa.selenium.support.events.EventFiringWebDriver.lambda$new$1(EventFiringWebDriver.java:105)
	at com.sun.proxy.$Proxy10.findElement(Unknown Source)
	at org.openqa.selenium.support.events.EventFiringWebDriver.findElement(EventFiringWebDriver.java:194)
	at org.openqa.selenium.WebDriver$findElement.call(Unknown Source)
	at TC-PEN-015.run(TC-PEN-015:40)
	at com.kms.katalon.core.main.ScriptEngine.run(ScriptEngine.java:194)
	at com.kms.katalon.core.main.ScriptEngine.runScriptAsRawText(ScriptEngine.java:119)
	at com.kms.katalon.core.main.TestCaseExecutor.runScript(TestCaseExecutor.java:448)
	at com.kms.katalon.core.main.TestCaseExecutor.doExecute(TestCaseExecutor.java:439)
	at com.kms.katalon.core.main.TestCaseExecutor.processExecutionPhase(TestCaseExecutor.java:418)
	at com.kms.katalon.core.main.TestCaseExecutor.accessMainPhase(TestCaseExecutor.java:410)
	at com.kms.katalon.core.main.TestCaseExecutor.execute(TestCaseExecutor.java:285)
	at com.kms.katalon.core.common.CommonExecutor.accessTestCaseMainPhase(CommonExecutor.java:65)
	at com.kms.katalon.core.main.TestSuiteExecutor.accessTestSuiteMainPhase(TestSuiteExecutor.java:148)
	at com.kms.katalon.core.main.TestSuiteExecutor.execute(TestSuiteExecutor.java:106)
	at com.kms.katalon.core.main.TestCaseMain.startTestSuite(TestCaseMain.java:187)
	at com.kms.katalon.core.main.TestCaseMain$startTestSuite$0.call(Unknown Source)
	at TempTestSuite1696485610604.run(TempTestSuite1696485610604.groovy:36)]]></system-err>
      </testcase>
      <testcase name="Test Cases/Product Ecommerce/TC-PEN-016" time="47.429" classname="Test Cases/Product Ecommerce/TC-PEN-016" status="FAILED">
         <failure type="FAILED" message="Test Cases/Product Ecommerce/TC-PEN-016 FAILED.
Reason:
com.kms.katalon.core.exception.StepFailedException: Unable to verify object 'Object Repository/Product Ecommerce/Verifikasi Halaman Product Anda' is not present
	at com.kms.katalon.core.webui.keyword.internal.WebUIKeywordMain.stepFailed(WebUIKeywordMain.groovy:64)
	at com.kms.katalon.core.webui.keyword.internal.WebUIKeywordMain.runKeyword(WebUIKeywordMain.groovy:26)
	at com.kms.katalon.core.webui.keyword.internal.WebUIKeywordMain$runKeyword.call(Unknown Source)
	at com.kms.katalon.core.webui.keyword.builtin.VerifyElementNotPresentKeyword.verifyElementNotPresent(VerifyElementNotPresentKeyword.groovy:122)
	at com.kms.katalon.core.webui.keyword.builtin.VerifyElementNotPresentKeyword.execute(VerifyElementNotPresentKeyword.groovy:68)
	at com.kms.katalon.core.keyword.internal.KeywordExecutor.executeKeywordForPlatform(KeywordExecutor.groovy:74)
	at com.kms.katalon.core.webui.keyword.WebUiBuiltInKeywords.verifyElementNotPresent(WebUiBuiltInKeywords.groovy:1497)
	at com.kms.katalon.core.webui.keyword.WebUiBuiltInKeywords$verifyElementNotPresent$12.call(Unknown Source)
	at TC-PEN-016.run(TC-PEN-016:34)
	at com.kms.katalon.core.main.ScriptEngine.run(ScriptEngine.java:194)
	at com.kms.katalon.core.main.ScriptEngine.runScriptAsRawText(ScriptEngine.java:119)
	at com.kms.katalon.core.main.TestCaseExecutor.runScript(TestCaseExecutor.java:448)
	at com.kms.katalon.core.main.TestCaseExecutor.doExecute(TestCaseExecutor.java:439)
	at com.kms.katalon.core.main.TestCaseExecutor.processExecutionPhase(TestCaseExecutor.java:418)
	at com.kms.katalon.core.main.TestCaseExecutor.accessMainPhase(TestCaseExecutor.java:410)
	at com.kms.katalon.core.main.TestCaseExecutor.execute(TestCaseExecutor.java:285)
	at com.kms.katalon.core.common.CommonExecutor.accessTestCaseMainPhase(CommonExecutor.java:65)
	at com.kms.katalon.core.main.TestSuiteExecutor.accessTestSuiteMainPhase(TestSuiteExecutor.java:148)
	at com.kms.katalon.core.main.TestSuiteExecutor.execute(TestSuiteExecutor.java:106)
	at com.kms.katalon.core.main.TestCaseMain.startTestSuite(TestCaseMain.java:187)
	at com.kms.katalon.core.main.TestCaseMain$startTestSuite$0.call(Unknown Source)
	at TempTestSuite1696485610604.run(TempTestSuite1696485610604.groovy:36)
Caused by: com.kms.katalon.core.exception.StepFailedException: Web element with id: 'Object Repository/Product Ecommerce/Verifikasi Halaman Product Anda' located by 'By.xpath: (.//*[normalize-space(text()) and normalize-space(.)='Home'])[1]/following::li[2]' is present after '30' second(s)
	at com.kms.katalon.core.webui.keyword.internal.WebUIKeywordMain.stepFailed(WebUIKeywordMain.groovy:64)
	at com.kms.katalon.core.webui.keyword.internal.WebUIKeywordMain$stepFailed$0.call(Unknown Source)
	at com.kms.katalon.core.webui.keyword.builtin.VerifyElementNotPresentKeyword$_verifyElementNotPresent_closure1.doCall(VerifyElementNotPresentKeyword.groovy:113)
	at com.kms.katalon.core.webui.keyword.builtin.VerifyElementNotPresentKeyword$_verifyElementNotPresent_closure1.doCall(VerifyElementNotPresentKeyword.groovy)
	at com.kms.katalon.core.webui.keyword.internal.WebUIKeywordMain.runKeyword(WebUIKeywordMain.groovy:20)
	... 20 more
"/>
         <system-out><![CDATA[2023-10-05 13:11:03 - [TEST_CASE][FAILED] - Test Cases/Product Ecommerce/TC-PEN-016: Test Cases/Product Ecommerce/TC-PEN-016 FAILED.
Reason:
com.kms.katalon.core.exception.StepFailedException: Unable to verify object 'Object Repository/Product Ecommerce/Verifikasi Halaman Product Anda' is not present
	at com.kms.katalon.core.webui.keyword.internal.WebUIKeywordMain.stepFailed(WebUIKeywordMain.groovy:64)
	at com.kms.katalon.core.webui.keyword.internal.WebUIKeywordMain.runKeyword(WebUIKeywordMain.groovy:26)
	at com.kms.katalon.core.webui.keyword.internal.WebUIKeywordMain$runKeyword.call(Unknown Source)
	at com.kms.katalon.core.webui.keyword.builtin.VerifyElementNotPresentKeyword.verifyElementNotPresent(VerifyElementNotPresentKeyword.groovy:122)
	at com.kms.katalon.core.webui.keyword.builtin.VerifyElementNotPresentKeyword.execute(VerifyElementNotPresentKeyword.groovy:68)
	at com.kms.katalon.core.keyword.internal.KeywordExecutor.executeKeywordForPlatform(KeywordExecutor.groovy:74)
	at com.kms.katalon.core.webui.keyword.WebUiBuiltInKeywords.verifyElementNotPresent(WebUiBuiltInKeywords.groovy:1497)
	at com.kms.katalon.core.webui.keyword.WebUiBuiltInKeywords$verifyElementNotPresent$12.call(Unknown Source)
	at TC-PEN-016.run(TC-PEN-016:34)
	at com.kms.katalon.core.main.ScriptEngine.run(ScriptEngine.java:194)
	at com.kms.katalon.core.main.ScriptEngine.runScriptAsRawText(ScriptEngine.java:119)
	at com.kms.katalon.core.main.TestCaseExecutor.runScript(TestCaseExecutor.java:448)
	at com.kms.katalon.core.main.TestCaseExecutor.doExecute(TestCaseExecutor.java:439)
	at com.kms.katalon.core.main.TestCaseExecutor.processExecutionPhase(TestCaseExecutor.java:418)
	at com.kms.katalon.core.main.TestCaseExecutor.accessMainPhase(TestCaseExecutor.java:410)
	at com.kms.katalon.core.main.TestCaseExecutor.execute(TestCaseExecutor.java:285)
	at com.kms.katalon.core.common.CommonExecutor.accessTestCaseMainPhase(CommonExecutor.java:65)
	at com.kms.katalon.core.main.TestSuiteExecutor.accessTestSuiteMainPhase(TestSuiteExecutor.java:148)
	at com.kms.katalon.core.main.TestSuiteExecutor.execute(TestSuiteExecutor.java:106)
	at com.kms.katalon.core.main.TestCaseMain.startTestSuite(TestCaseMain.java:187)
	at com.kms.katalon.core.main.TestCaseMain$startTestSuite$0.call(Unknown Source)
	at TempTestSuite1696485610604.run(TempTestSuite1696485610604.groovy:36)
Caused by: com.kms.katalon.core.exception.StepFailedException: Web element with id: 'Object Repository/Product Ecommerce/Verifikasi Halaman Product Anda' located by 'By.xpath: (.//*[normalize-space(text()) and normalize-space(.)='Home'])[1]/following::li[2]' is present after '30' second(s)
	at com.kms.katalon.core.webui.keyword.internal.WebUIKeywordMain.stepFailed(WebUIKeywordMain.groovy:64)
	at com.kms.katalon.core.webui.keyword.internal.WebUIKeywordMain$stepFailed$0.call(Unknown Source)
	at com.kms.katalon.core.webui.keyword.builtin.VerifyElementNotPresentKeyword$_verifyElementNotPresent_closure1.doCall(VerifyElementNotPresentKeyword.groovy:113)
	at com.kms.katalon.core.webui.keyword.builtin.VerifyElementNotPresentKeyword$_verifyElementNotPresent_closure1.doCall(VerifyElementNotPresentKeyword.groovy)
	at com.kms.katalon.core.webui.keyword.internal.WebUIKeywordMain.runKeyword(WebUIKeywordMain.groovy:20)
	... 20 more


2023-10-05 13:11:03 - [TEST_STEP][PASSED] - callTestCase(findTestCase("Product Ecommerce/TC-PE-001"), [:], STOP_ON_FAILURE): Call Test Case 'Test Cases/Product Ecommerce/TC-PE-001' successfully

2023-10-05 13:11:03 - [TEST_CASE][PASSED] - Test Cases/Product Ecommerce/TC-PE-001: Test Cases/Product Ecommerce/TC-PE-001

2023-10-05 13:11:03 - [TEST_STEP][PASSED] - callTestCase(findTestCase("Login Ecommerce/TC-Login Ecomerce-001"), [:], STOP_ON_FAILURE): Call Test Case 'Test Cases/Login Ecommerce/TC-Login Ecomerce-001' successfully

2023-10-05 13:11:03 - [TEST_CASE][PASSED] - Test Cases/Login Ecommerce/TC-Login Ecomerce-001: Test Cases/Login Ecommerce/TC-Login Ecomerce-001

2023-10-05 13:11:03 - [TEST_STEP][PASSED] - openBrowser(userTajalapak): Browser is opened with url: 'https://10.9.2.63/ecommerce/'

2023-10-05 13:11:03 - [MESSAGE][WARNING] - A browser is already opened. Closing browser and opening a new one

2023-10-05 13:11:04 - [MESSAGE][INFO] - Starting 'Edge Chromium' driver

2023-10-05 13:11:04 - [MESSAGE][INFO] - User set preference: ['acceptInsecureCerts', 'true']

2023-10-05 13:11:06 - [MESSAGE][INFO] - Action delay is set to 0 milliseconds

2023-10-05 13:11:09 - [MESSAGE][PASSED] - Browser is opened with url: 'https://10.9.2.63/ecommerce/'

2023-10-05 13:11:09 - [TEST_STEP][PASSED] - maximizeWindow(): Current window maximized

2023-10-05 13:11:09 - [MESSAGE][PASSED] - Current window maximized

2023-10-05 13:11:09 - [TEST_STEP][PASSED] - verifyElementPresent(findTestObject("Login Ecommerce/Verifikasi Halaman Login Akun"), 0): Object 'Object Repository/Login Ecommerce/Verifikasi Halaman Login Akun' is present

2023-10-05 13:11:09 - [MESSAGE][WARNING] - Timeout '0' is invalid. Using default page load timeout: '30'

2023-10-05 13:11:09 - [MESSAGE][PASSED] - Object 'Object Repository/Login Ecommerce/Verifikasi Halaman Login Akun' is present

2023-10-05 13:11:09 - [TEST_STEP][PASSED] - click(findTestObject("Login Ecommerce/Login Akun")): Object: 'Object Repository/Login Ecommerce/Login Akun' is clicked on

2023-10-05 13:11:10 - [MESSAGE][PASSED] - Object: 'Object Repository/Login Ecommerce/Login Akun' is clicked on

2023-10-05 13:11:10 - [TEST_STEP][PASSED] - verifyElementPresent(findTestObject("Login Ecommerce/Verifikasi Halaman Login Akun"), 0): Object 'Object Repository/Login Ecommerce/Verifikasi Halaman Login Akun' is present

2023-10-05 13:11:10 - [MESSAGE][WARNING] - Timeout '0' is invalid. Using default page load timeout: '30'

2023-10-05 13:11:10 - [MESSAGE][PASSED] - Object 'Object Repository/Login Ecommerce/Verifikasi Halaman Login Akun' is present

2023-10-05 13:11:10 - [TEST_STEP][PASSED] - setText(findTestObject("Login Ecommerce/Input Username"), "riswandha"): Text 'riswandha' is set on object 'Object Repository/Login Ecommerce/Input Username'

2023-10-05 13:11:11 - [MESSAGE][PASSED] - Text 'riswandha' is set on object 'Object Repository/Login Ecommerce/Input Username'

2023-10-05 13:11:11 - [TEST_STEP][PASSED] - setEncryptedText(findTestObject("Login Ecommerce/Input Password"), "iGDxf8hSRT4="): Text ****** has been set on object 'Object Repository/Login Ecommerce/Input Password'

2023-10-05 13:11:12 - [MESSAGE][PASSED] - Text ****** has been set on object 'Object Repository/Login Ecommerce/Input Password'

2023-10-05 13:11:12 - [TEST_STEP][PASSED] - click(findTestObject("Login Ecommerce/Button Masuk")): Object: 'Object Repository/Login Ecommerce/Button Masuk' is clicked on

2023-10-05 13:11:13 - [MESSAGE][PASSED] - Object: 'Object Repository/Login Ecommerce/Button Masuk' is clicked on

2023-10-05 13:11:13 - [TEST_STEP][PASSED] - verifyElementPresent(findTestObject("Login Ecommerce/Verifikasi Login Akun"), 0): Object 'Object Repository/Login Ecommerce/Verifikasi Login Akun' is present

2023-10-05 13:11:13 - [MESSAGE][WARNING] - Timeout '0' is invalid. Using default page load timeout: '30'

2023-10-05 13:11:14 - [MESSAGE][PASSED] - Object 'Object Repository/Login Ecommerce/Verifikasi Login Akun' is present

2023-10-05 13:11:14 - [MESSAGE][PASSED] - Call Test Case 'Test Cases/Login Ecommerce/TC-Login Ecomerce-001' successfully

2023-10-05 13:11:14 - [TEST_STEP][PASSED] - mouseOver(findTestObject("Product Ecommerce/Button Menu toko")): Object: 'Object Repository/Product Ecommerce/Button Menu toko' is hovered

2023-10-05 13:11:14 - [MESSAGE][PASSED] - Object: 'Object Repository/Product Ecommerce/Button Menu toko' is hovered

2023-10-05 13:11:14 - [TEST_STEP][PASSED] - click(findTestObject("Product Ecommerce/Button Daftar Produk")): Object: 'Object Repository/Product Ecommerce/Button Daftar Produk' is clicked on

2023-10-05 13:11:15 - [MESSAGE][PASSED] - Object: 'Object Repository/Product Ecommerce/Button Daftar Produk' is clicked on

2023-10-05 13:11:15 - [TEST_STEP][PASSED] - verifyElementPresent(findTestObject("Product Ecommerce/Verifikasi Halaman Product Anda"), 0): Object 'Object Repository/Product Ecommerce/Verifikasi Halaman Product Anda' is present

2023-10-05 13:11:15 - [MESSAGE][WARNING] - Timeout '0' is invalid. Using default page load timeout: '30'

2023-10-05 13:11:16 - [MESSAGE][PASSED] - Object 'Object Repository/Product Ecommerce/Verifikasi Halaman Product Anda' is present

2023-10-05 13:11:16 - [MESSAGE][PASSED] - Call Test Case 'Test Cases/Product Ecommerce/TC-PE-001' successfully

2023-10-05 13:11:16 - [TEST_STEP][PASSED] - mouseOver(findTestObject("Product Ecommerce/Image Gambar produk 1")): Object: 'Object Repository/Product Ecommerce/Image Gambar produk 1' is hovered

2023-10-05 13:11:16 - [MESSAGE][PASSED] - Object: 'Object Repository/Product Ecommerce/Image Gambar produk 1' is hovered

2023-10-05 13:11:16 - [TEST_STEP][PASSED] - click(findTestObject("Product Ecommerce/Tambahkan Product/Edit Data")): Object: 'Object Repository/Product Ecommerce/Tambahkan Product/Edit Data' is clicked on

2023-10-05 13:11:17 - [MESSAGE][PASSED] - Object: 'Object Repository/Product Ecommerce/Tambahkan Product/Edit Data' is clicked on

2023-10-05 13:11:17 - [TEST_STEP][PASSED] - verifyElementPresent(findTestObject("Product Ecommerce/Tambahkan Product/Button Update Data"), 0): Object 'Object Repository/Product Ecommerce/Tambahkan Product/Button Update Data' is present

2023-10-05 13:11:17 - [MESSAGE][WARNING] - Timeout '0' is invalid. Using default page load timeout: '30'

2023-10-05 13:11:18 - [MESSAGE][PASSED] - Object 'Object Repository/Product Ecommerce/Tambahkan Product/Button Update Data' is present

2023-10-05 13:11:18 - [TEST_STEP][PASSED] - setText(findTestObject("Product Admin/TambahProduk/Input Stok Awal"), "5"): Text '5' is set on object 'Object Repository/Product Admin/TambahProduk/Input Stok Awal'

2023-10-05 13:11:18 - [MESSAGE][PASSED] - Text '5' is set on object 'Object Repository/Product Admin/TambahProduk/Input Stok Awal'

2023-10-05 13:11:18 - [TEST_STEP][PASSED] - setText(findTestObject("Product Ecommerce/Tambahkan Product/Input Minimum Order"), "10"): Text '10' is set on object 'Object Repository/Product Ecommerce/Tambahkan Product/Input Minimum Order'

2023-10-05 13:11:19 - [MESSAGE][PASSED] - Text '10' is set on object 'Object Repository/Product Ecommerce/Tambahkan Product/Input Minimum Order'

2023-10-05 13:11:19 - [TEST_STEP][PASSED] - click(findTestObject("Product Ecommerce/Tambahkan Product/Button Update Data")): Object: 'Object Repository/Product Ecommerce/Tambahkan Product/Button Update Data' is clicked on

2023-10-05 13:11:19 - [MESSAGE][PASSED] - Object: 'Object Repository/Product Ecommerce/Tambahkan Product/Button Update Data' is clicked on

2023-10-05 13:11:19 - [TEST_STEP][FAILED] - verifyElementNotPresent(findTestObject("Product Ecommerce/Verifikasi Halaman Product Anda"), 0): Unable to verify object 'Object Repository/Product Ecommerce/Verifikasi Halaman Product Anda' is not present (Root cause: com.kms.katalon.core.exception.StepFailedException: Unable to verify object 'Object Repository/Product Ecommerce/Verifikasi Halaman Product Anda' is not present
	at com.kms.katalon.core.webui.keyword.internal.WebUIKeywordMain.stepFailed(WebUIKeywordMain.groovy:64)
	at com.kms.katalon.core.webui.keyword.internal.WebUIKeywordMain.runKeyword(WebUIKeywordMain.groovy:26)
	at com.kms.katalon.core.webui.keyword.internal.WebUIKeywordMain$runKeyword.call(Unknown Source)
	at com.kms.katalon.core.webui.keyword.builtin.VerifyElementNotPresentKeyword.verifyElementNotPresent(VerifyElementNotPresentKeyword.groovy:122)
	at com.kms.katalon.core.webui.keyword.builtin.VerifyElementNotPresentKeyword.execute(VerifyElementNotPresentKeyword.groovy:68)
	at com.kms.katalon.core.keyword.internal.KeywordExecutor.executeKeywordForPlatform(KeywordExecutor.groovy:74)
	at com.kms.katalon.core.webui.keyword.WebUiBuiltInKeywords.verifyElementNotPresent(WebUiBuiltInKeywords.groovy:1497)
	at com.kms.katalon.core.webui.keyword.WebUiBuiltInKeywords$verifyElementNotPresent$12.call(Unknown Source)
	at TC-PEN-016.run(TC-PEN-016:34)
	at com.kms.katalon.core.main.ScriptEngine.run(ScriptEngine.java:194)
	at com.kms.katalon.core.main.ScriptEngine.runScriptAsRawText(ScriptEngine.java:119)
	at com.kms.katalon.core.main.TestCaseExecutor.runScript(TestCaseExecutor.java:448)
	at com.kms.katalon.core.main.TestCaseExecutor.doExecute(TestCaseExecutor.java:439)
	at com.kms.katalon.core.main.TestCaseExecutor.processExecutionPhase(TestCaseExecutor.java:418)
	at com.kms.katalon.core.main.TestCaseExecutor.accessMainPhase(TestCaseExecutor.java:410)
	at com.kms.katalon.core.main.TestCaseExecutor.execute(TestCaseExecutor.java:285)
	at com.kms.katalon.core.common.CommonExecutor.accessTestCaseMainPhase(CommonExecutor.java:65)
	at com.kms.katalon.core.main.TestSuiteExecutor.accessTestSuiteMainPhase(TestSuiteExecutor.java:148)
	at com.kms.katalon.core.main.TestSuiteExecutor.execute(TestSuiteExecutor.java:106)
	at com.kms.katalon.core.main.TestCaseMain.startTestSuite(TestCaseMain.java:187)
	at com.kms.katalon.core.main.TestCaseMain$startTestSuite$0.call(Unknown Source)
	at TempTestSuite1696485610604.run(TempTestSuite1696485610604.groovy:36)
Caused by: com.kms.katalon.core.exception.StepFailedException: Web element with id: 'Object Repository/Product Ecommerce/Verifikasi Halaman Product Anda' located by 'By.xpath: (.//*[normalize-space(text()) and normalize-space(.)='Home'])[1]/following::li[2]' is present after '30' second(s)
	at com.kms.katalon.core.webui.keyword.internal.WebUIKeywordMain.stepFailed(WebUIKeywordMain.groovy:64)
	at com.kms.katalon.core.webui.keyword.internal.WebUIKeywordMain$stepFailed$0.call(Unknown Source)
	at com.kms.katalon.core.webui.keyword.builtin.VerifyElementNotPresentKeyword$_verifyElementNotPresent_closure1.doCall(VerifyElementNotPresentKeyword.groovy:113)
	at com.kms.katalon.core.webui.keyword.builtin.VerifyElementNotPresentKeyword$_verifyElementNotPresent_closure1.doCall(VerifyElementNotPresentKeyword.groovy)
	at com.kms.katalon.core.webui.keyword.internal.WebUIKeywordMain.runKeyword(WebUIKeywordMain.groovy:20)
	... 20 more
)

2023-10-05 13:11:19 - [MESSAGE][WARNING] - Timeout '0' is invalid. Using default page load timeout: '30'

2023-10-05 13:11:50 - [MESSAGE][FAILED] - Web element with id: 'Object Repository/Product Ecommerce/Verifikasi Halaman Product Anda' located by 'By.xpath: (.//*[normalize-space(text()) and normalize-space(.)='Home'])[1]/following::li[2]' is present after '30' second(s) (Root cause: com.kms.katalon.core.exception.StepFailedException: Web element with id: 'Object Repository/Product Ecommerce/Verifikasi Halaman Product Anda' located by 'By.xpath: (.//*[normalize-space(text()) and normalize-space(.)='Home'])[1]/following::li[2]' is present after '30' second(s)
	at com.kms.katalon.core.webui.keyword.internal.WebUIKeywordMain.stepFailed(WebUIKeywordMain.groovy:64)
	at com.kms.katalon.core.webui.keyword.internal.WebUIKeywordMain$stepFailed$0.call(Unknown Source)
	at com.kms.katalon.core.webui.keyword.builtin.VerifyElementNotPresentKeyword$_verifyElementNotPresent_closure1.doCall(VerifyElementNotPresentKeyword.groovy:113)
	at com.kms.katalon.core.webui.keyword.builtin.VerifyElementNotPresentKeyword$_verifyElementNotPresent_closure1.doCall(VerifyElementNotPresentKeyword.groovy)
	at com.kms.katalon.core.webui.keyword.internal.WebUIKeywordMain.runKeyword(WebUIKeywordMain.groovy:20)
	at com.kms.katalon.core.webui.keyword.internal.WebUIKeywordMain$runKeyword.call(Unknown Source)
	at com.kms.katalon.core.webui.keyword.builtin.VerifyElementNotPresentKeyword.verifyElementNotPresent(VerifyElementNotPresentKeyword.groovy:122)
	at com.kms.katalon.core.webui.keyword.builtin.VerifyElementNotPresentKeyword.execute(VerifyElementNotPresentKeyword.groovy:68)
	at com.kms.katalon.core.keyword.internal.KeywordExecutor.executeKeywordForPlatform(KeywordExecutor.groovy:74)
	at com.kms.katalon.core.webui.keyword.WebUiBuiltInKeywords.verifyElementNotPresent(WebUiBuiltInKeywords.groovy:1497)
	at com.kms.katalon.core.webui.keyword.WebUiBuiltInKeywords$verifyElementNotPresent$12.call(Unknown Source)
	at TC-PEN-016.run(TC-PEN-016:34)
	at com.kms.katalon.core.main.ScriptEngine.run(ScriptEngine.java:194)
	at com.kms.katalon.core.main.ScriptEngine.runScriptAsRawText(ScriptEngine.java:119)
	at com.kms.katalon.core.main.TestCaseExecutor.runScript(TestCaseExecutor.java:448)
	at com.kms.katalon.core.main.TestCaseExecutor.doExecute(TestCaseExecutor.java:439)
	at com.kms.katalon.core.main.TestCaseExecutor.processExecutionPhase(TestCaseExecutor.java:418)
	at com.kms.katalon.core.main.TestCaseExecutor.accessMainPhase(TestCaseExecutor.java:410)
	at com.kms.katalon.core.main.TestCaseExecutor.execute(TestCaseExecutor.java:285)
	at com.kms.katalon.core.common.CommonExecutor.accessTestCaseMainPhase(CommonExecutor.java:65)
	at com.kms.katalon.core.main.TestSuiteExecutor.accessTestSuiteMainPhase(TestSuiteExecutor.java:148)
	at com.kms.katalon.core.main.TestSuiteExecutor.execute(TestSuiteExecutor.java:106)
	at com.kms.katalon.core.main.TestCaseMain.startTestSuite(TestCaseMain.java:187)
	at com.kms.katalon.core.main.TestCaseMain$startTestSuite$0.call(Unknown Source)
	at TempTestSuite1696485610604.run(TempTestSuite1696485610604.groovy:36)
)
[[ATTACHMENT|G:\\Project Xsis\\batch-324-qa\\Riswan\\Sprint 2 Product Tajalapak\\Reports\\20231005_130010\\Product Ecomerce\\20231005_130010\\1696486310597.png]]

2023-10-05 13:11:50 - [MESSAGE][FAILED] - Unable to verify object 'Object Repository/Product Ecommerce/Verifikasi Halaman Product Anda' is not present (Root cause: com.kms.katalon.core.exception.StepFailedException: Unable to verify object 'Object Repository/Product Ecommerce/Verifikasi Halaman Product Anda' is not present
	at com.kms.katalon.core.webui.keyword.internal.WebUIKeywordMain.stepFailed(WebUIKeywordMain.groovy:64)
	at com.kms.katalon.core.webui.keyword.internal.WebUIKeywordMain.runKeyword(WebUIKeywordMain.groovy:26)
	at com.kms.katalon.core.webui.keyword.internal.WebUIKeywordMain$runKeyword.call(Unknown Source)
	at com.kms.katalon.core.webui.keyword.builtin.VerifyElementNotPresentKeyword.verifyElementNotPresent(VerifyElementNotPresentKeyword.groovy:122)
	at com.kms.katalon.core.webui.keyword.builtin.VerifyElementNotPresentKeyword.execute(VerifyElementNotPresentKeyword.groovy:68)
	at com.kms.katalon.core.keyword.internal.KeywordExecutor.executeKeywordForPlatform(KeywordExecutor.groovy:74)
	at com.kms.katalon.core.webui.keyword.WebUiBuiltInKeywords.verifyElementNotPresent(WebUiBuiltInKeywords.groovy:1497)
	at com.kms.katalon.core.webui.keyword.WebUiBuiltInKeywords$verifyElementNotPresent$12.call(Unknown Source)
	at TC-PEN-016.run(TC-PEN-016:34)
	at com.kms.katalon.core.main.ScriptEngine.run(ScriptEngine.java:194)
	at com.kms.katalon.core.main.ScriptEngine.runScriptAsRawText(ScriptEngine.java:119)
	at com.kms.katalon.core.main.TestCaseExecutor.runScript(TestCaseExecutor.java:448)
	at com.kms.katalon.core.main.TestCaseExecutor.doExecute(TestCaseExecutor.java:439)
	at com.kms.katalon.core.main.TestCaseExecutor.processExecutionPhase(TestCaseExecutor.java:418)
	at com.kms.katalon.core.main.TestCaseExecutor.accessMainPhase(TestCaseExecutor.java:410)
	at com.kms.katalon.core.main.TestCaseExecutor.execute(TestCaseExecutor.java:285)
	at com.kms.katalon.core.common.CommonExecutor.accessTestCaseMainPhase(CommonExecutor.java:65)
	at com.kms.katalon.core.main.TestSuiteExecutor.accessTestSuiteMainPhase(TestSuiteExecutor.java:148)
	at com.kms.katalon.core.main.TestSuiteExecutor.execute(TestSuiteExecutor.java:106)
	at com.kms.katalon.core.main.TestCaseMain.startTestSuite(TestCaseMain.java:187)
	at com.kms.katalon.core.main.TestCaseMain$startTestSuite$0.call(Unknown Source)
	at TempTestSuite1696485610604.run(TempTestSuite1696485610604.groovy:36)
Caused by: com.kms.katalon.core.exception.StepFailedException: Web element with id: 'Object Repository/Product Ecommerce/Verifikasi Halaman Product Anda' located by 'By.xpath: (.//*[normalize-space(text()) and normalize-space(.)='Home'])[1]/following::li[2]' is present after '30' second(s)
	at com.kms.katalon.core.webui.keyword.internal.WebUIKeywordMain.stepFailed(WebUIKeywordMain.groovy:64)
	at com.kms.katalon.core.webui.keyword.internal.WebUIKeywordMain$stepFailed$0.call(Unknown Source)
	at com.kms.katalon.core.webui.keyword.builtin.VerifyElementNotPresentKeyword$_verifyElementNotPresent_closure1.doCall(VerifyElementNotPresentKeyword.groovy:113)
	at com.kms.katalon.core.webui.keyword.builtin.VerifyElementNotPresentKeyword$_verifyElementNotPresent_closure1.doCall(VerifyElementNotPresentKeyword.groovy)
	at com.kms.katalon.core.webui.keyword.internal.WebUIKeywordMain.runKeyword(WebUIKeywordMain.groovy:20)
	... 20 more
)
[[ATTACHMENT|G:\\Project Xsis\\batch-324-qa\\Riswan\\Sprint 2 Product Tajalapak\\Reports\\20231005_130010\\Product Ecomerce\\20231005_130010\\1696486310691.png]]]]></system-out>
         <system-err><![CDATA[2023-10-05 13:11:03 - [TEST_CASE][FAILED] - Test Cases/Product Ecommerce/TC-PEN-016: Test Cases/Product Ecommerce/TC-PEN-016 FAILED.
Reason:
com.kms.katalon.core.exception.StepFailedException: Unable to verify object 'Object Repository/Product Ecommerce/Verifikasi Halaman Product Anda' is not present
	at com.kms.katalon.core.webui.keyword.internal.WebUIKeywordMain.stepFailed(WebUIKeywordMain.groovy:64)
	at com.kms.katalon.core.webui.keyword.internal.WebUIKeywordMain.runKeyword(WebUIKeywordMain.groovy:26)
	at com.kms.katalon.core.webui.keyword.internal.WebUIKeywordMain$runKeyword.call(Unknown Source)
	at com.kms.katalon.core.webui.keyword.builtin.VerifyElementNotPresentKeyword.verifyElementNotPresent(VerifyElementNotPresentKeyword.groovy:122)
	at com.kms.katalon.core.webui.keyword.builtin.VerifyElementNotPresentKeyword.execute(VerifyElementNotPresentKeyword.groovy:68)
	at com.kms.katalon.core.keyword.internal.KeywordExecutor.executeKeywordForPlatform(KeywordExecutor.groovy:74)
	at com.kms.katalon.core.webui.keyword.WebUiBuiltInKeywords.verifyElementNotPresent(WebUiBuiltInKeywords.groovy:1497)
	at com.kms.katalon.core.webui.keyword.WebUiBuiltInKeywords$verifyElementNotPresent$12.call(Unknown Source)
	at TC-PEN-016.run(TC-PEN-016:34)
	at com.kms.katalon.core.main.ScriptEngine.run(ScriptEngine.java:194)
	at com.kms.katalon.core.main.ScriptEngine.runScriptAsRawText(ScriptEngine.java:119)
	at com.kms.katalon.core.main.TestCaseExecutor.runScript(TestCaseExecutor.java:448)
	at com.kms.katalon.core.main.TestCaseExecutor.doExecute(TestCaseExecutor.java:439)
	at com.kms.katalon.core.main.TestCaseExecutor.processExecutionPhase(TestCaseExecutor.java:418)
	at com.kms.katalon.core.main.TestCaseExecutor.accessMainPhase(TestCaseExecutor.java:410)
	at com.kms.katalon.core.main.TestCaseExecutor.execute(TestCaseExecutor.java:285)
	at com.kms.katalon.core.common.CommonExecutor.accessTestCaseMainPhase(CommonExecutor.java:65)
	at com.kms.katalon.core.main.TestSuiteExecutor.accessTestSuiteMainPhase(TestSuiteExecutor.java:148)
	at com.kms.katalon.core.main.TestSuiteExecutor.execute(TestSuiteExecutor.java:106)
	at com.kms.katalon.core.main.TestCaseMain.startTestSuite(TestCaseMain.java:187)
	at com.kms.katalon.core.main.TestCaseMain$startTestSuite$0.call(Unknown Source)
	at TempTestSuite1696485610604.run(TempTestSuite1696485610604.groovy:36)
Caused by: com.kms.katalon.core.exception.StepFailedException: Web element with id: 'Object Repository/Product Ecommerce/Verifikasi Halaman Product Anda' located by 'By.xpath: (.//*[normalize-space(text()) and normalize-space(.)='Home'])[1]/following::li[2]' is present after '30' second(s)
	at com.kms.katalon.core.webui.keyword.internal.WebUIKeywordMain.stepFailed(WebUIKeywordMain.groovy:64)
	at com.kms.katalon.core.webui.keyword.internal.WebUIKeywordMain$stepFailed$0.call(Unknown Source)
	at com.kms.katalon.core.webui.keyword.builtin.VerifyElementNotPresentKeyword$_verifyElementNotPresent_closure1.doCall(VerifyElementNotPresentKeyword.groovy:113)
	at com.kms.katalon.core.webui.keyword.builtin.VerifyElementNotPresentKeyword$_verifyElementNotPresent_closure1.doCall(VerifyElementNotPresentKeyword.groovy)
	at com.kms.katalon.core.webui.keyword.internal.WebUIKeywordMain.runKeyword(WebUIKeywordMain.groovy:20)
	... 20 more]]></system-err>
      </testcase>
      <testcase name="Test Cases/Product Ecommerce/TC-PEN-017" time="17.215" classname="Test Cases/Product Ecommerce/TC-PEN-017" status="PASSED">
         <system-out><![CDATA[2023-10-05 13:11:50 - [TEST_CASE][PASSED] - Test Cases/Product Ecommerce/TC-PEN-017: Test Cases/Product Ecommerce/TC-PEN-017

2023-10-05 13:11:51 - [TEST_STEP][PASSED] - callTestCase(findTestCase("Product Ecommerce/TC-PE-001"), [:], STOP_ON_FAILURE): Call Test Case 'Test Cases/Product Ecommerce/TC-PE-001' successfully

2023-10-05 13:11:51 - [TEST_CASE][PASSED] - Test Cases/Product Ecommerce/TC-PE-001: Test Cases/Product Ecommerce/TC-PE-001

2023-10-05 13:11:51 - [TEST_STEP][PASSED] - callTestCase(findTestCase("Login Ecommerce/TC-Login Ecomerce-001"), [:], STOP_ON_FAILURE): Call Test Case 'Test Cases/Login Ecommerce/TC-Login Ecomerce-001' successfully

2023-10-05 13:11:51 - [TEST_CASE][PASSED] - Test Cases/Login Ecommerce/TC-Login Ecomerce-001: Test Cases/Login Ecommerce/TC-Login Ecomerce-001

2023-10-05 13:11:51 - [TEST_STEP][PASSED] - openBrowser(userTajalapak): Browser is opened with url: 'https://10.9.2.63/ecommerce/'

2023-10-05 13:11:51 - [MESSAGE][WARNING] - A browser is already opened. Closing browser and opening a new one

2023-10-05 13:11:51 - [MESSAGE][INFO] - Starting 'Edge Chromium' driver

2023-10-05 13:11:51 - [MESSAGE][INFO] - User set preference: ['acceptInsecureCerts', 'true']

2023-10-05 13:11:54 - [MESSAGE][INFO] - Action delay is set to 0 milliseconds

2023-10-05 13:11:57 - [MESSAGE][PASSED] - Browser is opened with url: 'https://10.9.2.63/ecommerce/'

2023-10-05 13:11:57 - [TEST_STEP][PASSED] - maximizeWindow(): Current window maximized

2023-10-05 13:11:57 - [MESSAGE][PASSED] - Current window maximized

2023-10-05 13:11:57 - [TEST_STEP][PASSED] - verifyElementPresent(findTestObject("Login Ecommerce/Verifikasi Halaman Login Akun"), 0): Object 'Object Repository/Login Ecommerce/Verifikasi Halaman Login Akun' is present

2023-10-05 13:11:57 - [MESSAGE][WARNING] - Timeout '0' is invalid. Using default page load timeout: '30'

2023-10-05 13:11:58 - [MESSAGE][PASSED] - Object 'Object Repository/Login Ecommerce/Verifikasi Halaman Login Akun' is present

2023-10-05 13:11:58 - [TEST_STEP][PASSED] - click(findTestObject("Login Ecommerce/Login Akun")): Object: 'Object Repository/Login Ecommerce/Login Akun' is clicked on

2023-10-05 13:11:58 - [MESSAGE][PASSED] - Object: 'Object Repository/Login Ecommerce/Login Akun' is clicked on

2023-10-05 13:11:58 - [TEST_STEP][PASSED] - verifyElementPresent(findTestObject("Login Ecommerce/Verifikasi Halaman Login Akun"), 0): Object 'Object Repository/Login Ecommerce/Verifikasi Halaman Login Akun' is present

2023-10-05 13:11:58 - [MESSAGE][WARNING] - Timeout '0' is invalid. Using default page load timeout: '30'

2023-10-05 13:11:59 - [MESSAGE][PASSED] - Object 'Object Repository/Login Ecommerce/Verifikasi Halaman Login Akun' is present

2023-10-05 13:11:59 - [TEST_STEP][PASSED] - setText(findTestObject("Login Ecommerce/Input Username"), "riswandha"): Text 'riswandha' is set on object 'Object Repository/Login Ecommerce/Input Username'

2023-10-05 13:11:59 - [MESSAGE][PASSED] - Text 'riswandha' is set on object 'Object Repository/Login Ecommerce/Input Username'

2023-10-05 13:11:59 - [TEST_STEP][PASSED] - setEncryptedText(findTestObject("Login Ecommerce/Input Password"), "iGDxf8hSRT4="): Text ****** has been set on object 'Object Repository/Login Ecommerce/Input Password'

2023-10-05 13:12:00 - [MESSAGE][PASSED] - Text ****** has been set on object 'Object Repository/Login Ecommerce/Input Password'

2023-10-05 13:12:00 - [TEST_STEP][PASSED] - click(findTestObject("Login Ecommerce/Button Masuk")): Object: 'Object Repository/Login Ecommerce/Button Masuk' is clicked on

2023-10-05 13:12:01 - [MESSAGE][PASSED] - Object: 'Object Repository/Login Ecommerce/Button Masuk' is clicked on

2023-10-05 13:12:01 - [TEST_STEP][PASSED] - verifyElementPresent(findTestObject("Login Ecommerce/Verifikasi Login Akun"), 0): Object 'Object Repository/Login Ecommerce/Verifikasi Login Akun' is present

2023-10-05 13:12:01 - [MESSAGE][WARNING] - Timeout '0' is invalid. Using default page load timeout: '30'

2023-10-05 13:12:02 - [MESSAGE][PASSED] - Object 'Object Repository/Login Ecommerce/Verifikasi Login Akun' is present

2023-10-05 13:12:02 - [MESSAGE][PASSED] - Call Test Case 'Test Cases/Login Ecommerce/TC-Login Ecomerce-001' successfully

2023-10-05 13:12:02 - [TEST_STEP][PASSED] - mouseOver(findTestObject("Product Ecommerce/Button Menu toko")): Object: 'Object Repository/Product Ecommerce/Button Menu toko' is hovered

2023-10-05 13:12:02 - [MESSAGE][PASSED] - Object: 'Object Repository/Product Ecommerce/Button Menu toko' is hovered

2023-10-05 13:12:02 - [TEST_STEP][PASSED] - click(findTestObject("Product Ecommerce/Button Daftar Produk")): Object: 'Object Repository/Product Ecommerce/Button Daftar Produk' is clicked on

2023-10-05 13:12:03 - [MESSAGE][PASSED] - Object: 'Object Repository/Product Ecommerce/Button Daftar Produk' is clicked on

2023-10-05 13:12:03 - [TEST_STEP][PASSED] - verifyElementPresent(findTestObject("Product Ecommerce/Verifikasi Halaman Product Anda"), 0): Object 'Object Repository/Product Ecommerce/Verifikasi Halaman Product Anda' is present

2023-10-05 13:12:03 - [MESSAGE][WARNING] - Timeout '0' is invalid. Using default page load timeout: '30'

2023-10-05 13:12:04 - [MESSAGE][PASSED] - Object 'Object Repository/Product Ecommerce/Verifikasi Halaman Product Anda' is present

2023-10-05 13:12:04 - [MESSAGE][PASSED] - Call Test Case 'Test Cases/Product Ecommerce/TC-PE-001' successfully

2023-10-05 13:12:04 - [TEST_STEP][PASSED] - mouseOver(findTestObject("Product Ecommerce/Image Gambar produk 1")): Object: 'Object Repository/Product Ecommerce/Image Gambar produk 1' is hovered

2023-10-05 13:12:04 - [MESSAGE][PASSED] - Object: 'Object Repository/Product Ecommerce/Image Gambar produk 1' is hovered

2023-10-05 13:12:04 - [TEST_STEP][PASSED] - click(findTestObject("Product Ecommerce/Tambahkan Product/Edit Data")): Object: 'Object Repository/Product Ecommerce/Tambahkan Product/Edit Data' is clicked on

2023-10-05 13:12:05 - [MESSAGE][PASSED] - Object: 'Object Repository/Product Ecommerce/Tambahkan Product/Edit Data' is clicked on

2023-10-05 13:12:05 - [TEST_STEP][PASSED] - verifyElementPresent(findTestObject("Product Ecommerce/Tambahkan Product/Button Update Data"), 0): Object 'Object Repository/Product Ecommerce/Tambahkan Product/Button Update Data' is present

2023-10-05 13:12:05 - [MESSAGE][WARNING] - Timeout '0' is invalid. Using default page load timeout: '30'

2023-10-05 13:12:06 - [MESSAGE][PASSED] - Object 'Object Repository/Product Ecommerce/Tambahkan Product/Button Update Data' is present

2023-10-05 13:12:06 - [TEST_STEP][PASSED] - click(findTestObject("Product Ecommerce/Tambahkan Product/Input Hapus Kolom Variasi 1")): Object: 'Object Repository/Product Ecommerce/Tambahkan Product/Input Hapus Kolom Variasi 1' is clicked on

2023-10-05 13:12:06 - [MESSAGE][PASSED] - Object: 'Object Repository/Product Ecommerce/Tambahkan Product/Input Hapus Kolom Variasi 1' is clicked on

2023-10-05 13:12:06 - [TEST_STEP][PASSED] - click(findTestObject("Product Ecommerce/Tambahkan Product/Input Hapus Kolom Variasi 1")): Object: 'Object Repository/Product Ecommerce/Tambahkan Product/Input Hapus Kolom Variasi 1' is clicked on

2023-10-05 13:12:07 - [MESSAGE][PASSED] - Object: 'Object Repository/Product Ecommerce/Tambahkan Product/Input Hapus Kolom Variasi 1' is clicked on

2023-10-05 13:12:07 - [TEST_STEP][PASSED] - click(findTestObject("Product Ecommerce/Tambahkan Product/Input Hapus Kolom Variasi 1")): Object: 'Object Repository/Product Ecommerce/Tambahkan Product/Input Hapus Kolom Variasi 1' is clicked on

2023-10-05 13:12:08 - [MESSAGE][PASSED] - Object: 'Object Repository/Product Ecommerce/Tambahkan Product/Input Hapus Kolom Variasi 1' is clicked on

2023-10-05 13:12:08 - [TEST_STEP][PASSED] - notif = getAlertText(): Get alert text successfully: 'Tidak ditemukan textbox untuk dihapus.'

2023-10-05 13:12:08 - [MESSAGE][PASSED] - Get alert text successfully: 'Tidak ditemukan textbox untuk dihapus.'

2023-10-05 13:12:08 - [TEST_STEP][PASSED] - assert "Tidak ditemukan textbox untuk dihapus." == notif: null]]></system-out>
         <system-err><![CDATA[]]></system-err>
      </testcase>
      <testcase name="Test Cases/Product Ecommerce/TC-PEN-018" time="18.433" classname="Test Cases/Product Ecommerce/TC-PEN-018" status="FAILED">
         <failure type="FAILED" message="Test Cases/Product Ecommerce/TC-PEN-018 FAILED.
Reason:
Assertion failed: 

assert accept_button_message == &quot;Code Name Is not valid&quot;
       |                     |
       &quot;&quot;                    false

	at TC-PEN-018.run(TC-PEN-018:56)
	at com.kms.katalon.core.main.ScriptEngine.run(ScriptEngine.java:194)
	at com.kms.katalon.core.main.ScriptEngine.runScriptAsRawText(ScriptEngine.java:119)
	at com.kms.katalon.core.main.TestCaseExecutor.runScript(TestCaseExecutor.java:448)
	at com.kms.katalon.core.main.TestCaseExecutor.doExecute(TestCaseExecutor.java:439)
	at com.kms.katalon.core.main.TestCaseExecutor.processExecutionPhase(TestCaseExecutor.java:418)
	at com.kms.katalon.core.main.TestCaseExecutor.accessMainPhase(TestCaseExecutor.java:410)
	at com.kms.katalon.core.main.TestCaseExecutor.execute(TestCaseExecutor.java:285)
	at com.kms.katalon.core.common.CommonExecutor.accessTestCaseMainPhase(CommonExecutor.java:65)
	at com.kms.katalon.core.main.TestSuiteExecutor.accessTestSuiteMainPhase(TestSuiteExecutor.java:148)
	at com.kms.katalon.core.main.TestSuiteExecutor.execute(TestSuiteExecutor.java:106)
	at com.kms.katalon.core.main.TestCaseMain.startTestSuite(TestCaseMain.java:187)
	at com.kms.katalon.core.main.TestCaseMain$startTestSuite$0.call(Unknown Source)
	at TempTestSuite1696485610604.run(TempTestSuite1696485610604.groovy:36)
"/>
         <system-out><![CDATA[2023-10-05 13:12:08 - [TEST_CASE][FAILED] - Test Cases/Product Ecommerce/TC-PEN-018: Test Cases/Product Ecommerce/TC-PEN-018 FAILED.
Reason:
Assertion failed: 

assert accept_button_message == "Code Name Is not valid"
       |                     |
       ""                    false

	at TC-PEN-018.run(TC-PEN-018:56)
	at com.kms.katalon.core.main.ScriptEngine.run(ScriptEngine.java:194)
	at com.kms.katalon.core.main.ScriptEngine.runScriptAsRawText(ScriptEngine.java:119)
	at com.kms.katalon.core.main.TestCaseExecutor.runScript(TestCaseExecutor.java:448)
	at com.kms.katalon.core.main.TestCaseExecutor.doExecute(TestCaseExecutor.java:439)
	at com.kms.katalon.core.main.TestCaseExecutor.processExecutionPhase(TestCaseExecutor.java:418)
	at com.kms.katalon.core.main.TestCaseExecutor.accessMainPhase(TestCaseExecutor.java:410)
	at com.kms.katalon.core.main.TestCaseExecutor.execute(TestCaseExecutor.java:285)
	at com.kms.katalon.core.common.CommonExecutor.accessTestCaseMainPhase(CommonExecutor.java:65)
	at com.kms.katalon.core.main.TestSuiteExecutor.accessTestSuiteMainPhase(TestSuiteExecutor.java:148)
	at com.kms.katalon.core.main.TestSuiteExecutor.execute(TestSuiteExecutor.java:106)
	at com.kms.katalon.core.main.TestCaseMain.startTestSuite(TestCaseMain.java:187)
	at com.kms.katalon.core.main.TestCaseMain$startTestSuite$0.call(Unknown Source)
	at TempTestSuite1696485610604.run(TempTestSuite1696485610604.groovy:36)


2023-10-05 13:12:08 - [TEST_STEP][PASSED] - callTestCase(findTestCase("Product Ecommerce/TC-PE-001"), [:], STOP_ON_FAILURE): Call Test Case 'Test Cases/Product Ecommerce/TC-PE-001' successfully

2023-10-05 13:12:08 - [TEST_CASE][PASSED] - Test Cases/Product Ecommerce/TC-PE-001: Test Cases/Product Ecommerce/TC-PE-001

2023-10-05 13:12:08 - [TEST_STEP][PASSED] - callTestCase(findTestCase("Login Ecommerce/TC-Login Ecomerce-001"), [:], STOP_ON_FAILURE): Call Test Case 'Test Cases/Login Ecommerce/TC-Login Ecomerce-001' successfully

2023-10-05 13:12:08 - [TEST_CASE][PASSED] - Test Cases/Login Ecommerce/TC-Login Ecomerce-001: Test Cases/Login Ecommerce/TC-Login Ecomerce-001

2023-10-05 13:12:08 - [TEST_STEP][PASSED] - openBrowser(userTajalapak): Browser is opened with url: 'https://10.9.2.63/ecommerce/'

2023-10-05 13:12:08 - [MESSAGE][WARNING] - A browser is already opened. Closing browser and opening a new one

2023-10-05 13:12:09 - [MESSAGE][INFO] - Starting 'Edge Chromium' driver

2023-10-05 13:12:09 - [MESSAGE][INFO] - User set preference: ['acceptInsecureCerts', 'true']

2023-10-05 13:12:11 - [MESSAGE][INFO] - Action delay is set to 0 milliseconds

2023-10-05 13:12:13 - [MESSAGE][PASSED] - Browser is opened with url: 'https://10.9.2.63/ecommerce/'

2023-10-05 13:12:13 - [TEST_STEP][PASSED] - maximizeWindow(): Current window maximized

2023-10-05 13:12:13 - [MESSAGE][PASSED] - Current window maximized

2023-10-05 13:12:13 - [TEST_STEP][PASSED] - verifyElementPresent(findTestObject("Login Ecommerce/Verifikasi Halaman Login Akun"), 0): Object 'Object Repository/Login Ecommerce/Verifikasi Halaman Login Akun' is present

2023-10-05 13:12:13 - [MESSAGE][WARNING] - Timeout '0' is invalid. Using default page load timeout: '30'

2023-10-05 13:12:14 - [MESSAGE][PASSED] - Object 'Object Repository/Login Ecommerce/Verifikasi Halaman Login Akun' is present

2023-10-05 13:12:14 - [TEST_STEP][PASSED] - click(findTestObject("Login Ecommerce/Login Akun")): Object: 'Object Repository/Login Ecommerce/Login Akun' is clicked on

2023-10-05 13:12:14 - [MESSAGE][PASSED] - Object: 'Object Repository/Login Ecommerce/Login Akun' is clicked on

2023-10-05 13:12:14 - [TEST_STEP][PASSED] - verifyElementPresent(findTestObject("Login Ecommerce/Verifikasi Halaman Login Akun"), 0): Object 'Object Repository/Login Ecommerce/Verifikasi Halaman Login Akun' is present

2023-10-05 13:12:15 - [MESSAGE][WARNING] - Timeout '0' is invalid. Using default page load timeout: '30'

2023-10-05 13:12:15 - [MESSAGE][PASSED] - Object 'Object Repository/Login Ecommerce/Verifikasi Halaman Login Akun' is present

2023-10-05 13:12:15 - [TEST_STEP][PASSED] - setText(findTestObject("Login Ecommerce/Input Username"), "riswandha"): Text 'riswandha' is set on object 'Object Repository/Login Ecommerce/Input Username'

2023-10-05 13:12:16 - [MESSAGE][PASSED] - Text 'riswandha' is set on object 'Object Repository/Login Ecommerce/Input Username'

2023-10-05 13:12:16 - [TEST_STEP][PASSED] - setEncryptedText(findTestObject("Login Ecommerce/Input Password"), "iGDxf8hSRT4="): Text ****** has been set on object 'Object Repository/Login Ecommerce/Input Password'

2023-10-05 13:12:16 - [MESSAGE][PASSED] - Text ****** has been set on object 'Object Repository/Login Ecommerce/Input Password'

2023-10-05 13:12:16 - [TEST_STEP][PASSED] - click(findTestObject("Login Ecommerce/Button Masuk")): Object: 'Object Repository/Login Ecommerce/Button Masuk' is clicked on

2023-10-05 13:12:17 - [MESSAGE][PASSED] - Object: 'Object Repository/Login Ecommerce/Button Masuk' is clicked on

2023-10-05 13:12:17 - [TEST_STEP][PASSED] - verifyElementPresent(findTestObject("Login Ecommerce/Verifikasi Login Akun"), 0): Object 'Object Repository/Login Ecommerce/Verifikasi Login Akun' is present

2023-10-05 13:12:17 - [MESSAGE][WARNING] - Timeout '0' is invalid. Using default page load timeout: '30'

2023-10-05 13:12:18 - [MESSAGE][PASSED] - Object 'Object Repository/Login Ecommerce/Verifikasi Login Akun' is present

2023-10-05 13:12:18 - [MESSAGE][PASSED] - Call Test Case 'Test Cases/Login Ecommerce/TC-Login Ecomerce-001' successfully

2023-10-05 13:12:18 - [TEST_STEP][PASSED] - mouseOver(findTestObject("Product Ecommerce/Button Menu toko")): Object: 'Object Repository/Product Ecommerce/Button Menu toko' is hovered

2023-10-05 13:12:19 - [MESSAGE][PASSED] - Object: 'Object Repository/Product Ecommerce/Button Menu toko' is hovered

2023-10-05 13:12:19 - [TEST_STEP][PASSED] - click(findTestObject("Product Ecommerce/Button Daftar Produk")): Object: 'Object Repository/Product Ecommerce/Button Daftar Produk' is clicked on

2023-10-05 13:12:20 - [MESSAGE][PASSED] - Object: 'Object Repository/Product Ecommerce/Button Daftar Produk' is clicked on

2023-10-05 13:12:20 - [TEST_STEP][PASSED] - verifyElementPresent(findTestObject("Product Ecommerce/Verifikasi Halaman Product Anda"), 0): Object 'Object Repository/Product Ecommerce/Verifikasi Halaman Product Anda' is present

2023-10-05 13:12:20 - [MESSAGE][WARNING] - Timeout '0' is invalid. Using default page load timeout: '30'

2023-10-05 13:12:20 - [MESSAGE][PASSED] - Object 'Object Repository/Product Ecommerce/Verifikasi Halaman Product Anda' is present

2023-10-05 13:12:20 - [MESSAGE][PASSED] - Call Test Case 'Test Cases/Product Ecommerce/TC-PE-001' successfully

2023-10-05 13:12:20 - [TEST_STEP][PASSED] - mouseOver(findTestObject("Product Ecommerce/Image Gambar produk 1")): Object: 'Object Repository/Product Ecommerce/Image Gambar produk 1' is hovered

2023-10-05 13:12:21 - [MESSAGE][PASSED] - Object: 'Object Repository/Product Ecommerce/Image Gambar produk 1' is hovered

2023-10-05 13:12:21 - [TEST_STEP][PASSED] - click(findTestObject("Product Ecommerce/Tambahkan Product/Edit Data")): Object: 'Object Repository/Product Ecommerce/Tambahkan Product/Edit Data' is clicked on

2023-10-05 13:12:22 - [MESSAGE][PASSED] - Object: 'Object Repository/Product Ecommerce/Tambahkan Product/Edit Data' is clicked on

2023-10-05 13:12:22 - [TEST_STEP][PASSED] - verifyElementPresent(findTestObject("Product Ecommerce/Tambahkan Product/Button Update Data"), 0): Object 'Object Repository/Product Ecommerce/Tambahkan Product/Button Update Data' is present

2023-10-05 13:12:22 - [MESSAGE][WARNING] - Timeout '0' is invalid. Using default page load timeout: '30'

2023-10-05 13:12:22 - [MESSAGE][PASSED] - Object 'Object Repository/Product Ecommerce/Tambahkan Product/Button Update Data' is present

2023-10-05 13:12:22 - [TEST_STEP][PASSED] - click(findTestObject("Product Ecommerce/Kupon/Button Buat Product")): Object: 'Object Repository/Product Ecommerce/Kupon/Button Buat Product' is clicked on

2023-10-05 13:12:23 - [MESSAGE][PASSED] - Object: 'Object Repository/Product Ecommerce/Kupon/Button Buat Product' is clicked on

2023-10-05 13:12:23 - [TEST_STEP][PASSED] - verifyElementPresent(findTestObject("Product Ecommerce/Kupon/Verifikasi Halaman Voucher Product"), 0): Object 'Object Repository/Product Ecommerce/Kupon/Verifikasi Halaman Voucher Product' is present

2023-10-05 13:12:23 - [MESSAGE][WARNING] - Timeout '0' is invalid. Using default page load timeout: '30'

2023-10-05 13:12:23 - [MESSAGE][PASSED] - Object 'Object Repository/Product Ecommerce/Kupon/Verifikasi Halaman Voucher Product' is present

2023-10-05 13:12:23 - [TEST_STEP][PASSED] - click(findTestObject("Product Ecommerce/Kupon/Button Edit Voucher")): Object: 'Object Repository/Product Ecommerce/Kupon/Button Edit Voucher' is clicked on

2023-10-05 13:12:24 - [MESSAGE][PASSED] - Object: 'Object Repository/Product Ecommerce/Kupon/Button Edit Voucher' is clicked on

2023-10-05 13:12:24 - [TEST_STEP][PASSED] - setText(findTestObject("Product Ecommerce/Kupon/Input Kode Kupon"), "aaaaaaaaaaaaaaaaaaaaaaaaaaaaaaaaaaaaa"): Text 'aaaaaaaaaaaaaaaaaaaaaaaaaaaaaaaaaaaaa' is set on object 'Object Repository/Product Ecommerce/Kupon/Input Kode Kupon'

2023-10-05 13:12:25 - [MESSAGE][PASSED] - Text 'aaaaaaaaaaaaaaaaaaaaaaaaaaaaaaaaaaaaa' is set on object 'Object Repository/Product Ecommerce/Kupon/Input Kode Kupon'

2023-10-05 13:12:25 - [TEST_STEP][PASSED] - click(findTestObject("Product Ecommerce/Kupon/Button Simpan")): Object: 'Object Repository/Product Ecommerce/Kupon/Button Simpan' is clicked on

2023-10-05 13:12:25 - [MESSAGE][PASSED] - Object: 'Object Repository/Product Ecommerce/Kupon/Button Simpan' is clicked on

2023-10-05 13:12:25 - [TEST_STEP][PASSED] - driver = getWebDriver(): null

2023-10-05 13:12:25 - [TEST_STEP][PASSED] - field_username_element = driver.findElement(By.xpath("//input[@id="kode_kupon"]")): null

2023-10-05 13:12:26 - [TEST_STEP][PASSED] - accept_button_message = driver.executeScript("return arguments[0].validationMessage", field_username_element): null

2023-10-05 13:12:26 - [TEST_STEP][PASSED] - println(accept_button_message): null

2023-10-05 13:12:26 - [TEST_STEP][FAILED] - assert accept_button_message == "Code Name Is not valid": Test Cases/Product Ecommerce/TC-PEN-018 FAILED.
Reason:
Assertion failed: 

assert accept_button_message == "Code Name Is not valid"
       |                     |
       ""                    false

	at TC-PEN-018.run(TC-PEN-018:56)
	at com.kms.katalon.core.main.ScriptEngine.run(ScriptEngine.java:194)
	at com.kms.katalon.core.main.ScriptEngine.runScriptAsRawText(ScriptEngine.java:119)
	at com.kms.katalon.core.main.TestCaseExecutor.runScript(TestCaseExecutor.java:448)
	at com.kms.katalon.core.main.TestCaseExecutor.doExecute(TestCaseExecutor.java:439)
	at com.kms.katalon.core.main.TestCaseExecutor.processExecutionPhase(TestCaseExecutor.java:418)
	at com.kms.katalon.core.main.TestCaseExecutor.accessMainPhase(TestCaseExecutor.java:410)
	at com.kms.katalon.core.main.TestCaseExecutor.execute(TestCaseExecutor.java:285)
	at com.kms.katalon.core.common.CommonExecutor.accessTestCaseMainPhase(CommonExecutor.java:65)
	at com.kms.katalon.core.main.TestSuiteExecutor.accessTestSuiteMainPhase(TestSuiteExecutor.java:148)
	at com.kms.katalon.core.main.TestSuiteExecutor.execute(TestSuiteExecutor.java:106)
	at com.kms.katalon.core.main.TestCaseMain.startTestSuite(TestCaseMain.java:187)
	at com.kms.katalon.core.main.TestCaseMain$startTestSuite$0.call(Unknown Source)
	at TempTestSuite1696485610604.run(TempTestSuite1696485610604.groovy:36)


2023-10-05 13:12:26 - [MESSAGE][FAILED] - Test Cases/Product Ecommerce/TC-PEN-018 FAILED.
Reason:
Assertion failed: 

assert accept_button_message == "Code Name Is not valid"
       |                     |
       ""                    false

	at TC-PEN-018.run(TC-PEN-018:56)
	at com.kms.katalon.core.main.ScriptEngine.run(ScriptEngine.java:194)
	at com.kms.katalon.core.main.ScriptEngine.runScriptAsRawText(ScriptEngine.java:119)
	at com.kms.katalon.core.main.TestCaseExecutor.runScript(TestCaseExecutor.java:448)
	at com.kms.katalon.core.main.TestCaseExecutor.doExecute(TestCaseExecutor.java:439)
	at com.kms.katalon.core.main.TestCaseExecutor.processExecutionPhase(TestCaseExecutor.java:418)
	at com.kms.katalon.core.main.TestCaseExecutor.accessMainPhase(TestCaseExecutor.java:410)
	at com.kms.katalon.core.main.TestCaseExecutor.execute(TestCaseExecutor.java:285)
	at com.kms.katalon.core.common.CommonExecutor.accessTestCaseMainPhase(CommonExecutor.java:65)
	at com.kms.katalon.core.main.TestSuiteExecutor.accessTestSuiteMainPhase(TestSuiteExecutor.java:148)
	at com.kms.katalon.core.main.TestSuiteExecutor.execute(TestSuiteExecutor.java:106)
	at com.kms.katalon.core.main.TestCaseMain.startTestSuite(TestCaseMain.java:187)
	at com.kms.katalon.core.main.TestCaseMain$startTestSuite$0.call(Unknown Source)
	at TempTestSuite1696485610604.run(TempTestSuite1696485610604.groovy:36)]]></system-out>
         <system-err><![CDATA[2023-10-05 13:12:08 - [TEST_CASE][FAILED] - Test Cases/Product Ecommerce/TC-PEN-018: Test Cases/Product Ecommerce/TC-PEN-018 FAILED.
Reason:
Assertion failed: 

assert accept_button_message == "Code Name Is not valid"
       |                     |
       ""                    false

	at TC-PEN-018.run(TC-PEN-018:56)
	at com.kms.katalon.core.main.ScriptEngine.run(ScriptEngine.java:194)
	at com.kms.katalon.core.main.ScriptEngine.runScriptAsRawText(ScriptEngine.java:119)
	at com.kms.katalon.core.main.TestCaseExecutor.runScript(TestCaseExecutor.java:448)
	at com.kms.katalon.core.main.TestCaseExecutor.doExecute(TestCaseExecutor.java:439)
	at com.kms.katalon.core.main.TestCaseExecutor.processExecutionPhase(TestCaseExecutor.java:418)
	at com.kms.katalon.core.main.TestCaseExecutor.accessMainPhase(TestCaseExecutor.java:410)
	at com.kms.katalon.core.main.TestCaseExecutor.execute(TestCaseExecutor.java:285)
	at com.kms.katalon.core.common.CommonExecutor.accessTestCaseMainPhase(CommonExecutor.java:65)
	at com.kms.katalon.core.main.TestSuiteExecutor.accessTestSuiteMainPhase(TestSuiteExecutor.java:148)
	at com.kms.katalon.core.main.TestSuiteExecutor.execute(TestSuiteExecutor.java:106)
	at com.kms.katalon.core.main.TestCaseMain.startTestSuite(TestCaseMain.java:187)
	at com.kms.katalon.core.main.TestCaseMain$startTestSuite$0.call(Unknown Source)
	at TempTestSuite1696485610604.run(TempTestSuite1696485610604.groovy:36)]]></system-err>
      </testcase>
      <system-out><![CDATA[2023-10-05 13:00:40 - [TEST_SUITE][FAILED] - Product Ecomerce: Test Cases/Product Ecommerce/TC-PE-002 FAILED.
Reason:
com.kms.katalon.core.exception.StepFailedException: Unable to verify object 'Object Repository/Product Ecommerce/Verifikasi Halaman Product Anda' is present
	at com.kms.katalon.core.webui.keyword.internal.WebUIKeywordMain.stepFailed(WebUIKeywordMain.groovy:64)
	at com.kms.katalon.core.webui.keyword.internal.WebUIKeywordMain.runKeyword(WebUIKeywordMain.groovy:26)
	at com.kms.katalon.core.webui.keyword.builtin.VerifyElementPresentKeyword.verifyElementPresent(VerifyElementPresentKeyword.groovy:92)
	at com.kms.katalon.core.webui.keyword.builtin.VerifyElementPresentKeyword.execute(VerifyElementPresentKeyword.groovy:68)
	at com.kms.katalon.core.keyword.internal.KeywordExecutor.executeKeywordForPlatform(KeywordExecutor.groovy:74)
	at com.kms.katalon.core.webui.keyword.WebUiBuiltInKeywords.verifyElementPresent(WebUiBuiltInKeywords.groovy:1464)
	at com.kms.katalon.core.webui.keyword.WebUiBuiltInKeywords$verifyElementPresent$1.call(Unknown Source)
	at TC-PE-002.run(TC-PE-002:62)
	at com.kms.katalon.core.main.ScriptEngine.run(ScriptEngine.java:194)
	at com.kms.katalon.core.main.ScriptEngine.runScriptAsRawText(ScriptEngine.java:119)
	at com.kms.katalon.core.main.TestCaseExecutor.runScript(TestCaseExecutor.java:448)
	at com.kms.katalon.core.main.TestCaseExecutor.doExecute(TestCaseExecutor.java:439)
	at com.kms.katalon.core.main.TestCaseExecutor.processExecutionPhase(TestCaseExecutor.java:418)
	at com.kms.katalon.core.main.TestCaseExecutor.accessMainPhase(TestCaseExecutor.java:410)
	at com.kms.katalon.core.main.TestCaseExecutor.execute(TestCaseExecutor.java:285)
	at com.kms.katalon.core.common.CommonExecutor.accessTestCaseMainPhase(CommonExecutor.java:65)
	at com.kms.katalon.core.main.TestSuiteExecutor.accessTestSuiteMainPhase(TestSuiteExecutor.java:148)
	at com.kms.katalon.core.main.TestSuiteExecutor.execute(TestSuiteExecutor.java:106)
	at com.kms.katalon.core.main.TestCaseMain.startTestSuite(TestCaseMain.java:187)
	at com.kms.katalon.core.main.TestCaseMain$startTestSuite$0.call(Unknown Source)
	at TempTestSuite1696485610604.run(TempTestSuite1696485610604.groovy:36)
Caused by: com.kms.katalon.core.exception.StepFailedException: com.kms.katalon.core.webui.exception.WebElementNotFoundException: Web element with id: 'Object Repository/Product Ecommerce/Verifikasi Halaman Product Anda' located by '(.//*[normalize-space(text()) and normalize-space(.)='Home'])[1]/following::li[2]' not found
	at com.kms.katalon.core.webui.keyword.internal.WebUIKeywordMain.stepFailed(WebUIKeywordMain.groovy:64)
	at com.kms.katalon.core.webui.keyword.builtin.VerifyElementPresentKeyword$_verifyElementPresent_closure1.doCall(VerifyElementPresentKeyword.groovy:85)
	at com.kms.katalon.core.webui.keyword.builtin.VerifyElementPresentKeyword$_verifyElementPresent_closure1.call(VerifyElementPresentKeyword.groovy)
	at com.kms.katalon.core.webui.keyword.internal.WebUIKeywordMain.runKeyword(WebUIKeywordMain.groovy:20)
	... 19 more]]></system-out>
      <system-err><![CDATA[2023-10-05 13:00:40 - [TEST_SUITE][FAILED] - Product Ecomerce: Test Cases/Product Ecommerce/TC-PE-002 FAILED.
Reason:
com.kms.katalon.core.exception.StepFailedException: Unable to verify object 'Object Repository/Product Ecommerce/Verifikasi Halaman Product Anda' is present
	at com.kms.katalon.core.webui.keyword.internal.WebUIKeywordMain.stepFailed(WebUIKeywordMain.groovy:64)
	at com.kms.katalon.core.webui.keyword.internal.WebUIKeywordMain.runKeyword(WebUIKeywordMain.groovy:26)
	at com.kms.katalon.core.webui.keyword.builtin.VerifyElementPresentKeyword.verifyElementPresent(VerifyElementPresentKeyword.groovy:92)
	at com.kms.katalon.core.webui.keyword.builtin.VerifyElementPresentKeyword.execute(VerifyElementPresentKeyword.groovy:68)
	at com.kms.katalon.core.keyword.internal.KeywordExecutor.executeKeywordForPlatform(KeywordExecutor.groovy:74)
	at com.kms.katalon.core.webui.keyword.WebUiBuiltInKeywords.verifyElementPresent(WebUiBuiltInKeywords.groovy:1464)
	at com.kms.katalon.core.webui.keyword.WebUiBuiltInKeywords$verifyElementPresent$1.call(Unknown Source)
	at TC-PE-002.run(TC-PE-002:62)
	at com.kms.katalon.core.main.ScriptEngine.run(ScriptEngine.java:194)
	at com.kms.katalon.core.main.ScriptEngine.runScriptAsRawText(ScriptEngine.java:119)
	at com.kms.katalon.core.main.TestCaseExecutor.runScript(TestCaseExecutor.java:448)
	at com.kms.katalon.core.main.TestCaseExecutor.doExecute(TestCaseExecutor.java:439)
	at com.kms.katalon.core.main.TestCaseExecutor.processExecutionPhase(TestCaseExecutor.java:418)
	at com.kms.katalon.core.main.TestCaseExecutor.accessMainPhase(TestCaseExecutor.java:410)
	at com.kms.katalon.core.main.TestCaseExecutor.execute(TestCaseExecutor.java:285)
	at com.kms.katalon.core.common.CommonExecutor.accessTestCaseMainPhase(CommonExecutor.java:65)
	at com.kms.katalon.core.main.TestSuiteExecutor.accessTestSuiteMainPhase(TestSuiteExecutor.java:148)
	at com.kms.katalon.core.main.TestSuiteExecutor.execute(TestSuiteExecutor.java:106)
	at com.kms.katalon.core.main.TestCaseMain.startTestSuite(TestCaseMain.java:187)
	at com.kms.katalon.core.main.TestCaseMain$startTestSuite$0.call(Unknown Source)
	at TempTestSuite1696485610604.run(TempTestSuite1696485610604.groovy:36)
Caused by: com.kms.katalon.core.exception.StepFailedException: com.kms.katalon.core.webui.exception.WebElementNotFoundException: Web element with id: 'Object Repository/Product Ecommerce/Verifikasi Halaman Product Anda' located by '(.//*[normalize-space(text()) and normalize-space(.)='Home'])[1]/following::li[2]' not found
	at com.kms.katalon.core.webui.keyword.internal.WebUIKeywordMain.stepFailed(WebUIKeywordMain.groovy:64)
	at com.kms.katalon.core.webui.keyword.builtin.VerifyElementPresentKeyword$_verifyElementPresent_closure1.doCall(VerifyElementPresentKeyword.groovy:85)
	at com.kms.katalon.core.webui.keyword.builtin.VerifyElementPresentKeyword$_verifyElementPresent_closure1.call(VerifyElementPresentKeyword.groovy)
	at com.kms.katalon.core.webui.keyword.internal.WebUIKeywordMain.runKeyword(WebUIKeywordMain.groovy:20)
	... 19 more]]></system-err>
   </testsuite>
</testsuites>
