<?xml version="1.0" encoding="UTF-8"?>
<testsuites name="Product Admin" time="1385.753" tests="52" failures="9" errors="2">
   <testsuite name="Product Admin" tests="52" failures="9" errors="2" time="1385.753" skipped="0" timestamp="2023-10-04 18:16:34" hostname="Admin - Riswandha" id="Test Suites/Product Admin">
      <properties>
         <property name="deviceName" value=""/>
         <property name="devicePlatform" value=""/>
         <property name="logFolder" value="G:\\Project Xsis\\batch-324-qa\\Riswan\\Sprint 2 Product Tajalapak\\Reports\\20231004_181609\\Product Admin\\20231004_181609"/>
         <property name="logFiles" value="G:\\Project Xsis\\batch-324-qa\\Riswan\\Sprint 2 Product Tajalapak\\Reports\\20231004_181609\\Product Admin\\20231004_181609\\execution0.log"/>
         <property name="attachments" value="G:\\Project Xsis\\batch-324-qa\\Riswan\\Sprint 2 Product Tajalapak\\Reports\\20231004_181609\\Product Admin\\20231004_181609\\1696419098631.png, G:\\Project Xsis\\batch-324-qa\\Riswan\\Sprint 2 Product Tajalapak\\Reports\\20231004_181609\\Product Admin\\20231004_181609\\1696419098789.png, G:\\Project Xsis\\batch-324-qa\\Riswan\\Sprint 2 Product Tajalapak\\Reports\\20231004_181609\\Product Admin\\20231004_181609\\1696419325490.png, G:\\Project Xsis\\batch-324-qa\\Riswan\\Sprint 2 Product Tajalapak\\Reports\\20231004_181609\\Product Admin\\20231004_181609\\1696419325630.png, G:\\Project Xsis\\batch-324-qa\\Riswan\\Sprint 2 Product Tajalapak\\Reports\\20231004_181609\\Product Admin\\20231004_181609\\1696419403549.png, G:\\Project Xsis\\batch-324-qa\\Riswan\\Sprint 2 Product Tajalapak\\Reports\\20231004_181609\\Product Admin\\20231004_181609\\1696419403690.png, G:\\Project Xsis\\batch-324-qa\\Riswan\\Sprint 2 Product Tajalapak\\Reports\\20231004_181609\\Product Admin\\20231004_181609\\1696419458721.png, G:\\Project Xsis\\batch-324-qa\\Riswan\\Sprint 2 Product Tajalapak\\Reports\\20231004_181609\\Product Admin\\20231004_181609\\1696419458832.png"/>
         <property name="hostName" value="Admin - Riswandha"/>
         <property name="os" value="Windows 10 64bit"/>
         <property name="katalonVersion" value="8.6.5.208"/>
         <property name="browser" value="Edge Chromium 117"/>
         <property name="hostAddress" value="10.9.2.19"/>
         <property name="sessionId" value="114e374d3d92764336b62e29cb30cb47"/>
         <property name="seleniumVersion" value="3.141.59"/>
         <property name="proxyInformation" value="ProxyInformation { proxyOption=NO_PROXY, proxyServerType=HTTP, username=, password=********, proxyServerAddress=, proxyServerPort=0, executionList=&quot;&quot;, isApplyToDesiredCapabilities=true }"/>
         <property name="platform" value="Windows 10"/>
      </properties>
      <testcase name="Test Cases/Product Admin/TC-PA-001" time="26.114" classname="Test Cases/Product Admin/TC-PA-001" status="PASSED">
         <system-out><![CDATA[2023-10-04 18:16:35 - [TEST_CASE][PASSED] - Test Cases/Product Admin/TC-PA-001: Test Cases/Product Admin/TC-PA-001

2023-10-04 18:16:36 - [TEST_STEP][PASSED] - callTestCase(findTestCase("Login Admin/TC-Login Admin-001"), [:], STOP_ON_FAILURE): Call Test Case 'Test Cases/Login Admin/TC-Login Admin-001' successfully

2023-10-04 18:16:36 - [TEST_CASE][PASSED] - Test Cases/Login Admin/TC-Login Admin-001: Test Cases/Login Admin/TC-Login Admin-001

2023-10-04 18:16:37 - [TEST_STEP][PASSED] - openBrowser(adminTajalapak): Browser is opened with url: 'https://10.9.2.63/ecommerce/administrator'

2023-10-04 18:16:38 - [MESSAGE][INFO] - Starting 'Edge Chromium' driver

2023-10-04 18:16:38 - [MESSAGE][INFO] - User set preference: ['acceptInsecureCerts', 'true']

2023-10-04 18:16:39 - [MESSAGE][INFO] - Action delay is set to 0 milliseconds

2023-10-04 18:16:44 - [MESSAGE][PASSED] - Browser is opened with url: 'https://10.9.2.63/ecommerce/administrator'

2023-10-04 18:16:44 - [TEST_STEP][PASSED] - maximizeWindow(): Current window maximized

2023-10-04 18:16:44 - [MESSAGE][PASSED] - Current window maximized

2023-10-04 18:16:44 - [TEST_STEP][PASSED] - verifyElementPresent(findTestObject("Login Admin/Verifikasi Halaman Administrator"), 0): Object 'Object Repository/Login Admin/Verifikasi Halaman Administrator' is present

2023-10-04 18:16:45 - [MESSAGE][WARNING] - Timeout '0' is invalid. Using default page load timeout: '30'

2023-10-04 18:16:45 - [MESSAGE][PASSED] - Object 'Object Repository/Login Admin/Verifikasi Halaman Administrator' is present

2023-10-04 18:16:45 - [TEST_STEP][PASSED] - setText(findTestObject("Login Admin/Input Username Admin"), "admin"): Text 'admin' is set on object 'Object Repository/Login Admin/Input Username Admin'

2023-10-04 18:16:46 - [MESSAGE][PASSED] - Text 'admin' is set on object 'Object Repository/Login Admin/Input Username Admin'

2023-10-04 18:16:46 - [TEST_STEP][PASSED] - setEncryptedText(findTestObject("Login Admin/Input Password Admin"), "374mkdZ/lqyNS21oH+MJZQ=="): Text ****** has been set on object 'Object Repository/Login Admin/Input Password Admin'

2023-10-04 18:16:47 - [MESSAGE][PASSED] - Text ****** has been set on object 'Object Repository/Login Admin/Input Password Admin'

2023-10-04 18:16:47 - [TEST_STEP][PASSED] - delay(10): Delayed 10 second(s)

2023-10-04 18:16:57 - [MESSAGE][PASSED] - Delayed 10 second(s)

2023-10-04 18:16:57 - [TEST_STEP][PASSED] - click(findTestObject("Login Admin/Botton Sign In")): Object: 'Object Repository/Login Admin/Botton Sign In' is clicked on

2023-10-04 18:16:58 - [MESSAGE][PASSED] - Object: 'Object Repository/Login Admin/Botton Sign In' is clicked on

2023-10-04 18:16:58 - [TEST_STEP][PASSED] - verifyElementPresent(findTestObject("Login Admin/Verifikasi Halaman Login Admin"), 0): Object 'Object Repository/Login Admin/Verifikasi Halaman Login Admin' is present

2023-10-04 18:16:58 - [MESSAGE][WARNING] - Timeout '0' is invalid. Using default page load timeout: '30'

2023-10-04 18:16:59 - [MESSAGE][PASSED] - Object 'Object Repository/Login Admin/Verifikasi Halaman Login Admin' is present

2023-10-04 18:16:59 - [MESSAGE][PASSED] - Call Test Case 'Test Cases/Login Admin/TC-Login Admin-001' successfully

2023-10-04 18:16:59 - [TEST_STEP][PASSED] - click(findTestObject("Product Admin/Master Market")): Object: 'Object Repository/Product Admin/Master Market' is clicked on

2023-10-04 18:16:59 - [MESSAGE][PASSED] - Object: 'Object Repository/Product Admin/Master Market' is clicked on

2023-10-04 18:16:59 - [TEST_STEP][PASSED] - click(findTestObject("Product Admin/Produk Admin")): Object: 'Object Repository/Product Admin/Produk Admin' is clicked on

2023-10-04 18:17:00 - [MESSAGE][PASSED] - Object: 'Object Repository/Product Admin/Produk Admin' is clicked on

2023-10-04 18:17:00 - [TEST_STEP][PASSED] - verifyElementPresent(findTestObject("Product Admin/Veridikasi Halaman Semua Produk"), 0): Object 'Object Repository/Product Admin/Veridikasi Halaman Semua Produk' is present

2023-10-04 18:17:01 - [MESSAGE][WARNING] - Timeout '0' is invalid. Using default page load timeout: '30'

2023-10-04 18:17:01 - [MESSAGE][PASSED] - Object 'Object Repository/Product Admin/Veridikasi Halaman Semua Produk' is present]]></system-out>
         <system-err><![CDATA[]]></system-err>
      </testcase>
      <testcase name="Test Cases/Product Admin/TC-PA-002" time="21.735" classname="Test Cases/Product Admin/TC-PA-002" status="PASSED">
         <system-out><![CDATA[2023-10-04 18:17:01 - [TEST_CASE][PASSED] - Test Cases/Product Admin/TC-PA-002: Test Cases/Product Admin/TC-PA-002

2023-10-04 18:17:01 - [TEST_STEP][PASSED] - callTestCase(findTestCase("Product Admin/TC-PA-001"), [:], STOP_ON_FAILURE): Call Test Case 'Test Cases/Product Admin/TC-PA-001' successfully

2023-10-04 18:17:01 - [TEST_CASE][PASSED] - Test Cases/Product Admin/TC-PA-001: Test Cases/Product Admin/TC-PA-001

2023-10-04 18:17:01 - [TEST_STEP][PASSED] - callTestCase(findTestCase("Login Admin/TC-Login Admin-001"), [:], STOP_ON_FAILURE): Call Test Case 'Test Cases/Login Admin/TC-Login Admin-001' successfully

2023-10-04 18:17:01 - [TEST_CASE][PASSED] - Test Cases/Login Admin/TC-Login Admin-001: Test Cases/Login Admin/TC-Login Admin-001

2023-10-04 18:17:01 - [TEST_STEP][PASSED] - openBrowser(adminTajalapak): Browser is opened with url: 'https://10.9.2.63/ecommerce/administrator'

2023-10-04 18:17:01 - [MESSAGE][WARNING] - A browser is already opened. Closing browser and opening a new one

2023-10-04 18:17:02 - [MESSAGE][INFO] - Starting 'Edge Chromium' driver

2023-10-04 18:17:02 - [MESSAGE][INFO] - User set preference: ['acceptInsecureCerts', 'true']

2023-10-04 18:17:03 - [MESSAGE][INFO] - Action delay is set to 0 milliseconds

2023-10-04 18:17:05 - [MESSAGE][PASSED] - Browser is opened with url: 'https://10.9.2.63/ecommerce/administrator'

2023-10-04 18:17:05 - [TEST_STEP][PASSED] - maximizeWindow(): Current window maximized

2023-10-04 18:17:06 - [MESSAGE][PASSED] - Current window maximized

2023-10-04 18:17:06 - [TEST_STEP][PASSED] - verifyElementPresent(findTestObject("Login Admin/Verifikasi Halaman Administrator"), 0): Object 'Object Repository/Login Admin/Verifikasi Halaman Administrator' is present

2023-10-04 18:17:06 - [MESSAGE][WARNING] - Timeout '0' is invalid. Using default page load timeout: '30'

2023-10-04 18:17:06 - [MESSAGE][PASSED] - Object 'Object Repository/Login Admin/Verifikasi Halaman Administrator' is present

2023-10-04 18:17:06 - [TEST_STEP][PASSED] - setText(findTestObject("Login Admin/Input Username Admin"), "admin"): Text 'admin' is set on object 'Object Repository/Login Admin/Input Username Admin'

2023-10-04 18:17:07 - [MESSAGE][PASSED] - Text 'admin' is set on object 'Object Repository/Login Admin/Input Username Admin'

2023-10-04 18:17:07 - [TEST_STEP][PASSED] - setEncryptedText(findTestObject("Login Admin/Input Password Admin"), "374mkdZ/lqyNS21oH+MJZQ=="): Text ****** has been set on object 'Object Repository/Login Admin/Input Password Admin'

2023-10-04 18:17:07 - [MESSAGE][PASSED] - Text ****** has been set on object 'Object Repository/Login Admin/Input Password Admin'

2023-10-04 18:17:07 - [TEST_STEP][PASSED] - delay(10): Delayed 10 second(s)

2023-10-04 18:17:17 - [MESSAGE][PASSED] - Delayed 10 second(s)

2023-10-04 18:17:17 - [TEST_STEP][PASSED] - click(findTestObject("Login Admin/Botton Sign In")): Object: 'Object Repository/Login Admin/Botton Sign In' is clicked on

2023-10-04 18:17:19 - [MESSAGE][PASSED] - Object: 'Object Repository/Login Admin/Botton Sign In' is clicked on

2023-10-04 18:17:19 - [TEST_STEP][PASSED] - verifyElementPresent(findTestObject("Login Admin/Verifikasi Halaman Login Admin"), 0): Object 'Object Repository/Login Admin/Verifikasi Halaman Login Admin' is present

2023-10-04 18:17:19 - [MESSAGE][WARNING] - Timeout '0' is invalid. Using default page load timeout: '30'

2023-10-04 18:17:19 - [MESSAGE][PASSED] - Object 'Object Repository/Login Admin/Verifikasi Halaman Login Admin' is present

2023-10-04 18:17:19 - [MESSAGE][PASSED] - Call Test Case 'Test Cases/Login Admin/TC-Login Admin-001' successfully

2023-10-04 18:17:19 - [TEST_STEP][PASSED] - click(findTestObject("Product Admin/Master Market")): Object: 'Object Repository/Product Admin/Master Market' is clicked on

2023-10-04 18:17:20 - [MESSAGE][PASSED] - Object: 'Object Repository/Product Admin/Master Market' is clicked on

2023-10-04 18:17:20 - [TEST_STEP][PASSED] - click(findTestObject("Product Admin/Produk Admin")): Object: 'Object Repository/Product Admin/Produk Admin' is clicked on

2023-10-04 18:17:21 - [MESSAGE][PASSED] - Object: 'Object Repository/Product Admin/Produk Admin' is clicked on

2023-10-04 18:17:21 - [TEST_STEP][PASSED] - verifyElementPresent(findTestObject("Product Admin/Veridikasi Halaman Semua Produk"), 0): Object 'Object Repository/Product Admin/Veridikasi Halaman Semua Produk' is present

2023-10-04 18:17:21 - [MESSAGE][WARNING] - Timeout '0' is invalid. Using default page load timeout: '30'

2023-10-04 18:17:21 - [MESSAGE][PASSED] - Object 'Object Repository/Product Admin/Veridikasi Halaman Semua Produk' is present

2023-10-04 18:17:21 - [MESSAGE][PASSED] - Call Test Case 'Test Cases/Product Admin/TC-PA-001' successfully

2023-10-04 18:17:21 - [TEST_STEP][PASSED] - selectOptionByValue(findTestObject("Product Admin/Show Product"), show, false): All options with value '25' are selected in object 'Object Repository/Product Admin/Show Product' 

2023-10-04 18:17:22 - [MESSAGE][PASSED] - All options with value '25' are selected in object 'Object Repository/Product Admin/Show Product' 

2023-10-04 18:17:22 - [TEST_STEP][PASSED] - dataList = findWebElements(findTestObject("Object Repository/Product Admin/Data No Product"), 10): null

2023-10-04 18:17:23 - [TEST_STEP][PASSED] - assert Integer.parseInt(show) == dataList.size(): null]]></system-out>
         <system-err><![CDATA[]]></system-err>
      </testcase>
      <testcase name="Test Cases/Product Admin/TC-PA-003" time="21.18" classname="Test Cases/Product Admin/TC-PA-003" status="PASSED">
         <system-out><![CDATA[2023-10-04 18:17:23 - [TEST_CASE][PASSED] - Test Cases/Product Admin/TC-PA-003: Test Cases/Product Admin/TC-PA-003

2023-10-04 18:17:23 - [TEST_STEP][PASSED] - callTestCase(findTestCase("Product Admin/TC-PA-001"), [:], STOP_ON_FAILURE): Call Test Case 'Test Cases/Product Admin/TC-PA-001' successfully

2023-10-04 18:17:23 - [TEST_CASE][PASSED] - Test Cases/Product Admin/TC-PA-001: Test Cases/Product Admin/TC-PA-001

2023-10-04 18:17:23 - [TEST_STEP][PASSED] - callTestCase(findTestCase("Login Admin/TC-Login Admin-001"), [:], STOP_ON_FAILURE): Call Test Case 'Test Cases/Login Admin/TC-Login Admin-001' successfully

2023-10-04 18:17:23 - [TEST_CASE][PASSED] - Test Cases/Login Admin/TC-Login Admin-001: Test Cases/Login Admin/TC-Login Admin-001

2023-10-04 18:17:23 - [TEST_STEP][PASSED] - openBrowser(adminTajalapak): Browser is opened with url: 'https://10.9.2.63/ecommerce/administrator'

2023-10-04 18:17:23 - [MESSAGE][WARNING] - A browser is already opened. Closing browser and opening a new one

2023-10-04 18:17:24 - [MESSAGE][INFO] - Starting 'Edge Chromium' driver

2023-10-04 18:17:24 - [MESSAGE][INFO] - User set preference: ['acceptInsecureCerts', 'true']

2023-10-04 18:17:25 - [MESSAGE][INFO] - Action delay is set to 0 milliseconds

2023-10-04 18:17:27 - [MESSAGE][PASSED] - Browser is opened with url: 'https://10.9.2.63/ecommerce/administrator'

2023-10-04 18:17:27 - [TEST_STEP][PASSED] - maximizeWindow(): Current window maximized

2023-10-04 18:17:27 - [MESSAGE][PASSED] - Current window maximized

2023-10-04 18:17:27 - [TEST_STEP][PASSED] - verifyElementPresent(findTestObject("Login Admin/Verifikasi Halaman Administrator"), 0): Object 'Object Repository/Login Admin/Verifikasi Halaman Administrator' is present

2023-10-04 18:17:27 - [MESSAGE][WARNING] - Timeout '0' is invalid. Using default page load timeout: '30'

2023-10-04 18:17:28 - [MESSAGE][PASSED] - Object 'Object Repository/Login Admin/Verifikasi Halaman Administrator' is present

2023-10-04 18:17:28 - [TEST_STEP][PASSED] - setText(findTestObject("Login Admin/Input Username Admin"), "admin"): Text 'admin' is set on object 'Object Repository/Login Admin/Input Username Admin'

2023-10-04 18:17:28 - [MESSAGE][PASSED] - Text 'admin' is set on object 'Object Repository/Login Admin/Input Username Admin'

2023-10-04 18:17:28 - [TEST_STEP][PASSED] - setEncryptedText(findTestObject("Login Admin/Input Password Admin"), "374mkdZ/lqyNS21oH+MJZQ=="): Text ****** has been set on object 'Object Repository/Login Admin/Input Password Admin'

2023-10-04 18:17:29 - [MESSAGE][PASSED] - Text ****** has been set on object 'Object Repository/Login Admin/Input Password Admin'

2023-10-04 18:17:29 - [TEST_STEP][PASSED] - delay(10): Delayed 10 second(s)

2023-10-04 18:17:39 - [MESSAGE][PASSED] - Delayed 10 second(s)

2023-10-04 18:17:39 - [TEST_STEP][PASSED] - click(findTestObject("Login Admin/Botton Sign In")): Object: 'Object Repository/Login Admin/Botton Sign In' is clicked on

2023-10-04 18:17:40 - [MESSAGE][PASSED] - Object: 'Object Repository/Login Admin/Botton Sign In' is clicked on

2023-10-04 18:17:40 - [TEST_STEP][PASSED] - verifyElementPresent(findTestObject("Login Admin/Verifikasi Halaman Login Admin"), 0): Object 'Object Repository/Login Admin/Verifikasi Halaman Login Admin' is present

2023-10-04 18:17:40 - [MESSAGE][WARNING] - Timeout '0' is invalid. Using default page load timeout: '30'

2023-10-04 18:17:41 - [MESSAGE][PASSED] - Object 'Object Repository/Login Admin/Verifikasi Halaman Login Admin' is present

2023-10-04 18:17:41 - [MESSAGE][PASSED] - Call Test Case 'Test Cases/Login Admin/TC-Login Admin-001' successfully

2023-10-04 18:17:41 - [TEST_STEP][PASSED] - click(findTestObject("Product Admin/Master Market")): Object: 'Object Repository/Product Admin/Master Market' is clicked on

2023-10-04 18:17:41 - [MESSAGE][PASSED] - Object: 'Object Repository/Product Admin/Master Market' is clicked on

2023-10-04 18:17:41 - [TEST_STEP][PASSED] - click(findTestObject("Product Admin/Produk Admin")): Object: 'Object Repository/Product Admin/Produk Admin' is clicked on

2023-10-04 18:17:42 - [MESSAGE][PASSED] - Object: 'Object Repository/Product Admin/Produk Admin' is clicked on

2023-10-04 18:17:42 - [TEST_STEP][PASSED] - verifyElementPresent(findTestObject("Product Admin/Veridikasi Halaman Semua Produk"), 0): Object 'Object Repository/Product Admin/Veridikasi Halaman Semua Produk' is present

2023-10-04 18:17:42 - [MESSAGE][WARNING] - Timeout '0' is invalid. Using default page load timeout: '30'

2023-10-04 18:17:43 - [MESSAGE][PASSED] - Object 'Object Repository/Product Admin/Veridikasi Halaman Semua Produk' is present

2023-10-04 18:17:43 - [MESSAGE][PASSED] - Call Test Case 'Test Cases/Product Admin/TC-PA-001' successfully

2023-10-04 18:17:43 - [TEST_STEP][PASSED] - click(findTestObject("Product Admin/Button Sort No")): Object: 'Object Repository/Product Admin/Button Sort No' is clicked on

2023-10-04 18:17:43 - [MESSAGE][PASSED] - Object: 'Object Repository/Product Admin/Button Sort No' is clicked on

2023-10-04 18:17:43 - [TEST_STEP][PASSED] - dataList = findWebElements(findTestObject("Object Repository/Product Admin/Data No Product"), 10): null

2023-10-04 18:17:44 - [TEST_STEP][PASSED] - arrProdukNoOri = []: null

2023-10-04 18:17:44 - [TEST_STEP][PASSED] - arrProdukNoSort = []: null

2023-10-04 18:17:44 - [TEST_STEP][PASSED] - for ([i = 0, i < dataList.size(), (i++)]): null

2023-10-04 18:17:44 - [TEST_STEP][PASSED] - text = text: null

2023-10-04 18:17:44 - [TEST_STEP][PASSED] - arrProdukNoOri[i] = text: null

2023-10-04 18:17:44 - [TEST_STEP][PASSED] - arrProdukNoSort[i] = text: null

2023-10-04 18:17:44 - [TEST_STEP][PASSED] - text = text: null

2023-10-04 18:17:44 - [TEST_STEP][PASSED] - arrProdukNoOri[i] = text: null

2023-10-04 18:17:44 - [TEST_STEP][PASSED] - arrProdukNoSort[i] = text: null

2023-10-04 18:17:44 - [TEST_STEP][PASSED] - text = text: null

2023-10-04 18:17:44 - [TEST_STEP][PASSED] - arrProdukNoOri[i] = text: null

2023-10-04 18:17:44 - [TEST_STEP][PASSED] - arrProdukNoSort[i] = text: null

2023-10-04 18:17:44 - [TEST_STEP][PASSED] - text = text: null

2023-10-04 18:17:44 - [TEST_STEP][PASSED] - arrProdukNoOri[i] = text: null

2023-10-04 18:17:44 - [TEST_STEP][PASSED] - arrProdukNoSort[i] = text: null

2023-10-04 18:17:44 - [TEST_STEP][PASSED] - text = text: null

2023-10-04 18:17:44 - [TEST_STEP][PASSED] - arrProdukNoOri[i] = text: null

2023-10-04 18:17:44 - [TEST_STEP][PASSED] - arrProdukNoSort[i] = text: null

2023-10-04 18:17:44 - [TEST_STEP][PASSED] - text = text: null

2023-10-04 18:17:44 - [TEST_STEP][PASSED] - arrProdukNoOri[i] = text: null

2023-10-04 18:17:44 - [TEST_STEP][PASSED] - arrProdukNoSort[i] = text: null

2023-10-04 18:17:44 - [TEST_STEP][PASSED] - text = text: null

2023-10-04 18:17:44 - [TEST_STEP][PASSED] - arrProdukNoOri[i] = text: null

2023-10-04 18:17:44 - [TEST_STEP][PASSED] - arrProdukNoSort[i] = text: null

2023-10-04 18:17:44 - [TEST_STEP][PASSED] - text = text: null

2023-10-04 18:17:44 - [TEST_STEP][PASSED] - arrProdukNoOri[i] = text: null

2023-10-04 18:17:44 - [TEST_STEP][PASSED] - arrProdukNoSort[i] = text: null

2023-10-04 18:17:44 - [TEST_STEP][PASSED] - text = text: null

2023-10-04 18:17:44 - [TEST_STEP][PASSED] - arrProdukNoOri[i] = text: null

2023-10-04 18:17:44 - [TEST_STEP][PASSED] - arrProdukNoSort[i] = text: null

2023-10-04 18:17:44 - [TEST_STEP][PASSED] - text = text: null

2023-10-04 18:17:44 - [TEST_STEP][PASSED] - arrProdukNoOri[i] = text: null

2023-10-04 18:17:44 - [TEST_STEP][PASSED] - arrProdukNoSort[i] = text: null

2023-10-04 18:17:44 - [TEST_STEP][PASSED] - Arrays.sort(arrProdukNoSort, Collections.reverseOrder()): null

2023-10-04 18:17:44 - [TEST_STEP][PASSED] - assert arrProdukNoOri == arrProdukNoSort: null]]></system-out>
         <system-err><![CDATA[]]></system-err>
      </testcase>
      <testcase name="Test Cases/Product Admin/TC-PA-004" time="23.455" classname="Test Cases/Product Admin/TC-PA-004" status="PASSED">
         <system-out><![CDATA[2023-10-04 18:17:44 - [TEST_CASE][PASSED] - Test Cases/Product Admin/TC-PA-004: Test Cases/Product Admin/TC-PA-004

2023-10-04 18:17:44 - [TEST_STEP][PASSED] - callTestCase(findTestCase("Product Admin/TC-PA-003"), [:], STOP_ON_FAILURE): Call Test Case 'Test Cases/Product Admin/TC-PA-003' successfully

2023-10-04 18:17:44 - [TEST_CASE][PASSED] - Test Cases/Product Admin/TC-PA-003: Test Cases/Product Admin/TC-PA-003

2023-10-04 18:17:44 - [TEST_STEP][PASSED] - callTestCase(findTestCase("Product Admin/TC-PA-001"), [:], STOP_ON_FAILURE): Call Test Case 'Test Cases/Product Admin/TC-PA-001' successfully

2023-10-04 18:17:45 - [TEST_CASE][PASSED] - Test Cases/Product Admin/TC-PA-001: Test Cases/Product Admin/TC-PA-001

2023-10-04 18:17:45 - [TEST_STEP][PASSED] - callTestCase(findTestCase("Login Admin/TC-Login Admin-001"), [:], STOP_ON_FAILURE): Call Test Case 'Test Cases/Login Admin/TC-Login Admin-001' successfully

2023-10-04 18:17:45 - [TEST_CASE][PASSED] - Test Cases/Login Admin/TC-Login Admin-001: Test Cases/Login Admin/TC-Login Admin-001

2023-10-04 18:17:45 - [TEST_STEP][PASSED] - openBrowser(adminTajalapak): Browser is opened with url: 'https://10.9.2.63/ecommerce/administrator'

2023-10-04 18:17:45 - [MESSAGE][WARNING] - A browser is already opened. Closing browser and opening a new one

2023-10-04 18:17:46 - [MESSAGE][INFO] - Starting 'Edge Chromium' driver

2023-10-04 18:17:46 - [MESSAGE][INFO] - User set preference: ['acceptInsecureCerts', 'true']

2023-10-04 18:17:46 - [MESSAGE][INFO] - Action delay is set to 0 milliseconds

2023-10-04 18:17:49 - [MESSAGE][PASSED] - Browser is opened with url: 'https://10.9.2.63/ecommerce/administrator'

2023-10-04 18:17:49 - [TEST_STEP][PASSED] - maximizeWindow(): Current window maximized

2023-10-04 18:17:49 - [MESSAGE][PASSED] - Current window maximized

2023-10-04 18:17:49 - [TEST_STEP][PASSED] - verifyElementPresent(findTestObject("Login Admin/Verifikasi Halaman Administrator"), 0): Object 'Object Repository/Login Admin/Verifikasi Halaman Administrator' is present

2023-10-04 18:17:49 - [MESSAGE][WARNING] - Timeout '0' is invalid. Using default page load timeout: '30'

2023-10-04 18:17:49 - [MESSAGE][PASSED] - Object 'Object Repository/Login Admin/Verifikasi Halaman Administrator' is present

2023-10-04 18:17:49 - [TEST_STEP][PASSED] - setText(findTestObject("Login Admin/Input Username Admin"), "admin"): Text 'admin' is set on object 'Object Repository/Login Admin/Input Username Admin'

2023-10-04 18:17:50 - [MESSAGE][PASSED] - Text 'admin' is set on object 'Object Repository/Login Admin/Input Username Admin'

2023-10-04 18:17:50 - [TEST_STEP][PASSED] - setEncryptedText(findTestObject("Login Admin/Input Password Admin"), "374mkdZ/lqyNS21oH+MJZQ=="): Text ****** has been set on object 'Object Repository/Login Admin/Input Password Admin'

2023-10-04 18:17:51 - [MESSAGE][PASSED] - Text ****** has been set on object 'Object Repository/Login Admin/Input Password Admin'

2023-10-04 18:17:51 - [TEST_STEP][PASSED] - delay(10): Delayed 10 second(s)

2023-10-04 18:18:01 - [MESSAGE][PASSED] - Delayed 10 second(s)

2023-10-04 18:18:01 - [TEST_STEP][PASSED] - click(findTestObject("Login Admin/Botton Sign In")): Object: 'Object Repository/Login Admin/Botton Sign In' is clicked on

2023-10-04 18:18:02 - [MESSAGE][PASSED] - Object: 'Object Repository/Login Admin/Botton Sign In' is clicked on

2023-10-04 18:18:02 - [TEST_STEP][PASSED] - verifyElementPresent(findTestObject("Login Admin/Verifikasi Halaman Login Admin"), 0): Object 'Object Repository/Login Admin/Verifikasi Halaman Login Admin' is present

2023-10-04 18:18:02 - [MESSAGE][WARNING] - Timeout '0' is invalid. Using default page load timeout: '30'

2023-10-04 18:18:03 - [MESSAGE][PASSED] - Object 'Object Repository/Login Admin/Verifikasi Halaman Login Admin' is present

2023-10-04 18:18:03 - [MESSAGE][PASSED] - Call Test Case 'Test Cases/Login Admin/TC-Login Admin-001' successfully

2023-10-04 18:18:03 - [TEST_STEP][PASSED] - click(findTestObject("Product Admin/Master Market")): Object: 'Object Repository/Product Admin/Master Market' is clicked on

2023-10-04 18:18:03 - [MESSAGE][PASSED] - Object: 'Object Repository/Product Admin/Master Market' is clicked on

2023-10-04 18:18:03 - [TEST_STEP][PASSED] - click(findTestObject("Product Admin/Produk Admin")): Object: 'Object Repository/Product Admin/Produk Admin' is clicked on

2023-10-04 18:18:05 - [MESSAGE][PASSED] - Object: 'Object Repository/Product Admin/Produk Admin' is clicked on

2023-10-04 18:18:05 - [TEST_STEP][PASSED] - verifyElementPresent(findTestObject("Product Admin/Veridikasi Halaman Semua Produk"), 0): Object 'Object Repository/Product Admin/Veridikasi Halaman Semua Produk' is present

2023-10-04 18:18:05 - [MESSAGE][WARNING] - Timeout '0' is invalid. Using default page load timeout: '30'

2023-10-04 18:18:05 - [MESSAGE][PASSED] - Object 'Object Repository/Product Admin/Veridikasi Halaman Semua Produk' is present

2023-10-04 18:18:05 - [MESSAGE][PASSED] - Call Test Case 'Test Cases/Product Admin/TC-PA-001' successfully

2023-10-04 18:18:05 - [TEST_STEP][PASSED] - click(findTestObject("Product Admin/Button Sort No")): Object: 'Object Repository/Product Admin/Button Sort No' is clicked on

2023-10-04 18:18:06 - [MESSAGE][PASSED] - Object: 'Object Repository/Product Admin/Button Sort No' is clicked on

2023-10-04 18:18:06 - [TEST_STEP][PASSED] - dataList = findWebElements(findTestObject("Object Repository/Product Admin/Data No Product"), 10): null

2023-10-04 18:18:06 - [TEST_STEP][PASSED] - arrProdukNoOri = []: null

2023-10-04 18:18:06 - [TEST_STEP][PASSED] - arrProdukNoSort = []: null

2023-10-04 18:18:06 - [TEST_STEP][PASSED] - for ([i = 0, i < dataList.size(), (i++)]): null

2023-10-04 18:18:06 - [TEST_STEP][PASSED] - text = text: null

2023-10-04 18:18:06 - [TEST_STEP][PASSED] - arrProdukNoOri[i] = text: null

2023-10-04 18:18:06 - [TEST_STEP][PASSED] - arrProdukNoSort[i] = text: null

2023-10-04 18:18:06 - [TEST_STEP][PASSED] - text = text: null

2023-10-04 18:18:06 - [TEST_STEP][PASSED] - arrProdukNoOri[i] = text: null

2023-10-04 18:18:06 - [TEST_STEP][PASSED] - arrProdukNoSort[i] = text: null

2023-10-04 18:18:06 - [TEST_STEP][PASSED] - text = text: null

2023-10-04 18:18:06 - [TEST_STEP][PASSED] - arrProdukNoOri[i] = text: null

2023-10-04 18:18:06 - [TEST_STEP][PASSED] - arrProdukNoSort[i] = text: null

2023-10-04 18:18:06 - [TEST_STEP][PASSED] - text = text: null

2023-10-04 18:18:06 - [TEST_STEP][PASSED] - arrProdukNoOri[i] = text: null

2023-10-04 18:18:06 - [TEST_STEP][PASSED] - arrProdukNoSort[i] = text: null

2023-10-04 18:18:06 - [TEST_STEP][PASSED] - text = text: null

2023-10-04 18:18:06 - [TEST_STEP][PASSED] - arrProdukNoOri[i] = text: null

2023-10-04 18:18:06 - [TEST_STEP][PASSED] - arrProdukNoSort[i] = text: null

2023-10-04 18:18:06 - [TEST_STEP][PASSED] - text = text: null

2023-10-04 18:18:06 - [TEST_STEP][PASSED] - arrProdukNoOri[i] = text: null

2023-10-04 18:18:06 - [TEST_STEP][PASSED] - arrProdukNoSort[i] = text: null

2023-10-04 18:18:06 - [TEST_STEP][PASSED] - text = text: null

2023-10-04 18:18:06 - [TEST_STEP][PASSED] - arrProdukNoOri[i] = text: null

2023-10-04 18:18:06 - [TEST_STEP][PASSED] - arrProdukNoSort[i] = text: null

2023-10-04 18:18:06 - [TEST_STEP][PASSED] - text = text: null

2023-10-04 18:18:06 - [TEST_STEP][PASSED] - arrProdukNoOri[i] = text: null

2023-10-04 18:18:06 - [TEST_STEP][PASSED] - arrProdukNoSort[i] = text: null

2023-10-04 18:18:06 - [TEST_STEP][PASSED] - text = text: null

2023-10-04 18:18:06 - [TEST_STEP][PASSED] - arrProdukNoOri[i] = text: null

2023-10-04 18:18:06 - [TEST_STEP][PASSED] - arrProdukNoSort[i] = text: null

2023-10-04 18:18:06 - [TEST_STEP][PASSED] - text = text: null

2023-10-04 18:18:06 - [TEST_STEP][PASSED] - arrProdukNoOri[i] = text: null

2023-10-04 18:18:06 - [TEST_STEP][PASSED] - arrProdukNoSort[i] = text: null

2023-10-04 18:18:06 - [TEST_STEP][PASSED] - Arrays.sort(arrProdukNoSort, Collections.reverseOrder()): null

2023-10-04 18:18:06 - [TEST_STEP][PASSED] - assert arrProdukNoOri == arrProdukNoSort: null

2023-10-04 18:18:06 - [MESSAGE][PASSED] - Call Test Case 'Test Cases/Product Admin/TC-PA-003' successfully

2023-10-04 18:18:06 - [TEST_STEP][PASSED] - click(findTestObject("Product Admin/Button Sort No")): Object: 'Object Repository/Product Admin/Button Sort No' is clicked on

2023-10-04 18:18:07 - [MESSAGE][PASSED] - Object: 'Object Repository/Product Admin/Button Sort No' is clicked on

2023-10-04 18:18:07 - [TEST_STEP][PASSED] - dataList = findWebElements(findTestObject("Object Repository/Product Admin/Data No Product"), 10): null

2023-10-04 18:18:07 - [TEST_STEP][PASSED] - arrProdukNoOri = []: null

2023-10-04 18:18:07 - [TEST_STEP][PASSED] - arrProdukNoSort = []: null

2023-10-04 18:18:07 - [TEST_STEP][PASSED] - for ([i = 0, i < dataList.size(), (i++)]): null

2023-10-04 18:18:07 - [TEST_STEP][PASSED] - text = text: null

2023-10-04 18:18:07 - [TEST_STEP][PASSED] - arrProdukNoOri[i] = Integer.parseInt(text): null

2023-10-04 18:18:07 - [TEST_STEP][PASSED] - arrProdukNoSort[i] = Integer.parseInt(text): null

2023-10-04 18:18:07 - [TEST_STEP][PASSED] - text = text: null

2023-10-04 18:18:07 - [TEST_STEP][PASSED] - arrProdukNoOri[i] = Integer.parseInt(text): null

2023-10-04 18:18:07 - [TEST_STEP][PASSED] - arrProdukNoSort[i] = Integer.parseInt(text): null

2023-10-04 18:18:07 - [TEST_STEP][PASSED] - text = text: null

2023-10-04 18:18:07 - [TEST_STEP][PASSED] - arrProdukNoOri[i] = Integer.parseInt(text): null

2023-10-04 18:18:07 - [TEST_STEP][PASSED] - arrProdukNoSort[i] = Integer.parseInt(text): null

2023-10-04 18:18:07 - [TEST_STEP][PASSED] - text = text: null

2023-10-04 18:18:07 - [TEST_STEP][PASSED] - arrProdukNoOri[i] = Integer.parseInt(text): null

2023-10-04 18:18:07 - [TEST_STEP][PASSED] - arrProdukNoSort[i] = Integer.parseInt(text): null

2023-10-04 18:18:07 - [TEST_STEP][PASSED] - text = text: null

2023-10-04 18:18:07 - [TEST_STEP][PASSED] - arrProdukNoOri[i] = Integer.parseInt(text): null

2023-10-04 18:18:07 - [TEST_STEP][PASSED] - arrProdukNoSort[i] = Integer.parseInt(text): null

2023-10-04 18:18:07 - [TEST_STEP][PASSED] - text = text: null

2023-10-04 18:18:07 - [TEST_STEP][PASSED] - arrProdukNoOri[i] = Integer.parseInt(text): null

2023-10-04 18:18:07 - [TEST_STEP][PASSED] - arrProdukNoSort[i] = Integer.parseInt(text): null

2023-10-04 18:18:07 - [TEST_STEP][PASSED] - text = text: null

2023-10-04 18:18:07 - [TEST_STEP][PASSED] - arrProdukNoOri[i] = Integer.parseInt(text): null

2023-10-04 18:18:07 - [TEST_STEP][PASSED] - arrProdukNoSort[i] = Integer.parseInt(text): null

2023-10-04 18:18:07 - [TEST_STEP][PASSED] - text = text: null

2023-10-04 18:18:07 - [TEST_STEP][PASSED] - arrProdukNoOri[i] = Integer.parseInt(text): null

2023-10-04 18:18:07 - [TEST_STEP][PASSED] - arrProdukNoSort[i] = Integer.parseInt(text): null

2023-10-04 18:18:07 - [TEST_STEP][PASSED] - text = text: null

2023-10-04 18:18:07 - [TEST_STEP][PASSED] - arrProdukNoOri[i] = Integer.parseInt(text): null

2023-10-04 18:18:07 - [TEST_STEP][PASSED] - arrProdukNoSort[i] = Integer.parseInt(text): null

2023-10-04 18:18:07 - [TEST_STEP][PASSED] - text = text: null

2023-10-04 18:18:07 - [TEST_STEP][PASSED] - arrProdukNoOri[i] = Integer.parseInt(text): null

2023-10-04 18:18:07 - [TEST_STEP][PASSED] - arrProdukNoSort[i] = Integer.parseInt(text): null

2023-10-04 18:18:07 - [TEST_STEP][PASSED] - Arrays.sort(arrProdukNoSort): null

2023-10-04 18:18:07 - [TEST_STEP][PASSED] - assert arrProdukNoOri == arrProdukNoSort: null]]></system-out>
         <system-err><![CDATA[]]></system-err>
      </testcase>
      <testcase name="Test Cases/Product Admin/TC-PA-005" time="23.061" classname="Test Cases/Product Admin/TC-PA-005" status="FAILED">
         <failure type="FAILED" message="Test Cases/Product Admin/TC-PA-005 FAILED.
Reason:
Assertion failed: 

assert arrProdukNameOri == arrProdukNameSort
       |                |  |
       |                |  [ACER Swift 7 (SF713-51) (Core i7-7Y75) - Gold, APPLE MacBook Pro - Space Gray - Intel Core i5 2.3GHz, Baju Koko Kharismatik, Baju Koko Kids 0 - 9 tahun, Baju Koko Kids 0 - 9 tahun, Black Cotton Puplin Semi Wol Red White URI-12, Casio Pro, Consina Expert Series Lunara Biru Gelap, Consina Expert Series Lunara Biru Gelapp, cincin kawin buat ayangmu]
       |                false
       [ACER Swift 7 (SF713-51) (Core i7-7Y75) - Gold, APPLE MacBook Pro - Space Gray - Intel Core i5 2.3GHz, Baju Koko Kharismatik, Baju Koko Kids 0 - 9 tahun, Baju Koko Kids 0 - 9 tahun, Black Cotton Puplin Semi Wol Red White URI-12, Casio Pro, cincin kawin buat ayangmu, Consina Expert Series Lunara Biru Gelap, Consina Expert Series Lunara Biru Gelapp]

	at TC-PA-005.run(TC-PA-005:45)
	at com.kms.katalon.core.main.ScriptEngine.run(ScriptEngine.java:194)
	at com.kms.katalon.core.main.ScriptEngine.runScriptAsRawText(ScriptEngine.java:119)
	at com.kms.katalon.core.main.TestCaseExecutor.runScript(TestCaseExecutor.java:448)
	at com.kms.katalon.core.main.TestCaseExecutor.doExecute(TestCaseExecutor.java:439)
	at com.kms.katalon.core.main.TestCaseExecutor.processExecutionPhase(TestCaseExecutor.java:418)
	at com.kms.katalon.core.main.TestCaseExecutor.accessMainPhase(TestCaseExecutor.java:410)
	at com.kms.katalon.core.main.TestCaseExecutor.execute(TestCaseExecutor.java:285)
	at com.kms.katalon.core.common.CommonExecutor.accessTestCaseMainPhase(CommonExecutor.java:65)
	at com.kms.katalon.core.main.TestSuiteExecutor.accessTestSuiteMainPhase(TestSuiteExecutor.java:148)
	at com.kms.katalon.core.main.TestSuiteExecutor.execute(TestSuiteExecutor.java:106)
	at com.kms.katalon.core.main.TestCaseMain.startTestSuite(TestCaseMain.java:187)
	at com.kms.katalon.core.main.TestCaseMain$startTestSuite$0.call(Unknown Source)
	at TempTestSuite1696418169597.run(TempTestSuite1696418169597.groovy:36)
"/>
         <system-out><![CDATA[2023-10-04 18:18:07 - [TEST_CASE][FAILED] - Test Cases/Product Admin/TC-PA-005: Test Cases/Product Admin/TC-PA-005 FAILED.
Reason:
Assertion failed: 

assert arrProdukNameOri == arrProdukNameSort
       |                |  |
       |                |  [ACER Swift 7 (SF713-51) (Core i7-7Y75) - Gold, APPLE MacBook Pro - Space Gray - Intel Core i5 2.3GHz, Baju Koko Kharismatik, Baju Koko Kids 0 - 9 tahun, Baju Koko Kids 0 - 9 tahun, Black Cotton Puplin Semi Wol Red White URI-12, Casio Pro, Consina Expert Series Lunara Biru Gelap, Consina Expert Series Lunara Biru Gelapp, cincin kawin buat ayangmu]
       |                false
       [ACER Swift 7 (SF713-51) (Core i7-7Y75) - Gold, APPLE MacBook Pro - Space Gray - Intel Core i5 2.3GHz, Baju Koko Kharismatik, Baju Koko Kids 0 - 9 tahun, Baju Koko Kids 0 - 9 tahun, Black Cotton Puplin Semi Wol Red White URI-12, Casio Pro, cincin kawin buat ayangmu, Consina Expert Series Lunara Biru Gelap, Consina Expert Series Lunara Biru Gelapp]

	at TC-PA-005.run(TC-PA-005:45)
	at com.kms.katalon.core.main.ScriptEngine.run(ScriptEngine.java:194)
	at com.kms.katalon.core.main.ScriptEngine.runScriptAsRawText(ScriptEngine.java:119)
	at com.kms.katalon.core.main.TestCaseExecutor.runScript(TestCaseExecutor.java:448)
	at com.kms.katalon.core.main.TestCaseExecutor.doExecute(TestCaseExecutor.java:439)
	at com.kms.katalon.core.main.TestCaseExecutor.processExecutionPhase(TestCaseExecutor.java:418)
	at com.kms.katalon.core.main.TestCaseExecutor.accessMainPhase(TestCaseExecutor.java:410)
	at com.kms.katalon.core.main.TestCaseExecutor.execute(TestCaseExecutor.java:285)
	at com.kms.katalon.core.common.CommonExecutor.accessTestCaseMainPhase(CommonExecutor.java:65)
	at com.kms.katalon.core.main.TestSuiteExecutor.accessTestSuiteMainPhase(TestSuiteExecutor.java:148)
	at com.kms.katalon.core.main.TestSuiteExecutor.execute(TestSuiteExecutor.java:106)
	at com.kms.katalon.core.main.TestCaseMain.startTestSuite(TestCaseMain.java:187)
	at com.kms.katalon.core.main.TestCaseMain$startTestSuite$0.call(Unknown Source)
	at TempTestSuite1696418169597.run(TempTestSuite1696418169597.groovy:36)


2023-10-04 18:18:08 - [TEST_STEP][PASSED] - callTestCase(findTestCase("Product Admin/TC-PA-001"), [:], STOP_ON_FAILURE): Call Test Case 'Test Cases/Product Admin/TC-PA-001' successfully

2023-10-04 18:18:08 - [TEST_CASE][PASSED] - Test Cases/Product Admin/TC-PA-001: Test Cases/Product Admin/TC-PA-001

2023-10-04 18:18:08 - [TEST_STEP][PASSED] - callTestCase(findTestCase("Login Admin/TC-Login Admin-001"), [:], STOP_ON_FAILURE): Call Test Case 'Test Cases/Login Admin/TC-Login Admin-001' successfully

2023-10-04 18:18:08 - [TEST_CASE][PASSED] - Test Cases/Login Admin/TC-Login Admin-001: Test Cases/Login Admin/TC-Login Admin-001

2023-10-04 18:18:08 - [TEST_STEP][PASSED] - openBrowser(adminTajalapak): Browser is opened with url: 'https://10.9.2.63/ecommerce/administrator'

2023-10-04 18:18:08 - [MESSAGE][WARNING] - A browser is already opened. Closing browser and opening a new one

2023-10-04 18:18:09 - [MESSAGE][INFO] - Starting 'Edge Chromium' driver

2023-10-04 18:18:09 - [MESSAGE][INFO] - User set preference: ['acceptInsecureCerts', 'true']

2023-10-04 18:18:09 - [MESSAGE][INFO] - Action delay is set to 0 milliseconds

2023-10-04 18:18:13 - [MESSAGE][PASSED] - Browser is opened with url: 'https://10.9.2.63/ecommerce/administrator'

2023-10-04 18:18:13 - [TEST_STEP][PASSED] - maximizeWindow(): Current window maximized

2023-10-04 18:18:13 - [MESSAGE][PASSED] - Current window maximized

2023-10-04 18:18:13 - [TEST_STEP][PASSED] - verifyElementPresent(findTestObject("Login Admin/Verifikasi Halaman Administrator"), 0): Object 'Object Repository/Login Admin/Verifikasi Halaman Administrator' is present

2023-10-04 18:18:13 - [MESSAGE][WARNING] - Timeout '0' is invalid. Using default page load timeout: '30'

2023-10-04 18:18:13 - [MESSAGE][PASSED] - Object 'Object Repository/Login Admin/Verifikasi Halaman Administrator' is present

2023-10-04 18:18:13 - [TEST_STEP][PASSED] - setText(findTestObject("Login Admin/Input Username Admin"), "admin"): Text 'admin' is set on object 'Object Repository/Login Admin/Input Username Admin'

2023-10-04 18:18:14 - [MESSAGE][PASSED] - Text 'admin' is set on object 'Object Repository/Login Admin/Input Username Admin'

2023-10-04 18:18:14 - [TEST_STEP][PASSED] - setEncryptedText(findTestObject("Login Admin/Input Password Admin"), "374mkdZ/lqyNS21oH+MJZQ=="): Text ****** has been set on object 'Object Repository/Login Admin/Input Password Admin'

2023-10-04 18:18:15 - [MESSAGE][PASSED] - Text ****** has been set on object 'Object Repository/Login Admin/Input Password Admin'

2023-10-04 18:18:15 - [TEST_STEP][PASSED] - delay(10): Delayed 10 second(s)

2023-10-04 18:18:25 - [MESSAGE][PASSED] - Delayed 10 second(s)

2023-10-04 18:18:25 - [TEST_STEP][PASSED] - click(findTestObject("Login Admin/Botton Sign In")): Object: 'Object Repository/Login Admin/Botton Sign In' is clicked on

2023-10-04 18:18:27 - [MESSAGE][PASSED] - Object: 'Object Repository/Login Admin/Botton Sign In' is clicked on

2023-10-04 18:18:27 - [TEST_STEP][PASSED] - verifyElementPresent(findTestObject("Login Admin/Verifikasi Halaman Login Admin"), 0): Object 'Object Repository/Login Admin/Verifikasi Halaman Login Admin' is present

2023-10-04 18:18:27 - [MESSAGE][WARNING] - Timeout '0' is invalid. Using default page load timeout: '30'

2023-10-04 18:18:27 - [MESSAGE][PASSED] - Object 'Object Repository/Login Admin/Verifikasi Halaman Login Admin' is present

2023-10-04 18:18:27 - [MESSAGE][PASSED] - Call Test Case 'Test Cases/Login Admin/TC-Login Admin-001' successfully

2023-10-04 18:18:27 - [TEST_STEP][PASSED] - click(findTestObject("Product Admin/Master Market")): Object: 'Object Repository/Product Admin/Master Market' is clicked on

2023-10-04 18:18:28 - [MESSAGE][PASSED] - Object: 'Object Repository/Product Admin/Master Market' is clicked on

2023-10-04 18:18:28 - [TEST_STEP][PASSED] - click(findTestObject("Product Admin/Produk Admin")): Object: 'Object Repository/Product Admin/Produk Admin' is clicked on

2023-10-04 18:18:29 - [MESSAGE][PASSED] - Object: 'Object Repository/Product Admin/Produk Admin' is clicked on

2023-10-04 18:18:29 - [TEST_STEP][PASSED] - verifyElementPresent(findTestObject("Product Admin/Veridikasi Halaman Semua Produk"), 0): Object 'Object Repository/Product Admin/Veridikasi Halaman Semua Produk' is present

2023-10-04 18:18:29 - [MESSAGE][WARNING] - Timeout '0' is invalid. Using default page load timeout: '30'

2023-10-04 18:18:29 - [MESSAGE][PASSED] - Object 'Object Repository/Product Admin/Veridikasi Halaman Semua Produk' is present

2023-10-04 18:18:29 - [MESSAGE][PASSED] - Call Test Case 'Test Cases/Product Admin/TC-PA-001' successfully

2023-10-04 18:18:29 - [TEST_STEP][PASSED] - click(findTestObject("Product Admin/Button Sort Nama Produk")): Object: 'Object Repository/Product Admin/Button Sort Nama Produk' is clicked on

2023-10-04 18:18:30 - [MESSAGE][PASSED] - Object: 'Object Repository/Product Admin/Button Sort Nama Produk' is clicked on

2023-10-04 18:18:30 - [TEST_STEP][PASSED] - dataList = findWebElements(findTestObject("Object Repository/Product Admin/Data Nama Produk"), 10): null

2023-10-04 18:18:30 - [TEST_STEP][PASSED] - arrProdukNameOri = []: null

2023-10-04 18:18:30 - [TEST_STEP][PASSED] - arrProdukNameSort = []: null

2023-10-04 18:18:30 - [TEST_STEP][PASSED] - for ([i = 0, i < dataList.size(), (i++)]): null

2023-10-04 18:18:30 - [TEST_STEP][PASSED] - text = text: null

2023-10-04 18:18:30 - [TEST_STEP][PASSED] - arrProdukNameOri[i] = text: null

2023-10-04 18:18:30 - [TEST_STEP][PASSED] - arrProdukNameSort[i] = text: null

2023-10-04 18:18:30 - [TEST_STEP][PASSED] - text = text: null

2023-10-04 18:18:30 - [TEST_STEP][PASSED] - arrProdukNameOri[i] = text: null

2023-10-04 18:18:30 - [TEST_STEP][PASSED] - arrProdukNameSort[i] = text: null

2023-10-04 18:18:30 - [TEST_STEP][PASSED] - text = text: null

2023-10-04 18:18:30 - [TEST_STEP][PASSED] - arrProdukNameOri[i] = text: null

2023-10-04 18:18:30 - [TEST_STEP][PASSED] - arrProdukNameSort[i] = text: null

2023-10-04 18:18:30 - [TEST_STEP][PASSED] - text = text: null

2023-10-04 18:18:30 - [TEST_STEP][PASSED] - arrProdukNameOri[i] = text: null

2023-10-04 18:18:30 - [TEST_STEP][PASSED] - arrProdukNameSort[i] = text: null

2023-10-04 18:18:30 - [TEST_STEP][PASSED] - text = text: null

2023-10-04 18:18:30 - [TEST_STEP][PASSED] - arrProdukNameOri[i] = text: null

2023-10-04 18:18:30 - [TEST_STEP][PASSED] - arrProdukNameSort[i] = text: null

2023-10-04 18:18:30 - [TEST_STEP][PASSED] - text = text: null

2023-10-04 18:18:30 - [TEST_STEP][PASSED] - arrProdukNameOri[i] = text: null

2023-10-04 18:18:30 - [TEST_STEP][PASSED] - arrProdukNameSort[i] = text: null

2023-10-04 18:18:30 - [TEST_STEP][PASSED] - text = text: null

2023-10-04 18:18:30 - [TEST_STEP][PASSED] - arrProdukNameOri[i] = text: null

2023-10-04 18:18:30 - [TEST_STEP][PASSED] - arrProdukNameSort[i] = text: null

2023-10-04 18:18:30 - [TEST_STEP][PASSED] - text = text: null

2023-10-04 18:18:30 - [TEST_STEP][PASSED] - arrProdukNameOri[i] = text: null

2023-10-04 18:18:30 - [TEST_STEP][PASSED] - arrProdukNameSort[i] = text: null

2023-10-04 18:18:30 - [TEST_STEP][PASSED] - text = text: null

2023-10-04 18:18:30 - [TEST_STEP][PASSED] - arrProdukNameOri[i] = text: null

2023-10-04 18:18:30 - [TEST_STEP][PASSED] - arrProdukNameSort[i] = text: null

2023-10-04 18:18:30 - [TEST_STEP][PASSED] - text = text: null

2023-10-04 18:18:30 - [TEST_STEP][PASSED] - arrProdukNameOri[i] = text: null

2023-10-04 18:18:30 - [TEST_STEP][PASSED] - arrProdukNameSort[i] = text: null

2023-10-04 18:18:30 - [TEST_STEP][PASSED] - Arrays.sort(arrProdukNameSort): null

2023-10-04 18:18:30 - [TEST_STEP][PASSED] - println(arrProdukNameOri): null

2023-10-04 18:18:30 - [TEST_STEP][PASSED] - println(arrProdukNameSort): null

2023-10-04 18:18:30 - [TEST_STEP][FAILED] - assert arrProdukNameOri == arrProdukNameSort: Test Cases/Product Admin/TC-PA-005 FAILED.
Reason:
Assertion failed: 

assert arrProdukNameOri == arrProdukNameSort
       |                |  |
       |                |  [ACER Swift 7 (SF713-51) (Core i7-7Y75) - Gold, APPLE MacBook Pro - Space Gray - Intel Core i5 2.3GHz, Baju Koko Kharismatik, Baju Koko Kids 0 - 9 tahun, Baju Koko Kids 0 - 9 tahun, Black Cotton Puplin Semi Wol Red White URI-12, Casio Pro, Consina Expert Series Lunara Biru Gelap, Consina Expert Series Lunara Biru Gelapp, cincin kawin buat ayangmu]
       |                false
       [ACER Swift 7 (SF713-51) (Core i7-7Y75) - Gold, APPLE MacBook Pro - Space Gray - Intel Core i5 2.3GHz, Baju Koko Kharismatik, Baju Koko Kids 0 - 9 tahun, Baju Koko Kids 0 - 9 tahun, Black Cotton Puplin Semi Wol Red White URI-12, Casio Pro, cincin kawin buat ayangmu, Consina Expert Series Lunara Biru Gelap, Consina Expert Series Lunara Biru Gelapp]

	at TC-PA-005.run(TC-PA-005:45)
	at com.kms.katalon.core.main.ScriptEngine.run(ScriptEngine.java:194)
	at com.kms.katalon.core.main.ScriptEngine.runScriptAsRawText(ScriptEngine.java:119)
	at com.kms.katalon.core.main.TestCaseExecutor.runScript(TestCaseExecutor.java:448)
	at com.kms.katalon.core.main.TestCaseExecutor.doExecute(TestCaseExecutor.java:439)
	at com.kms.katalon.core.main.TestCaseExecutor.processExecutionPhase(TestCaseExecutor.java:418)
	at com.kms.katalon.core.main.TestCaseExecutor.accessMainPhase(TestCaseExecutor.java:410)
	at com.kms.katalon.core.main.TestCaseExecutor.execute(TestCaseExecutor.java:285)
	at com.kms.katalon.core.common.CommonExecutor.accessTestCaseMainPhase(CommonExecutor.java:65)
	at com.kms.katalon.core.main.TestSuiteExecutor.accessTestSuiteMainPhase(TestSuiteExecutor.java:148)
	at com.kms.katalon.core.main.TestSuiteExecutor.execute(TestSuiteExecutor.java:106)
	at com.kms.katalon.core.main.TestCaseMain.startTestSuite(TestCaseMain.java:187)
	at com.kms.katalon.core.main.TestCaseMain$startTestSuite$0.call(Unknown Source)
	at TempTestSuite1696418169597.run(TempTestSuite1696418169597.groovy:36)


2023-10-04 18:18:30 - [MESSAGE][FAILED] - Test Cases/Product Admin/TC-PA-005 FAILED.
Reason:
Assertion failed: 

assert arrProdukNameOri == arrProdukNameSort
       |                |  |
       |                |  [ACER Swift 7 (SF713-51) (Core i7-7Y75) - Gold, APPLE MacBook Pro - Space Gray - Intel Core i5 2.3GHz, Baju Koko Kharismatik, Baju Koko Kids 0 - 9 tahun, Baju Koko Kids 0 - 9 tahun, Black Cotton Puplin Semi Wol Red White URI-12, Casio Pro, Consina Expert Series Lunara Biru Gelap, Consina Expert Series Lunara Biru Gelapp, cincin kawin buat ayangmu]
       |                false
       [ACER Swift 7 (SF713-51) (Core i7-7Y75) - Gold, APPLE MacBook Pro - Space Gray - Intel Core i5 2.3GHz, Baju Koko Kharismatik, Baju Koko Kids 0 - 9 tahun, Baju Koko Kids 0 - 9 tahun, Black Cotton Puplin Semi Wol Red White URI-12, Casio Pro, cincin kawin buat ayangmu, Consina Expert Series Lunara Biru Gelap, Consina Expert Series Lunara Biru Gelapp]

	at TC-PA-005.run(TC-PA-005:45)
	at com.kms.katalon.core.main.ScriptEngine.run(ScriptEngine.java:194)
	at com.kms.katalon.core.main.ScriptEngine.runScriptAsRawText(ScriptEngine.java:119)
	at com.kms.katalon.core.main.TestCaseExecutor.runScript(TestCaseExecutor.java:448)
	at com.kms.katalon.core.main.TestCaseExecutor.doExecute(TestCaseExecutor.java:439)
	at com.kms.katalon.core.main.TestCaseExecutor.processExecutionPhase(TestCaseExecutor.java:418)
	at com.kms.katalon.core.main.TestCaseExecutor.accessMainPhase(TestCaseExecutor.java:410)
	at com.kms.katalon.core.main.TestCaseExecutor.execute(TestCaseExecutor.java:285)
	at com.kms.katalon.core.common.CommonExecutor.accessTestCaseMainPhase(CommonExecutor.java:65)
	at com.kms.katalon.core.main.TestSuiteExecutor.accessTestSuiteMainPhase(TestSuiteExecutor.java:148)
	at com.kms.katalon.core.main.TestSuiteExecutor.execute(TestSuiteExecutor.java:106)
	at com.kms.katalon.core.main.TestCaseMain.startTestSuite(TestCaseMain.java:187)
	at com.kms.katalon.core.main.TestCaseMain$startTestSuite$0.call(Unknown Source)
	at TempTestSuite1696418169597.run(TempTestSuite1696418169597.groovy:36)]]></system-out>
         <system-err><![CDATA[2023-10-04 18:18:07 - [TEST_CASE][FAILED] - Test Cases/Product Admin/TC-PA-005: Test Cases/Product Admin/TC-PA-005 FAILED.
Reason:
Assertion failed: 

assert arrProdukNameOri == arrProdukNameSort
       |                |  |
       |                |  [ACER Swift 7 (SF713-51) (Core i7-7Y75) - Gold, APPLE MacBook Pro - Space Gray - Intel Core i5 2.3GHz, Baju Koko Kharismatik, Baju Koko Kids 0 - 9 tahun, Baju Koko Kids 0 - 9 tahun, Black Cotton Puplin Semi Wol Red White URI-12, Casio Pro, Consina Expert Series Lunara Biru Gelap, Consina Expert Series Lunara Biru Gelapp, cincin kawin buat ayangmu]
       |                false
       [ACER Swift 7 (SF713-51) (Core i7-7Y75) - Gold, APPLE MacBook Pro - Space Gray - Intel Core i5 2.3GHz, Baju Koko Kharismatik, Baju Koko Kids 0 - 9 tahun, Baju Koko Kids 0 - 9 tahun, Black Cotton Puplin Semi Wol Red White URI-12, Casio Pro, cincin kawin buat ayangmu, Consina Expert Series Lunara Biru Gelap, Consina Expert Series Lunara Biru Gelapp]

	at TC-PA-005.run(TC-PA-005:45)
	at com.kms.katalon.core.main.ScriptEngine.run(ScriptEngine.java:194)
	at com.kms.katalon.core.main.ScriptEngine.runScriptAsRawText(ScriptEngine.java:119)
	at com.kms.katalon.core.main.TestCaseExecutor.runScript(TestCaseExecutor.java:448)
	at com.kms.katalon.core.main.TestCaseExecutor.doExecute(TestCaseExecutor.java:439)
	at com.kms.katalon.core.main.TestCaseExecutor.processExecutionPhase(TestCaseExecutor.java:418)
	at com.kms.katalon.core.main.TestCaseExecutor.accessMainPhase(TestCaseExecutor.java:410)
	at com.kms.katalon.core.main.TestCaseExecutor.execute(TestCaseExecutor.java:285)
	at com.kms.katalon.core.common.CommonExecutor.accessTestCaseMainPhase(CommonExecutor.java:65)
	at com.kms.katalon.core.main.TestSuiteExecutor.accessTestSuiteMainPhase(TestSuiteExecutor.java:148)
	at com.kms.katalon.core.main.TestSuiteExecutor.execute(TestSuiteExecutor.java:106)
	at com.kms.katalon.core.main.TestCaseMain.startTestSuite(TestCaseMain.java:187)
	at com.kms.katalon.core.main.TestCaseMain$startTestSuite$0.call(Unknown Source)
	at TempTestSuite1696418169597.run(TempTestSuite1696418169597.groovy:36)]]></system-err>
      </testcase>
      <testcase name="Test Cases/Product Admin/TC-PA-006" time="22.98" classname="Test Cases/Product Admin/TC-PA-006" status="FAILED">
         <failure type="FAILED" message="Test Cases/Product Admin/TC-PA-006 FAILED.
Reason:
com.kms.katalon.core.exception.StepFailedException: Call Test Case 'Test Cases/Product Admin/TC-PA-005' failed
	at com.kms.katalon.core.keyword.builtin.CallTestCaseKeyword$_callTestCase_closure1.doCall(CallTestCaseKeyword.groovy:63)
	at com.kms.katalon.core.keyword.builtin.CallTestCaseKeyword$_callTestCase_closure1.call(CallTestCaseKeyword.groovy)
	at com.kms.katalon.core.keyword.internal.KeywordMain.runKeyword(KeywordMain.groovy:75)
	at com.kms.katalon.core.keyword.builtin.CallTestCaseKeyword.callTestCase(CallTestCaseKeyword.groovy:81)
	at com.kms.katalon.core.keyword.builtin.CallTestCaseKeyword.execute(CallTestCaseKeyword.groovy:44)
	at com.kms.katalon.core.keyword.internal.KeywordExecutor.executeKeywordForPlatform(KeywordExecutor.groovy:74)
	at com.kms.katalon.core.keyword.BuiltinKeywords.callTestCase(BuiltinKeywords.groovy:310)
	at TC-PA-006.run(TC-PA-006:21)
	at com.kms.katalon.core.main.ScriptEngine.run(ScriptEngine.java:194)
	at com.kms.katalon.core.main.ScriptEngine.runScriptAsRawText(ScriptEngine.java:119)
	at com.kms.katalon.core.main.TestCaseExecutor.runScript(TestCaseExecutor.java:448)
	at com.kms.katalon.core.main.TestCaseExecutor.doExecute(TestCaseExecutor.java:439)
	at com.kms.katalon.core.main.TestCaseExecutor.processExecutionPhase(TestCaseExecutor.java:418)
	at com.kms.katalon.core.main.TestCaseExecutor.accessMainPhase(TestCaseExecutor.java:410)
	at com.kms.katalon.core.main.TestCaseExecutor.execute(TestCaseExecutor.java:285)
	at com.kms.katalon.core.common.CommonExecutor.accessTestCaseMainPhase(CommonExecutor.java:65)
	at com.kms.katalon.core.main.TestSuiteExecutor.accessTestSuiteMainPhase(TestSuiteExecutor.java:148)
	at com.kms.katalon.core.main.TestSuiteExecutor.execute(TestSuiteExecutor.java:106)
	at com.kms.katalon.core.main.TestCaseMain.startTestSuite(TestCaseMain.java:187)
	at com.kms.katalon.core.main.TestCaseMain$startTestSuite$0.call(Unknown Source)
	at TempTestSuite1696418169597.run(TempTestSuite1696418169597.groovy:36)
Caused by: Assertion failed: 

assert arrProdukNameOri == arrProdukNameSort
       |                |  |
       |                |  [ACER Swift 7 (SF713-51) (Core i7-7Y75) - Gold, APPLE MacBook Pro - Space Gray - Intel Core i5 2.3GHz, Baju Koko Kharismatik, Baju Koko Kids 0 - 9 tahun, Baju Koko Kids 0 - 9 tahun, Black Cotton Puplin Semi Wol Red White URI-12, Casio Pro, Consina Expert Series Lunara Biru Gelap, Consina Expert Series Lunara Biru Gelapp, cincin kawin buat ayangmu]
       |                false
       [ACER Swift 7 (SF713-51) (Core i7-7Y75) - Gold, APPLE MacBook Pro - Space Gray - Intel Core i5 2.3GHz, Baju Koko Kharismatik, Baju Koko Kids 0 - 9 tahun, Baju Koko Kids 0 - 9 tahun, Black Cotton Puplin Semi Wol Red White URI-12, Casio Pro, cincin kawin buat ayangmu, Consina Expert Series Lunara Biru Gelap, Consina Expert Series Lunara Biru Gelapp]

	at TC-PA-005.run(TC-PA-005:45)
	at com.kms.katalon.core.main.ScriptEngine.run(ScriptEngine.java:194)
	at com.kms.katalon.core.main.ScriptEngine.runScriptAsRawText(ScriptEngine.java:119)
	at com.kms.katalon.core.main.TestCaseExecutor.runScript(TestCaseExecutor.java:448)
	at com.kms.katalon.core.main.TestCaseExecutor.doExecute(TestCaseExecutor.java:439)
	at com.kms.katalon.core.main.TestCaseExecutor.processExecutionPhase(TestCaseExecutor.java:418)
	at com.kms.katalon.core.main.TestCaseExecutor.accessMainPhase(TestCaseExecutor.java:410)
	at com.kms.katalon.core.main.TestCaseExecutor.execute(TestCaseExecutor.java:285)
	at com.kms.katalon.core.main.TestCaseMain.runTestCase(TestCaseMain.java:144)
	at com.kms.katalon.core.keyword.builtin.CallTestCaseKeyword$_callTestCase_closure1.doCall(CallTestCaseKeyword.groovy:59)
	... 20 more
"/>
         <system-out><![CDATA[2023-10-04 18:18:30 - [TEST_CASE][FAILED] - Test Cases/Product Admin/TC-PA-006: Test Cases/Product Admin/TC-PA-006 FAILED.
Reason:
com.kms.katalon.core.exception.StepFailedException: Call Test Case 'Test Cases/Product Admin/TC-PA-005' failed
	at com.kms.katalon.core.keyword.builtin.CallTestCaseKeyword$_callTestCase_closure1.doCall(CallTestCaseKeyword.groovy:63)
	at com.kms.katalon.core.keyword.builtin.CallTestCaseKeyword$_callTestCase_closure1.call(CallTestCaseKeyword.groovy)
	at com.kms.katalon.core.keyword.internal.KeywordMain.runKeyword(KeywordMain.groovy:75)
	at com.kms.katalon.core.keyword.builtin.CallTestCaseKeyword.callTestCase(CallTestCaseKeyword.groovy:81)
	at com.kms.katalon.core.keyword.builtin.CallTestCaseKeyword.execute(CallTestCaseKeyword.groovy:44)
	at com.kms.katalon.core.keyword.internal.KeywordExecutor.executeKeywordForPlatform(KeywordExecutor.groovy:74)
	at com.kms.katalon.core.keyword.BuiltinKeywords.callTestCase(BuiltinKeywords.groovy:310)
	at TC-PA-006.run(TC-PA-006:21)
	at com.kms.katalon.core.main.ScriptEngine.run(ScriptEngine.java:194)
	at com.kms.katalon.core.main.ScriptEngine.runScriptAsRawText(ScriptEngine.java:119)
	at com.kms.katalon.core.main.TestCaseExecutor.runScript(TestCaseExecutor.java:448)
	at com.kms.katalon.core.main.TestCaseExecutor.doExecute(TestCaseExecutor.java:439)
	at com.kms.katalon.core.main.TestCaseExecutor.processExecutionPhase(TestCaseExecutor.java:418)
	at com.kms.katalon.core.main.TestCaseExecutor.accessMainPhase(TestCaseExecutor.java:410)
	at com.kms.katalon.core.main.TestCaseExecutor.execute(TestCaseExecutor.java:285)
	at com.kms.katalon.core.common.CommonExecutor.accessTestCaseMainPhase(CommonExecutor.java:65)
	at com.kms.katalon.core.main.TestSuiteExecutor.accessTestSuiteMainPhase(TestSuiteExecutor.java:148)
	at com.kms.katalon.core.main.TestSuiteExecutor.execute(TestSuiteExecutor.java:106)
	at com.kms.katalon.core.main.TestCaseMain.startTestSuite(TestCaseMain.java:187)
	at com.kms.katalon.core.main.TestCaseMain$startTestSuite$0.call(Unknown Source)
	at TempTestSuite1696418169597.run(TempTestSuite1696418169597.groovy:36)
Caused by: Assertion failed: 

assert arrProdukNameOri == arrProdukNameSort
       |                |  |
       |                |  [ACER Swift 7 (SF713-51) (Core i7-7Y75) - Gold, APPLE MacBook Pro - Space Gray - Intel Core i5 2.3GHz, Baju Koko Kharismatik, Baju Koko Kids 0 - 9 tahun, Baju Koko Kids 0 - 9 tahun, Black Cotton Puplin Semi Wol Red White URI-12, Casio Pro, Consina Expert Series Lunara Biru Gelap, Consina Expert Series Lunara Biru Gelapp, cincin kawin buat ayangmu]
       |                false
       [ACER Swift 7 (SF713-51) (Core i7-7Y75) - Gold, APPLE MacBook Pro - Space Gray - Intel Core i5 2.3GHz, Baju Koko Kharismatik, Baju Koko Kids 0 - 9 tahun, Baju Koko Kids 0 - 9 tahun, Black Cotton Puplin Semi Wol Red White URI-12, Casio Pro, cincin kawin buat ayangmu, Consina Expert Series Lunara Biru Gelap, Consina Expert Series Lunara Biru Gelapp]

	at TC-PA-005.run(TC-PA-005:45)
	at com.kms.katalon.core.main.ScriptEngine.run(ScriptEngine.java:194)
	at com.kms.katalon.core.main.ScriptEngine.runScriptAsRawText(ScriptEngine.java:119)
	at com.kms.katalon.core.main.TestCaseExecutor.runScript(TestCaseExecutor.java:448)
	at com.kms.katalon.core.main.TestCaseExecutor.doExecute(TestCaseExecutor.java:439)
	at com.kms.katalon.core.main.TestCaseExecutor.processExecutionPhase(TestCaseExecutor.java:418)
	at com.kms.katalon.core.main.TestCaseExecutor.accessMainPhase(TestCaseExecutor.java:410)
	at com.kms.katalon.core.main.TestCaseExecutor.execute(TestCaseExecutor.java:285)
	at com.kms.katalon.core.main.TestCaseMain.runTestCase(TestCaseMain.java:144)
	at com.kms.katalon.core.keyword.builtin.CallTestCaseKeyword$_callTestCase_closure1.doCall(CallTestCaseKeyword.groovy:59)
	... 20 more


2023-10-04 18:18:31 - [TEST_STEP][FAILED] - callTestCase(findTestCase("Product Admin/TC-PA-005"), [:], STOP_ON_FAILURE): Unable to call Test Case 'Test Cases/Product Admin/TC-PA-005' (Root cause: com.kms.katalon.core.exception.StepFailedException: Call Test Case 'Test Cases/Product Admin/TC-PA-005' failed
	at com.kms.katalon.core.keyword.builtin.CallTestCaseKeyword$_callTestCase_closure1.doCall(CallTestCaseKeyword.groovy:63)
	at com.kms.katalon.core.keyword.builtin.CallTestCaseKeyword$_callTestCase_closure1.call(CallTestCaseKeyword.groovy)
	at com.kms.katalon.core.keyword.internal.KeywordMain.runKeyword(KeywordMain.groovy:75)
	at com.kms.katalon.core.keyword.builtin.CallTestCaseKeyword.callTestCase(CallTestCaseKeyword.groovy:81)
	at com.kms.katalon.core.keyword.builtin.CallTestCaseKeyword.execute(CallTestCaseKeyword.groovy:44)
	at com.kms.katalon.core.keyword.internal.KeywordExecutor.executeKeywordForPlatform(KeywordExecutor.groovy:74)
	at com.kms.katalon.core.keyword.BuiltinKeywords.callTestCase(BuiltinKeywords.groovy:310)
	at TC-PA-006.run(TC-PA-006:21)
	at com.kms.katalon.core.main.ScriptEngine.run(ScriptEngine.java:194)
	at com.kms.katalon.core.main.ScriptEngine.runScriptAsRawText(ScriptEngine.java:119)
	at com.kms.katalon.core.main.TestCaseExecutor.runScript(TestCaseExecutor.java:448)
	at com.kms.katalon.core.main.TestCaseExecutor.doExecute(TestCaseExecutor.java:439)
	at com.kms.katalon.core.main.TestCaseExecutor.processExecutionPhase(TestCaseExecutor.java:418)
	at com.kms.katalon.core.main.TestCaseExecutor.accessMainPhase(TestCaseExecutor.java:410)
	at com.kms.katalon.core.main.TestCaseExecutor.execute(TestCaseExecutor.java:285)
	at com.kms.katalon.core.common.CommonExecutor.accessTestCaseMainPhase(CommonExecutor.java:65)
	at com.kms.katalon.core.main.TestSuiteExecutor.accessTestSuiteMainPhase(TestSuiteExecutor.java:148)
	at com.kms.katalon.core.main.TestSuiteExecutor.execute(TestSuiteExecutor.java:106)
	at com.kms.katalon.core.main.TestCaseMain.startTestSuite(TestCaseMain.java:187)
	at com.kms.katalon.core.main.TestCaseMain$startTestSuite$0.call(Unknown Source)
	at TempTestSuite1696418169597.run(TempTestSuite1696418169597.groovy:36)
Caused by: Assertion failed: 

assert arrProdukNameOri == arrProdukNameSort
       |                |  |
       |                |  [ACER Swift 7 (SF713-51) (Core i7-7Y75) - Gold, APPLE MacBook Pro - Space Gray - Intel Core i5 2.3GHz, Baju Koko Kharismatik, Baju Koko Kids 0 - 9 tahun, Baju Koko Kids 0 - 9 tahun, Black Cotton Puplin Semi Wol Red White URI-12, Casio Pro, Consina Expert Series Lunara Biru Gelap, Consina Expert Series Lunara Biru Gelapp, cincin kawin buat ayangmu]
       |                false
       [ACER Swift 7 (SF713-51) (Core i7-7Y75) - Gold, APPLE MacBook Pro - Space Gray - Intel Core i5 2.3GHz, Baju Koko Kharismatik, Baju Koko Kids 0 - 9 tahun, Baju Koko Kids 0 - 9 tahun, Black Cotton Puplin Semi Wol Red White URI-12, Casio Pro, cincin kawin buat ayangmu, Consina Expert Series Lunara Biru Gelap, Consina Expert Series Lunara Biru Gelapp]

	at TC-PA-005.run(TC-PA-005:45)
	at com.kms.katalon.core.main.ScriptEngine.run(ScriptEngine.java:194)
	at com.kms.katalon.core.main.ScriptEngine.runScriptAsRawText(ScriptEngine.java:119)
	at com.kms.katalon.core.main.TestCaseExecutor.runScript(TestCaseExecutor.java:448)
	at com.kms.katalon.core.main.TestCaseExecutor.doExecute(TestCaseExecutor.java:439)
	at com.kms.katalon.core.main.TestCaseExecutor.processExecutionPhase(TestCaseExecutor.java:418)
	at com.kms.katalon.core.main.TestCaseExecutor.accessMainPhase(TestCaseExecutor.java:410)
	at com.kms.katalon.core.main.TestCaseExecutor.execute(TestCaseExecutor.java:285)
	at com.kms.katalon.core.main.TestCaseMain.runTestCase(TestCaseMain.java:144)
	at com.kms.katalon.core.keyword.builtin.CallTestCaseKeyword$_callTestCase_closure1.doCall(CallTestCaseKeyword.groovy:59)
	... 20 more
)

2023-10-04 18:18:31 - [TEST_CASE][FAILED] - Test Cases/Product Admin/TC-PA-005: Test Cases/Product Admin/TC-PA-005 FAILED.
Reason:
Assertion failed: 

assert arrProdukNameOri == arrProdukNameSort
       |                |  |
       |                |  [ACER Swift 7 (SF713-51) (Core i7-7Y75) - Gold, APPLE MacBook Pro - Space Gray - Intel Core i5 2.3GHz, Baju Koko Kharismatik, Baju Koko Kids 0 - 9 tahun, Baju Koko Kids 0 - 9 tahun, Black Cotton Puplin Semi Wol Red White URI-12, Casio Pro, Consina Expert Series Lunara Biru Gelap, Consina Expert Series Lunara Biru Gelapp, cincin kawin buat ayangmu]
       |                false
       [ACER Swift 7 (SF713-51) (Core i7-7Y75) - Gold, APPLE MacBook Pro - Space Gray - Intel Core i5 2.3GHz, Baju Koko Kharismatik, Baju Koko Kids 0 - 9 tahun, Baju Koko Kids 0 - 9 tahun, Black Cotton Puplin Semi Wol Red White URI-12, Casio Pro, cincin kawin buat ayangmu, Consina Expert Series Lunara Biru Gelap, Consina Expert Series Lunara Biru Gelapp]

	at TC-PA-005.run(TC-PA-005:45)
	at com.kms.katalon.core.main.ScriptEngine.run(ScriptEngine.java:194)
	at com.kms.katalon.core.main.ScriptEngine.runScriptAsRawText(ScriptEngine.java:119)
	at com.kms.katalon.core.main.TestCaseExecutor.runScript(TestCaseExecutor.java:448)
	at com.kms.katalon.core.main.TestCaseExecutor.doExecute(TestCaseExecutor.java:439)
	at com.kms.katalon.core.main.TestCaseExecutor.processExecutionPhase(TestCaseExecutor.java:418)
	at com.kms.katalon.core.main.TestCaseExecutor.accessMainPhase(TestCaseExecutor.java:410)
	at com.kms.katalon.core.main.TestCaseExecutor.execute(TestCaseExecutor.java:285)
	at com.kms.katalon.core.main.TestCaseMain.runTestCase(TestCaseMain.java:144)
	at com.kms.katalon.core.keyword.builtin.CallTestCaseKeyword$_callTestCase_closure1.doCall(CallTestCaseKeyword.groovy:59)
	at com.kms.katalon.core.keyword.builtin.CallTestCaseKeyword$_callTestCase_closure1.call(CallTestCaseKeyword.groovy)
	at com.kms.katalon.core.keyword.internal.KeywordMain.runKeyword(KeywordMain.groovy:75)
	at com.kms.katalon.core.keyword.builtin.CallTestCaseKeyword.callTestCase(CallTestCaseKeyword.groovy:81)
	at com.kms.katalon.core.keyword.builtin.CallTestCaseKeyword.execute(CallTestCaseKeyword.groovy:44)
	at com.kms.katalon.core.keyword.internal.KeywordExecutor.executeKeywordForPlatform(KeywordExecutor.groovy:74)
	at com.kms.katalon.core.keyword.BuiltinKeywords.callTestCase(BuiltinKeywords.groovy:310)
	at TC-PA-006.run(TC-PA-006:21)
	at com.kms.katalon.core.main.ScriptEngine.run(ScriptEngine.java:194)
	at com.kms.katalon.core.main.ScriptEngine.runScriptAsRawText(ScriptEngine.java:119)
	at com.kms.katalon.core.main.TestCaseExecutor.runScript(TestCaseExecutor.java:448)
	at com.kms.katalon.core.main.TestCaseExecutor.doExecute(TestCaseExecutor.java:439)
	at com.kms.katalon.core.main.TestCaseExecutor.processExecutionPhase(TestCaseExecutor.java:418)
	at com.kms.katalon.core.main.TestCaseExecutor.accessMainPhase(TestCaseExecutor.java:410)
	at com.kms.katalon.core.main.TestCaseExecutor.execute(TestCaseExecutor.java:285)
	at com.kms.katalon.core.common.CommonExecutor.accessTestCaseMainPhase(CommonExecutor.java:65)
	at com.kms.katalon.core.main.TestSuiteExecutor.accessTestSuiteMainPhase(TestSuiteExecutor.java:148)
	at com.kms.katalon.core.main.TestSuiteExecutor.execute(TestSuiteExecutor.java:106)
	at com.kms.katalon.core.main.TestCaseMain.startTestSuite(TestCaseMain.java:187)
	at com.kms.katalon.core.main.TestCaseMain$startTestSuite$0.call(Unknown Source)
	at TempTestSuite1696418169597.run(TempTestSuite1696418169597.groovy:36)


2023-10-04 18:18:31 - [TEST_STEP][PASSED] - callTestCase(findTestCase("Product Admin/TC-PA-001"), [:], STOP_ON_FAILURE): Call Test Case 'Test Cases/Product Admin/TC-PA-001' successfully

2023-10-04 18:18:31 - [TEST_CASE][PASSED] - Test Cases/Product Admin/TC-PA-001: Test Cases/Product Admin/TC-PA-001

2023-10-04 18:18:31 - [TEST_STEP][PASSED] - callTestCase(findTestCase("Login Admin/TC-Login Admin-001"), [:], STOP_ON_FAILURE): Call Test Case 'Test Cases/Login Admin/TC-Login Admin-001' successfully

2023-10-04 18:18:31 - [TEST_CASE][PASSED] - Test Cases/Login Admin/TC-Login Admin-001: Test Cases/Login Admin/TC-Login Admin-001

2023-10-04 18:18:31 - [TEST_STEP][PASSED] - openBrowser(adminTajalapak): Browser is opened with url: 'https://10.9.2.63/ecommerce/administrator'

2023-10-04 18:18:31 - [MESSAGE][WARNING] - A browser is already opened. Closing browser and opening a new one

2023-10-04 18:18:32 - [MESSAGE][INFO] - Starting 'Edge Chromium' driver

2023-10-04 18:18:32 - [MESSAGE][INFO] - User set preference: ['acceptInsecureCerts', 'true']

2023-10-04 18:18:33 - [MESSAGE][INFO] - Action delay is set to 0 milliseconds

2023-10-04 18:18:36 - [MESSAGE][PASSED] - Browser is opened with url: 'https://10.9.2.63/ecommerce/administrator'

2023-10-04 18:18:36 - [TEST_STEP][PASSED] - maximizeWindow(): Current window maximized

2023-10-04 18:18:36 - [MESSAGE][PASSED] - Current window maximized

2023-10-04 18:18:36 - [TEST_STEP][PASSED] - verifyElementPresent(findTestObject("Login Admin/Verifikasi Halaman Administrator"), 0): Object 'Object Repository/Login Admin/Verifikasi Halaman Administrator' is present

2023-10-04 18:18:36 - [MESSAGE][WARNING] - Timeout '0' is invalid. Using default page load timeout: '30'

2023-10-04 18:18:36 - [MESSAGE][PASSED] - Object 'Object Repository/Login Admin/Verifikasi Halaman Administrator' is present

2023-10-04 18:18:36 - [TEST_STEP][PASSED] - setText(findTestObject("Login Admin/Input Username Admin"), "admin"): Text 'admin' is set on object 'Object Repository/Login Admin/Input Username Admin'

2023-10-04 18:18:37 - [MESSAGE][PASSED] - Text 'admin' is set on object 'Object Repository/Login Admin/Input Username Admin'

2023-10-04 18:18:37 - [TEST_STEP][PASSED] - setEncryptedText(findTestObject("Login Admin/Input Password Admin"), "374mkdZ/lqyNS21oH+MJZQ=="): Text ****** has been set on object 'Object Repository/Login Admin/Input Password Admin'

2023-10-04 18:18:38 - [MESSAGE][PASSED] - Text ****** has been set on object 'Object Repository/Login Admin/Input Password Admin'

2023-10-04 18:18:38 - [TEST_STEP][PASSED] - delay(10): Delayed 10 second(s)

2023-10-04 18:18:48 - [MESSAGE][PASSED] - Delayed 10 second(s)

2023-10-04 18:18:48 - [TEST_STEP][PASSED] - click(findTestObject("Login Admin/Botton Sign In")): Object: 'Object Repository/Login Admin/Botton Sign In' is clicked on

2023-10-04 18:18:49 - [MESSAGE][PASSED] - Object: 'Object Repository/Login Admin/Botton Sign In' is clicked on

2023-10-04 18:18:49 - [TEST_STEP][PASSED] - verifyElementPresent(findTestObject("Login Admin/Verifikasi Halaman Login Admin"), 0): Object 'Object Repository/Login Admin/Verifikasi Halaman Login Admin' is present

2023-10-04 18:18:49 - [MESSAGE][WARNING] - Timeout '0' is invalid. Using default page load timeout: '30'

2023-10-04 18:18:50 - [MESSAGE][PASSED] - Object 'Object Repository/Login Admin/Verifikasi Halaman Login Admin' is present

2023-10-04 18:18:50 - [MESSAGE][PASSED] - Call Test Case 'Test Cases/Login Admin/TC-Login Admin-001' successfully

2023-10-04 18:18:50 - [TEST_STEP][PASSED] - click(findTestObject("Product Admin/Master Market")): Object: 'Object Repository/Product Admin/Master Market' is clicked on

2023-10-04 18:18:50 - [MESSAGE][PASSED] - Object: 'Object Repository/Product Admin/Master Market' is clicked on

2023-10-04 18:18:50 - [TEST_STEP][PASSED] - click(findTestObject("Product Admin/Produk Admin")): Object: 'Object Repository/Product Admin/Produk Admin' is clicked on

2023-10-04 18:18:52 - [MESSAGE][PASSED] - Object: 'Object Repository/Product Admin/Produk Admin' is clicked on

2023-10-04 18:18:52 - [TEST_STEP][PASSED] - verifyElementPresent(findTestObject("Product Admin/Veridikasi Halaman Semua Produk"), 0): Object 'Object Repository/Product Admin/Veridikasi Halaman Semua Produk' is present

2023-10-04 18:18:52 - [MESSAGE][WARNING] - Timeout '0' is invalid. Using default page load timeout: '30'

2023-10-04 18:18:52 - [MESSAGE][PASSED] - Object 'Object Repository/Product Admin/Veridikasi Halaman Semua Produk' is present

2023-10-04 18:18:52 - [MESSAGE][PASSED] - Call Test Case 'Test Cases/Product Admin/TC-PA-001' successfully

2023-10-04 18:18:52 - [TEST_STEP][PASSED] - click(findTestObject("Product Admin/Button Sort Nama Produk")): Object: 'Object Repository/Product Admin/Button Sort Nama Produk' is clicked on

2023-10-04 18:18:53 - [MESSAGE][PASSED] - Object: 'Object Repository/Product Admin/Button Sort Nama Produk' is clicked on

2023-10-04 18:18:53 - [TEST_STEP][PASSED] - dataList = findWebElements(findTestObject("Object Repository/Product Admin/Data Nama Produk"), 10): null

2023-10-04 18:18:53 - [TEST_STEP][PASSED] - arrProdukNameOri = []: null

2023-10-04 18:18:53 - [TEST_STEP][PASSED] - arrProdukNameSort = []: null

2023-10-04 18:18:53 - [TEST_STEP][PASSED] - for ([i = 0, i < dataList.size(), (i++)]): null

2023-10-04 18:18:53 - [TEST_STEP][PASSED] - text = text: null

2023-10-04 18:18:53 - [TEST_STEP][PASSED] - arrProdukNameOri[i] = text: null

2023-10-04 18:18:53 - [TEST_STEP][PASSED] - arrProdukNameSort[i] = text: null

2023-10-04 18:18:53 - [TEST_STEP][PASSED] - text = text: null

2023-10-04 18:18:53 - [TEST_STEP][PASSED] - arrProdukNameOri[i] = text: null

2023-10-04 18:18:53 - [TEST_STEP][PASSED] - arrProdukNameSort[i] = text: null

2023-10-04 18:18:53 - [TEST_STEP][PASSED] - text = text: null

2023-10-04 18:18:53 - [TEST_STEP][PASSED] - arrProdukNameOri[i] = text: null

2023-10-04 18:18:53 - [TEST_STEP][PASSED] - arrProdukNameSort[i] = text: null

2023-10-04 18:18:53 - [TEST_STEP][PASSED] - text = text: null

2023-10-04 18:18:53 - [TEST_STEP][PASSED] - arrProdukNameOri[i] = text: null

2023-10-04 18:18:53 - [TEST_STEP][PASSED] - arrProdukNameSort[i] = text: null

2023-10-04 18:18:53 - [TEST_STEP][PASSED] - text = text: null

2023-10-04 18:18:53 - [TEST_STEP][PASSED] - arrProdukNameOri[i] = text: null

2023-10-04 18:18:53 - [TEST_STEP][PASSED] - arrProdukNameSort[i] = text: null

2023-10-04 18:18:53 - [TEST_STEP][PASSED] - text = text: null

2023-10-04 18:18:53 - [TEST_STEP][PASSED] - arrProdukNameOri[i] = text: null

2023-10-04 18:18:53 - [TEST_STEP][PASSED] - arrProdukNameSort[i] = text: null

2023-10-04 18:18:53 - [TEST_STEP][PASSED] - text = text: null

2023-10-04 18:18:53 - [TEST_STEP][PASSED] - arrProdukNameOri[i] = text: null

2023-10-04 18:18:53 - [TEST_STEP][PASSED] - arrProdukNameSort[i] = text: null

2023-10-04 18:18:53 - [TEST_STEP][PASSED] - text = text: null

2023-10-04 18:18:53 - [TEST_STEP][PASSED] - arrProdukNameOri[i] = text: null

2023-10-04 18:18:53 - [TEST_STEP][PASSED] - arrProdukNameSort[i] = text: null

2023-10-04 18:18:53 - [TEST_STEP][PASSED] - text = text: null

2023-10-04 18:18:53 - [TEST_STEP][PASSED] - arrProdukNameOri[i] = text: null

2023-10-04 18:18:53 - [TEST_STEP][PASSED] - arrProdukNameSort[i] = text: null

2023-10-04 18:18:53 - [TEST_STEP][PASSED] - text = text: null

2023-10-04 18:18:53 - [TEST_STEP][PASSED] - arrProdukNameOri[i] = text: null

2023-10-04 18:18:53 - [TEST_STEP][PASSED] - arrProdukNameSort[i] = text: null

2023-10-04 18:18:53 - [TEST_STEP][PASSED] - Arrays.sort(arrProdukNameSort): null

2023-10-04 18:18:53 - [TEST_STEP][PASSED] - println(arrProdukNameOri): null

2023-10-04 18:18:53 - [TEST_STEP][PASSED] - println(arrProdukNameSort): null

2023-10-04 18:18:53 - [TEST_STEP][FAILED] - assert arrProdukNameOri == arrProdukNameSort: Test Cases/Product Admin/TC-PA-005 FAILED.
Reason:
Assertion failed: 

assert arrProdukNameOri == arrProdukNameSort
       |                |  |
       |                |  [ACER Swift 7 (SF713-51) (Core i7-7Y75) - Gold, APPLE MacBook Pro - Space Gray - Intel Core i5 2.3GHz, Baju Koko Kharismatik, Baju Koko Kids 0 - 9 tahun, Baju Koko Kids 0 - 9 tahun, Black Cotton Puplin Semi Wol Red White URI-12, Casio Pro, Consina Expert Series Lunara Biru Gelap, Consina Expert Series Lunara Biru Gelapp, cincin kawin buat ayangmu]
       |                false
       [ACER Swift 7 (SF713-51) (Core i7-7Y75) - Gold, APPLE MacBook Pro - Space Gray - Intel Core i5 2.3GHz, Baju Koko Kharismatik, Baju Koko Kids 0 - 9 tahun, Baju Koko Kids 0 - 9 tahun, Black Cotton Puplin Semi Wol Red White URI-12, Casio Pro, cincin kawin buat ayangmu, Consina Expert Series Lunara Biru Gelap, Consina Expert Series Lunara Biru Gelapp]

	at TC-PA-005.run(TC-PA-005:45)
	at com.kms.katalon.core.main.ScriptEngine.run(ScriptEngine.java:194)
	at com.kms.katalon.core.main.ScriptEngine.runScriptAsRawText(ScriptEngine.java:119)
	at com.kms.katalon.core.main.TestCaseExecutor.runScript(TestCaseExecutor.java:448)
	at com.kms.katalon.core.main.TestCaseExecutor.doExecute(TestCaseExecutor.java:439)
	at com.kms.katalon.core.main.TestCaseExecutor.processExecutionPhase(TestCaseExecutor.java:418)
	at com.kms.katalon.core.main.TestCaseExecutor.accessMainPhase(TestCaseExecutor.java:410)
	at com.kms.katalon.core.main.TestCaseExecutor.execute(TestCaseExecutor.java:285)
	at com.kms.katalon.core.main.TestCaseMain.runTestCase(TestCaseMain.java:144)
	at com.kms.katalon.core.keyword.builtin.CallTestCaseKeyword$_callTestCase_closure1.doCall(CallTestCaseKeyword.groovy:59)
	at com.kms.katalon.core.keyword.builtin.CallTestCaseKeyword$_callTestCase_closure1.call(CallTestCaseKeyword.groovy)
	at com.kms.katalon.core.keyword.internal.KeywordMain.runKeyword(KeywordMain.groovy:75)
	at com.kms.katalon.core.keyword.builtin.CallTestCaseKeyword.callTestCase(CallTestCaseKeyword.groovy:81)
	at com.kms.katalon.core.keyword.builtin.CallTestCaseKeyword.execute(CallTestCaseKeyword.groovy:44)
	at com.kms.katalon.core.keyword.internal.KeywordExecutor.executeKeywordForPlatform(KeywordExecutor.groovy:74)
	at com.kms.katalon.core.keyword.BuiltinKeywords.callTestCase(BuiltinKeywords.groovy:310)
	at TC-PA-006.run(TC-PA-006:21)
	at com.kms.katalon.core.main.ScriptEngine.run(ScriptEngine.java:194)
	at com.kms.katalon.core.main.ScriptEngine.runScriptAsRawText(ScriptEngine.java:119)
	at com.kms.katalon.core.main.TestCaseExecutor.runScript(TestCaseExecutor.java:448)
	at com.kms.katalon.core.main.TestCaseExecutor.doExecute(TestCaseExecutor.java:439)
	at com.kms.katalon.core.main.TestCaseExecutor.processExecutionPhase(TestCaseExecutor.java:418)
	at com.kms.katalon.core.main.TestCaseExecutor.accessMainPhase(TestCaseExecutor.java:410)
	at com.kms.katalon.core.main.TestCaseExecutor.execute(TestCaseExecutor.java:285)
	at com.kms.katalon.core.common.CommonExecutor.accessTestCaseMainPhase(CommonExecutor.java:65)
	at com.kms.katalon.core.main.TestSuiteExecutor.accessTestSuiteMainPhase(TestSuiteExecutor.java:148)
	at com.kms.katalon.core.main.TestSuiteExecutor.execute(TestSuiteExecutor.java:106)
	at com.kms.katalon.core.main.TestCaseMain.startTestSuite(TestCaseMain.java:187)
	at com.kms.katalon.core.main.TestCaseMain$startTestSuite$0.call(Unknown Source)
	at TempTestSuite1696418169597.run(TempTestSuite1696418169597.groovy:36)


2023-10-04 18:18:53 - [MESSAGE][FAILED] - Test Cases/Product Admin/TC-PA-005 FAILED.
Reason:
Assertion failed: 

assert arrProdukNameOri == arrProdukNameSort
       |                |  |
       |                |  [ACER Swift 7 (SF713-51) (Core i7-7Y75) - Gold, APPLE MacBook Pro - Space Gray - Intel Core i5 2.3GHz, Baju Koko Kharismatik, Baju Koko Kids 0 - 9 tahun, Baju Koko Kids 0 - 9 tahun, Black Cotton Puplin Semi Wol Red White URI-12, Casio Pro, Consina Expert Series Lunara Biru Gelap, Consina Expert Series Lunara Biru Gelapp, cincin kawin buat ayangmu]
       |                false
       [ACER Swift 7 (SF713-51) (Core i7-7Y75) - Gold, APPLE MacBook Pro - Space Gray - Intel Core i5 2.3GHz, Baju Koko Kharismatik, Baju Koko Kids 0 - 9 tahun, Baju Koko Kids 0 - 9 tahun, Black Cotton Puplin Semi Wol Red White URI-12, Casio Pro, cincin kawin buat ayangmu, Consina Expert Series Lunara Biru Gelap, Consina Expert Series Lunara Biru Gelapp]

	at TC-PA-005.run(TC-PA-005:45)
	at com.kms.katalon.core.main.ScriptEngine.run(ScriptEngine.java:194)
	at com.kms.katalon.core.main.ScriptEngine.runScriptAsRawText(ScriptEngine.java:119)
	at com.kms.katalon.core.main.TestCaseExecutor.runScript(TestCaseExecutor.java:448)
	at com.kms.katalon.core.main.TestCaseExecutor.doExecute(TestCaseExecutor.java:439)
	at com.kms.katalon.core.main.TestCaseExecutor.processExecutionPhase(TestCaseExecutor.java:418)
	at com.kms.katalon.core.main.TestCaseExecutor.accessMainPhase(TestCaseExecutor.java:410)
	at com.kms.katalon.core.main.TestCaseExecutor.execute(TestCaseExecutor.java:285)
	at com.kms.katalon.core.main.TestCaseMain.runTestCase(TestCaseMain.java:144)
	at com.kms.katalon.core.keyword.builtin.CallTestCaseKeyword$_callTestCase_closure1.doCall(CallTestCaseKeyword.groovy:59)
	at com.kms.katalon.core.keyword.builtin.CallTestCaseKeyword$_callTestCase_closure1.call(CallTestCaseKeyword.groovy)
	at com.kms.katalon.core.keyword.internal.KeywordMain.runKeyword(KeywordMain.groovy:75)
	at com.kms.katalon.core.keyword.builtin.CallTestCaseKeyword.callTestCase(CallTestCaseKeyword.groovy:81)
	at com.kms.katalon.core.keyword.builtin.CallTestCaseKeyword.execute(CallTestCaseKeyword.groovy:44)
	at com.kms.katalon.core.keyword.internal.KeywordExecutor.executeKeywordForPlatform(KeywordExecutor.groovy:74)
	at com.kms.katalon.core.keyword.BuiltinKeywords.callTestCase(BuiltinKeywords.groovy:310)
	at TC-PA-006.run(TC-PA-006:21)
	at com.kms.katalon.core.main.ScriptEngine.run(ScriptEngine.java:194)
	at com.kms.katalon.core.main.ScriptEngine.runScriptAsRawText(ScriptEngine.java:119)
	at com.kms.katalon.core.main.TestCaseExecutor.runScript(TestCaseExecutor.java:448)
	at com.kms.katalon.core.main.TestCaseExecutor.doExecute(TestCaseExecutor.java:439)
	at com.kms.katalon.core.main.TestCaseExecutor.processExecutionPhase(TestCaseExecutor.java:418)
	at com.kms.katalon.core.main.TestCaseExecutor.accessMainPhase(TestCaseExecutor.java:410)
	at com.kms.katalon.core.main.TestCaseExecutor.execute(TestCaseExecutor.java:285)
	at com.kms.katalon.core.common.CommonExecutor.accessTestCaseMainPhase(CommonExecutor.java:65)
	at com.kms.katalon.core.main.TestSuiteExecutor.accessTestSuiteMainPhase(TestSuiteExecutor.java:148)
	at com.kms.katalon.core.main.TestSuiteExecutor.execute(TestSuiteExecutor.java:106)
	at com.kms.katalon.core.main.TestCaseMain.startTestSuite(TestCaseMain.java:187)
	at com.kms.katalon.core.main.TestCaseMain$startTestSuite$0.call(Unknown Source)
	at TempTestSuite1696418169597.run(TempTestSuite1696418169597.groovy:36)


2023-10-04 18:18:53 - [MESSAGE][FAILED] - Unable to call Test Case 'Test Cases/Product Admin/TC-PA-005' (Root cause: com.kms.katalon.core.exception.StepFailedException: Call Test Case 'Test Cases/Product Admin/TC-PA-005' failed
	at com.kms.katalon.core.keyword.builtin.CallTestCaseKeyword$_callTestCase_closure1.doCall(CallTestCaseKeyword.groovy:63)
	at com.kms.katalon.core.keyword.builtin.CallTestCaseKeyword$_callTestCase_closure1.call(CallTestCaseKeyword.groovy)
	at com.kms.katalon.core.keyword.internal.KeywordMain.runKeyword(KeywordMain.groovy:75)
	at com.kms.katalon.core.keyword.builtin.CallTestCaseKeyword.callTestCase(CallTestCaseKeyword.groovy:81)
	at com.kms.katalon.core.keyword.builtin.CallTestCaseKeyword.execute(CallTestCaseKeyword.groovy:44)
	at com.kms.katalon.core.keyword.internal.KeywordExecutor.executeKeywordForPlatform(KeywordExecutor.groovy:74)
	at com.kms.katalon.core.keyword.BuiltinKeywords.callTestCase(BuiltinKeywords.groovy:310)
	at TC-PA-006.run(TC-PA-006:21)
	at com.kms.katalon.core.main.ScriptEngine.run(ScriptEngine.java:194)
	at com.kms.katalon.core.main.ScriptEngine.runScriptAsRawText(ScriptEngine.java:119)
	at com.kms.katalon.core.main.TestCaseExecutor.runScript(TestCaseExecutor.java:448)
	at com.kms.katalon.core.main.TestCaseExecutor.doExecute(TestCaseExecutor.java:439)
	at com.kms.katalon.core.main.TestCaseExecutor.processExecutionPhase(TestCaseExecutor.java:418)
	at com.kms.katalon.core.main.TestCaseExecutor.accessMainPhase(TestCaseExecutor.java:410)
	at com.kms.katalon.core.main.TestCaseExecutor.execute(TestCaseExecutor.java:285)
	at com.kms.katalon.core.common.CommonExecutor.accessTestCaseMainPhase(CommonExecutor.java:65)
	at com.kms.katalon.core.main.TestSuiteExecutor.accessTestSuiteMainPhase(TestSuiteExecutor.java:148)
	at com.kms.katalon.core.main.TestSuiteExecutor.execute(TestSuiteExecutor.java:106)
	at com.kms.katalon.core.main.TestCaseMain.startTestSuite(TestCaseMain.java:187)
	at com.kms.katalon.core.main.TestCaseMain$startTestSuite$0.call(Unknown Source)
	at TempTestSuite1696418169597.run(TempTestSuite1696418169597.groovy:36)
Caused by: Assertion failed: 

assert arrProdukNameOri == arrProdukNameSort
       |                |  |
       |                |  [ACER Swift 7 (SF713-51) (Core i7-7Y75) - Gold, APPLE MacBook Pro - Space Gray - Intel Core i5 2.3GHz, Baju Koko Kharismatik, Baju Koko Kids 0 - 9 tahun, Baju Koko Kids 0 - 9 tahun, Black Cotton Puplin Semi Wol Red White URI-12, Casio Pro, Consina Expert Series Lunara Biru Gelap, Consina Expert Series Lunara Biru Gelapp, cincin kawin buat ayangmu]
       |                false
       [ACER Swift 7 (SF713-51) (Core i7-7Y75) - Gold, APPLE MacBook Pro - Space Gray - Intel Core i5 2.3GHz, Baju Koko Kharismatik, Baju Koko Kids 0 - 9 tahun, Baju Koko Kids 0 - 9 tahun, Black Cotton Puplin Semi Wol Red White URI-12, Casio Pro, cincin kawin buat ayangmu, Consina Expert Series Lunara Biru Gelap, Consina Expert Series Lunara Biru Gelapp]

	at TC-PA-005.run(TC-PA-005:45)
	at com.kms.katalon.core.main.ScriptEngine.run(ScriptEngine.java:194)
	at com.kms.katalon.core.main.ScriptEngine.runScriptAsRawText(ScriptEngine.java:119)
	at com.kms.katalon.core.main.TestCaseExecutor.runScript(TestCaseExecutor.java:448)
	at com.kms.katalon.core.main.TestCaseExecutor.doExecute(TestCaseExecutor.java:439)
	at com.kms.katalon.core.main.TestCaseExecutor.processExecutionPhase(TestCaseExecutor.java:418)
	at com.kms.katalon.core.main.TestCaseExecutor.accessMainPhase(TestCaseExecutor.java:410)
	at com.kms.katalon.core.main.TestCaseExecutor.execute(TestCaseExecutor.java:285)
	at com.kms.katalon.core.main.TestCaseMain.runTestCase(TestCaseMain.java:144)
	at com.kms.katalon.core.keyword.builtin.CallTestCaseKeyword$_callTestCase_closure1.doCall(CallTestCaseKeyword.groovy:59)
	... 20 more
)]]></system-out>
         <system-err><![CDATA[2023-10-04 18:18:30 - [TEST_CASE][FAILED] - Test Cases/Product Admin/TC-PA-006: Test Cases/Product Admin/TC-PA-006 FAILED.
Reason:
com.kms.katalon.core.exception.StepFailedException: Call Test Case 'Test Cases/Product Admin/TC-PA-005' failed
	at com.kms.katalon.core.keyword.builtin.CallTestCaseKeyword$_callTestCase_closure1.doCall(CallTestCaseKeyword.groovy:63)
	at com.kms.katalon.core.keyword.builtin.CallTestCaseKeyword$_callTestCase_closure1.call(CallTestCaseKeyword.groovy)
	at com.kms.katalon.core.keyword.internal.KeywordMain.runKeyword(KeywordMain.groovy:75)
	at com.kms.katalon.core.keyword.builtin.CallTestCaseKeyword.callTestCase(CallTestCaseKeyword.groovy:81)
	at com.kms.katalon.core.keyword.builtin.CallTestCaseKeyword.execute(CallTestCaseKeyword.groovy:44)
	at com.kms.katalon.core.keyword.internal.KeywordExecutor.executeKeywordForPlatform(KeywordExecutor.groovy:74)
	at com.kms.katalon.core.keyword.BuiltinKeywords.callTestCase(BuiltinKeywords.groovy:310)
	at TC-PA-006.run(TC-PA-006:21)
	at com.kms.katalon.core.main.ScriptEngine.run(ScriptEngine.java:194)
	at com.kms.katalon.core.main.ScriptEngine.runScriptAsRawText(ScriptEngine.java:119)
	at com.kms.katalon.core.main.TestCaseExecutor.runScript(TestCaseExecutor.java:448)
	at com.kms.katalon.core.main.TestCaseExecutor.doExecute(TestCaseExecutor.java:439)
	at com.kms.katalon.core.main.TestCaseExecutor.processExecutionPhase(TestCaseExecutor.java:418)
	at com.kms.katalon.core.main.TestCaseExecutor.accessMainPhase(TestCaseExecutor.java:410)
	at com.kms.katalon.core.main.TestCaseExecutor.execute(TestCaseExecutor.java:285)
	at com.kms.katalon.core.common.CommonExecutor.accessTestCaseMainPhase(CommonExecutor.java:65)
	at com.kms.katalon.core.main.TestSuiteExecutor.accessTestSuiteMainPhase(TestSuiteExecutor.java:148)
	at com.kms.katalon.core.main.TestSuiteExecutor.execute(TestSuiteExecutor.java:106)
	at com.kms.katalon.core.main.TestCaseMain.startTestSuite(TestCaseMain.java:187)
	at com.kms.katalon.core.main.TestCaseMain$startTestSuite$0.call(Unknown Source)
	at TempTestSuite1696418169597.run(TempTestSuite1696418169597.groovy:36)
Caused by: Assertion failed: 

assert arrProdukNameOri == arrProdukNameSort
       |                |  |
       |                |  [ACER Swift 7 (SF713-51) (Core i7-7Y75) - Gold, APPLE MacBook Pro - Space Gray - Intel Core i5 2.3GHz, Baju Koko Kharismatik, Baju Koko Kids 0 - 9 tahun, Baju Koko Kids 0 - 9 tahun, Black Cotton Puplin Semi Wol Red White URI-12, Casio Pro, Consina Expert Series Lunara Biru Gelap, Consina Expert Series Lunara Biru Gelapp, cincin kawin buat ayangmu]
       |                false
       [ACER Swift 7 (SF713-51) (Core i7-7Y75) - Gold, APPLE MacBook Pro - Space Gray - Intel Core i5 2.3GHz, Baju Koko Kharismatik, Baju Koko Kids 0 - 9 tahun, Baju Koko Kids 0 - 9 tahun, Black Cotton Puplin Semi Wol Red White URI-12, Casio Pro, cincin kawin buat ayangmu, Consina Expert Series Lunara Biru Gelap, Consina Expert Series Lunara Biru Gelapp]

	at TC-PA-005.run(TC-PA-005:45)
	at com.kms.katalon.core.main.ScriptEngine.run(ScriptEngine.java:194)
	at com.kms.katalon.core.main.ScriptEngine.runScriptAsRawText(ScriptEngine.java:119)
	at com.kms.katalon.core.main.TestCaseExecutor.runScript(TestCaseExecutor.java:448)
	at com.kms.katalon.core.main.TestCaseExecutor.doExecute(TestCaseExecutor.java:439)
	at com.kms.katalon.core.main.TestCaseExecutor.processExecutionPhase(TestCaseExecutor.java:418)
	at com.kms.katalon.core.main.TestCaseExecutor.accessMainPhase(TestCaseExecutor.java:410)
	at com.kms.katalon.core.main.TestCaseExecutor.execute(TestCaseExecutor.java:285)
	at com.kms.katalon.core.main.TestCaseMain.runTestCase(TestCaseMain.java:144)
	at com.kms.katalon.core.keyword.builtin.CallTestCaseKeyword$_callTestCase_closure1.doCall(CallTestCaseKeyword.groovy:59)
	... 20 more]]></system-err>
      </testcase>
      <testcase name="Test Cases/Product Admin/TC-PA-007" time="23.909" classname="Test Cases/Product Admin/TC-PA-007" status="PASSED">
         <system-out><![CDATA[2023-10-04 18:18:53 - [TEST_CASE][PASSED] - Test Cases/Product Admin/TC-PA-007: Test Cases/Product Admin/TC-PA-007

2023-10-04 18:18:54 - [TEST_STEP][PASSED] - callTestCase(findTestCase("Product Admin/TC-PA-001"), [:], STOP_ON_FAILURE): Call Test Case 'Test Cases/Product Admin/TC-PA-001' successfully

2023-10-04 18:18:54 - [TEST_CASE][PASSED] - Test Cases/Product Admin/TC-PA-001: Test Cases/Product Admin/TC-PA-001

2023-10-04 18:18:54 - [TEST_STEP][PASSED] - callTestCase(findTestCase("Login Admin/TC-Login Admin-001"), [:], STOP_ON_FAILURE): Call Test Case 'Test Cases/Login Admin/TC-Login Admin-001' successfully

2023-10-04 18:18:54 - [TEST_CASE][PASSED] - Test Cases/Login Admin/TC-Login Admin-001: Test Cases/Login Admin/TC-Login Admin-001

2023-10-04 18:18:54 - [TEST_STEP][PASSED] - openBrowser(adminTajalapak): Browser is opened with url: 'https://10.9.2.63/ecommerce/administrator'

2023-10-04 18:18:54 - [MESSAGE][WARNING] - A browser is already opened. Closing browser and opening a new one

2023-10-04 18:18:55 - [MESSAGE][INFO] - Starting 'Edge Chromium' driver

2023-10-04 18:18:55 - [MESSAGE][INFO] - User set preference: ['acceptInsecureCerts', 'true']

2023-10-04 18:18:56 - [MESSAGE][INFO] - Action delay is set to 0 milliseconds

2023-10-04 18:18:59 - [MESSAGE][PASSED] - Browser is opened with url: 'https://10.9.2.63/ecommerce/administrator'

2023-10-04 18:18:59 - [TEST_STEP][PASSED] - maximizeWindow(): Current window maximized

2023-10-04 18:18:59 - [MESSAGE][PASSED] - Current window maximized

2023-10-04 18:18:59 - [TEST_STEP][PASSED] - verifyElementPresent(findTestObject("Login Admin/Verifikasi Halaman Administrator"), 0): Object 'Object Repository/Login Admin/Verifikasi Halaman Administrator' is present

2023-10-04 18:18:59 - [MESSAGE][WARNING] - Timeout '0' is invalid. Using default page load timeout: '30'

2023-10-04 18:19:00 - [MESSAGE][PASSED] - Object 'Object Repository/Login Admin/Verifikasi Halaman Administrator' is present

2023-10-04 18:19:00 - [TEST_STEP][PASSED] - setText(findTestObject("Login Admin/Input Username Admin"), "admin"): Text 'admin' is set on object 'Object Repository/Login Admin/Input Username Admin'

2023-10-04 18:19:01 - [MESSAGE][PASSED] - Text 'admin' is set on object 'Object Repository/Login Admin/Input Username Admin'

2023-10-04 18:19:01 - [TEST_STEP][PASSED] - setEncryptedText(findTestObject("Login Admin/Input Password Admin"), "374mkdZ/lqyNS21oH+MJZQ=="): Text ****** has been set on object 'Object Repository/Login Admin/Input Password Admin'

2023-10-04 18:19:02 - [MESSAGE][PASSED] - Text ****** has been set on object 'Object Repository/Login Admin/Input Password Admin'

2023-10-04 18:19:02 - [TEST_STEP][PASSED] - delay(10): Delayed 10 second(s)

2023-10-04 18:19:12 - [MESSAGE][PASSED] - Delayed 10 second(s)

2023-10-04 18:19:12 - [TEST_STEP][PASSED] - click(findTestObject("Login Admin/Botton Sign In")): Object: 'Object Repository/Login Admin/Botton Sign In' is clicked on

2023-10-04 18:19:13 - [MESSAGE][PASSED] - Object: 'Object Repository/Login Admin/Botton Sign In' is clicked on

2023-10-04 18:19:13 - [TEST_STEP][PASSED] - verifyElementPresent(findTestObject("Login Admin/Verifikasi Halaman Login Admin"), 0): Object 'Object Repository/Login Admin/Verifikasi Halaman Login Admin' is present

2023-10-04 18:19:13 - [MESSAGE][WARNING] - Timeout '0' is invalid. Using default page load timeout: '30'

2023-10-04 18:19:14 - [MESSAGE][PASSED] - Object 'Object Repository/Login Admin/Verifikasi Halaman Login Admin' is present

2023-10-04 18:19:14 - [MESSAGE][PASSED] - Call Test Case 'Test Cases/Login Admin/TC-Login Admin-001' successfully

2023-10-04 18:19:14 - [TEST_STEP][PASSED] - click(findTestObject("Product Admin/Master Market")): Object: 'Object Repository/Product Admin/Master Market' is clicked on

2023-10-04 18:19:14 - [MESSAGE][PASSED] - Object: 'Object Repository/Product Admin/Master Market' is clicked on

2023-10-04 18:19:14 - [TEST_STEP][PASSED] - click(findTestObject("Product Admin/Produk Admin")): Object: 'Object Repository/Product Admin/Produk Admin' is clicked on

2023-10-04 18:19:16 - [MESSAGE][PASSED] - Object: 'Object Repository/Product Admin/Produk Admin' is clicked on

2023-10-04 18:19:16 - [TEST_STEP][PASSED] - verifyElementPresent(findTestObject("Product Admin/Veridikasi Halaman Semua Produk"), 0): Object 'Object Repository/Product Admin/Veridikasi Halaman Semua Produk' is present

2023-10-04 18:19:16 - [MESSAGE][WARNING] - Timeout '0' is invalid. Using default page load timeout: '30'

2023-10-04 18:19:16 - [MESSAGE][PASSED] - Object 'Object Repository/Product Admin/Veridikasi Halaman Semua Produk' is present

2023-10-04 18:19:16 - [MESSAGE][PASSED] - Call Test Case 'Test Cases/Product Admin/TC-PA-001' successfully

2023-10-04 18:19:16 - [TEST_STEP][PASSED] - click(findTestObject("Product Admin/Button Sort Modal")): Object: 'Object Repository/Product Admin/Button Sort Modal' is clicked on

2023-10-04 18:19:17 - [MESSAGE][PASSED] - Object: 'Object Repository/Product Admin/Button Sort Modal' is clicked on

2023-10-04 18:19:17 - [TEST_STEP][PASSED] - dataList = findWebElements(findTestObject("Object Repository/Product Admin/Data Harga Modal"), 10): null

2023-10-04 18:19:17 - [TEST_STEP][PASSED] - arrProdukNameOri = []: null

2023-10-04 18:19:17 - [TEST_STEP][PASSED] - arrProdukNameSort = []: null

2023-10-04 18:19:17 - [TEST_STEP][PASSED] - for ([i = 0, i < dataList.size(), (i++)]): null

2023-10-04 18:19:17 - [TEST_STEP][PASSED] - text = text: null

2023-10-04 18:19:17 - [TEST_STEP][PASSED] - arrProdukNameOri[i] = Integer.parseInt(text.replace(",", "")): null

2023-10-04 18:19:17 - [TEST_STEP][PASSED] - arrProdukNameSort[i] = Integer.parseInt(text.replace(",", "")): null

2023-10-04 18:19:17 - [TEST_STEP][PASSED] - text = text: null

2023-10-04 18:19:17 - [TEST_STEP][PASSED] - arrProdukNameOri[i] = Integer.parseInt(text.replace(",", "")): null

2023-10-04 18:19:17 - [TEST_STEP][PASSED] - arrProdukNameSort[i] = Integer.parseInt(text.replace(",", "")): null

2023-10-04 18:19:17 - [TEST_STEP][PASSED] - text = text: null

2023-10-04 18:19:17 - [TEST_STEP][PASSED] - arrProdukNameOri[i] = Integer.parseInt(text.replace(",", "")): null

2023-10-04 18:19:17 - [TEST_STEP][PASSED] - arrProdukNameSort[i] = Integer.parseInt(text.replace(",", "")): null

2023-10-04 18:19:17 - [TEST_STEP][PASSED] - text = text: null

2023-10-04 18:19:17 - [TEST_STEP][PASSED] - arrProdukNameOri[i] = Integer.parseInt(text.replace(",", "")): null

2023-10-04 18:19:17 - [TEST_STEP][PASSED] - arrProdukNameSort[i] = Integer.parseInt(text.replace(",", "")): null

2023-10-04 18:19:17 - [TEST_STEP][PASSED] - text = text: null

2023-10-04 18:19:17 - [TEST_STEP][PASSED] - arrProdukNameOri[i] = Integer.parseInt(text.replace(",", "")): null

2023-10-04 18:19:17 - [TEST_STEP][PASSED] - arrProdukNameSort[i] = Integer.parseInt(text.replace(",", "")): null

2023-10-04 18:19:17 - [TEST_STEP][PASSED] - text = text: null

2023-10-04 18:19:17 - [TEST_STEP][PASSED] - arrProdukNameOri[i] = Integer.parseInt(text.replace(",", "")): null

2023-10-04 18:19:17 - [TEST_STEP][PASSED] - arrProdukNameSort[i] = Integer.parseInt(text.replace(",", "")): null

2023-10-04 18:19:17 - [TEST_STEP][PASSED] - text = text: null

2023-10-04 18:19:17 - [TEST_STEP][PASSED] - arrProdukNameOri[i] = Integer.parseInt(text.replace(",", "")): null

2023-10-04 18:19:17 - [TEST_STEP][PASSED] - arrProdukNameSort[i] = Integer.parseInt(text.replace(",", "")): null

2023-10-04 18:19:17 - [TEST_STEP][PASSED] - text = text: null

2023-10-04 18:19:17 - [TEST_STEP][PASSED] - arrProdukNameOri[i] = Integer.parseInt(text.replace(",", "")): null

2023-10-04 18:19:17 - [TEST_STEP][PASSED] - arrProdukNameSort[i] = Integer.parseInt(text.replace(",", "")): null

2023-10-04 18:19:17 - [TEST_STEP][PASSED] - text = text: null

2023-10-04 18:19:17 - [TEST_STEP][PASSED] - arrProdukNameOri[i] = Integer.parseInt(text.replace(",", "")): null

2023-10-04 18:19:17 - [TEST_STEP][PASSED] - arrProdukNameSort[i] = Integer.parseInt(text.replace(",", "")): null

2023-10-04 18:19:17 - [TEST_STEP][PASSED] - text = text: null

2023-10-04 18:19:17 - [TEST_STEP][PASSED] - arrProdukNameOri[i] = Integer.parseInt(text.replace(",", "")): null

2023-10-04 18:19:17 - [TEST_STEP][PASSED] - arrProdukNameSort[i] = Integer.parseInt(text.replace(",", "")): null

2023-10-04 18:19:17 - [TEST_STEP][PASSED] - Arrays.sort(arrProdukNameSort): null

2023-10-04 18:19:17 - [TEST_STEP][PASSED] - println(arrProdukNameOri): null

2023-10-04 18:19:17 - [TEST_STEP][PASSED] - println(arrProdukNameSort): null

2023-10-04 18:19:17 - [TEST_STEP][PASSED] - assert arrProdukNameOri == arrProdukNameSort: null]]></system-out>
         <system-err><![CDATA[]]></system-err>
      </testcase>
      <testcase name="Test Cases/Product Admin/TC-PA-008" time="24.834" classname="Test Cases/Product Admin/TC-PA-008" status="PASSED">
         <system-out><![CDATA[2023-10-04 18:19:17 - [TEST_CASE][PASSED] - Test Cases/Product Admin/TC-PA-008: Test Cases/Product Admin/TC-PA-008

2023-10-04 18:19:18 - [TEST_STEP][PASSED] - callTestCase(findTestCase("Product Admin/TC-PA-007"), [:], STOP_ON_FAILURE): Call Test Case 'Test Cases/Product Admin/TC-PA-007' successfully

2023-10-04 18:19:18 - [TEST_CASE][PASSED] - Test Cases/Product Admin/TC-PA-007: Test Cases/Product Admin/TC-PA-007

2023-10-04 18:19:18 - [TEST_STEP][PASSED] - callTestCase(findTestCase("Product Admin/TC-PA-001"), [:], STOP_ON_FAILURE): Call Test Case 'Test Cases/Product Admin/TC-PA-001' successfully

2023-10-04 18:19:18 - [TEST_CASE][PASSED] - Test Cases/Product Admin/TC-PA-001: Test Cases/Product Admin/TC-PA-001

2023-10-04 18:19:18 - [TEST_STEP][PASSED] - callTestCase(findTestCase("Login Admin/TC-Login Admin-001"), [:], STOP_ON_FAILURE): Call Test Case 'Test Cases/Login Admin/TC-Login Admin-001' successfully

2023-10-04 18:19:18 - [TEST_CASE][PASSED] - Test Cases/Login Admin/TC-Login Admin-001: Test Cases/Login Admin/TC-Login Admin-001

2023-10-04 18:19:18 - [TEST_STEP][PASSED] - openBrowser(adminTajalapak): Browser is opened with url: 'https://10.9.2.63/ecommerce/administrator'

2023-10-04 18:19:18 - [MESSAGE][WARNING] - A browser is already opened. Closing browser and opening a new one

2023-10-04 18:19:19 - [MESSAGE][INFO] - Starting 'Edge Chromium' driver

2023-10-04 18:19:19 - [MESSAGE][INFO] - User set preference: ['acceptInsecureCerts', 'true']

2023-10-04 18:19:20 - [MESSAGE][INFO] - Action delay is set to 0 milliseconds

2023-10-04 18:19:23 - [MESSAGE][PASSED] - Browser is opened with url: 'https://10.9.2.63/ecommerce/administrator'

2023-10-04 18:19:23 - [TEST_STEP][PASSED] - maximizeWindow(): Current window maximized

2023-10-04 18:19:23 - [MESSAGE][PASSED] - Current window maximized

2023-10-04 18:19:23 - [TEST_STEP][PASSED] - verifyElementPresent(findTestObject("Login Admin/Verifikasi Halaman Administrator"), 0): Object 'Object Repository/Login Admin/Verifikasi Halaman Administrator' is present

2023-10-04 18:19:23 - [MESSAGE][WARNING] - Timeout '0' is invalid. Using default page load timeout: '30'

2023-10-04 18:19:23 - [MESSAGE][PASSED] - Object 'Object Repository/Login Admin/Verifikasi Halaman Administrator' is present

2023-10-04 18:19:23 - [TEST_STEP][PASSED] - setText(findTestObject("Login Admin/Input Username Admin"), "admin"): Text 'admin' is set on object 'Object Repository/Login Admin/Input Username Admin'

2023-10-04 18:19:24 - [MESSAGE][PASSED] - Text 'admin' is set on object 'Object Repository/Login Admin/Input Username Admin'

2023-10-04 18:19:24 - [TEST_STEP][PASSED] - setEncryptedText(findTestObject("Login Admin/Input Password Admin"), "374mkdZ/lqyNS21oH+MJZQ=="): Text ****** has been set on object 'Object Repository/Login Admin/Input Password Admin'

2023-10-04 18:19:25 - [MESSAGE][PASSED] - Text ****** has been set on object 'Object Repository/Login Admin/Input Password Admin'

2023-10-04 18:19:25 - [TEST_STEP][PASSED] - delay(10): Delayed 10 second(s)

2023-10-04 18:19:35 - [MESSAGE][PASSED] - Delayed 10 second(s)

2023-10-04 18:19:35 - [TEST_STEP][PASSED] - click(findTestObject("Login Admin/Botton Sign In")): Object: 'Object Repository/Login Admin/Botton Sign In' is clicked on

2023-10-04 18:19:37 - [MESSAGE][PASSED] - Object: 'Object Repository/Login Admin/Botton Sign In' is clicked on

2023-10-04 18:19:37 - [TEST_STEP][PASSED] - verifyElementPresent(findTestObject("Login Admin/Verifikasi Halaman Login Admin"), 0): Object 'Object Repository/Login Admin/Verifikasi Halaman Login Admin' is present

2023-10-04 18:19:37 - [MESSAGE][WARNING] - Timeout '0' is invalid. Using default page load timeout: '30'

2023-10-04 18:19:37 - [MESSAGE][PASSED] - Object 'Object Repository/Login Admin/Verifikasi Halaman Login Admin' is present

2023-10-04 18:19:37 - [MESSAGE][PASSED] - Call Test Case 'Test Cases/Login Admin/TC-Login Admin-001' successfully

2023-10-04 18:19:37 - [TEST_STEP][PASSED] - click(findTestObject("Product Admin/Master Market")): Object: 'Object Repository/Product Admin/Master Market' is clicked on

2023-10-04 18:19:38 - [MESSAGE][PASSED] - Object: 'Object Repository/Product Admin/Master Market' is clicked on

2023-10-04 18:19:38 - [TEST_STEP][PASSED] - click(findTestObject("Product Admin/Produk Admin")): Object: 'Object Repository/Product Admin/Produk Admin' is clicked on

2023-10-04 18:19:39 - [MESSAGE][PASSED] - Object: 'Object Repository/Product Admin/Produk Admin' is clicked on

2023-10-04 18:19:39 - [TEST_STEP][PASSED] - verifyElementPresent(findTestObject("Product Admin/Veridikasi Halaman Semua Produk"), 0): Object 'Object Repository/Product Admin/Veridikasi Halaman Semua Produk' is present

2023-10-04 18:19:39 - [MESSAGE][WARNING] - Timeout '0' is invalid. Using default page load timeout: '30'

2023-10-04 18:19:40 - [MESSAGE][PASSED] - Object 'Object Repository/Product Admin/Veridikasi Halaman Semua Produk' is present

2023-10-04 18:19:40 - [MESSAGE][PASSED] - Call Test Case 'Test Cases/Product Admin/TC-PA-001' successfully

2023-10-04 18:19:40 - [TEST_STEP][PASSED] - click(findTestObject("Product Admin/Button Sort Modal")): Object: 'Object Repository/Product Admin/Button Sort Modal' is clicked on

2023-10-04 18:19:40 - [MESSAGE][PASSED] - Object: 'Object Repository/Product Admin/Button Sort Modal' is clicked on

2023-10-04 18:19:40 - [TEST_STEP][PASSED] - dataList = findWebElements(findTestObject("Object Repository/Product Admin/Data Harga Modal"), 10): null

2023-10-04 18:19:41 - [TEST_STEP][PASSED] - arrProdukNameOri = []: null

2023-10-04 18:19:41 - [TEST_STEP][PASSED] - arrProdukNameSort = []: null

2023-10-04 18:19:41 - [TEST_STEP][PASSED] - for ([i = 0, i < dataList.size(), (i++)]): null

2023-10-04 18:19:41 - [TEST_STEP][PASSED] - text = text: null

2023-10-04 18:19:41 - [TEST_STEP][PASSED] - arrProdukNameOri[i] = Integer.parseInt(text.replace(",", "")): null

2023-10-04 18:19:41 - [TEST_STEP][PASSED] - arrProdukNameSort[i] = Integer.parseInt(text.replace(",", "")): null

2023-10-04 18:19:41 - [TEST_STEP][PASSED] - text = text: null

2023-10-04 18:19:41 - [TEST_STEP][PASSED] - arrProdukNameOri[i] = Integer.parseInt(text.replace(",", "")): null

2023-10-04 18:19:41 - [TEST_STEP][PASSED] - arrProdukNameSort[i] = Integer.parseInt(text.replace(",", "")): null

2023-10-04 18:19:41 - [TEST_STEP][PASSED] - text = text: null

2023-10-04 18:19:41 - [TEST_STEP][PASSED] - arrProdukNameOri[i] = Integer.parseInt(text.replace(",", "")): null

2023-10-04 18:19:41 - [TEST_STEP][PASSED] - arrProdukNameSort[i] = Integer.parseInt(text.replace(",", "")): null

2023-10-04 18:19:41 - [TEST_STEP][PASSED] - text = text: null

2023-10-04 18:19:41 - [TEST_STEP][PASSED] - arrProdukNameOri[i] = Integer.parseInt(text.replace(",", "")): null

2023-10-04 18:19:41 - [TEST_STEP][PASSED] - arrProdukNameSort[i] = Integer.parseInt(text.replace(",", "")): null

2023-10-04 18:19:41 - [TEST_STEP][PASSED] - text = text: null

2023-10-04 18:19:41 - [TEST_STEP][PASSED] - arrProdukNameOri[i] = Integer.parseInt(text.replace(",", "")): null

2023-10-04 18:19:41 - [TEST_STEP][PASSED] - arrProdukNameSort[i] = Integer.parseInt(text.replace(",", "")): null

2023-10-04 18:19:41 - [TEST_STEP][PASSED] - text = text: null

2023-10-04 18:19:41 - [TEST_STEP][PASSED] - arrProdukNameOri[i] = Integer.parseInt(text.replace(",", "")): null

2023-10-04 18:19:41 - [TEST_STEP][PASSED] - arrProdukNameSort[i] = Integer.parseInt(text.replace(",", "")): null

2023-10-04 18:19:41 - [TEST_STEP][PASSED] - text = text: null

2023-10-04 18:19:41 - [TEST_STEP][PASSED] - arrProdukNameOri[i] = Integer.parseInt(text.replace(",", "")): null

2023-10-04 18:19:41 - [TEST_STEP][PASSED] - arrProdukNameSort[i] = Integer.parseInt(text.replace(",", "")): null

2023-10-04 18:19:41 - [TEST_STEP][PASSED] - text = text: null

2023-10-04 18:19:41 - [TEST_STEP][PASSED] - arrProdukNameOri[i] = Integer.parseInt(text.replace(",", "")): null

2023-10-04 18:19:41 - [TEST_STEP][PASSED] - arrProdukNameSort[i] = Integer.parseInt(text.replace(",", "")): null

2023-10-04 18:19:41 - [TEST_STEP][PASSED] - text = text: null

2023-10-04 18:19:41 - [TEST_STEP][PASSED] - arrProdukNameOri[i] = Integer.parseInt(text.replace(",", "")): null

2023-10-04 18:19:41 - [TEST_STEP][PASSED] - arrProdukNameSort[i] = Integer.parseInt(text.replace(",", "")): null

2023-10-04 18:19:41 - [TEST_STEP][PASSED] - text = text: null

2023-10-04 18:19:41 - [TEST_STEP][PASSED] - arrProdukNameOri[i] = Integer.parseInt(text.replace(",", "")): null

2023-10-04 18:19:41 - [TEST_STEP][PASSED] - arrProdukNameSort[i] = Integer.parseInt(text.replace(",", "")): null

2023-10-04 18:19:41 - [TEST_STEP][PASSED] - Arrays.sort(arrProdukNameSort): null

2023-10-04 18:19:41 - [TEST_STEP][PASSED] - println(arrProdukNameOri): null

2023-10-04 18:19:41 - [TEST_STEP][PASSED] - println(arrProdukNameSort): null

2023-10-04 18:19:41 - [TEST_STEP][PASSED] - assert arrProdukNameOri == arrProdukNameSort: null

2023-10-04 18:19:41 - [MESSAGE][PASSED] - Call Test Case 'Test Cases/Product Admin/TC-PA-007' successfully

2023-10-04 18:19:41 - [TEST_STEP][PASSED] - click(findTestObject("Product Admin/Button Sort Modal")): Object: 'Object Repository/Product Admin/Button Sort Modal' is clicked on

2023-10-04 18:19:41 - [MESSAGE][PASSED] - Object: 'Object Repository/Product Admin/Button Sort Modal' is clicked on

2023-10-04 18:19:41 - [TEST_STEP][PASSED] - dataList = findWebElements(findTestObject("Object Repository/Product Admin/Data Harga Modal"), 10): null

2023-10-04 18:19:42 - [TEST_STEP][PASSED] - arrProdukNameOri = []: null

2023-10-04 18:19:42 - [TEST_STEP][PASSED] - arrProdukNameSort = []: null

2023-10-04 18:19:42 - [TEST_STEP][PASSED] - for ([i = 0, i < dataList.size(), (i++)]): null

2023-10-04 18:19:42 - [TEST_STEP][PASSED] - text = text: null

2023-10-04 18:19:42 - [TEST_STEP][PASSED] - arrProdukNameOri[i] = Integer.parseInt(text.replace(",", "")): null

2023-10-04 18:19:42 - [TEST_STEP][PASSED] - arrProdukNameSort[i] = Integer.parseInt(text.replace(",", "")): null

2023-10-04 18:19:42 - [TEST_STEP][PASSED] - text = text: null

2023-10-04 18:19:42 - [TEST_STEP][PASSED] - arrProdukNameOri[i] = Integer.parseInt(text.replace(",", "")): null

2023-10-04 18:19:42 - [TEST_STEP][PASSED] - arrProdukNameSort[i] = Integer.parseInt(text.replace(",", "")): null

2023-10-04 18:19:42 - [TEST_STEP][PASSED] - text = text: null

2023-10-04 18:19:42 - [TEST_STEP][PASSED] - arrProdukNameOri[i] = Integer.parseInt(text.replace(",", "")): null

2023-10-04 18:19:42 - [TEST_STEP][PASSED] - arrProdukNameSort[i] = Integer.parseInt(text.replace(",", "")): null

2023-10-04 18:19:42 - [TEST_STEP][PASSED] - text = text: null

2023-10-04 18:19:42 - [TEST_STEP][PASSED] - arrProdukNameOri[i] = Integer.parseInt(text.replace(",", "")): null

2023-10-04 18:19:42 - [TEST_STEP][PASSED] - arrProdukNameSort[i] = Integer.parseInt(text.replace(",", "")): null

2023-10-04 18:19:42 - [TEST_STEP][PASSED] - text = text: null

2023-10-04 18:19:42 - [TEST_STEP][PASSED] - arrProdukNameOri[i] = Integer.parseInt(text.replace(",", "")): null

2023-10-04 18:19:42 - [TEST_STEP][PASSED] - arrProdukNameSort[i] = Integer.parseInt(text.replace(",", "")): null

2023-10-04 18:19:42 - [TEST_STEP][PASSED] - text = text: null

2023-10-04 18:19:42 - [TEST_STEP][PASSED] - arrProdukNameOri[i] = Integer.parseInt(text.replace(",", "")): null

2023-10-04 18:19:42 - [TEST_STEP][PASSED] - arrProdukNameSort[i] = Integer.parseInt(text.replace(",", "")): null

2023-10-04 18:19:42 - [TEST_STEP][PASSED] - text = text: null

2023-10-04 18:19:42 - [TEST_STEP][PASSED] - arrProdukNameOri[i] = Integer.parseInt(text.replace(",", "")): null

2023-10-04 18:19:42 - [TEST_STEP][PASSED] - arrProdukNameSort[i] = Integer.parseInt(text.replace(",", "")): null

2023-10-04 18:19:42 - [TEST_STEP][PASSED] - text = text: null

2023-10-04 18:19:42 - [TEST_STEP][PASSED] - arrProdukNameOri[i] = Integer.parseInt(text.replace(",", "")): null

2023-10-04 18:19:42 - [TEST_STEP][PASSED] - arrProdukNameSort[i] = Integer.parseInt(text.replace(",", "")): null

2023-10-04 18:19:42 - [TEST_STEP][PASSED] - text = text: null

2023-10-04 18:19:42 - [TEST_STEP][PASSED] - arrProdukNameOri[i] = Integer.parseInt(text.replace(",", "")): null

2023-10-04 18:19:42 - [TEST_STEP][PASSED] - arrProdukNameSort[i] = Integer.parseInt(text.replace(",", "")): null

2023-10-04 18:19:42 - [TEST_STEP][PASSED] - text = text: null

2023-10-04 18:19:42 - [TEST_STEP][PASSED] - arrProdukNameOri[i] = Integer.parseInt(text.replace(",", "")): null

2023-10-04 18:19:42 - [TEST_STEP][PASSED] - arrProdukNameSort[i] = Integer.parseInt(text.replace(",", "")): null

2023-10-04 18:19:42 - [TEST_STEP][PASSED] - Arrays.sort(arrProdukNameSort, Collections.reverseOrder()): null

2023-10-04 18:19:42 - [TEST_STEP][PASSED] - println(arrProdukNameOri): null

2023-10-04 18:19:42 - [TEST_STEP][PASSED] - println(arrProdukNameSort): null

2023-10-04 18:19:42 - [TEST_STEP][PASSED] - assert arrProdukNameOri == arrProdukNameSort: null]]></system-out>
         <system-err><![CDATA[]]></system-err>
      </testcase>
      <testcase name="Test Cases/Product Admin/TC-PA-009" time="22.871" classname="Test Cases/Product Admin/TC-PA-009" status="PASSED">
         <system-out><![CDATA[2023-10-04 18:19:42 - [TEST_CASE][PASSED] - Test Cases/Product Admin/TC-PA-009: Test Cases/Product Admin/TC-PA-009

2023-10-04 18:19:43 - [TEST_STEP][PASSED] - callTestCase(findTestCase("Product Admin/TC-PA-001"), [:], STOP_ON_FAILURE): Call Test Case 'Test Cases/Product Admin/TC-PA-001' successfully

2023-10-04 18:19:43 - [TEST_CASE][PASSED] - Test Cases/Product Admin/TC-PA-001: Test Cases/Product Admin/TC-PA-001

2023-10-04 18:19:43 - [TEST_STEP][PASSED] - callTestCase(findTestCase("Login Admin/TC-Login Admin-001"), [:], STOP_ON_FAILURE): Call Test Case 'Test Cases/Login Admin/TC-Login Admin-001' successfully

2023-10-04 18:19:43 - [TEST_CASE][PASSED] - Test Cases/Login Admin/TC-Login Admin-001: Test Cases/Login Admin/TC-Login Admin-001

2023-10-04 18:19:43 - [TEST_STEP][PASSED] - openBrowser(adminTajalapak): Browser is opened with url: 'https://10.9.2.63/ecommerce/administrator'

2023-10-04 18:19:43 - [MESSAGE][WARNING] - A browser is already opened. Closing browser and opening a new one

2023-10-04 18:19:44 - [MESSAGE][INFO] - Starting 'Edge Chromium' driver

2023-10-04 18:19:44 - [MESSAGE][INFO] - User set preference: ['acceptInsecureCerts', 'true']

2023-10-04 18:19:44 - [MESSAGE][INFO] - Action delay is set to 0 milliseconds

2023-10-04 18:19:48 - [MESSAGE][PASSED] - Browser is opened with url: 'https://10.9.2.63/ecommerce/administrator'

2023-10-04 18:19:48 - [TEST_STEP][PASSED] - maximizeWindow(): Current window maximized

2023-10-04 18:19:48 - [MESSAGE][PASSED] - Current window maximized

2023-10-04 18:19:48 - [TEST_STEP][PASSED] - verifyElementPresent(findTestObject("Login Admin/Verifikasi Halaman Administrator"), 0): Object 'Object Repository/Login Admin/Verifikasi Halaman Administrator' is present

2023-10-04 18:19:48 - [MESSAGE][WARNING] - Timeout '0' is invalid. Using default page load timeout: '30'

2023-10-04 18:19:48 - [MESSAGE][PASSED] - Object 'Object Repository/Login Admin/Verifikasi Halaman Administrator' is present

2023-10-04 18:19:48 - [TEST_STEP][PASSED] - setText(findTestObject("Login Admin/Input Username Admin"), "admin"): Text 'admin' is set on object 'Object Repository/Login Admin/Input Username Admin'

2023-10-04 18:19:49 - [MESSAGE][PASSED] - Text 'admin' is set on object 'Object Repository/Login Admin/Input Username Admin'

2023-10-04 18:19:49 - [TEST_STEP][PASSED] - setEncryptedText(findTestObject("Login Admin/Input Password Admin"), "374mkdZ/lqyNS21oH+MJZQ=="): Text ****** has been set on object 'Object Repository/Login Admin/Input Password Admin'

2023-10-04 18:19:50 - [MESSAGE][PASSED] - Text ****** has been set on object 'Object Repository/Login Admin/Input Password Admin'

2023-10-04 18:19:50 - [TEST_STEP][PASSED] - delay(10): Delayed 10 second(s)

2023-10-04 18:20:00 - [MESSAGE][PASSED] - Delayed 10 second(s)

2023-10-04 18:20:00 - [TEST_STEP][PASSED] - click(findTestObject("Login Admin/Botton Sign In")): Object: 'Object Repository/Login Admin/Botton Sign In' is clicked on

2023-10-04 18:20:01 - [MESSAGE][PASSED] - Object: 'Object Repository/Login Admin/Botton Sign In' is clicked on

2023-10-04 18:20:01 - [TEST_STEP][PASSED] - verifyElementPresent(findTestObject("Login Admin/Verifikasi Halaman Login Admin"), 0): Object 'Object Repository/Login Admin/Verifikasi Halaman Login Admin' is present

2023-10-04 18:20:01 - [MESSAGE][WARNING] - Timeout '0' is invalid. Using default page load timeout: '30'

2023-10-04 18:20:02 - [MESSAGE][PASSED] - Object 'Object Repository/Login Admin/Verifikasi Halaman Login Admin' is present

2023-10-04 18:20:02 - [MESSAGE][PASSED] - Call Test Case 'Test Cases/Login Admin/TC-Login Admin-001' successfully

2023-10-04 18:20:02 - [TEST_STEP][PASSED] - click(findTestObject("Product Admin/Master Market")): Object: 'Object Repository/Product Admin/Master Market' is clicked on

2023-10-04 18:20:02 - [MESSAGE][PASSED] - Object: 'Object Repository/Product Admin/Master Market' is clicked on

2023-10-04 18:20:02 - [TEST_STEP][PASSED] - click(findTestObject("Product Admin/Produk Admin")): Object: 'Object Repository/Product Admin/Produk Admin' is clicked on

2023-10-04 18:20:03 - [MESSAGE][PASSED] - Object: 'Object Repository/Product Admin/Produk Admin' is clicked on

2023-10-04 18:20:03 - [TEST_STEP][PASSED] - verifyElementPresent(findTestObject("Product Admin/Veridikasi Halaman Semua Produk"), 0): Object 'Object Repository/Product Admin/Veridikasi Halaman Semua Produk' is present

2023-10-04 18:20:04 - [MESSAGE][WARNING] - Timeout '0' is invalid. Using default page load timeout: '30'

2023-10-04 18:20:04 - [MESSAGE][PASSED] - Object 'Object Repository/Product Admin/Veridikasi Halaman Semua Produk' is present

2023-10-04 18:20:04 - [MESSAGE][PASSED] - Call Test Case 'Test Cases/Product Admin/TC-PA-001' successfully

2023-10-04 18:20:04 - [TEST_STEP][PASSED] - click(findTestObject("Product Admin/Button Sort Reseller")): Object: 'Object Repository/Product Admin/Button Sort Reseller' is clicked on

2023-10-04 18:20:04 - [MESSAGE][PASSED] - Object: 'Object Repository/Product Admin/Button Sort Reseller' is clicked on

2023-10-04 18:20:04 - [TEST_STEP][PASSED] - dataList = findWebElements(findTestObject("Object Repository/Product Admin/Data Harga Reseller"), 10): null

2023-10-04 18:20:05 - [TEST_STEP][PASSED] - arrProdukNameOri = []: null

2023-10-04 18:20:05 - [TEST_STEP][PASSED] - arrProdukNameSort = []: null

2023-10-04 18:20:05 - [TEST_STEP][PASSED] - for ([i = 0, i < dataList.size(), (i++)]): null

2023-10-04 18:20:05 - [TEST_STEP][PASSED] - text = text: null

2023-10-04 18:20:05 - [TEST_STEP][PASSED] - arrProdukNameOri[i] = Integer.parseInt(text.replace(",", "")): null

2023-10-04 18:20:05 - [TEST_STEP][PASSED] - arrProdukNameSort[i] = Integer.parseInt(text.replace(",", "")): null

2023-10-04 18:20:05 - [TEST_STEP][PASSED] - text = text: null

2023-10-04 18:20:05 - [TEST_STEP][PASSED] - arrProdukNameOri[i] = Integer.parseInt(text.replace(",", "")): null

2023-10-04 18:20:05 - [TEST_STEP][PASSED] - arrProdukNameSort[i] = Integer.parseInt(text.replace(",", "")): null

2023-10-04 18:20:05 - [TEST_STEP][PASSED] - text = text: null

2023-10-04 18:20:05 - [TEST_STEP][PASSED] - arrProdukNameOri[i] = Integer.parseInt(text.replace(",", "")): null

2023-10-04 18:20:05 - [TEST_STEP][PASSED] - arrProdukNameSort[i] = Integer.parseInt(text.replace(",", "")): null

2023-10-04 18:20:05 - [TEST_STEP][PASSED] - text = text: null

2023-10-04 18:20:05 - [TEST_STEP][PASSED] - arrProdukNameOri[i] = Integer.parseInt(text.replace(",", "")): null

2023-10-04 18:20:05 - [TEST_STEP][PASSED] - arrProdukNameSort[i] = Integer.parseInt(text.replace(",", "")): null

2023-10-04 18:20:05 - [TEST_STEP][PASSED] - text = text: null

2023-10-04 18:20:05 - [TEST_STEP][PASSED] - arrProdukNameOri[i] = Integer.parseInt(text.replace(",", "")): null

2023-10-04 18:20:05 - [TEST_STEP][PASSED] - arrProdukNameSort[i] = Integer.parseInt(text.replace(",", "")): null

2023-10-04 18:20:05 - [TEST_STEP][PASSED] - text = text: null

2023-10-04 18:20:05 - [TEST_STEP][PASSED] - arrProdukNameOri[i] = Integer.parseInt(text.replace(",", "")): null

2023-10-04 18:20:05 - [TEST_STEP][PASSED] - arrProdukNameSort[i] = Integer.parseInt(text.replace(",", "")): null

2023-10-04 18:20:05 - [TEST_STEP][PASSED] - text = text: null

2023-10-04 18:20:05 - [TEST_STEP][PASSED] - arrProdukNameOri[i] = Integer.parseInt(text.replace(",", "")): null

2023-10-04 18:20:05 - [TEST_STEP][PASSED] - arrProdukNameSort[i] = Integer.parseInt(text.replace(",", "")): null

2023-10-04 18:20:05 - [TEST_STEP][PASSED] - text = text: null

2023-10-04 18:20:05 - [TEST_STEP][PASSED] - arrProdukNameOri[i] = Integer.parseInt(text.replace(",", "")): null

2023-10-04 18:20:05 - [TEST_STEP][PASSED] - arrProdukNameSort[i] = Integer.parseInt(text.replace(",", "")): null

2023-10-04 18:20:05 - [TEST_STEP][PASSED] - text = text: null

2023-10-04 18:20:05 - [TEST_STEP][PASSED] - arrProdukNameOri[i] = Integer.parseInt(text.replace(",", "")): null

2023-10-04 18:20:05 - [TEST_STEP][PASSED] - arrProdukNameSort[i] = Integer.parseInt(text.replace(",", "")): null

2023-10-04 18:20:05 - [TEST_STEP][PASSED] - text = text: null

2023-10-04 18:20:05 - [TEST_STEP][PASSED] - arrProdukNameOri[i] = Integer.parseInt(text.replace(",", "")): null

2023-10-04 18:20:05 - [TEST_STEP][PASSED] - arrProdukNameSort[i] = Integer.parseInt(text.replace(",", "")): null

2023-10-04 18:20:05 - [TEST_STEP][PASSED] - Arrays.sort(arrProdukNameSort): null

2023-10-04 18:20:05 - [TEST_STEP][PASSED] - println(arrProdukNameOri): null

2023-10-04 18:20:05 - [TEST_STEP][PASSED] - println(arrProdukNameSort): null

2023-10-04 18:20:05 - [TEST_STEP][PASSED] - assert arrProdukNameOri == arrProdukNameSort: null]]></system-out>
         <system-err><![CDATA[]]></system-err>
      </testcase>
      <testcase name="Test Cases/Product Admin/TC-PA-010" time="24.295" classname="Test Cases/Product Admin/TC-PA-010" status="PASSED">
         <system-out><![CDATA[2023-10-04 18:20:05 - [TEST_CASE][PASSED] - Test Cases/Product Admin/TC-PA-010: Test Cases/Product Admin/TC-PA-010

2023-10-04 18:20:05 - [TEST_STEP][PASSED] - callTestCase(findTestCase("Product Admin/TC-PA-009"), [:], STOP_ON_FAILURE): Call Test Case 'Test Cases/Product Admin/TC-PA-009' successfully

2023-10-04 18:20:05 - [TEST_CASE][PASSED] - Test Cases/Product Admin/TC-PA-009: Test Cases/Product Admin/TC-PA-009

2023-10-04 18:20:06 - [TEST_STEP][PASSED] - callTestCase(findTestCase("Product Admin/TC-PA-001"), [:], STOP_ON_FAILURE): Call Test Case 'Test Cases/Product Admin/TC-PA-001' successfully

2023-10-04 18:20:06 - [TEST_CASE][PASSED] - Test Cases/Product Admin/TC-PA-001: Test Cases/Product Admin/TC-PA-001

2023-10-04 18:20:06 - [TEST_STEP][PASSED] - callTestCase(findTestCase("Login Admin/TC-Login Admin-001"), [:], STOP_ON_FAILURE): Call Test Case 'Test Cases/Login Admin/TC-Login Admin-001' successfully

2023-10-04 18:20:06 - [TEST_CASE][PASSED] - Test Cases/Login Admin/TC-Login Admin-001: Test Cases/Login Admin/TC-Login Admin-001

2023-10-04 18:20:06 - [TEST_STEP][PASSED] - openBrowser(adminTajalapak): Browser is opened with url: 'https://10.9.2.63/ecommerce/administrator'

2023-10-04 18:20:06 - [MESSAGE][WARNING] - A browser is already opened. Closing browser and opening a new one

2023-10-04 18:20:07 - [MESSAGE][INFO] - Starting 'Edge Chromium' driver

2023-10-04 18:20:07 - [MESSAGE][INFO] - User set preference: ['acceptInsecureCerts', 'true']

2023-10-04 18:20:07 - [MESSAGE][INFO] - Action delay is set to 0 milliseconds

2023-10-04 18:20:10 - [MESSAGE][PASSED] - Browser is opened with url: 'https://10.9.2.63/ecommerce/administrator'

2023-10-04 18:20:10 - [TEST_STEP][PASSED] - maximizeWindow(): Current window maximized

2023-10-04 18:20:10 - [MESSAGE][PASSED] - Current window maximized

2023-10-04 18:20:10 - [TEST_STEP][PASSED] - verifyElementPresent(findTestObject("Login Admin/Verifikasi Halaman Administrator"), 0): Object 'Object Repository/Login Admin/Verifikasi Halaman Administrator' is present

2023-10-04 18:20:10 - [MESSAGE][WARNING] - Timeout '0' is invalid. Using default page load timeout: '30'

2023-10-04 18:20:10 - [MESSAGE][PASSED] - Object 'Object Repository/Login Admin/Verifikasi Halaman Administrator' is present

2023-10-04 18:20:10 - [TEST_STEP][PASSED] - setText(findTestObject("Login Admin/Input Username Admin"), "admin"): Text 'admin' is set on object 'Object Repository/Login Admin/Input Username Admin'

2023-10-04 18:20:11 - [MESSAGE][PASSED] - Text 'admin' is set on object 'Object Repository/Login Admin/Input Username Admin'

2023-10-04 18:20:11 - [TEST_STEP][PASSED] - setEncryptedText(findTestObject("Login Admin/Input Password Admin"), "374mkdZ/lqyNS21oH+MJZQ=="): Text ****** has been set on object 'Object Repository/Login Admin/Input Password Admin'

2023-10-04 18:20:12 - [MESSAGE][PASSED] - Text ****** has been set on object 'Object Repository/Login Admin/Input Password Admin'

2023-10-04 18:20:12 - [TEST_STEP][PASSED] - delay(10): Delayed 10 second(s)

2023-10-04 18:20:22 - [MESSAGE][PASSED] - Delayed 10 second(s)

2023-10-04 18:20:22 - [TEST_STEP][PASSED] - click(findTestObject("Login Admin/Botton Sign In")): Object: 'Object Repository/Login Admin/Botton Sign In' is clicked on

2023-10-04 18:20:24 - [MESSAGE][PASSED] - Object: 'Object Repository/Login Admin/Botton Sign In' is clicked on

2023-10-04 18:20:24 - [TEST_STEP][PASSED] - verifyElementPresent(findTestObject("Login Admin/Verifikasi Halaman Login Admin"), 0): Object 'Object Repository/Login Admin/Verifikasi Halaman Login Admin' is present

2023-10-04 18:20:25 - [MESSAGE][WARNING] - Timeout '0' is invalid. Using default page load timeout: '30'

2023-10-04 18:20:25 - [MESSAGE][PASSED] - Object 'Object Repository/Login Admin/Verifikasi Halaman Login Admin' is present

2023-10-04 18:20:25 - [MESSAGE][PASSED] - Call Test Case 'Test Cases/Login Admin/TC-Login Admin-001' successfully

2023-10-04 18:20:25 - [TEST_STEP][PASSED] - click(findTestObject("Product Admin/Master Market")): Object: 'Object Repository/Product Admin/Master Market' is clicked on

2023-10-04 18:20:25 - [MESSAGE][PASSED] - Object: 'Object Repository/Product Admin/Master Market' is clicked on

2023-10-04 18:20:25 - [TEST_STEP][PASSED] - click(findTestObject("Product Admin/Produk Admin")): Object: 'Object Repository/Product Admin/Produk Admin' is clicked on

2023-10-04 18:20:27 - [MESSAGE][PASSED] - Object: 'Object Repository/Product Admin/Produk Admin' is clicked on

2023-10-04 18:20:27 - [TEST_STEP][PASSED] - verifyElementPresent(findTestObject("Product Admin/Veridikasi Halaman Semua Produk"), 0): Object 'Object Repository/Product Admin/Veridikasi Halaman Semua Produk' is present

2023-10-04 18:20:27 - [MESSAGE][WARNING] - Timeout '0' is invalid. Using default page load timeout: '30'

2023-10-04 18:20:27 - [MESSAGE][PASSED] - Object 'Object Repository/Product Admin/Veridikasi Halaman Semua Produk' is present

2023-10-04 18:20:27 - [MESSAGE][PASSED] - Call Test Case 'Test Cases/Product Admin/TC-PA-001' successfully

2023-10-04 18:20:27 - [TEST_STEP][PASSED] - click(findTestObject("Product Admin/Button Sort Reseller")): Object: 'Object Repository/Product Admin/Button Sort Reseller' is clicked on

2023-10-04 18:20:28 - [MESSAGE][PASSED] - Object: 'Object Repository/Product Admin/Button Sort Reseller' is clicked on

2023-10-04 18:20:28 - [TEST_STEP][PASSED] - dataList = findWebElements(findTestObject("Object Repository/Product Admin/Data Harga Reseller"), 10): null

2023-10-04 18:20:28 - [TEST_STEP][PASSED] - arrProdukNameOri = []: null

2023-10-04 18:20:28 - [TEST_STEP][PASSED] - arrProdukNameSort = []: null

2023-10-04 18:20:28 - [TEST_STEP][PASSED] - for ([i = 0, i < dataList.size(), (i++)]): null

2023-10-04 18:20:28 - [TEST_STEP][PASSED] - text = text: null

2023-10-04 18:20:28 - [TEST_STEP][PASSED] - arrProdukNameOri[i] = Integer.parseInt(text.replace(",", "")): null

2023-10-04 18:20:28 - [TEST_STEP][PASSED] - arrProdukNameSort[i] = Integer.parseInt(text.replace(",", "")): null

2023-10-04 18:20:28 - [TEST_STEP][PASSED] - text = text: null

2023-10-04 18:20:28 - [TEST_STEP][PASSED] - arrProdukNameOri[i] = Integer.parseInt(text.replace(",", "")): null

2023-10-04 18:20:28 - [TEST_STEP][PASSED] - arrProdukNameSort[i] = Integer.parseInt(text.replace(",", "")): null

2023-10-04 18:20:28 - [TEST_STEP][PASSED] - text = text: null

2023-10-04 18:20:28 - [TEST_STEP][PASSED] - arrProdukNameOri[i] = Integer.parseInt(text.replace(",", "")): null

2023-10-04 18:20:28 - [TEST_STEP][PASSED] - arrProdukNameSort[i] = Integer.parseInt(text.replace(",", "")): null

2023-10-04 18:20:28 - [TEST_STEP][PASSED] - text = text: null

2023-10-04 18:20:28 - [TEST_STEP][PASSED] - arrProdukNameOri[i] = Integer.parseInt(text.replace(",", "")): null

2023-10-04 18:20:28 - [TEST_STEP][PASSED] - arrProdukNameSort[i] = Integer.parseInt(text.replace(",", "")): null

2023-10-04 18:20:28 - [TEST_STEP][PASSED] - text = text: null

2023-10-04 18:20:28 - [TEST_STEP][PASSED] - arrProdukNameOri[i] = Integer.parseInt(text.replace(",", "")): null

2023-10-04 18:20:28 - [TEST_STEP][PASSED] - arrProdukNameSort[i] = Integer.parseInt(text.replace(",", "")): null

2023-10-04 18:20:28 - [TEST_STEP][PASSED] - text = text: null

2023-10-04 18:20:28 - [TEST_STEP][PASSED] - arrProdukNameOri[i] = Integer.parseInt(text.replace(",", "")): null

2023-10-04 18:20:28 - [TEST_STEP][PASSED] - arrProdukNameSort[i] = Integer.parseInt(text.replace(",", "")): null

2023-10-04 18:20:28 - [TEST_STEP][PASSED] - text = text: null

2023-10-04 18:20:28 - [TEST_STEP][PASSED] - arrProdukNameOri[i] = Integer.parseInt(text.replace(",", "")): null

2023-10-04 18:20:28 - [TEST_STEP][PASSED] - arrProdukNameSort[i] = Integer.parseInt(text.replace(",", "")): null

2023-10-04 18:20:28 - [TEST_STEP][PASSED] - text = text: null

2023-10-04 18:20:28 - [TEST_STEP][PASSED] - arrProdukNameOri[i] = Integer.parseInt(text.replace(",", "")): null

2023-10-04 18:20:28 - [TEST_STEP][PASSED] - arrProdukNameSort[i] = Integer.parseInt(text.replace(",", "")): null

2023-10-04 18:20:28 - [TEST_STEP][PASSED] - text = text: null

2023-10-04 18:20:28 - [TEST_STEP][PASSED] - arrProdukNameOri[i] = Integer.parseInt(text.replace(",", "")): null

2023-10-04 18:20:28 - [TEST_STEP][PASSED] - arrProdukNameSort[i] = Integer.parseInt(text.replace(",", "")): null

2023-10-04 18:20:28 - [TEST_STEP][PASSED] - text = text: null

2023-10-04 18:20:28 - [TEST_STEP][PASSED] - arrProdukNameOri[i] = Integer.parseInt(text.replace(",", "")): null

2023-10-04 18:20:28 - [TEST_STEP][PASSED] - arrProdukNameSort[i] = Integer.parseInt(text.replace(",", "")): null

2023-10-04 18:20:28 - [TEST_STEP][PASSED] - Arrays.sort(arrProdukNameSort): null

2023-10-04 18:20:28 - [TEST_STEP][PASSED] - println(arrProdukNameOri): null

2023-10-04 18:20:28 - [TEST_STEP][PASSED] - println(arrProdukNameSort): null

2023-10-04 18:20:28 - [TEST_STEP][PASSED] - assert arrProdukNameOri == arrProdukNameSort: null

2023-10-04 18:20:28 - [MESSAGE][PASSED] - Call Test Case 'Test Cases/Product Admin/TC-PA-009' successfully

2023-10-04 18:20:28 - [TEST_STEP][PASSED] - click(findTestObject("Product Admin/Button Sort Reseller")): Object: 'Object Repository/Product Admin/Button Sort Reseller' is clicked on

2023-10-04 18:20:29 - [MESSAGE][PASSED] - Object: 'Object Repository/Product Admin/Button Sort Reseller' is clicked on

2023-10-04 18:20:29 - [TEST_STEP][PASSED] - dataList = findWebElements(findTestObject("Object Repository/Product Admin/Data Harga Reseller"), 10): null

2023-10-04 18:20:29 - [TEST_STEP][PASSED] - arrProdukNameOri = []: null

2023-10-04 18:20:29 - [TEST_STEP][PASSED] - arrProdukNameSort = []: null

2023-10-04 18:20:29 - [TEST_STEP][PASSED] - for ([i = 0, i < dataList.size(), (i++)]): null

2023-10-04 18:20:29 - [TEST_STEP][PASSED] - text = text: null

2023-10-04 18:20:29 - [TEST_STEP][PASSED] - arrProdukNameOri[i] = Integer.parseInt(text.replace(",", "")): null

2023-10-04 18:20:29 - [TEST_STEP][PASSED] - arrProdukNameSort[i] = Integer.parseInt(text.replace(",", "")): null

2023-10-04 18:20:29 - [TEST_STEP][PASSED] - text = text: null

2023-10-04 18:20:29 - [TEST_STEP][PASSED] - arrProdukNameOri[i] = Integer.parseInt(text.replace(",", "")): null

2023-10-04 18:20:29 - [TEST_STEP][PASSED] - arrProdukNameSort[i] = Integer.parseInt(text.replace(",", "")): null

2023-10-04 18:20:29 - [TEST_STEP][PASSED] - text = text: null

2023-10-04 18:20:29 - [TEST_STEP][PASSED] - arrProdukNameOri[i] = Integer.parseInt(text.replace(",", "")): null

2023-10-04 18:20:29 - [TEST_STEP][PASSED] - arrProdukNameSort[i] = Integer.parseInt(text.replace(",", "")): null

2023-10-04 18:20:29 - [TEST_STEP][PASSED] - text = text: null

2023-10-04 18:20:29 - [TEST_STEP][PASSED] - arrProdukNameOri[i] = Integer.parseInt(text.replace(",", "")): null

2023-10-04 18:20:29 - [TEST_STEP][PASSED] - arrProdukNameSort[i] = Integer.parseInt(text.replace(",", "")): null

2023-10-04 18:20:29 - [TEST_STEP][PASSED] - text = text: null

2023-10-04 18:20:29 - [TEST_STEP][PASSED] - arrProdukNameOri[i] = Integer.parseInt(text.replace(",", "")): null

2023-10-04 18:20:29 - [TEST_STEP][PASSED] - arrProdukNameSort[i] = Integer.parseInt(text.replace(",", "")): null

2023-10-04 18:20:29 - [TEST_STEP][PASSED] - text = text: null

2023-10-04 18:20:29 - [TEST_STEP][PASSED] - arrProdukNameOri[i] = Integer.parseInt(text.replace(",", "")): null

2023-10-04 18:20:29 - [TEST_STEP][PASSED] - arrProdukNameSort[i] = Integer.parseInt(text.replace(",", "")): null

2023-10-04 18:20:29 - [TEST_STEP][PASSED] - text = text: null

2023-10-04 18:20:29 - [TEST_STEP][PASSED] - arrProdukNameOri[i] = Integer.parseInt(text.replace(",", "")): null

2023-10-04 18:20:29 - [TEST_STEP][PASSED] - arrProdukNameSort[i] = Integer.parseInt(text.replace(",", "")): null

2023-10-04 18:20:29 - [TEST_STEP][PASSED] - text = text: null

2023-10-04 18:20:29 - [TEST_STEP][PASSED] - arrProdukNameOri[i] = Integer.parseInt(text.replace(",", "")): null

2023-10-04 18:20:29 - [TEST_STEP][PASSED] - arrProdukNameSort[i] = Integer.parseInt(text.replace(",", "")): null

2023-10-04 18:20:29 - [TEST_STEP][PASSED] - text = text: null

2023-10-04 18:20:29 - [TEST_STEP][PASSED] - arrProdukNameOri[i] = Integer.parseInt(text.replace(",", "")): null

2023-10-04 18:20:29 - [TEST_STEP][PASSED] - arrProdukNameSort[i] = Integer.parseInt(text.replace(",", "")): null

2023-10-04 18:20:29 - [TEST_STEP][PASSED] - text = text: null

2023-10-04 18:20:29 - [TEST_STEP][PASSED] - arrProdukNameOri[i] = Integer.parseInt(text.replace(",", "")): null

2023-10-04 18:20:29 - [TEST_STEP][PASSED] - arrProdukNameSort[i] = Integer.parseInt(text.replace(",", "")): null

2023-10-04 18:20:29 - [TEST_STEP][PASSED] - Arrays.sort(arrProdukNameSort, Collections.reverseOrder()): null

2023-10-04 18:20:29 - [TEST_STEP][PASSED] - println(arrProdukNameOri): null

2023-10-04 18:20:29 - [TEST_STEP][PASSED] - println(arrProdukNameSort): null

2023-10-04 18:20:29 - [TEST_STEP][PASSED] - assert arrProdukNameOri == arrProdukNameSort: null]]></system-out>
         <system-err><![CDATA[]]></system-err>
      </testcase>
      <testcase name="Test Cases/Product Admin/TC-PA-011" time="22.387" classname="Test Cases/Product Admin/TC-PA-011" status="PASSED">
         <system-out><![CDATA[2023-10-04 18:20:29 - [TEST_CASE][PASSED] - Test Cases/Product Admin/TC-PA-011: Test Cases/Product Admin/TC-PA-011

2023-10-04 18:20:30 - [TEST_STEP][PASSED] - callTestCase(findTestCase("Product Admin/TC-PA-001"), [:], STOP_ON_FAILURE): Call Test Case 'Test Cases/Product Admin/TC-PA-001' successfully

2023-10-04 18:20:30 - [TEST_CASE][PASSED] - Test Cases/Product Admin/TC-PA-001: Test Cases/Product Admin/TC-PA-001

2023-10-04 18:20:30 - [TEST_STEP][PASSED] - callTestCase(findTestCase("Login Admin/TC-Login Admin-001"), [:], STOP_ON_FAILURE): Call Test Case 'Test Cases/Login Admin/TC-Login Admin-001' successfully

2023-10-04 18:20:30 - [TEST_CASE][PASSED] - Test Cases/Login Admin/TC-Login Admin-001: Test Cases/Login Admin/TC-Login Admin-001

2023-10-04 18:20:30 - [TEST_STEP][PASSED] - openBrowser(adminTajalapak): Browser is opened with url: 'https://10.9.2.63/ecommerce/administrator'

2023-10-04 18:20:30 - [MESSAGE][WARNING] - A browser is already opened. Closing browser and opening a new one

2023-10-04 18:20:31 - [MESSAGE][INFO] - Starting 'Edge Chromium' driver

2023-10-04 18:20:31 - [MESSAGE][INFO] - User set preference: ['acceptInsecureCerts', 'true']

2023-10-04 18:20:31 - [MESSAGE][INFO] - Action delay is set to 0 milliseconds

2023-10-04 18:20:34 - [MESSAGE][PASSED] - Browser is opened with url: 'https://10.9.2.63/ecommerce/administrator'

2023-10-04 18:20:34 - [TEST_STEP][PASSED] - maximizeWindow(): Current window maximized

2023-10-04 18:20:34 - [MESSAGE][PASSED] - Current window maximized

2023-10-04 18:20:34 - [TEST_STEP][PASSED] - verifyElementPresent(findTestObject("Login Admin/Verifikasi Halaman Administrator"), 0): Object 'Object Repository/Login Admin/Verifikasi Halaman Administrator' is present

2023-10-04 18:20:35 - [MESSAGE][WARNING] - Timeout '0' is invalid. Using default page load timeout: '30'

2023-10-04 18:20:35 - [MESSAGE][PASSED] - Object 'Object Repository/Login Admin/Verifikasi Halaman Administrator' is present

2023-10-04 18:20:35 - [TEST_STEP][PASSED] - setText(findTestObject("Login Admin/Input Username Admin"), "admin"): Text 'admin' is set on object 'Object Repository/Login Admin/Input Username Admin'

2023-10-04 18:20:36 - [MESSAGE][PASSED] - Text 'admin' is set on object 'Object Repository/Login Admin/Input Username Admin'

2023-10-04 18:20:36 - [TEST_STEP][PASSED] - setEncryptedText(findTestObject("Login Admin/Input Password Admin"), "374mkdZ/lqyNS21oH+MJZQ=="): Text ****** has been set on object 'Object Repository/Login Admin/Input Password Admin'

2023-10-04 18:20:36 - [MESSAGE][PASSED] - Text ****** has been set on object 'Object Repository/Login Admin/Input Password Admin'

2023-10-04 18:20:36 - [TEST_STEP][PASSED] - delay(10): Delayed 10 second(s)

2023-10-04 18:20:46 - [MESSAGE][PASSED] - Delayed 10 second(s)

2023-10-04 18:20:46 - [TEST_STEP][PASSED] - click(findTestObject("Login Admin/Botton Sign In")): Object: 'Object Repository/Login Admin/Botton Sign In' is clicked on

2023-10-04 18:20:48 - [MESSAGE][PASSED] - Object: 'Object Repository/Login Admin/Botton Sign In' is clicked on

2023-10-04 18:20:48 - [TEST_STEP][PASSED] - verifyElementPresent(findTestObject("Login Admin/Verifikasi Halaman Login Admin"), 0): Object 'Object Repository/Login Admin/Verifikasi Halaman Login Admin' is present

2023-10-04 18:20:48 - [MESSAGE][WARNING] - Timeout '0' is invalid. Using default page load timeout: '30'

2023-10-04 18:20:48 - [MESSAGE][PASSED] - Object 'Object Repository/Login Admin/Verifikasi Halaman Login Admin' is present

2023-10-04 18:20:48 - [MESSAGE][PASSED] - Call Test Case 'Test Cases/Login Admin/TC-Login Admin-001' successfully

2023-10-04 18:20:48 - [TEST_STEP][PASSED] - click(findTestObject("Product Admin/Master Market")): Object: 'Object Repository/Product Admin/Master Market' is clicked on

2023-10-04 18:20:49 - [MESSAGE][PASSED] - Object: 'Object Repository/Product Admin/Master Market' is clicked on

2023-10-04 18:20:49 - [TEST_STEP][PASSED] - click(findTestObject("Product Admin/Produk Admin")): Object: 'Object Repository/Product Admin/Produk Admin' is clicked on

2023-10-04 18:20:50 - [MESSAGE][PASSED] - Object: 'Object Repository/Product Admin/Produk Admin' is clicked on

2023-10-04 18:20:50 - [TEST_STEP][PASSED] - verifyElementPresent(findTestObject("Product Admin/Veridikasi Halaman Semua Produk"), 0): Object 'Object Repository/Product Admin/Veridikasi Halaman Semua Produk' is present

2023-10-04 18:20:50 - [MESSAGE][WARNING] - Timeout '0' is invalid. Using default page load timeout: '30'

2023-10-04 18:20:51 - [MESSAGE][PASSED] - Object 'Object Repository/Product Admin/Veridikasi Halaman Semua Produk' is present

2023-10-04 18:20:51 - [MESSAGE][PASSED] - Call Test Case 'Test Cases/Product Admin/TC-PA-001' successfully

2023-10-04 18:20:51 - [TEST_STEP][PASSED] - click(findTestObject("Product Admin/Button Sort Konsumen")): Object: 'Object Repository/Product Admin/Button Sort Konsumen' is clicked on

2023-10-04 18:20:51 - [MESSAGE][PASSED] - Object: 'Object Repository/Product Admin/Button Sort Konsumen' is clicked on

2023-10-04 18:20:51 - [TEST_STEP][PASSED] - dataList = findWebElements(findTestObject("Object Repository/Product Admin/Data harga Konsumen"), 10): null

2023-10-04 18:20:52 - [TEST_STEP][PASSED] - arrProdukNameOri = []: null

2023-10-04 18:20:52 - [TEST_STEP][PASSED] - arrProdukNameSort = []: null

2023-10-04 18:20:52 - [TEST_STEP][PASSED] - for ([i = 0, i < dataList.size(), (i++)]): null

2023-10-04 18:20:52 - [TEST_STEP][PASSED] - text = text: null

2023-10-04 18:20:52 - [TEST_STEP][PASSED] - arrProdukNameOri[i] = Integer.parseInt(text.replace(",", "")): null

2023-10-04 18:20:52 - [TEST_STEP][PASSED] - arrProdukNameSort[i] = Integer.parseInt(text.replace(",", "")): null

2023-10-04 18:20:52 - [TEST_STEP][PASSED] - text = text: null

2023-10-04 18:20:52 - [TEST_STEP][PASSED] - arrProdukNameOri[i] = Integer.parseInt(text.replace(",", "")): null

2023-10-04 18:20:52 - [TEST_STEP][PASSED] - arrProdukNameSort[i] = Integer.parseInt(text.replace(",", "")): null

2023-10-04 18:20:52 - [TEST_STEP][PASSED] - text = text: null

2023-10-04 18:20:52 - [TEST_STEP][PASSED] - arrProdukNameOri[i] = Integer.parseInt(text.replace(",", "")): null

2023-10-04 18:20:52 - [TEST_STEP][PASSED] - arrProdukNameSort[i] = Integer.parseInt(text.replace(",", "")): null

2023-10-04 18:20:52 - [TEST_STEP][PASSED] - text = text: null

2023-10-04 18:20:52 - [TEST_STEP][PASSED] - arrProdukNameOri[i] = Integer.parseInt(text.replace(",", "")): null

2023-10-04 18:20:52 - [TEST_STEP][PASSED] - arrProdukNameSort[i] = Integer.parseInt(text.replace(",", "")): null

2023-10-04 18:20:52 - [TEST_STEP][PASSED] - text = text: null

2023-10-04 18:20:52 - [TEST_STEP][PASSED] - arrProdukNameOri[i] = Integer.parseInt(text.replace(",", "")): null

2023-10-04 18:20:52 - [TEST_STEP][PASSED] - arrProdukNameSort[i] = Integer.parseInt(text.replace(",", "")): null

2023-10-04 18:20:52 - [TEST_STEP][PASSED] - text = text: null

2023-10-04 18:20:52 - [TEST_STEP][PASSED] - arrProdukNameOri[i] = Integer.parseInt(text.replace(",", "")): null

2023-10-04 18:20:52 - [TEST_STEP][PASSED] - arrProdukNameSort[i] = Integer.parseInt(text.replace(",", "")): null

2023-10-04 18:20:52 - [TEST_STEP][PASSED] - text = text: null

2023-10-04 18:20:52 - [TEST_STEP][PASSED] - arrProdukNameOri[i] = Integer.parseInt(text.replace(",", "")): null

2023-10-04 18:20:52 - [TEST_STEP][PASSED] - arrProdukNameSort[i] = Integer.parseInt(text.replace(",", "")): null

2023-10-04 18:20:52 - [TEST_STEP][PASSED] - text = text: null

2023-10-04 18:20:52 - [TEST_STEP][PASSED] - arrProdukNameOri[i] = Integer.parseInt(text.replace(",", "")): null

2023-10-04 18:20:52 - [TEST_STEP][PASSED] - arrProdukNameSort[i] = Integer.parseInt(text.replace(",", "")): null

2023-10-04 18:20:52 - [TEST_STEP][PASSED] - text = text: null

2023-10-04 18:20:52 - [TEST_STEP][PASSED] - arrProdukNameOri[i] = Integer.parseInt(text.replace(",", "")): null

2023-10-04 18:20:52 - [TEST_STEP][PASSED] - arrProdukNameSort[i] = Integer.parseInt(text.replace(",", "")): null

2023-10-04 18:20:52 - [TEST_STEP][PASSED] - text = text: null

2023-10-04 18:20:52 - [TEST_STEP][PASSED] - arrProdukNameOri[i] = Integer.parseInt(text.replace(",", "")): null

2023-10-04 18:20:52 - [TEST_STEP][PASSED] - arrProdukNameSort[i] = Integer.parseInt(text.replace(",", "")): null

2023-10-04 18:20:52 - [TEST_STEP][PASSED] - Arrays.sort(arrProdukNameSort): null

2023-10-04 18:20:52 - [TEST_STEP][PASSED] - println(arrProdukNameOri): null

2023-10-04 18:20:52 - [TEST_STEP][PASSED] - println(arrProdukNameSort): null

2023-10-04 18:20:52 - [TEST_STEP][PASSED] - assert arrProdukNameOri == arrProdukNameSort: null]]></system-out>
         <system-err><![CDATA[]]></system-err>
      </testcase>
      <testcase name="Test Cases/Product Admin/TC-PA-012" time="23.727" classname="Test Cases/Product Admin/TC-PA-012" status="PASSED">
         <system-out><![CDATA[2023-10-04 18:20:52 - [TEST_CASE][PASSED] - Test Cases/Product Admin/TC-PA-012: Test Cases/Product Admin/TC-PA-012

2023-10-04 18:20:52 - [TEST_STEP][PASSED] - callTestCase(findTestCase("Product Admin/TC-PA-011"), [:], STOP_ON_FAILURE): Call Test Case 'Test Cases/Product Admin/TC-PA-011' successfully

2023-10-04 18:20:52 - [TEST_CASE][PASSED] - Test Cases/Product Admin/TC-PA-011: Test Cases/Product Admin/TC-PA-011

2023-10-04 18:20:52 - [TEST_STEP][PASSED] - callTestCase(findTestCase("Product Admin/TC-PA-001"), [:], STOP_ON_FAILURE): Call Test Case 'Test Cases/Product Admin/TC-PA-001' successfully

2023-10-04 18:20:52 - [TEST_CASE][PASSED] - Test Cases/Product Admin/TC-PA-001: Test Cases/Product Admin/TC-PA-001

2023-10-04 18:20:52 - [TEST_STEP][PASSED] - callTestCase(findTestCase("Login Admin/TC-Login Admin-001"), [:], STOP_ON_FAILURE): Call Test Case 'Test Cases/Login Admin/TC-Login Admin-001' successfully

2023-10-04 18:20:52 - [TEST_CASE][PASSED] - Test Cases/Login Admin/TC-Login Admin-001: Test Cases/Login Admin/TC-Login Admin-001

2023-10-04 18:20:52 - [TEST_STEP][PASSED] - openBrowser(adminTajalapak): Browser is opened with url: 'https://10.9.2.63/ecommerce/administrator'

2023-10-04 18:20:52 - [MESSAGE][WARNING] - A browser is already opened. Closing browser and opening a new one

2023-10-04 18:20:53 - [MESSAGE][INFO] - Starting 'Edge Chromium' driver

2023-10-04 18:20:53 - [MESSAGE][INFO] - User set preference: ['acceptInsecureCerts', 'true']

2023-10-04 18:20:54 - [MESSAGE][INFO] - Action delay is set to 0 milliseconds

2023-10-04 18:20:57 - [MESSAGE][PASSED] - Browser is opened with url: 'https://10.9.2.63/ecommerce/administrator'

2023-10-04 18:20:57 - [TEST_STEP][PASSED] - maximizeWindow(): Current window maximized

2023-10-04 18:20:57 - [MESSAGE][PASSED] - Current window maximized

2023-10-04 18:20:57 - [TEST_STEP][PASSED] - verifyElementPresent(findTestObject("Login Admin/Verifikasi Halaman Administrator"), 0): Object 'Object Repository/Login Admin/Verifikasi Halaman Administrator' is present

2023-10-04 18:20:57 - [MESSAGE][WARNING] - Timeout '0' is invalid. Using default page load timeout: '30'

2023-10-04 18:20:57 - [MESSAGE][PASSED] - Object 'Object Repository/Login Admin/Verifikasi Halaman Administrator' is present

2023-10-04 18:20:57 - [TEST_STEP][PASSED] - setText(findTestObject("Login Admin/Input Username Admin"), "admin"): Text 'admin' is set on object 'Object Repository/Login Admin/Input Username Admin'

2023-10-04 18:20:58 - [MESSAGE][PASSED] - Text 'admin' is set on object 'Object Repository/Login Admin/Input Username Admin'

2023-10-04 18:20:58 - [TEST_STEP][PASSED] - setEncryptedText(findTestObject("Login Admin/Input Password Admin"), "374mkdZ/lqyNS21oH+MJZQ=="): Text ****** has been set on object 'Object Repository/Login Admin/Input Password Admin'

2023-10-04 18:20:59 - [MESSAGE][PASSED] - Text ****** has been set on object 'Object Repository/Login Admin/Input Password Admin'

2023-10-04 18:20:59 - [TEST_STEP][PASSED] - delay(10): Delayed 10 second(s)

2023-10-04 18:21:09 - [MESSAGE][PASSED] - Delayed 10 second(s)

2023-10-04 18:21:09 - [TEST_STEP][PASSED] - click(findTestObject("Login Admin/Botton Sign In")): Object: 'Object Repository/Login Admin/Botton Sign In' is clicked on

2023-10-04 18:21:10 - [MESSAGE][PASSED] - Object: 'Object Repository/Login Admin/Botton Sign In' is clicked on

2023-10-04 18:21:10 - [TEST_STEP][PASSED] - verifyElementPresent(findTestObject("Login Admin/Verifikasi Halaman Login Admin"), 0): Object 'Object Repository/Login Admin/Verifikasi Halaman Login Admin' is present

2023-10-04 18:21:10 - [MESSAGE][WARNING] - Timeout '0' is invalid. Using default page load timeout: '30'

2023-10-04 18:21:11 - [MESSAGE][PASSED] - Object 'Object Repository/Login Admin/Verifikasi Halaman Login Admin' is present

2023-10-04 18:21:11 - [MESSAGE][PASSED] - Call Test Case 'Test Cases/Login Admin/TC-Login Admin-001' successfully

2023-10-04 18:21:11 - [TEST_STEP][PASSED] - click(findTestObject("Product Admin/Master Market")): Object: 'Object Repository/Product Admin/Master Market' is clicked on

2023-10-04 18:21:11 - [MESSAGE][PASSED] - Object: 'Object Repository/Product Admin/Master Market' is clicked on

2023-10-04 18:21:11 - [TEST_STEP][PASSED] - click(findTestObject("Product Admin/Produk Admin")): Object: 'Object Repository/Product Admin/Produk Admin' is clicked on

2023-10-04 18:21:13 - [MESSAGE][PASSED] - Object: 'Object Repository/Product Admin/Produk Admin' is clicked on

2023-10-04 18:21:13 - [TEST_STEP][PASSED] - verifyElementPresent(findTestObject("Product Admin/Veridikasi Halaman Semua Produk"), 0): Object 'Object Repository/Product Admin/Veridikasi Halaman Semua Produk' is present

2023-10-04 18:21:13 - [MESSAGE][WARNING] - Timeout '0' is invalid. Using default page load timeout: '30'

2023-10-04 18:21:13 - [MESSAGE][PASSED] - Object 'Object Repository/Product Admin/Veridikasi Halaman Semua Produk' is present

2023-10-04 18:21:13 - [MESSAGE][PASSED] - Call Test Case 'Test Cases/Product Admin/TC-PA-001' successfully

2023-10-04 18:21:13 - [TEST_STEP][PASSED] - click(findTestObject("Product Admin/Button Sort Konsumen")): Object: 'Object Repository/Product Admin/Button Sort Konsumen' is clicked on

2023-10-04 18:21:14 - [MESSAGE][PASSED] - Object: 'Object Repository/Product Admin/Button Sort Konsumen' is clicked on

2023-10-04 18:21:14 - [TEST_STEP][PASSED] - dataList = findWebElements(findTestObject("Object Repository/Product Admin/Data harga Konsumen"), 10): null

2023-10-04 18:21:14 - [TEST_STEP][PASSED] - arrProdukNameOri = []: null

2023-10-04 18:21:14 - [TEST_STEP][PASSED] - arrProdukNameSort = []: null

2023-10-04 18:21:14 - [TEST_STEP][PASSED] - for ([i = 0, i < dataList.size(), (i++)]): null

2023-10-04 18:21:14 - [TEST_STEP][PASSED] - text = text: null

2023-10-04 18:21:14 - [TEST_STEP][PASSED] - arrProdukNameOri[i] = Integer.parseInt(text.replace(",", "")): null

2023-10-04 18:21:14 - [TEST_STEP][PASSED] - arrProdukNameSort[i] = Integer.parseInt(text.replace(",", "")): null

2023-10-04 18:21:14 - [TEST_STEP][PASSED] - text = text: null

2023-10-04 18:21:14 - [TEST_STEP][PASSED] - arrProdukNameOri[i] = Integer.parseInt(text.replace(",", "")): null

2023-10-04 18:21:14 - [TEST_STEP][PASSED] - arrProdukNameSort[i] = Integer.parseInt(text.replace(",", "")): null

2023-10-04 18:21:14 - [TEST_STEP][PASSED] - text = text: null

2023-10-04 18:21:14 - [TEST_STEP][PASSED] - arrProdukNameOri[i] = Integer.parseInt(text.replace(",", "")): null

2023-10-04 18:21:14 - [TEST_STEP][PASSED] - arrProdukNameSort[i] = Integer.parseInt(text.replace(",", "")): null

2023-10-04 18:21:14 - [TEST_STEP][PASSED] - text = text: null

2023-10-04 18:21:14 - [TEST_STEP][PASSED] - arrProdukNameOri[i] = Integer.parseInt(text.replace(",", "")): null

2023-10-04 18:21:14 - [TEST_STEP][PASSED] - arrProdukNameSort[i] = Integer.parseInt(text.replace(",", "")): null

2023-10-04 18:21:14 - [TEST_STEP][PASSED] - text = text: null

2023-10-04 18:21:14 - [TEST_STEP][PASSED] - arrProdukNameOri[i] = Integer.parseInt(text.replace(",", "")): null

2023-10-04 18:21:14 - [TEST_STEP][PASSED] - arrProdukNameSort[i] = Integer.parseInt(text.replace(",", "")): null

2023-10-04 18:21:14 - [TEST_STEP][PASSED] - text = text: null

2023-10-04 18:21:14 - [TEST_STEP][PASSED] - arrProdukNameOri[i] = Integer.parseInt(text.replace(",", "")): null

2023-10-04 18:21:14 - [TEST_STEP][PASSED] - arrProdukNameSort[i] = Integer.parseInt(text.replace(",", "")): null

2023-10-04 18:21:14 - [TEST_STEP][PASSED] - text = text: null

2023-10-04 18:21:14 - [TEST_STEP][PASSED] - arrProdukNameOri[i] = Integer.parseInt(text.replace(",", "")): null

2023-10-04 18:21:14 - [TEST_STEP][PASSED] - arrProdukNameSort[i] = Integer.parseInt(text.replace(",", "")): null

2023-10-04 18:21:14 - [TEST_STEP][PASSED] - text = text: null

2023-10-04 18:21:14 - [TEST_STEP][PASSED] - arrProdukNameOri[i] = Integer.parseInt(text.replace(",", "")): null

2023-10-04 18:21:14 - [TEST_STEP][PASSED] - arrProdukNameSort[i] = Integer.parseInt(text.replace(",", "")): null

2023-10-04 18:21:14 - [TEST_STEP][PASSED] - text = text: null

2023-10-04 18:21:14 - [TEST_STEP][PASSED] - arrProdukNameOri[i] = Integer.parseInt(text.replace(",", "")): null

2023-10-04 18:21:14 - [TEST_STEP][PASSED] - arrProdukNameSort[i] = Integer.parseInt(text.replace(",", "")): null

2023-10-04 18:21:14 - [TEST_STEP][PASSED] - text = text: null

2023-10-04 18:21:14 - [TEST_STEP][PASSED] - arrProdukNameOri[i] = Integer.parseInt(text.replace(",", "")): null

2023-10-04 18:21:14 - [TEST_STEP][PASSED] - arrProdukNameSort[i] = Integer.parseInt(text.replace(",", "")): null

2023-10-04 18:21:14 - [TEST_STEP][PASSED] - Arrays.sort(arrProdukNameSort): null

2023-10-04 18:21:14 - [TEST_STEP][PASSED] - println(arrProdukNameOri): null

2023-10-04 18:21:14 - [TEST_STEP][PASSED] - println(arrProdukNameSort): null

2023-10-04 18:21:14 - [TEST_STEP][PASSED] - assert arrProdukNameOri == arrProdukNameSort: null

2023-10-04 18:21:14 - [MESSAGE][PASSED] - Call Test Case 'Test Cases/Product Admin/TC-PA-011' successfully

2023-10-04 18:21:14 - [TEST_STEP][PASSED] - click(findTestObject("Product Admin/Button Sort Konsumen")): Object: 'Object Repository/Product Admin/Button Sort Konsumen' is clicked on

2023-10-04 18:21:15 - [MESSAGE][PASSED] - Object: 'Object Repository/Product Admin/Button Sort Konsumen' is clicked on

2023-10-04 18:21:15 - [TEST_STEP][PASSED] - dataList = findWebElements(findTestObject("Object Repository/Product Admin/Data harga Konsumen"), 10): null

2023-10-04 18:21:15 - [TEST_STEP][PASSED] - arrProdukNameOri = []: null

2023-10-04 18:21:15 - [TEST_STEP][PASSED] - arrProdukNameSort = []: null

2023-10-04 18:21:15 - [TEST_STEP][PASSED] - for ([i = 0, i < dataList.size(), (i++)]): null

2023-10-04 18:21:15 - [TEST_STEP][PASSED] - text = text: null

2023-10-04 18:21:15 - [TEST_STEP][PASSED] - arrProdukNameOri[i] = Integer.parseInt(text.replace(",", "")): null

2023-10-04 18:21:15 - [TEST_STEP][PASSED] - arrProdukNameSort[i] = Integer.parseInt(text.replace(",", "")): null

2023-10-04 18:21:15 - [TEST_STEP][PASSED] - text = text: null

2023-10-04 18:21:15 - [TEST_STEP][PASSED] - arrProdukNameOri[i] = Integer.parseInt(text.replace(",", "")): null

2023-10-04 18:21:15 - [TEST_STEP][PASSED] - arrProdukNameSort[i] = Integer.parseInt(text.replace(",", "")): null

2023-10-04 18:21:15 - [TEST_STEP][PASSED] - text = text: null

2023-10-04 18:21:15 - [TEST_STEP][PASSED] - arrProdukNameOri[i] = Integer.parseInt(text.replace(",", "")): null

2023-10-04 18:21:15 - [TEST_STEP][PASSED] - arrProdukNameSort[i] = Integer.parseInt(text.replace(",", "")): null

2023-10-04 18:21:15 - [TEST_STEP][PASSED] - text = text: null

2023-10-04 18:21:15 - [TEST_STEP][PASSED] - arrProdukNameOri[i] = Integer.parseInt(text.replace(",", "")): null

2023-10-04 18:21:15 - [TEST_STEP][PASSED] - arrProdukNameSort[i] = Integer.parseInt(text.replace(",", "")): null

2023-10-04 18:21:15 - [TEST_STEP][PASSED] - text = text: null

2023-10-04 18:21:15 - [TEST_STEP][PASSED] - arrProdukNameOri[i] = Integer.parseInt(text.replace(",", "")): null

2023-10-04 18:21:15 - [TEST_STEP][PASSED] - arrProdukNameSort[i] = Integer.parseInt(text.replace(",", "")): null

2023-10-04 18:21:15 - [TEST_STEP][PASSED] - text = text: null

2023-10-04 18:21:15 - [TEST_STEP][PASSED] - arrProdukNameOri[i] = Integer.parseInt(text.replace(",", "")): null

2023-10-04 18:21:15 - [TEST_STEP][PASSED] - arrProdukNameSort[i] = Integer.parseInt(text.replace(",", "")): null

2023-10-04 18:21:15 - [TEST_STEP][PASSED] - text = text: null

2023-10-04 18:21:15 - [TEST_STEP][PASSED] - arrProdukNameOri[i] = Integer.parseInt(text.replace(",", "")): null

2023-10-04 18:21:15 - [TEST_STEP][PASSED] - arrProdukNameSort[i] = Integer.parseInt(text.replace(",", "")): null

2023-10-04 18:21:15 - [TEST_STEP][PASSED] - text = text: null

2023-10-04 18:21:15 - [TEST_STEP][PASSED] - arrProdukNameOri[i] = Integer.parseInt(text.replace(",", "")): null

2023-10-04 18:21:15 - [TEST_STEP][PASSED] - arrProdukNameSort[i] = Integer.parseInt(text.replace(",", "")): null

2023-10-04 18:21:15 - [TEST_STEP][PASSED] - text = text: null

2023-10-04 18:21:15 - [TEST_STEP][PASSED] - arrProdukNameOri[i] = Integer.parseInt(text.replace(",", "")): null

2023-10-04 18:21:15 - [TEST_STEP][PASSED] - arrProdukNameSort[i] = Integer.parseInt(text.replace(",", "")): null

2023-10-04 18:21:15 - [TEST_STEP][PASSED] - text = text: null

2023-10-04 18:21:15 - [TEST_STEP][PASSED] - arrProdukNameOri[i] = Integer.parseInt(text.replace(",", "")): null

2023-10-04 18:21:15 - [TEST_STEP][PASSED] - arrProdukNameSort[i] = Integer.parseInt(text.replace(",", "")): null

2023-10-04 18:21:15 - [TEST_STEP][PASSED] - Arrays.sort(arrProdukNameSort, Collections.reverseOrder()): null

2023-10-04 18:21:15 - [TEST_STEP][PASSED] - println(arrProdukNameOri): null

2023-10-04 18:21:15 - [TEST_STEP][PASSED] - println(arrProdukNameSort): null

2023-10-04 18:21:15 - [TEST_STEP][PASSED] - assert arrProdukNameOri == arrProdukNameSort: null]]></system-out>
         <system-err><![CDATA[]]></system-err>
      </testcase>
      <testcase name="Test Cases/Product Admin/TC-PA-013" time="22.252" classname="Test Cases/Product Admin/TC-PA-013" status="PASSED">
         <system-out><![CDATA[2023-10-04 18:21:15 - [TEST_CASE][PASSED] - Test Cases/Product Admin/TC-PA-013: Test Cases/Product Admin/TC-PA-013

2023-10-04 18:21:16 - [TEST_STEP][PASSED] - callTestCase(findTestCase("Product Admin/TC-PA-001"), [:], STOP_ON_FAILURE): Call Test Case 'Test Cases/Product Admin/TC-PA-001' successfully

2023-10-04 18:21:16 - [TEST_CASE][PASSED] - Test Cases/Product Admin/TC-PA-001: Test Cases/Product Admin/TC-PA-001

2023-10-04 18:21:16 - [TEST_STEP][PASSED] - callTestCase(findTestCase("Login Admin/TC-Login Admin-001"), [:], STOP_ON_FAILURE): Call Test Case 'Test Cases/Login Admin/TC-Login Admin-001' successfully

2023-10-04 18:21:16 - [TEST_CASE][PASSED] - Test Cases/Login Admin/TC-Login Admin-001: Test Cases/Login Admin/TC-Login Admin-001

2023-10-04 18:21:16 - [TEST_STEP][PASSED] - openBrowser(adminTajalapak): Browser is opened with url: 'https://10.9.2.63/ecommerce/administrator'

2023-10-04 18:21:16 - [MESSAGE][WARNING] - A browser is already opened. Closing browser and opening a new one

2023-10-04 18:21:17 - [MESSAGE][INFO] - Starting 'Edge Chromium' driver

2023-10-04 18:21:17 - [MESSAGE][INFO] - User set preference: ['acceptInsecureCerts', 'true']

2023-10-04 18:21:18 - [MESSAGE][INFO] - Action delay is set to 0 milliseconds

2023-10-04 18:21:20 - [MESSAGE][PASSED] - Browser is opened with url: 'https://10.9.2.63/ecommerce/administrator'

2023-10-04 18:21:20 - [TEST_STEP][PASSED] - maximizeWindow(): Current window maximized

2023-10-04 18:21:20 - [MESSAGE][PASSED] - Current window maximized

2023-10-04 18:21:20 - [TEST_STEP][PASSED] - verifyElementPresent(findTestObject("Login Admin/Verifikasi Halaman Administrator"), 0): Object 'Object Repository/Login Admin/Verifikasi Halaman Administrator' is present

2023-10-04 18:21:21 - [MESSAGE][WARNING] - Timeout '0' is invalid. Using default page load timeout: '30'

2023-10-04 18:21:21 - [MESSAGE][PASSED] - Object 'Object Repository/Login Admin/Verifikasi Halaman Administrator' is present

2023-10-04 18:21:21 - [TEST_STEP][PASSED] - setText(findTestObject("Login Admin/Input Username Admin"), "admin"): Text 'admin' is set on object 'Object Repository/Login Admin/Input Username Admin'

2023-10-04 18:21:22 - [MESSAGE][PASSED] - Text 'admin' is set on object 'Object Repository/Login Admin/Input Username Admin'

2023-10-04 18:21:22 - [TEST_STEP][PASSED] - setEncryptedText(findTestObject("Login Admin/Input Password Admin"), "374mkdZ/lqyNS21oH+MJZQ=="): Text ****** has been set on object 'Object Repository/Login Admin/Input Password Admin'

2023-10-04 18:21:23 - [MESSAGE][PASSED] - Text ****** has been set on object 'Object Repository/Login Admin/Input Password Admin'

2023-10-04 18:21:23 - [TEST_STEP][PASSED] - delay(10): Delayed 10 second(s)

2023-10-04 18:21:33 - [MESSAGE][PASSED] - Delayed 10 second(s)

2023-10-04 18:21:33 - [TEST_STEP][PASSED] - click(findTestObject("Login Admin/Botton Sign In")): Object: 'Object Repository/Login Admin/Botton Sign In' is clicked on

2023-10-04 18:21:34 - [MESSAGE][PASSED] - Object: 'Object Repository/Login Admin/Botton Sign In' is clicked on

2023-10-04 18:21:34 - [TEST_STEP][PASSED] - verifyElementPresent(findTestObject("Login Admin/Verifikasi Halaman Login Admin"), 0): Object 'Object Repository/Login Admin/Verifikasi Halaman Login Admin' is present

2023-10-04 18:21:34 - [MESSAGE][WARNING] - Timeout '0' is invalid. Using default page load timeout: '30'

2023-10-04 18:21:34 - [MESSAGE][PASSED] - Object 'Object Repository/Login Admin/Verifikasi Halaman Login Admin' is present

2023-10-04 18:21:34 - [MESSAGE][PASSED] - Call Test Case 'Test Cases/Login Admin/TC-Login Admin-001' successfully

2023-10-04 18:21:35 - [TEST_STEP][PASSED] - click(findTestObject("Product Admin/Master Market")): Object: 'Object Repository/Product Admin/Master Market' is clicked on

2023-10-04 18:21:35 - [MESSAGE][PASSED] - Object: 'Object Repository/Product Admin/Master Market' is clicked on

2023-10-04 18:21:35 - [TEST_STEP][PASSED] - click(findTestObject("Product Admin/Produk Admin")): Object: 'Object Repository/Product Admin/Produk Admin' is clicked on

2023-10-04 18:21:36 - [MESSAGE][PASSED] - Object: 'Object Repository/Product Admin/Produk Admin' is clicked on

2023-10-04 18:21:36 - [TEST_STEP][PASSED] - verifyElementPresent(findTestObject("Product Admin/Veridikasi Halaman Semua Produk"), 0): Object 'Object Repository/Product Admin/Veridikasi Halaman Semua Produk' is present

2023-10-04 18:21:36 - [MESSAGE][WARNING] - Timeout '0' is invalid. Using default page load timeout: '30'

2023-10-04 18:21:37 - [MESSAGE][PASSED] - Object 'Object Repository/Product Admin/Veridikasi Halaman Semua Produk' is present

2023-10-04 18:21:37 - [MESSAGE][PASSED] - Call Test Case 'Test Cases/Product Admin/TC-PA-001' successfully

2023-10-04 18:21:37 - [TEST_STEP][PASSED] - click(findTestObject("Product Admin/Button Sort Stok")): Object: 'Object Repository/Product Admin/Button Sort Stok' is clicked on

2023-10-04 18:21:37 - [MESSAGE][PASSED] - Object: 'Object Repository/Product Admin/Button Sort Stok' is clicked on

2023-10-04 18:21:37 - [TEST_STEP][PASSED] - dataList = findWebElements(findTestObject("Object Repository/Product Admin/Data Jumlah Stok"), 10): null

2023-10-04 18:21:38 - [TEST_STEP][PASSED] - arrProdukNameOri = []: null

2023-10-04 18:21:38 - [TEST_STEP][PASSED] - arrProdukNameSort = []: null

2023-10-04 18:21:38 - [TEST_STEP][PASSED] - for ([i = 0, i < dataList.size(), (i++)]): null

2023-10-04 18:21:38 - [TEST_STEP][PASSED] - text = text: null

2023-10-04 18:21:38 - [TEST_STEP][PASSED] - arrProdukNameOri[i] = Integer.parseInt(text.replace(",", "")): null

2023-10-04 18:21:38 - [TEST_STEP][PASSED] - arrProdukNameSort[i] = Integer.parseInt(text.replace(",", "")): null

2023-10-04 18:21:38 - [TEST_STEP][PASSED] - text = text: null

2023-10-04 18:21:38 - [TEST_STEP][PASSED] - arrProdukNameOri[i] = Integer.parseInt(text.replace(",", "")): null

2023-10-04 18:21:38 - [TEST_STEP][PASSED] - arrProdukNameSort[i] = Integer.parseInt(text.replace(",", "")): null

2023-10-04 18:21:38 - [TEST_STEP][PASSED] - text = text: null

2023-10-04 18:21:38 - [TEST_STEP][PASSED] - arrProdukNameOri[i] = Integer.parseInt(text.replace(",", "")): null

2023-10-04 18:21:38 - [TEST_STEP][PASSED] - arrProdukNameSort[i] = Integer.parseInt(text.replace(",", "")): null

2023-10-04 18:21:38 - [TEST_STEP][PASSED] - text = text: null

2023-10-04 18:21:38 - [TEST_STEP][PASSED] - arrProdukNameOri[i] = Integer.parseInt(text.replace(",", "")): null

2023-10-04 18:21:38 - [TEST_STEP][PASSED] - arrProdukNameSort[i] = Integer.parseInt(text.replace(",", "")): null

2023-10-04 18:21:38 - [TEST_STEP][PASSED] - text = text: null

2023-10-04 18:21:38 - [TEST_STEP][PASSED] - arrProdukNameOri[i] = Integer.parseInt(text.replace(",", "")): null

2023-10-04 18:21:38 - [TEST_STEP][PASSED] - arrProdukNameSort[i] = Integer.parseInt(text.replace(",", "")): null

2023-10-04 18:21:38 - [TEST_STEP][PASSED] - text = text: null

2023-10-04 18:21:38 - [TEST_STEP][PASSED] - arrProdukNameOri[i] = Integer.parseInt(text.replace(",", "")): null

2023-10-04 18:21:38 - [TEST_STEP][PASSED] - arrProdukNameSort[i] = Integer.parseInt(text.replace(",", "")): null

2023-10-04 18:21:38 - [TEST_STEP][PASSED] - text = text: null

2023-10-04 18:21:38 - [TEST_STEP][PASSED] - arrProdukNameOri[i] = Integer.parseInt(text.replace(",", "")): null

2023-10-04 18:21:38 - [TEST_STEP][PASSED] - arrProdukNameSort[i] = Integer.parseInt(text.replace(",", "")): null

2023-10-04 18:21:38 - [TEST_STEP][PASSED] - text = text: null

2023-10-04 18:21:38 - [TEST_STEP][PASSED] - arrProdukNameOri[i] = Integer.parseInt(text.replace(",", "")): null

2023-10-04 18:21:38 - [TEST_STEP][PASSED] - arrProdukNameSort[i] = Integer.parseInt(text.replace(",", "")): null

2023-10-04 18:21:38 - [TEST_STEP][PASSED] - text = text: null

2023-10-04 18:21:38 - [TEST_STEP][PASSED] - arrProdukNameOri[i] = Integer.parseInt(text.replace(",", "")): null

2023-10-04 18:21:38 - [TEST_STEP][PASSED] - arrProdukNameSort[i] = Integer.parseInt(text.replace(",", "")): null

2023-10-04 18:21:38 - [TEST_STEP][PASSED] - text = text: null

2023-10-04 18:21:38 - [TEST_STEP][PASSED] - arrProdukNameOri[i] = Integer.parseInt(text.replace(",", "")): null

2023-10-04 18:21:38 - [TEST_STEP][PASSED] - arrProdukNameSort[i] = Integer.parseInt(text.replace(",", "")): null

2023-10-04 18:21:38 - [TEST_STEP][PASSED] - Arrays.sort(arrProdukNameSort): null

2023-10-04 18:21:38 - [TEST_STEP][PASSED] - println(arrProdukNameOri): null

2023-10-04 18:21:38 - [TEST_STEP][PASSED] - println(arrProdukNameSort): null

2023-10-04 18:21:38 - [TEST_STEP][PASSED] - assert arrProdukNameOri == arrProdukNameSort: null]]></system-out>
         <system-err><![CDATA[]]></system-err>
      </testcase>
      <testcase name="Test Cases/Product Admin/TC-PA-014" time="22.342" classname="Test Cases/Product Admin/TC-PA-014" status="PASSED">
         <system-out><![CDATA[2023-10-04 18:21:38 - [TEST_CASE][PASSED] - Test Cases/Product Admin/TC-PA-014: Test Cases/Product Admin/TC-PA-014

2023-10-04 18:21:38 - [TEST_STEP][PASSED] - callTestCase(findTestCase("Product Admin/TC-PA-013"), [:], STOP_ON_FAILURE): Call Test Case 'Test Cases/Product Admin/TC-PA-013' successfully

2023-10-04 18:21:38 - [TEST_CASE][PASSED] - Test Cases/Product Admin/TC-PA-013: Test Cases/Product Admin/TC-PA-013

2023-10-04 18:21:38 - [TEST_STEP][PASSED] - callTestCase(findTestCase("Product Admin/TC-PA-001"), [:], STOP_ON_FAILURE): Call Test Case 'Test Cases/Product Admin/TC-PA-001' successfully

2023-10-04 18:21:38 - [TEST_CASE][PASSED] - Test Cases/Product Admin/TC-PA-001: Test Cases/Product Admin/TC-PA-001

2023-10-04 18:21:38 - [TEST_STEP][PASSED] - callTestCase(findTestCase("Login Admin/TC-Login Admin-001"), [:], STOP_ON_FAILURE): Call Test Case 'Test Cases/Login Admin/TC-Login Admin-001' successfully

2023-10-04 18:21:38 - [TEST_CASE][PASSED] - Test Cases/Login Admin/TC-Login Admin-001: Test Cases/Login Admin/TC-Login Admin-001

2023-10-04 18:21:38 - [TEST_STEP][PASSED] - openBrowser(adminTajalapak): Browser is opened with url: 'https://10.9.2.63/ecommerce/administrator'

2023-10-04 18:21:38 - [MESSAGE][WARNING] - A browser is already opened. Closing browser and opening a new one

2023-10-04 18:21:39 - [MESSAGE][INFO] - Starting 'Edge Chromium' driver

2023-10-04 18:21:39 - [MESSAGE][INFO] - User set preference: ['acceptInsecureCerts', 'true']

2023-10-04 18:21:40 - [MESSAGE][INFO] - Action delay is set to 0 milliseconds

2023-10-04 18:21:42 - [MESSAGE][PASSED] - Browser is opened with url: 'https://10.9.2.63/ecommerce/administrator'

2023-10-04 18:21:42 - [TEST_STEP][PASSED] - maximizeWindow(): Current window maximized

2023-10-04 18:21:42 - [MESSAGE][PASSED] - Current window maximized

2023-10-04 18:21:42 - [TEST_STEP][PASSED] - verifyElementPresent(findTestObject("Login Admin/Verifikasi Halaman Administrator"), 0): Object 'Object Repository/Login Admin/Verifikasi Halaman Administrator' is present

2023-10-04 18:21:42 - [MESSAGE][WARNING] - Timeout '0' is invalid. Using default page load timeout: '30'

2023-10-04 18:21:43 - [MESSAGE][PASSED] - Object 'Object Repository/Login Admin/Verifikasi Halaman Administrator' is present

2023-10-04 18:21:43 - [TEST_STEP][PASSED] - setText(findTestObject("Login Admin/Input Username Admin"), "admin"): Text 'admin' is set on object 'Object Repository/Login Admin/Input Username Admin'

2023-10-04 18:21:43 - [MESSAGE][PASSED] - Text 'admin' is set on object 'Object Repository/Login Admin/Input Username Admin'

2023-10-04 18:21:43 - [TEST_STEP][PASSED] - setEncryptedText(findTestObject("Login Admin/Input Password Admin"), "374mkdZ/lqyNS21oH+MJZQ=="): Text ****** has been set on object 'Object Repository/Login Admin/Input Password Admin'

2023-10-04 18:21:44 - [MESSAGE][PASSED] - Text ****** has been set on object 'Object Repository/Login Admin/Input Password Admin'

2023-10-04 18:21:44 - [TEST_STEP][PASSED] - delay(10): Delayed 10 second(s)

2023-10-04 18:21:54 - [MESSAGE][PASSED] - Delayed 10 second(s)

2023-10-04 18:21:54 - [TEST_STEP][PASSED] - click(findTestObject("Login Admin/Botton Sign In")): Object: 'Object Repository/Login Admin/Botton Sign In' is clicked on

2023-10-04 18:21:55 - [MESSAGE][PASSED] - Object: 'Object Repository/Login Admin/Botton Sign In' is clicked on

2023-10-04 18:21:55 - [TEST_STEP][PASSED] - verifyElementPresent(findTestObject("Login Admin/Verifikasi Halaman Login Admin"), 0): Object 'Object Repository/Login Admin/Verifikasi Halaman Login Admin' is present

2023-10-04 18:21:55 - [MESSAGE][WARNING] - Timeout '0' is invalid. Using default page load timeout: '30'

2023-10-04 18:21:56 - [MESSAGE][PASSED] - Object 'Object Repository/Login Admin/Verifikasi Halaman Login Admin' is present

2023-10-04 18:21:56 - [MESSAGE][PASSED] - Call Test Case 'Test Cases/Login Admin/TC-Login Admin-001' successfully

2023-10-04 18:21:56 - [TEST_STEP][PASSED] - click(findTestObject("Product Admin/Master Market")): Object: 'Object Repository/Product Admin/Master Market' is clicked on

2023-10-04 18:21:56 - [MESSAGE][PASSED] - Object: 'Object Repository/Product Admin/Master Market' is clicked on

2023-10-04 18:21:56 - [TEST_STEP][PASSED] - click(findTestObject("Product Admin/Produk Admin")): Object: 'Object Repository/Product Admin/Produk Admin' is clicked on

2023-10-04 18:21:57 - [MESSAGE][PASSED] - Object: 'Object Repository/Product Admin/Produk Admin' is clicked on

2023-10-04 18:21:57 - [TEST_STEP][PASSED] - verifyElementPresent(findTestObject("Product Admin/Veridikasi Halaman Semua Produk"), 0): Object 'Object Repository/Product Admin/Veridikasi Halaman Semua Produk' is present

2023-10-04 18:21:58 - [MESSAGE][WARNING] - Timeout '0' is invalid. Using default page load timeout: '30'

2023-10-04 18:21:58 - [MESSAGE][PASSED] - Object 'Object Repository/Product Admin/Veridikasi Halaman Semua Produk' is present

2023-10-04 18:21:58 - [MESSAGE][PASSED] - Call Test Case 'Test Cases/Product Admin/TC-PA-001' successfully

2023-10-04 18:21:58 - [TEST_STEP][PASSED] - click(findTestObject("Product Admin/Button Sort Stok")): Object: 'Object Repository/Product Admin/Button Sort Stok' is clicked on

2023-10-04 18:21:58 - [MESSAGE][PASSED] - Object: 'Object Repository/Product Admin/Button Sort Stok' is clicked on

2023-10-04 18:21:58 - [TEST_STEP][PASSED] - dataList = findWebElements(findTestObject("Object Repository/Product Admin/Data Jumlah Stok"), 10): null

2023-10-04 18:21:59 - [TEST_STEP][PASSED] - arrProdukNameOri = []: null

2023-10-04 18:21:59 - [TEST_STEP][PASSED] - arrProdukNameSort = []: null

2023-10-04 18:21:59 - [TEST_STEP][PASSED] - for ([i = 0, i < dataList.size(), (i++)]): null

2023-10-04 18:21:59 - [TEST_STEP][PASSED] - text = text: null

2023-10-04 18:21:59 - [TEST_STEP][PASSED] - arrProdukNameOri[i] = Integer.parseInt(text.replace(",", "")): null

2023-10-04 18:21:59 - [TEST_STEP][PASSED] - arrProdukNameSort[i] = Integer.parseInt(text.replace(",", "")): null

2023-10-04 18:21:59 - [TEST_STEP][PASSED] - text = text: null

2023-10-04 18:21:59 - [TEST_STEP][PASSED] - arrProdukNameOri[i] = Integer.parseInt(text.replace(",", "")): null

2023-10-04 18:21:59 - [TEST_STEP][PASSED] - arrProdukNameSort[i] = Integer.parseInt(text.replace(",", "")): null

2023-10-04 18:21:59 - [TEST_STEP][PASSED] - text = text: null

2023-10-04 18:21:59 - [TEST_STEP][PASSED] - arrProdukNameOri[i] = Integer.parseInt(text.replace(",", "")): null

2023-10-04 18:21:59 - [TEST_STEP][PASSED] - arrProdukNameSort[i] = Integer.parseInt(text.replace(",", "")): null

2023-10-04 18:21:59 - [TEST_STEP][PASSED] - text = text: null

2023-10-04 18:21:59 - [TEST_STEP][PASSED] - arrProdukNameOri[i] = Integer.parseInt(text.replace(",", "")): null

2023-10-04 18:21:59 - [TEST_STEP][PASSED] - arrProdukNameSort[i] = Integer.parseInt(text.replace(",", "")): null

2023-10-04 18:21:59 - [TEST_STEP][PASSED] - text = text: null

2023-10-04 18:21:59 - [TEST_STEP][PASSED] - arrProdukNameOri[i] = Integer.parseInt(text.replace(",", "")): null

2023-10-04 18:21:59 - [TEST_STEP][PASSED] - arrProdukNameSort[i] = Integer.parseInt(text.replace(",", "")): null

2023-10-04 18:21:59 - [TEST_STEP][PASSED] - text = text: null

2023-10-04 18:21:59 - [TEST_STEP][PASSED] - arrProdukNameOri[i] = Integer.parseInt(text.replace(",", "")): null

2023-10-04 18:21:59 - [TEST_STEP][PASSED] - arrProdukNameSort[i] = Integer.parseInt(text.replace(",", "")): null

2023-10-04 18:21:59 - [TEST_STEP][PASSED] - text = text: null

2023-10-04 18:21:59 - [TEST_STEP][PASSED] - arrProdukNameOri[i] = Integer.parseInt(text.replace(",", "")): null

2023-10-04 18:21:59 - [TEST_STEP][PASSED] - arrProdukNameSort[i] = Integer.parseInt(text.replace(",", "")): null

2023-10-04 18:21:59 - [TEST_STEP][PASSED] - text = text: null

2023-10-04 18:21:59 - [TEST_STEP][PASSED] - arrProdukNameOri[i] = Integer.parseInt(text.replace(",", "")): null

2023-10-04 18:21:59 - [TEST_STEP][PASSED] - arrProdukNameSort[i] = Integer.parseInt(text.replace(",", "")): null

2023-10-04 18:21:59 - [TEST_STEP][PASSED] - text = text: null

2023-10-04 18:21:59 - [TEST_STEP][PASSED] - arrProdukNameOri[i] = Integer.parseInt(text.replace(",", "")): null

2023-10-04 18:21:59 - [TEST_STEP][PASSED] - arrProdukNameSort[i] = Integer.parseInt(text.replace(",", "")): null

2023-10-04 18:21:59 - [TEST_STEP][PASSED] - text = text: null

2023-10-04 18:21:59 - [TEST_STEP][PASSED] - arrProdukNameOri[i] = Integer.parseInt(text.replace(",", "")): null

2023-10-04 18:21:59 - [TEST_STEP][PASSED] - arrProdukNameSort[i] = Integer.parseInt(text.replace(",", "")): null

2023-10-04 18:21:59 - [TEST_STEP][PASSED] - Arrays.sort(arrProdukNameSort): null

2023-10-04 18:21:59 - [TEST_STEP][PASSED] - println(arrProdukNameOri): null

2023-10-04 18:21:59 - [TEST_STEP][PASSED] - println(arrProdukNameSort): null

2023-10-04 18:21:59 - [TEST_STEP][PASSED] - assert arrProdukNameOri == arrProdukNameSort: null

2023-10-04 18:21:59 - [MESSAGE][PASSED] - Call Test Case 'Test Cases/Product Admin/TC-PA-013' successfully

2023-10-04 18:21:59 - [TEST_STEP][PASSED] - click(findTestObject("Product Admin/Button Sort Stok")): Object: 'Object Repository/Product Admin/Button Sort Stok' is clicked on

2023-10-04 18:21:59 - [MESSAGE][PASSED] - Object: 'Object Repository/Product Admin/Button Sort Stok' is clicked on

2023-10-04 18:21:59 - [TEST_STEP][PASSED] - dataList = findWebElements(findTestObject("Object Repository/Product Admin/Data Jumlah Stok"), 10): null

2023-10-04 18:22:00 - [TEST_STEP][PASSED] - arrProdukNameOri = []: null

2023-10-04 18:22:00 - [TEST_STEP][PASSED] - arrProdukNameSort = []: null

2023-10-04 18:22:00 - [TEST_STEP][PASSED] - for ([i = 0, i < dataList.size(), (i++)]): null

2023-10-04 18:22:00 - [TEST_STEP][PASSED] - text = text: null

2023-10-04 18:22:00 - [TEST_STEP][PASSED] - arrProdukNameOri[i] = Integer.parseInt(text.replace(",", "")): null

2023-10-04 18:22:00 - [TEST_STEP][PASSED] - arrProdukNameSort[i] = Integer.parseInt(text.replace(",", "")): null

2023-10-04 18:22:00 - [TEST_STEP][PASSED] - text = text: null

2023-10-04 18:22:00 - [TEST_STEP][PASSED] - arrProdukNameOri[i] = Integer.parseInt(text.replace(",", "")): null

2023-10-04 18:22:00 - [TEST_STEP][PASSED] - arrProdukNameSort[i] = Integer.parseInt(text.replace(",", "")): null

2023-10-04 18:22:00 - [TEST_STEP][PASSED] - text = text: null

2023-10-04 18:22:00 - [TEST_STEP][PASSED] - arrProdukNameOri[i] = Integer.parseInt(text.replace(",", "")): null

2023-10-04 18:22:00 - [TEST_STEP][PASSED] - arrProdukNameSort[i] = Integer.parseInt(text.replace(",", "")): null

2023-10-04 18:22:00 - [TEST_STEP][PASSED] - text = text: null

2023-10-04 18:22:00 - [TEST_STEP][PASSED] - arrProdukNameOri[i] = Integer.parseInt(text.replace(",", "")): null

2023-10-04 18:22:00 - [TEST_STEP][PASSED] - arrProdukNameSort[i] = Integer.parseInt(text.replace(",", "")): null

2023-10-04 18:22:00 - [TEST_STEP][PASSED] - text = text: null

2023-10-04 18:22:00 - [TEST_STEP][PASSED] - arrProdukNameOri[i] = Integer.parseInt(text.replace(",", "")): null

2023-10-04 18:22:00 - [TEST_STEP][PASSED] - arrProdukNameSort[i] = Integer.parseInt(text.replace(",", "")): null

2023-10-04 18:22:00 - [TEST_STEP][PASSED] - text = text: null

2023-10-04 18:22:00 - [TEST_STEP][PASSED] - arrProdukNameOri[i] = Integer.parseInt(text.replace(",", "")): null

2023-10-04 18:22:00 - [TEST_STEP][PASSED] - arrProdukNameSort[i] = Integer.parseInt(text.replace(",", "")): null

2023-10-04 18:22:00 - [TEST_STEP][PASSED] - text = text: null

2023-10-04 18:22:00 - [TEST_STEP][PASSED] - arrProdukNameOri[i] = Integer.parseInt(text.replace(",", "")): null

2023-10-04 18:22:00 - [TEST_STEP][PASSED] - arrProdukNameSort[i] = Integer.parseInt(text.replace(",", "")): null

2023-10-04 18:22:00 - [TEST_STEP][PASSED] - text = text: null

2023-10-04 18:22:00 - [TEST_STEP][PASSED] - arrProdukNameOri[i] = Integer.parseInt(text.replace(",", "")): null

2023-10-04 18:22:00 - [TEST_STEP][PASSED] - arrProdukNameSort[i] = Integer.parseInt(text.replace(",", "")): null

2023-10-04 18:22:00 - [TEST_STEP][PASSED] - text = text: null

2023-10-04 18:22:00 - [TEST_STEP][PASSED] - arrProdukNameOri[i] = Integer.parseInt(text.replace(",", "")): null

2023-10-04 18:22:00 - [TEST_STEP][PASSED] - arrProdukNameSort[i] = Integer.parseInt(text.replace(",", "")): null

2023-10-04 18:22:00 - [TEST_STEP][PASSED] - text = text: null

2023-10-04 18:22:00 - [TEST_STEP][PASSED] - arrProdukNameOri[i] = Integer.parseInt(text.replace(",", "")): null

2023-10-04 18:22:00 - [TEST_STEP][PASSED] - arrProdukNameSort[i] = Integer.parseInt(text.replace(",", "")): null

2023-10-04 18:22:00 - [TEST_STEP][PASSED] - Arrays.sort(arrProdukNameSort, Collections.reverseOrder()): null

2023-10-04 18:22:00 - [TEST_STEP][PASSED] - println(arrProdukNameOri): null

2023-10-04 18:22:00 - [TEST_STEP][PASSED] - println(arrProdukNameSort): null

2023-10-04 18:22:00 - [TEST_STEP][PASSED] - assert arrProdukNameOri == arrProdukNameSort: null]]></system-out>
         <system-err><![CDATA[]]></system-err>
      </testcase>
      <testcase name="Test Cases/Product Admin/TC-PA-015" time="21.889" classname="Test Cases/Product Admin/TC-PA-015" status="PASSED">
         <system-out><![CDATA[2023-10-04 18:22:00 - [TEST_CASE][PASSED] - Test Cases/Product Admin/TC-PA-015: Test Cases/Product Admin/TC-PA-015

2023-10-04 18:22:00 - [TEST_STEP][PASSED] - callTestCase(findTestCase("Product Admin/TC-PA-001"), [:], STOP_ON_FAILURE): Call Test Case 'Test Cases/Product Admin/TC-PA-001' successfully

2023-10-04 18:22:00 - [TEST_CASE][PASSED] - Test Cases/Product Admin/TC-PA-001: Test Cases/Product Admin/TC-PA-001

2023-10-04 18:22:00 - [TEST_STEP][PASSED] - callTestCase(findTestCase("Login Admin/TC-Login Admin-001"), [:], STOP_ON_FAILURE): Call Test Case 'Test Cases/Login Admin/TC-Login Admin-001' successfully

2023-10-04 18:22:01 - [TEST_CASE][PASSED] - Test Cases/Login Admin/TC-Login Admin-001: Test Cases/Login Admin/TC-Login Admin-001

2023-10-04 18:22:01 - [TEST_STEP][PASSED] - openBrowser(adminTajalapak): Browser is opened with url: 'https://10.9.2.63/ecommerce/administrator'

2023-10-04 18:22:01 - [MESSAGE][WARNING] - A browser is already opened. Closing browser and opening a new one

2023-10-04 18:22:01 - [MESSAGE][INFO] - Starting 'Edge Chromium' driver

2023-10-04 18:22:01 - [MESSAGE][INFO] - User set preference: ['acceptInsecureCerts', 'true']

2023-10-04 18:22:02 - [MESSAGE][INFO] - Action delay is set to 0 milliseconds

2023-10-04 18:22:05 - [MESSAGE][PASSED] - Browser is opened with url: 'https://10.9.2.63/ecommerce/administrator'

2023-10-04 18:22:05 - [TEST_STEP][PASSED] - maximizeWindow(): Current window maximized

2023-10-04 18:22:05 - [MESSAGE][PASSED] - Current window maximized

2023-10-04 18:22:05 - [TEST_STEP][PASSED] - verifyElementPresent(findTestObject("Login Admin/Verifikasi Halaman Administrator"), 0): Object 'Object Repository/Login Admin/Verifikasi Halaman Administrator' is present

2023-10-04 18:22:05 - [MESSAGE][WARNING] - Timeout '0' is invalid. Using default page load timeout: '30'

2023-10-04 18:22:05 - [MESSAGE][PASSED] - Object 'Object Repository/Login Admin/Verifikasi Halaman Administrator' is present

2023-10-04 18:22:05 - [TEST_STEP][PASSED] - setText(findTestObject("Login Admin/Input Username Admin"), "admin"): Text 'admin' is set on object 'Object Repository/Login Admin/Input Username Admin'

2023-10-04 18:22:06 - [MESSAGE][PASSED] - Text 'admin' is set on object 'Object Repository/Login Admin/Input Username Admin'

2023-10-04 18:22:06 - [TEST_STEP][PASSED] - setEncryptedText(findTestObject("Login Admin/Input Password Admin"), "374mkdZ/lqyNS21oH+MJZQ=="): Text ****** has been set on object 'Object Repository/Login Admin/Input Password Admin'

2023-10-04 18:22:07 - [MESSAGE][PASSED] - Text ****** has been set on object 'Object Repository/Login Admin/Input Password Admin'

2023-10-04 18:22:07 - [TEST_STEP][PASSED] - delay(10): Delayed 10 second(s)

2023-10-04 18:22:17 - [MESSAGE][PASSED] - Delayed 10 second(s)

2023-10-04 18:22:17 - [TEST_STEP][PASSED] - click(findTestObject("Login Admin/Botton Sign In")): Object: 'Object Repository/Login Admin/Botton Sign In' is clicked on

2023-10-04 18:22:19 - [MESSAGE][PASSED] - Object: 'Object Repository/Login Admin/Botton Sign In' is clicked on

2023-10-04 18:22:19 - [TEST_STEP][PASSED] - verifyElementPresent(findTestObject("Login Admin/Verifikasi Halaman Login Admin"), 0): Object 'Object Repository/Login Admin/Verifikasi Halaman Login Admin' is present

2023-10-04 18:22:19 - [MESSAGE][WARNING] - Timeout '0' is invalid. Using default page load timeout: '30'

2023-10-04 18:22:19 - [MESSAGE][PASSED] - Object 'Object Repository/Login Admin/Verifikasi Halaman Login Admin' is present

2023-10-04 18:22:19 - [MESSAGE][PASSED] - Call Test Case 'Test Cases/Login Admin/TC-Login Admin-001' successfully

2023-10-04 18:22:19 - [TEST_STEP][PASSED] - click(findTestObject("Product Admin/Master Market")): Object: 'Object Repository/Product Admin/Master Market' is clicked on

2023-10-04 18:22:20 - [MESSAGE][PASSED] - Object: 'Object Repository/Product Admin/Master Market' is clicked on

2023-10-04 18:22:20 - [TEST_STEP][PASSED] - click(findTestObject("Product Admin/Produk Admin")): Object: 'Object Repository/Product Admin/Produk Admin' is clicked on

2023-10-04 18:22:20 - [MESSAGE][PASSED] - Object: 'Object Repository/Product Admin/Produk Admin' is clicked on

2023-10-04 18:22:20 - [TEST_STEP][PASSED] - verifyElementPresent(findTestObject("Product Admin/Veridikasi Halaman Semua Produk"), 0): Object 'Object Repository/Product Admin/Veridikasi Halaman Semua Produk' is present

2023-10-04 18:22:21 - [MESSAGE][WARNING] - Timeout '0' is invalid. Using default page load timeout: '30'

2023-10-04 18:22:21 - [MESSAGE][PASSED] - Object 'Object Repository/Product Admin/Veridikasi Halaman Semua Produk' is present

2023-10-04 18:22:21 - [MESSAGE][PASSED] - Call Test Case 'Test Cases/Product Admin/TC-PA-001' successfully

2023-10-04 18:22:21 - [TEST_STEP][PASSED] - click(findTestObject("Product Admin/Button Sort Satuan")): Object: 'Object Repository/Product Admin/Button Sort Satuan' is clicked on

2023-10-04 18:22:21 - [MESSAGE][PASSED] - Object: 'Object Repository/Product Admin/Button Sort Satuan' is clicked on

2023-10-04 18:22:21 - [TEST_STEP][PASSED] - dataList = findWebElements(findTestObject("Object Repository/Product Admin/Data Jenis Satuan"), 10): null

2023-10-04 18:22:22 - [TEST_STEP][PASSED] - arrProdukNameOri = []: null

2023-10-04 18:22:22 - [TEST_STEP][PASSED] - arrProdukNameSort = []: null

2023-10-04 18:22:22 - [TEST_STEP][PASSED] - for ([i = 0, i < dataList.size(), (i++)]): null

2023-10-04 18:22:22 - [TEST_STEP][PASSED] - text = text: null

2023-10-04 18:22:22 - [TEST_STEP][PASSED] - arrProdukNameOri[i] = text: null

2023-10-04 18:22:22 - [TEST_STEP][PASSED] - arrProdukNameSort[i] = text: null

2023-10-04 18:22:22 - [TEST_STEP][PASSED] - text = text: null

2023-10-04 18:22:22 - [TEST_STEP][PASSED] - arrProdukNameOri[i] = text: null

2023-10-04 18:22:22 - [TEST_STEP][PASSED] - arrProdukNameSort[i] = text: null

2023-10-04 18:22:22 - [TEST_STEP][PASSED] - text = text: null

2023-10-04 18:22:22 - [TEST_STEP][PASSED] - arrProdukNameOri[i] = text: null

2023-10-04 18:22:22 - [TEST_STEP][PASSED] - arrProdukNameSort[i] = text: null

2023-10-04 18:22:22 - [TEST_STEP][PASSED] - text = text: null

2023-10-04 18:22:22 - [TEST_STEP][PASSED] - arrProdukNameOri[i] = text: null

2023-10-04 18:22:22 - [TEST_STEP][PASSED] - arrProdukNameSort[i] = text: null

2023-10-04 18:22:22 - [TEST_STEP][PASSED] - text = text: null

2023-10-04 18:22:22 - [TEST_STEP][PASSED] - arrProdukNameOri[i] = text: null

2023-10-04 18:22:22 - [TEST_STEP][PASSED] - arrProdukNameSort[i] = text: null

2023-10-04 18:22:22 - [TEST_STEP][PASSED] - text = text: null

2023-10-04 18:22:22 - [TEST_STEP][PASSED] - arrProdukNameOri[i] = text: null

2023-10-04 18:22:22 - [TEST_STEP][PASSED] - arrProdukNameSort[i] = text: null

2023-10-04 18:22:22 - [TEST_STEP][PASSED] - text = text: null

2023-10-04 18:22:22 - [TEST_STEP][PASSED] - arrProdukNameOri[i] = text: null

2023-10-04 18:22:22 - [TEST_STEP][PASSED] - arrProdukNameSort[i] = text: null

2023-10-04 18:22:22 - [TEST_STEP][PASSED] - text = text: null

2023-10-04 18:22:22 - [TEST_STEP][PASSED] - arrProdukNameOri[i] = text: null

2023-10-04 18:22:22 - [TEST_STEP][PASSED] - arrProdukNameSort[i] = text: null

2023-10-04 18:22:22 - [TEST_STEP][PASSED] - text = text: null

2023-10-04 18:22:22 - [TEST_STEP][PASSED] - arrProdukNameOri[i] = text: null

2023-10-04 18:22:22 - [TEST_STEP][PASSED] - arrProdukNameSort[i] = text: null

2023-10-04 18:22:22 - [TEST_STEP][PASSED] - text = text: null

2023-10-04 18:22:22 - [TEST_STEP][PASSED] - arrProdukNameOri[i] = text: null

2023-10-04 18:22:22 - [TEST_STEP][PASSED] - arrProdukNameSort[i] = text: null

2023-10-04 18:22:22 - [TEST_STEP][PASSED] - Arrays.sort(arrProdukNameSort): null

2023-10-04 18:22:22 - [TEST_STEP][PASSED] - println(arrProdukNameOri): null

2023-10-04 18:22:22 - [TEST_STEP][PASSED] - println(arrProdukNameSort): null

2023-10-04 18:22:22 - [TEST_STEP][PASSED] - assert arrProdukNameOri == arrProdukNameSort: null]]></system-out>
         <system-err><![CDATA[]]></system-err>
      </testcase>
      <testcase name="Test Cases/Product Admin/TC-PA-016" time="21.44" classname="Test Cases/Product Admin/TC-PA-016" status="PASSED">
         <system-out><![CDATA[2023-10-04 18:22:22 - [TEST_CASE][PASSED] - Test Cases/Product Admin/TC-PA-016: Test Cases/Product Admin/TC-PA-016

2023-10-04 18:22:22 - [TEST_STEP][PASSED] - callTestCase(findTestCase("Product Admin/TC-PA-015"), [:], STOP_ON_FAILURE): Call Test Case 'Test Cases/Product Admin/TC-PA-015' successfully

2023-10-04 18:22:22 - [TEST_CASE][PASSED] - Test Cases/Product Admin/TC-PA-015: Test Cases/Product Admin/TC-PA-015

2023-10-04 18:22:22 - [TEST_STEP][PASSED] - callTestCase(findTestCase("Product Admin/TC-PA-001"), [:], STOP_ON_FAILURE): Call Test Case 'Test Cases/Product Admin/TC-PA-001' successfully

2023-10-04 18:22:22 - [TEST_CASE][PASSED] - Test Cases/Product Admin/TC-PA-001: Test Cases/Product Admin/TC-PA-001

2023-10-04 18:22:22 - [TEST_STEP][PASSED] - callTestCase(findTestCase("Login Admin/TC-Login Admin-001"), [:], STOP_ON_FAILURE): Call Test Case 'Test Cases/Login Admin/TC-Login Admin-001' successfully

2023-10-04 18:22:22 - [TEST_CASE][PASSED] - Test Cases/Login Admin/TC-Login Admin-001: Test Cases/Login Admin/TC-Login Admin-001

2023-10-04 18:22:22 - [TEST_STEP][PASSED] - openBrowser(adminTajalapak): Browser is opened with url: 'https://10.9.2.63/ecommerce/administrator'

2023-10-04 18:22:22 - [MESSAGE][WARNING] - A browser is already opened. Closing browser and opening a new one

2023-10-04 18:22:23 - [MESSAGE][INFO] - Starting 'Edge Chromium' driver

2023-10-04 18:22:23 - [MESSAGE][INFO] - User set preference: ['acceptInsecureCerts', 'true']

2023-10-04 18:22:24 - [MESSAGE][INFO] - Action delay is set to 0 milliseconds

2023-10-04 18:22:26 - [MESSAGE][PASSED] - Browser is opened with url: 'https://10.9.2.63/ecommerce/administrator'

2023-10-04 18:22:26 - [TEST_STEP][PASSED] - maximizeWindow(): Current window maximized

2023-10-04 18:22:26 - [MESSAGE][PASSED] - Current window maximized

2023-10-04 18:22:26 - [TEST_STEP][PASSED] - verifyElementPresent(findTestObject("Login Admin/Verifikasi Halaman Administrator"), 0): Object 'Object Repository/Login Admin/Verifikasi Halaman Administrator' is present

2023-10-04 18:22:26 - [MESSAGE][WARNING] - Timeout '0' is invalid. Using default page load timeout: '30'

2023-10-04 18:22:27 - [MESSAGE][PASSED] - Object 'Object Repository/Login Admin/Verifikasi Halaman Administrator' is present

2023-10-04 18:22:27 - [TEST_STEP][PASSED] - setText(findTestObject("Login Admin/Input Username Admin"), "admin"): Text 'admin' is set on object 'Object Repository/Login Admin/Input Username Admin'

2023-10-04 18:22:27 - [MESSAGE][PASSED] - Text 'admin' is set on object 'Object Repository/Login Admin/Input Username Admin'

2023-10-04 18:22:27 - [TEST_STEP][PASSED] - setEncryptedText(findTestObject("Login Admin/Input Password Admin"), "374mkdZ/lqyNS21oH+MJZQ=="): Text ****** has been set on object 'Object Repository/Login Admin/Input Password Admin'

2023-10-04 18:22:28 - [MESSAGE][PASSED] - Text ****** has been set on object 'Object Repository/Login Admin/Input Password Admin'

2023-10-04 18:22:28 - [TEST_STEP][PASSED] - delay(10): Delayed 10 second(s)

2023-10-04 18:22:38 - [MESSAGE][PASSED] - Delayed 10 second(s)

2023-10-04 18:22:38 - [TEST_STEP][PASSED] - click(findTestObject("Login Admin/Botton Sign In")): Object: 'Object Repository/Login Admin/Botton Sign In' is clicked on

2023-10-04 18:22:39 - [MESSAGE][PASSED] - Object: 'Object Repository/Login Admin/Botton Sign In' is clicked on

2023-10-04 18:22:39 - [TEST_STEP][PASSED] - verifyElementPresent(findTestObject("Login Admin/Verifikasi Halaman Login Admin"), 0): Object 'Object Repository/Login Admin/Verifikasi Halaman Login Admin' is present

2023-10-04 18:22:39 - [MESSAGE][WARNING] - Timeout '0' is invalid. Using default page load timeout: '30'

2023-10-04 18:22:40 - [MESSAGE][PASSED] - Object 'Object Repository/Login Admin/Verifikasi Halaman Login Admin' is present

2023-10-04 18:22:40 - [MESSAGE][PASSED] - Call Test Case 'Test Cases/Login Admin/TC-Login Admin-001' successfully

2023-10-04 18:22:40 - [TEST_STEP][PASSED] - click(findTestObject("Product Admin/Master Market")): Object: 'Object Repository/Product Admin/Master Market' is clicked on

2023-10-04 18:22:40 - [MESSAGE][PASSED] - Object: 'Object Repository/Product Admin/Master Market' is clicked on

2023-10-04 18:22:40 - [TEST_STEP][PASSED] - click(findTestObject("Product Admin/Produk Admin")): Object: 'Object Repository/Product Admin/Produk Admin' is clicked on

2023-10-04 18:22:41 - [MESSAGE][PASSED] - Object: 'Object Repository/Product Admin/Produk Admin' is clicked on

2023-10-04 18:22:41 - [TEST_STEP][PASSED] - verifyElementPresent(findTestObject("Product Admin/Veridikasi Halaman Semua Produk"), 0): Object 'Object Repository/Product Admin/Veridikasi Halaman Semua Produk' is present

2023-10-04 18:22:41 - [MESSAGE][WARNING] - Timeout '0' is invalid. Using default page load timeout: '30'

2023-10-04 18:22:42 - [MESSAGE][PASSED] - Object 'Object Repository/Product Admin/Veridikasi Halaman Semua Produk' is present

2023-10-04 18:22:42 - [MESSAGE][PASSED] - Call Test Case 'Test Cases/Product Admin/TC-PA-001' successfully

2023-10-04 18:22:42 - [TEST_STEP][PASSED] - click(findTestObject("Product Admin/Button Sort Satuan")): Object: 'Object Repository/Product Admin/Button Sort Satuan' is clicked on

2023-10-04 18:22:42 - [MESSAGE][PASSED] - Object: 'Object Repository/Product Admin/Button Sort Satuan' is clicked on

2023-10-04 18:22:42 - [TEST_STEP][PASSED] - dataList = findWebElements(findTestObject("Object Repository/Product Admin/Data Jenis Satuan"), 10): null

2023-10-04 18:22:42 - [TEST_STEP][PASSED] - arrProdukNameOri = []: null

2023-10-04 18:22:42 - [TEST_STEP][PASSED] - arrProdukNameSort = []: null

2023-10-04 18:22:42 - [TEST_STEP][PASSED] - for ([i = 0, i < dataList.size(), (i++)]): null

2023-10-04 18:22:42 - [TEST_STEP][PASSED] - text = text: null

2023-10-04 18:22:42 - [TEST_STEP][PASSED] - arrProdukNameOri[i] = text: null

2023-10-04 18:22:42 - [TEST_STEP][PASSED] - arrProdukNameSort[i] = text: null

2023-10-04 18:22:42 - [TEST_STEP][PASSED] - text = text: null

2023-10-04 18:22:42 - [TEST_STEP][PASSED] - arrProdukNameOri[i] = text: null

2023-10-04 18:22:42 - [TEST_STEP][PASSED] - arrProdukNameSort[i] = text: null

2023-10-04 18:22:42 - [TEST_STEP][PASSED] - text = text: null

2023-10-04 18:22:42 - [TEST_STEP][PASSED] - arrProdukNameOri[i] = text: null

2023-10-04 18:22:42 - [TEST_STEP][PASSED] - arrProdukNameSort[i] = text: null

2023-10-04 18:22:42 - [TEST_STEP][PASSED] - text = text: null

2023-10-04 18:22:42 - [TEST_STEP][PASSED] - arrProdukNameOri[i] = text: null

2023-10-04 18:22:42 - [TEST_STEP][PASSED] - arrProdukNameSort[i] = text: null

2023-10-04 18:22:42 - [TEST_STEP][PASSED] - text = text: null

2023-10-04 18:22:42 - [TEST_STEP][PASSED] - arrProdukNameOri[i] = text: null

2023-10-04 18:22:42 - [TEST_STEP][PASSED] - arrProdukNameSort[i] = text: null

2023-10-04 18:22:42 - [TEST_STEP][PASSED] - text = text: null

2023-10-04 18:22:42 - [TEST_STEP][PASSED] - arrProdukNameOri[i] = text: null

2023-10-04 18:22:42 - [TEST_STEP][PASSED] - arrProdukNameSort[i] = text: null

2023-10-04 18:22:42 - [TEST_STEP][PASSED] - text = text: null

2023-10-04 18:22:42 - [TEST_STEP][PASSED] - arrProdukNameOri[i] = text: null

2023-10-04 18:22:42 - [TEST_STEP][PASSED] - arrProdukNameSort[i] = text: null

2023-10-04 18:22:42 - [TEST_STEP][PASSED] - text = text: null

2023-10-04 18:22:42 - [TEST_STEP][PASSED] - arrProdukNameOri[i] = text: null

2023-10-04 18:22:42 - [TEST_STEP][PASSED] - arrProdukNameSort[i] = text: null

2023-10-04 18:22:42 - [TEST_STEP][PASSED] - text = text: null

2023-10-04 18:22:42 - [TEST_STEP][PASSED] - arrProdukNameOri[i] = text: null

2023-10-04 18:22:42 - [TEST_STEP][PASSED] - arrProdukNameSort[i] = text: null

2023-10-04 18:22:42 - [TEST_STEP][PASSED] - text = text: null

2023-10-04 18:22:42 - [TEST_STEP][PASSED] - arrProdukNameOri[i] = text: null

2023-10-04 18:22:42 - [TEST_STEP][PASSED] - arrProdukNameSort[i] = text: null

2023-10-04 18:22:42 - [TEST_STEP][PASSED] - Arrays.sort(arrProdukNameSort): null

2023-10-04 18:22:42 - [TEST_STEP][PASSED] - println(arrProdukNameOri): null

2023-10-04 18:22:42 - [TEST_STEP][PASSED] - println(arrProdukNameSort): null

2023-10-04 18:22:42 - [TEST_STEP][PASSED] - assert arrProdukNameOri == arrProdukNameSort: null

2023-10-04 18:22:42 - [MESSAGE][PASSED] - Call Test Case 'Test Cases/Product Admin/TC-PA-015' successfully

2023-10-04 18:22:42 - [TEST_STEP][PASSED] - click(findTestObject("Product Admin/Button Sort Satuan")): Object: 'Object Repository/Product Admin/Button Sort Satuan' is clicked on

2023-10-04 18:22:43 - [MESSAGE][PASSED] - Object: 'Object Repository/Product Admin/Button Sort Satuan' is clicked on

2023-10-04 18:22:43 - [TEST_STEP][PASSED] - dataList = findWebElements(findTestObject("Object Repository/Product Admin/Data Jenis Satuan"), 10): null

2023-10-04 18:22:43 - [TEST_STEP][PASSED] - arrProdukNameOri = []: null

2023-10-04 18:22:43 - [TEST_STEP][PASSED] - arrProdukNameSort = []: null

2023-10-04 18:22:43 - [TEST_STEP][PASSED] - for ([i = 0, i < dataList.size(), (i++)]): null

2023-10-04 18:22:43 - [TEST_STEP][PASSED] - text = text: null

2023-10-04 18:22:43 - [TEST_STEP][PASSED] - arrProdukNameOri[i] = text.toLowerCase(): null

2023-10-04 18:22:43 - [TEST_STEP][PASSED] - arrProdukNameSort[i] = text.toLowerCase(): null

2023-10-04 18:22:43 - [TEST_STEP][PASSED] - text = text: null

2023-10-04 18:22:43 - [TEST_STEP][PASSED] - arrProdukNameOri[i] = text.toLowerCase(): null

2023-10-04 18:22:43 - [TEST_STEP][PASSED] - arrProdukNameSort[i] = text.toLowerCase(): null

2023-10-04 18:22:43 - [TEST_STEP][PASSED] - text = text: null

2023-10-04 18:22:43 - [TEST_STEP][PASSED] - arrProdukNameOri[i] = text.toLowerCase(): null

2023-10-04 18:22:43 - [TEST_STEP][PASSED] - arrProdukNameSort[i] = text.toLowerCase(): null

2023-10-04 18:22:43 - [TEST_STEP][PASSED] - text = text: null

2023-10-04 18:22:43 - [TEST_STEP][PASSED] - arrProdukNameOri[i] = text.toLowerCase(): null

2023-10-04 18:22:43 - [TEST_STEP][PASSED] - arrProdukNameSort[i] = text.toLowerCase(): null

2023-10-04 18:22:43 - [TEST_STEP][PASSED] - text = text: null

2023-10-04 18:22:43 - [TEST_STEP][PASSED] - arrProdukNameOri[i] = text.toLowerCase(): null

2023-10-04 18:22:43 - [TEST_STEP][PASSED] - arrProdukNameSort[i] = text.toLowerCase(): null

2023-10-04 18:22:43 - [TEST_STEP][PASSED] - text = text: null

2023-10-04 18:22:43 - [TEST_STEP][PASSED] - arrProdukNameOri[i] = text.toLowerCase(): null

2023-10-04 18:22:43 - [TEST_STEP][PASSED] - arrProdukNameSort[i] = text.toLowerCase(): null

2023-10-04 18:22:43 - [TEST_STEP][PASSED] - text = text: null

2023-10-04 18:22:43 - [TEST_STEP][PASSED] - arrProdukNameOri[i] = text.toLowerCase(): null

2023-10-04 18:22:43 - [TEST_STEP][PASSED] - arrProdukNameSort[i] = text.toLowerCase(): null

2023-10-04 18:22:43 - [TEST_STEP][PASSED] - text = text: null

2023-10-04 18:22:43 - [TEST_STEP][PASSED] - arrProdukNameOri[i] = text.toLowerCase(): null

2023-10-04 18:22:43 - [TEST_STEP][PASSED] - arrProdukNameSort[i] = text.toLowerCase(): null

2023-10-04 18:22:43 - [TEST_STEP][PASSED] - text = text: null

2023-10-04 18:22:43 - [TEST_STEP][PASSED] - arrProdukNameOri[i] = text.toLowerCase(): null

2023-10-04 18:22:43 - [TEST_STEP][PASSED] - arrProdukNameSort[i] = text.toLowerCase(): null

2023-10-04 18:22:43 - [TEST_STEP][PASSED] - text = text: null

2023-10-04 18:22:43 - [TEST_STEP][PASSED] - arrProdukNameOri[i] = text.toLowerCase(): null

2023-10-04 18:22:43 - [TEST_STEP][PASSED] - arrProdukNameSort[i] = text.toLowerCase(): null

2023-10-04 18:22:43 - [TEST_STEP][PASSED] - Arrays.sort(arrProdukNameSort, Collections.reverseOrder()): null

2023-10-04 18:22:43 - [TEST_STEP][PASSED] - println(arrProdukNameOri): null

2023-10-04 18:22:43 - [TEST_STEP][PASSED] - println(arrProdukNameSort): null

2023-10-04 18:22:43 - [TEST_STEP][PASSED] - assert arrProdukNameOri == arrProdukNameSort: null]]></system-out>
         <system-err><![CDATA[]]></system-err>
      </testcase>
      <testcase name="Test Cases/Product Admin/TC-PA-017" time="20.281" classname="Test Cases/Product Admin/TC-PA-017" status="FAILED">
         <failure type="FAILED" message="Test Cases/Product Admin/TC-PA-017 FAILED.
Reason:
Assertion failed: 

assert arrProdukNameOri == arrProdukNameSort
       |                |  |
       |                |  [-1, 0, 1, 12, 100, 100, 1100, 1100, 1100, 1000000000]
       |                false
       [-1, 0, 1, 100, 100, 1000000000, 1100, 1100, 1100, 12]

	at TC-PA-017.run(TC-PA-017:45)
	at com.kms.katalon.core.main.ScriptEngine.run(ScriptEngine.java:194)
	at com.kms.katalon.core.main.ScriptEngine.runScriptAsRawText(ScriptEngine.java:119)
	at com.kms.katalon.core.main.TestCaseExecutor.runScript(TestCaseExecutor.java:448)
	at com.kms.katalon.core.main.TestCaseExecutor.doExecute(TestCaseExecutor.java:439)
	at com.kms.katalon.core.main.TestCaseExecutor.processExecutionPhase(TestCaseExecutor.java:418)
	at com.kms.katalon.core.main.TestCaseExecutor.accessMainPhase(TestCaseExecutor.java:410)
	at com.kms.katalon.core.main.TestCaseExecutor.execute(TestCaseExecutor.java:285)
	at com.kms.katalon.core.common.CommonExecutor.accessTestCaseMainPhase(CommonExecutor.java:65)
	at com.kms.katalon.core.main.TestSuiteExecutor.accessTestSuiteMainPhase(TestSuiteExecutor.java:148)
	at com.kms.katalon.core.main.TestSuiteExecutor.execute(TestSuiteExecutor.java:106)
	at com.kms.katalon.core.main.TestCaseMain.startTestSuite(TestCaseMain.java:187)
	at com.kms.katalon.core.main.TestCaseMain$startTestSuite$0.call(Unknown Source)
	at TempTestSuite1696418169597.run(TempTestSuite1696418169597.groovy:36)
"/>
         <system-out><![CDATA[2023-10-04 18:22:43 - [TEST_CASE][FAILED] - Test Cases/Product Admin/TC-PA-017: Test Cases/Product Admin/TC-PA-017 FAILED.
Reason:
Assertion failed: 

assert arrProdukNameOri == arrProdukNameSort
       |                |  |
       |                |  [-1, 0, 1, 12, 100, 100, 1100, 1100, 1100, 1000000000]
       |                false
       [-1, 0, 1, 100, 100, 1000000000, 1100, 1100, 1100, 12]

	at TC-PA-017.run(TC-PA-017:45)
	at com.kms.katalon.core.main.ScriptEngine.run(ScriptEngine.java:194)
	at com.kms.katalon.core.main.ScriptEngine.runScriptAsRawText(ScriptEngine.java:119)
	at com.kms.katalon.core.main.TestCaseExecutor.runScript(TestCaseExecutor.java:448)
	at com.kms.katalon.core.main.TestCaseExecutor.doExecute(TestCaseExecutor.java:439)
	at com.kms.katalon.core.main.TestCaseExecutor.processExecutionPhase(TestCaseExecutor.java:418)
	at com.kms.katalon.core.main.TestCaseExecutor.accessMainPhase(TestCaseExecutor.java:410)
	at com.kms.katalon.core.main.TestCaseExecutor.execute(TestCaseExecutor.java:285)
	at com.kms.katalon.core.common.CommonExecutor.accessTestCaseMainPhase(CommonExecutor.java:65)
	at com.kms.katalon.core.main.TestSuiteExecutor.accessTestSuiteMainPhase(TestSuiteExecutor.java:148)
	at com.kms.katalon.core.main.TestSuiteExecutor.execute(TestSuiteExecutor.java:106)
	at com.kms.katalon.core.main.TestCaseMain.startTestSuite(TestCaseMain.java:187)
	at com.kms.katalon.core.main.TestCaseMain$startTestSuite$0.call(Unknown Source)
	at TempTestSuite1696418169597.run(TempTestSuite1696418169597.groovy:36)


2023-10-04 18:22:44 - [TEST_STEP][PASSED] - callTestCase(findTestCase("Product Admin/TC-PA-001"), [:], STOP_ON_FAILURE): Call Test Case 'Test Cases/Product Admin/TC-PA-001' successfully

2023-10-04 18:22:44 - [TEST_CASE][PASSED] - Test Cases/Product Admin/TC-PA-001: Test Cases/Product Admin/TC-PA-001

2023-10-04 18:22:44 - [TEST_STEP][PASSED] - callTestCase(findTestCase("Login Admin/TC-Login Admin-001"), [:], STOP_ON_FAILURE): Call Test Case 'Test Cases/Login Admin/TC-Login Admin-001' successfully

2023-10-04 18:22:44 - [TEST_CASE][PASSED] - Test Cases/Login Admin/TC-Login Admin-001: Test Cases/Login Admin/TC-Login Admin-001

2023-10-04 18:22:44 - [TEST_STEP][PASSED] - openBrowser(adminTajalapak): Browser is opened with url: 'https://10.9.2.63/ecommerce/administrator'

2023-10-04 18:22:44 - [MESSAGE][WARNING] - A browser is already opened. Closing browser and opening a new one

2023-10-04 18:22:44 - [MESSAGE][INFO] - Starting 'Edge Chromium' driver

2023-10-04 18:22:44 - [MESSAGE][INFO] - User set preference: ['acceptInsecureCerts', 'true']

2023-10-04 18:22:45 - [MESSAGE][INFO] - Action delay is set to 0 milliseconds

2023-10-04 18:22:47 - [MESSAGE][PASSED] - Browser is opened with url: 'https://10.9.2.63/ecommerce/administrator'

2023-10-04 18:22:47 - [TEST_STEP][PASSED] - maximizeWindow(): Current window maximized

2023-10-04 18:22:47 - [MESSAGE][PASSED] - Current window maximized

2023-10-04 18:22:47 - [TEST_STEP][PASSED] - verifyElementPresent(findTestObject("Login Admin/Verifikasi Halaman Administrator"), 0): Object 'Object Repository/Login Admin/Verifikasi Halaman Administrator' is present

2023-10-04 18:22:47 - [MESSAGE][WARNING] - Timeout '0' is invalid. Using default page load timeout: '30'

2023-10-04 18:22:48 - [MESSAGE][PASSED] - Object 'Object Repository/Login Admin/Verifikasi Halaman Administrator' is present

2023-10-04 18:22:48 - [TEST_STEP][PASSED] - setText(findTestObject("Login Admin/Input Username Admin"), "admin"): Text 'admin' is set on object 'Object Repository/Login Admin/Input Username Admin'

2023-10-04 18:22:49 - [MESSAGE][PASSED] - Text 'admin' is set on object 'Object Repository/Login Admin/Input Username Admin'

2023-10-04 18:22:49 - [TEST_STEP][PASSED] - setEncryptedText(findTestObject("Login Admin/Input Password Admin"), "374mkdZ/lqyNS21oH+MJZQ=="): Text ****** has been set on object 'Object Repository/Login Admin/Input Password Admin'

2023-10-04 18:22:49 - [MESSAGE][PASSED] - Text ****** has been set on object 'Object Repository/Login Admin/Input Password Admin'

2023-10-04 18:22:49 - [TEST_STEP][PASSED] - delay(10): Delayed 10 second(s)

2023-10-04 18:22:59 - [MESSAGE][PASSED] - Delayed 10 second(s)

2023-10-04 18:22:59 - [TEST_STEP][PASSED] - click(findTestObject("Login Admin/Botton Sign In")): Object: 'Object Repository/Login Admin/Botton Sign In' is clicked on

2023-10-04 18:23:00 - [MESSAGE][PASSED] - Object: 'Object Repository/Login Admin/Botton Sign In' is clicked on

2023-10-04 18:23:00 - [TEST_STEP][PASSED] - verifyElementPresent(findTestObject("Login Admin/Verifikasi Halaman Login Admin"), 0): Object 'Object Repository/Login Admin/Verifikasi Halaman Login Admin' is present

2023-10-04 18:23:00 - [MESSAGE][WARNING] - Timeout '0' is invalid. Using default page load timeout: '30'

2023-10-04 18:23:01 - [MESSAGE][PASSED] - Object 'Object Repository/Login Admin/Verifikasi Halaman Login Admin' is present

2023-10-04 18:23:01 - [MESSAGE][PASSED] - Call Test Case 'Test Cases/Login Admin/TC-Login Admin-001' successfully

2023-10-04 18:23:01 - [TEST_STEP][PASSED] - click(findTestObject("Product Admin/Master Market")): Object: 'Object Repository/Product Admin/Master Market' is clicked on

2023-10-04 18:23:01 - [MESSAGE][PASSED] - Object: 'Object Repository/Product Admin/Master Market' is clicked on

2023-10-04 18:23:01 - [TEST_STEP][PASSED] - click(findTestObject("Product Admin/Produk Admin")): Object: 'Object Repository/Product Admin/Produk Admin' is clicked on

2023-10-04 18:23:02 - [MESSAGE][PASSED] - Object: 'Object Repository/Product Admin/Produk Admin' is clicked on

2023-10-04 18:23:02 - [TEST_STEP][PASSED] - verifyElementPresent(findTestObject("Product Admin/Veridikasi Halaman Semua Produk"), 0): Object 'Object Repository/Product Admin/Veridikasi Halaman Semua Produk' is present

2023-10-04 18:23:02 - [MESSAGE][WARNING] - Timeout '0' is invalid. Using default page load timeout: '30'

2023-10-04 18:23:03 - [MESSAGE][PASSED] - Object 'Object Repository/Product Admin/Veridikasi Halaman Semua Produk' is present

2023-10-04 18:23:03 - [MESSAGE][PASSED] - Call Test Case 'Test Cases/Product Admin/TC-PA-001' successfully

2023-10-04 18:23:03 - [TEST_STEP][PASSED] - click(findTestObject("Product Admin/Button Sort Berat")): Object: 'Object Repository/Product Admin/Button Sort Berat' is clicked on

2023-10-04 18:23:03 - [MESSAGE][PASSED] - Object: 'Object Repository/Product Admin/Button Sort Berat' is clicked on

2023-10-04 18:23:03 - [TEST_STEP][PASSED] - dataList = findWebElements(findTestObject("Object Repository/Product Admin/Data Berat"), 10): null

2023-10-04 18:23:04 - [TEST_STEP][PASSED] - arrProdukNameOri = []: null

2023-10-04 18:23:04 - [TEST_STEP][PASSED] - arrProdukNameSort = []: null

2023-10-04 18:23:04 - [TEST_STEP][PASSED] - for ([i = 0, i < dataList.size(), (i++)]): null

2023-10-04 18:23:04 - [TEST_STEP][PASSED] - text = text: null

2023-10-04 18:23:04 - [TEST_STEP][PASSED] - arrProdukNameOri[i] = Integer.parseInt(text.replace(" G", "")): null

2023-10-04 18:23:04 - [TEST_STEP][PASSED] - arrProdukNameSort[i] = Integer.parseInt(text.replace(" G", "")): null

2023-10-04 18:23:04 - [TEST_STEP][PASSED] - text = text: null

2023-10-04 18:23:04 - [TEST_STEP][PASSED] - arrProdukNameOri[i] = Integer.parseInt(text.replace(" G", "")): null

2023-10-04 18:23:04 - [TEST_STEP][PASSED] - arrProdukNameSort[i] = Integer.parseInt(text.replace(" G", "")): null

2023-10-04 18:23:04 - [TEST_STEP][PASSED] - text = text: null

2023-10-04 18:23:04 - [TEST_STEP][PASSED] - arrProdukNameOri[i] = Integer.parseInt(text.replace(" G", "")): null

2023-10-04 18:23:04 - [TEST_STEP][PASSED] - arrProdukNameSort[i] = Integer.parseInt(text.replace(" G", "")): null

2023-10-04 18:23:04 - [TEST_STEP][PASSED] - text = text: null

2023-10-04 18:23:04 - [TEST_STEP][PASSED] - arrProdukNameOri[i] = Integer.parseInt(text.replace(" G", "")): null

2023-10-04 18:23:04 - [TEST_STEP][PASSED] - arrProdukNameSort[i] = Integer.parseInt(text.replace(" G", "")): null

2023-10-04 18:23:04 - [TEST_STEP][PASSED] - text = text: null

2023-10-04 18:23:04 - [TEST_STEP][PASSED] - arrProdukNameOri[i] = Integer.parseInt(text.replace(" G", "")): null

2023-10-04 18:23:04 - [TEST_STEP][PASSED] - arrProdukNameSort[i] = Integer.parseInt(text.replace(" G", "")): null

2023-10-04 18:23:04 - [TEST_STEP][PASSED] - text = text: null

2023-10-04 18:23:04 - [TEST_STEP][PASSED] - arrProdukNameOri[i] = Integer.parseInt(text.replace(" G", "")): null

2023-10-04 18:23:04 - [TEST_STEP][PASSED] - arrProdukNameSort[i] = Integer.parseInt(text.replace(" G", "")): null

2023-10-04 18:23:04 - [TEST_STEP][PASSED] - text = text: null

2023-10-04 18:23:04 - [TEST_STEP][PASSED] - arrProdukNameOri[i] = Integer.parseInt(text.replace(" G", "")): null

2023-10-04 18:23:04 - [TEST_STEP][PASSED] - arrProdukNameSort[i] = Integer.parseInt(text.replace(" G", "")): null

2023-10-04 18:23:04 - [TEST_STEP][PASSED] - text = text: null

2023-10-04 18:23:04 - [TEST_STEP][PASSED] - arrProdukNameOri[i] = Integer.parseInt(text.replace(" G", "")): null

2023-10-04 18:23:04 - [TEST_STEP][PASSED] - arrProdukNameSort[i] = Integer.parseInt(text.replace(" G", "")): null

2023-10-04 18:23:04 - [TEST_STEP][PASSED] - text = text: null

2023-10-04 18:23:04 - [TEST_STEP][PASSED] - arrProdukNameOri[i] = Integer.parseInt(text.replace(" G", "")): null

2023-10-04 18:23:04 - [TEST_STEP][PASSED] - arrProdukNameSort[i] = Integer.parseInt(text.replace(" G", "")): null

2023-10-04 18:23:04 - [TEST_STEP][PASSED] - text = text: null

2023-10-04 18:23:04 - [TEST_STEP][PASSED] - arrProdukNameOri[i] = Integer.parseInt(text.replace(" G", "")): null

2023-10-04 18:23:04 - [TEST_STEP][PASSED] - arrProdukNameSort[i] = Integer.parseInt(text.replace(" G", "")): null

2023-10-04 18:23:04 - [TEST_STEP][PASSED] - Arrays.sort(arrProdukNameSort): null

2023-10-04 18:23:04 - [TEST_STEP][PASSED] - println(arrProdukNameOri): null

2023-10-04 18:23:04 - [TEST_STEP][PASSED] - println(arrProdukNameSort): null

2023-10-04 18:23:04 - [TEST_STEP][FAILED] - assert arrProdukNameOri == arrProdukNameSort: Test Cases/Product Admin/TC-PA-017 FAILED.
Reason:
Assertion failed: 

assert arrProdukNameOri == arrProdukNameSort
       |                |  |
       |                |  [-1, 0, 1, 12, 100, 100, 1100, 1100, 1100, 1000000000]
       |                false
       [-1, 0, 1, 100, 100, 1000000000, 1100, 1100, 1100, 12]

	at TC-PA-017.run(TC-PA-017:45)
	at com.kms.katalon.core.main.ScriptEngine.run(ScriptEngine.java:194)
	at com.kms.katalon.core.main.ScriptEngine.runScriptAsRawText(ScriptEngine.java:119)
	at com.kms.katalon.core.main.TestCaseExecutor.runScript(TestCaseExecutor.java:448)
	at com.kms.katalon.core.main.TestCaseExecutor.doExecute(TestCaseExecutor.java:439)
	at com.kms.katalon.core.main.TestCaseExecutor.processExecutionPhase(TestCaseExecutor.java:418)
	at com.kms.katalon.core.main.TestCaseExecutor.accessMainPhase(TestCaseExecutor.java:410)
	at com.kms.katalon.core.main.TestCaseExecutor.execute(TestCaseExecutor.java:285)
	at com.kms.katalon.core.common.CommonExecutor.accessTestCaseMainPhase(CommonExecutor.java:65)
	at com.kms.katalon.core.main.TestSuiteExecutor.accessTestSuiteMainPhase(TestSuiteExecutor.java:148)
	at com.kms.katalon.core.main.TestSuiteExecutor.execute(TestSuiteExecutor.java:106)
	at com.kms.katalon.core.main.TestCaseMain.startTestSuite(TestCaseMain.java:187)
	at com.kms.katalon.core.main.TestCaseMain$startTestSuite$0.call(Unknown Source)
	at TempTestSuite1696418169597.run(TempTestSuite1696418169597.groovy:36)


2023-10-04 18:23:04 - [MESSAGE][FAILED] - Test Cases/Product Admin/TC-PA-017 FAILED.
Reason:
Assertion failed: 

assert arrProdukNameOri == arrProdukNameSort
       |                |  |
       |                |  [-1, 0, 1, 12, 100, 100, 1100, 1100, 1100, 1000000000]
       |                false
       [-1, 0, 1, 100, 100, 1000000000, 1100, 1100, 1100, 12]

	at TC-PA-017.run(TC-PA-017:45)
	at com.kms.katalon.core.main.ScriptEngine.run(ScriptEngine.java:194)
	at com.kms.katalon.core.main.ScriptEngine.runScriptAsRawText(ScriptEngine.java:119)
	at com.kms.katalon.core.main.TestCaseExecutor.runScript(TestCaseExecutor.java:448)
	at com.kms.katalon.core.main.TestCaseExecutor.doExecute(TestCaseExecutor.java:439)
	at com.kms.katalon.core.main.TestCaseExecutor.processExecutionPhase(TestCaseExecutor.java:418)
	at com.kms.katalon.core.main.TestCaseExecutor.accessMainPhase(TestCaseExecutor.java:410)
	at com.kms.katalon.core.main.TestCaseExecutor.execute(TestCaseExecutor.java:285)
	at com.kms.katalon.core.common.CommonExecutor.accessTestCaseMainPhase(CommonExecutor.java:65)
	at com.kms.katalon.core.main.TestSuiteExecutor.accessTestSuiteMainPhase(TestSuiteExecutor.java:148)
	at com.kms.katalon.core.main.TestSuiteExecutor.execute(TestSuiteExecutor.java:106)
	at com.kms.katalon.core.main.TestCaseMain.startTestSuite(TestCaseMain.java:187)
	at com.kms.katalon.core.main.TestCaseMain$startTestSuite$0.call(Unknown Source)
	at TempTestSuite1696418169597.run(TempTestSuite1696418169597.groovy:36)]]></system-out>
         <system-err><![CDATA[2023-10-04 18:22:43 - [TEST_CASE][FAILED] - Test Cases/Product Admin/TC-PA-017: Test Cases/Product Admin/TC-PA-017 FAILED.
Reason:
Assertion failed: 

assert arrProdukNameOri == arrProdukNameSort
       |                |  |
       |                |  [-1, 0, 1, 12, 100, 100, 1100, 1100, 1100, 1000000000]
       |                false
       [-1, 0, 1, 100, 100, 1000000000, 1100, 1100, 1100, 12]

	at TC-PA-017.run(TC-PA-017:45)
	at com.kms.katalon.core.main.ScriptEngine.run(ScriptEngine.java:194)
	at com.kms.katalon.core.main.ScriptEngine.runScriptAsRawText(ScriptEngine.java:119)
	at com.kms.katalon.core.main.TestCaseExecutor.runScript(TestCaseExecutor.java:448)
	at com.kms.katalon.core.main.TestCaseExecutor.doExecute(TestCaseExecutor.java:439)
	at com.kms.katalon.core.main.TestCaseExecutor.processExecutionPhase(TestCaseExecutor.java:418)
	at com.kms.katalon.core.main.TestCaseExecutor.accessMainPhase(TestCaseExecutor.java:410)
	at com.kms.katalon.core.main.TestCaseExecutor.execute(TestCaseExecutor.java:285)
	at com.kms.katalon.core.common.CommonExecutor.accessTestCaseMainPhase(CommonExecutor.java:65)
	at com.kms.katalon.core.main.TestSuiteExecutor.accessTestSuiteMainPhase(TestSuiteExecutor.java:148)
	at com.kms.katalon.core.main.TestSuiteExecutor.execute(TestSuiteExecutor.java:106)
	at com.kms.katalon.core.main.TestCaseMain.startTestSuite(TestCaseMain.java:187)
	at com.kms.katalon.core.main.TestCaseMain$startTestSuite$0.call(Unknown Source)
	at TempTestSuite1696418169597.run(TempTestSuite1696418169597.groovy:36)]]></system-err>
      </testcase>
      <testcase name="Test Cases/Product Admin/TC-PA-018" time="20.833" classname="Test Cases/Product Admin/TC-PA-018" status="FAILED">
         <failure type="FAILED" message="Test Cases/Product Admin/TC-PA-018 FAILED.
Reason:
com.kms.katalon.core.exception.StepFailedException: Call Test Case 'Test Cases/Product Admin/TC-PA-017' failed
	at com.kms.katalon.core.keyword.builtin.CallTestCaseKeyword$_callTestCase_closure1.doCall(CallTestCaseKeyword.groovy:63)
	at com.kms.katalon.core.keyword.builtin.CallTestCaseKeyword$_callTestCase_closure1.call(CallTestCaseKeyword.groovy)
	at com.kms.katalon.core.keyword.internal.KeywordMain.runKeyword(KeywordMain.groovy:75)
	at com.kms.katalon.core.keyword.builtin.CallTestCaseKeyword.callTestCase(CallTestCaseKeyword.groovy:81)
	at com.kms.katalon.core.keyword.builtin.CallTestCaseKeyword.execute(CallTestCaseKeyword.groovy:44)
	at com.kms.katalon.core.keyword.internal.KeywordExecutor.executeKeywordForPlatform(KeywordExecutor.groovy:74)
	at com.kms.katalon.core.keyword.BuiltinKeywords.callTestCase(BuiltinKeywords.groovy:310)
	at TC-PA-018.run(TC-PA-018:21)
	at com.kms.katalon.core.main.ScriptEngine.run(ScriptEngine.java:194)
	at com.kms.katalon.core.main.ScriptEngine.runScriptAsRawText(ScriptEngine.java:119)
	at com.kms.katalon.core.main.TestCaseExecutor.runScript(TestCaseExecutor.java:448)
	at com.kms.katalon.core.main.TestCaseExecutor.doExecute(TestCaseExecutor.java:439)
	at com.kms.katalon.core.main.TestCaseExecutor.processExecutionPhase(TestCaseExecutor.java:418)
	at com.kms.katalon.core.main.TestCaseExecutor.accessMainPhase(TestCaseExecutor.java:410)
	at com.kms.katalon.core.main.TestCaseExecutor.execute(TestCaseExecutor.java:285)
	at com.kms.katalon.core.common.CommonExecutor.accessTestCaseMainPhase(CommonExecutor.java:65)
	at com.kms.katalon.core.main.TestSuiteExecutor.accessTestSuiteMainPhase(TestSuiteExecutor.java:148)
	at com.kms.katalon.core.main.TestSuiteExecutor.execute(TestSuiteExecutor.java:106)
	at com.kms.katalon.core.main.TestCaseMain.startTestSuite(TestCaseMain.java:187)
	at com.kms.katalon.core.main.TestCaseMain$startTestSuite$0.call(Unknown Source)
	at TempTestSuite1696418169597.run(TempTestSuite1696418169597.groovy:36)
Caused by: Assertion failed: 

assert arrProdukNameOri == arrProdukNameSort
       |                |  |
       |                |  [-1, 0, 1, 12, 100, 100, 1100, 1100, 1100, 1000000000]
       |                false
       [-1, 0, 1, 100, 100, 1000000000, 1100, 1100, 1100, 12]

	at TC-PA-017.run(TC-PA-017:45)
	at com.kms.katalon.core.main.ScriptEngine.run(ScriptEngine.java:194)
	at com.kms.katalon.core.main.ScriptEngine.runScriptAsRawText(ScriptEngine.java:119)
	at com.kms.katalon.core.main.TestCaseExecutor.runScript(TestCaseExecutor.java:448)
	at com.kms.katalon.core.main.TestCaseExecutor.doExecute(TestCaseExecutor.java:439)
	at com.kms.katalon.core.main.TestCaseExecutor.processExecutionPhase(TestCaseExecutor.java:418)
	at com.kms.katalon.core.main.TestCaseExecutor.accessMainPhase(TestCaseExecutor.java:410)
	at com.kms.katalon.core.main.TestCaseExecutor.execute(TestCaseExecutor.java:285)
	at com.kms.katalon.core.main.TestCaseMain.runTestCase(TestCaseMain.java:144)
	at com.kms.katalon.core.keyword.builtin.CallTestCaseKeyword$_callTestCase_closure1.doCall(CallTestCaseKeyword.groovy:59)
	... 20 more
"/>
         <system-out><![CDATA[2023-10-04 18:23:04 - [TEST_CASE][FAILED] - Test Cases/Product Admin/TC-PA-018: Test Cases/Product Admin/TC-PA-018 FAILED.
Reason:
com.kms.katalon.core.exception.StepFailedException: Call Test Case 'Test Cases/Product Admin/TC-PA-017' failed
	at com.kms.katalon.core.keyword.builtin.CallTestCaseKeyword$_callTestCase_closure1.doCall(CallTestCaseKeyword.groovy:63)
	at com.kms.katalon.core.keyword.builtin.CallTestCaseKeyword$_callTestCase_closure1.call(CallTestCaseKeyword.groovy)
	at com.kms.katalon.core.keyword.internal.KeywordMain.runKeyword(KeywordMain.groovy:75)
	at com.kms.katalon.core.keyword.builtin.CallTestCaseKeyword.callTestCase(CallTestCaseKeyword.groovy:81)
	at com.kms.katalon.core.keyword.builtin.CallTestCaseKeyword.execute(CallTestCaseKeyword.groovy:44)
	at com.kms.katalon.core.keyword.internal.KeywordExecutor.executeKeywordForPlatform(KeywordExecutor.groovy:74)
	at com.kms.katalon.core.keyword.BuiltinKeywords.callTestCase(BuiltinKeywords.groovy:310)
	at TC-PA-018.run(TC-PA-018:21)
	at com.kms.katalon.core.main.ScriptEngine.run(ScriptEngine.java:194)
	at com.kms.katalon.core.main.ScriptEngine.runScriptAsRawText(ScriptEngine.java:119)
	at com.kms.katalon.core.main.TestCaseExecutor.runScript(TestCaseExecutor.java:448)
	at com.kms.katalon.core.main.TestCaseExecutor.doExecute(TestCaseExecutor.java:439)
	at com.kms.katalon.core.main.TestCaseExecutor.processExecutionPhase(TestCaseExecutor.java:418)
	at com.kms.katalon.core.main.TestCaseExecutor.accessMainPhase(TestCaseExecutor.java:410)
	at com.kms.katalon.core.main.TestCaseExecutor.execute(TestCaseExecutor.java:285)
	at com.kms.katalon.core.common.CommonExecutor.accessTestCaseMainPhase(CommonExecutor.java:65)
	at com.kms.katalon.core.main.TestSuiteExecutor.accessTestSuiteMainPhase(TestSuiteExecutor.java:148)
	at com.kms.katalon.core.main.TestSuiteExecutor.execute(TestSuiteExecutor.java:106)
	at com.kms.katalon.core.main.TestCaseMain.startTestSuite(TestCaseMain.java:187)
	at com.kms.katalon.core.main.TestCaseMain$startTestSuite$0.call(Unknown Source)
	at TempTestSuite1696418169597.run(TempTestSuite1696418169597.groovy:36)
Caused by: Assertion failed: 

assert arrProdukNameOri == arrProdukNameSort
       |                |  |
       |                |  [-1, 0, 1, 12, 100, 100, 1100, 1100, 1100, 1000000000]
       |                false
       [-1, 0, 1, 100, 100, 1000000000, 1100, 1100, 1100, 12]

	at TC-PA-017.run(TC-PA-017:45)
	at com.kms.katalon.core.main.ScriptEngine.run(ScriptEngine.java:194)
	at com.kms.katalon.core.main.ScriptEngine.runScriptAsRawText(ScriptEngine.java:119)
	at com.kms.katalon.core.main.TestCaseExecutor.runScript(TestCaseExecutor.java:448)
	at com.kms.katalon.core.main.TestCaseExecutor.doExecute(TestCaseExecutor.java:439)
	at com.kms.katalon.core.main.TestCaseExecutor.processExecutionPhase(TestCaseExecutor.java:418)
	at com.kms.katalon.core.main.TestCaseExecutor.accessMainPhase(TestCaseExecutor.java:410)
	at com.kms.katalon.core.main.TestCaseExecutor.execute(TestCaseExecutor.java:285)
	at com.kms.katalon.core.main.TestCaseMain.runTestCase(TestCaseMain.java:144)
	at com.kms.katalon.core.keyword.builtin.CallTestCaseKeyword$_callTestCase_closure1.doCall(CallTestCaseKeyword.groovy:59)
	... 20 more


2023-10-04 18:23:04 - [TEST_STEP][FAILED] - callTestCase(findTestCase("Product Admin/TC-PA-017"), [:], STOP_ON_FAILURE): Unable to call Test Case 'Test Cases/Product Admin/TC-PA-017' (Root cause: com.kms.katalon.core.exception.StepFailedException: Call Test Case 'Test Cases/Product Admin/TC-PA-017' failed
	at com.kms.katalon.core.keyword.builtin.CallTestCaseKeyword$_callTestCase_closure1.doCall(CallTestCaseKeyword.groovy:63)
	at com.kms.katalon.core.keyword.builtin.CallTestCaseKeyword$_callTestCase_closure1.call(CallTestCaseKeyword.groovy)
	at com.kms.katalon.core.keyword.internal.KeywordMain.runKeyword(KeywordMain.groovy:75)
	at com.kms.katalon.core.keyword.builtin.CallTestCaseKeyword.callTestCase(CallTestCaseKeyword.groovy:81)
	at com.kms.katalon.core.keyword.builtin.CallTestCaseKeyword.execute(CallTestCaseKeyword.groovy:44)
	at com.kms.katalon.core.keyword.internal.KeywordExecutor.executeKeywordForPlatform(KeywordExecutor.groovy:74)
	at com.kms.katalon.core.keyword.BuiltinKeywords.callTestCase(BuiltinKeywords.groovy:310)
	at TC-PA-018.run(TC-PA-018:21)
	at com.kms.katalon.core.main.ScriptEngine.run(ScriptEngine.java:194)
	at com.kms.katalon.core.main.ScriptEngine.runScriptAsRawText(ScriptEngine.java:119)
	at com.kms.katalon.core.main.TestCaseExecutor.runScript(TestCaseExecutor.java:448)
	at com.kms.katalon.core.main.TestCaseExecutor.doExecute(TestCaseExecutor.java:439)
	at com.kms.katalon.core.main.TestCaseExecutor.processExecutionPhase(TestCaseExecutor.java:418)
	at com.kms.katalon.core.main.TestCaseExecutor.accessMainPhase(TestCaseExecutor.java:410)
	at com.kms.katalon.core.main.TestCaseExecutor.execute(TestCaseExecutor.java:285)
	at com.kms.katalon.core.common.CommonExecutor.accessTestCaseMainPhase(CommonExecutor.java:65)
	at com.kms.katalon.core.main.TestSuiteExecutor.accessTestSuiteMainPhase(TestSuiteExecutor.java:148)
	at com.kms.katalon.core.main.TestSuiteExecutor.execute(TestSuiteExecutor.java:106)
	at com.kms.katalon.core.main.TestCaseMain.startTestSuite(TestCaseMain.java:187)
	at com.kms.katalon.core.main.TestCaseMain$startTestSuite$0.call(Unknown Source)
	at TempTestSuite1696418169597.run(TempTestSuite1696418169597.groovy:36)
Caused by: Assertion failed: 

assert arrProdukNameOri == arrProdukNameSort
       |                |  |
       |                |  [-1, 0, 1, 12, 100, 100, 1100, 1100, 1100, 1000000000]
       |                false
       [-1, 0, 1, 100, 100, 1000000000, 1100, 1100, 1100, 12]

	at TC-PA-017.run(TC-PA-017:45)
	at com.kms.katalon.core.main.ScriptEngine.run(ScriptEngine.java:194)
	at com.kms.katalon.core.main.ScriptEngine.runScriptAsRawText(ScriptEngine.java:119)
	at com.kms.katalon.core.main.TestCaseExecutor.runScript(TestCaseExecutor.java:448)
	at com.kms.katalon.core.main.TestCaseExecutor.doExecute(TestCaseExecutor.java:439)
	at com.kms.katalon.core.main.TestCaseExecutor.processExecutionPhase(TestCaseExecutor.java:418)
	at com.kms.katalon.core.main.TestCaseExecutor.accessMainPhase(TestCaseExecutor.java:410)
	at com.kms.katalon.core.main.TestCaseExecutor.execute(TestCaseExecutor.java:285)
	at com.kms.katalon.core.main.TestCaseMain.runTestCase(TestCaseMain.java:144)
	at com.kms.katalon.core.keyword.builtin.CallTestCaseKeyword$_callTestCase_closure1.doCall(CallTestCaseKeyword.groovy:59)
	... 20 more
)

2023-10-04 18:23:04 - [TEST_CASE][FAILED] - Test Cases/Product Admin/TC-PA-017: Test Cases/Product Admin/TC-PA-017 FAILED.
Reason:
Assertion failed: 

assert arrProdukNameOri == arrProdukNameSort
       |                |  |
       |                |  [-1, 0, 1, 12, 100, 100, 1100, 1100, 1100, 1000000000]
       |                false
       [-1, 0, 1, 100, 100, 1000000000, 1100, 1100, 1100, 12]

	at TC-PA-017.run(TC-PA-017:45)
	at com.kms.katalon.core.main.ScriptEngine.run(ScriptEngine.java:194)
	at com.kms.katalon.core.main.ScriptEngine.runScriptAsRawText(ScriptEngine.java:119)
	at com.kms.katalon.core.main.TestCaseExecutor.runScript(TestCaseExecutor.java:448)
	at com.kms.katalon.core.main.TestCaseExecutor.doExecute(TestCaseExecutor.java:439)
	at com.kms.katalon.core.main.TestCaseExecutor.processExecutionPhase(TestCaseExecutor.java:418)
	at com.kms.katalon.core.main.TestCaseExecutor.accessMainPhase(TestCaseExecutor.java:410)
	at com.kms.katalon.core.main.TestCaseExecutor.execute(TestCaseExecutor.java:285)
	at com.kms.katalon.core.main.TestCaseMain.runTestCase(TestCaseMain.java:144)
	at com.kms.katalon.core.keyword.builtin.CallTestCaseKeyword$_callTestCase_closure1.doCall(CallTestCaseKeyword.groovy:59)
	at com.kms.katalon.core.keyword.builtin.CallTestCaseKeyword$_callTestCase_closure1.call(CallTestCaseKeyword.groovy)
	at com.kms.katalon.core.keyword.internal.KeywordMain.runKeyword(KeywordMain.groovy:75)
	at com.kms.katalon.core.keyword.builtin.CallTestCaseKeyword.callTestCase(CallTestCaseKeyword.groovy:81)
	at com.kms.katalon.core.keyword.builtin.CallTestCaseKeyword.execute(CallTestCaseKeyword.groovy:44)
	at com.kms.katalon.core.keyword.internal.KeywordExecutor.executeKeywordForPlatform(KeywordExecutor.groovy:74)
	at com.kms.katalon.core.keyword.BuiltinKeywords.callTestCase(BuiltinKeywords.groovy:310)
	at TC-PA-018.run(TC-PA-018:21)
	at com.kms.katalon.core.main.ScriptEngine.run(ScriptEngine.java:194)
	at com.kms.katalon.core.main.ScriptEngine.runScriptAsRawText(ScriptEngine.java:119)
	at com.kms.katalon.core.main.TestCaseExecutor.runScript(TestCaseExecutor.java:448)
	at com.kms.katalon.core.main.TestCaseExecutor.doExecute(TestCaseExecutor.java:439)
	at com.kms.katalon.core.main.TestCaseExecutor.processExecutionPhase(TestCaseExecutor.java:418)
	at com.kms.katalon.core.main.TestCaseExecutor.accessMainPhase(TestCaseExecutor.java:410)
	at com.kms.katalon.core.main.TestCaseExecutor.execute(TestCaseExecutor.java:285)
	at com.kms.katalon.core.common.CommonExecutor.accessTestCaseMainPhase(CommonExecutor.java:65)
	at com.kms.katalon.core.main.TestSuiteExecutor.accessTestSuiteMainPhase(TestSuiteExecutor.java:148)
	at com.kms.katalon.core.main.TestSuiteExecutor.execute(TestSuiteExecutor.java:106)
	at com.kms.katalon.core.main.TestCaseMain.startTestSuite(TestCaseMain.java:187)
	at com.kms.katalon.core.main.TestCaseMain$startTestSuite$0.call(Unknown Source)
	at TempTestSuite1696418169597.run(TempTestSuite1696418169597.groovy:36)


2023-10-04 18:23:04 - [TEST_STEP][PASSED] - callTestCase(findTestCase("Product Admin/TC-PA-001"), [:], STOP_ON_FAILURE): Call Test Case 'Test Cases/Product Admin/TC-PA-001' successfully

2023-10-04 18:23:04 - [TEST_CASE][PASSED] - Test Cases/Product Admin/TC-PA-001: Test Cases/Product Admin/TC-PA-001

2023-10-04 18:23:04 - [TEST_STEP][PASSED] - callTestCase(findTestCase("Login Admin/TC-Login Admin-001"), [:], STOP_ON_FAILURE): Call Test Case 'Test Cases/Login Admin/TC-Login Admin-001' successfully

2023-10-04 18:23:04 - [TEST_CASE][PASSED] - Test Cases/Login Admin/TC-Login Admin-001: Test Cases/Login Admin/TC-Login Admin-001

2023-10-04 18:23:04 - [TEST_STEP][PASSED] - openBrowser(adminTajalapak): Browser is opened with url: 'https://10.9.2.63/ecommerce/administrator'

2023-10-04 18:23:04 - [MESSAGE][WARNING] - A browser is already opened. Closing browser and opening a new one

2023-10-04 18:23:05 - [MESSAGE][INFO] - Starting 'Edge Chromium' driver

2023-10-04 18:23:05 - [MESSAGE][INFO] - User set preference: ['acceptInsecureCerts', 'true']

2023-10-04 18:23:05 - [MESSAGE][INFO] - Action delay is set to 0 milliseconds

2023-10-04 18:23:08 - [MESSAGE][PASSED] - Browser is opened with url: 'https://10.9.2.63/ecommerce/administrator'

2023-10-04 18:23:08 - [TEST_STEP][PASSED] - maximizeWindow(): Current window maximized

2023-10-04 18:23:08 - [MESSAGE][PASSED] - Current window maximized

2023-10-04 18:23:08 - [TEST_STEP][PASSED] - verifyElementPresent(findTestObject("Login Admin/Verifikasi Halaman Administrator"), 0): Object 'Object Repository/Login Admin/Verifikasi Halaman Administrator' is present

2023-10-04 18:23:08 - [MESSAGE][WARNING] - Timeout '0' is invalid. Using default page load timeout: '30'

2023-10-04 18:23:08 - [MESSAGE][PASSED] - Object 'Object Repository/Login Admin/Verifikasi Halaman Administrator' is present

2023-10-04 18:23:08 - [TEST_STEP][PASSED] - setText(findTestObject("Login Admin/Input Username Admin"), "admin"): Text 'admin' is set on object 'Object Repository/Login Admin/Input Username Admin'

2023-10-04 18:23:09 - [MESSAGE][PASSED] - Text 'admin' is set on object 'Object Repository/Login Admin/Input Username Admin'

2023-10-04 18:23:09 - [TEST_STEP][PASSED] - setEncryptedText(findTestObject("Login Admin/Input Password Admin"), "374mkdZ/lqyNS21oH+MJZQ=="): Text ****** has been set on object 'Object Repository/Login Admin/Input Password Admin'

2023-10-04 18:23:10 - [MESSAGE][PASSED] - Text ****** has been set on object 'Object Repository/Login Admin/Input Password Admin'

2023-10-04 18:23:10 - [TEST_STEP][PASSED] - delay(10): Delayed 10 second(s)

2023-10-04 18:23:20 - [MESSAGE][PASSED] - Delayed 10 second(s)

2023-10-04 18:23:20 - [TEST_STEP][PASSED] - click(findTestObject("Login Admin/Botton Sign In")): Object: 'Object Repository/Login Admin/Botton Sign In' is clicked on

2023-10-04 18:23:21 - [MESSAGE][PASSED] - Object: 'Object Repository/Login Admin/Botton Sign In' is clicked on

2023-10-04 18:23:21 - [TEST_STEP][PASSED] - verifyElementPresent(findTestObject("Login Admin/Verifikasi Halaman Login Admin"), 0): Object 'Object Repository/Login Admin/Verifikasi Halaman Login Admin' is present

2023-10-04 18:23:21 - [MESSAGE][WARNING] - Timeout '0' is invalid. Using default page load timeout: '30'

2023-10-04 18:23:22 - [MESSAGE][PASSED] - Object 'Object Repository/Login Admin/Verifikasi Halaman Login Admin' is present

2023-10-04 18:23:22 - [MESSAGE][PASSED] - Call Test Case 'Test Cases/Login Admin/TC-Login Admin-001' successfully

2023-10-04 18:23:22 - [TEST_STEP][PASSED] - click(findTestObject("Product Admin/Master Market")): Object: 'Object Repository/Product Admin/Master Market' is clicked on

2023-10-04 18:23:22 - [MESSAGE][PASSED] - Object: 'Object Repository/Product Admin/Master Market' is clicked on

2023-10-04 18:23:22 - [TEST_STEP][PASSED] - click(findTestObject("Product Admin/Produk Admin")): Object: 'Object Repository/Product Admin/Produk Admin' is clicked on

2023-10-04 18:23:23 - [MESSAGE][PASSED] - Object: 'Object Repository/Product Admin/Produk Admin' is clicked on

2023-10-04 18:23:23 - [TEST_STEP][PASSED] - verifyElementPresent(findTestObject("Product Admin/Veridikasi Halaman Semua Produk"), 0): Object 'Object Repository/Product Admin/Veridikasi Halaman Semua Produk' is present

2023-10-04 18:23:23 - [MESSAGE][WARNING] - Timeout '0' is invalid. Using default page load timeout: '30'

2023-10-04 18:23:24 - [MESSAGE][PASSED] - Object 'Object Repository/Product Admin/Veridikasi Halaman Semua Produk' is present

2023-10-04 18:23:24 - [MESSAGE][PASSED] - Call Test Case 'Test Cases/Product Admin/TC-PA-001' successfully

2023-10-04 18:23:24 - [TEST_STEP][PASSED] - click(findTestObject("Product Admin/Button Sort Berat")): Object: 'Object Repository/Product Admin/Button Sort Berat' is clicked on

2023-10-04 18:23:24 - [MESSAGE][PASSED] - Object: 'Object Repository/Product Admin/Button Sort Berat' is clicked on

2023-10-04 18:23:24 - [TEST_STEP][PASSED] - dataList = findWebElements(findTestObject("Object Repository/Product Admin/Data Berat"), 10): null

2023-10-04 18:23:24 - [TEST_STEP][PASSED] - arrProdukNameOri = []: null

2023-10-04 18:23:24 - [TEST_STEP][PASSED] - arrProdukNameSort = []: null

2023-10-04 18:23:24 - [TEST_STEP][PASSED] - for ([i = 0, i < dataList.size(), (i++)]): null

2023-10-04 18:23:24 - [TEST_STEP][PASSED] - text = text: null

2023-10-04 18:23:24 - [TEST_STEP][PASSED] - arrProdukNameOri[i] = Integer.parseInt(text.replace(" G", "")): null

2023-10-04 18:23:24 - [TEST_STEP][PASSED] - arrProdukNameSort[i] = Integer.parseInt(text.replace(" G", "")): null

2023-10-04 18:23:24 - [TEST_STEP][PASSED] - text = text: null

2023-10-04 18:23:24 - [TEST_STEP][PASSED] - arrProdukNameOri[i] = Integer.parseInt(text.replace(" G", "")): null

2023-10-04 18:23:24 - [TEST_STEP][PASSED] - arrProdukNameSort[i] = Integer.parseInt(text.replace(" G", "")): null

2023-10-04 18:23:24 - [TEST_STEP][PASSED] - text = text: null

2023-10-04 18:23:24 - [TEST_STEP][PASSED] - arrProdukNameOri[i] = Integer.parseInt(text.replace(" G", "")): null

2023-10-04 18:23:24 - [TEST_STEP][PASSED] - arrProdukNameSort[i] = Integer.parseInt(text.replace(" G", "")): null

2023-10-04 18:23:24 - [TEST_STEP][PASSED] - text = text: null

2023-10-04 18:23:24 - [TEST_STEP][PASSED] - arrProdukNameOri[i] = Integer.parseInt(text.replace(" G", "")): null

2023-10-04 18:23:24 - [TEST_STEP][PASSED] - arrProdukNameSort[i] = Integer.parseInt(text.replace(" G", "")): null

2023-10-04 18:23:24 - [TEST_STEP][PASSED] - text = text: null

2023-10-04 18:23:24 - [TEST_STEP][PASSED] - arrProdukNameOri[i] = Integer.parseInt(text.replace(" G", "")): null

2023-10-04 18:23:24 - [TEST_STEP][PASSED] - arrProdukNameSort[i] = Integer.parseInt(text.replace(" G", "")): null

2023-10-04 18:23:24 - [TEST_STEP][PASSED] - text = text: null

2023-10-04 18:23:24 - [TEST_STEP][PASSED] - arrProdukNameOri[i] = Integer.parseInt(text.replace(" G", "")): null

2023-10-04 18:23:24 - [TEST_STEP][PASSED] - arrProdukNameSort[i] = Integer.parseInt(text.replace(" G", "")): null

2023-10-04 18:23:24 - [TEST_STEP][PASSED] - text = text: null

2023-10-04 18:23:24 - [TEST_STEP][PASSED] - arrProdukNameOri[i] = Integer.parseInt(text.replace(" G", "")): null

2023-10-04 18:23:24 - [TEST_STEP][PASSED] - arrProdukNameSort[i] = Integer.parseInt(text.replace(" G", "")): null

2023-10-04 18:23:24 - [TEST_STEP][PASSED] - text = text: null

2023-10-04 18:23:24 - [TEST_STEP][PASSED] - arrProdukNameOri[i] = Integer.parseInt(text.replace(" G", "")): null

2023-10-04 18:23:24 - [TEST_STEP][PASSED] - arrProdukNameSort[i] = Integer.parseInt(text.replace(" G", "")): null

2023-10-04 18:23:24 - [TEST_STEP][PASSED] - text = text: null

2023-10-04 18:23:24 - [TEST_STEP][PASSED] - arrProdukNameOri[i] = Integer.parseInt(text.replace(" G", "")): null

2023-10-04 18:23:24 - [TEST_STEP][PASSED] - arrProdukNameSort[i] = Integer.parseInt(text.replace(" G", "")): null

2023-10-04 18:23:24 - [TEST_STEP][PASSED] - text = text: null

2023-10-04 18:23:24 - [TEST_STEP][PASSED] - arrProdukNameOri[i] = Integer.parseInt(text.replace(" G", "")): null

2023-10-04 18:23:24 - [TEST_STEP][PASSED] - arrProdukNameSort[i] = Integer.parseInt(text.replace(" G", "")): null

2023-10-04 18:23:24 - [TEST_STEP][PASSED] - Arrays.sort(arrProdukNameSort): null

2023-10-04 18:23:24 - [TEST_STEP][PASSED] - println(arrProdukNameOri): null

2023-10-04 18:23:24 - [TEST_STEP][PASSED] - println(arrProdukNameSort): null

2023-10-04 18:23:24 - [TEST_STEP][FAILED] - assert arrProdukNameOri == arrProdukNameSort: Test Cases/Product Admin/TC-PA-017 FAILED.
Reason:
Assertion failed: 

assert arrProdukNameOri == arrProdukNameSort
       |                |  |
       |                |  [-1, 0, 1, 12, 100, 100, 1100, 1100, 1100, 1000000000]
       |                false
       [-1, 0, 1, 100, 100, 1000000000, 1100, 1100, 1100, 12]

	at TC-PA-017.run(TC-PA-017:45)
	at com.kms.katalon.core.main.ScriptEngine.run(ScriptEngine.java:194)
	at com.kms.katalon.core.main.ScriptEngine.runScriptAsRawText(ScriptEngine.java:119)
	at com.kms.katalon.core.main.TestCaseExecutor.runScript(TestCaseExecutor.java:448)
	at com.kms.katalon.core.main.TestCaseExecutor.doExecute(TestCaseExecutor.java:439)
	at com.kms.katalon.core.main.TestCaseExecutor.processExecutionPhase(TestCaseExecutor.java:418)
	at com.kms.katalon.core.main.TestCaseExecutor.accessMainPhase(TestCaseExecutor.java:410)
	at com.kms.katalon.core.main.TestCaseExecutor.execute(TestCaseExecutor.java:285)
	at com.kms.katalon.core.main.TestCaseMain.runTestCase(TestCaseMain.java:144)
	at com.kms.katalon.core.keyword.builtin.CallTestCaseKeyword$_callTestCase_closure1.doCall(CallTestCaseKeyword.groovy:59)
	at com.kms.katalon.core.keyword.builtin.CallTestCaseKeyword$_callTestCase_closure1.call(CallTestCaseKeyword.groovy)
	at com.kms.katalon.core.keyword.internal.KeywordMain.runKeyword(KeywordMain.groovy:75)
	at com.kms.katalon.core.keyword.builtin.CallTestCaseKeyword.callTestCase(CallTestCaseKeyword.groovy:81)
	at com.kms.katalon.core.keyword.builtin.CallTestCaseKeyword.execute(CallTestCaseKeyword.groovy:44)
	at com.kms.katalon.core.keyword.internal.KeywordExecutor.executeKeywordForPlatform(KeywordExecutor.groovy:74)
	at com.kms.katalon.core.keyword.BuiltinKeywords.callTestCase(BuiltinKeywords.groovy:310)
	at TC-PA-018.run(TC-PA-018:21)
	at com.kms.katalon.core.main.ScriptEngine.run(ScriptEngine.java:194)
	at com.kms.katalon.core.main.ScriptEngine.runScriptAsRawText(ScriptEngine.java:119)
	at com.kms.katalon.core.main.TestCaseExecutor.runScript(TestCaseExecutor.java:448)
	at com.kms.katalon.core.main.TestCaseExecutor.doExecute(TestCaseExecutor.java:439)
	at com.kms.katalon.core.main.TestCaseExecutor.processExecutionPhase(TestCaseExecutor.java:418)
	at com.kms.katalon.core.main.TestCaseExecutor.accessMainPhase(TestCaseExecutor.java:410)
	at com.kms.katalon.core.main.TestCaseExecutor.execute(TestCaseExecutor.java:285)
	at com.kms.katalon.core.common.CommonExecutor.accessTestCaseMainPhase(CommonExecutor.java:65)
	at com.kms.katalon.core.main.TestSuiteExecutor.accessTestSuiteMainPhase(TestSuiteExecutor.java:148)
	at com.kms.katalon.core.main.TestSuiteExecutor.execute(TestSuiteExecutor.java:106)
	at com.kms.katalon.core.main.TestCaseMain.startTestSuite(TestCaseMain.java:187)
	at com.kms.katalon.core.main.TestCaseMain$startTestSuite$0.call(Unknown Source)
	at TempTestSuite1696418169597.run(TempTestSuite1696418169597.groovy:36)


2023-10-04 18:23:24 - [MESSAGE][FAILED] - Test Cases/Product Admin/TC-PA-017 FAILED.
Reason:
Assertion failed: 

assert arrProdukNameOri == arrProdukNameSort
       |                |  |
       |                |  [-1, 0, 1, 12, 100, 100, 1100, 1100, 1100, 1000000000]
       |                false
       [-1, 0, 1, 100, 100, 1000000000, 1100, 1100, 1100, 12]

	at TC-PA-017.run(TC-PA-017:45)
	at com.kms.katalon.core.main.ScriptEngine.run(ScriptEngine.java:194)
	at com.kms.katalon.core.main.ScriptEngine.runScriptAsRawText(ScriptEngine.java:119)
	at com.kms.katalon.core.main.TestCaseExecutor.runScript(TestCaseExecutor.java:448)
	at com.kms.katalon.core.main.TestCaseExecutor.doExecute(TestCaseExecutor.java:439)
	at com.kms.katalon.core.main.TestCaseExecutor.processExecutionPhase(TestCaseExecutor.java:418)
	at com.kms.katalon.core.main.TestCaseExecutor.accessMainPhase(TestCaseExecutor.java:410)
	at com.kms.katalon.core.main.TestCaseExecutor.execute(TestCaseExecutor.java:285)
	at com.kms.katalon.core.main.TestCaseMain.runTestCase(TestCaseMain.java:144)
	at com.kms.katalon.core.keyword.builtin.CallTestCaseKeyword$_callTestCase_closure1.doCall(CallTestCaseKeyword.groovy:59)
	at com.kms.katalon.core.keyword.builtin.CallTestCaseKeyword$_callTestCase_closure1.call(CallTestCaseKeyword.groovy)
	at com.kms.katalon.core.keyword.internal.KeywordMain.runKeyword(KeywordMain.groovy:75)
	at com.kms.katalon.core.keyword.builtin.CallTestCaseKeyword.callTestCase(CallTestCaseKeyword.groovy:81)
	at com.kms.katalon.core.keyword.builtin.CallTestCaseKeyword.execute(CallTestCaseKeyword.groovy:44)
	at com.kms.katalon.core.keyword.internal.KeywordExecutor.executeKeywordForPlatform(KeywordExecutor.groovy:74)
	at com.kms.katalon.core.keyword.BuiltinKeywords.callTestCase(BuiltinKeywords.groovy:310)
	at TC-PA-018.run(TC-PA-018:21)
	at com.kms.katalon.core.main.ScriptEngine.run(ScriptEngine.java:194)
	at com.kms.katalon.core.main.ScriptEngine.runScriptAsRawText(ScriptEngine.java:119)
	at com.kms.katalon.core.main.TestCaseExecutor.runScript(TestCaseExecutor.java:448)
	at com.kms.katalon.core.main.TestCaseExecutor.doExecute(TestCaseExecutor.java:439)
	at com.kms.katalon.core.main.TestCaseExecutor.processExecutionPhase(TestCaseExecutor.java:418)
	at com.kms.katalon.core.main.TestCaseExecutor.accessMainPhase(TestCaseExecutor.java:410)
	at com.kms.katalon.core.main.TestCaseExecutor.execute(TestCaseExecutor.java:285)
	at com.kms.katalon.core.common.CommonExecutor.accessTestCaseMainPhase(CommonExecutor.java:65)
	at com.kms.katalon.core.main.TestSuiteExecutor.accessTestSuiteMainPhase(TestSuiteExecutor.java:148)
	at com.kms.katalon.core.main.TestSuiteExecutor.execute(TestSuiteExecutor.java:106)
	at com.kms.katalon.core.main.TestCaseMain.startTestSuite(TestCaseMain.java:187)
	at com.kms.katalon.core.main.TestCaseMain$startTestSuite$0.call(Unknown Source)
	at TempTestSuite1696418169597.run(TempTestSuite1696418169597.groovy:36)


2023-10-04 18:23:24 - [MESSAGE][FAILED] - Unable to call Test Case 'Test Cases/Product Admin/TC-PA-017' (Root cause: com.kms.katalon.core.exception.StepFailedException: Call Test Case 'Test Cases/Product Admin/TC-PA-017' failed
	at com.kms.katalon.core.keyword.builtin.CallTestCaseKeyword$_callTestCase_closure1.doCall(CallTestCaseKeyword.groovy:63)
	at com.kms.katalon.core.keyword.builtin.CallTestCaseKeyword$_callTestCase_closure1.call(CallTestCaseKeyword.groovy)
	at com.kms.katalon.core.keyword.internal.KeywordMain.runKeyword(KeywordMain.groovy:75)
	at com.kms.katalon.core.keyword.builtin.CallTestCaseKeyword.callTestCase(CallTestCaseKeyword.groovy:81)
	at com.kms.katalon.core.keyword.builtin.CallTestCaseKeyword.execute(CallTestCaseKeyword.groovy:44)
	at com.kms.katalon.core.keyword.internal.KeywordExecutor.executeKeywordForPlatform(KeywordExecutor.groovy:74)
	at com.kms.katalon.core.keyword.BuiltinKeywords.callTestCase(BuiltinKeywords.groovy:310)
	at TC-PA-018.run(TC-PA-018:21)
	at com.kms.katalon.core.main.ScriptEngine.run(ScriptEngine.java:194)
	at com.kms.katalon.core.main.ScriptEngine.runScriptAsRawText(ScriptEngine.java:119)
	at com.kms.katalon.core.main.TestCaseExecutor.runScript(TestCaseExecutor.java:448)
	at com.kms.katalon.core.main.TestCaseExecutor.doExecute(TestCaseExecutor.java:439)
	at com.kms.katalon.core.main.TestCaseExecutor.processExecutionPhase(TestCaseExecutor.java:418)
	at com.kms.katalon.core.main.TestCaseExecutor.accessMainPhase(TestCaseExecutor.java:410)
	at com.kms.katalon.core.main.TestCaseExecutor.execute(TestCaseExecutor.java:285)
	at com.kms.katalon.core.common.CommonExecutor.accessTestCaseMainPhase(CommonExecutor.java:65)
	at com.kms.katalon.core.main.TestSuiteExecutor.accessTestSuiteMainPhase(TestSuiteExecutor.java:148)
	at com.kms.katalon.core.main.TestSuiteExecutor.execute(TestSuiteExecutor.java:106)
	at com.kms.katalon.core.main.TestCaseMain.startTestSuite(TestCaseMain.java:187)
	at com.kms.katalon.core.main.TestCaseMain$startTestSuite$0.call(Unknown Source)
	at TempTestSuite1696418169597.run(TempTestSuite1696418169597.groovy:36)
Caused by: Assertion failed: 

assert arrProdukNameOri == arrProdukNameSort
       |                |  |
       |                |  [-1, 0, 1, 12, 100, 100, 1100, 1100, 1100, 1000000000]
       |                false
       [-1, 0, 1, 100, 100, 1000000000, 1100, 1100, 1100, 12]

	at TC-PA-017.run(TC-PA-017:45)
	at com.kms.katalon.core.main.ScriptEngine.run(ScriptEngine.java:194)
	at com.kms.katalon.core.main.ScriptEngine.runScriptAsRawText(ScriptEngine.java:119)
	at com.kms.katalon.core.main.TestCaseExecutor.runScript(TestCaseExecutor.java:448)
	at com.kms.katalon.core.main.TestCaseExecutor.doExecute(TestCaseExecutor.java:439)
	at com.kms.katalon.core.main.TestCaseExecutor.processExecutionPhase(TestCaseExecutor.java:418)
	at com.kms.katalon.core.main.TestCaseExecutor.accessMainPhase(TestCaseExecutor.java:410)
	at com.kms.katalon.core.main.TestCaseExecutor.execute(TestCaseExecutor.java:285)
	at com.kms.katalon.core.main.TestCaseMain.runTestCase(TestCaseMain.java:144)
	at com.kms.katalon.core.keyword.builtin.CallTestCaseKeyword$_callTestCase_closure1.doCall(CallTestCaseKeyword.groovy:59)
	... 20 more
)]]></system-out>
         <system-err><![CDATA[2023-10-04 18:23:04 - [TEST_CASE][FAILED] - Test Cases/Product Admin/TC-PA-018: Test Cases/Product Admin/TC-PA-018 FAILED.
Reason:
com.kms.katalon.core.exception.StepFailedException: Call Test Case 'Test Cases/Product Admin/TC-PA-017' failed
	at com.kms.katalon.core.keyword.builtin.CallTestCaseKeyword$_callTestCase_closure1.doCall(CallTestCaseKeyword.groovy:63)
	at com.kms.katalon.core.keyword.builtin.CallTestCaseKeyword$_callTestCase_closure1.call(CallTestCaseKeyword.groovy)
	at com.kms.katalon.core.keyword.internal.KeywordMain.runKeyword(KeywordMain.groovy:75)
	at com.kms.katalon.core.keyword.builtin.CallTestCaseKeyword.callTestCase(CallTestCaseKeyword.groovy:81)
	at com.kms.katalon.core.keyword.builtin.CallTestCaseKeyword.execute(CallTestCaseKeyword.groovy:44)
	at com.kms.katalon.core.keyword.internal.KeywordExecutor.executeKeywordForPlatform(KeywordExecutor.groovy:74)
	at com.kms.katalon.core.keyword.BuiltinKeywords.callTestCase(BuiltinKeywords.groovy:310)
	at TC-PA-018.run(TC-PA-018:21)
	at com.kms.katalon.core.main.ScriptEngine.run(ScriptEngine.java:194)
	at com.kms.katalon.core.main.ScriptEngine.runScriptAsRawText(ScriptEngine.java:119)
	at com.kms.katalon.core.main.TestCaseExecutor.runScript(TestCaseExecutor.java:448)
	at com.kms.katalon.core.main.TestCaseExecutor.doExecute(TestCaseExecutor.java:439)
	at com.kms.katalon.core.main.TestCaseExecutor.processExecutionPhase(TestCaseExecutor.java:418)
	at com.kms.katalon.core.main.TestCaseExecutor.accessMainPhase(TestCaseExecutor.java:410)
	at com.kms.katalon.core.main.TestCaseExecutor.execute(TestCaseExecutor.java:285)
	at com.kms.katalon.core.common.CommonExecutor.accessTestCaseMainPhase(CommonExecutor.java:65)
	at com.kms.katalon.core.main.TestSuiteExecutor.accessTestSuiteMainPhase(TestSuiteExecutor.java:148)
	at com.kms.katalon.core.main.TestSuiteExecutor.execute(TestSuiteExecutor.java:106)
	at com.kms.katalon.core.main.TestCaseMain.startTestSuite(TestCaseMain.java:187)
	at com.kms.katalon.core.main.TestCaseMain$startTestSuite$0.call(Unknown Source)
	at TempTestSuite1696418169597.run(TempTestSuite1696418169597.groovy:36)
Caused by: Assertion failed: 

assert arrProdukNameOri == arrProdukNameSort
       |                |  |
       |                |  [-1, 0, 1, 12, 100, 100, 1100, 1100, 1100, 1000000000]
       |                false
       [-1, 0, 1, 100, 100, 1000000000, 1100, 1100, 1100, 12]

	at TC-PA-017.run(TC-PA-017:45)
	at com.kms.katalon.core.main.ScriptEngine.run(ScriptEngine.java:194)
	at com.kms.katalon.core.main.ScriptEngine.runScriptAsRawText(ScriptEngine.java:119)
	at com.kms.katalon.core.main.TestCaseExecutor.runScript(TestCaseExecutor.java:448)
	at com.kms.katalon.core.main.TestCaseExecutor.doExecute(TestCaseExecutor.java:439)
	at com.kms.katalon.core.main.TestCaseExecutor.processExecutionPhase(TestCaseExecutor.java:418)
	at com.kms.katalon.core.main.TestCaseExecutor.accessMainPhase(TestCaseExecutor.java:410)
	at com.kms.katalon.core.main.TestCaseExecutor.execute(TestCaseExecutor.java:285)
	at com.kms.katalon.core.main.TestCaseMain.runTestCase(TestCaseMain.java:144)
	at com.kms.katalon.core.keyword.builtin.CallTestCaseKeyword$_callTestCase_closure1.doCall(CallTestCaseKeyword.groovy:59)
	... 20 more]]></system-err>
      </testcase>
      <testcase name="Test Cases/Product Admin/TC-PA-019" time="21.436" classname="Test Cases/Product Admin/TC-PA-019" status="PASSED">
         <system-out><![CDATA[2023-10-04 18:23:24 - [TEST_CASE][PASSED] - Test Cases/Product Admin/TC-PA-019: Test Cases/Product Admin/TC-PA-019

2023-10-04 18:23:25 - [TEST_STEP][PASSED] - callTestCase(findTestCase("Product Admin/TC-PA-001"), [:], STOP_ON_FAILURE): Call Test Case 'Test Cases/Product Admin/TC-PA-001' successfully

2023-10-04 18:23:25 - [TEST_CASE][PASSED] - Test Cases/Product Admin/TC-PA-001: Test Cases/Product Admin/TC-PA-001

2023-10-04 18:23:25 - [TEST_STEP][PASSED] - callTestCase(findTestCase("Login Admin/TC-Login Admin-001"), [:], STOP_ON_FAILURE): Call Test Case 'Test Cases/Login Admin/TC-Login Admin-001' successfully

2023-10-04 18:23:25 - [TEST_CASE][PASSED] - Test Cases/Login Admin/TC-Login Admin-001: Test Cases/Login Admin/TC-Login Admin-001

2023-10-04 18:23:25 - [TEST_STEP][PASSED] - openBrowser(adminTajalapak): Browser is opened with url: 'https://10.9.2.63/ecommerce/administrator'

2023-10-04 18:23:25 - [MESSAGE][WARNING] - A browser is already opened. Closing browser and opening a new one

2023-10-04 18:23:26 - [MESSAGE][INFO] - Starting 'Edge Chromium' driver

2023-10-04 18:23:26 - [MESSAGE][INFO] - User set preference: ['acceptInsecureCerts', 'true']

2023-10-04 18:23:26 - [MESSAGE][INFO] - Action delay is set to 0 milliseconds

2023-10-04 18:23:29 - [MESSAGE][PASSED] - Browser is opened with url: 'https://10.9.2.63/ecommerce/administrator'

2023-10-04 18:23:29 - [TEST_STEP][PASSED] - maximizeWindow(): Current window maximized

2023-10-04 18:23:29 - [MESSAGE][PASSED] - Current window maximized

2023-10-04 18:23:29 - [TEST_STEP][PASSED] - verifyElementPresent(findTestObject("Login Admin/Verifikasi Halaman Administrator"), 0): Object 'Object Repository/Login Admin/Verifikasi Halaman Administrator' is present

2023-10-04 18:23:29 - [MESSAGE][WARNING] - Timeout '0' is invalid. Using default page load timeout: '30'

2023-10-04 18:23:30 - [MESSAGE][PASSED] - Object 'Object Repository/Login Admin/Verifikasi Halaman Administrator' is present

2023-10-04 18:23:30 - [TEST_STEP][PASSED] - setText(findTestObject("Login Admin/Input Username Admin"), "admin"): Text 'admin' is set on object 'Object Repository/Login Admin/Input Username Admin'

2023-10-04 18:23:30 - [MESSAGE][PASSED] - Text 'admin' is set on object 'Object Repository/Login Admin/Input Username Admin'

2023-10-04 18:23:30 - [TEST_STEP][PASSED] - setEncryptedText(findTestObject("Login Admin/Input Password Admin"), "374mkdZ/lqyNS21oH+MJZQ=="): Text ****** has been set on object 'Object Repository/Login Admin/Input Password Admin'

2023-10-04 18:23:31 - [MESSAGE][PASSED] - Text ****** has been set on object 'Object Repository/Login Admin/Input Password Admin'

2023-10-04 18:23:31 - [TEST_STEP][PASSED] - delay(10): Delayed 10 second(s)

2023-10-04 18:23:41 - [MESSAGE][PASSED] - Delayed 10 second(s)

2023-10-04 18:23:41 - [TEST_STEP][PASSED] - click(findTestObject("Login Admin/Botton Sign In")): Object: 'Object Repository/Login Admin/Botton Sign In' is clicked on

2023-10-04 18:23:43 - [MESSAGE][PASSED] - Object: 'Object Repository/Login Admin/Botton Sign In' is clicked on

2023-10-04 18:23:43 - [TEST_STEP][PASSED] - verifyElementPresent(findTestObject("Login Admin/Verifikasi Halaman Login Admin"), 0): Object 'Object Repository/Login Admin/Verifikasi Halaman Login Admin' is present

2023-10-04 18:23:43 - [MESSAGE][WARNING] - Timeout '0' is invalid. Using default page load timeout: '30'

2023-10-04 18:23:43 - [MESSAGE][PASSED] - Object 'Object Repository/Login Admin/Verifikasi Halaman Login Admin' is present

2023-10-04 18:23:43 - [MESSAGE][PASSED] - Call Test Case 'Test Cases/Login Admin/TC-Login Admin-001' successfully

2023-10-04 18:23:43 - [TEST_STEP][PASSED] - click(findTestObject("Product Admin/Master Market")): Object: 'Object Repository/Product Admin/Master Market' is clicked on

2023-10-04 18:23:43 - [MESSAGE][PASSED] - Object: 'Object Repository/Product Admin/Master Market' is clicked on

2023-10-04 18:23:43 - [TEST_STEP][PASSED] - click(findTestObject("Product Admin/Produk Admin")): Object: 'Object Repository/Product Admin/Produk Admin' is clicked on

2023-10-04 18:23:45 - [MESSAGE][PASSED] - Object: 'Object Repository/Product Admin/Produk Admin' is clicked on

2023-10-04 18:23:45 - [TEST_STEP][PASSED] - verifyElementPresent(findTestObject("Product Admin/Veridikasi Halaman Semua Produk"), 0): Object 'Object Repository/Product Admin/Veridikasi Halaman Semua Produk' is present

2023-10-04 18:23:45 - [MESSAGE][WARNING] - Timeout '0' is invalid. Using default page load timeout: '30'

2023-10-04 18:23:45 - [MESSAGE][PASSED] - Object 'Object Repository/Product Admin/Veridikasi Halaman Semua Produk' is present

2023-10-04 18:23:45 - [MESSAGE][PASSED] - Call Test Case 'Test Cases/Product Admin/TC-PA-001' successfully

2023-10-04 18:23:45 - [TEST_STEP][PASSED] - click(findTestObject("Product Admin/Button Sort Product NoOrYes")): Object: 'Object Repository/Product Admin/Button Sort Product NoOrYes' is clicked on

2023-10-04 18:23:45 - [MESSAGE][PASSED] - Object: 'Object Repository/Product Admin/Button Sort Product NoOrYes' is clicked on

2023-10-04 18:23:45 - [TEST_STEP][PASSED] - dataList = findWebElements(findTestObject("Object Repository/Product Admin/Data Product Aktif Or Tidak"), 10): null

2023-10-04 18:23:46 - [TEST_STEP][PASSED] - arrProdukNameOri = []: null

2023-10-04 18:23:46 - [TEST_STEP][PASSED] - arrProdukNameSort = []: null

2023-10-04 18:23:46 - [TEST_STEP][PASSED] - for ([i = 0, i < dataList.size(), (i++)]): null

2023-10-04 18:23:46 - [TEST_STEP][PASSED] - text = text: null

2023-10-04 18:23:46 - [TEST_STEP][PASSED] - arrProdukNameOri[i] = text: null

2023-10-04 18:23:46 - [TEST_STEP][PASSED] - arrProdukNameSort[i] = text: null

2023-10-04 18:23:46 - [TEST_STEP][PASSED] - text = text: null

2023-10-04 18:23:46 - [TEST_STEP][PASSED] - arrProdukNameOri[i] = text: null

2023-10-04 18:23:46 - [TEST_STEP][PASSED] - arrProdukNameSort[i] = text: null

2023-10-04 18:23:46 - [TEST_STEP][PASSED] - text = text: null

2023-10-04 18:23:46 - [TEST_STEP][PASSED] - arrProdukNameOri[i] = text: null

2023-10-04 18:23:46 - [TEST_STEP][PASSED] - arrProdukNameSort[i] = text: null

2023-10-04 18:23:46 - [TEST_STEP][PASSED] - text = text: null

2023-10-04 18:23:46 - [TEST_STEP][PASSED] - arrProdukNameOri[i] = text: null

2023-10-04 18:23:46 - [TEST_STEP][PASSED] - arrProdukNameSort[i] = text: null

2023-10-04 18:23:46 - [TEST_STEP][PASSED] - text = text: null

2023-10-04 18:23:46 - [TEST_STEP][PASSED] - arrProdukNameOri[i] = text: null

2023-10-04 18:23:46 - [TEST_STEP][PASSED] - arrProdukNameSort[i] = text: null

2023-10-04 18:23:46 - [TEST_STEP][PASSED] - text = text: null

2023-10-04 18:23:46 - [TEST_STEP][PASSED] - arrProdukNameOri[i] = text: null

2023-10-04 18:23:46 - [TEST_STEP][PASSED] - arrProdukNameSort[i] = text: null

2023-10-04 18:23:46 - [TEST_STEP][PASSED] - text = text: null

2023-10-04 18:23:46 - [TEST_STEP][PASSED] - arrProdukNameOri[i] = text: null

2023-10-04 18:23:46 - [TEST_STEP][PASSED] - arrProdukNameSort[i] = text: null

2023-10-04 18:23:46 - [TEST_STEP][PASSED] - text = text: null

2023-10-04 18:23:46 - [TEST_STEP][PASSED] - arrProdukNameOri[i] = text: null

2023-10-04 18:23:46 - [TEST_STEP][PASSED] - arrProdukNameSort[i] = text: null

2023-10-04 18:23:46 - [TEST_STEP][PASSED] - text = text: null

2023-10-04 18:23:46 - [TEST_STEP][PASSED] - arrProdukNameOri[i] = text: null

2023-10-04 18:23:46 - [TEST_STEP][PASSED] - arrProdukNameSort[i] = text: null

2023-10-04 18:23:46 - [TEST_STEP][PASSED] - text = text: null

2023-10-04 18:23:46 - [TEST_STEP][PASSED] - arrProdukNameOri[i] = text: null

2023-10-04 18:23:46 - [TEST_STEP][PASSED] - arrProdukNameSort[i] = text: null

2023-10-04 18:23:46 - [TEST_STEP][PASSED] - Arrays.sort(arrProdukNameSort): null

2023-10-04 18:23:46 - [TEST_STEP][PASSED] - println(arrProdukNameOri): null

2023-10-04 18:23:46 - [TEST_STEP][PASSED] - println(arrProdukNameSort): null

2023-10-04 18:23:46 - [TEST_STEP][PASSED] - assert arrProdukNameOri == arrProdukNameSort: null]]></system-out>
         <system-err><![CDATA[]]></system-err>
      </testcase>
      <testcase name="Test Cases/Product Admin/TC-PA-020" time="22.677" classname="Test Cases/Product Admin/TC-PA-020" status="PASSED">
         <system-out><![CDATA[2023-10-04 18:23:46 - [TEST_CASE][PASSED] - Test Cases/Product Admin/TC-PA-020: Test Cases/Product Admin/TC-PA-020

2023-10-04 18:23:46 - [TEST_STEP][PASSED] - callTestCase(findTestCase("Product Admin/TC-PA-019"), [:], STOP_ON_FAILURE): Call Test Case 'Test Cases/Product Admin/TC-PA-019' successfully

2023-10-04 18:23:46 - [TEST_CASE][PASSED] - Test Cases/Product Admin/TC-PA-019: Test Cases/Product Admin/TC-PA-019

2023-10-04 18:23:46 - [TEST_STEP][PASSED] - callTestCase(findTestCase("Product Admin/TC-PA-001"), [:], STOP_ON_FAILURE): Call Test Case 'Test Cases/Product Admin/TC-PA-001' successfully

2023-10-04 18:23:46 - [TEST_CASE][PASSED] - Test Cases/Product Admin/TC-PA-001: Test Cases/Product Admin/TC-PA-001

2023-10-04 18:23:46 - [TEST_STEP][PASSED] - callTestCase(findTestCase("Login Admin/TC-Login Admin-001"), [:], STOP_ON_FAILURE): Call Test Case 'Test Cases/Login Admin/TC-Login Admin-001' successfully

2023-10-04 18:23:46 - [TEST_CASE][PASSED] - Test Cases/Login Admin/TC-Login Admin-001: Test Cases/Login Admin/TC-Login Admin-001

2023-10-04 18:23:46 - [TEST_STEP][PASSED] - openBrowser(adminTajalapak): Browser is opened with url: 'https://10.9.2.63/ecommerce/administrator'

2023-10-04 18:23:46 - [MESSAGE][WARNING] - A browser is already opened. Closing browser and opening a new one

2023-10-04 18:23:47 - [MESSAGE][INFO] - Starting 'Edge Chromium' driver

2023-10-04 18:23:47 - [MESSAGE][INFO] - User set preference: ['acceptInsecureCerts', 'true']

2023-10-04 18:23:48 - [MESSAGE][INFO] - Action delay is set to 0 milliseconds

2023-10-04 18:23:50 - [MESSAGE][PASSED] - Browser is opened with url: 'https://10.9.2.63/ecommerce/administrator'

2023-10-04 18:23:50 - [TEST_STEP][PASSED] - maximizeWindow(): Current window maximized

2023-10-04 18:23:51 - [MESSAGE][PASSED] - Current window maximized

2023-10-04 18:23:51 - [TEST_STEP][PASSED] - verifyElementPresent(findTestObject("Login Admin/Verifikasi Halaman Administrator"), 0): Object 'Object Repository/Login Admin/Verifikasi Halaman Administrator' is present

2023-10-04 18:23:51 - [MESSAGE][WARNING] - Timeout '0' is invalid. Using default page load timeout: '30'

2023-10-04 18:23:51 - [MESSAGE][PASSED] - Object 'Object Repository/Login Admin/Verifikasi Halaman Administrator' is present

2023-10-04 18:23:51 - [TEST_STEP][PASSED] - setText(findTestObject("Login Admin/Input Username Admin"), "admin"): Text 'admin' is set on object 'Object Repository/Login Admin/Input Username Admin'

2023-10-04 18:23:52 - [MESSAGE][PASSED] - Text 'admin' is set on object 'Object Repository/Login Admin/Input Username Admin'

2023-10-04 18:23:52 - [TEST_STEP][PASSED] - setEncryptedText(findTestObject("Login Admin/Input Password Admin"), "374mkdZ/lqyNS21oH+MJZQ=="): Text ****** has been set on object 'Object Repository/Login Admin/Input Password Admin'

2023-10-04 18:23:52 - [MESSAGE][PASSED] - Text ****** has been set on object 'Object Repository/Login Admin/Input Password Admin'

2023-10-04 18:23:52 - [TEST_STEP][PASSED] - delay(10): Delayed 10 second(s)

2023-10-04 18:24:02 - [MESSAGE][PASSED] - Delayed 10 second(s)

2023-10-04 18:24:02 - [TEST_STEP][PASSED] - click(findTestObject("Login Admin/Botton Sign In")): Object: 'Object Repository/Login Admin/Botton Sign In' is clicked on

2023-10-04 18:24:04 - [MESSAGE][PASSED] - Object: 'Object Repository/Login Admin/Botton Sign In' is clicked on

2023-10-04 18:24:04 - [TEST_STEP][PASSED] - verifyElementPresent(findTestObject("Login Admin/Verifikasi Halaman Login Admin"), 0): Object 'Object Repository/Login Admin/Verifikasi Halaman Login Admin' is present

2023-10-04 18:24:04 - [MESSAGE][WARNING] - Timeout '0' is invalid. Using default page load timeout: '30'

2023-10-04 18:24:05 - [MESSAGE][PASSED] - Object 'Object Repository/Login Admin/Verifikasi Halaman Login Admin' is present

2023-10-04 18:24:05 - [MESSAGE][PASSED] - Call Test Case 'Test Cases/Login Admin/TC-Login Admin-001' successfully

2023-10-04 18:24:05 - [TEST_STEP][PASSED] - click(findTestObject("Product Admin/Master Market")): Object: 'Object Repository/Product Admin/Master Market' is clicked on

2023-10-04 18:24:05 - [MESSAGE][PASSED] - Object: 'Object Repository/Product Admin/Master Market' is clicked on

2023-10-04 18:24:05 - [TEST_STEP][PASSED] - click(findTestObject("Product Admin/Produk Admin")): Object: 'Object Repository/Product Admin/Produk Admin' is clicked on

2023-10-04 18:24:06 - [MESSAGE][PASSED] - Object: 'Object Repository/Product Admin/Produk Admin' is clicked on

2023-10-04 18:24:06 - [TEST_STEP][PASSED] - verifyElementPresent(findTestObject("Product Admin/Veridikasi Halaman Semua Produk"), 0): Object 'Object Repository/Product Admin/Veridikasi Halaman Semua Produk' is present

2023-10-04 18:24:06 - [MESSAGE][WARNING] - Timeout '0' is invalid. Using default page load timeout: '30'

2023-10-04 18:24:07 - [MESSAGE][PASSED] - Object 'Object Repository/Product Admin/Veridikasi Halaman Semua Produk' is present

2023-10-04 18:24:07 - [MESSAGE][PASSED] - Call Test Case 'Test Cases/Product Admin/TC-PA-001' successfully

2023-10-04 18:24:07 - [TEST_STEP][PASSED] - click(findTestObject("Product Admin/Button Sort Product NoOrYes")): Object: 'Object Repository/Product Admin/Button Sort Product NoOrYes' is clicked on

2023-10-04 18:24:07 - [MESSAGE][PASSED] - Object: 'Object Repository/Product Admin/Button Sort Product NoOrYes' is clicked on

2023-10-04 18:24:07 - [TEST_STEP][PASSED] - dataList = findWebElements(findTestObject("Object Repository/Product Admin/Data Product Aktif Or Tidak"), 10): null

2023-10-04 18:24:08 - [TEST_STEP][PASSED] - arrProdukNameOri = []: null

2023-10-04 18:24:08 - [TEST_STEP][PASSED] - arrProdukNameSort = []: null

2023-10-04 18:24:08 - [TEST_STEP][PASSED] - for ([i = 0, i < dataList.size(), (i++)]): null

2023-10-04 18:24:08 - [TEST_STEP][PASSED] - text = text: null

2023-10-04 18:24:08 - [TEST_STEP][PASSED] - arrProdukNameOri[i] = text: null

2023-10-04 18:24:08 - [TEST_STEP][PASSED] - arrProdukNameSort[i] = text: null

2023-10-04 18:24:08 - [TEST_STEP][PASSED] - text = text: null

2023-10-04 18:24:08 - [TEST_STEP][PASSED] - arrProdukNameOri[i] = text: null

2023-10-04 18:24:08 - [TEST_STEP][PASSED] - arrProdukNameSort[i] = text: null

2023-10-04 18:24:08 - [TEST_STEP][PASSED] - text = text: null

2023-10-04 18:24:08 - [TEST_STEP][PASSED] - arrProdukNameOri[i] = text: null

2023-10-04 18:24:08 - [TEST_STEP][PASSED] - arrProdukNameSort[i] = text: null

2023-10-04 18:24:08 - [TEST_STEP][PASSED] - text = text: null

2023-10-04 18:24:08 - [TEST_STEP][PASSED] - arrProdukNameOri[i] = text: null

2023-10-04 18:24:08 - [TEST_STEP][PASSED] - arrProdukNameSort[i] = text: null

2023-10-04 18:24:08 - [TEST_STEP][PASSED] - text = text: null

2023-10-04 18:24:08 - [TEST_STEP][PASSED] - arrProdukNameOri[i] = text: null

2023-10-04 18:24:08 - [TEST_STEP][PASSED] - arrProdukNameSort[i] = text: null

2023-10-04 18:24:08 - [TEST_STEP][PASSED] - text = text: null

2023-10-04 18:24:08 - [TEST_STEP][PASSED] - arrProdukNameOri[i] = text: null

2023-10-04 18:24:08 - [TEST_STEP][PASSED] - arrProdukNameSort[i] = text: null

2023-10-04 18:24:08 - [TEST_STEP][PASSED] - text = text: null

2023-10-04 18:24:08 - [TEST_STEP][PASSED] - arrProdukNameOri[i] = text: null

2023-10-04 18:24:08 - [TEST_STEP][PASSED] - arrProdukNameSort[i] = text: null

2023-10-04 18:24:08 - [TEST_STEP][PASSED] - text = text: null

2023-10-04 18:24:08 - [TEST_STEP][PASSED] - arrProdukNameOri[i] = text: null

2023-10-04 18:24:08 - [TEST_STEP][PASSED] - arrProdukNameSort[i] = text: null

2023-10-04 18:24:08 - [TEST_STEP][PASSED] - text = text: null

2023-10-04 18:24:08 - [TEST_STEP][PASSED] - arrProdukNameOri[i] = text: null

2023-10-04 18:24:08 - [TEST_STEP][PASSED] - arrProdukNameSort[i] = text: null

2023-10-04 18:24:08 - [TEST_STEP][PASSED] - text = text: null

2023-10-04 18:24:08 - [TEST_STEP][PASSED] - arrProdukNameOri[i] = text: null

2023-10-04 18:24:08 - [TEST_STEP][PASSED] - arrProdukNameSort[i] = text: null

2023-10-04 18:24:08 - [TEST_STEP][PASSED] - Arrays.sort(arrProdukNameSort): null

2023-10-04 18:24:08 - [TEST_STEP][PASSED] - println(arrProdukNameOri): null

2023-10-04 18:24:08 - [TEST_STEP][PASSED] - println(arrProdukNameSort): null

2023-10-04 18:24:08 - [TEST_STEP][PASSED] - assert arrProdukNameOri == arrProdukNameSort: null

2023-10-04 18:24:08 - [MESSAGE][PASSED] - Call Test Case 'Test Cases/Product Admin/TC-PA-019' successfully

2023-10-04 18:24:08 - [TEST_STEP][PASSED] - click(findTestObject("Product Admin/Button Sort Product NoOrYes")): Object: 'Object Repository/Product Admin/Button Sort Product NoOrYes' is clicked on

2023-10-04 18:24:08 - [MESSAGE][PASSED] - Object: 'Object Repository/Product Admin/Button Sort Product NoOrYes' is clicked on

2023-10-04 18:24:08 - [TEST_STEP][PASSED] - dataList = findWebElements(findTestObject("Object Repository/Product Admin/Data Product Aktif Or Tidak"), 10): null

2023-10-04 18:24:08 - [TEST_STEP][PASSED] - arrProdukNameOri = []: null

2023-10-04 18:24:08 - [TEST_STEP][PASSED] - arrProdukNameSort = []: null

2023-10-04 18:24:08 - [TEST_STEP][PASSED] - for ([i = 0, i < dataList.size(), (i++)]): null

2023-10-04 18:24:08 - [TEST_STEP][PASSED] - text = text: null

2023-10-04 18:24:09 - [TEST_STEP][PASSED] - arrProdukNameOri[i] = text: null

2023-10-04 18:24:09 - [TEST_STEP][PASSED] - arrProdukNameSort[i] = text: null

2023-10-04 18:24:09 - [TEST_STEP][PASSED] - text = text: null

2023-10-04 18:24:09 - [TEST_STEP][PASSED] - arrProdukNameOri[i] = text: null

2023-10-04 18:24:09 - [TEST_STEP][PASSED] - arrProdukNameSort[i] = text: null

2023-10-04 18:24:09 - [TEST_STEP][PASSED] - text = text: null

2023-10-04 18:24:09 - [TEST_STEP][PASSED] - arrProdukNameOri[i] = text: null

2023-10-04 18:24:09 - [TEST_STEP][PASSED] - arrProdukNameSort[i] = text: null

2023-10-04 18:24:09 - [TEST_STEP][PASSED] - text = text: null

2023-10-04 18:24:09 - [TEST_STEP][PASSED] - arrProdukNameOri[i] = text: null

2023-10-04 18:24:09 - [TEST_STEP][PASSED] - arrProdukNameSort[i] = text: null

2023-10-04 18:24:09 - [TEST_STEP][PASSED] - text = text: null

2023-10-04 18:24:09 - [TEST_STEP][PASSED] - arrProdukNameOri[i] = text: null

2023-10-04 18:24:09 - [TEST_STEP][PASSED] - arrProdukNameSort[i] = text: null

2023-10-04 18:24:09 - [TEST_STEP][PASSED] - text = text: null

2023-10-04 18:24:09 - [TEST_STEP][PASSED] - arrProdukNameOri[i] = text: null

2023-10-04 18:24:09 - [TEST_STEP][PASSED] - arrProdukNameSort[i] = text: null

2023-10-04 18:24:09 - [TEST_STEP][PASSED] - text = text: null

2023-10-04 18:24:09 - [TEST_STEP][PASSED] - arrProdukNameOri[i] = text: null

2023-10-04 18:24:09 - [TEST_STEP][PASSED] - arrProdukNameSort[i] = text: null

2023-10-04 18:24:09 - [TEST_STEP][PASSED] - text = text: null

2023-10-04 18:24:09 - [TEST_STEP][PASSED] - arrProdukNameOri[i] = text: null

2023-10-04 18:24:09 - [TEST_STEP][PASSED] - arrProdukNameSort[i] = text: null

2023-10-04 18:24:09 - [TEST_STEP][PASSED] - text = text: null

2023-10-04 18:24:09 - [TEST_STEP][PASSED] - arrProdukNameOri[i] = text: null

2023-10-04 18:24:09 - [TEST_STEP][PASSED] - arrProdukNameSort[i] = text: null

2023-10-04 18:24:09 - [TEST_STEP][PASSED] - text = text: null

2023-10-04 18:24:09 - [TEST_STEP][PASSED] - arrProdukNameOri[i] = text: null

2023-10-04 18:24:09 - [TEST_STEP][PASSED] - arrProdukNameSort[i] = text: null

2023-10-04 18:24:09 - [TEST_STEP][PASSED] - Arrays.sort(arrProdukNameSort, Collections.reverseOrder()): null

2023-10-04 18:24:09 - [TEST_STEP][PASSED] - println(arrProdukNameOri): null

2023-10-04 18:24:09 - [TEST_STEP][PASSED] - println(arrProdukNameSort): null

2023-10-04 18:24:09 - [TEST_STEP][PASSED] - assert arrProdukNameOri == arrProdukNameSort: null]]></system-out>
         <system-err><![CDATA[]]></system-err>
      </testcase>
      <testcase name="Test Cases/Product Admin/TC-PA-021" time="21.922" classname="Test Cases/Product Admin/TC-PA-021" status="PASSED">
         <system-out><![CDATA[2023-10-04 18:24:09 - [TEST_CASE][PASSED] - Test Cases/Product Admin/TC-PA-021: Test Cases/Product Admin/TC-PA-021

2023-10-04 18:24:09 - [TEST_STEP][PASSED] - callTestCase(findTestCase("Product Admin/TC-PA-001"), [:], STOP_ON_FAILURE): Call Test Case 'Test Cases/Product Admin/TC-PA-001' successfully

2023-10-04 18:24:09 - [TEST_CASE][PASSED] - Test Cases/Product Admin/TC-PA-001: Test Cases/Product Admin/TC-PA-001

2023-10-04 18:24:09 - [TEST_STEP][PASSED] - callTestCase(findTestCase("Login Admin/TC-Login Admin-001"), [:], STOP_ON_FAILURE): Call Test Case 'Test Cases/Login Admin/TC-Login Admin-001' successfully

2023-10-04 18:24:09 - [TEST_CASE][PASSED] - Test Cases/Login Admin/TC-Login Admin-001: Test Cases/Login Admin/TC-Login Admin-001

2023-10-04 18:24:09 - [TEST_STEP][PASSED] - openBrowser(adminTajalapak): Browser is opened with url: 'https://10.9.2.63/ecommerce/administrator'

2023-10-04 18:24:09 - [MESSAGE][WARNING] - A browser is already opened. Closing browser and opening a new one

2023-10-04 18:24:10 - [MESSAGE][INFO] - Starting 'Edge Chromium' driver

2023-10-04 18:24:10 - [MESSAGE][INFO] - User set preference: ['acceptInsecureCerts', 'true']

2023-10-04 18:24:11 - [MESSAGE][INFO] - Action delay is set to 0 milliseconds

2023-10-04 18:24:13 - [MESSAGE][PASSED] - Browser is opened with url: 'https://10.9.2.63/ecommerce/administrator'

2023-10-04 18:24:13 - [TEST_STEP][PASSED] - maximizeWindow(): Current window maximized

2023-10-04 18:24:13 - [MESSAGE][PASSED] - Current window maximized

2023-10-04 18:24:13 - [TEST_STEP][PASSED] - verifyElementPresent(findTestObject("Login Admin/Verifikasi Halaman Administrator"), 0): Object 'Object Repository/Login Admin/Verifikasi Halaman Administrator' is present

2023-10-04 18:24:14 - [MESSAGE][WARNING] - Timeout '0' is invalid. Using default page load timeout: '30'

2023-10-04 18:24:14 - [MESSAGE][PASSED] - Object 'Object Repository/Login Admin/Verifikasi Halaman Administrator' is present

2023-10-04 18:24:14 - [TEST_STEP][PASSED] - setText(findTestObject("Login Admin/Input Username Admin"), "admin"): Text 'admin' is set on object 'Object Repository/Login Admin/Input Username Admin'

2023-10-04 18:24:15 - [MESSAGE][PASSED] - Text 'admin' is set on object 'Object Repository/Login Admin/Input Username Admin'

2023-10-04 18:24:15 - [TEST_STEP][PASSED] - setEncryptedText(findTestObject("Login Admin/Input Password Admin"), "374mkdZ/lqyNS21oH+MJZQ=="): Text ****** has been set on object 'Object Repository/Login Admin/Input Password Admin'

2023-10-04 18:24:15 - [MESSAGE][PASSED] - Text ****** has been set on object 'Object Repository/Login Admin/Input Password Admin'

2023-10-04 18:24:15 - [TEST_STEP][PASSED] - delay(10): Delayed 10 second(s)

2023-10-04 18:24:25 - [MESSAGE][PASSED] - Delayed 10 second(s)

2023-10-04 18:24:25 - [TEST_STEP][PASSED] - click(findTestObject("Login Admin/Botton Sign In")): Object: 'Object Repository/Login Admin/Botton Sign In' is clicked on

2023-10-04 18:24:26 - [MESSAGE][PASSED] - Object: 'Object Repository/Login Admin/Botton Sign In' is clicked on

2023-10-04 18:24:26 - [TEST_STEP][PASSED] - verifyElementPresent(findTestObject("Login Admin/Verifikasi Halaman Login Admin"), 0): Object 'Object Repository/Login Admin/Verifikasi Halaman Login Admin' is present

2023-10-04 18:24:26 - [MESSAGE][WARNING] - Timeout '0' is invalid. Using default page load timeout: '30'

2023-10-04 18:24:27 - [MESSAGE][PASSED] - Object 'Object Repository/Login Admin/Verifikasi Halaman Login Admin' is present

2023-10-04 18:24:27 - [MESSAGE][PASSED] - Call Test Case 'Test Cases/Login Admin/TC-Login Admin-001' successfully

2023-10-04 18:24:27 - [TEST_STEP][PASSED] - click(findTestObject("Product Admin/Master Market")): Object: 'Object Repository/Product Admin/Master Market' is clicked on

2023-10-04 18:24:28 - [MESSAGE][PASSED] - Object: 'Object Repository/Product Admin/Master Market' is clicked on

2023-10-04 18:24:28 - [TEST_STEP][PASSED] - click(findTestObject("Product Admin/Produk Admin")): Object: 'Object Repository/Product Admin/Produk Admin' is clicked on

2023-10-04 18:24:29 - [MESSAGE][PASSED] - Object: 'Object Repository/Product Admin/Produk Admin' is clicked on

2023-10-04 18:24:29 - [TEST_STEP][PASSED] - verifyElementPresent(findTestObject("Product Admin/Veridikasi Halaman Semua Produk"), 0): Object 'Object Repository/Product Admin/Veridikasi Halaman Semua Produk' is present

2023-10-04 18:24:29 - [MESSAGE][WARNING] - Timeout '0' is invalid. Using default page load timeout: '30'

2023-10-04 18:24:29 - [MESSAGE][PASSED] - Object 'Object Repository/Product Admin/Veridikasi Halaman Semua Produk' is present

2023-10-04 18:24:29 - [MESSAGE][PASSED] - Call Test Case 'Test Cases/Product Admin/TC-PA-001' successfully

2023-10-04 18:24:29 - [TEST_STEP][PASSED] - setText(findTestObject("Product Admin/Input Search Product"), cariKata): Text 'DELL' is set on object 'Object Repository/Product Admin/Input Search Product'

2023-10-04 18:24:30 - [MESSAGE][PASSED] - Text 'DELL' is set on object 'Object Repository/Product Admin/Input Search Product'

2023-10-04 18:24:30 - [TEST_STEP][PASSED] - dataList = findWebElements(findTestObject("Object Repository/Product Admin/Data Semua Product"), 10): null

2023-10-04 18:24:30 - [TEST_STEP][PASSED] - for ([i = 0, i < dataList.size(), i += 7]): null

2023-10-04 18:24:30 - [TEST_STEP][PASSED] - cekSearch = false: null

2023-10-04 18:24:30 - [TEST_STEP][PASSED] - nomor = get(i).getText(): null

2023-10-04 18:24:30 - [TEST_STEP][PASSED] - namaProduct = get(i + 1).getText(): null

2023-10-04 18:24:30 - [TEST_STEP][PASSED] - modal = get(i + 2).getText(): null

2023-10-04 18:24:30 - [TEST_STEP][PASSED] - reseller = get(i + 3).getText(): null

2023-10-04 18:24:30 - [TEST_STEP][PASSED] - konsumen = get(i + 4).getText(): null

2023-10-04 18:24:30 - [TEST_STEP][PASSED] - stok = get(i + 5).getText(): null

2023-10-04 18:24:31 - [TEST_STEP][PASSED] - satuan = get(i + 6).getText(): null

2023-10-04 18:24:31 - [TEST_STEP][PASSED] - berat = get(i + 7).getText(): null

2023-10-04 18:24:31 - [TEST_STEP][PASSED] - status = get(i + 8).getText(): null

2023-10-04 18:24:31 - [TEST_STEP][PASSED] - if (nomor.contains(cariKata)): null

2023-10-04 18:24:31 - [TEST_STEP][PASSED] - if (namaProduct.contains(cariKata)): null

2023-10-04 18:24:31 - [TEST_STEP][PASSED] - cekSearch = true: null

2023-10-04 18:24:31 - [TEST_STEP][PASSED] - break: null]]></system-out>
         <system-err><![CDATA[]]></system-err>
      </testcase>
      <testcase name="Test Cases/Product Admin/TC-PA-022" time="42.245" classname="Test Cases/Product Admin/TC-PA-022" status="PASSED">
         <system-out><![CDATA[2023-10-04 18:24:31 - [TEST_CASE][PASSED] - Test Cases/Product Admin/TC-PA-022: Test Cases/Product Admin/TC-PA-022

2023-10-04 18:24:31 - [TEST_STEP][PASSED] - callTestCase(findTestCase("Product Admin/TC-PA-001"), [:], STOP_ON_FAILURE): Call Test Case 'Test Cases/Product Admin/TC-PA-001' successfully

2023-10-04 18:24:31 - [TEST_CASE][PASSED] - Test Cases/Product Admin/TC-PA-001: Test Cases/Product Admin/TC-PA-001

2023-10-04 18:24:31 - [TEST_STEP][PASSED] - callTestCase(findTestCase("Login Admin/TC-Login Admin-001"), [:], STOP_ON_FAILURE): Call Test Case 'Test Cases/Login Admin/TC-Login Admin-001' successfully

2023-10-04 18:24:31 - [TEST_CASE][PASSED] - Test Cases/Login Admin/TC-Login Admin-001: Test Cases/Login Admin/TC-Login Admin-001

2023-10-04 18:24:31 - [TEST_STEP][PASSED] - openBrowser(adminTajalapak): Browser is opened with url: 'https://10.9.2.63/ecommerce/administrator'

2023-10-04 18:24:31 - [MESSAGE][WARNING] - A browser is already opened. Closing browser and opening a new one

2023-10-04 18:24:32 - [MESSAGE][INFO] - Starting 'Edge Chromium' driver

2023-10-04 18:24:32 - [MESSAGE][INFO] - User set preference: ['acceptInsecureCerts', 'true']

2023-10-04 18:24:33 - [MESSAGE][INFO] - Action delay is set to 0 milliseconds

2023-10-04 18:24:35 - [MESSAGE][PASSED] - Browser is opened with url: 'https://10.9.2.63/ecommerce/administrator'

2023-10-04 18:24:35 - [TEST_STEP][PASSED] - maximizeWindow(): Current window maximized

2023-10-04 18:24:36 - [MESSAGE][PASSED] - Current window maximized

2023-10-04 18:24:36 - [TEST_STEP][PASSED] - verifyElementPresent(findTestObject("Login Admin/Verifikasi Halaman Administrator"), 0): Object 'Object Repository/Login Admin/Verifikasi Halaman Administrator' is present

2023-10-04 18:24:36 - [MESSAGE][WARNING] - Timeout '0' is invalid. Using default page load timeout: '30'

2023-10-04 18:24:36 - [MESSAGE][PASSED] - Object 'Object Repository/Login Admin/Verifikasi Halaman Administrator' is present

2023-10-04 18:24:36 - [TEST_STEP][PASSED] - setText(findTestObject("Login Admin/Input Username Admin"), "admin"): Text 'admin' is set on object 'Object Repository/Login Admin/Input Username Admin'

2023-10-04 18:24:37 - [MESSAGE][PASSED] - Text 'admin' is set on object 'Object Repository/Login Admin/Input Username Admin'

2023-10-04 18:24:37 - [TEST_STEP][PASSED] - setEncryptedText(findTestObject("Login Admin/Input Password Admin"), "374mkdZ/lqyNS21oH+MJZQ=="): Text ****** has been set on object 'Object Repository/Login Admin/Input Password Admin'

2023-10-04 18:24:37 - [MESSAGE][PASSED] - Text ****** has been set on object 'Object Repository/Login Admin/Input Password Admin'

2023-10-04 18:24:37 - [TEST_STEP][PASSED] - delay(10): Delayed 10 second(s)

2023-10-04 18:24:47 - [MESSAGE][PASSED] - Delayed 10 second(s)

2023-10-04 18:24:47 - [TEST_STEP][PASSED] - click(findTestObject("Login Admin/Botton Sign In")): Object: 'Object Repository/Login Admin/Botton Sign In' is clicked on

2023-10-04 18:24:48 - [MESSAGE][PASSED] - Object: 'Object Repository/Login Admin/Botton Sign In' is clicked on

2023-10-04 18:24:48 - [TEST_STEP][PASSED] - verifyElementPresent(findTestObject("Login Admin/Verifikasi Halaman Login Admin"), 0): Object 'Object Repository/Login Admin/Verifikasi Halaman Login Admin' is present

2023-10-04 18:24:48 - [MESSAGE][WARNING] - Timeout '0' is invalid. Using default page load timeout: '30'

2023-10-04 18:24:49 - [MESSAGE][PASSED] - Object 'Object Repository/Login Admin/Verifikasi Halaman Login Admin' is present

2023-10-04 18:24:49 - [MESSAGE][PASSED] - Call Test Case 'Test Cases/Login Admin/TC-Login Admin-001' successfully

2023-10-04 18:24:49 - [TEST_STEP][PASSED] - click(findTestObject("Product Admin/Master Market")): Object: 'Object Repository/Product Admin/Master Market' is clicked on

2023-10-04 18:24:50 - [MESSAGE][PASSED] - Object: 'Object Repository/Product Admin/Master Market' is clicked on

2023-10-04 18:24:50 - [TEST_STEP][PASSED] - click(findTestObject("Product Admin/Produk Admin")): Object: 'Object Repository/Product Admin/Produk Admin' is clicked on

2023-10-04 18:24:51 - [MESSAGE][PASSED] - Object: 'Object Repository/Product Admin/Produk Admin' is clicked on

2023-10-04 18:24:51 - [TEST_STEP][PASSED] - verifyElementPresent(findTestObject("Product Admin/Veridikasi Halaman Semua Produk"), 0): Object 'Object Repository/Product Admin/Veridikasi Halaman Semua Produk' is present

2023-10-04 18:24:51 - [MESSAGE][WARNING] - Timeout '0' is invalid. Using default page load timeout: '30'

2023-10-04 18:24:52 - [MESSAGE][PASSED] - Object 'Object Repository/Product Admin/Veridikasi Halaman Semua Produk' is present

2023-10-04 18:24:52 - [MESSAGE][PASSED] - Call Test Case 'Test Cases/Product Admin/TC-PA-001' successfully

2023-10-04 18:24:52 - [TEST_STEP][PASSED] - jmlAwal = getText(findTestObject("Object Repository/Product Admin/Showing 1 to 10 of 55 entries")): Text of object 'Object Repository/Product Admin/Showing 1 to 10 of 55 entries' is: 'Showing 1 to 10 of 55 entries'

2023-10-04 18:24:52 - [MESSAGE][PASSED] - Text of object 'Object Repository/Product Admin/Showing 1 to 10 of 55 entries' is: 'Showing 1 to 10 of 55 entries'

2023-10-04 18:24:52 - [TEST_STEP][PASSED] - click(findTestObject("Product Admin/Button Tambahkan Data")): Object: 'Object Repository/Product Admin/Button Tambahkan Data' is clicked on

2023-10-04 18:24:53 - [MESSAGE][PASSED] - Object: 'Object Repository/Product Admin/Button Tambahkan Data' is clicked on

2023-10-04 18:24:53 - [TEST_STEP][PASSED] - verifyElementPresent(findTestObject("Product Admin/TambahProduk/Verifikasi Halaman Product Baru"), 0): Object 'Object Repository/Product Admin/TambahProduk/Verifikasi Halaman Product Baru' is present

2023-10-04 18:24:53 - [MESSAGE][WARNING] - Timeout '0' is invalid. Using default page load timeout: '30'

2023-10-04 18:24:54 - [MESSAGE][PASSED] - Object 'Object Repository/Product Admin/TambahProduk/Verifikasi Halaman Product Baru' is present

2023-10-04 18:24:54 - [TEST_STEP][PASSED] - setText(findTestObject("Product Admin/TambahProduk/Input Pemilik"), pemilik): Text 'Toko Koko' is set on object 'Object Repository/Product Admin/TambahProduk/Input Pemilik'

2023-10-04 18:24:54 - [MESSAGE][PASSED] - Text 'Toko Koko' is set on object 'Object Repository/Product Admin/TambahProduk/Input Pemilik'

2023-10-04 18:24:54 - [TEST_STEP][PASSED] - click(findTestObject("Product Admin/TambahProduk/Pemilik Toko Koko")): Object: 'Object Repository/Product Admin/TambahProduk/Pemilik Toko Koko' is clicked on

2023-10-04 18:24:55 - [MESSAGE][PASSED] - Object: 'Object Repository/Product Admin/TambahProduk/Pemilik Toko Koko' is clicked on

2023-10-04 18:24:55 - [TEST_STEP][PASSED] - selectOptionByValue(findTestObject("Product Admin/TambahProduk/Pilih Katagori"), katagori, false): All options with value '6' are selected in object 'Object Repository/Product Admin/TambahProduk/Pilih Katagori' 

2023-10-04 18:24:56 - [MESSAGE][PASSED] - All options with value '6' are selected in object 'Object Repository/Product Admin/TambahProduk/Pilih Katagori' 

2023-10-04 18:24:56 - [TEST_STEP][PASSED] - selectOptionByValue(findTestObject("Product Admin/TambahProduk/Pilih Sub Katagori"), subKatagori, false): All options with value '15' are selected in object 'Object Repository/Product Admin/TambahProduk/Pilih Sub Katagori' 

2023-10-04 18:24:56 - [MESSAGE][PASSED] - All options with value '15' are selected in object 'Object Repository/Product Admin/TambahProduk/Pilih Sub Katagori' 

2023-10-04 18:24:56 - [TEST_STEP][PASSED] - setText(findTestObject("Product Admin/TambahProduk/Input Nama Produk"), namaProduk): Text 'Baju Koko Kids 0 - 9 tahun' is set on object 'Object Repository/Product Admin/TambahProduk/Input Nama Produk'

2023-10-04 18:24:57 - [MESSAGE][PASSED] - Text 'Baju Koko Kids 0 - 9 tahun' is set on object 'Object Repository/Product Admin/TambahProduk/Input Nama Produk'

2023-10-04 18:24:57 - [TEST_STEP][PASSED] - setText(findTestObject("Product Admin/TambahProduk/Input Satuan Produk"), satuan): Text 'Pcs' is set on object 'Object Repository/Product Admin/TambahProduk/Input Satuan Produk'

2023-10-04 18:24:58 - [MESSAGE][PASSED] - Text 'Pcs' is set on object 'Object Repository/Product Admin/TambahProduk/Input Satuan Produk'

2023-10-04 18:24:58 - [TEST_STEP][PASSED] - setText(findTestObject("Product Admin/TambahProduk/Input Berat gram"), berat): Text '75' is set on object 'Object Repository/Product Admin/TambahProduk/Input Berat gram'

2023-10-04 18:24:59 - [MESSAGE][PASSED] - Text '75' is set on object 'Object Repository/Product Admin/TambahProduk/Input Berat gram'

2023-10-04 18:24:59 - [TEST_STEP][PASSED] - setText(findTestObject("Product Admin/TambahProduk/Input Harga Modal"), hargaModal): Text '10000' is set on object 'Object Repository/Product Admin/TambahProduk/Input Harga Modal'

2023-10-04 18:24:59 - [MESSAGE][PASSED] - Text '10000' is set on object 'Object Repository/Product Admin/TambahProduk/Input Harga Modal'

2023-10-04 18:24:59 - [TEST_STEP][PASSED] - setText(findTestObject("Product Admin/TambahProduk/Input Harga Reseller"), hargaReseller): Text '11000' is set on object 'Object Repository/Product Admin/TambahProduk/Input Harga Reseller'

2023-10-04 18:25:00 - [MESSAGE][PASSED] - Text '11000' is set on object 'Object Repository/Product Admin/TambahProduk/Input Harga Reseller'

2023-10-04 18:25:00 - [TEST_STEP][PASSED] - setText(findTestObject("Product Admin/TambahProduk/Input Harga Konsumen"), hargaKonsumen): Text '12000' is set on object 'Object Repository/Product Admin/TambahProduk/Input Harga Konsumen'

2023-10-04 18:25:01 - [MESSAGE][PASSED] - Text '12000' is set on object 'Object Repository/Product Admin/TambahProduk/Input Harga Konsumen'

2023-10-04 18:25:01 - [TEST_STEP][PASSED] - setText(findTestObject("Product Admin/TambahProduk/Input Diskon"), Diskon): Text '1000' is set on object 'Object Repository/Product Admin/TambahProduk/Input Diskon'

2023-10-04 18:25:02 - [MESSAGE][PASSED] - Text '1000' is set on object 'Object Repository/Product Admin/TambahProduk/Input Diskon'

2023-10-04 18:25:02 - [TEST_STEP][PASSED] - setText(findTestObject("Product Admin/TambahProduk/Input Stok Awal"), stokAwal): Text '20' is set on object 'Object Repository/Product Admin/TambahProduk/Input Stok Awal'

2023-10-04 18:25:02 - [MESSAGE][PASSED] - Text '20' is set on object 'Object Repository/Product Admin/TambahProduk/Input Stok Awal'

2023-10-04 18:25:02 - [TEST_STEP][PASSED] - click(findTestObject("Product Admin/TambahProduk/Input Pria Tag")): Object: 'Object Repository/Product Admin/TambahProduk/Input Pria Tag' is clicked on

2023-10-04 18:25:03 - [MESSAGE][PASSED] - Object: 'Object Repository/Product Admin/TambahProduk/Input Pria Tag' is clicked on

2023-10-04 18:25:03 - [TEST_STEP][PASSED] - setText(findTestObject("Product Admin/TambahProduk/Input Cuplikan Textarea"), cuplikan): Text 'Stylish dan Nyaman! Baju Koko Kids kami cocok untuk usia 0 - 9 tahun. Terbuat dari bahan berkualitas tinggi yang lembut di kulit anak-anak, baju ini sempurna untuk berbagai acara, termasuk lebaran.' is set on object 'Object Repository/Product Admin/TambahProduk/Input Cuplikan Textarea'

2023-10-04 18:25:04 - [MESSAGE][PASSED] - Text 'Stylish dan Nyaman! Baju Koko Kids kami cocok untuk usia 0 - 9 tahun. Terbuat dari bahan berkualitas tinggi yang lembut di kulit anak-anak, baju ini sempurna untuk berbagai acara, termasuk lebaran.' is set on object 'Object Repository/Product Admin/TambahProduk/Input Cuplikan Textarea'

2023-10-04 18:25:04 - [TEST_STEP][PASSED] - check(findTestObject("Product Admin/TambahProduk/Input Aktif product"), STOP_ON_FAILURE): Object 'Object Repository/Product Admin/TambahProduk/Input Aktif product' is checked

2023-10-04 18:25:04 - [MESSAGE][PASSED] - Object 'Object Repository/Product Admin/TambahProduk/Input Aktif product' is checked

2023-10-04 18:25:04 - [TEST_STEP][PASSED] - setText(findTestObject("Product Admin/TambahProduk/Input Keterangan"), keterangan): Text 'Desain Modern: Tampil modis dengan desain terkini yang cocok untuk anak-anak. Kenyamanan Sepanjang Hari: Bahan lembut dan nyaman sehingga anak-anak tetap bahagia sepanjang hari. Beragam Warna: Pilihan warna yang cerah dan menarik. Ukuran Sesuai: Tersedia dalam berbagai ukuran, mulai dari 0 hingga 9 tahun. Dapatkan tampilan yang trendi untuk si kecil dengan Baju Koko Kids kami. Pesan sekarang dan buat momen lebaran mereka lebih istimewa!' is set on object 'Object Repository/Product Admin/TambahProduk/Input Keterangan'

2023-10-04 18:25:08 - [MESSAGE][PASSED] - Text 'Desain Modern: Tampil modis dengan desain terkini yang cocok untuk anak-anak. Kenyamanan Sepanjang Hari: Bahan lembut dan nyaman sehingga anak-anak tetap bahagia sepanjang hari. Beragam Warna: Pilihan warna yang cerah dan menarik. Ukuran Sesuai: Tersedia dalam berbagai ukuran, mulai dari 0 hingga 9 tahun. Dapatkan tampilan yang trendi untuk si kecil dengan Baju Koko Kids kami. Pesan sekarang dan buat momen lebaran mereka lebih istimewa!' is set on object 'Object Repository/Product Admin/TambahProduk/Input Keterangan'

2023-10-04 18:25:08 - [TEST_STEP][PASSED] - uploadFile(findTestObject("Product Admin/TambahProduk/Input File"), "E:\Pelatihan\Xsis Academy\Baju koko kids.jpg"): File 'E:\Pelatihan\Xsis Academy\Baju koko kids.jpg' sent to object: 'Object Repository/Product Admin/TambahProduk/Input File'

2023-10-04 18:25:08 - [MESSAGE][PASSED] - File 'E:\Pelatihan\Xsis Academy\Baju koko kids.jpg' sent to object: 'Object Repository/Product Admin/TambahProduk/Input File'

2023-10-04 18:25:08 - [TEST_STEP][PASSED] - click(findTestObject("Product Admin/TambahProduk/Button Tambahkan")): Object: 'Object Repository/Product Admin/TambahProduk/Button Tambahkan' is clicked on

2023-10-04 18:25:12 - [MESSAGE][PASSED] - Object: 'Object Repository/Product Admin/TambahProduk/Button Tambahkan' is clicked on

2023-10-04 18:25:12 - [TEST_STEP][PASSED] - dataBaru = getText(findTestObject("Object Repository/Product Admin/TambahProduk/Data Verifikasi Hapus Data")): Text of object 'Object Repository/Product Admin/TambahProduk/Data Verifikasi Hapus Data' is: '1 Baju Koko Kids 0 - 9 tahun (Toko) 10,000 11,000 12,000 0 Pcs 75 G Y'

2023-10-04 18:25:12 - [MESSAGE][PASSED] - Text of object 'Object Repository/Product Admin/TambahProduk/Data Verifikasi Hapus Data' is: '1 Baju Koko Kids 0 - 9 tahun (Toko) 10,000 11,000 12,000 0 Pcs 75 G Y'

2023-10-04 18:25:12 - [TEST_STEP][PASSED] - jmlAkhir = getText(findTestObject("Object Repository/Product Admin/Showing 1 to 10 of 55 entries")): Text of object 'Object Repository/Product Admin/Showing 1 to 10 of 55 entries' is: 'Showing 1 to 10 of 56 entries'

2023-10-04 18:25:13 - [MESSAGE][PASSED] - Text of object 'Object Repository/Product Admin/Showing 1 to 10 of 55 entries' is: 'Showing 1 to 10 of 56 entries'

2023-10-04 18:25:13 - [TEST_STEP][PASSED] - println(dataBaru): null

2023-10-04 18:25:13 - [TEST_STEP][PASSED] - println(jmlAwal): null

2023-10-04 18:25:13 - [TEST_STEP][PASSED] - println(jmlAkhir): null

2023-10-04 18:25:13 - [TEST_STEP][PASSED] - resultAwal = trim().substring(19, 21): null

2023-10-04 18:25:13 - [TEST_STEP][PASSED] - resultAkhir = trim().substring(19, 21): null

2023-10-04 18:25:13 - [TEST_STEP][PASSED] - println(resultAwal): null

2023-10-04 18:25:13 - [TEST_STEP][PASSED] - println(resultAkhir): null

2023-10-04 18:25:13 - [TEST_STEP][PASSED] - data1 = Integer.parseInt(resultAwal): null

2023-10-04 18:25:13 - [TEST_STEP][PASSED] - data2 = Integer.parseInt(resultAkhir): null

2023-10-04 18:25:13 - [TEST_STEP][PASSED] - assert dataBaru.contains(namaProduk) == true: null

2023-10-04 18:25:13 - [TEST_STEP][PASSED] - assert data1 + 1 == data2: null

2023-10-04 18:25:13 - [TEST_STEP][PASSED] - data = new java.util.HashMap(): null

2023-10-04 18:25:13 - [TEST_STEP][PASSED] - data.put("dataPemilik", pemilik): null

2023-10-04 18:25:13 - [TEST_STEP][PASSED] - data.put("dataKatagori", katagori): null

2023-10-04 18:25:13 - [TEST_STEP][PASSED] - data.put("dataSubKatagori", subKatagori): null

2023-10-04 18:25:13 - [TEST_STEP][PASSED] - data.put("dataNamaProduct", namaProduk): null

2023-10-04 18:25:13 - [TEST_STEP][PASSED] - data.put("dataSatuan", satuan): null

2023-10-04 18:25:13 - [TEST_STEP][PASSED] - data.put("dataBerat", berat): null

2023-10-04 18:25:13 - [TEST_STEP][PASSED] - data.put("dataHargaModal", hargaModal): null

2023-10-04 18:25:13 - [TEST_STEP][PASSED] - data.put("dataHargaReseller", hargaReseller): null

2023-10-04 18:25:13 - [TEST_STEP][PASSED] - data.put("dataHargaKonsumen", hargaKonsumen): null

2023-10-04 18:25:13 - [TEST_STEP][PASSED] - data.put("dataDiskon", hargaReseller): null

2023-10-04 18:25:13 - [TEST_STEP][PASSED] - data.put("dataStokEdit", hargaKonsumen): null

2023-10-04 18:25:13 - [TEST_STEP][PASSED] - return data: null]]></system-out>
         <system-err><![CDATA[]]></system-err>
      </testcase>
      <testcase name="Test Cases/Product Admin/TC-PA-023" time="23.514" classname="Test Cases/Product Admin/TC-PA-023" status="PASSED">
         <system-out><![CDATA[2023-10-04 18:25:13 - [TEST_CASE][PASSED] - Test Cases/Product Admin/TC-PA-023: Test Cases/Product Admin/TC-PA-023

2023-10-04 18:25:13 - [TEST_STEP][PASSED] - callTestCase(findTestCase("Product Admin/TC-PA-001"), [:], STOP_ON_FAILURE): Call Test Case 'Test Cases/Product Admin/TC-PA-001' successfully

2023-10-04 18:25:13 - [TEST_CASE][PASSED] - Test Cases/Product Admin/TC-PA-001: Test Cases/Product Admin/TC-PA-001

2023-10-04 18:25:13 - [TEST_STEP][PASSED] - callTestCase(findTestCase("Login Admin/TC-Login Admin-001"), [:], STOP_ON_FAILURE): Call Test Case 'Test Cases/Login Admin/TC-Login Admin-001' successfully

2023-10-04 18:25:13 - [TEST_CASE][PASSED] - Test Cases/Login Admin/TC-Login Admin-001: Test Cases/Login Admin/TC-Login Admin-001

2023-10-04 18:25:13 - [TEST_STEP][PASSED] - openBrowser(adminTajalapak): Browser is opened with url: 'https://10.9.2.63/ecommerce/administrator'

2023-10-04 18:25:13 - [MESSAGE][WARNING] - A browser is already opened. Closing browser and opening a new one

2023-10-04 18:25:14 - [MESSAGE][INFO] - Starting 'Edge Chromium' driver

2023-10-04 18:25:14 - [MESSAGE][INFO] - User set preference: ['acceptInsecureCerts', 'true']

2023-10-04 18:25:15 - [MESSAGE][INFO] - Action delay is set to 0 milliseconds

2023-10-04 18:25:17 - [MESSAGE][PASSED] - Browser is opened with url: 'https://10.9.2.63/ecommerce/administrator'

2023-10-04 18:25:17 - [TEST_STEP][PASSED] - maximizeWindow(): Current window maximized

2023-10-04 18:25:17 - [MESSAGE][PASSED] - Current window maximized

2023-10-04 18:25:17 - [TEST_STEP][PASSED] - verifyElementPresent(findTestObject("Login Admin/Verifikasi Halaman Administrator"), 0): Object 'Object Repository/Login Admin/Verifikasi Halaman Administrator' is present

2023-10-04 18:25:17 - [MESSAGE][WARNING] - Timeout '0' is invalid. Using default page load timeout: '30'

2023-10-04 18:25:18 - [MESSAGE][PASSED] - Object 'Object Repository/Login Admin/Verifikasi Halaman Administrator' is present

2023-10-04 18:25:18 - [TEST_STEP][PASSED] - setText(findTestObject("Login Admin/Input Username Admin"), "admin"): Text 'admin' is set on object 'Object Repository/Login Admin/Input Username Admin'

2023-10-04 18:25:18 - [MESSAGE][PASSED] - Text 'admin' is set on object 'Object Repository/Login Admin/Input Username Admin'

2023-10-04 18:25:18 - [TEST_STEP][PASSED] - setEncryptedText(findTestObject("Login Admin/Input Password Admin"), "374mkdZ/lqyNS21oH+MJZQ=="): Text ****** has been set on object 'Object Repository/Login Admin/Input Password Admin'

2023-10-04 18:25:19 - [MESSAGE][PASSED] - Text ****** has been set on object 'Object Repository/Login Admin/Input Password Admin'

2023-10-04 18:25:19 - [TEST_STEP][PASSED] - delay(10): Delayed 10 second(s)

2023-10-04 18:25:29 - [MESSAGE][PASSED] - Delayed 10 second(s)

2023-10-04 18:25:29 - [TEST_STEP][PASSED] - click(findTestObject("Login Admin/Botton Sign In")): Object: 'Object Repository/Login Admin/Botton Sign In' is clicked on

2023-10-04 18:25:30 - [MESSAGE][PASSED] - Object: 'Object Repository/Login Admin/Botton Sign In' is clicked on

2023-10-04 18:25:30 - [TEST_STEP][PASSED] - verifyElementPresent(findTestObject("Login Admin/Verifikasi Halaman Login Admin"), 0): Object 'Object Repository/Login Admin/Verifikasi Halaman Login Admin' is present

2023-10-04 18:25:31 - [MESSAGE][WARNING] - Timeout '0' is invalid. Using default page load timeout: '30'

2023-10-04 18:25:31 - [MESSAGE][PASSED] - Object 'Object Repository/Login Admin/Verifikasi Halaman Login Admin' is present

2023-10-04 18:25:31 - [MESSAGE][PASSED] - Call Test Case 'Test Cases/Login Admin/TC-Login Admin-001' successfully

2023-10-04 18:25:31 - [TEST_STEP][PASSED] - click(findTestObject("Product Admin/Master Market")): Object: 'Object Repository/Product Admin/Master Market' is clicked on

2023-10-04 18:25:31 - [MESSAGE][PASSED] - Object: 'Object Repository/Product Admin/Master Market' is clicked on

2023-10-04 18:25:31 - [TEST_STEP][PASSED] - click(findTestObject("Product Admin/Produk Admin")): Object: 'Object Repository/Product Admin/Produk Admin' is clicked on

2023-10-04 18:25:34 - [MESSAGE][PASSED] - Object: 'Object Repository/Product Admin/Produk Admin' is clicked on

2023-10-04 18:25:34 - [TEST_STEP][PASSED] - verifyElementPresent(findTestObject("Product Admin/Veridikasi Halaman Semua Produk"), 0): Object 'Object Repository/Product Admin/Veridikasi Halaman Semua Produk' is present

2023-10-04 18:25:34 - [MESSAGE][WARNING] - Timeout '0' is invalid. Using default page load timeout: '30'

2023-10-04 18:25:35 - [MESSAGE][PASSED] - Object 'Object Repository/Product Admin/Veridikasi Halaman Semua Produk' is present

2023-10-04 18:25:35 - [MESSAGE][PASSED] - Call Test Case 'Test Cases/Product Admin/TC-PA-001' successfully

2023-10-04 18:25:35 - [TEST_STEP][PASSED] - click(findTestObject("Product Admin/Button Jadikan product Reseller")): Object: 'Object Repository/Product Admin/Button Jadikan product Reseller' is clicked on

2023-10-04 18:25:35 - [MESSAGE][PASSED] - Object: 'Object Repository/Product Admin/Button Jadikan product Reseller' is clicked on

2023-10-04 18:25:35 - [TEST_STEP][PASSED] - acceptAlert(): Alert accepted

2023-10-04 18:25:35 - [MESSAGE][PASSED] - Alert accepted

2023-10-04 18:25:35 - [TEST_STEP][PASSED] - namaProduct = getText(findTestObject("Object Repository/Product Admin/Verifikasi Product Reseller")): Text of object 'Object Repository/Product Admin/Verifikasi Product Reseller' is: 'Baju Koko Kids 0 - 9 tahun (Perusahaan)'

2023-10-04 18:25:36 - [MESSAGE][PASSED] - Text of object 'Object Repository/Product Admin/Verifikasi Product Reseller' is: 'Baju Koko Kids 0 - 9 tahun (Perusahaan)'

2023-10-04 18:25:36 - [TEST_STEP][PASSED] - println(namaProduct): null

2023-10-04 18:25:36 - [TEST_STEP][PASSED] - assert toLowerCase().contains("perusahaan") == true: null]]></system-out>
         <system-err><![CDATA[]]></system-err>
      </testcase>
      <testcase name="Test Cases/Product Admin/TC-PA-024" time="38.159" classname="Test Cases/Product Admin/TC-PA-024" status="PASSED">
         <system-out><![CDATA[2023-10-04 18:25:36 - [TEST_CASE][PASSED] - Test Cases/Product Admin/TC-PA-024: Test Cases/Product Admin/TC-PA-024

2023-10-04 18:25:37 - [TEST_STEP][PASSED] - callTestCase(findTestCase("Product Admin/TC-PA-001"), [:], STOP_ON_FAILURE): Call Test Case 'Test Cases/Product Admin/TC-PA-001' successfully

2023-10-04 18:25:37 - [TEST_CASE][PASSED] - Test Cases/Product Admin/TC-PA-001: Test Cases/Product Admin/TC-PA-001

2023-10-04 18:25:37 - [TEST_STEP][PASSED] - callTestCase(findTestCase("Login Admin/TC-Login Admin-001"), [:], STOP_ON_FAILURE): Call Test Case 'Test Cases/Login Admin/TC-Login Admin-001' successfully

2023-10-04 18:25:37 - [TEST_CASE][PASSED] - Test Cases/Login Admin/TC-Login Admin-001: Test Cases/Login Admin/TC-Login Admin-001

2023-10-04 18:25:37 - [TEST_STEP][PASSED] - openBrowser(adminTajalapak): Browser is opened with url: 'https://10.9.2.63/ecommerce/administrator'

2023-10-04 18:25:37 - [MESSAGE][WARNING] - A browser is already opened. Closing browser and opening a new one

2023-10-04 18:25:38 - [MESSAGE][INFO] - Starting 'Edge Chromium' driver

2023-10-04 18:25:38 - [MESSAGE][INFO] - User set preference: ['acceptInsecureCerts', 'true']

2023-10-04 18:25:39 - [MESSAGE][INFO] - Action delay is set to 0 milliseconds

2023-10-04 18:25:41 - [MESSAGE][PASSED] - Browser is opened with url: 'https://10.9.2.63/ecommerce/administrator'

2023-10-04 18:25:41 - [TEST_STEP][PASSED] - maximizeWindow(): Current window maximized

2023-10-04 18:25:41 - [MESSAGE][PASSED] - Current window maximized

2023-10-04 18:25:41 - [TEST_STEP][PASSED] - verifyElementPresent(findTestObject("Login Admin/Verifikasi Halaman Administrator"), 0): Object 'Object Repository/Login Admin/Verifikasi Halaman Administrator' is present

2023-10-04 18:25:41 - [MESSAGE][WARNING] - Timeout '0' is invalid. Using default page load timeout: '30'

2023-10-04 18:25:42 - [MESSAGE][PASSED] - Object 'Object Repository/Login Admin/Verifikasi Halaman Administrator' is present

2023-10-04 18:25:42 - [TEST_STEP][PASSED] - setText(findTestObject("Login Admin/Input Username Admin"), "admin"): Text 'admin' is set on object 'Object Repository/Login Admin/Input Username Admin'

2023-10-04 18:25:43 - [MESSAGE][PASSED] - Text 'admin' is set on object 'Object Repository/Login Admin/Input Username Admin'

2023-10-04 18:25:43 - [TEST_STEP][PASSED] - setEncryptedText(findTestObject("Login Admin/Input Password Admin"), "374mkdZ/lqyNS21oH+MJZQ=="): Text ****** has been set on object 'Object Repository/Login Admin/Input Password Admin'

2023-10-04 18:25:43 - [MESSAGE][PASSED] - Text ****** has been set on object 'Object Repository/Login Admin/Input Password Admin'

2023-10-04 18:25:43 - [TEST_STEP][PASSED] - delay(10): Delayed 10 second(s)

2023-10-04 18:25:53 - [MESSAGE][PASSED] - Delayed 10 second(s)

2023-10-04 18:25:53 - [TEST_STEP][PASSED] - click(findTestObject("Login Admin/Botton Sign In")): Object: 'Object Repository/Login Admin/Botton Sign In' is clicked on

2023-10-04 18:25:55 - [MESSAGE][PASSED] - Object: 'Object Repository/Login Admin/Botton Sign In' is clicked on

2023-10-04 18:25:55 - [TEST_STEP][PASSED] - verifyElementPresent(findTestObject("Login Admin/Verifikasi Halaman Login Admin"), 0): Object 'Object Repository/Login Admin/Verifikasi Halaman Login Admin' is present

2023-10-04 18:25:55 - [MESSAGE][WARNING] - Timeout '0' is invalid. Using default page load timeout: '30'

2023-10-04 18:25:55 - [MESSAGE][PASSED] - Object 'Object Repository/Login Admin/Verifikasi Halaman Login Admin' is present

2023-10-04 18:25:55 - [MESSAGE][PASSED] - Call Test Case 'Test Cases/Login Admin/TC-Login Admin-001' successfully

2023-10-04 18:25:55 - [TEST_STEP][PASSED] - click(findTestObject("Product Admin/Master Market")): Object: 'Object Repository/Product Admin/Master Market' is clicked on

2023-10-04 18:25:56 - [MESSAGE][PASSED] - Object: 'Object Repository/Product Admin/Master Market' is clicked on

2023-10-04 18:25:56 - [TEST_STEP][PASSED] - click(findTestObject("Product Admin/Produk Admin")): Object: 'Object Repository/Product Admin/Produk Admin' is clicked on

2023-10-04 18:25:57 - [MESSAGE][PASSED] - Object: 'Object Repository/Product Admin/Produk Admin' is clicked on

2023-10-04 18:25:57 - [TEST_STEP][PASSED] - verifyElementPresent(findTestObject("Product Admin/Veridikasi Halaman Semua Produk"), 0): Object 'Object Repository/Product Admin/Veridikasi Halaman Semua Produk' is present

2023-10-04 18:25:57 - [MESSAGE][WARNING] - Timeout '0' is invalid. Using default page load timeout: '30'

2023-10-04 18:25:57 - [MESSAGE][PASSED] - Object 'Object Repository/Product Admin/Veridikasi Halaman Semua Produk' is present

2023-10-04 18:25:57 - [MESSAGE][PASSED] - Call Test Case 'Test Cases/Product Admin/TC-PA-001' successfully

2023-10-04 18:25:57 - [TEST_STEP][PASSED] - jmlLama = getText(findTestObject("Object Repository/Product Admin/Showing 1 to 10 of 55 entries")): Text of object 'Object Repository/Product Admin/Showing 1 to 10 of 55 entries' is: 'Showing 1 to 10 of 57 entries'

2023-10-04 18:25:58 - [MESSAGE][PASSED] - Text of object 'Object Repository/Product Admin/Showing 1 to 10 of 55 entries' is: 'Showing 1 to 10 of 57 entries'

2023-10-04 18:25:58 - [TEST_STEP][PASSED] - click(findTestObject("Product Admin/Button Edit Product Fleksibel")): Object: 'Object Repository/Product Admin/Button Edit Product Fleksibel' is clicked on

2023-10-04 18:25:58 - [MESSAGE][PASSED] - Object: 'Object Repository/Product Admin/Button Edit Product Fleksibel' is clicked on

2023-10-04 18:25:58 - [TEST_STEP][PASSED] - verifyElementPresent(findTestObject("Product Admin/TambahProduk/Verifikasi Halaman Product Baru"), 0): Object 'Object Repository/Product Admin/TambahProduk/Verifikasi Halaman Product Baru' is present

2023-10-04 18:25:58 - [MESSAGE][WARNING] - Timeout '0' is invalid. Using default page load timeout: '30'

2023-10-04 18:25:59 - [MESSAGE][PASSED] - Object 'Object Repository/Product Admin/TambahProduk/Verifikasi Halaman Product Baru' is present

2023-10-04 18:25:59 - [TEST_STEP][PASSED] - setText(findTestObject("Product Admin/TambahProduk/Input Pemilik"), pemilik): Text 'Toko Koko' is set on object 'Object Repository/Product Admin/TambahProduk/Input Pemilik'

2023-10-04 18:26:00 - [MESSAGE][PASSED] - Text 'Toko Koko' is set on object 'Object Repository/Product Admin/TambahProduk/Input Pemilik'

2023-10-04 18:26:00 - [TEST_STEP][PASSED] - click(findTestObject("Product Admin/TambahProduk/Pemilik Toko Koko")): Object: 'Object Repository/Product Admin/TambahProduk/Pemilik Toko Koko' is clicked on

2023-10-04 18:26:00 - [MESSAGE][PASSED] - Object: 'Object Repository/Product Admin/TambahProduk/Pemilik Toko Koko' is clicked on

2023-10-04 18:26:00 - [TEST_STEP][PASSED] - selectOptionByValue(findTestObject("Product Admin/TambahProduk/Pilih Katagori"), katagori, false): All options with value '6' are selected in object 'Object Repository/Product Admin/TambahProduk/Pilih Katagori' 

2023-10-04 18:26:01 - [MESSAGE][PASSED] - All options with value '6' are selected in object 'Object Repository/Product Admin/TambahProduk/Pilih Katagori' 

2023-10-04 18:26:01 - [TEST_STEP][PASSED] - selectOptionByValue(findTestObject("Product Admin/TambahProduk/Pilih Sub Katagori"), subKatagori, false): All options with value '15' are selected in object 'Object Repository/Product Admin/TambahProduk/Pilih Sub Katagori' 

2023-10-04 18:26:02 - [MESSAGE][PASSED] - All options with value '15' are selected in object 'Object Repository/Product Admin/TambahProduk/Pilih Sub Katagori' 

2023-10-04 18:26:02 - [TEST_STEP][PASSED] - setText(findTestObject("Product Admin/TambahProduk/Input Nama Produk"), namaProduk): Text 'Terbaru Baju Koko Kids' is set on object 'Object Repository/Product Admin/TambahProduk/Input Nama Produk'

2023-10-04 18:26:02 - [MESSAGE][PASSED] - Text 'Terbaru Baju Koko Kids' is set on object 'Object Repository/Product Admin/TambahProduk/Input Nama Produk'

2023-10-04 18:26:02 - [TEST_STEP][PASSED] - setText(findTestObject("Product Admin/TambahProduk/Input Satuan Produk"), satuan): Text 'Pcs' is set on object 'Object Repository/Product Admin/TambahProduk/Input Satuan Produk'

2023-10-04 18:26:03 - [MESSAGE][PASSED] - Text 'Pcs' is set on object 'Object Repository/Product Admin/TambahProduk/Input Satuan Produk'

2023-10-04 18:26:03 - [TEST_STEP][PASSED] - setText(findTestObject("Product Admin/TambahProduk/Input Berat gram"), berat): Text '80' is set on object 'Object Repository/Product Admin/TambahProduk/Input Berat gram'

2023-10-04 18:26:04 - [MESSAGE][PASSED] - Text '80' is set on object 'Object Repository/Product Admin/TambahProduk/Input Berat gram'

2023-10-04 18:26:04 - [TEST_STEP][PASSED] - setText(findTestObject("Product Admin/TambahProduk/Input Harga Modal"), hargaModal): Text '10000' is set on object 'Object Repository/Product Admin/TambahProduk/Input Harga Modal'

2023-10-04 18:26:05 - [MESSAGE][PASSED] - Text '10000' is set on object 'Object Repository/Product Admin/TambahProduk/Input Harga Modal'

2023-10-04 18:26:05 - [TEST_STEP][PASSED] - setText(findTestObject("Product Admin/TambahProduk/Input Harga Reseller"), hargaReseller): Text '11000' is set on object 'Object Repository/Product Admin/TambahProduk/Input Harga Reseller'

2023-10-04 18:26:05 - [MESSAGE][PASSED] - Text '11000' is set on object 'Object Repository/Product Admin/TambahProduk/Input Harga Reseller'

2023-10-04 18:26:05 - [TEST_STEP][PASSED] - setText(findTestObject("Product Admin/TambahProduk/Input Harga Konsumen"), hargaKonsumen): Text '12000' is set on object 'Object Repository/Product Admin/TambahProduk/Input Harga Konsumen'

2023-10-04 18:26:06 - [MESSAGE][PASSED] - Text '12000' is set on object 'Object Repository/Product Admin/TambahProduk/Input Harga Konsumen'

2023-10-04 18:26:06 - [TEST_STEP][PASSED] - setText(findTestObject("Product Admin/TambahProduk/Input Diskon"), diskon): Text '2000' is set on object 'Object Repository/Product Admin/TambahProduk/Input Diskon'

2023-10-04 18:26:07 - [MESSAGE][PASSED] - Text '2000' is set on object 'Object Repository/Product Admin/TambahProduk/Input Diskon'

2023-10-04 18:26:07 - [TEST_STEP][PASSED] - setText(findTestObject("Product Admin/TambahProduk/Input Stok Awal"), stokAwal): Text '15' is set on object 'Object Repository/Product Admin/TambahProduk/Input Stok Awal'

2023-10-04 18:26:08 - [MESSAGE][PASSED] - Text '15' is set on object 'Object Repository/Product Admin/TambahProduk/Input Stok Awal'

2023-10-04 18:26:08 - [TEST_STEP][PASSED] - click(findTestObject("Product Admin/TambahProduk/Input Pria Tag")): Object: 'Object Repository/Product Admin/TambahProduk/Input Pria Tag' is clicked on

2023-10-04 18:26:08 - [MESSAGE][PASSED] - Object: 'Object Repository/Product Admin/TambahProduk/Input Pria Tag' is clicked on

2023-10-04 18:26:08 - [TEST_STEP][PASSED] - setText(findTestObject("Product Admin/TambahProduk/Input Cuplikan Textarea"), cuplikan): Text 'Stylish dan Nyaman! Baju Koko Kids kami cocok untuk usia 0 - 9 tahun. Terbuat dari bahan berkualitas tinggi yang lembut di kulit anak-anak, baju ini sempurna untuk berbagai acara, termasuk lebaran.' is set on object 'Object Repository/Product Admin/TambahProduk/Input Cuplikan Textarea'

2023-10-04 18:26:09 - [MESSAGE][PASSED] - Text 'Stylish dan Nyaman! Baju Koko Kids kami cocok untuk usia 0 - 9 tahun. Terbuat dari bahan berkualitas tinggi yang lembut di kulit anak-anak, baju ini sempurna untuk berbagai acara, termasuk lebaran.' is set on object 'Object Repository/Product Admin/TambahProduk/Input Cuplikan Textarea'

2023-10-04 18:26:09 - [TEST_STEP][PASSED] - check(findTestObject("Product Admin/TambahProduk/Input Aktif product"), STOP_ON_FAILURE): Object 'Object Repository/Product Admin/TambahProduk/Input Aktif product' is checked

2023-10-04 18:26:09 - [MESSAGE][PASSED] - Object 'Object Repository/Product Admin/TambahProduk/Input Aktif product' is checked

2023-10-04 18:26:09 - [TEST_STEP][PASSED] - setText(findTestObject("Product Admin/Update Edit Keterangan"), keterangan): Text 'Desain Modern: Tampil modis dengan desain terkini yang cocok untuk anak-anak. Kenyamanan Sepanjang Hari: Bahan lembut dan nyaman sehingga anak-anak tetap bahagia sepanjang hari. Beragam Warna: Pilihan warna yang cerah dan menarik. Ukuran Sesuai: Tersedia dalam berbagai ukuran, mulai dari 0 hingga 9 tahun. Dapatkan tampilan yang trendi untuk si kecil dengan Baju Koko Kids kami. Pesan sekarang dan buat momen lebaran mereka lebih istimewa!' is set on object 'Object Repository/Product Admin/Update Edit Keterangan'

2023-10-04 18:26:12 - [MESSAGE][PASSED] - Text 'Desain Modern: Tampil modis dengan desain terkini yang cocok untuk anak-anak. Kenyamanan Sepanjang Hari: Bahan lembut dan nyaman sehingga anak-anak tetap bahagia sepanjang hari. Beragam Warna: Pilihan warna yang cerah dan menarik. Ukuran Sesuai: Tersedia dalam berbagai ukuran, mulai dari 0 hingga 9 tahun. Dapatkan tampilan yang trendi untuk si kecil dengan Baju Koko Kids kami. Pesan sekarang dan buat momen lebaran mereka lebih istimewa!' is set on object 'Object Repository/Product Admin/Update Edit Keterangan'

2023-10-04 18:26:12 - [TEST_STEP][PASSED] - click(findTestObject("Product Admin/TambahProduk/Button Update Data")): Object: 'Object Repository/Product Admin/TambahProduk/Button Update Data' is clicked on

2023-10-04 18:26:13 - [MESSAGE][PASSED] - Object: 'Object Repository/Product Admin/TambahProduk/Button Update Data' is clicked on

2023-10-04 18:26:13 - [TEST_STEP][PASSED] - jmlBaru = getText(findTestObject("Object Repository/Product Admin/Showing 1 to 10 of 55 entries")): Text of object 'Object Repository/Product Admin/Showing 1 to 10 of 55 entries' is: 'Showing 1 to 10 of 57 entries'

2023-10-04 18:26:14 - [MESSAGE][PASSED] - Text of object 'Object Repository/Product Admin/Showing 1 to 10 of 55 entries' is: 'Showing 1 to 10 of 57 entries'

2023-10-04 18:26:14 - [TEST_STEP][PASSED] - dataBaru = getText(findTestObject("Object Repository/Product Admin/TambahProduk/Data Verifikasi Hapus Data")): Text of object 'Object Repository/Product Admin/TambahProduk/Data Verifikasi Hapus Data' is: '1 Terbaru Baju Koko Kids (Toko) 10,000 11,000 12,000 0 Pcs 80 G Y'

2023-10-04 18:26:14 - [MESSAGE][PASSED] - Text of object 'Object Repository/Product Admin/TambahProduk/Data Verifikasi Hapus Data' is: '1 Terbaru Baju Koko Kids (Toko) 10,000 11,000 12,000 0 Pcs 80 G Y'

2023-10-04 18:26:14 - [TEST_STEP][PASSED] - println(dataBaru): null

2023-10-04 18:26:14 - [TEST_STEP][PASSED] - assert dataBaru.contains(namaProduk) == true: null

2023-10-04 18:26:14 - [TEST_STEP][PASSED] - assert jmlLama == jmlBaru: null]]></system-out>
         <system-err><![CDATA[]]></system-err>
      </testcase>
      <testcase name="Test Cases/Product Admin/TC-PA-025" time="22.683" classname="Test Cases/Product Admin/TC-PA-025" status="PASSED">
         <system-out><![CDATA[2023-10-04 18:26:14 - [TEST_CASE][PASSED] - Test Cases/Product Admin/TC-PA-025: Test Cases/Product Admin/TC-PA-025

2023-10-04 18:26:15 - [TEST_STEP][PASSED] - callTestCase(findTestCase("Product Admin/TC-PA-001"), [:], STOP_ON_FAILURE): Call Test Case 'Test Cases/Product Admin/TC-PA-001' successfully

2023-10-04 18:26:15 - [TEST_CASE][PASSED] - Test Cases/Product Admin/TC-PA-001: Test Cases/Product Admin/TC-PA-001

2023-10-04 18:26:15 - [TEST_STEP][PASSED] - callTestCase(findTestCase("Login Admin/TC-Login Admin-001"), [:], STOP_ON_FAILURE): Call Test Case 'Test Cases/Login Admin/TC-Login Admin-001' successfully

2023-10-04 18:26:15 - [TEST_CASE][PASSED] - Test Cases/Login Admin/TC-Login Admin-001: Test Cases/Login Admin/TC-Login Admin-001

2023-10-04 18:26:15 - [TEST_STEP][PASSED] - openBrowser(adminTajalapak): Browser is opened with url: 'https://10.9.2.63/ecommerce/administrator'

2023-10-04 18:26:15 - [MESSAGE][WARNING] - A browser is already opened. Closing browser and opening a new one

2023-10-04 18:26:16 - [MESSAGE][INFO] - Starting 'Edge Chromium' driver

2023-10-04 18:26:16 - [MESSAGE][INFO] - User set preference: ['acceptInsecureCerts', 'true']

2023-10-04 18:26:16 - [MESSAGE][INFO] - Action delay is set to 0 milliseconds

2023-10-04 18:26:19 - [MESSAGE][PASSED] - Browser is opened with url: 'https://10.9.2.63/ecommerce/administrator'

2023-10-04 18:26:19 - [TEST_STEP][PASSED] - maximizeWindow(): Current window maximized

2023-10-04 18:26:19 - [MESSAGE][PASSED] - Current window maximized

2023-10-04 18:26:19 - [TEST_STEP][PASSED] - verifyElementPresent(findTestObject("Login Admin/Verifikasi Halaman Administrator"), 0): Object 'Object Repository/Login Admin/Verifikasi Halaman Administrator' is present

2023-10-04 18:26:19 - [MESSAGE][WARNING] - Timeout '0' is invalid. Using default page load timeout: '30'

2023-10-04 18:26:19 - [MESSAGE][PASSED] - Object 'Object Repository/Login Admin/Verifikasi Halaman Administrator' is present

2023-10-04 18:26:19 - [TEST_STEP][PASSED] - setText(findTestObject("Login Admin/Input Username Admin"), "admin"): Text 'admin' is set on object 'Object Repository/Login Admin/Input Username Admin'

2023-10-04 18:26:20 - [MESSAGE][PASSED] - Text 'admin' is set on object 'Object Repository/Login Admin/Input Username Admin'

2023-10-04 18:26:20 - [TEST_STEP][PASSED] - setEncryptedText(findTestObject("Login Admin/Input Password Admin"), "374mkdZ/lqyNS21oH+MJZQ=="): Text ****** has been set on object 'Object Repository/Login Admin/Input Password Admin'

2023-10-04 18:26:20 - [MESSAGE][PASSED] - Text ****** has been set on object 'Object Repository/Login Admin/Input Password Admin'

2023-10-04 18:26:20 - [TEST_STEP][PASSED] - delay(10): Delayed 10 second(s)

2023-10-04 18:26:30 - [MESSAGE][PASSED] - Delayed 10 second(s)

2023-10-04 18:26:30 - [TEST_STEP][PASSED] - click(findTestObject("Login Admin/Botton Sign In")): Object: 'Object Repository/Login Admin/Botton Sign In' is clicked on

2023-10-04 18:26:32 - [MESSAGE][PASSED] - Object: 'Object Repository/Login Admin/Botton Sign In' is clicked on

2023-10-04 18:26:32 - [TEST_STEP][PASSED] - verifyElementPresent(findTestObject("Login Admin/Verifikasi Halaman Login Admin"), 0): Object 'Object Repository/Login Admin/Verifikasi Halaman Login Admin' is present

2023-10-04 18:26:32 - [MESSAGE][WARNING] - Timeout '0' is invalid. Using default page load timeout: '30'

2023-10-04 18:26:33 - [MESSAGE][PASSED] - Object 'Object Repository/Login Admin/Verifikasi Halaman Login Admin' is present

2023-10-04 18:26:33 - [MESSAGE][PASSED] - Call Test Case 'Test Cases/Login Admin/TC-Login Admin-001' successfully

2023-10-04 18:26:33 - [TEST_STEP][PASSED] - click(findTestObject("Product Admin/Master Market")): Object: 'Object Repository/Product Admin/Master Market' is clicked on

2023-10-04 18:26:33 - [MESSAGE][PASSED] - Object: 'Object Repository/Product Admin/Master Market' is clicked on

2023-10-04 18:26:33 - [TEST_STEP][PASSED] - click(findTestObject("Product Admin/Produk Admin")): Object: 'Object Repository/Product Admin/Produk Admin' is clicked on

2023-10-04 18:26:34 - [MESSAGE][PASSED] - Object: 'Object Repository/Product Admin/Produk Admin' is clicked on

2023-10-04 18:26:34 - [TEST_STEP][PASSED] - verifyElementPresent(findTestObject("Product Admin/Veridikasi Halaman Semua Produk"), 0): Object 'Object Repository/Product Admin/Veridikasi Halaman Semua Produk' is present

2023-10-04 18:26:34 - [MESSAGE][WARNING] - Timeout '0' is invalid. Using default page load timeout: '30'

2023-10-04 18:26:35 - [MESSAGE][PASSED] - Object 'Object Repository/Product Admin/Veridikasi Halaman Semua Produk' is present

2023-10-04 18:26:35 - [MESSAGE][PASSED] - Call Test Case 'Test Cases/Product Admin/TC-PA-001' successfully

2023-10-04 18:26:35 - [TEST_STEP][PASSED] - jmlAwal = getText(findTestObject("Object Repository/Product Admin/Showing 1 to 10 of 55 entries")): Text of object 'Object Repository/Product Admin/Showing 1 to 10 of 55 entries' is: 'Showing 1 to 10 of 57 entries'

2023-10-04 18:26:35 - [MESSAGE][PASSED] - Text of object 'Object Repository/Product Admin/Showing 1 to 10 of 55 entries' is: 'Showing 1 to 10 of 57 entries'

2023-10-04 18:26:35 - [TEST_STEP][PASSED] - dataLama = getText(findTestObject("Object Repository/Product Admin/TambahProduk/Data Verifikasi Hapus Data")): Text of object 'Object Repository/Product Admin/TambahProduk/Data Verifikasi Hapus Data' is: '1 Terbaru Baju Koko Kids (Toko) 10,000 11,000 12,000 0 Pcs 80 G Y'

2023-10-04 18:26:35 - [MESSAGE][PASSED] - Text of object 'Object Repository/Product Admin/TambahProduk/Data Verifikasi Hapus Data' is: '1 Terbaru Baju Koko Kids (Toko) 10,000 11,000 12,000 0 Pcs 80 G Y'

2023-10-04 18:26:35 - [TEST_STEP][PASSED] - click(findTestObject("Product Admin/Button Hapus Data")): Object: 'Object Repository/Product Admin/Button Hapus Data' is clicked on

2023-10-04 18:26:36 - [MESSAGE][PASSED] - Object: 'Object Repository/Product Admin/Button Hapus Data' is clicked on

2023-10-04 18:26:36 - [TEST_STEP][PASSED] - acceptAlert(): Alert accepted

2023-10-04 18:26:36 - [MESSAGE][PASSED] - Alert accepted

2023-10-04 18:26:36 - [TEST_STEP][PASSED] - dataBaru = getText(findTestObject("Object Repository/Product Admin/TambahProduk/Data Verifikasi Hapus Data")): Text of object 'Object Repository/Product Admin/TambahProduk/Data Verifikasi Hapus Data' is: '1 Baju Koko Kids 0 - 9 tahun (Toko) 10,000 11,000 12,000 0 Pcs 75 G Y'

2023-10-04 18:26:37 - [MESSAGE][PASSED] - Text of object 'Object Repository/Product Admin/TambahProduk/Data Verifikasi Hapus Data' is: '1 Baju Koko Kids 0 - 9 tahun (Toko) 10,000 11,000 12,000 0 Pcs 75 G Y'

2023-10-04 18:26:37 - [TEST_STEP][PASSED] - jmlAkhir = getText(findTestObject("Object Repository/Product Admin/Showing 1 to 10 of 55 entries")): Text of object 'Object Repository/Product Admin/Showing 1 to 10 of 55 entries' is: 'Showing 1 to 10 of 56 entries'

2023-10-04 18:26:37 - [MESSAGE][PASSED] - Text of object 'Object Repository/Product Admin/Showing 1 to 10 of 55 entries' is: 'Showing 1 to 10 of 56 entries'

2023-10-04 18:26:37 - [TEST_STEP][PASSED] - resultAwal = trim().substring(19, 21): null

2023-10-04 18:26:37 - [TEST_STEP][PASSED] - resultAkhir = trim().substring(19, 21): null

2023-10-04 18:26:37 - [TEST_STEP][PASSED] - data1 = Integer.parseInt(resultAwal): null

2023-10-04 18:26:37 - [TEST_STEP][PASSED] - data2 = Integer.parseInt(resultAkhir): null

2023-10-04 18:26:37 - [TEST_STEP][PASSED] - assert dataLama != dataBaru: null

2023-10-04 18:26:37 - [TEST_STEP][PASSED] - assert data1 - 1 == data2: null]]></system-out>
         <system-err><![CDATA[]]></system-err>
      </testcase>
      <testcase name="Test Cases/Product Admin/TC-PA-026" time="22.857" classname="Test Cases/Product Admin/TC-PA-026" status="PASSED">
         <system-out><![CDATA[2023-10-04 18:26:37 - [TEST_CASE][PASSED] - Test Cases/Product Admin/TC-PA-026: Test Cases/Product Admin/TC-PA-026

2023-10-04 18:26:37 - [TEST_STEP][PASSED] - callTestCase(findTestCase("Product Admin/TC-PA-001"), [:], STOP_ON_FAILURE): Call Test Case 'Test Cases/Product Admin/TC-PA-001' successfully

2023-10-04 18:26:37 - [TEST_CASE][PASSED] - Test Cases/Product Admin/TC-PA-001: Test Cases/Product Admin/TC-PA-001

2023-10-04 18:26:37 - [TEST_STEP][PASSED] - callTestCase(findTestCase("Login Admin/TC-Login Admin-001"), [:], STOP_ON_FAILURE): Call Test Case 'Test Cases/Login Admin/TC-Login Admin-001' successfully

2023-10-04 18:26:38 - [TEST_CASE][PASSED] - Test Cases/Login Admin/TC-Login Admin-001: Test Cases/Login Admin/TC-Login Admin-001

2023-10-04 18:26:38 - [TEST_STEP][PASSED] - openBrowser(adminTajalapak): Browser is opened with url: 'https://10.9.2.63/ecommerce/administrator'

2023-10-04 18:26:38 - [MESSAGE][WARNING] - A browser is already opened. Closing browser and opening a new one

2023-10-04 18:26:38 - [MESSAGE][INFO] - Starting 'Edge Chromium' driver

2023-10-04 18:26:38 - [MESSAGE][INFO] - User set preference: ['acceptInsecureCerts', 'true']

2023-10-04 18:26:39 - [MESSAGE][INFO] - Action delay is set to 0 milliseconds

2023-10-04 18:26:41 - [MESSAGE][PASSED] - Browser is opened with url: 'https://10.9.2.63/ecommerce/administrator'

2023-10-04 18:26:41 - [TEST_STEP][PASSED] - maximizeWindow(): Current window maximized

2023-10-04 18:26:41 - [MESSAGE][PASSED] - Current window maximized

2023-10-04 18:26:41 - [TEST_STEP][PASSED] - verifyElementPresent(findTestObject("Login Admin/Verifikasi Halaman Administrator"), 0): Object 'Object Repository/Login Admin/Verifikasi Halaman Administrator' is present

2023-10-04 18:26:41 - [MESSAGE][WARNING] - Timeout '0' is invalid. Using default page load timeout: '30'

2023-10-04 18:26:42 - [MESSAGE][PASSED] - Object 'Object Repository/Login Admin/Verifikasi Halaman Administrator' is present

2023-10-04 18:26:42 - [TEST_STEP][PASSED] - setText(findTestObject("Login Admin/Input Username Admin"), "admin"): Text 'admin' is set on object 'Object Repository/Login Admin/Input Username Admin'

2023-10-04 18:26:43 - [MESSAGE][PASSED] - Text 'admin' is set on object 'Object Repository/Login Admin/Input Username Admin'

2023-10-04 18:26:43 - [TEST_STEP][PASSED] - setEncryptedText(findTestObject("Login Admin/Input Password Admin"), "374mkdZ/lqyNS21oH+MJZQ=="): Text ****** has been set on object 'Object Repository/Login Admin/Input Password Admin'

2023-10-04 18:26:43 - [MESSAGE][PASSED] - Text ****** has been set on object 'Object Repository/Login Admin/Input Password Admin'

2023-10-04 18:26:43 - [TEST_STEP][PASSED] - delay(10): Delayed 10 second(s)

2023-10-04 18:26:53 - [MESSAGE][PASSED] - Delayed 10 second(s)

2023-10-04 18:26:53 - [TEST_STEP][PASSED] - click(findTestObject("Login Admin/Botton Sign In")): Object: 'Object Repository/Login Admin/Botton Sign In' is clicked on

2023-10-04 18:26:54 - [MESSAGE][PASSED] - Object: 'Object Repository/Login Admin/Botton Sign In' is clicked on

2023-10-04 18:26:54 - [TEST_STEP][PASSED] - verifyElementPresent(findTestObject("Login Admin/Verifikasi Halaman Login Admin"), 0): Object 'Object Repository/Login Admin/Verifikasi Halaman Login Admin' is present

2023-10-04 18:26:54 - [MESSAGE][WARNING] - Timeout '0' is invalid. Using default page load timeout: '30'

2023-10-04 18:26:55 - [MESSAGE][PASSED] - Object 'Object Repository/Login Admin/Verifikasi Halaman Login Admin' is present

2023-10-04 18:26:55 - [MESSAGE][PASSED] - Call Test Case 'Test Cases/Login Admin/TC-Login Admin-001' successfully

2023-10-04 18:26:55 - [TEST_STEP][PASSED] - click(findTestObject("Product Admin/Master Market")): Object: 'Object Repository/Product Admin/Master Market' is clicked on

2023-10-04 18:26:55 - [MESSAGE][PASSED] - Object: 'Object Repository/Product Admin/Master Market' is clicked on

2023-10-04 18:26:55 - [TEST_STEP][PASSED] - click(findTestObject("Product Admin/Produk Admin")): Object: 'Object Repository/Product Admin/Produk Admin' is clicked on

2023-10-04 18:26:56 - [MESSAGE][PASSED] - Object: 'Object Repository/Product Admin/Produk Admin' is clicked on

2023-10-04 18:26:56 - [TEST_STEP][PASSED] - verifyElementPresent(findTestObject("Product Admin/Veridikasi Halaman Semua Produk"), 0): Object 'Object Repository/Product Admin/Veridikasi Halaman Semua Produk' is present

2023-10-04 18:26:56 - [MESSAGE][WARNING] - Timeout '0' is invalid. Using default page load timeout: '30'

2023-10-04 18:26:57 - [MESSAGE][PASSED] - Object 'Object Repository/Product Admin/Veridikasi Halaman Semua Produk' is present

2023-10-04 18:26:57 - [MESSAGE][PASSED] - Call Test Case 'Test Cases/Product Admin/TC-PA-001' successfully

2023-10-04 18:26:57 - [TEST_STEP][PASSED] - jmlAwal = getText(findTestObject("Object Repository/Product Admin/Showing 1 to 10 of 55 entries")): Text of object 'Object Repository/Product Admin/Showing 1 to 10 of 55 entries' is: 'Showing 1 to 10 of 56 entries'

2023-10-04 18:26:57 - [MESSAGE][PASSED] - Text of object 'Object Repository/Product Admin/Showing 1 to 10 of 55 entries' is: 'Showing 1 to 10 of 56 entries'

2023-10-04 18:26:57 - [TEST_STEP][PASSED] - click(findTestObject("Product Admin/Button Tambahkan Data")): Object: 'Object Repository/Product Admin/Button Tambahkan Data' is clicked on

2023-10-04 18:26:58 - [MESSAGE][PASSED] - Object: 'Object Repository/Product Admin/Button Tambahkan Data' is clicked on

2023-10-04 18:26:58 - [TEST_STEP][PASSED] - verifyElementPresent(findTestObject("Product Admin/TambahProduk/Verifikasi Halaman Product Baru"), 0): Object 'Object Repository/Product Admin/TambahProduk/Verifikasi Halaman Product Baru' is present

2023-10-04 18:26:58 - [MESSAGE][WARNING] - Timeout '0' is invalid. Using default page load timeout: '30'

2023-10-04 18:26:58 - [MESSAGE][PASSED] - Object 'Object Repository/Product Admin/TambahProduk/Verifikasi Halaman Product Baru' is present

2023-10-04 18:26:58 - [TEST_STEP][PASSED] - click(findTestObject("Product Admin/TambahProduk/Button Cancel")): Object: 'Object Repository/Product Admin/TambahProduk/Button Cancel' is clicked on

2023-10-04 18:26:59 - [MESSAGE][PASSED] - Object: 'Object Repository/Product Admin/TambahProduk/Button Cancel' is clicked on

2023-10-04 18:26:59 - [TEST_STEP][PASSED] - verifyElementPresent(findTestObject("Product Admin/Veridikasi Halaman Semua Produk"), 0): Object 'Object Repository/Product Admin/Veridikasi Halaman Semua Produk' is present

2023-10-04 18:26:59 - [MESSAGE][WARNING] - Timeout '0' is invalid. Using default page load timeout: '30'

2023-10-04 18:27:00 - [MESSAGE][PASSED] - Object 'Object Repository/Product Admin/Veridikasi Halaman Semua Produk' is present

2023-10-04 18:27:00 - [TEST_STEP][PASSED] - jmlAkhir = getText(findTestObject("Object Repository/Product Admin/Showing 1 to 10 of 55 entries")): Text of object 'Object Repository/Product Admin/Showing 1 to 10 of 55 entries' is: 'Showing 1 to 10 of 56 entries'

2023-10-04 18:27:00 - [MESSAGE][PASSED] - Text of object 'Object Repository/Product Admin/Showing 1 to 10 of 55 entries' is: 'Showing 1 to 10 of 56 entries'

2023-10-04 18:27:00 - [TEST_STEP][PASSED] - resultAwal = trim().substring(19, 21): null

2023-10-04 18:27:00 - [TEST_STEP][PASSED] - resultAkhir = trim().substring(19, 21): null

2023-10-04 18:27:00 - [TEST_STEP][PASSED] - data1 = Integer.parseInt(resultAwal): null

2023-10-04 18:27:00 - [TEST_STEP][PASSED] - data2 = Integer.parseInt(resultAkhir): null

2023-10-04 18:27:00 - [TEST_STEP][PASSED] - assert data1 == data2: null]]></system-out>
         <system-err><![CDATA[]]></system-err>
      </testcase>
      <testcase name="Test Cases/Product Admin/TC-PA-027" time="22.789" classname="Test Cases/Product Admin/TC-PA-027" status="PASSED">
         <system-out><![CDATA[2023-10-04 18:27:00 - [TEST_CASE][PASSED] - Test Cases/Product Admin/TC-PA-027: Test Cases/Product Admin/TC-PA-027

2023-10-04 18:27:00 - [TEST_STEP][PASSED] - callTestCase(findTestCase("Product Admin/TC-PA-001"), [:], STOP_ON_FAILURE): Call Test Case 'Test Cases/Product Admin/TC-PA-001' successfully

2023-10-04 18:27:00 - [TEST_CASE][PASSED] - Test Cases/Product Admin/TC-PA-001: Test Cases/Product Admin/TC-PA-001

2023-10-04 18:27:00 - [TEST_STEP][PASSED] - callTestCase(findTestCase("Login Admin/TC-Login Admin-001"), [:], STOP_ON_FAILURE): Call Test Case 'Test Cases/Login Admin/TC-Login Admin-001' successfully

2023-10-04 18:27:00 - [TEST_CASE][PASSED] - Test Cases/Login Admin/TC-Login Admin-001: Test Cases/Login Admin/TC-Login Admin-001

2023-10-04 18:27:00 - [TEST_STEP][PASSED] - openBrowser(adminTajalapak): Browser is opened with url: 'https://10.9.2.63/ecommerce/administrator'

2023-10-04 18:27:00 - [MESSAGE][WARNING] - A browser is already opened. Closing browser and opening a new one

2023-10-04 18:27:01 - [MESSAGE][INFO] - Starting 'Edge Chromium' driver

2023-10-04 18:27:01 - [MESSAGE][INFO] - User set preference: ['acceptInsecureCerts', 'true']

2023-10-04 18:27:02 - [MESSAGE][INFO] - Action delay is set to 0 milliseconds

2023-10-04 18:27:04 - [MESSAGE][PASSED] - Browser is opened with url: 'https://10.9.2.63/ecommerce/administrator'

2023-10-04 18:27:04 - [TEST_STEP][PASSED] - maximizeWindow(): Current window maximized

2023-10-04 18:27:04 - [MESSAGE][PASSED] - Current window maximized

2023-10-04 18:27:04 - [TEST_STEP][PASSED] - verifyElementPresent(findTestObject("Login Admin/Verifikasi Halaman Administrator"), 0): Object 'Object Repository/Login Admin/Verifikasi Halaman Administrator' is present

2023-10-04 18:27:04 - [MESSAGE][WARNING] - Timeout '0' is invalid. Using default page load timeout: '30'

2023-10-04 18:27:05 - [MESSAGE][PASSED] - Object 'Object Repository/Login Admin/Verifikasi Halaman Administrator' is present

2023-10-04 18:27:05 - [TEST_STEP][PASSED] - setText(findTestObject("Login Admin/Input Username Admin"), "admin"): Text 'admin' is set on object 'Object Repository/Login Admin/Input Username Admin'

2023-10-04 18:27:05 - [MESSAGE][PASSED] - Text 'admin' is set on object 'Object Repository/Login Admin/Input Username Admin'

2023-10-04 18:27:05 - [TEST_STEP][PASSED] - setEncryptedText(findTestObject("Login Admin/Input Password Admin"), "374mkdZ/lqyNS21oH+MJZQ=="): Text ****** has been set on object 'Object Repository/Login Admin/Input Password Admin'

2023-10-04 18:27:06 - [MESSAGE][PASSED] - Text ****** has been set on object 'Object Repository/Login Admin/Input Password Admin'

2023-10-04 18:27:06 - [TEST_STEP][PASSED] - delay(10): Delayed 10 second(s)

2023-10-04 18:27:16 - [MESSAGE][PASSED] - Delayed 10 second(s)

2023-10-04 18:27:16 - [TEST_STEP][PASSED] - click(findTestObject("Login Admin/Botton Sign In")): Object: 'Object Repository/Login Admin/Botton Sign In' is clicked on

2023-10-04 18:27:17 - [MESSAGE][PASSED] - Object: 'Object Repository/Login Admin/Botton Sign In' is clicked on

2023-10-04 18:27:17 - [TEST_STEP][PASSED] - verifyElementPresent(findTestObject("Login Admin/Verifikasi Halaman Login Admin"), 0): Object 'Object Repository/Login Admin/Verifikasi Halaman Login Admin' is present

2023-10-04 18:27:17 - [MESSAGE][WARNING] - Timeout '0' is invalid. Using default page load timeout: '30'

2023-10-04 18:27:18 - [MESSAGE][PASSED] - Object 'Object Repository/Login Admin/Verifikasi Halaman Login Admin' is present

2023-10-04 18:27:18 - [MESSAGE][PASSED] - Call Test Case 'Test Cases/Login Admin/TC-Login Admin-001' successfully

2023-10-04 18:27:18 - [TEST_STEP][PASSED] - click(findTestObject("Product Admin/Master Market")): Object: 'Object Repository/Product Admin/Master Market' is clicked on

2023-10-04 18:27:18 - [MESSAGE][PASSED] - Object: 'Object Repository/Product Admin/Master Market' is clicked on

2023-10-04 18:27:18 - [TEST_STEP][PASSED] - click(findTestObject("Product Admin/Produk Admin")): Object: 'Object Repository/Product Admin/Produk Admin' is clicked on

2023-10-04 18:27:19 - [MESSAGE][PASSED] - Object: 'Object Repository/Product Admin/Produk Admin' is clicked on

2023-10-04 18:27:19 - [TEST_STEP][PASSED] - verifyElementPresent(findTestObject("Product Admin/Veridikasi Halaman Semua Produk"), 0): Object 'Object Repository/Product Admin/Veridikasi Halaman Semua Produk' is present

2023-10-04 18:27:19 - [MESSAGE][WARNING] - Timeout '0' is invalid. Using default page load timeout: '30'

2023-10-04 18:27:20 - [MESSAGE][PASSED] - Object 'Object Repository/Product Admin/Veridikasi Halaman Semua Produk' is present

2023-10-04 18:27:20 - [MESSAGE][PASSED] - Call Test Case 'Test Cases/Product Admin/TC-PA-001' successfully

2023-10-04 18:27:20 - [TEST_STEP][PASSED] - jmlAwal = getText(findTestObject("Object Repository/Product Admin/Showing 1 to 10 of 55 entries")): Text of object 'Object Repository/Product Admin/Showing 1 to 10 of 55 entries' is: 'Showing 1 to 10 of 56 entries'

2023-10-04 18:27:20 - [MESSAGE][PASSED] - Text of object 'Object Repository/Product Admin/Showing 1 to 10 of 55 entries' is: 'Showing 1 to 10 of 56 entries'

2023-10-04 18:27:20 - [TEST_STEP][PASSED] - click(findTestObject("Product Admin/Button Edit Product Fleksibel")): Object: 'Object Repository/Product Admin/Button Edit Product Fleksibel' is clicked on

2023-10-04 18:27:21 - [MESSAGE][PASSED] - Object: 'Object Repository/Product Admin/Button Edit Product Fleksibel' is clicked on

2023-10-04 18:27:21 - [TEST_STEP][PASSED] - verifyElementPresent(findTestObject("Product Admin/TambahProduk/Verifikasi Halaman Product Baru"), 0): Object 'Object Repository/Product Admin/TambahProduk/Verifikasi Halaman Product Baru' is present

2023-10-04 18:27:21 - [MESSAGE][WARNING] - Timeout '0' is invalid. Using default page load timeout: '30'

2023-10-04 18:27:21 - [MESSAGE][PASSED] - Object 'Object Repository/Product Admin/TambahProduk/Verifikasi Halaman Product Baru' is present

2023-10-04 18:27:21 - [TEST_STEP][PASSED] - click(findTestObject("Product Admin/TambahProduk/Button Cancel")): Object: 'Object Repository/Product Admin/TambahProduk/Button Cancel' is clicked on

2023-10-04 18:27:21 - [MESSAGE][PASSED] - Object: 'Object Repository/Product Admin/TambahProduk/Button Cancel' is clicked on

2023-10-04 18:27:21 - [TEST_STEP][PASSED] - verifyElementPresent(findTestObject("Product Admin/Veridikasi Halaman Semua Produk"), 0): Object 'Object Repository/Product Admin/Veridikasi Halaman Semua Produk' is present

2023-10-04 18:27:22 - [MESSAGE][WARNING] - Timeout '0' is invalid. Using default page load timeout: '30'

2023-10-04 18:27:22 - [MESSAGE][PASSED] - Object 'Object Repository/Product Admin/Veridikasi Halaman Semua Produk' is present

2023-10-04 18:27:22 - [TEST_STEP][PASSED] - jmlAkhir = getText(findTestObject("Object Repository/Product Admin/Showing 1 to 10 of 55 entries")): Text of object 'Object Repository/Product Admin/Showing 1 to 10 of 55 entries' is: 'Showing 1 to 10 of 56 entries'

2023-10-04 18:27:23 - [MESSAGE][PASSED] - Text of object 'Object Repository/Product Admin/Showing 1 to 10 of 55 entries' is: 'Showing 1 to 10 of 56 entries'

2023-10-04 18:27:23 - [TEST_STEP][PASSED] - resultAwal = trim().substring(19, 21): null

2023-10-04 18:27:23 - [TEST_STEP][PASSED] - resultAkhir = trim().substring(19, 21): null

2023-10-04 18:27:23 - [TEST_STEP][PASSED] - data1 = Integer.parseInt(resultAwal): null

2023-10-04 18:27:23 - [TEST_STEP][PASSED] - data2 = Integer.parseInt(resultAkhir): null

2023-10-04 18:27:23 - [TEST_STEP][PASSED] - assert data1 == data2: null]]></system-out>
         <system-err><![CDATA[]]></system-err>
      </testcase>
      <testcase name="Test Cases/Product Admin/TC-PA-028" time="32.85" classname="Test Cases/Product Admin/TC-PA-028" status="PASSED">
         <system-out><![CDATA[2023-10-04 18:27:23 - [TEST_CASE][PASSED] - Test Cases/Product Admin/TC-PA-028: Test Cases/Product Admin/TC-PA-028

2023-10-04 18:27:23 - [TEST_STEP][PASSED] - callTestCase(findTestCase("Product Admin/TC-PA-001"), [:], STOP_ON_FAILURE): Call Test Case 'Test Cases/Product Admin/TC-PA-001' successfully

2023-10-04 18:27:23 - [TEST_CASE][PASSED] - Test Cases/Product Admin/TC-PA-001: Test Cases/Product Admin/TC-PA-001

2023-10-04 18:27:23 - [TEST_STEP][PASSED] - callTestCase(findTestCase("Login Admin/TC-Login Admin-001"), [:], STOP_ON_FAILURE): Call Test Case 'Test Cases/Login Admin/TC-Login Admin-001' successfully

2023-10-04 18:27:23 - [TEST_CASE][PASSED] - Test Cases/Login Admin/TC-Login Admin-001: Test Cases/Login Admin/TC-Login Admin-001

2023-10-04 18:27:23 - [TEST_STEP][PASSED] - openBrowser(adminTajalapak): Browser is opened with url: 'https://10.9.2.63/ecommerce/administrator'

2023-10-04 18:27:23 - [MESSAGE][WARNING] - A browser is already opened. Closing browser and opening a new one

2023-10-04 18:27:24 - [MESSAGE][INFO] - Starting 'Edge Chromium' driver

2023-10-04 18:27:24 - [MESSAGE][INFO] - User set preference: ['acceptInsecureCerts', 'true']

2023-10-04 18:27:25 - [MESSAGE][INFO] - Action delay is set to 0 milliseconds

2023-10-04 18:27:27 - [MESSAGE][PASSED] - Browser is opened with url: 'https://10.9.2.63/ecommerce/administrator'

2023-10-04 18:27:27 - [TEST_STEP][PASSED] - maximizeWindow(): Current window maximized

2023-10-04 18:27:27 - [MESSAGE][PASSED] - Current window maximized

2023-10-04 18:27:27 - [TEST_STEP][PASSED] - verifyElementPresent(findTestObject("Login Admin/Verifikasi Halaman Administrator"), 0): Object 'Object Repository/Login Admin/Verifikasi Halaman Administrator' is present

2023-10-04 18:27:27 - [MESSAGE][WARNING] - Timeout '0' is invalid. Using default page load timeout: '30'

2023-10-04 18:27:28 - [MESSAGE][PASSED] - Object 'Object Repository/Login Admin/Verifikasi Halaman Administrator' is present

2023-10-04 18:27:28 - [TEST_STEP][PASSED] - setText(findTestObject("Login Admin/Input Username Admin"), "admin"): Text 'admin' is set on object 'Object Repository/Login Admin/Input Username Admin'

2023-10-04 18:27:29 - [MESSAGE][PASSED] - Text 'admin' is set on object 'Object Repository/Login Admin/Input Username Admin'

2023-10-04 18:27:29 - [TEST_STEP][PASSED] - setEncryptedText(findTestObject("Login Admin/Input Password Admin"), "374mkdZ/lqyNS21oH+MJZQ=="): Text ****** has been set on object 'Object Repository/Login Admin/Input Password Admin'

2023-10-04 18:27:29 - [MESSAGE][PASSED] - Text ****** has been set on object 'Object Repository/Login Admin/Input Password Admin'

2023-10-04 18:27:29 - [TEST_STEP][PASSED] - delay(10): Delayed 10 second(s)

2023-10-04 18:27:39 - [MESSAGE][PASSED] - Delayed 10 second(s)

2023-10-04 18:27:39 - [TEST_STEP][PASSED] - click(findTestObject("Login Admin/Botton Sign In")): Object: 'Object Repository/Login Admin/Botton Sign In' is clicked on

2023-10-04 18:27:40 - [MESSAGE][PASSED] - Object: 'Object Repository/Login Admin/Botton Sign In' is clicked on

2023-10-04 18:27:40 - [TEST_STEP][PASSED] - verifyElementPresent(findTestObject("Login Admin/Verifikasi Halaman Login Admin"), 0): Object 'Object Repository/Login Admin/Verifikasi Halaman Login Admin' is present

2023-10-04 18:27:40 - [MESSAGE][WARNING] - Timeout '0' is invalid. Using default page load timeout: '30'

2023-10-04 18:27:41 - [MESSAGE][PASSED] - Object 'Object Repository/Login Admin/Verifikasi Halaman Login Admin' is present

2023-10-04 18:27:41 - [MESSAGE][PASSED] - Call Test Case 'Test Cases/Login Admin/TC-Login Admin-001' successfully

2023-10-04 18:27:41 - [TEST_STEP][PASSED] - click(findTestObject("Product Admin/Master Market")): Object: 'Object Repository/Product Admin/Master Market' is clicked on

2023-10-04 18:27:41 - [MESSAGE][PASSED] - Object: 'Object Repository/Product Admin/Master Market' is clicked on

2023-10-04 18:27:41 - [TEST_STEP][PASSED] - click(findTestObject("Product Admin/Produk Admin")): Object: 'Object Repository/Product Admin/Produk Admin' is clicked on

2023-10-04 18:27:43 - [MESSAGE][PASSED] - Object: 'Object Repository/Product Admin/Produk Admin' is clicked on

2023-10-04 18:27:43 - [TEST_STEP][PASSED] - verifyElementPresent(findTestObject("Product Admin/Veridikasi Halaman Semua Produk"), 0): Object 'Object Repository/Product Admin/Veridikasi Halaman Semua Produk' is present

2023-10-04 18:27:43 - [MESSAGE][WARNING] - Timeout '0' is invalid. Using default page load timeout: '30'

2023-10-04 18:27:43 - [MESSAGE][PASSED] - Object 'Object Repository/Product Admin/Veridikasi Halaman Semua Produk' is present

2023-10-04 18:27:43 - [MESSAGE][PASSED] - Call Test Case 'Test Cases/Product Admin/TC-PA-001' successfully

2023-10-04 18:27:43 - [TEST_STEP][PASSED] - click(findTestObject("Product Admin/Button Edit Product Fleksibel")): Object: 'Object Repository/Product Admin/Button Edit Product Fleksibel' is clicked on

2023-10-04 18:27:44 - [MESSAGE][PASSED] - Object: 'Object Repository/Product Admin/Button Edit Product Fleksibel' is clicked on

2023-10-04 18:27:44 - [TEST_STEP][PASSED] - verifyElementPresent(findTestObject("Product Admin/TambahProduk/Verifikasi Halaman Product Baru"), 0): Object 'Object Repository/Product Admin/TambahProduk/Verifikasi Halaman Product Baru' is present

2023-10-04 18:27:44 - [MESSAGE][WARNING] - Timeout '0' is invalid. Using default page load timeout: '30'

2023-10-04 18:27:44 - [MESSAGE][PASSED] - Object 'Object Repository/Product Admin/TambahProduk/Verifikasi Halaman Product Baru' is present

2023-10-04 18:27:44 - [TEST_STEP][PASSED] - uploadFile(findTestObject("Product Admin/TambahProduk/Input File"), "E:\Pelatihan\Xsis Academy\Baju koko kids.jpg"): File 'E:\Pelatihan\Xsis Academy\Baju koko kids.jpg' sent to object: 'Object Repository/Product Admin/TambahProduk/Input File'

2023-10-04 18:27:45 - [MESSAGE][PASSED] - File 'E:\Pelatihan\Xsis Academy\Baju koko kids.jpg' sent to object: 'Object Repository/Product Admin/TambahProduk/Input File'

2023-10-04 18:27:45 - [TEST_STEP][PASSED] - delay(10): Delayed 10 second(s)

2023-10-04 18:27:55 - [MESSAGE][PASSED] - Delayed 10 second(s)

2023-10-04 18:27:55 - [TEST_STEP][PASSED] - click(findTestObject("Product Admin/TambahProduk/Delete Gambar")): Object: 'Object Repository/Product Admin/TambahProduk/Delete Gambar' is clicked on

2023-10-04 18:27:55 - [MESSAGE][PASSED] - Object: 'Object Repository/Product Admin/TambahProduk/Delete Gambar' is clicked on

2023-10-04 18:27:55 - [TEST_STEP][PASSED] - verifyTextNotPresent("Delete", false): Text 'Delete' is not present on page

2023-10-04 18:27:56 - [MESSAGE][PASSED] - Text 'Delete' is not present on page]]></system-out>
         <system-err><![CDATA[]]></system-err>
      </testcase>
      <testcase name="Test Cases/Product Admin/TC-PA-029" time="21.631" classname="Test Cases/Product Admin/TC-PA-029" status="PASSED">
         <system-out><![CDATA[2023-10-04 18:27:56 - [TEST_CASE][PASSED] - Test Cases/Product Admin/TC-PA-029: Test Cases/Product Admin/TC-PA-029

2023-10-04 18:27:56 - [TEST_STEP][PASSED] - callTestCase(findTestCase("Product Admin/TC-PA-001"), [:], STOP_ON_FAILURE): Call Test Case 'Test Cases/Product Admin/TC-PA-001' successfully

2023-10-04 18:27:56 - [TEST_CASE][PASSED] - Test Cases/Product Admin/TC-PA-001: Test Cases/Product Admin/TC-PA-001

2023-10-04 18:27:56 - [TEST_STEP][PASSED] - callTestCase(findTestCase("Login Admin/TC-Login Admin-001"), [:], STOP_ON_FAILURE): Call Test Case 'Test Cases/Login Admin/TC-Login Admin-001' successfully

2023-10-04 18:27:56 - [TEST_CASE][PASSED] - Test Cases/Login Admin/TC-Login Admin-001: Test Cases/Login Admin/TC-Login Admin-001

2023-10-04 18:27:56 - [TEST_STEP][PASSED] - openBrowser(adminTajalapak): Browser is opened with url: 'https://10.9.2.63/ecommerce/administrator'

2023-10-04 18:27:56 - [MESSAGE][WARNING] - A browser is already opened. Closing browser and opening a new one

2023-10-04 18:27:57 - [MESSAGE][INFO] - Starting 'Edge Chromium' driver

2023-10-04 18:27:57 - [MESSAGE][INFO] - User set preference: ['acceptInsecureCerts', 'true']

2023-10-04 18:27:57 - [MESSAGE][INFO] - Action delay is set to 0 milliseconds

2023-10-04 18:28:00 - [MESSAGE][PASSED] - Browser is opened with url: 'https://10.9.2.63/ecommerce/administrator'

2023-10-04 18:28:00 - [TEST_STEP][PASSED] - maximizeWindow(): Current window maximized

2023-10-04 18:28:00 - [MESSAGE][PASSED] - Current window maximized

2023-10-04 18:28:00 - [TEST_STEP][PASSED] - verifyElementPresent(findTestObject("Login Admin/Verifikasi Halaman Administrator"), 0): Object 'Object Repository/Login Admin/Verifikasi Halaman Administrator' is present

2023-10-04 18:28:00 - [MESSAGE][WARNING] - Timeout '0' is invalid. Using default page load timeout: '30'

2023-10-04 18:28:00 - [MESSAGE][PASSED] - Object 'Object Repository/Login Admin/Verifikasi Halaman Administrator' is present

2023-10-04 18:28:00 - [TEST_STEP][PASSED] - setText(findTestObject("Login Admin/Input Username Admin"), "admin"): Text 'admin' is set on object 'Object Repository/Login Admin/Input Username Admin'

2023-10-04 18:28:01 - [MESSAGE][PASSED] - Text 'admin' is set on object 'Object Repository/Login Admin/Input Username Admin'

2023-10-04 18:28:01 - [TEST_STEP][PASSED] - setEncryptedText(findTestObject("Login Admin/Input Password Admin"), "374mkdZ/lqyNS21oH+MJZQ=="): Text ****** has been set on object 'Object Repository/Login Admin/Input Password Admin'

2023-10-04 18:28:02 - [MESSAGE][PASSED] - Text ****** has been set on object 'Object Repository/Login Admin/Input Password Admin'

2023-10-04 18:28:02 - [TEST_STEP][PASSED] - delay(10): Delayed 10 second(s)

2023-10-04 18:28:12 - [MESSAGE][PASSED] - Delayed 10 second(s)

2023-10-04 18:28:12 - [TEST_STEP][PASSED] - click(findTestObject("Login Admin/Botton Sign In")): Object: 'Object Repository/Login Admin/Botton Sign In' is clicked on

2023-10-04 18:28:13 - [MESSAGE][PASSED] - Object: 'Object Repository/Login Admin/Botton Sign In' is clicked on

2023-10-04 18:28:13 - [TEST_STEP][PASSED] - verifyElementPresent(findTestObject("Login Admin/Verifikasi Halaman Login Admin"), 0): Object 'Object Repository/Login Admin/Verifikasi Halaman Login Admin' is present

2023-10-04 18:28:13 - [MESSAGE][WARNING] - Timeout '0' is invalid. Using default page load timeout: '30'

2023-10-04 18:28:14 - [MESSAGE][PASSED] - Object 'Object Repository/Login Admin/Verifikasi Halaman Login Admin' is present

2023-10-04 18:28:14 - [MESSAGE][PASSED] - Call Test Case 'Test Cases/Login Admin/TC-Login Admin-001' successfully

2023-10-04 18:28:14 - [TEST_STEP][PASSED] - click(findTestObject("Product Admin/Master Market")): Object: 'Object Repository/Product Admin/Master Market' is clicked on

2023-10-04 18:28:14 - [MESSAGE][PASSED] - Object: 'Object Repository/Product Admin/Master Market' is clicked on

2023-10-04 18:28:14 - [TEST_STEP][PASSED] - click(findTestObject("Product Admin/Produk Admin")): Object: 'Object Repository/Product Admin/Produk Admin' is clicked on

2023-10-04 18:28:16 - [MESSAGE][PASSED] - Object: 'Object Repository/Product Admin/Produk Admin' is clicked on

2023-10-04 18:28:16 - [TEST_STEP][PASSED] - verifyElementPresent(findTestObject("Product Admin/Veridikasi Halaman Semua Produk"), 0): Object 'Object Repository/Product Admin/Veridikasi Halaman Semua Produk' is present

2023-10-04 18:28:16 - [MESSAGE][WARNING] - Timeout '0' is invalid. Using default page load timeout: '30'

2023-10-04 18:28:16 - [MESSAGE][PASSED] - Object 'Object Repository/Product Admin/Veridikasi Halaman Semua Produk' is present

2023-10-04 18:28:16 - [MESSAGE][PASSED] - Call Test Case 'Test Cases/Product Admin/TC-PA-001' successfully

2023-10-04 18:28:16 - [TEST_STEP][PASSED] - click(findTestObject("Product Admin/Button Halaman Selanjutnya")): Object: 'Object Repository/Product Admin/Button Halaman Selanjutnya' is clicked on

2023-10-04 18:28:17 - [MESSAGE][PASSED] - Object: 'Object Repository/Product Admin/Button Halaman Selanjutnya' is clicked on

2023-10-04 18:28:17 - [TEST_STEP][PASSED] - verifyElementPresent(findTestObject("Product Admin/Verifikasi halaman Ke 2"), 0): Object 'Object Repository/Product Admin/Verifikasi halaman Ke 2' is present

2023-10-04 18:28:17 - [MESSAGE][WARNING] - Timeout '0' is invalid. Using default page load timeout: '30'

2023-10-04 18:28:17 - [MESSAGE][PASSED] - Object 'Object Repository/Product Admin/Verifikasi halaman Ke 2' is present]]></system-out>
         <system-err><![CDATA[]]></system-err>
      </testcase>
      <testcase name="Test Cases/Product Admin/TC-PA-030" time="47.048" classname="Test Cases/Product Admin/TC-PA-030" status="FAILED">
         <failure type="FAILED" message="Test Cases/Product Admin/TC-PA-030 FAILED.
Reason:
Assertion failed: 

assert pemilikEdit == data.get(&quot;dataPemilik&quot;)
       |           |  |    |
       Bunga       |  |    Toko Koko
                   |  [dataKatagori:6, dataSatuan:Pcs, dataNamaProduct:Baju Koko Kids 0 - 9 tahun, dataStokEdit:12000, dataHargaModal:10000, dataPemilik:Toko Koko, dataSubKatagori:15, dataDiskon:11000, dataHargaReseller:11000, dataHargaKonsumen:12000, dataBerat:75]
                   false

	at TC-PA-030.run(TC-PA-030:57)
	at com.kms.katalon.core.main.ScriptEngine.run(ScriptEngine.java:194)
	at com.kms.katalon.core.main.ScriptEngine.runScriptAsRawText(ScriptEngine.java:119)
	at com.kms.katalon.core.main.TestCaseExecutor.runScript(TestCaseExecutor.java:448)
	at com.kms.katalon.core.main.TestCaseExecutor.doExecute(TestCaseExecutor.java:439)
	at com.kms.katalon.core.main.TestCaseExecutor.processExecutionPhase(TestCaseExecutor.java:418)
	at com.kms.katalon.core.main.TestCaseExecutor.accessMainPhase(TestCaseExecutor.java:410)
	at com.kms.katalon.core.main.TestCaseExecutor.execute(TestCaseExecutor.java:285)
	at com.kms.katalon.core.common.CommonExecutor.accessTestCaseMainPhase(CommonExecutor.java:65)
	at com.kms.katalon.core.main.TestSuiteExecutor.accessTestSuiteMainPhase(TestSuiteExecutor.java:148)
	at com.kms.katalon.core.main.TestSuiteExecutor.execute(TestSuiteExecutor.java:106)
	at com.kms.katalon.core.main.TestCaseMain.startTestSuite(TestCaseMain.java:187)
	at com.kms.katalon.core.main.TestCaseMain$startTestSuite$0.call(Unknown Source)
	at TempTestSuite1696418169597.run(TempTestSuite1696418169597.groovy:36)
"/>
         <system-out><![CDATA[2023-10-04 18:28:17 - [TEST_CASE][FAILED] - Test Cases/Product Admin/TC-PA-030: Test Cases/Product Admin/TC-PA-030 FAILED.
Reason:
Assertion failed: 

assert pemilikEdit == data.get("dataPemilik")
       |           |  |    |
       Bunga       |  |    Toko Koko
                   |  [dataKatagori:6, dataSatuan:Pcs, dataNamaProduct:Baju Koko Kids 0 - 9 tahun, dataStokEdit:12000, dataHargaModal:10000, dataPemilik:Toko Koko, dataSubKatagori:15, dataDiskon:11000, dataHargaReseller:11000, dataHargaKonsumen:12000, dataBerat:75]
                   false

	at TC-PA-030.run(TC-PA-030:57)
	at com.kms.katalon.core.main.ScriptEngine.run(ScriptEngine.java:194)
	at com.kms.katalon.core.main.ScriptEngine.runScriptAsRawText(ScriptEngine.java:119)
	at com.kms.katalon.core.main.TestCaseExecutor.runScript(TestCaseExecutor.java:448)
	at com.kms.katalon.core.main.TestCaseExecutor.doExecute(TestCaseExecutor.java:439)
	at com.kms.katalon.core.main.TestCaseExecutor.processExecutionPhase(TestCaseExecutor.java:418)
	at com.kms.katalon.core.main.TestCaseExecutor.accessMainPhase(TestCaseExecutor.java:410)
	at com.kms.katalon.core.main.TestCaseExecutor.execute(TestCaseExecutor.java:285)
	at com.kms.katalon.core.common.CommonExecutor.accessTestCaseMainPhase(CommonExecutor.java:65)
	at com.kms.katalon.core.main.TestSuiteExecutor.accessTestSuiteMainPhase(TestSuiteExecutor.java:148)
	at com.kms.katalon.core.main.TestSuiteExecutor.execute(TestSuiteExecutor.java:106)
	at com.kms.katalon.core.main.TestCaseMain.startTestSuite(TestCaseMain.java:187)
	at com.kms.katalon.core.main.TestCaseMain$startTestSuite$0.call(Unknown Source)
	at TempTestSuite1696418169597.run(TempTestSuite1696418169597.groovy:36)


2023-10-04 18:28:18 - [TEST_STEP][PASSED] - data = callTestCase(findTestCase("Product Admin/TC-PA-022"), [:], STOP_ON_FAILURE): Call Test Case 'Test Cases/Product Admin/TC-PA-022' successfully

2023-10-04 18:28:18 - [TEST_CASE][PASSED] - Test Cases/Product Admin/TC-PA-022: Test Cases/Product Admin/TC-PA-022

2023-10-04 18:28:18 - [TEST_STEP][PASSED] - callTestCase(findTestCase("Product Admin/TC-PA-001"), [:], STOP_ON_FAILURE): Call Test Case 'Test Cases/Product Admin/TC-PA-001' successfully

2023-10-04 18:28:18 - [TEST_CASE][PASSED] - Test Cases/Product Admin/TC-PA-001: Test Cases/Product Admin/TC-PA-001

2023-10-04 18:28:18 - [TEST_STEP][PASSED] - callTestCase(findTestCase("Login Admin/TC-Login Admin-001"), [:], STOP_ON_FAILURE): Call Test Case 'Test Cases/Login Admin/TC-Login Admin-001' successfully

2023-10-04 18:28:18 - [TEST_CASE][PASSED] - Test Cases/Login Admin/TC-Login Admin-001: Test Cases/Login Admin/TC-Login Admin-001

2023-10-04 18:28:18 - [TEST_STEP][PASSED] - openBrowser(adminTajalapak): Browser is opened with url: 'https://10.9.2.63/ecommerce/administrator'

2023-10-04 18:28:18 - [MESSAGE][WARNING] - A browser is already opened. Closing browser and opening a new one

2023-10-04 18:28:19 - [MESSAGE][INFO] - Starting 'Edge Chromium' driver

2023-10-04 18:28:19 - [MESSAGE][INFO] - User set preference: ['acceptInsecureCerts', 'true']

2023-10-04 18:28:20 - [MESSAGE][INFO] - Action delay is set to 0 milliseconds

2023-10-04 18:28:22 - [MESSAGE][PASSED] - Browser is opened with url: 'https://10.9.2.63/ecommerce/administrator'

2023-10-04 18:28:22 - [TEST_STEP][PASSED] - maximizeWindow(): Current window maximized

2023-10-04 18:28:22 - [MESSAGE][PASSED] - Current window maximized

2023-10-04 18:28:22 - [TEST_STEP][PASSED] - verifyElementPresent(findTestObject("Login Admin/Verifikasi Halaman Administrator"), 0): Object 'Object Repository/Login Admin/Verifikasi Halaman Administrator' is present

2023-10-04 18:28:22 - [MESSAGE][WARNING] - Timeout '0' is invalid. Using default page load timeout: '30'

2023-10-04 18:28:23 - [MESSAGE][PASSED] - Object 'Object Repository/Login Admin/Verifikasi Halaman Administrator' is present

2023-10-04 18:28:23 - [TEST_STEP][PASSED] - setText(findTestObject("Login Admin/Input Username Admin"), "admin"): Text 'admin' is set on object 'Object Repository/Login Admin/Input Username Admin'

2023-10-04 18:28:24 - [MESSAGE][PASSED] - Text 'admin' is set on object 'Object Repository/Login Admin/Input Username Admin'

2023-10-04 18:28:24 - [TEST_STEP][PASSED] - setEncryptedText(findTestObject("Login Admin/Input Password Admin"), "374mkdZ/lqyNS21oH+MJZQ=="): Text ****** has been set on object 'Object Repository/Login Admin/Input Password Admin'

2023-10-04 18:28:24 - [MESSAGE][PASSED] - Text ****** has been set on object 'Object Repository/Login Admin/Input Password Admin'

2023-10-04 18:28:24 - [TEST_STEP][PASSED] - delay(10): Delayed 10 second(s)

2023-10-04 18:28:34 - [MESSAGE][PASSED] - Delayed 10 second(s)

2023-10-04 18:28:34 - [TEST_STEP][PASSED] - click(findTestObject("Login Admin/Botton Sign In")): Object: 'Object Repository/Login Admin/Botton Sign In' is clicked on

2023-10-04 18:28:36 - [MESSAGE][PASSED] - Object: 'Object Repository/Login Admin/Botton Sign In' is clicked on

2023-10-04 18:28:36 - [TEST_STEP][PASSED] - verifyElementPresent(findTestObject("Login Admin/Verifikasi Halaman Login Admin"), 0): Object 'Object Repository/Login Admin/Verifikasi Halaman Login Admin' is present

2023-10-04 18:28:36 - [MESSAGE][WARNING] - Timeout '0' is invalid. Using default page load timeout: '30'

2023-10-04 18:28:36 - [MESSAGE][PASSED] - Object 'Object Repository/Login Admin/Verifikasi Halaman Login Admin' is present

2023-10-04 18:28:36 - [MESSAGE][PASSED] - Call Test Case 'Test Cases/Login Admin/TC-Login Admin-001' successfully

2023-10-04 18:28:36 - [TEST_STEP][PASSED] - click(findTestObject("Product Admin/Master Market")): Object: 'Object Repository/Product Admin/Master Market' is clicked on

2023-10-04 18:28:37 - [MESSAGE][PASSED] - Object: 'Object Repository/Product Admin/Master Market' is clicked on

2023-10-04 18:28:37 - [TEST_STEP][PASSED] - click(findTestObject("Product Admin/Produk Admin")): Object: 'Object Repository/Product Admin/Produk Admin' is clicked on

2023-10-04 18:28:38 - [MESSAGE][PASSED] - Object: 'Object Repository/Product Admin/Produk Admin' is clicked on

2023-10-04 18:28:38 - [TEST_STEP][PASSED] - verifyElementPresent(findTestObject("Product Admin/Veridikasi Halaman Semua Produk"), 0): Object 'Object Repository/Product Admin/Veridikasi Halaman Semua Produk' is present

2023-10-04 18:28:38 - [MESSAGE][WARNING] - Timeout '0' is invalid. Using default page load timeout: '30'

2023-10-04 18:28:38 - [MESSAGE][PASSED] - Object 'Object Repository/Product Admin/Veridikasi Halaman Semua Produk' is present

2023-10-04 18:28:38 - [MESSAGE][PASSED] - Call Test Case 'Test Cases/Product Admin/TC-PA-001' successfully

2023-10-04 18:28:38 - [TEST_STEP][PASSED] - jmlAwal = getText(findTestObject("Object Repository/Product Admin/Showing 1 to 10 of 55 entries")): Text of object 'Object Repository/Product Admin/Showing 1 to 10 of 55 entries' is: 'Showing 1 to 10 of 56 entries'

2023-10-04 18:28:39 - [MESSAGE][PASSED] - Text of object 'Object Repository/Product Admin/Showing 1 to 10 of 55 entries' is: 'Showing 1 to 10 of 56 entries'

2023-10-04 18:28:39 - [TEST_STEP][PASSED] - click(findTestObject("Product Admin/Button Tambahkan Data")): Object: 'Object Repository/Product Admin/Button Tambahkan Data' is clicked on

2023-10-04 18:28:40 - [MESSAGE][PASSED] - Object: 'Object Repository/Product Admin/Button Tambahkan Data' is clicked on

2023-10-04 18:28:40 - [TEST_STEP][PASSED] - verifyElementPresent(findTestObject("Product Admin/TambahProduk/Verifikasi Halaman Product Baru"), 0): Object 'Object Repository/Product Admin/TambahProduk/Verifikasi Halaman Product Baru' is present

2023-10-04 18:28:40 - [MESSAGE][WARNING] - Timeout '0' is invalid. Using default page load timeout: '30'

2023-10-04 18:28:40 - [MESSAGE][PASSED] - Object 'Object Repository/Product Admin/TambahProduk/Verifikasi Halaman Product Baru' is present

2023-10-04 18:28:40 - [TEST_STEP][PASSED] - setText(findTestObject("Product Admin/TambahProduk/Input Pemilik"), pemilik): Text 'Toko Koko' is set on object 'Object Repository/Product Admin/TambahProduk/Input Pemilik'

2023-10-04 18:28:41 - [MESSAGE][PASSED] - Text 'Toko Koko' is set on object 'Object Repository/Product Admin/TambahProduk/Input Pemilik'

2023-10-04 18:28:41 - [TEST_STEP][PASSED] - click(findTestObject("Product Admin/TambahProduk/Pemilik Toko Koko")): Object: 'Object Repository/Product Admin/TambahProduk/Pemilik Toko Koko' is clicked on

2023-10-04 18:28:41 - [MESSAGE][PASSED] - Object: 'Object Repository/Product Admin/TambahProduk/Pemilik Toko Koko' is clicked on

2023-10-04 18:28:41 - [TEST_STEP][PASSED] - selectOptionByValue(findTestObject("Product Admin/TambahProduk/Pilih Katagori"), katagori, false): All options with value '6' are selected in object 'Object Repository/Product Admin/TambahProduk/Pilih Katagori' 

2023-10-04 18:28:42 - [MESSAGE][PASSED] - All options with value '6' are selected in object 'Object Repository/Product Admin/TambahProduk/Pilih Katagori' 

2023-10-04 18:28:42 - [TEST_STEP][PASSED] - selectOptionByValue(findTestObject("Product Admin/TambahProduk/Pilih Sub Katagori"), subKatagori, false): All options with value '15' are selected in object 'Object Repository/Product Admin/TambahProduk/Pilih Sub Katagori' 

2023-10-04 18:28:43 - [MESSAGE][PASSED] - All options with value '15' are selected in object 'Object Repository/Product Admin/TambahProduk/Pilih Sub Katagori' 

2023-10-04 18:28:43 - [TEST_STEP][PASSED] - setText(findTestObject("Product Admin/TambahProduk/Input Nama Produk"), namaProduk): Text 'Baju Koko Kids 0 - 9 tahun' is set on object 'Object Repository/Product Admin/TambahProduk/Input Nama Produk'

2023-10-04 18:28:44 - [MESSAGE][PASSED] - Text 'Baju Koko Kids 0 - 9 tahun' is set on object 'Object Repository/Product Admin/TambahProduk/Input Nama Produk'

2023-10-04 18:28:44 - [TEST_STEP][PASSED] - setText(findTestObject("Product Admin/TambahProduk/Input Satuan Produk"), satuan): Text 'Pcs' is set on object 'Object Repository/Product Admin/TambahProduk/Input Satuan Produk'

2023-10-04 18:28:45 - [MESSAGE][PASSED] - Text 'Pcs' is set on object 'Object Repository/Product Admin/TambahProduk/Input Satuan Produk'

2023-10-04 18:28:45 - [TEST_STEP][PASSED] - setText(findTestObject("Product Admin/TambahProduk/Input Berat gram"), berat): Text '75' is set on object 'Object Repository/Product Admin/TambahProduk/Input Berat gram'

2023-10-04 18:28:45 - [MESSAGE][PASSED] - Text '75' is set on object 'Object Repository/Product Admin/TambahProduk/Input Berat gram'

2023-10-04 18:28:45 - [TEST_STEP][PASSED] - setText(findTestObject("Product Admin/TambahProduk/Input Harga Modal"), hargaModal): Text '10000' is set on object 'Object Repository/Product Admin/TambahProduk/Input Harga Modal'

2023-10-04 18:28:46 - [MESSAGE][PASSED] - Text '10000' is set on object 'Object Repository/Product Admin/TambahProduk/Input Harga Modal'

2023-10-04 18:28:46 - [TEST_STEP][PASSED] - setText(findTestObject("Product Admin/TambahProduk/Input Harga Reseller"), hargaReseller): Text '11000' is set on object 'Object Repository/Product Admin/TambahProduk/Input Harga Reseller'

2023-10-04 18:28:47 - [MESSAGE][PASSED] - Text '11000' is set on object 'Object Repository/Product Admin/TambahProduk/Input Harga Reseller'

2023-10-04 18:28:47 - [TEST_STEP][PASSED] - setText(findTestObject("Product Admin/TambahProduk/Input Harga Konsumen"), hargaKonsumen): Text '12000' is set on object 'Object Repository/Product Admin/TambahProduk/Input Harga Konsumen'

2023-10-04 18:28:48 - [MESSAGE][PASSED] - Text '12000' is set on object 'Object Repository/Product Admin/TambahProduk/Input Harga Konsumen'

2023-10-04 18:28:48 - [TEST_STEP][PASSED] - setText(findTestObject("Product Admin/TambahProduk/Input Diskon"), Diskon): Text '1000' is set on object 'Object Repository/Product Admin/TambahProduk/Input Diskon'

2023-10-04 18:28:49 - [MESSAGE][PASSED] - Text '1000' is set on object 'Object Repository/Product Admin/TambahProduk/Input Diskon'

2023-10-04 18:28:49 - [TEST_STEP][PASSED] - setText(findTestObject("Product Admin/TambahProduk/Input Stok Awal"), stokAwal): Text '20' is set on object 'Object Repository/Product Admin/TambahProduk/Input Stok Awal'

2023-10-04 18:28:49 - [MESSAGE][PASSED] - Text '20' is set on object 'Object Repository/Product Admin/TambahProduk/Input Stok Awal'

2023-10-04 18:28:49 - [TEST_STEP][PASSED] - click(findTestObject("Product Admin/TambahProduk/Input Pria Tag")): Object: 'Object Repository/Product Admin/TambahProduk/Input Pria Tag' is clicked on

2023-10-04 18:28:50 - [MESSAGE][PASSED] - Object: 'Object Repository/Product Admin/TambahProduk/Input Pria Tag' is clicked on

2023-10-04 18:28:50 - [TEST_STEP][PASSED] - setText(findTestObject("Product Admin/TambahProduk/Input Cuplikan Textarea"), cuplikan): Text 'Stylish dan Nyaman! Baju Koko Kids kami cocok untuk usia 0 - 9 tahun. Terbuat dari bahan berkualitas tinggi yang lembut di kulit anak-anak, baju ini sempurna untuk berbagai acara, termasuk lebaran.' is set on object 'Object Repository/Product Admin/TambahProduk/Input Cuplikan Textarea'

2023-10-04 18:28:51 - [MESSAGE][PASSED] - Text 'Stylish dan Nyaman! Baju Koko Kids kami cocok untuk usia 0 - 9 tahun. Terbuat dari bahan berkualitas tinggi yang lembut di kulit anak-anak, baju ini sempurna untuk berbagai acara, termasuk lebaran.' is set on object 'Object Repository/Product Admin/TambahProduk/Input Cuplikan Textarea'

2023-10-04 18:28:51 - [TEST_STEP][PASSED] - check(findTestObject("Product Admin/TambahProduk/Input Aktif product"), STOP_ON_FAILURE): Object 'Object Repository/Product Admin/TambahProduk/Input Aktif product' is checked

2023-10-04 18:28:51 - [MESSAGE][PASSED] - Object 'Object Repository/Product Admin/TambahProduk/Input Aktif product' is checked

2023-10-04 18:28:51 - [TEST_STEP][PASSED] - setText(findTestObject("Product Admin/TambahProduk/Input Keterangan"), keterangan): Text 'Desain Modern: Tampil modis dengan desain terkini yang cocok untuk anak-anak. Kenyamanan Sepanjang Hari: Bahan lembut dan nyaman sehingga anak-anak tetap bahagia sepanjang hari. Beragam Warna: Pilihan warna yang cerah dan menarik. Ukuran Sesuai: Tersedia dalam berbagai ukuran, mulai dari 0 hingga 9 tahun. Dapatkan tampilan yang trendi untuk si kecil dengan Baju Koko Kids kami. Pesan sekarang dan buat momen lebaran mereka lebih istimewa!' is set on object 'Object Repository/Product Admin/TambahProduk/Input Keterangan'

2023-10-04 18:28:54 - [MESSAGE][PASSED] - Text 'Desain Modern: Tampil modis dengan desain terkini yang cocok untuk anak-anak. Kenyamanan Sepanjang Hari: Bahan lembut dan nyaman sehingga anak-anak tetap bahagia sepanjang hari. Beragam Warna: Pilihan warna yang cerah dan menarik. Ukuran Sesuai: Tersedia dalam berbagai ukuran, mulai dari 0 hingga 9 tahun. Dapatkan tampilan yang trendi untuk si kecil dengan Baju Koko Kids kami. Pesan sekarang dan buat momen lebaran mereka lebih istimewa!' is set on object 'Object Repository/Product Admin/TambahProduk/Input Keterangan'

2023-10-04 18:28:54 - [TEST_STEP][PASSED] - uploadFile(findTestObject("Product Admin/TambahProduk/Input File"), "E:\Pelatihan\Xsis Academy\Baju koko kids.jpg"): File 'E:\Pelatihan\Xsis Academy\Baju koko kids.jpg' sent to object: 'Object Repository/Product Admin/TambahProduk/Input File'

2023-10-04 18:28:55 - [MESSAGE][PASSED] - File 'E:\Pelatihan\Xsis Academy\Baju koko kids.jpg' sent to object: 'Object Repository/Product Admin/TambahProduk/Input File'

2023-10-04 18:28:55 - [TEST_STEP][PASSED] - click(findTestObject("Product Admin/TambahProduk/Button Tambahkan")): Object: 'Object Repository/Product Admin/TambahProduk/Button Tambahkan' is clicked on

2023-10-04 18:28:57 - [MESSAGE][PASSED] - Object: 'Object Repository/Product Admin/TambahProduk/Button Tambahkan' is clicked on

2023-10-04 18:28:57 - [TEST_STEP][PASSED] - dataBaru = getText(findTestObject("Object Repository/Product Admin/TambahProduk/Data Verifikasi Hapus Data")): Text of object 'Object Repository/Product Admin/TambahProduk/Data Verifikasi Hapus Data' is: '1 Baju Koko Kids 0 - 9 tahun (Toko) 10,000 11,000 12,000 0 Pcs 75 G Y'

2023-10-04 18:28:58 - [MESSAGE][PASSED] - Text of object 'Object Repository/Product Admin/TambahProduk/Data Verifikasi Hapus Data' is: '1 Baju Koko Kids 0 - 9 tahun (Toko) 10,000 11,000 12,000 0 Pcs 75 G Y'

2023-10-04 18:28:58 - [TEST_STEP][PASSED] - jmlAkhir = getText(findTestObject("Object Repository/Product Admin/Showing 1 to 10 of 55 entries")): Text of object 'Object Repository/Product Admin/Showing 1 to 10 of 55 entries' is: 'Showing 1 to 10 of 57 entries'

2023-10-04 18:28:58 - [MESSAGE][PASSED] - Text of object 'Object Repository/Product Admin/Showing 1 to 10 of 55 entries' is: 'Showing 1 to 10 of 57 entries'

2023-10-04 18:28:58 - [TEST_STEP][PASSED] - println(dataBaru): null

2023-10-04 18:28:58 - [TEST_STEP][PASSED] - println(jmlAwal): null

2023-10-04 18:28:58 - [TEST_STEP][PASSED] - println(jmlAkhir): null

2023-10-04 18:28:58 - [TEST_STEP][PASSED] - resultAwal = trim().substring(19, 21): null

2023-10-04 18:28:58 - [TEST_STEP][PASSED] - resultAkhir = trim().substring(19, 21): null

2023-10-04 18:28:58 - [TEST_STEP][PASSED] - println(resultAwal): null

2023-10-04 18:28:58 - [TEST_STEP][PASSED] - println(resultAkhir): null

2023-10-04 18:28:58 - [TEST_STEP][PASSED] - data1 = Integer.parseInt(resultAwal): null

2023-10-04 18:28:58 - [TEST_STEP][PASSED] - data2 = Integer.parseInt(resultAkhir): null

2023-10-04 18:28:58 - [TEST_STEP][PASSED] - assert dataBaru.contains(namaProduk) == true: null

2023-10-04 18:28:58 - [TEST_STEP][PASSED] - assert data1 + 1 == data2: null

2023-10-04 18:28:58 - [TEST_STEP][PASSED] - data = new java.util.HashMap(): null

2023-10-04 18:28:58 - [TEST_STEP][PASSED] - data.put("dataPemilik", pemilik): null

2023-10-04 18:28:58 - [TEST_STEP][PASSED] - data.put("dataKatagori", katagori): null

2023-10-04 18:28:58 - [TEST_STEP][PASSED] - data.put("dataSubKatagori", subKatagori): null

2023-10-04 18:28:58 - [TEST_STEP][PASSED] - data.put("dataNamaProduct", namaProduk): null

2023-10-04 18:28:58 - [TEST_STEP][PASSED] - data.put("dataSatuan", satuan): null

2023-10-04 18:28:58 - [TEST_STEP][PASSED] - data.put("dataBerat", berat): null

2023-10-04 18:28:58 - [TEST_STEP][PASSED] - data.put("dataHargaModal", hargaModal): null

2023-10-04 18:28:58 - [TEST_STEP][PASSED] - data.put("dataHargaReseller", hargaReseller): null

2023-10-04 18:28:58 - [TEST_STEP][PASSED] - data.put("dataHargaKonsumen", hargaKonsumen): null

2023-10-04 18:28:58 - [TEST_STEP][PASSED] - data.put("dataDiskon", hargaReseller): null

2023-10-04 18:28:58 - [TEST_STEP][PASSED] - data.put("dataStokEdit", hargaKonsumen): null

2023-10-04 18:28:58 - [TEST_STEP][PASSED] - return data: null

2023-10-04 18:28:58 - [MESSAGE][PASSED] - Call Test Case 'Test Cases/Product Admin/TC-PA-022' successfully

2023-10-04 18:28:58 - [TEST_STEP][PASSED] - click(findTestObject("Product Admin/Button Edit Product Fleksibel")): Object: 'Object Repository/Product Admin/Button Edit Product Fleksibel' is clicked on

2023-10-04 18:28:59 - [MESSAGE][PASSED] - Object: 'Object Repository/Product Admin/Button Edit Product Fleksibel' is clicked on

2023-10-04 18:28:59 - [TEST_STEP][PASSED] - verifyElementPresent(findTestObject("Product Admin/TambahProduk/Verifikasi Halaman Product Baru"), 0): Object 'Object Repository/Product Admin/TambahProduk/Verifikasi Halaman Product Baru' is present

2023-10-04 18:28:59 - [MESSAGE][WARNING] - Timeout '0' is invalid. Using default page load timeout: '30'

2023-10-04 18:28:59 - [MESSAGE][PASSED] - Object 'Object Repository/Product Admin/TambahProduk/Verifikasi Halaman Product Baru' is present

2023-10-04 18:28:59 - [TEST_STEP][PASSED] - select = new org.openqa.selenium.support.ui.Select(com.kms.katalon.core.webui.driver.DriverFactory.getWebDriver().findElement(org.openqa.selenium.By.xpath(//select[@name='a']))): null

2023-10-04 18:29:00 - [TEST_STEP][PASSED] - katogoriEdit = getFirstSelectedOption().getText(): null

2023-10-04 18:29:00 - [TEST_STEP][PASSED] - select1 = new org.openqa.selenium.support.ui.Select(com.kms.katalon.core.webui.driver.DriverFactory.getWebDriver().findElement(org.openqa.selenium.By.xpath(//select[@id='sub_kategori_produk']))): null

2023-10-04 18:29:00 - [TEST_STEP][PASSED] - subKatagoriEdit = getFirstSelectedOption().getText(): null

2023-10-04 18:29:01 - [TEST_STEP][PASSED] - pemilikEdit = getAttribute(findTestObject("Object Repository/Product Admin/TambahProduk/Input Pemilik"), "value"): Attribute 'value' of object 'Object Repository/Product Admin/TambahProduk/Input Pemilik' is: 'Bunga'

2023-10-04 18:29:01 - [MESSAGE][PASSED] - Attribute 'value' of object 'Object Repository/Product Admin/TambahProduk/Input Pemilik' is: 'Bunga'

2023-10-04 18:29:01 - [TEST_STEP][PASSED] - namaProductEdit = getAttribute(findTestObject("Object Repository/Product Admin/TambahProduk/Input Nama Produk"), "value"): Attribute 'value' of object 'Object Repository/Product Admin/TambahProduk/Input Nama Produk' is: 'Baju Koko Kids 0 - 9 tahun'

2023-10-04 18:29:02 - [MESSAGE][PASSED] - Attribute 'value' of object 'Object Repository/Product Admin/TambahProduk/Input Nama Produk' is: 'Baju Koko Kids 0 - 9 tahun'

2023-10-04 18:29:02 - [TEST_STEP][PASSED] - satuanEdit = getAttribute(findTestObject("Object Repository/Product Admin/TambahProduk/Input Satuan Produk"), "value"): Attribute 'value' of object 'Object Repository/Product Admin/TambahProduk/Input Satuan Produk' is: 'Pcs'

2023-10-04 18:29:02 - [MESSAGE][PASSED] - Attribute 'value' of object 'Object Repository/Product Admin/TambahProduk/Input Satuan Produk' is: 'Pcs'

2023-10-04 18:29:02 - [TEST_STEP][PASSED] - beratEdit = getAttribute(findTestObject("Object Repository/Product Admin/TambahProduk/Input Berat gram"), "value"): Attribute 'value' of object 'Object Repository/Product Admin/TambahProduk/Input Berat gram' is: '75'

2023-10-04 18:29:02 - [MESSAGE][PASSED] - Attribute 'value' of object 'Object Repository/Product Admin/TambahProduk/Input Berat gram' is: '75'

2023-10-04 18:29:02 - [TEST_STEP][PASSED] - hargaModalEdit = getAttribute(findTestObject("Object Repository/Product Admin/TambahProduk/Input Harga Modal"), "value"): Attribute 'value' of object 'Object Repository/Product Admin/TambahProduk/Input Harga Modal' is: '10,000'

2023-10-04 18:29:03 - [MESSAGE][PASSED] - Attribute 'value' of object 'Object Repository/Product Admin/TambahProduk/Input Harga Modal' is: '10,000'

2023-10-04 18:29:03 - [TEST_STEP][PASSED] - hargaResellerEdit = getAttribute(findTestObject("Object Repository/Product Admin/TambahProduk/Input Harga Reseller"), "value"): Attribute 'value' of object 'Object Repository/Product Admin/TambahProduk/Input Harga Reseller' is: '11,000'

2023-10-04 18:29:03 - [MESSAGE][PASSED] - Attribute 'value' of object 'Object Repository/Product Admin/TambahProduk/Input Harga Reseller' is: '11,000'

2023-10-04 18:29:03 - [TEST_STEP][PASSED] - hargaKonsumenEdit = getAttribute(findTestObject("Object Repository/Product Admin/TambahProduk/Input Harga Konsumen"), "value"): Attribute 'value' of object 'Object Repository/Product Admin/TambahProduk/Input Harga Konsumen' is: '12,000'

2023-10-04 18:29:04 - [MESSAGE][PASSED] - Attribute 'value' of object 'Object Repository/Product Admin/TambahProduk/Input Harga Konsumen' is: '12,000'

2023-10-04 18:29:04 - [TEST_STEP][PASSED] - diskonEdit = getAttribute(findTestObject("Object Repository/Product Admin/TambahProduk/Input Diskon"), "value"): Attribute 'value' of object 'Object Repository/Product Admin/TambahProduk/Input Diskon' is: '0'

2023-10-04 18:29:04 - [MESSAGE][PASSED] - Attribute 'value' of object 'Object Repository/Product Admin/TambahProduk/Input Diskon' is: '0'

2023-10-04 18:29:04 - [TEST_STEP][PASSED] - StokEdit = getAttribute(findTestObject("Object Repository/Product Admin/TambahProduk/Input Diskon"), "value"): Attribute 'value' of object 'Object Repository/Product Admin/TambahProduk/Input Diskon' is: '0'

2023-10-04 18:29:04 - [MESSAGE][PASSED] - Attribute 'value' of object 'Object Repository/Product Admin/TambahProduk/Input Diskon' is: '0'

2023-10-04 18:29:04 - [TEST_STEP][PASSED] - println(pemilikEdit): null

2023-10-04 18:29:04 - [TEST_STEP][PASSED] - println(katogoriEdit): null

2023-10-04 18:29:04 - [TEST_STEP][PASSED] - println(subKatagoriEdit): null

2023-10-04 18:29:04 - [TEST_STEP][PASSED] - println(namaProductEdit): null

2023-10-04 18:29:04 - [TEST_STEP][PASSED] - println(satuanEdit): null

2023-10-04 18:29:04 - [TEST_STEP][PASSED] - println(hargaModalEdit): null

2023-10-04 18:29:04 - [TEST_STEP][PASSED] - println(hargaResellerEdit): null

2023-10-04 18:29:04 - [TEST_STEP][PASSED] - println(hargaKonsumenEdit): null

2023-10-04 18:29:04 - [TEST_STEP][PASSED] - println(diskonEdit): null

2023-10-04 18:29:04 - [TEST_STEP][PASSED] - println(StokEdit): null

2023-10-04 18:29:04 - [TEST_STEP][FAILED] - assert pemilikEdit == data.get("dataPemilik"): Test Cases/Product Admin/TC-PA-030 FAILED.
Reason:
Assertion failed: 

assert pemilikEdit == data.get("dataPemilik")
       |           |  |    |
       Bunga       |  |    Toko Koko
                   |  [dataKatagori:6, dataSatuan:Pcs, dataNamaProduct:Baju Koko Kids 0 - 9 tahun, dataStokEdit:12000, dataHargaModal:10000, dataPemilik:Toko Koko, dataSubKatagori:15, dataDiskon:11000, dataHargaReseller:11000, dataHargaKonsumen:12000, dataBerat:75]
                   false

	at TC-PA-030.run(TC-PA-030:57)
	at com.kms.katalon.core.main.ScriptEngine.run(ScriptEngine.java:194)
	at com.kms.katalon.core.main.ScriptEngine.runScriptAsRawText(ScriptEngine.java:119)
	at com.kms.katalon.core.main.TestCaseExecutor.runScript(TestCaseExecutor.java:448)
	at com.kms.katalon.core.main.TestCaseExecutor.doExecute(TestCaseExecutor.java:439)
	at com.kms.katalon.core.main.TestCaseExecutor.processExecutionPhase(TestCaseExecutor.java:418)
	at com.kms.katalon.core.main.TestCaseExecutor.accessMainPhase(TestCaseExecutor.java:410)
	at com.kms.katalon.core.main.TestCaseExecutor.execute(TestCaseExecutor.java:285)
	at com.kms.katalon.core.common.CommonExecutor.accessTestCaseMainPhase(CommonExecutor.java:65)
	at com.kms.katalon.core.main.TestSuiteExecutor.accessTestSuiteMainPhase(TestSuiteExecutor.java:148)
	at com.kms.katalon.core.main.TestSuiteExecutor.execute(TestSuiteExecutor.java:106)
	at com.kms.katalon.core.main.TestCaseMain.startTestSuite(TestCaseMain.java:187)
	at com.kms.katalon.core.main.TestCaseMain$startTestSuite$0.call(Unknown Source)
	at TempTestSuite1696418169597.run(TempTestSuite1696418169597.groovy:36)


2023-10-04 18:29:04 - [MESSAGE][FAILED] - Test Cases/Product Admin/TC-PA-030 FAILED.
Reason:
Assertion failed: 

assert pemilikEdit == data.get("dataPemilik")
       |           |  |    |
       Bunga       |  |    Toko Koko
                   |  [dataKatagori:6, dataSatuan:Pcs, dataNamaProduct:Baju Koko Kids 0 - 9 tahun, dataStokEdit:12000, dataHargaModal:10000, dataPemilik:Toko Koko, dataSubKatagori:15, dataDiskon:11000, dataHargaReseller:11000, dataHargaKonsumen:12000, dataBerat:75]
                   false

	at TC-PA-030.run(TC-PA-030:57)
	at com.kms.katalon.core.main.ScriptEngine.run(ScriptEngine.java:194)
	at com.kms.katalon.core.main.ScriptEngine.runScriptAsRawText(ScriptEngine.java:119)
	at com.kms.katalon.core.main.TestCaseExecutor.runScript(TestCaseExecutor.java:448)
	at com.kms.katalon.core.main.TestCaseExecutor.doExecute(TestCaseExecutor.java:439)
	at com.kms.katalon.core.main.TestCaseExecutor.processExecutionPhase(TestCaseExecutor.java:418)
	at com.kms.katalon.core.main.TestCaseExecutor.accessMainPhase(TestCaseExecutor.java:410)
	at com.kms.katalon.core.main.TestCaseExecutor.execute(TestCaseExecutor.java:285)
	at com.kms.katalon.core.common.CommonExecutor.accessTestCaseMainPhase(CommonExecutor.java:65)
	at com.kms.katalon.core.main.TestSuiteExecutor.accessTestSuiteMainPhase(TestSuiteExecutor.java:148)
	at com.kms.katalon.core.main.TestSuiteExecutor.execute(TestSuiteExecutor.java:106)
	at com.kms.katalon.core.main.TestCaseMain.startTestSuite(TestCaseMain.java:187)
	at com.kms.katalon.core.main.TestCaseMain$startTestSuite$0.call(Unknown Source)
	at TempTestSuite1696418169597.run(TempTestSuite1696418169597.groovy:36)]]></system-out>
         <system-err><![CDATA[2023-10-04 18:28:17 - [TEST_CASE][FAILED] - Test Cases/Product Admin/TC-PA-030: Test Cases/Product Admin/TC-PA-030 FAILED.
Reason:
Assertion failed: 

assert pemilikEdit == data.get("dataPemilik")
       |           |  |    |
       Bunga       |  |    Toko Koko
                   |  [dataKatagori:6, dataSatuan:Pcs, dataNamaProduct:Baju Koko Kids 0 - 9 tahun, dataStokEdit:12000, dataHargaModal:10000, dataPemilik:Toko Koko, dataSubKatagori:15, dataDiskon:11000, dataHargaReseller:11000, dataHargaKonsumen:12000, dataBerat:75]
                   false

	at TC-PA-030.run(TC-PA-030:57)
	at com.kms.katalon.core.main.ScriptEngine.run(ScriptEngine.java:194)
	at com.kms.katalon.core.main.ScriptEngine.runScriptAsRawText(ScriptEngine.java:119)
	at com.kms.katalon.core.main.TestCaseExecutor.runScript(TestCaseExecutor.java:448)
	at com.kms.katalon.core.main.TestCaseExecutor.doExecute(TestCaseExecutor.java:439)
	at com.kms.katalon.core.main.TestCaseExecutor.processExecutionPhase(TestCaseExecutor.java:418)
	at com.kms.katalon.core.main.TestCaseExecutor.accessMainPhase(TestCaseExecutor.java:410)
	at com.kms.katalon.core.main.TestCaseExecutor.execute(TestCaseExecutor.java:285)
	at com.kms.katalon.core.common.CommonExecutor.accessTestCaseMainPhase(CommonExecutor.java:65)
	at com.kms.katalon.core.main.TestSuiteExecutor.accessTestSuiteMainPhase(TestSuiteExecutor.java:148)
	at com.kms.katalon.core.main.TestSuiteExecutor.execute(TestSuiteExecutor.java:106)
	at com.kms.katalon.core.main.TestCaseMain.startTestSuite(TestCaseMain.java:187)
	at com.kms.katalon.core.main.TestCaseMain$startTestSuite$0.call(Unknown Source)
	at TempTestSuite1696418169597.run(TempTestSuite1696418169597.groovy:36)]]></system-err>
      </testcase>
      <testcase name="Test Cases/Product Admin/TC-PA-031" time="26.187" classname="Test Cases/Product Admin/TC-PA-031" status="PASSED">
         <system-out><![CDATA[2023-10-04 18:29:04 - [TEST_CASE][PASSED] - Test Cases/Product Admin/TC-PA-031: Test Cases/Product Admin/TC-PA-031

2023-10-04 18:29:05 - [TEST_STEP][PASSED] - callTestCase(findTestCase("Product Admin/TC-PA-001"), [:], STOP_ON_FAILURE): Call Test Case 'Test Cases/Product Admin/TC-PA-001' successfully

2023-10-04 18:29:05 - [TEST_CASE][PASSED] - Test Cases/Product Admin/TC-PA-001: Test Cases/Product Admin/TC-PA-001

2023-10-04 18:29:05 - [TEST_STEP][PASSED] - callTestCase(findTestCase("Login Admin/TC-Login Admin-001"), [:], STOP_ON_FAILURE): Call Test Case 'Test Cases/Login Admin/TC-Login Admin-001' successfully

2023-10-04 18:29:05 - [TEST_CASE][PASSED] - Test Cases/Login Admin/TC-Login Admin-001: Test Cases/Login Admin/TC-Login Admin-001

2023-10-04 18:29:05 - [TEST_STEP][PASSED] - openBrowser(adminTajalapak): Browser is opened with url: 'https://10.9.2.63/ecommerce/administrator'

2023-10-04 18:29:05 - [MESSAGE][WARNING] - A browser is already opened. Closing browser and opening a new one

2023-10-04 18:29:06 - [MESSAGE][INFO] - Starting 'Edge Chromium' driver

2023-10-04 18:29:06 - [MESSAGE][INFO] - User set preference: ['acceptInsecureCerts', 'true']

2023-10-04 18:29:06 - [MESSAGE][INFO] - Action delay is set to 0 milliseconds

2023-10-04 18:29:09 - [MESSAGE][PASSED] - Browser is opened with url: 'https://10.9.2.63/ecommerce/administrator'

2023-10-04 18:29:09 - [TEST_STEP][PASSED] - maximizeWindow(): Current window maximized

2023-10-04 18:29:09 - [MESSAGE][PASSED] - Current window maximized

2023-10-04 18:29:09 - [TEST_STEP][PASSED] - verifyElementPresent(findTestObject("Login Admin/Verifikasi Halaman Administrator"), 0): Object 'Object Repository/Login Admin/Verifikasi Halaman Administrator' is present

2023-10-04 18:29:09 - [MESSAGE][WARNING] - Timeout '0' is invalid. Using default page load timeout: '30'

2023-10-04 18:29:10 - [MESSAGE][PASSED] - Object 'Object Repository/Login Admin/Verifikasi Halaman Administrator' is present

2023-10-04 18:29:10 - [TEST_STEP][PASSED] - setText(findTestObject("Login Admin/Input Username Admin"), "admin"): Text 'admin' is set on object 'Object Repository/Login Admin/Input Username Admin'

2023-10-04 18:29:10 - [MESSAGE][PASSED] - Text 'admin' is set on object 'Object Repository/Login Admin/Input Username Admin'

2023-10-04 18:29:10 - [TEST_STEP][PASSED] - setEncryptedText(findTestObject("Login Admin/Input Password Admin"), "374mkdZ/lqyNS21oH+MJZQ=="): Text ****** has been set on object 'Object Repository/Login Admin/Input Password Admin'

2023-10-04 18:29:11 - [MESSAGE][PASSED] - Text ****** has been set on object 'Object Repository/Login Admin/Input Password Admin'

2023-10-04 18:29:11 - [TEST_STEP][PASSED] - delay(10): Delayed 10 second(s)

2023-10-04 18:29:21 - [MESSAGE][PASSED] - Delayed 10 second(s)

2023-10-04 18:29:21 - [TEST_STEP][PASSED] - click(findTestObject("Login Admin/Botton Sign In")): Object: 'Object Repository/Login Admin/Botton Sign In' is clicked on

2023-10-04 18:29:23 - [MESSAGE][PASSED] - Object: 'Object Repository/Login Admin/Botton Sign In' is clicked on

2023-10-04 18:29:23 - [TEST_STEP][PASSED] - verifyElementPresent(findTestObject("Login Admin/Verifikasi Halaman Login Admin"), 0): Object 'Object Repository/Login Admin/Verifikasi Halaman Login Admin' is present

2023-10-04 18:29:23 - [MESSAGE][WARNING] - Timeout '0' is invalid. Using default page load timeout: '30'

2023-10-04 18:29:23 - [MESSAGE][PASSED] - Object 'Object Repository/Login Admin/Verifikasi Halaman Login Admin' is present

2023-10-04 18:29:23 - [MESSAGE][PASSED] - Call Test Case 'Test Cases/Login Admin/TC-Login Admin-001' successfully

2023-10-04 18:29:23 - [TEST_STEP][PASSED] - click(findTestObject("Product Admin/Master Market")): Object: 'Object Repository/Product Admin/Master Market' is clicked on

2023-10-04 18:29:24 - [MESSAGE][PASSED] - Object: 'Object Repository/Product Admin/Master Market' is clicked on

2023-10-04 18:29:24 - [TEST_STEP][PASSED] - click(findTestObject("Product Admin/Produk Admin")): Object: 'Object Repository/Product Admin/Produk Admin' is clicked on

2023-10-04 18:29:25 - [MESSAGE][PASSED] - Object: 'Object Repository/Product Admin/Produk Admin' is clicked on

2023-10-04 18:29:25 - [TEST_STEP][PASSED] - verifyElementPresent(findTestObject("Product Admin/Veridikasi Halaman Semua Produk"), 0): Object 'Object Repository/Product Admin/Veridikasi Halaman Semua Produk' is present

2023-10-04 18:29:25 - [MESSAGE][WARNING] - Timeout '0' is invalid. Using default page load timeout: '30'

2023-10-04 18:29:25 - [MESSAGE][PASSED] - Object 'Object Repository/Product Admin/Veridikasi Halaman Semua Produk' is present

2023-10-04 18:29:25 - [MESSAGE][PASSED] - Call Test Case 'Test Cases/Product Admin/TC-PA-001' successfully

2023-10-04 18:29:25 - [TEST_STEP][PASSED] - jmlAwal = getText(findTestObject("Object Repository/Product Admin/Showing 1 to 10 of 55 entries")): Text of object 'Object Repository/Product Admin/Showing 1 to 10 of 55 entries' is: 'Showing 1 to 10 of 57 entries'

2023-10-04 18:29:25 - [MESSAGE][PASSED] - Text of object 'Object Repository/Product Admin/Showing 1 to 10 of 55 entries' is: 'Showing 1 to 10 of 57 entries'

2023-10-04 18:29:25 - [TEST_STEP][PASSED] - resultAwal = trim().substring(19, 21): null

2023-10-04 18:29:25 - [TEST_STEP][PASSED] - data1 = Integer.parseInt(resultAwal): null

2023-10-04 18:29:25 - [TEST_STEP][PASSED] - jmlProduk = 0: null

2023-10-04 18:29:25 - [TEST_STEP][PASSED] - while (jmlProduk < data1): Object: 'Object Repository/Product Admin/Button Halaman Selanjutnya' is clicked on

2023-10-04 18:29:25 - [TEST_STEP][PASSED] - dataList = findWebElements(findTestObject("Object Repository/Product Admin/Data No Product"), 10): null

2023-10-04 18:29:26 - [TEST_STEP][PASSED] - jmlProduk = jmlProduk + dataList.size(): null

2023-10-04 18:29:26 - [TEST_STEP][PASSED] - click(findTestObject("Object Repository/Product Admin/Button Halaman Selanjutnya")): Object: 'Object Repository/Product Admin/Button Halaman Selanjutnya' is clicked on

2023-10-04 18:29:26 - [MESSAGE][PASSED] - Object: 'Object Repository/Product Admin/Button Halaman Selanjutnya' is clicked on

2023-10-04 18:29:26 - [TEST_STEP][PASSED] - dataList = findWebElements(findTestObject("Object Repository/Product Admin/Data No Product"), 10): null

2023-10-04 18:29:27 - [TEST_STEP][PASSED] - jmlProduk = jmlProduk + dataList.size(): null

2023-10-04 18:29:27 - [TEST_STEP][PASSED] - click(findTestObject("Object Repository/Product Admin/Button Halaman Selanjutnya")): Object: 'Object Repository/Product Admin/Button Halaman Selanjutnya' is clicked on

2023-10-04 18:29:27 - [MESSAGE][PASSED] - Object: 'Object Repository/Product Admin/Button Halaman Selanjutnya' is clicked on

2023-10-04 18:29:27 - [TEST_STEP][PASSED] - dataList = findWebElements(findTestObject("Object Repository/Product Admin/Data No Product"), 10): null

2023-10-04 18:29:28 - [TEST_STEP][PASSED] - jmlProduk = jmlProduk + dataList.size(): null

2023-10-04 18:29:28 - [TEST_STEP][PASSED] - click(findTestObject("Object Repository/Product Admin/Button Halaman Selanjutnya")): Object: 'Object Repository/Product Admin/Button Halaman Selanjutnya' is clicked on

2023-10-04 18:29:28 - [MESSAGE][PASSED] - Object: 'Object Repository/Product Admin/Button Halaman Selanjutnya' is clicked on

2023-10-04 18:29:28 - [TEST_STEP][PASSED] - dataList = findWebElements(findTestObject("Object Repository/Product Admin/Data No Product"), 10): null

2023-10-04 18:29:29 - [TEST_STEP][PASSED] - jmlProduk = jmlProduk + dataList.size(): null

2023-10-04 18:29:29 - [TEST_STEP][PASSED] - click(findTestObject("Object Repository/Product Admin/Button Halaman Selanjutnya")): Object: 'Object Repository/Product Admin/Button Halaman Selanjutnya' is clicked on

2023-10-04 18:29:29 - [MESSAGE][PASSED] - Object: 'Object Repository/Product Admin/Button Halaman Selanjutnya' is clicked on

2023-10-04 18:29:29 - [TEST_STEP][PASSED] - dataList = findWebElements(findTestObject("Object Repository/Product Admin/Data No Product"), 10): null

2023-10-04 18:29:29 - [TEST_STEP][PASSED] - jmlProduk = jmlProduk + dataList.size(): null

2023-10-04 18:29:29 - [TEST_STEP][PASSED] - click(findTestObject("Object Repository/Product Admin/Button Halaman Selanjutnya")): Object: 'Object Repository/Product Admin/Button Halaman Selanjutnya' is clicked on

2023-10-04 18:29:30 - [MESSAGE][PASSED] - Object: 'Object Repository/Product Admin/Button Halaman Selanjutnya' is clicked on

2023-10-04 18:29:30 - [TEST_STEP][PASSED] - dataList = findWebElements(findTestObject("Object Repository/Product Admin/Data No Product"), 10): null

2023-10-04 18:29:30 - [TEST_STEP][PASSED] - jmlProduk = jmlProduk + dataList.size(): null

2023-10-04 18:29:30 - [TEST_STEP][PASSED] - click(findTestObject("Object Repository/Product Admin/Button Halaman Selanjutnya")): Object: 'Object Repository/Product Admin/Button Halaman Selanjutnya' is clicked on

2023-10-04 18:29:31 - [MESSAGE][PASSED] - Object: 'Object Repository/Product Admin/Button Halaman Selanjutnya' is clicked on

2023-10-04 18:29:31 - [TEST_STEP][PASSED] - assert data1 == jmlProduk: null]]></system-out>
         <system-err><![CDATA[]]></system-err>
      </testcase>
      <testcase name="Test Cases/Product Admin/TC-PA-032" time="21.74" classname="Test Cases/Product Admin/TC-PA-032" status="PASSED">
         <system-out><![CDATA[2023-10-04 18:29:31 - [TEST_CASE][PASSED] - Test Cases/Product Admin/TC-PA-032: Test Cases/Product Admin/TC-PA-032

2023-10-04 18:29:31 - [TEST_STEP][PASSED] - callTestCase(findTestCase("Product Admin/TC-PA-001"), [:], STOP_ON_FAILURE): Call Test Case 'Test Cases/Product Admin/TC-PA-001' successfully

2023-10-04 18:29:31 - [TEST_CASE][PASSED] - Test Cases/Product Admin/TC-PA-001: Test Cases/Product Admin/TC-PA-001

2023-10-04 18:29:31 - [TEST_STEP][PASSED] - callTestCase(findTestCase("Login Admin/TC-Login Admin-001"), [:], STOP_ON_FAILURE): Call Test Case 'Test Cases/Login Admin/TC-Login Admin-001' successfully

2023-10-04 18:29:31 - [TEST_CASE][PASSED] - Test Cases/Login Admin/TC-Login Admin-001: Test Cases/Login Admin/TC-Login Admin-001

2023-10-04 18:29:31 - [TEST_STEP][PASSED] - openBrowser(adminTajalapak): Browser is opened with url: 'https://10.9.2.63/ecommerce/administrator'

2023-10-04 18:29:31 - [MESSAGE][WARNING] - A browser is already opened. Closing browser and opening a new one

2023-10-04 18:29:32 - [MESSAGE][INFO] - Starting 'Edge Chromium' driver

2023-10-04 18:29:32 - [MESSAGE][INFO] - User set preference: ['acceptInsecureCerts', 'true']

2023-10-04 18:29:32 - [MESSAGE][INFO] - Action delay is set to 0 milliseconds

2023-10-04 18:29:35 - [MESSAGE][PASSED] - Browser is opened with url: 'https://10.9.2.63/ecommerce/administrator'

2023-10-04 18:29:35 - [TEST_STEP][PASSED] - maximizeWindow(): Current window maximized

2023-10-04 18:29:35 - [MESSAGE][PASSED] - Current window maximized

2023-10-04 18:29:35 - [TEST_STEP][PASSED] - verifyElementPresent(findTestObject("Login Admin/Verifikasi Halaman Administrator"), 0): Object 'Object Repository/Login Admin/Verifikasi Halaman Administrator' is present

2023-10-04 18:29:35 - [MESSAGE][WARNING] - Timeout '0' is invalid. Using default page load timeout: '30'

2023-10-04 18:29:35 - [MESSAGE][PASSED] - Object 'Object Repository/Login Admin/Verifikasi Halaman Administrator' is present

2023-10-04 18:29:35 - [TEST_STEP][PASSED] - setText(findTestObject("Login Admin/Input Username Admin"), "admin"): Text 'admin' is set on object 'Object Repository/Login Admin/Input Username Admin'

2023-10-04 18:29:36 - [MESSAGE][PASSED] - Text 'admin' is set on object 'Object Repository/Login Admin/Input Username Admin'

2023-10-04 18:29:36 - [TEST_STEP][PASSED] - setEncryptedText(findTestObject("Login Admin/Input Password Admin"), "374mkdZ/lqyNS21oH+MJZQ=="): Text ****** has been set on object 'Object Repository/Login Admin/Input Password Admin'

2023-10-04 18:29:37 - [MESSAGE][PASSED] - Text ****** has been set on object 'Object Repository/Login Admin/Input Password Admin'

2023-10-04 18:29:37 - [TEST_STEP][PASSED] - delay(10): Delayed 10 second(s)

2023-10-04 18:29:47 - [MESSAGE][PASSED] - Delayed 10 second(s)

2023-10-04 18:29:47 - [TEST_STEP][PASSED] - click(findTestObject("Login Admin/Botton Sign In")): Object: 'Object Repository/Login Admin/Botton Sign In' is clicked on

2023-10-04 18:29:47 - [MESSAGE][PASSED] - Object: 'Object Repository/Login Admin/Botton Sign In' is clicked on

2023-10-04 18:29:47 - [TEST_STEP][PASSED] - verifyElementPresent(findTestObject("Login Admin/Verifikasi Halaman Login Admin"), 0): Object 'Object Repository/Login Admin/Verifikasi Halaman Login Admin' is present

2023-10-04 18:29:48 - [MESSAGE][WARNING] - Timeout '0' is invalid. Using default page load timeout: '30'

2023-10-04 18:29:49 - [MESSAGE][PASSED] - Object 'Object Repository/Login Admin/Verifikasi Halaman Login Admin' is present

2023-10-04 18:29:49 - [MESSAGE][PASSED] - Call Test Case 'Test Cases/Login Admin/TC-Login Admin-001' successfully

2023-10-04 18:29:49 - [TEST_STEP][PASSED] - click(findTestObject("Product Admin/Master Market")): Object: 'Object Repository/Product Admin/Master Market' is clicked on

2023-10-04 18:29:49 - [MESSAGE][PASSED] - Object: 'Object Repository/Product Admin/Master Market' is clicked on

2023-10-04 18:29:49 - [TEST_STEP][PASSED] - click(findTestObject("Product Admin/Produk Admin")): Object: 'Object Repository/Product Admin/Produk Admin' is clicked on

2023-10-04 18:29:50 - [MESSAGE][PASSED] - Object: 'Object Repository/Product Admin/Produk Admin' is clicked on

2023-10-04 18:29:50 - [TEST_STEP][PASSED] - verifyElementPresent(findTestObject("Product Admin/Veridikasi Halaman Semua Produk"), 0): Object 'Object Repository/Product Admin/Veridikasi Halaman Semua Produk' is present

2023-10-04 18:29:50 - [MESSAGE][WARNING] - Timeout '0' is invalid. Using default page load timeout: '30'

2023-10-04 18:29:51 - [MESSAGE][PASSED] - Object 'Object Repository/Product Admin/Veridikasi Halaman Semua Produk' is present

2023-10-04 18:29:51 - [MESSAGE][PASSED] - Call Test Case 'Test Cases/Product Admin/TC-PA-001' successfully

2023-10-04 18:29:51 - [TEST_STEP][PASSED] - setText(findTestObject("Product Admin/Input Search Product"), "GamisGreen"): Text 'GamisGreen' is set on object 'Object Repository/Product Admin/Input Search Product'

2023-10-04 18:29:52 - [MESSAGE][PASSED] - Text 'GamisGreen' is set on object 'Object Repository/Product Admin/Input Search Product'

2023-10-04 18:29:52 - [TEST_STEP][PASSED] - verifyTextPresent("No matching records found", false): Text 'No matching records found' is present on page 

2023-10-04 18:29:52 - [MESSAGE][PASSED] - Text 'No matching records found' is present on page]]></system-out>
         <system-err><![CDATA[]]></system-err>
      </testcase>
      <testcase name="Test Cases/Product Admin/TC-PA-033" time="22.882" classname="Test Cases/Product Admin/TC-PA-033" status="PASSED">
         <system-out><![CDATA[2023-10-04 18:29:52 - [TEST_CASE][PASSED] - Test Cases/Product Admin/TC-PA-033: Test Cases/Product Admin/TC-PA-033

2023-10-04 18:29:53 - [TEST_STEP][PASSED] - callTestCase(findTestCase("Product Admin/TC-PA-001"), [:], STOP_ON_FAILURE): Call Test Case 'Test Cases/Product Admin/TC-PA-001' successfully

2023-10-04 18:29:53 - [TEST_CASE][PASSED] - Test Cases/Product Admin/TC-PA-001: Test Cases/Product Admin/TC-PA-001

2023-10-04 18:29:53 - [TEST_STEP][PASSED] - callTestCase(findTestCase("Login Admin/TC-Login Admin-001"), [:], STOP_ON_FAILURE): Call Test Case 'Test Cases/Login Admin/TC-Login Admin-001' successfully

2023-10-04 18:29:53 - [TEST_CASE][PASSED] - Test Cases/Login Admin/TC-Login Admin-001: Test Cases/Login Admin/TC-Login Admin-001

2023-10-04 18:29:53 - [TEST_STEP][PASSED] - openBrowser(adminTajalapak): Browser is opened with url: 'https://10.9.2.63/ecommerce/administrator'

2023-10-04 18:29:53 - [MESSAGE][WARNING] - A browser is already opened. Closing browser and opening a new one

2023-10-04 18:29:54 - [MESSAGE][INFO] - Starting 'Edge Chromium' driver

2023-10-04 18:29:54 - [MESSAGE][INFO] - User set preference: ['acceptInsecureCerts', 'true']

2023-10-04 18:29:54 - [MESSAGE][INFO] - Action delay is set to 0 milliseconds

2023-10-04 18:29:57 - [MESSAGE][PASSED] - Browser is opened with url: 'https://10.9.2.63/ecommerce/administrator'

2023-10-04 18:29:57 - [TEST_STEP][PASSED] - maximizeWindow(): Current window maximized

2023-10-04 18:29:57 - [MESSAGE][PASSED] - Current window maximized

2023-10-04 18:29:57 - [TEST_STEP][PASSED] - verifyElementPresent(findTestObject("Login Admin/Verifikasi Halaman Administrator"), 0): Object 'Object Repository/Login Admin/Verifikasi Halaman Administrator' is present

2023-10-04 18:29:57 - [MESSAGE][WARNING] - Timeout '0' is invalid. Using default page load timeout: '30'

2023-10-04 18:29:58 - [MESSAGE][PASSED] - Object 'Object Repository/Login Admin/Verifikasi Halaman Administrator' is present

2023-10-04 18:29:58 - [TEST_STEP][PASSED] - setText(findTestObject("Login Admin/Input Username Admin"), "admin"): Text 'admin' is set on object 'Object Repository/Login Admin/Input Username Admin'

2023-10-04 18:29:58 - [MESSAGE][PASSED] - Text 'admin' is set on object 'Object Repository/Login Admin/Input Username Admin'

2023-10-04 18:29:58 - [TEST_STEP][PASSED] - setEncryptedText(findTestObject("Login Admin/Input Password Admin"), "374mkdZ/lqyNS21oH+MJZQ=="): Text ****** has been set on object 'Object Repository/Login Admin/Input Password Admin'

2023-10-04 18:29:59 - [MESSAGE][PASSED] - Text ****** has been set on object 'Object Repository/Login Admin/Input Password Admin'

2023-10-04 18:29:59 - [TEST_STEP][PASSED] - delay(10): Delayed 10 second(s)

2023-10-04 18:30:09 - [MESSAGE][PASSED] - Delayed 10 second(s)

2023-10-04 18:30:09 - [TEST_STEP][PASSED] - click(findTestObject("Login Admin/Botton Sign In")): Object: 'Object Repository/Login Admin/Botton Sign In' is clicked on

2023-10-04 18:30:11 - [MESSAGE][PASSED] - Object: 'Object Repository/Login Admin/Botton Sign In' is clicked on

2023-10-04 18:30:11 - [TEST_STEP][PASSED] - verifyElementPresent(findTestObject("Login Admin/Verifikasi Halaman Login Admin"), 0): Object 'Object Repository/Login Admin/Verifikasi Halaman Login Admin' is present

2023-10-04 18:30:11 - [MESSAGE][WARNING] - Timeout '0' is invalid. Using default page load timeout: '30'

2023-10-04 18:30:11 - [MESSAGE][PASSED] - Object 'Object Repository/Login Admin/Verifikasi Halaman Login Admin' is present

2023-10-04 18:30:11 - [MESSAGE][PASSED] - Call Test Case 'Test Cases/Login Admin/TC-Login Admin-001' successfully

2023-10-04 18:30:11 - [TEST_STEP][PASSED] - click(findTestObject("Product Admin/Master Market")): Object: 'Object Repository/Product Admin/Master Market' is clicked on

2023-10-04 18:30:12 - [MESSAGE][PASSED] - Object: 'Object Repository/Product Admin/Master Market' is clicked on

2023-10-04 18:30:12 - [TEST_STEP][PASSED] - click(findTestObject("Product Admin/Produk Admin")): Object: 'Object Repository/Product Admin/Produk Admin' is clicked on

2023-10-04 18:30:13 - [MESSAGE][PASSED] - Object: 'Object Repository/Product Admin/Produk Admin' is clicked on

2023-10-04 18:30:13 - [TEST_STEP][PASSED] - verifyElementPresent(findTestObject("Product Admin/Veridikasi Halaman Semua Produk"), 0): Object 'Object Repository/Product Admin/Veridikasi Halaman Semua Produk' is present

2023-10-04 18:30:13 - [MESSAGE][WARNING] - Timeout '0' is invalid. Using default page load timeout: '30'

2023-10-04 18:30:14 - [MESSAGE][PASSED] - Object 'Object Repository/Product Admin/Veridikasi Halaman Semua Produk' is present

2023-10-04 18:30:14 - [MESSAGE][PASSED] - Call Test Case 'Test Cases/Product Admin/TC-PA-001' successfully

2023-10-04 18:30:14 - [TEST_STEP][PASSED] - setText(findTestObject("Product Admin/Input Search Product"), cariKata): Text 'GaMiS GrEeN' is set on object 'Object Repository/Product Admin/Input Search Product'

2023-10-04 18:30:15 - [MESSAGE][PASSED] - Text 'GaMiS GrEeN' is set on object 'Object Repository/Product Admin/Input Search Product'

2023-10-04 18:30:15 - [TEST_STEP][PASSED] - dataList = findWebElements(findTestObject("Object Repository/Product Admin/Data Semua Product"), 10): null

2023-10-04 18:30:15 - [TEST_STEP][PASSED] - for ([i = 0, i < dataList.size(), i += 7]): null

2023-10-04 18:30:15 - [TEST_STEP][PASSED] - cekSearch = false: null

2023-10-04 18:30:15 - [TEST_STEP][PASSED] - nomor = get(i).getText(): null

2023-10-04 18:30:15 - [TEST_STEP][PASSED] - namaProduct = get(i + 1).getText(): null

2023-10-04 18:30:15 - [TEST_STEP][PASSED] - modal = get(i + 2).getText(): null

2023-10-04 18:30:15 - [TEST_STEP][PASSED] - reseller = get(i + 3).getText(): null

2023-10-04 18:30:15 - [TEST_STEP][PASSED] - konsumen = get(i + 4).getText(): null

2023-10-04 18:30:15 - [TEST_STEP][PASSED] - stok = get(i + 5).getText(): null

2023-10-04 18:30:15 - [TEST_STEP][PASSED] - satuan = get(i + 6).getText(): null

2023-10-04 18:30:15 - [TEST_STEP][PASSED] - berat = get(i + 7).getText(): null

2023-10-04 18:30:15 - [TEST_STEP][PASSED] - status = get(i + 8).getText(): null

2023-10-04 18:30:15 - [TEST_STEP][PASSED] - if (toLowerCase().contains(cariKata.toLowerCase())): null

2023-10-04 18:30:15 - [TEST_STEP][PASSED] - if (toLowerCase().contains(cariKata.toLowerCase())): null

2023-10-04 18:30:15 - [TEST_STEP][PASSED] - cekSearch = true: null

2023-10-04 18:30:15 - [TEST_STEP][PASSED] - break: null]]></system-out>
         <system-err><![CDATA[]]></system-err>
      </testcase>
      <testcase name="Test Cases/Product Admin/TC-PA-034" time="23.233" classname="Test Cases/Product Admin/TC-PA-034" status="ERROR">
         <error type="ERROR" message="Test Cases/Product Admin/TC-PA-034 FAILED.
Reason:
java.lang.IndexOutOfBoundsException: Index: 1, Size: 1
	at java_util_List$get$1.call(Unknown Source)
	at TC-PA-034.run(TC-PA-034:34)
	at com.kms.katalon.core.main.ScriptEngine.run(ScriptEngine.java:194)
	at com.kms.katalon.core.main.ScriptEngine.runScriptAsRawText(ScriptEngine.java:119)
	at com.kms.katalon.core.main.TestCaseExecutor.runScript(TestCaseExecutor.java:448)
	at com.kms.katalon.core.main.TestCaseExecutor.doExecute(TestCaseExecutor.java:439)
	at com.kms.katalon.core.main.TestCaseExecutor.processExecutionPhase(TestCaseExecutor.java:418)
	at com.kms.katalon.core.main.TestCaseExecutor.accessMainPhase(TestCaseExecutor.java:410)
	at com.kms.katalon.core.main.TestCaseExecutor.execute(TestCaseExecutor.java:285)
	at com.kms.katalon.core.common.CommonExecutor.accessTestCaseMainPhase(CommonExecutor.java:65)
	at com.kms.katalon.core.main.TestSuiteExecutor.accessTestSuiteMainPhase(TestSuiteExecutor.java:148)
	at com.kms.katalon.core.main.TestSuiteExecutor.execute(TestSuiteExecutor.java:106)
	at com.kms.katalon.core.main.TestCaseMain.startTestSuite(TestCaseMain.java:187)
	at com.kms.katalon.core.main.TestCaseMain$startTestSuite$0.call(Unknown Source)
	at TempTestSuite1696418169597.run(TempTestSuite1696418169597.groovy:36)
"/>
         <system-out><![CDATA[2023-10-04 18:30:15 - [TEST_CASE][ERROR] - Test Cases/Product Admin/TC-PA-034: Test Cases/Product Admin/TC-PA-034 FAILED.
Reason:
java.lang.IndexOutOfBoundsException: Index: 1, Size: 1
	at java_util_List$get$1.call(Unknown Source)
	at TC-PA-034.run(TC-PA-034:34)
	at com.kms.katalon.core.main.ScriptEngine.run(ScriptEngine.java:194)
	at com.kms.katalon.core.main.ScriptEngine.runScriptAsRawText(ScriptEngine.java:119)
	at com.kms.katalon.core.main.TestCaseExecutor.runScript(TestCaseExecutor.java:448)
	at com.kms.katalon.core.main.TestCaseExecutor.doExecute(TestCaseExecutor.java:439)
	at com.kms.katalon.core.main.TestCaseExecutor.processExecutionPhase(TestCaseExecutor.java:418)
	at com.kms.katalon.core.main.TestCaseExecutor.accessMainPhase(TestCaseExecutor.java:410)
	at com.kms.katalon.core.main.TestCaseExecutor.execute(TestCaseExecutor.java:285)
	at com.kms.katalon.core.common.CommonExecutor.accessTestCaseMainPhase(CommonExecutor.java:65)
	at com.kms.katalon.core.main.TestSuiteExecutor.accessTestSuiteMainPhase(TestSuiteExecutor.java:148)
	at com.kms.katalon.core.main.TestSuiteExecutor.execute(TestSuiteExecutor.java:106)
	at com.kms.katalon.core.main.TestCaseMain.startTestSuite(TestCaseMain.java:187)
	at com.kms.katalon.core.main.TestCaseMain$startTestSuite$0.call(Unknown Source)
	at TempTestSuite1696418169597.run(TempTestSuite1696418169597.groovy:36)


2023-10-04 18:30:16 - [TEST_STEP][PASSED] - callTestCase(findTestCase("Product Admin/TC-PA-001"), [:], STOP_ON_FAILURE): Call Test Case 'Test Cases/Product Admin/TC-PA-001' successfully

2023-10-04 18:30:16 - [TEST_CASE][PASSED] - Test Cases/Product Admin/TC-PA-001: Test Cases/Product Admin/TC-PA-001

2023-10-04 18:30:16 - [TEST_STEP][PASSED] - callTestCase(findTestCase("Login Admin/TC-Login Admin-001"), [:], STOP_ON_FAILURE): Call Test Case 'Test Cases/Login Admin/TC-Login Admin-001' successfully

2023-10-04 18:30:16 - [TEST_CASE][PASSED] - Test Cases/Login Admin/TC-Login Admin-001: Test Cases/Login Admin/TC-Login Admin-001

2023-10-04 18:30:16 - [TEST_STEP][PASSED] - openBrowser(adminTajalapak): Browser is opened with url: 'https://10.9.2.63/ecommerce/administrator'

2023-10-04 18:30:16 - [MESSAGE][WARNING] - A browser is already opened. Closing browser and opening a new one

2023-10-04 18:30:17 - [MESSAGE][INFO] - Starting 'Edge Chromium' driver

2023-10-04 18:30:17 - [MESSAGE][INFO] - User set preference: ['acceptInsecureCerts', 'true']

2023-10-04 18:30:17 - [MESSAGE][INFO] - Action delay is set to 0 milliseconds

2023-10-04 18:30:20 - [MESSAGE][PASSED] - Browser is opened with url: 'https://10.9.2.63/ecommerce/administrator'

2023-10-04 18:30:20 - [TEST_STEP][PASSED] - maximizeWindow(): Current window maximized

2023-10-04 18:30:20 - [MESSAGE][PASSED] - Current window maximized

2023-10-04 18:30:20 - [TEST_STEP][PASSED] - verifyElementPresent(findTestObject("Login Admin/Verifikasi Halaman Administrator"), 0): Object 'Object Repository/Login Admin/Verifikasi Halaman Administrator' is present

2023-10-04 18:30:20 - [MESSAGE][WARNING] - Timeout '0' is invalid. Using default page load timeout: '30'

2023-10-04 18:30:21 - [MESSAGE][PASSED] - Object 'Object Repository/Login Admin/Verifikasi Halaman Administrator' is present

2023-10-04 18:30:21 - [TEST_STEP][PASSED] - setText(findTestObject("Login Admin/Input Username Admin"), "admin"): Text 'admin' is set on object 'Object Repository/Login Admin/Input Username Admin'

2023-10-04 18:30:22 - [MESSAGE][PASSED] - Text 'admin' is set on object 'Object Repository/Login Admin/Input Username Admin'

2023-10-04 18:30:22 - [TEST_STEP][PASSED] - setEncryptedText(findTestObject("Login Admin/Input Password Admin"), "374mkdZ/lqyNS21oH+MJZQ=="): Text ****** has been set on object 'Object Repository/Login Admin/Input Password Admin'

2023-10-04 18:30:23 - [MESSAGE][PASSED] - Text ****** has been set on object 'Object Repository/Login Admin/Input Password Admin'

2023-10-04 18:30:23 - [TEST_STEP][PASSED] - delay(10): Delayed 10 second(s)

2023-10-04 18:30:33 - [MESSAGE][PASSED] - Delayed 10 second(s)

2023-10-04 18:30:33 - [TEST_STEP][PASSED] - click(findTestObject("Login Admin/Botton Sign In")): Object: 'Object Repository/Login Admin/Botton Sign In' is clicked on

2023-10-04 18:30:34 - [MESSAGE][PASSED] - Object: 'Object Repository/Login Admin/Botton Sign In' is clicked on

2023-10-04 18:30:34 - [TEST_STEP][PASSED] - verifyElementPresent(findTestObject("Login Admin/Verifikasi Halaman Login Admin"), 0): Object 'Object Repository/Login Admin/Verifikasi Halaman Login Admin' is present

2023-10-04 18:30:34 - [MESSAGE][WARNING] - Timeout '0' is invalid. Using default page load timeout: '30'

2023-10-04 18:30:35 - [MESSAGE][PASSED] - Object 'Object Repository/Login Admin/Verifikasi Halaman Login Admin' is present

2023-10-04 18:30:35 - [MESSAGE][PASSED] - Call Test Case 'Test Cases/Login Admin/TC-Login Admin-001' successfully

2023-10-04 18:30:35 - [TEST_STEP][PASSED] - click(findTestObject("Product Admin/Master Market")): Object: 'Object Repository/Product Admin/Master Market' is clicked on

2023-10-04 18:30:35 - [MESSAGE][PASSED] - Object: 'Object Repository/Product Admin/Master Market' is clicked on

2023-10-04 18:30:35 - [TEST_STEP][PASSED] - click(findTestObject("Product Admin/Produk Admin")): Object: 'Object Repository/Product Admin/Produk Admin' is clicked on

2023-10-04 18:30:37 - [MESSAGE][PASSED] - Object: 'Object Repository/Product Admin/Produk Admin' is clicked on

2023-10-04 18:30:37 - [TEST_STEP][PASSED] - verifyElementPresent(findTestObject("Product Admin/Veridikasi Halaman Semua Produk"), 0): Object 'Object Repository/Product Admin/Veridikasi Halaman Semua Produk' is present

2023-10-04 18:30:37 - [MESSAGE][WARNING] - Timeout '0' is invalid. Using default page load timeout: '30'

2023-10-04 18:30:37 - [MESSAGE][PASSED] - Object 'Object Repository/Product Admin/Veridikasi Halaman Semua Produk' is present

2023-10-04 18:30:37 - [MESSAGE][PASSED] - Call Test Case 'Test Cases/Product Admin/TC-PA-001' successfully

2023-10-04 18:30:37 - [TEST_STEP][PASSED] - setText(findTestObject("Product Admin/Input Search Product"), cariKata): Text 'Laptop Dell' is set on object 'Object Repository/Product Admin/Input Search Product'

2023-10-04 18:30:38 - [MESSAGE][PASSED] - Text 'Laptop Dell' is set on object 'Object Repository/Product Admin/Input Search Product'

2023-10-04 18:30:38 - [TEST_STEP][PASSED] - dataList = findWebElements(findTestObject("Object Repository/Product Admin/Data Semua Product"), 10): null

2023-10-04 18:30:38 - [TEST_STEP][ERROR] - for ([i = 0, i < dataList.size(), i += 7]): Test Cases/Product Admin/TC-PA-034 FAILED.
Reason:
java.lang.IndexOutOfBoundsException: Index: 1, Size: 1
	at java_util_List$get$1.call(Unknown Source)
	at TC-PA-034.run(TC-PA-034:34)
	at com.kms.katalon.core.main.ScriptEngine.run(ScriptEngine.java:194)
	at com.kms.katalon.core.main.ScriptEngine.runScriptAsRawText(ScriptEngine.java:119)
	at com.kms.katalon.core.main.TestCaseExecutor.runScript(TestCaseExecutor.java:448)
	at com.kms.katalon.core.main.TestCaseExecutor.doExecute(TestCaseExecutor.java:439)
	at com.kms.katalon.core.main.TestCaseExecutor.processExecutionPhase(TestCaseExecutor.java:418)
	at com.kms.katalon.core.main.TestCaseExecutor.accessMainPhase(TestCaseExecutor.java:410)
	at com.kms.katalon.core.main.TestCaseExecutor.execute(TestCaseExecutor.java:285)
	at com.kms.katalon.core.common.CommonExecutor.accessTestCaseMainPhase(CommonExecutor.java:65)
	at com.kms.katalon.core.main.TestSuiteExecutor.accessTestSuiteMainPhase(TestSuiteExecutor.java:148)
	at com.kms.katalon.core.main.TestSuiteExecutor.execute(TestSuiteExecutor.java:106)
	at com.kms.katalon.core.main.TestCaseMain.startTestSuite(TestCaseMain.java:187)
	at com.kms.katalon.core.main.TestCaseMain$startTestSuite$0.call(Unknown Source)
	at TempTestSuite1696418169597.run(TempTestSuite1696418169597.groovy:36)


2023-10-04 18:30:38 - [TEST_STEP][PASSED] - cekSearch = false: null

2023-10-04 18:30:38 - [TEST_STEP][PASSED] - nomor = get(i).getText(): null

2023-10-04 18:30:38 - [TEST_STEP][ERROR] - namaProduct = get(i + 1).getText(): Test Cases/Product Admin/TC-PA-034 FAILED.
Reason:
java.lang.IndexOutOfBoundsException: Index: 1, Size: 1
	at java_util_List$get$1.call(Unknown Source)
	at TC-PA-034.run(TC-PA-034:34)
	at com.kms.katalon.core.main.ScriptEngine.run(ScriptEngine.java:194)
	at com.kms.katalon.core.main.ScriptEngine.runScriptAsRawText(ScriptEngine.java:119)
	at com.kms.katalon.core.main.TestCaseExecutor.runScript(TestCaseExecutor.java:448)
	at com.kms.katalon.core.main.TestCaseExecutor.doExecute(TestCaseExecutor.java:439)
	at com.kms.katalon.core.main.TestCaseExecutor.processExecutionPhase(TestCaseExecutor.java:418)
	at com.kms.katalon.core.main.TestCaseExecutor.accessMainPhase(TestCaseExecutor.java:410)
	at com.kms.katalon.core.main.TestCaseExecutor.execute(TestCaseExecutor.java:285)
	at com.kms.katalon.core.common.CommonExecutor.accessTestCaseMainPhase(CommonExecutor.java:65)
	at com.kms.katalon.core.main.TestSuiteExecutor.accessTestSuiteMainPhase(TestSuiteExecutor.java:148)
	at com.kms.katalon.core.main.TestSuiteExecutor.execute(TestSuiteExecutor.java:106)
	at com.kms.katalon.core.main.TestCaseMain.startTestSuite(TestCaseMain.java:187)
	at com.kms.katalon.core.main.TestCaseMain$startTestSuite$0.call(Unknown Source)
	at TempTestSuite1696418169597.run(TempTestSuite1696418169597.groovy:36)


2023-10-04 18:30:38 - [MESSAGE][ERROR] - Test Cases/Product Admin/TC-PA-034 FAILED.
Reason:
java.lang.IndexOutOfBoundsException: Index: 1, Size: 1
	at java_util_List$get$1.call(Unknown Source)
	at TC-PA-034.run(TC-PA-034:34)
	at com.kms.katalon.core.main.ScriptEngine.run(ScriptEngine.java:194)
	at com.kms.katalon.core.main.ScriptEngine.runScriptAsRawText(ScriptEngine.java:119)
	at com.kms.katalon.core.main.TestCaseExecutor.runScript(TestCaseExecutor.java:448)
	at com.kms.katalon.core.main.TestCaseExecutor.doExecute(TestCaseExecutor.java:439)
	at com.kms.katalon.core.main.TestCaseExecutor.processExecutionPhase(TestCaseExecutor.java:418)
	at com.kms.katalon.core.main.TestCaseExecutor.accessMainPhase(TestCaseExecutor.java:410)
	at com.kms.katalon.core.main.TestCaseExecutor.execute(TestCaseExecutor.java:285)
	at com.kms.katalon.core.common.CommonExecutor.accessTestCaseMainPhase(CommonExecutor.java:65)
	at com.kms.katalon.core.main.TestSuiteExecutor.accessTestSuiteMainPhase(TestSuiteExecutor.java:148)
	at com.kms.katalon.core.main.TestSuiteExecutor.execute(TestSuiteExecutor.java:106)
	at com.kms.katalon.core.main.TestCaseMain.startTestSuite(TestCaseMain.java:187)
	at com.kms.katalon.core.main.TestCaseMain$startTestSuite$0.call(Unknown Source)
	at TempTestSuite1696418169597.run(TempTestSuite1696418169597.groovy:36)]]></system-out>
         <system-err><![CDATA[2023-10-04 18:30:15 - [TEST_CASE][ERROR] - Test Cases/Product Admin/TC-PA-034: Test Cases/Product Admin/TC-PA-034 FAILED.
Reason:
java.lang.IndexOutOfBoundsException: Index: 1, Size: 1
	at java_util_List$get$1.call(Unknown Source)
	at TC-PA-034.run(TC-PA-034:34)
	at com.kms.katalon.core.main.ScriptEngine.run(ScriptEngine.java:194)
	at com.kms.katalon.core.main.ScriptEngine.runScriptAsRawText(ScriptEngine.java:119)
	at com.kms.katalon.core.main.TestCaseExecutor.runScript(TestCaseExecutor.java:448)
	at com.kms.katalon.core.main.TestCaseExecutor.doExecute(TestCaseExecutor.java:439)
	at com.kms.katalon.core.main.TestCaseExecutor.processExecutionPhase(TestCaseExecutor.java:418)
	at com.kms.katalon.core.main.TestCaseExecutor.accessMainPhase(TestCaseExecutor.java:410)
	at com.kms.katalon.core.main.TestCaseExecutor.execute(TestCaseExecutor.java:285)
	at com.kms.katalon.core.common.CommonExecutor.accessTestCaseMainPhase(CommonExecutor.java:65)
	at com.kms.katalon.core.main.TestSuiteExecutor.accessTestSuiteMainPhase(TestSuiteExecutor.java:148)
	at com.kms.katalon.core.main.TestSuiteExecutor.execute(TestSuiteExecutor.java:106)
	at com.kms.katalon.core.main.TestCaseMain.startTestSuite(TestCaseMain.java:187)
	at com.kms.katalon.core.main.TestCaseMain$startTestSuite$0.call(Unknown Source)
	at TempTestSuite1696418169597.run(TempTestSuite1696418169597.groovy:36)]]></system-err>
      </testcase>
      <testcase name="Test Cases/Product Admin/TC-PA-035" time="60.052" classname="Test Cases/Product Admin/TC-PA-035" status="FAILED">
         <failure type="FAILED" message="Test Cases/Product Admin/TC-PA-035 FAILED.
Reason:
com.kms.katalon.core.exception.StepFailedException: Unable to verify object 'Object Repository/Product Admin/TambahProduk/Keterangan/img via Link' is present
	at com.kms.katalon.core.webui.keyword.internal.WebUIKeywordMain.stepFailed(WebUIKeywordMain.groovy:64)
	at com.kms.katalon.core.webui.keyword.internal.WebUIKeywordMain.runKeyword(WebUIKeywordMain.groovy:26)
	at com.kms.katalon.core.webui.keyword.builtin.VerifyElementPresentKeyword.verifyElementPresent(VerifyElementPresentKeyword.groovy:92)
	at com.kms.katalon.core.webui.keyword.builtin.VerifyElementPresentKeyword.execute(VerifyElementPresentKeyword.groovy:68)
	at com.kms.katalon.core.keyword.internal.KeywordExecutor.executeKeywordForPlatform(KeywordExecutor.groovy:74)
	at com.kms.katalon.core.webui.keyword.WebUiBuiltInKeywords.verifyElementPresent(WebUiBuiltInKeywords.groovy:1464)
	at com.kms.katalon.core.webui.keyword.WebUiBuiltInKeywords$verifyElementPresent$1.call(Unknown Source)
	at TC-PA-035.run(TC-PA-035:35)
	at com.kms.katalon.core.main.ScriptEngine.run(ScriptEngine.java:194)
	at com.kms.katalon.core.main.ScriptEngine.runScriptAsRawText(ScriptEngine.java:119)
	at com.kms.katalon.core.main.TestCaseExecutor.runScript(TestCaseExecutor.java:448)
	at com.kms.katalon.core.main.TestCaseExecutor.doExecute(TestCaseExecutor.java:439)
	at com.kms.katalon.core.main.TestCaseExecutor.processExecutionPhase(TestCaseExecutor.java:418)
	at com.kms.katalon.core.main.TestCaseExecutor.accessMainPhase(TestCaseExecutor.java:410)
	at com.kms.katalon.core.main.TestCaseExecutor.execute(TestCaseExecutor.java:285)
	at com.kms.katalon.core.common.CommonExecutor.accessTestCaseMainPhase(CommonExecutor.java:65)
	at com.kms.katalon.core.main.TestSuiteExecutor.accessTestSuiteMainPhase(TestSuiteExecutor.java:148)
	at com.kms.katalon.core.main.TestSuiteExecutor.execute(TestSuiteExecutor.java:106)
	at com.kms.katalon.core.main.TestCaseMain.startTestSuite(TestCaseMain.java:187)
	at com.kms.katalon.core.main.TestCaseMain$startTestSuite$0.call(Unknown Source)
	at TempTestSuite1696418169597.run(TempTestSuite1696418169597.groovy:36)
Caused by: com.kms.katalon.core.exception.StepFailedException: com.kms.katalon.core.webui.exception.WebElementNotFoundException: Web element with id: 'Object Repository/Product Admin/TambahProduk/Keterangan/img via Link' located by '//img[contains(@src,'https://png.pngtree.com/png-clipart/20211228/ourlarge/pngtree-panci-ompreng-png-image_4137919.png')]' not found
	at com.kms.katalon.core.webui.keyword.internal.WebUIKeywordMain.stepFailed(WebUIKeywordMain.groovy:64)
	at com.kms.katalon.core.webui.keyword.builtin.VerifyElementPresentKeyword$_verifyElementPresent_closure1.doCall(VerifyElementPresentKeyword.groovy:85)
	at com.kms.katalon.core.webui.keyword.builtin.VerifyElementPresentKeyword$_verifyElementPresent_closure1.call(VerifyElementPresentKeyword.groovy)
	at com.kms.katalon.core.webui.keyword.internal.WebUIKeywordMain.runKeyword(WebUIKeywordMain.groovy:20)
	... 19 more
"/>
         <system-out><![CDATA[2023-10-04 18:30:38 - [TEST_CASE][FAILED] - Test Cases/Product Admin/TC-PA-035: Test Cases/Product Admin/TC-PA-035 FAILED.
Reason:
com.kms.katalon.core.exception.StepFailedException: Unable to verify object 'Object Repository/Product Admin/TambahProduk/Keterangan/img via Link' is present
	at com.kms.katalon.core.webui.keyword.internal.WebUIKeywordMain.stepFailed(WebUIKeywordMain.groovy:64)
	at com.kms.katalon.core.webui.keyword.internal.WebUIKeywordMain.runKeyword(WebUIKeywordMain.groovy:26)
	at com.kms.katalon.core.webui.keyword.builtin.VerifyElementPresentKeyword.verifyElementPresent(VerifyElementPresentKeyword.groovy:92)
	at com.kms.katalon.core.webui.keyword.builtin.VerifyElementPresentKeyword.execute(VerifyElementPresentKeyword.groovy:68)
	at com.kms.katalon.core.keyword.internal.KeywordExecutor.executeKeywordForPlatform(KeywordExecutor.groovy:74)
	at com.kms.katalon.core.webui.keyword.WebUiBuiltInKeywords.verifyElementPresent(WebUiBuiltInKeywords.groovy:1464)
	at com.kms.katalon.core.webui.keyword.WebUiBuiltInKeywords$verifyElementPresent$1.call(Unknown Source)
	at TC-PA-035.run(TC-PA-035:35)
	at com.kms.katalon.core.main.ScriptEngine.run(ScriptEngine.java:194)
	at com.kms.katalon.core.main.ScriptEngine.runScriptAsRawText(ScriptEngine.java:119)
	at com.kms.katalon.core.main.TestCaseExecutor.runScript(TestCaseExecutor.java:448)
	at com.kms.katalon.core.main.TestCaseExecutor.doExecute(TestCaseExecutor.java:439)
	at com.kms.katalon.core.main.TestCaseExecutor.processExecutionPhase(TestCaseExecutor.java:418)
	at com.kms.katalon.core.main.TestCaseExecutor.accessMainPhase(TestCaseExecutor.java:410)
	at com.kms.katalon.core.main.TestCaseExecutor.execute(TestCaseExecutor.java:285)
	at com.kms.katalon.core.common.CommonExecutor.accessTestCaseMainPhase(CommonExecutor.java:65)
	at com.kms.katalon.core.main.TestSuiteExecutor.accessTestSuiteMainPhase(TestSuiteExecutor.java:148)
	at com.kms.katalon.core.main.TestSuiteExecutor.execute(TestSuiteExecutor.java:106)
	at com.kms.katalon.core.main.TestCaseMain.startTestSuite(TestCaseMain.java:187)
	at com.kms.katalon.core.main.TestCaseMain$startTestSuite$0.call(Unknown Source)
	at TempTestSuite1696418169597.run(TempTestSuite1696418169597.groovy:36)
Caused by: com.kms.katalon.core.exception.StepFailedException: com.kms.katalon.core.webui.exception.WebElementNotFoundException: Web element with id: 'Object Repository/Product Admin/TambahProduk/Keterangan/img via Link' located by '//img[contains(@src,'https://png.pngtree.com/png-clipart/20211228/ourlarge/pngtree-panci-ompreng-png-image_4137919.png')]' not found
	at com.kms.katalon.core.webui.keyword.internal.WebUIKeywordMain.stepFailed(WebUIKeywordMain.groovy:64)
	at com.kms.katalon.core.webui.keyword.builtin.VerifyElementPresentKeyword$_verifyElementPresent_closure1.doCall(VerifyElementPresentKeyword.groovy:85)
	at com.kms.katalon.core.webui.keyword.builtin.VerifyElementPresentKeyword$_verifyElementPresent_closure1.call(VerifyElementPresentKeyword.groovy)
	at com.kms.katalon.core.webui.keyword.internal.WebUIKeywordMain.runKeyword(WebUIKeywordMain.groovy:20)
	... 19 more


2023-10-04 18:30:39 - [TEST_STEP][PASSED] - callTestCase(findTestCase("Product Admin/TC-PA-001"), [:], STOP_ON_FAILURE): Call Test Case 'Test Cases/Product Admin/TC-PA-001' successfully

2023-10-04 18:30:39 - [TEST_CASE][PASSED] - Test Cases/Product Admin/TC-PA-001: Test Cases/Product Admin/TC-PA-001

2023-10-04 18:30:39 - [TEST_STEP][PASSED] - callTestCase(findTestCase("Login Admin/TC-Login Admin-001"), [:], STOP_ON_FAILURE): Call Test Case 'Test Cases/Login Admin/TC-Login Admin-001' successfully

2023-10-04 18:30:39 - [TEST_CASE][PASSED] - Test Cases/Login Admin/TC-Login Admin-001: Test Cases/Login Admin/TC-Login Admin-001

2023-10-04 18:30:39 - [TEST_STEP][PASSED] - openBrowser(adminTajalapak): Browser is opened with url: 'https://10.9.2.63/ecommerce/administrator'

2023-10-04 18:30:39 - [MESSAGE][WARNING] - A browser is already opened. Closing browser and opening a new one

2023-10-04 18:30:40 - [MESSAGE][INFO] - Starting 'Edge Chromium' driver

2023-10-04 18:30:40 - [MESSAGE][INFO] - User set preference: ['acceptInsecureCerts', 'true']

2023-10-04 18:30:40 - [MESSAGE][INFO] - Action delay is set to 0 milliseconds

2023-10-04 18:30:43 - [MESSAGE][PASSED] - Browser is opened with url: 'https://10.9.2.63/ecommerce/administrator'

2023-10-04 18:30:43 - [TEST_STEP][PASSED] - maximizeWindow(): Current window maximized

2023-10-04 18:30:43 - [MESSAGE][PASSED] - Current window maximized

2023-10-04 18:30:43 - [TEST_STEP][PASSED] - verifyElementPresent(findTestObject("Login Admin/Verifikasi Halaman Administrator"), 0): Object 'Object Repository/Login Admin/Verifikasi Halaman Administrator' is present

2023-10-04 18:30:43 - [MESSAGE][WARNING] - Timeout '0' is invalid. Using default page load timeout: '30'

2023-10-04 18:30:43 - [MESSAGE][PASSED] - Object 'Object Repository/Login Admin/Verifikasi Halaman Administrator' is present

2023-10-04 18:30:43 - [TEST_STEP][PASSED] - setText(findTestObject("Login Admin/Input Username Admin"), "admin"): Text 'admin' is set on object 'Object Repository/Login Admin/Input Username Admin'

2023-10-04 18:30:44 - [MESSAGE][PASSED] - Text 'admin' is set on object 'Object Repository/Login Admin/Input Username Admin'

2023-10-04 18:30:44 - [TEST_STEP][PASSED] - setEncryptedText(findTestObject("Login Admin/Input Password Admin"), "374mkdZ/lqyNS21oH+MJZQ=="): Text ****** has been set on object 'Object Repository/Login Admin/Input Password Admin'

2023-10-04 18:30:45 - [MESSAGE][PASSED] - Text ****** has been set on object 'Object Repository/Login Admin/Input Password Admin'

2023-10-04 18:30:45 - [TEST_STEP][PASSED] - delay(10): Delayed 10 second(s)

2023-10-04 18:30:55 - [MESSAGE][PASSED] - Delayed 10 second(s)

2023-10-04 18:30:55 - [TEST_STEP][PASSED] - click(findTestObject("Login Admin/Botton Sign In")): Object: 'Object Repository/Login Admin/Botton Sign In' is clicked on

2023-10-04 18:30:55 - [MESSAGE][PASSED] - Object: 'Object Repository/Login Admin/Botton Sign In' is clicked on

2023-10-04 18:30:55 - [TEST_STEP][PASSED] - verifyElementPresent(findTestObject("Login Admin/Verifikasi Halaman Login Admin"), 0): Object 'Object Repository/Login Admin/Verifikasi Halaman Login Admin' is present

2023-10-04 18:30:55 - [MESSAGE][WARNING] - Timeout '0' is invalid. Using default page load timeout: '30'

2023-10-04 18:30:57 - [MESSAGE][PASSED] - Object 'Object Repository/Login Admin/Verifikasi Halaman Login Admin' is present

2023-10-04 18:30:57 - [MESSAGE][PASSED] - Call Test Case 'Test Cases/Login Admin/TC-Login Admin-001' successfully

2023-10-04 18:30:57 - [TEST_STEP][PASSED] - click(findTestObject("Product Admin/Master Market")): Object: 'Object Repository/Product Admin/Master Market' is clicked on

2023-10-04 18:30:57 - [MESSAGE][PASSED] - Object: 'Object Repository/Product Admin/Master Market' is clicked on

2023-10-04 18:30:57 - [TEST_STEP][PASSED] - click(findTestObject("Product Admin/Produk Admin")): Object: 'Object Repository/Product Admin/Produk Admin' is clicked on

2023-10-04 18:30:58 - [MESSAGE][PASSED] - Object: 'Object Repository/Product Admin/Produk Admin' is clicked on

2023-10-04 18:30:58 - [TEST_STEP][PASSED] - verifyElementPresent(findTestObject("Product Admin/Veridikasi Halaman Semua Produk"), 0): Object 'Object Repository/Product Admin/Veridikasi Halaman Semua Produk' is present

2023-10-04 18:30:59 - [MESSAGE][WARNING] - Timeout '0' is invalid. Using default page load timeout: '30'

2023-10-04 18:30:59 - [MESSAGE][PASSED] - Object 'Object Repository/Product Admin/Veridikasi Halaman Semua Produk' is present

2023-10-04 18:30:59 - [MESSAGE][PASSED] - Call Test Case 'Test Cases/Product Admin/TC-PA-001' successfully

2023-10-04 18:30:59 - [TEST_STEP][PASSED] - click(findTestObject("Product Admin/Button Edit Product Fleksibel")): Object: 'Object Repository/Product Admin/Button Edit Product Fleksibel' is clicked on

2023-10-04 18:31:00 - [MESSAGE][PASSED] - Object: 'Object Repository/Product Admin/Button Edit Product Fleksibel' is clicked on

2023-10-04 18:31:00 - [TEST_STEP][PASSED] - verifyElementPresent(findTestObject("Product Admin/TambahProduk/Verifikasi Halaman Product Baru"), 0): Object 'Object Repository/Product Admin/TambahProduk/Verifikasi Halaman Product Baru' is present

2023-10-04 18:31:00 - [MESSAGE][WARNING] - Timeout '0' is invalid. Using default page load timeout: '30'

2023-10-04 18:31:00 - [MESSAGE][PASSED] - Object 'Object Repository/Product Admin/TambahProduk/Verifikasi Halaman Product Baru' is present

2023-10-04 18:31:00 - [TEST_STEP][PASSED] - click(findTestObject("Product Admin/TambahProduk/Keterangan/Button Upload Gambar Keterangan")): Object: 'Object Repository/Product Admin/TambahProduk/Keterangan/Button Upload Gambar Keterangan' is clicked on

2023-10-04 18:31:01 - [MESSAGE][PASSED] - Object: 'Object Repository/Product Admin/TambahProduk/Keterangan/Button Upload Gambar Keterangan' is clicked on

2023-10-04 18:31:01 - [TEST_STEP][PASSED] - verifyElementPresent(findTestObject("Product Admin/TambahProduk/Keterangan/Verify Halaman Insert Image Keterangan"), 0): Object 'Object Repository/Product Admin/TambahProduk/Keterangan/Verify Halaman Insert Image Keterangan' is present

2023-10-04 18:31:01 - [MESSAGE][WARNING] - Timeout '0' is invalid. Using default page load timeout: '30'

2023-10-04 18:31:02 - [MESSAGE][PASSED] - Object 'Object Repository/Product Admin/TambahProduk/Keterangan/Verify Halaman Insert Image Keterangan' is present

2023-10-04 18:31:02 - [TEST_STEP][PASSED] - uploadFile(findTestObject("Product Admin/TambahProduk/Keterangan/Input File Gambar Keterangan"), "E:\Pelatihan\Xsis Academy\panci.jpg"): File 'E:\Pelatihan\Xsis Academy\panci.jpg' sent to object: 'Object Repository/Product Admin/TambahProduk/Keterangan/Input File Gambar Keterangan'

2023-10-04 18:31:02 - [MESSAGE][PASSED] - File 'E:\Pelatihan\Xsis Academy\panci.jpg' sent to object: 'Object Repository/Product Admin/TambahProduk/Keterangan/Input File Gambar Keterangan'

2023-10-04 18:31:02 - [TEST_STEP][PASSED] - delay(5): Delayed 5 second(s)

2023-10-04 18:31:07 - [MESSAGE][PASSED] - Delayed 5 second(s)

2023-10-04 18:31:07 - [TEST_STEP][FAILED] - verifyElementPresent(findTestObject("Product Admin/TambahProduk/Keterangan/img via Link"), 0): Unable to verify object 'Object Repository/Product Admin/TambahProduk/Keterangan/img via Link' is present (Root cause: com.kms.katalon.core.exception.StepFailedException: Unable to verify object 'Object Repository/Product Admin/TambahProduk/Keterangan/img via Link' is present
	at com.kms.katalon.core.webui.keyword.internal.WebUIKeywordMain.stepFailed(WebUIKeywordMain.groovy:64)
	at com.kms.katalon.core.webui.keyword.internal.WebUIKeywordMain.runKeyword(WebUIKeywordMain.groovy:26)
	at com.kms.katalon.core.webui.keyword.builtin.VerifyElementPresentKeyword.verifyElementPresent(VerifyElementPresentKeyword.groovy:92)
	at com.kms.katalon.core.webui.keyword.builtin.VerifyElementPresentKeyword.execute(VerifyElementPresentKeyword.groovy:68)
	at com.kms.katalon.core.keyword.internal.KeywordExecutor.executeKeywordForPlatform(KeywordExecutor.groovy:74)
	at com.kms.katalon.core.webui.keyword.WebUiBuiltInKeywords.verifyElementPresent(WebUiBuiltInKeywords.groovy:1464)
	at com.kms.katalon.core.webui.keyword.WebUiBuiltInKeywords$verifyElementPresent$1.call(Unknown Source)
	at TC-PA-035.run(TC-PA-035:35)
	at com.kms.katalon.core.main.ScriptEngine.run(ScriptEngine.java:194)
	at com.kms.katalon.core.main.ScriptEngine.runScriptAsRawText(ScriptEngine.java:119)
	at com.kms.katalon.core.main.TestCaseExecutor.runScript(TestCaseExecutor.java:448)
	at com.kms.katalon.core.main.TestCaseExecutor.doExecute(TestCaseExecutor.java:439)
	at com.kms.katalon.core.main.TestCaseExecutor.processExecutionPhase(TestCaseExecutor.java:418)
	at com.kms.katalon.core.main.TestCaseExecutor.accessMainPhase(TestCaseExecutor.java:410)
	at com.kms.katalon.core.main.TestCaseExecutor.execute(TestCaseExecutor.java:285)
	at com.kms.katalon.core.common.CommonExecutor.accessTestCaseMainPhase(CommonExecutor.java:65)
	at com.kms.katalon.core.main.TestSuiteExecutor.accessTestSuiteMainPhase(TestSuiteExecutor.java:148)
	at com.kms.katalon.core.main.TestSuiteExecutor.execute(TestSuiteExecutor.java:106)
	at com.kms.katalon.core.main.TestCaseMain.startTestSuite(TestCaseMain.java:187)
	at com.kms.katalon.core.main.TestCaseMain$startTestSuite$0.call(Unknown Source)
	at TempTestSuite1696418169597.run(TempTestSuite1696418169597.groovy:36)
Caused by: com.kms.katalon.core.exception.StepFailedException: com.kms.katalon.core.webui.exception.WebElementNotFoundException: Web element with id: 'Object Repository/Product Admin/TambahProduk/Keterangan/img via Link' located by '//img[contains(@src,'https://png.pngtree.com/png-clipart/20211228/ourlarge/pngtree-panci-ompreng-png-image_4137919.png')]' not found
	at com.kms.katalon.core.webui.keyword.internal.WebUIKeywordMain.stepFailed(WebUIKeywordMain.groovy:64)
	at com.kms.katalon.core.webui.keyword.builtin.VerifyElementPresentKeyword$_verifyElementPresent_closure1.doCall(VerifyElementPresentKeyword.groovy:85)
	at com.kms.katalon.core.webui.keyword.builtin.VerifyElementPresentKeyword$_verifyElementPresent_closure1.call(VerifyElementPresentKeyword.groovy)
	at com.kms.katalon.core.webui.keyword.internal.WebUIKeywordMain.runKeyword(WebUIKeywordMain.groovy:20)
	... 19 more
)

2023-10-04 18:31:07 - [MESSAGE][WARNING] - Timeout '0' is invalid. Using default page load timeout: '30'

2023-10-04 18:31:38 - [MESSAGE][INFO] - Unable to find the element located by 'By.xpath: //img[contains(@src,'https://png.pngtree.com/png-clipart/20211228/ourlarge/pngtree-panci-ompreng-png-image_4137919.png')]'. Please recheck the objects properties to make sure the desired element is located. 

2023-10-04 18:31:38 - [MESSAGE][FAILED] - com.kms.katalon.core.webui.exception.WebElementNotFoundException: Web element with id: 'Object Repository/Product Admin/TambahProduk/Keterangan/img via Link' located by '//img[contains(@src,'https://png.pngtree.com/png-clipart/20211228/ourlarge/pngtree-panci-ompreng-png-image_4137919.png')]' not found (Root cause: com.kms.katalon.core.exception.StepFailedException: com.kms.katalon.core.webui.exception.WebElementNotFoundException: Web element with id: 'Object Repository/Product Admin/TambahProduk/Keterangan/img via Link' located by '//img[contains(@src,'https://png.pngtree.com/png-clipart/20211228/ourlarge/pngtree-panci-ompreng-png-image_4137919.png')]' not found
	at com.kms.katalon.core.webui.keyword.internal.WebUIKeywordMain.stepFailed(WebUIKeywordMain.groovy:64)
	at com.kms.katalon.core.webui.keyword.builtin.VerifyElementPresentKeyword$_verifyElementPresent_closure1.doCall(VerifyElementPresentKeyword.groovy:85)
	at com.kms.katalon.core.webui.keyword.builtin.VerifyElementPresentKeyword$_verifyElementPresent_closure1.call(VerifyElementPresentKeyword.groovy)
	at com.kms.katalon.core.webui.keyword.internal.WebUIKeywordMain.runKeyword(WebUIKeywordMain.groovy:20)
	at com.kms.katalon.core.webui.keyword.builtin.VerifyElementPresentKeyword.verifyElementPresent(VerifyElementPresentKeyword.groovy:92)
	at com.kms.katalon.core.webui.keyword.builtin.VerifyElementPresentKeyword.execute(VerifyElementPresentKeyword.groovy:68)
	at com.kms.katalon.core.keyword.internal.KeywordExecutor.executeKeywordForPlatform(KeywordExecutor.groovy:74)
	at com.kms.katalon.core.webui.keyword.WebUiBuiltInKeywords.verifyElementPresent(WebUiBuiltInKeywords.groovy:1464)
	at com.kms.katalon.core.webui.keyword.WebUiBuiltInKeywords$verifyElementPresent$1.call(Unknown Source)
	at TC-PA-035.run(TC-PA-035:35)
	at com.kms.katalon.core.main.ScriptEngine.run(ScriptEngine.java:194)
	at com.kms.katalon.core.main.ScriptEngine.runScriptAsRawText(ScriptEngine.java:119)
	at com.kms.katalon.core.main.TestCaseExecutor.runScript(TestCaseExecutor.java:448)
	at com.kms.katalon.core.main.TestCaseExecutor.doExecute(TestCaseExecutor.java:439)
	at com.kms.katalon.core.main.TestCaseExecutor.processExecutionPhase(TestCaseExecutor.java:418)
	at com.kms.katalon.core.main.TestCaseExecutor.accessMainPhase(TestCaseExecutor.java:410)
	at com.kms.katalon.core.main.TestCaseExecutor.execute(TestCaseExecutor.java:285)
	at com.kms.katalon.core.common.CommonExecutor.accessTestCaseMainPhase(CommonExecutor.java:65)
	at com.kms.katalon.core.main.TestSuiteExecutor.accessTestSuiteMainPhase(TestSuiteExecutor.java:148)
	at com.kms.katalon.core.main.TestSuiteExecutor.execute(TestSuiteExecutor.java:106)
	at com.kms.katalon.core.main.TestCaseMain.startTestSuite(TestCaseMain.java:187)
	at com.kms.katalon.core.main.TestCaseMain$startTestSuite$0.call(Unknown Source)
	at TempTestSuite1696418169597.run(TempTestSuite1696418169597.groovy:36)
)
[[ATTACHMENT|G:\\Project Xsis\\batch-324-qa\\Riswan\\Sprint 2 Product Tajalapak\\Reports\\20231004_181609\\Product Admin\\20231004_181609\\1696419098631.png]]

2023-10-04 18:31:38 - [MESSAGE][FAILED] - Unable to verify object 'Object Repository/Product Admin/TambahProduk/Keterangan/img via Link' is present (Root cause: com.kms.katalon.core.exception.StepFailedException: Unable to verify object 'Object Repository/Product Admin/TambahProduk/Keterangan/img via Link' is present
	at com.kms.katalon.core.webui.keyword.internal.WebUIKeywordMain.stepFailed(WebUIKeywordMain.groovy:64)
	at com.kms.katalon.core.webui.keyword.internal.WebUIKeywordMain.runKeyword(WebUIKeywordMain.groovy:26)
	at com.kms.katalon.core.webui.keyword.builtin.VerifyElementPresentKeyword.verifyElementPresent(VerifyElementPresentKeyword.groovy:92)
	at com.kms.katalon.core.webui.keyword.builtin.VerifyElementPresentKeyword.execute(VerifyElementPresentKeyword.groovy:68)
	at com.kms.katalon.core.keyword.internal.KeywordExecutor.executeKeywordForPlatform(KeywordExecutor.groovy:74)
	at com.kms.katalon.core.webui.keyword.WebUiBuiltInKeywords.verifyElementPresent(WebUiBuiltInKeywords.groovy:1464)
	at com.kms.katalon.core.webui.keyword.WebUiBuiltInKeywords$verifyElementPresent$1.call(Unknown Source)
	at TC-PA-035.run(TC-PA-035:35)
	at com.kms.katalon.core.main.ScriptEngine.run(ScriptEngine.java:194)
	at com.kms.katalon.core.main.ScriptEngine.runScriptAsRawText(ScriptEngine.java:119)
	at com.kms.katalon.core.main.TestCaseExecutor.runScript(TestCaseExecutor.java:448)
	at com.kms.katalon.core.main.TestCaseExecutor.doExecute(TestCaseExecutor.java:439)
	at com.kms.katalon.core.main.TestCaseExecutor.processExecutionPhase(TestCaseExecutor.java:418)
	at com.kms.katalon.core.main.TestCaseExecutor.accessMainPhase(TestCaseExecutor.java:410)
	at com.kms.katalon.core.main.TestCaseExecutor.execute(TestCaseExecutor.java:285)
	at com.kms.katalon.core.common.CommonExecutor.accessTestCaseMainPhase(CommonExecutor.java:65)
	at com.kms.katalon.core.main.TestSuiteExecutor.accessTestSuiteMainPhase(TestSuiteExecutor.java:148)
	at com.kms.katalon.core.main.TestSuiteExecutor.execute(TestSuiteExecutor.java:106)
	at com.kms.katalon.core.main.TestCaseMain.startTestSuite(TestCaseMain.java:187)
	at com.kms.katalon.core.main.TestCaseMain$startTestSuite$0.call(Unknown Source)
	at TempTestSuite1696418169597.run(TempTestSuite1696418169597.groovy:36)
Caused by: com.kms.katalon.core.exception.StepFailedException: com.kms.katalon.core.webui.exception.WebElementNotFoundException: Web element with id: 'Object Repository/Product Admin/TambahProduk/Keterangan/img via Link' located by '//img[contains(@src,'https://png.pngtree.com/png-clipart/20211228/ourlarge/pngtree-panci-ompreng-png-image_4137919.png')]' not found
	at com.kms.katalon.core.webui.keyword.internal.WebUIKeywordMain.stepFailed(WebUIKeywordMain.groovy:64)
	at com.kms.katalon.core.webui.keyword.builtin.VerifyElementPresentKeyword$_verifyElementPresent_closure1.doCall(VerifyElementPresentKeyword.groovy:85)
	at com.kms.katalon.core.webui.keyword.builtin.VerifyElementPresentKeyword$_verifyElementPresent_closure1.call(VerifyElementPresentKeyword.groovy)
	at com.kms.katalon.core.webui.keyword.internal.WebUIKeywordMain.runKeyword(WebUIKeywordMain.groovy:20)
	... 19 more
)
[[ATTACHMENT|G:\\Project Xsis\\batch-324-qa\\Riswan\\Sprint 2 Product Tajalapak\\Reports\\20231004_181609\\Product Admin\\20231004_181609\\1696419098789.png]]]]></system-out>
         <system-err><![CDATA[2023-10-04 18:30:38 - [TEST_CASE][FAILED] - Test Cases/Product Admin/TC-PA-035: Test Cases/Product Admin/TC-PA-035 FAILED.
Reason:
com.kms.katalon.core.exception.StepFailedException: Unable to verify object 'Object Repository/Product Admin/TambahProduk/Keterangan/img via Link' is present
	at com.kms.katalon.core.webui.keyword.internal.WebUIKeywordMain.stepFailed(WebUIKeywordMain.groovy:64)
	at com.kms.katalon.core.webui.keyword.internal.WebUIKeywordMain.runKeyword(WebUIKeywordMain.groovy:26)
	at com.kms.katalon.core.webui.keyword.builtin.VerifyElementPresentKeyword.verifyElementPresent(VerifyElementPresentKeyword.groovy:92)
	at com.kms.katalon.core.webui.keyword.builtin.VerifyElementPresentKeyword.execute(VerifyElementPresentKeyword.groovy:68)
	at com.kms.katalon.core.keyword.internal.KeywordExecutor.executeKeywordForPlatform(KeywordExecutor.groovy:74)
	at com.kms.katalon.core.webui.keyword.WebUiBuiltInKeywords.verifyElementPresent(WebUiBuiltInKeywords.groovy:1464)
	at com.kms.katalon.core.webui.keyword.WebUiBuiltInKeywords$verifyElementPresent$1.call(Unknown Source)
	at TC-PA-035.run(TC-PA-035:35)
	at com.kms.katalon.core.main.ScriptEngine.run(ScriptEngine.java:194)
	at com.kms.katalon.core.main.ScriptEngine.runScriptAsRawText(ScriptEngine.java:119)
	at com.kms.katalon.core.main.TestCaseExecutor.runScript(TestCaseExecutor.java:448)
	at com.kms.katalon.core.main.TestCaseExecutor.doExecute(TestCaseExecutor.java:439)
	at com.kms.katalon.core.main.TestCaseExecutor.processExecutionPhase(TestCaseExecutor.java:418)
	at com.kms.katalon.core.main.TestCaseExecutor.accessMainPhase(TestCaseExecutor.java:410)
	at com.kms.katalon.core.main.TestCaseExecutor.execute(TestCaseExecutor.java:285)
	at com.kms.katalon.core.common.CommonExecutor.accessTestCaseMainPhase(CommonExecutor.java:65)
	at com.kms.katalon.core.main.TestSuiteExecutor.accessTestSuiteMainPhase(TestSuiteExecutor.java:148)
	at com.kms.katalon.core.main.TestSuiteExecutor.execute(TestSuiteExecutor.java:106)
	at com.kms.katalon.core.main.TestCaseMain.startTestSuite(TestCaseMain.java:187)
	at com.kms.katalon.core.main.TestCaseMain$startTestSuite$0.call(Unknown Source)
	at TempTestSuite1696418169597.run(TempTestSuite1696418169597.groovy:36)
Caused by: com.kms.katalon.core.exception.StepFailedException: com.kms.katalon.core.webui.exception.WebElementNotFoundException: Web element with id: 'Object Repository/Product Admin/TambahProduk/Keterangan/img via Link' located by '//img[contains(@src,'https://png.pngtree.com/png-clipart/20211228/ourlarge/pngtree-panci-ompreng-png-image_4137919.png')]' not found
	at com.kms.katalon.core.webui.keyword.internal.WebUIKeywordMain.stepFailed(WebUIKeywordMain.groovy:64)
	at com.kms.katalon.core.webui.keyword.builtin.VerifyElementPresentKeyword$_verifyElementPresent_closure1.doCall(VerifyElementPresentKeyword.groovy:85)
	at com.kms.katalon.core.webui.keyword.builtin.VerifyElementPresentKeyword$_verifyElementPresent_closure1.call(VerifyElementPresentKeyword.groovy)
	at com.kms.katalon.core.webui.keyword.internal.WebUIKeywordMain.runKeyword(WebUIKeywordMain.groovy:20)
	... 19 more]]></system-err>
      </testcase>
      <testcase name="Test Cases/Product Admin/TC-PA-036" time="26.109" classname="Test Cases/Product Admin/TC-PA-036" status="PASSED">
         <system-out><![CDATA[2023-10-04 18:31:38 - [TEST_CASE][PASSED] - Test Cases/Product Admin/TC-PA-036: Test Cases/Product Admin/TC-PA-036

2023-10-04 18:31:39 - [TEST_STEP][PASSED] - callTestCase(findTestCase("Product Admin/TC-PA-001"), [:], STOP_ON_FAILURE): Call Test Case 'Test Cases/Product Admin/TC-PA-001' successfully

2023-10-04 18:31:39 - [TEST_CASE][PASSED] - Test Cases/Product Admin/TC-PA-001: Test Cases/Product Admin/TC-PA-001

2023-10-04 18:31:39 - [TEST_STEP][PASSED] - callTestCase(findTestCase("Login Admin/TC-Login Admin-001"), [:], STOP_ON_FAILURE): Call Test Case 'Test Cases/Login Admin/TC-Login Admin-001' successfully

2023-10-04 18:31:39 - [TEST_CASE][PASSED] - Test Cases/Login Admin/TC-Login Admin-001: Test Cases/Login Admin/TC-Login Admin-001

2023-10-04 18:31:39 - [TEST_STEP][PASSED] - openBrowser(adminTajalapak): Browser is opened with url: 'https://10.9.2.63/ecommerce/administrator'

2023-10-04 18:31:39 - [MESSAGE][WARNING] - A browser is already opened. Closing browser and opening a new one

2023-10-04 18:31:40 - [MESSAGE][INFO] - Starting 'Edge Chromium' driver

2023-10-04 18:31:40 - [MESSAGE][INFO] - User set preference: ['acceptInsecureCerts', 'true']

2023-10-04 18:31:40 - [MESSAGE][INFO] - Action delay is set to 0 milliseconds

2023-10-04 18:31:43 - [MESSAGE][PASSED] - Browser is opened with url: 'https://10.9.2.63/ecommerce/administrator'

2023-10-04 18:31:43 - [TEST_STEP][PASSED] - maximizeWindow(): Current window maximized

2023-10-04 18:31:43 - [MESSAGE][PASSED] - Current window maximized

2023-10-04 18:31:43 - [TEST_STEP][PASSED] - verifyElementPresent(findTestObject("Login Admin/Verifikasi Halaman Administrator"), 0): Object 'Object Repository/Login Admin/Verifikasi Halaman Administrator' is present

2023-10-04 18:31:44 - [MESSAGE][WARNING] - Timeout '0' is invalid. Using default page load timeout: '30'

2023-10-04 18:31:44 - [MESSAGE][PASSED] - Object 'Object Repository/Login Admin/Verifikasi Halaman Administrator' is present

2023-10-04 18:31:44 - [TEST_STEP][PASSED] - setText(findTestObject("Login Admin/Input Username Admin"), "admin"): Text 'admin' is set on object 'Object Repository/Login Admin/Input Username Admin'

2023-10-04 18:31:45 - [MESSAGE][PASSED] - Text 'admin' is set on object 'Object Repository/Login Admin/Input Username Admin'

2023-10-04 18:31:45 - [TEST_STEP][PASSED] - setEncryptedText(findTestObject("Login Admin/Input Password Admin"), "374mkdZ/lqyNS21oH+MJZQ=="): Text ****** has been set on object 'Object Repository/Login Admin/Input Password Admin'

2023-10-04 18:31:45 - [MESSAGE][PASSED] - Text ****** has been set on object 'Object Repository/Login Admin/Input Password Admin'

2023-10-04 18:31:45 - [TEST_STEP][PASSED] - delay(10): Delayed 10 second(s)

2023-10-04 18:31:55 - [MESSAGE][PASSED] - Delayed 10 second(s)

2023-10-04 18:31:55 - [TEST_STEP][PASSED] - click(findTestObject("Login Admin/Botton Sign In")): Object: 'Object Repository/Login Admin/Botton Sign In' is clicked on

2023-10-04 18:31:57 - [MESSAGE][PASSED] - Object: 'Object Repository/Login Admin/Botton Sign In' is clicked on

2023-10-04 18:31:57 - [TEST_STEP][PASSED] - verifyElementPresent(findTestObject("Login Admin/Verifikasi Halaman Login Admin"), 0): Object 'Object Repository/Login Admin/Verifikasi Halaman Login Admin' is present

2023-10-04 18:31:57 - [MESSAGE][WARNING] - Timeout '0' is invalid. Using default page load timeout: '30'

2023-10-04 18:31:58 - [MESSAGE][PASSED] - Object 'Object Repository/Login Admin/Verifikasi Halaman Login Admin' is present

2023-10-04 18:31:58 - [MESSAGE][PASSED] - Call Test Case 'Test Cases/Login Admin/TC-Login Admin-001' successfully

2023-10-04 18:31:58 - [TEST_STEP][PASSED] - click(findTestObject("Product Admin/Master Market")): Object: 'Object Repository/Product Admin/Master Market' is clicked on

2023-10-04 18:31:58 - [MESSAGE][PASSED] - Object: 'Object Repository/Product Admin/Master Market' is clicked on

2023-10-04 18:31:58 - [TEST_STEP][PASSED] - click(findTestObject("Product Admin/Produk Admin")): Object: 'Object Repository/Product Admin/Produk Admin' is clicked on

2023-10-04 18:32:00 - [MESSAGE][PASSED] - Object: 'Object Repository/Product Admin/Produk Admin' is clicked on

2023-10-04 18:32:00 - [TEST_STEP][PASSED] - verifyElementPresent(findTestObject("Product Admin/Veridikasi Halaman Semua Produk"), 0): Object 'Object Repository/Product Admin/Veridikasi Halaman Semua Produk' is present

2023-10-04 18:32:00 - [MESSAGE][WARNING] - Timeout '0' is invalid. Using default page load timeout: '30'

2023-10-04 18:32:00 - [MESSAGE][PASSED] - Object 'Object Repository/Product Admin/Veridikasi Halaman Semua Produk' is present

2023-10-04 18:32:00 - [MESSAGE][PASSED] - Call Test Case 'Test Cases/Product Admin/TC-PA-001' successfully

2023-10-04 18:32:00 - [TEST_STEP][PASSED] - click(findTestObject("Product Admin/Button Edit Product Fleksibel")): Object: 'Object Repository/Product Admin/Button Edit Product Fleksibel' is clicked on

2023-10-04 18:32:01 - [MESSAGE][PASSED] - Object: 'Object Repository/Product Admin/Button Edit Product Fleksibel' is clicked on

2023-10-04 18:32:01 - [TEST_STEP][PASSED] - verifyElementPresent(findTestObject("Product Admin/TambahProduk/Verifikasi Halaman Product Baru"), 0): Object 'Object Repository/Product Admin/TambahProduk/Verifikasi Halaman Product Baru' is present

2023-10-04 18:32:01 - [MESSAGE][WARNING] - Timeout '0' is invalid. Using default page load timeout: '30'

2023-10-04 18:32:02 - [MESSAGE][PASSED] - Object 'Object Repository/Product Admin/TambahProduk/Verifikasi Halaman Product Baru' is present

2023-10-04 18:32:02 - [TEST_STEP][PASSED] - click(findTestObject("Product Admin/TambahProduk/Keterangan/Button Upload Gambar Keterangan")): Object: 'Object Repository/Product Admin/TambahProduk/Keterangan/Button Upload Gambar Keterangan' is clicked on

2023-10-04 18:32:02 - [MESSAGE][PASSED] - Object: 'Object Repository/Product Admin/TambahProduk/Keterangan/Button Upload Gambar Keterangan' is clicked on

2023-10-04 18:32:02 - [TEST_STEP][PASSED] - verifyElementPresent(findTestObject("Product Admin/TambahProduk/Keterangan/Verify Halaman Insert Image Keterangan"), 0): Object 'Object Repository/Product Admin/TambahProduk/Keterangan/Verify Halaman Insert Image Keterangan' is present

2023-10-04 18:32:02 - [MESSAGE][WARNING] - Timeout '0' is invalid. Using default page load timeout: '30'

2023-10-04 18:32:03 - [MESSAGE][PASSED] - Object 'Object Repository/Product Admin/TambahProduk/Keterangan/Verify Halaman Insert Image Keterangan' is present

2023-10-04 18:32:03 - [TEST_STEP][PASSED] - setText(findTestObject("Product Admin/TambahProduk/Keterangan/Input Link Image"), "https://png.pngtree.com/png-clipart/20211228/ourlarge/pngtree-panci-ompreng-png-image_4137919.png"): Text 'https://png.pngtree.com/png-clipart/20211228/ourlarge/pngtree-panci-ompreng-png-image_4137919.png' is set on object 'Object Repository/Product Admin/TambahProduk/Keterangan/Input Link Image'

2023-10-04 18:32:04 - [MESSAGE][PASSED] - Text 'https://png.pngtree.com/png-clipart/20211228/ourlarge/pngtree-panci-ompreng-png-image_4137919.png' is set on object 'Object Repository/Product Admin/TambahProduk/Keterangan/Input Link Image'

2023-10-04 18:32:04 - [TEST_STEP][PASSED] - click(findTestObject("Product Admin/TambahProduk/Keterangan/Button Insert Image")): Object: 'Object Repository/Product Admin/TambahProduk/Keterangan/Button Insert Image' is clicked on

2023-10-04 18:32:04 - [MESSAGE][PASSED] - Object: 'Object Repository/Product Admin/TambahProduk/Keterangan/Button Insert Image' is clicked on

2023-10-04 18:32:04 - [TEST_STEP][PASSED] - verifyElementPresent(findTestObject("Product Admin/TambahProduk/Keterangan/img via Link"), 0): Object 'Object Repository/Product Admin/TambahProduk/Keterangan/img via Link' is present

2023-10-04 18:32:04 - [MESSAGE][WARNING] - Timeout '0' is invalid. Using default page load timeout: '30'

2023-10-04 18:32:05 - [MESSAGE][PASSED] - Object 'Object Repository/Product Admin/TambahProduk/Keterangan/img via Link' is present]]></system-out>
         <system-err><![CDATA[]]></system-err>
      </testcase>
      <testcase name="Test Cases/Product Admin/TC-PA-037" time="29.152" classname="Test Cases/Product Admin/TC-PA-037" status="PASSED">
         <system-out><![CDATA[2023-10-04 18:32:05 - [TEST_CASE][PASSED] - Test Cases/Product Admin/TC-PA-037: Test Cases/Product Admin/TC-PA-037

2023-10-04 18:32:05 - [TEST_STEP][PASSED] - callTestCase(findTestCase("Product Admin/TC-PA-001"), [:], STOP_ON_FAILURE): Call Test Case 'Test Cases/Product Admin/TC-PA-001' successfully

2023-10-04 18:32:05 - [TEST_CASE][PASSED] - Test Cases/Product Admin/TC-PA-001: Test Cases/Product Admin/TC-PA-001

2023-10-04 18:32:05 - [TEST_STEP][PASSED] - callTestCase(findTestCase("Login Admin/TC-Login Admin-001"), [:], STOP_ON_FAILURE): Call Test Case 'Test Cases/Login Admin/TC-Login Admin-001' successfully

2023-10-04 18:32:05 - [TEST_CASE][PASSED] - Test Cases/Login Admin/TC-Login Admin-001: Test Cases/Login Admin/TC-Login Admin-001

2023-10-04 18:32:05 - [TEST_STEP][PASSED] - openBrowser(adminTajalapak): Browser is opened with url: 'https://10.9.2.63/ecommerce/administrator'

2023-10-04 18:32:05 - [MESSAGE][WARNING] - A browser is already opened. Closing browser and opening a new one

2023-10-04 18:32:06 - [MESSAGE][INFO] - Starting 'Edge Chromium' driver

2023-10-04 18:32:06 - [MESSAGE][INFO] - User set preference: ['acceptInsecureCerts', 'true']

2023-10-04 18:32:07 - [MESSAGE][INFO] - Action delay is set to 0 milliseconds

2023-10-04 18:32:10 - [MESSAGE][PASSED] - Browser is opened with url: 'https://10.9.2.63/ecommerce/administrator'

2023-10-04 18:32:10 - [TEST_STEP][PASSED] - maximizeWindow(): Current window maximized

2023-10-04 18:32:10 - [MESSAGE][PASSED] - Current window maximized

2023-10-04 18:32:10 - [TEST_STEP][PASSED] - verifyElementPresent(findTestObject("Login Admin/Verifikasi Halaman Administrator"), 0): Object 'Object Repository/Login Admin/Verifikasi Halaman Administrator' is present

2023-10-04 18:32:10 - [MESSAGE][WARNING] - Timeout '0' is invalid. Using default page load timeout: '30'

2023-10-04 18:32:10 - [MESSAGE][PASSED] - Object 'Object Repository/Login Admin/Verifikasi Halaman Administrator' is present

2023-10-04 18:32:10 - [TEST_STEP][PASSED] - setText(findTestObject("Login Admin/Input Username Admin"), "admin"): Text 'admin' is set on object 'Object Repository/Login Admin/Input Username Admin'

2023-10-04 18:32:11 - [MESSAGE][PASSED] - Text 'admin' is set on object 'Object Repository/Login Admin/Input Username Admin'

2023-10-04 18:32:11 - [TEST_STEP][PASSED] - setEncryptedText(findTestObject("Login Admin/Input Password Admin"), "374mkdZ/lqyNS21oH+MJZQ=="): Text ****** has been set on object 'Object Repository/Login Admin/Input Password Admin'

2023-10-04 18:32:12 - [MESSAGE][PASSED] - Text ****** has been set on object 'Object Repository/Login Admin/Input Password Admin'

2023-10-04 18:32:12 - [TEST_STEP][PASSED] - delay(10): Delayed 10 second(s)

2023-10-04 18:32:22 - [MESSAGE][PASSED] - Delayed 10 second(s)

2023-10-04 18:32:22 - [TEST_STEP][PASSED] - click(findTestObject("Login Admin/Botton Sign In")): Object: 'Object Repository/Login Admin/Botton Sign In' is clicked on

2023-10-04 18:32:24 - [MESSAGE][PASSED] - Object: 'Object Repository/Login Admin/Botton Sign In' is clicked on

2023-10-04 18:32:24 - [TEST_STEP][PASSED] - verifyElementPresent(findTestObject("Login Admin/Verifikasi Halaman Login Admin"), 0): Object 'Object Repository/Login Admin/Verifikasi Halaman Login Admin' is present

2023-10-04 18:32:24 - [MESSAGE][WARNING] - Timeout '0' is invalid. Using default page load timeout: '30'

2023-10-04 18:32:24 - [MESSAGE][PASSED] - Object 'Object Repository/Login Admin/Verifikasi Halaman Login Admin' is present

2023-10-04 18:32:24 - [MESSAGE][PASSED] - Call Test Case 'Test Cases/Login Admin/TC-Login Admin-001' successfully

2023-10-04 18:32:24 - [TEST_STEP][PASSED] - click(findTestObject("Product Admin/Master Market")): Object: 'Object Repository/Product Admin/Master Market' is clicked on

2023-10-04 18:32:25 - [MESSAGE][PASSED] - Object: 'Object Repository/Product Admin/Master Market' is clicked on

2023-10-04 18:32:25 - [TEST_STEP][PASSED] - click(findTestObject("Product Admin/Produk Admin")): Object: 'Object Repository/Product Admin/Produk Admin' is clicked on

2023-10-04 18:32:26 - [MESSAGE][PASSED] - Object: 'Object Repository/Product Admin/Produk Admin' is clicked on

2023-10-04 18:32:26 - [TEST_STEP][PASSED] - verifyElementPresent(findTestObject("Product Admin/Veridikasi Halaman Semua Produk"), 0): Object 'Object Repository/Product Admin/Veridikasi Halaman Semua Produk' is present

2023-10-04 18:32:26 - [MESSAGE][WARNING] - Timeout '0' is invalid. Using default page load timeout: '30'

2023-10-04 18:32:27 - [MESSAGE][PASSED] - Object 'Object Repository/Product Admin/Veridikasi Halaman Semua Produk' is present

2023-10-04 18:32:27 - [MESSAGE][PASSED] - Call Test Case 'Test Cases/Product Admin/TC-PA-001' successfully

2023-10-04 18:32:27 - [TEST_STEP][PASSED] - click(findTestObject("Product Admin/Button Edit Product Fleksibel")): Object: 'Object Repository/Product Admin/Button Edit Product Fleksibel' is clicked on

2023-10-04 18:32:28 - [MESSAGE][PASSED] - Object: 'Object Repository/Product Admin/Button Edit Product Fleksibel' is clicked on

2023-10-04 18:32:28 - [TEST_STEP][PASSED] - verifyElementPresent(findTestObject("Product Admin/TambahProduk/Verifikasi Halaman Product Baru"), 0): Object 'Object Repository/Product Admin/TambahProduk/Verifikasi Halaman Product Baru' is present

2023-10-04 18:32:28 - [MESSAGE][WARNING] - Timeout '0' is invalid. Using default page load timeout: '30'

2023-10-04 18:32:28 - [MESSAGE][PASSED] - Object 'Object Repository/Product Admin/TambahProduk/Verifikasi Halaman Product Baru' is present

2023-10-04 18:32:28 - [TEST_STEP][PASSED] - setText(findTestObject("Product Admin/TambahProduk/Input Harga Modal"), "5000"): Text '5000' is set on object 'Object Repository/Product Admin/TambahProduk/Input Harga Modal'

2023-10-04 18:32:29 - [MESSAGE][PASSED] - Text '5000' is set on object 'Object Repository/Product Admin/TambahProduk/Input Harga Modal'

2023-10-04 18:32:29 - [TEST_STEP][PASSED] - setText(findTestObject("Product Admin/TambahProduk/Input Harga Reseller"), "6000"): Text '6000' is set on object 'Object Repository/Product Admin/TambahProduk/Input Harga Reseller'

2023-10-04 18:32:30 - [MESSAGE][PASSED] - Text '6000' is set on object 'Object Repository/Product Admin/TambahProduk/Input Harga Reseller'

2023-10-04 18:32:30 - [TEST_STEP][PASSED] - setText(findTestObject("Product Admin/TambahProduk/Input Harga Konsumen"), "7000"): Text '7000' is set on object 'Object Repository/Product Admin/TambahProduk/Input Harga Konsumen'

2023-10-04 18:32:30 - [MESSAGE][PASSED] - Text '7000' is set on object 'Object Repository/Product Admin/TambahProduk/Input Harga Konsumen'

2023-10-04 18:32:30 - [TEST_STEP][PASSED] - setText(findTestObject("Product Admin/TambahProduk/Input Harga Modal"), ""): Text '' is set on object 'Object Repository/Product Admin/TambahProduk/Input Harga Modal'

2023-10-04 18:32:31 - [MESSAGE][PASSED] - Text '' is set on object 'Object Repository/Product Admin/TambahProduk/Input Harga Modal'

2023-10-04 18:32:31 - [TEST_STEP][PASSED] - setText(findTestObject("Product Admin/TambahProduk/Input Harga Reseller"), ""): Text '' is set on object 'Object Repository/Product Admin/TambahProduk/Input Harga Reseller'

2023-10-04 18:32:32 - [MESSAGE][PASSED] - Text '' is set on object 'Object Repository/Product Admin/TambahProduk/Input Harga Reseller'

2023-10-04 18:32:32 - [TEST_STEP][PASSED] - setText(findTestObject("Product Admin/TambahProduk/Input Harga Konsumen"), ""): Text '' is set on object 'Object Repository/Product Admin/TambahProduk/Input Harga Konsumen'

2023-10-04 18:32:33 - [MESSAGE][PASSED] - Text '' is set on object 'Object Repository/Product Admin/TambahProduk/Input Harga Konsumen'

2023-10-04 18:32:33 - [TEST_STEP][PASSED] - hargaM = getAttribute(findTestObject("Product Admin/TambahProduk/Input Harga Modal"), "value"): Attribute 'value' of object 'Object Repository/Product Admin/TambahProduk/Input Harga Modal' is: ''

2023-10-04 18:32:33 - [MESSAGE][PASSED] - Attribute 'value' of object 'Object Repository/Product Admin/TambahProduk/Input Harga Modal' is: ''

2023-10-04 18:32:33 - [TEST_STEP][PASSED] - hargaR = getAttribute(findTestObject("Product Admin/TambahProduk/Input Harga Reseller"), "value"): Attribute 'value' of object 'Object Repository/Product Admin/TambahProduk/Input Harga Reseller' is: ''

2023-10-04 18:32:33 - [MESSAGE][PASSED] - Attribute 'value' of object 'Object Repository/Product Admin/TambahProduk/Input Harga Reseller' is: ''

2023-10-04 18:32:33 - [TEST_STEP][PASSED] - hargaK = getAttribute(findTestObject("Product Admin/TambahProduk/Input Harga Konsumen"), "value"): Attribute 'value' of object 'Object Repository/Product Admin/TambahProduk/Input Harga Konsumen' is: ''

2023-10-04 18:32:34 - [MESSAGE][PASSED] - Attribute 'value' of object 'Object Repository/Product Admin/TambahProduk/Input Harga Konsumen' is: ''

2023-10-04 18:32:34 - [TEST_STEP][PASSED] - verifikasi = "": null

2023-10-04 18:32:34 - [TEST_STEP][PASSED] - assert hargaM == verifikasi: null

2023-10-04 18:32:34 - [TEST_STEP][PASSED] - assert hargaR == verifikasi: null

2023-10-04 18:32:34 - [TEST_STEP][PASSED] - assert hargaK == verifikasi: null]]></system-out>
         <system-err><![CDATA[]]></system-err>
      </testcase>
      <testcase name="Test Cases/Product Admin/TC-PA-038" time="23.605" classname="Test Cases/Product Admin/TC-PA-038" status="PASSED">
         <system-out><![CDATA[2023-10-04 18:32:34 - [TEST_CASE][PASSED] - Test Cases/Product Admin/TC-PA-038: Test Cases/Product Admin/TC-PA-038

2023-10-04 18:32:34 - [TEST_STEP][PASSED] - callTestCase(findTestCase("Product Admin/TC-PA-001"), [:], STOP_ON_FAILURE): Call Test Case 'Test Cases/Product Admin/TC-PA-001' successfully

2023-10-04 18:32:34 - [TEST_CASE][PASSED] - Test Cases/Product Admin/TC-PA-001: Test Cases/Product Admin/TC-PA-001

2023-10-04 18:32:34 - [TEST_STEP][PASSED] - callTestCase(findTestCase("Login Admin/TC-Login Admin-001"), [:], STOP_ON_FAILURE): Call Test Case 'Test Cases/Login Admin/TC-Login Admin-001' successfully

2023-10-04 18:32:34 - [TEST_CASE][PASSED] - Test Cases/Login Admin/TC-Login Admin-001: Test Cases/Login Admin/TC-Login Admin-001

2023-10-04 18:32:34 - [TEST_STEP][PASSED] - openBrowser(adminTajalapak): Browser is opened with url: 'https://10.9.2.63/ecommerce/administrator'

2023-10-04 18:32:34 - [MESSAGE][WARNING] - A browser is already opened. Closing browser and opening a new one

2023-10-04 18:32:35 - [MESSAGE][INFO] - Starting 'Edge Chromium' driver

2023-10-04 18:32:35 - [MESSAGE][INFO] - User set preference: ['acceptInsecureCerts', 'true']

2023-10-04 18:32:36 - [MESSAGE][INFO] - Action delay is set to 0 milliseconds

2023-10-04 18:32:38 - [MESSAGE][PASSED] - Browser is opened with url: 'https://10.9.2.63/ecommerce/administrator'

2023-10-04 18:32:38 - [TEST_STEP][PASSED] - maximizeWindow(): Current window maximized

2023-10-04 18:32:38 - [MESSAGE][PASSED] - Current window maximized

2023-10-04 18:32:38 - [TEST_STEP][PASSED] - verifyElementPresent(findTestObject("Login Admin/Verifikasi Halaman Administrator"), 0): Object 'Object Repository/Login Admin/Verifikasi Halaman Administrator' is present

2023-10-04 18:32:38 - [MESSAGE][WARNING] - Timeout '0' is invalid. Using default page load timeout: '30'

2023-10-04 18:32:39 - [MESSAGE][PASSED] - Object 'Object Repository/Login Admin/Verifikasi Halaman Administrator' is present

2023-10-04 18:32:39 - [TEST_STEP][PASSED] - setText(findTestObject("Login Admin/Input Username Admin"), "admin"): Text 'admin' is set on object 'Object Repository/Login Admin/Input Username Admin'

2023-10-04 18:32:40 - [MESSAGE][PASSED] - Text 'admin' is set on object 'Object Repository/Login Admin/Input Username Admin'

2023-10-04 18:32:40 - [TEST_STEP][PASSED] - setEncryptedText(findTestObject("Login Admin/Input Password Admin"), "374mkdZ/lqyNS21oH+MJZQ=="): Text ****** has been set on object 'Object Repository/Login Admin/Input Password Admin'

2023-10-04 18:32:40 - [MESSAGE][PASSED] - Text ****** has been set on object 'Object Repository/Login Admin/Input Password Admin'

2023-10-04 18:32:40 - [TEST_STEP][PASSED] - delay(10): Delayed 10 second(s)

2023-10-04 18:32:50 - [MESSAGE][PASSED] - Delayed 10 second(s)

2023-10-04 18:32:50 - [TEST_STEP][PASSED] - click(findTestObject("Login Admin/Botton Sign In")): Object: 'Object Repository/Login Admin/Botton Sign In' is clicked on

2023-10-04 18:32:52 - [MESSAGE][PASSED] - Object: 'Object Repository/Login Admin/Botton Sign In' is clicked on

2023-10-04 18:32:52 - [TEST_STEP][PASSED] - verifyElementPresent(findTestObject("Login Admin/Verifikasi Halaman Login Admin"), 0): Object 'Object Repository/Login Admin/Verifikasi Halaman Login Admin' is present

2023-10-04 18:32:52 - [MESSAGE][WARNING] - Timeout '0' is invalid. Using default page load timeout: '30'

2023-10-04 18:32:53 - [MESSAGE][PASSED] - Object 'Object Repository/Login Admin/Verifikasi Halaman Login Admin' is present

2023-10-04 18:32:53 - [MESSAGE][PASSED] - Call Test Case 'Test Cases/Login Admin/TC-Login Admin-001' successfully

2023-10-04 18:32:53 - [TEST_STEP][PASSED] - click(findTestObject("Product Admin/Master Market")): Object: 'Object Repository/Product Admin/Master Market' is clicked on

2023-10-04 18:32:53 - [MESSAGE][PASSED] - Object: 'Object Repository/Product Admin/Master Market' is clicked on

2023-10-04 18:32:53 - [TEST_STEP][PASSED] - click(findTestObject("Product Admin/Produk Admin")): Object: 'Object Repository/Product Admin/Produk Admin' is clicked on

2023-10-04 18:32:55 - [MESSAGE][PASSED] - Object: 'Object Repository/Product Admin/Produk Admin' is clicked on

2023-10-04 18:32:55 - [TEST_STEP][PASSED] - verifyElementPresent(findTestObject("Product Admin/Veridikasi Halaman Semua Produk"), 0): Object 'Object Repository/Product Admin/Veridikasi Halaman Semua Produk' is present

2023-10-04 18:32:55 - [MESSAGE][WARNING] - Timeout '0' is invalid. Using default page load timeout: '30'

2023-10-04 18:32:55 - [MESSAGE][PASSED] - Object 'Object Repository/Product Admin/Veridikasi Halaman Semua Produk' is present

2023-10-04 18:32:55 - [MESSAGE][PASSED] - Call Test Case 'Test Cases/Product Admin/TC-PA-001' successfully

2023-10-04 18:32:55 - [TEST_STEP][PASSED] - click(findTestObject("Product Admin/Button Tambahkan Data")): Object: 'Object Repository/Product Admin/Button Tambahkan Data' is clicked on

2023-10-04 18:32:56 - [MESSAGE][PASSED] - Object: 'Object Repository/Product Admin/Button Tambahkan Data' is clicked on

2023-10-04 18:32:56 - [TEST_STEP][PASSED] - verifyElementPresent(findTestObject("Product Admin/TambahProduk/Verifikasi Halaman Product Baru"), 0): Object 'Object Repository/Product Admin/TambahProduk/Verifikasi Halaman Product Baru' is present

2023-10-04 18:32:56 - [MESSAGE][WARNING] - Timeout '0' is invalid. Using default page load timeout: '30'

2023-10-04 18:32:56 - [MESSAGE][PASSED] - Object 'Object Repository/Product Admin/TambahProduk/Verifikasi Halaman Product Baru' is present

2023-10-04 18:32:56 - [TEST_STEP][PASSED] - click(findTestObject("Product Admin/TambahProduk/Keterangan/Button Full Screen Kolom Keterangan")): Object: 'Object Repository/Product Admin/TambahProduk/Keterangan/Button Full Screen Kolom Keterangan' is clicked on

2023-10-04 18:32:57 - [MESSAGE][PASSED] - Object: 'Object Repository/Product Admin/TambahProduk/Keterangan/Button Full Screen Kolom Keterangan' is clicked on

2023-10-04 18:32:57 - [TEST_STEP][PASSED] - verifikasi = getAttribute(findTestObject("Object Repository/Product Admin/TambahProduk/Keterangan/Verifikasi Full Screen Keterangan"), "class"): Attribute 'class' of object 'Object Repository/Product Admin/TambahProduk/Keterangan/Verifikasi Full Screen Keterangan' is: 'note-editor note-frame panel panel-default fullscreen'

2023-10-04 18:32:57 - [MESSAGE][PASSED] - Attribute 'class' of object 'Object Repository/Product Admin/TambahProduk/Keterangan/Verifikasi Full Screen Keterangan' is: 'note-editor note-frame panel panel-default fullscreen'

2023-10-04 18:32:57 - [TEST_STEP][PASSED] - assert verifikasi == "note-editor note-frame panel panel-default fullscreen": null]]></system-out>
         <system-err><![CDATA[]]></system-err>
      </testcase>
      <testcase name="Test Cases/Product Admin/TC-PA-039" time="23.848" classname="Test Cases/Product Admin/TC-PA-039" status="PASSED">
         <system-out><![CDATA[2023-10-04 18:32:57 - [TEST_CASE][PASSED] - Test Cases/Product Admin/TC-PA-039: Test Cases/Product Admin/TC-PA-039

2023-10-04 18:32:58 - [TEST_STEP][PASSED] - callTestCase(findTestCase("Product Admin/TC-PA-001"), [:], STOP_ON_FAILURE): Call Test Case 'Test Cases/Product Admin/TC-PA-001' successfully

2023-10-04 18:32:58 - [TEST_CASE][PASSED] - Test Cases/Product Admin/TC-PA-001: Test Cases/Product Admin/TC-PA-001

2023-10-04 18:32:58 - [TEST_STEP][PASSED] - callTestCase(findTestCase("Login Admin/TC-Login Admin-001"), [:], STOP_ON_FAILURE): Call Test Case 'Test Cases/Login Admin/TC-Login Admin-001' successfully

2023-10-04 18:32:58 - [TEST_CASE][PASSED] - Test Cases/Login Admin/TC-Login Admin-001: Test Cases/Login Admin/TC-Login Admin-001

2023-10-04 18:32:58 - [TEST_STEP][PASSED] - openBrowser(adminTajalapak): Browser is opened with url: 'https://10.9.2.63/ecommerce/administrator'

2023-10-04 18:32:58 - [MESSAGE][WARNING] - A browser is already opened. Closing browser and opening a new one

2023-10-04 18:32:59 - [MESSAGE][INFO] - Starting 'Edge Chromium' driver

2023-10-04 18:32:59 - [MESSAGE][INFO] - User set preference: ['acceptInsecureCerts', 'true']

2023-10-04 18:32:59 - [MESSAGE][INFO] - Action delay is set to 0 milliseconds

2023-10-04 18:33:02 - [MESSAGE][PASSED] - Browser is opened with url: 'https://10.9.2.63/ecommerce/administrator'

2023-10-04 18:33:02 - [TEST_STEP][PASSED] - maximizeWindow(): Current window maximized

2023-10-04 18:33:02 - [MESSAGE][PASSED] - Current window maximized

2023-10-04 18:33:02 - [TEST_STEP][PASSED] - verifyElementPresent(findTestObject("Login Admin/Verifikasi Halaman Administrator"), 0): Object 'Object Repository/Login Admin/Verifikasi Halaman Administrator' is present

2023-10-04 18:33:02 - [MESSAGE][WARNING] - Timeout '0' is invalid. Using default page load timeout: '30'

2023-10-04 18:33:02 - [MESSAGE][PASSED] - Object 'Object Repository/Login Admin/Verifikasi Halaman Administrator' is present

2023-10-04 18:33:02 - [TEST_STEP][PASSED] - setText(findTestObject("Login Admin/Input Username Admin"), "admin"): Text 'admin' is set on object 'Object Repository/Login Admin/Input Username Admin'

2023-10-04 18:33:03 - [MESSAGE][PASSED] - Text 'admin' is set on object 'Object Repository/Login Admin/Input Username Admin'

2023-10-04 18:33:03 - [TEST_STEP][PASSED] - setEncryptedText(findTestObject("Login Admin/Input Password Admin"), "374mkdZ/lqyNS21oH+MJZQ=="): Text ****** has been set on object 'Object Repository/Login Admin/Input Password Admin'

2023-10-04 18:33:04 - [MESSAGE][PASSED] - Text ****** has been set on object 'Object Repository/Login Admin/Input Password Admin'

2023-10-04 18:33:04 - [TEST_STEP][PASSED] - delay(10): Delayed 10 second(s)

2023-10-04 18:33:14 - [MESSAGE][PASSED] - Delayed 10 second(s)

2023-10-04 18:33:14 - [TEST_STEP][PASSED] - click(findTestObject("Login Admin/Botton Sign In")): Object: 'Object Repository/Login Admin/Botton Sign In' is clicked on

2023-10-04 18:33:16 - [MESSAGE][PASSED] - Object: 'Object Repository/Login Admin/Botton Sign In' is clicked on

2023-10-04 18:33:16 - [TEST_STEP][PASSED] - verifyElementPresent(findTestObject("Login Admin/Verifikasi Halaman Login Admin"), 0): Object 'Object Repository/Login Admin/Verifikasi Halaman Login Admin' is present

2023-10-04 18:33:16 - [MESSAGE][WARNING] - Timeout '0' is invalid. Using default page load timeout: '30'

2023-10-04 18:33:16 - [MESSAGE][PASSED] - Object 'Object Repository/Login Admin/Verifikasi Halaman Login Admin' is present

2023-10-04 18:33:16 - [MESSAGE][PASSED] - Call Test Case 'Test Cases/Login Admin/TC-Login Admin-001' successfully

2023-10-04 18:33:16 - [TEST_STEP][PASSED] - click(findTestObject("Product Admin/Master Market")): Object: 'Object Repository/Product Admin/Master Market' is clicked on

2023-10-04 18:33:16 - [MESSAGE][PASSED] - Object: 'Object Repository/Product Admin/Master Market' is clicked on

2023-10-04 18:33:16 - [TEST_STEP][PASSED] - click(findTestObject("Product Admin/Produk Admin")): Object: 'Object Repository/Product Admin/Produk Admin' is clicked on

2023-10-04 18:33:18 - [MESSAGE][PASSED] - Object: 'Object Repository/Product Admin/Produk Admin' is clicked on

2023-10-04 18:33:18 - [TEST_STEP][PASSED] - verifyElementPresent(findTestObject("Product Admin/Veridikasi Halaman Semua Produk"), 0): Object 'Object Repository/Product Admin/Veridikasi Halaman Semua Produk' is present

2023-10-04 18:33:18 - [MESSAGE][WARNING] - Timeout '0' is invalid. Using default page load timeout: '30'

2023-10-04 18:33:19 - [MESSAGE][PASSED] - Object 'Object Repository/Product Admin/Veridikasi Halaman Semua Produk' is present

2023-10-04 18:33:19 - [MESSAGE][PASSED] - Call Test Case 'Test Cases/Product Admin/TC-PA-001' successfully

2023-10-04 18:33:19 - [TEST_STEP][PASSED] - click(findTestObject("Product Admin/Button Tambahkan Data")): Object: 'Object Repository/Product Admin/Button Tambahkan Data' is clicked on

2023-10-04 18:33:20 - [MESSAGE][PASSED] - Object: 'Object Repository/Product Admin/Button Tambahkan Data' is clicked on

2023-10-04 18:33:20 - [TEST_STEP][PASSED] - verifyElementPresent(findTestObject("Product Admin/TambahProduk/Verifikasi Halaman Product Baru"), 0): Object 'Object Repository/Product Admin/TambahProduk/Verifikasi Halaman Product Baru' is present

2023-10-04 18:33:20 - [MESSAGE][WARNING] - Timeout '0' is invalid. Using default page load timeout: '30'

2023-10-04 18:33:20 - [MESSAGE][PASSED] - Object 'Object Repository/Product Admin/TambahProduk/Verifikasi Halaman Product Baru' is present

2023-10-04 18:33:20 - [TEST_STEP][PASSED] - click(findTestObject("Product Admin/TambahProduk/Keterangan/Button Help Kolom Keterangan")): Object: 'Object Repository/Product Admin/TambahProduk/Keterangan/Button Help Kolom Keterangan' is clicked on

2023-10-04 18:33:21 - [MESSAGE][PASSED] - Object: 'Object Repository/Product Admin/TambahProduk/Keterangan/Button Help Kolom Keterangan' is clicked on

2023-10-04 18:33:21 - [TEST_STEP][PASSED] - verifyElementPresent(findTestObject("Product Admin/TambahProduk/Keterangan/Verifikasi halaman Help Kolom Keterangan"), 0): Object 'Object Repository/Product Admin/TambahProduk/Keterangan/Verifikasi halaman Help Kolom Keterangan' is present

2023-10-04 18:33:21 - [MESSAGE][WARNING] - Timeout '0' is invalid. Using default page load timeout: '30'

2023-10-04 18:33:21 - [MESSAGE][PASSED] - Object 'Object Repository/Product Admin/TambahProduk/Keterangan/Verifikasi halaman Help Kolom Keterangan' is present]]></system-out>
         <system-err><![CDATA[]]></system-err>
      </testcase>
      <testcase name="Test Cases/Product Admin/TC-PAN-001" time="25.489" classname="Test Cases/Product Admin/TC-PAN-001" status="ERROR">
         <error type="ERROR" message="Test Cases/Product Admin/TC-PAN-001 FAILED.
Reason:
org.openqa.selenium.NoSuchElementException: no such element: Unable to locate element: {&quot;method&quot;:&quot;xpath&quot;,&quot;selector&quot;:&quot;//input[@name=&quot;berat&quot;]&quot;}
  (Session info: MicrosoftEdge=117.0.2045.47)
For documentation on this error, please visit: https://www.seleniumhq.org/exceptions/no_such_element.html
Build info: version: '3.141.59', revision: 'e82be7d358', time: '2018-11-14T08:25:53'
System info: host: 'RISWANDHA', ip: '10.9.2.19', os.name: 'Windows 10', os.arch: 'amd64', os.version: '10.0', java.version: '1.8.0_362'
Driver info: com.kms.katalon.selenium.driver.CEdgeDriver
Capabilities {acceptInsecureCerts: true, browserName: msedge, browserVersion: 117.0.2045.47, fedcm:accounts: true, javascriptEnabled: true, ms:edgeOptions: {debuggerAddress: localhost:56817}, msedge: {msedgedriverVersion: 117.0.2045.31 (fdd954ad1e8c..., userDataDir: C:\Users\Admin\AppData\Loca...}, networkConnectionEnabled: false, pageLoadStrategy: normal, platform: WINDOWS, platformName: WINDOWS, proxy: Proxy(), setWindowRect: true, strictFileInteractability: false, timeouts: {implicit: 0, pageLoad: 300000, script: 30000}, unhandledPromptBehavior: dismiss and notify, webauthn:extension:credBlob: true, webauthn:extension:largeBlob: true, webauthn:extension:minPinLength: true, webauthn:extension:prf: true, webauthn:virtualAuthenticators: true}
Session ID: 094690d84989c919f7756dbe8631acb0
*** Element info: {Using=xpath, value=//input[@name=&quot;berat&quot;]}
	at org.openqa.selenium.remote.http.W3CHttpResponseCodec.createException(W3CHttpResponseCodec.java:187)
	at org.openqa.selenium.remote.http.W3CHttpResponseCodec.decode(W3CHttpResponseCodec.java:122)
	at org.openqa.selenium.remote.http.W3CHttpResponseCodec.decode(W3CHttpResponseCodec.java:49)
	at org.openqa.selenium.remote.HttpCommandExecutor.execute(HttpCommandExecutor.java:158)
	at org.openqa.selenium.remote.service.DriverCommandExecutor.execute(DriverCommandExecutor.java:83)
	at org.openqa.selenium.remote.RemoteWebDriver.execute(RemoteWebDriver.java:552)
	at com.kms.katalon.selenium.driver.CEdgeDriver.execute(CEdgeDriver.java:20)
	at org.openqa.selenium.remote.RemoteWebDriver.findElement(RemoteWebDriver.java:323)
	at org.openqa.selenium.remote.RemoteWebDriver.findElementByXPath(RemoteWebDriver.java:428)
	at org.openqa.selenium.By$ByXPath.findElement(By.java:353)
	at org.openqa.selenium.remote.RemoteWebDriver.findElement(RemoteWebDriver.java:315)
	at org.openqa.selenium.support.events.EventFiringWebDriver.lambda$new$1(EventFiringWebDriver.java:105)
	at com.sun.proxy.$Proxy10.findElement(Unknown Source)
	at org.openqa.selenium.support.events.EventFiringWebDriver.findElement(EventFiringWebDriver.java:194)
	at org.openqa.selenium.WebDriver$findElement.call(Unknown Source)
	at TC-PAN-001.run(TC-PAN-001:41)
	at com.kms.katalon.core.main.ScriptEngine.run(ScriptEngine.java:194)
	at com.kms.katalon.core.main.ScriptEngine.runScriptAsRawText(ScriptEngine.java:119)
	at com.kms.katalon.core.main.TestCaseExecutor.runScript(TestCaseExecutor.java:448)
	at com.kms.katalon.core.main.TestCaseExecutor.doExecute(TestCaseExecutor.java:439)
	at com.kms.katalon.core.main.TestCaseExecutor.processExecutionPhase(TestCaseExecutor.java:418)
	at com.kms.katalon.core.main.TestCaseExecutor.accessMainPhase(TestCaseExecutor.java:410)
	at com.kms.katalon.core.main.TestCaseExecutor.execute(TestCaseExecutor.java:285)
	at com.kms.katalon.core.common.CommonExecutor.accessTestCaseMainPhase(CommonExecutor.java:65)
	at com.kms.katalon.core.main.TestSuiteExecutor.accessTestSuiteMainPhase(TestSuiteExecutor.java:148)
	at com.kms.katalon.core.main.TestSuiteExecutor.execute(TestSuiteExecutor.java:106)
	at com.kms.katalon.core.main.TestCaseMain.startTestSuite(TestCaseMain.java:187)
	at com.kms.katalon.core.main.TestCaseMain$startTestSuite$0.call(Unknown Source)
	at TempTestSuite1696418169597.run(TempTestSuite1696418169597.groovy:36)
"/>
         <system-out><![CDATA[2023-10-04 18:33:21 - [TEST_CASE][ERROR] - Test Cases/Product Admin/TC-PAN-001: Test Cases/Product Admin/TC-PAN-001 FAILED.
Reason:
org.openqa.selenium.NoSuchElementException: no such element: Unable to locate element: {"method":"xpath","selector":"//input[@name="berat"]"}
  (Session info: MicrosoftEdge=117.0.2045.47)
For documentation on this error, please visit: https://www.seleniumhq.org/exceptions/no_such_element.html
Build info: version: '3.141.59', revision: 'e82be7d358', time: '2018-11-14T08:25:53'
System info: host: 'RISWANDHA', ip: '10.9.2.19', os.name: 'Windows 10', os.arch: 'amd64', os.version: '10.0', java.version: '1.8.0_362'
Driver info: com.kms.katalon.selenium.driver.CEdgeDriver
Capabilities {acceptInsecureCerts: true, browserName: msedge, browserVersion: 117.0.2045.47, fedcm:accounts: true, javascriptEnabled: true, ms:edgeOptions: {debuggerAddress: localhost:56817}, msedge: {msedgedriverVersion: 117.0.2045.31 (fdd954ad1e8c..., userDataDir: C:\Users\Admin\AppData\Loca...}, networkConnectionEnabled: false, pageLoadStrategy: normal, platform: WINDOWS, platformName: WINDOWS, proxy: Proxy(), setWindowRect: true, strictFileInteractability: false, timeouts: {implicit: 0, pageLoad: 300000, script: 30000}, unhandledPromptBehavior: dismiss and notify, webauthn:extension:credBlob: true, webauthn:extension:largeBlob: true, webauthn:extension:minPinLength: true, webauthn:extension:prf: true, webauthn:virtualAuthenticators: true}
Session ID: 094690d84989c919f7756dbe8631acb0
*** Element info: {Using=xpath, value=//input[@name="berat"]}
	at org.openqa.selenium.remote.http.W3CHttpResponseCodec.createException(W3CHttpResponseCodec.java:187)
	at org.openqa.selenium.remote.http.W3CHttpResponseCodec.decode(W3CHttpResponseCodec.java:122)
	at org.openqa.selenium.remote.http.W3CHttpResponseCodec.decode(W3CHttpResponseCodec.java:49)
	at org.openqa.selenium.remote.HttpCommandExecutor.execute(HttpCommandExecutor.java:158)
	at org.openqa.selenium.remote.service.DriverCommandExecutor.execute(DriverCommandExecutor.java:83)
	at org.openqa.selenium.remote.RemoteWebDriver.execute(RemoteWebDriver.java:552)
	at com.kms.katalon.selenium.driver.CEdgeDriver.execute(CEdgeDriver.java:20)
	at org.openqa.selenium.remote.RemoteWebDriver.findElement(RemoteWebDriver.java:323)
	at org.openqa.selenium.remote.RemoteWebDriver.findElementByXPath(RemoteWebDriver.java:428)
	at org.openqa.selenium.By$ByXPath.findElement(By.java:353)
	at org.openqa.selenium.remote.RemoteWebDriver.findElement(RemoteWebDriver.java:315)
	at org.openqa.selenium.support.events.EventFiringWebDriver.lambda$new$1(EventFiringWebDriver.java:105)
	at com.sun.proxy.$Proxy10.findElement(Unknown Source)
	at org.openqa.selenium.support.events.EventFiringWebDriver.findElement(EventFiringWebDriver.java:194)
	at org.openqa.selenium.WebDriver$findElement.call(Unknown Source)
	at TC-PAN-001.run(TC-PAN-001:41)
	at com.kms.katalon.core.main.ScriptEngine.run(ScriptEngine.java:194)
	at com.kms.katalon.core.main.ScriptEngine.runScriptAsRawText(ScriptEngine.java:119)
	at com.kms.katalon.core.main.TestCaseExecutor.runScript(TestCaseExecutor.java:448)
	at com.kms.katalon.core.main.TestCaseExecutor.doExecute(TestCaseExecutor.java:439)
	at com.kms.katalon.core.main.TestCaseExecutor.processExecutionPhase(TestCaseExecutor.java:418)
	at com.kms.katalon.core.main.TestCaseExecutor.accessMainPhase(TestCaseExecutor.java:410)
	at com.kms.katalon.core.main.TestCaseExecutor.execute(TestCaseExecutor.java:285)
	at com.kms.katalon.core.common.CommonExecutor.accessTestCaseMainPhase(CommonExecutor.java:65)
	at com.kms.katalon.core.main.TestSuiteExecutor.accessTestSuiteMainPhase(TestSuiteExecutor.java:148)
	at com.kms.katalon.core.main.TestSuiteExecutor.execute(TestSuiteExecutor.java:106)
	at com.kms.katalon.core.main.TestCaseMain.startTestSuite(TestCaseMain.java:187)
	at com.kms.katalon.core.main.TestCaseMain$startTestSuite$0.call(Unknown Source)
	at TempTestSuite1696418169597.run(TempTestSuite1696418169597.groovy:36)


2023-10-04 18:33:22 - [TEST_STEP][PASSED] - callTestCase(findTestCase("Product Admin/TC-PA-001"), [:], STOP_ON_FAILURE): Call Test Case 'Test Cases/Product Admin/TC-PA-001' successfully

2023-10-04 18:33:22 - [TEST_CASE][PASSED] - Test Cases/Product Admin/TC-PA-001: Test Cases/Product Admin/TC-PA-001

2023-10-04 18:33:22 - [TEST_STEP][PASSED] - callTestCase(findTestCase("Login Admin/TC-Login Admin-001"), [:], STOP_ON_FAILURE): Call Test Case 'Test Cases/Login Admin/TC-Login Admin-001' successfully

2023-10-04 18:33:22 - [TEST_CASE][PASSED] - Test Cases/Login Admin/TC-Login Admin-001: Test Cases/Login Admin/TC-Login Admin-001

2023-10-04 18:33:22 - [TEST_STEP][PASSED] - openBrowser(adminTajalapak): Browser is opened with url: 'https://10.9.2.63/ecommerce/administrator'

2023-10-04 18:33:22 - [MESSAGE][WARNING] - A browser is already opened. Closing browser and opening a new one

2023-10-04 18:33:23 - [MESSAGE][INFO] - Starting 'Edge Chromium' driver

2023-10-04 18:33:23 - [MESSAGE][INFO] - User set preference: ['acceptInsecureCerts', 'true']

2023-10-04 18:33:23 - [MESSAGE][INFO] - Action delay is set to 0 milliseconds

2023-10-04 18:33:26 - [MESSAGE][PASSED] - Browser is opened with url: 'https://10.9.2.63/ecommerce/administrator'

2023-10-04 18:33:26 - [TEST_STEP][PASSED] - maximizeWindow(): Current window maximized

2023-10-04 18:33:26 - [MESSAGE][PASSED] - Current window maximized

2023-10-04 18:33:26 - [TEST_STEP][PASSED] - verifyElementPresent(findTestObject("Login Admin/Verifikasi Halaman Administrator"), 0): Object 'Object Repository/Login Admin/Verifikasi Halaman Administrator' is present

2023-10-04 18:33:26 - [MESSAGE][WARNING] - Timeout '0' is invalid. Using default page load timeout: '30'

2023-10-04 18:33:27 - [MESSAGE][PASSED] - Object 'Object Repository/Login Admin/Verifikasi Halaman Administrator' is present

2023-10-04 18:33:27 - [TEST_STEP][PASSED] - setText(findTestObject("Login Admin/Input Username Admin"), "admin"): Text 'admin' is set on object 'Object Repository/Login Admin/Input Username Admin'

2023-10-04 18:33:27 - [MESSAGE][PASSED] - Text 'admin' is set on object 'Object Repository/Login Admin/Input Username Admin'

2023-10-04 18:33:27 - [TEST_STEP][PASSED] - setEncryptedText(findTestObject("Login Admin/Input Password Admin"), "374mkdZ/lqyNS21oH+MJZQ=="): Text ****** has been set on object 'Object Repository/Login Admin/Input Password Admin'

2023-10-04 18:33:28 - [MESSAGE][PASSED] - Text ****** has been set on object 'Object Repository/Login Admin/Input Password Admin'

2023-10-04 18:33:28 - [TEST_STEP][PASSED] - delay(10): Delayed 10 second(s)

2023-10-04 18:33:38 - [MESSAGE][PASSED] - Delayed 10 second(s)

2023-10-04 18:33:38 - [TEST_STEP][PASSED] - click(findTestObject("Login Admin/Botton Sign In")): Object: 'Object Repository/Login Admin/Botton Sign In' is clicked on

2023-10-04 18:33:40 - [MESSAGE][PASSED] - Object: 'Object Repository/Login Admin/Botton Sign In' is clicked on

2023-10-04 18:33:40 - [TEST_STEP][PASSED] - verifyElementPresent(findTestObject("Login Admin/Verifikasi Halaman Login Admin"), 0): Object 'Object Repository/Login Admin/Verifikasi Halaman Login Admin' is present

2023-10-04 18:33:40 - [MESSAGE][WARNING] - Timeout '0' is invalid. Using default page load timeout: '30'

2023-10-04 18:33:40 - [MESSAGE][PASSED] - Object 'Object Repository/Login Admin/Verifikasi Halaman Login Admin' is present

2023-10-04 18:33:40 - [MESSAGE][PASSED] - Call Test Case 'Test Cases/Login Admin/TC-Login Admin-001' successfully

2023-10-04 18:33:40 - [TEST_STEP][PASSED] - click(findTestObject("Product Admin/Master Market")): Object: 'Object Repository/Product Admin/Master Market' is clicked on

2023-10-04 18:33:41 - [MESSAGE][PASSED] - Object: 'Object Repository/Product Admin/Master Market' is clicked on

2023-10-04 18:33:41 - [TEST_STEP][PASSED] - click(findTestObject("Product Admin/Produk Admin")): Object: 'Object Repository/Product Admin/Produk Admin' is clicked on

2023-10-04 18:33:42 - [MESSAGE][PASSED] - Object: 'Object Repository/Product Admin/Produk Admin' is clicked on

2023-10-04 18:33:42 - [TEST_STEP][PASSED] - verifyElementPresent(findTestObject("Product Admin/Veridikasi Halaman Semua Produk"), 0): Object 'Object Repository/Product Admin/Veridikasi Halaman Semua Produk' is present

2023-10-04 18:33:42 - [MESSAGE][WARNING] - Timeout '0' is invalid. Using default page load timeout: '30'

2023-10-04 18:33:43 - [MESSAGE][PASSED] - Object 'Object Repository/Product Admin/Veridikasi Halaman Semua Produk' is present

2023-10-04 18:33:43 - [MESSAGE][PASSED] - Call Test Case 'Test Cases/Product Admin/TC-PA-001' successfully

2023-10-04 18:33:43 - [TEST_STEP][PASSED] - click(findTestObject("Product Admin/Button Edit Product Fleksibel")): Object: 'Object Repository/Product Admin/Button Edit Product Fleksibel' is clicked on

2023-10-04 18:33:44 - [MESSAGE][PASSED] - Object: 'Object Repository/Product Admin/Button Edit Product Fleksibel' is clicked on

2023-10-04 18:33:44 - [TEST_STEP][PASSED] - verifyElementPresent(findTestObject("Product Admin/TambahProduk/Verifikasi Halaman Product Baru"), 0): Object 'Object Repository/Product Admin/TambahProduk/Verifikasi Halaman Product Baru' is present

2023-10-04 18:33:44 - [MESSAGE][WARNING] - Timeout '0' is invalid. Using default page load timeout: '30'

2023-10-04 18:33:44 - [MESSAGE][PASSED] - Object 'Object Repository/Product Admin/TambahProduk/Verifikasi Halaman Product Baru' is present

2023-10-04 18:33:44 - [TEST_STEP][PASSED] - setText(findTestObject("Product Admin/TambahProduk/Input Berat gram"), "-1"): Text '-1' is set on object 'Object Repository/Product Admin/TambahProduk/Input Berat gram'

2023-10-04 18:33:45 - [MESSAGE][PASSED] - Text '-1' is set on object 'Object Repository/Product Admin/TambahProduk/Input Berat gram'

2023-10-04 18:33:45 - [TEST_STEP][PASSED] - click(findTestObject("Product Admin/TambahProduk/Button Update Data")): Object: 'Object Repository/Product Admin/TambahProduk/Button Update Data' is clicked on

2023-10-04 18:33:46 - [MESSAGE][PASSED] - Object: 'Object Repository/Product Admin/TambahProduk/Button Update Data' is clicked on

2023-10-04 18:33:46 - [TEST_STEP][PASSED] - driver = getWebDriver(): null

2023-10-04 18:33:46 - [TEST_STEP][ERROR] - field_username_element = driver.findElement(By.xpath("//input[@name="berat"]")): Test Cases/Product Admin/TC-PAN-001 FAILED.
Reason:
org.openqa.selenium.NoSuchElementException: no such element: Unable to locate element: {"method":"xpath","selector":"//input[@name="berat"]"}
  (Session info: MicrosoftEdge=117.0.2045.47)
For documentation on this error, please visit: https://www.seleniumhq.org/exceptions/no_such_element.html
Build info: version: '3.141.59', revision: 'e82be7d358', time: '2018-11-14T08:25:53'
System info: host: 'RISWANDHA', ip: '10.9.2.19', os.name: 'Windows 10', os.arch: 'amd64', os.version: '10.0', java.version: '1.8.0_362'
Driver info: com.kms.katalon.selenium.driver.CEdgeDriver
Capabilities {acceptInsecureCerts: true, browserName: msedge, browserVersion: 117.0.2045.47, fedcm:accounts: true, javascriptEnabled: true, ms:edgeOptions: {debuggerAddress: localhost:56817}, msedge: {msedgedriverVersion: 117.0.2045.31 (fdd954ad1e8c..., userDataDir: C:\Users\Admin\AppData\Loca...}, networkConnectionEnabled: false, pageLoadStrategy: normal, platform: WINDOWS, platformName: WINDOWS, proxy: Proxy(), setWindowRect: true, strictFileInteractability: false, timeouts: {implicit: 0, pageLoad: 300000, script: 30000}, unhandledPromptBehavior: dismiss and notify, webauthn:extension:credBlob: true, webauthn:extension:largeBlob: true, webauthn:extension:minPinLength: true, webauthn:extension:prf: true, webauthn:virtualAuthenticators: true}
Session ID: 094690d84989c919f7756dbe8631acb0
*** Element info: {Using=xpath, value=//input[@name="berat"]}
	at org.openqa.selenium.remote.http.W3CHttpResponseCodec.createException(W3CHttpResponseCodec.java:187)
	at org.openqa.selenium.remote.http.W3CHttpResponseCodec.decode(W3CHttpResponseCodec.java:122)
	at org.openqa.selenium.remote.http.W3CHttpResponseCodec.decode(W3CHttpResponseCodec.java:49)
	at org.openqa.selenium.remote.HttpCommandExecutor.execute(HttpCommandExecutor.java:158)
	at org.openqa.selenium.remote.service.DriverCommandExecutor.execute(DriverCommandExecutor.java:83)
	at org.openqa.selenium.remote.RemoteWebDriver.execute(RemoteWebDriver.java:552)
	at com.kms.katalon.selenium.driver.CEdgeDriver.execute(CEdgeDriver.java:20)
	at org.openqa.selenium.remote.RemoteWebDriver.findElement(RemoteWebDriver.java:323)
	at org.openqa.selenium.remote.RemoteWebDriver.findElementByXPath(RemoteWebDriver.java:428)
	at org.openqa.selenium.By$ByXPath.findElement(By.java:353)
	at org.openqa.selenium.remote.RemoteWebDriver.findElement(RemoteWebDriver.java:315)
	at org.openqa.selenium.support.events.EventFiringWebDriver.lambda$new$1(EventFiringWebDriver.java:105)
	at com.sun.proxy.$Proxy10.findElement(Unknown Source)
	at org.openqa.selenium.support.events.EventFiringWebDriver.findElement(EventFiringWebDriver.java:194)
	at org.openqa.selenium.WebDriver$findElement.call(Unknown Source)
	at TC-PAN-001.run(TC-PAN-001:41)
	at com.kms.katalon.core.main.ScriptEngine.run(ScriptEngine.java:194)
	at com.kms.katalon.core.main.ScriptEngine.runScriptAsRawText(ScriptEngine.java:119)
	at com.kms.katalon.core.main.TestCaseExecutor.runScript(TestCaseExecutor.java:448)
	at com.kms.katalon.core.main.TestCaseExecutor.doExecute(TestCaseExecutor.java:439)
	at com.kms.katalon.core.main.TestCaseExecutor.processExecutionPhase(TestCaseExecutor.java:418)
	at com.kms.katalon.core.main.TestCaseExecutor.accessMainPhase(TestCaseExecutor.java:410)
	at com.kms.katalon.core.main.TestCaseExecutor.execute(TestCaseExecutor.java:285)
	at com.kms.katalon.core.common.CommonExecutor.accessTestCaseMainPhase(CommonExecutor.java:65)
	at com.kms.katalon.core.main.TestSuiteExecutor.accessTestSuiteMainPhase(TestSuiteExecutor.java:148)
	at com.kms.katalon.core.main.TestSuiteExecutor.execute(TestSuiteExecutor.java:106)
	at com.kms.katalon.core.main.TestCaseMain.startTestSuite(TestCaseMain.java:187)
	at com.kms.katalon.core.main.TestCaseMain$startTestSuite$0.call(Unknown Source)
	at TempTestSuite1696418169597.run(TempTestSuite1696418169597.groovy:36)


2023-10-04 18:33:47 - [MESSAGE][ERROR] - Test Cases/Product Admin/TC-PAN-001 FAILED.
Reason:
org.openqa.selenium.NoSuchElementException: no such element: Unable to locate element: {"method":"xpath","selector":"//input[@name="berat"]"}
  (Session info: MicrosoftEdge=117.0.2045.47)
For documentation on this error, please visit: https://www.seleniumhq.org/exceptions/no_such_element.html
Build info: version: '3.141.59', revision: 'e82be7d358', time: '2018-11-14T08:25:53'
System info: host: 'RISWANDHA', ip: '10.9.2.19', os.name: 'Windows 10', os.arch: 'amd64', os.version: '10.0', java.version: '1.8.0_362'
Driver info: com.kms.katalon.selenium.driver.CEdgeDriver
Capabilities {acceptInsecureCerts: true, browserName: msedge, browserVersion: 117.0.2045.47, fedcm:accounts: true, javascriptEnabled: true, ms:edgeOptions: {debuggerAddress: localhost:56817}, msedge: {msedgedriverVersion: 117.0.2045.31 (fdd954ad1e8c..., userDataDir: C:\Users\Admin\AppData\Loca...}, networkConnectionEnabled: false, pageLoadStrategy: normal, platform: WINDOWS, platformName: WINDOWS, proxy: Proxy(), setWindowRect: true, strictFileInteractability: false, timeouts: {implicit: 0, pageLoad: 300000, script: 30000}, unhandledPromptBehavior: dismiss and notify, webauthn:extension:credBlob: true, webauthn:extension:largeBlob: true, webauthn:extension:minPinLength: true, webauthn:extension:prf: true, webauthn:virtualAuthenticators: true}
Session ID: 094690d84989c919f7756dbe8631acb0
*** Element info: {Using=xpath, value=//input[@name="berat"]}
	at org.openqa.selenium.remote.http.W3CHttpResponseCodec.createException(W3CHttpResponseCodec.java:187)
	at org.openqa.selenium.remote.http.W3CHttpResponseCodec.decode(W3CHttpResponseCodec.java:122)
	at org.openqa.selenium.remote.http.W3CHttpResponseCodec.decode(W3CHttpResponseCodec.java:49)
	at org.openqa.selenium.remote.HttpCommandExecutor.execute(HttpCommandExecutor.java:158)
	at org.openqa.selenium.remote.service.DriverCommandExecutor.execute(DriverCommandExecutor.java:83)
	at org.openqa.selenium.remote.RemoteWebDriver.execute(RemoteWebDriver.java:552)
	at com.kms.katalon.selenium.driver.CEdgeDriver.execute(CEdgeDriver.java:20)
	at org.openqa.selenium.remote.RemoteWebDriver.findElement(RemoteWebDriver.java:323)
	at org.openqa.selenium.remote.RemoteWebDriver.findElementByXPath(RemoteWebDriver.java:428)
	at org.openqa.selenium.By$ByXPath.findElement(By.java:353)
	at org.openqa.selenium.remote.RemoteWebDriver.findElement(RemoteWebDriver.java:315)
	at org.openqa.selenium.support.events.EventFiringWebDriver.lambda$new$1(EventFiringWebDriver.java:105)
	at com.sun.proxy.$Proxy10.findElement(Unknown Source)
	at org.openqa.selenium.support.events.EventFiringWebDriver.findElement(EventFiringWebDriver.java:194)
	at org.openqa.selenium.WebDriver$findElement.call(Unknown Source)
	at TC-PAN-001.run(TC-PAN-001:41)
	at com.kms.katalon.core.main.ScriptEngine.run(ScriptEngine.java:194)
	at com.kms.katalon.core.main.ScriptEngine.runScriptAsRawText(ScriptEngine.java:119)
	at com.kms.katalon.core.main.TestCaseExecutor.runScript(TestCaseExecutor.java:448)
	at com.kms.katalon.core.main.TestCaseExecutor.doExecute(TestCaseExecutor.java:439)
	at com.kms.katalon.core.main.TestCaseExecutor.processExecutionPhase(TestCaseExecutor.java:418)
	at com.kms.katalon.core.main.TestCaseExecutor.accessMainPhase(TestCaseExecutor.java:410)
	at com.kms.katalon.core.main.TestCaseExecutor.execute(TestCaseExecutor.java:285)
	at com.kms.katalon.core.common.CommonExecutor.accessTestCaseMainPhase(CommonExecutor.java:65)
	at com.kms.katalon.core.main.TestSuiteExecutor.accessTestSuiteMainPhase(TestSuiteExecutor.java:148)
	at com.kms.katalon.core.main.TestSuiteExecutor.execute(TestSuiteExecutor.java:106)
	at com.kms.katalon.core.main.TestCaseMain.startTestSuite(TestCaseMain.java:187)
	at com.kms.katalon.core.main.TestCaseMain$startTestSuite$0.call(Unknown Source)
	at TempTestSuite1696418169597.run(TempTestSuite1696418169597.groovy:36)]]></system-out>
         <system-err><![CDATA[2023-10-04 18:33:21 - [TEST_CASE][ERROR] - Test Cases/Product Admin/TC-PAN-001: Test Cases/Product Admin/TC-PAN-001 FAILED.
Reason:
org.openqa.selenium.NoSuchElementException: no such element: Unable to locate element: {"method":"xpath","selector":"//input[@name="berat"]"}
  (Session info: MicrosoftEdge=117.0.2045.47)
For documentation on this error, please visit: https://www.seleniumhq.org/exceptions/no_such_element.html
Build info: version: '3.141.59', revision: 'e82be7d358', time: '2018-11-14T08:25:53'
System info: host: 'RISWANDHA', ip: '10.9.2.19', os.name: 'Windows 10', os.arch: 'amd64', os.version: '10.0', java.version: '1.8.0_362'
Driver info: com.kms.katalon.selenium.driver.CEdgeDriver
Capabilities {acceptInsecureCerts: true, browserName: msedge, browserVersion: 117.0.2045.47, fedcm:accounts: true, javascriptEnabled: true, ms:edgeOptions: {debuggerAddress: localhost:56817}, msedge: {msedgedriverVersion: 117.0.2045.31 (fdd954ad1e8c..., userDataDir: C:\Users\Admin\AppData\Loca...}, networkConnectionEnabled: false, pageLoadStrategy: normal, platform: WINDOWS, platformName: WINDOWS, proxy: Proxy(), setWindowRect: true, strictFileInteractability: false, timeouts: {implicit: 0, pageLoad: 300000, script: 30000}, unhandledPromptBehavior: dismiss and notify, webauthn:extension:credBlob: true, webauthn:extension:largeBlob: true, webauthn:extension:minPinLength: true, webauthn:extension:prf: true, webauthn:virtualAuthenticators: true}
Session ID: 094690d84989c919f7756dbe8631acb0
*** Element info: {Using=xpath, value=//input[@name="berat"]}
	at org.openqa.selenium.remote.http.W3CHttpResponseCodec.createException(W3CHttpResponseCodec.java:187)
	at org.openqa.selenium.remote.http.W3CHttpResponseCodec.decode(W3CHttpResponseCodec.java:122)
	at org.openqa.selenium.remote.http.W3CHttpResponseCodec.decode(W3CHttpResponseCodec.java:49)
	at org.openqa.selenium.remote.HttpCommandExecutor.execute(HttpCommandExecutor.java:158)
	at org.openqa.selenium.remote.service.DriverCommandExecutor.execute(DriverCommandExecutor.java:83)
	at org.openqa.selenium.remote.RemoteWebDriver.execute(RemoteWebDriver.java:552)
	at com.kms.katalon.selenium.driver.CEdgeDriver.execute(CEdgeDriver.java:20)
	at org.openqa.selenium.remote.RemoteWebDriver.findElement(RemoteWebDriver.java:323)
	at org.openqa.selenium.remote.RemoteWebDriver.findElementByXPath(RemoteWebDriver.java:428)
	at org.openqa.selenium.By$ByXPath.findElement(By.java:353)
	at org.openqa.selenium.remote.RemoteWebDriver.findElement(RemoteWebDriver.java:315)
	at org.openqa.selenium.support.events.EventFiringWebDriver.lambda$new$1(EventFiringWebDriver.java:105)
	at com.sun.proxy.$Proxy10.findElement(Unknown Source)
	at org.openqa.selenium.support.events.EventFiringWebDriver.findElement(EventFiringWebDriver.java:194)
	at org.openqa.selenium.WebDriver$findElement.call(Unknown Source)
	at TC-PAN-001.run(TC-PAN-001:41)
	at com.kms.katalon.core.main.ScriptEngine.run(ScriptEngine.java:194)
	at com.kms.katalon.core.main.ScriptEngine.runScriptAsRawText(ScriptEngine.java:119)
	at com.kms.katalon.core.main.TestCaseExecutor.runScript(TestCaseExecutor.java:448)
	at com.kms.katalon.core.main.TestCaseExecutor.doExecute(TestCaseExecutor.java:439)
	at com.kms.katalon.core.main.TestCaseExecutor.processExecutionPhase(TestCaseExecutor.java:418)
	at com.kms.katalon.core.main.TestCaseExecutor.accessMainPhase(TestCaseExecutor.java:410)
	at com.kms.katalon.core.main.TestCaseExecutor.execute(TestCaseExecutor.java:285)
	at com.kms.katalon.core.common.CommonExecutor.accessTestCaseMainPhase(CommonExecutor.java:65)
	at com.kms.katalon.core.main.TestSuiteExecutor.accessTestSuiteMainPhase(TestSuiteExecutor.java:148)
	at com.kms.katalon.core.main.TestSuiteExecutor.execute(TestSuiteExecutor.java:106)
	at com.kms.katalon.core.main.TestCaseMain.startTestSuite(TestCaseMain.java:187)
	at com.kms.katalon.core.main.TestCaseMain$startTestSuite$0.call(Unknown Source)
	at TempTestSuite1696418169597.run(TempTestSuite1696418169597.groovy:36)]]></system-err>
      </testcase>
      <testcase name="Test Cases/Product Admin/TC-PAN-002" time="25.006" classname="Test Cases/Product Admin/TC-PAN-002" status="PASSED">
         <system-out><![CDATA[2023-10-04 18:33:47 - [TEST_CASE][PASSED] - Test Cases/Product Admin/TC-PAN-002: Test Cases/Product Admin/TC-PAN-002

2023-10-04 18:33:47 - [TEST_STEP][PASSED] - callTestCase(findTestCase("Product Admin/TC-PA-001"), [:], STOP_ON_FAILURE): Call Test Case 'Test Cases/Product Admin/TC-PA-001' successfully

2023-10-04 18:33:47 - [TEST_CASE][PASSED] - Test Cases/Product Admin/TC-PA-001: Test Cases/Product Admin/TC-PA-001

2023-10-04 18:33:47 - [TEST_STEP][PASSED] - callTestCase(findTestCase("Login Admin/TC-Login Admin-001"), [:], STOP_ON_FAILURE): Call Test Case 'Test Cases/Login Admin/TC-Login Admin-001' successfully

2023-10-04 18:33:47 - [TEST_CASE][PASSED] - Test Cases/Login Admin/TC-Login Admin-001: Test Cases/Login Admin/TC-Login Admin-001

2023-10-04 18:33:47 - [TEST_STEP][PASSED] - openBrowser(adminTajalapak): Browser is opened with url: 'https://10.9.2.63/ecommerce/administrator'

2023-10-04 18:33:47 - [MESSAGE][WARNING] - A browser is already opened. Closing browser and opening a new one

2023-10-04 18:33:48 - [MESSAGE][INFO] - Starting 'Edge Chromium' driver

2023-10-04 18:33:48 - [MESSAGE][INFO] - User set preference: ['acceptInsecureCerts', 'true']

2023-10-04 18:33:49 - [MESSAGE][INFO] - Action delay is set to 0 milliseconds

2023-10-04 18:33:51 - [MESSAGE][PASSED] - Browser is opened with url: 'https://10.9.2.63/ecommerce/administrator'

2023-10-04 18:33:51 - [TEST_STEP][PASSED] - maximizeWindow(): Current window maximized

2023-10-04 18:33:51 - [MESSAGE][PASSED] - Current window maximized

2023-10-04 18:33:51 - [TEST_STEP][PASSED] - verifyElementPresent(findTestObject("Login Admin/Verifikasi Halaman Administrator"), 0): Object 'Object Repository/Login Admin/Verifikasi Halaman Administrator' is present

2023-10-04 18:33:51 - [MESSAGE][WARNING] - Timeout '0' is invalid. Using default page load timeout: '30'

2023-10-04 18:33:51 - [MESSAGE][PASSED] - Object 'Object Repository/Login Admin/Verifikasi Halaman Administrator' is present

2023-10-04 18:33:51 - [TEST_STEP][PASSED] - setText(findTestObject("Login Admin/Input Username Admin"), "admin"): Text 'admin' is set on object 'Object Repository/Login Admin/Input Username Admin'

2023-10-04 18:33:52 - [MESSAGE][PASSED] - Text 'admin' is set on object 'Object Repository/Login Admin/Input Username Admin'

2023-10-04 18:33:52 - [TEST_STEP][PASSED] - setEncryptedText(findTestObject("Login Admin/Input Password Admin"), "374mkdZ/lqyNS21oH+MJZQ=="): Text ****** has been set on object 'Object Repository/Login Admin/Input Password Admin'

2023-10-04 18:33:53 - [MESSAGE][PASSED] - Text ****** has been set on object 'Object Repository/Login Admin/Input Password Admin'

2023-10-04 18:33:53 - [TEST_STEP][PASSED] - delay(10): Delayed 10 second(s)

2023-10-04 18:34:03 - [MESSAGE][PASSED] - Delayed 10 second(s)

2023-10-04 18:34:03 - [TEST_STEP][PASSED] - click(findTestObject("Login Admin/Botton Sign In")): Object: 'Object Repository/Login Admin/Botton Sign In' is clicked on

2023-10-04 18:34:04 - [MESSAGE][PASSED] - Object: 'Object Repository/Login Admin/Botton Sign In' is clicked on

2023-10-04 18:34:04 - [TEST_STEP][PASSED] - verifyElementPresent(findTestObject("Login Admin/Verifikasi Halaman Login Admin"), 0): Object 'Object Repository/Login Admin/Verifikasi Halaman Login Admin' is present

2023-10-04 18:34:04 - [MESSAGE][WARNING] - Timeout '0' is invalid. Using default page load timeout: '30'

2023-10-04 18:34:05 - [MESSAGE][PASSED] - Object 'Object Repository/Login Admin/Verifikasi Halaman Login Admin' is present

2023-10-04 18:34:05 - [MESSAGE][PASSED] - Call Test Case 'Test Cases/Login Admin/TC-Login Admin-001' successfully

2023-10-04 18:34:05 - [TEST_STEP][PASSED] - click(findTestObject("Product Admin/Master Market")): Object: 'Object Repository/Product Admin/Master Market' is clicked on

2023-10-04 18:34:05 - [MESSAGE][PASSED] - Object: 'Object Repository/Product Admin/Master Market' is clicked on

2023-10-04 18:34:05 - [TEST_STEP][PASSED] - click(findTestObject("Product Admin/Produk Admin")): Object: 'Object Repository/Product Admin/Produk Admin' is clicked on

2023-10-04 18:34:07 - [MESSAGE][PASSED] - Object: 'Object Repository/Product Admin/Produk Admin' is clicked on

2023-10-04 18:34:07 - [TEST_STEP][PASSED] - verifyElementPresent(findTestObject("Product Admin/Veridikasi Halaman Semua Produk"), 0): Object 'Object Repository/Product Admin/Veridikasi Halaman Semua Produk' is present

2023-10-04 18:34:07 - [MESSAGE][WARNING] - Timeout '0' is invalid. Using default page load timeout: '30'

2023-10-04 18:34:07 - [MESSAGE][PASSED] - Object 'Object Repository/Product Admin/Veridikasi Halaman Semua Produk' is present

2023-10-04 18:34:07 - [MESSAGE][PASSED] - Call Test Case 'Test Cases/Product Admin/TC-PA-001' successfully

2023-10-04 18:34:07 - [TEST_STEP][PASSED] - click(findTestObject("Product Admin/Button Tambahkan Data")): Object: 'Object Repository/Product Admin/Button Tambahkan Data' is clicked on

2023-10-04 18:34:08 - [MESSAGE][PASSED] - Object: 'Object Repository/Product Admin/Button Tambahkan Data' is clicked on

2023-10-04 18:34:08 - [TEST_STEP][PASSED] - verifyElementPresent(findTestObject("Product Admin/TambahProduk/Verifikasi Halaman Product Baru"), 0): Object 'Object Repository/Product Admin/TambahProduk/Verifikasi Halaman Product Baru' is present

2023-10-04 18:34:08 - [MESSAGE][WARNING] - Timeout '0' is invalid. Using default page load timeout: '30'

2023-10-04 18:34:09 - [MESSAGE][PASSED] - Object 'Object Repository/Product Admin/TambahProduk/Verifikasi Halaman Product Baru' is present

2023-10-04 18:34:09 - [TEST_STEP][PASSED] - setText(findTestObject("Product Admin/TambahProduk/Input Pemilik"), "Toko Koko"): Text 'Toko Koko' is set on object 'Object Repository/Product Admin/TambahProduk/Input Pemilik'

2023-10-04 18:34:10 - [MESSAGE][PASSED] - Text 'Toko Koko' is set on object 'Object Repository/Product Admin/TambahProduk/Input Pemilik'

2023-10-04 18:34:10 - [TEST_STEP][PASSED] - click(findTestObject("Product Admin/TambahProduk/Pemilik Toko Koko")): Object: 'Object Repository/Product Admin/TambahProduk/Pemilik Toko Koko' is clicked on

2023-10-04 18:34:10 - [MESSAGE][PASSED] - Object: 'Object Repository/Product Admin/TambahProduk/Pemilik Toko Koko' is clicked on

2023-10-04 18:34:10 - [TEST_STEP][PASSED] - selectOptionByValue(findTestObject("Product Admin/TambahProduk/Pilih Katagori"), "6", false): All options with value '6' are selected in object 'Object Repository/Product Admin/TambahProduk/Pilih Katagori' 

2023-10-04 18:34:11 - [MESSAGE][PASSED] - All options with value '6' are selected in object 'Object Repository/Product Admin/TambahProduk/Pilih Katagori' 

2023-10-04 18:34:11 - [TEST_STEP][PASSED] - click(findTestObject("Product Admin/TambahProduk/Button Tambahkan")): Object: 'Object Repository/Product Admin/TambahProduk/Button Tambahkan' is clicked on

2023-10-04 18:34:11 - [MESSAGE][PASSED] - Object: 'Object Repository/Product Admin/TambahProduk/Button Tambahkan' is clicked on

2023-10-04 18:34:11 - [TEST_STEP][PASSED] - driver = getWebDriver(): null

2023-10-04 18:34:11 - [TEST_STEP][PASSED] - field_username_element = driver.findElement(By.xpath("//input[@name="b"]")): null

2023-10-04 18:34:12 - [TEST_STEP][PASSED] - accept_button_message = driver.executeScript("return arguments[0].validationMessage", field_username_element): null

2023-10-04 18:34:12 - [TEST_STEP][PASSED] - println(accept_button_message): null

2023-10-04 18:34:12 - [TEST_STEP][PASSED] - assert accept_button_message == "Please fill out this field.": null]]></system-out>
         <system-err><![CDATA[]]></system-err>
      </testcase>
      <testcase name="Test Cases/Product Admin/TC-PAN-003" time="24.829" classname="Test Cases/Product Admin/TC-PAN-003" status="PASSED">
         <system-out><![CDATA[2023-10-04 18:34:12 - [TEST_CASE][PASSED] - Test Cases/Product Admin/TC-PAN-003: Test Cases/Product Admin/TC-PAN-003

2023-10-04 18:34:12 - [TEST_STEP][PASSED] - callTestCase(findTestCase("Product Admin/TC-PA-001"), [:], STOP_ON_FAILURE): Call Test Case 'Test Cases/Product Admin/TC-PA-001' successfully

2023-10-04 18:34:12 - [TEST_CASE][PASSED] - Test Cases/Product Admin/TC-PA-001: Test Cases/Product Admin/TC-PA-001

2023-10-04 18:34:12 - [TEST_STEP][PASSED] - callTestCase(findTestCase("Login Admin/TC-Login Admin-001"), [:], STOP_ON_FAILURE): Call Test Case 'Test Cases/Login Admin/TC-Login Admin-001' successfully

2023-10-04 18:34:12 - [TEST_CASE][PASSED] - Test Cases/Login Admin/TC-Login Admin-001: Test Cases/Login Admin/TC-Login Admin-001

2023-10-04 18:34:12 - [TEST_STEP][PASSED] - openBrowser(adminTajalapak): Browser is opened with url: 'https://10.9.2.63/ecommerce/administrator'

2023-10-04 18:34:12 - [MESSAGE][WARNING] - A browser is already opened. Closing browser and opening a new one

2023-10-04 18:34:13 - [MESSAGE][INFO] - Starting 'Edge Chromium' driver

2023-10-04 18:34:13 - [MESSAGE][INFO] - User set preference: ['acceptInsecureCerts', 'true']

2023-10-04 18:34:14 - [MESSAGE][INFO] - Action delay is set to 0 milliseconds

2023-10-04 18:34:16 - [MESSAGE][PASSED] - Browser is opened with url: 'https://10.9.2.63/ecommerce/administrator'

2023-10-04 18:34:16 - [TEST_STEP][PASSED] - maximizeWindow(): Current window maximized

2023-10-04 18:34:16 - [MESSAGE][PASSED] - Current window maximized

2023-10-04 18:34:16 - [TEST_STEP][PASSED] - verifyElementPresent(findTestObject("Login Admin/Verifikasi Halaman Administrator"), 0): Object 'Object Repository/Login Admin/Verifikasi Halaman Administrator' is present

2023-10-04 18:34:16 - [MESSAGE][WARNING] - Timeout '0' is invalid. Using default page load timeout: '30'

2023-10-04 18:34:17 - [MESSAGE][PASSED] - Object 'Object Repository/Login Admin/Verifikasi Halaman Administrator' is present

2023-10-04 18:34:17 - [TEST_STEP][PASSED] - setText(findTestObject("Login Admin/Input Username Admin"), "admin"): Text 'admin' is set on object 'Object Repository/Login Admin/Input Username Admin'

2023-10-04 18:34:18 - [MESSAGE][PASSED] - Text 'admin' is set on object 'Object Repository/Login Admin/Input Username Admin'

2023-10-04 18:34:18 - [TEST_STEP][PASSED] - setEncryptedText(findTestObject("Login Admin/Input Password Admin"), "374mkdZ/lqyNS21oH+MJZQ=="): Text ****** has been set on object 'Object Repository/Login Admin/Input Password Admin'

2023-10-04 18:34:18 - [MESSAGE][PASSED] - Text ****** has been set on object 'Object Repository/Login Admin/Input Password Admin'

2023-10-04 18:34:18 - [TEST_STEP][PASSED] - delay(10): Delayed 10 second(s)

2023-10-04 18:34:28 - [MESSAGE][PASSED] - Delayed 10 second(s)

2023-10-04 18:34:28 - [TEST_STEP][PASSED] - click(findTestObject("Login Admin/Botton Sign In")): Object: 'Object Repository/Login Admin/Botton Sign In' is clicked on

2023-10-04 18:34:30 - [MESSAGE][PASSED] - Object: 'Object Repository/Login Admin/Botton Sign In' is clicked on

2023-10-04 18:34:30 - [TEST_STEP][PASSED] - verifyElementPresent(findTestObject("Login Admin/Verifikasi Halaman Login Admin"), 0): Object 'Object Repository/Login Admin/Verifikasi Halaman Login Admin' is present

2023-10-04 18:34:30 - [MESSAGE][WARNING] - Timeout '0' is invalid. Using default page load timeout: '30'

2023-10-04 18:34:31 - [MESSAGE][PASSED] - Object 'Object Repository/Login Admin/Verifikasi Halaman Login Admin' is present

2023-10-04 18:34:31 - [MESSAGE][PASSED] - Call Test Case 'Test Cases/Login Admin/TC-Login Admin-001' successfully

2023-10-04 18:34:31 - [TEST_STEP][PASSED] - click(findTestObject("Product Admin/Master Market")): Object: 'Object Repository/Product Admin/Master Market' is clicked on

2023-10-04 18:34:31 - [MESSAGE][PASSED] - Object: 'Object Repository/Product Admin/Master Market' is clicked on

2023-10-04 18:34:31 - [TEST_STEP][PASSED] - click(findTestObject("Product Admin/Produk Admin")): Object: 'Object Repository/Product Admin/Produk Admin' is clicked on

2023-10-04 18:34:33 - [MESSAGE][PASSED] - Object: 'Object Repository/Product Admin/Produk Admin' is clicked on

2023-10-04 18:34:33 - [TEST_STEP][PASSED] - verifyElementPresent(findTestObject("Product Admin/Veridikasi Halaman Semua Produk"), 0): Object 'Object Repository/Product Admin/Veridikasi Halaman Semua Produk' is present

2023-10-04 18:34:33 - [MESSAGE][WARNING] - Timeout '0' is invalid. Using default page load timeout: '30'

2023-10-04 18:34:33 - [MESSAGE][PASSED] - Object 'Object Repository/Product Admin/Veridikasi Halaman Semua Produk' is present

2023-10-04 18:34:33 - [MESSAGE][PASSED] - Call Test Case 'Test Cases/Product Admin/TC-PA-001' successfully

2023-10-04 18:34:33 - [TEST_STEP][PASSED] - click(findTestObject("Product Admin/Button Tambahkan Data")): Object: 'Object Repository/Product Admin/Button Tambahkan Data' is clicked on

2023-10-04 18:34:34 - [MESSAGE][PASSED] - Object: 'Object Repository/Product Admin/Button Tambahkan Data' is clicked on

2023-10-04 18:34:34 - [TEST_STEP][PASSED] - verifyElementPresent(findTestObject("Product Admin/TambahProduk/Verifikasi Halaman Product Baru"), 0): Object 'Object Repository/Product Admin/TambahProduk/Verifikasi Halaman Product Baru' is present

2023-10-04 18:34:34 - [MESSAGE][WARNING] - Timeout '0' is invalid. Using default page load timeout: '30'

2023-10-04 18:34:34 - [MESSAGE][PASSED] - Object 'Object Repository/Product Admin/TambahProduk/Verifikasi Halaman Product Baru' is present

2023-10-04 18:34:34 - [TEST_STEP][PASSED] - setText(findTestObject("Product Admin/TambahProduk/Input Pemilik"), "Toko Koko"): Text 'Toko Koko' is set on object 'Object Repository/Product Admin/TambahProduk/Input Pemilik'

2023-10-04 18:34:35 - [MESSAGE][PASSED] - Text 'Toko Koko' is set on object 'Object Repository/Product Admin/TambahProduk/Input Pemilik'

2023-10-04 18:34:35 - [TEST_STEP][PASSED] - click(findTestObject("Product Admin/TambahProduk/Pemilik Toko Koko")): Object: 'Object Repository/Product Admin/TambahProduk/Pemilik Toko Koko' is clicked on

2023-10-04 18:34:36 - [MESSAGE][PASSED] - Object: 'Object Repository/Product Admin/TambahProduk/Pemilik Toko Koko' is clicked on

2023-10-04 18:34:36 - [TEST_STEP][PASSED] - click(findTestObject("Product Admin/TambahProduk/Button Tambahkan")): Object: 'Object Repository/Product Admin/TambahProduk/Button Tambahkan' is clicked on

2023-10-04 18:34:36 - [MESSAGE][PASSED] - Object: 'Object Repository/Product Admin/TambahProduk/Button Tambahkan' is clicked on

2023-10-04 18:34:36 - [TEST_STEP][PASSED] - driver = getWebDriver(): null

2023-10-04 18:34:36 - [TEST_STEP][PASSED] - field_username_element = driver.findElement(By.xpath("//select[@name="a"]")): null

2023-10-04 18:34:37 - [TEST_STEP][PASSED] - accept_button_message = driver.executeScript("return arguments[0].validationMessage", field_username_element): null

2023-10-04 18:34:37 - [TEST_STEP][PASSED] - println(accept_button_message): null

2023-10-04 18:34:37 - [TEST_STEP][PASSED] - assert accept_button_message == "Please select an item in the list.": null]]></system-out>
         <system-err><![CDATA[]]></system-err>
      </testcase>
      <testcase name="Test Cases/Product Admin/TC-PAN-004" time="25.126" classname="Test Cases/Product Admin/TC-PAN-004" status="PASSED">
         <system-out><![CDATA[2023-10-04 18:34:37 - [TEST_CASE][PASSED] - Test Cases/Product Admin/TC-PAN-004: Test Cases/Product Admin/TC-PAN-004

2023-10-04 18:34:37 - [TEST_STEP][PASSED] - callTestCase(findTestCase("Product Admin/TC-PA-001"), [:], STOP_ON_FAILURE): Call Test Case 'Test Cases/Product Admin/TC-PA-001' successfully

2023-10-04 18:34:37 - [TEST_CASE][PASSED] - Test Cases/Product Admin/TC-PA-001: Test Cases/Product Admin/TC-PA-001

2023-10-04 18:34:37 - [TEST_STEP][PASSED] - callTestCase(findTestCase("Login Admin/TC-Login Admin-001"), [:], STOP_ON_FAILURE): Call Test Case 'Test Cases/Login Admin/TC-Login Admin-001' successfully

2023-10-04 18:34:37 - [TEST_CASE][PASSED] - Test Cases/Login Admin/TC-Login Admin-001: Test Cases/Login Admin/TC-Login Admin-001

2023-10-04 18:34:37 - [TEST_STEP][PASSED] - openBrowser(adminTajalapak): Browser is opened with url: 'https://10.9.2.63/ecommerce/administrator'

2023-10-04 18:34:37 - [MESSAGE][WARNING] - A browser is already opened. Closing browser and opening a new one

2023-10-04 18:34:38 - [MESSAGE][INFO] - Starting 'Edge Chromium' driver

2023-10-04 18:34:38 - [MESSAGE][INFO] - User set preference: ['acceptInsecureCerts', 'true']

2023-10-04 18:34:39 - [MESSAGE][INFO] - Action delay is set to 0 milliseconds

2023-10-04 18:34:41 - [MESSAGE][PASSED] - Browser is opened with url: 'https://10.9.2.63/ecommerce/administrator'

2023-10-04 18:34:41 - [TEST_STEP][PASSED] - maximizeWindow(): Current window maximized

2023-10-04 18:34:42 - [MESSAGE][PASSED] - Current window maximized

2023-10-04 18:34:42 - [TEST_STEP][PASSED] - verifyElementPresent(findTestObject("Login Admin/Verifikasi Halaman Administrator"), 0): Object 'Object Repository/Login Admin/Verifikasi Halaman Administrator' is present

2023-10-04 18:34:42 - [MESSAGE][WARNING] - Timeout '0' is invalid. Using default page load timeout: '30'

2023-10-04 18:34:42 - [MESSAGE][PASSED] - Object 'Object Repository/Login Admin/Verifikasi Halaman Administrator' is present

2023-10-04 18:34:42 - [TEST_STEP][PASSED] - setText(findTestObject("Login Admin/Input Username Admin"), "admin"): Text 'admin' is set on object 'Object Repository/Login Admin/Input Username Admin'

2023-10-04 18:34:43 - [MESSAGE][PASSED] - Text 'admin' is set on object 'Object Repository/Login Admin/Input Username Admin'

2023-10-04 18:34:43 - [TEST_STEP][PASSED] - setEncryptedText(findTestObject("Login Admin/Input Password Admin"), "374mkdZ/lqyNS21oH+MJZQ=="): Text ****** has been set on object 'Object Repository/Login Admin/Input Password Admin'

2023-10-04 18:34:43 - [MESSAGE][PASSED] - Text ****** has been set on object 'Object Repository/Login Admin/Input Password Admin'

2023-10-04 18:34:43 - [TEST_STEP][PASSED] - delay(10): Delayed 10 second(s)

2023-10-04 18:34:53 - [MESSAGE][PASSED] - Delayed 10 second(s)

2023-10-04 18:34:53 - [TEST_STEP][PASSED] - click(findTestObject("Login Admin/Botton Sign In")): Object: 'Object Repository/Login Admin/Botton Sign In' is clicked on

2023-10-04 18:34:55 - [MESSAGE][PASSED] - Object: 'Object Repository/Login Admin/Botton Sign In' is clicked on

2023-10-04 18:34:55 - [TEST_STEP][PASSED] - verifyElementPresent(findTestObject("Login Admin/Verifikasi Halaman Login Admin"), 0): Object 'Object Repository/Login Admin/Verifikasi Halaman Login Admin' is present

2023-10-04 18:34:55 - [MESSAGE][WARNING] - Timeout '0' is invalid. Using default page load timeout: '30'

2023-10-04 18:34:55 - [MESSAGE][PASSED] - Object 'Object Repository/Login Admin/Verifikasi Halaman Login Admin' is present

2023-10-04 18:34:55 - [MESSAGE][PASSED] - Call Test Case 'Test Cases/Login Admin/TC-Login Admin-001' successfully

2023-10-04 18:34:55 - [TEST_STEP][PASSED] - click(findTestObject("Product Admin/Master Market")): Object: 'Object Repository/Product Admin/Master Market' is clicked on

2023-10-04 18:34:56 - [MESSAGE][PASSED] - Object: 'Object Repository/Product Admin/Master Market' is clicked on

2023-10-04 18:34:56 - [TEST_STEP][PASSED] - click(findTestObject("Product Admin/Produk Admin")): Object: 'Object Repository/Product Admin/Produk Admin' is clicked on

2023-10-04 18:34:57 - [MESSAGE][PASSED] - Object: 'Object Repository/Product Admin/Produk Admin' is clicked on

2023-10-04 18:34:57 - [TEST_STEP][PASSED] - verifyElementPresent(findTestObject("Product Admin/Veridikasi Halaman Semua Produk"), 0): Object 'Object Repository/Product Admin/Veridikasi Halaman Semua Produk' is present

2023-10-04 18:34:57 - [MESSAGE][WARNING] - Timeout '0' is invalid. Using default page load timeout: '30'

2023-10-04 18:34:58 - [MESSAGE][PASSED] - Object 'Object Repository/Product Admin/Veridikasi Halaman Semua Produk' is present

2023-10-04 18:34:58 - [MESSAGE][PASSED] - Call Test Case 'Test Cases/Product Admin/TC-PA-001' successfully

2023-10-04 18:34:58 - [TEST_STEP][PASSED] - click(findTestObject("Product Admin/Button Edit Product Fleksibel")): Object: 'Object Repository/Product Admin/Button Edit Product Fleksibel' is clicked on

2023-10-04 18:34:59 - [MESSAGE][PASSED] - Object: 'Object Repository/Product Admin/Button Edit Product Fleksibel' is clicked on

2023-10-04 18:34:59 - [TEST_STEP][PASSED] - uploadFile(findTestObject("Product Admin/TambahProduk/Input File"), "E:\Pelatihan\Xsis Academy\baju Koko kids oranye.jpg"): File 'E:\Pelatihan\Xsis Academy\baju Koko kids oranye.jpg' sent to object: 'Object Repository/Product Admin/TambahProduk/Input File'

2023-10-04 18:35:01 - [MESSAGE][PASSED] - File 'E:\Pelatihan\Xsis Academy\baju Koko kids oranye.jpg' sent to object: 'Object Repository/Product Admin/TambahProduk/Input File'

2023-10-04 18:35:01 - [TEST_STEP][PASSED] - verifyElementPresent(findTestObject("Product Admin/TambahProduk/File Error Image Json Format"), 0): Object 'Object Repository/Product Admin/TambahProduk/File Error Image Json Format' is present

2023-10-04 18:35:01 - [MESSAGE][WARNING] - Timeout '0' is invalid. Using default page load timeout: '30'

2023-10-04 18:35:02 - [MESSAGE][PASSED] - Object 'Object Repository/Product Admin/TambahProduk/File Error Image Json Format' is present]]></system-out>
         <system-err><![CDATA[]]></system-err>
      </testcase>
      <testcase name="Test Cases/Product Admin/TC-PAN-005" time="23.59" classname="Test Cases/Product Admin/TC-PAN-005" status="FAILED">
         <failure type="FAILED" message="Test Cases/Product Admin/TC-PAN-005 FAILED.
Reason:
com.kms.katalon.core.exception.StepFailedException: Verify element text of test object 'Object Repository/Product Admin/TambahProduk/Verifikasi File Lebih besar dari 10MB' FAILED.
	at com.kms.katalon.core.webui.keyword.internal.WebUIKeywordMain.stepFailed(WebUIKeywordMain.groovy:64)
	at com.kms.katalon.core.webui.keyword.internal.WebUIKeywordMain.runKeyword(WebUIKeywordMain.groovy:26)
	at com.kms.katalon.core.webui.keyword.builtin.VerifyElementTextKeyword.verifyElementText(VerifyElementTextKeyword.groovy:72)
	at com.kms.katalon.core.webui.keyword.builtin.VerifyElementTextKeyword.execute(VerifyElementTextKeyword.groovy:40)
	at com.kms.katalon.core.keyword.internal.KeywordExecutor.executeKeywordForPlatform(KeywordExecutor.groovy:74)
	at com.kms.katalon.core.webui.keyword.WebUiBuiltInKeywords.verifyElementText(WebUiBuiltInKeywords.groovy:4749)
	at com.kms.katalon.core.webui.keyword.WebUiBuiltInKeywords$verifyElementText$14.call(Unknown Source)
	at TC-PAN-005.run(TC-PAN-005:28)
	at com.kms.katalon.core.main.ScriptEngine.run(ScriptEngine.java:194)
	at com.kms.katalon.core.main.ScriptEngine.runScriptAsRawText(ScriptEngine.java:119)
	at com.kms.katalon.core.main.TestCaseExecutor.runScript(TestCaseExecutor.java:448)
	at com.kms.katalon.core.main.TestCaseExecutor.doExecute(TestCaseExecutor.java:439)
	at com.kms.katalon.core.main.TestCaseExecutor.processExecutionPhase(TestCaseExecutor.java:418)
	at com.kms.katalon.core.main.TestCaseExecutor.accessMainPhase(TestCaseExecutor.java:410)
	at com.kms.katalon.core.main.TestCaseExecutor.execute(TestCaseExecutor.java:285)
	at com.kms.katalon.core.common.CommonExecutor.accessTestCaseMainPhase(CommonExecutor.java:65)
	at com.kms.katalon.core.main.TestSuiteExecutor.accessTestSuiteMainPhase(TestSuiteExecutor.java:148)
	at com.kms.katalon.core.main.TestSuiteExecutor.execute(TestSuiteExecutor.java:106)
	at com.kms.katalon.core.main.TestCaseMain.startTestSuite(TestCaseMain.java:187)
	at com.kms.katalon.core.main.TestCaseMain$startTestSuite$0.call(Unknown Source)
	at TempTestSuite1696418169597.run(TempTestSuite1696418169597.groovy:36)
Caused by: com.kms.katalon.core.exception.StepFailedException: Actual text 'DJI_0621.DNG is not allowed. Allowed extensions: jpg,png,jpeg,gif' and expected text 'Error File Lebih besar dari 10 MB' of test object 'Object Repository/Product Admin/TambahProduk/Verifikasi File Lebih besar dari 10MB' are NOT matched.
	at com.kms.katalon.core.webui.keyword.internal.WebUIKeywordMain.stepFailed(WebUIKeywordMain.groovy:64)
	at com.kms.katalon.core.webui.keyword.builtin.VerifyElementTextKeyword$_verifyElementText_closure1.doCall(VerifyElementTextKeyword.groovy:57)
	at com.kms.katalon.core.webui.keyword.builtin.VerifyElementTextKeyword$_verifyElementText_closure1.call(VerifyElementTextKeyword.groovy)
	at com.kms.katalon.core.webui.keyword.internal.WebUIKeywordMain.runKeyword(WebUIKeywordMain.groovy:20)
	... 19 more
"/>
         <system-out><![CDATA[2023-10-04 18:35:02 - [TEST_CASE][FAILED] - Test Cases/Product Admin/TC-PAN-005: Test Cases/Product Admin/TC-PAN-005 FAILED.
Reason:
com.kms.katalon.core.exception.StepFailedException: Verify element text of test object 'Object Repository/Product Admin/TambahProduk/Verifikasi File Lebih besar dari 10MB' FAILED.
	at com.kms.katalon.core.webui.keyword.internal.WebUIKeywordMain.stepFailed(WebUIKeywordMain.groovy:64)
	at com.kms.katalon.core.webui.keyword.internal.WebUIKeywordMain.runKeyword(WebUIKeywordMain.groovy:26)
	at com.kms.katalon.core.webui.keyword.builtin.VerifyElementTextKeyword.verifyElementText(VerifyElementTextKeyword.groovy:72)
	at com.kms.katalon.core.webui.keyword.builtin.VerifyElementTextKeyword.execute(VerifyElementTextKeyword.groovy:40)
	at com.kms.katalon.core.keyword.internal.KeywordExecutor.executeKeywordForPlatform(KeywordExecutor.groovy:74)
	at com.kms.katalon.core.webui.keyword.WebUiBuiltInKeywords.verifyElementText(WebUiBuiltInKeywords.groovy:4749)
	at com.kms.katalon.core.webui.keyword.WebUiBuiltInKeywords$verifyElementText$14.call(Unknown Source)
	at TC-PAN-005.run(TC-PAN-005:28)
	at com.kms.katalon.core.main.ScriptEngine.run(ScriptEngine.java:194)
	at com.kms.katalon.core.main.ScriptEngine.runScriptAsRawText(ScriptEngine.java:119)
	at com.kms.katalon.core.main.TestCaseExecutor.runScript(TestCaseExecutor.java:448)
	at com.kms.katalon.core.main.TestCaseExecutor.doExecute(TestCaseExecutor.java:439)
	at com.kms.katalon.core.main.TestCaseExecutor.processExecutionPhase(TestCaseExecutor.java:418)
	at com.kms.katalon.core.main.TestCaseExecutor.accessMainPhase(TestCaseExecutor.java:410)
	at com.kms.katalon.core.main.TestCaseExecutor.execute(TestCaseExecutor.java:285)
	at com.kms.katalon.core.common.CommonExecutor.accessTestCaseMainPhase(CommonExecutor.java:65)
	at com.kms.katalon.core.main.TestSuiteExecutor.accessTestSuiteMainPhase(TestSuiteExecutor.java:148)
	at com.kms.katalon.core.main.TestSuiteExecutor.execute(TestSuiteExecutor.java:106)
	at com.kms.katalon.core.main.TestCaseMain.startTestSuite(TestCaseMain.java:187)
	at com.kms.katalon.core.main.TestCaseMain$startTestSuite$0.call(Unknown Source)
	at TempTestSuite1696418169597.run(TempTestSuite1696418169597.groovy:36)
Caused by: com.kms.katalon.core.exception.StepFailedException: Actual text 'DJI_0621.DNG is not allowed. Allowed extensions: jpg,png,jpeg,gif' and expected text 'Error File Lebih besar dari 10 MB' of test object 'Object Repository/Product Admin/TambahProduk/Verifikasi File Lebih besar dari 10MB' are NOT matched.
	at com.kms.katalon.core.webui.keyword.internal.WebUIKeywordMain.stepFailed(WebUIKeywordMain.groovy:64)
	at com.kms.katalon.core.webui.keyword.builtin.VerifyElementTextKeyword$_verifyElementText_closure1.doCall(VerifyElementTextKeyword.groovy:57)
	at com.kms.katalon.core.webui.keyword.builtin.VerifyElementTextKeyword$_verifyElementText_closure1.call(VerifyElementTextKeyword.groovy)
	at com.kms.katalon.core.webui.keyword.internal.WebUIKeywordMain.runKeyword(WebUIKeywordMain.groovy:20)
	... 19 more


2023-10-04 18:35:02 - [TEST_STEP][PASSED] - callTestCase(findTestCase("Product Admin/TC-PA-001"), [:], STOP_ON_FAILURE): Call Test Case 'Test Cases/Product Admin/TC-PA-001' successfully

2023-10-04 18:35:02 - [TEST_CASE][PASSED] - Test Cases/Product Admin/TC-PA-001: Test Cases/Product Admin/TC-PA-001

2023-10-04 18:35:02 - [TEST_STEP][PASSED] - callTestCase(findTestCase("Login Admin/TC-Login Admin-001"), [:], STOP_ON_FAILURE): Call Test Case 'Test Cases/Login Admin/TC-Login Admin-001' successfully

2023-10-04 18:35:02 - [TEST_CASE][PASSED] - Test Cases/Login Admin/TC-Login Admin-001: Test Cases/Login Admin/TC-Login Admin-001

2023-10-04 18:35:02 - [TEST_STEP][PASSED] - openBrowser(adminTajalapak): Browser is opened with url: 'https://10.9.2.63/ecommerce/administrator'

2023-10-04 18:35:02 - [MESSAGE][WARNING] - A browser is already opened. Closing browser and opening a new one

2023-10-04 18:35:03 - [MESSAGE][INFO] - Starting 'Edge Chromium' driver

2023-10-04 18:35:03 - [MESSAGE][INFO] - User set preference: ['acceptInsecureCerts', 'true']

2023-10-04 18:35:03 - [MESSAGE][INFO] - Action delay is set to 0 milliseconds

2023-10-04 18:35:06 - [MESSAGE][PASSED] - Browser is opened with url: 'https://10.9.2.63/ecommerce/administrator'

2023-10-04 18:35:06 - [TEST_STEP][PASSED] - maximizeWindow(): Current window maximized

2023-10-04 18:35:07 - [MESSAGE][PASSED] - Current window maximized

2023-10-04 18:35:07 - [TEST_STEP][PASSED] - verifyElementPresent(findTestObject("Login Admin/Verifikasi Halaman Administrator"), 0): Object 'Object Repository/Login Admin/Verifikasi Halaman Administrator' is present

2023-10-04 18:35:07 - [MESSAGE][WARNING] - Timeout '0' is invalid. Using default page load timeout: '30'

2023-10-04 18:35:07 - [MESSAGE][PASSED] - Object 'Object Repository/Login Admin/Verifikasi Halaman Administrator' is present

2023-10-04 18:35:07 - [TEST_STEP][PASSED] - setText(findTestObject("Login Admin/Input Username Admin"), "admin"): Text 'admin' is set on object 'Object Repository/Login Admin/Input Username Admin'

2023-10-04 18:35:08 - [MESSAGE][PASSED] - Text 'admin' is set on object 'Object Repository/Login Admin/Input Username Admin'

2023-10-04 18:35:08 - [TEST_STEP][PASSED] - setEncryptedText(findTestObject("Login Admin/Input Password Admin"), "374mkdZ/lqyNS21oH+MJZQ=="): Text ****** has been set on object 'Object Repository/Login Admin/Input Password Admin'

2023-10-04 18:35:08 - [MESSAGE][PASSED] - Text ****** has been set on object 'Object Repository/Login Admin/Input Password Admin'

2023-10-04 18:35:08 - [TEST_STEP][PASSED] - delay(10): Delayed 10 second(s)

2023-10-04 18:35:18 - [MESSAGE][PASSED] - Delayed 10 second(s)

2023-10-04 18:35:18 - [TEST_STEP][PASSED] - click(findTestObject("Login Admin/Botton Sign In")): Object: 'Object Repository/Login Admin/Botton Sign In' is clicked on

2023-10-04 18:35:20 - [MESSAGE][PASSED] - Object: 'Object Repository/Login Admin/Botton Sign In' is clicked on

2023-10-04 18:35:20 - [TEST_STEP][PASSED] - verifyElementPresent(findTestObject("Login Admin/Verifikasi Halaman Login Admin"), 0): Object 'Object Repository/Login Admin/Verifikasi Halaman Login Admin' is present

2023-10-04 18:35:20 - [MESSAGE][WARNING] - Timeout '0' is invalid. Using default page load timeout: '30'

2023-10-04 18:35:20 - [MESSAGE][PASSED] - Object 'Object Repository/Login Admin/Verifikasi Halaman Login Admin' is present

2023-10-04 18:35:20 - [MESSAGE][PASSED] - Call Test Case 'Test Cases/Login Admin/TC-Login Admin-001' successfully

2023-10-04 18:35:20 - [TEST_STEP][PASSED] - click(findTestObject("Product Admin/Master Market")): Object: 'Object Repository/Product Admin/Master Market' is clicked on

2023-10-04 18:35:21 - [MESSAGE][PASSED] - Object: 'Object Repository/Product Admin/Master Market' is clicked on

2023-10-04 18:35:21 - [TEST_STEP][PASSED] - click(findTestObject("Product Admin/Produk Admin")): Object: 'Object Repository/Product Admin/Produk Admin' is clicked on

2023-10-04 18:35:22 - [MESSAGE][PASSED] - Object: 'Object Repository/Product Admin/Produk Admin' is clicked on

2023-10-04 18:35:22 - [TEST_STEP][PASSED] - verifyElementPresent(findTestObject("Product Admin/Veridikasi Halaman Semua Produk"), 0): Object 'Object Repository/Product Admin/Veridikasi Halaman Semua Produk' is present

2023-10-04 18:35:22 - [MESSAGE][WARNING] - Timeout '0' is invalid. Using default page load timeout: '30'

2023-10-04 18:35:23 - [MESSAGE][PASSED] - Object 'Object Repository/Product Admin/Veridikasi Halaman Semua Produk' is present

2023-10-04 18:35:23 - [MESSAGE][PASSED] - Call Test Case 'Test Cases/Product Admin/TC-PA-001' successfully

2023-10-04 18:35:23 - [TEST_STEP][PASSED] - click(findTestObject("Product Admin/Button Edit Product Fleksibel")): Object: 'Object Repository/Product Admin/Button Edit Product Fleksibel' is clicked on

2023-10-04 18:35:24 - [MESSAGE][PASSED] - Object: 'Object Repository/Product Admin/Button Edit Product Fleksibel' is clicked on

2023-10-04 18:35:24 - [TEST_STEP][PASSED] - verifyElementPresent(findTestObject("Product Admin/TambahProduk/Verifikasi Halaman Product Baru"), 0): Object 'Object Repository/Product Admin/TambahProduk/Verifikasi Halaman Product Baru' is present

2023-10-04 18:35:24 - [MESSAGE][WARNING] - Timeout '0' is invalid. Using default page load timeout: '30'

2023-10-04 18:35:24 - [MESSAGE][PASSED] - Object 'Object Repository/Product Admin/TambahProduk/Verifikasi Halaman Product Baru' is present

2023-10-04 18:35:24 - [TEST_STEP][PASSED] - uploadFile(findTestObject("Product Admin/TambahProduk/Input File"), "E:\Pelatihan\Xsis Academy\DJI_0621.DNG"): File 'E:\Pelatihan\Xsis Academy\DJI_0621.DNG' sent to object: 'Object Repository/Product Admin/TambahProduk/Input File'

2023-10-04 18:35:24 - [MESSAGE][PASSED] - File 'E:\Pelatihan\Xsis Academy\DJI_0621.DNG' sent to object: 'Object Repository/Product Admin/TambahProduk/Input File'

2023-10-04 18:35:24 - [TEST_STEP][FAILED] - verifyElementText(findTestObject("Product Admin/TambahProduk/Verifikasi File Lebih besar dari 10MB"), "Error File Lebih besar dari 10 MB"): Verify element text of test object 'Object Repository/Product Admin/TambahProduk/Verifikasi File Lebih besar dari 10MB' FAILED. (Root cause: com.kms.katalon.core.exception.StepFailedException: Verify element text of test object 'Object Repository/Product Admin/TambahProduk/Verifikasi File Lebih besar dari 10MB' FAILED.
	at com.kms.katalon.core.webui.keyword.internal.WebUIKeywordMain.stepFailed(WebUIKeywordMain.groovy:64)
	at com.kms.katalon.core.webui.keyword.internal.WebUIKeywordMain.runKeyword(WebUIKeywordMain.groovy:26)
	at com.kms.katalon.core.webui.keyword.builtin.VerifyElementTextKeyword.verifyElementText(VerifyElementTextKeyword.groovy:72)
	at com.kms.katalon.core.webui.keyword.builtin.VerifyElementTextKeyword.execute(VerifyElementTextKeyword.groovy:40)
	at com.kms.katalon.core.keyword.internal.KeywordExecutor.executeKeywordForPlatform(KeywordExecutor.groovy:74)
	at com.kms.katalon.core.webui.keyword.WebUiBuiltInKeywords.verifyElementText(WebUiBuiltInKeywords.groovy:4749)
	at com.kms.katalon.core.webui.keyword.WebUiBuiltInKeywords$verifyElementText$14.call(Unknown Source)
	at TC-PAN-005.run(TC-PAN-005:28)
	at com.kms.katalon.core.main.ScriptEngine.run(ScriptEngine.java:194)
	at com.kms.katalon.core.main.ScriptEngine.runScriptAsRawText(ScriptEngine.java:119)
	at com.kms.katalon.core.main.TestCaseExecutor.runScript(TestCaseExecutor.java:448)
	at com.kms.katalon.core.main.TestCaseExecutor.doExecute(TestCaseExecutor.java:439)
	at com.kms.katalon.core.main.TestCaseExecutor.processExecutionPhase(TestCaseExecutor.java:418)
	at com.kms.katalon.core.main.TestCaseExecutor.accessMainPhase(TestCaseExecutor.java:410)
	at com.kms.katalon.core.main.TestCaseExecutor.execute(TestCaseExecutor.java:285)
	at com.kms.katalon.core.common.CommonExecutor.accessTestCaseMainPhase(CommonExecutor.java:65)
	at com.kms.katalon.core.main.TestSuiteExecutor.accessTestSuiteMainPhase(TestSuiteExecutor.java:148)
	at com.kms.katalon.core.main.TestSuiteExecutor.execute(TestSuiteExecutor.java:106)
	at com.kms.katalon.core.main.TestCaseMain.startTestSuite(TestCaseMain.java:187)
	at com.kms.katalon.core.main.TestCaseMain$startTestSuite$0.call(Unknown Source)
	at TempTestSuite1696418169597.run(TempTestSuite1696418169597.groovy:36)
Caused by: com.kms.katalon.core.exception.StepFailedException: Actual text 'DJI_0621.DNG is not allowed. Allowed extensions: jpg,png,jpeg,gif' and expected text 'Error File Lebih besar dari 10 MB' of test object 'Object Repository/Product Admin/TambahProduk/Verifikasi File Lebih besar dari 10MB' are NOT matched.
	at com.kms.katalon.core.webui.keyword.internal.WebUIKeywordMain.stepFailed(WebUIKeywordMain.groovy:64)
	at com.kms.katalon.core.webui.keyword.builtin.VerifyElementTextKeyword$_verifyElementText_closure1.doCall(VerifyElementTextKeyword.groovy:57)
	at com.kms.katalon.core.webui.keyword.builtin.VerifyElementTextKeyword$_verifyElementText_closure1.call(VerifyElementTextKeyword.groovy)
	at com.kms.katalon.core.webui.keyword.internal.WebUIKeywordMain.runKeyword(WebUIKeywordMain.groovy:20)
	... 19 more
)

2023-10-04 18:35:25 - [MESSAGE][FAILED] - Actual text 'DJI_0621.DNG is not allowed. Allowed extensions: jpg,png,jpeg,gif' and expected text 'Error File Lebih besar dari 10 MB' of test object 'Object Repository/Product Admin/TambahProduk/Verifikasi File Lebih besar dari 10MB' are NOT matched. (Root cause: com.kms.katalon.core.exception.StepFailedException: Actual text 'DJI_0621.DNG is not allowed. Allowed extensions: jpg,png,jpeg,gif' and expected text 'Error File Lebih besar dari 10 MB' of test object 'Object Repository/Product Admin/TambahProduk/Verifikasi File Lebih besar dari 10MB' are NOT matched.
	at com.kms.katalon.core.webui.keyword.internal.WebUIKeywordMain.stepFailed(WebUIKeywordMain.groovy:64)
	at com.kms.katalon.core.webui.keyword.builtin.VerifyElementTextKeyword$_verifyElementText_closure1.doCall(VerifyElementTextKeyword.groovy:57)
	at com.kms.katalon.core.webui.keyword.builtin.VerifyElementTextKeyword$_verifyElementText_closure1.call(VerifyElementTextKeyword.groovy)
	at com.kms.katalon.core.webui.keyword.internal.WebUIKeywordMain.runKeyword(WebUIKeywordMain.groovy:20)
	at com.kms.katalon.core.webui.keyword.builtin.VerifyElementTextKeyword.verifyElementText(VerifyElementTextKeyword.groovy:72)
	at com.kms.katalon.core.webui.keyword.builtin.VerifyElementTextKeyword.execute(VerifyElementTextKeyword.groovy:40)
	at com.kms.katalon.core.keyword.internal.KeywordExecutor.executeKeywordForPlatform(KeywordExecutor.groovy:74)
	at com.kms.katalon.core.webui.keyword.WebUiBuiltInKeywords.verifyElementText(WebUiBuiltInKeywords.groovy:4749)
	at com.kms.katalon.core.webui.keyword.WebUiBuiltInKeywords$verifyElementText$14.call(Unknown Source)
	at TC-PAN-005.run(TC-PAN-005:28)
	at com.kms.katalon.core.main.ScriptEngine.run(ScriptEngine.java:194)
	at com.kms.katalon.core.main.ScriptEngine.runScriptAsRawText(ScriptEngine.java:119)
	at com.kms.katalon.core.main.TestCaseExecutor.runScript(TestCaseExecutor.java:448)
	at com.kms.katalon.core.main.TestCaseExecutor.doExecute(TestCaseExecutor.java:439)
	at com.kms.katalon.core.main.TestCaseExecutor.processExecutionPhase(TestCaseExecutor.java:418)
	at com.kms.katalon.core.main.TestCaseExecutor.accessMainPhase(TestCaseExecutor.java:410)
	at com.kms.katalon.core.main.TestCaseExecutor.execute(TestCaseExecutor.java:285)
	at com.kms.katalon.core.common.CommonExecutor.accessTestCaseMainPhase(CommonExecutor.java:65)
	at com.kms.katalon.core.main.TestSuiteExecutor.accessTestSuiteMainPhase(TestSuiteExecutor.java:148)
	at com.kms.katalon.core.main.TestSuiteExecutor.execute(TestSuiteExecutor.java:106)
	at com.kms.katalon.core.main.TestCaseMain.startTestSuite(TestCaseMain.java:187)
	at com.kms.katalon.core.main.TestCaseMain$startTestSuite$0.call(Unknown Source)
	at TempTestSuite1696418169597.run(TempTestSuite1696418169597.groovy:36)
)
[[ATTACHMENT|G:\\Project Xsis\\batch-324-qa\\Riswan\\Sprint 2 Product Tajalapak\\Reports\\20231004_181609\\Product Admin\\20231004_181609\\1696419325490.png]]

2023-10-04 18:35:25 - [MESSAGE][FAILED] - Verify element text of test object 'Object Repository/Product Admin/TambahProduk/Verifikasi File Lebih besar dari 10MB' FAILED. (Root cause: com.kms.katalon.core.exception.StepFailedException: Verify element text of test object 'Object Repository/Product Admin/TambahProduk/Verifikasi File Lebih besar dari 10MB' FAILED.
	at com.kms.katalon.core.webui.keyword.internal.WebUIKeywordMain.stepFailed(WebUIKeywordMain.groovy:64)
	at com.kms.katalon.core.webui.keyword.internal.WebUIKeywordMain.runKeyword(WebUIKeywordMain.groovy:26)
	at com.kms.katalon.core.webui.keyword.builtin.VerifyElementTextKeyword.verifyElementText(VerifyElementTextKeyword.groovy:72)
	at com.kms.katalon.core.webui.keyword.builtin.VerifyElementTextKeyword.execute(VerifyElementTextKeyword.groovy:40)
	at com.kms.katalon.core.keyword.internal.KeywordExecutor.executeKeywordForPlatform(KeywordExecutor.groovy:74)
	at com.kms.katalon.core.webui.keyword.WebUiBuiltInKeywords.verifyElementText(WebUiBuiltInKeywords.groovy:4749)
	at com.kms.katalon.core.webui.keyword.WebUiBuiltInKeywords$verifyElementText$14.call(Unknown Source)
	at TC-PAN-005.run(TC-PAN-005:28)
	at com.kms.katalon.core.main.ScriptEngine.run(ScriptEngine.java:194)
	at com.kms.katalon.core.main.ScriptEngine.runScriptAsRawText(ScriptEngine.java:119)
	at com.kms.katalon.core.main.TestCaseExecutor.runScript(TestCaseExecutor.java:448)
	at com.kms.katalon.core.main.TestCaseExecutor.doExecute(TestCaseExecutor.java:439)
	at com.kms.katalon.core.main.TestCaseExecutor.processExecutionPhase(TestCaseExecutor.java:418)
	at com.kms.katalon.core.main.TestCaseExecutor.accessMainPhase(TestCaseExecutor.java:410)
	at com.kms.katalon.core.main.TestCaseExecutor.execute(TestCaseExecutor.java:285)
	at com.kms.katalon.core.common.CommonExecutor.accessTestCaseMainPhase(CommonExecutor.java:65)
	at com.kms.katalon.core.main.TestSuiteExecutor.accessTestSuiteMainPhase(TestSuiteExecutor.java:148)
	at com.kms.katalon.core.main.TestSuiteExecutor.execute(TestSuiteExecutor.java:106)
	at com.kms.katalon.core.main.TestCaseMain.startTestSuite(TestCaseMain.java:187)
	at com.kms.katalon.core.main.TestCaseMain$startTestSuite$0.call(Unknown Source)
	at TempTestSuite1696418169597.run(TempTestSuite1696418169597.groovy:36)
Caused by: com.kms.katalon.core.exception.StepFailedException: Actual text 'DJI_0621.DNG is not allowed. Allowed extensions: jpg,png,jpeg,gif' and expected text 'Error File Lebih besar dari 10 MB' of test object 'Object Repository/Product Admin/TambahProduk/Verifikasi File Lebih besar dari 10MB' are NOT matched.
	at com.kms.katalon.core.webui.keyword.internal.WebUIKeywordMain.stepFailed(WebUIKeywordMain.groovy:64)
	at com.kms.katalon.core.webui.keyword.builtin.VerifyElementTextKeyword$_verifyElementText_closure1.doCall(VerifyElementTextKeyword.groovy:57)
	at com.kms.katalon.core.webui.keyword.builtin.VerifyElementTextKeyword$_verifyElementText_closure1.call(VerifyElementTextKeyword.groovy)
	at com.kms.katalon.core.webui.keyword.internal.WebUIKeywordMain.runKeyword(WebUIKeywordMain.groovy:20)
	... 19 more
)
[[ATTACHMENT|G:\\Project Xsis\\batch-324-qa\\Riswan\\Sprint 2 Product Tajalapak\\Reports\\20231004_181609\\Product Admin\\20231004_181609\\1696419325630.png]]]]></system-out>
         <system-err><![CDATA[2023-10-04 18:35:02 - [TEST_CASE][FAILED] - Test Cases/Product Admin/TC-PAN-005: Test Cases/Product Admin/TC-PAN-005 FAILED.
Reason:
com.kms.katalon.core.exception.StepFailedException: Verify element text of test object 'Object Repository/Product Admin/TambahProduk/Verifikasi File Lebih besar dari 10MB' FAILED.
	at com.kms.katalon.core.webui.keyword.internal.WebUIKeywordMain.stepFailed(WebUIKeywordMain.groovy:64)
	at com.kms.katalon.core.webui.keyword.internal.WebUIKeywordMain.runKeyword(WebUIKeywordMain.groovy:26)
	at com.kms.katalon.core.webui.keyword.builtin.VerifyElementTextKeyword.verifyElementText(VerifyElementTextKeyword.groovy:72)
	at com.kms.katalon.core.webui.keyword.builtin.VerifyElementTextKeyword.execute(VerifyElementTextKeyword.groovy:40)
	at com.kms.katalon.core.keyword.internal.KeywordExecutor.executeKeywordForPlatform(KeywordExecutor.groovy:74)
	at com.kms.katalon.core.webui.keyword.WebUiBuiltInKeywords.verifyElementText(WebUiBuiltInKeywords.groovy:4749)
	at com.kms.katalon.core.webui.keyword.WebUiBuiltInKeywords$verifyElementText$14.call(Unknown Source)
	at TC-PAN-005.run(TC-PAN-005:28)
	at com.kms.katalon.core.main.ScriptEngine.run(ScriptEngine.java:194)
	at com.kms.katalon.core.main.ScriptEngine.runScriptAsRawText(ScriptEngine.java:119)
	at com.kms.katalon.core.main.TestCaseExecutor.runScript(TestCaseExecutor.java:448)
	at com.kms.katalon.core.main.TestCaseExecutor.doExecute(TestCaseExecutor.java:439)
	at com.kms.katalon.core.main.TestCaseExecutor.processExecutionPhase(TestCaseExecutor.java:418)
	at com.kms.katalon.core.main.TestCaseExecutor.accessMainPhase(TestCaseExecutor.java:410)
	at com.kms.katalon.core.main.TestCaseExecutor.execute(TestCaseExecutor.java:285)
	at com.kms.katalon.core.common.CommonExecutor.accessTestCaseMainPhase(CommonExecutor.java:65)
	at com.kms.katalon.core.main.TestSuiteExecutor.accessTestSuiteMainPhase(TestSuiteExecutor.java:148)
	at com.kms.katalon.core.main.TestSuiteExecutor.execute(TestSuiteExecutor.java:106)
	at com.kms.katalon.core.main.TestCaseMain.startTestSuite(TestCaseMain.java:187)
	at com.kms.katalon.core.main.TestCaseMain$startTestSuite$0.call(Unknown Source)
	at TempTestSuite1696418169597.run(TempTestSuite1696418169597.groovy:36)
Caused by: com.kms.katalon.core.exception.StepFailedException: Actual text 'DJI_0621.DNG is not allowed. Allowed extensions: jpg,png,jpeg,gif' and expected text 'Error File Lebih besar dari 10 MB' of test object 'Object Repository/Product Admin/TambahProduk/Verifikasi File Lebih besar dari 10MB' are NOT matched.
	at com.kms.katalon.core.webui.keyword.internal.WebUIKeywordMain.stepFailed(WebUIKeywordMain.groovy:64)
	at com.kms.katalon.core.webui.keyword.builtin.VerifyElementTextKeyword$_verifyElementText_closure1.doCall(VerifyElementTextKeyword.groovy:57)
	at com.kms.katalon.core.webui.keyword.builtin.VerifyElementTextKeyword$_verifyElementText_closure1.call(VerifyElementTextKeyword.groovy)
	at com.kms.katalon.core.webui.keyword.internal.WebUIKeywordMain.runKeyword(WebUIKeywordMain.groovy:20)
	... 19 more]]></system-err>
      </testcase>
      <testcase name="Test Cases/Product Admin/TC-PAN-006" time="23.908" classname="Test Cases/Product Admin/TC-PAN-006" status="PASSED">
         <system-out><![CDATA[2023-10-04 18:35:25 - [TEST_CASE][PASSED] - Test Cases/Product Admin/TC-PAN-006: Test Cases/Product Admin/TC-PAN-006

2023-10-04 18:35:26 - [TEST_STEP][PASSED] - callTestCase(findTestCase("Product Admin/TC-PA-001"), [:], STOP_ON_FAILURE): Call Test Case 'Test Cases/Product Admin/TC-PA-001' successfully

2023-10-04 18:35:26 - [TEST_CASE][PASSED] - Test Cases/Product Admin/TC-PA-001: Test Cases/Product Admin/TC-PA-001

2023-10-04 18:35:26 - [TEST_STEP][PASSED] - callTestCase(findTestCase("Login Admin/TC-Login Admin-001"), [:], STOP_ON_FAILURE): Call Test Case 'Test Cases/Login Admin/TC-Login Admin-001' successfully

2023-10-04 18:35:26 - [TEST_CASE][PASSED] - Test Cases/Login Admin/TC-Login Admin-001: Test Cases/Login Admin/TC-Login Admin-001

2023-10-04 18:35:26 - [TEST_STEP][PASSED] - openBrowser(adminTajalapak): Browser is opened with url: 'https://10.9.2.63/ecommerce/administrator'

2023-10-04 18:35:26 - [MESSAGE][WARNING] - A browser is already opened. Closing browser and opening a new one

2023-10-04 18:35:26 - [MESSAGE][INFO] - Starting 'Edge Chromium' driver

2023-10-04 18:35:26 - [MESSAGE][INFO] - User set preference: ['acceptInsecureCerts', 'true']

2023-10-04 18:35:27 - [MESSAGE][INFO] - Action delay is set to 0 milliseconds

2023-10-04 18:35:30 - [MESSAGE][PASSED] - Browser is opened with url: 'https://10.9.2.63/ecommerce/administrator'

2023-10-04 18:35:30 - [TEST_STEP][PASSED] - maximizeWindow(): Current window maximized

2023-10-04 18:35:30 - [MESSAGE][PASSED] - Current window maximized

2023-10-04 18:35:30 - [TEST_STEP][PASSED] - verifyElementPresent(findTestObject("Login Admin/Verifikasi Halaman Administrator"), 0): Object 'Object Repository/Login Admin/Verifikasi Halaman Administrator' is present

2023-10-04 18:35:30 - [MESSAGE][WARNING] - Timeout '0' is invalid. Using default page load timeout: '30'

2023-10-04 18:35:30 - [MESSAGE][PASSED] - Object 'Object Repository/Login Admin/Verifikasi Halaman Administrator' is present

2023-10-04 18:35:30 - [TEST_STEP][PASSED] - setText(findTestObject("Login Admin/Input Username Admin"), "admin"): Text 'admin' is set on object 'Object Repository/Login Admin/Input Username Admin'

2023-10-04 18:35:31 - [MESSAGE][PASSED] - Text 'admin' is set on object 'Object Repository/Login Admin/Input Username Admin'

2023-10-04 18:35:31 - [TEST_STEP][PASSED] - setEncryptedText(findTestObject("Login Admin/Input Password Admin"), "374mkdZ/lqyNS21oH+MJZQ=="): Text ****** has been set on object 'Object Repository/Login Admin/Input Password Admin'

2023-10-04 18:35:32 - [MESSAGE][PASSED] - Text ****** has been set on object 'Object Repository/Login Admin/Input Password Admin'

2023-10-04 18:35:32 - [TEST_STEP][PASSED] - delay(10): Delayed 10 second(s)

2023-10-04 18:35:42 - [MESSAGE][PASSED] - Delayed 10 second(s)

2023-10-04 18:35:42 - [TEST_STEP][PASSED] - click(findTestObject("Login Admin/Botton Sign In")): Object: 'Object Repository/Login Admin/Botton Sign In' is clicked on

2023-10-04 18:35:43 - [MESSAGE][PASSED] - Object: 'Object Repository/Login Admin/Botton Sign In' is clicked on

2023-10-04 18:35:43 - [TEST_STEP][PASSED] - verifyElementPresent(findTestObject("Login Admin/Verifikasi Halaman Login Admin"), 0): Object 'Object Repository/Login Admin/Verifikasi Halaman Login Admin' is present

2023-10-04 18:35:43 - [MESSAGE][WARNING] - Timeout '0' is invalid. Using default page load timeout: '30'

2023-10-04 18:35:44 - [MESSAGE][PASSED] - Object 'Object Repository/Login Admin/Verifikasi Halaman Login Admin' is present

2023-10-04 18:35:44 - [MESSAGE][PASSED] - Call Test Case 'Test Cases/Login Admin/TC-Login Admin-001' successfully

2023-10-04 18:35:44 - [TEST_STEP][PASSED] - click(findTestObject("Product Admin/Master Market")): Object: 'Object Repository/Product Admin/Master Market' is clicked on

2023-10-04 18:35:44 - [MESSAGE][PASSED] - Object: 'Object Repository/Product Admin/Master Market' is clicked on

2023-10-04 18:35:44 - [TEST_STEP][PASSED] - click(findTestObject("Product Admin/Produk Admin")): Object: 'Object Repository/Product Admin/Produk Admin' is clicked on

2023-10-04 18:35:45 - [MESSAGE][PASSED] - Object: 'Object Repository/Product Admin/Produk Admin' is clicked on

2023-10-04 18:35:45 - [TEST_STEP][PASSED] - verifyElementPresent(findTestObject("Product Admin/Veridikasi Halaman Semua Produk"), 0): Object 'Object Repository/Product Admin/Veridikasi Halaman Semua Produk' is present

2023-10-04 18:35:45 - [MESSAGE][WARNING] - Timeout '0' is invalid. Using default page load timeout: '30'

2023-10-04 18:35:46 - [MESSAGE][PASSED] - Object 'Object Repository/Product Admin/Veridikasi Halaman Semua Produk' is present

2023-10-04 18:35:46 - [MESSAGE][PASSED] - Call Test Case 'Test Cases/Product Admin/TC-PA-001' successfully

2023-10-04 18:35:46 - [TEST_STEP][PASSED] - click(findTestObject("Product Admin/Button Edit Product Fleksibel")): Object: 'Object Repository/Product Admin/Button Edit Product Fleksibel' is clicked on

2023-10-04 18:35:46 - [MESSAGE][PASSED] - Object: 'Object Repository/Product Admin/Button Edit Product Fleksibel' is clicked on

2023-10-04 18:35:46 - [TEST_STEP][PASSED] - verifyElementPresent(findTestObject("Product Admin/TambahProduk/Verifikasi Halaman Product Baru"), 0): Object 'Object Repository/Product Admin/TambahProduk/Verifikasi Halaman Product Baru' is present

2023-10-04 18:35:47 - [MESSAGE][WARNING] - Timeout '0' is invalid. Using default page load timeout: '30'

2023-10-04 18:35:47 - [MESSAGE][PASSED] - Object 'Object Repository/Product Admin/TambahProduk/Verifikasi Halaman Product Baru' is present

2023-10-04 18:35:47 - [TEST_STEP][PASSED] - setText(findTestObject("Product Admin/TambahProduk/Input Satuan Produk"), "1"): Text '1' is set on object 'Object Repository/Product Admin/TambahProduk/Input Satuan Produk'

2023-10-04 18:35:48 - [MESSAGE][PASSED] - Text '1' is set on object 'Object Repository/Product Admin/TambahProduk/Input Satuan Produk'

2023-10-04 18:35:48 - [TEST_STEP][PASSED] - click(findTestObject("Product Admin/TambahProduk/Button Update Data")): Object: 'Object Repository/Product Admin/TambahProduk/Button Update Data' is clicked on

2023-10-04 18:35:49 - [MESSAGE][PASSED] - Object: 'Object Repository/Product Admin/TambahProduk/Button Update Data' is clicked on

2023-10-04 18:35:49 - [TEST_STEP][PASSED] - verifyElementPresent(findTestObject("Product Admin/Veridikasi Halaman Semua Produk"), 0): Object 'Object Repository/Product Admin/Veridikasi Halaman Semua Produk' is present

2023-10-04 18:35:49 - [MESSAGE][WARNING] - Timeout '0' is invalid. Using default page load timeout: '30'

2023-10-04 18:35:49 - [MESSAGE][PASSED] - Object 'Object Repository/Product Admin/Veridikasi Halaman Semua Produk' is present]]></system-out>
         <system-err><![CDATA[]]></system-err>
      </testcase>
      <testcase name="Test Cases/Product Admin/TC-PAN-007" time="54.209" classname="Test Cases/Product Admin/TC-PAN-007" status="FAILED">
         <failure type="FAILED" message="Test Cases/Product Admin/TC-PAN-007 FAILED.
Reason:
com.kms.katalon.core.exception.StepFailedException: Unable to verify object 'Object Repository/Product Admin/Veridikasi Halaman Semua Produk' is not present
	at com.kms.katalon.core.webui.keyword.internal.WebUIKeywordMain.stepFailed(WebUIKeywordMain.groovy:64)
	at com.kms.katalon.core.webui.keyword.internal.WebUIKeywordMain.runKeyword(WebUIKeywordMain.groovy:26)
	at com.kms.katalon.core.webui.keyword.internal.WebUIKeywordMain$runKeyword.call(Unknown Source)
	at com.kms.katalon.core.webui.keyword.builtin.VerifyElementNotPresentKeyword.verifyElementNotPresent(VerifyElementNotPresentKeyword.groovy:122)
	at com.kms.katalon.core.webui.keyword.builtin.VerifyElementNotPresentKeyword.execute(VerifyElementNotPresentKeyword.groovy:68)
	at com.kms.katalon.core.keyword.internal.KeywordExecutor.executeKeywordForPlatform(KeywordExecutor.groovy:74)
	at com.kms.katalon.core.webui.keyword.WebUiBuiltInKeywords.verifyElementNotPresent(WebUiBuiltInKeywords.groovy:1497)
	at com.kms.katalon.core.webui.keyword.WebUiBuiltInKeywords$verifyElementNotPresent$15.call(Unknown Source)
	at TC-PAN-007.run(TC-PAN-007:30)
	at com.kms.katalon.core.main.ScriptEngine.run(ScriptEngine.java:194)
	at com.kms.katalon.core.main.ScriptEngine.runScriptAsRawText(ScriptEngine.java:119)
	at com.kms.katalon.core.main.TestCaseExecutor.runScript(TestCaseExecutor.java:448)
	at com.kms.katalon.core.main.TestCaseExecutor.doExecute(TestCaseExecutor.java:439)
	at com.kms.katalon.core.main.TestCaseExecutor.processExecutionPhase(TestCaseExecutor.java:418)
	at com.kms.katalon.core.main.TestCaseExecutor.accessMainPhase(TestCaseExecutor.java:410)
	at com.kms.katalon.core.main.TestCaseExecutor.execute(TestCaseExecutor.java:285)
	at com.kms.katalon.core.common.CommonExecutor.accessTestCaseMainPhase(CommonExecutor.java:65)
	at com.kms.katalon.core.main.TestSuiteExecutor.accessTestSuiteMainPhase(TestSuiteExecutor.java:148)
	at com.kms.katalon.core.main.TestSuiteExecutor.execute(TestSuiteExecutor.java:106)
	at com.kms.katalon.core.main.TestCaseMain.startTestSuite(TestCaseMain.java:187)
	at com.kms.katalon.core.main.TestCaseMain$startTestSuite$0.call(Unknown Source)
	at TempTestSuite1696418169597.run(TempTestSuite1696418169597.groovy:36)
Caused by: com.kms.katalon.core.exception.StepFailedException: Web element with id: 'Object Repository/Product Admin/Veridikasi Halaman Semua Produk' located by 'By.xpath: (.//*[normalize-space(text()) and normalize-space(.)='Control panel'])[1]/following::h3[1]' is present after '30' second(s)
	at com.kms.katalon.core.webui.keyword.internal.WebUIKeywordMain.stepFailed(WebUIKeywordMain.groovy:64)
	at com.kms.katalon.core.webui.keyword.internal.WebUIKeywordMain$stepFailed$0.call(Unknown Source)
	at com.kms.katalon.core.webui.keyword.builtin.VerifyElementNotPresentKeyword$_verifyElementNotPresent_closure1.doCall(VerifyElementNotPresentKeyword.groovy:113)
	at com.kms.katalon.core.webui.keyword.builtin.VerifyElementNotPresentKeyword$_verifyElementNotPresent_closure1.doCall(VerifyElementNotPresentKeyword.groovy)
	at com.kms.katalon.core.webui.keyword.internal.WebUIKeywordMain.runKeyword(WebUIKeywordMain.groovy:20)
	... 20 more
"/>
         <system-out><![CDATA[2023-10-04 18:35:49 - [TEST_CASE][FAILED] - Test Cases/Product Admin/TC-PAN-007: Test Cases/Product Admin/TC-PAN-007 FAILED.
Reason:
com.kms.katalon.core.exception.StepFailedException: Unable to verify object 'Object Repository/Product Admin/Veridikasi Halaman Semua Produk' is not present
	at com.kms.katalon.core.webui.keyword.internal.WebUIKeywordMain.stepFailed(WebUIKeywordMain.groovy:64)
	at com.kms.katalon.core.webui.keyword.internal.WebUIKeywordMain.runKeyword(WebUIKeywordMain.groovy:26)
	at com.kms.katalon.core.webui.keyword.internal.WebUIKeywordMain$runKeyword.call(Unknown Source)
	at com.kms.katalon.core.webui.keyword.builtin.VerifyElementNotPresentKeyword.verifyElementNotPresent(VerifyElementNotPresentKeyword.groovy:122)
	at com.kms.katalon.core.webui.keyword.builtin.VerifyElementNotPresentKeyword.execute(VerifyElementNotPresentKeyword.groovy:68)
	at com.kms.katalon.core.keyword.internal.KeywordExecutor.executeKeywordForPlatform(KeywordExecutor.groovy:74)
	at com.kms.katalon.core.webui.keyword.WebUiBuiltInKeywords.verifyElementNotPresent(WebUiBuiltInKeywords.groovy:1497)
	at com.kms.katalon.core.webui.keyword.WebUiBuiltInKeywords$verifyElementNotPresent$15.call(Unknown Source)
	at TC-PAN-007.run(TC-PAN-007:30)
	at com.kms.katalon.core.main.ScriptEngine.run(ScriptEngine.java:194)
	at com.kms.katalon.core.main.ScriptEngine.runScriptAsRawText(ScriptEngine.java:119)
	at com.kms.katalon.core.main.TestCaseExecutor.runScript(TestCaseExecutor.java:448)
	at com.kms.katalon.core.main.TestCaseExecutor.doExecute(TestCaseExecutor.java:439)
	at com.kms.katalon.core.main.TestCaseExecutor.processExecutionPhase(TestCaseExecutor.java:418)
	at com.kms.katalon.core.main.TestCaseExecutor.accessMainPhase(TestCaseExecutor.java:410)
	at com.kms.katalon.core.main.TestCaseExecutor.execute(TestCaseExecutor.java:285)
	at com.kms.katalon.core.common.CommonExecutor.accessTestCaseMainPhase(CommonExecutor.java:65)
	at com.kms.katalon.core.main.TestSuiteExecutor.accessTestSuiteMainPhase(TestSuiteExecutor.java:148)
	at com.kms.katalon.core.main.TestSuiteExecutor.execute(TestSuiteExecutor.java:106)
	at com.kms.katalon.core.main.TestCaseMain.startTestSuite(TestCaseMain.java:187)
	at com.kms.katalon.core.main.TestCaseMain$startTestSuite$0.call(Unknown Source)
	at TempTestSuite1696418169597.run(TempTestSuite1696418169597.groovy:36)
Caused by: com.kms.katalon.core.exception.StepFailedException: Web element with id: 'Object Repository/Product Admin/Veridikasi Halaman Semua Produk' located by 'By.xpath: (.//*[normalize-space(text()) and normalize-space(.)='Control panel'])[1]/following::h3[1]' is present after '30' second(s)
	at com.kms.katalon.core.webui.keyword.internal.WebUIKeywordMain.stepFailed(WebUIKeywordMain.groovy:64)
	at com.kms.katalon.core.webui.keyword.internal.WebUIKeywordMain$stepFailed$0.call(Unknown Source)
	at com.kms.katalon.core.webui.keyword.builtin.VerifyElementNotPresentKeyword$_verifyElementNotPresent_closure1.doCall(VerifyElementNotPresentKeyword.groovy:113)
	at com.kms.katalon.core.webui.keyword.builtin.VerifyElementNotPresentKeyword$_verifyElementNotPresent_closure1.doCall(VerifyElementNotPresentKeyword.groovy)
	at com.kms.katalon.core.webui.keyword.internal.WebUIKeywordMain.runKeyword(WebUIKeywordMain.groovy:20)
	... 20 more


2023-10-04 18:35:49 - [TEST_STEP][PASSED] - callTestCase(findTestCase("Product Admin/TC-PA-001"), [:], STOP_ON_FAILURE): Call Test Case 'Test Cases/Product Admin/TC-PA-001' successfully

2023-10-04 18:35:49 - [TEST_CASE][PASSED] - Test Cases/Product Admin/TC-PA-001: Test Cases/Product Admin/TC-PA-001

2023-10-04 18:35:49 - [TEST_STEP][PASSED] - callTestCase(findTestCase("Login Admin/TC-Login Admin-001"), [:], STOP_ON_FAILURE): Call Test Case 'Test Cases/Login Admin/TC-Login Admin-001' successfully

2023-10-04 18:35:50 - [TEST_CASE][PASSED] - Test Cases/Login Admin/TC-Login Admin-001: Test Cases/Login Admin/TC-Login Admin-001

2023-10-04 18:35:50 - [TEST_STEP][PASSED] - openBrowser(adminTajalapak): Browser is opened with url: 'https://10.9.2.63/ecommerce/administrator'

2023-10-04 18:35:50 - [MESSAGE][WARNING] - A browser is already opened. Closing browser and opening a new one

2023-10-04 18:35:50 - [MESSAGE][INFO] - Starting 'Edge Chromium' driver

2023-10-04 18:35:50 - [MESSAGE][INFO] - User set preference: ['acceptInsecureCerts', 'true']

2023-10-04 18:35:51 - [MESSAGE][INFO] - Action delay is set to 0 milliseconds

2023-10-04 18:35:53 - [MESSAGE][PASSED] - Browser is opened with url: 'https://10.9.2.63/ecommerce/administrator'

2023-10-04 18:35:53 - [TEST_STEP][PASSED] - maximizeWindow(): Current window maximized

2023-10-04 18:35:53 - [MESSAGE][PASSED] - Current window maximized

2023-10-04 18:35:53 - [TEST_STEP][PASSED] - verifyElementPresent(findTestObject("Login Admin/Verifikasi Halaman Administrator"), 0): Object 'Object Repository/Login Admin/Verifikasi Halaman Administrator' is present

2023-10-04 18:35:54 - [MESSAGE][WARNING] - Timeout '0' is invalid. Using default page load timeout: '30'

2023-10-04 18:35:54 - [MESSAGE][PASSED] - Object 'Object Repository/Login Admin/Verifikasi Halaman Administrator' is present

2023-10-04 18:35:54 - [TEST_STEP][PASSED] - setText(findTestObject("Login Admin/Input Username Admin"), "admin"): Text 'admin' is set on object 'Object Repository/Login Admin/Input Username Admin'

2023-10-04 18:35:55 - [MESSAGE][PASSED] - Text 'admin' is set on object 'Object Repository/Login Admin/Input Username Admin'

2023-10-04 18:35:55 - [TEST_STEP][PASSED] - setEncryptedText(findTestObject("Login Admin/Input Password Admin"), "374mkdZ/lqyNS21oH+MJZQ=="): Text ****** has been set on object 'Object Repository/Login Admin/Input Password Admin'

2023-10-04 18:35:55 - [MESSAGE][PASSED] - Text ****** has been set on object 'Object Repository/Login Admin/Input Password Admin'

2023-10-04 18:35:55 - [TEST_STEP][PASSED] - delay(10): Delayed 10 second(s)

2023-10-04 18:36:05 - [MESSAGE][PASSED] - Delayed 10 second(s)

2023-10-04 18:36:05 - [TEST_STEP][PASSED] - click(findTestObject("Login Admin/Botton Sign In")): Object: 'Object Repository/Login Admin/Botton Sign In' is clicked on

2023-10-04 18:36:07 - [MESSAGE][PASSED] - Object: 'Object Repository/Login Admin/Botton Sign In' is clicked on

2023-10-04 18:36:07 - [TEST_STEP][PASSED] - verifyElementPresent(findTestObject("Login Admin/Verifikasi Halaman Login Admin"), 0): Object 'Object Repository/Login Admin/Verifikasi Halaman Login Admin' is present

2023-10-04 18:36:07 - [MESSAGE][WARNING] - Timeout '0' is invalid. Using default page load timeout: '30'

2023-10-04 18:36:07 - [MESSAGE][PASSED] - Object 'Object Repository/Login Admin/Verifikasi Halaman Login Admin' is present

2023-10-04 18:36:07 - [MESSAGE][PASSED] - Call Test Case 'Test Cases/Login Admin/TC-Login Admin-001' successfully

2023-10-04 18:36:07 - [TEST_STEP][PASSED] - click(findTestObject("Product Admin/Master Market")): Object: 'Object Repository/Product Admin/Master Market' is clicked on

2023-10-04 18:36:08 - [MESSAGE][PASSED] - Object: 'Object Repository/Product Admin/Master Market' is clicked on

2023-10-04 18:36:08 - [TEST_STEP][PASSED] - click(findTestObject("Product Admin/Produk Admin")): Object: 'Object Repository/Product Admin/Produk Admin' is clicked on

2023-10-04 18:36:09 - [MESSAGE][PASSED] - Object: 'Object Repository/Product Admin/Produk Admin' is clicked on

2023-10-04 18:36:09 - [TEST_STEP][PASSED] - verifyElementPresent(findTestObject("Product Admin/Veridikasi Halaman Semua Produk"), 0): Object 'Object Repository/Product Admin/Veridikasi Halaman Semua Produk' is present

2023-10-04 18:36:09 - [MESSAGE][WARNING] - Timeout '0' is invalid. Using default page load timeout: '30'

2023-10-04 18:36:09 - [MESSAGE][PASSED] - Object 'Object Repository/Product Admin/Veridikasi Halaman Semua Produk' is present

2023-10-04 18:36:09 - [MESSAGE][PASSED] - Call Test Case 'Test Cases/Product Admin/TC-PA-001' successfully

2023-10-04 18:36:09 - [TEST_STEP][PASSED] - click(findTestObject("Product Admin/Button Edit Product Fleksibel")): Object: 'Object Repository/Product Admin/Button Edit Product Fleksibel' is clicked on

2023-10-04 18:36:10 - [MESSAGE][PASSED] - Object: 'Object Repository/Product Admin/Button Edit Product Fleksibel' is clicked on

2023-10-04 18:36:10 - [TEST_STEP][PASSED] - verifyElementPresent(findTestObject("Product Admin/TambahProduk/Verifikasi Halaman Product Baru"), 0): Object 'Object Repository/Product Admin/TambahProduk/Verifikasi Halaman Product Baru' is present

2023-10-04 18:36:10 - [MESSAGE][WARNING] - Timeout '0' is invalid. Using default page load timeout: '30'

2023-10-04 18:36:11 - [MESSAGE][PASSED] - Object 'Object Repository/Product Admin/TambahProduk/Verifikasi Halaman Product Baru' is present

2023-10-04 18:36:11 - [TEST_STEP][PASSED] - setText(findTestObject("Product Admin/TambahProduk/Input Berat gram"), "0"): Text '0' is set on object 'Object Repository/Product Admin/TambahProduk/Input Berat gram'

2023-10-04 18:36:11 - [MESSAGE][PASSED] - Text '0' is set on object 'Object Repository/Product Admin/TambahProduk/Input Berat gram'

2023-10-04 18:36:11 - [TEST_STEP][PASSED] - click(findTestObject("Product Admin/TambahProduk/Button Update Data")): Object: 'Object Repository/Product Admin/TambahProduk/Button Update Data' is clicked on

2023-10-04 18:36:12 - [MESSAGE][PASSED] - Object: 'Object Repository/Product Admin/TambahProduk/Button Update Data' is clicked on

2023-10-04 18:36:12 - [TEST_STEP][FAILED] - verifyElementNotPresent(findTestObject("Product Admin/Veridikasi Halaman Semua Produk"), 0): Unable to verify object 'Object Repository/Product Admin/Veridikasi Halaman Semua Produk' is not present (Root cause: com.kms.katalon.core.exception.StepFailedException: Unable to verify object 'Object Repository/Product Admin/Veridikasi Halaman Semua Produk' is not present
	at com.kms.katalon.core.webui.keyword.internal.WebUIKeywordMain.stepFailed(WebUIKeywordMain.groovy:64)
	at com.kms.katalon.core.webui.keyword.internal.WebUIKeywordMain.runKeyword(WebUIKeywordMain.groovy:26)
	at com.kms.katalon.core.webui.keyword.internal.WebUIKeywordMain$runKeyword.call(Unknown Source)
	at com.kms.katalon.core.webui.keyword.builtin.VerifyElementNotPresentKeyword.verifyElementNotPresent(VerifyElementNotPresentKeyword.groovy:122)
	at com.kms.katalon.core.webui.keyword.builtin.VerifyElementNotPresentKeyword.execute(VerifyElementNotPresentKeyword.groovy:68)
	at com.kms.katalon.core.keyword.internal.KeywordExecutor.executeKeywordForPlatform(KeywordExecutor.groovy:74)
	at com.kms.katalon.core.webui.keyword.WebUiBuiltInKeywords.verifyElementNotPresent(WebUiBuiltInKeywords.groovy:1497)
	at com.kms.katalon.core.webui.keyword.WebUiBuiltInKeywords$verifyElementNotPresent$15.call(Unknown Source)
	at TC-PAN-007.run(TC-PAN-007:30)
	at com.kms.katalon.core.main.ScriptEngine.run(ScriptEngine.java:194)
	at com.kms.katalon.core.main.ScriptEngine.runScriptAsRawText(ScriptEngine.java:119)
	at com.kms.katalon.core.main.TestCaseExecutor.runScript(TestCaseExecutor.java:448)
	at com.kms.katalon.core.main.TestCaseExecutor.doExecute(TestCaseExecutor.java:439)
	at com.kms.katalon.core.main.TestCaseExecutor.processExecutionPhase(TestCaseExecutor.java:418)
	at com.kms.katalon.core.main.TestCaseExecutor.accessMainPhase(TestCaseExecutor.java:410)
	at com.kms.katalon.core.main.TestCaseExecutor.execute(TestCaseExecutor.java:285)
	at com.kms.katalon.core.common.CommonExecutor.accessTestCaseMainPhase(CommonExecutor.java:65)
	at com.kms.katalon.core.main.TestSuiteExecutor.accessTestSuiteMainPhase(TestSuiteExecutor.java:148)
	at com.kms.katalon.core.main.TestSuiteExecutor.execute(TestSuiteExecutor.java:106)
	at com.kms.katalon.core.main.TestCaseMain.startTestSuite(TestCaseMain.java:187)
	at com.kms.katalon.core.main.TestCaseMain$startTestSuite$0.call(Unknown Source)
	at TempTestSuite1696418169597.run(TempTestSuite1696418169597.groovy:36)
Caused by: com.kms.katalon.core.exception.StepFailedException: Web element with id: 'Object Repository/Product Admin/Veridikasi Halaman Semua Produk' located by 'By.xpath: (.//*[normalize-space(text()) and normalize-space(.)='Control panel'])[1]/following::h3[1]' is present after '30' second(s)
	at com.kms.katalon.core.webui.keyword.internal.WebUIKeywordMain.stepFailed(WebUIKeywordMain.groovy:64)
	at com.kms.katalon.core.webui.keyword.internal.WebUIKeywordMain$stepFailed$0.call(Unknown Source)
	at com.kms.katalon.core.webui.keyword.builtin.VerifyElementNotPresentKeyword$_verifyElementNotPresent_closure1.doCall(VerifyElementNotPresentKeyword.groovy:113)
	at com.kms.katalon.core.webui.keyword.builtin.VerifyElementNotPresentKeyword$_verifyElementNotPresent_closure1.doCall(VerifyElementNotPresentKeyword.groovy)
	at com.kms.katalon.core.webui.keyword.internal.WebUIKeywordMain.runKeyword(WebUIKeywordMain.groovy:20)
	... 20 more
)

2023-10-04 18:36:12 - [MESSAGE][WARNING] - Timeout '0' is invalid. Using default page load timeout: '30'

2023-10-04 18:36:43 - [MESSAGE][FAILED] - Web element with id: 'Object Repository/Product Admin/Veridikasi Halaman Semua Produk' located by 'By.xpath: (.//*[normalize-space(text()) and normalize-space(.)='Control panel'])[1]/following::h3[1]' is present after '30' second(s) (Root cause: com.kms.katalon.core.exception.StepFailedException: Web element with id: 'Object Repository/Product Admin/Veridikasi Halaman Semua Produk' located by 'By.xpath: (.//*[normalize-space(text()) and normalize-space(.)='Control panel'])[1]/following::h3[1]' is present after '30' second(s)
	at com.kms.katalon.core.webui.keyword.internal.WebUIKeywordMain.stepFailed(WebUIKeywordMain.groovy:64)
	at com.kms.katalon.core.webui.keyword.internal.WebUIKeywordMain$stepFailed$0.call(Unknown Source)
	at com.kms.katalon.core.webui.keyword.builtin.VerifyElementNotPresentKeyword$_verifyElementNotPresent_closure1.doCall(VerifyElementNotPresentKeyword.groovy:113)
	at com.kms.katalon.core.webui.keyword.builtin.VerifyElementNotPresentKeyword$_verifyElementNotPresent_closure1.doCall(VerifyElementNotPresentKeyword.groovy)
	at com.kms.katalon.core.webui.keyword.internal.WebUIKeywordMain.runKeyword(WebUIKeywordMain.groovy:20)
	at com.kms.katalon.core.webui.keyword.internal.WebUIKeywordMain$runKeyword.call(Unknown Source)
	at com.kms.katalon.core.webui.keyword.builtin.VerifyElementNotPresentKeyword.verifyElementNotPresent(VerifyElementNotPresentKeyword.groovy:122)
	at com.kms.katalon.core.webui.keyword.builtin.VerifyElementNotPresentKeyword.execute(VerifyElementNotPresentKeyword.groovy:68)
	at com.kms.katalon.core.keyword.internal.KeywordExecutor.executeKeywordForPlatform(KeywordExecutor.groovy:74)
	at com.kms.katalon.core.webui.keyword.WebUiBuiltInKeywords.verifyElementNotPresent(WebUiBuiltInKeywords.groovy:1497)
	at com.kms.katalon.core.webui.keyword.WebUiBuiltInKeywords$verifyElementNotPresent$15.call(Unknown Source)
	at TC-PAN-007.run(TC-PAN-007:30)
	at com.kms.katalon.core.main.ScriptEngine.run(ScriptEngine.java:194)
	at com.kms.katalon.core.main.ScriptEngine.runScriptAsRawText(ScriptEngine.java:119)
	at com.kms.katalon.core.main.TestCaseExecutor.runScript(TestCaseExecutor.java:448)
	at com.kms.katalon.core.main.TestCaseExecutor.doExecute(TestCaseExecutor.java:439)
	at com.kms.katalon.core.main.TestCaseExecutor.processExecutionPhase(TestCaseExecutor.java:418)
	at com.kms.katalon.core.main.TestCaseExecutor.accessMainPhase(TestCaseExecutor.java:410)
	at com.kms.katalon.core.main.TestCaseExecutor.execute(TestCaseExecutor.java:285)
	at com.kms.katalon.core.common.CommonExecutor.accessTestCaseMainPhase(CommonExecutor.java:65)
	at com.kms.katalon.core.main.TestSuiteExecutor.accessTestSuiteMainPhase(TestSuiteExecutor.java:148)
	at com.kms.katalon.core.main.TestSuiteExecutor.execute(TestSuiteExecutor.java:106)
	at com.kms.katalon.core.main.TestCaseMain.startTestSuite(TestCaseMain.java:187)
	at com.kms.katalon.core.main.TestCaseMain$startTestSuite$0.call(Unknown Source)
	at TempTestSuite1696418169597.run(TempTestSuite1696418169597.groovy:36)
)
[[ATTACHMENT|G:\\Project Xsis\\batch-324-qa\\Riswan\\Sprint 2 Product Tajalapak\\Reports\\20231004_181609\\Product Admin\\20231004_181609\\1696419403549.png]]

2023-10-04 18:36:43 - [MESSAGE][FAILED] - Unable to verify object 'Object Repository/Product Admin/Veridikasi Halaman Semua Produk' is not present (Root cause: com.kms.katalon.core.exception.StepFailedException: Unable to verify object 'Object Repository/Product Admin/Veridikasi Halaman Semua Produk' is not present
	at com.kms.katalon.core.webui.keyword.internal.WebUIKeywordMain.stepFailed(WebUIKeywordMain.groovy:64)
	at com.kms.katalon.core.webui.keyword.internal.WebUIKeywordMain.runKeyword(WebUIKeywordMain.groovy:26)
	at com.kms.katalon.core.webui.keyword.internal.WebUIKeywordMain$runKeyword.call(Unknown Source)
	at com.kms.katalon.core.webui.keyword.builtin.VerifyElementNotPresentKeyword.verifyElementNotPresent(VerifyElementNotPresentKeyword.groovy:122)
	at com.kms.katalon.core.webui.keyword.builtin.VerifyElementNotPresentKeyword.execute(VerifyElementNotPresentKeyword.groovy:68)
	at com.kms.katalon.core.keyword.internal.KeywordExecutor.executeKeywordForPlatform(KeywordExecutor.groovy:74)
	at com.kms.katalon.core.webui.keyword.WebUiBuiltInKeywords.verifyElementNotPresent(WebUiBuiltInKeywords.groovy:1497)
	at com.kms.katalon.core.webui.keyword.WebUiBuiltInKeywords$verifyElementNotPresent$15.call(Unknown Source)
	at TC-PAN-007.run(TC-PAN-007:30)
	at com.kms.katalon.core.main.ScriptEngine.run(ScriptEngine.java:194)
	at com.kms.katalon.core.main.ScriptEngine.runScriptAsRawText(ScriptEngine.java:119)
	at com.kms.katalon.core.main.TestCaseExecutor.runScript(TestCaseExecutor.java:448)
	at com.kms.katalon.core.main.TestCaseExecutor.doExecute(TestCaseExecutor.java:439)
	at com.kms.katalon.core.main.TestCaseExecutor.processExecutionPhase(TestCaseExecutor.java:418)
	at com.kms.katalon.core.main.TestCaseExecutor.accessMainPhase(TestCaseExecutor.java:410)
	at com.kms.katalon.core.main.TestCaseExecutor.execute(TestCaseExecutor.java:285)
	at com.kms.katalon.core.common.CommonExecutor.accessTestCaseMainPhase(CommonExecutor.java:65)
	at com.kms.katalon.core.main.TestSuiteExecutor.accessTestSuiteMainPhase(TestSuiteExecutor.java:148)
	at com.kms.katalon.core.main.TestSuiteExecutor.execute(TestSuiteExecutor.java:106)
	at com.kms.katalon.core.main.TestCaseMain.startTestSuite(TestCaseMain.java:187)
	at com.kms.katalon.core.main.TestCaseMain$startTestSuite$0.call(Unknown Source)
	at TempTestSuite1696418169597.run(TempTestSuite1696418169597.groovy:36)
Caused by: com.kms.katalon.core.exception.StepFailedException: Web element with id: 'Object Repository/Product Admin/Veridikasi Halaman Semua Produk' located by 'By.xpath: (.//*[normalize-space(text()) and normalize-space(.)='Control panel'])[1]/following::h3[1]' is present after '30' second(s)
	at com.kms.katalon.core.webui.keyword.internal.WebUIKeywordMain.stepFailed(WebUIKeywordMain.groovy:64)
	at com.kms.katalon.core.webui.keyword.internal.WebUIKeywordMain$stepFailed$0.call(Unknown Source)
	at com.kms.katalon.core.webui.keyword.builtin.VerifyElementNotPresentKeyword$_verifyElementNotPresent_closure1.doCall(VerifyElementNotPresentKeyword.groovy:113)
	at com.kms.katalon.core.webui.keyword.builtin.VerifyElementNotPresentKeyword$_verifyElementNotPresent_closure1.doCall(VerifyElementNotPresentKeyword.groovy)
	at com.kms.katalon.core.webui.keyword.internal.WebUIKeywordMain.runKeyword(WebUIKeywordMain.groovy:20)
	... 20 more
)
[[ATTACHMENT|G:\\Project Xsis\\batch-324-qa\\Riswan\\Sprint 2 Product Tajalapak\\Reports\\20231004_181609\\Product Admin\\20231004_181609\\1696419403690.png]]]]></system-out>
         <system-err><![CDATA[2023-10-04 18:35:49 - [TEST_CASE][FAILED] - Test Cases/Product Admin/TC-PAN-007: Test Cases/Product Admin/TC-PAN-007 FAILED.
Reason:
com.kms.katalon.core.exception.StepFailedException: Unable to verify object 'Object Repository/Product Admin/Veridikasi Halaman Semua Produk' is not present
	at com.kms.katalon.core.webui.keyword.internal.WebUIKeywordMain.stepFailed(WebUIKeywordMain.groovy:64)
	at com.kms.katalon.core.webui.keyword.internal.WebUIKeywordMain.runKeyword(WebUIKeywordMain.groovy:26)
	at com.kms.katalon.core.webui.keyword.internal.WebUIKeywordMain$runKeyword.call(Unknown Source)
	at com.kms.katalon.core.webui.keyword.builtin.VerifyElementNotPresentKeyword.verifyElementNotPresent(VerifyElementNotPresentKeyword.groovy:122)
	at com.kms.katalon.core.webui.keyword.builtin.VerifyElementNotPresentKeyword.execute(VerifyElementNotPresentKeyword.groovy:68)
	at com.kms.katalon.core.keyword.internal.KeywordExecutor.executeKeywordForPlatform(KeywordExecutor.groovy:74)
	at com.kms.katalon.core.webui.keyword.WebUiBuiltInKeywords.verifyElementNotPresent(WebUiBuiltInKeywords.groovy:1497)
	at com.kms.katalon.core.webui.keyword.WebUiBuiltInKeywords$verifyElementNotPresent$15.call(Unknown Source)
	at TC-PAN-007.run(TC-PAN-007:30)
	at com.kms.katalon.core.main.ScriptEngine.run(ScriptEngine.java:194)
	at com.kms.katalon.core.main.ScriptEngine.runScriptAsRawText(ScriptEngine.java:119)
	at com.kms.katalon.core.main.TestCaseExecutor.runScript(TestCaseExecutor.java:448)
	at com.kms.katalon.core.main.TestCaseExecutor.doExecute(TestCaseExecutor.java:439)
	at com.kms.katalon.core.main.TestCaseExecutor.processExecutionPhase(TestCaseExecutor.java:418)
	at com.kms.katalon.core.main.TestCaseExecutor.accessMainPhase(TestCaseExecutor.java:410)
	at com.kms.katalon.core.main.TestCaseExecutor.execute(TestCaseExecutor.java:285)
	at com.kms.katalon.core.common.CommonExecutor.accessTestCaseMainPhase(CommonExecutor.java:65)
	at com.kms.katalon.core.main.TestSuiteExecutor.accessTestSuiteMainPhase(TestSuiteExecutor.java:148)
	at com.kms.katalon.core.main.TestSuiteExecutor.execute(TestSuiteExecutor.java:106)
	at com.kms.katalon.core.main.TestCaseMain.startTestSuite(TestCaseMain.java:187)
	at com.kms.katalon.core.main.TestCaseMain$startTestSuite$0.call(Unknown Source)
	at TempTestSuite1696418169597.run(TempTestSuite1696418169597.groovy:36)
Caused by: com.kms.katalon.core.exception.StepFailedException: Web element with id: 'Object Repository/Product Admin/Veridikasi Halaman Semua Produk' located by 'By.xpath: (.//*[normalize-space(text()) and normalize-space(.)='Control panel'])[1]/following::h3[1]' is present after '30' second(s)
	at com.kms.katalon.core.webui.keyword.internal.WebUIKeywordMain.stepFailed(WebUIKeywordMain.groovy:64)
	at com.kms.katalon.core.webui.keyword.internal.WebUIKeywordMain$stepFailed$0.call(Unknown Source)
	at com.kms.katalon.core.webui.keyword.builtin.VerifyElementNotPresentKeyword$_verifyElementNotPresent_closure1.doCall(VerifyElementNotPresentKeyword.groovy:113)
	at com.kms.katalon.core.webui.keyword.builtin.VerifyElementNotPresentKeyword$_verifyElementNotPresent_closure1.doCall(VerifyElementNotPresentKeyword.groovy)
	at com.kms.katalon.core.webui.keyword.internal.WebUIKeywordMain.runKeyword(WebUIKeywordMain.groovy:20)
	... 20 more]]></system-err>
      </testcase>
      <testcase name="Test Cases/Product Admin/TC-PAN-008" time="55.08" classname="Test Cases/Product Admin/TC-PAN-008" status="FAILED">
         <failure type="FAILED" message="Test Cases/Product Admin/TC-PAN-008 FAILED.
Reason:
com.kms.katalon.core.exception.StepFailedException: Unable to verify object 'Object Repository/Product Admin/Veridikasi Halaman Semua Produk' is not present
	at com.kms.katalon.core.webui.keyword.internal.WebUIKeywordMain.stepFailed(WebUIKeywordMain.groovy:64)
	at com.kms.katalon.core.webui.keyword.internal.WebUIKeywordMain.runKeyword(WebUIKeywordMain.groovy:26)
	at com.kms.katalon.core.webui.keyword.internal.WebUIKeywordMain$runKeyword.call(Unknown Source)
	at com.kms.katalon.core.webui.keyword.builtin.VerifyElementNotPresentKeyword.verifyElementNotPresent(VerifyElementNotPresentKeyword.groovy:122)
	at com.kms.katalon.core.webui.keyword.builtin.VerifyElementNotPresentKeyword.execute(VerifyElementNotPresentKeyword.groovy:68)
	at com.kms.katalon.core.keyword.internal.KeywordExecutor.executeKeywordForPlatform(KeywordExecutor.groovy:74)
	at com.kms.katalon.core.webui.keyword.WebUiBuiltInKeywords.verifyElementNotPresent(WebUiBuiltInKeywords.groovy:1497)
	at com.kms.katalon.core.webui.keyword.WebUiBuiltInKeywords$verifyElementNotPresent$15.call(Unknown Source)
	at TC-PAN-008.run(TC-PAN-008:30)
	at com.kms.katalon.core.main.ScriptEngine.run(ScriptEngine.java:194)
	at com.kms.katalon.core.main.ScriptEngine.runScriptAsRawText(ScriptEngine.java:119)
	at com.kms.katalon.core.main.TestCaseExecutor.runScript(TestCaseExecutor.java:448)
	at com.kms.katalon.core.main.TestCaseExecutor.doExecute(TestCaseExecutor.java:439)
	at com.kms.katalon.core.main.TestCaseExecutor.processExecutionPhase(TestCaseExecutor.java:418)
	at com.kms.katalon.core.main.TestCaseExecutor.accessMainPhase(TestCaseExecutor.java:410)
	at com.kms.katalon.core.main.TestCaseExecutor.execute(TestCaseExecutor.java:285)
	at com.kms.katalon.core.common.CommonExecutor.accessTestCaseMainPhase(CommonExecutor.java:65)
	at com.kms.katalon.core.main.TestSuiteExecutor.accessTestSuiteMainPhase(TestSuiteExecutor.java:148)
	at com.kms.katalon.core.main.TestSuiteExecutor.execute(TestSuiteExecutor.java:106)
	at com.kms.katalon.core.main.TestCaseMain.startTestSuite(TestCaseMain.java:187)
	at com.kms.katalon.core.main.TestCaseMain$startTestSuite$0.call(Unknown Source)
	at TempTestSuite1696418169597.run(TempTestSuite1696418169597.groovy:36)
Caused by: com.kms.katalon.core.exception.StepFailedException: Web element with id: 'Object Repository/Product Admin/Veridikasi Halaman Semua Produk' located by 'By.xpath: (.//*[normalize-space(text()) and normalize-space(.)='Control panel'])[1]/following::h3[1]' is present after '30' second(s)
	at com.kms.katalon.core.webui.keyword.internal.WebUIKeywordMain.stepFailed(WebUIKeywordMain.groovy:64)
	at com.kms.katalon.core.webui.keyword.internal.WebUIKeywordMain$stepFailed$0.call(Unknown Source)
	at com.kms.katalon.core.webui.keyword.builtin.VerifyElementNotPresentKeyword$_verifyElementNotPresent_closure1.doCall(VerifyElementNotPresentKeyword.groovy:113)
	at com.kms.katalon.core.webui.keyword.builtin.VerifyElementNotPresentKeyword$_verifyElementNotPresent_closure1.doCall(VerifyElementNotPresentKeyword.groovy)
	at com.kms.katalon.core.webui.keyword.internal.WebUIKeywordMain.runKeyword(WebUIKeywordMain.groovy:20)
	... 20 more
"/>
         <system-out><![CDATA[2023-10-04 18:36:43 - [TEST_CASE][FAILED] - Test Cases/Product Admin/TC-PAN-008: Test Cases/Product Admin/TC-PAN-008 FAILED.
Reason:
com.kms.katalon.core.exception.StepFailedException: Unable to verify object 'Object Repository/Product Admin/Veridikasi Halaman Semua Produk' is not present
	at com.kms.katalon.core.webui.keyword.internal.WebUIKeywordMain.stepFailed(WebUIKeywordMain.groovy:64)
	at com.kms.katalon.core.webui.keyword.internal.WebUIKeywordMain.runKeyword(WebUIKeywordMain.groovy:26)
	at com.kms.katalon.core.webui.keyword.internal.WebUIKeywordMain$runKeyword.call(Unknown Source)
	at com.kms.katalon.core.webui.keyword.builtin.VerifyElementNotPresentKeyword.verifyElementNotPresent(VerifyElementNotPresentKeyword.groovy:122)
	at com.kms.katalon.core.webui.keyword.builtin.VerifyElementNotPresentKeyword.execute(VerifyElementNotPresentKeyword.groovy:68)
	at com.kms.katalon.core.keyword.internal.KeywordExecutor.executeKeywordForPlatform(KeywordExecutor.groovy:74)
	at com.kms.katalon.core.webui.keyword.WebUiBuiltInKeywords.verifyElementNotPresent(WebUiBuiltInKeywords.groovy:1497)
	at com.kms.katalon.core.webui.keyword.WebUiBuiltInKeywords$verifyElementNotPresent$15.call(Unknown Source)
	at TC-PAN-008.run(TC-PAN-008:30)
	at com.kms.katalon.core.main.ScriptEngine.run(ScriptEngine.java:194)
	at com.kms.katalon.core.main.ScriptEngine.runScriptAsRawText(ScriptEngine.java:119)
	at com.kms.katalon.core.main.TestCaseExecutor.runScript(TestCaseExecutor.java:448)
	at com.kms.katalon.core.main.TestCaseExecutor.doExecute(TestCaseExecutor.java:439)
	at com.kms.katalon.core.main.TestCaseExecutor.processExecutionPhase(TestCaseExecutor.java:418)
	at com.kms.katalon.core.main.TestCaseExecutor.accessMainPhase(TestCaseExecutor.java:410)
	at com.kms.katalon.core.main.TestCaseExecutor.execute(TestCaseExecutor.java:285)
	at com.kms.katalon.core.common.CommonExecutor.accessTestCaseMainPhase(CommonExecutor.java:65)
	at com.kms.katalon.core.main.TestSuiteExecutor.accessTestSuiteMainPhase(TestSuiteExecutor.java:148)
	at com.kms.katalon.core.main.TestSuiteExecutor.execute(TestSuiteExecutor.java:106)
	at com.kms.katalon.core.main.TestCaseMain.startTestSuite(TestCaseMain.java:187)
	at com.kms.katalon.core.main.TestCaseMain$startTestSuite$0.call(Unknown Source)
	at TempTestSuite1696418169597.run(TempTestSuite1696418169597.groovy:36)
Caused by: com.kms.katalon.core.exception.StepFailedException: Web element with id: 'Object Repository/Product Admin/Veridikasi Halaman Semua Produk' located by 'By.xpath: (.//*[normalize-space(text()) and normalize-space(.)='Control panel'])[1]/following::h3[1]' is present after '30' second(s)
	at com.kms.katalon.core.webui.keyword.internal.WebUIKeywordMain.stepFailed(WebUIKeywordMain.groovy:64)
	at com.kms.katalon.core.webui.keyword.internal.WebUIKeywordMain$stepFailed$0.call(Unknown Source)
	at com.kms.katalon.core.webui.keyword.builtin.VerifyElementNotPresentKeyword$_verifyElementNotPresent_closure1.doCall(VerifyElementNotPresentKeyword.groovy:113)
	at com.kms.katalon.core.webui.keyword.builtin.VerifyElementNotPresentKeyword$_verifyElementNotPresent_closure1.doCall(VerifyElementNotPresentKeyword.groovy)
	at com.kms.katalon.core.webui.keyword.internal.WebUIKeywordMain.runKeyword(WebUIKeywordMain.groovy:20)
	... 20 more


2023-10-04 18:36:44 - [TEST_STEP][PASSED] - callTestCase(findTestCase("Product Admin/TC-PA-001"), [:], STOP_ON_FAILURE): Call Test Case 'Test Cases/Product Admin/TC-PA-001' successfully

2023-10-04 18:36:44 - [TEST_CASE][PASSED] - Test Cases/Product Admin/TC-PA-001: Test Cases/Product Admin/TC-PA-001

2023-10-04 18:36:44 - [TEST_STEP][PASSED] - callTestCase(findTestCase("Login Admin/TC-Login Admin-001"), [:], STOP_ON_FAILURE): Call Test Case 'Test Cases/Login Admin/TC-Login Admin-001' successfully

2023-10-04 18:36:44 - [TEST_CASE][PASSED] - Test Cases/Login Admin/TC-Login Admin-001: Test Cases/Login Admin/TC-Login Admin-001

2023-10-04 18:36:44 - [TEST_STEP][PASSED] - openBrowser(adminTajalapak): Browser is opened with url: 'https://10.9.2.63/ecommerce/administrator'

2023-10-04 18:36:44 - [MESSAGE][WARNING] - A browser is already opened. Closing browser and opening a new one

2023-10-04 18:36:45 - [MESSAGE][INFO] - Starting 'Edge Chromium' driver

2023-10-04 18:36:45 - [MESSAGE][INFO] - User set preference: ['acceptInsecureCerts', 'true']

2023-10-04 18:36:46 - [MESSAGE][INFO] - Action delay is set to 0 milliseconds

2023-10-04 18:36:49 - [MESSAGE][PASSED] - Browser is opened with url: 'https://10.9.2.63/ecommerce/administrator'

2023-10-04 18:36:49 - [TEST_STEP][PASSED] - maximizeWindow(): Current window maximized

2023-10-04 18:36:49 - [MESSAGE][PASSED] - Current window maximized

2023-10-04 18:36:49 - [TEST_STEP][PASSED] - verifyElementPresent(findTestObject("Login Admin/Verifikasi Halaman Administrator"), 0): Object 'Object Repository/Login Admin/Verifikasi Halaman Administrator' is present

2023-10-04 18:36:49 - [MESSAGE][WARNING] - Timeout '0' is invalid. Using default page load timeout: '30'

2023-10-04 18:36:49 - [MESSAGE][PASSED] - Object 'Object Repository/Login Admin/Verifikasi Halaman Administrator' is present

2023-10-04 18:36:49 - [TEST_STEP][PASSED] - setText(findTestObject("Login Admin/Input Username Admin"), "admin"): Text 'admin' is set on object 'Object Repository/Login Admin/Input Username Admin'

2023-10-04 18:36:50 - [MESSAGE][PASSED] - Text 'admin' is set on object 'Object Repository/Login Admin/Input Username Admin'

2023-10-04 18:36:50 - [TEST_STEP][PASSED] - setEncryptedText(findTestObject("Login Admin/Input Password Admin"), "374mkdZ/lqyNS21oH+MJZQ=="): Text ****** has been set on object 'Object Repository/Login Admin/Input Password Admin'

2023-10-04 18:36:50 - [MESSAGE][PASSED] - Text ****** has been set on object 'Object Repository/Login Admin/Input Password Admin'

2023-10-04 18:36:50 - [TEST_STEP][PASSED] - delay(10): Delayed 10 second(s)

2023-10-04 18:37:00 - [MESSAGE][PASSED] - Delayed 10 second(s)

2023-10-04 18:37:00 - [TEST_STEP][PASSED] - click(findTestObject("Login Admin/Botton Sign In")): Object: 'Object Repository/Login Admin/Botton Sign In' is clicked on

2023-10-04 18:37:02 - [MESSAGE][PASSED] - Object: 'Object Repository/Login Admin/Botton Sign In' is clicked on

2023-10-04 18:37:02 - [TEST_STEP][PASSED] - verifyElementPresent(findTestObject("Login Admin/Verifikasi Halaman Login Admin"), 0): Object 'Object Repository/Login Admin/Verifikasi Halaman Login Admin' is present

2023-10-04 18:37:02 - [MESSAGE][WARNING] - Timeout '0' is invalid. Using default page load timeout: '30'

2023-10-04 18:37:03 - [MESSAGE][PASSED] - Object 'Object Repository/Login Admin/Verifikasi Halaman Login Admin' is present

2023-10-04 18:37:03 - [MESSAGE][PASSED] - Call Test Case 'Test Cases/Login Admin/TC-Login Admin-001' successfully

2023-10-04 18:37:03 - [TEST_STEP][PASSED] - click(findTestObject("Product Admin/Master Market")): Object: 'Object Repository/Product Admin/Master Market' is clicked on

2023-10-04 18:37:03 - [MESSAGE][PASSED] - Object: 'Object Repository/Product Admin/Master Market' is clicked on

2023-10-04 18:37:03 - [TEST_STEP][PASSED] - click(findTestObject("Product Admin/Produk Admin")): Object: 'Object Repository/Product Admin/Produk Admin' is clicked on

2023-10-04 18:37:04 - [MESSAGE][PASSED] - Object: 'Object Repository/Product Admin/Produk Admin' is clicked on

2023-10-04 18:37:04 - [TEST_STEP][PASSED] - verifyElementPresent(findTestObject("Product Admin/Veridikasi Halaman Semua Produk"), 0): Object 'Object Repository/Product Admin/Veridikasi Halaman Semua Produk' is present

2023-10-04 18:37:04 - [MESSAGE][WARNING] - Timeout '0' is invalid. Using default page load timeout: '30'

2023-10-04 18:37:05 - [MESSAGE][PASSED] - Object 'Object Repository/Product Admin/Veridikasi Halaman Semua Produk' is present

2023-10-04 18:37:05 - [MESSAGE][PASSED] - Call Test Case 'Test Cases/Product Admin/TC-PA-001' successfully

2023-10-04 18:37:05 - [TEST_STEP][PASSED] - click(findTestObject("Product Admin/Button Edit Product Fleksibel")): Object: 'Object Repository/Product Admin/Button Edit Product Fleksibel' is clicked on

2023-10-04 18:37:06 - [MESSAGE][PASSED] - Object: 'Object Repository/Product Admin/Button Edit Product Fleksibel' is clicked on

2023-10-04 18:37:06 - [TEST_STEP][PASSED] - verifyElementPresent(findTestObject("Product Admin/TambahProduk/Verifikasi Halaman Product Baru"), 0): Object 'Object Repository/Product Admin/TambahProduk/Verifikasi Halaman Product Baru' is present

2023-10-04 18:37:06 - [MESSAGE][WARNING] - Timeout '0' is invalid. Using default page load timeout: '30'

2023-10-04 18:37:06 - [MESSAGE][PASSED] - Object 'Object Repository/Product Admin/TambahProduk/Verifikasi Halaman Product Baru' is present

2023-10-04 18:37:06 - [TEST_STEP][PASSED] - setText(findTestObject("Product Admin/TambahProduk/Input Diskon"), "1000000"): Text '1000000' is set on object 'Object Repository/Product Admin/TambahProduk/Input Diskon'

2023-10-04 18:37:07 - [MESSAGE][PASSED] - Text '1000000' is set on object 'Object Repository/Product Admin/TambahProduk/Input Diskon'

2023-10-04 18:37:07 - [TEST_STEP][PASSED] - click(findTestObject("Product Admin/TambahProduk/Button Update Data")): Object: 'Object Repository/Product Admin/TambahProduk/Button Update Data' is clicked on

2023-10-04 18:37:08 - [MESSAGE][PASSED] - Object: 'Object Repository/Product Admin/TambahProduk/Button Update Data' is clicked on

2023-10-04 18:37:08 - [TEST_STEP][FAILED] - verifyElementNotPresent(findTestObject("Product Admin/Veridikasi Halaman Semua Produk"), 0): Unable to verify object 'Object Repository/Product Admin/Veridikasi Halaman Semua Produk' is not present (Root cause: com.kms.katalon.core.exception.StepFailedException: Unable to verify object 'Object Repository/Product Admin/Veridikasi Halaman Semua Produk' is not present
	at com.kms.katalon.core.webui.keyword.internal.WebUIKeywordMain.stepFailed(WebUIKeywordMain.groovy:64)
	at com.kms.katalon.core.webui.keyword.internal.WebUIKeywordMain.runKeyword(WebUIKeywordMain.groovy:26)
	at com.kms.katalon.core.webui.keyword.internal.WebUIKeywordMain$runKeyword.call(Unknown Source)
	at com.kms.katalon.core.webui.keyword.builtin.VerifyElementNotPresentKeyword.verifyElementNotPresent(VerifyElementNotPresentKeyword.groovy:122)
	at com.kms.katalon.core.webui.keyword.builtin.VerifyElementNotPresentKeyword.execute(VerifyElementNotPresentKeyword.groovy:68)
	at com.kms.katalon.core.keyword.internal.KeywordExecutor.executeKeywordForPlatform(KeywordExecutor.groovy:74)
	at com.kms.katalon.core.webui.keyword.WebUiBuiltInKeywords.verifyElementNotPresent(WebUiBuiltInKeywords.groovy:1497)
	at com.kms.katalon.core.webui.keyword.WebUiBuiltInKeywords$verifyElementNotPresent$15.call(Unknown Source)
	at TC-PAN-008.run(TC-PAN-008:30)
	at com.kms.katalon.core.main.ScriptEngine.run(ScriptEngine.java:194)
	at com.kms.katalon.core.main.ScriptEngine.runScriptAsRawText(ScriptEngine.java:119)
	at com.kms.katalon.core.main.TestCaseExecutor.runScript(TestCaseExecutor.java:448)
	at com.kms.katalon.core.main.TestCaseExecutor.doExecute(TestCaseExecutor.java:439)
	at com.kms.katalon.core.main.TestCaseExecutor.processExecutionPhase(TestCaseExecutor.java:418)
	at com.kms.katalon.core.main.TestCaseExecutor.accessMainPhase(TestCaseExecutor.java:410)
	at com.kms.katalon.core.main.TestCaseExecutor.execute(TestCaseExecutor.java:285)
	at com.kms.katalon.core.common.CommonExecutor.accessTestCaseMainPhase(CommonExecutor.java:65)
	at com.kms.katalon.core.main.TestSuiteExecutor.accessTestSuiteMainPhase(TestSuiteExecutor.java:148)
	at com.kms.katalon.core.main.TestSuiteExecutor.execute(TestSuiteExecutor.java:106)
	at com.kms.katalon.core.main.TestCaseMain.startTestSuite(TestCaseMain.java:187)
	at com.kms.katalon.core.main.TestCaseMain$startTestSuite$0.call(Unknown Source)
	at TempTestSuite1696418169597.run(TempTestSuite1696418169597.groovy:36)
Caused by: com.kms.katalon.core.exception.StepFailedException: Web element with id: 'Object Repository/Product Admin/Veridikasi Halaman Semua Produk' located by 'By.xpath: (.//*[normalize-space(text()) and normalize-space(.)='Control panel'])[1]/following::h3[1]' is present after '30' second(s)
	at com.kms.katalon.core.webui.keyword.internal.WebUIKeywordMain.stepFailed(WebUIKeywordMain.groovy:64)
	at com.kms.katalon.core.webui.keyword.internal.WebUIKeywordMain$stepFailed$0.call(Unknown Source)
	at com.kms.katalon.core.webui.keyword.builtin.VerifyElementNotPresentKeyword$_verifyElementNotPresent_closure1.doCall(VerifyElementNotPresentKeyword.groovy:113)
	at com.kms.katalon.core.webui.keyword.builtin.VerifyElementNotPresentKeyword$_verifyElementNotPresent_closure1.doCall(VerifyElementNotPresentKeyword.groovy)
	at com.kms.katalon.core.webui.keyword.internal.WebUIKeywordMain.runKeyword(WebUIKeywordMain.groovy:20)
	... 20 more
)

2023-10-04 18:37:08 - [MESSAGE][WARNING] - Timeout '0' is invalid. Using default page load timeout: '30'

2023-10-04 18:37:38 - [MESSAGE][FAILED] - Web element with id: 'Object Repository/Product Admin/Veridikasi Halaman Semua Produk' located by 'By.xpath: (.//*[normalize-space(text()) and normalize-space(.)='Control panel'])[1]/following::h3[1]' is present after '30' second(s) (Root cause: com.kms.katalon.core.exception.StepFailedException: Web element with id: 'Object Repository/Product Admin/Veridikasi Halaman Semua Produk' located by 'By.xpath: (.//*[normalize-space(text()) and normalize-space(.)='Control panel'])[1]/following::h3[1]' is present after '30' second(s)
	at com.kms.katalon.core.webui.keyword.internal.WebUIKeywordMain.stepFailed(WebUIKeywordMain.groovy:64)
	at com.kms.katalon.core.webui.keyword.internal.WebUIKeywordMain$stepFailed$0.call(Unknown Source)
	at com.kms.katalon.core.webui.keyword.builtin.VerifyElementNotPresentKeyword$_verifyElementNotPresent_closure1.doCall(VerifyElementNotPresentKeyword.groovy:113)
	at com.kms.katalon.core.webui.keyword.builtin.VerifyElementNotPresentKeyword$_verifyElementNotPresent_closure1.doCall(VerifyElementNotPresentKeyword.groovy)
	at com.kms.katalon.core.webui.keyword.internal.WebUIKeywordMain.runKeyword(WebUIKeywordMain.groovy:20)
	at com.kms.katalon.core.webui.keyword.internal.WebUIKeywordMain$runKeyword.call(Unknown Source)
	at com.kms.katalon.core.webui.keyword.builtin.VerifyElementNotPresentKeyword.verifyElementNotPresent(VerifyElementNotPresentKeyword.groovy:122)
	at com.kms.katalon.core.webui.keyword.builtin.VerifyElementNotPresentKeyword.execute(VerifyElementNotPresentKeyword.groovy:68)
	at com.kms.katalon.core.keyword.internal.KeywordExecutor.executeKeywordForPlatform(KeywordExecutor.groovy:74)
	at com.kms.katalon.core.webui.keyword.WebUiBuiltInKeywords.verifyElementNotPresent(WebUiBuiltInKeywords.groovy:1497)
	at com.kms.katalon.core.webui.keyword.WebUiBuiltInKeywords$verifyElementNotPresent$15.call(Unknown Source)
	at TC-PAN-008.run(TC-PAN-008:30)
	at com.kms.katalon.core.main.ScriptEngine.run(ScriptEngine.java:194)
	at com.kms.katalon.core.main.ScriptEngine.runScriptAsRawText(ScriptEngine.java:119)
	at com.kms.katalon.core.main.TestCaseExecutor.runScript(TestCaseExecutor.java:448)
	at com.kms.katalon.core.main.TestCaseExecutor.doExecute(TestCaseExecutor.java:439)
	at com.kms.katalon.core.main.TestCaseExecutor.processExecutionPhase(TestCaseExecutor.java:418)
	at com.kms.katalon.core.main.TestCaseExecutor.accessMainPhase(TestCaseExecutor.java:410)
	at com.kms.katalon.core.main.TestCaseExecutor.execute(TestCaseExecutor.java:285)
	at com.kms.katalon.core.common.CommonExecutor.accessTestCaseMainPhase(CommonExecutor.java:65)
	at com.kms.katalon.core.main.TestSuiteExecutor.accessTestSuiteMainPhase(TestSuiteExecutor.java:148)
	at com.kms.katalon.core.main.TestSuiteExecutor.execute(TestSuiteExecutor.java:106)
	at com.kms.katalon.core.main.TestCaseMain.startTestSuite(TestCaseMain.java:187)
	at com.kms.katalon.core.main.TestCaseMain$startTestSuite$0.call(Unknown Source)
	at TempTestSuite1696418169597.run(TempTestSuite1696418169597.groovy:36)
)
[[ATTACHMENT|G:\\Project Xsis\\batch-324-qa\\Riswan\\Sprint 2 Product Tajalapak\\Reports\\20231004_181609\\Product Admin\\20231004_181609\\1696419458721.png]]

2023-10-04 18:37:38 - [MESSAGE][FAILED] - Unable to verify object 'Object Repository/Product Admin/Veridikasi Halaman Semua Produk' is not present (Root cause: com.kms.katalon.core.exception.StepFailedException: Unable to verify object 'Object Repository/Product Admin/Veridikasi Halaman Semua Produk' is not present
	at com.kms.katalon.core.webui.keyword.internal.WebUIKeywordMain.stepFailed(WebUIKeywordMain.groovy:64)
	at com.kms.katalon.core.webui.keyword.internal.WebUIKeywordMain.runKeyword(WebUIKeywordMain.groovy:26)
	at com.kms.katalon.core.webui.keyword.internal.WebUIKeywordMain$runKeyword.call(Unknown Source)
	at com.kms.katalon.core.webui.keyword.builtin.VerifyElementNotPresentKeyword.verifyElementNotPresent(VerifyElementNotPresentKeyword.groovy:122)
	at com.kms.katalon.core.webui.keyword.builtin.VerifyElementNotPresentKeyword.execute(VerifyElementNotPresentKeyword.groovy:68)
	at com.kms.katalon.core.keyword.internal.KeywordExecutor.executeKeywordForPlatform(KeywordExecutor.groovy:74)
	at com.kms.katalon.core.webui.keyword.WebUiBuiltInKeywords.verifyElementNotPresent(WebUiBuiltInKeywords.groovy:1497)
	at com.kms.katalon.core.webui.keyword.WebUiBuiltInKeywords$verifyElementNotPresent$15.call(Unknown Source)
	at TC-PAN-008.run(TC-PAN-008:30)
	at com.kms.katalon.core.main.ScriptEngine.run(ScriptEngine.java:194)
	at com.kms.katalon.core.main.ScriptEngine.runScriptAsRawText(ScriptEngine.java:119)
	at com.kms.katalon.core.main.TestCaseExecutor.runScript(TestCaseExecutor.java:448)
	at com.kms.katalon.core.main.TestCaseExecutor.doExecute(TestCaseExecutor.java:439)
	at com.kms.katalon.core.main.TestCaseExecutor.processExecutionPhase(TestCaseExecutor.java:418)
	at com.kms.katalon.core.main.TestCaseExecutor.accessMainPhase(TestCaseExecutor.java:410)
	at com.kms.katalon.core.main.TestCaseExecutor.execute(TestCaseExecutor.java:285)
	at com.kms.katalon.core.common.CommonExecutor.accessTestCaseMainPhase(CommonExecutor.java:65)
	at com.kms.katalon.core.main.TestSuiteExecutor.accessTestSuiteMainPhase(TestSuiteExecutor.java:148)
	at com.kms.katalon.core.main.TestSuiteExecutor.execute(TestSuiteExecutor.java:106)
	at com.kms.katalon.core.main.TestCaseMain.startTestSuite(TestCaseMain.java:187)
	at com.kms.katalon.core.main.TestCaseMain$startTestSuite$0.call(Unknown Source)
	at TempTestSuite1696418169597.run(TempTestSuite1696418169597.groovy:36)
Caused by: com.kms.katalon.core.exception.StepFailedException: Web element with id: 'Object Repository/Product Admin/Veridikasi Halaman Semua Produk' located by 'By.xpath: (.//*[normalize-space(text()) and normalize-space(.)='Control panel'])[1]/following::h3[1]' is present after '30' second(s)
	at com.kms.katalon.core.webui.keyword.internal.WebUIKeywordMain.stepFailed(WebUIKeywordMain.groovy:64)
	at com.kms.katalon.core.webui.keyword.internal.WebUIKeywordMain$stepFailed$0.call(Unknown Source)
	at com.kms.katalon.core.webui.keyword.builtin.VerifyElementNotPresentKeyword$_verifyElementNotPresent_closure1.doCall(VerifyElementNotPresentKeyword.groovy:113)
	at com.kms.katalon.core.webui.keyword.builtin.VerifyElementNotPresentKeyword$_verifyElementNotPresent_closure1.doCall(VerifyElementNotPresentKeyword.groovy)
	at com.kms.katalon.core.webui.keyword.internal.WebUIKeywordMain.runKeyword(WebUIKeywordMain.groovy:20)
	... 20 more
)
[[ATTACHMENT|G:\\Project Xsis\\batch-324-qa\\Riswan\\Sprint 2 Product Tajalapak\\Reports\\20231004_181609\\Product Admin\\20231004_181609\\1696419458832.png]]]]></system-out>
         <system-err><![CDATA[2023-10-04 18:36:43 - [TEST_CASE][FAILED] - Test Cases/Product Admin/TC-PAN-008: Test Cases/Product Admin/TC-PAN-008 FAILED.
Reason:
com.kms.katalon.core.exception.StepFailedException: Unable to verify object 'Object Repository/Product Admin/Veridikasi Halaman Semua Produk' is not present
	at com.kms.katalon.core.webui.keyword.internal.WebUIKeywordMain.stepFailed(WebUIKeywordMain.groovy:64)
	at com.kms.katalon.core.webui.keyword.internal.WebUIKeywordMain.runKeyword(WebUIKeywordMain.groovy:26)
	at com.kms.katalon.core.webui.keyword.internal.WebUIKeywordMain$runKeyword.call(Unknown Source)
	at com.kms.katalon.core.webui.keyword.builtin.VerifyElementNotPresentKeyword.verifyElementNotPresent(VerifyElementNotPresentKeyword.groovy:122)
	at com.kms.katalon.core.webui.keyword.builtin.VerifyElementNotPresentKeyword.execute(VerifyElementNotPresentKeyword.groovy:68)
	at com.kms.katalon.core.keyword.internal.KeywordExecutor.executeKeywordForPlatform(KeywordExecutor.groovy:74)
	at com.kms.katalon.core.webui.keyword.WebUiBuiltInKeywords.verifyElementNotPresent(WebUiBuiltInKeywords.groovy:1497)
	at com.kms.katalon.core.webui.keyword.WebUiBuiltInKeywords$verifyElementNotPresent$15.call(Unknown Source)
	at TC-PAN-008.run(TC-PAN-008:30)
	at com.kms.katalon.core.main.ScriptEngine.run(ScriptEngine.java:194)
	at com.kms.katalon.core.main.ScriptEngine.runScriptAsRawText(ScriptEngine.java:119)
	at com.kms.katalon.core.main.TestCaseExecutor.runScript(TestCaseExecutor.java:448)
	at com.kms.katalon.core.main.TestCaseExecutor.doExecute(TestCaseExecutor.java:439)
	at com.kms.katalon.core.main.TestCaseExecutor.processExecutionPhase(TestCaseExecutor.java:418)
	at com.kms.katalon.core.main.TestCaseExecutor.accessMainPhase(TestCaseExecutor.java:410)
	at com.kms.katalon.core.main.TestCaseExecutor.execute(TestCaseExecutor.java:285)
	at com.kms.katalon.core.common.CommonExecutor.accessTestCaseMainPhase(CommonExecutor.java:65)
	at com.kms.katalon.core.main.TestSuiteExecutor.accessTestSuiteMainPhase(TestSuiteExecutor.java:148)
	at com.kms.katalon.core.main.TestSuiteExecutor.execute(TestSuiteExecutor.java:106)
	at com.kms.katalon.core.main.TestCaseMain.startTestSuite(TestCaseMain.java:187)
	at com.kms.katalon.core.main.TestCaseMain$startTestSuite$0.call(Unknown Source)
	at TempTestSuite1696418169597.run(TempTestSuite1696418169597.groovy:36)
Caused by: com.kms.katalon.core.exception.StepFailedException: Web element with id: 'Object Repository/Product Admin/Veridikasi Halaman Semua Produk' located by 'By.xpath: (.//*[normalize-space(text()) and normalize-space(.)='Control panel'])[1]/following::h3[1]' is present after '30' second(s)
	at com.kms.katalon.core.webui.keyword.internal.WebUIKeywordMain.stepFailed(WebUIKeywordMain.groovy:64)
	at com.kms.katalon.core.webui.keyword.internal.WebUIKeywordMain$stepFailed$0.call(Unknown Source)
	at com.kms.katalon.core.webui.keyword.builtin.VerifyElementNotPresentKeyword$_verifyElementNotPresent_closure1.doCall(VerifyElementNotPresentKeyword.groovy:113)
	at com.kms.katalon.core.webui.keyword.builtin.VerifyElementNotPresentKeyword$_verifyElementNotPresent_closure1.doCall(VerifyElementNotPresentKeyword.groovy)
	at com.kms.katalon.core.webui.keyword.internal.WebUIKeywordMain.runKeyword(WebUIKeywordMain.groovy:20)
	... 20 more]]></system-err>
      </testcase>
      <testcase name="Test Cases/Product Admin/TC-PAN-009" time="23.755" classname="Test Cases/Product Admin/TC-PAN-009" status="PASSED">
         <system-out><![CDATA[2023-10-04 18:37:38 - [TEST_CASE][PASSED] - Test Cases/Product Admin/TC-PAN-009: Test Cases/Product Admin/TC-PAN-009

2023-10-04 18:37:39 - [TEST_STEP][PASSED] - callTestCase(findTestCase("Product Admin/TC-PA-001"), [:], STOP_ON_FAILURE): Call Test Case 'Test Cases/Product Admin/TC-PA-001' successfully

2023-10-04 18:37:39 - [TEST_CASE][PASSED] - Test Cases/Product Admin/TC-PA-001: Test Cases/Product Admin/TC-PA-001

2023-10-04 18:37:39 - [TEST_STEP][PASSED] - callTestCase(findTestCase("Login Admin/TC-Login Admin-001"), [:], STOP_ON_FAILURE): Call Test Case 'Test Cases/Login Admin/TC-Login Admin-001' successfully

2023-10-04 18:37:39 - [TEST_CASE][PASSED] - Test Cases/Login Admin/TC-Login Admin-001: Test Cases/Login Admin/TC-Login Admin-001

2023-10-04 18:37:39 - [TEST_STEP][PASSED] - openBrowser(adminTajalapak): Browser is opened with url: 'https://10.9.2.63/ecommerce/administrator'

2023-10-04 18:37:39 - [MESSAGE][WARNING] - A browser is already opened. Closing browser and opening a new one

2023-10-04 18:37:40 - [MESSAGE][INFO] - Starting 'Edge Chromium' driver

2023-10-04 18:37:40 - [MESSAGE][INFO] - User set preference: ['acceptInsecureCerts', 'true']

2023-10-04 18:37:40 - [MESSAGE][INFO] - Action delay is set to 0 milliseconds

2023-10-04 18:37:42 - [MESSAGE][PASSED] - Browser is opened with url: 'https://10.9.2.63/ecommerce/administrator'

2023-10-04 18:37:42 - [TEST_STEP][PASSED] - maximizeWindow(): Current window maximized

2023-10-04 18:37:42 - [MESSAGE][PASSED] - Current window maximized

2023-10-04 18:37:42 - [TEST_STEP][PASSED] - verifyElementPresent(findTestObject("Login Admin/Verifikasi Halaman Administrator"), 0): Object 'Object Repository/Login Admin/Verifikasi Halaman Administrator' is present

2023-10-04 18:37:42 - [MESSAGE][WARNING] - Timeout '0' is invalid. Using default page load timeout: '30'

2023-10-04 18:37:43 - [MESSAGE][PASSED] - Object 'Object Repository/Login Admin/Verifikasi Halaman Administrator' is present

2023-10-04 18:37:43 - [TEST_STEP][PASSED] - setText(findTestObject("Login Admin/Input Username Admin"), "admin"): Text 'admin' is set on object 'Object Repository/Login Admin/Input Username Admin'

2023-10-04 18:37:43 - [MESSAGE][PASSED] - Text 'admin' is set on object 'Object Repository/Login Admin/Input Username Admin'

2023-10-04 18:37:43 - [TEST_STEP][PASSED] - setEncryptedText(findTestObject("Login Admin/Input Password Admin"), "374mkdZ/lqyNS21oH+MJZQ=="): Text ****** has been set on object 'Object Repository/Login Admin/Input Password Admin'

2023-10-04 18:37:44 - [MESSAGE][PASSED] - Text ****** has been set on object 'Object Repository/Login Admin/Input Password Admin'

2023-10-04 18:37:44 - [TEST_STEP][PASSED] - delay(10): Delayed 10 second(s)

2023-10-04 18:37:54 - [MESSAGE][PASSED] - Delayed 10 second(s)

2023-10-04 18:37:54 - [TEST_STEP][PASSED] - click(findTestObject("Login Admin/Botton Sign In")): Object: 'Object Repository/Login Admin/Botton Sign In' is clicked on

2023-10-04 18:37:56 - [MESSAGE][PASSED] - Object: 'Object Repository/Login Admin/Botton Sign In' is clicked on

2023-10-04 18:37:56 - [TEST_STEP][PASSED] - verifyElementPresent(findTestObject("Login Admin/Verifikasi Halaman Login Admin"), 0): Object 'Object Repository/Login Admin/Verifikasi Halaman Login Admin' is present

2023-10-04 18:37:56 - [MESSAGE][WARNING] - Timeout '0' is invalid. Using default page load timeout: '30'

2023-10-04 18:37:56 - [MESSAGE][PASSED] - Object 'Object Repository/Login Admin/Verifikasi Halaman Login Admin' is present

2023-10-04 18:37:56 - [MESSAGE][PASSED] - Call Test Case 'Test Cases/Login Admin/TC-Login Admin-001' successfully

2023-10-04 18:37:56 - [TEST_STEP][PASSED] - click(findTestObject("Product Admin/Master Market")): Object: 'Object Repository/Product Admin/Master Market' is clicked on

2023-10-04 18:37:56 - [MESSAGE][PASSED] - Object: 'Object Repository/Product Admin/Master Market' is clicked on

2023-10-04 18:37:56 - [TEST_STEP][PASSED] - click(findTestObject("Product Admin/Produk Admin")): Object: 'Object Repository/Product Admin/Produk Admin' is clicked on

2023-10-04 18:37:58 - [MESSAGE][PASSED] - Object: 'Object Repository/Product Admin/Produk Admin' is clicked on

2023-10-04 18:37:58 - [TEST_STEP][PASSED] - verifyElementPresent(findTestObject("Product Admin/Veridikasi Halaman Semua Produk"), 0): Object 'Object Repository/Product Admin/Veridikasi Halaman Semua Produk' is present

2023-10-04 18:37:58 - [MESSAGE][WARNING] - Timeout '0' is invalid. Using default page load timeout: '30'

2023-10-04 18:37:58 - [MESSAGE][PASSED] - Object 'Object Repository/Product Admin/Veridikasi Halaman Semua Produk' is present

2023-10-04 18:37:58 - [MESSAGE][PASSED] - Call Test Case 'Test Cases/Product Admin/TC-PA-001' successfully

2023-10-04 18:37:58 - [TEST_STEP][PASSED] - click(findTestObject("Product Admin/Button Edit Product Fleksibel")): Object: 'Object Repository/Product Admin/Button Edit Product Fleksibel' is clicked on

2023-10-04 18:37:59 - [MESSAGE][PASSED] - Object: 'Object Repository/Product Admin/Button Edit Product Fleksibel' is clicked on

2023-10-04 18:37:59 - [TEST_STEP][PASSED] - verifyElementPresent(findTestObject("Product Admin/TambahProduk/Verifikasi Halaman Product Baru"), 0): Object 'Object Repository/Product Admin/TambahProduk/Verifikasi Halaman Product Baru' is present

2023-10-04 18:37:59 - [MESSAGE][WARNING] - Timeout '0' is invalid. Using default page load timeout: '30'

2023-10-04 18:37:59 - [MESSAGE][PASSED] - Object 'Object Repository/Product Admin/TambahProduk/Verifikasi Halaman Product Baru' is present

2023-10-04 18:37:59 - [TEST_STEP][PASSED] - click(findTestObject("Product Admin/TambahProduk/Keterangan/Button Upload Gambar Keterangan")): Object: 'Object Repository/Product Admin/TambahProduk/Keterangan/Button Upload Gambar Keterangan' is clicked on

2023-10-04 18:38:00 - [MESSAGE][PASSED] - Object: 'Object Repository/Product Admin/TambahProduk/Keterangan/Button Upload Gambar Keterangan' is clicked on

2023-10-04 18:38:00 - [TEST_STEP][PASSED] - verifyElementPresent(findTestObject("Product Admin/TambahProduk/Keterangan/Verify Halaman Insert Image Keterangan"), 0): Object 'Object Repository/Product Admin/TambahProduk/Keterangan/Verify Halaman Insert Image Keterangan' is present

2023-10-04 18:38:00 - [MESSAGE][WARNING] - Timeout '0' is invalid. Using default page load timeout: '30'

2023-10-04 18:38:01 - [MESSAGE][PASSED] - Object 'Object Repository/Product Admin/TambahProduk/Keterangan/Verify Halaman Insert Image Keterangan' is present

2023-10-04 18:38:01 - [TEST_STEP][PASSED] - setText(findTestObject("Product Admin/TambahProduk/Keterangan/Input Link Image"), "gambar"): Text 'gambar' is set on object 'Object Repository/Product Admin/TambahProduk/Keterangan/Input Link Image'

2023-10-04 18:38:01 - [MESSAGE][PASSED] - Text 'gambar' is set on object 'Object Repository/Product Admin/TambahProduk/Keterangan/Input Link Image'

2023-10-04 18:38:01 - [TEST_STEP][PASSED] - click(findTestObject("Product Admin/TambahProduk/Keterangan/Button Insert Image")): Object: 'Object Repository/Product Admin/TambahProduk/Keterangan/Button Insert Image' is clicked on

2023-10-04 18:38:02 - [MESSAGE][PASSED] - Object: 'Object Repository/Product Admin/TambahProduk/Keterangan/Button Insert Image' is clicked on

2023-10-04 18:38:02 - [TEST_STEP][PASSED] - verifyElementNotPresent(findTestObject("Product Admin/TambahProduk/Keterangan/img via Link"), 0): Web element with id: 'Object Repository/Product Admin/TambahProduk/Keterangan/img via Link' located by 'By.xpath: //img[contains(@src,'https://png.pngtree.com/png-clipart/20211228/ourlarge/pngtree-panci-ompreng-png-image_4137919.png')]' is not present after '30' second(s)

2023-10-04 18:38:02 - [MESSAGE][WARNING] - Timeout '0' is invalid. Using default page load timeout: '30'

2023-10-04 18:38:02 - [MESSAGE][PASSED] - Web element with id: 'Object Repository/Product Admin/TambahProduk/Keterangan/img via Link' located by 'By.xpath: //img[contains(@src,'https://png.pngtree.com/png-clipart/20211228/ourlarge/pngtree-panci-ompreng-png-image_4137919.png')]' is not present after '30' second(s)]]></system-out>
         <system-err><![CDATA[]]></system-err>
      </testcase>
      <testcase name="Test Cases/Product Admin/TC-PAN-010" time="24.668" classname="Test Cases/Product Admin/TC-PAN-010" status="PASSED">
         <system-out><![CDATA[2023-10-04 18:38:02 - [TEST_CASE][PASSED] - Test Cases/Product Admin/TC-PAN-010: Test Cases/Product Admin/TC-PAN-010

2023-10-04 18:38:02 - [TEST_STEP][PASSED] - callTestCase(findTestCase("Product Admin/TC-PA-001"), [:], STOP_ON_FAILURE): Call Test Case 'Test Cases/Product Admin/TC-PA-001' successfully

2023-10-04 18:38:03 - [TEST_CASE][PASSED] - Test Cases/Product Admin/TC-PA-001: Test Cases/Product Admin/TC-PA-001

2023-10-04 18:38:03 - [TEST_STEP][PASSED] - callTestCase(findTestCase("Login Admin/TC-Login Admin-001"), [:], STOP_ON_FAILURE): Call Test Case 'Test Cases/Login Admin/TC-Login Admin-001' successfully

2023-10-04 18:38:03 - [TEST_CASE][PASSED] - Test Cases/Login Admin/TC-Login Admin-001: Test Cases/Login Admin/TC-Login Admin-001

2023-10-04 18:38:03 - [TEST_STEP][PASSED] - openBrowser(adminTajalapak): Browser is opened with url: 'https://10.9.2.63/ecommerce/administrator'

2023-10-04 18:38:03 - [MESSAGE][WARNING] - A browser is already opened. Closing browser and opening a new one

2023-10-04 18:38:04 - [MESSAGE][INFO] - Starting 'Edge Chromium' driver

2023-10-04 18:38:04 - [MESSAGE][INFO] - User set preference: ['acceptInsecureCerts', 'true']

2023-10-04 18:38:04 - [MESSAGE][INFO] - Action delay is set to 0 milliseconds

2023-10-04 18:38:07 - [MESSAGE][PASSED] - Browser is opened with url: 'https://10.9.2.63/ecommerce/administrator'

2023-10-04 18:38:07 - [TEST_STEP][PASSED] - maximizeWindow(): Current window maximized

2023-10-04 18:38:07 - [MESSAGE][PASSED] - Current window maximized

2023-10-04 18:38:07 - [TEST_STEP][PASSED] - verifyElementPresent(findTestObject("Login Admin/Verifikasi Halaman Administrator"), 0): Object 'Object Repository/Login Admin/Verifikasi Halaman Administrator' is present

2023-10-04 18:38:07 - [MESSAGE][WARNING] - Timeout '0' is invalid. Using default page load timeout: '30'

2023-10-04 18:38:07 - [MESSAGE][PASSED] - Object 'Object Repository/Login Admin/Verifikasi Halaman Administrator' is present

2023-10-04 18:38:07 - [TEST_STEP][PASSED] - setText(findTestObject("Login Admin/Input Username Admin"), "admin"): Text 'admin' is set on object 'Object Repository/Login Admin/Input Username Admin'

2023-10-04 18:38:08 - [MESSAGE][PASSED] - Text 'admin' is set on object 'Object Repository/Login Admin/Input Username Admin'

2023-10-04 18:38:08 - [TEST_STEP][PASSED] - setEncryptedText(findTestObject("Login Admin/Input Password Admin"), "374mkdZ/lqyNS21oH+MJZQ=="): Text ****** has been set on object 'Object Repository/Login Admin/Input Password Admin'

2023-10-04 18:38:09 - [MESSAGE][PASSED] - Text ****** has been set on object 'Object Repository/Login Admin/Input Password Admin'

2023-10-04 18:38:09 - [TEST_STEP][PASSED] - delay(10): Delayed 10 second(s)

2023-10-04 18:38:19 - [MESSAGE][PASSED] - Delayed 10 second(s)

2023-10-04 18:38:19 - [TEST_STEP][PASSED] - click(findTestObject("Login Admin/Botton Sign In")): Object: 'Object Repository/Login Admin/Botton Sign In' is clicked on

2023-10-04 18:38:21 - [MESSAGE][PASSED] - Object: 'Object Repository/Login Admin/Botton Sign In' is clicked on

2023-10-04 18:38:21 - [TEST_STEP][PASSED] - verifyElementPresent(findTestObject("Login Admin/Verifikasi Halaman Login Admin"), 0): Object 'Object Repository/Login Admin/Verifikasi Halaman Login Admin' is present

2023-10-04 18:38:21 - [MESSAGE][WARNING] - Timeout '0' is invalid. Using default page load timeout: '30'

2023-10-04 18:38:21 - [MESSAGE][PASSED] - Object 'Object Repository/Login Admin/Verifikasi Halaman Login Admin' is present

2023-10-04 18:38:21 - [MESSAGE][PASSED] - Call Test Case 'Test Cases/Login Admin/TC-Login Admin-001' successfully

2023-10-04 18:38:21 - [TEST_STEP][PASSED] - click(findTestObject("Product Admin/Master Market")): Object: 'Object Repository/Product Admin/Master Market' is clicked on

2023-10-04 18:38:21 - [MESSAGE][PASSED] - Object: 'Object Repository/Product Admin/Master Market' is clicked on

2023-10-04 18:38:21 - [TEST_STEP][PASSED] - click(findTestObject("Product Admin/Produk Admin")): Object: 'Object Repository/Product Admin/Produk Admin' is clicked on

2023-10-04 18:38:23 - [MESSAGE][PASSED] - Object: 'Object Repository/Product Admin/Produk Admin' is clicked on

2023-10-04 18:38:23 - [TEST_STEP][PASSED] - verifyElementPresent(findTestObject("Product Admin/Veridikasi Halaman Semua Produk"), 0): Object 'Object Repository/Product Admin/Veridikasi Halaman Semua Produk' is present

2023-10-04 18:38:23 - [MESSAGE][WARNING] - Timeout '0' is invalid. Using default page load timeout: '30'

2023-10-04 18:38:23 - [MESSAGE][PASSED] - Object 'Object Repository/Product Admin/Veridikasi Halaman Semua Produk' is present

2023-10-04 18:38:23 - [MESSAGE][PASSED] - Call Test Case 'Test Cases/Product Admin/TC-PA-001' successfully

2023-10-04 18:38:23 - [TEST_STEP][PASSED] - click(findTestObject("Product Admin/Button Edit Product Fleksibel")): Object: 'Object Repository/Product Admin/Button Edit Product Fleksibel' is clicked on

2023-10-04 18:38:24 - [MESSAGE][PASSED] - Object: 'Object Repository/Product Admin/Button Edit Product Fleksibel' is clicked on

2023-10-04 18:38:24 - [TEST_STEP][PASSED] - verifyElementPresent(findTestObject("Product Admin/TambahProduk/Verifikasi Halaman Product Baru"), 0): Object 'Object Repository/Product Admin/TambahProduk/Verifikasi Halaman Product Baru' is present

2023-10-04 18:38:24 - [MESSAGE][WARNING] - Timeout '0' is invalid. Using default page load timeout: '30'

2023-10-04 18:38:25 - [MESSAGE][PASSED] - Object 'Object Repository/Product Admin/TambahProduk/Verifikasi Halaman Product Baru' is present

2023-10-04 18:38:25 - [TEST_STEP][PASSED] - setText(findTestObject("Product Admin/TambahProduk/Input Nama Produk"), "~!@#$%^&*()"): Text '~!@#$%^&*()' is set on object 'Object Repository/Product Admin/TambahProduk/Input Nama Produk'

2023-10-04 18:38:25 - [MESSAGE][PASSED] - Text '~!@#$%^&*()' is set on object 'Object Repository/Product Admin/TambahProduk/Input Nama Produk'

2023-10-04 18:38:25 - [TEST_STEP][PASSED] - click(findTestObject("Product Admin/TambahProduk/Button Update Data")): Object: 'Object Repository/Product Admin/TambahProduk/Button Update Data' is clicked on

2023-10-04 18:38:26 - [MESSAGE][PASSED] - Object: 'Object Repository/Product Admin/TambahProduk/Button Update Data' is clicked on

2023-10-04 18:38:26 - [TEST_STEP][PASSED] - verifyElementPresent(findTestObject("Product Admin/Veridikasi Halaman Semua Produk"), 0): Object 'Object Repository/Product Admin/Veridikasi Halaman Semua Produk' is present

2023-10-04 18:38:26 - [MESSAGE][WARNING] - Timeout '0' is invalid. Using default page load timeout: '30'

2023-10-04 18:38:27 - [MESSAGE][PASSED] - Object 'Object Repository/Product Admin/Veridikasi Halaman Semua Produk' is present]]></system-out>
         <system-err><![CDATA[]]></system-err>
      </testcase>
      <testcase name="Test Cases/Product Admin/TC-PAN-011" time="22.848" classname="Test Cases/Product Admin/TC-PAN-011" status="PASSED">
         <system-out><![CDATA[2023-10-04 18:38:27 - [TEST_CASE][PASSED] - Test Cases/Product Admin/TC-PAN-011: Test Cases/Product Admin/TC-PAN-011

2023-10-04 18:38:27 - [TEST_STEP][PASSED] - callTestCase(findTestCase("Product Admin/TC-PA-001"), [:], STOP_ON_FAILURE): Call Test Case 'Test Cases/Product Admin/TC-PA-001' successfully

2023-10-04 18:38:27 - [TEST_CASE][PASSED] - Test Cases/Product Admin/TC-PA-001: Test Cases/Product Admin/TC-PA-001

2023-10-04 18:38:27 - [TEST_STEP][PASSED] - callTestCase(findTestCase("Login Admin/TC-Login Admin-001"), [:], STOP_ON_FAILURE): Call Test Case 'Test Cases/Login Admin/TC-Login Admin-001' successfully

2023-10-04 18:38:27 - [TEST_CASE][PASSED] - Test Cases/Login Admin/TC-Login Admin-001: Test Cases/Login Admin/TC-Login Admin-001

2023-10-04 18:38:27 - [TEST_STEP][PASSED] - openBrowser(adminTajalapak): Browser is opened with url: 'https://10.9.2.63/ecommerce/administrator'

2023-10-04 18:38:27 - [MESSAGE][WARNING] - A browser is already opened. Closing browser and opening a new one

2023-10-04 18:38:28 - [MESSAGE][INFO] - Starting 'Edge Chromium' driver

2023-10-04 18:38:28 - [MESSAGE][INFO] - User set preference: ['acceptInsecureCerts', 'true']

2023-10-04 18:38:29 - [MESSAGE][INFO] - Action delay is set to 0 milliseconds

2023-10-04 18:38:30 - [MESSAGE][PASSED] - Browser is opened with url: 'https://10.9.2.63/ecommerce/administrator'

2023-10-04 18:38:30 - [TEST_STEP][PASSED] - maximizeWindow(): Current window maximized

2023-10-04 18:38:30 - [MESSAGE][PASSED] - Current window maximized

2023-10-04 18:38:30 - [TEST_STEP][PASSED] - verifyElementPresent(findTestObject("Login Admin/Verifikasi Halaman Administrator"), 0): Object 'Object Repository/Login Admin/Verifikasi Halaman Administrator' is present

2023-10-04 18:38:30 - [MESSAGE][WARNING] - Timeout '0' is invalid. Using default page load timeout: '30'

2023-10-04 18:38:31 - [MESSAGE][PASSED] - Object 'Object Repository/Login Admin/Verifikasi Halaman Administrator' is present

2023-10-04 18:38:31 - [TEST_STEP][PASSED] - setText(findTestObject("Login Admin/Input Username Admin"), "admin"): Text 'admin' is set on object 'Object Repository/Login Admin/Input Username Admin'

2023-10-04 18:38:31 - [MESSAGE][PASSED] - Text 'admin' is set on object 'Object Repository/Login Admin/Input Username Admin'

2023-10-04 18:38:31 - [TEST_STEP][PASSED] - setEncryptedText(findTestObject("Login Admin/Input Password Admin"), "374mkdZ/lqyNS21oH+MJZQ=="): Text ****** has been set on object 'Object Repository/Login Admin/Input Password Admin'

2023-10-04 18:38:32 - [MESSAGE][PASSED] - Text ****** has been set on object 'Object Repository/Login Admin/Input Password Admin'

2023-10-04 18:38:32 - [TEST_STEP][PASSED] - delay(10): Delayed 10 second(s)

2023-10-04 18:38:42 - [MESSAGE][PASSED] - Delayed 10 second(s)

2023-10-04 18:38:42 - [TEST_STEP][PASSED] - click(findTestObject("Login Admin/Botton Sign In")): Object: 'Object Repository/Login Admin/Botton Sign In' is clicked on

2023-10-04 18:38:43 - [MESSAGE][PASSED] - Object: 'Object Repository/Login Admin/Botton Sign In' is clicked on

2023-10-04 18:38:43 - [TEST_STEP][PASSED] - verifyElementPresent(findTestObject("Login Admin/Verifikasi Halaman Login Admin"), 0): Object 'Object Repository/Login Admin/Verifikasi Halaman Login Admin' is present

2023-10-04 18:38:43 - [MESSAGE][WARNING] - Timeout '0' is invalid. Using default page load timeout: '30'

2023-10-04 18:38:44 - [MESSAGE][PASSED] - Object 'Object Repository/Login Admin/Verifikasi Halaman Login Admin' is present

2023-10-04 18:38:44 - [MESSAGE][PASSED] - Call Test Case 'Test Cases/Login Admin/TC-Login Admin-001' successfully

2023-10-04 18:38:44 - [TEST_STEP][PASSED] - click(findTestObject("Product Admin/Master Market")): Object: 'Object Repository/Product Admin/Master Market' is clicked on

2023-10-04 18:38:44 - [MESSAGE][PASSED] - Object: 'Object Repository/Product Admin/Master Market' is clicked on

2023-10-04 18:38:44 - [TEST_STEP][PASSED] - click(findTestObject("Product Admin/Produk Admin")): Object: 'Object Repository/Product Admin/Produk Admin' is clicked on

2023-10-04 18:38:45 - [MESSAGE][PASSED] - Object: 'Object Repository/Product Admin/Produk Admin' is clicked on

2023-10-04 18:38:45 - [TEST_STEP][PASSED] - verifyElementPresent(findTestObject("Product Admin/Veridikasi Halaman Semua Produk"), 0): Object 'Object Repository/Product Admin/Veridikasi Halaman Semua Produk' is present

2023-10-04 18:38:45 - [MESSAGE][WARNING] - Timeout '0' is invalid. Using default page load timeout: '30'

2023-10-04 18:38:46 - [MESSAGE][PASSED] - Object 'Object Repository/Product Admin/Veridikasi Halaman Semua Produk' is present

2023-10-04 18:38:46 - [MESSAGE][PASSED] - Call Test Case 'Test Cases/Product Admin/TC-PA-001' successfully

2023-10-04 18:38:46 - [TEST_STEP][PASSED] - click(findTestObject("Product Admin/Button Edit Product Fleksibel")): Object: 'Object Repository/Product Admin/Button Edit Product Fleksibel' is clicked on

2023-10-04 18:38:47 - [MESSAGE][PASSED] - Object: 'Object Repository/Product Admin/Button Edit Product Fleksibel' is clicked on

2023-10-04 18:38:47 - [TEST_STEP][PASSED] - verifyElementPresent(findTestObject("Product Admin/TambahProduk/Verifikasi Halaman Product Baru"), 0): Object 'Object Repository/Product Admin/TambahProduk/Verifikasi Halaman Product Baru' is present

2023-10-04 18:38:47 - [MESSAGE][WARNING] - Timeout '0' is invalid. Using default page load timeout: '30'

2023-10-04 18:38:47 - [MESSAGE][PASSED] - Object 'Object Repository/Product Admin/TambahProduk/Verifikasi Halaman Product Baru' is present

2023-10-04 18:38:47 - [TEST_STEP][PASSED] - setText(findTestObject("Product Admin/TambahProduk/Input Nama Produk"), " "): Text ' ' is set on object 'Object Repository/Product Admin/TambahProduk/Input Nama Produk'

2023-10-04 18:38:48 - [MESSAGE][PASSED] - Text ' ' is set on object 'Object Repository/Product Admin/TambahProduk/Input Nama Produk'

2023-10-04 18:38:48 - [TEST_STEP][PASSED] - click(findTestObject("Product Admin/TambahProduk/Button Update Data")): Object: 'Object Repository/Product Admin/TambahProduk/Button Update Data' is clicked on

2023-10-04 18:38:49 - [MESSAGE][PASSED] - Object: 'Object Repository/Product Admin/TambahProduk/Button Update Data' is clicked on

2023-10-04 18:38:49 - [TEST_STEP][PASSED] - verifyElementPresent(findTestObject("Product Admin/Veridikasi Halaman Semua Produk"), 0): Object 'Object Repository/Product Admin/Veridikasi Halaman Semua Produk' is present

2023-10-04 18:38:49 - [MESSAGE][WARNING] - Timeout '0' is invalid. Using default page load timeout: '30'

2023-10-04 18:38:50 - [MESSAGE][PASSED] - Object 'Object Repository/Product Admin/Veridikasi Halaman Semua Produk' is present]]></system-out>
         <system-err><![CDATA[]]></system-err>
      </testcase>
      <testcase name="Test Cases/Product Admin/TC-PAN-012" time="24.878" classname="Test Cases/Product Admin/TC-PAN-012" status="PASSED">
         <system-out><![CDATA[2023-10-04 18:38:50 - [TEST_CASE][PASSED] - Test Cases/Product Admin/TC-PAN-012: Test Cases/Product Admin/TC-PAN-012

2023-10-04 18:38:50 - [TEST_STEP][PASSED] - callTestCase(findTestCase("Product Admin/TC-PA-001"), [:], STOP_ON_FAILURE): Call Test Case 'Test Cases/Product Admin/TC-PA-001' successfully

2023-10-04 18:38:50 - [TEST_CASE][PASSED] - Test Cases/Product Admin/TC-PA-001: Test Cases/Product Admin/TC-PA-001

2023-10-04 18:38:50 - [TEST_STEP][PASSED] - callTestCase(findTestCase("Login Admin/TC-Login Admin-001"), [:], STOP_ON_FAILURE): Call Test Case 'Test Cases/Login Admin/TC-Login Admin-001' successfully

2023-10-04 18:38:50 - [TEST_CASE][PASSED] - Test Cases/Login Admin/TC-Login Admin-001: Test Cases/Login Admin/TC-Login Admin-001

2023-10-04 18:38:50 - [TEST_STEP][PASSED] - openBrowser(adminTajalapak): Browser is opened with url: 'https://10.9.2.63/ecommerce/administrator'

2023-10-04 18:38:50 - [MESSAGE][WARNING] - A browser is already opened. Closing browser and opening a new one

2023-10-04 18:38:51 - [MESSAGE][INFO] - Starting 'Edge Chromium' driver

2023-10-04 18:38:51 - [MESSAGE][INFO] - User set preference: ['acceptInsecureCerts', 'true']

2023-10-04 18:38:52 - [MESSAGE][INFO] - Action delay is set to 0 milliseconds

2023-10-04 18:38:54 - [MESSAGE][PASSED] - Browser is opened with url: 'https://10.9.2.63/ecommerce/administrator'

2023-10-04 18:38:54 - [TEST_STEP][PASSED] - maximizeWindow(): Current window maximized

2023-10-04 18:38:54 - [MESSAGE][PASSED] - Current window maximized

2023-10-04 18:38:54 - [TEST_STEP][PASSED] - verifyElementPresent(findTestObject("Login Admin/Verifikasi Halaman Administrator"), 0): Object 'Object Repository/Login Admin/Verifikasi Halaman Administrator' is present

2023-10-04 18:38:54 - [MESSAGE][WARNING] - Timeout '0' is invalid. Using default page load timeout: '30'

2023-10-04 18:38:54 - [MESSAGE][PASSED] - Object 'Object Repository/Login Admin/Verifikasi Halaman Administrator' is present

2023-10-04 18:38:54 - [TEST_STEP][PASSED] - setText(findTestObject("Login Admin/Input Username Admin"), "admin"): Text 'admin' is set on object 'Object Repository/Login Admin/Input Username Admin'

2023-10-04 18:38:55 - [MESSAGE][PASSED] - Text 'admin' is set on object 'Object Repository/Login Admin/Input Username Admin'

2023-10-04 18:38:55 - [TEST_STEP][PASSED] - setEncryptedText(findTestObject("Login Admin/Input Password Admin"), "374mkdZ/lqyNS21oH+MJZQ=="): Text ****** has been set on object 'Object Repository/Login Admin/Input Password Admin'

2023-10-04 18:38:56 - [MESSAGE][PASSED] - Text ****** has been set on object 'Object Repository/Login Admin/Input Password Admin'

2023-10-04 18:38:56 - [TEST_STEP][PASSED] - delay(10): Delayed 10 second(s)

2023-10-04 18:39:06 - [MESSAGE][PASSED] - Delayed 10 second(s)

2023-10-04 18:39:06 - [TEST_STEP][PASSED] - click(findTestObject("Login Admin/Botton Sign In")): Object: 'Object Repository/Login Admin/Botton Sign In' is clicked on

2023-10-04 18:39:07 - [MESSAGE][PASSED] - Object: 'Object Repository/Login Admin/Botton Sign In' is clicked on

2023-10-04 18:39:07 - [TEST_STEP][PASSED] - verifyElementPresent(findTestObject("Login Admin/Verifikasi Halaman Login Admin"), 0): Object 'Object Repository/Login Admin/Verifikasi Halaman Login Admin' is present

2023-10-04 18:39:08 - [MESSAGE][WARNING] - Timeout '0' is invalid. Using default page load timeout: '30'

2023-10-04 18:39:08 - [MESSAGE][PASSED] - Object 'Object Repository/Login Admin/Verifikasi Halaman Login Admin' is present

2023-10-04 18:39:08 - [MESSAGE][PASSED] - Call Test Case 'Test Cases/Login Admin/TC-Login Admin-001' successfully

2023-10-04 18:39:08 - [TEST_STEP][PASSED] - click(findTestObject("Product Admin/Master Market")): Object: 'Object Repository/Product Admin/Master Market' is clicked on

2023-10-04 18:39:08 - [MESSAGE][PASSED] - Object: 'Object Repository/Product Admin/Master Market' is clicked on

2023-10-04 18:39:08 - [TEST_STEP][PASSED] - click(findTestObject("Product Admin/Produk Admin")): Object: 'Object Repository/Product Admin/Produk Admin' is clicked on

2023-10-04 18:39:10 - [MESSAGE][PASSED] - Object: 'Object Repository/Product Admin/Produk Admin' is clicked on

2023-10-04 18:39:10 - [TEST_STEP][PASSED] - verifyElementPresent(findTestObject("Product Admin/Veridikasi Halaman Semua Produk"), 0): Object 'Object Repository/Product Admin/Veridikasi Halaman Semua Produk' is present

2023-10-04 18:39:10 - [MESSAGE][WARNING] - Timeout '0' is invalid. Using default page load timeout: '30'

2023-10-04 18:39:10 - [MESSAGE][PASSED] - Object 'Object Repository/Product Admin/Veridikasi Halaman Semua Produk' is present

2023-10-04 18:39:10 - [MESSAGE][PASSED] - Call Test Case 'Test Cases/Product Admin/TC-PA-001' successfully

2023-10-04 18:39:10 - [TEST_STEP][PASSED] - click(findTestObject("Product Admin/Button Edit Product Fleksibel")): Object: 'Object Repository/Product Admin/Button Edit Product Fleksibel' is clicked on

2023-10-04 18:39:11 - [MESSAGE][PASSED] - Object: 'Object Repository/Product Admin/Button Edit Product Fleksibel' is clicked on

2023-10-04 18:39:11 - [TEST_STEP][PASSED] - verifyElementPresent(findTestObject("Product Admin/TambahProduk/Verifikasi Halaman Product Baru"), 0): Object 'Object Repository/Product Admin/TambahProduk/Verifikasi Halaman Product Baru' is present

2023-10-04 18:39:12 - [MESSAGE][WARNING] - Timeout '0' is invalid. Using default page load timeout: '30'

2023-10-04 18:39:12 - [MESSAGE][PASSED] - Object 'Object Repository/Product Admin/TambahProduk/Verifikasi Halaman Product Baru' is present

2023-10-04 18:39:12 - [TEST_STEP][PASSED] - setText(findTestObject("Product Admin/TambahProduk/Input Nama Produk"), "Drone DJI Air 3 Dengan Spesifikasi Dual Kamera 48 Mega Pixel dan Mampu merekam dengan Resolusi 4K/60 FPS dan serta mampu menahan angin sampai 42 KM/Jam"): Text 'Drone DJI Air 3 Dengan Spesifikasi Dual Kamera 48 Mega Pixel dan Mampu merekam dengan Resolusi 4K/60 FPS dan serta mampu menahan angin sampai 42 KM/Jam' is set on object 'Object Repository/Product Admin/TambahProduk/Input Nama Produk'

2023-10-04 18:39:13 - [MESSAGE][PASSED] - Text 'Drone DJI Air 3 Dengan Spesifikasi Dual Kamera 48 Mega Pixel dan Mampu merekam dengan Resolusi 4K/60 FPS dan serta mampu menahan angin sampai 42 KM/Jam' is set on object 'Object Repository/Product Admin/TambahProduk/Input Nama Produk'

2023-10-04 18:39:13 - [TEST_STEP][PASSED] - click(findTestObject("Product Admin/TambahProduk/Button Update Data")): Object: 'Object Repository/Product Admin/TambahProduk/Button Update Data' is clicked on

2023-10-04 18:39:14 - [MESSAGE][PASSED] - Object: 'Object Repository/Product Admin/TambahProduk/Button Update Data' is clicked on

2023-10-04 18:39:14 - [TEST_STEP][PASSED] - verifyElementPresent(findTestObject("Product Admin/Veridikasi Halaman Semua Produk"), 0): Object 'Object Repository/Product Admin/Veridikasi Halaman Semua Produk' is present

2023-10-04 18:39:14 - [MESSAGE][WARNING] - Timeout '0' is invalid. Using default page load timeout: '30'

2023-10-04 18:39:15 - [MESSAGE][PASSED] - Object 'Object Repository/Product Admin/Veridikasi Halaman Semua Produk' is present]]></system-out>
         <system-err><![CDATA[]]></system-err>
      </testcase>
      <testcase name="Test Cases/Product Admin/TC-PAN-013" time="25.332" classname="Test Cases/Product Admin/TC-PAN-013" status="PASSED">
         <system-out><![CDATA[2023-10-04 18:39:15 - [TEST_CASE][PASSED] - Test Cases/Product Admin/TC-PAN-013: Test Cases/Product Admin/TC-PAN-013

2023-10-04 18:39:15 - [TEST_STEP][PASSED] - callTestCase(findTestCase("Product Admin/TC-PA-001"), [:], STOP_ON_FAILURE): Call Test Case 'Test Cases/Product Admin/TC-PA-001' successfully

2023-10-04 18:39:15 - [TEST_CASE][PASSED] - Test Cases/Product Admin/TC-PA-001: Test Cases/Product Admin/TC-PA-001

2023-10-04 18:39:15 - [TEST_STEP][PASSED] - callTestCase(findTestCase("Login Admin/TC-Login Admin-001"), [:], STOP_ON_FAILURE): Call Test Case 'Test Cases/Login Admin/TC-Login Admin-001' successfully

2023-10-04 18:39:15 - [TEST_CASE][PASSED] - Test Cases/Login Admin/TC-Login Admin-001: Test Cases/Login Admin/TC-Login Admin-001

2023-10-04 18:39:15 - [TEST_STEP][PASSED] - openBrowser(adminTajalapak): Browser is opened with url: 'https://10.9.2.63/ecommerce/administrator'

2023-10-04 18:39:15 - [MESSAGE][WARNING] - A browser is already opened. Closing browser and opening a new one

2023-10-04 18:39:16 - [MESSAGE][INFO] - Starting 'Edge Chromium' driver

2023-10-04 18:39:16 - [MESSAGE][INFO] - User set preference: ['acceptInsecureCerts', 'true']

2023-10-04 18:39:16 - [MESSAGE][INFO] - Action delay is set to 0 milliseconds

2023-10-04 18:39:19 - [MESSAGE][PASSED] - Browser is opened with url: 'https://10.9.2.63/ecommerce/administrator'

2023-10-04 18:39:19 - [TEST_STEP][PASSED] - maximizeWindow(): Current window maximized

2023-10-04 18:39:19 - [MESSAGE][PASSED] - Current window maximized

2023-10-04 18:39:19 - [TEST_STEP][PASSED] - verifyElementPresent(findTestObject("Login Admin/Verifikasi Halaman Administrator"), 0): Object 'Object Repository/Login Admin/Verifikasi Halaman Administrator' is present

2023-10-04 18:39:19 - [MESSAGE][WARNING] - Timeout '0' is invalid. Using default page load timeout: '30'

2023-10-04 18:39:20 - [MESSAGE][PASSED] - Object 'Object Repository/Login Admin/Verifikasi Halaman Administrator' is present

2023-10-04 18:39:20 - [TEST_STEP][PASSED] - setText(findTestObject("Login Admin/Input Username Admin"), "admin"): Text 'admin' is set on object 'Object Repository/Login Admin/Input Username Admin'

2023-10-04 18:39:20 - [MESSAGE][PASSED] - Text 'admin' is set on object 'Object Repository/Login Admin/Input Username Admin'

2023-10-04 18:39:20 - [TEST_STEP][PASSED] - setEncryptedText(findTestObject("Login Admin/Input Password Admin"), "374mkdZ/lqyNS21oH+MJZQ=="): Text ****** has been set on object 'Object Repository/Login Admin/Input Password Admin'

2023-10-04 18:39:21 - [MESSAGE][PASSED] - Text ****** has been set on object 'Object Repository/Login Admin/Input Password Admin'

2023-10-04 18:39:21 - [TEST_STEP][PASSED] - delay(10): Delayed 10 second(s)

2023-10-04 18:39:31 - [MESSAGE][PASSED] - Delayed 10 second(s)

2023-10-04 18:39:31 - [TEST_STEP][PASSED] - click(findTestObject("Login Admin/Botton Sign In")): Object: 'Object Repository/Login Admin/Botton Sign In' is clicked on

2023-10-04 18:39:32 - [MESSAGE][PASSED] - Object: 'Object Repository/Login Admin/Botton Sign In' is clicked on

2023-10-04 18:39:32 - [TEST_STEP][PASSED] - verifyElementPresent(findTestObject("Login Admin/Verifikasi Halaman Login Admin"), 0): Object 'Object Repository/Login Admin/Verifikasi Halaman Login Admin' is present

2023-10-04 18:39:32 - [MESSAGE][WARNING] - Timeout '0' is invalid. Using default page load timeout: '30'

2023-10-04 18:39:33 - [MESSAGE][PASSED] - Object 'Object Repository/Login Admin/Verifikasi Halaman Login Admin' is present

2023-10-04 18:39:33 - [MESSAGE][PASSED] - Call Test Case 'Test Cases/Login Admin/TC-Login Admin-001' successfully

2023-10-04 18:39:33 - [TEST_STEP][PASSED] - click(findTestObject("Product Admin/Master Market")): Object: 'Object Repository/Product Admin/Master Market' is clicked on

2023-10-04 18:39:33 - [MESSAGE][PASSED] - Object: 'Object Repository/Product Admin/Master Market' is clicked on

2023-10-04 18:39:33 - [TEST_STEP][PASSED] - click(findTestObject("Product Admin/Produk Admin")): Object: 'Object Repository/Product Admin/Produk Admin' is clicked on

2023-10-04 18:39:34 - [MESSAGE][PASSED] - Object: 'Object Repository/Product Admin/Produk Admin' is clicked on

2023-10-04 18:39:34 - [TEST_STEP][PASSED] - verifyElementPresent(findTestObject("Product Admin/Veridikasi Halaman Semua Produk"), 0): Object 'Object Repository/Product Admin/Veridikasi Halaman Semua Produk' is present

2023-10-04 18:39:34 - [MESSAGE][WARNING] - Timeout '0' is invalid. Using default page load timeout: '30'

2023-10-04 18:39:35 - [MESSAGE][PASSED] - Object 'Object Repository/Product Admin/Veridikasi Halaman Semua Produk' is present

2023-10-04 18:39:35 - [MESSAGE][PASSED] - Call Test Case 'Test Cases/Product Admin/TC-PA-001' successfully

2023-10-04 18:39:35 - [TEST_STEP][PASSED] - click(findTestObject("Product Admin/Button Edit Product Fleksibel")): Object: 'Object Repository/Product Admin/Button Edit Product Fleksibel' is clicked on

2023-10-04 18:39:36 - [MESSAGE][PASSED] - Object: 'Object Repository/Product Admin/Button Edit Product Fleksibel' is clicked on

2023-10-04 18:39:36 - [TEST_STEP][PASSED] - verifyElementPresent(findTestObject("Product Admin/TambahProduk/Verifikasi Halaman Product Baru"), 0): Object 'Object Repository/Product Admin/TambahProduk/Verifikasi Halaman Product Baru' is present

2023-10-04 18:39:36 - [MESSAGE][WARNING] - Timeout '0' is invalid. Using default page load timeout: '30'

2023-10-04 18:39:36 - [MESSAGE][PASSED] - Object 'Object Repository/Product Admin/TambahProduk/Verifikasi Halaman Product Baru' is present

2023-10-04 18:39:36 - [TEST_STEP][PASSED] - setText(findTestObject("Product Admin/TambahProduk/Input Harga Modal"), "1000000000"): Text '1000000000' is set on object 'Object Repository/Product Admin/TambahProduk/Input Harga Modal'

2023-10-04 18:39:37 - [MESSAGE][PASSED] - Text '1000000000' is set on object 'Object Repository/Product Admin/TambahProduk/Input Harga Modal'

2023-10-04 18:39:37 - [TEST_STEP][PASSED] - setText(findTestObject("Product Admin/TambahProduk/Input Harga Reseller"), "1100000000"): Text '1100000000' is set on object 'Object Repository/Product Admin/TambahProduk/Input Harga Reseller'

2023-10-04 18:39:38 - [MESSAGE][PASSED] - Text '1100000000' is set on object 'Object Repository/Product Admin/TambahProduk/Input Harga Reseller'

2023-10-04 18:39:38 - [TEST_STEP][PASSED] - setText(findTestObject("Product Admin/TambahProduk/Input Harga Konsumen"), "1200000000"): Text '1200000000' is set on object 'Object Repository/Product Admin/TambahProduk/Input Harga Konsumen'

2023-10-04 18:39:38 - [MESSAGE][PASSED] - Text '1200000000' is set on object 'Object Repository/Product Admin/TambahProduk/Input Harga Konsumen'

2023-10-04 18:39:38 - [TEST_STEP][PASSED] - click(findTestObject("Product Admin/TambahProduk/Button Update Data")): Object: 'Object Repository/Product Admin/TambahProduk/Button Update Data' is clicked on

2023-10-04 18:39:40 - [MESSAGE][PASSED] - Object: 'Object Repository/Product Admin/TambahProduk/Button Update Data' is clicked on

2023-10-04 18:39:40 - [TEST_STEP][PASSED] - verifyElementPresent(findTestObject("Product Admin/Veridikasi Halaman Semua Produk"), 0): Object 'Object Repository/Product Admin/Veridikasi Halaman Semua Produk' is present

2023-10-04 18:39:40 - [MESSAGE][WARNING] - Timeout '0' is invalid. Using default page load timeout: '30'

2023-10-04 18:39:40 - [MESSAGE][PASSED] - Object 'Object Repository/Product Admin/Veridikasi Halaman Semua Produk' is present]]></system-out>
         <system-err><![CDATA[]]></system-err>
      </testcase>
      <system-out><![CDATA[2023-10-04 18:16:34 - [TEST_SUITE][FAILED] - Product Admin: Test Cases/Product Admin/TC-PA-005 FAILED.
Reason:
Assertion failed: 

assert arrProdukNameOri == arrProdukNameSort
       |                |  |
       |                |  [ACER Swift 7 (SF713-51) (Core i7-7Y75) - Gold, APPLE MacBook Pro - Space Gray - Intel Core i5 2.3GHz, Baju Koko Kharismatik, Baju Koko Kids 0 - 9 tahun, Baju Koko Kids 0 - 9 tahun, Black Cotton Puplin Semi Wol Red White URI-12, Casio Pro, Consina Expert Series Lunara Biru Gelap, Consina Expert Series Lunara Biru Gelapp, cincin kawin buat ayangmu]
       |                false
       [ACER Swift 7 (SF713-51) (Core i7-7Y75) - Gold, APPLE MacBook Pro - Space Gray - Intel Core i5 2.3GHz, Baju Koko Kharismatik, Baju Koko Kids 0 - 9 tahun, Baju Koko Kids 0 - 9 tahun, Black Cotton Puplin Semi Wol Red White URI-12, Casio Pro, cincin kawin buat ayangmu, Consina Expert Series Lunara Biru Gelap, Consina Expert Series Lunara Biru Gelapp]

	at TC-PA-005.run(TC-PA-005:45)
	at com.kms.katalon.core.main.ScriptEngine.run(ScriptEngine.java:194)
	at com.kms.katalon.core.main.ScriptEngine.runScriptAsRawText(ScriptEngine.java:119)
	at com.kms.katalon.core.main.TestCaseExecutor.runScript(TestCaseExecutor.java:448)
	at com.kms.katalon.core.main.TestCaseExecutor.doExecute(TestCaseExecutor.java:439)
	at com.kms.katalon.core.main.TestCaseExecutor.processExecutionPhase(TestCaseExecutor.java:418)
	at com.kms.katalon.core.main.TestCaseExecutor.accessMainPhase(TestCaseExecutor.java:410)
	at com.kms.katalon.core.main.TestCaseExecutor.execute(TestCaseExecutor.java:285)
	at com.kms.katalon.core.common.CommonExecutor.accessTestCaseMainPhase(CommonExecutor.java:65)
	at com.kms.katalon.core.main.TestSuiteExecutor.accessTestSuiteMainPhase(TestSuiteExecutor.java:148)
	at com.kms.katalon.core.main.TestSuiteExecutor.execute(TestSuiteExecutor.java:106)
	at com.kms.katalon.core.main.TestCaseMain.startTestSuite(TestCaseMain.java:187)
	at com.kms.katalon.core.main.TestCaseMain$startTestSuite$0.call(Unknown Source)
	at TempTestSuite1696418169597.run(TempTestSuite1696418169597.groovy:36)]]></system-out>
      <system-err><![CDATA[2023-10-04 18:16:34 - [TEST_SUITE][FAILED] - Product Admin: Test Cases/Product Admin/TC-PA-005 FAILED.
Reason:
Assertion failed: 

assert arrProdukNameOri == arrProdukNameSort
       |                |  |
       |                |  [ACER Swift 7 (SF713-51) (Core i7-7Y75) - Gold, APPLE MacBook Pro - Space Gray - Intel Core i5 2.3GHz, Baju Koko Kharismatik, Baju Koko Kids 0 - 9 tahun, Baju Koko Kids 0 - 9 tahun, Black Cotton Puplin Semi Wol Red White URI-12, Casio Pro, Consina Expert Series Lunara Biru Gelap, Consina Expert Series Lunara Biru Gelapp, cincin kawin buat ayangmu]
       |                false
       [ACER Swift 7 (SF713-51) (Core i7-7Y75) - Gold, APPLE MacBook Pro - Space Gray - Intel Core i5 2.3GHz, Baju Koko Kharismatik, Baju Koko Kids 0 - 9 tahun, Baju Koko Kids 0 - 9 tahun, Black Cotton Puplin Semi Wol Red White URI-12, Casio Pro, cincin kawin buat ayangmu, Consina Expert Series Lunara Biru Gelap, Consina Expert Series Lunara Biru Gelapp]

	at TC-PA-005.run(TC-PA-005:45)
	at com.kms.katalon.core.main.ScriptEngine.run(ScriptEngine.java:194)
	at com.kms.katalon.core.main.ScriptEngine.runScriptAsRawText(ScriptEngine.java:119)
	at com.kms.katalon.core.main.TestCaseExecutor.runScript(TestCaseExecutor.java:448)
	at com.kms.katalon.core.main.TestCaseExecutor.doExecute(TestCaseExecutor.java:439)
	at com.kms.katalon.core.main.TestCaseExecutor.processExecutionPhase(TestCaseExecutor.java:418)
	at com.kms.katalon.core.main.TestCaseExecutor.accessMainPhase(TestCaseExecutor.java:410)
	at com.kms.katalon.core.main.TestCaseExecutor.execute(TestCaseExecutor.java:285)
	at com.kms.katalon.core.common.CommonExecutor.accessTestCaseMainPhase(CommonExecutor.java:65)
	at com.kms.katalon.core.main.TestSuiteExecutor.accessTestSuiteMainPhase(TestSuiteExecutor.java:148)
	at com.kms.katalon.core.main.TestSuiteExecutor.execute(TestSuiteExecutor.java:106)
	at com.kms.katalon.core.main.TestCaseMain.startTestSuite(TestCaseMain.java:187)
	at com.kms.katalon.core.main.TestCaseMain$startTestSuite$0.call(Unknown Source)
	at TempTestSuite1696418169597.run(TempTestSuite1696418169597.groovy:36)]]></system-err>
   </testsuite>
</testsuites>
