<?xml version="1.0" encoding="UTF-8"?>
<testsuites name="Product Ecomerce" time="728.829" tests="30" failures="11" errors="4">
   <testsuite name="Product Ecomerce" tests="30" failures="11" errors="4" time="728.829" skipped="0" timestamp="2023-10-04 19:30:21" hostname="Admin - Riswandha" id="Test Suites/Product Ecomerce">
      <properties>
         <property name="deviceName" value=""/>
         <property name="devicePlatform" value=""/>
         <property name="logFolder" value="G:\\Project Xsis\\batch-324-qa\\Riswan\\Sprint 2 Product Tajalapak\\Reports\\20231004_193007\\Product Ecomerce\\20231004_193008"/>
         <property name="logFiles" value="G:\\Project Xsis\\batch-324-qa\\Riswan\\Sprint 2 Product Tajalapak\\Reports\\20231004_193007\\Product Ecomerce\\20231004_193008\\execution0.log"/>
         <property name="attachments" value="G:\\Project Xsis\\batch-324-qa\\Riswan\\Sprint 2 Product Tajalapak\\Reports\\20231004_193007\\Product Ecomerce\\20231004_193008\\1696422707699.png, G:\\Project Xsis\\batch-324-qa\\Riswan\\Sprint 2 Product Tajalapak\\Reports\\20231004_193007\\Product Ecomerce\\20231004_193008\\1696422707927.png, G:\\Project Xsis\\batch-324-qa\\Riswan\\Sprint 2 Product Tajalapak\\Reports\\20231004_193007\\Product Ecomerce\\20231004_193008\\1696422914841.png, G:\\Project Xsis\\batch-324-qa\\Riswan\\Sprint 2 Product Tajalapak\\Reports\\20231004_193007\\Product Ecomerce\\20231004_193008\\1696422914972.png, G:\\Project Xsis\\batch-324-qa\\Riswan\\Sprint 2 Product Tajalapak\\Reports\\20231004_193007\\Product Ecomerce\\20231004_193008\\1696423178683.png, G:\\Project Xsis\\batch-324-qa\\Riswan\\Sprint 2 Product Tajalapak\\Reports\\20231004_193007\\Product Ecomerce\\20231004_193008\\1696423178840.png, G:\\Project Xsis\\batch-324-qa\\Riswan\\Sprint 2 Product Tajalapak\\Reports\\20231004_193007\\Product Ecomerce\\20231004_193008\\1696423242355.png, G:\\Project Xsis\\batch-324-qa\\Riswan\\Sprint 2 Product Tajalapak\\Reports\\20231004_193007\\Product Ecomerce\\20231004_193008\\1696423242484.png, G:\\Project Xsis\\batch-324-qa\\Riswan\\Sprint 2 Product Tajalapak\\Reports\\20231004_193007\\Product Ecomerce\\20231004_193008\\1696423311709.png, G:\\Project Xsis\\batch-324-qa\\Riswan\\Sprint 2 Product Tajalapak\\Reports\\20231004_193007\\Product Ecomerce\\20231004_193008\\1696423311879.png"/>
         <property name="hostName" value="Admin - Riswandha"/>
         <property name="os" value="Windows 10 64bit"/>
         <property name="katalonVersion" value="8.6.5.208"/>
         <property name="browser" value="Edge Chromium 117"/>
         <property name="hostAddress" value="10.9.2.19"/>
         <property name="sessionId" value="a0dccc5cf2062bdef91c118c7fe345a4"/>
         <property name="seleniumVersion" value="3.141.59"/>
         <property name="proxyInformation" value="ProxyInformation { proxyOption=NO_PROXY, proxyServerType=HTTP, username=, password=********, proxyServerAddress=, proxyServerPort=0, executionList=&quot;&quot;, isApplyToDesiredCapabilities=true }"/>
         <property name="platform" value="Windows 10"/>
      </properties>
      <testcase name="Test Cases/Product Ecommerce/TC-PE-001" time="17.098" classname="Test Cases/Product Ecommerce/TC-PE-001" status="PASSED">
         <system-out><![CDATA[2023-10-04 19:30:21 - [TEST_CASE][PASSED] - Test Cases/Product Ecommerce/TC-PE-001: Test Cases/Product Ecommerce/TC-PE-001

2023-10-04 19:30:22 - [TEST_STEP][PASSED] - callTestCase(findTestCase("Login Ecommerce/TC-Login Ecomerce-001"), [:], STOP_ON_FAILURE): Call Test Case 'Test Cases/Login Ecommerce/TC-Login Ecomerce-001' successfully

2023-10-04 19:30:22 - [TEST_CASE][PASSED] - Test Cases/Login Ecommerce/TC-Login Ecomerce-001: Test Cases/Login Ecommerce/TC-Login Ecomerce-001

2023-10-04 19:30:23 - [TEST_STEP][PASSED] - openBrowser(userTajalapak): Browser is opened with url: 'https://10.9.2.63/ecommerce/'

2023-10-04 19:30:23 - [MESSAGE][INFO] - Starting 'Edge Chromium' driver

2023-10-04 19:30:24 - [MESSAGE][INFO] - User set preference: ['acceptInsecureCerts', 'true']

2023-10-04 19:30:24 - [MESSAGE][INFO] - Action delay is set to 0 milliseconds

2023-10-04 19:30:29 - [MESSAGE][PASSED] - Browser is opened with url: 'https://10.9.2.63/ecommerce/'

2023-10-04 19:30:29 - [TEST_STEP][PASSED] - maximizeWindow(): Current window maximized

2023-10-04 19:30:29 - [MESSAGE][PASSED] - Current window maximized

2023-10-04 19:30:29 - [TEST_STEP][PASSED] - verifyElementPresent(findTestObject("Login Ecommerce/Verifikasi Halaman Login Akun"), 0): Object 'Object Repository/Login Ecommerce/Verifikasi Halaman Login Akun' is present

2023-10-04 19:30:29 - [MESSAGE][WARNING] - Timeout '0' is invalid. Using default page load timeout: '30'

2023-10-04 19:30:30 - [MESSAGE][PASSED] - Object 'Object Repository/Login Ecommerce/Verifikasi Halaman Login Akun' is present

2023-10-04 19:30:30 - [TEST_STEP][PASSED] - click(findTestObject("Login Ecommerce/Login Akun")): Object: 'Object Repository/Login Ecommerce/Login Akun' is clicked on

2023-10-04 19:30:31 - [MESSAGE][PASSED] - Object: 'Object Repository/Login Ecommerce/Login Akun' is clicked on

2023-10-04 19:30:31 - [TEST_STEP][PASSED] - verifyElementPresent(findTestObject("Login Ecommerce/Verifikasi Halaman Login Akun"), 0): Object 'Object Repository/Login Ecommerce/Verifikasi Halaman Login Akun' is present

2023-10-04 19:30:31 - [MESSAGE][WARNING] - Timeout '0' is invalid. Using default page load timeout: '30'

2023-10-04 19:30:31 - [MESSAGE][PASSED] - Object 'Object Repository/Login Ecommerce/Verifikasi Halaman Login Akun' is present

2023-10-04 19:30:31 - [TEST_STEP][PASSED] - setText(findTestObject("Login Ecommerce/Input Username"), "riswandha"): Text 'riswandha' is set on object 'Object Repository/Login Ecommerce/Input Username'

2023-10-04 19:30:33 - [MESSAGE][PASSED] - Text 'riswandha' is set on object 'Object Repository/Login Ecommerce/Input Username'

2023-10-04 19:30:33 - [TEST_STEP][PASSED] - setEncryptedText(findTestObject("Login Ecommerce/Input Password"), "iGDxf8hSRT4="): Text ****** has been set on object 'Object Repository/Login Ecommerce/Input Password'

2023-10-04 19:30:34 - [MESSAGE][PASSED] - Text ****** has been set on object 'Object Repository/Login Ecommerce/Input Password'

2023-10-04 19:30:34 - [TEST_STEP][PASSED] - click(findTestObject("Login Ecommerce/Button Masuk")): Object: 'Object Repository/Login Ecommerce/Button Masuk' is clicked on

2023-10-04 19:30:35 - [MESSAGE][PASSED] - Object: 'Object Repository/Login Ecommerce/Button Masuk' is clicked on

2023-10-04 19:30:35 - [TEST_STEP][PASSED] - verifyElementPresent(findTestObject("Login Ecommerce/Verifikasi Login Akun"), 0): Object 'Object Repository/Login Ecommerce/Verifikasi Login Akun' is present

2023-10-04 19:30:35 - [MESSAGE][WARNING] - Timeout '0' is invalid. Using default page load timeout: '30'

2023-10-04 19:30:36 - [MESSAGE][PASSED] - Object 'Object Repository/Login Ecommerce/Verifikasi Login Akun' is present

2023-10-04 19:30:36 - [MESSAGE][PASSED] - Call Test Case 'Test Cases/Login Ecommerce/TC-Login Ecomerce-001' successfully

2023-10-04 19:30:36 - [TEST_STEP][PASSED] - mouseOver(findTestObject("Product Ecommerce/Button Menu toko")): Object: 'Object Repository/Product Ecommerce/Button Menu toko' is hovered

2023-10-04 19:30:37 - [MESSAGE][PASSED] - Object: 'Object Repository/Product Ecommerce/Button Menu toko' is hovered

2023-10-04 19:30:37 - [TEST_STEP][PASSED] - click(findTestObject("Product Ecommerce/Button Daftar Produk")): Object: 'Object Repository/Product Ecommerce/Button Daftar Produk' is clicked on

2023-10-04 19:30:38 - [MESSAGE][PASSED] - Object: 'Object Repository/Product Ecommerce/Button Daftar Produk' is clicked on

2023-10-04 19:30:38 - [TEST_STEP][PASSED] - verifyElementPresent(findTestObject("Product Ecommerce/Verifikasi Halaman Product Anda"), 0): Object 'Object Repository/Product Ecommerce/Verifikasi Halaman Product Anda' is present

2023-10-04 19:30:38 - [MESSAGE][WARNING] - Timeout '0' is invalid. Using default page load timeout: '30'

2023-10-04 19:30:38 - [MESSAGE][PASSED] - Object 'Object Repository/Product Ecommerce/Verifikasi Halaman Product Anda' is present]]></system-out>
         <system-err><![CDATA[]]></system-err>
      </testcase>
      <testcase name="Test Cases/Product Ecommerce/TC-PE-002" time="69.094" classname="Test Cases/Product Ecommerce/TC-PE-002" status="FAILED">
         <failure type="FAILED" message="Test Cases/Product Ecommerce/TC-PE-002 FAILED.
Reason:
com.kms.katalon.core.exception.StepFailedException: Unable to verify object 'Object Repository/Product Ecommerce/Verifikasi Halaman Product Anda' is present
	at com.kms.katalon.core.webui.keyword.internal.WebUIKeywordMain.stepFailed(WebUIKeywordMain.groovy:64)
	at com.kms.katalon.core.webui.keyword.internal.WebUIKeywordMain.runKeyword(WebUIKeywordMain.groovy:26)
	at com.kms.katalon.core.webui.keyword.builtin.VerifyElementPresentKeyword.verifyElementPresent(VerifyElementPresentKeyword.groovy:92)
	at com.kms.katalon.core.webui.keyword.builtin.VerifyElementPresentKeyword.execute(VerifyElementPresentKeyword.groovy:68)
	at com.kms.katalon.core.keyword.internal.KeywordExecutor.executeKeywordForPlatform(KeywordExecutor.groovy:74)
	at com.kms.katalon.core.webui.keyword.WebUiBuiltInKeywords.verifyElementPresent(WebUiBuiltInKeywords.groovy:1464)
	at com.kms.katalon.core.webui.keyword.WebUiBuiltInKeywords$verifyElementPresent$1.call(Unknown Source)
	at TC-PE-002.run(TC-PE-002:62)
	at com.kms.katalon.core.main.ScriptEngine.run(ScriptEngine.java:194)
	at com.kms.katalon.core.main.ScriptEngine.runScriptAsRawText(ScriptEngine.java:119)
	at com.kms.katalon.core.main.TestCaseExecutor.runScript(TestCaseExecutor.java:448)
	at com.kms.katalon.core.main.TestCaseExecutor.doExecute(TestCaseExecutor.java:439)
	at com.kms.katalon.core.main.TestCaseExecutor.processExecutionPhase(TestCaseExecutor.java:418)
	at com.kms.katalon.core.main.TestCaseExecutor.accessMainPhase(TestCaseExecutor.java:410)
	at com.kms.katalon.core.main.TestCaseExecutor.execute(TestCaseExecutor.java:285)
	at com.kms.katalon.core.common.CommonExecutor.accessTestCaseMainPhase(CommonExecutor.java:65)
	at com.kms.katalon.core.main.TestSuiteExecutor.accessTestSuiteMainPhase(TestSuiteExecutor.java:148)
	at com.kms.katalon.core.main.TestSuiteExecutor.execute(TestSuiteExecutor.java:106)
	at com.kms.katalon.core.main.TestCaseMain.startTestSuite(TestCaseMain.java:187)
	at com.kms.katalon.core.main.TestCaseMain$startTestSuite$0.call(Unknown Source)
	at TempTestSuite1696422608926.run(TempTestSuite1696422608926.groovy:36)
Caused by: com.kms.katalon.core.exception.StepFailedException: com.kms.katalon.core.webui.exception.WebElementNotFoundException: Web element with id: 'Object Repository/Product Ecommerce/Verifikasi Halaman Product Anda' located by '(.//*[normalize-space(text()) and normalize-space(.)='Home'])[1]/following::li[2]' not found
	at com.kms.katalon.core.webui.keyword.internal.WebUIKeywordMain.stepFailed(WebUIKeywordMain.groovy:64)
	at com.kms.katalon.core.webui.keyword.builtin.VerifyElementPresentKeyword$_verifyElementPresent_closure1.doCall(VerifyElementPresentKeyword.groovy:85)
	at com.kms.katalon.core.webui.keyword.builtin.VerifyElementPresentKeyword$_verifyElementPresent_closure1.call(VerifyElementPresentKeyword.groovy)
	at com.kms.katalon.core.webui.keyword.internal.WebUIKeywordMain.runKeyword(WebUIKeywordMain.groovy:20)
	... 19 more
"/>
         <system-out><![CDATA[2023-10-04 19:30:38 - [TEST_CASE][FAILED] - Test Cases/Product Ecommerce/TC-PE-002: Test Cases/Product Ecommerce/TC-PE-002 FAILED.
Reason:
com.kms.katalon.core.exception.StepFailedException: Unable to verify object 'Object Repository/Product Ecommerce/Verifikasi Halaman Product Anda' is present
	at com.kms.katalon.core.webui.keyword.internal.WebUIKeywordMain.stepFailed(WebUIKeywordMain.groovy:64)
	at com.kms.katalon.core.webui.keyword.internal.WebUIKeywordMain.runKeyword(WebUIKeywordMain.groovy:26)
	at com.kms.katalon.core.webui.keyword.builtin.VerifyElementPresentKeyword.verifyElementPresent(VerifyElementPresentKeyword.groovy:92)
	at com.kms.katalon.core.webui.keyword.builtin.VerifyElementPresentKeyword.execute(VerifyElementPresentKeyword.groovy:68)
	at com.kms.katalon.core.keyword.internal.KeywordExecutor.executeKeywordForPlatform(KeywordExecutor.groovy:74)
	at com.kms.katalon.core.webui.keyword.WebUiBuiltInKeywords.verifyElementPresent(WebUiBuiltInKeywords.groovy:1464)
	at com.kms.katalon.core.webui.keyword.WebUiBuiltInKeywords$verifyElementPresent$1.call(Unknown Source)
	at TC-PE-002.run(TC-PE-002:62)
	at com.kms.katalon.core.main.ScriptEngine.run(ScriptEngine.java:194)
	at com.kms.katalon.core.main.ScriptEngine.runScriptAsRawText(ScriptEngine.java:119)
	at com.kms.katalon.core.main.TestCaseExecutor.runScript(TestCaseExecutor.java:448)
	at com.kms.katalon.core.main.TestCaseExecutor.doExecute(TestCaseExecutor.java:439)
	at com.kms.katalon.core.main.TestCaseExecutor.processExecutionPhase(TestCaseExecutor.java:418)
	at com.kms.katalon.core.main.TestCaseExecutor.accessMainPhase(TestCaseExecutor.java:410)
	at com.kms.katalon.core.main.TestCaseExecutor.execute(TestCaseExecutor.java:285)
	at com.kms.katalon.core.common.CommonExecutor.accessTestCaseMainPhase(CommonExecutor.java:65)
	at com.kms.katalon.core.main.TestSuiteExecutor.accessTestSuiteMainPhase(TestSuiteExecutor.java:148)
	at com.kms.katalon.core.main.TestSuiteExecutor.execute(TestSuiteExecutor.java:106)
	at com.kms.katalon.core.main.TestCaseMain.startTestSuite(TestCaseMain.java:187)
	at com.kms.katalon.core.main.TestCaseMain$startTestSuite$0.call(Unknown Source)
	at TempTestSuite1696422608926.run(TempTestSuite1696422608926.groovy:36)
Caused by: com.kms.katalon.core.exception.StepFailedException: com.kms.katalon.core.webui.exception.WebElementNotFoundException: Web element with id: 'Object Repository/Product Ecommerce/Verifikasi Halaman Product Anda' located by '(.//*[normalize-space(text()) and normalize-space(.)='Home'])[1]/following::li[2]' not found
	at com.kms.katalon.core.webui.keyword.internal.WebUIKeywordMain.stepFailed(WebUIKeywordMain.groovy:64)
	at com.kms.katalon.core.webui.keyword.builtin.VerifyElementPresentKeyword$_verifyElementPresent_closure1.doCall(VerifyElementPresentKeyword.groovy:85)
	at com.kms.katalon.core.webui.keyword.builtin.VerifyElementPresentKeyword$_verifyElementPresent_closure1.call(VerifyElementPresentKeyword.groovy)
	at com.kms.katalon.core.webui.keyword.internal.WebUIKeywordMain.runKeyword(WebUIKeywordMain.groovy:20)
	... 19 more


2023-10-04 19:30:39 - [TEST_STEP][PASSED] - callTestCase(findTestCase("Product Ecommerce/TC-PE-001"), [:], STOP_ON_FAILURE): Call Test Case 'Test Cases/Product Ecommerce/TC-PE-001' successfully

2023-10-04 19:30:39 - [TEST_CASE][PASSED] - Test Cases/Product Ecommerce/TC-PE-001: Test Cases/Product Ecommerce/TC-PE-001

2023-10-04 19:30:39 - [TEST_STEP][PASSED] - callTestCase(findTestCase("Login Ecommerce/TC-Login Ecomerce-001"), [:], STOP_ON_FAILURE): Call Test Case 'Test Cases/Login Ecommerce/TC-Login Ecomerce-001' successfully

2023-10-04 19:30:39 - [TEST_CASE][PASSED] - Test Cases/Login Ecommerce/TC-Login Ecomerce-001: Test Cases/Login Ecommerce/TC-Login Ecomerce-001

2023-10-04 19:30:39 - [TEST_STEP][PASSED] - openBrowser(userTajalapak): Browser is opened with url: 'https://10.9.2.63/ecommerce/'

2023-10-04 19:30:39 - [MESSAGE][WARNING] - A browser is already opened. Closing browser and opening a new one

2023-10-04 19:30:40 - [MESSAGE][INFO] - Starting 'Edge Chromium' driver

2023-10-04 19:30:40 - [MESSAGE][INFO] - User set preference: ['acceptInsecureCerts', 'true']

2023-10-04 19:30:41 - [MESSAGE][INFO] - Action delay is set to 0 milliseconds

2023-10-04 19:30:45 - [MESSAGE][PASSED] - Browser is opened with url: 'https://10.9.2.63/ecommerce/'

2023-10-04 19:30:45 - [TEST_STEP][PASSED] - maximizeWindow(): Current window maximized

2023-10-04 19:30:45 - [MESSAGE][PASSED] - Current window maximized

2023-10-04 19:30:45 - [TEST_STEP][PASSED] - verifyElementPresent(findTestObject("Login Ecommerce/Verifikasi Halaman Login Akun"), 0): Object 'Object Repository/Login Ecommerce/Verifikasi Halaman Login Akun' is present

2023-10-04 19:30:45 - [MESSAGE][WARNING] - Timeout '0' is invalid. Using default page load timeout: '30'

2023-10-04 19:30:46 - [MESSAGE][PASSED] - Object 'Object Repository/Login Ecommerce/Verifikasi Halaman Login Akun' is present

2023-10-04 19:30:46 - [TEST_STEP][PASSED] - click(findTestObject("Login Ecommerce/Login Akun")): Object: 'Object Repository/Login Ecommerce/Login Akun' is clicked on

2023-10-04 19:30:46 - [MESSAGE][PASSED] - Object: 'Object Repository/Login Ecommerce/Login Akun' is clicked on

2023-10-04 19:30:46 - [TEST_STEP][PASSED] - verifyElementPresent(findTestObject("Login Ecommerce/Verifikasi Halaman Login Akun"), 0): Object 'Object Repository/Login Ecommerce/Verifikasi Halaman Login Akun' is present

2023-10-04 19:30:46 - [MESSAGE][WARNING] - Timeout '0' is invalid. Using default page load timeout: '30'

2023-10-04 19:30:47 - [MESSAGE][PASSED] - Object 'Object Repository/Login Ecommerce/Verifikasi Halaman Login Akun' is present

2023-10-04 19:30:47 - [TEST_STEP][PASSED] - setText(findTestObject("Login Ecommerce/Input Username"), "riswandha"): Text 'riswandha' is set on object 'Object Repository/Login Ecommerce/Input Username'

2023-10-04 19:30:48 - [MESSAGE][PASSED] - Text 'riswandha' is set on object 'Object Repository/Login Ecommerce/Input Username'

2023-10-04 19:30:48 - [TEST_STEP][PASSED] - setEncryptedText(findTestObject("Login Ecommerce/Input Password"), "iGDxf8hSRT4="): Text ****** has been set on object 'Object Repository/Login Ecommerce/Input Password'

2023-10-04 19:30:49 - [MESSAGE][PASSED] - Text ****** has been set on object 'Object Repository/Login Ecommerce/Input Password'

2023-10-04 19:30:49 - [TEST_STEP][PASSED] - click(findTestObject("Login Ecommerce/Button Masuk")): Object: 'Object Repository/Login Ecommerce/Button Masuk' is clicked on

2023-10-04 19:30:51 - [MESSAGE][PASSED] - Object: 'Object Repository/Login Ecommerce/Button Masuk' is clicked on

2023-10-04 19:30:51 - [TEST_STEP][PASSED] - verifyElementPresent(findTestObject("Login Ecommerce/Verifikasi Login Akun"), 0): Object 'Object Repository/Login Ecommerce/Verifikasi Login Akun' is present

2023-10-04 19:30:51 - [MESSAGE][WARNING] - Timeout '0' is invalid. Using default page load timeout: '30'

2023-10-04 19:30:51 - [MESSAGE][PASSED] - Object 'Object Repository/Login Ecommerce/Verifikasi Login Akun' is present

2023-10-04 19:30:51 - [MESSAGE][PASSED] - Call Test Case 'Test Cases/Login Ecommerce/TC-Login Ecomerce-001' successfully

2023-10-04 19:30:51 - [TEST_STEP][PASSED] - mouseOver(findTestObject("Product Ecommerce/Button Menu toko")): Object: 'Object Repository/Product Ecommerce/Button Menu toko' is hovered

2023-10-04 19:30:52 - [MESSAGE][PASSED] - Object: 'Object Repository/Product Ecommerce/Button Menu toko' is hovered

2023-10-04 19:30:52 - [TEST_STEP][PASSED] - click(findTestObject("Product Ecommerce/Button Daftar Produk")): Object: 'Object Repository/Product Ecommerce/Button Daftar Produk' is clicked on

2023-10-04 19:30:53 - [MESSAGE][PASSED] - Object: 'Object Repository/Product Ecommerce/Button Daftar Produk' is clicked on

2023-10-04 19:30:53 - [TEST_STEP][PASSED] - verifyElementPresent(findTestObject("Product Ecommerce/Verifikasi Halaman Product Anda"), 0): Object 'Object Repository/Product Ecommerce/Verifikasi Halaman Product Anda' is present

2023-10-04 19:30:53 - [MESSAGE][WARNING] - Timeout '0' is invalid. Using default page load timeout: '30'

2023-10-04 19:30:54 - [MESSAGE][PASSED] - Object 'Object Repository/Product Ecommerce/Verifikasi Halaman Product Anda' is present

2023-10-04 19:30:54 - [MESSAGE][PASSED] - Call Test Case 'Test Cases/Product Ecommerce/TC-PE-001' successfully

2023-10-04 19:30:54 - [TEST_STEP][PASSED] - click(findTestObject("Product Ecommerce/Tambahkan Produk")): Object: 'Object Repository/Product Ecommerce/Tambahkan Produk' is clicked on

2023-10-04 19:30:55 - [MESSAGE][PASSED] - Object: 'Object Repository/Product Ecommerce/Tambahkan Produk' is clicked on

2023-10-04 19:30:55 - [TEST_STEP][PASSED] - verifyElementPresent(findTestObject("Product Ecommerce/Tambahkan Product/Verifikasi Halaman Tambahkan Product"), 0): Object 'Object Repository/Product Ecommerce/Tambahkan Product/Verifikasi Halaman Tambahkan Product' is present

2023-10-04 19:30:55 - [MESSAGE][WARNING] - Timeout '0' is invalid. Using default page load timeout: '30'

2023-10-04 19:30:56 - [MESSAGE][PASSED] - Object 'Object Repository/Product Ecommerce/Tambahkan Product/Verifikasi Halaman Tambahkan Product' is present

2023-10-04 19:30:56 - [TEST_STEP][PASSED] - selectOptionByValue(findTestObject("Product Ecommerce/Tambahkan Product/Pilih Katagori Produk"), "6", false): All options with value '6' are selected in object 'Object Repository/Product Ecommerce/Tambahkan Product/Pilih Katagori Produk' 

2023-10-04 19:30:57 - [MESSAGE][PASSED] - All options with value '6' are selected in object 'Object Repository/Product Ecommerce/Tambahkan Product/Pilih Katagori Produk' 

2023-10-04 19:30:57 - [TEST_STEP][PASSED] - selectOptionByValue(findTestObject("Product Ecommerce/Tambahkan Product/Pilih Sub Katagori Produk"), "15", false): All options with value '15' are selected in object 'Object Repository/Product Ecommerce/Tambahkan Product/Pilih Sub Katagori Produk' 

2023-10-04 19:30:57 - [MESSAGE][PASSED] - All options with value '15' are selected in object 'Object Repository/Product Ecommerce/Tambahkan Product/Pilih Sub Katagori Produk' 

2023-10-04 19:30:57 - [TEST_STEP][PASSED] - setText(findTestObject("Product Ecommerce/Tambahkan Product/Input Nama Produk"), "Baju Koko Kids 0 - 9 tahun"): Text 'Baju Koko Kids 0 - 9 tahun' is set on object 'Object Repository/Product Ecommerce/Tambahkan Product/Input Nama Produk'

2023-10-04 19:30:58 - [MESSAGE][PASSED] - Text 'Baju Koko Kids 0 - 9 tahun' is set on object 'Object Repository/Product Ecommerce/Tambahkan Product/Input Nama Produk'

2023-10-04 19:30:58 - [TEST_STEP][PASSED] - setText(findTestObject("Product Ecommerce/Tambahkan Product/Input Satuan"), "Pcs"): Text 'Pcs' is set on object 'Object Repository/Product Ecommerce/Tambahkan Product/Input Satuan'

2023-10-04 19:30:59 - [MESSAGE][PASSED] - Text 'Pcs' is set on object 'Object Repository/Product Ecommerce/Tambahkan Product/Input Satuan'

2023-10-04 19:30:59 - [TEST_STEP][PASSED] - setText(findTestObject("Product Ecommerce/Tambahkan Product/Input Berat"), "100"): Text '100' is set on object 'Object Repository/Product Ecommerce/Tambahkan Product/Input Berat'

2023-10-04 19:31:00 - [MESSAGE][PASSED] - Text '100' is set on object 'Object Repository/Product Ecommerce/Tambahkan Product/Input Berat'

2023-10-04 19:31:00 - [TEST_STEP][PASSED] - setText(findTestObject("Product Ecommerce/Tambahkan Product/Input Harga Modal"), "10000"): Text '10000' is set on object 'Object Repository/Product Ecommerce/Tambahkan Product/Input Harga Modal'

2023-10-04 19:31:01 - [MESSAGE][PASSED] - Text '10000' is set on object 'Object Repository/Product Ecommerce/Tambahkan Product/Input Harga Modal'

2023-10-04 19:31:01 - [TEST_STEP][PASSED] - setText(findTestObject("Product Ecommerce/Tambahkan Product/Input Harga Jual"), "12000"): Text '12000' is set on object 'Object Repository/Product Ecommerce/Tambahkan Product/Input Harga Jual'

2023-10-04 19:31:01 - [MESSAGE][PASSED] - Text '12000' is set on object 'Object Repository/Product Ecommerce/Tambahkan Product/Input Harga Jual'

2023-10-04 19:31:01 - [TEST_STEP][PASSED] - setText(findTestObject("Product Ecommerce/Tambahkan Product/Input Diskon"), "1000"): Text '1000' is set on object 'Object Repository/Product Ecommerce/Tambahkan Product/Input Diskon'

2023-10-04 19:31:02 - [MESSAGE][PASSED] - Text '1000' is set on object 'Object Repository/Product Ecommerce/Tambahkan Product/Input Diskon'

2023-10-04 19:31:02 - [TEST_STEP][PASSED] - setText(findTestObject("Product Ecommerce/Tambahkan Product/Input Stok Awal"), "20"): Text '20' is set on object 'Object Repository/Product Ecommerce/Tambahkan Product/Input Stok Awal'

2023-10-04 19:31:03 - [MESSAGE][PASSED] - Text '20' is set on object 'Object Repository/Product Ecommerce/Tambahkan Product/Input Stok Awal'

2023-10-04 19:31:03 - [TEST_STEP][PASSED] - setText(findTestObject("Product Ecommerce/Tambahkan Product/Input Minimum Order"), "1"): Text '1' is set on object 'Object Repository/Product Ecommerce/Tambahkan Product/Input Minimum Order'

2023-10-04 19:31:04 - [MESSAGE][PASSED] - Text '1' is set on object 'Object Repository/Product Ecommerce/Tambahkan Product/Input Minimum Order'

2023-10-04 19:31:04 - [TEST_STEP][PASSED] - setText(findTestObject("Product Ecommerce/Tambahkan Product/Input Cuplikan"), "Stylish dan Nyaman! Baju Koko Kids kami cocok untuk usia 0 - 9 tahun. Terbuat dari bahan berkualitas tinggi yang lembut di kulit anak-anak, baju ini sempurna untuk berbagai acara, termasuk lebaran."): Text 'Stylish dan Nyaman! Baju Koko Kids kami cocok untuk usia 0 - 9 tahun. Terbuat dari bahan berkualitas tinggi yang lembut di kulit anak-anak, baju ini sempurna untuk berbagai acara, termasuk lebaran.' is set on object 'Object Repository/Product Ecommerce/Tambahkan Product/Input Cuplikan'

2023-10-04 19:31:05 - [MESSAGE][PASSED] - Text 'Stylish dan Nyaman! Baju Koko Kids kami cocok untuk usia 0 - 9 tahun. Terbuat dari bahan berkualitas tinggi yang lembut di kulit anak-anak, baju ini sempurna untuk berbagai acara, termasuk lebaran.' is set on object 'Object Repository/Product Ecommerce/Tambahkan Product/Input Cuplikan'

2023-10-04 19:31:05 - [TEST_STEP][PASSED] - check(findTestObject("Product Ecommerce/Tambahkan Product/Input Merek Pria")): Object 'Object Repository/Product Ecommerce/Tambahkan Product/Input Merek Pria' is checked

2023-10-04 19:31:05 - [MESSAGE][PASSED] - Object 'Object Repository/Product Ecommerce/Tambahkan Product/Input Merek Pria' is checked

2023-10-04 19:31:05 - [TEST_STEP][PASSED] - setText(findTestObject("Product Ecommerce/Tambahkan Product/Input Keterangan"), "Desain Modern: Tampil modis dengan desain terkini yang cocok untuk anak-anak. Kenyamanan Sepanjang Hari: Bahan lembut dan nyaman sehingga anak-anak tetap bahagia sepanjang hari. Beragam Warna: Pilihan warna yang cerah dan menarik. Ukuran Sesuai: Tersedia dalam berbagai ukuran, mulai dari 0 hingga 9 tahun. Dapatkan tampilan yang trendi untuk si kecil dengan Baju Koko Kids kami. Pesan sekarang dan buat momen lebaran mereka lebih istimewa!"): Text 'Desain Modern: Tampil modis dengan desain terkini yang cocok untuk anak-anak. Kenyamanan Sepanjang Hari: Bahan lembut dan nyaman sehingga anak-anak tetap bahagia sepanjang hari. Beragam Warna: Pilihan warna yang cerah dan menarik. Ukuran Sesuai: Tersedia dalam berbagai ukuran, mulai dari 0 hingga 9 tahun. Dapatkan tampilan yang trendi untuk si kecil dengan Baju Koko Kids kami. Pesan sekarang dan buat momen lebaran mereka lebih istimewa!' is set on object 'Object Repository/Product Ecommerce/Tambahkan Product/Input Keterangan'

2023-10-04 19:31:08 - [MESSAGE][PASSED] - Text 'Desain Modern: Tampil modis dengan desain terkini yang cocok untuk anak-anak. Kenyamanan Sepanjang Hari: Bahan lembut dan nyaman sehingga anak-anak tetap bahagia sepanjang hari. Beragam Warna: Pilihan warna yang cerah dan menarik. Ukuran Sesuai: Tersedia dalam berbagai ukuran, mulai dari 0 hingga 9 tahun. Dapatkan tampilan yang trendi untuk si kecil dengan Baju Koko Kids kami. Pesan sekarang dan buat momen lebaran mereka lebih istimewa!' is set on object 'Object Repository/Product Ecommerce/Tambahkan Product/Input Keterangan'

2023-10-04 19:31:08 - [TEST_STEP][PASSED] - setText(findTestObject("Product Ecommerce/Tambahkan Product/Input Variasi 1 Nama Variasi"), "Warna"): Text 'Warna' is set on object 'Object Repository/Product Ecommerce/Tambahkan Product/Input Variasi 1 Nama Variasi'

2023-10-04 19:31:09 - [MESSAGE][PASSED] - Text 'Warna' is set on object 'Object Repository/Product Ecommerce/Tambahkan Product/Input Variasi 1 Nama Variasi'

2023-10-04 19:31:09 - [TEST_STEP][PASSED] - setText(findTestObject("Product Ecommerce/Tambahkan Product/Input Variasi 1 Kolom 1"), "Merah"): Text 'Merah' is set on object 'Object Repository/Product Ecommerce/Tambahkan Product/Input Variasi 1 Kolom 1'

2023-10-04 19:31:10 - [MESSAGE][PASSED] - Text 'Merah' is set on object 'Object Repository/Product Ecommerce/Tambahkan Product/Input Variasi 1 Kolom 1'

2023-10-04 19:31:10 - [TEST_STEP][PASSED] - setText(findTestObject("Product Ecommerce/Tambahkan Product/Input Variasi 1 Kolom 2"), "Biru"): Text 'Biru' is set on object 'Object Repository/Product Ecommerce/Tambahkan Product/Input Variasi 1 Kolom 2'

2023-10-04 19:31:10 - [MESSAGE][PASSED] - Text 'Biru' is set on object 'Object Repository/Product Ecommerce/Tambahkan Product/Input Variasi 1 Kolom 2'

2023-10-04 19:31:10 - [TEST_STEP][PASSED] - uploadFile(findTestObject("Product Ecommerce/Tambahkan Product/Input File"), "E:\Pelatihan\Xsis Academy\Baju koko kids.jpg"): File 'E:\Pelatihan\Xsis Academy\Baju koko kids.jpg' sent to object: 'Object Repository/Product Ecommerce/Tambahkan Product/Input File'

2023-10-04 19:31:11 - [MESSAGE][PASSED] - File 'E:\Pelatihan\Xsis Academy\Baju koko kids.jpg' sent to object: 'Object Repository/Product Ecommerce/Tambahkan Product/Input File'

2023-10-04 19:31:11 - [TEST_STEP][PASSED] - click(findTestObject("Product Ecommerce/Tambahkan Product/Button Tambahkan")): Object: 'Object Repository/Product Ecommerce/Tambahkan Product/Button Tambahkan' is clicked on

2023-10-04 19:31:15 - [MESSAGE][PASSED] - Object: 'Object Repository/Product Ecommerce/Tambahkan Product/Button Tambahkan' is clicked on

2023-10-04 19:31:15 - [TEST_STEP][FAILED] - verifyElementPresent(findTestObject("Product Ecommerce/Verifikasi Halaman Product Anda"), 0): Unable to verify object 'Object Repository/Product Ecommerce/Verifikasi Halaman Product Anda' is present (Root cause: com.kms.katalon.core.exception.StepFailedException: Unable to verify object 'Object Repository/Product Ecommerce/Verifikasi Halaman Product Anda' is present
	at com.kms.katalon.core.webui.keyword.internal.WebUIKeywordMain.stepFailed(WebUIKeywordMain.groovy:64)
	at com.kms.katalon.core.webui.keyword.internal.WebUIKeywordMain.runKeyword(WebUIKeywordMain.groovy:26)
	at com.kms.katalon.core.webui.keyword.builtin.VerifyElementPresentKeyword.verifyElementPresent(VerifyElementPresentKeyword.groovy:92)
	at com.kms.katalon.core.webui.keyword.builtin.VerifyElementPresentKeyword.execute(VerifyElementPresentKeyword.groovy:68)
	at com.kms.katalon.core.keyword.internal.KeywordExecutor.executeKeywordForPlatform(KeywordExecutor.groovy:74)
	at com.kms.katalon.core.webui.keyword.WebUiBuiltInKeywords.verifyElementPresent(WebUiBuiltInKeywords.groovy:1464)
	at com.kms.katalon.core.webui.keyword.WebUiBuiltInKeywords$verifyElementPresent$1.call(Unknown Source)
	at TC-PE-002.run(TC-PE-002:62)
	at com.kms.katalon.core.main.ScriptEngine.run(ScriptEngine.java:194)
	at com.kms.katalon.core.main.ScriptEngine.runScriptAsRawText(ScriptEngine.java:119)
	at com.kms.katalon.core.main.TestCaseExecutor.runScript(TestCaseExecutor.java:448)
	at com.kms.katalon.core.main.TestCaseExecutor.doExecute(TestCaseExecutor.java:439)
	at com.kms.katalon.core.main.TestCaseExecutor.processExecutionPhase(TestCaseExecutor.java:418)
	at com.kms.katalon.core.main.TestCaseExecutor.accessMainPhase(TestCaseExecutor.java:410)
	at com.kms.katalon.core.main.TestCaseExecutor.execute(TestCaseExecutor.java:285)
	at com.kms.katalon.core.common.CommonExecutor.accessTestCaseMainPhase(CommonExecutor.java:65)
	at com.kms.katalon.core.main.TestSuiteExecutor.accessTestSuiteMainPhase(TestSuiteExecutor.java:148)
	at com.kms.katalon.core.main.TestSuiteExecutor.execute(TestSuiteExecutor.java:106)
	at com.kms.katalon.core.main.TestCaseMain.startTestSuite(TestCaseMain.java:187)
	at com.kms.katalon.core.main.TestCaseMain$startTestSuite$0.call(Unknown Source)
	at TempTestSuite1696422608926.run(TempTestSuite1696422608926.groovy:36)
Caused by: com.kms.katalon.core.exception.StepFailedException: com.kms.katalon.core.webui.exception.WebElementNotFoundException: Web element with id: 'Object Repository/Product Ecommerce/Verifikasi Halaman Product Anda' located by '(.//*[normalize-space(text()) and normalize-space(.)='Home'])[1]/following::li[2]' not found
	at com.kms.katalon.core.webui.keyword.internal.WebUIKeywordMain.stepFailed(WebUIKeywordMain.groovy:64)
	at com.kms.katalon.core.webui.keyword.builtin.VerifyElementPresentKeyword$_verifyElementPresent_closure1.doCall(VerifyElementPresentKeyword.groovy:85)
	at com.kms.katalon.core.webui.keyword.builtin.VerifyElementPresentKeyword$_verifyElementPresent_closure1.call(VerifyElementPresentKeyword.groovy)
	at com.kms.katalon.core.webui.keyword.internal.WebUIKeywordMain.runKeyword(WebUIKeywordMain.groovy:20)
	... 19 more
)

2023-10-04 19:31:15 - [MESSAGE][WARNING] - Timeout '0' is invalid. Using default page load timeout: '30'

2023-10-04 19:31:47 - [MESSAGE][INFO] - Unable to find the element located by 'By.xpath: (.//*[normalize-space(text()) and normalize-space(.)='Home'])[1]/following::li[2]'. Please recheck the objects properties to make sure the desired element is located. 

2023-10-04 19:31:47 - [MESSAGE][FAILED] - com.kms.katalon.core.webui.exception.WebElementNotFoundException: Web element with id: 'Object Repository/Product Ecommerce/Verifikasi Halaman Product Anda' located by '(.//*[normalize-space(text()) and normalize-space(.)='Home'])[1]/following::li[2]' not found (Root cause: com.kms.katalon.core.exception.StepFailedException: com.kms.katalon.core.webui.exception.WebElementNotFoundException: Web element with id: 'Object Repository/Product Ecommerce/Verifikasi Halaman Product Anda' located by '(.//*[normalize-space(text()) and normalize-space(.)='Home'])[1]/following::li[2]' not found
	at com.kms.katalon.core.webui.keyword.internal.WebUIKeywordMain.stepFailed(WebUIKeywordMain.groovy:64)
	at com.kms.katalon.core.webui.keyword.builtin.VerifyElementPresentKeyword$_verifyElementPresent_closure1.doCall(VerifyElementPresentKeyword.groovy:85)
	at com.kms.katalon.core.webui.keyword.builtin.VerifyElementPresentKeyword$_verifyElementPresent_closure1.call(VerifyElementPresentKeyword.groovy)
	at com.kms.katalon.core.webui.keyword.internal.WebUIKeywordMain.runKeyword(WebUIKeywordMain.groovy:20)
	at com.kms.katalon.core.webui.keyword.builtin.VerifyElementPresentKeyword.verifyElementPresent(VerifyElementPresentKeyword.groovy:92)
	at com.kms.katalon.core.webui.keyword.builtin.VerifyElementPresentKeyword.execute(VerifyElementPresentKeyword.groovy:68)
	at com.kms.katalon.core.keyword.internal.KeywordExecutor.executeKeywordForPlatform(KeywordExecutor.groovy:74)
	at com.kms.katalon.core.webui.keyword.WebUiBuiltInKeywords.verifyElementPresent(WebUiBuiltInKeywords.groovy:1464)
	at com.kms.katalon.core.webui.keyword.WebUiBuiltInKeywords$verifyElementPresent$1.call(Unknown Source)
	at TC-PE-002.run(TC-PE-002:62)
	at com.kms.katalon.core.main.ScriptEngine.run(ScriptEngine.java:194)
	at com.kms.katalon.core.main.ScriptEngine.runScriptAsRawText(ScriptEngine.java:119)
	at com.kms.katalon.core.main.TestCaseExecutor.runScript(TestCaseExecutor.java:448)
	at com.kms.katalon.core.main.TestCaseExecutor.doExecute(TestCaseExecutor.java:439)
	at com.kms.katalon.core.main.TestCaseExecutor.processExecutionPhase(TestCaseExecutor.java:418)
	at com.kms.katalon.core.main.TestCaseExecutor.accessMainPhase(TestCaseExecutor.java:410)
	at com.kms.katalon.core.main.TestCaseExecutor.execute(TestCaseExecutor.java:285)
	at com.kms.katalon.core.common.CommonExecutor.accessTestCaseMainPhase(CommonExecutor.java:65)
	at com.kms.katalon.core.main.TestSuiteExecutor.accessTestSuiteMainPhase(TestSuiteExecutor.java:148)
	at com.kms.katalon.core.main.TestSuiteExecutor.execute(TestSuiteExecutor.java:106)
	at com.kms.katalon.core.main.TestCaseMain.startTestSuite(TestCaseMain.java:187)
	at com.kms.katalon.core.main.TestCaseMain$startTestSuite$0.call(Unknown Source)
	at TempTestSuite1696422608926.run(TempTestSuite1696422608926.groovy:36)
)
[[ATTACHMENT|G:\\Project Xsis\\batch-324-qa\\Riswan\\Sprint 2 Product Tajalapak\\Reports\\20231004_193007\\Product Ecomerce\\20231004_193008\\1696422707699.png]]

2023-10-04 19:31:48 - [MESSAGE][FAILED] - Unable to verify object 'Object Repository/Product Ecommerce/Verifikasi Halaman Product Anda' is present (Root cause: com.kms.katalon.core.exception.StepFailedException: Unable to verify object 'Object Repository/Product Ecommerce/Verifikasi Halaman Product Anda' is present
	at com.kms.katalon.core.webui.keyword.internal.WebUIKeywordMain.stepFailed(WebUIKeywordMain.groovy:64)
	at com.kms.katalon.core.webui.keyword.internal.WebUIKeywordMain.runKeyword(WebUIKeywordMain.groovy:26)
	at com.kms.katalon.core.webui.keyword.builtin.VerifyElementPresentKeyword.verifyElementPresent(VerifyElementPresentKeyword.groovy:92)
	at com.kms.katalon.core.webui.keyword.builtin.VerifyElementPresentKeyword.execute(VerifyElementPresentKeyword.groovy:68)
	at com.kms.katalon.core.keyword.internal.KeywordExecutor.executeKeywordForPlatform(KeywordExecutor.groovy:74)
	at com.kms.katalon.core.webui.keyword.WebUiBuiltInKeywords.verifyElementPresent(WebUiBuiltInKeywords.groovy:1464)
	at com.kms.katalon.core.webui.keyword.WebUiBuiltInKeywords$verifyElementPresent$1.call(Unknown Source)
	at TC-PE-002.run(TC-PE-002:62)
	at com.kms.katalon.core.main.ScriptEngine.run(ScriptEngine.java:194)
	at com.kms.katalon.core.main.ScriptEngine.runScriptAsRawText(ScriptEngine.java:119)
	at com.kms.katalon.core.main.TestCaseExecutor.runScript(TestCaseExecutor.java:448)
	at com.kms.katalon.core.main.TestCaseExecutor.doExecute(TestCaseExecutor.java:439)
	at com.kms.katalon.core.main.TestCaseExecutor.processExecutionPhase(TestCaseExecutor.java:418)
	at com.kms.katalon.core.main.TestCaseExecutor.accessMainPhase(TestCaseExecutor.java:410)
	at com.kms.katalon.core.main.TestCaseExecutor.execute(TestCaseExecutor.java:285)
	at com.kms.katalon.core.common.CommonExecutor.accessTestCaseMainPhase(CommonExecutor.java:65)
	at com.kms.katalon.core.main.TestSuiteExecutor.accessTestSuiteMainPhase(TestSuiteExecutor.java:148)
	at com.kms.katalon.core.main.TestSuiteExecutor.execute(TestSuiteExecutor.java:106)
	at com.kms.katalon.core.main.TestCaseMain.startTestSuite(TestCaseMain.java:187)
	at com.kms.katalon.core.main.TestCaseMain$startTestSuite$0.call(Unknown Source)
	at TempTestSuite1696422608926.run(TempTestSuite1696422608926.groovy:36)
Caused by: com.kms.katalon.core.exception.StepFailedException: com.kms.katalon.core.webui.exception.WebElementNotFoundException: Web element with id: 'Object Repository/Product Ecommerce/Verifikasi Halaman Product Anda' located by '(.//*[normalize-space(text()) and normalize-space(.)='Home'])[1]/following::li[2]' not found
	at com.kms.katalon.core.webui.keyword.internal.WebUIKeywordMain.stepFailed(WebUIKeywordMain.groovy:64)
	at com.kms.katalon.core.webui.keyword.builtin.VerifyElementPresentKeyword$_verifyElementPresent_closure1.doCall(VerifyElementPresentKeyword.groovy:85)
	at com.kms.katalon.core.webui.keyword.builtin.VerifyElementPresentKeyword$_verifyElementPresent_closure1.call(VerifyElementPresentKeyword.groovy)
	at com.kms.katalon.core.webui.keyword.internal.WebUIKeywordMain.runKeyword(WebUIKeywordMain.groovy:20)
	... 19 more
)
[[ATTACHMENT|G:\\Project Xsis\\batch-324-qa\\Riswan\\Sprint 2 Product Tajalapak\\Reports\\20231004_193007\\Product Ecomerce\\20231004_193008\\1696422707927.png]]]]></system-out>
         <system-err><![CDATA[2023-10-04 19:30:38 - [TEST_CASE][FAILED] - Test Cases/Product Ecommerce/TC-PE-002: Test Cases/Product Ecommerce/TC-PE-002 FAILED.
Reason:
com.kms.katalon.core.exception.StepFailedException: Unable to verify object 'Object Repository/Product Ecommerce/Verifikasi Halaman Product Anda' is present
	at com.kms.katalon.core.webui.keyword.internal.WebUIKeywordMain.stepFailed(WebUIKeywordMain.groovy:64)
	at com.kms.katalon.core.webui.keyword.internal.WebUIKeywordMain.runKeyword(WebUIKeywordMain.groovy:26)
	at com.kms.katalon.core.webui.keyword.builtin.VerifyElementPresentKeyword.verifyElementPresent(VerifyElementPresentKeyword.groovy:92)
	at com.kms.katalon.core.webui.keyword.builtin.VerifyElementPresentKeyword.execute(VerifyElementPresentKeyword.groovy:68)
	at com.kms.katalon.core.keyword.internal.KeywordExecutor.executeKeywordForPlatform(KeywordExecutor.groovy:74)
	at com.kms.katalon.core.webui.keyword.WebUiBuiltInKeywords.verifyElementPresent(WebUiBuiltInKeywords.groovy:1464)
	at com.kms.katalon.core.webui.keyword.WebUiBuiltInKeywords$verifyElementPresent$1.call(Unknown Source)
	at TC-PE-002.run(TC-PE-002:62)
	at com.kms.katalon.core.main.ScriptEngine.run(ScriptEngine.java:194)
	at com.kms.katalon.core.main.ScriptEngine.runScriptAsRawText(ScriptEngine.java:119)
	at com.kms.katalon.core.main.TestCaseExecutor.runScript(TestCaseExecutor.java:448)
	at com.kms.katalon.core.main.TestCaseExecutor.doExecute(TestCaseExecutor.java:439)
	at com.kms.katalon.core.main.TestCaseExecutor.processExecutionPhase(TestCaseExecutor.java:418)
	at com.kms.katalon.core.main.TestCaseExecutor.accessMainPhase(TestCaseExecutor.java:410)
	at com.kms.katalon.core.main.TestCaseExecutor.execute(TestCaseExecutor.java:285)
	at com.kms.katalon.core.common.CommonExecutor.accessTestCaseMainPhase(CommonExecutor.java:65)
	at com.kms.katalon.core.main.TestSuiteExecutor.accessTestSuiteMainPhase(TestSuiteExecutor.java:148)
	at com.kms.katalon.core.main.TestSuiteExecutor.execute(TestSuiteExecutor.java:106)
	at com.kms.katalon.core.main.TestCaseMain.startTestSuite(TestCaseMain.java:187)
	at com.kms.katalon.core.main.TestCaseMain$startTestSuite$0.call(Unknown Source)
	at TempTestSuite1696422608926.run(TempTestSuite1696422608926.groovy:36)
Caused by: com.kms.katalon.core.exception.StepFailedException: com.kms.katalon.core.webui.exception.WebElementNotFoundException: Web element with id: 'Object Repository/Product Ecommerce/Verifikasi Halaman Product Anda' located by '(.//*[normalize-space(text()) and normalize-space(.)='Home'])[1]/following::li[2]' not found
	at com.kms.katalon.core.webui.keyword.internal.WebUIKeywordMain.stepFailed(WebUIKeywordMain.groovy:64)
	at com.kms.katalon.core.webui.keyword.builtin.VerifyElementPresentKeyword$_verifyElementPresent_closure1.doCall(VerifyElementPresentKeyword.groovy:85)
	at com.kms.katalon.core.webui.keyword.builtin.VerifyElementPresentKeyword$_verifyElementPresent_closure1.call(VerifyElementPresentKeyword.groovy)
	at com.kms.katalon.core.webui.keyword.internal.WebUIKeywordMain.runKeyword(WebUIKeywordMain.groovy:20)
	... 19 more]]></system-err>
      </testcase>
      <testcase name="Test Cases/Product Ecommerce/TC-PE-003" time="18.169" classname="Test Cases/Product Ecommerce/TC-PE-003" status="PASSED">
         <system-out><![CDATA[2023-10-04 19:31:48 - [TEST_CASE][PASSED] - Test Cases/Product Ecommerce/TC-PE-003: Test Cases/Product Ecommerce/TC-PE-003

2023-10-04 19:31:48 - [TEST_STEP][PASSED] - callTestCase(findTestCase("Product Ecommerce/TC-PE-001"), [:], STOP_ON_FAILURE): Call Test Case 'Test Cases/Product Ecommerce/TC-PE-001' successfully

2023-10-04 19:31:48 - [TEST_CASE][PASSED] - Test Cases/Product Ecommerce/TC-PE-001: Test Cases/Product Ecommerce/TC-PE-001

2023-10-04 19:31:48 - [TEST_STEP][PASSED] - callTestCase(findTestCase("Login Ecommerce/TC-Login Ecomerce-001"), [:], STOP_ON_FAILURE): Call Test Case 'Test Cases/Login Ecommerce/TC-Login Ecomerce-001' successfully

2023-10-04 19:31:48 - [TEST_CASE][PASSED] - Test Cases/Login Ecommerce/TC-Login Ecomerce-001: Test Cases/Login Ecommerce/TC-Login Ecomerce-001

2023-10-04 19:31:48 - [TEST_STEP][PASSED] - openBrowser(userTajalapak): Browser is opened with url: 'https://10.9.2.63/ecommerce/'

2023-10-04 19:31:48 - [MESSAGE][WARNING] - A browser is already opened. Closing browser and opening a new one

2023-10-04 19:31:49 - [MESSAGE][INFO] - Starting 'Edge Chromium' driver

2023-10-04 19:31:49 - [MESSAGE][INFO] - User set preference: ['acceptInsecureCerts', 'true']

2023-10-04 19:31:49 - [MESSAGE][INFO] - Action delay is set to 0 milliseconds

2023-10-04 19:31:53 - [MESSAGE][PASSED] - Browser is opened with url: 'https://10.9.2.63/ecommerce/'

2023-10-04 19:31:53 - [TEST_STEP][PASSED] - maximizeWindow(): Current window maximized

2023-10-04 19:31:53 - [MESSAGE][PASSED] - Current window maximized

2023-10-04 19:31:53 - [TEST_STEP][PASSED] - verifyElementPresent(findTestObject("Login Ecommerce/Verifikasi Halaman Login Akun"), 0): Object 'Object Repository/Login Ecommerce/Verifikasi Halaman Login Akun' is present

2023-10-04 19:31:53 - [MESSAGE][WARNING] - Timeout '0' is invalid. Using default page load timeout: '30'

2023-10-04 19:31:53 - [MESSAGE][PASSED] - Object 'Object Repository/Login Ecommerce/Verifikasi Halaman Login Akun' is present

2023-10-04 19:31:53 - [TEST_STEP][PASSED] - click(findTestObject("Login Ecommerce/Login Akun")): Object: 'Object Repository/Login Ecommerce/Login Akun' is clicked on

2023-10-04 19:31:54 - [MESSAGE][PASSED] - Object: 'Object Repository/Login Ecommerce/Login Akun' is clicked on

2023-10-04 19:31:54 - [TEST_STEP][PASSED] - verifyElementPresent(findTestObject("Login Ecommerce/Verifikasi Halaman Login Akun"), 0): Object 'Object Repository/Login Ecommerce/Verifikasi Halaman Login Akun' is present

2023-10-04 19:31:54 - [MESSAGE][WARNING] - Timeout '0' is invalid. Using default page load timeout: '30'

2023-10-04 19:31:55 - [MESSAGE][PASSED] - Object 'Object Repository/Login Ecommerce/Verifikasi Halaman Login Akun' is present

2023-10-04 19:31:55 - [TEST_STEP][PASSED] - setText(findTestObject("Login Ecommerce/Input Username"), "riswandha"): Text 'riswandha' is set on object 'Object Repository/Login Ecommerce/Input Username'

2023-10-04 19:31:55 - [MESSAGE][PASSED] - Text 'riswandha' is set on object 'Object Repository/Login Ecommerce/Input Username'

2023-10-04 19:31:55 - [TEST_STEP][PASSED] - setEncryptedText(findTestObject("Login Ecommerce/Input Password"), "iGDxf8hSRT4="): Text ****** has been set on object 'Object Repository/Login Ecommerce/Input Password'

2023-10-04 19:31:56 - [MESSAGE][PASSED] - Text ****** has been set on object 'Object Repository/Login Ecommerce/Input Password'

2023-10-04 19:31:56 - [TEST_STEP][PASSED] - click(findTestObject("Login Ecommerce/Button Masuk")): Object: 'Object Repository/Login Ecommerce/Button Masuk' is clicked on

2023-10-04 19:31:57 - [MESSAGE][PASSED] - Object: 'Object Repository/Login Ecommerce/Button Masuk' is clicked on

2023-10-04 19:31:57 - [TEST_STEP][PASSED] - verifyElementPresent(findTestObject("Login Ecommerce/Verifikasi Login Akun"), 0): Object 'Object Repository/Login Ecommerce/Verifikasi Login Akun' is present

2023-10-04 19:31:57 - [MESSAGE][WARNING] - Timeout '0' is invalid. Using default page load timeout: '30'

2023-10-04 19:31:58 - [MESSAGE][PASSED] - Object 'Object Repository/Login Ecommerce/Verifikasi Login Akun' is present

2023-10-04 19:31:58 - [MESSAGE][PASSED] - Call Test Case 'Test Cases/Login Ecommerce/TC-Login Ecomerce-001' successfully

2023-10-04 19:31:58 - [TEST_STEP][PASSED] - mouseOver(findTestObject("Product Ecommerce/Button Menu toko")): Object: 'Object Repository/Product Ecommerce/Button Menu toko' is hovered

2023-10-04 19:31:58 - [MESSAGE][PASSED] - Object: 'Object Repository/Product Ecommerce/Button Menu toko' is hovered

2023-10-04 19:31:58 - [TEST_STEP][PASSED] - click(findTestObject("Product Ecommerce/Button Daftar Produk")): Object: 'Object Repository/Product Ecommerce/Button Daftar Produk' is clicked on

2023-10-04 19:31:59 - [MESSAGE][PASSED] - Object: 'Object Repository/Product Ecommerce/Button Daftar Produk' is clicked on

2023-10-04 19:31:59 - [TEST_STEP][PASSED] - verifyElementPresent(findTestObject("Product Ecommerce/Verifikasi Halaman Product Anda"), 0): Object 'Object Repository/Product Ecommerce/Verifikasi Halaman Product Anda' is present

2023-10-04 19:31:59 - [MESSAGE][WARNING] - Timeout '0' is invalid. Using default page load timeout: '30'

2023-10-04 19:32:00 - [MESSAGE][PASSED] - Object 'Object Repository/Product Ecommerce/Verifikasi Halaman Product Anda' is present

2023-10-04 19:32:00 - [MESSAGE][PASSED] - Call Test Case 'Test Cases/Product Ecommerce/TC-PE-001' successfully

2023-10-04 19:32:00 - [TEST_STEP][PASSED] - mouseOver(findTestObject("Product Ecommerce/Image Gambar produk 1")): Object: 'Object Repository/Product Ecommerce/Image Gambar produk 1' is hovered

2023-10-04 19:32:01 - [MESSAGE][PASSED] - Object: 'Object Repository/Product Ecommerce/Image Gambar produk 1' is hovered

2023-10-04 19:32:01 - [TEST_STEP][PASSED] - verifyElementPresent(findTestObject("Product Ecommerce/Tambahkan Produk"), 0): Object 'Object Repository/Product Ecommerce/Tambahkan Produk' is present

2023-10-04 19:32:01 - [MESSAGE][WARNING] - Timeout '0' is invalid. Using default page load timeout: '30'

2023-10-04 19:32:01 - [MESSAGE][PASSED] - Object 'Object Repository/Product Ecommerce/Tambahkan Produk' is present

2023-10-04 19:32:01 - [TEST_STEP][PASSED] - click(findTestObject("Product Ecommerce/Tambahkan Product/Edit Data")): Object: 'Object Repository/Product Ecommerce/Tambahkan Product/Edit Data' is clicked on

2023-10-04 19:32:02 - [MESSAGE][PASSED] - Object: 'Object Repository/Product Ecommerce/Tambahkan Product/Edit Data' is clicked on

2023-10-04 19:32:02 - [TEST_STEP][PASSED] - setText(findTestObject("Product Ecommerce/Tambahkan Product/Input Harga Jual"), hargaBaru): Text '13000' is set on object 'Object Repository/Product Ecommerce/Tambahkan Product/Input Harga Jual'

2023-10-04 19:32:03 - [MESSAGE][PASSED] - Text '13000' is set on object 'Object Repository/Product Ecommerce/Tambahkan Product/Input Harga Jual'

2023-10-04 19:32:03 - [TEST_STEP][PASSED] - click(findTestObject("Product Ecommerce/Tambahkan Product/Button Update Data")): Object: 'Object Repository/Product Ecommerce/Tambahkan Product/Button Update Data' is clicked on

2023-10-04 19:32:04 - [MESSAGE][PASSED] - Object: 'Object Repository/Product Ecommerce/Tambahkan Product/Button Update Data' is clicked on

2023-10-04 19:32:04 - [TEST_STEP][PASSED] - verifyElementPresent(findTestObject("Product Ecommerce/Verifikasi Halaman Product Anda"), 0): Object 'Object Repository/Product Ecommerce/Verifikasi Halaman Product Anda' is present

2023-10-04 19:32:04 - [MESSAGE][WARNING] - Timeout '0' is invalid. Using default page load timeout: '30'

2023-10-04 19:32:05 - [MESSAGE][PASSED] - Object 'Object Repository/Product Ecommerce/Verifikasi Halaman Product Anda' is present

2023-10-04 19:32:05 - [TEST_STEP][PASSED] - hargaProduct = getText(findTestObject("Object Repository/Product Ecommerce/Verifikasi product/Harga Product Ke 1")): Text of object 'Object Repository/Product Ecommerce/Verifikasi product/Harga Product Ke 1' is: 'Rp 13,000'

2023-10-04 19:32:06 - [MESSAGE][PASSED] - Text of object 'Object Repository/Product Ecommerce/Verifikasi product/Harga Product Ke 1' is: 'Rp 13,000'

2023-10-04 19:32:06 - [TEST_STEP][PASSED] - harga = hargaProduct.split(" "): null

2023-10-04 19:32:06 - [TEST_STEP][PASSED] - assert harga[1].replace(",", "") == hargaBaru: null]]></system-out>
         <system-err><![CDATA[]]></system-err>
      </testcase>
      <testcase name="Test Cases/Product Ecommerce/TC-PE-004" time="15.369" classname="Test Cases/Product Ecommerce/TC-PE-004" status="PASSED">
         <system-out><![CDATA[2023-10-04 19:32:06 - [TEST_CASE][PASSED] - Test Cases/Product Ecommerce/TC-PE-004: Test Cases/Product Ecommerce/TC-PE-004

2023-10-04 19:32:06 - [TEST_STEP][PASSED] - callTestCase(findTestCase("Product Ecommerce/TC-PE-001"), [:], STOP_ON_FAILURE): Call Test Case 'Test Cases/Product Ecommerce/TC-PE-001' successfully

2023-10-04 19:32:06 - [TEST_CASE][PASSED] - Test Cases/Product Ecommerce/TC-PE-001: Test Cases/Product Ecommerce/TC-PE-001

2023-10-04 19:32:06 - [TEST_STEP][PASSED] - callTestCase(findTestCase("Login Ecommerce/TC-Login Ecomerce-001"), [:], STOP_ON_FAILURE): Call Test Case 'Test Cases/Login Ecommerce/TC-Login Ecomerce-001' successfully

2023-10-04 19:32:06 - [TEST_CASE][PASSED] - Test Cases/Login Ecommerce/TC-Login Ecomerce-001: Test Cases/Login Ecommerce/TC-Login Ecomerce-001

2023-10-04 19:32:06 - [TEST_STEP][PASSED] - openBrowser(userTajalapak): Browser is opened with url: 'https://10.9.2.63/ecommerce/'

2023-10-04 19:32:06 - [MESSAGE][WARNING] - A browser is already opened. Closing browser and opening a new one

2023-10-04 19:32:07 - [MESSAGE][INFO] - Starting 'Edge Chromium' driver

2023-10-04 19:32:07 - [MESSAGE][INFO] - User set preference: ['acceptInsecureCerts', 'true']

2023-10-04 19:32:07 - [MESSAGE][INFO] - Action delay is set to 0 milliseconds

2023-10-04 19:32:11 - [MESSAGE][PASSED] - Browser is opened with url: 'https://10.9.2.63/ecommerce/'

2023-10-04 19:32:11 - [TEST_STEP][PASSED] - maximizeWindow(): Current window maximized

2023-10-04 19:32:11 - [MESSAGE][PASSED] - Current window maximized

2023-10-04 19:32:11 - [TEST_STEP][PASSED] - verifyElementPresent(findTestObject("Login Ecommerce/Verifikasi Halaman Login Akun"), 0): Object 'Object Repository/Login Ecommerce/Verifikasi Halaman Login Akun' is present

2023-10-04 19:32:11 - [MESSAGE][WARNING] - Timeout '0' is invalid. Using default page load timeout: '30'

2023-10-04 19:32:12 - [MESSAGE][PASSED] - Object 'Object Repository/Login Ecommerce/Verifikasi Halaman Login Akun' is present

2023-10-04 19:32:12 - [TEST_STEP][PASSED] - click(findTestObject("Login Ecommerce/Login Akun")): Object: 'Object Repository/Login Ecommerce/Login Akun' is clicked on

2023-10-04 19:32:12 - [MESSAGE][PASSED] - Object: 'Object Repository/Login Ecommerce/Login Akun' is clicked on

2023-10-04 19:32:12 - [TEST_STEP][PASSED] - verifyElementPresent(findTestObject("Login Ecommerce/Verifikasi Halaman Login Akun"), 0): Object 'Object Repository/Login Ecommerce/Verifikasi Halaman Login Akun' is present

2023-10-04 19:32:12 - [MESSAGE][WARNING] - Timeout '0' is invalid. Using default page load timeout: '30'

2023-10-04 19:32:13 - [MESSAGE][PASSED] - Object 'Object Repository/Login Ecommerce/Verifikasi Halaman Login Akun' is present

2023-10-04 19:32:13 - [TEST_STEP][PASSED] - setText(findTestObject("Login Ecommerce/Input Username"), "riswandha"): Text 'riswandha' is set on object 'Object Repository/Login Ecommerce/Input Username'

2023-10-04 19:32:14 - [MESSAGE][PASSED] - Text 'riswandha' is set on object 'Object Repository/Login Ecommerce/Input Username'

2023-10-04 19:32:14 - [TEST_STEP][PASSED] - setEncryptedText(findTestObject("Login Ecommerce/Input Password"), "iGDxf8hSRT4="): Text ****** has been set on object 'Object Repository/Login Ecommerce/Input Password'

2023-10-04 19:32:14 - [MESSAGE][PASSED] - Text ****** has been set on object 'Object Repository/Login Ecommerce/Input Password'

2023-10-04 19:32:14 - [TEST_STEP][PASSED] - click(findTestObject("Login Ecommerce/Button Masuk")): Object: 'Object Repository/Login Ecommerce/Button Masuk' is clicked on

2023-10-04 19:32:16 - [MESSAGE][PASSED] - Object: 'Object Repository/Login Ecommerce/Button Masuk' is clicked on

2023-10-04 19:32:16 - [TEST_STEP][PASSED] - verifyElementPresent(findTestObject("Login Ecommerce/Verifikasi Login Akun"), 0): Object 'Object Repository/Login Ecommerce/Verifikasi Login Akun' is present

2023-10-04 19:32:16 - [MESSAGE][WARNING] - Timeout '0' is invalid. Using default page load timeout: '30'

2023-10-04 19:32:17 - [MESSAGE][PASSED] - Object 'Object Repository/Login Ecommerce/Verifikasi Login Akun' is present

2023-10-04 19:32:17 - [MESSAGE][PASSED] - Call Test Case 'Test Cases/Login Ecommerce/TC-Login Ecomerce-001' successfully

2023-10-04 19:32:17 - [TEST_STEP][PASSED] - mouseOver(findTestObject("Product Ecommerce/Button Menu toko")): Object: 'Object Repository/Product Ecommerce/Button Menu toko' is hovered

2023-10-04 19:32:17 - [MESSAGE][PASSED] - Object: 'Object Repository/Product Ecommerce/Button Menu toko' is hovered

2023-10-04 19:32:17 - [TEST_STEP][PASSED] - click(findTestObject("Product Ecommerce/Button Daftar Produk")): Object: 'Object Repository/Product Ecommerce/Button Daftar Produk' is clicked on

2023-10-04 19:32:18 - [MESSAGE][PASSED] - Object: 'Object Repository/Product Ecommerce/Button Daftar Produk' is clicked on

2023-10-04 19:32:18 - [TEST_STEP][PASSED] - verifyElementPresent(findTestObject("Product Ecommerce/Verifikasi Halaman Product Anda"), 0): Object 'Object Repository/Product Ecommerce/Verifikasi Halaman Product Anda' is present

2023-10-04 19:32:18 - [MESSAGE][WARNING] - Timeout '0' is invalid. Using default page load timeout: '30'

2023-10-04 19:32:19 - [MESSAGE][PASSED] - Object 'Object Repository/Product Ecommerce/Verifikasi Halaman Product Anda' is present

2023-10-04 19:32:19 - [MESSAGE][PASSED] - Call Test Case 'Test Cases/Product Ecommerce/TC-PE-001' successfully

2023-10-04 19:32:19 - [TEST_STEP][PASSED] - mouseOver(findTestObject("Product Ecommerce/Image Gambar produk 1")): Object: 'Object Repository/Product Ecommerce/Image Gambar produk 1' is hovered

2023-10-04 19:32:20 - [MESSAGE][PASSED] - Object: 'Object Repository/Product Ecommerce/Image Gambar produk 1' is hovered

2023-10-04 19:32:20 - [TEST_STEP][PASSED] - click(findTestObject("Product Ecommerce/Melihat Product")): Object: 'Object Repository/Product Ecommerce/Melihat Product' is clicked on

2023-10-04 19:32:20 - [MESSAGE][PASSED] - Object: 'Object Repository/Product Ecommerce/Melihat Product' is clicked on

2023-10-04 19:32:20 - [TEST_STEP][PASSED] - verifyElementPresent(findTestObject("Product Ecommerce/Verifikasi product/Verifikasi halaman Detail Product"), 0): Object 'Object Repository/Product Ecommerce/Verifikasi product/Verifikasi halaman Detail Product' is present

2023-10-04 19:32:20 - [MESSAGE][WARNING] - Timeout '0' is invalid. Using default page load timeout: '30'

2023-10-04 19:32:21 - [MESSAGE][PASSED] - Object 'Object Repository/Product Ecommerce/Verifikasi product/Verifikasi halaman Detail Product' is present]]></system-out>
         <system-err><![CDATA[]]></system-err>
      </testcase>
      <testcase name="Test Cases/Product Ecommerce/TC-PE-005" time="15.817" classname="Test Cases/Product Ecommerce/TC-PE-005" status="ERROR">
         <error type="ERROR" message="Test Cases/Product Ecommerce/TC-PE-005 FAILED.
Reason:
groovy.lang.GroovyRuntimeException: Cannot compare java.util.ArrayList with value '[[[CEdgeDriver: msedge on WINDOWS (3b400cfca7ce57ab23ddeab306ce3e11)] -> xpath: //div[@class = 'ps-product']], [[CEdgeDriver: msedge on WINDOWS (3b400cfca7ce57ab23ddeab306ce3e11)] -> xpath: //div[@class = 'ps-product']], [[CEdgeDriver: msedge on WINDOWS (3b400cfca7ce57ab23ddeab306ce3e11)] -> xpath: //div[@class = 'ps-product']], [[CEdgeDriver: msedge on WINDOWS (3b400cfca7ce57ab23ddeab306ce3e11)] -> xpath: //div[@class = 'ps-product']]]' and java.util.ArrayList with value '[[[CEdgeDriver: msedge on WINDOWS (3b400cfca7ce57ab23ddeab306ce3e11)] -> xpath: //div[@class = 'ps-product']], [[CEdgeDriver: msedge on WINDOWS (3b400cfca7ce57ab23ddeab306ce3e11)] -> xpath: //div[@class = 'ps-product']], [[CEdgeDriver: msedge on WINDOWS (3b400cfca7ce57ab23ddeab306ce3e11)] -> xpath: //div[@class = 'ps-product']]]'
	at TC-PE-005.run(TC-PE-005:36)
	at com.kms.katalon.core.main.ScriptEngine.run(ScriptEngine.java:194)
	at com.kms.katalon.core.main.ScriptEngine.runScriptAsRawText(ScriptEngine.java:119)
	at com.kms.katalon.core.main.TestCaseExecutor.runScript(TestCaseExecutor.java:448)
	at com.kms.katalon.core.main.TestCaseExecutor.doExecute(TestCaseExecutor.java:439)
	at com.kms.katalon.core.main.TestCaseExecutor.processExecutionPhase(TestCaseExecutor.java:418)
	at com.kms.katalon.core.main.TestCaseExecutor.accessMainPhase(TestCaseExecutor.java:410)
	at com.kms.katalon.core.main.TestCaseExecutor.execute(TestCaseExecutor.java:285)
	at com.kms.katalon.core.common.CommonExecutor.accessTestCaseMainPhase(CommonExecutor.java:65)
	at com.kms.katalon.core.main.TestSuiteExecutor.accessTestSuiteMainPhase(TestSuiteExecutor.java:148)
	at com.kms.katalon.core.main.TestSuiteExecutor.execute(TestSuiteExecutor.java:106)
	at com.kms.katalon.core.main.TestCaseMain.startTestSuite(TestCaseMain.java:187)
	at com.kms.katalon.core.main.TestCaseMain$startTestSuite$0.call(Unknown Source)
	at TempTestSuite1696422608926.run(TempTestSuite1696422608926.groovy:36)
"/>
         <system-out><![CDATA[2023-10-04 19:32:21 - [TEST_CASE][ERROR] - Test Cases/Product Ecommerce/TC-PE-005: Test Cases/Product Ecommerce/TC-PE-005 FAILED.
Reason:
groovy.lang.GroovyRuntimeException: Cannot compare java.util.ArrayList with value '[[[CEdgeDriver: msedge on WINDOWS (3b400cfca7ce57ab23ddeab306ce3e11)] -> xpath: //div[@class = 'ps-product']], [[CEdgeDriver: msedge on WINDOWS (3b400cfca7ce57ab23ddeab306ce3e11)] -> xpath: //div[@class = 'ps-product']], [[CEdgeDriver: msedge on WINDOWS (3b400cfca7ce57ab23ddeab306ce3e11)] -> xpath: //div[@class = 'ps-product']], [[CEdgeDriver: msedge on WINDOWS (3b400cfca7ce57ab23ddeab306ce3e11)] -> xpath: //div[@class = 'ps-product']]]' and java.util.ArrayList with value '[[[CEdgeDriver: msedge on WINDOWS (3b400cfca7ce57ab23ddeab306ce3e11)] -> xpath: //div[@class = 'ps-product']], [[CEdgeDriver: msedge on WINDOWS (3b400cfca7ce57ab23ddeab306ce3e11)] -> xpath: //div[@class = 'ps-product']], [[CEdgeDriver: msedge on WINDOWS (3b400cfca7ce57ab23ddeab306ce3e11)] -> xpath: //div[@class = 'ps-product']]]'
	at TC-PE-005.run(TC-PE-005:36)
	at com.kms.katalon.core.main.ScriptEngine.run(ScriptEngine.java:194)
	at com.kms.katalon.core.main.ScriptEngine.runScriptAsRawText(ScriptEngine.java:119)
	at com.kms.katalon.core.main.TestCaseExecutor.runScript(TestCaseExecutor.java:448)
	at com.kms.katalon.core.main.TestCaseExecutor.doExecute(TestCaseExecutor.java:439)
	at com.kms.katalon.core.main.TestCaseExecutor.processExecutionPhase(TestCaseExecutor.java:418)
	at com.kms.katalon.core.main.TestCaseExecutor.accessMainPhase(TestCaseExecutor.java:410)
	at com.kms.katalon.core.main.TestCaseExecutor.execute(TestCaseExecutor.java:285)
	at com.kms.katalon.core.common.CommonExecutor.accessTestCaseMainPhase(CommonExecutor.java:65)
	at com.kms.katalon.core.main.TestSuiteExecutor.accessTestSuiteMainPhase(TestSuiteExecutor.java:148)
	at com.kms.katalon.core.main.TestSuiteExecutor.execute(TestSuiteExecutor.java:106)
	at com.kms.katalon.core.main.TestCaseMain.startTestSuite(TestCaseMain.java:187)
	at com.kms.katalon.core.main.TestCaseMain$startTestSuite$0.call(Unknown Source)
	at TempTestSuite1696422608926.run(TempTestSuite1696422608926.groovy:36)


2023-10-04 19:32:21 - [TEST_STEP][PASSED] - callTestCase(findTestCase("Product Ecommerce/TC-PE-001"), [:], STOP_ON_FAILURE): Call Test Case 'Test Cases/Product Ecommerce/TC-PE-001' successfully

2023-10-04 19:32:22 - [TEST_CASE][PASSED] - Test Cases/Product Ecommerce/TC-PE-001: Test Cases/Product Ecommerce/TC-PE-001

2023-10-04 19:32:22 - [TEST_STEP][PASSED] - callTestCase(findTestCase("Login Ecommerce/TC-Login Ecomerce-001"), [:], STOP_ON_FAILURE): Call Test Case 'Test Cases/Login Ecommerce/TC-Login Ecomerce-001' successfully

2023-10-04 19:32:22 - [TEST_CASE][PASSED] - Test Cases/Login Ecommerce/TC-Login Ecomerce-001: Test Cases/Login Ecommerce/TC-Login Ecomerce-001

2023-10-04 19:32:22 - [TEST_STEP][PASSED] - openBrowser(userTajalapak): Browser is opened with url: 'https://10.9.2.63/ecommerce/'

2023-10-04 19:32:22 - [MESSAGE][WARNING] - A browser is already opened. Closing browser and opening a new one

2023-10-04 19:32:22 - [MESSAGE][INFO] - Starting 'Edge Chromium' driver

2023-10-04 19:32:22 - [MESSAGE][INFO] - User set preference: ['acceptInsecureCerts', 'true']

2023-10-04 19:32:23 - [MESSAGE][INFO] - Action delay is set to 0 milliseconds

2023-10-04 19:32:27 - [MESSAGE][PASSED] - Browser is opened with url: 'https://10.9.2.63/ecommerce/'

2023-10-04 19:32:27 - [TEST_STEP][PASSED] - maximizeWindow(): Current window maximized

2023-10-04 19:32:27 - [MESSAGE][PASSED] - Current window maximized

2023-10-04 19:32:27 - [TEST_STEP][PASSED] - verifyElementPresent(findTestObject("Login Ecommerce/Verifikasi Halaman Login Akun"), 0): Object 'Object Repository/Login Ecommerce/Verifikasi Halaman Login Akun' is present

2023-10-04 19:32:27 - [MESSAGE][WARNING] - Timeout '0' is invalid. Using default page load timeout: '30'

2023-10-04 19:32:28 - [MESSAGE][PASSED] - Object 'Object Repository/Login Ecommerce/Verifikasi Halaman Login Akun' is present

2023-10-04 19:32:28 - [TEST_STEP][PASSED] - click(findTestObject("Login Ecommerce/Login Akun")): Object: 'Object Repository/Login Ecommerce/Login Akun' is clicked on

2023-10-04 19:32:28 - [MESSAGE][PASSED] - Object: 'Object Repository/Login Ecommerce/Login Akun' is clicked on

2023-10-04 19:32:28 - [TEST_STEP][PASSED] - verifyElementPresent(findTestObject("Login Ecommerce/Verifikasi Halaman Login Akun"), 0): Object 'Object Repository/Login Ecommerce/Verifikasi Halaman Login Akun' is present

2023-10-04 19:32:28 - [MESSAGE][WARNING] - Timeout '0' is invalid. Using default page load timeout: '30'

2023-10-04 19:32:29 - [MESSAGE][PASSED] - Object 'Object Repository/Login Ecommerce/Verifikasi Halaman Login Akun' is present

2023-10-04 19:32:29 - [TEST_STEP][PASSED] - setText(findTestObject("Login Ecommerce/Input Username"), "riswandha"): Text 'riswandha' is set on object 'Object Repository/Login Ecommerce/Input Username'

2023-10-04 19:32:30 - [MESSAGE][PASSED] - Text 'riswandha' is set on object 'Object Repository/Login Ecommerce/Input Username'

2023-10-04 19:32:30 - [TEST_STEP][PASSED] - setEncryptedText(findTestObject("Login Ecommerce/Input Password"), "iGDxf8hSRT4="): Text ****** has been set on object 'Object Repository/Login Ecommerce/Input Password'

2023-10-04 19:32:30 - [MESSAGE][PASSED] - Text ****** has been set on object 'Object Repository/Login Ecommerce/Input Password'

2023-10-04 19:32:30 - [TEST_STEP][PASSED] - click(findTestObject("Login Ecommerce/Button Masuk")): Object: 'Object Repository/Login Ecommerce/Button Masuk' is clicked on

2023-10-04 19:32:31 - [MESSAGE][PASSED] - Object: 'Object Repository/Login Ecommerce/Button Masuk' is clicked on

2023-10-04 19:32:31 - [TEST_STEP][PASSED] - verifyElementPresent(findTestObject("Login Ecommerce/Verifikasi Login Akun"), 0): Object 'Object Repository/Login Ecommerce/Verifikasi Login Akun' is present

2023-10-04 19:32:31 - [MESSAGE][WARNING] - Timeout '0' is invalid. Using default page load timeout: '30'

2023-10-04 19:32:32 - [MESSAGE][PASSED] - Object 'Object Repository/Login Ecommerce/Verifikasi Login Akun' is present

2023-10-04 19:32:32 - [MESSAGE][PASSED] - Call Test Case 'Test Cases/Login Ecommerce/TC-Login Ecomerce-001' successfully

2023-10-04 19:32:32 - [TEST_STEP][PASSED] - mouseOver(findTestObject("Product Ecommerce/Button Menu toko")): Object: 'Object Repository/Product Ecommerce/Button Menu toko' is hovered

2023-10-04 19:32:33 - [MESSAGE][PASSED] - Object: 'Object Repository/Product Ecommerce/Button Menu toko' is hovered

2023-10-04 19:32:33 - [TEST_STEP][PASSED] - click(findTestObject("Product Ecommerce/Button Daftar Produk")): Object: 'Object Repository/Product Ecommerce/Button Daftar Produk' is clicked on

2023-10-04 19:32:34 - [MESSAGE][PASSED] - Object: 'Object Repository/Product Ecommerce/Button Daftar Produk' is clicked on

2023-10-04 19:32:34 - [TEST_STEP][PASSED] - verifyElementPresent(findTestObject("Product Ecommerce/Verifikasi Halaman Product Anda"), 0): Object 'Object Repository/Product Ecommerce/Verifikasi Halaman Product Anda' is present

2023-10-04 19:32:34 - [MESSAGE][WARNING] - Timeout '0' is invalid. Using default page load timeout: '30'

2023-10-04 19:32:34 - [MESSAGE][PASSED] - Object 'Object Repository/Product Ecommerce/Verifikasi Halaman Product Anda' is present

2023-10-04 19:32:34 - [MESSAGE][PASSED] - Call Test Case 'Test Cases/Product Ecommerce/TC-PE-001' successfully

2023-10-04 19:32:34 - [TEST_STEP][PASSED] - dataListOld = findWebElements(findTestObject("Object Repository/Product Ecommerce/Verifikasi product/Jumlah Product"), 10): null

2023-10-04 19:32:35 - [TEST_STEP][PASSED] - mouseOver(findTestObject("Product Ecommerce/Image Gambar produk 1")): Object: 'Object Repository/Product Ecommerce/Image Gambar produk 1' is hovered

2023-10-04 19:32:35 - [MESSAGE][PASSED] - Object: 'Object Repository/Product Ecommerce/Image Gambar produk 1' is hovered

2023-10-04 19:32:35 - [TEST_STEP][PASSED] - click(findTestObject("Product Ecommerce/Hapus data Product")): Object: 'Object Repository/Product Ecommerce/Hapus data Product' is clicked on

2023-10-04 19:32:36 - [MESSAGE][PASSED] - Object: 'Object Repository/Product Ecommerce/Hapus data Product' is clicked on

2023-10-04 19:32:36 - [TEST_STEP][PASSED] - acceptAlert(): Alert accepted

2023-10-04 19:32:36 - [MESSAGE][PASSED] - Alert accepted

2023-10-04 19:32:36 - [TEST_STEP][PASSED] - dataListNew = findWebElements(findTestObject("Object Repository/Product Ecommerce/Verifikasi product/Jumlah Product"), 10): null

2023-10-04 19:32:37 - [TEST_STEP][ERROR] - assert dataListOld > dataListNew: Test Cases/Product Ecommerce/TC-PE-005 FAILED.
Reason:
groovy.lang.GroovyRuntimeException: Cannot compare java.util.ArrayList with value '[[[CEdgeDriver: msedge on WINDOWS (3b400cfca7ce57ab23ddeab306ce3e11)] -> xpath: //div[@class = 'ps-product']], [[CEdgeDriver: msedge on WINDOWS (3b400cfca7ce57ab23ddeab306ce3e11)] -> xpath: //div[@class = 'ps-product']], [[CEdgeDriver: msedge on WINDOWS (3b400cfca7ce57ab23ddeab306ce3e11)] -> xpath: //div[@class = 'ps-product']], [[CEdgeDriver: msedge on WINDOWS (3b400cfca7ce57ab23ddeab306ce3e11)] -> xpath: //div[@class = 'ps-product']]]' and java.util.ArrayList with value '[[[CEdgeDriver: msedge on WINDOWS (3b400cfca7ce57ab23ddeab306ce3e11)] -> xpath: //div[@class = 'ps-product']], [[CEdgeDriver: msedge on WINDOWS (3b400cfca7ce57ab23ddeab306ce3e11)] -> xpath: //div[@class = 'ps-product']], [[CEdgeDriver: msedge on WINDOWS (3b400cfca7ce57ab23ddeab306ce3e11)] -> xpath: //div[@class = 'ps-product']]]'
	at TC-PE-005.run(TC-PE-005:36)
	at com.kms.katalon.core.main.ScriptEngine.run(ScriptEngine.java:194)
	at com.kms.katalon.core.main.ScriptEngine.runScriptAsRawText(ScriptEngine.java:119)
	at com.kms.katalon.core.main.TestCaseExecutor.runScript(TestCaseExecutor.java:448)
	at com.kms.katalon.core.main.TestCaseExecutor.doExecute(TestCaseExecutor.java:439)
	at com.kms.katalon.core.main.TestCaseExecutor.processExecutionPhase(TestCaseExecutor.java:418)
	at com.kms.katalon.core.main.TestCaseExecutor.accessMainPhase(TestCaseExecutor.java:410)
	at com.kms.katalon.core.main.TestCaseExecutor.execute(TestCaseExecutor.java:285)
	at com.kms.katalon.core.common.CommonExecutor.accessTestCaseMainPhase(CommonExecutor.java:65)
	at com.kms.katalon.core.main.TestSuiteExecutor.accessTestSuiteMainPhase(TestSuiteExecutor.java:148)
	at com.kms.katalon.core.main.TestSuiteExecutor.execute(TestSuiteExecutor.java:106)
	at com.kms.katalon.core.main.TestCaseMain.startTestSuite(TestCaseMain.java:187)
	at com.kms.katalon.core.main.TestCaseMain$startTestSuite$0.call(Unknown Source)
	at TempTestSuite1696422608926.run(TempTestSuite1696422608926.groovy:36)


2023-10-04 19:32:37 - [MESSAGE][ERROR] - Test Cases/Product Ecommerce/TC-PE-005 FAILED.
Reason:
groovy.lang.GroovyRuntimeException: Cannot compare java.util.ArrayList with value '[[[CEdgeDriver: msedge on WINDOWS (3b400cfca7ce57ab23ddeab306ce3e11)] -> xpath: //div[@class = 'ps-product']], [[CEdgeDriver: msedge on WINDOWS (3b400cfca7ce57ab23ddeab306ce3e11)] -> xpath: //div[@class = 'ps-product']], [[CEdgeDriver: msedge on WINDOWS (3b400cfca7ce57ab23ddeab306ce3e11)] -> xpath: //div[@class = 'ps-product']], [[CEdgeDriver: msedge on WINDOWS (3b400cfca7ce57ab23ddeab306ce3e11)] -> xpath: //div[@class = 'ps-product']]]' and java.util.ArrayList with value '[[[CEdgeDriver: msedge on WINDOWS (3b400cfca7ce57ab23ddeab306ce3e11)] -> xpath: //div[@class = 'ps-product']], [[CEdgeDriver: msedge on WINDOWS (3b400cfca7ce57ab23ddeab306ce3e11)] -> xpath: //div[@class = 'ps-product']], [[CEdgeDriver: msedge on WINDOWS (3b400cfca7ce57ab23ddeab306ce3e11)] -> xpath: //div[@class = 'ps-product']]]'
	at TC-PE-005.run(TC-PE-005:36)
	at com.kms.katalon.core.main.ScriptEngine.run(ScriptEngine.java:194)
	at com.kms.katalon.core.main.ScriptEngine.runScriptAsRawText(ScriptEngine.java:119)
	at com.kms.katalon.core.main.TestCaseExecutor.runScript(TestCaseExecutor.java:448)
	at com.kms.katalon.core.main.TestCaseExecutor.doExecute(TestCaseExecutor.java:439)
	at com.kms.katalon.core.main.TestCaseExecutor.processExecutionPhase(TestCaseExecutor.java:418)
	at com.kms.katalon.core.main.TestCaseExecutor.accessMainPhase(TestCaseExecutor.java:410)
	at com.kms.katalon.core.main.TestCaseExecutor.execute(TestCaseExecutor.java:285)
	at com.kms.katalon.core.common.CommonExecutor.accessTestCaseMainPhase(CommonExecutor.java:65)
	at com.kms.katalon.core.main.TestSuiteExecutor.accessTestSuiteMainPhase(TestSuiteExecutor.java:148)
	at com.kms.katalon.core.main.TestSuiteExecutor.execute(TestSuiteExecutor.java:106)
	at com.kms.katalon.core.main.TestCaseMain.startTestSuite(TestCaseMain.java:187)
	at com.kms.katalon.core.main.TestCaseMain$startTestSuite$0.call(Unknown Source)
	at TempTestSuite1696422608926.run(TempTestSuite1696422608926.groovy:36)]]></system-out>
         <system-err><![CDATA[2023-10-04 19:32:21 - [TEST_CASE][ERROR] - Test Cases/Product Ecommerce/TC-PE-005: Test Cases/Product Ecommerce/TC-PE-005 FAILED.
Reason:
groovy.lang.GroovyRuntimeException: Cannot compare java.util.ArrayList with value '[[[CEdgeDriver: msedge on WINDOWS (3b400cfca7ce57ab23ddeab306ce3e11)] -> xpath: //div[@class = 'ps-product']], [[CEdgeDriver: msedge on WINDOWS (3b400cfca7ce57ab23ddeab306ce3e11)] -> xpath: //div[@class = 'ps-product']], [[CEdgeDriver: msedge on WINDOWS (3b400cfca7ce57ab23ddeab306ce3e11)] -> xpath: //div[@class = 'ps-product']], [[CEdgeDriver: msedge on WINDOWS (3b400cfca7ce57ab23ddeab306ce3e11)] -> xpath: //div[@class = 'ps-product']]]' and java.util.ArrayList with value '[[[CEdgeDriver: msedge on WINDOWS (3b400cfca7ce57ab23ddeab306ce3e11)] -> xpath: //div[@class = 'ps-product']], [[CEdgeDriver: msedge on WINDOWS (3b400cfca7ce57ab23ddeab306ce3e11)] -> xpath: //div[@class = 'ps-product']], [[CEdgeDriver: msedge on WINDOWS (3b400cfca7ce57ab23ddeab306ce3e11)] -> xpath: //div[@class = 'ps-product']]]'
	at TC-PE-005.run(TC-PE-005:36)
	at com.kms.katalon.core.main.ScriptEngine.run(ScriptEngine.java:194)
	at com.kms.katalon.core.main.ScriptEngine.runScriptAsRawText(ScriptEngine.java:119)
	at com.kms.katalon.core.main.TestCaseExecutor.runScript(TestCaseExecutor.java:448)
	at com.kms.katalon.core.main.TestCaseExecutor.doExecute(TestCaseExecutor.java:439)
	at com.kms.katalon.core.main.TestCaseExecutor.processExecutionPhase(TestCaseExecutor.java:418)
	at com.kms.katalon.core.main.TestCaseExecutor.accessMainPhase(TestCaseExecutor.java:410)
	at com.kms.katalon.core.main.TestCaseExecutor.execute(TestCaseExecutor.java:285)
	at com.kms.katalon.core.common.CommonExecutor.accessTestCaseMainPhase(CommonExecutor.java:65)
	at com.kms.katalon.core.main.TestSuiteExecutor.accessTestSuiteMainPhase(TestSuiteExecutor.java:148)
	at com.kms.katalon.core.main.TestSuiteExecutor.execute(TestSuiteExecutor.java:106)
	at com.kms.katalon.core.main.TestCaseMain.startTestSuite(TestCaseMain.java:187)
	at com.kms.katalon.core.main.TestCaseMain$startTestSuite$0.call(Unknown Source)
	at TempTestSuite1696422608926.run(TempTestSuite1696422608926.groovy:36)]]></system-err>
      </testcase>
      <testcase name="Test Cases/Product Ecommerce/TC-PE-006" time="33.583" classname="Test Cases/Product Ecommerce/TC-PE-006" status="PASSED">
         <system-out><![CDATA[2023-10-04 19:32:37 - [TEST_CASE][PASSED] - Test Cases/Product Ecommerce/TC-PE-006: Test Cases/Product Ecommerce/TC-PE-006

2023-10-04 19:32:37 - [TEST_STEP][PASSED] - callTestCase(findTestCase("Product Ecommerce/TC-PE-001"), [:], STOP_ON_FAILURE): Call Test Case 'Test Cases/Product Ecommerce/TC-PE-001' successfully

2023-10-04 19:32:37 - [TEST_CASE][PASSED] - Test Cases/Product Ecommerce/TC-PE-001: Test Cases/Product Ecommerce/TC-PE-001

2023-10-04 19:32:37 - [TEST_STEP][PASSED] - callTestCase(findTestCase("Login Ecommerce/TC-Login Ecomerce-001"), [:], STOP_ON_FAILURE): Call Test Case 'Test Cases/Login Ecommerce/TC-Login Ecomerce-001' successfully

2023-10-04 19:32:37 - [TEST_CASE][PASSED] - Test Cases/Login Ecommerce/TC-Login Ecomerce-001: Test Cases/Login Ecommerce/TC-Login Ecomerce-001

2023-10-04 19:32:37 - [TEST_STEP][PASSED] - openBrowser(userTajalapak): Browser is opened with url: 'https://10.9.2.63/ecommerce/'

2023-10-04 19:32:37 - [MESSAGE][WARNING] - A browser is already opened. Closing browser and opening a new one

2023-10-04 19:32:38 - [MESSAGE][INFO] - Starting 'Edge Chromium' driver

2023-10-04 19:32:38 - [MESSAGE][INFO] - User set preference: ['acceptInsecureCerts', 'true']

2023-10-04 19:32:39 - [MESSAGE][INFO] - Action delay is set to 0 milliseconds

2023-10-04 19:32:43 - [MESSAGE][PASSED] - Browser is opened with url: 'https://10.9.2.63/ecommerce/'

2023-10-04 19:32:43 - [TEST_STEP][PASSED] - maximizeWindow(): Current window maximized

2023-10-04 19:32:43 - [MESSAGE][PASSED] - Current window maximized

2023-10-04 19:32:43 - [TEST_STEP][PASSED] - verifyElementPresent(findTestObject("Login Ecommerce/Verifikasi Halaman Login Akun"), 0): Object 'Object Repository/Login Ecommerce/Verifikasi Halaman Login Akun' is present

2023-10-04 19:32:43 - [MESSAGE][WARNING] - Timeout '0' is invalid. Using default page load timeout: '30'

2023-10-04 19:32:44 - [MESSAGE][PASSED] - Object 'Object Repository/Login Ecommerce/Verifikasi Halaman Login Akun' is present

2023-10-04 19:32:44 - [TEST_STEP][PASSED] - click(findTestObject("Login Ecommerce/Login Akun")): Object: 'Object Repository/Login Ecommerce/Login Akun' is clicked on

2023-10-04 19:32:44 - [MESSAGE][PASSED] - Object: 'Object Repository/Login Ecommerce/Login Akun' is clicked on

2023-10-04 19:32:44 - [TEST_STEP][PASSED] - verifyElementPresent(findTestObject("Login Ecommerce/Verifikasi Halaman Login Akun"), 0): Object 'Object Repository/Login Ecommerce/Verifikasi Halaman Login Akun' is present

2023-10-04 19:32:44 - [MESSAGE][WARNING] - Timeout '0' is invalid. Using default page load timeout: '30'

2023-10-04 19:32:45 - [MESSAGE][PASSED] - Object 'Object Repository/Login Ecommerce/Verifikasi Halaman Login Akun' is present

2023-10-04 19:32:45 - [TEST_STEP][PASSED] - setText(findTestObject("Login Ecommerce/Input Username"), "riswandha"): Text 'riswandha' is set on object 'Object Repository/Login Ecommerce/Input Username'

2023-10-04 19:32:45 - [MESSAGE][PASSED] - Text 'riswandha' is set on object 'Object Repository/Login Ecommerce/Input Username'

2023-10-04 19:32:45 - [TEST_STEP][PASSED] - setEncryptedText(findTestObject("Login Ecommerce/Input Password"), "iGDxf8hSRT4="): Text ****** has been set on object 'Object Repository/Login Ecommerce/Input Password'

2023-10-04 19:32:46 - [MESSAGE][PASSED] - Text ****** has been set on object 'Object Repository/Login Ecommerce/Input Password'

2023-10-04 19:32:46 - [TEST_STEP][PASSED] - click(findTestObject("Login Ecommerce/Button Masuk")): Object: 'Object Repository/Login Ecommerce/Button Masuk' is clicked on

2023-10-04 19:32:47 - [MESSAGE][PASSED] - Object: 'Object Repository/Login Ecommerce/Button Masuk' is clicked on

2023-10-04 19:32:47 - [TEST_STEP][PASSED] - verifyElementPresent(findTestObject("Login Ecommerce/Verifikasi Login Akun"), 0): Object 'Object Repository/Login Ecommerce/Verifikasi Login Akun' is present

2023-10-04 19:32:47 - [MESSAGE][WARNING] - Timeout '0' is invalid. Using default page load timeout: '30'

2023-10-04 19:32:48 - [MESSAGE][PASSED] - Object 'Object Repository/Login Ecommerce/Verifikasi Login Akun' is present

2023-10-04 19:32:48 - [MESSAGE][PASSED] - Call Test Case 'Test Cases/Login Ecommerce/TC-Login Ecomerce-001' successfully

2023-10-04 19:32:48 - [TEST_STEP][PASSED] - mouseOver(findTestObject("Product Ecommerce/Button Menu toko")): Object: 'Object Repository/Product Ecommerce/Button Menu toko' is hovered

2023-10-04 19:32:48 - [MESSAGE][PASSED] - Object: 'Object Repository/Product Ecommerce/Button Menu toko' is hovered

2023-10-04 19:32:48 - [TEST_STEP][PASSED] - click(findTestObject("Product Ecommerce/Button Daftar Produk")): Object: 'Object Repository/Product Ecommerce/Button Daftar Produk' is clicked on

2023-10-04 19:32:49 - [MESSAGE][PASSED] - Object: 'Object Repository/Product Ecommerce/Button Daftar Produk' is clicked on

2023-10-04 19:32:49 - [TEST_STEP][PASSED] - verifyElementPresent(findTestObject("Product Ecommerce/Verifikasi Halaman Product Anda"), 0): Object 'Object Repository/Product Ecommerce/Verifikasi Halaman Product Anda' is present

2023-10-04 19:32:49 - [MESSAGE][WARNING] - Timeout '0' is invalid. Using default page load timeout: '30'

2023-10-04 19:32:50 - [MESSAGE][PASSED] - Object 'Object Repository/Product Ecommerce/Verifikasi Halaman Product Anda' is present

2023-10-04 19:32:50 - [MESSAGE][PASSED] - Call Test Case 'Test Cases/Product Ecommerce/TC-PE-001' successfully

2023-10-04 19:32:50 - [TEST_STEP][PASSED] - click(findTestObject("Product Ecommerce/Tambahkan Produk")): Object: 'Object Repository/Product Ecommerce/Tambahkan Produk' is clicked on

2023-10-04 19:32:51 - [MESSAGE][PASSED] - Object: 'Object Repository/Product Ecommerce/Tambahkan Produk' is clicked on

2023-10-04 19:32:51 - [TEST_STEP][PASSED] - verifyElementPresent(findTestObject("Product Ecommerce/Tambahkan Product/Verifikasi Halaman Tambahkan Product"), 0): Object 'Object Repository/Product Ecommerce/Tambahkan Product/Verifikasi Halaman Tambahkan Product' is present

2023-10-04 19:32:51 - [MESSAGE][WARNING] - Timeout '0' is invalid. Using default page load timeout: '30'

2023-10-04 19:32:52 - [MESSAGE][PASSED] - Object 'Object Repository/Product Ecommerce/Tambahkan Product/Verifikasi Halaman Tambahkan Product' is present

2023-10-04 19:32:52 - [TEST_STEP][PASSED] - selectOptionByValue(findTestObject("Product Ecommerce/Tambahkan Product/Pilih Katagori Produk"), "6", false): All options with value '6' are selected in object 'Object Repository/Product Ecommerce/Tambahkan Product/Pilih Katagori Produk' 

2023-10-04 19:32:52 - [MESSAGE][PASSED] - All options with value '6' are selected in object 'Object Repository/Product Ecommerce/Tambahkan Product/Pilih Katagori Produk' 

2023-10-04 19:32:52 - [TEST_STEP][PASSED] - selectOptionByValue(findTestObject("Product Ecommerce/Tambahkan Product/Pilih Sub Katagori Produk"), "15", false): All options with value '15' are selected in object 'Object Repository/Product Ecommerce/Tambahkan Product/Pilih Sub Katagori Produk' 

2023-10-04 19:32:53 - [MESSAGE][PASSED] - All options with value '15' are selected in object 'Object Repository/Product Ecommerce/Tambahkan Product/Pilih Sub Katagori Produk' 

2023-10-04 19:32:53 - [TEST_STEP][PASSED] - setText(findTestObject("Product Ecommerce/Tambahkan Product/Input Nama Produk"), "Baju Koko Kids 0 - 9 tahun"): Text 'Baju Koko Kids 0 - 9 tahun' is set on object 'Object Repository/Product Ecommerce/Tambahkan Product/Input Nama Produk'

2023-10-04 19:32:54 - [MESSAGE][PASSED] - Text 'Baju Koko Kids 0 - 9 tahun' is set on object 'Object Repository/Product Ecommerce/Tambahkan Product/Input Nama Produk'

2023-10-04 19:32:54 - [TEST_STEP][PASSED] - setText(findTestObject("Product Ecommerce/Tambahkan Product/Input Satuan"), "Pcs"): Text 'Pcs' is set on object 'Object Repository/Product Ecommerce/Tambahkan Product/Input Satuan'

2023-10-04 19:32:55 - [MESSAGE][PASSED] - Text 'Pcs' is set on object 'Object Repository/Product Ecommerce/Tambahkan Product/Input Satuan'

2023-10-04 19:32:55 - [TEST_STEP][PASSED] - setText(findTestObject("Product Ecommerce/Tambahkan Product/Input Berat"), "100"): Text '100' is set on object 'Object Repository/Product Ecommerce/Tambahkan Product/Input Berat'

2023-10-04 19:32:56 - [MESSAGE][PASSED] - Text '100' is set on object 'Object Repository/Product Ecommerce/Tambahkan Product/Input Berat'

2023-10-04 19:32:56 - [TEST_STEP][PASSED] - setText(findTestObject("Product Ecommerce/Tambahkan Product/Input Harga Modal"), "10000"): Text '10000' is set on object 'Object Repository/Product Ecommerce/Tambahkan Product/Input Harga Modal'

2023-10-04 19:32:57 - [MESSAGE][PASSED] - Text '10000' is set on object 'Object Repository/Product Ecommerce/Tambahkan Product/Input Harga Modal'

2023-10-04 19:32:57 - [TEST_STEP][PASSED] - setText(findTestObject("Product Ecommerce/Tambahkan Product/Input Harga Jual"), "12000"): Text '12000' is set on object 'Object Repository/Product Ecommerce/Tambahkan Product/Input Harga Jual'

2023-10-04 19:32:58 - [MESSAGE][PASSED] - Text '12000' is set on object 'Object Repository/Product Ecommerce/Tambahkan Product/Input Harga Jual'

2023-10-04 19:32:58 - [TEST_STEP][PASSED] - setText(findTestObject("Product Ecommerce/Tambahkan Product/Input Diskon"), "1000"): Text '1000' is set on object 'Object Repository/Product Ecommerce/Tambahkan Product/Input Diskon'

2023-10-04 19:32:58 - [MESSAGE][PASSED] - Text '1000' is set on object 'Object Repository/Product Ecommerce/Tambahkan Product/Input Diskon'

2023-10-04 19:32:58 - [TEST_STEP][PASSED] - setText(findTestObject("Product Ecommerce/Tambahkan Product/Input Stok Awal"), "20"): Text '20' is set on object 'Object Repository/Product Ecommerce/Tambahkan Product/Input Stok Awal'

2023-10-04 19:32:59 - [MESSAGE][PASSED] - Text '20' is set on object 'Object Repository/Product Ecommerce/Tambahkan Product/Input Stok Awal'

2023-10-04 19:32:59 - [TEST_STEP][PASSED] - setText(findTestObject("Product Ecommerce/Tambahkan Product/Input Minimum Order"), "1"): Text '1' is set on object 'Object Repository/Product Ecommerce/Tambahkan Product/Input Minimum Order'

2023-10-04 19:33:00 - [MESSAGE][PASSED] - Text '1' is set on object 'Object Repository/Product Ecommerce/Tambahkan Product/Input Minimum Order'

2023-10-04 19:33:00 - [TEST_STEP][PASSED] - setText(findTestObject("Product Ecommerce/Tambahkan Product/Input Cuplikan"), "Stylish dan Nyaman! Baju Koko Kids kami cocok untuk usia 0 - 9 tahun. Terbuat dari bahan berkualitas tinggi yang lembut di kulit anak-anak, baju ini sempurna untuk berbagai acara, termasuk lebaran."): Text 'Stylish dan Nyaman! Baju Koko Kids kami cocok untuk usia 0 - 9 tahun. Terbuat dari bahan berkualitas tinggi yang lembut di kulit anak-anak, baju ini sempurna untuk berbagai acara, termasuk lebaran.' is set on object 'Object Repository/Product Ecommerce/Tambahkan Product/Input Cuplikan'

2023-10-04 19:33:01 - [MESSAGE][PASSED] - Text 'Stylish dan Nyaman! Baju Koko Kids kami cocok untuk usia 0 - 9 tahun. Terbuat dari bahan berkualitas tinggi yang lembut di kulit anak-anak, baju ini sempurna untuk berbagai acara, termasuk lebaran.' is set on object 'Object Repository/Product Ecommerce/Tambahkan Product/Input Cuplikan'

2023-10-04 19:33:01 - [TEST_STEP][PASSED] - check(findTestObject("Product Ecommerce/Tambahkan Product/Input Merek Pria")): Object 'Object Repository/Product Ecommerce/Tambahkan Product/Input Merek Pria' is checked

2023-10-04 19:33:01 - [MESSAGE][PASSED] - Object 'Object Repository/Product Ecommerce/Tambahkan Product/Input Merek Pria' is checked

2023-10-04 19:33:01 - [TEST_STEP][PASSED] - setText(findTestObject("Product Ecommerce/Tambahkan Product/Input Keterangan"), "Desain Modern: Tampil modis dengan desain terkini yang cocok untuk anak-anak. Kenyamanan Sepanjang Hari: Bahan lembut dan nyaman sehingga anak-anak tetap bahagia sepanjang hari. Beragam Warna: Pilihan warna yang cerah dan menarik. Ukuran Sesuai: Tersedia dalam berbagai ukuran, mulai dari 0 hingga 9 tahun. Dapatkan tampilan yang trendi untuk si kecil dengan Baju Koko Kids kami. Pesan sekarang dan buat momen lebaran mereka lebih istimewa!"): Text 'Desain Modern: Tampil modis dengan desain terkini yang cocok untuk anak-anak. Kenyamanan Sepanjang Hari: Bahan lembut dan nyaman sehingga anak-anak tetap bahagia sepanjang hari. Beragam Warna: Pilihan warna yang cerah dan menarik. Ukuran Sesuai: Tersedia dalam berbagai ukuran, mulai dari 0 hingga 9 tahun. Dapatkan tampilan yang trendi untuk si kecil dengan Baju Koko Kids kami. Pesan sekarang dan buat momen lebaran mereka lebih istimewa!' is set on object 'Object Repository/Product Ecommerce/Tambahkan Product/Input Keterangan'

2023-10-04 19:33:04 - [MESSAGE][PASSED] - Text 'Desain Modern: Tampil modis dengan desain terkini yang cocok untuk anak-anak. Kenyamanan Sepanjang Hari: Bahan lembut dan nyaman sehingga anak-anak tetap bahagia sepanjang hari. Beragam Warna: Pilihan warna yang cerah dan menarik. Ukuran Sesuai: Tersedia dalam berbagai ukuran, mulai dari 0 hingga 9 tahun. Dapatkan tampilan yang trendi untuk si kecil dengan Baju Koko Kids kami. Pesan sekarang dan buat momen lebaran mereka lebih istimewa!' is set on object 'Object Repository/Product Ecommerce/Tambahkan Product/Input Keterangan'

2023-10-04 19:33:04 - [TEST_STEP][PASSED] - setText(findTestObject("Product Ecommerce/Tambahkan Product/Input Variasi 1 Nama Variasi"), "Warna"): Text 'Warna' is set on object 'Object Repository/Product Ecommerce/Tambahkan Product/Input Variasi 1 Nama Variasi'

2023-10-04 19:33:05 - [MESSAGE][PASSED] - Text 'Warna' is set on object 'Object Repository/Product Ecommerce/Tambahkan Product/Input Variasi 1 Nama Variasi'

2023-10-04 19:33:05 - [TEST_STEP][PASSED] - setText(findTestObject("Product Ecommerce/Tambahkan Product/Input Variasi 1 Kolom 1"), "Merah"): Text 'Merah' is set on object 'Object Repository/Product Ecommerce/Tambahkan Product/Input Variasi 1 Kolom 1'

2023-10-04 19:33:06 - [MESSAGE][PASSED] - Text 'Merah' is set on object 'Object Repository/Product Ecommerce/Tambahkan Product/Input Variasi 1 Kolom 1'

2023-10-04 19:33:06 - [TEST_STEP][PASSED] - setText(findTestObject("Product Ecommerce/Tambahkan Product/Input Variasi 1 Kolom 2"), "Biru"): Text 'Biru' is set on object 'Object Repository/Product Ecommerce/Tambahkan Product/Input Variasi 1 Kolom 2'

2023-10-04 19:33:07 - [MESSAGE][PASSED] - Text 'Biru' is set on object 'Object Repository/Product Ecommerce/Tambahkan Product/Input Variasi 1 Kolom 2'

2023-10-04 19:33:07 - [TEST_STEP][PASSED] - uploadFile(findTestObject("Product Ecommerce/Tambahkan Product/Input File"), "E:\Pelatihan\Xsis Academy\Baju koko kids.jpg"): File 'E:\Pelatihan\Xsis Academy\Baju koko kids.jpg' sent to object: 'Object Repository/Product Ecommerce/Tambahkan Product/Input File'

2023-10-04 19:33:07 - [MESSAGE][PASSED] - File 'E:\Pelatihan\Xsis Academy\Baju koko kids.jpg' sent to object: 'Object Repository/Product Ecommerce/Tambahkan Product/Input File'

2023-10-04 19:33:07 - [TEST_STEP][PASSED] - click(findTestObject("Product Ecommerce/Tambahkan Product/Button Cancel")): Object: 'Object Repository/Product Ecommerce/Tambahkan Product/Button Cancel' is clicked on

2023-10-04 19:33:10 - [MESSAGE][PASSED] - Object: 'Object Repository/Product Ecommerce/Tambahkan Product/Button Cancel' is clicked on

2023-10-04 19:33:10 - [TEST_STEP][PASSED] - verifyElementPresent(findTestObject("Product Ecommerce/Verifikasi Halaman Product Anda"), 0): Object 'Object Repository/Product Ecommerce/Verifikasi Halaman Product Anda' is present

2023-10-04 19:33:10 - [MESSAGE][WARNING] - Timeout '0' is invalid. Using default page load timeout: '30'

2023-10-04 19:33:10 - [MESSAGE][PASSED] - Object 'Object Repository/Product Ecommerce/Verifikasi Halaman Product Anda' is present]]></system-out>
         <system-err><![CDATA[]]></system-err>
      </testcase>
      <testcase name="Test Cases/Product Ecommerce/TC-PE-007" time="14.844" classname="Test Cases/Product Ecommerce/TC-PE-007" status="PASSED">
         <system-out><![CDATA[2023-10-04 19:33:11 - [TEST_CASE][PASSED] - Test Cases/Product Ecommerce/TC-PE-007: Test Cases/Product Ecommerce/TC-PE-007

2023-10-04 19:33:11 - [TEST_STEP][PASSED] - callTestCase(findTestCase("Product Ecommerce/TC-PE-001"), [:], STOP_ON_FAILURE): Call Test Case 'Test Cases/Product Ecommerce/TC-PE-001' successfully

2023-10-04 19:33:11 - [TEST_CASE][PASSED] - Test Cases/Product Ecommerce/TC-PE-001: Test Cases/Product Ecommerce/TC-PE-001

2023-10-04 19:33:11 - [TEST_STEP][PASSED] - callTestCase(findTestCase("Login Ecommerce/TC-Login Ecomerce-001"), [:], STOP_ON_FAILURE): Call Test Case 'Test Cases/Login Ecommerce/TC-Login Ecomerce-001' successfully

2023-10-04 19:33:11 - [TEST_CASE][PASSED] - Test Cases/Login Ecommerce/TC-Login Ecomerce-001: Test Cases/Login Ecommerce/TC-Login Ecomerce-001

2023-10-04 19:33:11 - [TEST_STEP][PASSED] - openBrowser(userTajalapak): Browser is opened with url: 'https://10.9.2.63/ecommerce/'

2023-10-04 19:33:11 - [MESSAGE][WARNING] - A browser is already opened. Closing browser and opening a new one

2023-10-04 19:33:12 - [MESSAGE][INFO] - Starting 'Edge Chromium' driver

2023-10-04 19:33:12 - [MESSAGE][INFO] - User set preference: ['acceptInsecureCerts', 'true']

2023-10-04 19:33:13 - [MESSAGE][INFO] - Action delay is set to 0 milliseconds

2023-10-04 19:33:16 - [MESSAGE][PASSED] - Browser is opened with url: 'https://10.9.2.63/ecommerce/'

2023-10-04 19:33:16 - [TEST_STEP][PASSED] - maximizeWindow(): Current window maximized

2023-10-04 19:33:16 - [MESSAGE][PASSED] - Current window maximized

2023-10-04 19:33:16 - [TEST_STEP][PASSED] - verifyElementPresent(findTestObject("Login Ecommerce/Verifikasi Halaman Login Akun"), 0): Object 'Object Repository/Login Ecommerce/Verifikasi Halaman Login Akun' is present

2023-10-04 19:33:16 - [MESSAGE][WARNING] - Timeout '0' is invalid. Using default page load timeout: '30'

2023-10-04 19:33:17 - [MESSAGE][PASSED] - Object 'Object Repository/Login Ecommerce/Verifikasi Halaman Login Akun' is present

2023-10-04 19:33:17 - [TEST_STEP][PASSED] - click(findTestObject("Login Ecommerce/Login Akun")): Object: 'Object Repository/Login Ecommerce/Login Akun' is clicked on

2023-10-04 19:33:17 - [MESSAGE][PASSED] - Object: 'Object Repository/Login Ecommerce/Login Akun' is clicked on

2023-10-04 19:33:17 - [TEST_STEP][PASSED] - verifyElementPresent(findTestObject("Login Ecommerce/Verifikasi Halaman Login Akun"), 0): Object 'Object Repository/Login Ecommerce/Verifikasi Halaman Login Akun' is present

2023-10-04 19:33:17 - [MESSAGE][WARNING] - Timeout '0' is invalid. Using default page load timeout: '30'

2023-10-04 19:33:18 - [MESSAGE][PASSED] - Object 'Object Repository/Login Ecommerce/Verifikasi Halaman Login Akun' is present

2023-10-04 19:33:18 - [TEST_STEP][PASSED] - setText(findTestObject("Login Ecommerce/Input Username"), "riswandha"): Text 'riswandha' is set on object 'Object Repository/Login Ecommerce/Input Username'

2023-10-04 19:33:19 - [MESSAGE][PASSED] - Text 'riswandha' is set on object 'Object Repository/Login Ecommerce/Input Username'

2023-10-04 19:33:19 - [TEST_STEP][PASSED] - setEncryptedText(findTestObject("Login Ecommerce/Input Password"), "iGDxf8hSRT4="): Text ****** has been set on object 'Object Repository/Login Ecommerce/Input Password'

2023-10-04 19:33:19 - [MESSAGE][PASSED] - Text ****** has been set on object 'Object Repository/Login Ecommerce/Input Password'

2023-10-04 19:33:19 - [TEST_STEP][PASSED] - click(findTestObject("Login Ecommerce/Button Masuk")): Object: 'Object Repository/Login Ecommerce/Button Masuk' is clicked on

2023-10-04 19:33:21 - [MESSAGE][PASSED] - Object: 'Object Repository/Login Ecommerce/Button Masuk' is clicked on

2023-10-04 19:33:21 - [TEST_STEP][PASSED] - verifyElementPresent(findTestObject("Login Ecommerce/Verifikasi Login Akun"), 0): Object 'Object Repository/Login Ecommerce/Verifikasi Login Akun' is present

2023-10-04 19:33:21 - [MESSAGE][WARNING] - Timeout '0' is invalid. Using default page load timeout: '30'

2023-10-04 19:33:21 - [MESSAGE][PASSED] - Object 'Object Repository/Login Ecommerce/Verifikasi Login Akun' is present

2023-10-04 19:33:21 - [MESSAGE][PASSED] - Call Test Case 'Test Cases/Login Ecommerce/TC-Login Ecomerce-001' successfully

2023-10-04 19:33:21 - [TEST_STEP][PASSED] - mouseOver(findTestObject("Product Ecommerce/Button Menu toko")): Object: 'Object Repository/Product Ecommerce/Button Menu toko' is hovered

2023-10-04 19:33:22 - [MESSAGE][PASSED] - Object: 'Object Repository/Product Ecommerce/Button Menu toko' is hovered

2023-10-04 19:33:22 - [TEST_STEP][PASSED] - click(findTestObject("Product Ecommerce/Button Daftar Produk")): Object: 'Object Repository/Product Ecommerce/Button Daftar Produk' is clicked on

2023-10-04 19:33:23 - [MESSAGE][PASSED] - Object: 'Object Repository/Product Ecommerce/Button Daftar Produk' is clicked on

2023-10-04 19:33:23 - [TEST_STEP][PASSED] - verifyElementPresent(findTestObject("Product Ecommerce/Verifikasi Halaman Product Anda"), 0): Object 'Object Repository/Product Ecommerce/Verifikasi Halaman Product Anda' is present

2023-10-04 19:33:23 - [MESSAGE][WARNING] - Timeout '0' is invalid. Using default page load timeout: '30'

2023-10-04 19:33:23 - [MESSAGE][PASSED] - Object 'Object Repository/Product Ecommerce/Verifikasi Halaman Product Anda' is present

2023-10-04 19:33:23 - [MESSAGE][PASSED] - Call Test Case 'Test Cases/Product Ecommerce/TC-PE-001' successfully

2023-10-04 19:33:23 - [TEST_STEP][PASSED] - click(findTestObject("Product Ecommerce/Tambahkan Produk")): Object: 'Object Repository/Product Ecommerce/Tambahkan Produk' is clicked on

2023-10-04 19:33:24 - [MESSAGE][PASSED] - Object: 'Object Repository/Product Ecommerce/Tambahkan Produk' is clicked on

2023-10-04 19:33:24 - [TEST_STEP][PASSED] - click(findTestObject("Product Ecommerce/Tambahkan Product/Input Tambah Kolom Variasi 1")): Object: 'Object Repository/Product Ecommerce/Tambahkan Product/Input Tambah Kolom Variasi 1' is clicked on

2023-10-04 19:33:25 - [MESSAGE][PASSED] - Object: 'Object Repository/Product Ecommerce/Tambahkan Product/Input Tambah Kolom Variasi 1' is clicked on

2023-10-04 19:33:25 - [TEST_STEP][PASSED] - verifyElementPresent(findTestObject("Product Ecommerce/Verifikasi product/Verifikasi variasi Bertambah"), 0): Object 'Object Repository/Product Ecommerce/Verifikasi product/Verifikasi variasi Bertambah' is present

2023-10-04 19:33:25 - [MESSAGE][WARNING] - Timeout '0' is invalid. Using default page load timeout: '30'

2023-10-04 19:33:25 - [MESSAGE][PASSED] - Object 'Object Repository/Product Ecommerce/Verifikasi product/Verifikasi variasi Bertambah' is present]]></system-out>
         <system-err><![CDATA[]]></system-err>
      </testcase>
      <testcase name="Test Cases/Product Ecommerce/TC-PE-008" time="17.339" classname="Test Cases/Product Ecommerce/TC-PE-008" status="PASSED">
         <system-out><![CDATA[2023-10-04 19:33:25 - [TEST_CASE][PASSED] - Test Cases/Product Ecommerce/TC-PE-008: Test Cases/Product Ecommerce/TC-PE-008

2023-10-04 19:33:26 - [TEST_STEP][PASSED] - callTestCase(findTestCase("Product Ecommerce/TC-PE-001"), [:], STOP_ON_FAILURE): Call Test Case 'Test Cases/Product Ecommerce/TC-PE-001' successfully

2023-10-04 19:33:26 - [TEST_CASE][PASSED] - Test Cases/Product Ecommerce/TC-PE-001: Test Cases/Product Ecommerce/TC-PE-001

2023-10-04 19:33:26 - [TEST_STEP][PASSED] - callTestCase(findTestCase("Login Ecommerce/TC-Login Ecomerce-001"), [:], STOP_ON_FAILURE): Call Test Case 'Test Cases/Login Ecommerce/TC-Login Ecomerce-001' successfully

2023-10-04 19:33:26 - [TEST_CASE][PASSED] - Test Cases/Login Ecommerce/TC-Login Ecomerce-001: Test Cases/Login Ecommerce/TC-Login Ecomerce-001

2023-10-04 19:33:26 - [TEST_STEP][PASSED] - openBrowser(userTajalapak): Browser is opened with url: 'https://10.9.2.63/ecommerce/'

2023-10-04 19:33:26 - [MESSAGE][WARNING] - A browser is already opened. Closing browser and opening a new one

2023-10-04 19:33:27 - [MESSAGE][INFO] - Starting 'Edge Chromium' driver

2023-10-04 19:33:27 - [MESSAGE][INFO] - User set preference: ['acceptInsecureCerts', 'true']

2023-10-04 19:33:27 - [MESSAGE][INFO] - Action delay is set to 0 milliseconds

2023-10-04 19:33:31 - [MESSAGE][PASSED] - Browser is opened with url: 'https://10.9.2.63/ecommerce/'

2023-10-04 19:33:31 - [TEST_STEP][PASSED] - maximizeWindow(): Current window maximized

2023-10-04 19:33:31 - [MESSAGE][PASSED] - Current window maximized

2023-10-04 19:33:31 - [TEST_STEP][PASSED] - verifyElementPresent(findTestObject("Login Ecommerce/Verifikasi Halaman Login Akun"), 0): Object 'Object Repository/Login Ecommerce/Verifikasi Halaman Login Akun' is present

2023-10-04 19:33:32 - [MESSAGE][WARNING] - Timeout '0' is invalid. Using default page load timeout: '30'

2023-10-04 19:33:32 - [MESSAGE][PASSED] - Object 'Object Repository/Login Ecommerce/Verifikasi Halaman Login Akun' is present

2023-10-04 19:33:32 - [TEST_STEP][PASSED] - click(findTestObject("Login Ecommerce/Login Akun")): Object: 'Object Repository/Login Ecommerce/Login Akun' is clicked on

2023-10-04 19:33:33 - [MESSAGE][PASSED] - Object: 'Object Repository/Login Ecommerce/Login Akun' is clicked on

2023-10-04 19:33:33 - [TEST_STEP][PASSED] - verifyElementPresent(findTestObject("Login Ecommerce/Verifikasi Halaman Login Akun"), 0): Object 'Object Repository/Login Ecommerce/Verifikasi Halaman Login Akun' is present

2023-10-04 19:33:33 - [MESSAGE][WARNING] - Timeout '0' is invalid. Using default page load timeout: '30'

2023-10-04 19:33:33 - [MESSAGE][PASSED] - Object 'Object Repository/Login Ecommerce/Verifikasi Halaman Login Akun' is present

2023-10-04 19:33:33 - [TEST_STEP][PASSED] - setText(findTestObject("Login Ecommerce/Input Username"), "riswandha"): Text 'riswandha' is set on object 'Object Repository/Login Ecommerce/Input Username'

2023-10-04 19:33:34 - [MESSAGE][PASSED] - Text 'riswandha' is set on object 'Object Repository/Login Ecommerce/Input Username'

2023-10-04 19:33:34 - [TEST_STEP][PASSED] - setEncryptedText(findTestObject("Login Ecommerce/Input Password"), "iGDxf8hSRT4="): Text ****** has been set on object 'Object Repository/Login Ecommerce/Input Password'

2023-10-04 19:33:35 - [MESSAGE][PASSED] - Text ****** has been set on object 'Object Repository/Login Ecommerce/Input Password'

2023-10-04 19:33:35 - [TEST_STEP][PASSED] - click(findTestObject("Login Ecommerce/Button Masuk")): Object: 'Object Repository/Login Ecommerce/Button Masuk' is clicked on

2023-10-04 19:33:36 - [MESSAGE][PASSED] - Object: 'Object Repository/Login Ecommerce/Button Masuk' is clicked on

2023-10-04 19:33:36 - [TEST_STEP][PASSED] - verifyElementPresent(findTestObject("Login Ecommerce/Verifikasi Login Akun"), 0): Object 'Object Repository/Login Ecommerce/Verifikasi Login Akun' is present

2023-10-04 19:33:36 - [MESSAGE][WARNING] - Timeout '0' is invalid. Using default page load timeout: '30'

2023-10-04 19:33:37 - [MESSAGE][PASSED] - Object 'Object Repository/Login Ecommerce/Verifikasi Login Akun' is present

2023-10-04 19:33:37 - [MESSAGE][PASSED] - Call Test Case 'Test Cases/Login Ecommerce/TC-Login Ecomerce-001' successfully

2023-10-04 19:33:37 - [TEST_STEP][PASSED] - mouseOver(findTestObject("Product Ecommerce/Button Menu toko")): Object: 'Object Repository/Product Ecommerce/Button Menu toko' is hovered

2023-10-04 19:33:38 - [MESSAGE][PASSED] - Object: 'Object Repository/Product Ecommerce/Button Menu toko' is hovered

2023-10-04 19:33:38 - [TEST_STEP][PASSED] - click(findTestObject("Product Ecommerce/Button Daftar Produk")): Object: 'Object Repository/Product Ecommerce/Button Daftar Produk' is clicked on

2023-10-04 19:33:39 - [MESSAGE][PASSED] - Object: 'Object Repository/Product Ecommerce/Button Daftar Produk' is clicked on

2023-10-04 19:33:39 - [TEST_STEP][PASSED] - verifyElementPresent(findTestObject("Product Ecommerce/Verifikasi Halaman Product Anda"), 0): Object 'Object Repository/Product Ecommerce/Verifikasi Halaman Product Anda' is present

2023-10-04 19:33:39 - [MESSAGE][WARNING] - Timeout '0' is invalid. Using default page load timeout: '30'

2023-10-04 19:33:40 - [MESSAGE][PASSED] - Object 'Object Repository/Product Ecommerce/Verifikasi Halaman Product Anda' is present

2023-10-04 19:33:40 - [MESSAGE][PASSED] - Call Test Case 'Test Cases/Product Ecommerce/TC-PE-001' successfully

2023-10-04 19:33:40 - [TEST_STEP][PASSED] - click(findTestObject("Product Ecommerce/Tambahkan Produk")): Object: 'Object Repository/Product Ecommerce/Tambahkan Produk' is clicked on

2023-10-04 19:33:41 - [MESSAGE][PASSED] - Object: 'Object Repository/Product Ecommerce/Tambahkan Produk' is clicked on

2023-10-04 19:33:41 - [TEST_STEP][PASSED] - click(findTestObject("Product Ecommerce/Tambahkan Product/Input Hapus Kolom Variasi 1")): Object: 'Object Repository/Product Ecommerce/Tambahkan Product/Input Hapus Kolom Variasi 1' is clicked on

2023-10-04 19:33:42 - [MESSAGE][PASSED] - Object: 'Object Repository/Product Ecommerce/Tambahkan Product/Input Hapus Kolom Variasi 1' is clicked on

2023-10-04 19:33:42 - [TEST_STEP][PASSED] - verifyElementNotPresent(findTestObject("Product Ecommerce/Verifikasi product/Verifikasi variasi Berkurang"), 0): Web element with id: 'Object Repository/Product Ecommerce/Verifikasi product/Verifikasi variasi Berkurang' located by 'By.xpath: //input[@id='warna_2']' is not present after '30' second(s)

2023-10-04 19:33:42 - [MESSAGE][WARNING] - Timeout '0' is invalid. Using default page load timeout: '30'

2023-10-04 19:33:43 - [MESSAGE][PASSED] - Web element with id: 'Object Repository/Product Ecommerce/Verifikasi product/Verifikasi variasi Berkurang' located by 'By.xpath: //input[@id='warna_2']' is not present after '30' second(s)]]></system-out>
         <system-err><![CDATA[]]></system-err>
      </testcase>
      <testcase name="Test Cases/Product Ecommerce/TC-PE-009" time="23.159" classname="Test Cases/Product Ecommerce/TC-PE-009" status="PASSED">
         <system-out><![CDATA[2023-10-04 19:33:43 - [TEST_CASE][PASSED] - Test Cases/Product Ecommerce/TC-PE-009: Test Cases/Product Ecommerce/TC-PE-009

2023-10-04 19:33:44 - [TEST_STEP][PASSED] - callTestCase(findTestCase("Product Ecommerce/TC-PE-001"), [:], STOP_ON_FAILURE): Call Test Case 'Test Cases/Product Ecommerce/TC-PE-001' successfully

2023-10-04 19:33:44 - [TEST_CASE][PASSED] - Test Cases/Product Ecommerce/TC-PE-001: Test Cases/Product Ecommerce/TC-PE-001

2023-10-04 19:33:44 - [TEST_STEP][PASSED] - callTestCase(findTestCase("Login Ecommerce/TC-Login Ecomerce-001"), [:], STOP_ON_FAILURE): Call Test Case 'Test Cases/Login Ecommerce/TC-Login Ecomerce-001' successfully

2023-10-04 19:33:44 - [TEST_CASE][PASSED] - Test Cases/Login Ecommerce/TC-Login Ecomerce-001: Test Cases/Login Ecommerce/TC-Login Ecomerce-001

2023-10-04 19:33:44 - [TEST_STEP][PASSED] - openBrowser(userTajalapak): Browser is opened with url: 'https://10.9.2.63/ecommerce/'

2023-10-04 19:33:44 - [MESSAGE][WARNING] - A browser is already opened. Closing browser and opening a new one

2023-10-04 19:33:45 - [MESSAGE][INFO] - Starting 'Edge Chromium' driver

2023-10-04 19:33:45 - [MESSAGE][INFO] - User set preference: ['acceptInsecureCerts', 'true']

2023-10-04 19:33:45 - [MESSAGE][INFO] - Action delay is set to 0 milliseconds

2023-10-04 19:33:49 - [MESSAGE][PASSED] - Browser is opened with url: 'https://10.9.2.63/ecommerce/'

2023-10-04 19:33:49 - [TEST_STEP][PASSED] - maximizeWindow(): Current window maximized

2023-10-04 19:33:49 - [MESSAGE][PASSED] - Current window maximized

2023-10-04 19:33:49 - [TEST_STEP][PASSED] - verifyElementPresent(findTestObject("Login Ecommerce/Verifikasi Halaman Login Akun"), 0): Object 'Object Repository/Login Ecommerce/Verifikasi Halaman Login Akun' is present

2023-10-04 19:33:49 - [MESSAGE][WARNING] - Timeout '0' is invalid. Using default page load timeout: '30'

2023-10-04 19:33:50 - [MESSAGE][PASSED] - Object 'Object Repository/Login Ecommerce/Verifikasi Halaman Login Akun' is present

2023-10-04 19:33:50 - [TEST_STEP][PASSED] - click(findTestObject("Login Ecommerce/Login Akun")): Object: 'Object Repository/Login Ecommerce/Login Akun' is clicked on

2023-10-04 19:33:50 - [MESSAGE][PASSED] - Object: 'Object Repository/Login Ecommerce/Login Akun' is clicked on

2023-10-04 19:33:50 - [TEST_STEP][PASSED] - verifyElementPresent(findTestObject("Login Ecommerce/Verifikasi Halaman Login Akun"), 0): Object 'Object Repository/Login Ecommerce/Verifikasi Halaman Login Akun' is present

2023-10-04 19:33:50 - [MESSAGE][WARNING] - Timeout '0' is invalid. Using default page load timeout: '30'

2023-10-04 19:33:51 - [MESSAGE][PASSED] - Object 'Object Repository/Login Ecommerce/Verifikasi Halaman Login Akun' is present

2023-10-04 19:33:51 - [TEST_STEP][PASSED] - setText(findTestObject("Login Ecommerce/Input Username"), "riswandha"): Text 'riswandha' is set on object 'Object Repository/Login Ecommerce/Input Username'

2023-10-04 19:33:52 - [MESSAGE][PASSED] - Text 'riswandha' is set on object 'Object Repository/Login Ecommerce/Input Username'

2023-10-04 19:33:52 - [TEST_STEP][PASSED] - setEncryptedText(findTestObject("Login Ecommerce/Input Password"), "iGDxf8hSRT4="): Text ****** has been set on object 'Object Repository/Login Ecommerce/Input Password'

2023-10-04 19:33:52 - [MESSAGE][PASSED] - Text ****** has been set on object 'Object Repository/Login Ecommerce/Input Password'

2023-10-04 19:33:52 - [TEST_STEP][PASSED] - click(findTestObject("Login Ecommerce/Button Masuk")): Object: 'Object Repository/Login Ecommerce/Button Masuk' is clicked on

2023-10-04 19:33:54 - [MESSAGE][PASSED] - Object: 'Object Repository/Login Ecommerce/Button Masuk' is clicked on

2023-10-04 19:33:54 - [TEST_STEP][PASSED] - verifyElementPresent(findTestObject("Login Ecommerce/Verifikasi Login Akun"), 0): Object 'Object Repository/Login Ecommerce/Verifikasi Login Akun' is present

2023-10-04 19:33:54 - [MESSAGE][WARNING] - Timeout '0' is invalid. Using default page load timeout: '30'

2023-10-04 19:33:55 - [MESSAGE][PASSED] - Object 'Object Repository/Login Ecommerce/Verifikasi Login Akun' is present

2023-10-04 19:33:55 - [MESSAGE][PASSED] - Call Test Case 'Test Cases/Login Ecommerce/TC-Login Ecomerce-001' successfully

2023-10-04 19:33:55 - [TEST_STEP][PASSED] - mouseOver(findTestObject("Product Ecommerce/Button Menu toko")): Object: 'Object Repository/Product Ecommerce/Button Menu toko' is hovered

2023-10-04 19:33:56 - [MESSAGE][PASSED] - Object: 'Object Repository/Product Ecommerce/Button Menu toko' is hovered

2023-10-04 19:33:56 - [TEST_STEP][PASSED] - click(findTestObject("Product Ecommerce/Button Daftar Produk")): Object: 'Object Repository/Product Ecommerce/Button Daftar Produk' is clicked on

2023-10-04 19:33:57 - [MESSAGE][PASSED] - Object: 'Object Repository/Product Ecommerce/Button Daftar Produk' is clicked on

2023-10-04 19:33:57 - [TEST_STEP][PASSED] - verifyElementPresent(findTestObject("Product Ecommerce/Verifikasi Halaman Product Anda"), 0): Object 'Object Repository/Product Ecommerce/Verifikasi Halaman Product Anda' is present

2023-10-04 19:33:57 - [MESSAGE][WARNING] - Timeout '0' is invalid. Using default page load timeout: '30'

2023-10-04 19:33:58 - [MESSAGE][PASSED] - Object 'Object Repository/Product Ecommerce/Verifikasi Halaman Product Anda' is present

2023-10-04 19:33:58 - [MESSAGE][PASSED] - Call Test Case 'Test Cases/Product Ecommerce/TC-PE-001' successfully

2023-10-04 19:33:58 - [TEST_STEP][PASSED] - mouseOver(findTestObject("Product Ecommerce/Image Gambar produk 1")): Object: 'Object Repository/Product Ecommerce/Image Gambar produk 1' is hovered

2023-10-04 19:33:58 - [MESSAGE][PASSED] - Object: 'Object Repository/Product Ecommerce/Image Gambar produk 1' is hovered

2023-10-04 19:33:58 - [TEST_STEP][PASSED] - click(findTestObject("Product Ecommerce/Tambahkan Product/Edit Data")): Object: 'Object Repository/Product Ecommerce/Tambahkan Product/Edit Data' is clicked on

2023-10-04 19:33:59 - [MESSAGE][PASSED] - Object: 'Object Repository/Product Ecommerce/Tambahkan Product/Edit Data' is clicked on

2023-10-04 19:33:59 - [TEST_STEP][PASSED] - click(findTestObject("Product Ecommerce/Kupon/Button Buat Product")): Object: 'Object Repository/Product Ecommerce/Kupon/Button Buat Product' is clicked on

2023-10-04 19:34:00 - [MESSAGE][PASSED] - Object: 'Object Repository/Product Ecommerce/Kupon/Button Buat Product' is clicked on

2023-10-04 19:34:00 - [TEST_STEP][PASSED] - verifyElementPresent(findTestObject("Product Ecommerce/Kupon/Verifikasi Halaman Voucher Product"), 0): Object 'Object Repository/Product Ecommerce/Kupon/Verifikasi Halaman Voucher Product' is present

2023-10-04 19:34:00 - [MESSAGE][WARNING] - Timeout '0' is invalid. Using default page load timeout: '30'

2023-10-04 19:34:00 - [MESSAGE][PASSED] - Object 'Object Repository/Product Ecommerce/Kupon/Verifikasi Halaman Voucher Product' is present

2023-10-04 19:34:00 - [TEST_STEP][PASSED] - setText(findTestObject("Product Ecommerce/Kupon/Input Kode Kupon"), kodeKupon): Text 'product30' is set on object 'Object Repository/Product Ecommerce/Kupon/Input Kode Kupon'

2023-10-04 19:34:01 - [MESSAGE][PASSED] - Text 'product30' is set on object 'Object Repository/Product Ecommerce/Kupon/Input Kode Kupon'

2023-10-04 19:34:01 - [TEST_STEP][PASSED] - setText(findTestObject("Product Ecommerce/Kupon/Input Jumlah Kode kupon"), jumlah): Text '4' is set on object 'Object Repository/Product Ecommerce/Kupon/Input Jumlah Kode kupon'

2023-10-04 19:34:02 - [MESSAGE][PASSED] - Text '4' is set on object 'Object Repository/Product Ecommerce/Kupon/Input Jumlah Kode kupon'

2023-10-04 19:34:02 - [TEST_STEP][PASSED] - setText(findTestObject("Product Ecommerce/Kupon/Input Masa Berlaku"), expired): Text '2023-11-11' is set on object 'Object Repository/Product Ecommerce/Kupon/Input Masa Berlaku'

2023-10-04 19:34:03 - [MESSAGE][PASSED] - Text '2023-11-11' is set on object 'Object Repository/Product Ecommerce/Kupon/Input Masa Berlaku'

2023-10-04 19:34:03 - [TEST_STEP][PASSED] - setText(findTestObject("Product Ecommerce/Kupon/Input Min Order"), minOrder): Text '2' is set on object 'Object Repository/Product Ecommerce/Kupon/Input Min Order'

2023-10-04 19:34:03 - [MESSAGE][PASSED] - Text '2' is set on object 'Object Repository/Product Ecommerce/Kupon/Input Min Order'

2023-10-04 19:34:03 - [TEST_STEP][PASSED] - setText(findTestObject("Product Ecommerce/Kupon/Input Nilai Kupon"), nilai): Text '300' is set on object 'Object Repository/Product Ecommerce/Kupon/Input Nilai Kupon'

2023-10-04 19:34:04 - [MESSAGE][PASSED] - Text '300' is set on object 'Object Repository/Product Ecommerce/Kupon/Input Nilai Kupon'

2023-10-04 19:34:04 - [TEST_STEP][PASSED] - click(findTestObject("Product Ecommerce/Kupon/Button Simpan")): Object: 'Object Repository/Product Ecommerce/Kupon/Button Simpan' is clicked on

2023-10-04 19:34:05 - [MESSAGE][PASSED] - Object: 'Object Repository/Product Ecommerce/Kupon/Button Simpan' is clicked on

2023-10-04 19:34:05 - [TEST_STEP][PASSED] - dataList = findWebElements(findTestObject("Object Repository/Product Ecommerce/Kupon/Data Semua Voucher"), 10): null

2023-10-04 19:34:06 - [TEST_STEP][PASSED] - dataKupon = "": null

2023-10-04 19:34:06 - [TEST_STEP][PASSED] - for ([i = 0, i < dataList.size(), (i++)]): null

2023-10-04 19:34:06 - [TEST_STEP][PASSED] - text = text: null

2023-10-04 19:34:06 - [TEST_STEP][PASSED] - dataKupon = dataKupon + text: null

2023-10-04 19:34:06 - [TEST_STEP][PASSED] - println(dataKupon): null

2023-10-04 19:34:06 - [TEST_STEP][PASSED] - assert dataKupon.contains(kodeKupon): null

2023-10-04 19:34:06 - [TEST_STEP][PASSED] - assert dataKupon.contains(jumlah): null

2023-10-04 19:34:06 - [TEST_STEP][PASSED] - assert dataKupon.contains(expired): null

2023-10-04 19:34:06 - [TEST_STEP][PASSED] - assert dataKupon.contains(minOrder): null

2023-10-04 19:34:06 - [TEST_STEP][PASSED] - assert dataKupon.contains(nilai): null]]></system-out>
         <system-err><![CDATA[]]></system-err>
      </testcase>
      <testcase name="Test Cases/Product Ecommerce/TC-PE-010" time="19.89" classname="Test Cases/Product Ecommerce/TC-PE-010" status="PASSED">
         <system-out><![CDATA[2023-10-04 19:34:06 - [TEST_CASE][PASSED] - Test Cases/Product Ecommerce/TC-PE-010: Test Cases/Product Ecommerce/TC-PE-010

2023-10-04 19:34:06 - [TEST_STEP][PASSED] - callTestCase(findTestCase("Product Ecommerce/TC-PE-001"), [:], STOP_ON_FAILURE): Call Test Case 'Test Cases/Product Ecommerce/TC-PE-001' successfully

2023-10-04 19:34:06 - [TEST_CASE][PASSED] - Test Cases/Product Ecommerce/TC-PE-001: Test Cases/Product Ecommerce/TC-PE-001

2023-10-04 19:34:06 - [TEST_STEP][PASSED] - callTestCase(findTestCase("Login Ecommerce/TC-Login Ecomerce-001"), [:], STOP_ON_FAILURE): Call Test Case 'Test Cases/Login Ecommerce/TC-Login Ecomerce-001' successfully

2023-10-04 19:34:06 - [TEST_CASE][PASSED] - Test Cases/Login Ecommerce/TC-Login Ecomerce-001: Test Cases/Login Ecommerce/TC-Login Ecomerce-001

2023-10-04 19:34:06 - [TEST_STEP][PASSED] - openBrowser(userTajalapak): Browser is opened with url: 'https://10.9.2.63/ecommerce/'

2023-10-04 19:34:06 - [MESSAGE][WARNING] - A browser is already opened. Closing browser and opening a new one

2023-10-04 19:34:07 - [MESSAGE][INFO] - Starting 'Edge Chromium' driver

2023-10-04 19:34:07 - [MESSAGE][INFO] - User set preference: ['acceptInsecureCerts', 'true']

2023-10-04 19:34:08 - [MESSAGE][INFO] - Action delay is set to 0 milliseconds

2023-10-04 19:34:12 - [MESSAGE][PASSED] - Browser is opened with url: 'https://10.9.2.63/ecommerce/'

2023-10-04 19:34:12 - [TEST_STEP][PASSED] - maximizeWindow(): Current window maximized

2023-10-04 19:34:12 - [MESSAGE][PASSED] - Current window maximized

2023-10-04 19:34:12 - [TEST_STEP][PASSED] - verifyElementPresent(findTestObject("Login Ecommerce/Verifikasi Halaman Login Akun"), 0): Object 'Object Repository/Login Ecommerce/Verifikasi Halaman Login Akun' is present

2023-10-04 19:34:12 - [MESSAGE][WARNING] - Timeout '0' is invalid. Using default page load timeout: '30'

2023-10-04 19:34:12 - [MESSAGE][PASSED] - Object 'Object Repository/Login Ecommerce/Verifikasi Halaman Login Akun' is present

2023-10-04 19:34:12 - [TEST_STEP][PASSED] - click(findTestObject("Login Ecommerce/Login Akun")): Object: 'Object Repository/Login Ecommerce/Login Akun' is clicked on

2023-10-04 19:34:13 - [MESSAGE][PASSED] - Object: 'Object Repository/Login Ecommerce/Login Akun' is clicked on

2023-10-04 19:34:13 - [TEST_STEP][PASSED] - verifyElementPresent(findTestObject("Login Ecommerce/Verifikasi Halaman Login Akun"), 0): Object 'Object Repository/Login Ecommerce/Verifikasi Halaman Login Akun' is present

2023-10-04 19:34:13 - [MESSAGE][WARNING] - Timeout '0' is invalid. Using default page load timeout: '30'

2023-10-04 19:34:13 - [MESSAGE][PASSED] - Object 'Object Repository/Login Ecommerce/Verifikasi Halaman Login Akun' is present

2023-10-04 19:34:13 - [TEST_STEP][PASSED] - setText(findTestObject("Login Ecommerce/Input Username"), "riswandha"): Text 'riswandha' is set on object 'Object Repository/Login Ecommerce/Input Username'

2023-10-04 19:34:14 - [MESSAGE][PASSED] - Text 'riswandha' is set on object 'Object Repository/Login Ecommerce/Input Username'

2023-10-04 19:34:14 - [TEST_STEP][PASSED] - setEncryptedText(findTestObject("Login Ecommerce/Input Password"), "iGDxf8hSRT4="): Text ****** has been set on object 'Object Repository/Login Ecommerce/Input Password'

2023-10-04 19:34:15 - [MESSAGE][PASSED] - Text ****** has been set on object 'Object Repository/Login Ecommerce/Input Password'

2023-10-04 19:34:15 - [TEST_STEP][PASSED] - click(findTestObject("Login Ecommerce/Button Masuk")): Object: 'Object Repository/Login Ecommerce/Button Masuk' is clicked on

2023-10-04 19:34:16 - [MESSAGE][PASSED] - Object: 'Object Repository/Login Ecommerce/Button Masuk' is clicked on

2023-10-04 19:34:16 - [TEST_STEP][PASSED] - verifyElementPresent(findTestObject("Login Ecommerce/Verifikasi Login Akun"), 0): Object 'Object Repository/Login Ecommerce/Verifikasi Login Akun' is present

2023-10-04 19:34:16 - [MESSAGE][WARNING] - Timeout '0' is invalid. Using default page load timeout: '30'

2023-10-04 19:34:17 - [MESSAGE][PASSED] - Object 'Object Repository/Login Ecommerce/Verifikasi Login Akun' is present

2023-10-04 19:34:17 - [MESSAGE][PASSED] - Call Test Case 'Test Cases/Login Ecommerce/TC-Login Ecomerce-001' successfully

2023-10-04 19:34:17 - [TEST_STEP][PASSED] - mouseOver(findTestObject("Product Ecommerce/Button Menu toko")): Object: 'Object Repository/Product Ecommerce/Button Menu toko' is hovered

2023-10-04 19:34:18 - [MESSAGE][PASSED] - Object: 'Object Repository/Product Ecommerce/Button Menu toko' is hovered

2023-10-04 19:34:18 - [TEST_STEP][PASSED] - click(findTestObject("Product Ecommerce/Button Daftar Produk")): Object: 'Object Repository/Product Ecommerce/Button Daftar Produk' is clicked on

2023-10-04 19:34:19 - [MESSAGE][PASSED] - Object: 'Object Repository/Product Ecommerce/Button Daftar Produk' is clicked on

2023-10-04 19:34:19 - [TEST_STEP][PASSED] - verifyElementPresent(findTestObject("Product Ecommerce/Verifikasi Halaman Product Anda"), 0): Object 'Object Repository/Product Ecommerce/Verifikasi Halaman Product Anda' is present

2023-10-04 19:34:19 - [MESSAGE][WARNING] - Timeout '0' is invalid. Using default page load timeout: '30'

2023-10-04 19:34:20 - [MESSAGE][PASSED] - Object 'Object Repository/Product Ecommerce/Verifikasi Halaman Product Anda' is present

2023-10-04 19:34:20 - [MESSAGE][PASSED] - Call Test Case 'Test Cases/Product Ecommerce/TC-PE-001' successfully

2023-10-04 19:34:20 - [TEST_STEP][PASSED] - mouseOver(findTestObject("Product Ecommerce/Image Gambar produk 1")): Object: 'Object Repository/Product Ecommerce/Image Gambar produk 1' is hovered

2023-10-04 19:34:20 - [MESSAGE][PASSED] - Object: 'Object Repository/Product Ecommerce/Image Gambar produk 1' is hovered

2023-10-04 19:34:20 - [TEST_STEP][PASSED] - click(findTestObject("Product Ecommerce/Tambahkan Product/Edit Data")): Object: 'Object Repository/Product Ecommerce/Tambahkan Product/Edit Data' is clicked on

2023-10-04 19:34:21 - [MESSAGE][PASSED] - Object: 'Object Repository/Product Ecommerce/Tambahkan Product/Edit Data' is clicked on

2023-10-04 19:34:21 - [TEST_STEP][PASSED] - click(findTestObject("Product Ecommerce/Kupon/Button Buat Product")): Object: 'Object Repository/Product Ecommerce/Kupon/Button Buat Product' is clicked on

2023-10-04 19:34:22 - [MESSAGE][PASSED] - Object: 'Object Repository/Product Ecommerce/Kupon/Button Buat Product' is clicked on

2023-10-04 19:34:22 - [TEST_STEP][PASSED] - verifyElementPresent(findTestObject("Product Ecommerce/Kupon/Verifikasi Halaman Voucher Product"), 0): Object 'Object Repository/Product Ecommerce/Kupon/Verifikasi Halaman Voucher Product' is present

2023-10-04 19:34:22 - [MESSAGE][WARNING] - Timeout '0' is invalid. Using default page load timeout: '30'

2023-10-04 19:34:23 - [MESSAGE][PASSED] - Object 'Object Repository/Product Ecommerce/Kupon/Verifikasi Halaman Voucher Product' is present

2023-10-04 19:34:23 - [TEST_STEP][PASSED] - click(findTestObject("Product Ecommerce/Kupon/Button Edit Voucher")): Object: 'Object Repository/Product Ecommerce/Kupon/Button Edit Voucher' is clicked on

2023-10-04 19:34:23 - [MESSAGE][PASSED] - Object: 'Object Repository/Product Ecommerce/Kupon/Button Edit Voucher' is clicked on

2023-10-04 19:34:23 - [TEST_STEP][PASSED] - setText(findTestObject("Product Ecommerce/Kupon/Input Kode Kupon"), kodeKupon): Text 'Product31' is set on object 'Object Repository/Product Ecommerce/Kupon/Input Kode Kupon'

2023-10-04 19:34:24 - [MESSAGE][PASSED] - Text 'Product31' is set on object 'Object Repository/Product Ecommerce/Kupon/Input Kode Kupon'

2023-10-04 19:34:24 - [TEST_STEP][PASSED] - click(findTestObject("Product Ecommerce/Kupon/Button Simpan")): Object: 'Object Repository/Product Ecommerce/Kupon/Button Simpan' is clicked on

2023-10-04 19:34:25 - [MESSAGE][PASSED] - Object: 'Object Repository/Product Ecommerce/Kupon/Button Simpan' is clicked on

2023-10-04 19:34:25 - [TEST_STEP][PASSED] - dataList = findWebElements(findTestObject("Object Repository/Product Ecommerce/Kupon/Data Semua Voucher"), 10): null

2023-10-04 19:34:26 - [TEST_STEP][PASSED] - dataKupon = "": null

2023-10-04 19:34:26 - [TEST_STEP][PASSED] - for ([i = 0, i < dataList.size(), (i++)]): null

2023-10-04 19:34:26 - [TEST_STEP][PASSED] - text = text: null

2023-10-04 19:34:26 - [TEST_STEP][PASSED] - dataKupon = dataKupon + text: null

2023-10-04 19:34:26 - [TEST_STEP][PASSED] - println(dataKupon): null

2023-10-04 19:34:26 - [TEST_STEP][PASSED] - assert dataKupon.contains(kodeKupon): null]]></system-out>
         <system-err><![CDATA[]]></system-err>
      </testcase>
      <testcase name="Test Cases/Product Ecommerce/TC-PE-011" time="48.842" classname="Test Cases/Product Ecommerce/TC-PE-011" status="FAILED">
         <failure type="FAILED" message="Test Cases/Product Ecommerce/TC-PE-011 FAILED.
Reason:
com.kms.katalon.core.exception.StepFailedException: Unable to verify object 'Object Repository/Product Ecommerce/Kupon/Button Edit Voucher' is not present
	at com.kms.katalon.core.webui.keyword.internal.WebUIKeywordMain.stepFailed(WebUIKeywordMain.groovy:64)
	at com.kms.katalon.core.webui.keyword.internal.WebUIKeywordMain.runKeyword(WebUIKeywordMain.groovy:26)
	at com.kms.katalon.core.webui.keyword.internal.WebUIKeywordMain$runKeyword.call(Unknown Source)
	at com.kms.katalon.core.webui.keyword.builtin.VerifyElementNotPresentKeyword.verifyElementNotPresent(VerifyElementNotPresentKeyword.groovy:122)
	at com.kms.katalon.core.webui.keyword.builtin.VerifyElementNotPresentKeyword.execute(VerifyElementNotPresentKeyword.groovy:68)
	at com.kms.katalon.core.keyword.internal.KeywordExecutor.executeKeywordForPlatform(KeywordExecutor.groovy:74)
	at com.kms.katalon.core.webui.keyword.WebUiBuiltInKeywords.verifyElementNotPresent(WebUiBuiltInKeywords.groovy:1497)
	at com.kms.katalon.core.webui.keyword.WebUiBuiltInKeywords$verifyElementNotPresent$12.call(Unknown Source)
	at TC-PE-011.run(TC-PE-011:32)
	at com.kms.katalon.core.main.ScriptEngine.run(ScriptEngine.java:194)
	at com.kms.katalon.core.main.ScriptEngine.runScriptAsRawText(ScriptEngine.java:119)
	at com.kms.katalon.core.main.TestCaseExecutor.runScript(TestCaseExecutor.java:448)
	at com.kms.katalon.core.main.TestCaseExecutor.doExecute(TestCaseExecutor.java:439)
	at com.kms.katalon.core.main.TestCaseExecutor.processExecutionPhase(TestCaseExecutor.java:418)
	at com.kms.katalon.core.main.TestCaseExecutor.accessMainPhase(TestCaseExecutor.java:410)
	at com.kms.katalon.core.main.TestCaseExecutor.execute(TestCaseExecutor.java:285)
	at com.kms.katalon.core.common.CommonExecutor.accessTestCaseMainPhase(CommonExecutor.java:65)
	at com.kms.katalon.core.main.TestSuiteExecutor.accessTestSuiteMainPhase(TestSuiteExecutor.java:148)
	at com.kms.katalon.core.main.TestSuiteExecutor.execute(TestSuiteExecutor.java:106)
	at com.kms.katalon.core.main.TestCaseMain.startTestSuite(TestCaseMain.java:187)
	at com.kms.katalon.core.main.TestCaseMain$startTestSuite$0.call(Unknown Source)
	at TempTestSuite1696422608926.run(TempTestSuite1696422608926.groovy:36)
Caused by: com.kms.katalon.core.exception.StepFailedException: Web element with id: 'Object Repository/Product Ecommerce/Kupon/Button Edit Voucher' located by 'By.xpath: /html/body/div[12]/div/div/div[2]/div/div/table/tbody/tr[1]/td[7]/a[1]' is present after '30' second(s)
	at com.kms.katalon.core.webui.keyword.internal.WebUIKeywordMain.stepFailed(WebUIKeywordMain.groovy:64)
	at com.kms.katalon.core.webui.keyword.internal.WebUIKeywordMain$stepFailed$0.call(Unknown Source)
	at com.kms.katalon.core.webui.keyword.builtin.VerifyElementNotPresentKeyword$_verifyElementNotPresent_closure1.doCall(VerifyElementNotPresentKeyword.groovy:113)
	at com.kms.katalon.core.webui.keyword.builtin.VerifyElementNotPresentKeyword$_verifyElementNotPresent_closure1.doCall(VerifyElementNotPresentKeyword.groovy)
	at com.kms.katalon.core.webui.keyword.internal.WebUIKeywordMain.runKeyword(WebUIKeywordMain.groovy:20)
	... 20 more
"/>
         <system-out><![CDATA[2023-10-04 19:34:26 - [TEST_CASE][FAILED] - Test Cases/Product Ecommerce/TC-PE-011: Test Cases/Product Ecommerce/TC-PE-011 FAILED.
Reason:
com.kms.katalon.core.exception.StepFailedException: Unable to verify object 'Object Repository/Product Ecommerce/Kupon/Button Edit Voucher' is not present
	at com.kms.katalon.core.webui.keyword.internal.WebUIKeywordMain.stepFailed(WebUIKeywordMain.groovy:64)
	at com.kms.katalon.core.webui.keyword.internal.WebUIKeywordMain.runKeyword(WebUIKeywordMain.groovy:26)
	at com.kms.katalon.core.webui.keyword.internal.WebUIKeywordMain$runKeyword.call(Unknown Source)
	at com.kms.katalon.core.webui.keyword.builtin.VerifyElementNotPresentKeyword.verifyElementNotPresent(VerifyElementNotPresentKeyword.groovy:122)
	at com.kms.katalon.core.webui.keyword.builtin.VerifyElementNotPresentKeyword.execute(VerifyElementNotPresentKeyword.groovy:68)
	at com.kms.katalon.core.keyword.internal.KeywordExecutor.executeKeywordForPlatform(KeywordExecutor.groovy:74)
	at com.kms.katalon.core.webui.keyword.WebUiBuiltInKeywords.verifyElementNotPresent(WebUiBuiltInKeywords.groovy:1497)
	at com.kms.katalon.core.webui.keyword.WebUiBuiltInKeywords$verifyElementNotPresent$12.call(Unknown Source)
	at TC-PE-011.run(TC-PE-011:32)
	at com.kms.katalon.core.main.ScriptEngine.run(ScriptEngine.java:194)
	at com.kms.katalon.core.main.ScriptEngine.runScriptAsRawText(ScriptEngine.java:119)
	at com.kms.katalon.core.main.TestCaseExecutor.runScript(TestCaseExecutor.java:448)
	at com.kms.katalon.core.main.TestCaseExecutor.doExecute(TestCaseExecutor.java:439)
	at com.kms.katalon.core.main.TestCaseExecutor.processExecutionPhase(TestCaseExecutor.java:418)
	at com.kms.katalon.core.main.TestCaseExecutor.accessMainPhase(TestCaseExecutor.java:410)
	at com.kms.katalon.core.main.TestCaseExecutor.execute(TestCaseExecutor.java:285)
	at com.kms.katalon.core.common.CommonExecutor.accessTestCaseMainPhase(CommonExecutor.java:65)
	at com.kms.katalon.core.main.TestSuiteExecutor.accessTestSuiteMainPhase(TestSuiteExecutor.java:148)
	at com.kms.katalon.core.main.TestSuiteExecutor.execute(TestSuiteExecutor.java:106)
	at com.kms.katalon.core.main.TestCaseMain.startTestSuite(TestCaseMain.java:187)
	at com.kms.katalon.core.main.TestCaseMain$startTestSuite$0.call(Unknown Source)
	at TempTestSuite1696422608926.run(TempTestSuite1696422608926.groovy:36)
Caused by: com.kms.katalon.core.exception.StepFailedException: Web element with id: 'Object Repository/Product Ecommerce/Kupon/Button Edit Voucher' located by 'By.xpath: /html/body/div[12]/div/div/div[2]/div/div/table/tbody/tr[1]/td[7]/a[1]' is present after '30' second(s)
	at com.kms.katalon.core.webui.keyword.internal.WebUIKeywordMain.stepFailed(WebUIKeywordMain.groovy:64)
	at com.kms.katalon.core.webui.keyword.internal.WebUIKeywordMain$stepFailed$0.call(Unknown Source)
	at com.kms.katalon.core.webui.keyword.builtin.VerifyElementNotPresentKeyword$_verifyElementNotPresent_closure1.doCall(VerifyElementNotPresentKeyword.groovy:113)
	at com.kms.katalon.core.webui.keyword.builtin.VerifyElementNotPresentKeyword$_verifyElementNotPresent_closure1.doCall(VerifyElementNotPresentKeyword.groovy)
	at com.kms.katalon.core.webui.keyword.internal.WebUIKeywordMain.runKeyword(WebUIKeywordMain.groovy:20)
	... 20 more


2023-10-04 19:34:26 - [TEST_STEP][PASSED] - callTestCase(findTestCase("Product Ecommerce/TC-PE-001"), [:], STOP_ON_FAILURE): Call Test Case 'Test Cases/Product Ecommerce/TC-PE-001' successfully

2023-10-04 19:34:27 - [TEST_CASE][PASSED] - Test Cases/Product Ecommerce/TC-PE-001: Test Cases/Product Ecommerce/TC-PE-001

2023-10-04 19:34:27 - [TEST_STEP][PASSED] - callTestCase(findTestCase("Login Ecommerce/TC-Login Ecomerce-001"), [:], STOP_ON_FAILURE): Call Test Case 'Test Cases/Login Ecommerce/TC-Login Ecomerce-001' successfully

2023-10-04 19:34:27 - [TEST_CASE][PASSED] - Test Cases/Login Ecommerce/TC-Login Ecomerce-001: Test Cases/Login Ecommerce/TC-Login Ecomerce-001

2023-10-04 19:34:27 - [TEST_STEP][PASSED] - openBrowser(userTajalapak): Browser is opened with url: 'https://10.9.2.63/ecommerce/'

2023-10-04 19:34:27 - [MESSAGE][WARNING] - A browser is already opened. Closing browser and opening a new one

2023-10-04 19:34:27 - [MESSAGE][INFO] - Starting 'Edge Chromium' driver

2023-10-04 19:34:27 - [MESSAGE][INFO] - User set preference: ['acceptInsecureCerts', 'true']

2023-10-04 19:34:28 - [MESSAGE][INFO] - Action delay is set to 0 milliseconds

2023-10-04 19:34:31 - [MESSAGE][PASSED] - Browser is opened with url: 'https://10.9.2.63/ecommerce/'

2023-10-04 19:34:31 - [TEST_STEP][PASSED] - maximizeWindow(): Current window maximized

2023-10-04 19:34:31 - [MESSAGE][PASSED] - Current window maximized

2023-10-04 19:34:31 - [TEST_STEP][PASSED] - verifyElementPresent(findTestObject("Login Ecommerce/Verifikasi Halaman Login Akun"), 0): Object 'Object Repository/Login Ecommerce/Verifikasi Halaman Login Akun' is present

2023-10-04 19:34:31 - [MESSAGE][WARNING] - Timeout '0' is invalid. Using default page load timeout: '30'

2023-10-04 19:34:32 - [MESSAGE][PASSED] - Object 'Object Repository/Login Ecommerce/Verifikasi Halaman Login Akun' is present

2023-10-04 19:34:32 - [TEST_STEP][PASSED] - click(findTestObject("Login Ecommerce/Login Akun")): Object: 'Object Repository/Login Ecommerce/Login Akun' is clicked on

2023-10-04 19:34:32 - [MESSAGE][PASSED] - Object: 'Object Repository/Login Ecommerce/Login Akun' is clicked on

2023-10-04 19:34:32 - [TEST_STEP][PASSED] - verifyElementPresent(findTestObject("Login Ecommerce/Verifikasi Halaman Login Akun"), 0): Object 'Object Repository/Login Ecommerce/Verifikasi Halaman Login Akun' is present

2023-10-04 19:34:32 - [MESSAGE][WARNING] - Timeout '0' is invalid. Using default page load timeout: '30'

2023-10-04 19:34:33 - [MESSAGE][PASSED] - Object 'Object Repository/Login Ecommerce/Verifikasi Halaman Login Akun' is present

2023-10-04 19:34:33 - [TEST_STEP][PASSED] - setText(findTestObject("Login Ecommerce/Input Username"), "riswandha"): Text 'riswandha' is set on object 'Object Repository/Login Ecommerce/Input Username'

2023-10-04 19:34:34 - [MESSAGE][PASSED] - Text 'riswandha' is set on object 'Object Repository/Login Ecommerce/Input Username'

2023-10-04 19:34:34 - [TEST_STEP][PASSED] - setEncryptedText(findTestObject("Login Ecommerce/Input Password"), "iGDxf8hSRT4="): Text ****** has been set on object 'Object Repository/Login Ecommerce/Input Password'

2023-10-04 19:34:35 - [MESSAGE][PASSED] - Text ****** has been set on object 'Object Repository/Login Ecommerce/Input Password'

2023-10-04 19:34:35 - [TEST_STEP][PASSED] - click(findTestObject("Login Ecommerce/Button Masuk")): Object: 'Object Repository/Login Ecommerce/Button Masuk' is clicked on

2023-10-04 19:34:36 - [MESSAGE][PASSED] - Object: 'Object Repository/Login Ecommerce/Button Masuk' is clicked on

2023-10-04 19:34:36 - [TEST_STEP][PASSED] - verifyElementPresent(findTestObject("Login Ecommerce/Verifikasi Login Akun"), 0): Object 'Object Repository/Login Ecommerce/Verifikasi Login Akun' is present

2023-10-04 19:34:36 - [MESSAGE][WARNING] - Timeout '0' is invalid. Using default page load timeout: '30'

2023-10-04 19:34:37 - [MESSAGE][PASSED] - Object 'Object Repository/Login Ecommerce/Verifikasi Login Akun' is present

2023-10-04 19:34:37 - [MESSAGE][PASSED] - Call Test Case 'Test Cases/Login Ecommerce/TC-Login Ecomerce-001' successfully

2023-10-04 19:34:37 - [TEST_STEP][PASSED] - mouseOver(findTestObject("Product Ecommerce/Button Menu toko")): Object: 'Object Repository/Product Ecommerce/Button Menu toko' is hovered

2023-10-04 19:34:37 - [MESSAGE][PASSED] - Object: 'Object Repository/Product Ecommerce/Button Menu toko' is hovered

2023-10-04 19:34:37 - [TEST_STEP][PASSED] - click(findTestObject("Product Ecommerce/Button Daftar Produk")): Object: 'Object Repository/Product Ecommerce/Button Daftar Produk' is clicked on

2023-10-04 19:34:38 - [MESSAGE][PASSED] - Object: 'Object Repository/Product Ecommerce/Button Daftar Produk' is clicked on

2023-10-04 19:34:38 - [TEST_STEP][PASSED] - verifyElementPresent(findTestObject("Product Ecommerce/Verifikasi Halaman Product Anda"), 0): Object 'Object Repository/Product Ecommerce/Verifikasi Halaman Product Anda' is present

2023-10-04 19:34:39 - [MESSAGE][WARNING] - Timeout '0' is invalid. Using default page load timeout: '30'

2023-10-04 19:34:39 - [MESSAGE][PASSED] - Object 'Object Repository/Product Ecommerce/Verifikasi Halaman Product Anda' is present

2023-10-04 19:34:39 - [MESSAGE][PASSED] - Call Test Case 'Test Cases/Product Ecommerce/TC-PE-001' successfully

2023-10-04 19:34:39 - [TEST_STEP][PASSED] - mouseOver(findTestObject("Product Ecommerce/Image Gambar produk 1")): Object: 'Object Repository/Product Ecommerce/Image Gambar produk 1' is hovered

2023-10-04 19:34:40 - [MESSAGE][PASSED] - Object: 'Object Repository/Product Ecommerce/Image Gambar produk 1' is hovered

2023-10-04 19:34:40 - [TEST_STEP][PASSED] - click(findTestObject("Product Ecommerce/Tambahkan Product/Edit Data")): Object: 'Object Repository/Product Ecommerce/Tambahkan Product/Edit Data' is clicked on

2023-10-04 19:34:41 - [MESSAGE][PASSED] - Object: 'Object Repository/Product Ecommerce/Tambahkan Product/Edit Data' is clicked on

2023-10-04 19:34:41 - [TEST_STEP][PASSED] - click(findTestObject("Product Ecommerce/Kupon/Button Buat Product")): Object: 'Object Repository/Product Ecommerce/Kupon/Button Buat Product' is clicked on

2023-10-04 19:34:42 - [MESSAGE][PASSED] - Object: 'Object Repository/Product Ecommerce/Kupon/Button Buat Product' is clicked on

2023-10-04 19:34:42 - [TEST_STEP][PASSED] - verifyElementPresent(findTestObject("Product Ecommerce/Kupon/Verifikasi Halaman Voucher Product"), 0): Object 'Object Repository/Product Ecommerce/Kupon/Verifikasi Halaman Voucher Product' is present

2023-10-04 19:34:42 - [MESSAGE][WARNING] - Timeout '0' is invalid. Using default page load timeout: '30'

2023-10-04 19:34:43 - [MESSAGE][PASSED] - Object 'Object Repository/Product Ecommerce/Kupon/Verifikasi Halaman Voucher Product' is present

2023-10-04 19:34:43 - [TEST_STEP][PASSED] - click(findTestObject("Product Ecommerce/Kupon/Button Hapus Data")): Object: 'Object Repository/Product Ecommerce/Kupon/Button Hapus Data' is clicked on

2023-10-04 19:34:43 - [MESSAGE][PASSED] - Object: 'Object Repository/Product Ecommerce/Kupon/Button Hapus Data' is clicked on

2023-10-04 19:34:43 - [TEST_STEP][FAILED] - verifyElementNotPresent(findTestObject("Product Ecommerce/Kupon/Button Edit Voucher"), 0): Unable to verify object 'Object Repository/Product Ecommerce/Kupon/Button Edit Voucher' is not present (Root cause: com.kms.katalon.core.exception.StepFailedException: Unable to verify object 'Object Repository/Product Ecommerce/Kupon/Button Edit Voucher' is not present
	at com.kms.katalon.core.webui.keyword.internal.WebUIKeywordMain.stepFailed(WebUIKeywordMain.groovy:64)
	at com.kms.katalon.core.webui.keyword.internal.WebUIKeywordMain.runKeyword(WebUIKeywordMain.groovy:26)
	at com.kms.katalon.core.webui.keyword.internal.WebUIKeywordMain$runKeyword.call(Unknown Source)
	at com.kms.katalon.core.webui.keyword.builtin.VerifyElementNotPresentKeyword.verifyElementNotPresent(VerifyElementNotPresentKeyword.groovy:122)
	at com.kms.katalon.core.webui.keyword.builtin.VerifyElementNotPresentKeyword.execute(VerifyElementNotPresentKeyword.groovy:68)
	at com.kms.katalon.core.keyword.internal.KeywordExecutor.executeKeywordForPlatform(KeywordExecutor.groovy:74)
	at com.kms.katalon.core.webui.keyword.WebUiBuiltInKeywords.verifyElementNotPresent(WebUiBuiltInKeywords.groovy:1497)
	at com.kms.katalon.core.webui.keyword.WebUiBuiltInKeywords$verifyElementNotPresent$12.call(Unknown Source)
	at TC-PE-011.run(TC-PE-011:32)
	at com.kms.katalon.core.main.ScriptEngine.run(ScriptEngine.java:194)
	at com.kms.katalon.core.main.ScriptEngine.runScriptAsRawText(ScriptEngine.java:119)
	at com.kms.katalon.core.main.TestCaseExecutor.runScript(TestCaseExecutor.java:448)
	at com.kms.katalon.core.main.TestCaseExecutor.doExecute(TestCaseExecutor.java:439)
	at com.kms.katalon.core.main.TestCaseExecutor.processExecutionPhase(TestCaseExecutor.java:418)
	at com.kms.katalon.core.main.TestCaseExecutor.accessMainPhase(TestCaseExecutor.java:410)
	at com.kms.katalon.core.main.TestCaseExecutor.execute(TestCaseExecutor.java:285)
	at com.kms.katalon.core.common.CommonExecutor.accessTestCaseMainPhase(CommonExecutor.java:65)
	at com.kms.katalon.core.main.TestSuiteExecutor.accessTestSuiteMainPhase(TestSuiteExecutor.java:148)
	at com.kms.katalon.core.main.TestSuiteExecutor.execute(TestSuiteExecutor.java:106)
	at com.kms.katalon.core.main.TestCaseMain.startTestSuite(TestCaseMain.java:187)
	at com.kms.katalon.core.main.TestCaseMain$startTestSuite$0.call(Unknown Source)
	at TempTestSuite1696422608926.run(TempTestSuite1696422608926.groovy:36)
Caused by: com.kms.katalon.core.exception.StepFailedException: Web element with id: 'Object Repository/Product Ecommerce/Kupon/Button Edit Voucher' located by 'By.xpath: /html/body/div[12]/div/div/div[2]/div/div/table/tbody/tr[1]/td[7]/a[1]' is present after '30' second(s)
	at com.kms.katalon.core.webui.keyword.internal.WebUIKeywordMain.stepFailed(WebUIKeywordMain.groovy:64)
	at com.kms.katalon.core.webui.keyword.internal.WebUIKeywordMain$stepFailed$0.call(Unknown Source)
	at com.kms.katalon.core.webui.keyword.builtin.VerifyElementNotPresentKeyword$_verifyElementNotPresent_closure1.doCall(VerifyElementNotPresentKeyword.groovy:113)
	at com.kms.katalon.core.webui.keyword.builtin.VerifyElementNotPresentKeyword$_verifyElementNotPresent_closure1.doCall(VerifyElementNotPresentKeyword.groovy)
	at com.kms.katalon.core.webui.keyword.internal.WebUIKeywordMain.runKeyword(WebUIKeywordMain.groovy:20)
	... 20 more
)

2023-10-04 19:34:44 - [MESSAGE][WARNING] - Timeout '0' is invalid. Using default page load timeout: '30'

2023-10-04 19:35:14 - [MESSAGE][FAILED] - Web element with id: 'Object Repository/Product Ecommerce/Kupon/Button Edit Voucher' located by 'By.xpath: /html/body/div[12]/div/div/div[2]/div/div/table/tbody/tr[1]/td[7]/a[1]' is present after '30' second(s) (Root cause: com.kms.katalon.core.exception.StepFailedException: Web element with id: 'Object Repository/Product Ecommerce/Kupon/Button Edit Voucher' located by 'By.xpath: /html/body/div[12]/div/div/div[2]/div/div/table/tbody/tr[1]/td[7]/a[1]' is present after '30' second(s)
	at com.kms.katalon.core.webui.keyword.internal.WebUIKeywordMain.stepFailed(WebUIKeywordMain.groovy:64)
	at com.kms.katalon.core.webui.keyword.internal.WebUIKeywordMain$stepFailed$0.call(Unknown Source)
	at com.kms.katalon.core.webui.keyword.builtin.VerifyElementNotPresentKeyword$_verifyElementNotPresent_closure1.doCall(VerifyElementNotPresentKeyword.groovy:113)
	at com.kms.katalon.core.webui.keyword.builtin.VerifyElementNotPresentKeyword$_verifyElementNotPresent_closure1.doCall(VerifyElementNotPresentKeyword.groovy)
	at com.kms.katalon.core.webui.keyword.internal.WebUIKeywordMain.runKeyword(WebUIKeywordMain.groovy:20)
	at com.kms.katalon.core.webui.keyword.internal.WebUIKeywordMain$runKeyword.call(Unknown Source)
	at com.kms.katalon.core.webui.keyword.builtin.VerifyElementNotPresentKeyword.verifyElementNotPresent(VerifyElementNotPresentKeyword.groovy:122)
	at com.kms.katalon.core.webui.keyword.builtin.VerifyElementNotPresentKeyword.execute(VerifyElementNotPresentKeyword.groovy:68)
	at com.kms.katalon.core.keyword.internal.KeywordExecutor.executeKeywordForPlatform(KeywordExecutor.groovy:74)
	at com.kms.katalon.core.webui.keyword.WebUiBuiltInKeywords.verifyElementNotPresent(WebUiBuiltInKeywords.groovy:1497)
	at com.kms.katalon.core.webui.keyword.WebUiBuiltInKeywords$verifyElementNotPresent$12.call(Unknown Source)
	at TC-PE-011.run(TC-PE-011:32)
	at com.kms.katalon.core.main.ScriptEngine.run(ScriptEngine.java:194)
	at com.kms.katalon.core.main.ScriptEngine.runScriptAsRawText(ScriptEngine.java:119)
	at com.kms.katalon.core.main.TestCaseExecutor.runScript(TestCaseExecutor.java:448)
	at com.kms.katalon.core.main.TestCaseExecutor.doExecute(TestCaseExecutor.java:439)
	at com.kms.katalon.core.main.TestCaseExecutor.processExecutionPhase(TestCaseExecutor.java:418)
	at com.kms.katalon.core.main.TestCaseExecutor.accessMainPhase(TestCaseExecutor.java:410)
	at com.kms.katalon.core.main.TestCaseExecutor.execute(TestCaseExecutor.java:285)
	at com.kms.katalon.core.common.CommonExecutor.accessTestCaseMainPhase(CommonExecutor.java:65)
	at com.kms.katalon.core.main.TestSuiteExecutor.accessTestSuiteMainPhase(TestSuiteExecutor.java:148)
	at com.kms.katalon.core.main.TestSuiteExecutor.execute(TestSuiteExecutor.java:106)
	at com.kms.katalon.core.main.TestCaseMain.startTestSuite(TestCaseMain.java:187)
	at com.kms.katalon.core.main.TestCaseMain$startTestSuite$0.call(Unknown Source)
	at TempTestSuite1696422608926.run(TempTestSuite1696422608926.groovy:36)
)
[[ATTACHMENT|G:\\Project Xsis\\batch-324-qa\\Riswan\\Sprint 2 Product Tajalapak\\Reports\\20231004_193007\\Product Ecomerce\\20231004_193008\\1696422914841.png]]

2023-10-04 19:35:15 - [MESSAGE][FAILED] - Unable to verify object 'Object Repository/Product Ecommerce/Kupon/Button Edit Voucher' is not present (Root cause: com.kms.katalon.core.exception.StepFailedException: Unable to verify object 'Object Repository/Product Ecommerce/Kupon/Button Edit Voucher' is not present
	at com.kms.katalon.core.webui.keyword.internal.WebUIKeywordMain.stepFailed(WebUIKeywordMain.groovy:64)
	at com.kms.katalon.core.webui.keyword.internal.WebUIKeywordMain.runKeyword(WebUIKeywordMain.groovy:26)
	at com.kms.katalon.core.webui.keyword.internal.WebUIKeywordMain$runKeyword.call(Unknown Source)
	at com.kms.katalon.core.webui.keyword.builtin.VerifyElementNotPresentKeyword.verifyElementNotPresent(VerifyElementNotPresentKeyword.groovy:122)
	at com.kms.katalon.core.webui.keyword.builtin.VerifyElementNotPresentKeyword.execute(VerifyElementNotPresentKeyword.groovy:68)
	at com.kms.katalon.core.keyword.internal.KeywordExecutor.executeKeywordForPlatform(KeywordExecutor.groovy:74)
	at com.kms.katalon.core.webui.keyword.WebUiBuiltInKeywords.verifyElementNotPresent(WebUiBuiltInKeywords.groovy:1497)
	at com.kms.katalon.core.webui.keyword.WebUiBuiltInKeywords$verifyElementNotPresent$12.call(Unknown Source)
	at TC-PE-011.run(TC-PE-011:32)
	at com.kms.katalon.core.main.ScriptEngine.run(ScriptEngine.java:194)
	at com.kms.katalon.core.main.ScriptEngine.runScriptAsRawText(ScriptEngine.java:119)
	at com.kms.katalon.core.main.TestCaseExecutor.runScript(TestCaseExecutor.java:448)
	at com.kms.katalon.core.main.TestCaseExecutor.doExecute(TestCaseExecutor.java:439)
	at com.kms.katalon.core.main.TestCaseExecutor.processExecutionPhase(TestCaseExecutor.java:418)
	at com.kms.katalon.core.main.TestCaseExecutor.accessMainPhase(TestCaseExecutor.java:410)
	at com.kms.katalon.core.main.TestCaseExecutor.execute(TestCaseExecutor.java:285)
	at com.kms.katalon.core.common.CommonExecutor.accessTestCaseMainPhase(CommonExecutor.java:65)
	at com.kms.katalon.core.main.TestSuiteExecutor.accessTestSuiteMainPhase(TestSuiteExecutor.java:148)
	at com.kms.katalon.core.main.TestSuiteExecutor.execute(TestSuiteExecutor.java:106)
	at com.kms.katalon.core.main.TestCaseMain.startTestSuite(TestCaseMain.java:187)
	at com.kms.katalon.core.main.TestCaseMain$startTestSuite$0.call(Unknown Source)
	at TempTestSuite1696422608926.run(TempTestSuite1696422608926.groovy:36)
Caused by: com.kms.katalon.core.exception.StepFailedException: Web element with id: 'Object Repository/Product Ecommerce/Kupon/Button Edit Voucher' located by 'By.xpath: /html/body/div[12]/div/div/div[2]/div/div/table/tbody/tr[1]/td[7]/a[1]' is present after '30' second(s)
	at com.kms.katalon.core.webui.keyword.internal.WebUIKeywordMain.stepFailed(WebUIKeywordMain.groovy:64)
	at com.kms.katalon.core.webui.keyword.internal.WebUIKeywordMain$stepFailed$0.call(Unknown Source)
	at com.kms.katalon.core.webui.keyword.builtin.VerifyElementNotPresentKeyword$_verifyElementNotPresent_closure1.doCall(VerifyElementNotPresentKeyword.groovy:113)
	at com.kms.katalon.core.webui.keyword.builtin.VerifyElementNotPresentKeyword$_verifyElementNotPresent_closure1.doCall(VerifyElementNotPresentKeyword.groovy)
	at com.kms.katalon.core.webui.keyword.internal.WebUIKeywordMain.runKeyword(WebUIKeywordMain.groovy:20)
	... 20 more
)
[[ATTACHMENT|G:\\Project Xsis\\batch-324-qa\\Riswan\\Sprint 2 Product Tajalapak\\Reports\\20231004_193007\\Product Ecomerce\\20231004_193008\\1696422914972.png]]]]></system-out>
         <system-err><![CDATA[2023-10-04 19:34:26 - [TEST_CASE][FAILED] - Test Cases/Product Ecommerce/TC-PE-011: Test Cases/Product Ecommerce/TC-PE-011 FAILED.
Reason:
com.kms.katalon.core.exception.StepFailedException: Unable to verify object 'Object Repository/Product Ecommerce/Kupon/Button Edit Voucher' is not present
	at com.kms.katalon.core.webui.keyword.internal.WebUIKeywordMain.stepFailed(WebUIKeywordMain.groovy:64)
	at com.kms.katalon.core.webui.keyword.internal.WebUIKeywordMain.runKeyword(WebUIKeywordMain.groovy:26)
	at com.kms.katalon.core.webui.keyword.internal.WebUIKeywordMain$runKeyword.call(Unknown Source)
	at com.kms.katalon.core.webui.keyword.builtin.VerifyElementNotPresentKeyword.verifyElementNotPresent(VerifyElementNotPresentKeyword.groovy:122)
	at com.kms.katalon.core.webui.keyword.builtin.VerifyElementNotPresentKeyword.execute(VerifyElementNotPresentKeyword.groovy:68)
	at com.kms.katalon.core.keyword.internal.KeywordExecutor.executeKeywordForPlatform(KeywordExecutor.groovy:74)
	at com.kms.katalon.core.webui.keyword.WebUiBuiltInKeywords.verifyElementNotPresent(WebUiBuiltInKeywords.groovy:1497)
	at com.kms.katalon.core.webui.keyword.WebUiBuiltInKeywords$verifyElementNotPresent$12.call(Unknown Source)
	at TC-PE-011.run(TC-PE-011:32)
	at com.kms.katalon.core.main.ScriptEngine.run(ScriptEngine.java:194)
	at com.kms.katalon.core.main.ScriptEngine.runScriptAsRawText(ScriptEngine.java:119)
	at com.kms.katalon.core.main.TestCaseExecutor.runScript(TestCaseExecutor.java:448)
	at com.kms.katalon.core.main.TestCaseExecutor.doExecute(TestCaseExecutor.java:439)
	at com.kms.katalon.core.main.TestCaseExecutor.processExecutionPhase(TestCaseExecutor.java:418)
	at com.kms.katalon.core.main.TestCaseExecutor.accessMainPhase(TestCaseExecutor.java:410)
	at com.kms.katalon.core.main.TestCaseExecutor.execute(TestCaseExecutor.java:285)
	at com.kms.katalon.core.common.CommonExecutor.accessTestCaseMainPhase(CommonExecutor.java:65)
	at com.kms.katalon.core.main.TestSuiteExecutor.accessTestSuiteMainPhase(TestSuiteExecutor.java:148)
	at com.kms.katalon.core.main.TestSuiteExecutor.execute(TestSuiteExecutor.java:106)
	at com.kms.katalon.core.main.TestCaseMain.startTestSuite(TestCaseMain.java:187)
	at com.kms.katalon.core.main.TestCaseMain$startTestSuite$0.call(Unknown Source)
	at TempTestSuite1696422608926.run(TempTestSuite1696422608926.groovy:36)
Caused by: com.kms.katalon.core.exception.StepFailedException: Web element with id: 'Object Repository/Product Ecommerce/Kupon/Button Edit Voucher' located by 'By.xpath: /html/body/div[12]/div/div/div[2]/div/div/table/tbody/tr[1]/td[7]/a[1]' is present after '30' second(s)
	at com.kms.katalon.core.webui.keyword.internal.WebUIKeywordMain.stepFailed(WebUIKeywordMain.groovy:64)
	at com.kms.katalon.core.webui.keyword.internal.WebUIKeywordMain$stepFailed$0.call(Unknown Source)
	at com.kms.katalon.core.webui.keyword.builtin.VerifyElementNotPresentKeyword$_verifyElementNotPresent_closure1.doCall(VerifyElementNotPresentKeyword.groovy:113)
	at com.kms.katalon.core.webui.keyword.builtin.VerifyElementNotPresentKeyword$_verifyElementNotPresent_closure1.doCall(VerifyElementNotPresentKeyword.groovy)
	at com.kms.katalon.core.webui.keyword.internal.WebUIKeywordMain.runKeyword(WebUIKeywordMain.groovy:20)
	... 20 more]]></system-err>
      </testcase>
      <testcase name="Test Cases/Product Ecommerce/TC-PE-012" time="28.42" classname="Test Cases/Product Ecommerce/TC-PE-012" status="PASSED">
         <system-out><![CDATA[2023-10-04 19:35:15 - [TEST_CASE][PASSED] - Test Cases/Product Ecommerce/TC-PE-012: Test Cases/Product Ecommerce/TC-PE-012

2023-10-04 19:35:15 - [TEST_STEP][PASSED] - callTestCase(findTestCase("Product Ecommerce/TC-PE-001"), [:], STOP_ON_FAILURE): Call Test Case 'Test Cases/Product Ecommerce/TC-PE-001' successfully

2023-10-04 19:35:15 - [TEST_CASE][PASSED] - Test Cases/Product Ecommerce/TC-PE-001: Test Cases/Product Ecommerce/TC-PE-001

2023-10-04 19:35:15 - [TEST_STEP][PASSED] - callTestCase(findTestCase("Login Ecommerce/TC-Login Ecomerce-001"), [:], STOP_ON_FAILURE): Call Test Case 'Test Cases/Login Ecommerce/TC-Login Ecomerce-001' successfully

2023-10-04 19:35:15 - [TEST_CASE][PASSED] - Test Cases/Login Ecommerce/TC-Login Ecomerce-001: Test Cases/Login Ecommerce/TC-Login Ecomerce-001

2023-10-04 19:35:15 - [TEST_STEP][PASSED] - openBrowser(userTajalapak): Browser is opened with url: 'https://10.9.2.63/ecommerce/'

2023-10-04 19:35:15 - [MESSAGE][WARNING] - A browser is already opened. Closing browser and opening a new one

2023-10-04 19:35:16 - [MESSAGE][INFO] - Starting 'Edge Chromium' driver

2023-10-04 19:35:16 - [MESSAGE][INFO] - User set preference: ['acceptInsecureCerts', 'true']

2023-10-04 19:35:17 - [MESSAGE][INFO] - Action delay is set to 0 milliseconds

2023-10-04 19:35:20 - [MESSAGE][PASSED] - Browser is opened with url: 'https://10.9.2.63/ecommerce/'

2023-10-04 19:35:20 - [TEST_STEP][PASSED] - maximizeWindow(): Current window maximized

2023-10-04 19:35:20 - [MESSAGE][PASSED] - Current window maximized

2023-10-04 19:35:20 - [TEST_STEP][PASSED] - verifyElementPresent(findTestObject("Login Ecommerce/Verifikasi Halaman Login Akun"), 0): Object 'Object Repository/Login Ecommerce/Verifikasi Halaman Login Akun' is present

2023-10-04 19:35:20 - [MESSAGE][WARNING] - Timeout '0' is invalid. Using default page load timeout: '30'

2023-10-04 19:35:21 - [MESSAGE][PASSED] - Object 'Object Repository/Login Ecommerce/Verifikasi Halaman Login Akun' is present

2023-10-04 19:35:21 - [TEST_STEP][PASSED] - click(findTestObject("Login Ecommerce/Login Akun")): Object: 'Object Repository/Login Ecommerce/Login Akun' is clicked on

2023-10-04 19:35:21 - [MESSAGE][PASSED] - Object: 'Object Repository/Login Ecommerce/Login Akun' is clicked on

2023-10-04 19:35:21 - [TEST_STEP][PASSED] - verifyElementPresent(findTestObject("Login Ecommerce/Verifikasi Halaman Login Akun"), 0): Object 'Object Repository/Login Ecommerce/Verifikasi Halaman Login Akun' is present

2023-10-04 19:35:21 - [MESSAGE][WARNING] - Timeout '0' is invalid. Using default page load timeout: '30'

2023-10-04 19:35:22 - [MESSAGE][PASSED] - Object 'Object Repository/Login Ecommerce/Verifikasi Halaman Login Akun' is present

2023-10-04 19:35:22 - [TEST_STEP][PASSED] - setText(findTestObject("Login Ecommerce/Input Username"), "riswandha"): Text 'riswandha' is set on object 'Object Repository/Login Ecommerce/Input Username'

2023-10-04 19:35:23 - [MESSAGE][PASSED] - Text 'riswandha' is set on object 'Object Repository/Login Ecommerce/Input Username'

2023-10-04 19:35:23 - [TEST_STEP][PASSED] - setEncryptedText(findTestObject("Login Ecommerce/Input Password"), "iGDxf8hSRT4="): Text ****** has been set on object 'Object Repository/Login Ecommerce/Input Password'

2023-10-04 19:35:23 - [MESSAGE][PASSED] - Text ****** has been set on object 'Object Repository/Login Ecommerce/Input Password'

2023-10-04 19:35:23 - [TEST_STEP][PASSED] - click(findTestObject("Login Ecommerce/Button Masuk")): Object: 'Object Repository/Login Ecommerce/Button Masuk' is clicked on

2023-10-04 19:35:25 - [MESSAGE][PASSED] - Object: 'Object Repository/Login Ecommerce/Button Masuk' is clicked on

2023-10-04 19:35:25 - [TEST_STEP][PASSED] - verifyElementPresent(findTestObject("Login Ecommerce/Verifikasi Login Akun"), 0): Object 'Object Repository/Login Ecommerce/Verifikasi Login Akun' is present

2023-10-04 19:35:25 - [MESSAGE][WARNING] - Timeout '0' is invalid. Using default page load timeout: '30'

2023-10-04 19:35:25 - [MESSAGE][PASSED] - Object 'Object Repository/Login Ecommerce/Verifikasi Login Akun' is present

2023-10-04 19:35:25 - [MESSAGE][PASSED] - Call Test Case 'Test Cases/Login Ecommerce/TC-Login Ecomerce-001' successfully

2023-10-04 19:35:25 - [TEST_STEP][PASSED] - mouseOver(findTestObject("Product Ecommerce/Button Menu toko")): Object: 'Object Repository/Product Ecommerce/Button Menu toko' is hovered

2023-10-04 19:35:26 - [MESSAGE][PASSED] - Object: 'Object Repository/Product Ecommerce/Button Menu toko' is hovered

2023-10-04 19:35:26 - [TEST_STEP][PASSED] - click(findTestObject("Product Ecommerce/Button Daftar Produk")): Object: 'Object Repository/Product Ecommerce/Button Daftar Produk' is clicked on

2023-10-04 19:35:27 - [MESSAGE][PASSED] - Object: 'Object Repository/Product Ecommerce/Button Daftar Produk' is clicked on

2023-10-04 19:35:27 - [TEST_STEP][PASSED] - verifyElementPresent(findTestObject("Product Ecommerce/Verifikasi Halaman Product Anda"), 0): Object 'Object Repository/Product Ecommerce/Verifikasi Halaman Product Anda' is present

2023-10-04 19:35:27 - [MESSAGE][WARNING] - Timeout '0' is invalid. Using default page load timeout: '30'

2023-10-04 19:35:27 - [MESSAGE][PASSED] - Object 'Object Repository/Product Ecommerce/Verifikasi Halaman Product Anda' is present

2023-10-04 19:35:27 - [MESSAGE][PASSED] - Call Test Case 'Test Cases/Product Ecommerce/TC-PE-001' successfully

2023-10-04 19:35:27 - [TEST_STEP][PASSED] - mouseOver(findTestObject("Product Ecommerce/Image Gambar produk 1")): Object: 'Object Repository/Product Ecommerce/Image Gambar produk 1' is hovered

2023-10-04 19:35:28 - [MESSAGE][PASSED] - Object: 'Object Repository/Product Ecommerce/Image Gambar produk 1' is hovered

2023-10-04 19:35:28 - [TEST_STEP][PASSED] - click(findTestObject("Product Ecommerce/Tambahkan Product/Edit Data")): Object: 'Object Repository/Product Ecommerce/Tambahkan Product/Edit Data' is clicked on

2023-10-04 19:35:30 - [MESSAGE][PASSED] - Object: 'Object Repository/Product Ecommerce/Tambahkan Product/Edit Data' is clicked on

2023-10-04 19:35:30 - [TEST_STEP][PASSED] - verifyElementPresent(findTestObject("Product Ecommerce/Tambahkan Product/Button Update Data"), 0): Object 'Object Repository/Product Ecommerce/Tambahkan Product/Button Update Data' is present

2023-10-04 19:35:30 - [MESSAGE][WARNING] - Timeout '0' is invalid. Using default page load timeout: '30'

2023-10-04 19:35:30 - [MESSAGE][PASSED] - Object 'Object Repository/Product Ecommerce/Tambahkan Product/Button Update Data' is present

2023-10-04 19:35:30 - [TEST_STEP][PASSED] - variasiAwal = findWebElements(findTestObject("Object Repository/Product Ecommerce/Tambahkan Product/Jumlah Variasi Warna"), 10): null

2023-10-04 19:35:31 - [TEST_STEP][PASSED] - for ([i = 0, i < 20, (i++)]): Object: 'Object Repository/Product Ecommerce/Tambahkan Product/Input Tambah Kolom Variasi 1' is clicked on

2023-10-04 19:35:31 - [TEST_STEP][PASSED] - click(findTestObject("Object Repository/Product Ecommerce/Tambahkan Product/Input Tambah Kolom Variasi 1")): Object: 'Object Repository/Product Ecommerce/Tambahkan Product/Input Tambah Kolom Variasi 1' is clicked on

2023-10-04 19:35:31 - [MESSAGE][PASSED] - Object: 'Object Repository/Product Ecommerce/Tambahkan Product/Input Tambah Kolom Variasi 1' is clicked on

2023-10-04 19:35:31 - [TEST_STEP][PASSED] - click(findTestObject("Object Repository/Product Ecommerce/Tambahkan Product/Input Tambah Kolom Variasi 1")): Object: 'Object Repository/Product Ecommerce/Tambahkan Product/Input Tambah Kolom Variasi 1' is clicked on

2023-10-04 19:35:32 - [MESSAGE][PASSED] - Object: 'Object Repository/Product Ecommerce/Tambahkan Product/Input Tambah Kolom Variasi 1' is clicked on

2023-10-04 19:35:32 - [TEST_STEP][PASSED] - click(findTestObject("Object Repository/Product Ecommerce/Tambahkan Product/Input Tambah Kolom Variasi 1")): Object: 'Object Repository/Product Ecommerce/Tambahkan Product/Input Tambah Kolom Variasi 1' is clicked on

2023-10-04 19:35:33 - [MESSAGE][PASSED] - Object: 'Object Repository/Product Ecommerce/Tambahkan Product/Input Tambah Kolom Variasi 1' is clicked on

2023-10-04 19:35:33 - [TEST_STEP][PASSED] - click(findTestObject("Object Repository/Product Ecommerce/Tambahkan Product/Input Tambah Kolom Variasi 1")): Object: 'Object Repository/Product Ecommerce/Tambahkan Product/Input Tambah Kolom Variasi 1' is clicked on

2023-10-04 19:35:33 - [MESSAGE][PASSED] - Object: 'Object Repository/Product Ecommerce/Tambahkan Product/Input Tambah Kolom Variasi 1' is clicked on

2023-10-04 19:35:33 - [TEST_STEP][PASSED] - click(findTestObject("Object Repository/Product Ecommerce/Tambahkan Product/Input Tambah Kolom Variasi 1")): Object: 'Object Repository/Product Ecommerce/Tambahkan Product/Input Tambah Kolom Variasi 1' is clicked on

2023-10-04 19:35:34 - [MESSAGE][PASSED] - Object: 'Object Repository/Product Ecommerce/Tambahkan Product/Input Tambah Kolom Variasi 1' is clicked on

2023-10-04 19:35:34 - [TEST_STEP][PASSED] - click(findTestObject("Object Repository/Product Ecommerce/Tambahkan Product/Input Tambah Kolom Variasi 1")): Object: 'Object Repository/Product Ecommerce/Tambahkan Product/Input Tambah Kolom Variasi 1' is clicked on

2023-10-04 19:35:34 - [MESSAGE][PASSED] - Object: 'Object Repository/Product Ecommerce/Tambahkan Product/Input Tambah Kolom Variasi 1' is clicked on

2023-10-04 19:35:34 - [TEST_STEP][PASSED] - click(findTestObject("Object Repository/Product Ecommerce/Tambahkan Product/Input Tambah Kolom Variasi 1")): Object: 'Object Repository/Product Ecommerce/Tambahkan Product/Input Tambah Kolom Variasi 1' is clicked on

2023-10-04 19:35:35 - [MESSAGE][PASSED] - Object: 'Object Repository/Product Ecommerce/Tambahkan Product/Input Tambah Kolom Variasi 1' is clicked on

2023-10-04 19:35:35 - [TEST_STEP][PASSED] - click(findTestObject("Object Repository/Product Ecommerce/Tambahkan Product/Input Tambah Kolom Variasi 1")): Object: 'Object Repository/Product Ecommerce/Tambahkan Product/Input Tambah Kolom Variasi 1' is clicked on

2023-10-04 19:35:36 - [MESSAGE][PASSED] - Object: 'Object Repository/Product Ecommerce/Tambahkan Product/Input Tambah Kolom Variasi 1' is clicked on

2023-10-04 19:35:36 - [TEST_STEP][PASSED] - click(findTestObject("Object Repository/Product Ecommerce/Tambahkan Product/Input Tambah Kolom Variasi 1")): Object: 'Object Repository/Product Ecommerce/Tambahkan Product/Input Tambah Kolom Variasi 1' is clicked on

2023-10-04 19:35:36 - [MESSAGE][PASSED] - Object: 'Object Repository/Product Ecommerce/Tambahkan Product/Input Tambah Kolom Variasi 1' is clicked on

2023-10-04 19:35:36 - [TEST_STEP][PASSED] - click(findTestObject("Object Repository/Product Ecommerce/Tambahkan Product/Input Tambah Kolom Variasi 1")): Object: 'Object Repository/Product Ecommerce/Tambahkan Product/Input Tambah Kolom Variasi 1' is clicked on

2023-10-04 19:35:37 - [MESSAGE][PASSED] - Object: 'Object Repository/Product Ecommerce/Tambahkan Product/Input Tambah Kolom Variasi 1' is clicked on

2023-10-04 19:35:37 - [TEST_STEP][PASSED] - click(findTestObject("Object Repository/Product Ecommerce/Tambahkan Product/Input Tambah Kolom Variasi 1")): Object: 'Object Repository/Product Ecommerce/Tambahkan Product/Input Tambah Kolom Variasi 1' is clicked on

2023-10-04 19:35:37 - [MESSAGE][PASSED] - Object: 'Object Repository/Product Ecommerce/Tambahkan Product/Input Tambah Kolom Variasi 1' is clicked on

2023-10-04 19:35:37 - [TEST_STEP][PASSED] - click(findTestObject("Object Repository/Product Ecommerce/Tambahkan Product/Input Tambah Kolom Variasi 1")): Object: 'Object Repository/Product Ecommerce/Tambahkan Product/Input Tambah Kolom Variasi 1' is clicked on

2023-10-04 19:35:38 - [MESSAGE][PASSED] - Object: 'Object Repository/Product Ecommerce/Tambahkan Product/Input Tambah Kolom Variasi 1' is clicked on

2023-10-04 19:35:38 - [TEST_STEP][PASSED] - click(findTestObject("Object Repository/Product Ecommerce/Tambahkan Product/Input Tambah Kolom Variasi 1")): Object: 'Object Repository/Product Ecommerce/Tambahkan Product/Input Tambah Kolom Variasi 1' is clicked on

2023-10-04 19:35:39 - [MESSAGE][PASSED] - Object: 'Object Repository/Product Ecommerce/Tambahkan Product/Input Tambah Kolom Variasi 1' is clicked on

2023-10-04 19:35:39 - [TEST_STEP][PASSED] - click(findTestObject("Object Repository/Product Ecommerce/Tambahkan Product/Input Tambah Kolom Variasi 1")): Object: 'Object Repository/Product Ecommerce/Tambahkan Product/Input Tambah Kolom Variasi 1' is clicked on

2023-10-04 19:35:39 - [MESSAGE][PASSED] - Object: 'Object Repository/Product Ecommerce/Tambahkan Product/Input Tambah Kolom Variasi 1' is clicked on

2023-10-04 19:35:39 - [TEST_STEP][PASSED] - click(findTestObject("Object Repository/Product Ecommerce/Tambahkan Product/Input Tambah Kolom Variasi 1")): Object: 'Object Repository/Product Ecommerce/Tambahkan Product/Input Tambah Kolom Variasi 1' is clicked on

2023-10-04 19:35:40 - [MESSAGE][PASSED] - Object: 'Object Repository/Product Ecommerce/Tambahkan Product/Input Tambah Kolom Variasi 1' is clicked on

2023-10-04 19:35:40 - [TEST_STEP][PASSED] - click(findTestObject("Object Repository/Product Ecommerce/Tambahkan Product/Input Tambah Kolom Variasi 1")): Object: 'Object Repository/Product Ecommerce/Tambahkan Product/Input Tambah Kolom Variasi 1' is clicked on

2023-10-04 19:35:40 - [MESSAGE][PASSED] - Object: 'Object Repository/Product Ecommerce/Tambahkan Product/Input Tambah Kolom Variasi 1' is clicked on

2023-10-04 19:35:40 - [TEST_STEP][PASSED] - click(findTestObject("Object Repository/Product Ecommerce/Tambahkan Product/Input Tambah Kolom Variasi 1")): Object: 'Object Repository/Product Ecommerce/Tambahkan Product/Input Tambah Kolom Variasi 1' is clicked on

2023-10-04 19:35:41 - [MESSAGE][PASSED] - Object: 'Object Repository/Product Ecommerce/Tambahkan Product/Input Tambah Kolom Variasi 1' is clicked on

2023-10-04 19:35:41 - [TEST_STEP][PASSED] - click(findTestObject("Object Repository/Product Ecommerce/Tambahkan Product/Input Tambah Kolom Variasi 1")): Object: 'Object Repository/Product Ecommerce/Tambahkan Product/Input Tambah Kolom Variasi 1' is clicked on

2023-10-04 19:35:41 - [MESSAGE][PASSED] - Object: 'Object Repository/Product Ecommerce/Tambahkan Product/Input Tambah Kolom Variasi 1' is clicked on

2023-10-04 19:35:41 - [TEST_STEP][PASSED] - click(findTestObject("Object Repository/Product Ecommerce/Tambahkan Product/Input Tambah Kolom Variasi 1")): Object: 'Object Repository/Product Ecommerce/Tambahkan Product/Input Tambah Kolom Variasi 1' is clicked on

2023-10-04 19:35:42 - [MESSAGE][PASSED] - Object: 'Object Repository/Product Ecommerce/Tambahkan Product/Input Tambah Kolom Variasi 1' is clicked on

2023-10-04 19:35:42 - [TEST_STEP][PASSED] - click(findTestObject("Object Repository/Product Ecommerce/Tambahkan Product/Input Tambah Kolom Variasi 1")): Object: 'Object Repository/Product Ecommerce/Tambahkan Product/Input Tambah Kolom Variasi 1' is clicked on

2023-10-04 19:35:43 - [MESSAGE][PASSED] - Object: 'Object Repository/Product Ecommerce/Tambahkan Product/Input Tambah Kolom Variasi 1' is clicked on

2023-10-04 19:35:43 - [TEST_STEP][PASSED] - variasiAkhir = findWebElements(findTestObject("Object Repository/Product Ecommerce/Tambahkan Product/Jumlah Variasi Warna"), 10): null

2023-10-04 19:35:43 - [TEST_STEP][PASSED] - assert variasiAwal.size() + 20 == variasiAkhir.size(): null]]></system-out>
         <system-err><![CDATA[]]></system-err>
      </testcase>
      <testcase name="Test Cases/Product Ecommerce/TC-PEN-001" time="15.554" classname="Test Cases/Product Ecommerce/TC-PEN-001" status="PASSED">
         <system-out><![CDATA[2023-10-04 19:35:43 - [TEST_CASE][PASSED] - Test Cases/Product Ecommerce/TC-PEN-001: Test Cases/Product Ecommerce/TC-PEN-001

2023-10-04 19:35:43 - [TEST_STEP][PASSED] - callTestCase(findTestCase("Product Ecommerce/TC-PE-001"), [:], STOP_ON_FAILURE): Call Test Case 'Test Cases/Product Ecommerce/TC-PE-001' successfully

2023-10-04 19:35:43 - [TEST_CASE][PASSED] - Test Cases/Product Ecommerce/TC-PE-001: Test Cases/Product Ecommerce/TC-PE-001

2023-10-04 19:35:43 - [TEST_STEP][PASSED] - callTestCase(findTestCase("Login Ecommerce/TC-Login Ecomerce-001"), [:], STOP_ON_FAILURE): Call Test Case 'Test Cases/Login Ecommerce/TC-Login Ecomerce-001' successfully

2023-10-04 19:35:43 - [TEST_CASE][PASSED] - Test Cases/Login Ecommerce/TC-Login Ecomerce-001: Test Cases/Login Ecommerce/TC-Login Ecomerce-001

2023-10-04 19:35:43 - [TEST_STEP][PASSED] - openBrowser(userTajalapak): Browser is opened with url: 'https://10.9.2.63/ecommerce/'

2023-10-04 19:35:43 - [MESSAGE][WARNING] - A browser is already opened. Closing browser and opening a new one

2023-10-04 19:35:44 - [MESSAGE][INFO] - Starting 'Edge Chromium' driver

2023-10-04 19:35:44 - [MESSAGE][INFO] - User set preference: ['acceptInsecureCerts', 'true']

2023-10-04 19:35:45 - [MESSAGE][INFO] - Action delay is set to 0 milliseconds

2023-10-04 19:35:48 - [MESSAGE][PASSED] - Browser is opened with url: 'https://10.9.2.63/ecommerce/'

2023-10-04 19:35:48 - [TEST_STEP][PASSED] - maximizeWindow(): Current window maximized

2023-10-04 19:35:49 - [MESSAGE][PASSED] - Current window maximized

2023-10-04 19:35:49 - [TEST_STEP][PASSED] - verifyElementPresent(findTestObject("Login Ecommerce/Verifikasi Halaman Login Akun"), 0): Object 'Object Repository/Login Ecommerce/Verifikasi Halaman Login Akun' is present

2023-10-04 19:35:49 - [MESSAGE][WARNING] - Timeout '0' is invalid. Using default page load timeout: '30'

2023-10-04 19:35:49 - [MESSAGE][PASSED] - Object 'Object Repository/Login Ecommerce/Verifikasi Halaman Login Akun' is present

2023-10-04 19:35:49 - [TEST_STEP][PASSED] - click(findTestObject("Login Ecommerce/Login Akun")): Object: 'Object Repository/Login Ecommerce/Login Akun' is clicked on

2023-10-04 19:35:50 - [MESSAGE][PASSED] - Object: 'Object Repository/Login Ecommerce/Login Akun' is clicked on

2023-10-04 19:35:50 - [TEST_STEP][PASSED] - verifyElementPresent(findTestObject("Login Ecommerce/Verifikasi Halaman Login Akun"), 0): Object 'Object Repository/Login Ecommerce/Verifikasi Halaman Login Akun' is present

2023-10-04 19:35:50 - [MESSAGE][WARNING] - Timeout '0' is invalid. Using default page load timeout: '30'

2023-10-04 19:35:50 - [MESSAGE][PASSED] - Object 'Object Repository/Login Ecommerce/Verifikasi Halaman Login Akun' is present

2023-10-04 19:35:50 - [TEST_STEP][PASSED] - setText(findTestObject("Login Ecommerce/Input Username"), "riswandha"): Text 'riswandha' is set on object 'Object Repository/Login Ecommerce/Input Username'

2023-10-04 19:35:51 - [MESSAGE][PASSED] - Text 'riswandha' is set on object 'Object Repository/Login Ecommerce/Input Username'

2023-10-04 19:35:51 - [TEST_STEP][PASSED] - setEncryptedText(findTestObject("Login Ecommerce/Input Password"), "iGDxf8hSRT4="): Text ****** has been set on object 'Object Repository/Login Ecommerce/Input Password'

2023-10-04 19:35:52 - [MESSAGE][PASSED] - Text ****** has been set on object 'Object Repository/Login Ecommerce/Input Password'

2023-10-04 19:35:52 - [TEST_STEP][PASSED] - click(findTestObject("Login Ecommerce/Button Masuk")): Object: 'Object Repository/Login Ecommerce/Button Masuk' is clicked on

2023-10-04 19:35:53 - [MESSAGE][PASSED] - Object: 'Object Repository/Login Ecommerce/Button Masuk' is clicked on

2023-10-04 19:35:53 - [TEST_STEP][PASSED] - verifyElementPresent(findTestObject("Login Ecommerce/Verifikasi Login Akun"), 0): Object 'Object Repository/Login Ecommerce/Verifikasi Login Akun' is present

2023-10-04 19:35:53 - [MESSAGE][WARNING] - Timeout '0' is invalid. Using default page load timeout: '30'

2023-10-04 19:35:54 - [MESSAGE][PASSED] - Object 'Object Repository/Login Ecommerce/Verifikasi Login Akun' is present

2023-10-04 19:35:54 - [MESSAGE][PASSED] - Call Test Case 'Test Cases/Login Ecommerce/TC-Login Ecomerce-001' successfully

2023-10-04 19:35:54 - [TEST_STEP][PASSED] - mouseOver(findTestObject("Product Ecommerce/Button Menu toko")): Object: 'Object Repository/Product Ecommerce/Button Menu toko' is hovered

2023-10-04 19:35:54 - [MESSAGE][PASSED] - Object: 'Object Repository/Product Ecommerce/Button Menu toko' is hovered

2023-10-04 19:35:54 - [TEST_STEP][PASSED] - click(findTestObject("Product Ecommerce/Button Daftar Produk")): Object: 'Object Repository/Product Ecommerce/Button Daftar Produk' is clicked on

2023-10-04 19:35:55 - [MESSAGE][PASSED] - Object: 'Object Repository/Product Ecommerce/Button Daftar Produk' is clicked on

2023-10-04 19:35:55 - [TEST_STEP][PASSED] - verifyElementPresent(findTestObject("Product Ecommerce/Verifikasi Halaman Product Anda"), 0): Object 'Object Repository/Product Ecommerce/Verifikasi Halaman Product Anda' is present

2023-10-04 19:35:55 - [MESSAGE][WARNING] - Timeout '0' is invalid. Using default page load timeout: '30'

2023-10-04 19:35:56 - [MESSAGE][PASSED] - Object 'Object Repository/Product Ecommerce/Verifikasi Halaman Product Anda' is present

2023-10-04 19:35:56 - [MESSAGE][PASSED] - Call Test Case 'Test Cases/Product Ecommerce/TC-PE-001' successfully

2023-10-04 19:35:56 - [TEST_STEP][PASSED] - mouseOver(findTestObject("Product Ecommerce/Image Gambar produk 1")): Object: 'Object Repository/Product Ecommerce/Image Gambar produk 1' is hovered

2023-10-04 19:35:56 - [MESSAGE][PASSED] - Object: 'Object Repository/Product Ecommerce/Image Gambar produk 1' is hovered

2023-10-04 19:35:56 - [TEST_STEP][PASSED] - click(findTestObject("Product Ecommerce/Tambahkan Product/Edit Data")): Object: 'Object Repository/Product Ecommerce/Tambahkan Product/Edit Data' is clicked on

2023-10-04 19:35:57 - [MESSAGE][PASSED] - Object: 'Object Repository/Product Ecommerce/Tambahkan Product/Edit Data' is clicked on

2023-10-04 19:35:57 - [TEST_STEP][PASSED] - uploadFile(findTestObject("Product Ecommerce/Tambahkan Product/Input File"), "E:\Pelatihan\Xsis Academy\baju Koko kids oranye.jpg"): File 'E:\Pelatihan\Xsis Academy\baju Koko kids oranye.jpg' sent to object: 'Object Repository/Product Ecommerce/Tambahkan Product/Input File'

2023-10-04 19:35:58 - [MESSAGE][PASSED] - File 'E:\Pelatihan\Xsis Academy\baju Koko kids oranye.jpg' sent to object: 'Object Repository/Product Ecommerce/Tambahkan Product/Input File'

2023-10-04 19:35:58 - [TEST_STEP][PASSED] - verifyElementPresent(findTestObject("Product Ecommerce/Verifikasi product/verifikasi Error Format Foto Tidak Sesuai"), 0): Object 'Object Repository/Product Ecommerce/Verifikasi product/verifikasi Error Format Foto Tidak Sesuai' is present

2023-10-04 19:35:58 - [MESSAGE][WARNING] - Timeout '0' is invalid. Using default page load timeout: '30'

2023-10-04 19:35:59 - [MESSAGE][PASSED] - Object 'Object Repository/Product Ecommerce/Verifikasi product/verifikasi Error Format Foto Tidak Sesuai' is present]]></system-out>
         <system-err><![CDATA[]]></system-err>
      </testcase>
      <testcase name="Test Cases/Product Ecommerce/TC-PEN-002" time="16.467" classname="Test Cases/Product Ecommerce/TC-PEN-002" status="PASSED">
         <system-out><![CDATA[2023-10-04 19:35:59 - [TEST_CASE][PASSED] - Test Cases/Product Ecommerce/TC-PEN-002: Test Cases/Product Ecommerce/TC-PEN-002

2023-10-04 19:35:59 - [TEST_STEP][PASSED] - callTestCase(findTestCase("Product Ecommerce/TC-PE-001"), [:], STOP_ON_FAILURE): Call Test Case 'Test Cases/Product Ecommerce/TC-PE-001' successfully

2023-10-04 19:35:59 - [TEST_CASE][PASSED] - Test Cases/Product Ecommerce/TC-PE-001: Test Cases/Product Ecommerce/TC-PE-001

2023-10-04 19:35:59 - [TEST_STEP][PASSED] - callTestCase(findTestCase("Login Ecommerce/TC-Login Ecomerce-001"), [:], STOP_ON_FAILURE): Call Test Case 'Test Cases/Login Ecommerce/TC-Login Ecomerce-001' successfully

2023-10-04 19:35:59 - [TEST_CASE][PASSED] - Test Cases/Login Ecommerce/TC-Login Ecomerce-001: Test Cases/Login Ecommerce/TC-Login Ecomerce-001

2023-10-04 19:35:59 - [TEST_STEP][PASSED] - openBrowser(userTajalapak): Browser is opened with url: 'https://10.9.2.63/ecommerce/'

2023-10-04 19:35:59 - [MESSAGE][WARNING] - A browser is already opened. Closing browser and opening a new one

2023-10-04 19:36:00 - [MESSAGE][INFO] - Starting 'Edge Chromium' driver

2023-10-04 19:36:00 - [MESSAGE][INFO] - User set preference: ['acceptInsecureCerts', 'true']

2023-10-04 19:36:00 - [MESSAGE][INFO] - Action delay is set to 0 milliseconds

2023-10-04 19:36:04 - [MESSAGE][PASSED] - Browser is opened with url: 'https://10.9.2.63/ecommerce/'

2023-10-04 19:36:04 - [TEST_STEP][PASSED] - maximizeWindow(): Current window maximized

2023-10-04 19:36:04 - [MESSAGE][PASSED] - Current window maximized

2023-10-04 19:36:04 - [TEST_STEP][PASSED] - verifyElementPresent(findTestObject("Login Ecommerce/Verifikasi Halaman Login Akun"), 0): Object 'Object Repository/Login Ecommerce/Verifikasi Halaman Login Akun' is present

2023-10-04 19:36:04 - [MESSAGE][WARNING] - Timeout '0' is invalid. Using default page load timeout: '30'

2023-10-04 19:36:05 - [MESSAGE][PASSED] - Object 'Object Repository/Login Ecommerce/Verifikasi Halaman Login Akun' is present

2023-10-04 19:36:05 - [TEST_STEP][PASSED] - click(findTestObject("Login Ecommerce/Login Akun")): Object: 'Object Repository/Login Ecommerce/Login Akun' is clicked on

2023-10-04 19:36:06 - [MESSAGE][PASSED] - Object: 'Object Repository/Login Ecommerce/Login Akun' is clicked on

2023-10-04 19:36:06 - [TEST_STEP][PASSED] - verifyElementPresent(findTestObject("Login Ecommerce/Verifikasi Halaman Login Akun"), 0): Object 'Object Repository/Login Ecommerce/Verifikasi Halaman Login Akun' is present

2023-10-04 19:36:06 - [MESSAGE][WARNING] - Timeout '0' is invalid. Using default page load timeout: '30'

2023-10-04 19:36:06 - [MESSAGE][PASSED] - Object 'Object Repository/Login Ecommerce/Verifikasi Halaman Login Akun' is present

2023-10-04 19:36:06 - [TEST_STEP][PASSED] - setText(findTestObject("Login Ecommerce/Input Username"), "riswandha"): Text 'riswandha' is set on object 'Object Repository/Login Ecommerce/Input Username'

2023-10-04 19:36:07 - [MESSAGE][PASSED] - Text 'riswandha' is set on object 'Object Repository/Login Ecommerce/Input Username'

2023-10-04 19:36:07 - [TEST_STEP][PASSED] - setEncryptedText(findTestObject("Login Ecommerce/Input Password"), "iGDxf8hSRT4="): Text ****** has been set on object 'Object Repository/Login Ecommerce/Input Password'

2023-10-04 19:36:08 - [MESSAGE][PASSED] - Text ****** has been set on object 'Object Repository/Login Ecommerce/Input Password'

2023-10-04 19:36:08 - [TEST_STEP][PASSED] - click(findTestObject("Login Ecommerce/Button Masuk")): Object: 'Object Repository/Login Ecommerce/Button Masuk' is clicked on

2023-10-04 19:36:08 - [MESSAGE][PASSED] - Object: 'Object Repository/Login Ecommerce/Button Masuk' is clicked on

2023-10-04 19:36:08 - [TEST_STEP][PASSED] - verifyElementPresent(findTestObject("Login Ecommerce/Verifikasi Login Akun"), 0): Object 'Object Repository/Login Ecommerce/Verifikasi Login Akun' is present

2023-10-04 19:36:08 - [MESSAGE][WARNING] - Timeout '0' is invalid. Using default page load timeout: '30'

2023-10-04 19:36:10 - [MESSAGE][PASSED] - Object 'Object Repository/Login Ecommerce/Verifikasi Login Akun' is present

2023-10-04 19:36:10 - [MESSAGE][PASSED] - Call Test Case 'Test Cases/Login Ecommerce/TC-Login Ecomerce-001' successfully

2023-10-04 19:36:10 - [TEST_STEP][PASSED] - mouseOver(findTestObject("Product Ecommerce/Button Menu toko")): Object: 'Object Repository/Product Ecommerce/Button Menu toko' is hovered

2023-10-04 19:36:10 - [MESSAGE][PASSED] - Object: 'Object Repository/Product Ecommerce/Button Menu toko' is hovered

2023-10-04 19:36:10 - [TEST_STEP][PASSED] - click(findTestObject("Product Ecommerce/Button Daftar Produk")): Object: 'Object Repository/Product Ecommerce/Button Daftar Produk' is clicked on

2023-10-04 19:36:11 - [MESSAGE][PASSED] - Object: 'Object Repository/Product Ecommerce/Button Daftar Produk' is clicked on

2023-10-04 19:36:11 - [TEST_STEP][PASSED] - verifyElementPresent(findTestObject("Product Ecommerce/Verifikasi Halaman Product Anda"), 0): Object 'Object Repository/Product Ecommerce/Verifikasi Halaman Product Anda' is present

2023-10-04 19:36:11 - [MESSAGE][WARNING] - Timeout '0' is invalid. Using default page load timeout: '30'

2023-10-04 19:36:12 - [MESSAGE][PASSED] - Object 'Object Repository/Product Ecommerce/Verifikasi Halaman Product Anda' is present

2023-10-04 19:36:12 - [MESSAGE][PASSED] - Call Test Case 'Test Cases/Product Ecommerce/TC-PE-001' successfully

2023-10-04 19:36:12 - [TEST_STEP][PASSED] - click(findTestObject("Product Ecommerce/Tambahkan Produk")): Object: 'Object Repository/Product Ecommerce/Tambahkan Produk' is clicked on

2023-10-04 19:36:13 - [MESSAGE][PASSED] - Object: 'Object Repository/Product Ecommerce/Tambahkan Produk' is clicked on

2023-10-04 19:36:13 - [TEST_STEP][PASSED] - verifyElementPresent(findTestObject("Product Ecommerce/Tambahkan Product/Verifikasi Halaman Tambahkan Product"), 0): Object 'Object Repository/Product Ecommerce/Tambahkan Product/Verifikasi Halaman Tambahkan Product' is present

2023-10-04 19:36:13 - [MESSAGE][WARNING] - Timeout '0' is invalid. Using default page load timeout: '30'

2023-10-04 19:36:13 - [MESSAGE][PASSED] - Object 'Object Repository/Product Ecommerce/Tambahkan Product/Verifikasi Halaman Tambahkan Product' is present

2023-10-04 19:36:13 - [TEST_STEP][PASSED] - selectOptionByValue(findTestObject("Product Ecommerce/Tambahkan Product/Pilih Katagori Produk"), "6", false): All options with value '6' are selected in object 'Object Repository/Product Ecommerce/Tambahkan Product/Pilih Katagori Produk' 

2023-10-04 19:36:14 - [MESSAGE][PASSED] - All options with value '6' are selected in object 'Object Repository/Product Ecommerce/Tambahkan Product/Pilih Katagori Produk' 

2023-10-04 19:36:14 - [TEST_STEP][PASSED] - click(findTestObject("Product Ecommerce/Tambahkan Product/Button Tambahkan")): Object: 'Object Repository/Product Ecommerce/Tambahkan Product/Button Tambahkan' is clicked on

2023-10-04 19:36:15 - [MESSAGE][PASSED] - Object: 'Object Repository/Product Ecommerce/Tambahkan Product/Button Tambahkan' is clicked on

2023-10-04 19:36:15 - [TEST_STEP][PASSED] - driver = getWebDriver(): null

2023-10-04 19:36:15 - [TEST_STEP][PASSED] - field_username_element = driver.findElement(By.xpath("(//input[@name="b"])[3]")): null

2023-10-04 19:36:15 - [TEST_STEP][PASSED] - accept_button_message = driver.executeScript("return arguments[0].validationMessage", field_username_element): null

2023-10-04 19:36:15 - [TEST_STEP][PASSED] - println(accept_button_message): null

2023-10-04 19:36:15 - [TEST_STEP][PASSED] - assert accept_button_message == "Please fill out this field.": null]]></system-out>
         <system-err><![CDATA[]]></system-err>
      </testcase>
      <testcase name="Test Cases/Product Ecommerce/TC-PEN-003" time="15.519" classname="Test Cases/Product Ecommerce/TC-PEN-003" status="PASSED">
         <system-out><![CDATA[2023-10-04 19:36:15 - [TEST_CASE][PASSED] - Test Cases/Product Ecommerce/TC-PEN-003: Test Cases/Product Ecommerce/TC-PEN-003

2023-10-04 19:36:15 - [TEST_STEP][PASSED] - callTestCase(findTestCase("Product Ecommerce/TC-PE-001"), [:], STOP_ON_FAILURE): Call Test Case 'Test Cases/Product Ecommerce/TC-PE-001' successfully

2023-10-04 19:36:16 - [TEST_CASE][PASSED] - Test Cases/Product Ecommerce/TC-PE-001: Test Cases/Product Ecommerce/TC-PE-001

2023-10-04 19:36:16 - [TEST_STEP][PASSED] - callTestCase(findTestCase("Login Ecommerce/TC-Login Ecomerce-001"), [:], STOP_ON_FAILURE): Call Test Case 'Test Cases/Login Ecommerce/TC-Login Ecomerce-001' successfully

2023-10-04 19:36:16 - [TEST_CASE][PASSED] - Test Cases/Login Ecommerce/TC-Login Ecomerce-001: Test Cases/Login Ecommerce/TC-Login Ecomerce-001

2023-10-04 19:36:16 - [TEST_STEP][PASSED] - openBrowser(userTajalapak): Browser is opened with url: 'https://10.9.2.63/ecommerce/'

2023-10-04 19:36:16 - [MESSAGE][WARNING] - A browser is already opened. Closing browser and opening a new one

2023-10-04 19:36:16 - [MESSAGE][INFO] - Starting 'Edge Chromium' driver

2023-10-04 19:36:16 - [MESSAGE][INFO] - User set preference: ['acceptInsecureCerts', 'true']

2023-10-04 19:36:17 - [MESSAGE][INFO] - Action delay is set to 0 milliseconds

2023-10-04 19:36:20 - [MESSAGE][PASSED] - Browser is opened with url: 'https://10.9.2.63/ecommerce/'

2023-10-04 19:36:20 - [TEST_STEP][PASSED] - maximizeWindow(): Current window maximized

2023-10-04 19:36:21 - [MESSAGE][PASSED] - Current window maximized

2023-10-04 19:36:21 - [TEST_STEP][PASSED] - verifyElementPresent(findTestObject("Login Ecommerce/Verifikasi Halaman Login Akun"), 0): Object 'Object Repository/Login Ecommerce/Verifikasi Halaman Login Akun' is present

2023-10-04 19:36:21 - [MESSAGE][WARNING] - Timeout '0' is invalid. Using default page load timeout: '30'

2023-10-04 19:36:21 - [MESSAGE][PASSED] - Object 'Object Repository/Login Ecommerce/Verifikasi Halaman Login Akun' is present

2023-10-04 19:36:21 - [TEST_STEP][PASSED] - click(findTestObject("Login Ecommerce/Login Akun")): Object: 'Object Repository/Login Ecommerce/Login Akun' is clicked on

2023-10-04 19:36:22 - [MESSAGE][PASSED] - Object: 'Object Repository/Login Ecommerce/Login Akun' is clicked on

2023-10-04 19:36:22 - [TEST_STEP][PASSED] - verifyElementPresent(findTestObject("Login Ecommerce/Verifikasi Halaman Login Akun"), 0): Object 'Object Repository/Login Ecommerce/Verifikasi Halaman Login Akun' is present

2023-10-04 19:36:22 - [MESSAGE][WARNING] - Timeout '0' is invalid. Using default page load timeout: '30'

2023-10-04 19:36:22 - [MESSAGE][PASSED] - Object 'Object Repository/Login Ecommerce/Verifikasi Halaman Login Akun' is present

2023-10-04 19:36:22 - [TEST_STEP][PASSED] - setText(findTestObject("Login Ecommerce/Input Username"), "riswandha"): Text 'riswandha' is set on object 'Object Repository/Login Ecommerce/Input Username'

2023-10-04 19:36:23 - [MESSAGE][PASSED] - Text 'riswandha' is set on object 'Object Repository/Login Ecommerce/Input Username'

2023-10-04 19:36:23 - [TEST_STEP][PASSED] - setEncryptedText(findTestObject("Login Ecommerce/Input Password"), "iGDxf8hSRT4="): Text ****** has been set on object 'Object Repository/Login Ecommerce/Input Password'

2023-10-04 19:36:24 - [MESSAGE][PASSED] - Text ****** has been set on object 'Object Repository/Login Ecommerce/Input Password'

2023-10-04 19:36:24 - [TEST_STEP][PASSED] - click(findTestObject("Login Ecommerce/Button Masuk")): Object: 'Object Repository/Login Ecommerce/Button Masuk' is clicked on

2023-10-04 19:36:25 - [MESSAGE][PASSED] - Object: 'Object Repository/Login Ecommerce/Button Masuk' is clicked on

2023-10-04 19:36:25 - [TEST_STEP][PASSED] - verifyElementPresent(findTestObject("Login Ecommerce/Verifikasi Login Akun"), 0): Object 'Object Repository/Login Ecommerce/Verifikasi Login Akun' is present

2023-10-04 19:36:25 - [MESSAGE][WARNING] - Timeout '0' is invalid. Using default page load timeout: '30'

2023-10-04 19:36:26 - [MESSAGE][PASSED] - Object 'Object Repository/Login Ecommerce/Verifikasi Login Akun' is present

2023-10-04 19:36:26 - [MESSAGE][PASSED] - Call Test Case 'Test Cases/Login Ecommerce/TC-Login Ecomerce-001' successfully

2023-10-04 19:36:26 - [TEST_STEP][PASSED] - mouseOver(findTestObject("Product Ecommerce/Button Menu toko")): Object: 'Object Repository/Product Ecommerce/Button Menu toko' is hovered

2023-10-04 19:36:26 - [MESSAGE][PASSED] - Object: 'Object Repository/Product Ecommerce/Button Menu toko' is hovered

2023-10-04 19:36:26 - [TEST_STEP][PASSED] - click(findTestObject("Product Ecommerce/Button Daftar Produk")): Object: 'Object Repository/Product Ecommerce/Button Daftar Produk' is clicked on

2023-10-04 19:36:27 - [MESSAGE][PASSED] - Object: 'Object Repository/Product Ecommerce/Button Daftar Produk' is clicked on

2023-10-04 19:36:27 - [TEST_STEP][PASSED] - verifyElementPresent(findTestObject("Product Ecommerce/Verifikasi Halaman Product Anda"), 0): Object 'Object Repository/Product Ecommerce/Verifikasi Halaman Product Anda' is present

2023-10-04 19:36:27 - [MESSAGE][WARNING] - Timeout '0' is invalid. Using default page load timeout: '30'

2023-10-04 19:36:28 - [MESSAGE][PASSED] - Object 'Object Repository/Product Ecommerce/Verifikasi Halaman Product Anda' is present

2023-10-04 19:36:28 - [MESSAGE][PASSED] - Call Test Case 'Test Cases/Product Ecommerce/TC-PE-001' successfully

2023-10-04 19:36:28 - [TEST_STEP][PASSED] - click(findTestObject("Product Ecommerce/Tambahkan Produk")): Object: 'Object Repository/Product Ecommerce/Tambahkan Produk' is clicked on

2023-10-04 19:36:29 - [MESSAGE][PASSED] - Object: 'Object Repository/Product Ecommerce/Tambahkan Produk' is clicked on

2023-10-04 19:36:29 - [TEST_STEP][PASSED] - verifyElementPresent(findTestObject("Product Ecommerce/Tambahkan Product/Verifikasi Halaman Tambahkan Product"), 0): Object 'Object Repository/Product Ecommerce/Tambahkan Product/Verifikasi Halaman Tambahkan Product' is present

2023-10-04 19:36:29 - [MESSAGE][WARNING] - Timeout '0' is invalid. Using default page load timeout: '30'

2023-10-04 19:36:30 - [MESSAGE][PASSED] - Object 'Object Repository/Product Ecommerce/Tambahkan Product/Verifikasi Halaman Tambahkan Product' is present

2023-10-04 19:36:30 - [TEST_STEP][PASSED] - click(findTestObject("Product Ecommerce/Tambahkan Product/Button Tambahkan")): Object: 'Object Repository/Product Ecommerce/Tambahkan Product/Button Tambahkan' is clicked on

2023-10-04 19:36:30 - [MESSAGE][PASSED] - Object: 'Object Repository/Product Ecommerce/Tambahkan Product/Button Tambahkan' is clicked on

2023-10-04 19:36:30 - [TEST_STEP][PASSED] - driver = getWebDriver(): null

2023-10-04 19:36:30 - [TEST_STEP][PASSED] - field_username_element = driver.findElement(By.xpath("//select[@name="a"]")): null

2023-10-04 19:36:31 - [TEST_STEP][PASSED] - accept_button_message = driver.executeScript("return arguments[0].validationMessage", field_username_element): null

2023-10-04 19:36:31 - [TEST_STEP][PASSED] - println(accept_button_message): null

2023-10-04 19:36:31 - [TEST_STEP][PASSED] - assert accept_button_message == "Please select an item in the list.": null]]></system-out>
         <system-err><![CDATA[]]></system-err>
      </testcase>
      <testcase name="Test Cases/Product Ecommerce/TC-PEN-004" time="16.531" classname="Test Cases/Product Ecommerce/TC-PEN-004" status="ERROR">
         <error type="ERROR" message="Test Cases/Product Ecommerce/TC-PEN-004 FAILED.
Reason:
org.openqa.selenium.NoSuchElementException: no such element: Unable to locate element: {&quot;method&quot;:&quot;xpath&quot;,&quot;selector&quot;:&quot;//input[@name=&quot;minimum&quot;]&quot;}
  (Session info: MicrosoftEdge=117.0.2045.47)
For documentation on this error, please visit: https://www.seleniumhq.org/exceptions/no_such_element.html
Build info: version: '3.141.59', revision: 'e82be7d358', time: '2018-11-14T08:25:53'
System info: host: 'RISWANDHA', ip: '10.9.2.19', os.name: 'Windows 10', os.arch: 'amd64', os.version: '10.0', java.version: '1.8.0_362'
Driver info: com.kms.katalon.selenium.driver.CEdgeDriver
Capabilities {acceptInsecureCerts: true, browserName: msedge, browserVersion: 117.0.2045.47, fedcm:accounts: true, javascriptEnabled: true, ms:edgeOptions: {debuggerAddress: localhost:59608}, msedge: {msedgedriverVersion: 117.0.2045.31 (fdd954ad1e8c..., userDataDir: C:\Users\Admin\AppData\Loca...}, networkConnectionEnabled: false, pageLoadStrategy: normal, platform: WINDOWS, platformName: WINDOWS, proxy: Proxy(), setWindowRect: true, strictFileInteractability: false, timeouts: {implicit: 0, pageLoad: 300000, script: 30000}, unhandledPromptBehavior: dismiss and notify, webauthn:extension:credBlob: true, webauthn:extension:largeBlob: true, webauthn:extension:minPinLength: true, webauthn:extension:prf: true, webauthn:virtualAuthenticators: true}
Session ID: 33c7f537859735fc0a3d80ffebea62c7
*** Element info: {Using=xpath, value=//input[@name=&quot;minimum&quot;]}
	at org.openqa.selenium.remote.http.W3CHttpResponseCodec.createException(W3CHttpResponseCodec.java:187)
	at org.openqa.selenium.remote.http.W3CHttpResponseCodec.decode(W3CHttpResponseCodec.java:122)
	at org.openqa.selenium.remote.http.W3CHttpResponseCodec.decode(W3CHttpResponseCodec.java:49)
	at org.openqa.selenium.remote.HttpCommandExecutor.execute(HttpCommandExecutor.java:158)
	at org.openqa.selenium.remote.service.DriverCommandExecutor.execute(DriverCommandExecutor.java:83)
	at org.openqa.selenium.remote.RemoteWebDriver.execute(RemoteWebDriver.java:552)
	at com.kms.katalon.selenium.driver.CEdgeDriver.execute(CEdgeDriver.java:20)
	at org.openqa.selenium.remote.RemoteWebDriver.findElement(RemoteWebDriver.java:323)
	at org.openqa.selenium.remote.RemoteWebDriver.findElementByXPath(RemoteWebDriver.java:428)
	at org.openqa.selenium.By$ByXPath.findElement(By.java:353)
	at org.openqa.selenium.remote.RemoteWebDriver.findElement(RemoteWebDriver.java:315)
	at org.openqa.selenium.support.events.EventFiringWebDriver.lambda$new$1(EventFiringWebDriver.java:105)
	at com.sun.proxy.$Proxy10.findElement(Unknown Source)
	at org.openqa.selenium.support.events.EventFiringWebDriver.findElement(EventFiringWebDriver.java:194)
	at org.openqa.selenium.WebDriver$findElement.call(Unknown Source)
	at TC-PEN-004.run(TC-PEN-004:41)
	at com.kms.katalon.core.main.ScriptEngine.run(ScriptEngine.java:194)
	at com.kms.katalon.core.main.ScriptEngine.runScriptAsRawText(ScriptEngine.java:119)
	at com.kms.katalon.core.main.TestCaseExecutor.runScript(TestCaseExecutor.java:448)
	at com.kms.katalon.core.main.TestCaseExecutor.doExecute(TestCaseExecutor.java:439)
	at com.kms.katalon.core.main.TestCaseExecutor.processExecutionPhase(TestCaseExecutor.java:418)
	at com.kms.katalon.core.main.TestCaseExecutor.accessMainPhase(TestCaseExecutor.java:410)
	at com.kms.katalon.core.main.TestCaseExecutor.execute(TestCaseExecutor.java:285)
	at com.kms.katalon.core.common.CommonExecutor.accessTestCaseMainPhase(CommonExecutor.java:65)
	at com.kms.katalon.core.main.TestSuiteExecutor.accessTestSuiteMainPhase(TestSuiteExecutor.java:148)
	at com.kms.katalon.core.main.TestSuiteExecutor.execute(TestSuiteExecutor.java:106)
	at com.kms.katalon.core.main.TestCaseMain.startTestSuite(TestCaseMain.java:187)
	at com.kms.katalon.core.main.TestCaseMain$startTestSuite$0.call(Unknown Source)
	at TempTestSuite1696422608926.run(TempTestSuite1696422608926.groovy:36)
"/>
         <system-out><![CDATA[2023-10-04 19:36:31 - [TEST_CASE][ERROR] - Test Cases/Product Ecommerce/TC-PEN-004: Test Cases/Product Ecommerce/TC-PEN-004 FAILED.
Reason:
org.openqa.selenium.NoSuchElementException: no such element: Unable to locate element: {"method":"xpath","selector":"//input[@name="minimum"]"}
  (Session info: MicrosoftEdge=117.0.2045.47)
For documentation on this error, please visit: https://www.seleniumhq.org/exceptions/no_such_element.html
Build info: version: '3.141.59', revision: 'e82be7d358', time: '2018-11-14T08:25:53'
System info: host: 'RISWANDHA', ip: '10.9.2.19', os.name: 'Windows 10', os.arch: 'amd64', os.version: '10.0', java.version: '1.8.0_362'
Driver info: com.kms.katalon.selenium.driver.CEdgeDriver
Capabilities {acceptInsecureCerts: true, browserName: msedge, browserVersion: 117.0.2045.47, fedcm:accounts: true, javascriptEnabled: true, ms:edgeOptions: {debuggerAddress: localhost:59608}, msedge: {msedgedriverVersion: 117.0.2045.31 (fdd954ad1e8c..., userDataDir: C:\Users\Admin\AppData\Loca...}, networkConnectionEnabled: false, pageLoadStrategy: normal, platform: WINDOWS, platformName: WINDOWS, proxy: Proxy(), setWindowRect: true, strictFileInteractability: false, timeouts: {implicit: 0, pageLoad: 300000, script: 30000}, unhandledPromptBehavior: dismiss and notify, webauthn:extension:credBlob: true, webauthn:extension:largeBlob: true, webauthn:extension:minPinLength: true, webauthn:extension:prf: true, webauthn:virtualAuthenticators: true}
Session ID: 33c7f537859735fc0a3d80ffebea62c7
*** Element info: {Using=xpath, value=//input[@name="minimum"]}
	at org.openqa.selenium.remote.http.W3CHttpResponseCodec.createException(W3CHttpResponseCodec.java:187)
	at org.openqa.selenium.remote.http.W3CHttpResponseCodec.decode(W3CHttpResponseCodec.java:122)
	at org.openqa.selenium.remote.http.W3CHttpResponseCodec.decode(W3CHttpResponseCodec.java:49)
	at org.openqa.selenium.remote.HttpCommandExecutor.execute(HttpCommandExecutor.java:158)
	at org.openqa.selenium.remote.service.DriverCommandExecutor.execute(DriverCommandExecutor.java:83)
	at org.openqa.selenium.remote.RemoteWebDriver.execute(RemoteWebDriver.java:552)
	at com.kms.katalon.selenium.driver.CEdgeDriver.execute(CEdgeDriver.java:20)
	at org.openqa.selenium.remote.RemoteWebDriver.findElement(RemoteWebDriver.java:323)
	at org.openqa.selenium.remote.RemoteWebDriver.findElementByXPath(RemoteWebDriver.java:428)
	at org.openqa.selenium.By$ByXPath.findElement(By.java:353)
	at org.openqa.selenium.remote.RemoteWebDriver.findElement(RemoteWebDriver.java:315)
	at org.openqa.selenium.support.events.EventFiringWebDriver.lambda$new$1(EventFiringWebDriver.java:105)
	at com.sun.proxy.$Proxy10.findElement(Unknown Source)
	at org.openqa.selenium.support.events.EventFiringWebDriver.findElement(EventFiringWebDriver.java:194)
	at org.openqa.selenium.WebDriver$findElement.call(Unknown Source)
	at TC-PEN-004.run(TC-PEN-004:41)
	at com.kms.katalon.core.main.ScriptEngine.run(ScriptEngine.java:194)
	at com.kms.katalon.core.main.ScriptEngine.runScriptAsRawText(ScriptEngine.java:119)
	at com.kms.katalon.core.main.TestCaseExecutor.runScript(TestCaseExecutor.java:448)
	at com.kms.katalon.core.main.TestCaseExecutor.doExecute(TestCaseExecutor.java:439)
	at com.kms.katalon.core.main.TestCaseExecutor.processExecutionPhase(TestCaseExecutor.java:418)
	at com.kms.katalon.core.main.TestCaseExecutor.accessMainPhase(TestCaseExecutor.java:410)
	at com.kms.katalon.core.main.TestCaseExecutor.execute(TestCaseExecutor.java:285)
	at com.kms.katalon.core.common.CommonExecutor.accessTestCaseMainPhase(CommonExecutor.java:65)
	at com.kms.katalon.core.main.TestSuiteExecutor.accessTestSuiteMainPhase(TestSuiteExecutor.java:148)
	at com.kms.katalon.core.main.TestSuiteExecutor.execute(TestSuiteExecutor.java:106)
	at com.kms.katalon.core.main.TestCaseMain.startTestSuite(TestCaseMain.java:187)
	at com.kms.katalon.core.main.TestCaseMain$startTestSuite$0.call(Unknown Source)
	at TempTestSuite1696422608926.run(TempTestSuite1696422608926.groovy:36)


2023-10-04 19:36:31 - [TEST_STEP][PASSED] - callTestCase(findTestCase("Product Ecommerce/TC-PE-001"), [:], STOP_ON_FAILURE): Call Test Case 'Test Cases/Product Ecommerce/TC-PE-001' successfully

2023-10-04 19:36:31 - [TEST_CASE][PASSED] - Test Cases/Product Ecommerce/TC-PE-001: Test Cases/Product Ecommerce/TC-PE-001

2023-10-04 19:36:31 - [TEST_STEP][PASSED] - callTestCase(findTestCase("Login Ecommerce/TC-Login Ecomerce-001"), [:], STOP_ON_FAILURE): Call Test Case 'Test Cases/Login Ecommerce/TC-Login Ecomerce-001' successfully

2023-10-04 19:36:31 - [TEST_CASE][PASSED] - Test Cases/Login Ecommerce/TC-Login Ecomerce-001: Test Cases/Login Ecommerce/TC-Login Ecomerce-001

2023-10-04 19:36:31 - [TEST_STEP][PASSED] - openBrowser(userTajalapak): Browser is opened with url: 'https://10.9.2.63/ecommerce/'

2023-10-04 19:36:31 - [MESSAGE][WARNING] - A browser is already opened. Closing browser and opening a new one

2023-10-04 19:36:32 - [MESSAGE][INFO] - Starting 'Edge Chromium' driver

2023-10-04 19:36:32 - [MESSAGE][INFO] - User set preference: ['acceptInsecureCerts', 'true']

2023-10-04 19:36:32 - [MESSAGE][INFO] - Action delay is set to 0 milliseconds

2023-10-04 19:36:36 - [MESSAGE][PASSED] - Browser is opened with url: 'https://10.9.2.63/ecommerce/'

2023-10-04 19:36:36 - [TEST_STEP][PASSED] - maximizeWindow(): Current window maximized

2023-10-04 19:36:36 - [MESSAGE][PASSED] - Current window maximized

2023-10-04 19:36:36 - [TEST_STEP][PASSED] - verifyElementPresent(findTestObject("Login Ecommerce/Verifikasi Halaman Login Akun"), 0): Object 'Object Repository/Login Ecommerce/Verifikasi Halaman Login Akun' is present

2023-10-04 19:36:36 - [MESSAGE][WARNING] - Timeout '0' is invalid. Using default page load timeout: '30'

2023-10-04 19:36:37 - [MESSAGE][PASSED] - Object 'Object Repository/Login Ecommerce/Verifikasi Halaman Login Akun' is present

2023-10-04 19:36:37 - [TEST_STEP][PASSED] - click(findTestObject("Login Ecommerce/Login Akun")): Object: 'Object Repository/Login Ecommerce/Login Akun' is clicked on

2023-10-04 19:36:37 - [MESSAGE][PASSED] - Object: 'Object Repository/Login Ecommerce/Login Akun' is clicked on

2023-10-04 19:36:37 - [TEST_STEP][PASSED] - verifyElementPresent(findTestObject("Login Ecommerce/Verifikasi Halaman Login Akun"), 0): Object 'Object Repository/Login Ecommerce/Verifikasi Halaman Login Akun' is present

2023-10-04 19:36:37 - [MESSAGE][WARNING] - Timeout '0' is invalid. Using default page load timeout: '30'

2023-10-04 19:36:38 - [MESSAGE][PASSED] - Object 'Object Repository/Login Ecommerce/Verifikasi Halaman Login Akun' is present

2023-10-04 19:36:38 - [TEST_STEP][PASSED] - setText(findTestObject("Login Ecommerce/Input Username"), "riswandha"): Text 'riswandha' is set on object 'Object Repository/Login Ecommerce/Input Username'

2023-10-04 19:36:39 - [MESSAGE][PASSED] - Text 'riswandha' is set on object 'Object Repository/Login Ecommerce/Input Username'

2023-10-04 19:36:39 - [TEST_STEP][PASSED] - setEncryptedText(findTestObject("Login Ecommerce/Input Password"), "iGDxf8hSRT4="): Text ****** has been set on object 'Object Repository/Login Ecommerce/Input Password'

2023-10-04 19:36:39 - [MESSAGE][PASSED] - Text ****** has been set on object 'Object Repository/Login Ecommerce/Input Password'

2023-10-04 19:36:39 - [TEST_STEP][PASSED] - click(findTestObject("Login Ecommerce/Button Masuk")): Object: 'Object Repository/Login Ecommerce/Button Masuk' is clicked on

2023-10-04 19:36:40 - [MESSAGE][PASSED] - Object: 'Object Repository/Login Ecommerce/Button Masuk' is clicked on

2023-10-04 19:36:40 - [TEST_STEP][PASSED] - verifyElementPresent(findTestObject("Login Ecommerce/Verifikasi Login Akun"), 0): Object 'Object Repository/Login Ecommerce/Verifikasi Login Akun' is present

2023-10-04 19:36:40 - [MESSAGE][WARNING] - Timeout '0' is invalid. Using default page load timeout: '30'

2023-10-04 19:36:41 - [MESSAGE][PASSED] - Object 'Object Repository/Login Ecommerce/Verifikasi Login Akun' is present

2023-10-04 19:36:41 - [MESSAGE][PASSED] - Call Test Case 'Test Cases/Login Ecommerce/TC-Login Ecomerce-001' successfully

2023-10-04 19:36:41 - [TEST_STEP][PASSED] - mouseOver(findTestObject("Product Ecommerce/Button Menu toko")): Object: 'Object Repository/Product Ecommerce/Button Menu toko' is hovered

2023-10-04 19:36:41 - [MESSAGE][PASSED] - Object: 'Object Repository/Product Ecommerce/Button Menu toko' is hovered

2023-10-04 19:36:41 - [TEST_STEP][PASSED] - click(findTestObject("Product Ecommerce/Button Daftar Produk")): Object: 'Object Repository/Product Ecommerce/Button Daftar Produk' is clicked on

2023-10-04 19:36:42 - [MESSAGE][PASSED] - Object: 'Object Repository/Product Ecommerce/Button Daftar Produk' is clicked on

2023-10-04 19:36:42 - [TEST_STEP][PASSED] - verifyElementPresent(findTestObject("Product Ecommerce/Verifikasi Halaman Product Anda"), 0): Object 'Object Repository/Product Ecommerce/Verifikasi Halaman Product Anda' is present

2023-10-04 19:36:42 - [MESSAGE][WARNING] - Timeout '0' is invalid. Using default page load timeout: '30'

2023-10-04 19:36:43 - [MESSAGE][PASSED] - Object 'Object Repository/Product Ecommerce/Verifikasi Halaman Product Anda' is present

2023-10-04 19:36:43 - [MESSAGE][PASSED] - Call Test Case 'Test Cases/Product Ecommerce/TC-PE-001' successfully

2023-10-04 19:36:43 - [TEST_STEP][PASSED] - mouseOver(findTestObject("Product Ecommerce/Image Gambar produk 1")): Object: 'Object Repository/Product Ecommerce/Image Gambar produk 1' is hovered

2023-10-04 19:36:43 - [MESSAGE][PASSED] - Object: 'Object Repository/Product Ecommerce/Image Gambar produk 1' is hovered

2023-10-04 19:36:43 - [TEST_STEP][PASSED] - click(findTestObject("Product Ecommerce/Tambahkan Product/Edit Data")): Object: 'Object Repository/Product Ecommerce/Tambahkan Product/Edit Data' is clicked on

2023-10-04 19:36:44 - [MESSAGE][PASSED] - Object: 'Object Repository/Product Ecommerce/Tambahkan Product/Edit Data' is clicked on

2023-10-04 19:36:44 - [TEST_STEP][PASSED] - setText(findTestObject("Product Ecommerce/Tambahkan Product/Input Stok Awal"), "0"): Text '0' is set on object 'Object Repository/Product Ecommerce/Tambahkan Product/Input Stok Awal'

2023-10-04 19:36:45 - [MESSAGE][PASSED] - Text '0' is set on object 'Object Repository/Product Ecommerce/Tambahkan Product/Input Stok Awal'

2023-10-04 19:36:45 - [TEST_STEP][PASSED] - click(findTestObject("Product Ecommerce/Tambahkan Product/Button Update Data")): Object: 'Object Repository/Product Ecommerce/Tambahkan Product/Button Update Data' is clicked on

2023-10-04 19:36:46 - [MESSAGE][PASSED] - Object: 'Object Repository/Product Ecommerce/Tambahkan Product/Button Update Data' is clicked on

2023-10-04 19:36:46 - [TEST_STEP][PASSED] - driver = getWebDriver(): null

2023-10-04 19:36:46 - [TEST_STEP][ERROR] - field_username_element = driver.findElement(By.xpath("//input[@name="minimum"]")): Test Cases/Product Ecommerce/TC-PEN-004 FAILED.
Reason:
org.openqa.selenium.NoSuchElementException: no such element: Unable to locate element: {"method":"xpath","selector":"//input[@name="minimum"]"}
  (Session info: MicrosoftEdge=117.0.2045.47)
For documentation on this error, please visit: https://www.seleniumhq.org/exceptions/no_such_element.html
Build info: version: '3.141.59', revision: 'e82be7d358', time: '2018-11-14T08:25:53'
System info: host: 'RISWANDHA', ip: '10.9.2.19', os.name: 'Windows 10', os.arch: 'amd64', os.version: '10.0', java.version: '1.8.0_362'
Driver info: com.kms.katalon.selenium.driver.CEdgeDriver
Capabilities {acceptInsecureCerts: true, browserName: msedge, browserVersion: 117.0.2045.47, fedcm:accounts: true, javascriptEnabled: true, ms:edgeOptions: {debuggerAddress: localhost:59608}, msedge: {msedgedriverVersion: 117.0.2045.31 (fdd954ad1e8c..., userDataDir: C:\Users\Admin\AppData\Loca...}, networkConnectionEnabled: false, pageLoadStrategy: normal, platform: WINDOWS, platformName: WINDOWS, proxy: Proxy(), setWindowRect: true, strictFileInteractability: false, timeouts: {implicit: 0, pageLoad: 300000, script: 30000}, unhandledPromptBehavior: dismiss and notify, webauthn:extension:credBlob: true, webauthn:extension:largeBlob: true, webauthn:extension:minPinLength: true, webauthn:extension:prf: true, webauthn:virtualAuthenticators: true}
Session ID: 33c7f537859735fc0a3d80ffebea62c7
*** Element info: {Using=xpath, value=//input[@name="minimum"]}
	at org.openqa.selenium.remote.http.W3CHttpResponseCodec.createException(W3CHttpResponseCodec.java:187)
	at org.openqa.selenium.remote.http.W3CHttpResponseCodec.decode(W3CHttpResponseCodec.java:122)
	at org.openqa.selenium.remote.http.W3CHttpResponseCodec.decode(W3CHttpResponseCodec.java:49)
	at org.openqa.selenium.remote.HttpCommandExecutor.execute(HttpCommandExecutor.java:158)
	at org.openqa.selenium.remote.service.DriverCommandExecutor.execute(DriverCommandExecutor.java:83)
	at org.openqa.selenium.remote.RemoteWebDriver.execute(RemoteWebDriver.java:552)
	at com.kms.katalon.selenium.driver.CEdgeDriver.execute(CEdgeDriver.java:20)
	at org.openqa.selenium.remote.RemoteWebDriver.findElement(RemoteWebDriver.java:323)
	at org.openqa.selenium.remote.RemoteWebDriver.findElementByXPath(RemoteWebDriver.java:428)
	at org.openqa.selenium.By$ByXPath.findElement(By.java:353)
	at org.openqa.selenium.remote.RemoteWebDriver.findElement(RemoteWebDriver.java:315)
	at org.openqa.selenium.support.events.EventFiringWebDriver.lambda$new$1(EventFiringWebDriver.java:105)
	at com.sun.proxy.$Proxy10.findElement(Unknown Source)
	at org.openqa.selenium.support.events.EventFiringWebDriver.findElement(EventFiringWebDriver.java:194)
	at org.openqa.selenium.WebDriver$findElement.call(Unknown Source)
	at TC-PEN-004.run(TC-PEN-004:41)
	at com.kms.katalon.core.main.ScriptEngine.run(ScriptEngine.java:194)
	at com.kms.katalon.core.main.ScriptEngine.runScriptAsRawText(ScriptEngine.java:119)
	at com.kms.katalon.core.main.TestCaseExecutor.runScript(TestCaseExecutor.java:448)
	at com.kms.katalon.core.main.TestCaseExecutor.doExecute(TestCaseExecutor.java:439)
	at com.kms.katalon.core.main.TestCaseExecutor.processExecutionPhase(TestCaseExecutor.java:418)
	at com.kms.katalon.core.main.TestCaseExecutor.accessMainPhase(TestCaseExecutor.java:410)
	at com.kms.katalon.core.main.TestCaseExecutor.execute(TestCaseExecutor.java:285)
	at com.kms.katalon.core.common.CommonExecutor.accessTestCaseMainPhase(CommonExecutor.java:65)
	at com.kms.katalon.core.main.TestSuiteExecutor.accessTestSuiteMainPhase(TestSuiteExecutor.java:148)
	at com.kms.katalon.core.main.TestSuiteExecutor.execute(TestSuiteExecutor.java:106)
	at com.kms.katalon.core.main.TestCaseMain.startTestSuite(TestCaseMain.java:187)
	at com.kms.katalon.core.main.TestCaseMain$startTestSuite$0.call(Unknown Source)
	at TempTestSuite1696422608926.run(TempTestSuite1696422608926.groovy:36)


2023-10-04 19:36:47 - [MESSAGE][ERROR] - Test Cases/Product Ecommerce/TC-PEN-004 FAILED.
Reason:
org.openqa.selenium.NoSuchElementException: no such element: Unable to locate element: {"method":"xpath","selector":"//input[@name="minimum"]"}
  (Session info: MicrosoftEdge=117.0.2045.47)
For documentation on this error, please visit: https://www.seleniumhq.org/exceptions/no_such_element.html
Build info: version: '3.141.59', revision: 'e82be7d358', time: '2018-11-14T08:25:53'
System info: host: 'RISWANDHA', ip: '10.9.2.19', os.name: 'Windows 10', os.arch: 'amd64', os.version: '10.0', java.version: '1.8.0_362'
Driver info: com.kms.katalon.selenium.driver.CEdgeDriver
Capabilities {acceptInsecureCerts: true, browserName: msedge, browserVersion: 117.0.2045.47, fedcm:accounts: true, javascriptEnabled: true, ms:edgeOptions: {debuggerAddress: localhost:59608}, msedge: {msedgedriverVersion: 117.0.2045.31 (fdd954ad1e8c..., userDataDir: C:\Users\Admin\AppData\Loca...}, networkConnectionEnabled: false, pageLoadStrategy: normal, platform: WINDOWS, platformName: WINDOWS, proxy: Proxy(), setWindowRect: true, strictFileInteractability: false, timeouts: {implicit: 0, pageLoad: 300000, script: 30000}, unhandledPromptBehavior: dismiss and notify, webauthn:extension:credBlob: true, webauthn:extension:largeBlob: true, webauthn:extension:minPinLength: true, webauthn:extension:prf: true, webauthn:virtualAuthenticators: true}
Session ID: 33c7f537859735fc0a3d80ffebea62c7
*** Element info: {Using=xpath, value=//input[@name="minimum"]}
	at org.openqa.selenium.remote.http.W3CHttpResponseCodec.createException(W3CHttpResponseCodec.java:187)
	at org.openqa.selenium.remote.http.W3CHttpResponseCodec.decode(W3CHttpResponseCodec.java:122)
	at org.openqa.selenium.remote.http.W3CHttpResponseCodec.decode(W3CHttpResponseCodec.java:49)
	at org.openqa.selenium.remote.HttpCommandExecutor.execute(HttpCommandExecutor.java:158)
	at org.openqa.selenium.remote.service.DriverCommandExecutor.execute(DriverCommandExecutor.java:83)
	at org.openqa.selenium.remote.RemoteWebDriver.execute(RemoteWebDriver.java:552)
	at com.kms.katalon.selenium.driver.CEdgeDriver.execute(CEdgeDriver.java:20)
	at org.openqa.selenium.remote.RemoteWebDriver.findElement(RemoteWebDriver.java:323)
	at org.openqa.selenium.remote.RemoteWebDriver.findElementByXPath(RemoteWebDriver.java:428)
	at org.openqa.selenium.By$ByXPath.findElement(By.java:353)
	at org.openqa.selenium.remote.RemoteWebDriver.findElement(RemoteWebDriver.java:315)
	at org.openqa.selenium.support.events.EventFiringWebDriver.lambda$new$1(EventFiringWebDriver.java:105)
	at com.sun.proxy.$Proxy10.findElement(Unknown Source)
	at org.openqa.selenium.support.events.EventFiringWebDriver.findElement(EventFiringWebDriver.java:194)
	at org.openqa.selenium.WebDriver$findElement.call(Unknown Source)
	at TC-PEN-004.run(TC-PEN-004:41)
	at com.kms.katalon.core.main.ScriptEngine.run(ScriptEngine.java:194)
	at com.kms.katalon.core.main.ScriptEngine.runScriptAsRawText(ScriptEngine.java:119)
	at com.kms.katalon.core.main.TestCaseExecutor.runScript(TestCaseExecutor.java:448)
	at com.kms.katalon.core.main.TestCaseExecutor.doExecute(TestCaseExecutor.java:439)
	at com.kms.katalon.core.main.TestCaseExecutor.processExecutionPhase(TestCaseExecutor.java:418)
	at com.kms.katalon.core.main.TestCaseExecutor.accessMainPhase(TestCaseExecutor.java:410)
	at com.kms.katalon.core.main.TestCaseExecutor.execute(TestCaseExecutor.java:285)
	at com.kms.katalon.core.common.CommonExecutor.accessTestCaseMainPhase(CommonExecutor.java:65)
	at com.kms.katalon.core.main.TestSuiteExecutor.accessTestSuiteMainPhase(TestSuiteExecutor.java:148)
	at com.kms.katalon.core.main.TestSuiteExecutor.execute(TestSuiteExecutor.java:106)
	at com.kms.katalon.core.main.TestCaseMain.startTestSuite(TestCaseMain.java:187)
	at com.kms.katalon.core.main.TestCaseMain$startTestSuite$0.call(Unknown Source)
	at TempTestSuite1696422608926.run(TempTestSuite1696422608926.groovy:36)]]></system-out>
         <system-err><![CDATA[2023-10-04 19:36:31 - [TEST_CASE][ERROR] - Test Cases/Product Ecommerce/TC-PEN-004: Test Cases/Product Ecommerce/TC-PEN-004 FAILED.
Reason:
org.openqa.selenium.NoSuchElementException: no such element: Unable to locate element: {"method":"xpath","selector":"//input[@name="minimum"]"}
  (Session info: MicrosoftEdge=117.0.2045.47)
For documentation on this error, please visit: https://www.seleniumhq.org/exceptions/no_such_element.html
Build info: version: '3.141.59', revision: 'e82be7d358', time: '2018-11-14T08:25:53'
System info: host: 'RISWANDHA', ip: '10.9.2.19', os.name: 'Windows 10', os.arch: 'amd64', os.version: '10.0', java.version: '1.8.0_362'
Driver info: com.kms.katalon.selenium.driver.CEdgeDriver
Capabilities {acceptInsecureCerts: true, browserName: msedge, browserVersion: 117.0.2045.47, fedcm:accounts: true, javascriptEnabled: true, ms:edgeOptions: {debuggerAddress: localhost:59608}, msedge: {msedgedriverVersion: 117.0.2045.31 (fdd954ad1e8c..., userDataDir: C:\Users\Admin\AppData\Loca...}, networkConnectionEnabled: false, pageLoadStrategy: normal, platform: WINDOWS, platformName: WINDOWS, proxy: Proxy(), setWindowRect: true, strictFileInteractability: false, timeouts: {implicit: 0, pageLoad: 300000, script: 30000}, unhandledPromptBehavior: dismiss and notify, webauthn:extension:credBlob: true, webauthn:extension:largeBlob: true, webauthn:extension:minPinLength: true, webauthn:extension:prf: true, webauthn:virtualAuthenticators: true}
Session ID: 33c7f537859735fc0a3d80ffebea62c7
*** Element info: {Using=xpath, value=//input[@name="minimum"]}
	at org.openqa.selenium.remote.http.W3CHttpResponseCodec.createException(W3CHttpResponseCodec.java:187)
	at org.openqa.selenium.remote.http.W3CHttpResponseCodec.decode(W3CHttpResponseCodec.java:122)
	at org.openqa.selenium.remote.http.W3CHttpResponseCodec.decode(W3CHttpResponseCodec.java:49)
	at org.openqa.selenium.remote.HttpCommandExecutor.execute(HttpCommandExecutor.java:158)
	at org.openqa.selenium.remote.service.DriverCommandExecutor.execute(DriverCommandExecutor.java:83)
	at org.openqa.selenium.remote.RemoteWebDriver.execute(RemoteWebDriver.java:552)
	at com.kms.katalon.selenium.driver.CEdgeDriver.execute(CEdgeDriver.java:20)
	at org.openqa.selenium.remote.RemoteWebDriver.findElement(RemoteWebDriver.java:323)
	at org.openqa.selenium.remote.RemoteWebDriver.findElementByXPath(RemoteWebDriver.java:428)
	at org.openqa.selenium.By$ByXPath.findElement(By.java:353)
	at org.openqa.selenium.remote.RemoteWebDriver.findElement(RemoteWebDriver.java:315)
	at org.openqa.selenium.support.events.EventFiringWebDriver.lambda$new$1(EventFiringWebDriver.java:105)
	at com.sun.proxy.$Proxy10.findElement(Unknown Source)
	at org.openqa.selenium.support.events.EventFiringWebDriver.findElement(EventFiringWebDriver.java:194)
	at org.openqa.selenium.WebDriver$findElement.call(Unknown Source)
	at TC-PEN-004.run(TC-PEN-004:41)
	at com.kms.katalon.core.main.ScriptEngine.run(ScriptEngine.java:194)
	at com.kms.katalon.core.main.ScriptEngine.runScriptAsRawText(ScriptEngine.java:119)
	at com.kms.katalon.core.main.TestCaseExecutor.runScript(TestCaseExecutor.java:448)
	at com.kms.katalon.core.main.TestCaseExecutor.doExecute(TestCaseExecutor.java:439)
	at com.kms.katalon.core.main.TestCaseExecutor.processExecutionPhase(TestCaseExecutor.java:418)
	at com.kms.katalon.core.main.TestCaseExecutor.accessMainPhase(TestCaseExecutor.java:410)
	at com.kms.katalon.core.main.TestCaseExecutor.execute(TestCaseExecutor.java:285)
	at com.kms.katalon.core.common.CommonExecutor.accessTestCaseMainPhase(CommonExecutor.java:65)
	at com.kms.katalon.core.main.TestSuiteExecutor.accessTestSuiteMainPhase(TestSuiteExecutor.java:148)
	at com.kms.katalon.core.main.TestSuiteExecutor.execute(TestSuiteExecutor.java:106)
	at com.kms.katalon.core.main.TestCaseMain.startTestSuite(TestCaseMain.java:187)
	at com.kms.katalon.core.main.TestCaseMain$startTestSuite$0.call(Unknown Source)
	at TempTestSuite1696422608926.run(TempTestSuite1696422608926.groovy:36)]]></system-err>
      </testcase>
      <testcase name="Test Cases/Product Ecommerce/TC-PEN-005" time="19.828" classname="Test Cases/Product Ecommerce/TC-PEN-005" status="ERROR">
         <error type="ERROR" message="Test Cases/Product Ecommerce/TC-PEN-005 FAILED.
Reason:
org.openqa.selenium.NoSuchElementException: no such element: Unable to locate element: {&quot;method&quot;:&quot;xpath&quot;,&quot;selector&quot;:&quot;//input[@name=&quot;minimum&quot;]&quot;}
  (Session info: MicrosoftEdge=117.0.2045.47)
For documentation on this error, please visit: https://www.seleniumhq.org/exceptions/no_such_element.html
Build info: version: '3.141.59', revision: 'e82be7d358', time: '2018-11-14T08:25:53'
System info: host: 'RISWANDHA', ip: '10.9.2.19', os.name: 'Windows 10', os.arch: 'amd64', os.version: '10.0', java.version: '1.8.0_362'
Driver info: com.kms.katalon.selenium.driver.CEdgeDriver
Capabilities {acceptInsecureCerts: true, browserName: msedge, browserVersion: 117.0.2045.47, fedcm:accounts: true, javascriptEnabled: true, ms:edgeOptions: {debuggerAddress: localhost:59664}, msedge: {msedgedriverVersion: 117.0.2045.31 (fdd954ad1e8c..., userDataDir: C:\Users\Admin\AppData\Loca...}, networkConnectionEnabled: false, pageLoadStrategy: normal, platform: WINDOWS, platformName: WINDOWS, proxy: Proxy(), setWindowRect: true, strictFileInteractability: false, timeouts: {implicit: 0, pageLoad: 300000, script: 30000}, unhandledPromptBehavior: dismiss and notify, webauthn:extension:credBlob: true, webauthn:extension:largeBlob: true, webauthn:extension:minPinLength: true, webauthn:extension:prf: true, webauthn:virtualAuthenticators: true}
Session ID: c61d4650fcb1c6b6fb9d2adf659a89f8
*** Element info: {Using=xpath, value=//input[@name=&quot;minimum&quot;]}
	at org.openqa.selenium.remote.http.W3CHttpResponseCodec.createException(W3CHttpResponseCodec.java:187)
	at org.openqa.selenium.remote.http.W3CHttpResponseCodec.decode(W3CHttpResponseCodec.java:122)
	at org.openqa.selenium.remote.http.W3CHttpResponseCodec.decode(W3CHttpResponseCodec.java:49)
	at org.openqa.selenium.remote.HttpCommandExecutor.execute(HttpCommandExecutor.java:158)
	at org.openqa.selenium.remote.service.DriverCommandExecutor.execute(DriverCommandExecutor.java:83)
	at org.openqa.selenium.remote.RemoteWebDriver.execute(RemoteWebDriver.java:552)
	at com.kms.katalon.selenium.driver.CEdgeDriver.execute(CEdgeDriver.java:20)
	at org.openqa.selenium.remote.RemoteWebDriver.findElement(RemoteWebDriver.java:323)
	at org.openqa.selenium.remote.RemoteWebDriver.findElementByXPath(RemoteWebDriver.java:428)
	at org.openqa.selenium.By$ByXPath.findElement(By.java:353)
	at org.openqa.selenium.remote.RemoteWebDriver.findElement(RemoteWebDriver.java:315)
	at org.openqa.selenium.support.events.EventFiringWebDriver.lambda$new$1(EventFiringWebDriver.java:105)
	at com.sun.proxy.$Proxy10.findElement(Unknown Source)
	at org.openqa.selenium.support.events.EventFiringWebDriver.findElement(EventFiringWebDriver.java:194)
	at org.openqa.selenium.WebDriver$findElement.call(Unknown Source)
	at TC-PEN-005.run(TC-PEN-005:41)
	at com.kms.katalon.core.main.ScriptEngine.run(ScriptEngine.java:194)
	at com.kms.katalon.core.main.ScriptEngine.runScriptAsRawText(ScriptEngine.java:119)
	at com.kms.katalon.core.main.TestCaseExecutor.runScript(TestCaseExecutor.java:448)
	at com.kms.katalon.core.main.TestCaseExecutor.doExecute(TestCaseExecutor.java:439)
	at com.kms.katalon.core.main.TestCaseExecutor.processExecutionPhase(TestCaseExecutor.java:418)
	at com.kms.katalon.core.main.TestCaseExecutor.accessMainPhase(TestCaseExecutor.java:410)
	at com.kms.katalon.core.main.TestCaseExecutor.execute(TestCaseExecutor.java:285)
	at com.kms.katalon.core.common.CommonExecutor.accessTestCaseMainPhase(CommonExecutor.java:65)
	at com.kms.katalon.core.main.TestSuiteExecutor.accessTestSuiteMainPhase(TestSuiteExecutor.java:148)
	at com.kms.katalon.core.main.TestSuiteExecutor.execute(TestSuiteExecutor.java:106)
	at com.kms.katalon.core.main.TestCaseMain.startTestSuite(TestCaseMain.java:187)
	at com.kms.katalon.core.main.TestCaseMain$startTestSuite$0.call(Unknown Source)
	at TempTestSuite1696422608926.run(TempTestSuite1696422608926.groovy:36)
"/>
         <system-out><![CDATA[2023-10-04 19:36:47 - [TEST_CASE][ERROR] - Test Cases/Product Ecommerce/TC-PEN-005: Test Cases/Product Ecommerce/TC-PEN-005 FAILED.
Reason:
org.openqa.selenium.NoSuchElementException: no such element: Unable to locate element: {"method":"xpath","selector":"//input[@name="minimum"]"}
  (Session info: MicrosoftEdge=117.0.2045.47)
For documentation on this error, please visit: https://www.seleniumhq.org/exceptions/no_such_element.html
Build info: version: '3.141.59', revision: 'e82be7d358', time: '2018-11-14T08:25:53'
System info: host: 'RISWANDHA', ip: '10.9.2.19', os.name: 'Windows 10', os.arch: 'amd64', os.version: '10.0', java.version: '1.8.0_362'
Driver info: com.kms.katalon.selenium.driver.CEdgeDriver
Capabilities {acceptInsecureCerts: true, browserName: msedge, browserVersion: 117.0.2045.47, fedcm:accounts: true, javascriptEnabled: true, ms:edgeOptions: {debuggerAddress: localhost:59664}, msedge: {msedgedriverVersion: 117.0.2045.31 (fdd954ad1e8c..., userDataDir: C:\Users\Admin\AppData\Loca...}, networkConnectionEnabled: false, pageLoadStrategy: normal, platform: WINDOWS, platformName: WINDOWS, proxy: Proxy(), setWindowRect: true, strictFileInteractability: false, timeouts: {implicit: 0, pageLoad: 300000, script: 30000}, unhandledPromptBehavior: dismiss and notify, webauthn:extension:credBlob: true, webauthn:extension:largeBlob: true, webauthn:extension:minPinLength: true, webauthn:extension:prf: true, webauthn:virtualAuthenticators: true}
Session ID: c61d4650fcb1c6b6fb9d2adf659a89f8
*** Element info: {Using=xpath, value=//input[@name="minimum"]}
	at org.openqa.selenium.remote.http.W3CHttpResponseCodec.createException(W3CHttpResponseCodec.java:187)
	at org.openqa.selenium.remote.http.W3CHttpResponseCodec.decode(W3CHttpResponseCodec.java:122)
	at org.openqa.selenium.remote.http.W3CHttpResponseCodec.decode(W3CHttpResponseCodec.java:49)
	at org.openqa.selenium.remote.HttpCommandExecutor.execute(HttpCommandExecutor.java:158)
	at org.openqa.selenium.remote.service.DriverCommandExecutor.execute(DriverCommandExecutor.java:83)
	at org.openqa.selenium.remote.RemoteWebDriver.execute(RemoteWebDriver.java:552)
	at com.kms.katalon.selenium.driver.CEdgeDriver.execute(CEdgeDriver.java:20)
	at org.openqa.selenium.remote.RemoteWebDriver.findElement(RemoteWebDriver.java:323)
	at org.openqa.selenium.remote.RemoteWebDriver.findElementByXPath(RemoteWebDriver.java:428)
	at org.openqa.selenium.By$ByXPath.findElement(By.java:353)
	at org.openqa.selenium.remote.RemoteWebDriver.findElement(RemoteWebDriver.java:315)
	at org.openqa.selenium.support.events.EventFiringWebDriver.lambda$new$1(EventFiringWebDriver.java:105)
	at com.sun.proxy.$Proxy10.findElement(Unknown Source)
	at org.openqa.selenium.support.events.EventFiringWebDriver.findElement(EventFiringWebDriver.java:194)
	at org.openqa.selenium.WebDriver$findElement.call(Unknown Source)
	at TC-PEN-005.run(TC-PEN-005:41)
	at com.kms.katalon.core.main.ScriptEngine.run(ScriptEngine.java:194)
	at com.kms.katalon.core.main.ScriptEngine.runScriptAsRawText(ScriptEngine.java:119)
	at com.kms.katalon.core.main.TestCaseExecutor.runScript(TestCaseExecutor.java:448)
	at com.kms.katalon.core.main.TestCaseExecutor.doExecute(TestCaseExecutor.java:439)
	at com.kms.katalon.core.main.TestCaseExecutor.processExecutionPhase(TestCaseExecutor.java:418)
	at com.kms.katalon.core.main.TestCaseExecutor.accessMainPhase(TestCaseExecutor.java:410)
	at com.kms.katalon.core.main.TestCaseExecutor.execute(TestCaseExecutor.java:285)
	at com.kms.katalon.core.common.CommonExecutor.accessTestCaseMainPhase(CommonExecutor.java:65)
	at com.kms.katalon.core.main.TestSuiteExecutor.accessTestSuiteMainPhase(TestSuiteExecutor.java:148)
	at com.kms.katalon.core.main.TestSuiteExecutor.execute(TestSuiteExecutor.java:106)
	at com.kms.katalon.core.main.TestCaseMain.startTestSuite(TestCaseMain.java:187)
	at com.kms.katalon.core.main.TestCaseMain$startTestSuite$0.call(Unknown Source)
	at TempTestSuite1696422608926.run(TempTestSuite1696422608926.groovy:36)


2023-10-04 19:36:47 - [TEST_STEP][PASSED] - callTestCase(findTestCase("Product Ecommerce/TC-PE-001"), [:], STOP_ON_FAILURE): Call Test Case 'Test Cases/Product Ecommerce/TC-PE-001' successfully

2023-10-04 19:36:47 - [TEST_CASE][PASSED] - Test Cases/Product Ecommerce/TC-PE-001: Test Cases/Product Ecommerce/TC-PE-001

2023-10-04 19:36:47 - [TEST_STEP][PASSED] - callTestCase(findTestCase("Login Ecommerce/TC-Login Ecomerce-001"), [:], STOP_ON_FAILURE): Call Test Case 'Test Cases/Login Ecommerce/TC-Login Ecomerce-001' successfully

2023-10-04 19:36:48 - [TEST_CASE][PASSED] - Test Cases/Login Ecommerce/TC-Login Ecomerce-001: Test Cases/Login Ecommerce/TC-Login Ecomerce-001

2023-10-04 19:36:48 - [TEST_STEP][PASSED] - openBrowser(userTajalapak): Browser is opened with url: 'https://10.9.2.63/ecommerce/'

2023-10-04 19:36:48 - [MESSAGE][WARNING] - A browser is already opened. Closing browser and opening a new one

2023-10-04 19:36:48 - [MESSAGE][INFO] - Starting 'Edge Chromium' driver

2023-10-04 19:36:48 - [MESSAGE][INFO] - User set preference: ['acceptInsecureCerts', 'true']

2023-10-04 19:36:49 - [MESSAGE][INFO] - Action delay is set to 0 milliseconds

2023-10-04 19:36:52 - [MESSAGE][PASSED] - Browser is opened with url: 'https://10.9.2.63/ecommerce/'

2023-10-04 19:36:52 - [TEST_STEP][PASSED] - maximizeWindow(): Current window maximized

2023-10-04 19:36:52 - [MESSAGE][PASSED] - Current window maximized

2023-10-04 19:36:52 - [TEST_STEP][PASSED] - verifyElementPresent(findTestObject("Login Ecommerce/Verifikasi Halaman Login Akun"), 0): Object 'Object Repository/Login Ecommerce/Verifikasi Halaman Login Akun' is present

2023-10-04 19:36:52 - [MESSAGE][WARNING] - Timeout '0' is invalid. Using default page load timeout: '30'

2023-10-04 19:36:53 - [MESSAGE][PASSED] - Object 'Object Repository/Login Ecommerce/Verifikasi Halaman Login Akun' is present

2023-10-04 19:36:53 - [TEST_STEP][PASSED] - click(findTestObject("Login Ecommerce/Login Akun")): Object: 'Object Repository/Login Ecommerce/Login Akun' is clicked on

2023-10-04 19:36:54 - [MESSAGE][PASSED] - Object: 'Object Repository/Login Ecommerce/Login Akun' is clicked on

2023-10-04 19:36:54 - [TEST_STEP][PASSED] - verifyElementPresent(findTestObject("Login Ecommerce/Verifikasi Halaman Login Akun"), 0): Object 'Object Repository/Login Ecommerce/Verifikasi Halaman Login Akun' is present

2023-10-04 19:36:54 - [MESSAGE][WARNING] - Timeout '0' is invalid. Using default page load timeout: '30'

2023-10-04 19:36:54 - [MESSAGE][PASSED] - Object 'Object Repository/Login Ecommerce/Verifikasi Halaman Login Akun' is present

2023-10-04 19:36:54 - [TEST_STEP][PASSED] - setText(findTestObject("Login Ecommerce/Input Username"), "riswandha"): Text 'riswandha' is set on object 'Object Repository/Login Ecommerce/Input Username'

2023-10-04 19:36:56 - [MESSAGE][PASSED] - Text 'riswandha' is set on object 'Object Repository/Login Ecommerce/Input Username'

2023-10-04 19:36:56 - [TEST_STEP][PASSED] - setEncryptedText(findTestObject("Login Ecommerce/Input Password"), "iGDxf8hSRT4="): Text ****** has been set on object 'Object Repository/Login Ecommerce/Input Password'

2023-10-04 19:36:56 - [MESSAGE][PASSED] - Text ****** has been set on object 'Object Repository/Login Ecommerce/Input Password'

2023-10-04 19:36:56 - [TEST_STEP][PASSED] - click(findTestObject("Login Ecommerce/Button Masuk")): Object: 'Object Repository/Login Ecommerce/Button Masuk' is clicked on

2023-10-04 19:36:58 - [MESSAGE][PASSED] - Object: 'Object Repository/Login Ecommerce/Button Masuk' is clicked on

2023-10-04 19:36:58 - [TEST_STEP][PASSED] - verifyElementPresent(findTestObject("Login Ecommerce/Verifikasi Login Akun"), 0): Object 'Object Repository/Login Ecommerce/Verifikasi Login Akun' is present

2023-10-04 19:36:58 - [MESSAGE][WARNING] - Timeout '0' is invalid. Using default page load timeout: '30'

2023-10-04 19:36:59 - [MESSAGE][PASSED] - Object 'Object Repository/Login Ecommerce/Verifikasi Login Akun' is present

2023-10-04 19:36:59 - [MESSAGE][PASSED] - Call Test Case 'Test Cases/Login Ecommerce/TC-Login Ecomerce-001' successfully

2023-10-04 19:36:59 - [TEST_STEP][PASSED] - mouseOver(findTestObject("Product Ecommerce/Button Menu toko")): Object: 'Object Repository/Product Ecommerce/Button Menu toko' is hovered

2023-10-04 19:37:00 - [MESSAGE][PASSED] - Object: 'Object Repository/Product Ecommerce/Button Menu toko' is hovered

2023-10-04 19:37:00 - [TEST_STEP][PASSED] - click(findTestObject("Product Ecommerce/Button Daftar Produk")): Object: 'Object Repository/Product Ecommerce/Button Daftar Produk' is clicked on

2023-10-04 19:37:01 - [MESSAGE][PASSED] - Object: 'Object Repository/Product Ecommerce/Button Daftar Produk' is clicked on

2023-10-04 19:37:01 - [TEST_STEP][PASSED] - verifyElementPresent(findTestObject("Product Ecommerce/Verifikasi Halaman Product Anda"), 0): Object 'Object Repository/Product Ecommerce/Verifikasi Halaman Product Anda' is present

2023-10-04 19:37:01 - [MESSAGE][WARNING] - Timeout '0' is invalid. Using default page load timeout: '30'

2023-10-04 19:37:02 - [MESSAGE][PASSED] - Object 'Object Repository/Product Ecommerce/Verifikasi Halaman Product Anda' is present

2023-10-04 19:37:02 - [MESSAGE][PASSED] - Call Test Case 'Test Cases/Product Ecommerce/TC-PE-001' successfully

2023-10-04 19:37:02 - [TEST_STEP][PASSED] - mouseOver(findTestObject("Product Ecommerce/Image Gambar produk 1")): Object: 'Object Repository/Product Ecommerce/Image Gambar produk 1' is hovered

2023-10-04 19:37:02 - [MESSAGE][PASSED] - Object: 'Object Repository/Product Ecommerce/Image Gambar produk 1' is hovered

2023-10-04 19:37:02 - [TEST_STEP][PASSED] - click(findTestObject("Product Ecommerce/Tambahkan Product/Edit Data")): Object: 'Object Repository/Product Ecommerce/Tambahkan Product/Edit Data' is clicked on

2023-10-04 19:37:04 - [MESSAGE][PASSED] - Object: 'Object Repository/Product Ecommerce/Tambahkan Product/Edit Data' is clicked on

2023-10-04 19:37:04 - [TEST_STEP][PASSED] - setText(findTestObject("Product Ecommerce/Tambahkan Product/Input Minimum Order"), "-1"): Text '-1' is set on object 'Object Repository/Product Ecommerce/Tambahkan Product/Input Minimum Order'

2023-10-04 19:37:05 - [MESSAGE][PASSED] - Text '-1' is set on object 'Object Repository/Product Ecommerce/Tambahkan Product/Input Minimum Order'

2023-10-04 19:37:05 - [TEST_STEP][PASSED] - click(findTestObject("Product Ecommerce/Tambahkan Product/Button Update Data")): Object: 'Object Repository/Product Ecommerce/Tambahkan Product/Button Update Data' is clicked on

2023-10-04 19:37:06 - [MESSAGE][PASSED] - Object: 'Object Repository/Product Ecommerce/Tambahkan Product/Button Update Data' is clicked on

2023-10-04 19:37:06 - [TEST_STEP][PASSED] - driver = getWebDriver(): null

2023-10-04 19:37:06 - [TEST_STEP][ERROR] - field_username_element = driver.findElement(By.xpath("//input[@name="minimum"]")): Test Cases/Product Ecommerce/TC-PEN-005 FAILED.
Reason:
org.openqa.selenium.NoSuchElementException: no such element: Unable to locate element: {"method":"xpath","selector":"//input[@name="minimum"]"}
  (Session info: MicrosoftEdge=117.0.2045.47)
For documentation on this error, please visit: https://www.seleniumhq.org/exceptions/no_such_element.html
Build info: version: '3.141.59', revision: 'e82be7d358', time: '2018-11-14T08:25:53'
System info: host: 'RISWANDHA', ip: '10.9.2.19', os.name: 'Windows 10', os.arch: 'amd64', os.version: '10.0', java.version: '1.8.0_362'
Driver info: com.kms.katalon.selenium.driver.CEdgeDriver
Capabilities {acceptInsecureCerts: true, browserName: msedge, browserVersion: 117.0.2045.47, fedcm:accounts: true, javascriptEnabled: true, ms:edgeOptions: {debuggerAddress: localhost:59664}, msedge: {msedgedriverVersion: 117.0.2045.31 (fdd954ad1e8c..., userDataDir: C:\Users\Admin\AppData\Loca...}, networkConnectionEnabled: false, pageLoadStrategy: normal, platform: WINDOWS, platformName: WINDOWS, proxy: Proxy(), setWindowRect: true, strictFileInteractability: false, timeouts: {implicit: 0, pageLoad: 300000, script: 30000}, unhandledPromptBehavior: dismiss and notify, webauthn:extension:credBlob: true, webauthn:extension:largeBlob: true, webauthn:extension:minPinLength: true, webauthn:extension:prf: true, webauthn:virtualAuthenticators: true}
Session ID: c61d4650fcb1c6b6fb9d2adf659a89f8
*** Element info: {Using=xpath, value=//input[@name="minimum"]}
	at org.openqa.selenium.remote.http.W3CHttpResponseCodec.createException(W3CHttpResponseCodec.java:187)
	at org.openqa.selenium.remote.http.W3CHttpResponseCodec.decode(W3CHttpResponseCodec.java:122)
	at org.openqa.selenium.remote.http.W3CHttpResponseCodec.decode(W3CHttpResponseCodec.java:49)
	at org.openqa.selenium.remote.HttpCommandExecutor.execute(HttpCommandExecutor.java:158)
	at org.openqa.selenium.remote.service.DriverCommandExecutor.execute(DriverCommandExecutor.java:83)
	at org.openqa.selenium.remote.RemoteWebDriver.execute(RemoteWebDriver.java:552)
	at com.kms.katalon.selenium.driver.CEdgeDriver.execute(CEdgeDriver.java:20)
	at org.openqa.selenium.remote.RemoteWebDriver.findElement(RemoteWebDriver.java:323)
	at org.openqa.selenium.remote.RemoteWebDriver.findElementByXPath(RemoteWebDriver.java:428)
	at org.openqa.selenium.By$ByXPath.findElement(By.java:353)
	at org.openqa.selenium.remote.RemoteWebDriver.findElement(RemoteWebDriver.java:315)
	at org.openqa.selenium.support.events.EventFiringWebDriver.lambda$new$1(EventFiringWebDriver.java:105)
	at com.sun.proxy.$Proxy10.findElement(Unknown Source)
	at org.openqa.selenium.support.events.EventFiringWebDriver.findElement(EventFiringWebDriver.java:194)
	at org.openqa.selenium.WebDriver$findElement.call(Unknown Source)
	at TC-PEN-005.run(TC-PEN-005:41)
	at com.kms.katalon.core.main.ScriptEngine.run(ScriptEngine.java:194)
	at com.kms.katalon.core.main.ScriptEngine.runScriptAsRawText(ScriptEngine.java:119)
	at com.kms.katalon.core.main.TestCaseExecutor.runScript(TestCaseExecutor.java:448)
	at com.kms.katalon.core.main.TestCaseExecutor.doExecute(TestCaseExecutor.java:439)
	at com.kms.katalon.core.main.TestCaseExecutor.processExecutionPhase(TestCaseExecutor.java:418)
	at com.kms.katalon.core.main.TestCaseExecutor.accessMainPhase(TestCaseExecutor.java:410)
	at com.kms.katalon.core.main.TestCaseExecutor.execute(TestCaseExecutor.java:285)
	at com.kms.katalon.core.common.CommonExecutor.accessTestCaseMainPhase(CommonExecutor.java:65)
	at com.kms.katalon.core.main.TestSuiteExecutor.accessTestSuiteMainPhase(TestSuiteExecutor.java:148)
	at com.kms.katalon.core.main.TestSuiteExecutor.execute(TestSuiteExecutor.java:106)
	at com.kms.katalon.core.main.TestCaseMain.startTestSuite(TestCaseMain.java:187)
	at com.kms.katalon.core.main.TestCaseMain$startTestSuite$0.call(Unknown Source)
	at TempTestSuite1696422608926.run(TempTestSuite1696422608926.groovy:36)


2023-10-04 19:37:07 - [MESSAGE][ERROR] - Test Cases/Product Ecommerce/TC-PEN-005 FAILED.
Reason:
org.openqa.selenium.NoSuchElementException: no such element: Unable to locate element: {"method":"xpath","selector":"//input[@name="minimum"]"}
  (Session info: MicrosoftEdge=117.0.2045.47)
For documentation on this error, please visit: https://www.seleniumhq.org/exceptions/no_such_element.html
Build info: version: '3.141.59', revision: 'e82be7d358', time: '2018-11-14T08:25:53'
System info: host: 'RISWANDHA', ip: '10.9.2.19', os.name: 'Windows 10', os.arch: 'amd64', os.version: '10.0', java.version: '1.8.0_362'
Driver info: com.kms.katalon.selenium.driver.CEdgeDriver
Capabilities {acceptInsecureCerts: true, browserName: msedge, browserVersion: 117.0.2045.47, fedcm:accounts: true, javascriptEnabled: true, ms:edgeOptions: {debuggerAddress: localhost:59664}, msedge: {msedgedriverVersion: 117.0.2045.31 (fdd954ad1e8c..., userDataDir: C:\Users\Admin\AppData\Loca...}, networkConnectionEnabled: false, pageLoadStrategy: normal, platform: WINDOWS, platformName: WINDOWS, proxy: Proxy(), setWindowRect: true, strictFileInteractability: false, timeouts: {implicit: 0, pageLoad: 300000, script: 30000}, unhandledPromptBehavior: dismiss and notify, webauthn:extension:credBlob: true, webauthn:extension:largeBlob: true, webauthn:extension:minPinLength: true, webauthn:extension:prf: true, webauthn:virtualAuthenticators: true}
Session ID: c61d4650fcb1c6b6fb9d2adf659a89f8
*** Element info: {Using=xpath, value=//input[@name="minimum"]}
	at org.openqa.selenium.remote.http.W3CHttpResponseCodec.createException(W3CHttpResponseCodec.java:187)
	at org.openqa.selenium.remote.http.W3CHttpResponseCodec.decode(W3CHttpResponseCodec.java:122)
	at org.openqa.selenium.remote.http.W3CHttpResponseCodec.decode(W3CHttpResponseCodec.java:49)
	at org.openqa.selenium.remote.HttpCommandExecutor.execute(HttpCommandExecutor.java:158)
	at org.openqa.selenium.remote.service.DriverCommandExecutor.execute(DriverCommandExecutor.java:83)
	at org.openqa.selenium.remote.RemoteWebDriver.execute(RemoteWebDriver.java:552)
	at com.kms.katalon.selenium.driver.CEdgeDriver.execute(CEdgeDriver.java:20)
	at org.openqa.selenium.remote.RemoteWebDriver.findElement(RemoteWebDriver.java:323)
	at org.openqa.selenium.remote.RemoteWebDriver.findElementByXPath(RemoteWebDriver.java:428)
	at org.openqa.selenium.By$ByXPath.findElement(By.java:353)
	at org.openqa.selenium.remote.RemoteWebDriver.findElement(RemoteWebDriver.java:315)
	at org.openqa.selenium.support.events.EventFiringWebDriver.lambda$new$1(EventFiringWebDriver.java:105)
	at com.sun.proxy.$Proxy10.findElement(Unknown Source)
	at org.openqa.selenium.support.events.EventFiringWebDriver.findElement(EventFiringWebDriver.java:194)
	at org.openqa.selenium.WebDriver$findElement.call(Unknown Source)
	at TC-PEN-005.run(TC-PEN-005:41)
	at com.kms.katalon.core.main.ScriptEngine.run(ScriptEngine.java:194)
	at com.kms.katalon.core.main.ScriptEngine.runScriptAsRawText(ScriptEngine.java:119)
	at com.kms.katalon.core.main.TestCaseExecutor.runScript(TestCaseExecutor.java:448)
	at com.kms.katalon.core.main.TestCaseExecutor.doExecute(TestCaseExecutor.java:439)
	at com.kms.katalon.core.main.TestCaseExecutor.processExecutionPhase(TestCaseExecutor.java:418)
	at com.kms.katalon.core.main.TestCaseExecutor.accessMainPhase(TestCaseExecutor.java:410)
	at com.kms.katalon.core.main.TestCaseExecutor.execute(TestCaseExecutor.java:285)
	at com.kms.katalon.core.common.CommonExecutor.accessTestCaseMainPhase(CommonExecutor.java:65)
	at com.kms.katalon.core.main.TestSuiteExecutor.accessTestSuiteMainPhase(TestSuiteExecutor.java:148)
	at com.kms.katalon.core.main.TestSuiteExecutor.execute(TestSuiteExecutor.java:106)
	at com.kms.katalon.core.main.TestCaseMain.startTestSuite(TestCaseMain.java:187)
	at com.kms.katalon.core.main.TestCaseMain$startTestSuite$0.call(Unknown Source)
	at TempTestSuite1696422608926.run(TempTestSuite1696422608926.groovy:36)]]></system-out>
         <system-err><![CDATA[2023-10-04 19:36:47 - [TEST_CASE][ERROR] - Test Cases/Product Ecommerce/TC-PEN-005: Test Cases/Product Ecommerce/TC-PEN-005 FAILED.
Reason:
org.openqa.selenium.NoSuchElementException: no such element: Unable to locate element: {"method":"xpath","selector":"//input[@name="minimum"]"}
  (Session info: MicrosoftEdge=117.0.2045.47)
For documentation on this error, please visit: https://www.seleniumhq.org/exceptions/no_such_element.html
Build info: version: '3.141.59', revision: 'e82be7d358', time: '2018-11-14T08:25:53'
System info: host: 'RISWANDHA', ip: '10.9.2.19', os.name: 'Windows 10', os.arch: 'amd64', os.version: '10.0', java.version: '1.8.0_362'
Driver info: com.kms.katalon.selenium.driver.CEdgeDriver
Capabilities {acceptInsecureCerts: true, browserName: msedge, browserVersion: 117.0.2045.47, fedcm:accounts: true, javascriptEnabled: true, ms:edgeOptions: {debuggerAddress: localhost:59664}, msedge: {msedgedriverVersion: 117.0.2045.31 (fdd954ad1e8c..., userDataDir: C:\Users\Admin\AppData\Loca...}, networkConnectionEnabled: false, pageLoadStrategy: normal, platform: WINDOWS, platformName: WINDOWS, proxy: Proxy(), setWindowRect: true, strictFileInteractability: false, timeouts: {implicit: 0, pageLoad: 300000, script: 30000}, unhandledPromptBehavior: dismiss and notify, webauthn:extension:credBlob: true, webauthn:extension:largeBlob: true, webauthn:extension:minPinLength: true, webauthn:extension:prf: true, webauthn:virtualAuthenticators: true}
Session ID: c61d4650fcb1c6b6fb9d2adf659a89f8
*** Element info: {Using=xpath, value=//input[@name="minimum"]}
	at org.openqa.selenium.remote.http.W3CHttpResponseCodec.createException(W3CHttpResponseCodec.java:187)
	at org.openqa.selenium.remote.http.W3CHttpResponseCodec.decode(W3CHttpResponseCodec.java:122)
	at org.openqa.selenium.remote.http.W3CHttpResponseCodec.decode(W3CHttpResponseCodec.java:49)
	at org.openqa.selenium.remote.HttpCommandExecutor.execute(HttpCommandExecutor.java:158)
	at org.openqa.selenium.remote.service.DriverCommandExecutor.execute(DriverCommandExecutor.java:83)
	at org.openqa.selenium.remote.RemoteWebDriver.execute(RemoteWebDriver.java:552)
	at com.kms.katalon.selenium.driver.CEdgeDriver.execute(CEdgeDriver.java:20)
	at org.openqa.selenium.remote.RemoteWebDriver.findElement(RemoteWebDriver.java:323)
	at org.openqa.selenium.remote.RemoteWebDriver.findElementByXPath(RemoteWebDriver.java:428)
	at org.openqa.selenium.By$ByXPath.findElement(By.java:353)
	at org.openqa.selenium.remote.RemoteWebDriver.findElement(RemoteWebDriver.java:315)
	at org.openqa.selenium.support.events.EventFiringWebDriver.lambda$new$1(EventFiringWebDriver.java:105)
	at com.sun.proxy.$Proxy10.findElement(Unknown Source)
	at org.openqa.selenium.support.events.EventFiringWebDriver.findElement(EventFiringWebDriver.java:194)
	at org.openqa.selenium.WebDriver$findElement.call(Unknown Source)
	at TC-PEN-005.run(TC-PEN-005:41)
	at com.kms.katalon.core.main.ScriptEngine.run(ScriptEngine.java:194)
	at com.kms.katalon.core.main.ScriptEngine.runScriptAsRawText(ScriptEngine.java:119)
	at com.kms.katalon.core.main.TestCaseExecutor.runScript(TestCaseExecutor.java:448)
	at com.kms.katalon.core.main.TestCaseExecutor.doExecute(TestCaseExecutor.java:439)
	at com.kms.katalon.core.main.TestCaseExecutor.processExecutionPhase(TestCaseExecutor.java:418)
	at com.kms.katalon.core.main.TestCaseExecutor.accessMainPhase(TestCaseExecutor.java:410)
	at com.kms.katalon.core.main.TestCaseExecutor.execute(TestCaseExecutor.java:285)
	at com.kms.katalon.core.common.CommonExecutor.accessTestCaseMainPhase(CommonExecutor.java:65)
	at com.kms.katalon.core.main.TestSuiteExecutor.accessTestSuiteMainPhase(TestSuiteExecutor.java:148)
	at com.kms.katalon.core.main.TestSuiteExecutor.execute(TestSuiteExecutor.java:106)
	at com.kms.katalon.core.main.TestCaseMain.startTestSuite(TestCaseMain.java:187)
	at com.kms.katalon.core.main.TestCaseMain$startTestSuite$0.call(Unknown Source)
	at TempTestSuite1696422608926.run(TempTestSuite1696422608926.groovy:36)]]></system-err>
      </testcase>
      <testcase name="Test Cases/Product Ecommerce/TC-PEN-006" time="25.098" classname="Test Cases/Product Ecommerce/TC-PEN-006" status="PASSED">
         <system-out><![CDATA[2023-10-04 19:37:07 - [TEST_CASE][PASSED] - Test Cases/Product Ecommerce/TC-PEN-006: Test Cases/Product Ecommerce/TC-PEN-006

2023-10-04 19:37:07 - [TEST_STEP][PASSED] - callTestCase(findTestCase("Product Ecommerce/TC-PE-009"), ["kodeKupon":"product30", "jumlah":"4", "expired":"2023-11-11", "minOrder":"2", "nilai":"300"], STOP_ON_FAILURE): Call Test Case 'Test Cases/Product Ecommerce/TC-PE-009' successfully

2023-10-04 19:37:08 - [TEST_CASE][PASSED] - Test Cases/Product Ecommerce/TC-PE-009: Test Cases/Product Ecommerce/TC-PE-009

2023-10-04 19:37:08 - [TEST_STEP][PASSED] - callTestCase(findTestCase("Product Ecommerce/TC-PE-001"), [:], STOP_ON_FAILURE): Call Test Case 'Test Cases/Product Ecommerce/TC-PE-001' successfully

2023-10-04 19:37:08 - [TEST_CASE][PASSED] - Test Cases/Product Ecommerce/TC-PE-001: Test Cases/Product Ecommerce/TC-PE-001

2023-10-04 19:37:08 - [TEST_STEP][PASSED] - callTestCase(findTestCase("Login Ecommerce/TC-Login Ecomerce-001"), [:], STOP_ON_FAILURE): Call Test Case 'Test Cases/Login Ecommerce/TC-Login Ecomerce-001' successfully

2023-10-04 19:37:08 - [TEST_CASE][PASSED] - Test Cases/Login Ecommerce/TC-Login Ecomerce-001: Test Cases/Login Ecommerce/TC-Login Ecomerce-001

2023-10-04 19:37:08 - [TEST_STEP][PASSED] - openBrowser(userTajalapak): Browser is opened with url: 'https://10.9.2.63/ecommerce/'

2023-10-04 19:37:08 - [MESSAGE][WARNING] - A browser is already opened. Closing browser and opening a new one

2023-10-04 19:37:09 - [MESSAGE][INFO] - Starting 'Edge Chromium' driver

2023-10-04 19:37:09 - [MESSAGE][INFO] - User set preference: ['acceptInsecureCerts', 'true']

2023-10-04 19:37:09 - [MESSAGE][INFO] - Action delay is set to 0 milliseconds

2023-10-04 19:37:13 - [MESSAGE][PASSED] - Browser is opened with url: 'https://10.9.2.63/ecommerce/'

2023-10-04 19:37:13 - [TEST_STEP][PASSED] - maximizeWindow(): Current window maximized

2023-10-04 19:37:13 - [MESSAGE][PASSED] - Current window maximized

2023-10-04 19:37:13 - [TEST_STEP][PASSED] - verifyElementPresent(findTestObject("Login Ecommerce/Verifikasi Halaman Login Akun"), 0): Object 'Object Repository/Login Ecommerce/Verifikasi Halaman Login Akun' is present

2023-10-04 19:37:13 - [MESSAGE][WARNING] - Timeout '0' is invalid. Using default page load timeout: '30'

2023-10-04 19:37:14 - [MESSAGE][PASSED] - Object 'Object Repository/Login Ecommerce/Verifikasi Halaman Login Akun' is present

2023-10-04 19:37:14 - [TEST_STEP][PASSED] - click(findTestObject("Login Ecommerce/Login Akun")): Object: 'Object Repository/Login Ecommerce/Login Akun' is clicked on

2023-10-04 19:37:14 - [MESSAGE][PASSED] - Object: 'Object Repository/Login Ecommerce/Login Akun' is clicked on

2023-10-04 19:37:14 - [TEST_STEP][PASSED] - verifyElementPresent(findTestObject("Login Ecommerce/Verifikasi Halaman Login Akun"), 0): Object 'Object Repository/Login Ecommerce/Verifikasi Halaman Login Akun' is present

2023-10-04 19:37:15 - [MESSAGE][WARNING] - Timeout '0' is invalid. Using default page load timeout: '30'

2023-10-04 19:37:15 - [MESSAGE][PASSED] - Object 'Object Repository/Login Ecommerce/Verifikasi Halaman Login Akun' is present

2023-10-04 19:37:15 - [TEST_STEP][PASSED] - setText(findTestObject("Login Ecommerce/Input Username"), "riswandha"): Text 'riswandha' is set on object 'Object Repository/Login Ecommerce/Input Username'

2023-10-04 19:37:16 - [MESSAGE][PASSED] - Text 'riswandha' is set on object 'Object Repository/Login Ecommerce/Input Username'

2023-10-04 19:37:16 - [TEST_STEP][PASSED] - setEncryptedText(findTestObject("Login Ecommerce/Input Password"), "iGDxf8hSRT4="): Text ****** has been set on object 'Object Repository/Login Ecommerce/Input Password'

2023-10-04 19:37:17 - [MESSAGE][PASSED] - Text ****** has been set on object 'Object Repository/Login Ecommerce/Input Password'

2023-10-04 19:37:17 - [TEST_STEP][PASSED] - click(findTestObject("Login Ecommerce/Button Masuk")): Object: 'Object Repository/Login Ecommerce/Button Masuk' is clicked on

2023-10-04 19:37:19 - [MESSAGE][PASSED] - Object: 'Object Repository/Login Ecommerce/Button Masuk' is clicked on

2023-10-04 19:37:19 - [TEST_STEP][PASSED] - verifyElementPresent(findTestObject("Login Ecommerce/Verifikasi Login Akun"), 0): Object 'Object Repository/Login Ecommerce/Verifikasi Login Akun' is present

2023-10-04 19:37:19 - [MESSAGE][WARNING] - Timeout '0' is invalid. Using default page load timeout: '30'

2023-10-04 19:37:20 - [MESSAGE][PASSED] - Object 'Object Repository/Login Ecommerce/Verifikasi Login Akun' is present

2023-10-04 19:37:20 - [MESSAGE][PASSED] - Call Test Case 'Test Cases/Login Ecommerce/TC-Login Ecomerce-001' successfully

2023-10-04 19:37:20 - [TEST_STEP][PASSED] - mouseOver(findTestObject("Product Ecommerce/Button Menu toko")): Object: 'Object Repository/Product Ecommerce/Button Menu toko' is hovered

2023-10-04 19:37:20 - [MESSAGE][PASSED] - Object: 'Object Repository/Product Ecommerce/Button Menu toko' is hovered

2023-10-04 19:37:20 - [TEST_STEP][PASSED] - click(findTestObject("Product Ecommerce/Button Daftar Produk")): Object: 'Object Repository/Product Ecommerce/Button Daftar Produk' is clicked on

2023-10-04 19:37:21 - [MESSAGE][PASSED] - Object: 'Object Repository/Product Ecommerce/Button Daftar Produk' is clicked on

2023-10-04 19:37:21 - [TEST_STEP][PASSED] - verifyElementPresent(findTestObject("Product Ecommerce/Verifikasi Halaman Product Anda"), 0): Object 'Object Repository/Product Ecommerce/Verifikasi Halaman Product Anda' is present

2023-10-04 19:37:21 - [MESSAGE][WARNING] - Timeout '0' is invalid. Using default page load timeout: '30'

2023-10-04 19:37:22 - [MESSAGE][PASSED] - Object 'Object Repository/Product Ecommerce/Verifikasi Halaman Product Anda' is present

2023-10-04 19:37:22 - [MESSAGE][PASSED] - Call Test Case 'Test Cases/Product Ecommerce/TC-PE-001' successfully

2023-10-04 19:37:22 - [TEST_STEP][PASSED] - mouseOver(findTestObject("Product Ecommerce/Image Gambar produk 1")): Object: 'Object Repository/Product Ecommerce/Image Gambar produk 1' is hovered

2023-10-04 19:37:22 - [MESSAGE][PASSED] - Object: 'Object Repository/Product Ecommerce/Image Gambar produk 1' is hovered

2023-10-04 19:37:22 - [TEST_STEP][PASSED] - click(findTestObject("Product Ecommerce/Tambahkan Product/Edit Data")): Object: 'Object Repository/Product Ecommerce/Tambahkan Product/Edit Data' is clicked on

2023-10-04 19:37:24 - [MESSAGE][PASSED] - Object: 'Object Repository/Product Ecommerce/Tambahkan Product/Edit Data' is clicked on

2023-10-04 19:37:24 - [TEST_STEP][PASSED] - click(findTestObject("Product Ecommerce/Kupon/Button Buat Product")): Object: 'Object Repository/Product Ecommerce/Kupon/Button Buat Product' is clicked on

2023-10-04 19:37:24 - [MESSAGE][PASSED] - Object: 'Object Repository/Product Ecommerce/Kupon/Button Buat Product' is clicked on

2023-10-04 19:37:24 - [TEST_STEP][PASSED] - verifyElementPresent(findTestObject("Product Ecommerce/Kupon/Verifikasi Halaman Voucher Product"), 0): Object 'Object Repository/Product Ecommerce/Kupon/Verifikasi Halaman Voucher Product' is present

2023-10-04 19:37:24 - [MESSAGE][WARNING] - Timeout '0' is invalid. Using default page load timeout: '30'

2023-10-04 19:37:25 - [MESSAGE][PASSED] - Object 'Object Repository/Product Ecommerce/Kupon/Verifikasi Halaman Voucher Product' is present

2023-10-04 19:37:25 - [TEST_STEP][PASSED] - setText(findTestObject("Product Ecommerce/Kupon/Input Kode Kupon"), kodeKupon): Text 'product30' is set on object 'Object Repository/Product Ecommerce/Kupon/Input Kode Kupon'

2023-10-04 19:37:26 - [MESSAGE][PASSED] - Text 'product30' is set on object 'Object Repository/Product Ecommerce/Kupon/Input Kode Kupon'

2023-10-04 19:37:26 - [TEST_STEP][PASSED] - setText(findTestObject("Product Ecommerce/Kupon/Input Jumlah Kode kupon"), jumlah): Text '4' is set on object 'Object Repository/Product Ecommerce/Kupon/Input Jumlah Kode kupon'

2023-10-04 19:37:26 - [MESSAGE][PASSED] - Text '4' is set on object 'Object Repository/Product Ecommerce/Kupon/Input Jumlah Kode kupon'

2023-10-04 19:37:26 - [TEST_STEP][PASSED] - setText(findTestObject("Product Ecommerce/Kupon/Input Masa Berlaku"), expired): Text '2023-11-11' is set on object 'Object Repository/Product Ecommerce/Kupon/Input Masa Berlaku'

2023-10-04 19:37:27 - [MESSAGE][PASSED] - Text '2023-11-11' is set on object 'Object Repository/Product Ecommerce/Kupon/Input Masa Berlaku'

2023-10-04 19:37:27 - [TEST_STEP][PASSED] - setText(findTestObject("Product Ecommerce/Kupon/Input Min Order"), minOrder): Text '2' is set on object 'Object Repository/Product Ecommerce/Kupon/Input Min Order'

2023-10-04 19:37:28 - [MESSAGE][PASSED] - Text '2' is set on object 'Object Repository/Product Ecommerce/Kupon/Input Min Order'

2023-10-04 19:37:28 - [TEST_STEP][PASSED] - setText(findTestObject("Product Ecommerce/Kupon/Input Nilai Kupon"), nilai): Text '300' is set on object 'Object Repository/Product Ecommerce/Kupon/Input Nilai Kupon'

2023-10-04 19:37:29 - [MESSAGE][PASSED] - Text '300' is set on object 'Object Repository/Product Ecommerce/Kupon/Input Nilai Kupon'

2023-10-04 19:37:29 - [TEST_STEP][PASSED] - click(findTestObject("Product Ecommerce/Kupon/Button Simpan")): Object: 'Object Repository/Product Ecommerce/Kupon/Button Simpan' is clicked on

2023-10-04 19:37:29 - [MESSAGE][PASSED] - Object: 'Object Repository/Product Ecommerce/Kupon/Button Simpan' is clicked on

2023-10-04 19:37:29 - [TEST_STEP][PASSED] - dataList = findWebElements(findTestObject("Object Repository/Product Ecommerce/Kupon/Data Semua Voucher"), 10): null

2023-10-04 19:37:31 - [TEST_STEP][PASSED] - dataKupon = "": null

2023-10-04 19:37:31 - [TEST_STEP][PASSED] - for ([i = 0, i < dataList.size(), (i++)]): null

2023-10-04 19:37:31 - [TEST_STEP][PASSED] - text = text: null

2023-10-04 19:37:31 - [TEST_STEP][PASSED] - dataKupon = dataKupon + text: null

2023-10-04 19:37:31 - [TEST_STEP][PASSED] - println(dataKupon): null

2023-10-04 19:37:31 - [TEST_STEP][PASSED] - assert dataKupon.contains(kodeKupon): null

2023-10-04 19:37:31 - [TEST_STEP][PASSED] - assert dataKupon.contains(jumlah): null

2023-10-04 19:37:31 - [TEST_STEP][PASSED] - assert dataKupon.contains(expired): null

2023-10-04 19:37:31 - [TEST_STEP][PASSED] - assert dataKupon.contains(minOrder): null

2023-10-04 19:37:31 - [TEST_STEP][PASSED] - assert dataKupon.contains(nilai): null

2023-10-04 19:37:31 - [MESSAGE][PASSED] - Call Test Case 'Test Cases/Product Ecommerce/TC-PE-009' successfully

2023-10-04 19:37:31 - [TEST_STEP][PASSED] - click(findTestObject("Product Ecommerce/Kupon/Button Edit Voucher")): Object: 'Object Repository/Product Ecommerce/Kupon/Button Edit Voucher' is clicked on

2023-10-04 19:37:31 - [MESSAGE][PASSED] - Object: 'Object Repository/Product Ecommerce/Kupon/Button Edit Voucher' is clicked on

2023-10-04 19:37:31 - [TEST_STEP][PASSED] - setText(findTestObject("Product Ecommerce/Kupon/Input Kode Kupon"), "Product 31"): Text 'Product 31' is set on object 'Object Repository/Product Ecommerce/Kupon/Input Kode Kupon'

2023-10-04 19:37:32 - [MESSAGE][PASSED] - Text 'Product 31' is set on object 'Object Repository/Product Ecommerce/Kupon/Input Kode Kupon'

2023-10-04 19:37:32 - [TEST_STEP][PASSED] - notif = getAlertText(): Get alert text successfully: 'Maaf, Tidak Boleh Menggunakan Spasi,..'

2023-10-04 19:37:32 - [MESSAGE][PASSED] - Get alert text successfully: 'Maaf, Tidak Boleh Menggunakan Spasi,..'

2023-10-04 19:37:32 - [TEST_STEP][PASSED] - assert notif == "Maaf, Tidak Boleh Menggunakan Spasi,..": null]]></system-out>
         <system-err><![CDATA[]]></system-err>
      </testcase>
      <testcase name="Test Cases/Product Ecommerce/TC-PEN-007" time="18.815" classname="Test Cases/Product Ecommerce/TC-PEN-007" status="FAILED">
         <failure type="FAILED" message="Test Cases/Product Ecommerce/TC-PEN-007 FAILED.
Reason:
Assertion failed: 

assert accept_button_message == &quot;Please input Valid.&quot;
       |                     |
       &quot;&quot;                    false

	at TC-PEN-007.run(TC-PEN-007:53)
	at com.kms.katalon.core.main.ScriptEngine.run(ScriptEngine.java:194)
	at com.kms.katalon.core.main.ScriptEngine.runScriptAsRawText(ScriptEngine.java:119)
	at com.kms.katalon.core.main.TestCaseExecutor.runScript(TestCaseExecutor.java:448)
	at com.kms.katalon.core.main.TestCaseExecutor.doExecute(TestCaseExecutor.java:439)
	at com.kms.katalon.core.main.TestCaseExecutor.processExecutionPhase(TestCaseExecutor.java:418)
	at com.kms.katalon.core.main.TestCaseExecutor.accessMainPhase(TestCaseExecutor.java:410)
	at com.kms.katalon.core.main.TestCaseExecutor.execute(TestCaseExecutor.java:285)
	at com.kms.katalon.core.common.CommonExecutor.accessTestCaseMainPhase(CommonExecutor.java:65)
	at com.kms.katalon.core.main.TestSuiteExecutor.accessTestSuiteMainPhase(TestSuiteExecutor.java:148)
	at com.kms.katalon.core.main.TestSuiteExecutor.execute(TestSuiteExecutor.java:106)
	at com.kms.katalon.core.main.TestCaseMain.startTestSuite(TestCaseMain.java:187)
	at com.kms.katalon.core.main.TestCaseMain$startTestSuite$0.call(Unknown Source)
	at TempTestSuite1696422608926.run(TempTestSuite1696422608926.groovy:36)
"/>
         <system-out><![CDATA[2023-10-04 19:37:32 - [TEST_CASE][FAILED] - Test Cases/Product Ecommerce/TC-PEN-007: Test Cases/Product Ecommerce/TC-PEN-007 FAILED.
Reason:
Assertion failed: 

assert accept_button_message == "Please input Valid."
       |                     |
       ""                    false

	at TC-PEN-007.run(TC-PEN-007:53)
	at com.kms.katalon.core.main.ScriptEngine.run(ScriptEngine.java:194)
	at com.kms.katalon.core.main.ScriptEngine.runScriptAsRawText(ScriptEngine.java:119)
	at com.kms.katalon.core.main.TestCaseExecutor.runScript(TestCaseExecutor.java:448)
	at com.kms.katalon.core.main.TestCaseExecutor.doExecute(TestCaseExecutor.java:439)
	at com.kms.katalon.core.main.TestCaseExecutor.processExecutionPhase(TestCaseExecutor.java:418)
	at com.kms.katalon.core.main.TestCaseExecutor.accessMainPhase(TestCaseExecutor.java:410)
	at com.kms.katalon.core.main.TestCaseExecutor.execute(TestCaseExecutor.java:285)
	at com.kms.katalon.core.common.CommonExecutor.accessTestCaseMainPhase(CommonExecutor.java:65)
	at com.kms.katalon.core.main.TestSuiteExecutor.accessTestSuiteMainPhase(TestSuiteExecutor.java:148)
	at com.kms.katalon.core.main.TestSuiteExecutor.execute(TestSuiteExecutor.java:106)
	at com.kms.katalon.core.main.TestCaseMain.startTestSuite(TestCaseMain.java:187)
	at com.kms.katalon.core.main.TestCaseMain$startTestSuite$0.call(Unknown Source)
	at TempTestSuite1696422608926.run(TempTestSuite1696422608926.groovy:36)


2023-10-04 19:37:32 - [TEST_STEP][PASSED] - callTestCase(findTestCase("Product Ecommerce/TC-PE-001"), [:], STOP_ON_FAILURE): Call Test Case 'Test Cases/Product Ecommerce/TC-PE-001' successfully

2023-10-04 19:37:32 - [TEST_CASE][PASSED] - Test Cases/Product Ecommerce/TC-PE-001: Test Cases/Product Ecommerce/TC-PE-001

2023-10-04 19:37:32 - [TEST_STEP][PASSED] - callTestCase(findTestCase("Login Ecommerce/TC-Login Ecomerce-001"), [:], STOP_ON_FAILURE): Call Test Case 'Test Cases/Login Ecommerce/TC-Login Ecomerce-001' successfully

2023-10-04 19:37:33 - [TEST_CASE][PASSED] - Test Cases/Login Ecommerce/TC-Login Ecomerce-001: Test Cases/Login Ecommerce/TC-Login Ecomerce-001

2023-10-04 19:37:33 - [TEST_STEP][PASSED] - openBrowser(userTajalapak): Browser is opened with url: 'https://10.9.2.63/ecommerce/'

2023-10-04 19:37:33 - [MESSAGE][WARNING] - A browser is already opened. Closing browser and opening a new one

2023-10-04 19:37:33 - [MESSAGE][INFO] - Starting 'Edge Chromium' driver

2023-10-04 19:37:33 - [MESSAGE][INFO] - User set preference: ['acceptInsecureCerts', 'true']

2023-10-04 19:37:34 - [MESSAGE][INFO] - Action delay is set to 0 milliseconds

2023-10-04 19:37:37 - [MESSAGE][PASSED] - Browser is opened with url: 'https://10.9.2.63/ecommerce/'

2023-10-04 19:37:37 - [TEST_STEP][PASSED] - maximizeWindow(): Current window maximized

2023-10-04 19:37:37 - [MESSAGE][PASSED] - Current window maximized

2023-10-04 19:37:37 - [TEST_STEP][PASSED] - verifyElementPresent(findTestObject("Login Ecommerce/Verifikasi Halaman Login Akun"), 0): Object 'Object Repository/Login Ecommerce/Verifikasi Halaman Login Akun' is present

2023-10-04 19:37:37 - [MESSAGE][WARNING] - Timeout '0' is invalid. Using default page load timeout: '30'

2023-10-04 19:37:37 - [MESSAGE][PASSED] - Object 'Object Repository/Login Ecommerce/Verifikasi Halaman Login Akun' is present

2023-10-04 19:37:37 - [TEST_STEP][PASSED] - click(findTestObject("Login Ecommerce/Login Akun")): Object: 'Object Repository/Login Ecommerce/Login Akun' is clicked on

2023-10-04 19:37:38 - [MESSAGE][PASSED] - Object: 'Object Repository/Login Ecommerce/Login Akun' is clicked on

2023-10-04 19:37:38 - [TEST_STEP][PASSED] - verifyElementPresent(findTestObject("Login Ecommerce/Verifikasi Halaman Login Akun"), 0): Object 'Object Repository/Login Ecommerce/Verifikasi Halaman Login Akun' is present

2023-10-04 19:37:38 - [MESSAGE][WARNING] - Timeout '0' is invalid. Using default page load timeout: '30'

2023-10-04 19:37:38 - [MESSAGE][PASSED] - Object 'Object Repository/Login Ecommerce/Verifikasi Halaman Login Akun' is present

2023-10-04 19:37:38 - [TEST_STEP][PASSED] - setText(findTestObject("Login Ecommerce/Input Username"), "riswandha"): Text 'riswandha' is set on object 'Object Repository/Login Ecommerce/Input Username'

2023-10-04 19:37:39 - [MESSAGE][PASSED] - Text 'riswandha' is set on object 'Object Repository/Login Ecommerce/Input Username'

2023-10-04 19:37:39 - [TEST_STEP][PASSED] - setEncryptedText(findTestObject("Login Ecommerce/Input Password"), "iGDxf8hSRT4="): Text ****** has been set on object 'Object Repository/Login Ecommerce/Input Password'

2023-10-04 19:37:40 - [MESSAGE][PASSED] - Text ****** has been set on object 'Object Repository/Login Ecommerce/Input Password'

2023-10-04 19:37:40 - [TEST_STEP][PASSED] - click(findTestObject("Login Ecommerce/Button Masuk")): Object: 'Object Repository/Login Ecommerce/Button Masuk' is clicked on

2023-10-04 19:37:41 - [MESSAGE][PASSED] - Object: 'Object Repository/Login Ecommerce/Button Masuk' is clicked on

2023-10-04 19:37:41 - [TEST_STEP][PASSED] - verifyElementPresent(findTestObject("Login Ecommerce/Verifikasi Login Akun"), 0): Object 'Object Repository/Login Ecommerce/Verifikasi Login Akun' is present

2023-10-04 19:37:41 - [MESSAGE][WARNING] - Timeout '0' is invalid. Using default page load timeout: '30'

2023-10-04 19:37:42 - [MESSAGE][PASSED] - Object 'Object Repository/Login Ecommerce/Verifikasi Login Akun' is present

2023-10-04 19:37:42 - [MESSAGE][PASSED] - Call Test Case 'Test Cases/Login Ecommerce/TC-Login Ecomerce-001' successfully

2023-10-04 19:37:42 - [TEST_STEP][PASSED] - mouseOver(findTestObject("Product Ecommerce/Button Menu toko")): Object: 'Object Repository/Product Ecommerce/Button Menu toko' is hovered

2023-10-04 19:37:42 - [MESSAGE][PASSED] - Object: 'Object Repository/Product Ecommerce/Button Menu toko' is hovered

2023-10-04 19:37:42 - [TEST_STEP][PASSED] - click(findTestObject("Product Ecommerce/Button Daftar Produk")): Object: 'Object Repository/Product Ecommerce/Button Daftar Produk' is clicked on

2023-10-04 19:37:44 - [MESSAGE][PASSED] - Object: 'Object Repository/Product Ecommerce/Button Daftar Produk' is clicked on

2023-10-04 19:37:44 - [TEST_STEP][PASSED] - verifyElementPresent(findTestObject("Product Ecommerce/Verifikasi Halaman Product Anda"), 0): Object 'Object Repository/Product Ecommerce/Verifikasi Halaman Product Anda' is present

2023-10-04 19:37:44 - [MESSAGE][WARNING] - Timeout '0' is invalid. Using default page load timeout: '30'

2023-10-04 19:37:44 - [MESSAGE][PASSED] - Object 'Object Repository/Product Ecommerce/Verifikasi Halaman Product Anda' is present

2023-10-04 19:37:44 - [MESSAGE][PASSED] - Call Test Case 'Test Cases/Product Ecommerce/TC-PE-001' successfully

2023-10-04 19:37:44 - [TEST_STEP][PASSED] - mouseOver(findTestObject("Product Ecommerce/Image Gambar produk 1")): Object: 'Object Repository/Product Ecommerce/Image Gambar produk 1' is hovered

2023-10-04 19:37:45 - [MESSAGE][PASSED] - Object: 'Object Repository/Product Ecommerce/Image Gambar produk 1' is hovered

2023-10-04 19:37:45 - [TEST_STEP][PASSED] - click(findTestObject("Product Ecommerce/Tambahkan Product/Edit Data")): Object: 'Object Repository/Product Ecommerce/Tambahkan Product/Edit Data' is clicked on

2023-10-04 19:37:46 - [MESSAGE][PASSED] - Object: 'Object Repository/Product Ecommerce/Tambahkan Product/Edit Data' is clicked on

2023-10-04 19:37:46 - [TEST_STEP][PASSED] - click(findTestObject("Product Ecommerce/Kupon/Button Buat Product")): Object: 'Object Repository/Product Ecommerce/Kupon/Button Buat Product' is clicked on

2023-10-04 19:37:47 - [MESSAGE][PASSED] - Object: 'Object Repository/Product Ecommerce/Kupon/Button Buat Product' is clicked on

2023-10-04 19:37:47 - [TEST_STEP][PASSED] - verifyElementPresent(findTestObject("Product Ecommerce/Kupon/Verifikasi Halaman Voucher Product"), 0): Object 'Object Repository/Product Ecommerce/Kupon/Verifikasi Halaman Voucher Product' is present

2023-10-04 19:37:47 - [MESSAGE][WARNING] - Timeout '0' is invalid. Using default page load timeout: '30'

2023-10-04 19:37:48 - [MESSAGE][PASSED] - Object 'Object Repository/Product Ecommerce/Kupon/Verifikasi Halaman Voucher Product' is present

2023-10-04 19:37:48 - [TEST_STEP][PASSED] - click(findTestObject("Product Ecommerce/Kupon/Button Edit Voucher")): Object: 'Object Repository/Product Ecommerce/Kupon/Button Edit Voucher' is clicked on

2023-10-04 19:37:48 - [MESSAGE][PASSED] - Object: 'Object Repository/Product Ecommerce/Kupon/Button Edit Voucher' is clicked on

2023-10-04 19:37:48 - [TEST_STEP][PASSED] - setText(findTestObject("Product Ecommerce/Kupon/Input Jumlah Kode kupon"), "-1"): Text '-1' is set on object 'Object Repository/Product Ecommerce/Kupon/Input Jumlah Kode kupon'

2023-10-04 19:37:49 - [MESSAGE][PASSED] - Text '-1' is set on object 'Object Repository/Product Ecommerce/Kupon/Input Jumlah Kode kupon'

2023-10-04 19:37:49 - [TEST_STEP][PASSED] - click(findTestObject("Product Ecommerce/Kupon/Button Simpan")): Object: 'Object Repository/Product Ecommerce/Kupon/Button Simpan' is clicked on

2023-10-04 19:37:50 - [MESSAGE][PASSED] - Object: 'Object Repository/Product Ecommerce/Kupon/Button Simpan' is clicked on

2023-10-04 19:37:50 - [TEST_STEP][PASSED] - driver = getWebDriver(): null

2023-10-04 19:37:50 - [TEST_STEP][PASSED] - field_username_element = driver.findElement(By.xpath("//input[@id="jumlah_kupon"]")): null

2023-10-04 19:37:51 - [TEST_STEP][PASSED] - accept_button_message = driver.executeScript("return arguments[0].validationMessage", field_username_element): null

2023-10-04 19:37:51 - [TEST_STEP][PASSED] - println(accept_button_message): null

2023-10-04 19:37:51 - [TEST_STEP][FAILED] - assert accept_button_message == "Please input Valid.": Test Cases/Product Ecommerce/TC-PEN-007 FAILED.
Reason:
Assertion failed: 

assert accept_button_message == "Please input Valid."
       |                     |
       ""                    false

	at TC-PEN-007.run(TC-PEN-007:53)
	at com.kms.katalon.core.main.ScriptEngine.run(ScriptEngine.java:194)
	at com.kms.katalon.core.main.ScriptEngine.runScriptAsRawText(ScriptEngine.java:119)
	at com.kms.katalon.core.main.TestCaseExecutor.runScript(TestCaseExecutor.java:448)
	at com.kms.katalon.core.main.TestCaseExecutor.doExecute(TestCaseExecutor.java:439)
	at com.kms.katalon.core.main.TestCaseExecutor.processExecutionPhase(TestCaseExecutor.java:418)
	at com.kms.katalon.core.main.TestCaseExecutor.accessMainPhase(TestCaseExecutor.java:410)
	at com.kms.katalon.core.main.TestCaseExecutor.execute(TestCaseExecutor.java:285)
	at com.kms.katalon.core.common.CommonExecutor.accessTestCaseMainPhase(CommonExecutor.java:65)
	at com.kms.katalon.core.main.TestSuiteExecutor.accessTestSuiteMainPhase(TestSuiteExecutor.java:148)
	at com.kms.katalon.core.main.TestSuiteExecutor.execute(TestSuiteExecutor.java:106)
	at com.kms.katalon.core.main.TestCaseMain.startTestSuite(TestCaseMain.java:187)
	at com.kms.katalon.core.main.TestCaseMain$startTestSuite$0.call(Unknown Source)
	at TempTestSuite1696422608926.run(TempTestSuite1696422608926.groovy:36)


2023-10-04 19:37:51 - [MESSAGE][FAILED] - Test Cases/Product Ecommerce/TC-PEN-007 FAILED.
Reason:
Assertion failed: 

assert accept_button_message == "Please input Valid."
       |                     |
       ""                    false

	at TC-PEN-007.run(TC-PEN-007:53)
	at com.kms.katalon.core.main.ScriptEngine.run(ScriptEngine.java:194)
	at com.kms.katalon.core.main.ScriptEngine.runScriptAsRawText(ScriptEngine.java:119)
	at com.kms.katalon.core.main.TestCaseExecutor.runScript(TestCaseExecutor.java:448)
	at com.kms.katalon.core.main.TestCaseExecutor.doExecute(TestCaseExecutor.java:439)
	at com.kms.katalon.core.main.TestCaseExecutor.processExecutionPhase(TestCaseExecutor.java:418)
	at com.kms.katalon.core.main.TestCaseExecutor.accessMainPhase(TestCaseExecutor.java:410)
	at com.kms.katalon.core.main.TestCaseExecutor.execute(TestCaseExecutor.java:285)
	at com.kms.katalon.core.common.CommonExecutor.accessTestCaseMainPhase(CommonExecutor.java:65)
	at com.kms.katalon.core.main.TestSuiteExecutor.accessTestSuiteMainPhase(TestSuiteExecutor.java:148)
	at com.kms.katalon.core.main.TestSuiteExecutor.execute(TestSuiteExecutor.java:106)
	at com.kms.katalon.core.main.TestCaseMain.startTestSuite(TestCaseMain.java:187)
	at com.kms.katalon.core.main.TestCaseMain$startTestSuite$0.call(Unknown Source)
	at TempTestSuite1696422608926.run(TempTestSuite1696422608926.groovy:36)]]></system-out>
         <system-err><![CDATA[2023-10-04 19:37:32 - [TEST_CASE][FAILED] - Test Cases/Product Ecommerce/TC-PEN-007: Test Cases/Product Ecommerce/TC-PEN-007 FAILED.
Reason:
Assertion failed: 

assert accept_button_message == "Please input Valid."
       |                     |
       ""                    false

	at TC-PEN-007.run(TC-PEN-007:53)
	at com.kms.katalon.core.main.ScriptEngine.run(ScriptEngine.java:194)
	at com.kms.katalon.core.main.ScriptEngine.runScriptAsRawText(ScriptEngine.java:119)
	at com.kms.katalon.core.main.TestCaseExecutor.runScript(TestCaseExecutor.java:448)
	at com.kms.katalon.core.main.TestCaseExecutor.doExecute(TestCaseExecutor.java:439)
	at com.kms.katalon.core.main.TestCaseExecutor.processExecutionPhase(TestCaseExecutor.java:418)
	at com.kms.katalon.core.main.TestCaseExecutor.accessMainPhase(TestCaseExecutor.java:410)
	at com.kms.katalon.core.main.TestCaseExecutor.execute(TestCaseExecutor.java:285)
	at com.kms.katalon.core.common.CommonExecutor.accessTestCaseMainPhase(CommonExecutor.java:65)
	at com.kms.katalon.core.main.TestSuiteExecutor.accessTestSuiteMainPhase(TestSuiteExecutor.java:148)
	at com.kms.katalon.core.main.TestSuiteExecutor.execute(TestSuiteExecutor.java:106)
	at com.kms.katalon.core.main.TestCaseMain.startTestSuite(TestCaseMain.java:187)
	at com.kms.katalon.core.main.TestCaseMain$startTestSuite$0.call(Unknown Source)
	at TempTestSuite1696422608926.run(TempTestSuite1696422608926.groovy:36)]]></system-err>
      </testcase>
      <testcase name="Test Cases/Product Ecommerce/TC-PEN-008" time="20.589" classname="Test Cases/Product Ecommerce/TC-PEN-008" status="FAILED">
         <failure type="FAILED" message="Test Cases/Product Ecommerce/TC-PEN-008 FAILED.
Reason:
Assertion failed: 

assert accept_button_message == &quot;Please input Valid.&quot;
       |                     |
       &quot;&quot;                    false

	at TC-PEN-008.run(TC-PEN-008:53)
	at com.kms.katalon.core.main.ScriptEngine.run(ScriptEngine.java:194)
	at com.kms.katalon.core.main.ScriptEngine.runScriptAsRawText(ScriptEngine.java:119)
	at com.kms.katalon.core.main.TestCaseExecutor.runScript(TestCaseExecutor.java:448)
	at com.kms.katalon.core.main.TestCaseExecutor.doExecute(TestCaseExecutor.java:439)
	at com.kms.katalon.core.main.TestCaseExecutor.processExecutionPhase(TestCaseExecutor.java:418)
	at com.kms.katalon.core.main.TestCaseExecutor.accessMainPhase(TestCaseExecutor.java:410)
	at com.kms.katalon.core.main.TestCaseExecutor.execute(TestCaseExecutor.java:285)
	at com.kms.katalon.core.common.CommonExecutor.accessTestCaseMainPhase(CommonExecutor.java:65)
	at com.kms.katalon.core.main.TestSuiteExecutor.accessTestSuiteMainPhase(TestSuiteExecutor.java:148)
	at com.kms.katalon.core.main.TestSuiteExecutor.execute(TestSuiteExecutor.java:106)
	at com.kms.katalon.core.main.TestCaseMain.startTestSuite(TestCaseMain.java:187)
	at com.kms.katalon.core.main.TestCaseMain$startTestSuite$0.call(Unknown Source)
	at TempTestSuite1696422608926.run(TempTestSuite1696422608926.groovy:36)
"/>
         <system-out><![CDATA[2023-10-04 19:37:51 - [TEST_CASE][FAILED] - Test Cases/Product Ecommerce/TC-PEN-008: Test Cases/Product Ecommerce/TC-PEN-008 FAILED.
Reason:
Assertion failed: 

assert accept_button_message == "Please input Valid."
       |                     |
       ""                    false

	at TC-PEN-008.run(TC-PEN-008:53)
	at com.kms.katalon.core.main.ScriptEngine.run(ScriptEngine.java:194)
	at com.kms.katalon.core.main.ScriptEngine.runScriptAsRawText(ScriptEngine.java:119)
	at com.kms.katalon.core.main.TestCaseExecutor.runScript(TestCaseExecutor.java:448)
	at com.kms.katalon.core.main.TestCaseExecutor.doExecute(TestCaseExecutor.java:439)
	at com.kms.katalon.core.main.TestCaseExecutor.processExecutionPhase(TestCaseExecutor.java:418)
	at com.kms.katalon.core.main.TestCaseExecutor.accessMainPhase(TestCaseExecutor.java:410)
	at com.kms.katalon.core.main.TestCaseExecutor.execute(TestCaseExecutor.java:285)
	at com.kms.katalon.core.common.CommonExecutor.accessTestCaseMainPhase(CommonExecutor.java:65)
	at com.kms.katalon.core.main.TestSuiteExecutor.accessTestSuiteMainPhase(TestSuiteExecutor.java:148)
	at com.kms.katalon.core.main.TestSuiteExecutor.execute(TestSuiteExecutor.java:106)
	at com.kms.katalon.core.main.TestCaseMain.startTestSuite(TestCaseMain.java:187)
	at com.kms.katalon.core.main.TestCaseMain$startTestSuite$0.call(Unknown Source)
	at TempTestSuite1696422608926.run(TempTestSuite1696422608926.groovy:36)


2023-10-04 19:37:52 - [TEST_STEP][PASSED] - callTestCase(findTestCase("Product Ecommerce/TC-PE-001"), [:], STOP_ON_FAILURE): Call Test Case 'Test Cases/Product Ecommerce/TC-PE-001' successfully

2023-10-04 19:37:52 - [TEST_CASE][PASSED] - Test Cases/Product Ecommerce/TC-PE-001: Test Cases/Product Ecommerce/TC-PE-001

2023-10-04 19:37:52 - [TEST_STEP][PASSED] - callTestCase(findTestCase("Login Ecommerce/TC-Login Ecomerce-001"), [:], STOP_ON_FAILURE): Call Test Case 'Test Cases/Login Ecommerce/TC-Login Ecomerce-001' successfully

2023-10-04 19:37:52 - [TEST_CASE][PASSED] - Test Cases/Login Ecommerce/TC-Login Ecomerce-001: Test Cases/Login Ecommerce/TC-Login Ecomerce-001

2023-10-04 19:37:52 - [TEST_STEP][PASSED] - openBrowser(userTajalapak): Browser is opened with url: 'https://10.9.2.63/ecommerce/'

2023-10-04 19:37:52 - [MESSAGE][WARNING] - A browser is already opened. Closing browser and opening a new one

2023-10-04 19:37:53 - [MESSAGE][INFO] - Starting 'Edge Chromium' driver

2023-10-04 19:37:53 - [MESSAGE][INFO] - User set preference: ['acceptInsecureCerts', 'true']

2023-10-04 19:37:53 - [MESSAGE][INFO] - Action delay is set to 0 milliseconds

2023-10-04 19:37:56 - [MESSAGE][PASSED] - Browser is opened with url: 'https://10.9.2.63/ecommerce/'

2023-10-04 19:37:56 - [TEST_STEP][PASSED] - maximizeWindow(): Current window maximized

2023-10-04 19:37:56 - [MESSAGE][PASSED] - Current window maximized

2023-10-04 19:37:56 - [TEST_STEP][PASSED] - verifyElementPresent(findTestObject("Login Ecommerce/Verifikasi Halaman Login Akun"), 0): Object 'Object Repository/Login Ecommerce/Verifikasi Halaman Login Akun' is present

2023-10-04 19:37:56 - [MESSAGE][WARNING] - Timeout '0' is invalid. Using default page load timeout: '30'

2023-10-04 19:37:57 - [MESSAGE][PASSED] - Object 'Object Repository/Login Ecommerce/Verifikasi Halaman Login Akun' is present

2023-10-04 19:37:57 - [TEST_STEP][PASSED] - click(findTestObject("Login Ecommerce/Login Akun")): Object: 'Object Repository/Login Ecommerce/Login Akun' is clicked on

2023-10-04 19:37:58 - [MESSAGE][PASSED] - Object: 'Object Repository/Login Ecommerce/Login Akun' is clicked on

2023-10-04 19:37:58 - [TEST_STEP][PASSED] - verifyElementPresent(findTestObject("Login Ecommerce/Verifikasi Halaman Login Akun"), 0): Object 'Object Repository/Login Ecommerce/Verifikasi Halaman Login Akun' is present

2023-10-04 19:37:58 - [MESSAGE][WARNING] - Timeout '0' is invalid. Using default page load timeout: '30'

2023-10-04 19:37:59 - [MESSAGE][PASSED] - Object 'Object Repository/Login Ecommerce/Verifikasi Halaman Login Akun' is present

2023-10-04 19:37:59 - [TEST_STEP][PASSED] - setText(findTestObject("Login Ecommerce/Input Username"), "riswandha"): Text 'riswandha' is set on object 'Object Repository/Login Ecommerce/Input Username'

2023-10-04 19:38:00 - [MESSAGE][PASSED] - Text 'riswandha' is set on object 'Object Repository/Login Ecommerce/Input Username'

2023-10-04 19:38:00 - [TEST_STEP][PASSED] - setEncryptedText(findTestObject("Login Ecommerce/Input Password"), "iGDxf8hSRT4="): Text ****** has been set on object 'Object Repository/Login Ecommerce/Input Password'

2023-10-04 19:38:01 - [MESSAGE][PASSED] - Text ****** has been set on object 'Object Repository/Login Ecommerce/Input Password'

2023-10-04 19:38:01 - [TEST_STEP][PASSED] - click(findTestObject("Login Ecommerce/Button Masuk")): Object: 'Object Repository/Login Ecommerce/Button Masuk' is clicked on

2023-10-04 19:38:03 - [MESSAGE][PASSED] - Object: 'Object Repository/Login Ecommerce/Button Masuk' is clicked on

2023-10-04 19:38:03 - [TEST_STEP][PASSED] - verifyElementPresent(findTestObject("Login Ecommerce/Verifikasi Login Akun"), 0): Object 'Object Repository/Login Ecommerce/Verifikasi Login Akun' is present

2023-10-04 19:38:03 - [MESSAGE][WARNING] - Timeout '0' is invalid. Using default page load timeout: '30'

2023-10-04 19:38:03 - [MESSAGE][PASSED] - Object 'Object Repository/Login Ecommerce/Verifikasi Login Akun' is present

2023-10-04 19:38:03 - [MESSAGE][PASSED] - Call Test Case 'Test Cases/Login Ecommerce/TC-Login Ecomerce-001' successfully

2023-10-04 19:38:03 - [TEST_STEP][PASSED] - mouseOver(findTestObject("Product Ecommerce/Button Menu toko")): Object: 'Object Repository/Product Ecommerce/Button Menu toko' is hovered

2023-10-04 19:38:04 - [MESSAGE][PASSED] - Object: 'Object Repository/Product Ecommerce/Button Menu toko' is hovered

2023-10-04 19:38:04 - [TEST_STEP][PASSED] - click(findTestObject("Product Ecommerce/Button Daftar Produk")): Object: 'Object Repository/Product Ecommerce/Button Daftar Produk' is clicked on

2023-10-04 19:38:05 - [MESSAGE][PASSED] - Object: 'Object Repository/Product Ecommerce/Button Daftar Produk' is clicked on

2023-10-04 19:38:05 - [TEST_STEP][PASSED] - verifyElementPresent(findTestObject("Product Ecommerce/Verifikasi Halaman Product Anda"), 0): Object 'Object Repository/Product Ecommerce/Verifikasi Halaman Product Anda' is present

2023-10-04 19:38:05 - [MESSAGE][WARNING] - Timeout '0' is invalid. Using default page load timeout: '30'

2023-10-04 19:38:06 - [MESSAGE][PASSED] - Object 'Object Repository/Product Ecommerce/Verifikasi Halaman Product Anda' is present

2023-10-04 19:38:06 - [MESSAGE][PASSED] - Call Test Case 'Test Cases/Product Ecommerce/TC-PE-001' successfully

2023-10-04 19:38:06 - [TEST_STEP][PASSED] - mouseOver(findTestObject("Product Ecommerce/Image Gambar produk 1")): Object: 'Object Repository/Product Ecommerce/Image Gambar produk 1' is hovered

2023-10-04 19:38:07 - [MESSAGE][PASSED] - Object: 'Object Repository/Product Ecommerce/Image Gambar produk 1' is hovered

2023-10-04 19:38:07 - [TEST_STEP][PASSED] - click(findTestObject("Product Ecommerce/Tambahkan Product/Edit Data")): Object: 'Object Repository/Product Ecommerce/Tambahkan Product/Edit Data' is clicked on

2023-10-04 19:38:08 - [MESSAGE][PASSED] - Object: 'Object Repository/Product Ecommerce/Tambahkan Product/Edit Data' is clicked on

2023-10-04 19:38:08 - [TEST_STEP][PASSED] - click(findTestObject("Product Ecommerce/Kupon/Button Buat Product")): Object: 'Object Repository/Product Ecommerce/Kupon/Button Buat Product' is clicked on

2023-10-04 19:38:08 - [MESSAGE][PASSED] - Object: 'Object Repository/Product Ecommerce/Kupon/Button Buat Product' is clicked on

2023-10-04 19:38:08 - [TEST_STEP][PASSED] - verifyElementPresent(findTestObject("Product Ecommerce/Kupon/Verifikasi Halaman Voucher Product"), 0): Object 'Object Repository/Product Ecommerce/Kupon/Verifikasi Halaman Voucher Product' is present

2023-10-04 19:38:08 - [MESSAGE][WARNING] - Timeout '0' is invalid. Using default page load timeout: '30'

2023-10-04 19:38:09 - [MESSAGE][PASSED] - Object 'Object Repository/Product Ecommerce/Kupon/Verifikasi Halaman Voucher Product' is present

2023-10-04 19:38:09 - [TEST_STEP][PASSED] - click(findTestObject("Product Ecommerce/Kupon/Button Edit Voucher")): Object: 'Object Repository/Product Ecommerce/Kupon/Button Edit Voucher' is clicked on

2023-10-04 19:38:09 - [MESSAGE][PASSED] - Object: 'Object Repository/Product Ecommerce/Kupon/Button Edit Voucher' is clicked on

2023-10-04 19:38:09 - [TEST_STEP][PASSED] - setText(findTestObject("Product Ecommerce/Kupon/Input Masa Berlaku"), "11-11-1111"): Text '11-11-1111' is set on object 'Object Repository/Product Ecommerce/Kupon/Input Masa Berlaku'

2023-10-04 19:38:10 - [MESSAGE][PASSED] - Text '11-11-1111' is set on object 'Object Repository/Product Ecommerce/Kupon/Input Masa Berlaku'

2023-10-04 19:38:10 - [TEST_STEP][PASSED] - click(findTestObject("Product Ecommerce/Kupon/Button Simpan")): Object: 'Object Repository/Product Ecommerce/Kupon/Button Simpan' is clicked on

2023-10-04 19:38:11 - [MESSAGE][PASSED] - Object: 'Object Repository/Product Ecommerce/Kupon/Button Simpan' is clicked on

2023-10-04 19:38:11 - [TEST_STEP][PASSED] - driver = getWebDriver(): null

2023-10-04 19:38:11 - [TEST_STEP][PASSED] - field_username_element = driver.findElement(By.xpath("//input[@id="expire_date"]")): null

2023-10-04 19:38:11 - [TEST_STEP][PASSED] - accept_button_message = driver.executeScript("return arguments[0].validationMessage", field_username_element): null

2023-10-04 19:38:11 - [TEST_STEP][PASSED] - println(accept_button_message): null

2023-10-04 19:38:11 - [TEST_STEP][FAILED] - assert accept_button_message == "Please input Valid.": Test Cases/Product Ecommerce/TC-PEN-008 FAILED.
Reason:
Assertion failed: 

assert accept_button_message == "Please input Valid."
       |                     |
       ""                    false

	at TC-PEN-008.run(TC-PEN-008:53)
	at com.kms.katalon.core.main.ScriptEngine.run(ScriptEngine.java:194)
	at com.kms.katalon.core.main.ScriptEngine.runScriptAsRawText(ScriptEngine.java:119)
	at com.kms.katalon.core.main.TestCaseExecutor.runScript(TestCaseExecutor.java:448)
	at com.kms.katalon.core.main.TestCaseExecutor.doExecute(TestCaseExecutor.java:439)
	at com.kms.katalon.core.main.TestCaseExecutor.processExecutionPhase(TestCaseExecutor.java:418)
	at com.kms.katalon.core.main.TestCaseExecutor.accessMainPhase(TestCaseExecutor.java:410)
	at com.kms.katalon.core.main.TestCaseExecutor.execute(TestCaseExecutor.java:285)
	at com.kms.katalon.core.common.CommonExecutor.accessTestCaseMainPhase(CommonExecutor.java:65)
	at com.kms.katalon.core.main.TestSuiteExecutor.accessTestSuiteMainPhase(TestSuiteExecutor.java:148)
	at com.kms.katalon.core.main.TestSuiteExecutor.execute(TestSuiteExecutor.java:106)
	at com.kms.katalon.core.main.TestCaseMain.startTestSuite(TestCaseMain.java:187)
	at com.kms.katalon.core.main.TestCaseMain$startTestSuite$0.call(Unknown Source)
	at TempTestSuite1696422608926.run(TempTestSuite1696422608926.groovy:36)


2023-10-04 19:38:11 - [MESSAGE][FAILED] - Test Cases/Product Ecommerce/TC-PEN-008 FAILED.
Reason:
Assertion failed: 

assert accept_button_message == "Please input Valid."
       |                     |
       ""                    false

	at TC-PEN-008.run(TC-PEN-008:53)
	at com.kms.katalon.core.main.ScriptEngine.run(ScriptEngine.java:194)
	at com.kms.katalon.core.main.ScriptEngine.runScriptAsRawText(ScriptEngine.java:119)
	at com.kms.katalon.core.main.TestCaseExecutor.runScript(TestCaseExecutor.java:448)
	at com.kms.katalon.core.main.TestCaseExecutor.doExecute(TestCaseExecutor.java:439)
	at com.kms.katalon.core.main.TestCaseExecutor.processExecutionPhase(TestCaseExecutor.java:418)
	at com.kms.katalon.core.main.TestCaseExecutor.accessMainPhase(TestCaseExecutor.java:410)
	at com.kms.katalon.core.main.TestCaseExecutor.execute(TestCaseExecutor.java:285)
	at com.kms.katalon.core.common.CommonExecutor.accessTestCaseMainPhase(CommonExecutor.java:65)
	at com.kms.katalon.core.main.TestSuiteExecutor.accessTestSuiteMainPhase(TestSuiteExecutor.java:148)
	at com.kms.katalon.core.main.TestSuiteExecutor.execute(TestSuiteExecutor.java:106)
	at com.kms.katalon.core.main.TestCaseMain.startTestSuite(TestCaseMain.java:187)
	at com.kms.katalon.core.main.TestCaseMain$startTestSuite$0.call(Unknown Source)
	at TempTestSuite1696422608926.run(TempTestSuite1696422608926.groovy:36)]]></system-out>
         <system-err><![CDATA[2023-10-04 19:37:51 - [TEST_CASE][FAILED] - Test Cases/Product Ecommerce/TC-PEN-008: Test Cases/Product Ecommerce/TC-PEN-008 FAILED.
Reason:
Assertion failed: 

assert accept_button_message == "Please input Valid."
       |                     |
       ""                    false

	at TC-PEN-008.run(TC-PEN-008:53)
	at com.kms.katalon.core.main.ScriptEngine.run(ScriptEngine.java:194)
	at com.kms.katalon.core.main.ScriptEngine.runScriptAsRawText(ScriptEngine.java:119)
	at com.kms.katalon.core.main.TestCaseExecutor.runScript(TestCaseExecutor.java:448)
	at com.kms.katalon.core.main.TestCaseExecutor.doExecute(TestCaseExecutor.java:439)
	at com.kms.katalon.core.main.TestCaseExecutor.processExecutionPhase(TestCaseExecutor.java:418)
	at com.kms.katalon.core.main.TestCaseExecutor.accessMainPhase(TestCaseExecutor.java:410)
	at com.kms.katalon.core.main.TestCaseExecutor.execute(TestCaseExecutor.java:285)
	at com.kms.katalon.core.common.CommonExecutor.accessTestCaseMainPhase(CommonExecutor.java:65)
	at com.kms.katalon.core.main.TestSuiteExecutor.accessTestSuiteMainPhase(TestSuiteExecutor.java:148)
	at com.kms.katalon.core.main.TestSuiteExecutor.execute(TestSuiteExecutor.java:106)
	at com.kms.katalon.core.main.TestCaseMain.startTestSuite(TestCaseMain.java:187)
	at com.kms.katalon.core.main.TestCaseMain$startTestSuite$0.call(Unknown Source)
	at TempTestSuite1696422608926.run(TempTestSuite1696422608926.groovy:36)]]></system-err>
      </testcase>
      <testcase name="Test Cases/Product Ecommerce/TC-PEN-009" time="18.224" classname="Test Cases/Product Ecommerce/TC-PEN-009" status="FAILED">
         <failure type="FAILED" message="Test Cases/Product Ecommerce/TC-PEN-009 FAILED.
Reason:
Assertion failed: 

assert accept_button_message == &quot;Please input Valid.&quot;
       |                     |
       &quot;&quot;                    false

	at TC-PEN-009.run(TC-PEN-009:53)
	at com.kms.katalon.core.main.ScriptEngine.run(ScriptEngine.java:194)
	at com.kms.katalon.core.main.ScriptEngine.runScriptAsRawText(ScriptEngine.java:119)
	at com.kms.katalon.core.main.TestCaseExecutor.runScript(TestCaseExecutor.java:448)
	at com.kms.katalon.core.main.TestCaseExecutor.doExecute(TestCaseExecutor.java:439)
	at com.kms.katalon.core.main.TestCaseExecutor.processExecutionPhase(TestCaseExecutor.java:418)
	at com.kms.katalon.core.main.TestCaseExecutor.accessMainPhase(TestCaseExecutor.java:410)
	at com.kms.katalon.core.main.TestCaseExecutor.execute(TestCaseExecutor.java:285)
	at com.kms.katalon.core.common.CommonExecutor.accessTestCaseMainPhase(CommonExecutor.java:65)
	at com.kms.katalon.core.main.TestSuiteExecutor.accessTestSuiteMainPhase(TestSuiteExecutor.java:148)
	at com.kms.katalon.core.main.TestSuiteExecutor.execute(TestSuiteExecutor.java:106)
	at com.kms.katalon.core.main.TestCaseMain.startTestSuite(TestCaseMain.java:187)
	at com.kms.katalon.core.main.TestCaseMain$startTestSuite$0.call(Unknown Source)
	at TempTestSuite1696422608926.run(TempTestSuite1696422608926.groovy:36)
"/>
         <system-out><![CDATA[2023-10-04 19:38:11 - [TEST_CASE][FAILED] - Test Cases/Product Ecommerce/TC-PEN-009: Test Cases/Product Ecommerce/TC-PEN-009 FAILED.
Reason:
Assertion failed: 

assert accept_button_message == "Please input Valid."
       |                     |
       ""                    false

	at TC-PEN-009.run(TC-PEN-009:53)
	at com.kms.katalon.core.main.ScriptEngine.run(ScriptEngine.java:194)
	at com.kms.katalon.core.main.ScriptEngine.runScriptAsRawText(ScriptEngine.java:119)
	at com.kms.katalon.core.main.TestCaseExecutor.runScript(TestCaseExecutor.java:448)
	at com.kms.katalon.core.main.TestCaseExecutor.doExecute(TestCaseExecutor.java:439)
	at com.kms.katalon.core.main.TestCaseExecutor.processExecutionPhase(TestCaseExecutor.java:418)
	at com.kms.katalon.core.main.TestCaseExecutor.accessMainPhase(TestCaseExecutor.java:410)
	at com.kms.katalon.core.main.TestCaseExecutor.execute(TestCaseExecutor.java:285)
	at com.kms.katalon.core.common.CommonExecutor.accessTestCaseMainPhase(CommonExecutor.java:65)
	at com.kms.katalon.core.main.TestSuiteExecutor.accessTestSuiteMainPhase(TestSuiteExecutor.java:148)
	at com.kms.katalon.core.main.TestSuiteExecutor.execute(TestSuiteExecutor.java:106)
	at com.kms.katalon.core.main.TestCaseMain.startTestSuite(TestCaseMain.java:187)
	at com.kms.katalon.core.main.TestCaseMain$startTestSuite$0.call(Unknown Source)
	at TempTestSuite1696422608926.run(TempTestSuite1696422608926.groovy:36)


2023-10-04 19:38:12 - [TEST_STEP][PASSED] - callTestCase(findTestCase("Product Ecommerce/TC-PE-001"), [:], STOP_ON_FAILURE): Call Test Case 'Test Cases/Product Ecommerce/TC-PE-001' successfully

2023-10-04 19:38:12 - [TEST_CASE][PASSED] - Test Cases/Product Ecommerce/TC-PE-001: Test Cases/Product Ecommerce/TC-PE-001

2023-10-04 19:38:12 - [TEST_STEP][PASSED] - callTestCase(findTestCase("Login Ecommerce/TC-Login Ecomerce-001"), [:], STOP_ON_FAILURE): Call Test Case 'Test Cases/Login Ecommerce/TC-Login Ecomerce-001' successfully

2023-10-04 19:38:12 - [TEST_CASE][PASSED] - Test Cases/Login Ecommerce/TC-Login Ecomerce-001: Test Cases/Login Ecommerce/TC-Login Ecomerce-001

2023-10-04 19:38:12 - [TEST_STEP][PASSED] - openBrowser(userTajalapak): Browser is opened with url: 'https://10.9.2.63/ecommerce/'

2023-10-04 19:38:12 - [MESSAGE][WARNING] - A browser is already opened. Closing browser and opening a new one

2023-10-04 19:38:13 - [MESSAGE][INFO] - Starting 'Edge Chromium' driver

2023-10-04 19:38:13 - [MESSAGE][INFO] - User set preference: ['acceptInsecureCerts', 'true']

2023-10-04 19:38:13 - [MESSAGE][INFO] - Action delay is set to 0 milliseconds

2023-10-04 19:38:16 - [MESSAGE][PASSED] - Browser is opened with url: 'https://10.9.2.63/ecommerce/'

2023-10-04 19:38:16 - [TEST_STEP][PASSED] - maximizeWindow(): Current window maximized

2023-10-04 19:38:16 - [MESSAGE][PASSED] - Current window maximized

2023-10-04 19:38:16 - [TEST_STEP][PASSED] - verifyElementPresent(findTestObject("Login Ecommerce/Verifikasi Halaman Login Akun"), 0): Object 'Object Repository/Login Ecommerce/Verifikasi Halaman Login Akun' is present

2023-10-04 19:38:16 - [MESSAGE][WARNING] - Timeout '0' is invalid. Using default page load timeout: '30'

2023-10-04 19:38:17 - [MESSAGE][PASSED] - Object 'Object Repository/Login Ecommerce/Verifikasi Halaman Login Akun' is present

2023-10-04 19:38:17 - [TEST_STEP][PASSED] - click(findTestObject("Login Ecommerce/Login Akun")): Object: 'Object Repository/Login Ecommerce/Login Akun' is clicked on

2023-10-04 19:38:17 - [MESSAGE][PASSED] - Object: 'Object Repository/Login Ecommerce/Login Akun' is clicked on

2023-10-04 19:38:17 - [TEST_STEP][PASSED] - verifyElementPresent(findTestObject("Login Ecommerce/Verifikasi Halaman Login Akun"), 0): Object 'Object Repository/Login Ecommerce/Verifikasi Halaman Login Akun' is present

2023-10-04 19:38:17 - [MESSAGE][WARNING] - Timeout '0' is invalid. Using default page load timeout: '30'

2023-10-04 19:38:18 - [MESSAGE][PASSED] - Object 'Object Repository/Login Ecommerce/Verifikasi Halaman Login Akun' is present

2023-10-04 19:38:18 - [TEST_STEP][PASSED] - setText(findTestObject("Login Ecommerce/Input Username"), "riswandha"): Text 'riswandha' is set on object 'Object Repository/Login Ecommerce/Input Username'

2023-10-04 19:38:19 - [MESSAGE][PASSED] - Text 'riswandha' is set on object 'Object Repository/Login Ecommerce/Input Username'

2023-10-04 19:38:19 - [TEST_STEP][PASSED] - setEncryptedText(findTestObject("Login Ecommerce/Input Password"), "iGDxf8hSRT4="): Text ****** has been set on object 'Object Repository/Login Ecommerce/Input Password'

2023-10-04 19:38:19 - [MESSAGE][PASSED] - Text ****** has been set on object 'Object Repository/Login Ecommerce/Input Password'

2023-10-04 19:38:19 - [TEST_STEP][PASSED] - click(findTestObject("Login Ecommerce/Button Masuk")): Object: 'Object Repository/Login Ecommerce/Button Masuk' is clicked on

2023-10-04 19:38:20 - [MESSAGE][PASSED] - Object: 'Object Repository/Login Ecommerce/Button Masuk' is clicked on

2023-10-04 19:38:20 - [TEST_STEP][PASSED] - verifyElementPresent(findTestObject("Login Ecommerce/Verifikasi Login Akun"), 0): Object 'Object Repository/Login Ecommerce/Verifikasi Login Akun' is present

2023-10-04 19:38:20 - [MESSAGE][WARNING] - Timeout '0' is invalid. Using default page load timeout: '30'

2023-10-04 19:38:21 - [MESSAGE][PASSED] - Object 'Object Repository/Login Ecommerce/Verifikasi Login Akun' is present

2023-10-04 19:38:21 - [MESSAGE][PASSED] - Call Test Case 'Test Cases/Login Ecommerce/TC-Login Ecomerce-001' successfully

2023-10-04 19:38:21 - [TEST_STEP][PASSED] - mouseOver(findTestObject("Product Ecommerce/Button Menu toko")): Object: 'Object Repository/Product Ecommerce/Button Menu toko' is hovered

2023-10-04 19:38:22 - [MESSAGE][PASSED] - Object: 'Object Repository/Product Ecommerce/Button Menu toko' is hovered

2023-10-04 19:38:22 - [TEST_STEP][PASSED] - click(findTestObject("Product Ecommerce/Button Daftar Produk")): Object: 'Object Repository/Product Ecommerce/Button Daftar Produk' is clicked on

2023-10-04 19:38:23 - [MESSAGE][PASSED] - Object: 'Object Repository/Product Ecommerce/Button Daftar Produk' is clicked on

2023-10-04 19:38:23 - [TEST_STEP][PASSED] - verifyElementPresent(findTestObject("Product Ecommerce/Verifikasi Halaman Product Anda"), 0): Object 'Object Repository/Product Ecommerce/Verifikasi Halaman Product Anda' is present

2023-10-04 19:38:23 - [MESSAGE][WARNING] - Timeout '0' is invalid. Using default page load timeout: '30'

2023-10-04 19:38:23 - [MESSAGE][PASSED] - Object 'Object Repository/Product Ecommerce/Verifikasi Halaman Product Anda' is present

2023-10-04 19:38:23 - [MESSAGE][PASSED] - Call Test Case 'Test Cases/Product Ecommerce/TC-PE-001' successfully

2023-10-04 19:38:23 - [TEST_STEP][PASSED] - mouseOver(findTestObject("Product Ecommerce/Image Gambar produk 1")): Object: 'Object Repository/Product Ecommerce/Image Gambar produk 1' is hovered

2023-10-04 19:38:24 - [MESSAGE][PASSED] - Object: 'Object Repository/Product Ecommerce/Image Gambar produk 1' is hovered

2023-10-04 19:38:24 - [TEST_STEP][PASSED] - click(findTestObject("Product Ecommerce/Tambahkan Product/Edit Data")): Object: 'Object Repository/Product Ecommerce/Tambahkan Product/Edit Data' is clicked on

2023-10-04 19:38:25 - [MESSAGE][PASSED] - Object: 'Object Repository/Product Ecommerce/Tambahkan Product/Edit Data' is clicked on

2023-10-04 19:38:25 - [TEST_STEP][PASSED] - click(findTestObject("Product Ecommerce/Kupon/Button Buat Product")): Object: 'Object Repository/Product Ecommerce/Kupon/Button Buat Product' is clicked on

2023-10-04 19:38:26 - [MESSAGE][PASSED] - Object: 'Object Repository/Product Ecommerce/Kupon/Button Buat Product' is clicked on

2023-10-04 19:38:26 - [TEST_STEP][PASSED] - verifyElementPresent(findTestObject("Product Ecommerce/Kupon/Verifikasi Halaman Voucher Product"), 0): Object 'Object Repository/Product Ecommerce/Kupon/Verifikasi Halaman Voucher Product' is present

2023-10-04 19:38:26 - [MESSAGE][WARNING] - Timeout '0' is invalid. Using default page load timeout: '30'

2023-10-04 19:38:26 - [MESSAGE][PASSED] - Object 'Object Repository/Product Ecommerce/Kupon/Verifikasi Halaman Voucher Product' is present

2023-10-04 19:38:26 - [TEST_STEP][PASSED] - click(findTestObject("Product Ecommerce/Kupon/Button Edit Voucher")): Object: 'Object Repository/Product Ecommerce/Kupon/Button Edit Voucher' is clicked on

2023-10-04 19:38:27 - [MESSAGE][PASSED] - Object: 'Object Repository/Product Ecommerce/Kupon/Button Edit Voucher' is clicked on

2023-10-04 19:38:27 - [TEST_STEP][PASSED] - setText(findTestObject("Product Ecommerce/Kupon/Input Masa Berlaku"), "1945-11-11"): Text '1945-11-11' is set on object 'Object Repository/Product Ecommerce/Kupon/Input Masa Berlaku'

2023-10-04 19:38:28 - [MESSAGE][PASSED] - Text '1945-11-11' is set on object 'Object Repository/Product Ecommerce/Kupon/Input Masa Berlaku'

2023-10-04 19:38:28 - [TEST_STEP][PASSED] - click(findTestObject("Product Ecommerce/Kupon/Button Simpan")): Object: 'Object Repository/Product Ecommerce/Kupon/Button Simpan' is clicked on

2023-10-04 19:38:29 - [MESSAGE][PASSED] - Object: 'Object Repository/Product Ecommerce/Kupon/Button Simpan' is clicked on

2023-10-04 19:38:29 - [TEST_STEP][PASSED] - driver = getWebDriver(): null

2023-10-04 19:38:29 - [TEST_STEP][PASSED] - field_username_element = driver.findElement(By.xpath("//input[@id="expire_date"]")): null

2023-10-04 19:38:30 - [TEST_STEP][PASSED] - accept_button_message = driver.executeScript("return arguments[0].validationMessage", field_username_element): null

2023-10-04 19:38:30 - [TEST_STEP][PASSED] - println(accept_button_message): null

2023-10-04 19:38:30 - [TEST_STEP][FAILED] - assert accept_button_message == "Please input Valid.": Test Cases/Product Ecommerce/TC-PEN-009 FAILED.
Reason:
Assertion failed: 

assert accept_button_message == "Please input Valid."
       |                     |
       ""                    false

	at TC-PEN-009.run(TC-PEN-009:53)
	at com.kms.katalon.core.main.ScriptEngine.run(ScriptEngine.java:194)
	at com.kms.katalon.core.main.ScriptEngine.runScriptAsRawText(ScriptEngine.java:119)
	at com.kms.katalon.core.main.TestCaseExecutor.runScript(TestCaseExecutor.java:448)
	at com.kms.katalon.core.main.TestCaseExecutor.doExecute(TestCaseExecutor.java:439)
	at com.kms.katalon.core.main.TestCaseExecutor.processExecutionPhase(TestCaseExecutor.java:418)
	at com.kms.katalon.core.main.TestCaseExecutor.accessMainPhase(TestCaseExecutor.java:410)
	at com.kms.katalon.core.main.TestCaseExecutor.execute(TestCaseExecutor.java:285)
	at com.kms.katalon.core.common.CommonExecutor.accessTestCaseMainPhase(CommonExecutor.java:65)
	at com.kms.katalon.core.main.TestSuiteExecutor.accessTestSuiteMainPhase(TestSuiteExecutor.java:148)
	at com.kms.katalon.core.main.TestSuiteExecutor.execute(TestSuiteExecutor.java:106)
	at com.kms.katalon.core.main.TestCaseMain.startTestSuite(TestCaseMain.java:187)
	at com.kms.katalon.core.main.TestCaseMain$startTestSuite$0.call(Unknown Source)
	at TempTestSuite1696422608926.run(TempTestSuite1696422608926.groovy:36)


2023-10-04 19:38:30 - [MESSAGE][FAILED] - Test Cases/Product Ecommerce/TC-PEN-009 FAILED.
Reason:
Assertion failed: 

assert accept_button_message == "Please input Valid."
       |                     |
       ""                    false

	at TC-PEN-009.run(TC-PEN-009:53)
	at com.kms.katalon.core.main.ScriptEngine.run(ScriptEngine.java:194)
	at com.kms.katalon.core.main.ScriptEngine.runScriptAsRawText(ScriptEngine.java:119)
	at com.kms.katalon.core.main.TestCaseExecutor.runScript(TestCaseExecutor.java:448)
	at com.kms.katalon.core.main.TestCaseExecutor.doExecute(TestCaseExecutor.java:439)
	at com.kms.katalon.core.main.TestCaseExecutor.processExecutionPhase(TestCaseExecutor.java:418)
	at com.kms.katalon.core.main.TestCaseExecutor.accessMainPhase(TestCaseExecutor.java:410)
	at com.kms.katalon.core.main.TestCaseExecutor.execute(TestCaseExecutor.java:285)
	at com.kms.katalon.core.common.CommonExecutor.accessTestCaseMainPhase(CommonExecutor.java:65)
	at com.kms.katalon.core.main.TestSuiteExecutor.accessTestSuiteMainPhase(TestSuiteExecutor.java:148)
	at com.kms.katalon.core.main.TestSuiteExecutor.execute(TestSuiteExecutor.java:106)
	at com.kms.katalon.core.main.TestCaseMain.startTestSuite(TestCaseMain.java:187)
	at com.kms.katalon.core.main.TestCaseMain$startTestSuite$0.call(Unknown Source)
	at TempTestSuite1696422608926.run(TempTestSuite1696422608926.groovy:36)]]></system-out>
         <system-err><![CDATA[2023-10-04 19:38:11 - [TEST_CASE][FAILED] - Test Cases/Product Ecommerce/TC-PEN-009: Test Cases/Product Ecommerce/TC-PEN-009 FAILED.
Reason:
Assertion failed: 

assert accept_button_message == "Please input Valid."
       |                     |
       ""                    false

	at TC-PEN-009.run(TC-PEN-009:53)
	at com.kms.katalon.core.main.ScriptEngine.run(ScriptEngine.java:194)
	at com.kms.katalon.core.main.ScriptEngine.runScriptAsRawText(ScriptEngine.java:119)
	at com.kms.katalon.core.main.TestCaseExecutor.runScript(TestCaseExecutor.java:448)
	at com.kms.katalon.core.main.TestCaseExecutor.doExecute(TestCaseExecutor.java:439)
	at com.kms.katalon.core.main.TestCaseExecutor.processExecutionPhase(TestCaseExecutor.java:418)
	at com.kms.katalon.core.main.TestCaseExecutor.accessMainPhase(TestCaseExecutor.java:410)
	at com.kms.katalon.core.main.TestCaseExecutor.execute(TestCaseExecutor.java:285)
	at com.kms.katalon.core.common.CommonExecutor.accessTestCaseMainPhase(CommonExecutor.java:65)
	at com.kms.katalon.core.main.TestSuiteExecutor.accessTestSuiteMainPhase(TestSuiteExecutor.java:148)
	at com.kms.katalon.core.main.TestSuiteExecutor.execute(TestSuiteExecutor.java:106)
	at com.kms.katalon.core.main.TestCaseMain.startTestSuite(TestCaseMain.java:187)
	at com.kms.katalon.core.main.TestCaseMain$startTestSuite$0.call(Unknown Source)
	at TempTestSuite1696422608926.run(TempTestSuite1696422608926.groovy:36)]]></system-err>
      </testcase>
      <testcase name="Test Cases/Product Ecommerce/TC-PEN-010" time="19.661" classname="Test Cases/Product Ecommerce/TC-PEN-010" status="PASSED">
         <system-out><![CDATA[2023-10-04 19:38:30 - [TEST_CASE][PASSED] - Test Cases/Product Ecommerce/TC-PEN-010: Test Cases/Product Ecommerce/TC-PEN-010

2023-10-04 19:38:30 - [TEST_STEP][PASSED] - callTestCase(findTestCase("Product Ecommerce/TC-PE-001"), [:], STOP_ON_FAILURE): Call Test Case 'Test Cases/Product Ecommerce/TC-PE-001' successfully

2023-10-04 19:38:30 - [TEST_CASE][PASSED] - Test Cases/Product Ecommerce/TC-PE-001: Test Cases/Product Ecommerce/TC-PE-001

2023-10-04 19:38:30 - [TEST_STEP][PASSED] - callTestCase(findTestCase("Login Ecommerce/TC-Login Ecomerce-001"), [:], STOP_ON_FAILURE): Call Test Case 'Test Cases/Login Ecommerce/TC-Login Ecomerce-001' successfully

2023-10-04 19:38:30 - [TEST_CASE][PASSED] - Test Cases/Login Ecommerce/TC-Login Ecomerce-001: Test Cases/Login Ecommerce/TC-Login Ecomerce-001

2023-10-04 19:38:30 - [TEST_STEP][PASSED] - openBrowser(userTajalapak): Browser is opened with url: 'https://10.9.2.63/ecommerce/'

2023-10-04 19:38:30 - [MESSAGE][WARNING] - A browser is already opened. Closing browser and opening a new one

2023-10-04 19:38:31 - [MESSAGE][INFO] - Starting 'Edge Chromium' driver

2023-10-04 19:38:31 - [MESSAGE][INFO] - User set preference: ['acceptInsecureCerts', 'true']

2023-10-04 19:38:32 - [MESSAGE][INFO] - Action delay is set to 0 milliseconds

2023-10-04 19:38:35 - [MESSAGE][PASSED] - Browser is opened with url: 'https://10.9.2.63/ecommerce/'

2023-10-04 19:38:35 - [TEST_STEP][PASSED] - maximizeWindow(): Current window maximized

2023-10-04 19:38:36 - [MESSAGE][PASSED] - Current window maximized

2023-10-04 19:38:36 - [TEST_STEP][PASSED] - verifyElementPresent(findTestObject("Login Ecommerce/Verifikasi Halaman Login Akun"), 0): Object 'Object Repository/Login Ecommerce/Verifikasi Halaman Login Akun' is present

2023-10-04 19:38:36 - [MESSAGE][WARNING] - Timeout '0' is invalid. Using default page load timeout: '30'

2023-10-04 19:38:36 - [MESSAGE][PASSED] - Object 'Object Repository/Login Ecommerce/Verifikasi Halaman Login Akun' is present

2023-10-04 19:38:36 - [TEST_STEP][PASSED] - click(findTestObject("Login Ecommerce/Login Akun")): Object: 'Object Repository/Login Ecommerce/Login Akun' is clicked on

2023-10-04 19:38:37 - [MESSAGE][PASSED] - Object: 'Object Repository/Login Ecommerce/Login Akun' is clicked on

2023-10-04 19:38:37 - [TEST_STEP][PASSED] - verifyElementPresent(findTestObject("Login Ecommerce/Verifikasi Halaman Login Akun"), 0): Object 'Object Repository/Login Ecommerce/Verifikasi Halaman Login Akun' is present

2023-10-04 19:38:37 - [MESSAGE][WARNING] - Timeout '0' is invalid. Using default page load timeout: '30'

2023-10-04 19:38:38 - [MESSAGE][PASSED] - Object 'Object Repository/Login Ecommerce/Verifikasi Halaman Login Akun' is present

2023-10-04 19:38:38 - [TEST_STEP][PASSED] - setText(findTestObject("Login Ecommerce/Input Username"), "riswandha"): Text 'riswandha' is set on object 'Object Repository/Login Ecommerce/Input Username'

2023-10-04 19:38:39 - [MESSAGE][PASSED] - Text 'riswandha' is set on object 'Object Repository/Login Ecommerce/Input Username'

2023-10-04 19:38:39 - [TEST_STEP][PASSED] - setEncryptedText(findTestObject("Login Ecommerce/Input Password"), "iGDxf8hSRT4="): Text ****** has been set on object 'Object Repository/Login Ecommerce/Input Password'

2023-10-04 19:38:40 - [MESSAGE][PASSED] - Text ****** has been set on object 'Object Repository/Login Ecommerce/Input Password'

2023-10-04 19:38:40 - [TEST_STEP][PASSED] - click(findTestObject("Login Ecommerce/Button Masuk")): Object: 'Object Repository/Login Ecommerce/Button Masuk' is clicked on

2023-10-04 19:38:41 - [MESSAGE][PASSED] - Object: 'Object Repository/Login Ecommerce/Button Masuk' is clicked on

2023-10-04 19:38:41 - [TEST_STEP][PASSED] - verifyElementPresent(findTestObject("Login Ecommerce/Verifikasi Login Akun"), 0): Object 'Object Repository/Login Ecommerce/Verifikasi Login Akun' is present

2023-10-04 19:38:41 - [MESSAGE][WARNING] - Timeout '0' is invalid. Using default page load timeout: '30'

2023-10-04 19:38:42 - [MESSAGE][PASSED] - Object 'Object Repository/Login Ecommerce/Verifikasi Login Akun' is present

2023-10-04 19:38:42 - [MESSAGE][PASSED] - Call Test Case 'Test Cases/Login Ecommerce/TC-Login Ecomerce-001' successfully

2023-10-04 19:38:42 - [TEST_STEP][PASSED] - mouseOver(findTestObject("Product Ecommerce/Button Menu toko")): Object: 'Object Repository/Product Ecommerce/Button Menu toko' is hovered

2023-10-04 19:38:43 - [MESSAGE][PASSED] - Object: 'Object Repository/Product Ecommerce/Button Menu toko' is hovered

2023-10-04 19:38:43 - [TEST_STEP][PASSED] - click(findTestObject("Product Ecommerce/Button Daftar Produk")): Object: 'Object Repository/Product Ecommerce/Button Daftar Produk' is clicked on

2023-10-04 19:38:44 - [MESSAGE][PASSED] - Object: 'Object Repository/Product Ecommerce/Button Daftar Produk' is clicked on

2023-10-04 19:38:44 - [TEST_STEP][PASSED] - verifyElementPresent(findTestObject("Product Ecommerce/Verifikasi Halaman Product Anda"), 0): Object 'Object Repository/Product Ecommerce/Verifikasi Halaman Product Anda' is present

2023-10-04 19:38:44 - [MESSAGE][WARNING] - Timeout '0' is invalid. Using default page load timeout: '30'

2023-10-04 19:38:44 - [MESSAGE][PASSED] - Object 'Object Repository/Product Ecommerce/Verifikasi Halaman Product Anda' is present

2023-10-04 19:38:44 - [MESSAGE][PASSED] - Call Test Case 'Test Cases/Product Ecommerce/TC-PE-001' successfully

2023-10-04 19:38:44 - [TEST_STEP][PASSED] - mouseOver(findTestObject("Product Ecommerce/Image Gambar produk 1")): Object: 'Object Repository/Product Ecommerce/Image Gambar produk 1' is hovered

2023-10-04 19:38:45 - [MESSAGE][PASSED] - Object: 'Object Repository/Product Ecommerce/Image Gambar produk 1' is hovered

2023-10-04 19:38:45 - [TEST_STEP][PASSED] - click(findTestObject("Product Ecommerce/Tambahkan Product/Edit Data")): Object: 'Object Repository/Product Ecommerce/Tambahkan Product/Edit Data' is clicked on

2023-10-04 19:38:46 - [MESSAGE][PASSED] - Object: 'Object Repository/Product Ecommerce/Tambahkan Product/Edit Data' is clicked on

2023-10-04 19:38:46 - [TEST_STEP][PASSED] - verifyElementPresent(findTestObject("Product Ecommerce/Tambahkan Product/Button Update Data"), 0): Object 'Object Repository/Product Ecommerce/Tambahkan Product/Button Update Data' is present

2023-10-04 19:38:46 - [MESSAGE][WARNING] - Timeout '0' is invalid. Using default page load timeout: '30'

2023-10-04 19:38:47 - [MESSAGE][PASSED] - Object 'Object Repository/Product Ecommerce/Tambahkan Product/Button Update Data' is present

2023-10-04 19:38:47 - [TEST_STEP][PASSED] - uploadFile(findTestObject("Product Ecommerce/Tambahkan Product/Input File"), "E:\Pelatihan\Xsis Academy\DJI_0621.DNG"): File 'E:\Pelatihan\Xsis Academy\DJI_0621.DNG' sent to object: 'Object Repository/Product Ecommerce/Tambahkan Product/Input File'

2023-10-04 19:38:47 - [MESSAGE][PASSED] - File 'E:\Pelatihan\Xsis Academy\DJI_0621.DNG' sent to object: 'Object Repository/Product Ecommerce/Tambahkan Product/Input File'

2023-10-04 19:38:47 - [TEST_STEP][PASSED] - click(findTestObject("Product Ecommerce/Tambahkan Product/Button Update Data")): Object: 'Object Repository/Product Ecommerce/Tambahkan Product/Button Update Data' is clicked on

2023-10-04 19:38:49 - [MESSAGE][PASSED] - Object: 'Object Repository/Product Ecommerce/Tambahkan Product/Button Update Data' is clicked on

2023-10-04 19:38:49 - [TEST_STEP][PASSED] - verifyElementPresent(findTestObject("Product Ecommerce/Verifikasi Halaman Product Anda"), 0): Object 'Object Repository/Product Ecommerce/Verifikasi Halaman Product Anda' is present

2023-10-04 19:38:49 - [MESSAGE][WARNING] - Timeout '0' is invalid. Using default page load timeout: '30'

2023-10-04 19:38:49 - [MESSAGE][PASSED] - Object 'Object Repository/Product Ecommerce/Verifikasi Halaman Product Anda' is present]]></system-out>
         <system-err><![CDATA[]]></system-err>
      </testcase>
      <testcase name="Test Cases/Product Ecommerce/TC-PEN-011" time="49.143" classname="Test Cases/Product Ecommerce/TC-PEN-011" status="FAILED">
         <failure type="FAILED" message="Test Cases/Product Ecommerce/TC-PEN-011 FAILED.
Reason:
com.kms.katalon.core.exception.StepFailedException: Unable to verify object 'Object Repository/Product Ecommerce/Verifikasi Halaman Product Anda' is not present
	at com.kms.katalon.core.webui.keyword.internal.WebUIKeywordMain.stepFailed(WebUIKeywordMain.groovy:64)
	at com.kms.katalon.core.webui.keyword.internal.WebUIKeywordMain.runKeyword(WebUIKeywordMain.groovy:26)
	at com.kms.katalon.core.webui.keyword.internal.WebUIKeywordMain$runKeyword.call(Unknown Source)
	at com.kms.katalon.core.webui.keyword.builtin.VerifyElementNotPresentKeyword.verifyElementNotPresent(VerifyElementNotPresentKeyword.groovy:122)
	at com.kms.katalon.core.webui.keyword.builtin.VerifyElementNotPresentKeyword.execute(VerifyElementNotPresentKeyword.groovy:68)
	at com.kms.katalon.core.keyword.internal.KeywordExecutor.executeKeywordForPlatform(KeywordExecutor.groovy:74)
	at com.kms.katalon.core.webui.keyword.WebUiBuiltInKeywords.verifyElementNotPresent(WebUiBuiltInKeywords.groovy:1497)
	at com.kms.katalon.core.webui.keyword.WebUiBuiltInKeywords$verifyElementNotPresent$12.call(Unknown Source)
	at TC-PEN-011.run(TC-PEN-011:32)
	at com.kms.katalon.core.main.ScriptEngine.run(ScriptEngine.java:194)
	at com.kms.katalon.core.main.ScriptEngine.runScriptAsRawText(ScriptEngine.java:119)
	at com.kms.katalon.core.main.TestCaseExecutor.runScript(TestCaseExecutor.java:448)
	at com.kms.katalon.core.main.TestCaseExecutor.doExecute(TestCaseExecutor.java:439)
	at com.kms.katalon.core.main.TestCaseExecutor.processExecutionPhase(TestCaseExecutor.java:418)
	at com.kms.katalon.core.main.TestCaseExecutor.accessMainPhase(TestCaseExecutor.java:410)
	at com.kms.katalon.core.main.TestCaseExecutor.execute(TestCaseExecutor.java:285)
	at com.kms.katalon.core.common.CommonExecutor.accessTestCaseMainPhase(CommonExecutor.java:65)
	at com.kms.katalon.core.main.TestSuiteExecutor.accessTestSuiteMainPhase(TestSuiteExecutor.java:148)
	at com.kms.katalon.core.main.TestSuiteExecutor.execute(TestSuiteExecutor.java:106)
	at com.kms.katalon.core.main.TestCaseMain.startTestSuite(TestCaseMain.java:187)
	at com.kms.katalon.core.main.TestCaseMain$startTestSuite$0.call(Unknown Source)
	at TempTestSuite1696422608926.run(TempTestSuite1696422608926.groovy:36)
Caused by: com.kms.katalon.core.exception.StepFailedException: Web element with id: 'Object Repository/Product Ecommerce/Verifikasi Halaman Product Anda' located by 'By.xpath: (.//*[normalize-space(text()) and normalize-space(.)='Home'])[1]/following::li[2]' is present after '30' second(s)
	at com.kms.katalon.core.webui.keyword.internal.WebUIKeywordMain.stepFailed(WebUIKeywordMain.groovy:64)
	at com.kms.katalon.core.webui.keyword.internal.WebUIKeywordMain$stepFailed$0.call(Unknown Source)
	at com.kms.katalon.core.webui.keyword.builtin.VerifyElementNotPresentKeyword$_verifyElementNotPresent_closure1.doCall(VerifyElementNotPresentKeyword.groovy:113)
	at com.kms.katalon.core.webui.keyword.builtin.VerifyElementNotPresentKeyword$_verifyElementNotPresent_closure1.doCall(VerifyElementNotPresentKeyword.groovy)
	at com.kms.katalon.core.webui.keyword.internal.WebUIKeywordMain.runKeyword(WebUIKeywordMain.groovy:20)
	... 20 more
"/>
         <system-out><![CDATA[2023-10-04 19:38:49 - [TEST_CASE][FAILED] - Test Cases/Product Ecommerce/TC-PEN-011: Test Cases/Product Ecommerce/TC-PEN-011 FAILED.
Reason:
com.kms.katalon.core.exception.StepFailedException: Unable to verify object 'Object Repository/Product Ecommerce/Verifikasi Halaman Product Anda' is not present
	at com.kms.katalon.core.webui.keyword.internal.WebUIKeywordMain.stepFailed(WebUIKeywordMain.groovy:64)
	at com.kms.katalon.core.webui.keyword.internal.WebUIKeywordMain.runKeyword(WebUIKeywordMain.groovy:26)
	at com.kms.katalon.core.webui.keyword.internal.WebUIKeywordMain$runKeyword.call(Unknown Source)
	at com.kms.katalon.core.webui.keyword.builtin.VerifyElementNotPresentKeyword.verifyElementNotPresent(VerifyElementNotPresentKeyword.groovy:122)
	at com.kms.katalon.core.webui.keyword.builtin.VerifyElementNotPresentKeyword.execute(VerifyElementNotPresentKeyword.groovy:68)
	at com.kms.katalon.core.keyword.internal.KeywordExecutor.executeKeywordForPlatform(KeywordExecutor.groovy:74)
	at com.kms.katalon.core.webui.keyword.WebUiBuiltInKeywords.verifyElementNotPresent(WebUiBuiltInKeywords.groovy:1497)
	at com.kms.katalon.core.webui.keyword.WebUiBuiltInKeywords$verifyElementNotPresent$12.call(Unknown Source)
	at TC-PEN-011.run(TC-PEN-011:32)
	at com.kms.katalon.core.main.ScriptEngine.run(ScriptEngine.java:194)
	at com.kms.katalon.core.main.ScriptEngine.runScriptAsRawText(ScriptEngine.java:119)
	at com.kms.katalon.core.main.TestCaseExecutor.runScript(TestCaseExecutor.java:448)
	at com.kms.katalon.core.main.TestCaseExecutor.doExecute(TestCaseExecutor.java:439)
	at com.kms.katalon.core.main.TestCaseExecutor.processExecutionPhase(TestCaseExecutor.java:418)
	at com.kms.katalon.core.main.TestCaseExecutor.accessMainPhase(TestCaseExecutor.java:410)
	at com.kms.katalon.core.main.TestCaseExecutor.execute(TestCaseExecutor.java:285)
	at com.kms.katalon.core.common.CommonExecutor.accessTestCaseMainPhase(CommonExecutor.java:65)
	at com.kms.katalon.core.main.TestSuiteExecutor.accessTestSuiteMainPhase(TestSuiteExecutor.java:148)
	at com.kms.katalon.core.main.TestSuiteExecutor.execute(TestSuiteExecutor.java:106)
	at com.kms.katalon.core.main.TestCaseMain.startTestSuite(TestCaseMain.java:187)
	at com.kms.katalon.core.main.TestCaseMain$startTestSuite$0.call(Unknown Source)
	at TempTestSuite1696422608926.run(TempTestSuite1696422608926.groovy:36)
Caused by: com.kms.katalon.core.exception.StepFailedException: Web element with id: 'Object Repository/Product Ecommerce/Verifikasi Halaman Product Anda' located by 'By.xpath: (.//*[normalize-space(text()) and normalize-space(.)='Home'])[1]/following::li[2]' is present after '30' second(s)
	at com.kms.katalon.core.webui.keyword.internal.WebUIKeywordMain.stepFailed(WebUIKeywordMain.groovy:64)
	at com.kms.katalon.core.webui.keyword.internal.WebUIKeywordMain$stepFailed$0.call(Unknown Source)
	at com.kms.katalon.core.webui.keyword.builtin.VerifyElementNotPresentKeyword$_verifyElementNotPresent_closure1.doCall(VerifyElementNotPresentKeyword.groovy:113)
	at com.kms.katalon.core.webui.keyword.builtin.VerifyElementNotPresentKeyword$_verifyElementNotPresent_closure1.doCall(VerifyElementNotPresentKeyword.groovy)
	at com.kms.katalon.core.webui.keyword.internal.WebUIKeywordMain.runKeyword(WebUIKeywordMain.groovy:20)
	... 20 more


2023-10-04 19:38:50 - [TEST_STEP][PASSED] - callTestCase(findTestCase("Product Ecommerce/TC-PE-001"), [:], STOP_ON_FAILURE): Call Test Case 'Test Cases/Product Ecommerce/TC-PE-001' successfully

2023-10-04 19:38:50 - [TEST_CASE][PASSED] - Test Cases/Product Ecommerce/TC-PE-001: Test Cases/Product Ecommerce/TC-PE-001

2023-10-04 19:38:50 - [TEST_STEP][PASSED] - callTestCase(findTestCase("Login Ecommerce/TC-Login Ecomerce-001"), [:], STOP_ON_FAILURE): Call Test Case 'Test Cases/Login Ecommerce/TC-Login Ecomerce-001' successfully

2023-10-04 19:38:50 - [TEST_CASE][PASSED] - Test Cases/Login Ecommerce/TC-Login Ecomerce-001: Test Cases/Login Ecommerce/TC-Login Ecomerce-001

2023-10-04 19:38:50 - [TEST_STEP][PASSED] - openBrowser(userTajalapak): Browser is opened with url: 'https://10.9.2.63/ecommerce/'

2023-10-04 19:38:50 - [MESSAGE][WARNING] - A browser is already opened. Closing browser and opening a new one

2023-10-04 19:38:51 - [MESSAGE][INFO] - Starting 'Edge Chromium' driver

2023-10-04 19:38:51 - [MESSAGE][INFO] - User set preference: ['acceptInsecureCerts', 'true']

2023-10-04 19:38:51 - [MESSAGE][INFO] - Action delay is set to 0 milliseconds

2023-10-04 19:38:55 - [MESSAGE][PASSED] - Browser is opened with url: 'https://10.9.2.63/ecommerce/'

2023-10-04 19:38:55 - [TEST_STEP][PASSED] - maximizeWindow(): Current window maximized

2023-10-04 19:38:55 - [MESSAGE][PASSED] - Current window maximized

2023-10-04 19:38:55 - [TEST_STEP][PASSED] - verifyElementPresent(findTestObject("Login Ecommerce/Verifikasi Halaman Login Akun"), 0): Object 'Object Repository/Login Ecommerce/Verifikasi Halaman Login Akun' is present

2023-10-04 19:38:55 - [MESSAGE][WARNING] - Timeout '0' is invalid. Using default page load timeout: '30'

2023-10-04 19:38:56 - [MESSAGE][PASSED] - Object 'Object Repository/Login Ecommerce/Verifikasi Halaman Login Akun' is present

2023-10-04 19:38:56 - [TEST_STEP][PASSED] - click(findTestObject("Login Ecommerce/Login Akun")): Object: 'Object Repository/Login Ecommerce/Login Akun' is clicked on

2023-10-04 19:38:56 - [MESSAGE][PASSED] - Object: 'Object Repository/Login Ecommerce/Login Akun' is clicked on

2023-10-04 19:38:56 - [TEST_STEP][PASSED] - verifyElementPresent(findTestObject("Login Ecommerce/Verifikasi Halaman Login Akun"), 0): Object 'Object Repository/Login Ecommerce/Verifikasi Halaman Login Akun' is present

2023-10-04 19:38:56 - [MESSAGE][WARNING] - Timeout '0' is invalid. Using default page load timeout: '30'

2023-10-04 19:38:57 - [MESSAGE][PASSED] - Object 'Object Repository/Login Ecommerce/Verifikasi Halaman Login Akun' is present

2023-10-04 19:38:57 - [TEST_STEP][PASSED] - setText(findTestObject("Login Ecommerce/Input Username"), "riswandha"): Text 'riswandha' is set on object 'Object Repository/Login Ecommerce/Input Username'

2023-10-04 19:38:58 - [MESSAGE][PASSED] - Text 'riswandha' is set on object 'Object Repository/Login Ecommerce/Input Username'

2023-10-04 19:38:58 - [TEST_STEP][PASSED] - setEncryptedText(findTestObject("Login Ecommerce/Input Password"), "iGDxf8hSRT4="): Text ****** has been set on object 'Object Repository/Login Ecommerce/Input Password'

2023-10-04 19:38:58 - [MESSAGE][PASSED] - Text ****** has been set on object 'Object Repository/Login Ecommerce/Input Password'

2023-10-04 19:38:58 - [TEST_STEP][PASSED] - click(findTestObject("Login Ecommerce/Button Masuk")): Object: 'Object Repository/Login Ecommerce/Button Masuk' is clicked on

2023-10-04 19:38:59 - [MESSAGE][PASSED] - Object: 'Object Repository/Login Ecommerce/Button Masuk' is clicked on

2023-10-04 19:38:59 - [TEST_STEP][PASSED] - verifyElementPresent(findTestObject("Login Ecommerce/Verifikasi Login Akun"), 0): Object 'Object Repository/Login Ecommerce/Verifikasi Login Akun' is present

2023-10-04 19:38:59 - [MESSAGE][WARNING] - Timeout '0' is invalid. Using default page load timeout: '30'

2023-10-04 19:39:00 - [MESSAGE][PASSED] - Object 'Object Repository/Login Ecommerce/Verifikasi Login Akun' is present

2023-10-04 19:39:00 - [MESSAGE][PASSED] - Call Test Case 'Test Cases/Login Ecommerce/TC-Login Ecomerce-001' successfully

2023-10-04 19:39:00 - [TEST_STEP][PASSED] - mouseOver(findTestObject("Product Ecommerce/Button Menu toko")): Object: 'Object Repository/Product Ecommerce/Button Menu toko' is hovered

2023-10-04 19:39:00 - [MESSAGE][PASSED] - Object: 'Object Repository/Product Ecommerce/Button Menu toko' is hovered

2023-10-04 19:39:00 - [TEST_STEP][PASSED] - click(findTestObject("Product Ecommerce/Button Daftar Produk")): Object: 'Object Repository/Product Ecommerce/Button Daftar Produk' is clicked on

2023-10-04 19:39:01 - [MESSAGE][PASSED] - Object: 'Object Repository/Product Ecommerce/Button Daftar Produk' is clicked on

2023-10-04 19:39:01 - [TEST_STEP][PASSED] - verifyElementPresent(findTestObject("Product Ecommerce/Verifikasi Halaman Product Anda"), 0): Object 'Object Repository/Product Ecommerce/Verifikasi Halaman Product Anda' is present

2023-10-04 19:39:01 - [MESSAGE][WARNING] - Timeout '0' is invalid. Using default page load timeout: '30'

2023-10-04 19:39:02 - [MESSAGE][PASSED] - Object 'Object Repository/Product Ecommerce/Verifikasi Halaman Product Anda' is present

2023-10-04 19:39:02 - [MESSAGE][PASSED] - Call Test Case 'Test Cases/Product Ecommerce/TC-PE-001' successfully

2023-10-04 19:39:02 - [TEST_STEP][PASSED] - mouseOver(findTestObject("Product Ecommerce/Image Gambar produk 1")): Object: 'Object Repository/Product Ecommerce/Image Gambar produk 1' is hovered

2023-10-04 19:39:03 - [MESSAGE][PASSED] - Object: 'Object Repository/Product Ecommerce/Image Gambar produk 1' is hovered

2023-10-04 19:39:03 - [TEST_STEP][PASSED] - click(findTestObject("Product Ecommerce/Tambahkan Product/Edit Data")): Object: 'Object Repository/Product Ecommerce/Tambahkan Product/Edit Data' is clicked on

2023-10-04 19:39:04 - [MESSAGE][PASSED] - Object: 'Object Repository/Product Ecommerce/Tambahkan Product/Edit Data' is clicked on

2023-10-04 19:39:04 - [TEST_STEP][PASSED] - verifyElementPresent(findTestObject("Product Ecommerce/Tambahkan Product/Button Update Data"), 0): Object 'Object Repository/Product Ecommerce/Tambahkan Product/Button Update Data' is present

2023-10-04 19:39:04 - [MESSAGE][WARNING] - Timeout '0' is invalid. Using default page load timeout: '30'

2023-10-04 19:39:05 - [MESSAGE][PASSED] - Object 'Object Repository/Product Ecommerce/Tambahkan Product/Button Update Data' is present

2023-10-04 19:39:05 - [TEST_STEP][PASSED] - setText(findTestObject("Product Ecommerce/Tambahkan Product/Input Satuan"), "12345"): Text '12345' is set on object 'Object Repository/Product Ecommerce/Tambahkan Product/Input Satuan'

2023-10-04 19:39:05 - [MESSAGE][PASSED] - Text '12345' is set on object 'Object Repository/Product Ecommerce/Tambahkan Product/Input Satuan'

2023-10-04 19:39:05 - [TEST_STEP][PASSED] - click(findTestObject("Product Admin/TambahProduk/Button Update Data")): Object: 'Object Repository/Product Admin/TambahProduk/Button Update Data' is clicked on

2023-10-04 19:39:06 - [MESSAGE][PASSED] - Object: 'Object Repository/Product Admin/TambahProduk/Button Update Data' is clicked on

2023-10-04 19:39:06 - [TEST_STEP][FAILED] - verifyElementNotPresent(findTestObject("Product Ecommerce/Verifikasi Halaman Product Anda"), 0): Unable to verify object 'Object Repository/Product Ecommerce/Verifikasi Halaman Product Anda' is not present (Root cause: com.kms.katalon.core.exception.StepFailedException: Unable to verify object 'Object Repository/Product Ecommerce/Verifikasi Halaman Product Anda' is not present
	at com.kms.katalon.core.webui.keyword.internal.WebUIKeywordMain.stepFailed(WebUIKeywordMain.groovy:64)
	at com.kms.katalon.core.webui.keyword.internal.WebUIKeywordMain.runKeyword(WebUIKeywordMain.groovy:26)
	at com.kms.katalon.core.webui.keyword.internal.WebUIKeywordMain$runKeyword.call(Unknown Source)
	at com.kms.katalon.core.webui.keyword.builtin.VerifyElementNotPresentKeyword.verifyElementNotPresent(VerifyElementNotPresentKeyword.groovy:122)
	at com.kms.katalon.core.webui.keyword.builtin.VerifyElementNotPresentKeyword.execute(VerifyElementNotPresentKeyword.groovy:68)
	at com.kms.katalon.core.keyword.internal.KeywordExecutor.executeKeywordForPlatform(KeywordExecutor.groovy:74)
	at com.kms.katalon.core.webui.keyword.WebUiBuiltInKeywords.verifyElementNotPresent(WebUiBuiltInKeywords.groovy:1497)
	at com.kms.katalon.core.webui.keyword.WebUiBuiltInKeywords$verifyElementNotPresent$12.call(Unknown Source)
	at TC-PEN-011.run(TC-PEN-011:32)
	at com.kms.katalon.core.main.ScriptEngine.run(ScriptEngine.java:194)
	at com.kms.katalon.core.main.ScriptEngine.runScriptAsRawText(ScriptEngine.java:119)
	at com.kms.katalon.core.main.TestCaseExecutor.runScript(TestCaseExecutor.java:448)
	at com.kms.katalon.core.main.TestCaseExecutor.doExecute(TestCaseExecutor.java:439)
	at com.kms.katalon.core.main.TestCaseExecutor.processExecutionPhase(TestCaseExecutor.java:418)
	at com.kms.katalon.core.main.TestCaseExecutor.accessMainPhase(TestCaseExecutor.java:410)
	at com.kms.katalon.core.main.TestCaseExecutor.execute(TestCaseExecutor.java:285)
	at com.kms.katalon.core.common.CommonExecutor.accessTestCaseMainPhase(CommonExecutor.java:65)
	at com.kms.katalon.core.main.TestSuiteExecutor.accessTestSuiteMainPhase(TestSuiteExecutor.java:148)
	at com.kms.katalon.core.main.TestSuiteExecutor.execute(TestSuiteExecutor.java:106)
	at com.kms.katalon.core.main.TestCaseMain.startTestSuite(TestCaseMain.java:187)
	at com.kms.katalon.core.main.TestCaseMain$startTestSuite$0.call(Unknown Source)
	at TempTestSuite1696422608926.run(TempTestSuite1696422608926.groovy:36)
Caused by: com.kms.katalon.core.exception.StepFailedException: Web element with id: 'Object Repository/Product Ecommerce/Verifikasi Halaman Product Anda' located by 'By.xpath: (.//*[normalize-space(text()) and normalize-space(.)='Home'])[1]/following::li[2]' is present after '30' second(s)
	at com.kms.katalon.core.webui.keyword.internal.WebUIKeywordMain.stepFailed(WebUIKeywordMain.groovy:64)
	at com.kms.katalon.core.webui.keyword.internal.WebUIKeywordMain$stepFailed$0.call(Unknown Source)
	at com.kms.katalon.core.webui.keyword.builtin.VerifyElementNotPresentKeyword$_verifyElementNotPresent_closure1.doCall(VerifyElementNotPresentKeyword.groovy:113)
	at com.kms.katalon.core.webui.keyword.builtin.VerifyElementNotPresentKeyword$_verifyElementNotPresent_closure1.doCall(VerifyElementNotPresentKeyword.groovy)
	at com.kms.katalon.core.webui.keyword.internal.WebUIKeywordMain.runKeyword(WebUIKeywordMain.groovy:20)
	... 20 more
)

2023-10-04 19:39:06 - [MESSAGE][WARNING] - Timeout '0' is invalid. Using default page load timeout: '30'

2023-10-04 19:39:38 - [MESSAGE][FAILED] - Web element with id: 'Object Repository/Product Ecommerce/Verifikasi Halaman Product Anda' located by 'By.xpath: (.//*[normalize-space(text()) and normalize-space(.)='Home'])[1]/following::li[2]' is present after '30' second(s) (Root cause: com.kms.katalon.core.exception.StepFailedException: Web element with id: 'Object Repository/Product Ecommerce/Verifikasi Halaman Product Anda' located by 'By.xpath: (.//*[normalize-space(text()) and normalize-space(.)='Home'])[1]/following::li[2]' is present after '30' second(s)
	at com.kms.katalon.core.webui.keyword.internal.WebUIKeywordMain.stepFailed(WebUIKeywordMain.groovy:64)
	at com.kms.katalon.core.webui.keyword.internal.WebUIKeywordMain$stepFailed$0.call(Unknown Source)
	at com.kms.katalon.core.webui.keyword.builtin.VerifyElementNotPresentKeyword$_verifyElementNotPresent_closure1.doCall(VerifyElementNotPresentKeyword.groovy:113)
	at com.kms.katalon.core.webui.keyword.builtin.VerifyElementNotPresentKeyword$_verifyElementNotPresent_closure1.doCall(VerifyElementNotPresentKeyword.groovy)
	at com.kms.katalon.core.webui.keyword.internal.WebUIKeywordMain.runKeyword(WebUIKeywordMain.groovy:20)
	at com.kms.katalon.core.webui.keyword.internal.WebUIKeywordMain$runKeyword.call(Unknown Source)
	at com.kms.katalon.core.webui.keyword.builtin.VerifyElementNotPresentKeyword.verifyElementNotPresent(VerifyElementNotPresentKeyword.groovy:122)
	at com.kms.katalon.core.webui.keyword.builtin.VerifyElementNotPresentKeyword.execute(VerifyElementNotPresentKeyword.groovy:68)
	at com.kms.katalon.core.keyword.internal.KeywordExecutor.executeKeywordForPlatform(KeywordExecutor.groovy:74)
	at com.kms.katalon.core.webui.keyword.WebUiBuiltInKeywords.verifyElementNotPresent(WebUiBuiltInKeywords.groovy:1497)
	at com.kms.katalon.core.webui.keyword.WebUiBuiltInKeywords$verifyElementNotPresent$12.call(Unknown Source)
	at TC-PEN-011.run(TC-PEN-011:32)
	at com.kms.katalon.core.main.ScriptEngine.run(ScriptEngine.java:194)
	at com.kms.katalon.core.main.ScriptEngine.runScriptAsRawText(ScriptEngine.java:119)
	at com.kms.katalon.core.main.TestCaseExecutor.runScript(TestCaseExecutor.java:448)
	at com.kms.katalon.core.main.TestCaseExecutor.doExecute(TestCaseExecutor.java:439)
	at com.kms.katalon.core.main.TestCaseExecutor.processExecutionPhase(TestCaseExecutor.java:418)
	at com.kms.katalon.core.main.TestCaseExecutor.accessMainPhase(TestCaseExecutor.java:410)
	at com.kms.katalon.core.main.TestCaseExecutor.execute(TestCaseExecutor.java:285)
	at com.kms.katalon.core.common.CommonExecutor.accessTestCaseMainPhase(CommonExecutor.java:65)
	at com.kms.katalon.core.main.TestSuiteExecutor.accessTestSuiteMainPhase(TestSuiteExecutor.java:148)
	at com.kms.katalon.core.main.TestSuiteExecutor.execute(TestSuiteExecutor.java:106)
	at com.kms.katalon.core.main.TestCaseMain.startTestSuite(TestCaseMain.java:187)
	at com.kms.katalon.core.main.TestCaseMain$startTestSuite$0.call(Unknown Source)
	at TempTestSuite1696422608926.run(TempTestSuite1696422608926.groovy:36)
)
[[ATTACHMENT|G:\\Project Xsis\\batch-324-qa\\Riswan\\Sprint 2 Product Tajalapak\\Reports\\20231004_193007\\Product Ecomerce\\20231004_193008\\1696423178683.png]]

2023-10-04 19:39:39 - [MESSAGE][FAILED] - Unable to verify object 'Object Repository/Product Ecommerce/Verifikasi Halaman Product Anda' is not present (Root cause: com.kms.katalon.core.exception.StepFailedException: Unable to verify object 'Object Repository/Product Ecommerce/Verifikasi Halaman Product Anda' is not present
	at com.kms.katalon.core.webui.keyword.internal.WebUIKeywordMain.stepFailed(WebUIKeywordMain.groovy:64)
	at com.kms.katalon.core.webui.keyword.internal.WebUIKeywordMain.runKeyword(WebUIKeywordMain.groovy:26)
	at com.kms.katalon.core.webui.keyword.internal.WebUIKeywordMain$runKeyword.call(Unknown Source)
	at com.kms.katalon.core.webui.keyword.builtin.VerifyElementNotPresentKeyword.verifyElementNotPresent(VerifyElementNotPresentKeyword.groovy:122)
	at com.kms.katalon.core.webui.keyword.builtin.VerifyElementNotPresentKeyword.execute(VerifyElementNotPresentKeyword.groovy:68)
	at com.kms.katalon.core.keyword.internal.KeywordExecutor.executeKeywordForPlatform(KeywordExecutor.groovy:74)
	at com.kms.katalon.core.webui.keyword.WebUiBuiltInKeywords.verifyElementNotPresent(WebUiBuiltInKeywords.groovy:1497)
	at com.kms.katalon.core.webui.keyword.WebUiBuiltInKeywords$verifyElementNotPresent$12.call(Unknown Source)
	at TC-PEN-011.run(TC-PEN-011:32)
	at com.kms.katalon.core.main.ScriptEngine.run(ScriptEngine.java:194)
	at com.kms.katalon.core.main.ScriptEngine.runScriptAsRawText(ScriptEngine.java:119)
	at com.kms.katalon.core.main.TestCaseExecutor.runScript(TestCaseExecutor.java:448)
	at com.kms.katalon.core.main.TestCaseExecutor.doExecute(TestCaseExecutor.java:439)
	at com.kms.katalon.core.main.TestCaseExecutor.processExecutionPhase(TestCaseExecutor.java:418)
	at com.kms.katalon.core.main.TestCaseExecutor.accessMainPhase(TestCaseExecutor.java:410)
	at com.kms.katalon.core.main.TestCaseExecutor.execute(TestCaseExecutor.java:285)
	at com.kms.katalon.core.common.CommonExecutor.accessTestCaseMainPhase(CommonExecutor.java:65)
	at com.kms.katalon.core.main.TestSuiteExecutor.accessTestSuiteMainPhase(TestSuiteExecutor.java:148)
	at com.kms.katalon.core.main.TestSuiteExecutor.execute(TestSuiteExecutor.java:106)
	at com.kms.katalon.core.main.TestCaseMain.startTestSuite(TestCaseMain.java:187)
	at com.kms.katalon.core.main.TestCaseMain$startTestSuite$0.call(Unknown Source)
	at TempTestSuite1696422608926.run(TempTestSuite1696422608926.groovy:36)
Caused by: com.kms.katalon.core.exception.StepFailedException: Web element with id: 'Object Repository/Product Ecommerce/Verifikasi Halaman Product Anda' located by 'By.xpath: (.//*[normalize-space(text()) and normalize-space(.)='Home'])[1]/following::li[2]' is present after '30' second(s)
	at com.kms.katalon.core.webui.keyword.internal.WebUIKeywordMain.stepFailed(WebUIKeywordMain.groovy:64)
	at com.kms.katalon.core.webui.keyword.internal.WebUIKeywordMain$stepFailed$0.call(Unknown Source)
	at com.kms.katalon.core.webui.keyword.builtin.VerifyElementNotPresentKeyword$_verifyElementNotPresent_closure1.doCall(VerifyElementNotPresentKeyword.groovy:113)
	at com.kms.katalon.core.webui.keyword.builtin.VerifyElementNotPresentKeyword$_verifyElementNotPresent_closure1.doCall(VerifyElementNotPresentKeyword.groovy)
	at com.kms.katalon.core.webui.keyword.internal.WebUIKeywordMain.runKeyword(WebUIKeywordMain.groovy:20)
	... 20 more
)
[[ATTACHMENT|G:\\Project Xsis\\batch-324-qa\\Riswan\\Sprint 2 Product Tajalapak\\Reports\\20231004_193007\\Product Ecomerce\\20231004_193008\\1696423178840.png]]]]></system-out>
         <system-err><![CDATA[2023-10-04 19:38:49 - [TEST_CASE][FAILED] - Test Cases/Product Ecommerce/TC-PEN-011: Test Cases/Product Ecommerce/TC-PEN-011 FAILED.
Reason:
com.kms.katalon.core.exception.StepFailedException: Unable to verify object 'Object Repository/Product Ecommerce/Verifikasi Halaman Product Anda' is not present
	at com.kms.katalon.core.webui.keyword.internal.WebUIKeywordMain.stepFailed(WebUIKeywordMain.groovy:64)
	at com.kms.katalon.core.webui.keyword.internal.WebUIKeywordMain.runKeyword(WebUIKeywordMain.groovy:26)
	at com.kms.katalon.core.webui.keyword.internal.WebUIKeywordMain$runKeyword.call(Unknown Source)
	at com.kms.katalon.core.webui.keyword.builtin.VerifyElementNotPresentKeyword.verifyElementNotPresent(VerifyElementNotPresentKeyword.groovy:122)
	at com.kms.katalon.core.webui.keyword.builtin.VerifyElementNotPresentKeyword.execute(VerifyElementNotPresentKeyword.groovy:68)
	at com.kms.katalon.core.keyword.internal.KeywordExecutor.executeKeywordForPlatform(KeywordExecutor.groovy:74)
	at com.kms.katalon.core.webui.keyword.WebUiBuiltInKeywords.verifyElementNotPresent(WebUiBuiltInKeywords.groovy:1497)
	at com.kms.katalon.core.webui.keyword.WebUiBuiltInKeywords$verifyElementNotPresent$12.call(Unknown Source)
	at TC-PEN-011.run(TC-PEN-011:32)
	at com.kms.katalon.core.main.ScriptEngine.run(ScriptEngine.java:194)
	at com.kms.katalon.core.main.ScriptEngine.runScriptAsRawText(ScriptEngine.java:119)
	at com.kms.katalon.core.main.TestCaseExecutor.runScript(TestCaseExecutor.java:448)
	at com.kms.katalon.core.main.TestCaseExecutor.doExecute(TestCaseExecutor.java:439)
	at com.kms.katalon.core.main.TestCaseExecutor.processExecutionPhase(TestCaseExecutor.java:418)
	at com.kms.katalon.core.main.TestCaseExecutor.accessMainPhase(TestCaseExecutor.java:410)
	at com.kms.katalon.core.main.TestCaseExecutor.execute(TestCaseExecutor.java:285)
	at com.kms.katalon.core.common.CommonExecutor.accessTestCaseMainPhase(CommonExecutor.java:65)
	at com.kms.katalon.core.main.TestSuiteExecutor.accessTestSuiteMainPhase(TestSuiteExecutor.java:148)
	at com.kms.katalon.core.main.TestSuiteExecutor.execute(TestSuiteExecutor.java:106)
	at com.kms.katalon.core.main.TestCaseMain.startTestSuite(TestCaseMain.java:187)
	at com.kms.katalon.core.main.TestCaseMain$startTestSuite$0.call(Unknown Source)
	at TempTestSuite1696422608926.run(TempTestSuite1696422608926.groovy:36)
Caused by: com.kms.katalon.core.exception.StepFailedException: Web element with id: 'Object Repository/Product Ecommerce/Verifikasi Halaman Product Anda' located by 'By.xpath: (.//*[normalize-space(text()) and normalize-space(.)='Home'])[1]/following::li[2]' is present after '30' second(s)
	at com.kms.katalon.core.webui.keyword.internal.WebUIKeywordMain.stepFailed(WebUIKeywordMain.groovy:64)
	at com.kms.katalon.core.webui.keyword.internal.WebUIKeywordMain$stepFailed$0.call(Unknown Source)
	at com.kms.katalon.core.webui.keyword.builtin.VerifyElementNotPresentKeyword$_verifyElementNotPresent_closure1.doCall(VerifyElementNotPresentKeyword.groovy:113)
	at com.kms.katalon.core.webui.keyword.builtin.VerifyElementNotPresentKeyword$_verifyElementNotPresent_closure1.doCall(VerifyElementNotPresentKeyword.groovy)
	at com.kms.katalon.core.webui.keyword.internal.WebUIKeywordMain.runKeyword(WebUIKeywordMain.groovy:20)
	... 20 more]]></system-err>
      </testcase>
      <testcase name="Test Cases/Product Ecommerce/TC-PEN-012" time="17.248" classname="Test Cases/Product Ecommerce/TC-PEN-012" status="FAILED">
         <failure type="FAILED" message="Test Cases/Product Ecommerce/TC-PEN-012 FAILED.
Reason:
Assertion failed: 

assert accept_button_message == &quot;Please fill out this field.&quot;
       |                     |
       &quot;&quot;                    false

	at TC-PEN-012.run(TC-PEN-012:51)
	at com.kms.katalon.core.main.ScriptEngine.run(ScriptEngine.java:194)
	at com.kms.katalon.core.main.ScriptEngine.runScriptAsRawText(ScriptEngine.java:119)
	at com.kms.katalon.core.main.TestCaseExecutor.runScript(TestCaseExecutor.java:448)
	at com.kms.katalon.core.main.TestCaseExecutor.doExecute(TestCaseExecutor.java:439)
	at com.kms.katalon.core.main.TestCaseExecutor.processExecutionPhase(TestCaseExecutor.java:418)
	at com.kms.katalon.core.main.TestCaseExecutor.accessMainPhase(TestCaseExecutor.java:410)
	at com.kms.katalon.core.main.TestCaseExecutor.execute(TestCaseExecutor.java:285)
	at com.kms.katalon.core.common.CommonExecutor.accessTestCaseMainPhase(CommonExecutor.java:65)
	at com.kms.katalon.core.main.TestSuiteExecutor.accessTestSuiteMainPhase(TestSuiteExecutor.java:148)
	at com.kms.katalon.core.main.TestSuiteExecutor.execute(TestSuiteExecutor.java:106)
	at com.kms.katalon.core.main.TestCaseMain.startTestSuite(TestCaseMain.java:187)
	at com.kms.katalon.core.main.TestCaseMain$startTestSuite$0.call(Unknown Source)
	at TempTestSuite1696422608926.run(TempTestSuite1696422608926.groovy:36)
"/>
         <system-out><![CDATA[2023-10-04 19:39:39 - [TEST_CASE][FAILED] - Test Cases/Product Ecommerce/TC-PEN-012: Test Cases/Product Ecommerce/TC-PEN-012 FAILED.
Reason:
Assertion failed: 

assert accept_button_message == "Please fill out this field."
       |                     |
       ""                    false

	at TC-PEN-012.run(TC-PEN-012:51)
	at com.kms.katalon.core.main.ScriptEngine.run(ScriptEngine.java:194)
	at com.kms.katalon.core.main.ScriptEngine.runScriptAsRawText(ScriptEngine.java:119)
	at com.kms.katalon.core.main.TestCaseExecutor.runScript(TestCaseExecutor.java:448)
	at com.kms.katalon.core.main.TestCaseExecutor.doExecute(TestCaseExecutor.java:439)
	at com.kms.katalon.core.main.TestCaseExecutor.processExecutionPhase(TestCaseExecutor.java:418)
	at com.kms.katalon.core.main.TestCaseExecutor.accessMainPhase(TestCaseExecutor.java:410)
	at com.kms.katalon.core.main.TestCaseExecutor.execute(TestCaseExecutor.java:285)
	at com.kms.katalon.core.common.CommonExecutor.accessTestCaseMainPhase(CommonExecutor.java:65)
	at com.kms.katalon.core.main.TestSuiteExecutor.accessTestSuiteMainPhase(TestSuiteExecutor.java:148)
	at com.kms.katalon.core.main.TestSuiteExecutor.execute(TestSuiteExecutor.java:106)
	at com.kms.katalon.core.main.TestCaseMain.startTestSuite(TestCaseMain.java:187)
	at com.kms.katalon.core.main.TestCaseMain$startTestSuite$0.call(Unknown Source)
	at TempTestSuite1696422608926.run(TempTestSuite1696422608926.groovy:36)


2023-10-04 19:39:39 - [TEST_STEP][PASSED] - callTestCase(findTestCase("Product Ecommerce/TC-PE-001"), [:], STOP_ON_FAILURE): Call Test Case 'Test Cases/Product Ecommerce/TC-PE-001' successfully

2023-10-04 19:39:39 - [TEST_CASE][PASSED] - Test Cases/Product Ecommerce/TC-PE-001: Test Cases/Product Ecommerce/TC-PE-001

2023-10-04 19:39:39 - [TEST_STEP][PASSED] - callTestCase(findTestCase("Login Ecommerce/TC-Login Ecomerce-001"), [:], STOP_ON_FAILURE): Call Test Case 'Test Cases/Login Ecommerce/TC-Login Ecomerce-001' successfully

2023-10-04 19:39:39 - [TEST_CASE][PASSED] - Test Cases/Login Ecommerce/TC-Login Ecomerce-001: Test Cases/Login Ecommerce/TC-Login Ecomerce-001

2023-10-04 19:39:39 - [TEST_STEP][PASSED] - openBrowser(userTajalapak): Browser is opened with url: 'https://10.9.2.63/ecommerce/'

2023-10-04 19:39:39 - [MESSAGE][WARNING] - A browser is already opened. Closing browser and opening a new one

2023-10-04 19:39:40 - [MESSAGE][INFO] - Starting 'Edge Chromium' driver

2023-10-04 19:39:40 - [MESSAGE][INFO] - User set preference: ['acceptInsecureCerts', 'true']

2023-10-04 19:39:41 - [MESSAGE][INFO] - Action delay is set to 0 milliseconds

2023-10-04 19:39:44 - [MESSAGE][PASSED] - Browser is opened with url: 'https://10.9.2.63/ecommerce/'

2023-10-04 19:39:44 - [TEST_STEP][PASSED] - maximizeWindow(): Current window maximized

2023-10-04 19:39:44 - [MESSAGE][PASSED] - Current window maximized

2023-10-04 19:39:44 - [TEST_STEP][PASSED] - verifyElementPresent(findTestObject("Login Ecommerce/Verifikasi Halaman Login Akun"), 0): Object 'Object Repository/Login Ecommerce/Verifikasi Halaman Login Akun' is present

2023-10-04 19:39:44 - [MESSAGE][WARNING] - Timeout '0' is invalid. Using default page load timeout: '30'

2023-10-04 19:39:45 - [MESSAGE][PASSED] - Object 'Object Repository/Login Ecommerce/Verifikasi Halaman Login Akun' is present

2023-10-04 19:39:45 - [TEST_STEP][PASSED] - click(findTestObject("Login Ecommerce/Login Akun")): Object: 'Object Repository/Login Ecommerce/Login Akun' is clicked on

2023-10-04 19:39:46 - [MESSAGE][PASSED] - Object: 'Object Repository/Login Ecommerce/Login Akun' is clicked on

2023-10-04 19:39:46 - [TEST_STEP][PASSED] - verifyElementPresent(findTestObject("Login Ecommerce/Verifikasi Halaman Login Akun"), 0): Object 'Object Repository/Login Ecommerce/Verifikasi Halaman Login Akun' is present

2023-10-04 19:39:46 - [MESSAGE][WARNING] - Timeout '0' is invalid. Using default page load timeout: '30'

2023-10-04 19:39:46 - [MESSAGE][PASSED] - Object 'Object Repository/Login Ecommerce/Verifikasi Halaman Login Akun' is present

2023-10-04 19:39:46 - [TEST_STEP][PASSED] - setText(findTestObject("Login Ecommerce/Input Username"), "riswandha"): Text 'riswandha' is set on object 'Object Repository/Login Ecommerce/Input Username'

2023-10-04 19:39:47 - [MESSAGE][PASSED] - Text 'riswandha' is set on object 'Object Repository/Login Ecommerce/Input Username'

2023-10-04 19:39:47 - [TEST_STEP][PASSED] - setEncryptedText(findTestObject("Login Ecommerce/Input Password"), "iGDxf8hSRT4="): Text ****** has been set on object 'Object Repository/Login Ecommerce/Input Password'

2023-10-04 19:39:48 - [MESSAGE][PASSED] - Text ****** has been set on object 'Object Repository/Login Ecommerce/Input Password'

2023-10-04 19:39:48 - [TEST_STEP][PASSED] - click(findTestObject("Login Ecommerce/Button Masuk")): Object: 'Object Repository/Login Ecommerce/Button Masuk' is clicked on

2023-10-04 19:39:49 - [MESSAGE][PASSED] - Object: 'Object Repository/Login Ecommerce/Button Masuk' is clicked on

2023-10-04 19:39:49 - [TEST_STEP][PASSED] - verifyElementPresent(findTestObject("Login Ecommerce/Verifikasi Login Akun"), 0): Object 'Object Repository/Login Ecommerce/Verifikasi Login Akun' is present

2023-10-04 19:39:49 - [MESSAGE][WARNING] - Timeout '0' is invalid. Using default page load timeout: '30'

2023-10-04 19:39:50 - [MESSAGE][PASSED] - Object 'Object Repository/Login Ecommerce/Verifikasi Login Akun' is present

2023-10-04 19:39:50 - [MESSAGE][PASSED] - Call Test Case 'Test Cases/Login Ecommerce/TC-Login Ecomerce-001' successfully

2023-10-04 19:39:50 - [TEST_STEP][PASSED] - mouseOver(findTestObject("Product Ecommerce/Button Menu toko")): Object: 'Object Repository/Product Ecommerce/Button Menu toko' is hovered

2023-10-04 19:39:50 - [MESSAGE][PASSED] - Object: 'Object Repository/Product Ecommerce/Button Menu toko' is hovered

2023-10-04 19:39:50 - [TEST_STEP][PASSED] - click(findTestObject("Product Ecommerce/Button Daftar Produk")): Object: 'Object Repository/Product Ecommerce/Button Daftar Produk' is clicked on

2023-10-04 19:39:51 - [MESSAGE][PASSED] - Object: 'Object Repository/Product Ecommerce/Button Daftar Produk' is clicked on

2023-10-04 19:39:51 - [TEST_STEP][PASSED] - verifyElementPresent(findTestObject("Product Ecommerce/Verifikasi Halaman Product Anda"), 0): Object 'Object Repository/Product Ecommerce/Verifikasi Halaman Product Anda' is present

2023-10-04 19:39:51 - [MESSAGE][WARNING] - Timeout '0' is invalid. Using default page load timeout: '30'

2023-10-04 19:39:51 - [MESSAGE][PASSED] - Object 'Object Repository/Product Ecommerce/Verifikasi Halaman Product Anda' is present

2023-10-04 19:39:51 - [MESSAGE][PASSED] - Call Test Case 'Test Cases/Product Ecommerce/TC-PE-001' successfully

2023-10-04 19:39:51 - [TEST_STEP][PASSED] - mouseOver(findTestObject("Product Ecommerce/Image Gambar produk 1")): Object: 'Object Repository/Product Ecommerce/Image Gambar produk 1' is hovered

2023-10-04 19:39:52 - [MESSAGE][PASSED] - Object: 'Object Repository/Product Ecommerce/Image Gambar produk 1' is hovered

2023-10-04 19:39:52 - [TEST_STEP][PASSED] - click(findTestObject("Product Ecommerce/Tambahkan Product/Edit Data")): Object: 'Object Repository/Product Ecommerce/Tambahkan Product/Edit Data' is clicked on

2023-10-04 19:39:53 - [MESSAGE][PASSED] - Object: 'Object Repository/Product Ecommerce/Tambahkan Product/Edit Data' is clicked on

2023-10-04 19:39:53 - [TEST_STEP][PASSED] - verifyElementPresent(findTestObject("Product Ecommerce/Tambahkan Product/Button Update Data"), 0): Object 'Object Repository/Product Ecommerce/Tambahkan Product/Button Update Data' is present

2023-10-04 19:39:53 - [MESSAGE][WARNING] - Timeout '0' is invalid. Using default page load timeout: '30'

2023-10-04 19:39:54 - [MESSAGE][PASSED] - Object 'Object Repository/Product Ecommerce/Tambahkan Product/Button Update Data' is present

2023-10-04 19:39:54 - [TEST_STEP][PASSED] - click(findTestObject("Product Ecommerce/Kupon/Button Buat Product")): Object: 'Object Repository/Product Ecommerce/Kupon/Button Buat Product' is clicked on

2023-10-04 19:39:54 - [MESSAGE][PASSED] - Object: 'Object Repository/Product Ecommerce/Kupon/Button Buat Product' is clicked on

2023-10-04 19:39:54 - [TEST_STEP][PASSED] - verifyElementPresent(findTestObject("Product Ecommerce/Kupon/Verifikasi Halaman Voucher Product"), 0): Object 'Object Repository/Product Ecommerce/Kupon/Verifikasi Halaman Voucher Product' is present

2023-10-04 19:39:54 - [MESSAGE][WARNING] - Timeout '0' is invalid. Using default page load timeout: '30'

2023-10-04 19:39:55 - [MESSAGE][PASSED] - Object 'Object Repository/Product Ecommerce/Kupon/Verifikasi Halaman Voucher Product' is present

2023-10-04 19:39:55 - [TEST_STEP][PASSED] - click(findTestObject("Product Ecommerce/Kupon/Button Simpan")): Object: 'Object Repository/Product Ecommerce/Kupon/Button Simpan' is clicked on

2023-10-04 19:39:55 - [MESSAGE][PASSED] - Object: 'Object Repository/Product Ecommerce/Kupon/Button Simpan' is clicked on

2023-10-04 19:39:55 - [TEST_STEP][PASSED] - driver = getWebDriver(): null

2023-10-04 19:39:55 - [TEST_STEP][PASSED] - field_username_element = driver.findElement(By.xpath("//input[@id="kode_kupon"]")): null

2023-10-04 19:39:56 - [TEST_STEP][PASSED] - accept_button_message = driver.executeScript("return arguments[0].validationMessage", field_username_element): null

2023-10-04 19:39:56 - [TEST_STEP][PASSED] - println(accept_button_message): null

2023-10-04 19:39:56 - [TEST_STEP][FAILED] - assert accept_button_message == "Please fill out this field.": Test Cases/Product Ecommerce/TC-PEN-012 FAILED.
Reason:
Assertion failed: 

assert accept_button_message == "Please fill out this field."
       |                     |
       ""                    false

	at TC-PEN-012.run(TC-PEN-012:51)
	at com.kms.katalon.core.main.ScriptEngine.run(ScriptEngine.java:194)
	at com.kms.katalon.core.main.ScriptEngine.runScriptAsRawText(ScriptEngine.java:119)
	at com.kms.katalon.core.main.TestCaseExecutor.runScript(TestCaseExecutor.java:448)
	at com.kms.katalon.core.main.TestCaseExecutor.doExecute(TestCaseExecutor.java:439)
	at com.kms.katalon.core.main.TestCaseExecutor.processExecutionPhase(TestCaseExecutor.java:418)
	at com.kms.katalon.core.main.TestCaseExecutor.accessMainPhase(TestCaseExecutor.java:410)
	at com.kms.katalon.core.main.TestCaseExecutor.execute(TestCaseExecutor.java:285)
	at com.kms.katalon.core.common.CommonExecutor.accessTestCaseMainPhase(CommonExecutor.java:65)
	at com.kms.katalon.core.main.TestSuiteExecutor.accessTestSuiteMainPhase(TestSuiteExecutor.java:148)
	at com.kms.katalon.core.main.TestSuiteExecutor.execute(TestSuiteExecutor.java:106)
	at com.kms.katalon.core.main.TestCaseMain.startTestSuite(TestCaseMain.java:187)
	at com.kms.katalon.core.main.TestCaseMain$startTestSuite$0.call(Unknown Source)
	at TempTestSuite1696422608926.run(TempTestSuite1696422608926.groovy:36)


2023-10-04 19:39:56 - [MESSAGE][FAILED] - Test Cases/Product Ecommerce/TC-PEN-012 FAILED.
Reason:
Assertion failed: 

assert accept_button_message == "Please fill out this field."
       |                     |
       ""                    false

	at TC-PEN-012.run(TC-PEN-012:51)
	at com.kms.katalon.core.main.ScriptEngine.run(ScriptEngine.java:194)
	at com.kms.katalon.core.main.ScriptEngine.runScriptAsRawText(ScriptEngine.java:119)
	at com.kms.katalon.core.main.TestCaseExecutor.runScript(TestCaseExecutor.java:448)
	at com.kms.katalon.core.main.TestCaseExecutor.doExecute(TestCaseExecutor.java:439)
	at com.kms.katalon.core.main.TestCaseExecutor.processExecutionPhase(TestCaseExecutor.java:418)
	at com.kms.katalon.core.main.TestCaseExecutor.accessMainPhase(TestCaseExecutor.java:410)
	at com.kms.katalon.core.main.TestCaseExecutor.execute(TestCaseExecutor.java:285)
	at com.kms.katalon.core.common.CommonExecutor.accessTestCaseMainPhase(CommonExecutor.java:65)
	at com.kms.katalon.core.main.TestSuiteExecutor.accessTestSuiteMainPhase(TestSuiteExecutor.java:148)
	at com.kms.katalon.core.main.TestSuiteExecutor.execute(TestSuiteExecutor.java:106)
	at com.kms.katalon.core.main.TestCaseMain.startTestSuite(TestCaseMain.java:187)
	at com.kms.katalon.core.main.TestCaseMain$startTestSuite$0.call(Unknown Source)
	at TempTestSuite1696422608926.run(TempTestSuite1696422608926.groovy:36)]]></system-out>
         <system-err><![CDATA[2023-10-04 19:39:39 - [TEST_CASE][FAILED] - Test Cases/Product Ecommerce/TC-PEN-012: Test Cases/Product Ecommerce/TC-PEN-012 FAILED.
Reason:
Assertion failed: 

assert accept_button_message == "Please fill out this field."
       |                     |
       ""                    false

	at TC-PEN-012.run(TC-PEN-012:51)
	at com.kms.katalon.core.main.ScriptEngine.run(ScriptEngine.java:194)
	at com.kms.katalon.core.main.ScriptEngine.runScriptAsRawText(ScriptEngine.java:119)
	at com.kms.katalon.core.main.TestCaseExecutor.runScript(TestCaseExecutor.java:448)
	at com.kms.katalon.core.main.TestCaseExecutor.doExecute(TestCaseExecutor.java:439)
	at com.kms.katalon.core.main.TestCaseExecutor.processExecutionPhase(TestCaseExecutor.java:418)
	at com.kms.katalon.core.main.TestCaseExecutor.accessMainPhase(TestCaseExecutor.java:410)
	at com.kms.katalon.core.main.TestCaseExecutor.execute(TestCaseExecutor.java:285)
	at com.kms.katalon.core.common.CommonExecutor.accessTestCaseMainPhase(CommonExecutor.java:65)
	at com.kms.katalon.core.main.TestSuiteExecutor.accessTestSuiteMainPhase(TestSuiteExecutor.java:148)
	at com.kms.katalon.core.main.TestSuiteExecutor.execute(TestSuiteExecutor.java:106)
	at com.kms.katalon.core.main.TestCaseMain.startTestSuite(TestCaseMain.java:187)
	at com.kms.katalon.core.main.TestCaseMain$startTestSuite$0.call(Unknown Source)
	at TempTestSuite1696422608926.run(TempTestSuite1696422608926.groovy:36)]]></system-err>
      </testcase>
      <testcase name="Test Cases/Product Ecommerce/TC-PEN-013" time="20.375" classname="Test Cases/Product Ecommerce/TC-PEN-013" status="FAILED">
         <failure type="FAILED" message="Test Cases/Product Ecommerce/TC-PEN-013 FAILED.
Reason:
Assertion failed: 

assert accept_button_message == &quot;Code Name Is not valid&quot;
       |                     |
       &quot;&quot;                    false

	at TC-PEN-013.run(TC-PEN-013:56)
	at com.kms.katalon.core.main.ScriptEngine.run(ScriptEngine.java:194)
	at com.kms.katalon.core.main.ScriptEngine.runScriptAsRawText(ScriptEngine.java:119)
	at com.kms.katalon.core.main.TestCaseExecutor.runScript(TestCaseExecutor.java:448)
	at com.kms.katalon.core.main.TestCaseExecutor.doExecute(TestCaseExecutor.java:439)
	at com.kms.katalon.core.main.TestCaseExecutor.processExecutionPhase(TestCaseExecutor.java:418)
	at com.kms.katalon.core.main.TestCaseExecutor.accessMainPhase(TestCaseExecutor.java:410)
	at com.kms.katalon.core.main.TestCaseExecutor.execute(TestCaseExecutor.java:285)
	at com.kms.katalon.core.common.CommonExecutor.accessTestCaseMainPhase(CommonExecutor.java:65)
	at com.kms.katalon.core.main.TestSuiteExecutor.accessTestSuiteMainPhase(TestSuiteExecutor.java:148)
	at com.kms.katalon.core.main.TestSuiteExecutor.execute(TestSuiteExecutor.java:106)
	at com.kms.katalon.core.main.TestCaseMain.startTestSuite(TestCaseMain.java:187)
	at com.kms.katalon.core.main.TestCaseMain$startTestSuite$0.call(Unknown Source)
	at TempTestSuite1696422608926.run(TempTestSuite1696422608926.groovy:36)
"/>
         <system-out><![CDATA[2023-10-04 19:39:56 - [TEST_CASE][FAILED] - Test Cases/Product Ecommerce/TC-PEN-013: Test Cases/Product Ecommerce/TC-PEN-013 FAILED.
Reason:
Assertion failed: 

assert accept_button_message == "Code Name Is not valid"
       |                     |
       ""                    false

	at TC-PEN-013.run(TC-PEN-013:56)
	at com.kms.katalon.core.main.ScriptEngine.run(ScriptEngine.java:194)
	at com.kms.katalon.core.main.ScriptEngine.runScriptAsRawText(ScriptEngine.java:119)
	at com.kms.katalon.core.main.TestCaseExecutor.runScript(TestCaseExecutor.java:448)
	at com.kms.katalon.core.main.TestCaseExecutor.doExecute(TestCaseExecutor.java:439)
	at com.kms.katalon.core.main.TestCaseExecutor.processExecutionPhase(TestCaseExecutor.java:418)
	at com.kms.katalon.core.main.TestCaseExecutor.accessMainPhase(TestCaseExecutor.java:410)
	at com.kms.katalon.core.main.TestCaseExecutor.execute(TestCaseExecutor.java:285)
	at com.kms.katalon.core.common.CommonExecutor.accessTestCaseMainPhase(CommonExecutor.java:65)
	at com.kms.katalon.core.main.TestSuiteExecutor.accessTestSuiteMainPhase(TestSuiteExecutor.java:148)
	at com.kms.katalon.core.main.TestSuiteExecutor.execute(TestSuiteExecutor.java:106)
	at com.kms.katalon.core.main.TestCaseMain.startTestSuite(TestCaseMain.java:187)
	at com.kms.katalon.core.main.TestCaseMain$startTestSuite$0.call(Unknown Source)
	at TempTestSuite1696422608926.run(TempTestSuite1696422608926.groovy:36)


2023-10-04 19:39:56 - [TEST_STEP][PASSED] - callTestCase(findTestCase("Product Ecommerce/TC-PE-001"), [:], STOP_ON_FAILURE): Call Test Case 'Test Cases/Product Ecommerce/TC-PE-001' successfully

2023-10-04 19:39:56 - [TEST_CASE][PASSED] - Test Cases/Product Ecommerce/TC-PE-001: Test Cases/Product Ecommerce/TC-PE-001

2023-10-04 19:39:56 - [TEST_STEP][PASSED] - callTestCase(findTestCase("Login Ecommerce/TC-Login Ecomerce-001"), [:], STOP_ON_FAILURE): Call Test Case 'Test Cases/Login Ecommerce/TC-Login Ecomerce-001' successfully

2023-10-04 19:39:56 - [TEST_CASE][PASSED] - Test Cases/Login Ecommerce/TC-Login Ecomerce-001: Test Cases/Login Ecommerce/TC-Login Ecomerce-001

2023-10-04 19:39:56 - [TEST_STEP][PASSED] - openBrowser(userTajalapak): Browser is opened with url: 'https://10.9.2.63/ecommerce/'

2023-10-04 19:39:56 - [MESSAGE][WARNING] - A browser is already opened. Closing browser and opening a new one

2023-10-04 19:39:57 - [MESSAGE][INFO] - Starting 'Edge Chromium' driver

2023-10-04 19:39:57 - [MESSAGE][INFO] - User set preference: ['acceptInsecureCerts', 'true']

2023-10-04 19:39:57 - [MESSAGE][INFO] - Action delay is set to 0 milliseconds

2023-10-04 19:40:01 - [MESSAGE][PASSED] - Browser is opened with url: 'https://10.9.2.63/ecommerce/'

2023-10-04 19:40:01 - [TEST_STEP][PASSED] - maximizeWindow(): Current window maximized

2023-10-04 19:40:01 - [MESSAGE][PASSED] - Current window maximized

2023-10-04 19:40:01 - [TEST_STEP][PASSED] - verifyElementPresent(findTestObject("Login Ecommerce/Verifikasi Halaman Login Akun"), 0): Object 'Object Repository/Login Ecommerce/Verifikasi Halaman Login Akun' is present

2023-10-04 19:40:01 - [MESSAGE][WARNING] - Timeout '0' is invalid. Using default page load timeout: '30'

2023-10-04 19:40:02 - [MESSAGE][PASSED] - Object 'Object Repository/Login Ecommerce/Verifikasi Halaman Login Akun' is present

2023-10-04 19:40:02 - [TEST_STEP][PASSED] - click(findTestObject("Login Ecommerce/Login Akun")): Object: 'Object Repository/Login Ecommerce/Login Akun' is clicked on

2023-10-04 19:40:03 - [MESSAGE][PASSED] - Object: 'Object Repository/Login Ecommerce/Login Akun' is clicked on

2023-10-04 19:40:03 - [TEST_STEP][PASSED] - verifyElementPresent(findTestObject("Login Ecommerce/Verifikasi Halaman Login Akun"), 0): Object 'Object Repository/Login Ecommerce/Verifikasi Halaman Login Akun' is present

2023-10-04 19:40:03 - [MESSAGE][WARNING] - Timeout '0' is invalid. Using default page load timeout: '30'

2023-10-04 19:40:03 - [MESSAGE][PASSED] - Object 'Object Repository/Login Ecommerce/Verifikasi Halaman Login Akun' is present

2023-10-04 19:40:03 - [TEST_STEP][PASSED] - setText(findTestObject("Login Ecommerce/Input Username"), "riswandha"): Text 'riswandha' is set on object 'Object Repository/Login Ecommerce/Input Username'

2023-10-04 19:40:04 - [MESSAGE][PASSED] - Text 'riswandha' is set on object 'Object Repository/Login Ecommerce/Input Username'

2023-10-04 19:40:04 - [TEST_STEP][PASSED] - setEncryptedText(findTestObject("Login Ecommerce/Input Password"), "iGDxf8hSRT4="): Text ****** has been set on object 'Object Repository/Login Ecommerce/Input Password'

2023-10-04 19:40:05 - [MESSAGE][PASSED] - Text ****** has been set on object 'Object Repository/Login Ecommerce/Input Password'

2023-10-04 19:40:05 - [TEST_STEP][PASSED] - click(findTestObject("Login Ecommerce/Button Masuk")): Object: 'Object Repository/Login Ecommerce/Button Masuk' is clicked on

2023-10-04 19:40:06 - [MESSAGE][PASSED] - Object: 'Object Repository/Login Ecommerce/Button Masuk' is clicked on

2023-10-04 19:40:06 - [TEST_STEP][PASSED] - verifyElementPresent(findTestObject("Login Ecommerce/Verifikasi Login Akun"), 0): Object 'Object Repository/Login Ecommerce/Verifikasi Login Akun' is present

2023-10-04 19:40:06 - [MESSAGE][WARNING] - Timeout '0' is invalid. Using default page load timeout: '30'

2023-10-04 19:40:07 - [MESSAGE][PASSED] - Object 'Object Repository/Login Ecommerce/Verifikasi Login Akun' is present

2023-10-04 19:40:07 - [MESSAGE][PASSED] - Call Test Case 'Test Cases/Login Ecommerce/TC-Login Ecomerce-001' successfully

2023-10-04 19:40:07 - [TEST_STEP][PASSED] - mouseOver(findTestObject("Product Ecommerce/Button Menu toko")): Object: 'Object Repository/Product Ecommerce/Button Menu toko' is hovered

2023-10-04 19:40:07 - [MESSAGE][PASSED] - Object: 'Object Repository/Product Ecommerce/Button Menu toko' is hovered

2023-10-04 19:40:07 - [TEST_STEP][PASSED] - click(findTestObject("Product Ecommerce/Button Daftar Produk")): Object: 'Object Repository/Product Ecommerce/Button Daftar Produk' is clicked on

2023-10-04 19:40:08 - [MESSAGE][PASSED] - Object: 'Object Repository/Product Ecommerce/Button Daftar Produk' is clicked on

2023-10-04 19:40:08 - [TEST_STEP][PASSED] - verifyElementPresent(findTestObject("Product Ecommerce/Verifikasi Halaman Product Anda"), 0): Object 'Object Repository/Product Ecommerce/Verifikasi Halaman Product Anda' is present

2023-10-04 19:40:09 - [MESSAGE][WARNING] - Timeout '0' is invalid. Using default page load timeout: '30'

2023-10-04 19:40:09 - [MESSAGE][PASSED] - Object 'Object Repository/Product Ecommerce/Verifikasi Halaman Product Anda' is present

2023-10-04 19:40:09 - [MESSAGE][PASSED] - Call Test Case 'Test Cases/Product Ecommerce/TC-PE-001' successfully

2023-10-04 19:40:09 - [TEST_STEP][PASSED] - mouseOver(findTestObject("Product Ecommerce/Image Gambar produk 1")): Object: 'Object Repository/Product Ecommerce/Image Gambar produk 1' is hovered

2023-10-04 19:40:10 - [MESSAGE][PASSED] - Object: 'Object Repository/Product Ecommerce/Image Gambar produk 1' is hovered

2023-10-04 19:40:10 - [TEST_STEP][PASSED] - click(findTestObject("Product Ecommerce/Tambahkan Product/Edit Data")): Object: 'Object Repository/Product Ecommerce/Tambahkan Product/Edit Data' is clicked on

2023-10-04 19:40:11 - [MESSAGE][PASSED] - Object: 'Object Repository/Product Ecommerce/Tambahkan Product/Edit Data' is clicked on

2023-10-04 19:40:11 - [TEST_STEP][PASSED] - verifyElementPresent(findTestObject("Product Ecommerce/Tambahkan Product/Button Update Data"), 0): Object 'Object Repository/Product Ecommerce/Tambahkan Product/Button Update Data' is present

2023-10-04 19:40:11 - [MESSAGE][WARNING] - Timeout '0' is invalid. Using default page load timeout: '30'

2023-10-04 19:40:11 - [MESSAGE][PASSED] - Object 'Object Repository/Product Ecommerce/Tambahkan Product/Button Update Data' is present

2023-10-04 19:40:11 - [TEST_STEP][PASSED] - click(findTestObject("Product Ecommerce/Kupon/Button Buat Product")): Object: 'Object Repository/Product Ecommerce/Kupon/Button Buat Product' is clicked on

2023-10-04 19:40:12 - [MESSAGE][PASSED] - Object: 'Object Repository/Product Ecommerce/Kupon/Button Buat Product' is clicked on

2023-10-04 19:40:12 - [TEST_STEP][PASSED] - verifyElementPresent(findTestObject("Product Ecommerce/Kupon/Verifikasi Halaman Voucher Product"), 0): Object 'Object Repository/Product Ecommerce/Kupon/Verifikasi Halaman Voucher Product' is present

2023-10-04 19:40:12 - [MESSAGE][WARNING] - Timeout '0' is invalid. Using default page load timeout: '30'

2023-10-04 19:40:13 - [MESSAGE][PASSED] - Object 'Object Repository/Product Ecommerce/Kupon/Verifikasi Halaman Voucher Product' is present

2023-10-04 19:40:13 - [TEST_STEP][PASSED] - click(findTestObject("Product Ecommerce/Kupon/Button Edit Voucher")): Object: 'Object Repository/Product Ecommerce/Kupon/Button Edit Voucher' is clicked on

2023-10-04 19:40:13 - [MESSAGE][PASSED] - Object: 'Object Repository/Product Ecommerce/Kupon/Button Edit Voucher' is clicked on

2023-10-04 19:40:13 - [TEST_STEP][PASSED] - setText(findTestObject("Product Ecommerce/Kupon/Input Kode Kupon"), "~!@#$%^&*()"): Text '~!@#$%^&*()' is set on object 'Object Repository/Product Ecommerce/Kupon/Input Kode Kupon'

2023-10-04 19:40:14 - [MESSAGE][PASSED] - Text '~!@#$%^&*()' is set on object 'Object Repository/Product Ecommerce/Kupon/Input Kode Kupon'

2023-10-04 19:40:14 - [TEST_STEP][PASSED] - click(findTestObject("Product Ecommerce/Kupon/Button Simpan")): Object: 'Object Repository/Product Ecommerce/Kupon/Button Simpan' is clicked on

2023-10-04 19:40:15 - [MESSAGE][PASSED] - Object: 'Object Repository/Product Ecommerce/Kupon/Button Simpan' is clicked on

2023-10-04 19:40:15 - [TEST_STEP][PASSED] - driver = getWebDriver(): null

2023-10-04 19:40:15 - [TEST_STEP][PASSED] - field_username_element = driver.findElement(By.xpath("//input[@id="kode_kupon"]")): null

2023-10-04 19:40:16 - [TEST_STEP][PASSED] - accept_button_message = driver.executeScript("return arguments[0].validationMessage", field_username_element): null

2023-10-04 19:40:16 - [TEST_STEP][PASSED] - println(accept_button_message): null

2023-10-04 19:40:16 - [TEST_STEP][FAILED] - assert accept_button_message == "Code Name Is not valid": Test Cases/Product Ecommerce/TC-PEN-013 FAILED.
Reason:
Assertion failed: 

assert accept_button_message == "Code Name Is not valid"
       |                     |
       ""                    false

	at TC-PEN-013.run(TC-PEN-013:56)
	at com.kms.katalon.core.main.ScriptEngine.run(ScriptEngine.java:194)
	at com.kms.katalon.core.main.ScriptEngine.runScriptAsRawText(ScriptEngine.java:119)
	at com.kms.katalon.core.main.TestCaseExecutor.runScript(TestCaseExecutor.java:448)
	at com.kms.katalon.core.main.TestCaseExecutor.doExecute(TestCaseExecutor.java:439)
	at com.kms.katalon.core.main.TestCaseExecutor.processExecutionPhase(TestCaseExecutor.java:418)
	at com.kms.katalon.core.main.TestCaseExecutor.accessMainPhase(TestCaseExecutor.java:410)
	at com.kms.katalon.core.main.TestCaseExecutor.execute(TestCaseExecutor.java:285)
	at com.kms.katalon.core.common.CommonExecutor.accessTestCaseMainPhase(CommonExecutor.java:65)
	at com.kms.katalon.core.main.TestSuiteExecutor.accessTestSuiteMainPhase(TestSuiteExecutor.java:148)
	at com.kms.katalon.core.main.TestSuiteExecutor.execute(TestSuiteExecutor.java:106)
	at com.kms.katalon.core.main.TestCaseMain.startTestSuite(TestCaseMain.java:187)
	at com.kms.katalon.core.main.TestCaseMain$startTestSuite$0.call(Unknown Source)
	at TempTestSuite1696422608926.run(TempTestSuite1696422608926.groovy:36)


2023-10-04 19:40:16 - [MESSAGE][FAILED] - Test Cases/Product Ecommerce/TC-PEN-013 FAILED.
Reason:
Assertion failed: 

assert accept_button_message == "Code Name Is not valid"
       |                     |
       ""                    false

	at TC-PEN-013.run(TC-PEN-013:56)
	at com.kms.katalon.core.main.ScriptEngine.run(ScriptEngine.java:194)
	at com.kms.katalon.core.main.ScriptEngine.runScriptAsRawText(ScriptEngine.java:119)
	at com.kms.katalon.core.main.TestCaseExecutor.runScript(TestCaseExecutor.java:448)
	at com.kms.katalon.core.main.TestCaseExecutor.doExecute(TestCaseExecutor.java:439)
	at com.kms.katalon.core.main.TestCaseExecutor.processExecutionPhase(TestCaseExecutor.java:418)
	at com.kms.katalon.core.main.TestCaseExecutor.accessMainPhase(TestCaseExecutor.java:410)
	at com.kms.katalon.core.main.TestCaseExecutor.execute(TestCaseExecutor.java:285)
	at com.kms.katalon.core.common.CommonExecutor.accessTestCaseMainPhase(CommonExecutor.java:65)
	at com.kms.katalon.core.main.TestSuiteExecutor.accessTestSuiteMainPhase(TestSuiteExecutor.java:148)
	at com.kms.katalon.core.main.TestSuiteExecutor.execute(TestSuiteExecutor.java:106)
	at com.kms.katalon.core.main.TestCaseMain.startTestSuite(TestCaseMain.java:187)
	at com.kms.katalon.core.main.TestCaseMain$startTestSuite$0.call(Unknown Source)
	at TempTestSuite1696422608926.run(TempTestSuite1696422608926.groovy:36)]]></system-out>
         <system-err><![CDATA[2023-10-04 19:39:56 - [TEST_CASE][FAILED] - Test Cases/Product Ecommerce/TC-PEN-013: Test Cases/Product Ecommerce/TC-PEN-013 FAILED.
Reason:
Assertion failed: 

assert accept_button_message == "Code Name Is not valid"
       |                     |
       ""                    false

	at TC-PEN-013.run(TC-PEN-013:56)
	at com.kms.katalon.core.main.ScriptEngine.run(ScriptEngine.java:194)
	at com.kms.katalon.core.main.ScriptEngine.runScriptAsRawText(ScriptEngine.java:119)
	at com.kms.katalon.core.main.TestCaseExecutor.runScript(TestCaseExecutor.java:448)
	at com.kms.katalon.core.main.TestCaseExecutor.doExecute(TestCaseExecutor.java:439)
	at com.kms.katalon.core.main.TestCaseExecutor.processExecutionPhase(TestCaseExecutor.java:418)
	at com.kms.katalon.core.main.TestCaseExecutor.accessMainPhase(TestCaseExecutor.java:410)
	at com.kms.katalon.core.main.TestCaseExecutor.execute(TestCaseExecutor.java:285)
	at com.kms.katalon.core.common.CommonExecutor.accessTestCaseMainPhase(CommonExecutor.java:65)
	at com.kms.katalon.core.main.TestSuiteExecutor.accessTestSuiteMainPhase(TestSuiteExecutor.java:148)
	at com.kms.katalon.core.main.TestSuiteExecutor.execute(TestSuiteExecutor.java:106)
	at com.kms.katalon.core.main.TestCaseMain.startTestSuite(TestCaseMain.java:187)
	at com.kms.katalon.core.main.TestCaseMain$startTestSuite$0.call(Unknown Source)
	at TempTestSuite1696422608926.run(TempTestSuite1696422608926.groovy:36)]]></system-err>
      </testcase>
      <testcase name="Test Cases/Product Ecommerce/TC-PEN-014" time="25.937" classname="Test Cases/Product Ecommerce/TC-PEN-014" status="FAILED">
         <failure type="FAILED" message="Test Cases/Product Ecommerce/TC-PEN-014 FAILED.
Reason:
com.kms.katalon.core.exception.StepFailedException: Unable to get alert text
	at com.kms.katalon.core.webui.keyword.internal.WebUIKeywordMain.stepFailed(WebUIKeywordMain.groovy:64)
	at com.kms.katalon.core.webui.keyword.internal.WebUIKeywordMain.runKeyword(WebUIKeywordMain.groovy:26)
	at com.kms.katalon.core.webui.keyword.builtin.GetAlertTextKeyword.getAlertText(GetAlertTextKeyword.groovy:71)
	at com.kms.katalon.core.webui.keyword.builtin.GetAlertTextKeyword.execute(GetAlertTextKeyword.groovy:66)
	at com.kms.katalon.core.keyword.internal.KeywordExecutor.executeKeywordForPlatform(KeywordExecutor.groovy:74)
	at com.kms.katalon.core.webui.keyword.WebUiBuiltInKeywords.getAlertText(WebUiBuiltInKeywords.groovy:1576)
	at com.kms.katalon.core.webui.keyword.WebUiBuiltInKeywords$getAlertText$13.call(Unknown Source)
	at TC-PEN-014.run(TC-PEN-014:46)
	at com.kms.katalon.core.main.ScriptEngine.run(ScriptEngine.java:194)
	at com.kms.katalon.core.main.ScriptEngine.runScriptAsRawText(ScriptEngine.java:119)
	at com.kms.katalon.core.main.TestCaseExecutor.runScript(TestCaseExecutor.java:448)
	at com.kms.katalon.core.main.TestCaseExecutor.doExecute(TestCaseExecutor.java:439)
	at com.kms.katalon.core.main.TestCaseExecutor.processExecutionPhase(TestCaseExecutor.java:418)
	at com.kms.katalon.core.main.TestCaseExecutor.accessMainPhase(TestCaseExecutor.java:410)
	at com.kms.katalon.core.main.TestCaseExecutor.execute(TestCaseExecutor.java:285)
	at com.kms.katalon.core.common.CommonExecutor.accessTestCaseMainPhase(CommonExecutor.java:65)
	at com.kms.katalon.core.main.TestSuiteExecutor.accessTestSuiteMainPhase(TestSuiteExecutor.java:148)
	at com.kms.katalon.core.main.TestSuiteExecutor.execute(TestSuiteExecutor.java:106)
	at com.kms.katalon.core.main.TestCaseMain.startTestSuite(TestCaseMain.java:187)
	at com.kms.katalon.core.main.TestCaseMain$startTestSuite$0.call(Unknown Source)
	at TempTestSuite1696422608926.run(TempTestSuite1696422608926.groovy:36)
Caused by: com.kms.katalon.core.exception.StepFailedException: No alert found
	at com.kms.katalon.core.webui.keyword.internal.WebUIKeywordMain.stepFailed(WebUIKeywordMain.groovy:64)
	at com.kms.katalon.core.webui.keyword.builtin.GetAlertTextKeyword$_getAlertText_closure1.doCall(GetAlertTextKeyword.groovy:79)
	at com.kms.katalon.core.webui.keyword.builtin.GetAlertTextKeyword$_getAlertText_closure1.call(GetAlertTextKeyword.groovy)
	at com.kms.katalon.core.webui.keyword.internal.WebUIKeywordMain.runKeyword(WebUIKeywordMain.groovy:20)
	... 19 more
"/>
         <system-out><![CDATA[2023-10-04 19:40:16 - [TEST_CASE][FAILED] - Test Cases/Product Ecommerce/TC-PEN-014: Test Cases/Product Ecommerce/TC-PEN-014 FAILED.
Reason:
com.kms.katalon.core.exception.StepFailedException: Unable to get alert text
	at com.kms.katalon.core.webui.keyword.internal.WebUIKeywordMain.stepFailed(WebUIKeywordMain.groovy:64)
	at com.kms.katalon.core.webui.keyword.internal.WebUIKeywordMain.runKeyword(WebUIKeywordMain.groovy:26)
	at com.kms.katalon.core.webui.keyword.builtin.GetAlertTextKeyword.getAlertText(GetAlertTextKeyword.groovy:71)
	at com.kms.katalon.core.webui.keyword.builtin.GetAlertTextKeyword.execute(GetAlertTextKeyword.groovy:66)
	at com.kms.katalon.core.keyword.internal.KeywordExecutor.executeKeywordForPlatform(KeywordExecutor.groovy:74)
	at com.kms.katalon.core.webui.keyword.WebUiBuiltInKeywords.getAlertText(WebUiBuiltInKeywords.groovy:1576)
	at com.kms.katalon.core.webui.keyword.WebUiBuiltInKeywords$getAlertText$13.call(Unknown Source)
	at TC-PEN-014.run(TC-PEN-014:46)
	at com.kms.katalon.core.main.ScriptEngine.run(ScriptEngine.java:194)
	at com.kms.katalon.core.main.ScriptEngine.runScriptAsRawText(ScriptEngine.java:119)
	at com.kms.katalon.core.main.TestCaseExecutor.runScript(TestCaseExecutor.java:448)
	at com.kms.katalon.core.main.TestCaseExecutor.doExecute(TestCaseExecutor.java:439)
	at com.kms.katalon.core.main.TestCaseExecutor.processExecutionPhase(TestCaseExecutor.java:418)
	at com.kms.katalon.core.main.TestCaseExecutor.accessMainPhase(TestCaseExecutor.java:410)
	at com.kms.katalon.core.main.TestCaseExecutor.execute(TestCaseExecutor.java:285)
	at com.kms.katalon.core.common.CommonExecutor.accessTestCaseMainPhase(CommonExecutor.java:65)
	at com.kms.katalon.core.main.TestSuiteExecutor.accessTestSuiteMainPhase(TestSuiteExecutor.java:148)
	at com.kms.katalon.core.main.TestSuiteExecutor.execute(TestSuiteExecutor.java:106)
	at com.kms.katalon.core.main.TestCaseMain.startTestSuite(TestCaseMain.java:187)
	at com.kms.katalon.core.main.TestCaseMain$startTestSuite$0.call(Unknown Source)
	at TempTestSuite1696422608926.run(TempTestSuite1696422608926.groovy:36)
Caused by: com.kms.katalon.core.exception.StepFailedException: No alert found
	at com.kms.katalon.core.webui.keyword.internal.WebUIKeywordMain.stepFailed(WebUIKeywordMain.groovy:64)
	at com.kms.katalon.core.webui.keyword.builtin.GetAlertTextKeyword$_getAlertText_closure1.doCall(GetAlertTextKeyword.groovy:79)
	at com.kms.katalon.core.webui.keyword.builtin.GetAlertTextKeyword$_getAlertText_closure1.call(GetAlertTextKeyword.groovy)
	at com.kms.katalon.core.webui.keyword.internal.WebUIKeywordMain.runKeyword(WebUIKeywordMain.groovy:20)
	... 19 more


2023-10-04 19:40:17 - [TEST_STEP][PASSED] - callTestCase(findTestCase("Product Ecommerce/TC-PE-001"), [:], STOP_ON_FAILURE): Call Test Case 'Test Cases/Product Ecommerce/TC-PE-001' successfully

2023-10-04 19:40:17 - [TEST_CASE][PASSED] - Test Cases/Product Ecommerce/TC-PE-001: Test Cases/Product Ecommerce/TC-PE-001

2023-10-04 19:40:17 - [TEST_STEP][PASSED] - callTestCase(findTestCase("Login Ecommerce/TC-Login Ecomerce-001"), [:], STOP_ON_FAILURE): Call Test Case 'Test Cases/Login Ecommerce/TC-Login Ecomerce-001' successfully

2023-10-04 19:40:17 - [TEST_CASE][PASSED] - Test Cases/Login Ecommerce/TC-Login Ecomerce-001: Test Cases/Login Ecommerce/TC-Login Ecomerce-001

2023-10-04 19:40:17 - [TEST_STEP][PASSED] - openBrowser(userTajalapak): Browser is opened with url: 'https://10.9.2.63/ecommerce/'

2023-10-04 19:40:17 - [MESSAGE][WARNING] - A browser is already opened. Closing browser and opening a new one

2023-10-04 19:40:18 - [MESSAGE][INFO] - Starting 'Edge Chromium' driver

2023-10-04 19:40:18 - [MESSAGE][INFO] - User set preference: ['acceptInsecureCerts', 'true']

2023-10-04 19:40:19 - [MESSAGE][INFO] - Action delay is set to 0 milliseconds

2023-10-04 19:40:22 - [MESSAGE][PASSED] - Browser is opened with url: 'https://10.9.2.63/ecommerce/'

2023-10-04 19:40:22 - [TEST_STEP][PASSED] - maximizeWindow(): Current window maximized

2023-10-04 19:40:22 - [MESSAGE][PASSED] - Current window maximized

2023-10-04 19:40:22 - [TEST_STEP][PASSED] - verifyElementPresent(findTestObject("Login Ecommerce/Verifikasi Halaman Login Akun"), 0): Object 'Object Repository/Login Ecommerce/Verifikasi Halaman Login Akun' is present

2023-10-04 19:40:22 - [MESSAGE][WARNING] - Timeout '0' is invalid. Using default page load timeout: '30'

2023-10-04 19:40:23 - [MESSAGE][PASSED] - Object 'Object Repository/Login Ecommerce/Verifikasi Halaman Login Akun' is present

2023-10-04 19:40:23 - [TEST_STEP][PASSED] - click(findTestObject("Login Ecommerce/Login Akun")): Object: 'Object Repository/Login Ecommerce/Login Akun' is clicked on

2023-10-04 19:40:24 - [MESSAGE][PASSED] - Object: 'Object Repository/Login Ecommerce/Login Akun' is clicked on

2023-10-04 19:40:24 - [TEST_STEP][PASSED] - verifyElementPresent(findTestObject("Login Ecommerce/Verifikasi Halaman Login Akun"), 0): Object 'Object Repository/Login Ecommerce/Verifikasi Halaman Login Akun' is present

2023-10-04 19:40:24 - [MESSAGE][WARNING] - Timeout '0' is invalid. Using default page load timeout: '30'

2023-10-04 19:40:24 - [MESSAGE][PASSED] - Object 'Object Repository/Login Ecommerce/Verifikasi Halaman Login Akun' is present

2023-10-04 19:40:24 - [TEST_STEP][PASSED] - setText(findTestObject("Login Ecommerce/Input Username"), "riswandha"): Text 'riswandha' is set on object 'Object Repository/Login Ecommerce/Input Username'

2023-10-04 19:40:25 - [MESSAGE][PASSED] - Text 'riswandha' is set on object 'Object Repository/Login Ecommerce/Input Username'

2023-10-04 19:40:25 - [TEST_STEP][PASSED] - setEncryptedText(findTestObject("Login Ecommerce/Input Password"), "iGDxf8hSRT4="): Text ****** has been set on object 'Object Repository/Login Ecommerce/Input Password'

2023-10-04 19:40:26 - [MESSAGE][PASSED] - Text ****** has been set on object 'Object Repository/Login Ecommerce/Input Password'

2023-10-04 19:40:26 - [TEST_STEP][PASSED] - click(findTestObject("Login Ecommerce/Button Masuk")): Object: 'Object Repository/Login Ecommerce/Button Masuk' is clicked on

2023-10-04 19:40:29 - [MESSAGE][PASSED] - Object: 'Object Repository/Login Ecommerce/Button Masuk' is clicked on

2023-10-04 19:40:29 - [TEST_STEP][PASSED] - verifyElementPresent(findTestObject("Login Ecommerce/Verifikasi Login Akun"), 0): Object 'Object Repository/Login Ecommerce/Verifikasi Login Akun' is present

2023-10-04 19:40:29 - [MESSAGE][WARNING] - Timeout '0' is invalid. Using default page load timeout: '30'

2023-10-04 19:40:29 - [MESSAGE][PASSED] - Object 'Object Repository/Login Ecommerce/Verifikasi Login Akun' is present

2023-10-04 19:40:29 - [MESSAGE][PASSED] - Call Test Case 'Test Cases/Login Ecommerce/TC-Login Ecomerce-001' successfully

2023-10-04 19:40:29 - [TEST_STEP][PASSED] - mouseOver(findTestObject("Product Ecommerce/Button Menu toko")): Object: 'Object Repository/Product Ecommerce/Button Menu toko' is hovered

2023-10-04 19:40:30 - [MESSAGE][PASSED] - Object: 'Object Repository/Product Ecommerce/Button Menu toko' is hovered

2023-10-04 19:40:30 - [TEST_STEP][PASSED] - click(findTestObject("Product Ecommerce/Button Daftar Produk")): Object: 'Object Repository/Product Ecommerce/Button Daftar Produk' is clicked on

2023-10-04 19:40:31 - [MESSAGE][PASSED] - Object: 'Object Repository/Product Ecommerce/Button Daftar Produk' is clicked on

2023-10-04 19:40:31 - [TEST_STEP][PASSED] - verifyElementPresent(findTestObject("Product Ecommerce/Verifikasi Halaman Product Anda"), 0): Object 'Object Repository/Product Ecommerce/Verifikasi Halaman Product Anda' is present

2023-10-04 19:40:31 - [MESSAGE][WARNING] - Timeout '0' is invalid. Using default page load timeout: '30'

2023-10-04 19:40:32 - [MESSAGE][PASSED] - Object 'Object Repository/Product Ecommerce/Verifikasi Halaman Product Anda' is present

2023-10-04 19:40:32 - [MESSAGE][PASSED] - Call Test Case 'Test Cases/Product Ecommerce/TC-PE-001' successfully

2023-10-04 19:40:32 - [TEST_STEP][PASSED] - mouseOver(findTestObject("Product Ecommerce/Image Gambar produk 1")): Object: 'Object Repository/Product Ecommerce/Image Gambar produk 1' is hovered

2023-10-04 19:40:33 - [MESSAGE][PASSED] - Object: 'Object Repository/Product Ecommerce/Image Gambar produk 1' is hovered

2023-10-04 19:40:33 - [TEST_STEP][PASSED] - click(findTestObject("Product Ecommerce/Tambahkan Product/Edit Data")): Object: 'Object Repository/Product Ecommerce/Tambahkan Product/Edit Data' is clicked on

2023-10-04 19:40:34 - [MESSAGE][PASSED] - Object: 'Object Repository/Product Ecommerce/Tambahkan Product/Edit Data' is clicked on

2023-10-04 19:40:34 - [TEST_STEP][PASSED] - verifyElementPresent(findTestObject("Product Ecommerce/Tambahkan Product/Button Update Data"), 0): Object 'Object Repository/Product Ecommerce/Tambahkan Product/Button Update Data' is present

2023-10-04 19:40:34 - [MESSAGE][WARNING] - Timeout '0' is invalid. Using default page load timeout: '30'

2023-10-04 19:40:34 - [MESSAGE][PASSED] - Object 'Object Repository/Product Ecommerce/Tambahkan Product/Button Update Data' is present

2023-10-04 19:40:34 - [TEST_STEP][PASSED] - click(findTestObject("Product Ecommerce/Kupon/Button Buat Product")): Object: 'Object Repository/Product Ecommerce/Kupon/Button Buat Product' is clicked on

2023-10-04 19:40:35 - [MESSAGE][PASSED] - Object: 'Object Repository/Product Ecommerce/Kupon/Button Buat Product' is clicked on

2023-10-04 19:40:35 - [TEST_STEP][PASSED] - verifyElementPresent(findTestObject("Product Ecommerce/Kupon/Verifikasi Halaman Voucher Product"), 0): Object 'Object Repository/Product Ecommerce/Kupon/Verifikasi Halaman Voucher Product' is present

2023-10-04 19:40:35 - [MESSAGE][WARNING] - Timeout '0' is invalid. Using default page load timeout: '30'

2023-10-04 19:40:35 - [MESSAGE][PASSED] - Object 'Object Repository/Product Ecommerce/Kupon/Verifikasi Halaman Voucher Product' is present

2023-10-04 19:40:35 - [TEST_STEP][PASSED] - click(findTestObject("Product Ecommerce/Kupon/Button Edit Voucher")): Object: 'Object Repository/Product Ecommerce/Kupon/Button Edit Voucher' is clicked on

2023-10-04 19:40:36 - [MESSAGE][PASSED] - Object: 'Object Repository/Product Ecommerce/Kupon/Button Edit Voucher' is clicked on

2023-10-04 19:40:36 - [TEST_STEP][PASSED] - setText(findTestObject("Product Ecommerce/Kupon/Input Kode Kupon"), " "): Text ' ' is set on object 'Object Repository/Product Ecommerce/Kupon/Input Kode Kupon'

2023-10-04 19:40:37 - [MESSAGE][PASSED] - Text ' ' is set on object 'Object Repository/Product Ecommerce/Kupon/Input Kode Kupon'

2023-10-04 19:40:37 - [TEST_STEP][PASSED] - click(findTestObject("Product Ecommerce/Kupon/Button Simpan")): Object: 'Object Repository/Product Ecommerce/Kupon/Button Simpan' is clicked on

2023-10-04 19:40:37 - [MESSAGE][PASSED] - Object: 'Object Repository/Product Ecommerce/Kupon/Button Simpan' is clicked on

2023-10-04 19:40:37 - [TEST_STEP][PASSED] - delay(5): Delayed 5 second(s)

2023-10-04 19:40:42 - [MESSAGE][PASSED] - Delayed 5 second(s)

2023-10-04 19:40:42 - [TEST_STEP][FAILED] - notif = getAlertText(): Unable to get alert text (Root cause: com.kms.katalon.core.exception.StepFailedException: Unable to get alert text
	at com.kms.katalon.core.webui.keyword.internal.WebUIKeywordMain.stepFailed(WebUIKeywordMain.groovy:64)
	at com.kms.katalon.core.webui.keyword.internal.WebUIKeywordMain.runKeyword(WebUIKeywordMain.groovy:26)
	at com.kms.katalon.core.webui.keyword.builtin.GetAlertTextKeyword.getAlertText(GetAlertTextKeyword.groovy:71)
	at com.kms.katalon.core.webui.keyword.builtin.GetAlertTextKeyword.execute(GetAlertTextKeyword.groovy:66)
	at com.kms.katalon.core.keyword.internal.KeywordExecutor.executeKeywordForPlatform(KeywordExecutor.groovy:74)
	at com.kms.katalon.core.webui.keyword.WebUiBuiltInKeywords.getAlertText(WebUiBuiltInKeywords.groovy:1576)
	at com.kms.katalon.core.webui.keyword.WebUiBuiltInKeywords$getAlertText$13.call(Unknown Source)
	at TC-PEN-014.run(TC-PEN-014:46)
	at com.kms.katalon.core.main.ScriptEngine.run(ScriptEngine.java:194)
	at com.kms.katalon.core.main.ScriptEngine.runScriptAsRawText(ScriptEngine.java:119)
	at com.kms.katalon.core.main.TestCaseExecutor.runScript(TestCaseExecutor.java:448)
	at com.kms.katalon.core.main.TestCaseExecutor.doExecute(TestCaseExecutor.java:439)
	at com.kms.katalon.core.main.TestCaseExecutor.processExecutionPhase(TestCaseExecutor.java:418)
	at com.kms.katalon.core.main.TestCaseExecutor.accessMainPhase(TestCaseExecutor.java:410)
	at com.kms.katalon.core.main.TestCaseExecutor.execute(TestCaseExecutor.java:285)
	at com.kms.katalon.core.common.CommonExecutor.accessTestCaseMainPhase(CommonExecutor.java:65)
	at com.kms.katalon.core.main.TestSuiteExecutor.accessTestSuiteMainPhase(TestSuiteExecutor.java:148)
	at com.kms.katalon.core.main.TestSuiteExecutor.execute(TestSuiteExecutor.java:106)
	at com.kms.katalon.core.main.TestCaseMain.startTestSuite(TestCaseMain.java:187)
	at com.kms.katalon.core.main.TestCaseMain$startTestSuite$0.call(Unknown Source)
	at TempTestSuite1696422608926.run(TempTestSuite1696422608926.groovy:36)
Caused by: com.kms.katalon.core.exception.StepFailedException: No alert found
	at com.kms.katalon.core.webui.keyword.internal.WebUIKeywordMain.stepFailed(WebUIKeywordMain.groovy:64)
	at com.kms.katalon.core.webui.keyword.builtin.GetAlertTextKeyword$_getAlertText_closure1.doCall(GetAlertTextKeyword.groovy:79)
	at com.kms.katalon.core.webui.keyword.builtin.GetAlertTextKeyword$_getAlertText_closure1.call(GetAlertTextKeyword.groovy)
	at com.kms.katalon.core.webui.keyword.internal.WebUIKeywordMain.runKeyword(WebUIKeywordMain.groovy:20)
	... 19 more
)

2023-10-04 19:40:42 - [MESSAGE][FAILED] - No alert found (Root cause: com.kms.katalon.core.exception.StepFailedException: No alert found
	at com.kms.katalon.core.webui.keyword.internal.WebUIKeywordMain.stepFailed(WebUIKeywordMain.groovy:64)
	at com.kms.katalon.core.webui.keyword.builtin.GetAlertTextKeyword$_getAlertText_closure1.doCall(GetAlertTextKeyword.groovy:79)
	at com.kms.katalon.core.webui.keyword.builtin.GetAlertTextKeyword$_getAlertText_closure1.call(GetAlertTextKeyword.groovy)
	at com.kms.katalon.core.webui.keyword.internal.WebUIKeywordMain.runKeyword(WebUIKeywordMain.groovy:20)
	at com.kms.katalon.core.webui.keyword.builtin.GetAlertTextKeyword.getAlertText(GetAlertTextKeyword.groovy:71)
	at com.kms.katalon.core.webui.keyword.builtin.GetAlertTextKeyword.execute(GetAlertTextKeyword.groovy:66)
	at com.kms.katalon.core.keyword.internal.KeywordExecutor.executeKeywordForPlatform(KeywordExecutor.groovy:74)
	at com.kms.katalon.core.webui.keyword.WebUiBuiltInKeywords.getAlertText(WebUiBuiltInKeywords.groovy:1576)
	at com.kms.katalon.core.webui.keyword.WebUiBuiltInKeywords$getAlertText$13.call(Unknown Source)
	at TC-PEN-014.run(TC-PEN-014:46)
	at com.kms.katalon.core.main.ScriptEngine.run(ScriptEngine.java:194)
	at com.kms.katalon.core.main.ScriptEngine.runScriptAsRawText(ScriptEngine.java:119)
	at com.kms.katalon.core.main.TestCaseExecutor.runScript(TestCaseExecutor.java:448)
	at com.kms.katalon.core.main.TestCaseExecutor.doExecute(TestCaseExecutor.java:439)
	at com.kms.katalon.core.main.TestCaseExecutor.processExecutionPhase(TestCaseExecutor.java:418)
	at com.kms.katalon.core.main.TestCaseExecutor.accessMainPhase(TestCaseExecutor.java:410)
	at com.kms.katalon.core.main.TestCaseExecutor.execute(TestCaseExecutor.java:285)
	at com.kms.katalon.core.common.CommonExecutor.accessTestCaseMainPhase(CommonExecutor.java:65)
	at com.kms.katalon.core.main.TestSuiteExecutor.accessTestSuiteMainPhase(TestSuiteExecutor.java:148)
	at com.kms.katalon.core.main.TestSuiteExecutor.execute(TestSuiteExecutor.java:106)
	at com.kms.katalon.core.main.TestCaseMain.startTestSuite(TestCaseMain.java:187)
	at com.kms.katalon.core.main.TestCaseMain$startTestSuite$0.call(Unknown Source)
	at TempTestSuite1696422608926.run(TempTestSuite1696422608926.groovy:36)
)
[[ATTACHMENT|G:\\Project Xsis\\batch-324-qa\\Riswan\\Sprint 2 Product Tajalapak\\Reports\\20231004_193007\\Product Ecomerce\\20231004_193008\\1696423242355.png]]

2023-10-04 19:40:42 - [MESSAGE][FAILED] - Unable to get alert text (Root cause: com.kms.katalon.core.exception.StepFailedException: Unable to get alert text
	at com.kms.katalon.core.webui.keyword.internal.WebUIKeywordMain.stepFailed(WebUIKeywordMain.groovy:64)
	at com.kms.katalon.core.webui.keyword.internal.WebUIKeywordMain.runKeyword(WebUIKeywordMain.groovy:26)
	at com.kms.katalon.core.webui.keyword.builtin.GetAlertTextKeyword.getAlertText(GetAlertTextKeyword.groovy:71)
	at com.kms.katalon.core.webui.keyword.builtin.GetAlertTextKeyword.execute(GetAlertTextKeyword.groovy:66)
	at com.kms.katalon.core.keyword.internal.KeywordExecutor.executeKeywordForPlatform(KeywordExecutor.groovy:74)
	at com.kms.katalon.core.webui.keyword.WebUiBuiltInKeywords.getAlertText(WebUiBuiltInKeywords.groovy:1576)
	at com.kms.katalon.core.webui.keyword.WebUiBuiltInKeywords$getAlertText$13.call(Unknown Source)
	at TC-PEN-014.run(TC-PEN-014:46)
	at com.kms.katalon.core.main.ScriptEngine.run(ScriptEngine.java:194)
	at com.kms.katalon.core.main.ScriptEngine.runScriptAsRawText(ScriptEngine.java:119)
	at com.kms.katalon.core.main.TestCaseExecutor.runScript(TestCaseExecutor.java:448)
	at com.kms.katalon.core.main.TestCaseExecutor.doExecute(TestCaseExecutor.java:439)
	at com.kms.katalon.core.main.TestCaseExecutor.processExecutionPhase(TestCaseExecutor.java:418)
	at com.kms.katalon.core.main.TestCaseExecutor.accessMainPhase(TestCaseExecutor.java:410)
	at com.kms.katalon.core.main.TestCaseExecutor.execute(TestCaseExecutor.java:285)
	at com.kms.katalon.core.common.CommonExecutor.accessTestCaseMainPhase(CommonExecutor.java:65)
	at com.kms.katalon.core.main.TestSuiteExecutor.accessTestSuiteMainPhase(TestSuiteExecutor.java:148)
	at com.kms.katalon.core.main.TestSuiteExecutor.execute(TestSuiteExecutor.java:106)
	at com.kms.katalon.core.main.TestCaseMain.startTestSuite(TestCaseMain.java:187)
	at com.kms.katalon.core.main.TestCaseMain$startTestSuite$0.call(Unknown Source)
	at TempTestSuite1696422608926.run(TempTestSuite1696422608926.groovy:36)
Caused by: com.kms.katalon.core.exception.StepFailedException: No alert found
	at com.kms.katalon.core.webui.keyword.internal.WebUIKeywordMain.stepFailed(WebUIKeywordMain.groovy:64)
	at com.kms.katalon.core.webui.keyword.builtin.GetAlertTextKeyword$_getAlertText_closure1.doCall(GetAlertTextKeyword.groovy:79)
	at com.kms.katalon.core.webui.keyword.builtin.GetAlertTextKeyword$_getAlertText_closure1.call(GetAlertTextKeyword.groovy)
	at com.kms.katalon.core.webui.keyword.internal.WebUIKeywordMain.runKeyword(WebUIKeywordMain.groovy:20)
	... 19 more
)
[[ATTACHMENT|G:\\Project Xsis\\batch-324-qa\\Riswan\\Sprint 2 Product Tajalapak\\Reports\\20231004_193007\\Product Ecomerce\\20231004_193008\\1696423242484.png]]]]></system-out>
         <system-err><![CDATA[2023-10-04 19:40:16 - [TEST_CASE][FAILED] - Test Cases/Product Ecommerce/TC-PEN-014: Test Cases/Product Ecommerce/TC-PEN-014 FAILED.
Reason:
com.kms.katalon.core.exception.StepFailedException: Unable to get alert text
	at com.kms.katalon.core.webui.keyword.internal.WebUIKeywordMain.stepFailed(WebUIKeywordMain.groovy:64)
	at com.kms.katalon.core.webui.keyword.internal.WebUIKeywordMain.runKeyword(WebUIKeywordMain.groovy:26)
	at com.kms.katalon.core.webui.keyword.builtin.GetAlertTextKeyword.getAlertText(GetAlertTextKeyword.groovy:71)
	at com.kms.katalon.core.webui.keyword.builtin.GetAlertTextKeyword.execute(GetAlertTextKeyword.groovy:66)
	at com.kms.katalon.core.keyword.internal.KeywordExecutor.executeKeywordForPlatform(KeywordExecutor.groovy:74)
	at com.kms.katalon.core.webui.keyword.WebUiBuiltInKeywords.getAlertText(WebUiBuiltInKeywords.groovy:1576)
	at com.kms.katalon.core.webui.keyword.WebUiBuiltInKeywords$getAlertText$13.call(Unknown Source)
	at TC-PEN-014.run(TC-PEN-014:46)
	at com.kms.katalon.core.main.ScriptEngine.run(ScriptEngine.java:194)
	at com.kms.katalon.core.main.ScriptEngine.runScriptAsRawText(ScriptEngine.java:119)
	at com.kms.katalon.core.main.TestCaseExecutor.runScript(TestCaseExecutor.java:448)
	at com.kms.katalon.core.main.TestCaseExecutor.doExecute(TestCaseExecutor.java:439)
	at com.kms.katalon.core.main.TestCaseExecutor.processExecutionPhase(TestCaseExecutor.java:418)
	at com.kms.katalon.core.main.TestCaseExecutor.accessMainPhase(TestCaseExecutor.java:410)
	at com.kms.katalon.core.main.TestCaseExecutor.execute(TestCaseExecutor.java:285)
	at com.kms.katalon.core.common.CommonExecutor.accessTestCaseMainPhase(CommonExecutor.java:65)
	at com.kms.katalon.core.main.TestSuiteExecutor.accessTestSuiteMainPhase(TestSuiteExecutor.java:148)
	at com.kms.katalon.core.main.TestSuiteExecutor.execute(TestSuiteExecutor.java:106)
	at com.kms.katalon.core.main.TestCaseMain.startTestSuite(TestCaseMain.java:187)
	at com.kms.katalon.core.main.TestCaseMain$startTestSuite$0.call(Unknown Source)
	at TempTestSuite1696422608926.run(TempTestSuite1696422608926.groovy:36)
Caused by: com.kms.katalon.core.exception.StepFailedException: No alert found
	at com.kms.katalon.core.webui.keyword.internal.WebUIKeywordMain.stepFailed(WebUIKeywordMain.groovy:64)
	at com.kms.katalon.core.webui.keyword.builtin.GetAlertTextKeyword$_getAlertText_closure1.doCall(GetAlertTextKeyword.groovy:79)
	at com.kms.katalon.core.webui.keyword.builtin.GetAlertTextKeyword$_getAlertText_closure1.call(GetAlertTextKeyword.groovy)
	at com.kms.katalon.core.webui.keyword.internal.WebUIKeywordMain.runKeyword(WebUIKeywordMain.groovy:20)
	... 19 more]]></system-err>
      </testcase>
      <testcase name="Test Cases/Product Ecommerce/TC-PEN-015" time="19.359" classname="Test Cases/Product Ecommerce/TC-PEN-015" status="ERROR">
         <error type="ERROR" message="Test Cases/Product Ecommerce/TC-PEN-015 FAILED.
Reason:
org.openqa.selenium.NoSuchElementException: no such element: Unable to locate element: {&quot;method&quot;:&quot;xpath&quot;,&quot;selector&quot;:&quot;//input[@name=&quot;berat&quot;]&quot;}
  (Session info: MicrosoftEdge=117.0.2045.47)
For documentation on this error, please visit: https://www.seleniumhq.org/exceptions/no_such_element.html
Build info: version: '3.141.59', revision: 'e82be7d358', time: '2018-11-14T08:25:53'
System info: host: 'RISWANDHA', ip: '10.9.2.19', os.name: 'Windows 10', os.arch: 'amd64', os.version: '10.0', java.version: '1.8.0_362'
Driver info: com.kms.katalon.selenium.driver.CEdgeDriver
Capabilities {acceptInsecureCerts: true, browserName: msedge, browserVersion: 117.0.2045.47, fedcm:accounts: true, javascriptEnabled: true, ms:edgeOptions: {debuggerAddress: localhost:60275}, msedge: {msedgedriverVersion: 117.0.2045.31 (fdd954ad1e8c..., userDataDir: C:\Users\Admin\AppData\Loca...}, networkConnectionEnabled: false, pageLoadStrategy: normal, platform: WINDOWS, platformName: WINDOWS, proxy: Proxy(), setWindowRect: true, strictFileInteractability: false, timeouts: {implicit: 0, pageLoad: 300000, script: 30000}, unhandledPromptBehavior: dismiss and notify, webauthn:extension:credBlob: true, webauthn:extension:largeBlob: true, webauthn:extension:minPinLength: true, webauthn:extension:prf: true, webauthn:virtualAuthenticators: true}
Session ID: 0f77d1db019d0fdad9b4b55513be2ad6
*** Element info: {Using=xpath, value=//input[@name=&quot;berat&quot;]}
	at org.openqa.selenium.remote.http.W3CHttpResponseCodec.createException(W3CHttpResponseCodec.java:187)
	at org.openqa.selenium.remote.http.W3CHttpResponseCodec.decode(W3CHttpResponseCodec.java:122)
	at org.openqa.selenium.remote.http.W3CHttpResponseCodec.decode(W3CHttpResponseCodec.java:49)
	at org.openqa.selenium.remote.HttpCommandExecutor.execute(HttpCommandExecutor.java:158)
	at org.openqa.selenium.remote.service.DriverCommandExecutor.execute(DriverCommandExecutor.java:83)
	at org.openqa.selenium.remote.RemoteWebDriver.execute(RemoteWebDriver.java:552)
	at com.kms.katalon.selenium.driver.CEdgeDriver.execute(CEdgeDriver.java:20)
	at org.openqa.selenium.remote.RemoteWebDriver.findElement(RemoteWebDriver.java:323)
	at org.openqa.selenium.remote.RemoteWebDriver.findElementByXPath(RemoteWebDriver.java:428)
	at org.openqa.selenium.By$ByXPath.findElement(By.java:353)
	at org.openqa.selenium.remote.RemoteWebDriver.findElement(RemoteWebDriver.java:315)
	at org.openqa.selenium.support.events.EventFiringWebDriver.lambda$new$1(EventFiringWebDriver.java:105)
	at com.sun.proxy.$Proxy10.findElement(Unknown Source)
	at org.openqa.selenium.support.events.EventFiringWebDriver.findElement(EventFiringWebDriver.java:194)
	at org.openqa.selenium.WebDriver$findElement.call(Unknown Source)
	at TC-PEN-015.run(TC-PEN-015:40)
	at com.kms.katalon.core.main.ScriptEngine.run(ScriptEngine.java:194)
	at com.kms.katalon.core.main.ScriptEngine.runScriptAsRawText(ScriptEngine.java:119)
	at com.kms.katalon.core.main.TestCaseExecutor.runScript(TestCaseExecutor.java:448)
	at com.kms.katalon.core.main.TestCaseExecutor.doExecute(TestCaseExecutor.java:439)
	at com.kms.katalon.core.main.TestCaseExecutor.processExecutionPhase(TestCaseExecutor.java:418)
	at com.kms.katalon.core.main.TestCaseExecutor.accessMainPhase(TestCaseExecutor.java:410)
	at com.kms.katalon.core.main.TestCaseExecutor.execute(TestCaseExecutor.java:285)
	at com.kms.katalon.core.common.CommonExecutor.accessTestCaseMainPhase(CommonExecutor.java:65)
	at com.kms.katalon.core.main.TestSuiteExecutor.accessTestSuiteMainPhase(TestSuiteExecutor.java:148)
	at com.kms.katalon.core.main.TestSuiteExecutor.execute(TestSuiteExecutor.java:106)
	at com.kms.katalon.core.main.TestCaseMain.startTestSuite(TestCaseMain.java:187)
	at com.kms.katalon.core.main.TestCaseMain$startTestSuite$0.call(Unknown Source)
	at TempTestSuite1696422608926.run(TempTestSuite1696422608926.groovy:36)
"/>
         <system-out><![CDATA[2023-10-04 19:40:42 - [TEST_CASE][ERROR] - Test Cases/Product Ecommerce/TC-PEN-015: Test Cases/Product Ecommerce/TC-PEN-015 FAILED.
Reason:
org.openqa.selenium.NoSuchElementException: no such element: Unable to locate element: {"method":"xpath","selector":"//input[@name="berat"]"}
  (Session info: MicrosoftEdge=117.0.2045.47)
For documentation on this error, please visit: https://www.seleniumhq.org/exceptions/no_such_element.html
Build info: version: '3.141.59', revision: 'e82be7d358', time: '2018-11-14T08:25:53'
System info: host: 'RISWANDHA', ip: '10.9.2.19', os.name: 'Windows 10', os.arch: 'amd64', os.version: '10.0', java.version: '1.8.0_362'
Driver info: com.kms.katalon.selenium.driver.CEdgeDriver
Capabilities {acceptInsecureCerts: true, browserName: msedge, browserVersion: 117.0.2045.47, fedcm:accounts: true, javascriptEnabled: true, ms:edgeOptions: {debuggerAddress: localhost:60275}, msedge: {msedgedriverVersion: 117.0.2045.31 (fdd954ad1e8c..., userDataDir: C:\Users\Admin\AppData\Loca...}, networkConnectionEnabled: false, pageLoadStrategy: normal, platform: WINDOWS, platformName: WINDOWS, proxy: Proxy(), setWindowRect: true, strictFileInteractability: false, timeouts: {implicit: 0, pageLoad: 300000, script: 30000}, unhandledPromptBehavior: dismiss and notify, webauthn:extension:credBlob: true, webauthn:extension:largeBlob: true, webauthn:extension:minPinLength: true, webauthn:extension:prf: true, webauthn:virtualAuthenticators: true}
Session ID: 0f77d1db019d0fdad9b4b55513be2ad6
*** Element info: {Using=xpath, value=//input[@name="berat"]}
	at org.openqa.selenium.remote.http.W3CHttpResponseCodec.createException(W3CHttpResponseCodec.java:187)
	at org.openqa.selenium.remote.http.W3CHttpResponseCodec.decode(W3CHttpResponseCodec.java:122)
	at org.openqa.selenium.remote.http.W3CHttpResponseCodec.decode(W3CHttpResponseCodec.java:49)
	at org.openqa.selenium.remote.HttpCommandExecutor.execute(HttpCommandExecutor.java:158)
	at org.openqa.selenium.remote.service.DriverCommandExecutor.execute(DriverCommandExecutor.java:83)
	at org.openqa.selenium.remote.RemoteWebDriver.execute(RemoteWebDriver.java:552)
	at com.kms.katalon.selenium.driver.CEdgeDriver.execute(CEdgeDriver.java:20)
	at org.openqa.selenium.remote.RemoteWebDriver.findElement(RemoteWebDriver.java:323)
	at org.openqa.selenium.remote.RemoteWebDriver.findElementByXPath(RemoteWebDriver.java:428)
	at org.openqa.selenium.By$ByXPath.findElement(By.java:353)
	at org.openqa.selenium.remote.RemoteWebDriver.findElement(RemoteWebDriver.java:315)
	at org.openqa.selenium.support.events.EventFiringWebDriver.lambda$new$1(EventFiringWebDriver.java:105)
	at com.sun.proxy.$Proxy10.findElement(Unknown Source)
	at org.openqa.selenium.support.events.EventFiringWebDriver.findElement(EventFiringWebDriver.java:194)
	at org.openqa.selenium.WebDriver$findElement.call(Unknown Source)
	at TC-PEN-015.run(TC-PEN-015:40)
	at com.kms.katalon.core.main.ScriptEngine.run(ScriptEngine.java:194)
	at com.kms.katalon.core.main.ScriptEngine.runScriptAsRawText(ScriptEngine.java:119)
	at com.kms.katalon.core.main.TestCaseExecutor.runScript(TestCaseExecutor.java:448)
	at com.kms.katalon.core.main.TestCaseExecutor.doExecute(TestCaseExecutor.java:439)
	at com.kms.katalon.core.main.TestCaseExecutor.processExecutionPhase(TestCaseExecutor.java:418)
	at com.kms.katalon.core.main.TestCaseExecutor.accessMainPhase(TestCaseExecutor.java:410)
	at com.kms.katalon.core.main.TestCaseExecutor.execute(TestCaseExecutor.java:285)
	at com.kms.katalon.core.common.CommonExecutor.accessTestCaseMainPhase(CommonExecutor.java:65)
	at com.kms.katalon.core.main.TestSuiteExecutor.accessTestSuiteMainPhase(TestSuiteExecutor.java:148)
	at com.kms.katalon.core.main.TestSuiteExecutor.execute(TestSuiteExecutor.java:106)
	at com.kms.katalon.core.main.TestCaseMain.startTestSuite(TestCaseMain.java:187)
	at com.kms.katalon.core.main.TestCaseMain$startTestSuite$0.call(Unknown Source)
	at TempTestSuite1696422608926.run(TempTestSuite1696422608926.groovy:36)


2023-10-04 19:40:42 - [TEST_STEP][PASSED] - callTestCase(findTestCase("Product Ecommerce/TC-PE-001"), [:], STOP_ON_FAILURE): Call Test Case 'Test Cases/Product Ecommerce/TC-PE-001' successfully

2023-10-04 19:40:42 - [TEST_CASE][PASSED] - Test Cases/Product Ecommerce/TC-PE-001: Test Cases/Product Ecommerce/TC-PE-001

2023-10-04 19:40:42 - [TEST_STEP][PASSED] - callTestCase(findTestCase("Login Ecommerce/TC-Login Ecomerce-001"), [:], STOP_ON_FAILURE): Call Test Case 'Test Cases/Login Ecommerce/TC-Login Ecomerce-001' successfully

2023-10-04 19:40:43 - [TEST_CASE][PASSED] - Test Cases/Login Ecommerce/TC-Login Ecomerce-001: Test Cases/Login Ecommerce/TC-Login Ecomerce-001

2023-10-04 19:40:43 - [TEST_STEP][PASSED] - openBrowser(userTajalapak): Browser is opened with url: 'https://10.9.2.63/ecommerce/'

2023-10-04 19:40:43 - [MESSAGE][WARNING] - A browser is already opened. Closing browser and opening a new one

2023-10-04 19:40:43 - [MESSAGE][INFO] - Starting 'Edge Chromium' driver

2023-10-04 19:40:43 - [MESSAGE][INFO] - User set preference: ['acceptInsecureCerts', 'true']

2023-10-04 19:40:44 - [MESSAGE][INFO] - Action delay is set to 0 milliseconds

2023-10-04 19:40:49 - [MESSAGE][PASSED] - Browser is opened with url: 'https://10.9.2.63/ecommerce/'

2023-10-04 19:40:49 - [TEST_STEP][PASSED] - maximizeWindow(): Current window maximized

2023-10-04 19:40:49 - [MESSAGE][PASSED] - Current window maximized

2023-10-04 19:40:49 - [TEST_STEP][PASSED] - verifyElementPresent(findTestObject("Login Ecommerce/Verifikasi Halaman Login Akun"), 0): Object 'Object Repository/Login Ecommerce/Verifikasi Halaman Login Akun' is present

2023-10-04 19:40:49 - [MESSAGE][WARNING] - Timeout '0' is invalid. Using default page load timeout: '30'

2023-10-04 19:40:50 - [MESSAGE][PASSED] - Object 'Object Repository/Login Ecommerce/Verifikasi Halaman Login Akun' is present

2023-10-04 19:40:50 - [TEST_STEP][PASSED] - click(findTestObject("Login Ecommerce/Login Akun")): Object: 'Object Repository/Login Ecommerce/Login Akun' is clicked on

2023-10-04 19:40:50 - [MESSAGE][PASSED] - Object: 'Object Repository/Login Ecommerce/Login Akun' is clicked on

2023-10-04 19:40:50 - [TEST_STEP][PASSED] - verifyElementPresent(findTestObject("Login Ecommerce/Verifikasi Halaman Login Akun"), 0): Object 'Object Repository/Login Ecommerce/Verifikasi Halaman Login Akun' is present

2023-10-04 19:40:51 - [MESSAGE][WARNING] - Timeout '0' is invalid. Using default page load timeout: '30'

2023-10-04 19:40:51 - [MESSAGE][PASSED] - Object 'Object Repository/Login Ecommerce/Verifikasi Halaman Login Akun' is present

2023-10-04 19:40:51 - [TEST_STEP][PASSED] - setText(findTestObject("Login Ecommerce/Input Username"), "riswandha"): Text 'riswandha' is set on object 'Object Repository/Login Ecommerce/Input Username'

2023-10-04 19:40:52 - [MESSAGE][PASSED] - Text 'riswandha' is set on object 'Object Repository/Login Ecommerce/Input Username'

2023-10-04 19:40:52 - [TEST_STEP][PASSED] - setEncryptedText(findTestObject("Login Ecommerce/Input Password"), "iGDxf8hSRT4="): Text ****** has been set on object 'Object Repository/Login Ecommerce/Input Password'

2023-10-04 19:40:52 - [MESSAGE][PASSED] - Text ****** has been set on object 'Object Repository/Login Ecommerce/Input Password'

2023-10-04 19:40:52 - [TEST_STEP][PASSED] - click(findTestObject("Login Ecommerce/Button Masuk")): Object: 'Object Repository/Login Ecommerce/Button Masuk' is clicked on

2023-10-04 19:40:54 - [MESSAGE][PASSED] - Object: 'Object Repository/Login Ecommerce/Button Masuk' is clicked on

2023-10-04 19:40:54 - [TEST_STEP][PASSED] - verifyElementPresent(findTestObject("Login Ecommerce/Verifikasi Login Akun"), 0): Object 'Object Repository/Login Ecommerce/Verifikasi Login Akun' is present

2023-10-04 19:40:54 - [MESSAGE][WARNING] - Timeout '0' is invalid. Using default page load timeout: '30'

2023-10-04 19:40:54 - [MESSAGE][PASSED] - Object 'Object Repository/Login Ecommerce/Verifikasi Login Akun' is present

2023-10-04 19:40:54 - [MESSAGE][PASSED] - Call Test Case 'Test Cases/Login Ecommerce/TC-Login Ecomerce-001' successfully

2023-10-04 19:40:54 - [TEST_STEP][PASSED] - mouseOver(findTestObject("Product Ecommerce/Button Menu toko")): Object: 'Object Repository/Product Ecommerce/Button Menu toko' is hovered

2023-10-04 19:40:55 - [MESSAGE][PASSED] - Object: 'Object Repository/Product Ecommerce/Button Menu toko' is hovered

2023-10-04 19:40:55 - [TEST_STEP][PASSED] - click(findTestObject("Product Ecommerce/Button Daftar Produk")): Object: 'Object Repository/Product Ecommerce/Button Daftar Produk' is clicked on

2023-10-04 19:40:56 - [MESSAGE][PASSED] - Object: 'Object Repository/Product Ecommerce/Button Daftar Produk' is clicked on

2023-10-04 19:40:56 - [TEST_STEP][PASSED] - verifyElementPresent(findTestObject("Product Ecommerce/Verifikasi Halaman Product Anda"), 0): Object 'Object Repository/Product Ecommerce/Verifikasi Halaman Product Anda' is present

2023-10-04 19:40:56 - [MESSAGE][WARNING] - Timeout '0' is invalid. Using default page load timeout: '30'

2023-10-04 19:40:57 - [MESSAGE][PASSED] - Object 'Object Repository/Product Ecommerce/Verifikasi Halaman Product Anda' is present

2023-10-04 19:40:57 - [MESSAGE][PASSED] - Call Test Case 'Test Cases/Product Ecommerce/TC-PE-001' successfully

2023-10-04 19:40:57 - [TEST_STEP][PASSED] - mouseOver(findTestObject("Product Ecommerce/Image Gambar produk 1")): Object: 'Object Repository/Product Ecommerce/Image Gambar produk 1' is hovered

2023-10-04 19:40:57 - [MESSAGE][PASSED] - Object: 'Object Repository/Product Ecommerce/Image Gambar produk 1' is hovered

2023-10-04 19:40:57 - [TEST_STEP][PASSED] - click(findTestObject("Product Ecommerce/Tambahkan Product/Edit Data")): Object: 'Object Repository/Product Ecommerce/Tambahkan Product/Edit Data' is clicked on

2023-10-04 19:40:58 - [MESSAGE][PASSED] - Object: 'Object Repository/Product Ecommerce/Tambahkan Product/Edit Data' is clicked on

2023-10-04 19:40:58 - [TEST_STEP][PASSED] - setText(findTestObject("Product Ecommerce/Tambahkan Product/Input Berat"), "1000000000"): Text '1000000000' is set on object 'Object Repository/Product Ecommerce/Tambahkan Product/Input Berat'

2023-10-04 19:40:59 - [MESSAGE][PASSED] - Text '1000000000' is set on object 'Object Repository/Product Ecommerce/Tambahkan Product/Input Berat'

2023-10-04 19:40:59 - [TEST_STEP][PASSED] - click(findTestObject("Product Ecommerce/Tambahkan Product/Button Update Data")): Object: 'Object Repository/Product Ecommerce/Tambahkan Product/Button Update Data' is clicked on

2023-10-04 19:41:01 - [MESSAGE][PASSED] - Object: 'Object Repository/Product Ecommerce/Tambahkan Product/Button Update Data' is clicked on

2023-10-04 19:41:01 - [TEST_STEP][PASSED] - driver = getWebDriver(): null

2023-10-04 19:41:01 - [TEST_STEP][ERROR] - field_username_element = driver.findElement(By.xpath("//input[@name="berat"]")): Test Cases/Product Ecommerce/TC-PEN-015 FAILED.
Reason:
org.openqa.selenium.NoSuchElementException: no such element: Unable to locate element: {"method":"xpath","selector":"//input[@name="berat"]"}
  (Session info: MicrosoftEdge=117.0.2045.47)
For documentation on this error, please visit: https://www.seleniumhq.org/exceptions/no_such_element.html
Build info: version: '3.141.59', revision: 'e82be7d358', time: '2018-11-14T08:25:53'
System info: host: 'RISWANDHA', ip: '10.9.2.19', os.name: 'Windows 10', os.arch: 'amd64', os.version: '10.0', java.version: '1.8.0_362'
Driver info: com.kms.katalon.selenium.driver.CEdgeDriver
Capabilities {acceptInsecureCerts: true, browserName: msedge, browserVersion: 117.0.2045.47, fedcm:accounts: true, javascriptEnabled: true, ms:edgeOptions: {debuggerAddress: localhost:60275}, msedge: {msedgedriverVersion: 117.0.2045.31 (fdd954ad1e8c..., userDataDir: C:\Users\Admin\AppData\Loca...}, networkConnectionEnabled: false, pageLoadStrategy: normal, platform: WINDOWS, platformName: WINDOWS, proxy: Proxy(), setWindowRect: true, strictFileInteractability: false, timeouts: {implicit: 0, pageLoad: 300000, script: 30000}, unhandledPromptBehavior: dismiss and notify, webauthn:extension:credBlob: true, webauthn:extension:largeBlob: true, webauthn:extension:minPinLength: true, webauthn:extension:prf: true, webauthn:virtualAuthenticators: true}
Session ID: 0f77d1db019d0fdad9b4b55513be2ad6
*** Element info: {Using=xpath, value=//input[@name="berat"]}
	at org.openqa.selenium.remote.http.W3CHttpResponseCodec.createException(W3CHttpResponseCodec.java:187)
	at org.openqa.selenium.remote.http.W3CHttpResponseCodec.decode(W3CHttpResponseCodec.java:122)
	at org.openqa.selenium.remote.http.W3CHttpResponseCodec.decode(W3CHttpResponseCodec.java:49)
	at org.openqa.selenium.remote.HttpCommandExecutor.execute(HttpCommandExecutor.java:158)
	at org.openqa.selenium.remote.service.DriverCommandExecutor.execute(DriverCommandExecutor.java:83)
	at org.openqa.selenium.remote.RemoteWebDriver.execute(RemoteWebDriver.java:552)
	at com.kms.katalon.selenium.driver.CEdgeDriver.execute(CEdgeDriver.java:20)
	at org.openqa.selenium.remote.RemoteWebDriver.findElement(RemoteWebDriver.java:323)
	at org.openqa.selenium.remote.RemoteWebDriver.findElementByXPath(RemoteWebDriver.java:428)
	at org.openqa.selenium.By$ByXPath.findElement(By.java:353)
	at org.openqa.selenium.remote.RemoteWebDriver.findElement(RemoteWebDriver.java:315)
	at org.openqa.selenium.support.events.EventFiringWebDriver.lambda$new$1(EventFiringWebDriver.java:105)
	at com.sun.proxy.$Proxy10.findElement(Unknown Source)
	at org.openqa.selenium.support.events.EventFiringWebDriver.findElement(EventFiringWebDriver.java:194)
	at org.openqa.selenium.WebDriver$findElement.call(Unknown Source)
	at TC-PEN-015.run(TC-PEN-015:40)
	at com.kms.katalon.core.main.ScriptEngine.run(ScriptEngine.java:194)
	at com.kms.katalon.core.main.ScriptEngine.runScriptAsRawText(ScriptEngine.java:119)
	at com.kms.katalon.core.main.TestCaseExecutor.runScript(TestCaseExecutor.java:448)
	at com.kms.katalon.core.main.TestCaseExecutor.doExecute(TestCaseExecutor.java:439)
	at com.kms.katalon.core.main.TestCaseExecutor.processExecutionPhase(TestCaseExecutor.java:418)
	at com.kms.katalon.core.main.TestCaseExecutor.accessMainPhase(TestCaseExecutor.java:410)
	at com.kms.katalon.core.main.TestCaseExecutor.execute(TestCaseExecutor.java:285)
	at com.kms.katalon.core.common.CommonExecutor.accessTestCaseMainPhase(CommonExecutor.java:65)
	at com.kms.katalon.core.main.TestSuiteExecutor.accessTestSuiteMainPhase(TestSuiteExecutor.java:148)
	at com.kms.katalon.core.main.TestSuiteExecutor.execute(TestSuiteExecutor.java:106)
	at com.kms.katalon.core.main.TestCaseMain.startTestSuite(TestCaseMain.java:187)
	at com.kms.katalon.core.main.TestCaseMain$startTestSuite$0.call(Unknown Source)
	at TempTestSuite1696422608926.run(TempTestSuite1696422608926.groovy:36)


2023-10-04 19:41:01 - [MESSAGE][ERROR] - Test Cases/Product Ecommerce/TC-PEN-015 FAILED.
Reason:
org.openqa.selenium.NoSuchElementException: no such element: Unable to locate element: {"method":"xpath","selector":"//input[@name="berat"]"}
  (Session info: MicrosoftEdge=117.0.2045.47)
For documentation on this error, please visit: https://www.seleniumhq.org/exceptions/no_such_element.html
Build info: version: '3.141.59', revision: 'e82be7d358', time: '2018-11-14T08:25:53'
System info: host: 'RISWANDHA', ip: '10.9.2.19', os.name: 'Windows 10', os.arch: 'amd64', os.version: '10.0', java.version: '1.8.0_362'
Driver info: com.kms.katalon.selenium.driver.CEdgeDriver
Capabilities {acceptInsecureCerts: true, browserName: msedge, browserVersion: 117.0.2045.47, fedcm:accounts: true, javascriptEnabled: true, ms:edgeOptions: {debuggerAddress: localhost:60275}, msedge: {msedgedriverVersion: 117.0.2045.31 (fdd954ad1e8c..., userDataDir: C:\Users\Admin\AppData\Loca...}, networkConnectionEnabled: false, pageLoadStrategy: normal, platform: WINDOWS, platformName: WINDOWS, proxy: Proxy(), setWindowRect: true, strictFileInteractability: false, timeouts: {implicit: 0, pageLoad: 300000, script: 30000}, unhandledPromptBehavior: dismiss and notify, webauthn:extension:credBlob: true, webauthn:extension:largeBlob: true, webauthn:extension:minPinLength: true, webauthn:extension:prf: true, webauthn:virtualAuthenticators: true}
Session ID: 0f77d1db019d0fdad9b4b55513be2ad6
*** Element info: {Using=xpath, value=//input[@name="berat"]}
	at org.openqa.selenium.remote.http.W3CHttpResponseCodec.createException(W3CHttpResponseCodec.java:187)
	at org.openqa.selenium.remote.http.W3CHttpResponseCodec.decode(W3CHttpResponseCodec.java:122)
	at org.openqa.selenium.remote.http.W3CHttpResponseCodec.decode(W3CHttpResponseCodec.java:49)
	at org.openqa.selenium.remote.HttpCommandExecutor.execute(HttpCommandExecutor.java:158)
	at org.openqa.selenium.remote.service.DriverCommandExecutor.execute(DriverCommandExecutor.java:83)
	at org.openqa.selenium.remote.RemoteWebDriver.execute(RemoteWebDriver.java:552)
	at com.kms.katalon.selenium.driver.CEdgeDriver.execute(CEdgeDriver.java:20)
	at org.openqa.selenium.remote.RemoteWebDriver.findElement(RemoteWebDriver.java:323)
	at org.openqa.selenium.remote.RemoteWebDriver.findElementByXPath(RemoteWebDriver.java:428)
	at org.openqa.selenium.By$ByXPath.findElement(By.java:353)
	at org.openqa.selenium.remote.RemoteWebDriver.findElement(RemoteWebDriver.java:315)
	at org.openqa.selenium.support.events.EventFiringWebDriver.lambda$new$1(EventFiringWebDriver.java:105)
	at com.sun.proxy.$Proxy10.findElement(Unknown Source)
	at org.openqa.selenium.support.events.EventFiringWebDriver.findElement(EventFiringWebDriver.java:194)
	at org.openqa.selenium.WebDriver$findElement.call(Unknown Source)
	at TC-PEN-015.run(TC-PEN-015:40)
	at com.kms.katalon.core.main.ScriptEngine.run(ScriptEngine.java:194)
	at com.kms.katalon.core.main.ScriptEngine.runScriptAsRawText(ScriptEngine.java:119)
	at com.kms.katalon.core.main.TestCaseExecutor.runScript(TestCaseExecutor.java:448)
	at com.kms.katalon.core.main.TestCaseExecutor.doExecute(TestCaseExecutor.java:439)
	at com.kms.katalon.core.main.TestCaseExecutor.processExecutionPhase(TestCaseExecutor.java:418)
	at com.kms.katalon.core.main.TestCaseExecutor.accessMainPhase(TestCaseExecutor.java:410)
	at com.kms.katalon.core.main.TestCaseExecutor.execute(TestCaseExecutor.java:285)
	at com.kms.katalon.core.common.CommonExecutor.accessTestCaseMainPhase(CommonExecutor.java:65)
	at com.kms.katalon.core.main.TestSuiteExecutor.accessTestSuiteMainPhase(TestSuiteExecutor.java:148)
	at com.kms.katalon.core.main.TestSuiteExecutor.execute(TestSuiteExecutor.java:106)
	at com.kms.katalon.core.main.TestCaseMain.startTestSuite(TestCaseMain.java:187)
	at com.kms.katalon.core.main.TestCaseMain$startTestSuite$0.call(Unknown Source)
	at TempTestSuite1696422608926.run(TempTestSuite1696422608926.groovy:36)]]></system-out>
         <system-err><![CDATA[2023-10-04 19:40:42 - [TEST_CASE][ERROR] - Test Cases/Product Ecommerce/TC-PEN-015: Test Cases/Product Ecommerce/TC-PEN-015 FAILED.
Reason:
org.openqa.selenium.NoSuchElementException: no such element: Unable to locate element: {"method":"xpath","selector":"//input[@name="berat"]"}
  (Session info: MicrosoftEdge=117.0.2045.47)
For documentation on this error, please visit: https://www.seleniumhq.org/exceptions/no_such_element.html
Build info: version: '3.141.59', revision: 'e82be7d358', time: '2018-11-14T08:25:53'
System info: host: 'RISWANDHA', ip: '10.9.2.19', os.name: 'Windows 10', os.arch: 'amd64', os.version: '10.0', java.version: '1.8.0_362'
Driver info: com.kms.katalon.selenium.driver.CEdgeDriver
Capabilities {acceptInsecureCerts: true, browserName: msedge, browserVersion: 117.0.2045.47, fedcm:accounts: true, javascriptEnabled: true, ms:edgeOptions: {debuggerAddress: localhost:60275}, msedge: {msedgedriverVersion: 117.0.2045.31 (fdd954ad1e8c..., userDataDir: C:\Users\Admin\AppData\Loca...}, networkConnectionEnabled: false, pageLoadStrategy: normal, platform: WINDOWS, platformName: WINDOWS, proxy: Proxy(), setWindowRect: true, strictFileInteractability: false, timeouts: {implicit: 0, pageLoad: 300000, script: 30000}, unhandledPromptBehavior: dismiss and notify, webauthn:extension:credBlob: true, webauthn:extension:largeBlob: true, webauthn:extension:minPinLength: true, webauthn:extension:prf: true, webauthn:virtualAuthenticators: true}
Session ID: 0f77d1db019d0fdad9b4b55513be2ad6
*** Element info: {Using=xpath, value=//input[@name="berat"]}
	at org.openqa.selenium.remote.http.W3CHttpResponseCodec.createException(W3CHttpResponseCodec.java:187)
	at org.openqa.selenium.remote.http.W3CHttpResponseCodec.decode(W3CHttpResponseCodec.java:122)
	at org.openqa.selenium.remote.http.W3CHttpResponseCodec.decode(W3CHttpResponseCodec.java:49)
	at org.openqa.selenium.remote.HttpCommandExecutor.execute(HttpCommandExecutor.java:158)
	at org.openqa.selenium.remote.service.DriverCommandExecutor.execute(DriverCommandExecutor.java:83)
	at org.openqa.selenium.remote.RemoteWebDriver.execute(RemoteWebDriver.java:552)
	at com.kms.katalon.selenium.driver.CEdgeDriver.execute(CEdgeDriver.java:20)
	at org.openqa.selenium.remote.RemoteWebDriver.findElement(RemoteWebDriver.java:323)
	at org.openqa.selenium.remote.RemoteWebDriver.findElementByXPath(RemoteWebDriver.java:428)
	at org.openqa.selenium.By$ByXPath.findElement(By.java:353)
	at org.openqa.selenium.remote.RemoteWebDriver.findElement(RemoteWebDriver.java:315)
	at org.openqa.selenium.support.events.EventFiringWebDriver.lambda$new$1(EventFiringWebDriver.java:105)
	at com.sun.proxy.$Proxy10.findElement(Unknown Source)
	at org.openqa.selenium.support.events.EventFiringWebDriver.findElement(EventFiringWebDriver.java:194)
	at org.openqa.selenium.WebDriver$findElement.call(Unknown Source)
	at TC-PEN-015.run(TC-PEN-015:40)
	at com.kms.katalon.core.main.ScriptEngine.run(ScriptEngine.java:194)
	at com.kms.katalon.core.main.ScriptEngine.runScriptAsRawText(ScriptEngine.java:119)
	at com.kms.katalon.core.main.TestCaseExecutor.runScript(TestCaseExecutor.java:448)
	at com.kms.katalon.core.main.TestCaseExecutor.doExecute(TestCaseExecutor.java:439)
	at com.kms.katalon.core.main.TestCaseExecutor.processExecutionPhase(TestCaseExecutor.java:418)
	at com.kms.katalon.core.main.TestCaseExecutor.accessMainPhase(TestCaseExecutor.java:410)
	at com.kms.katalon.core.main.TestCaseExecutor.execute(TestCaseExecutor.java:285)
	at com.kms.katalon.core.common.CommonExecutor.accessTestCaseMainPhase(CommonExecutor.java:65)
	at com.kms.katalon.core.main.TestSuiteExecutor.accessTestSuiteMainPhase(TestSuiteExecutor.java:148)
	at com.kms.katalon.core.main.TestSuiteExecutor.execute(TestSuiteExecutor.java:106)
	at com.kms.katalon.core.main.TestCaseMain.startTestSuite(TestCaseMain.java:187)
	at com.kms.katalon.core.main.TestCaseMain$startTestSuite$0.call(Unknown Source)
	at TempTestSuite1696422608926.run(TempTestSuite1696422608926.groovy:36)]]></system-err>
      </testcase>
      <testcase name="Test Cases/Product Ecommerce/TC-PEN-016" time="50.108" classname="Test Cases/Product Ecommerce/TC-PEN-016" status="FAILED">
         <failure type="FAILED" message="Test Cases/Product Ecommerce/TC-PEN-016 FAILED.
Reason:
com.kms.katalon.core.exception.StepFailedException: Unable to verify object 'Object Repository/Product Ecommerce/Verifikasi Halaman Product Anda' is not present
	at com.kms.katalon.core.webui.keyword.internal.WebUIKeywordMain.stepFailed(WebUIKeywordMain.groovy:64)
	at com.kms.katalon.core.webui.keyword.internal.WebUIKeywordMain.runKeyword(WebUIKeywordMain.groovy:26)
	at com.kms.katalon.core.webui.keyword.internal.WebUIKeywordMain$runKeyword.call(Unknown Source)
	at com.kms.katalon.core.webui.keyword.builtin.VerifyElementNotPresentKeyword.verifyElementNotPresent(VerifyElementNotPresentKeyword.groovy:122)
	at com.kms.katalon.core.webui.keyword.builtin.VerifyElementNotPresentKeyword.execute(VerifyElementNotPresentKeyword.groovy:68)
	at com.kms.katalon.core.keyword.internal.KeywordExecutor.executeKeywordForPlatform(KeywordExecutor.groovy:74)
	at com.kms.katalon.core.webui.keyword.WebUiBuiltInKeywords.verifyElementNotPresent(WebUiBuiltInKeywords.groovy:1497)
	at com.kms.katalon.core.webui.keyword.WebUiBuiltInKeywords$verifyElementNotPresent$12.call(Unknown Source)
	at TC-PEN-016.run(TC-PEN-016:34)
	at com.kms.katalon.core.main.ScriptEngine.run(ScriptEngine.java:194)
	at com.kms.katalon.core.main.ScriptEngine.runScriptAsRawText(ScriptEngine.java:119)
	at com.kms.katalon.core.main.TestCaseExecutor.runScript(TestCaseExecutor.java:448)
	at com.kms.katalon.core.main.TestCaseExecutor.doExecute(TestCaseExecutor.java:439)
	at com.kms.katalon.core.main.TestCaseExecutor.processExecutionPhase(TestCaseExecutor.java:418)
	at com.kms.katalon.core.main.TestCaseExecutor.accessMainPhase(TestCaseExecutor.java:410)
	at com.kms.katalon.core.main.TestCaseExecutor.execute(TestCaseExecutor.java:285)
	at com.kms.katalon.core.common.CommonExecutor.accessTestCaseMainPhase(CommonExecutor.java:65)
	at com.kms.katalon.core.main.TestSuiteExecutor.accessTestSuiteMainPhase(TestSuiteExecutor.java:148)
	at com.kms.katalon.core.main.TestSuiteExecutor.execute(TestSuiteExecutor.java:106)
	at com.kms.katalon.core.main.TestCaseMain.startTestSuite(TestCaseMain.java:187)
	at com.kms.katalon.core.main.TestCaseMain$startTestSuite$0.call(Unknown Source)
	at TempTestSuite1696422608926.run(TempTestSuite1696422608926.groovy:36)
Caused by: com.kms.katalon.core.exception.StepFailedException: Web element with id: 'Object Repository/Product Ecommerce/Verifikasi Halaman Product Anda' located by 'By.xpath: (.//*[normalize-space(text()) and normalize-space(.)='Home'])[1]/following::li[2]' is present after '30' second(s)
	at com.kms.katalon.core.webui.keyword.internal.WebUIKeywordMain.stepFailed(WebUIKeywordMain.groovy:64)
	at com.kms.katalon.core.webui.keyword.internal.WebUIKeywordMain$stepFailed$0.call(Unknown Source)
	at com.kms.katalon.core.webui.keyword.builtin.VerifyElementNotPresentKeyword$_verifyElementNotPresent_closure1.doCall(VerifyElementNotPresentKeyword.groovy:113)
	at com.kms.katalon.core.webui.keyword.builtin.VerifyElementNotPresentKeyword$_verifyElementNotPresent_closure1.doCall(VerifyElementNotPresentKeyword.groovy)
	at com.kms.katalon.core.webui.keyword.internal.WebUIKeywordMain.runKeyword(WebUIKeywordMain.groovy:20)
	... 20 more
"/>
         <system-out><![CDATA[2023-10-04 19:41:01 - [TEST_CASE][FAILED] - Test Cases/Product Ecommerce/TC-PEN-016: Test Cases/Product Ecommerce/TC-PEN-016 FAILED.
Reason:
com.kms.katalon.core.exception.StepFailedException: Unable to verify object 'Object Repository/Product Ecommerce/Verifikasi Halaman Product Anda' is not present
	at com.kms.katalon.core.webui.keyword.internal.WebUIKeywordMain.stepFailed(WebUIKeywordMain.groovy:64)
	at com.kms.katalon.core.webui.keyword.internal.WebUIKeywordMain.runKeyword(WebUIKeywordMain.groovy:26)
	at com.kms.katalon.core.webui.keyword.internal.WebUIKeywordMain$runKeyword.call(Unknown Source)
	at com.kms.katalon.core.webui.keyword.builtin.VerifyElementNotPresentKeyword.verifyElementNotPresent(VerifyElementNotPresentKeyword.groovy:122)
	at com.kms.katalon.core.webui.keyword.builtin.VerifyElementNotPresentKeyword.execute(VerifyElementNotPresentKeyword.groovy:68)
	at com.kms.katalon.core.keyword.internal.KeywordExecutor.executeKeywordForPlatform(KeywordExecutor.groovy:74)
	at com.kms.katalon.core.webui.keyword.WebUiBuiltInKeywords.verifyElementNotPresent(WebUiBuiltInKeywords.groovy:1497)
	at com.kms.katalon.core.webui.keyword.WebUiBuiltInKeywords$verifyElementNotPresent$12.call(Unknown Source)
	at TC-PEN-016.run(TC-PEN-016:34)
	at com.kms.katalon.core.main.ScriptEngine.run(ScriptEngine.java:194)
	at com.kms.katalon.core.main.ScriptEngine.runScriptAsRawText(ScriptEngine.java:119)
	at com.kms.katalon.core.main.TestCaseExecutor.runScript(TestCaseExecutor.java:448)
	at com.kms.katalon.core.main.TestCaseExecutor.doExecute(TestCaseExecutor.java:439)
	at com.kms.katalon.core.main.TestCaseExecutor.processExecutionPhase(TestCaseExecutor.java:418)
	at com.kms.katalon.core.main.TestCaseExecutor.accessMainPhase(TestCaseExecutor.java:410)
	at com.kms.katalon.core.main.TestCaseExecutor.execute(TestCaseExecutor.java:285)
	at com.kms.katalon.core.common.CommonExecutor.accessTestCaseMainPhase(CommonExecutor.java:65)
	at com.kms.katalon.core.main.TestSuiteExecutor.accessTestSuiteMainPhase(TestSuiteExecutor.java:148)
	at com.kms.katalon.core.main.TestSuiteExecutor.execute(TestSuiteExecutor.java:106)
	at com.kms.katalon.core.main.TestCaseMain.startTestSuite(TestCaseMain.java:187)
	at com.kms.katalon.core.main.TestCaseMain$startTestSuite$0.call(Unknown Source)
	at TempTestSuite1696422608926.run(TempTestSuite1696422608926.groovy:36)
Caused by: com.kms.katalon.core.exception.StepFailedException: Web element with id: 'Object Repository/Product Ecommerce/Verifikasi Halaman Product Anda' located by 'By.xpath: (.//*[normalize-space(text()) and normalize-space(.)='Home'])[1]/following::li[2]' is present after '30' second(s)
	at com.kms.katalon.core.webui.keyword.internal.WebUIKeywordMain.stepFailed(WebUIKeywordMain.groovy:64)
	at com.kms.katalon.core.webui.keyword.internal.WebUIKeywordMain$stepFailed$0.call(Unknown Source)
	at com.kms.katalon.core.webui.keyword.builtin.VerifyElementNotPresentKeyword$_verifyElementNotPresent_closure1.doCall(VerifyElementNotPresentKeyword.groovy:113)
	at com.kms.katalon.core.webui.keyword.builtin.VerifyElementNotPresentKeyword$_verifyElementNotPresent_closure1.doCall(VerifyElementNotPresentKeyword.groovy)
	at com.kms.katalon.core.webui.keyword.internal.WebUIKeywordMain.runKeyword(WebUIKeywordMain.groovy:20)
	... 20 more


2023-10-04 19:41:02 - [TEST_STEP][PASSED] - callTestCase(findTestCase("Product Ecommerce/TC-PE-001"), [:], STOP_ON_FAILURE): Call Test Case 'Test Cases/Product Ecommerce/TC-PE-001' successfully

2023-10-04 19:41:02 - [TEST_CASE][PASSED] - Test Cases/Product Ecommerce/TC-PE-001: Test Cases/Product Ecommerce/TC-PE-001

2023-10-04 19:41:02 - [TEST_STEP][PASSED] - callTestCase(findTestCase("Login Ecommerce/TC-Login Ecomerce-001"), [:], STOP_ON_FAILURE): Call Test Case 'Test Cases/Login Ecommerce/TC-Login Ecomerce-001' successfully

2023-10-04 19:41:02 - [TEST_CASE][PASSED] - Test Cases/Login Ecommerce/TC-Login Ecomerce-001: Test Cases/Login Ecommerce/TC-Login Ecomerce-001

2023-10-04 19:41:02 - [TEST_STEP][PASSED] - openBrowser(userTajalapak): Browser is opened with url: 'https://10.9.2.63/ecommerce/'

2023-10-04 19:41:02 - [MESSAGE][WARNING] - A browser is already opened. Closing browser and opening a new one

2023-10-04 19:41:03 - [MESSAGE][INFO] - Starting 'Edge Chromium' driver

2023-10-04 19:41:03 - [MESSAGE][INFO] - User set preference: ['acceptInsecureCerts', 'true']

2023-10-04 19:41:03 - [MESSAGE][INFO] - Action delay is set to 0 milliseconds

2023-10-04 19:41:07 - [MESSAGE][PASSED] - Browser is opened with url: 'https://10.9.2.63/ecommerce/'

2023-10-04 19:41:07 - [TEST_STEP][PASSED] - maximizeWindow(): Current window maximized

2023-10-04 19:41:07 - [MESSAGE][PASSED] - Current window maximized

2023-10-04 19:41:07 - [TEST_STEP][PASSED] - verifyElementPresent(findTestObject("Login Ecommerce/Verifikasi Halaman Login Akun"), 0): Object 'Object Repository/Login Ecommerce/Verifikasi Halaman Login Akun' is present

2023-10-04 19:41:07 - [MESSAGE][WARNING] - Timeout '0' is invalid. Using default page load timeout: '30'

2023-10-04 19:41:08 - [MESSAGE][PASSED] - Object 'Object Repository/Login Ecommerce/Verifikasi Halaman Login Akun' is present

2023-10-04 19:41:08 - [TEST_STEP][PASSED] - click(findTestObject("Login Ecommerce/Login Akun")): Object: 'Object Repository/Login Ecommerce/Login Akun' is clicked on

2023-10-04 19:41:08 - [MESSAGE][PASSED] - Object: 'Object Repository/Login Ecommerce/Login Akun' is clicked on

2023-10-04 19:41:08 - [TEST_STEP][PASSED] - verifyElementPresent(findTestObject("Login Ecommerce/Verifikasi Halaman Login Akun"), 0): Object 'Object Repository/Login Ecommerce/Verifikasi Halaman Login Akun' is present

2023-10-04 19:41:08 - [MESSAGE][WARNING] - Timeout '0' is invalid. Using default page load timeout: '30'

2023-10-04 19:41:09 - [MESSAGE][PASSED] - Object 'Object Repository/Login Ecommerce/Verifikasi Halaman Login Akun' is present

2023-10-04 19:41:09 - [TEST_STEP][PASSED] - setText(findTestObject("Login Ecommerce/Input Username"), "riswandha"): Text 'riswandha' is set on object 'Object Repository/Login Ecommerce/Input Username'

2023-10-04 19:41:09 - [MESSAGE][PASSED] - Text 'riswandha' is set on object 'Object Repository/Login Ecommerce/Input Username'

2023-10-04 19:41:09 - [TEST_STEP][PASSED] - setEncryptedText(findTestObject("Login Ecommerce/Input Password"), "iGDxf8hSRT4="): Text ****** has been set on object 'Object Repository/Login Ecommerce/Input Password'

2023-10-04 19:41:10 - [MESSAGE][PASSED] - Text ****** has been set on object 'Object Repository/Login Ecommerce/Input Password'

2023-10-04 19:41:10 - [TEST_STEP][PASSED] - click(findTestObject("Login Ecommerce/Button Masuk")): Object: 'Object Repository/Login Ecommerce/Button Masuk' is clicked on

2023-10-04 19:41:11 - [MESSAGE][PASSED] - Object: 'Object Repository/Login Ecommerce/Button Masuk' is clicked on

2023-10-04 19:41:11 - [TEST_STEP][PASSED] - verifyElementPresent(findTestObject("Login Ecommerce/Verifikasi Login Akun"), 0): Object 'Object Repository/Login Ecommerce/Verifikasi Login Akun' is present

2023-10-04 19:41:11 - [MESSAGE][WARNING] - Timeout '0' is invalid. Using default page load timeout: '30'

2023-10-04 19:41:12 - [MESSAGE][PASSED] - Object 'Object Repository/Login Ecommerce/Verifikasi Login Akun' is present

2023-10-04 19:41:12 - [MESSAGE][PASSED] - Call Test Case 'Test Cases/Login Ecommerce/TC-Login Ecomerce-001' successfully

2023-10-04 19:41:12 - [TEST_STEP][PASSED] - mouseOver(findTestObject("Product Ecommerce/Button Menu toko")): Object: 'Object Repository/Product Ecommerce/Button Menu toko' is hovered

2023-10-04 19:41:12 - [MESSAGE][PASSED] - Object: 'Object Repository/Product Ecommerce/Button Menu toko' is hovered

2023-10-04 19:41:12 - [TEST_STEP][PASSED] - click(findTestObject("Product Ecommerce/Button Daftar Produk")): Object: 'Object Repository/Product Ecommerce/Button Daftar Produk' is clicked on

2023-10-04 19:41:13 - [MESSAGE][PASSED] - Object: 'Object Repository/Product Ecommerce/Button Daftar Produk' is clicked on

2023-10-04 19:41:13 - [TEST_STEP][PASSED] - verifyElementPresent(findTestObject("Product Ecommerce/Verifikasi Halaman Product Anda"), 0): Object 'Object Repository/Product Ecommerce/Verifikasi Halaman Product Anda' is present

2023-10-04 19:41:13 - [MESSAGE][WARNING] - Timeout '0' is invalid. Using default page load timeout: '30'

2023-10-04 19:41:14 - [MESSAGE][PASSED] - Object 'Object Repository/Product Ecommerce/Verifikasi Halaman Product Anda' is present

2023-10-04 19:41:14 - [MESSAGE][PASSED] - Call Test Case 'Test Cases/Product Ecommerce/TC-PE-001' successfully

2023-10-04 19:41:14 - [TEST_STEP][PASSED] - mouseOver(findTestObject("Product Ecommerce/Image Gambar produk 1")): Object: 'Object Repository/Product Ecommerce/Image Gambar produk 1' is hovered

2023-10-04 19:41:14 - [MESSAGE][PASSED] - Object: 'Object Repository/Product Ecommerce/Image Gambar produk 1' is hovered

2023-10-04 19:41:14 - [TEST_STEP][PASSED] - click(findTestObject("Product Ecommerce/Tambahkan Product/Edit Data")): Object: 'Object Repository/Product Ecommerce/Tambahkan Product/Edit Data' is clicked on

2023-10-04 19:41:16 - [MESSAGE][PASSED] - Object: 'Object Repository/Product Ecommerce/Tambahkan Product/Edit Data' is clicked on

2023-10-04 19:41:16 - [TEST_STEP][PASSED] - verifyElementPresent(findTestObject("Product Ecommerce/Tambahkan Product/Button Update Data"), 0): Object 'Object Repository/Product Ecommerce/Tambahkan Product/Button Update Data' is present

2023-10-04 19:41:16 - [MESSAGE][WARNING] - Timeout '0' is invalid. Using default page load timeout: '30'

2023-10-04 19:41:16 - [MESSAGE][PASSED] - Object 'Object Repository/Product Ecommerce/Tambahkan Product/Button Update Data' is present

2023-10-04 19:41:16 - [TEST_STEP][PASSED] - setText(findTestObject("Product Admin/TambahProduk/Input Stok Awal"), "5"): Text '5' is set on object 'Object Repository/Product Admin/TambahProduk/Input Stok Awal'

2023-10-04 19:41:17 - [MESSAGE][PASSED] - Text '5' is set on object 'Object Repository/Product Admin/TambahProduk/Input Stok Awal'

2023-10-04 19:41:17 - [TEST_STEP][PASSED] - setText(findTestObject("Product Ecommerce/Tambahkan Product/Input Minimum Order"), "10"): Text '10' is set on object 'Object Repository/Product Ecommerce/Tambahkan Product/Input Minimum Order'

2023-10-04 19:41:18 - [MESSAGE][PASSED] - Text '10' is set on object 'Object Repository/Product Ecommerce/Tambahkan Product/Input Minimum Order'

2023-10-04 19:41:18 - [TEST_STEP][PASSED] - click(findTestObject("Product Ecommerce/Tambahkan Product/Button Update Data")): Object: 'Object Repository/Product Ecommerce/Tambahkan Product/Button Update Data' is clicked on

2023-10-04 19:41:19 - [MESSAGE][PASSED] - Object: 'Object Repository/Product Ecommerce/Tambahkan Product/Button Update Data' is clicked on

2023-10-04 19:41:19 - [TEST_STEP][FAILED] - verifyElementNotPresent(findTestObject("Product Ecommerce/Verifikasi Halaman Product Anda"), 0): Unable to verify object 'Object Repository/Product Ecommerce/Verifikasi Halaman Product Anda' is not present (Root cause: com.kms.katalon.core.exception.StepFailedException: Unable to verify object 'Object Repository/Product Ecommerce/Verifikasi Halaman Product Anda' is not present
	at com.kms.katalon.core.webui.keyword.internal.WebUIKeywordMain.stepFailed(WebUIKeywordMain.groovy:64)
	at com.kms.katalon.core.webui.keyword.internal.WebUIKeywordMain.runKeyword(WebUIKeywordMain.groovy:26)
	at com.kms.katalon.core.webui.keyword.internal.WebUIKeywordMain$runKeyword.call(Unknown Source)
	at com.kms.katalon.core.webui.keyword.builtin.VerifyElementNotPresentKeyword.verifyElementNotPresent(VerifyElementNotPresentKeyword.groovy:122)
	at com.kms.katalon.core.webui.keyword.builtin.VerifyElementNotPresentKeyword.execute(VerifyElementNotPresentKeyword.groovy:68)
	at com.kms.katalon.core.keyword.internal.KeywordExecutor.executeKeywordForPlatform(KeywordExecutor.groovy:74)
	at com.kms.katalon.core.webui.keyword.WebUiBuiltInKeywords.verifyElementNotPresent(WebUiBuiltInKeywords.groovy:1497)
	at com.kms.katalon.core.webui.keyword.WebUiBuiltInKeywords$verifyElementNotPresent$12.call(Unknown Source)
	at TC-PEN-016.run(TC-PEN-016:34)
	at com.kms.katalon.core.main.ScriptEngine.run(ScriptEngine.java:194)
	at com.kms.katalon.core.main.ScriptEngine.runScriptAsRawText(ScriptEngine.java:119)
	at com.kms.katalon.core.main.TestCaseExecutor.runScript(TestCaseExecutor.java:448)
	at com.kms.katalon.core.main.TestCaseExecutor.doExecute(TestCaseExecutor.java:439)
	at com.kms.katalon.core.main.TestCaseExecutor.processExecutionPhase(TestCaseExecutor.java:418)
	at com.kms.katalon.core.main.TestCaseExecutor.accessMainPhase(TestCaseExecutor.java:410)
	at com.kms.katalon.core.main.TestCaseExecutor.execute(TestCaseExecutor.java:285)
	at com.kms.katalon.core.common.CommonExecutor.accessTestCaseMainPhase(CommonExecutor.java:65)
	at com.kms.katalon.core.main.TestSuiteExecutor.accessTestSuiteMainPhase(TestSuiteExecutor.java:148)
	at com.kms.katalon.core.main.TestSuiteExecutor.execute(TestSuiteExecutor.java:106)
	at com.kms.katalon.core.main.TestCaseMain.startTestSuite(TestCaseMain.java:187)
	at com.kms.katalon.core.main.TestCaseMain$startTestSuite$0.call(Unknown Source)
	at TempTestSuite1696422608926.run(TempTestSuite1696422608926.groovy:36)
Caused by: com.kms.katalon.core.exception.StepFailedException: Web element with id: 'Object Repository/Product Ecommerce/Verifikasi Halaman Product Anda' located by 'By.xpath: (.//*[normalize-space(text()) and normalize-space(.)='Home'])[1]/following::li[2]' is present after '30' second(s)
	at com.kms.katalon.core.webui.keyword.internal.WebUIKeywordMain.stepFailed(WebUIKeywordMain.groovy:64)
	at com.kms.katalon.core.webui.keyword.internal.WebUIKeywordMain$stepFailed$0.call(Unknown Source)
	at com.kms.katalon.core.webui.keyword.builtin.VerifyElementNotPresentKeyword$_verifyElementNotPresent_closure1.doCall(VerifyElementNotPresentKeyword.groovy:113)
	at com.kms.katalon.core.webui.keyword.builtin.VerifyElementNotPresentKeyword$_verifyElementNotPresent_closure1.doCall(VerifyElementNotPresentKeyword.groovy)
	at com.kms.katalon.core.webui.keyword.internal.WebUIKeywordMain.runKeyword(WebUIKeywordMain.groovy:20)
	... 20 more
)

2023-10-04 19:41:19 - [MESSAGE][WARNING] - Timeout '0' is invalid. Using default page load timeout: '30'

2023-10-04 19:41:51 - [MESSAGE][FAILED] - Web element with id: 'Object Repository/Product Ecommerce/Verifikasi Halaman Product Anda' located by 'By.xpath: (.//*[normalize-space(text()) and normalize-space(.)='Home'])[1]/following::li[2]' is present after '30' second(s) (Root cause: com.kms.katalon.core.exception.StepFailedException: Web element with id: 'Object Repository/Product Ecommerce/Verifikasi Halaman Product Anda' located by 'By.xpath: (.//*[normalize-space(text()) and normalize-space(.)='Home'])[1]/following::li[2]' is present after '30' second(s)
	at com.kms.katalon.core.webui.keyword.internal.WebUIKeywordMain.stepFailed(WebUIKeywordMain.groovy:64)
	at com.kms.katalon.core.webui.keyword.internal.WebUIKeywordMain$stepFailed$0.call(Unknown Source)
	at com.kms.katalon.core.webui.keyword.builtin.VerifyElementNotPresentKeyword$_verifyElementNotPresent_closure1.doCall(VerifyElementNotPresentKeyword.groovy:113)
	at com.kms.katalon.core.webui.keyword.builtin.VerifyElementNotPresentKeyword$_verifyElementNotPresent_closure1.doCall(VerifyElementNotPresentKeyword.groovy)
	at com.kms.katalon.core.webui.keyword.internal.WebUIKeywordMain.runKeyword(WebUIKeywordMain.groovy:20)
	at com.kms.katalon.core.webui.keyword.internal.WebUIKeywordMain$runKeyword.call(Unknown Source)
	at com.kms.katalon.core.webui.keyword.builtin.VerifyElementNotPresentKeyword.verifyElementNotPresent(VerifyElementNotPresentKeyword.groovy:122)
	at com.kms.katalon.core.webui.keyword.builtin.VerifyElementNotPresentKeyword.execute(VerifyElementNotPresentKeyword.groovy:68)
	at com.kms.katalon.core.keyword.internal.KeywordExecutor.executeKeywordForPlatform(KeywordExecutor.groovy:74)
	at com.kms.katalon.core.webui.keyword.WebUiBuiltInKeywords.verifyElementNotPresent(WebUiBuiltInKeywords.groovy:1497)
	at com.kms.katalon.core.webui.keyword.WebUiBuiltInKeywords$verifyElementNotPresent$12.call(Unknown Source)
	at TC-PEN-016.run(TC-PEN-016:34)
	at com.kms.katalon.core.main.ScriptEngine.run(ScriptEngine.java:194)
	at com.kms.katalon.core.main.ScriptEngine.runScriptAsRawText(ScriptEngine.java:119)
	at com.kms.katalon.core.main.TestCaseExecutor.runScript(TestCaseExecutor.java:448)
	at com.kms.katalon.core.main.TestCaseExecutor.doExecute(TestCaseExecutor.java:439)
	at com.kms.katalon.core.main.TestCaseExecutor.processExecutionPhase(TestCaseExecutor.java:418)
	at com.kms.katalon.core.main.TestCaseExecutor.accessMainPhase(TestCaseExecutor.java:410)
	at com.kms.katalon.core.main.TestCaseExecutor.execute(TestCaseExecutor.java:285)
	at com.kms.katalon.core.common.CommonExecutor.accessTestCaseMainPhase(CommonExecutor.java:65)
	at com.kms.katalon.core.main.TestSuiteExecutor.accessTestSuiteMainPhase(TestSuiteExecutor.java:148)
	at com.kms.katalon.core.main.TestSuiteExecutor.execute(TestSuiteExecutor.java:106)
	at com.kms.katalon.core.main.TestCaseMain.startTestSuite(TestCaseMain.java:187)
	at com.kms.katalon.core.main.TestCaseMain$startTestSuite$0.call(Unknown Source)
	at TempTestSuite1696422608926.run(TempTestSuite1696422608926.groovy:36)
)
[[ATTACHMENT|G:\\Project Xsis\\batch-324-qa\\Riswan\\Sprint 2 Product Tajalapak\\Reports\\20231004_193007\\Product Ecomerce\\20231004_193008\\1696423311709.png]]

2023-10-04 19:41:52 - [MESSAGE][FAILED] - Unable to verify object 'Object Repository/Product Ecommerce/Verifikasi Halaman Product Anda' is not present (Root cause: com.kms.katalon.core.exception.StepFailedException: Unable to verify object 'Object Repository/Product Ecommerce/Verifikasi Halaman Product Anda' is not present
	at com.kms.katalon.core.webui.keyword.internal.WebUIKeywordMain.stepFailed(WebUIKeywordMain.groovy:64)
	at com.kms.katalon.core.webui.keyword.internal.WebUIKeywordMain.runKeyword(WebUIKeywordMain.groovy:26)
	at com.kms.katalon.core.webui.keyword.internal.WebUIKeywordMain$runKeyword.call(Unknown Source)
	at com.kms.katalon.core.webui.keyword.builtin.VerifyElementNotPresentKeyword.verifyElementNotPresent(VerifyElementNotPresentKeyword.groovy:122)
	at com.kms.katalon.core.webui.keyword.builtin.VerifyElementNotPresentKeyword.execute(VerifyElementNotPresentKeyword.groovy:68)
	at com.kms.katalon.core.keyword.internal.KeywordExecutor.executeKeywordForPlatform(KeywordExecutor.groovy:74)
	at com.kms.katalon.core.webui.keyword.WebUiBuiltInKeywords.verifyElementNotPresent(WebUiBuiltInKeywords.groovy:1497)
	at com.kms.katalon.core.webui.keyword.WebUiBuiltInKeywords$verifyElementNotPresent$12.call(Unknown Source)
	at TC-PEN-016.run(TC-PEN-016:34)
	at com.kms.katalon.core.main.ScriptEngine.run(ScriptEngine.java:194)
	at com.kms.katalon.core.main.ScriptEngine.runScriptAsRawText(ScriptEngine.java:119)
	at com.kms.katalon.core.main.TestCaseExecutor.runScript(TestCaseExecutor.java:448)
	at com.kms.katalon.core.main.TestCaseExecutor.doExecute(TestCaseExecutor.java:439)
	at com.kms.katalon.core.main.TestCaseExecutor.processExecutionPhase(TestCaseExecutor.java:418)
	at com.kms.katalon.core.main.TestCaseExecutor.accessMainPhase(TestCaseExecutor.java:410)
	at com.kms.katalon.core.main.TestCaseExecutor.execute(TestCaseExecutor.java:285)
	at com.kms.katalon.core.common.CommonExecutor.accessTestCaseMainPhase(CommonExecutor.java:65)
	at com.kms.katalon.core.main.TestSuiteExecutor.accessTestSuiteMainPhase(TestSuiteExecutor.java:148)
	at com.kms.katalon.core.main.TestSuiteExecutor.execute(TestSuiteExecutor.java:106)
	at com.kms.katalon.core.main.TestCaseMain.startTestSuite(TestCaseMain.java:187)
	at com.kms.katalon.core.main.TestCaseMain$startTestSuite$0.call(Unknown Source)
	at TempTestSuite1696422608926.run(TempTestSuite1696422608926.groovy:36)
Caused by: com.kms.katalon.core.exception.StepFailedException: Web element with id: 'Object Repository/Product Ecommerce/Verifikasi Halaman Product Anda' located by 'By.xpath: (.//*[normalize-space(text()) and normalize-space(.)='Home'])[1]/following::li[2]' is present after '30' second(s)
	at com.kms.katalon.core.webui.keyword.internal.WebUIKeywordMain.stepFailed(WebUIKeywordMain.groovy:64)
	at com.kms.katalon.core.webui.keyword.internal.WebUIKeywordMain$stepFailed$0.call(Unknown Source)
	at com.kms.katalon.core.webui.keyword.builtin.VerifyElementNotPresentKeyword$_verifyElementNotPresent_closure1.doCall(VerifyElementNotPresentKeyword.groovy:113)
	at com.kms.katalon.core.webui.keyword.builtin.VerifyElementNotPresentKeyword$_verifyElementNotPresent_closure1.doCall(VerifyElementNotPresentKeyword.groovy)
	at com.kms.katalon.core.webui.keyword.internal.WebUIKeywordMain.runKeyword(WebUIKeywordMain.groovy:20)
	... 20 more
)
[[ATTACHMENT|G:\\Project Xsis\\batch-324-qa\\Riswan\\Sprint 2 Product Tajalapak\\Reports\\20231004_193007\\Product Ecomerce\\20231004_193008\\1696423311879.png]]]]></system-out>
         <system-err><![CDATA[2023-10-04 19:41:01 - [TEST_CASE][FAILED] - Test Cases/Product Ecommerce/TC-PEN-016: Test Cases/Product Ecommerce/TC-PEN-016 FAILED.
Reason:
com.kms.katalon.core.exception.StepFailedException: Unable to verify object 'Object Repository/Product Ecommerce/Verifikasi Halaman Product Anda' is not present
	at com.kms.katalon.core.webui.keyword.internal.WebUIKeywordMain.stepFailed(WebUIKeywordMain.groovy:64)
	at com.kms.katalon.core.webui.keyword.internal.WebUIKeywordMain.runKeyword(WebUIKeywordMain.groovy:26)
	at com.kms.katalon.core.webui.keyword.internal.WebUIKeywordMain$runKeyword.call(Unknown Source)
	at com.kms.katalon.core.webui.keyword.builtin.VerifyElementNotPresentKeyword.verifyElementNotPresent(VerifyElementNotPresentKeyword.groovy:122)
	at com.kms.katalon.core.webui.keyword.builtin.VerifyElementNotPresentKeyword.execute(VerifyElementNotPresentKeyword.groovy:68)
	at com.kms.katalon.core.keyword.internal.KeywordExecutor.executeKeywordForPlatform(KeywordExecutor.groovy:74)
	at com.kms.katalon.core.webui.keyword.WebUiBuiltInKeywords.verifyElementNotPresent(WebUiBuiltInKeywords.groovy:1497)
	at com.kms.katalon.core.webui.keyword.WebUiBuiltInKeywords$verifyElementNotPresent$12.call(Unknown Source)
	at TC-PEN-016.run(TC-PEN-016:34)
	at com.kms.katalon.core.main.ScriptEngine.run(ScriptEngine.java:194)
	at com.kms.katalon.core.main.ScriptEngine.runScriptAsRawText(ScriptEngine.java:119)
	at com.kms.katalon.core.main.TestCaseExecutor.runScript(TestCaseExecutor.java:448)
	at com.kms.katalon.core.main.TestCaseExecutor.doExecute(TestCaseExecutor.java:439)
	at com.kms.katalon.core.main.TestCaseExecutor.processExecutionPhase(TestCaseExecutor.java:418)
	at com.kms.katalon.core.main.TestCaseExecutor.accessMainPhase(TestCaseExecutor.java:410)
	at com.kms.katalon.core.main.TestCaseExecutor.execute(TestCaseExecutor.java:285)
	at com.kms.katalon.core.common.CommonExecutor.accessTestCaseMainPhase(CommonExecutor.java:65)
	at com.kms.katalon.core.main.TestSuiteExecutor.accessTestSuiteMainPhase(TestSuiteExecutor.java:148)
	at com.kms.katalon.core.main.TestSuiteExecutor.execute(TestSuiteExecutor.java:106)
	at com.kms.katalon.core.main.TestCaseMain.startTestSuite(TestCaseMain.java:187)
	at com.kms.katalon.core.main.TestCaseMain$startTestSuite$0.call(Unknown Source)
	at TempTestSuite1696422608926.run(TempTestSuite1696422608926.groovy:36)
Caused by: com.kms.katalon.core.exception.StepFailedException: Web element with id: 'Object Repository/Product Ecommerce/Verifikasi Halaman Product Anda' located by 'By.xpath: (.//*[normalize-space(text()) and normalize-space(.)='Home'])[1]/following::li[2]' is present after '30' second(s)
	at com.kms.katalon.core.webui.keyword.internal.WebUIKeywordMain.stepFailed(WebUIKeywordMain.groovy:64)
	at com.kms.katalon.core.webui.keyword.internal.WebUIKeywordMain$stepFailed$0.call(Unknown Source)
	at com.kms.katalon.core.webui.keyword.builtin.VerifyElementNotPresentKeyword$_verifyElementNotPresent_closure1.doCall(VerifyElementNotPresentKeyword.groovy:113)
	at com.kms.katalon.core.webui.keyword.builtin.VerifyElementNotPresentKeyword$_verifyElementNotPresent_closure1.doCall(VerifyElementNotPresentKeyword.groovy)
	at com.kms.katalon.core.webui.keyword.internal.WebUIKeywordMain.runKeyword(WebUIKeywordMain.groovy:20)
	... 20 more]]></system-err>
      </testcase>
      <testcase name="Test Cases/Product Ecommerce/TC-PEN-017" time="19.738" classname="Test Cases/Product Ecommerce/TC-PEN-017" status="PASSED">
         <system-out><![CDATA[2023-10-04 19:41:52 - [TEST_CASE][PASSED] - Test Cases/Product Ecommerce/TC-PEN-017: Test Cases/Product Ecommerce/TC-PEN-017

2023-10-04 19:41:52 - [TEST_STEP][PASSED] - callTestCase(findTestCase("Product Ecommerce/TC-PE-001"), [:], STOP_ON_FAILURE): Call Test Case 'Test Cases/Product Ecommerce/TC-PE-001' successfully

2023-10-04 19:41:52 - [TEST_CASE][PASSED] - Test Cases/Product Ecommerce/TC-PE-001: Test Cases/Product Ecommerce/TC-PE-001

2023-10-04 19:41:52 - [TEST_STEP][PASSED] - callTestCase(findTestCase("Login Ecommerce/TC-Login Ecomerce-001"), [:], STOP_ON_FAILURE): Call Test Case 'Test Cases/Login Ecommerce/TC-Login Ecomerce-001' successfully

2023-10-04 19:41:52 - [TEST_CASE][PASSED] - Test Cases/Login Ecommerce/TC-Login Ecomerce-001: Test Cases/Login Ecommerce/TC-Login Ecomerce-001

2023-10-04 19:41:52 - [TEST_STEP][PASSED] - openBrowser(userTajalapak): Browser is opened with url: 'https://10.9.2.63/ecommerce/'

2023-10-04 19:41:52 - [MESSAGE][WARNING] - A browser is already opened. Closing browser and opening a new one

2023-10-04 19:41:53 - [MESSAGE][INFO] - Starting 'Edge Chromium' driver

2023-10-04 19:41:53 - [MESSAGE][INFO] - User set preference: ['acceptInsecureCerts', 'true']

2023-10-04 19:41:54 - [MESSAGE][INFO] - Action delay is set to 0 milliseconds

2023-10-04 19:41:58 - [MESSAGE][PASSED] - Browser is opened with url: 'https://10.9.2.63/ecommerce/'

2023-10-04 19:41:58 - [TEST_STEP][PASSED] - maximizeWindow(): Current window maximized

2023-10-04 19:41:58 - [MESSAGE][PASSED] - Current window maximized

2023-10-04 19:41:58 - [TEST_STEP][PASSED] - verifyElementPresent(findTestObject("Login Ecommerce/Verifikasi Halaman Login Akun"), 0): Object 'Object Repository/Login Ecommerce/Verifikasi Halaman Login Akun' is present

2023-10-04 19:41:58 - [MESSAGE][WARNING] - Timeout '0' is invalid. Using default page load timeout: '30'

2023-10-04 19:41:59 - [MESSAGE][PASSED] - Object 'Object Repository/Login Ecommerce/Verifikasi Halaman Login Akun' is present

2023-10-04 19:41:59 - [TEST_STEP][PASSED] - click(findTestObject("Login Ecommerce/Login Akun")): Object: 'Object Repository/Login Ecommerce/Login Akun' is clicked on

2023-10-04 19:41:59 - [MESSAGE][PASSED] - Object: 'Object Repository/Login Ecommerce/Login Akun' is clicked on

2023-10-04 19:41:59 - [TEST_STEP][PASSED] - verifyElementPresent(findTestObject("Login Ecommerce/Verifikasi Halaman Login Akun"), 0): Object 'Object Repository/Login Ecommerce/Verifikasi Halaman Login Akun' is present

2023-10-04 19:42:00 - [MESSAGE][WARNING] - Timeout '0' is invalid. Using default page load timeout: '30'

2023-10-04 19:42:00 - [MESSAGE][PASSED] - Object 'Object Repository/Login Ecommerce/Verifikasi Halaman Login Akun' is present

2023-10-04 19:42:00 - [TEST_STEP][PASSED] - setText(findTestObject("Login Ecommerce/Input Username"), "riswandha"): Text 'riswandha' is set on object 'Object Repository/Login Ecommerce/Input Username'

2023-10-04 19:42:01 - [MESSAGE][PASSED] - Text 'riswandha' is set on object 'Object Repository/Login Ecommerce/Input Username'

2023-10-04 19:42:01 - [TEST_STEP][PASSED] - setEncryptedText(findTestObject("Login Ecommerce/Input Password"), "iGDxf8hSRT4="): Text ****** has been set on object 'Object Repository/Login Ecommerce/Input Password'

2023-10-04 19:42:02 - [MESSAGE][PASSED] - Text ****** has been set on object 'Object Repository/Login Ecommerce/Input Password'

2023-10-04 19:42:02 - [TEST_STEP][PASSED] - click(findTestObject("Login Ecommerce/Button Masuk")): Object: 'Object Repository/Login Ecommerce/Button Masuk' is clicked on

2023-10-04 19:42:03 - [MESSAGE][PASSED] - Object: 'Object Repository/Login Ecommerce/Button Masuk' is clicked on

2023-10-04 19:42:03 - [TEST_STEP][PASSED] - verifyElementPresent(findTestObject("Login Ecommerce/Verifikasi Login Akun"), 0): Object 'Object Repository/Login Ecommerce/Verifikasi Login Akun' is present

2023-10-04 19:42:04 - [MESSAGE][WARNING] - Timeout '0' is invalid. Using default page load timeout: '30'

2023-10-04 19:42:04 - [MESSAGE][PASSED] - Object 'Object Repository/Login Ecommerce/Verifikasi Login Akun' is present

2023-10-04 19:42:04 - [MESSAGE][PASSED] - Call Test Case 'Test Cases/Login Ecommerce/TC-Login Ecomerce-001' successfully

2023-10-04 19:42:04 - [TEST_STEP][PASSED] - mouseOver(findTestObject("Product Ecommerce/Button Menu toko")): Object: 'Object Repository/Product Ecommerce/Button Menu toko' is hovered

2023-10-04 19:42:05 - [MESSAGE][PASSED] - Object: 'Object Repository/Product Ecommerce/Button Menu toko' is hovered

2023-10-04 19:42:05 - [TEST_STEP][PASSED] - click(findTestObject("Product Ecommerce/Button Daftar Produk")): Object: 'Object Repository/Product Ecommerce/Button Daftar Produk' is clicked on

2023-10-04 19:42:06 - [MESSAGE][PASSED] - Object: 'Object Repository/Product Ecommerce/Button Daftar Produk' is clicked on

2023-10-04 19:42:06 - [TEST_STEP][PASSED] - verifyElementPresent(findTestObject("Product Ecommerce/Verifikasi Halaman Product Anda"), 0): Object 'Object Repository/Product Ecommerce/Verifikasi Halaman Product Anda' is present

2023-10-04 19:42:06 - [MESSAGE][WARNING] - Timeout '0' is invalid. Using default page load timeout: '30'

2023-10-04 19:42:07 - [MESSAGE][PASSED] - Object 'Object Repository/Product Ecommerce/Verifikasi Halaman Product Anda' is present

2023-10-04 19:42:07 - [MESSAGE][PASSED] - Call Test Case 'Test Cases/Product Ecommerce/TC-PE-001' successfully

2023-10-04 19:42:07 - [TEST_STEP][PASSED] - mouseOver(findTestObject("Product Ecommerce/Image Gambar produk 1")): Object: 'Object Repository/Product Ecommerce/Image Gambar produk 1' is hovered

2023-10-04 19:42:08 - [MESSAGE][PASSED] - Object: 'Object Repository/Product Ecommerce/Image Gambar produk 1' is hovered

2023-10-04 19:42:08 - [TEST_STEP][PASSED] - click(findTestObject("Product Ecommerce/Tambahkan Product/Edit Data")): Object: 'Object Repository/Product Ecommerce/Tambahkan Product/Edit Data' is clicked on

2023-10-04 19:42:09 - [MESSAGE][PASSED] - Object: 'Object Repository/Product Ecommerce/Tambahkan Product/Edit Data' is clicked on

2023-10-04 19:42:09 - [TEST_STEP][PASSED] - verifyElementPresent(findTestObject("Product Ecommerce/Tambahkan Product/Button Update Data"), 0): Object 'Object Repository/Product Ecommerce/Tambahkan Product/Button Update Data' is present

2023-10-04 19:42:09 - [MESSAGE][WARNING] - Timeout '0' is invalid. Using default page load timeout: '30'

2023-10-04 19:42:09 - [MESSAGE][PASSED] - Object 'Object Repository/Product Ecommerce/Tambahkan Product/Button Update Data' is present

2023-10-04 19:42:09 - [TEST_STEP][PASSED] - click(findTestObject("Product Ecommerce/Tambahkan Product/Input Hapus Kolom Variasi 1")): Object: 'Object Repository/Product Ecommerce/Tambahkan Product/Input Hapus Kolom Variasi 1' is clicked on

2023-10-04 19:42:10 - [MESSAGE][PASSED] - Object: 'Object Repository/Product Ecommerce/Tambahkan Product/Input Hapus Kolom Variasi 1' is clicked on

2023-10-04 19:42:10 - [TEST_STEP][PASSED] - click(findTestObject("Product Ecommerce/Tambahkan Product/Input Hapus Kolom Variasi 1")): Object: 'Object Repository/Product Ecommerce/Tambahkan Product/Input Hapus Kolom Variasi 1' is clicked on

2023-10-04 19:42:11 - [MESSAGE][PASSED] - Object: 'Object Repository/Product Ecommerce/Tambahkan Product/Input Hapus Kolom Variasi 1' is clicked on

2023-10-04 19:42:11 - [TEST_STEP][PASSED] - click(findTestObject("Product Ecommerce/Tambahkan Product/Input Hapus Kolom Variasi 1")): Object: 'Object Repository/Product Ecommerce/Tambahkan Product/Input Hapus Kolom Variasi 1' is clicked on

2023-10-04 19:42:11 - [MESSAGE][PASSED] - Object: 'Object Repository/Product Ecommerce/Tambahkan Product/Input Hapus Kolom Variasi 1' is clicked on

2023-10-04 19:42:11 - [TEST_STEP][PASSED] - notif = getAlertText(): Get alert text successfully: 'Tidak ditemukan textbox untuk dihapus.'

2023-10-04 19:42:11 - [MESSAGE][PASSED] - Get alert text successfully: 'Tidak ditemukan textbox untuk dihapus.'

2023-10-04 19:42:11 - [TEST_STEP][PASSED] - assert "Tidak ditemukan textbox untuk dihapus." == notif: null]]></system-out>
         <system-err><![CDATA[]]></system-err>
      </testcase>
      <testcase name="Test Cases/Product Ecommerce/TC-PEN-018" time="18.381" classname="Test Cases/Product Ecommerce/TC-PEN-018" status="FAILED">
         <failure type="FAILED" message="Test Cases/Product Ecommerce/TC-PEN-018 FAILED.
Reason:
Assertion failed: 

assert accept_button_message == &quot;Code Name Is not valid&quot;
       |                     |
       &quot;&quot;                    false

	at TC-PEN-018.run(TC-PEN-018:56)
	at com.kms.katalon.core.main.ScriptEngine.run(ScriptEngine.java:194)
	at com.kms.katalon.core.main.ScriptEngine.runScriptAsRawText(ScriptEngine.java:119)
	at com.kms.katalon.core.main.TestCaseExecutor.runScript(TestCaseExecutor.java:448)
	at com.kms.katalon.core.main.TestCaseExecutor.doExecute(TestCaseExecutor.java:439)
	at com.kms.katalon.core.main.TestCaseExecutor.processExecutionPhase(TestCaseExecutor.java:418)
	at com.kms.katalon.core.main.TestCaseExecutor.accessMainPhase(TestCaseExecutor.java:410)
	at com.kms.katalon.core.main.TestCaseExecutor.execute(TestCaseExecutor.java:285)
	at com.kms.katalon.core.common.CommonExecutor.accessTestCaseMainPhase(CommonExecutor.java:65)
	at com.kms.katalon.core.main.TestSuiteExecutor.accessTestSuiteMainPhase(TestSuiteExecutor.java:148)
	at com.kms.katalon.core.main.TestSuiteExecutor.execute(TestSuiteExecutor.java:106)
	at com.kms.katalon.core.main.TestCaseMain.startTestSuite(TestCaseMain.java:187)
	at com.kms.katalon.core.main.TestCaseMain$startTestSuite$0.call(Unknown Source)
	at TempTestSuite1696422608926.run(TempTestSuite1696422608926.groovy:36)
"/>
         <system-out><![CDATA[2023-10-04 19:42:11 - [TEST_CASE][FAILED] - Test Cases/Product Ecommerce/TC-PEN-018: Test Cases/Product Ecommerce/TC-PEN-018 FAILED.
Reason:
Assertion failed: 

assert accept_button_message == "Code Name Is not valid"
       |                     |
       ""                    false

	at TC-PEN-018.run(TC-PEN-018:56)
	at com.kms.katalon.core.main.ScriptEngine.run(ScriptEngine.java:194)
	at com.kms.katalon.core.main.ScriptEngine.runScriptAsRawText(ScriptEngine.java:119)
	at com.kms.katalon.core.main.TestCaseExecutor.runScript(TestCaseExecutor.java:448)
	at com.kms.katalon.core.main.TestCaseExecutor.doExecute(TestCaseExecutor.java:439)
	at com.kms.katalon.core.main.TestCaseExecutor.processExecutionPhase(TestCaseExecutor.java:418)
	at com.kms.katalon.core.main.TestCaseExecutor.accessMainPhase(TestCaseExecutor.java:410)
	at com.kms.katalon.core.main.TestCaseExecutor.execute(TestCaseExecutor.java:285)
	at com.kms.katalon.core.common.CommonExecutor.accessTestCaseMainPhase(CommonExecutor.java:65)
	at com.kms.katalon.core.main.TestSuiteExecutor.accessTestSuiteMainPhase(TestSuiteExecutor.java:148)
	at com.kms.katalon.core.main.TestSuiteExecutor.execute(TestSuiteExecutor.java:106)
	at com.kms.katalon.core.main.TestCaseMain.startTestSuite(TestCaseMain.java:187)
	at com.kms.katalon.core.main.TestCaseMain$startTestSuite$0.call(Unknown Source)
	at TempTestSuite1696422608926.run(TempTestSuite1696422608926.groovy:36)


2023-10-04 19:42:12 - [TEST_STEP][PASSED] - callTestCase(findTestCase("Product Ecommerce/TC-PE-001"), [:], STOP_ON_FAILURE): Call Test Case 'Test Cases/Product Ecommerce/TC-PE-001' successfully

2023-10-04 19:42:12 - [TEST_CASE][PASSED] - Test Cases/Product Ecommerce/TC-PE-001: Test Cases/Product Ecommerce/TC-PE-001

2023-10-04 19:42:12 - [TEST_STEP][PASSED] - callTestCase(findTestCase("Login Ecommerce/TC-Login Ecomerce-001"), [:], STOP_ON_FAILURE): Call Test Case 'Test Cases/Login Ecommerce/TC-Login Ecomerce-001' successfully

2023-10-04 19:42:12 - [TEST_CASE][PASSED] - Test Cases/Login Ecommerce/TC-Login Ecomerce-001: Test Cases/Login Ecommerce/TC-Login Ecomerce-001

2023-10-04 19:42:12 - [TEST_STEP][PASSED] - openBrowser(userTajalapak): Browser is opened with url: 'https://10.9.2.63/ecommerce/'

2023-10-04 19:42:12 - [MESSAGE][WARNING] - A browser is already opened. Closing browser and opening a new one

2023-10-04 19:42:13 - [MESSAGE][INFO] - Starting 'Edge Chromium' driver

2023-10-04 19:42:13 - [MESSAGE][INFO] - User set preference: ['acceptInsecureCerts', 'true']

2023-10-04 19:42:14 - [MESSAGE][INFO] - Action delay is set to 0 milliseconds

2023-10-04 19:42:17 - [MESSAGE][PASSED] - Browser is opened with url: 'https://10.9.2.63/ecommerce/'

2023-10-04 19:42:17 - [TEST_STEP][PASSED] - maximizeWindow(): Current window maximized

2023-10-04 19:42:17 - [MESSAGE][PASSED] - Current window maximized

2023-10-04 19:42:17 - [TEST_STEP][PASSED] - verifyElementPresent(findTestObject("Login Ecommerce/Verifikasi Halaman Login Akun"), 0): Object 'Object Repository/Login Ecommerce/Verifikasi Halaman Login Akun' is present

2023-10-04 19:42:17 - [MESSAGE][WARNING] - Timeout '0' is invalid. Using default page load timeout: '30'

2023-10-04 19:42:18 - [MESSAGE][PASSED] - Object 'Object Repository/Login Ecommerce/Verifikasi Halaman Login Akun' is present

2023-10-04 19:42:18 - [TEST_STEP][PASSED] - click(findTestObject("Login Ecommerce/Login Akun")): Object: 'Object Repository/Login Ecommerce/Login Akun' is clicked on

2023-10-04 19:42:18 - [MESSAGE][PASSED] - Object: 'Object Repository/Login Ecommerce/Login Akun' is clicked on

2023-10-04 19:42:18 - [TEST_STEP][PASSED] - verifyElementPresent(findTestObject("Login Ecommerce/Verifikasi Halaman Login Akun"), 0): Object 'Object Repository/Login Ecommerce/Verifikasi Halaman Login Akun' is present

2023-10-04 19:42:18 - [MESSAGE][WARNING] - Timeout '0' is invalid. Using default page load timeout: '30'

2023-10-04 19:42:19 - [MESSAGE][PASSED] - Object 'Object Repository/Login Ecommerce/Verifikasi Halaman Login Akun' is present

2023-10-04 19:42:19 - [TEST_STEP][PASSED] - setText(findTestObject("Login Ecommerce/Input Username"), "riswandha"): Text 'riswandha' is set on object 'Object Repository/Login Ecommerce/Input Username'

2023-10-04 19:42:20 - [MESSAGE][PASSED] - Text 'riswandha' is set on object 'Object Repository/Login Ecommerce/Input Username'

2023-10-04 19:42:20 - [TEST_STEP][PASSED] - setEncryptedText(findTestObject("Login Ecommerce/Input Password"), "iGDxf8hSRT4="): Text ****** has been set on object 'Object Repository/Login Ecommerce/Input Password'

2023-10-04 19:42:20 - [MESSAGE][PASSED] - Text ****** has been set on object 'Object Repository/Login Ecommerce/Input Password'

2023-10-04 19:42:20 - [TEST_STEP][PASSED] - click(findTestObject("Login Ecommerce/Button Masuk")): Object: 'Object Repository/Login Ecommerce/Button Masuk' is clicked on

2023-10-04 19:42:21 - [MESSAGE][PASSED] - Object: 'Object Repository/Login Ecommerce/Button Masuk' is clicked on

2023-10-04 19:42:21 - [TEST_STEP][PASSED] - verifyElementPresent(findTestObject("Login Ecommerce/Verifikasi Login Akun"), 0): Object 'Object Repository/Login Ecommerce/Verifikasi Login Akun' is present

2023-10-04 19:42:21 - [MESSAGE][WARNING] - Timeout '0' is invalid. Using default page load timeout: '30'

2023-10-04 19:42:22 - [MESSAGE][PASSED] - Object 'Object Repository/Login Ecommerce/Verifikasi Login Akun' is present

2023-10-04 19:42:22 - [MESSAGE][PASSED] - Call Test Case 'Test Cases/Login Ecommerce/TC-Login Ecomerce-001' successfully

2023-10-04 19:42:22 - [TEST_STEP][PASSED] - mouseOver(findTestObject("Product Ecommerce/Button Menu toko")): Object: 'Object Repository/Product Ecommerce/Button Menu toko' is hovered

2023-10-04 19:42:22 - [MESSAGE][PASSED] - Object: 'Object Repository/Product Ecommerce/Button Menu toko' is hovered

2023-10-04 19:42:22 - [TEST_STEP][PASSED] - click(findTestObject("Product Ecommerce/Button Daftar Produk")): Object: 'Object Repository/Product Ecommerce/Button Daftar Produk' is clicked on

2023-10-04 19:42:23 - [MESSAGE][PASSED] - Object: 'Object Repository/Product Ecommerce/Button Daftar Produk' is clicked on

2023-10-04 19:42:23 - [TEST_STEP][PASSED] - verifyElementPresent(findTestObject("Product Ecommerce/Verifikasi Halaman Product Anda"), 0): Object 'Object Repository/Product Ecommerce/Verifikasi Halaman Product Anda' is present

2023-10-04 19:42:23 - [MESSAGE][WARNING] - Timeout '0' is invalid. Using default page load timeout: '30'

2023-10-04 19:42:24 - [MESSAGE][PASSED] - Object 'Object Repository/Product Ecommerce/Verifikasi Halaman Product Anda' is present

2023-10-04 19:42:24 - [MESSAGE][PASSED] - Call Test Case 'Test Cases/Product Ecommerce/TC-PE-001' successfully

2023-10-04 19:42:24 - [TEST_STEP][PASSED] - mouseOver(findTestObject("Product Ecommerce/Image Gambar produk 1")): Object: 'Object Repository/Product Ecommerce/Image Gambar produk 1' is hovered

2023-10-04 19:42:24 - [MESSAGE][PASSED] - Object: 'Object Repository/Product Ecommerce/Image Gambar produk 1' is hovered

2023-10-04 19:42:24 - [TEST_STEP][PASSED] - click(findTestObject("Product Ecommerce/Tambahkan Product/Edit Data")): Object: 'Object Repository/Product Ecommerce/Tambahkan Product/Edit Data' is clicked on

2023-10-04 19:42:25 - [MESSAGE][PASSED] - Object: 'Object Repository/Product Ecommerce/Tambahkan Product/Edit Data' is clicked on

2023-10-04 19:42:25 - [TEST_STEP][PASSED] - verifyElementPresent(findTestObject("Product Ecommerce/Tambahkan Product/Button Update Data"), 0): Object 'Object Repository/Product Ecommerce/Tambahkan Product/Button Update Data' is present

2023-10-04 19:42:25 - [MESSAGE][WARNING] - Timeout '0' is invalid. Using default page load timeout: '30'

2023-10-04 19:42:26 - [MESSAGE][PASSED] - Object 'Object Repository/Product Ecommerce/Tambahkan Product/Button Update Data' is present

2023-10-04 19:42:26 - [TEST_STEP][PASSED] - click(findTestObject("Product Ecommerce/Kupon/Button Buat Product")): Object: 'Object Repository/Product Ecommerce/Kupon/Button Buat Product' is clicked on

2023-10-04 19:42:26 - [MESSAGE][PASSED] - Object: 'Object Repository/Product Ecommerce/Kupon/Button Buat Product' is clicked on

2023-10-04 19:42:26 - [TEST_STEP][PASSED] - verifyElementPresent(findTestObject("Product Ecommerce/Kupon/Verifikasi Halaman Voucher Product"), 0): Object 'Object Repository/Product Ecommerce/Kupon/Verifikasi Halaman Voucher Product' is present

2023-10-04 19:42:26 - [MESSAGE][WARNING] - Timeout '0' is invalid. Using default page load timeout: '30'

2023-10-04 19:42:27 - [MESSAGE][PASSED] - Object 'Object Repository/Product Ecommerce/Kupon/Verifikasi Halaman Voucher Product' is present

2023-10-04 19:42:27 - [TEST_STEP][PASSED] - click(findTestObject("Product Ecommerce/Kupon/Button Edit Voucher")): Object: 'Object Repository/Product Ecommerce/Kupon/Button Edit Voucher' is clicked on

2023-10-04 19:42:27 - [MESSAGE][PASSED] - Object: 'Object Repository/Product Ecommerce/Kupon/Button Edit Voucher' is clicked on

2023-10-04 19:42:27 - [TEST_STEP][PASSED] - setText(findTestObject("Product Ecommerce/Kupon/Input Kode Kupon"), "aaaaaaaaaaaaaaaaaaaaaaaaaaaaaaaaaaaaa"): Text 'aaaaaaaaaaaaaaaaaaaaaaaaaaaaaaaaaaaaa' is set on object 'Object Repository/Product Ecommerce/Kupon/Input Kode Kupon'

2023-10-04 19:42:28 - [MESSAGE][PASSED] - Text 'aaaaaaaaaaaaaaaaaaaaaaaaaaaaaaaaaaaaa' is set on object 'Object Repository/Product Ecommerce/Kupon/Input Kode Kupon'

2023-10-04 19:42:28 - [TEST_STEP][PASSED] - click(findTestObject("Product Ecommerce/Kupon/Button Simpan")): Object: 'Object Repository/Product Ecommerce/Kupon/Button Simpan' is clicked on

2023-10-04 19:42:28 - [MESSAGE][PASSED] - Object: 'Object Repository/Product Ecommerce/Kupon/Button Simpan' is clicked on

2023-10-04 19:42:28 - [TEST_STEP][PASSED] - driver = getWebDriver(): null

2023-10-04 19:42:28 - [TEST_STEP][PASSED] - field_username_element = driver.findElement(By.xpath("//input[@id="kode_kupon"]")): null

2023-10-04 19:42:30 - [TEST_STEP][PASSED] - accept_button_message = driver.executeScript("return arguments[0].validationMessage", field_username_element): null

2023-10-04 19:42:30 - [TEST_STEP][PASSED] - println(accept_button_message): null

2023-10-04 19:42:30 - [TEST_STEP][FAILED] - assert accept_button_message == "Code Name Is not valid": Test Cases/Product Ecommerce/TC-PEN-018 FAILED.
Reason:
Assertion failed: 

assert accept_button_message == "Code Name Is not valid"
       |                     |
       ""                    false

	at TC-PEN-018.run(TC-PEN-018:56)
	at com.kms.katalon.core.main.ScriptEngine.run(ScriptEngine.java:194)
	at com.kms.katalon.core.main.ScriptEngine.runScriptAsRawText(ScriptEngine.java:119)
	at com.kms.katalon.core.main.TestCaseExecutor.runScript(TestCaseExecutor.java:448)
	at com.kms.katalon.core.main.TestCaseExecutor.doExecute(TestCaseExecutor.java:439)
	at com.kms.katalon.core.main.TestCaseExecutor.processExecutionPhase(TestCaseExecutor.java:418)
	at com.kms.katalon.core.main.TestCaseExecutor.accessMainPhase(TestCaseExecutor.java:410)
	at com.kms.katalon.core.main.TestCaseExecutor.execute(TestCaseExecutor.java:285)
	at com.kms.katalon.core.common.CommonExecutor.accessTestCaseMainPhase(CommonExecutor.java:65)
	at com.kms.katalon.core.main.TestSuiteExecutor.accessTestSuiteMainPhase(TestSuiteExecutor.java:148)
	at com.kms.katalon.core.main.TestSuiteExecutor.execute(TestSuiteExecutor.java:106)
	at com.kms.katalon.core.main.TestCaseMain.startTestSuite(TestCaseMain.java:187)
	at com.kms.katalon.core.main.TestCaseMain$startTestSuite$0.call(Unknown Source)
	at TempTestSuite1696422608926.run(TempTestSuite1696422608926.groovy:36)


2023-10-04 19:42:30 - [MESSAGE][FAILED] - Test Cases/Product Ecommerce/TC-PEN-018 FAILED.
Reason:
Assertion failed: 

assert accept_button_message == "Code Name Is not valid"
       |                     |
       ""                    false

	at TC-PEN-018.run(TC-PEN-018:56)
	at com.kms.katalon.core.main.ScriptEngine.run(ScriptEngine.java:194)
	at com.kms.katalon.core.main.ScriptEngine.runScriptAsRawText(ScriptEngine.java:119)
	at com.kms.katalon.core.main.TestCaseExecutor.runScript(TestCaseExecutor.java:448)
	at com.kms.katalon.core.main.TestCaseExecutor.doExecute(TestCaseExecutor.java:439)
	at com.kms.katalon.core.main.TestCaseExecutor.processExecutionPhase(TestCaseExecutor.java:418)
	at com.kms.katalon.core.main.TestCaseExecutor.accessMainPhase(TestCaseExecutor.java:410)
	at com.kms.katalon.core.main.TestCaseExecutor.execute(TestCaseExecutor.java:285)
	at com.kms.katalon.core.common.CommonExecutor.accessTestCaseMainPhase(CommonExecutor.java:65)
	at com.kms.katalon.core.main.TestSuiteExecutor.accessTestSuiteMainPhase(TestSuiteExecutor.java:148)
	at com.kms.katalon.core.main.TestSuiteExecutor.execute(TestSuiteExecutor.java:106)
	at com.kms.katalon.core.main.TestCaseMain.startTestSuite(TestCaseMain.java:187)
	at com.kms.katalon.core.main.TestCaseMain$startTestSuite$0.call(Unknown Source)
	at TempTestSuite1696422608926.run(TempTestSuite1696422608926.groovy:36)]]></system-out>
         <system-err><![CDATA[2023-10-04 19:42:11 - [TEST_CASE][FAILED] - Test Cases/Product Ecommerce/TC-PEN-018: Test Cases/Product Ecommerce/TC-PEN-018 FAILED.
Reason:
Assertion failed: 

assert accept_button_message == "Code Name Is not valid"
       |                     |
       ""                    false

	at TC-PEN-018.run(TC-PEN-018:56)
	at com.kms.katalon.core.main.ScriptEngine.run(ScriptEngine.java:194)
	at com.kms.katalon.core.main.ScriptEngine.runScriptAsRawText(ScriptEngine.java:119)
	at com.kms.katalon.core.main.TestCaseExecutor.runScript(TestCaseExecutor.java:448)
	at com.kms.katalon.core.main.TestCaseExecutor.doExecute(TestCaseExecutor.java:439)
	at com.kms.katalon.core.main.TestCaseExecutor.processExecutionPhase(TestCaseExecutor.java:418)
	at com.kms.katalon.core.main.TestCaseExecutor.accessMainPhase(TestCaseExecutor.java:410)
	at com.kms.katalon.core.main.TestCaseExecutor.execute(TestCaseExecutor.java:285)
	at com.kms.katalon.core.common.CommonExecutor.accessTestCaseMainPhase(CommonExecutor.java:65)
	at com.kms.katalon.core.main.TestSuiteExecutor.accessTestSuiteMainPhase(TestSuiteExecutor.java:148)
	at com.kms.katalon.core.main.TestSuiteExecutor.execute(TestSuiteExecutor.java:106)
	at com.kms.katalon.core.main.TestCaseMain.startTestSuite(TestCaseMain.java:187)
	at com.kms.katalon.core.main.TestCaseMain$startTestSuite$0.call(Unknown Source)
	at TempTestSuite1696422608926.run(TempTestSuite1696422608926.groovy:36)]]></system-err>
      </testcase>
      <system-out><![CDATA[2023-10-04 19:30:21 - [TEST_SUITE][FAILED] - Product Ecomerce: Test Cases/Product Ecommerce/TC-PE-002 FAILED.
Reason:
com.kms.katalon.core.exception.StepFailedException: Unable to verify object 'Object Repository/Product Ecommerce/Verifikasi Halaman Product Anda' is present
	at com.kms.katalon.core.webui.keyword.internal.WebUIKeywordMain.stepFailed(WebUIKeywordMain.groovy:64)
	at com.kms.katalon.core.webui.keyword.internal.WebUIKeywordMain.runKeyword(WebUIKeywordMain.groovy:26)
	at com.kms.katalon.core.webui.keyword.builtin.VerifyElementPresentKeyword.verifyElementPresent(VerifyElementPresentKeyword.groovy:92)
	at com.kms.katalon.core.webui.keyword.builtin.VerifyElementPresentKeyword.execute(VerifyElementPresentKeyword.groovy:68)
	at com.kms.katalon.core.keyword.internal.KeywordExecutor.executeKeywordForPlatform(KeywordExecutor.groovy:74)
	at com.kms.katalon.core.webui.keyword.WebUiBuiltInKeywords.verifyElementPresent(WebUiBuiltInKeywords.groovy:1464)
	at com.kms.katalon.core.webui.keyword.WebUiBuiltInKeywords$verifyElementPresent$1.call(Unknown Source)
	at TC-PE-002.run(TC-PE-002:62)
	at com.kms.katalon.core.main.ScriptEngine.run(ScriptEngine.java:194)
	at com.kms.katalon.core.main.ScriptEngine.runScriptAsRawText(ScriptEngine.java:119)
	at com.kms.katalon.core.main.TestCaseExecutor.runScript(TestCaseExecutor.java:448)
	at com.kms.katalon.core.main.TestCaseExecutor.doExecute(TestCaseExecutor.java:439)
	at com.kms.katalon.core.main.TestCaseExecutor.processExecutionPhase(TestCaseExecutor.java:418)
	at com.kms.katalon.core.main.TestCaseExecutor.accessMainPhase(TestCaseExecutor.java:410)
	at com.kms.katalon.core.main.TestCaseExecutor.execute(TestCaseExecutor.java:285)
	at com.kms.katalon.core.common.CommonExecutor.accessTestCaseMainPhase(CommonExecutor.java:65)
	at com.kms.katalon.core.main.TestSuiteExecutor.accessTestSuiteMainPhase(TestSuiteExecutor.java:148)
	at com.kms.katalon.core.main.TestSuiteExecutor.execute(TestSuiteExecutor.java:106)
	at com.kms.katalon.core.main.TestCaseMain.startTestSuite(TestCaseMain.java:187)
	at com.kms.katalon.core.main.TestCaseMain$startTestSuite$0.call(Unknown Source)
	at TempTestSuite1696422608926.run(TempTestSuite1696422608926.groovy:36)
Caused by: com.kms.katalon.core.exception.StepFailedException: com.kms.katalon.core.webui.exception.WebElementNotFoundException: Web element with id: 'Object Repository/Product Ecommerce/Verifikasi Halaman Product Anda' located by '(.//*[normalize-space(text()) and normalize-space(.)='Home'])[1]/following::li[2]' not found
	at com.kms.katalon.core.webui.keyword.internal.WebUIKeywordMain.stepFailed(WebUIKeywordMain.groovy:64)
	at com.kms.katalon.core.webui.keyword.builtin.VerifyElementPresentKeyword$_verifyElementPresent_closure1.doCall(VerifyElementPresentKeyword.groovy:85)
	at com.kms.katalon.core.webui.keyword.builtin.VerifyElementPresentKeyword$_verifyElementPresent_closure1.call(VerifyElementPresentKeyword.groovy)
	at com.kms.katalon.core.webui.keyword.internal.WebUIKeywordMain.runKeyword(WebUIKeywordMain.groovy:20)
	... 19 more]]></system-out>
      <system-err><![CDATA[2023-10-04 19:30:21 - [TEST_SUITE][FAILED] - Product Ecomerce: Test Cases/Product Ecommerce/TC-PE-002 FAILED.
Reason:
com.kms.katalon.core.exception.StepFailedException: Unable to verify object 'Object Repository/Product Ecommerce/Verifikasi Halaman Product Anda' is present
	at com.kms.katalon.core.webui.keyword.internal.WebUIKeywordMain.stepFailed(WebUIKeywordMain.groovy:64)
	at com.kms.katalon.core.webui.keyword.internal.WebUIKeywordMain.runKeyword(WebUIKeywordMain.groovy:26)
	at com.kms.katalon.core.webui.keyword.builtin.VerifyElementPresentKeyword.verifyElementPresent(VerifyElementPresentKeyword.groovy:92)
	at com.kms.katalon.core.webui.keyword.builtin.VerifyElementPresentKeyword.execute(VerifyElementPresentKeyword.groovy:68)
	at com.kms.katalon.core.keyword.internal.KeywordExecutor.executeKeywordForPlatform(KeywordExecutor.groovy:74)
	at com.kms.katalon.core.webui.keyword.WebUiBuiltInKeywords.verifyElementPresent(WebUiBuiltInKeywords.groovy:1464)
	at com.kms.katalon.core.webui.keyword.WebUiBuiltInKeywords$verifyElementPresent$1.call(Unknown Source)
	at TC-PE-002.run(TC-PE-002:62)
	at com.kms.katalon.core.main.ScriptEngine.run(ScriptEngine.java:194)
	at com.kms.katalon.core.main.ScriptEngine.runScriptAsRawText(ScriptEngine.java:119)
	at com.kms.katalon.core.main.TestCaseExecutor.runScript(TestCaseExecutor.java:448)
	at com.kms.katalon.core.main.TestCaseExecutor.doExecute(TestCaseExecutor.java:439)
	at com.kms.katalon.core.main.TestCaseExecutor.processExecutionPhase(TestCaseExecutor.java:418)
	at com.kms.katalon.core.main.TestCaseExecutor.accessMainPhase(TestCaseExecutor.java:410)
	at com.kms.katalon.core.main.TestCaseExecutor.execute(TestCaseExecutor.java:285)
	at com.kms.katalon.core.common.CommonExecutor.accessTestCaseMainPhase(CommonExecutor.java:65)
	at com.kms.katalon.core.main.TestSuiteExecutor.accessTestSuiteMainPhase(TestSuiteExecutor.java:148)
	at com.kms.katalon.core.main.TestSuiteExecutor.execute(TestSuiteExecutor.java:106)
	at com.kms.katalon.core.main.TestCaseMain.startTestSuite(TestCaseMain.java:187)
	at com.kms.katalon.core.main.TestCaseMain$startTestSuite$0.call(Unknown Source)
	at TempTestSuite1696422608926.run(TempTestSuite1696422608926.groovy:36)
Caused by: com.kms.katalon.core.exception.StepFailedException: com.kms.katalon.core.webui.exception.WebElementNotFoundException: Web element with id: 'Object Repository/Product Ecommerce/Verifikasi Halaman Product Anda' located by '(.//*[normalize-space(text()) and normalize-space(.)='Home'])[1]/following::li[2]' not found
	at com.kms.katalon.core.webui.keyword.internal.WebUIKeywordMain.stepFailed(WebUIKeywordMain.groovy:64)
	at com.kms.katalon.core.webui.keyword.builtin.VerifyElementPresentKeyword$_verifyElementPresent_closure1.doCall(VerifyElementPresentKeyword.groovy:85)
	at com.kms.katalon.core.webui.keyword.builtin.VerifyElementPresentKeyword$_verifyElementPresent_closure1.call(VerifyElementPresentKeyword.groovy)
	at com.kms.katalon.core.webui.keyword.internal.WebUIKeywordMain.runKeyword(WebUIKeywordMain.groovy:20)
	... 19 more]]></system-err>
   </testsuite>
</testsuites>
