<?xml version="1.0" encoding="UTF-8"?>
<testsuites name="TS-Wakaf Asset Online" time="396.737" tests="20" failures="10" errors="0">
   <testsuite name="TS-Wakaf Asset Online" tests="20" failures="10" errors="0" time="396.737" skipped="0" timestamp="2023-10-02 16:46:37" hostname="Admin - Riswandha" id="Test Suites/TS-Wakaf Asset Online">
      <properties>
         <property name="deviceName" value=""/>
         <property name="devicePlatform" value=""/>
         <property name="logFolder" value="G:\\Project Xsis\\batch-324-qa\\Riswan\\Tajalapak_com\\Reports\\20231002_164626\\TS-Wakaf Asset Online\\20231002_164626"/>
         <property name="logFiles" value="G:\\Project Xsis\\batch-324-qa\\Riswan\\Tajalapak_com\\Reports\\20231002_164626\\TS-Wakaf Asset Online\\20231002_164626\\execution0.log"/>
         <property name="attachments" value="G:\\Project Xsis\\batch-324-qa\\Riswan\\Tajalapak_com\\Reports\\20231002_164626\\TS-Wakaf Asset Online\\20231002_164626\\1696240081659.png, G:\\Project Xsis\\batch-324-qa\\Riswan\\Tajalapak_com\\Reports\\20231002_164626\\TS-Wakaf Asset Online\\20231002_164626\\1696240081791.png, G:\\Project Xsis\\batch-324-qa\\Riswan\\Tajalapak_com\\Reports\\20231002_164626\\TS-Wakaf Asset Online\\20231002_164626\\1696240098074.png, G:\\Project Xsis\\batch-324-qa\\Riswan\\Tajalapak_com\\Reports\\20231002_164626\\TS-Wakaf Asset Online\\20231002_164626\\1696240098173.png, G:\\Project Xsis\\batch-324-qa\\Riswan\\Tajalapak_com\\Reports\\20231002_164626\\TS-Wakaf Asset Online\\20231002_164626\\1696240132792.png, G:\\Project Xsis\\batch-324-qa\\Riswan\\Tajalapak_com\\Reports\\20231002_164626\\TS-Wakaf Asset Online\\20231002_164626\\1696240132913.png, G:\\Project Xsis\\batch-324-qa\\Riswan\\Tajalapak_com\\Reports\\20231002_164626\\TS-Wakaf Asset Online\\20231002_164626\\1696240157301.png, G:\\Project Xsis\\batch-324-qa\\Riswan\\Tajalapak_com\\Reports\\20231002_164626\\TS-Wakaf Asset Online\\20231002_164626\\1696240157396.png, G:\\Project Xsis\\batch-324-qa\\Riswan\\Tajalapak_com\\Reports\\20231002_164626\\TS-Wakaf Asset Online\\20231002_164626\\1696240204792.png, G:\\Project Xsis\\batch-324-qa\\Riswan\\Tajalapak_com\\Reports\\20231002_164626\\TS-Wakaf Asset Online\\20231002_164626\\1696240204892.png, G:\\Project Xsis\\batch-324-qa\\Riswan\\Tajalapak_com\\Reports\\20231002_164626\\TS-Wakaf Asset Online\\20231002_164626\\1696240320522.png, G:\\Project Xsis\\batch-324-qa\\Riswan\\Tajalapak_com\\Reports\\20231002_164626\\TS-Wakaf Asset Online\\20231002_164626\\1696240320620.png, G:\\Project Xsis\\batch-324-qa\\Riswan\\Tajalapak_com\\Reports\\20231002_164626\\TS-Wakaf Asset Online\\20231002_164626\\1696240339144.png, G:\\Project Xsis\\batch-324-qa\\Riswan\\Tajalapak_com\\Reports\\20231002_164626\\TS-Wakaf Asset Online\\20231002_164626\\1696240339258.png, G:\\Project Xsis\\batch-324-qa\\Riswan\\Tajalapak_com\\Reports\\20231002_164626\\TS-Wakaf Asset Online\\20231002_164626\\1696240356126.png, G:\\Project Xsis\\batch-324-qa\\Riswan\\Tajalapak_com\\Reports\\20231002_164626\\TS-Wakaf Asset Online\\20231002_164626\\1696240356236.png, G:\\Project Xsis\\batch-324-qa\\Riswan\\Tajalapak_com\\Reports\\20231002_164626\\TS-Wakaf Asset Online\\20231002_164626\\1696240377516.png, G:\\Project Xsis\\batch-324-qa\\Riswan\\Tajalapak_com\\Reports\\20231002_164626\\TS-Wakaf Asset Online\\20231002_164626\\1696240377611.png"/>
         <property name="hostName" value="Admin - Riswandha"/>
         <property name="os" value="Windows 10 64bit"/>
         <property name="katalonVersion" value="8.6.5.208"/>
         <property name="browser" value="Edge Chromium 117"/>
         <property name="hostAddress" value="10.9.2.39"/>
         <property name="sessionId" value="c6f5454c7fab99971004d0a649d9164e"/>
         <property name="seleniumVersion" value="3.141.59"/>
         <property name="proxyInformation" value="ProxyInformation { proxyOption=NO_PROXY, proxyServerType=HTTP, username=, password=********, proxyServerAddress=, proxyServerPort=0, executionList=&quot;&quot;, isApplyToDesiredCapabilities=true }"/>
         <property name="platform" value="Windows 10"/>
      </properties>
      <testcase name="Test Cases/Wakaf Asset Online/TC-WAO-001" time="17.321" classname="Test Cases/Wakaf Asset Online/TC-WAO-001" status="PASSED">
         <system-out><![CDATA[2023-10-02 16:46:37 - [TEST_CASE][PASSED] - Test Cases/Wakaf Asset Online/TC-WAO-001: Test Cases/Wakaf Asset Online/TC-WAO-001

2023-10-02 16:46:37 - [TEST_STEP][PASSED] - openBrowser("https://10.9.2.63/ecommerce/"): Browser is opened with url: 'https://10.9.2.63/ecommerce/'

2023-10-02 16:46:38 - [MESSAGE][INFO] - Starting 'Edge Chromium' driver

2023-10-02 16:46:38 - [MESSAGE][INFO] - User set preference: ['acceptInsecureCerts', 'true']

2023-10-02 16:46:40 - [MESSAGE][INFO] - Action delay is set to 0 milliseconds

2023-10-02 16:46:44 - [MESSAGE][PASSED] - Browser is opened with url: 'https://10.9.2.63/ecommerce/'

2023-10-02 16:46:44 - [TEST_STEP][PASSED] - maximizeWindow(): Current window maximized

2023-10-02 16:46:44 - [MESSAGE][PASSED] - Current window maximized

2023-10-02 16:46:44 - [TEST_STEP][PASSED] - verifyElementPresent(findTestObject("Search Product/Verify Page Tajalapak"), 0): Object 'Object Repository/Search Product/Verify Page Tajalapak' is present

2023-10-02 16:46:44 - [MESSAGE][WARNING] - Timeout '0' is invalid. Using default page load timeout: '30'

2023-10-02 16:46:45 - [MESSAGE][PASSED] - Object 'Object Repository/Search Product/Verify Page Tajalapak' is present

2023-10-02 16:46:45 - [TEST_STEP][PASSED] - click(findTestObject("Wakaf Asset Online/Donasi")): Object: 'Object Repository/Wakaf Asset Online/Donasi' is clicked on

2023-10-02 16:46:45 - [MESSAGE][PASSED] - Object: 'Object Repository/Wakaf Asset Online/Donasi' is clicked on

2023-10-02 16:46:45 - [TEST_STEP][PASSED] - click(findTestObject("Wakaf Asset Online/Wakaf Asset Donasi")): Object: 'Object Repository/Wakaf Asset Online/Wakaf Asset Donasi' is clicked on

2023-10-02 16:46:46 - [MESSAGE][PASSED] - Object: 'Object Repository/Wakaf Asset Online/Wakaf Asset Donasi' is clicked on

2023-10-02 16:46:46 - [TEST_STEP][PASSED] - verifyElementPresent(findTestObject("Wakaf Asset Online/verify Wakaf Asset Online"), 0): Object 'Object Repository/Wakaf Asset Online/verify Wakaf Asset Online' is present

2023-10-02 16:46:46 - [MESSAGE][WARNING] - Timeout '0' is invalid. Using default page load timeout: '30'

2023-10-02 16:46:46 - [MESSAGE][PASSED] - Object 'Object Repository/Wakaf Asset Online/verify Wakaf Asset Online' is present

2023-10-02 16:46:46 - [TEST_STEP][PASSED] - selectOptionByValue(findTestObject("Wakaf Asset Online/Pilih Type Wakaf"), "Bangunan", false): All options with value 'Bangunan' are selected in object 'Object Repository/Wakaf Asset Online/Pilih Type Wakaf' 

2023-10-02 16:46:47 - [MESSAGE][PASSED] - All options with value 'Bangunan' are selected in object 'Object Repository/Wakaf Asset Online/Pilih Type Wakaf' 

2023-10-02 16:46:47 - [TEST_STEP][PASSED] - setText(findTestObject("Wakaf Asset Online/Input Perkiraan Nilai Asset"), "100000000"): Text '100000000' is set on object 'Object Repository/Wakaf Asset Online/Input Perkiraan Nilai Asset'

2023-10-02 16:46:48 - [MESSAGE][PASSED] - Text '100000000' is set on object 'Object Repository/Wakaf Asset Online/Input Perkiraan Nilai Asset'

2023-10-02 16:46:48 - [TEST_STEP][PASSED] - setText(findTestObject("Wakaf Asset Online/Input Alamat Asset"), "Jalan Taruma Jawa Timur"): Text 'Jalan Taruma Jawa Timur' is set on object 'Object Repository/Wakaf Asset Online/Input Alamat Asset'

2023-10-02 16:46:49 - [MESSAGE][PASSED] - Text 'Jalan Taruma Jawa Timur' is set on object 'Object Repository/Wakaf Asset Online/Input Alamat Asset'

2023-10-02 16:46:49 - [TEST_STEP][PASSED] - setText(findTestObject("Wakaf Asset Online/Keterangan Asset"), "Masjid"): Text 'Masjid' is set on object 'Object Repository/Wakaf Asset Online/Keterangan Asset'

2023-10-02 16:46:49 - [MESSAGE][PASSED] - Text 'Masjid' is set on object 'Object Repository/Wakaf Asset Online/Keterangan Asset'

2023-10-02 16:46:49 - [TEST_STEP][PASSED] - setText(findTestObject("Wakaf Asset Online/Input Nama Lengkap"), "joko susanto"): Text 'joko susanto' is set on object 'Object Repository/Wakaf Asset Online/Input Nama Lengkap'

2023-10-02 16:46:50 - [MESSAGE][PASSED] - Text 'joko susanto' is set on object 'Object Repository/Wakaf Asset Online/Input Nama Lengkap'

2023-10-02 16:46:50 - [TEST_STEP][PASSED] - setText(findTestObject("Wakaf Asset Online/Input No Handphone"), "085123456789"): Text '085123456789' is set on object 'Object Repository/Wakaf Asset Online/Input No Handphone'

2023-10-02 16:46:51 - [MESSAGE][PASSED] - Text '085123456789' is set on object 'Object Repository/Wakaf Asset Online/Input No Handphone'

2023-10-02 16:46:51 - [TEST_STEP][PASSED] - setText(findTestObject("Wakaf Asset Online/Input Email"), "joko@gmail.com"): Text 'joko@gmail.com' is set on object 'Object Repository/Wakaf Asset Online/Input Email'

2023-10-02 16:46:52 - [MESSAGE][PASSED] - Text 'joko@gmail.com' is set on object 'Object Repository/Wakaf Asset Online/Input Email'

2023-10-02 16:46:52 - [TEST_STEP][PASSED] - uploadFile(findTestObject("Wakaf Asset Online/Input File Upload"), "E:\minions.png"): File 'E:\minions.png' sent to object: 'Object Repository/Wakaf Asset Online/Input File Upload'

2023-10-02 16:46:52 - [MESSAGE][PASSED] - File 'E:\minions.png' sent to object: 'Object Repository/Wakaf Asset Online/Input File Upload'

2023-10-02 16:46:52 - [TEST_STEP][PASSED] - setText(findTestObject("Wakaf Asset Online/Input 2 Digit Terakhir"), "89"): Text '89' is set on object 'Object Repository/Wakaf Asset Online/Input 2 Digit Terakhir'

2023-10-02 16:46:53 - [MESSAGE][PASSED] - Text '89' is set on object 'Object Repository/Wakaf Asset Online/Input 2 Digit Terakhir'

2023-10-02 16:46:53 - [TEST_STEP][PASSED] - click(findTestObject("Wakaf Asset Online/button Wakaf Sekarang")): Object: 'Object Repository/Wakaf Asset Online/button Wakaf Sekarang' is clicked on

2023-10-02 16:46:54 - [MESSAGE][PASSED] - Object: 'Object Repository/Wakaf Asset Online/button Wakaf Sekarang' is clicked on

2023-10-02 16:46:54 - [TEST_STEP][PASSED] - verifyElementPresent(findTestObject("Wakaf Asset Online/Verify Wakaf Asset Diproses"), 0): Object 'Object Repository/Wakaf Asset Online/Verify Wakaf Asset Diproses' is present

2023-10-02 16:46:54 - [MESSAGE][WARNING] - Timeout '0' is invalid. Using default page load timeout: '30'

2023-10-02 16:46:54 - [MESSAGE][PASSED] - Object 'Object Repository/Wakaf Asset Online/Verify Wakaf Asset Diproses' is present]]></system-out>
         <system-err><![CDATA[]]></system-err>
      </testcase>
      <testcase name="Test Cases/Wakaf Asset Online/TC-WAO-002" time="16.891" classname="Test Cases/Wakaf Asset Online/TC-WAO-002" status="PASSED">
         <system-out><![CDATA[2023-10-02 16:46:54 - [TEST_CASE][PASSED] - Test Cases/Wakaf Asset Online/TC-WAO-002: Test Cases/Wakaf Asset Online/TC-WAO-002

2023-10-02 16:46:54 - [TEST_STEP][PASSED] - openBrowser("https://10.9.2.63/ecommerce/"): Browser is opened with url: 'https://10.9.2.63/ecommerce/'

2023-10-02 16:46:54 - [MESSAGE][WARNING] - A browser is already opened. Closing browser and opening a new one

2023-10-02 16:46:55 - [MESSAGE][INFO] - Starting 'Edge Chromium' driver

2023-10-02 16:46:55 - [MESSAGE][INFO] - User set preference: ['acceptInsecureCerts', 'true']

2023-10-02 16:46:57 - [MESSAGE][INFO] - Action delay is set to 0 milliseconds

2023-10-02 16:47:00 - [MESSAGE][PASSED] - Browser is opened with url: 'https://10.9.2.63/ecommerce/'

2023-10-02 16:47:00 - [TEST_STEP][PASSED] - maximizeWindow(): Current window maximized

2023-10-02 16:47:01 - [MESSAGE][PASSED] - Current window maximized

2023-10-02 16:47:01 - [TEST_STEP][PASSED] - verifyElementPresent(findTestObject("Search Product/Verify Page Tajalapak"), 0): Object 'Object Repository/Search Product/Verify Page Tajalapak' is present

2023-10-02 16:47:01 - [MESSAGE][WARNING] - Timeout '0' is invalid. Using default page load timeout: '30'

2023-10-02 16:47:01 - [MESSAGE][PASSED] - Object 'Object Repository/Search Product/Verify Page Tajalapak' is present

2023-10-02 16:47:01 - [TEST_STEP][PASSED] - click(findTestObject("Wakaf Asset Online/Donasi")): Object: 'Object Repository/Wakaf Asset Online/Donasi' is clicked on

2023-10-02 16:47:02 - [MESSAGE][PASSED] - Object: 'Object Repository/Wakaf Asset Online/Donasi' is clicked on

2023-10-02 16:47:02 - [TEST_STEP][PASSED] - click(findTestObject("Wakaf Asset Online/Wakaf Asset Donasi")): Object: 'Object Repository/Wakaf Asset Online/Wakaf Asset Donasi' is clicked on

2023-10-02 16:47:03 - [MESSAGE][PASSED] - Object: 'Object Repository/Wakaf Asset Online/Wakaf Asset Donasi' is clicked on

2023-10-02 16:47:03 - [TEST_STEP][PASSED] - verifyElementPresent(findTestObject("Wakaf Asset Online/verify Wakaf Asset Online"), 0): Object 'Object Repository/Wakaf Asset Online/verify Wakaf Asset Online' is present

2023-10-02 16:47:03 - [MESSAGE][WARNING] - Timeout '0' is invalid. Using default page load timeout: '30'

2023-10-02 16:47:03 - [MESSAGE][PASSED] - Object 'Object Repository/Wakaf Asset Online/verify Wakaf Asset Online' is present

2023-10-02 16:47:03 - [TEST_STEP][PASSED] - selectOptionByValue(findTestObject("Wakaf Asset Online/Pilih Type Wakaf"), "Bangunan", false): All options with value 'Bangunan' are selected in object 'Object Repository/Wakaf Asset Online/Pilih Type Wakaf' 

2023-10-02 16:47:04 - [MESSAGE][PASSED] - All options with value 'Bangunan' are selected in object 'Object Repository/Wakaf Asset Online/Pilih Type Wakaf' 

2023-10-02 16:47:04 - [TEST_STEP][PASSED] - setText(findTestObject("Wakaf Asset Online/Input Perkiraan Nilai Asset"), "100000000"): Text '100000000' is set on object 'Object Repository/Wakaf Asset Online/Input Perkiraan Nilai Asset'

2023-10-02 16:47:05 - [MESSAGE][PASSED] - Text '100000000' is set on object 'Object Repository/Wakaf Asset Online/Input Perkiraan Nilai Asset'

2023-10-02 16:47:05 - [TEST_STEP][PASSED] - setText(findTestObject("Wakaf Asset Online/Input Alamat Asset"), "Jalan Taruma Jawa Timur"): Text 'Jalan Taruma Jawa Timur' is set on object 'Object Repository/Wakaf Asset Online/Input Alamat Asset'

2023-10-02 16:47:06 - [MESSAGE][PASSED] - Text 'Jalan Taruma Jawa Timur' is set on object 'Object Repository/Wakaf Asset Online/Input Alamat Asset'

2023-10-02 16:47:06 - [TEST_STEP][PASSED] - setText(findTestObject("Wakaf Asset Online/Keterangan Asset"), ""): Text '' is set on object 'Object Repository/Wakaf Asset Online/Keterangan Asset'

2023-10-02 16:47:06 - [MESSAGE][PASSED] - Text '' is set on object 'Object Repository/Wakaf Asset Online/Keterangan Asset'

2023-10-02 16:47:06 - [TEST_STEP][PASSED] - setText(findTestObject("Wakaf Asset Online/Input Nama Lengkap"), "joko susanto"): Text 'joko susanto' is set on object 'Object Repository/Wakaf Asset Online/Input Nama Lengkap'

2023-10-02 16:47:07 - [MESSAGE][PASSED] - Text 'joko susanto' is set on object 'Object Repository/Wakaf Asset Online/Input Nama Lengkap'

2023-10-02 16:47:07 - [TEST_STEP][PASSED] - setText(findTestObject("Wakaf Asset Online/Input No Handphone"), "085123456789"): Text '085123456789' is set on object 'Object Repository/Wakaf Asset Online/Input No Handphone'

2023-10-02 16:47:08 - [MESSAGE][PASSED] - Text '085123456789' is set on object 'Object Repository/Wakaf Asset Online/Input No Handphone'

2023-10-02 16:47:08 - [TEST_STEP][PASSED] - setText(findTestObject("Wakaf Asset Online/Input Email"), "joko@gmail.com"): Text 'joko@gmail.com' is set on object 'Object Repository/Wakaf Asset Online/Input Email'

2023-10-02 16:47:09 - [MESSAGE][PASSED] - Text 'joko@gmail.com' is set on object 'Object Repository/Wakaf Asset Online/Input Email'

2023-10-02 16:47:09 - [TEST_STEP][PASSED] - uploadFile(findTestObject("Wakaf Asset Online/Input File Upload"), "E:\minions.png"): File 'E:\minions.png' sent to object: 'Object Repository/Wakaf Asset Online/Input File Upload'

2023-10-02 16:47:09 - [MESSAGE][PASSED] - File 'E:\minions.png' sent to object: 'Object Repository/Wakaf Asset Online/Input File Upload'

2023-10-02 16:47:09 - [TEST_STEP][PASSED] - setText(findTestObject("Wakaf Asset Online/Input 2 Digit Terakhir"), "89"): Text '89' is set on object 'Object Repository/Wakaf Asset Online/Input 2 Digit Terakhir'

2023-10-02 16:47:10 - [MESSAGE][PASSED] - Text '89' is set on object 'Object Repository/Wakaf Asset Online/Input 2 Digit Terakhir'

2023-10-02 16:47:10 - [TEST_STEP][PASSED] - click(findTestObject("Wakaf Asset Online/button Wakaf Sekarang")): Object: 'Object Repository/Wakaf Asset Online/button Wakaf Sekarang' is clicked on

2023-10-02 16:47:11 - [MESSAGE][PASSED] - Object: 'Object Repository/Wakaf Asset Online/button Wakaf Sekarang' is clicked on

2023-10-02 16:47:11 - [TEST_STEP][PASSED] - verifyElementPresent(findTestObject("Wakaf Asset Online/Verify Wakaf Asset Diproses"), 0): Object 'Object Repository/Wakaf Asset Online/Verify Wakaf Asset Diproses' is present

2023-10-02 16:47:11 - [MESSAGE][WARNING] - Timeout '0' is invalid. Using default page load timeout: '30'

2023-10-02 16:47:11 - [MESSAGE][PASSED] - Object 'Object Repository/Wakaf Asset Online/Verify Wakaf Asset Diproses' is present]]></system-out>
         <system-err><![CDATA[]]></system-err>
      </testcase>
      <testcase name="Test Cases/Wakaf Asset Online/TC-WAO-003" time="16.413" classname="Test Cases/Wakaf Asset Online/TC-WAO-003" status="PASSED">
         <system-out><![CDATA[2023-10-02 16:47:11 - [TEST_CASE][PASSED] - Test Cases/Wakaf Asset Online/TC-WAO-003: Test Cases/Wakaf Asset Online/TC-WAO-003

2023-10-02 16:47:11 - [TEST_STEP][PASSED] - openBrowser("https://10.9.2.63/ecommerce/"): Browser is opened with url: 'https://10.9.2.63/ecommerce/'

2023-10-02 16:47:11 - [MESSAGE][WARNING] - A browser is already opened. Closing browser and opening a new one

2023-10-02 16:47:12 - [MESSAGE][INFO] - Starting 'Edge Chromium' driver

2023-10-02 16:47:12 - [MESSAGE][INFO] - User set preference: ['acceptInsecureCerts', 'true']

2023-10-02 16:47:14 - [MESSAGE][INFO] - Action delay is set to 0 milliseconds

2023-10-02 16:47:18 - [MESSAGE][PASSED] - Browser is opened with url: 'https://10.9.2.63/ecommerce/'

2023-10-02 16:47:18 - [TEST_STEP][PASSED] - maximizeWindow(): Current window maximized

2023-10-02 16:47:18 - [MESSAGE][PASSED] - Current window maximized

2023-10-02 16:47:18 - [TEST_STEP][PASSED] - verifyElementPresent(findTestObject("Search Product/Verify Page Tajalapak"), 0): Object 'Object Repository/Search Product/Verify Page Tajalapak' is present

2023-10-02 16:47:18 - [MESSAGE][WARNING] - Timeout '0' is invalid. Using default page load timeout: '30'

2023-10-02 16:47:19 - [MESSAGE][PASSED] - Object 'Object Repository/Search Product/Verify Page Tajalapak' is present

2023-10-02 16:47:19 - [TEST_STEP][PASSED] - click(findTestObject("Wakaf Asset Online/Donasi")): Object: 'Object Repository/Wakaf Asset Online/Donasi' is clicked on

2023-10-02 16:47:19 - [MESSAGE][PASSED] - Object: 'Object Repository/Wakaf Asset Online/Donasi' is clicked on

2023-10-02 16:47:19 - [TEST_STEP][PASSED] - click(findTestObject("Wakaf Asset Online/Wakaf Asset Donasi")): Object: 'Object Repository/Wakaf Asset Online/Wakaf Asset Donasi' is clicked on

2023-10-02 16:47:20 - [MESSAGE][PASSED] - Object: 'Object Repository/Wakaf Asset Online/Wakaf Asset Donasi' is clicked on

2023-10-02 16:47:20 - [TEST_STEP][PASSED] - verifyElementPresent(findTestObject("Wakaf Asset Online/verify Wakaf Asset Online"), 0): Object 'Object Repository/Wakaf Asset Online/verify Wakaf Asset Online' is present

2023-10-02 16:47:20 - [MESSAGE][WARNING] - Timeout '0' is invalid. Using default page load timeout: '30'

2023-10-02 16:47:20 - [MESSAGE][PASSED] - Object 'Object Repository/Wakaf Asset Online/verify Wakaf Asset Online' is present

2023-10-02 16:47:20 - [TEST_STEP][PASSED] - selectOptionByValue(findTestObject("Wakaf Asset Online/Pilih Type Wakaf"), "Bangunan", false): All options with value 'Bangunan' are selected in object 'Object Repository/Wakaf Asset Online/Pilih Type Wakaf' 

2023-10-02 16:47:21 - [MESSAGE][PASSED] - All options with value 'Bangunan' are selected in object 'Object Repository/Wakaf Asset Online/Pilih Type Wakaf' 

2023-10-02 16:47:21 - [TEST_STEP][PASSED] - setText(findTestObject("Wakaf Asset Online/Input Perkiraan Nilai Asset"), "1000000"): Text '1000000' is set on object 'Object Repository/Wakaf Asset Online/Input Perkiraan Nilai Asset'

2023-10-02 16:47:22 - [MESSAGE][PASSED] - Text '1000000' is set on object 'Object Repository/Wakaf Asset Online/Input Perkiraan Nilai Asset'

2023-10-02 16:47:22 - [TEST_STEP][PASSED] - setText(findTestObject("Wakaf Asset Online/Input Alamat Asset"), ""): Text '' is set on object 'Object Repository/Wakaf Asset Online/Input Alamat Asset'

2023-10-02 16:47:23 - [MESSAGE][PASSED] - Text '' is set on object 'Object Repository/Wakaf Asset Online/Input Alamat Asset'

2023-10-02 16:47:23 - [TEST_STEP][PASSED] - setText(findTestObject("Wakaf Asset Online/Keterangan Asset"), "Masjid"): Text 'Masjid' is set on object 'Object Repository/Wakaf Asset Online/Keterangan Asset'

2023-10-02 16:47:23 - [MESSAGE][PASSED] - Text 'Masjid' is set on object 'Object Repository/Wakaf Asset Online/Keterangan Asset'

2023-10-02 16:47:23 - [TEST_STEP][PASSED] - setText(findTestObject("Wakaf Asset Online/Input Nama Lengkap"), "joko susanto"): Text 'joko susanto' is set on object 'Object Repository/Wakaf Asset Online/Input Nama Lengkap'

2023-10-02 16:47:24 - [MESSAGE][PASSED] - Text 'joko susanto' is set on object 'Object Repository/Wakaf Asset Online/Input Nama Lengkap'

2023-10-02 16:47:24 - [TEST_STEP][PASSED] - setText(findTestObject("Wakaf Asset Online/Input No Handphone"), "085123456789"): Text '085123456789' is set on object 'Object Repository/Wakaf Asset Online/Input No Handphone'

2023-10-02 16:47:25 - [MESSAGE][PASSED] - Text '085123456789' is set on object 'Object Repository/Wakaf Asset Online/Input No Handphone'

2023-10-02 16:47:25 - [TEST_STEP][PASSED] - setText(findTestObject("Wakaf Asset Online/Input Email"), "joko@gmail.com"): Text 'joko@gmail.com' is set on object 'Object Repository/Wakaf Asset Online/Input Email'

2023-10-02 16:47:26 - [MESSAGE][PASSED] - Text 'joko@gmail.com' is set on object 'Object Repository/Wakaf Asset Online/Input Email'

2023-10-02 16:47:26 - [TEST_STEP][PASSED] - uploadFile(findTestObject("Wakaf Asset Online/Input File Upload"), "E:\minions.png"): File 'E:\minions.png' sent to object: 'Object Repository/Wakaf Asset Online/Input File Upload'

2023-10-02 16:47:26 - [MESSAGE][PASSED] - File 'E:\minions.png' sent to object: 'Object Repository/Wakaf Asset Online/Input File Upload'

2023-10-02 16:47:26 - [TEST_STEP][PASSED] - setText(findTestObject("Wakaf Asset Online/Input 2 Digit Terakhir"), "89"): Text '89' is set on object 'Object Repository/Wakaf Asset Online/Input 2 Digit Terakhir'

2023-10-02 16:47:27 - [MESSAGE][PASSED] - Text '89' is set on object 'Object Repository/Wakaf Asset Online/Input 2 Digit Terakhir'

2023-10-02 16:47:27 - [TEST_STEP][PASSED] - click(findTestObject("Wakaf Asset Online/button Wakaf Sekarang")): Object: 'Object Repository/Wakaf Asset Online/button Wakaf Sekarang' is clicked on

2023-10-02 16:47:27 - [MESSAGE][PASSED] - Object: 'Object Repository/Wakaf Asset Online/button Wakaf Sekarang' is clicked on

2023-10-02 16:47:27 - [TEST_STEP][PASSED] - driver = getWebDriver(): null

2023-10-02 16:47:27 - [TEST_STEP][PASSED] - field_username_element = driver.findElement(By.xpath("//input[@name="alamat"]")): null

2023-10-02 16:47:28 - [TEST_STEP][PASSED] - accept_button_message = driver.executeScript("return arguments[0].validationMessage", field_username_element): null

2023-10-02 16:47:28 - [TEST_STEP][PASSED] - println(accept_button_message): null

2023-10-02 16:47:28 - [TEST_STEP][PASSED] - assert accept_button_message == "Please fill out this field.": null]]></system-out>
         <system-err><![CDATA[]]></system-err>
      </testcase>
      <testcase name="Test Cases/Wakaf Asset Online/TC-WAO-004" time="16.578" classname="Test Cases/Wakaf Asset Online/TC-WAO-004" status="PASSED">
         <system-out><![CDATA[2023-10-02 16:47:28 - [TEST_CASE][PASSED] - Test Cases/Wakaf Asset Online/TC-WAO-004: Test Cases/Wakaf Asset Online/TC-WAO-004

2023-10-02 16:47:28 - [TEST_STEP][PASSED] - openBrowser("https://10.9.2.63/ecommerce/"): Browser is opened with url: 'https://10.9.2.63/ecommerce/'

2023-10-02 16:47:28 - [MESSAGE][WARNING] - A browser is already opened. Closing browser and opening a new one

2023-10-02 16:47:29 - [MESSAGE][INFO] - Starting 'Edge Chromium' driver

2023-10-02 16:47:29 - [MESSAGE][INFO] - User set preference: ['acceptInsecureCerts', 'true']

2023-10-02 16:47:31 - [MESSAGE][INFO] - Action delay is set to 0 milliseconds

2023-10-02 16:47:34 - [MESSAGE][PASSED] - Browser is opened with url: 'https://10.9.2.63/ecommerce/'

2023-10-02 16:47:34 - [TEST_STEP][PASSED] - maximizeWindow(): Current window maximized

2023-10-02 16:47:34 - [MESSAGE][PASSED] - Current window maximized

2023-10-02 16:47:34 - [TEST_STEP][PASSED] - verifyElementPresent(findTestObject("Search Product/Verify Page Tajalapak"), 0): Object 'Object Repository/Search Product/Verify Page Tajalapak' is present

2023-10-02 16:47:34 - [MESSAGE][WARNING] - Timeout '0' is invalid. Using default page load timeout: '30'

2023-10-02 16:47:35 - [MESSAGE][PASSED] - Object 'Object Repository/Search Product/Verify Page Tajalapak' is present

2023-10-02 16:47:35 - [TEST_STEP][PASSED] - click(findTestObject("Wakaf Asset Online/Donasi")): Object: 'Object Repository/Wakaf Asset Online/Donasi' is clicked on

2023-10-02 16:47:36 - [MESSAGE][PASSED] - Object: 'Object Repository/Wakaf Asset Online/Donasi' is clicked on

2023-10-02 16:47:36 - [TEST_STEP][PASSED] - click(findTestObject("Wakaf Asset Online/Wakaf Asset Donasi")): Object: 'Object Repository/Wakaf Asset Online/Wakaf Asset Donasi' is clicked on

2023-10-02 16:47:36 - [MESSAGE][PASSED] - Object: 'Object Repository/Wakaf Asset Online/Wakaf Asset Donasi' is clicked on

2023-10-02 16:47:36 - [TEST_STEP][PASSED] - verifyElementPresent(findTestObject("Wakaf Asset Online/verify Wakaf Asset Online"), 0): Object 'Object Repository/Wakaf Asset Online/verify Wakaf Asset Online' is present

2023-10-02 16:47:36 - [MESSAGE][WARNING] - Timeout '0' is invalid. Using default page load timeout: '30'

2023-10-02 16:47:37 - [MESSAGE][PASSED] - Object 'Object Repository/Wakaf Asset Online/verify Wakaf Asset Online' is present

2023-10-02 16:47:37 - [TEST_STEP][PASSED] - selectOptionByValue(findTestObject("Wakaf Asset Online/Pilih Type Wakaf"), "Bangunan", false): All options with value 'Bangunan' are selected in object 'Object Repository/Wakaf Asset Online/Pilih Type Wakaf' 

2023-10-02 16:47:37 - [MESSAGE][PASSED] - All options with value 'Bangunan' are selected in object 'Object Repository/Wakaf Asset Online/Pilih Type Wakaf' 

2023-10-02 16:47:37 - [TEST_STEP][PASSED] - setText(findTestObject("Wakaf Asset Online/Input Perkiraan Nilai Asset"), "100000000"): Text '100000000' is set on object 'Object Repository/Wakaf Asset Online/Input Perkiraan Nilai Asset'

2023-10-02 16:47:38 - [MESSAGE][PASSED] - Text '100000000' is set on object 'Object Repository/Wakaf Asset Online/Input Perkiraan Nilai Asset'

2023-10-02 16:47:38 - [TEST_STEP][PASSED] - setText(findTestObject("Wakaf Asset Online/Input Alamat Asset"), "jalan Taruma Jawa Timur"): Text 'jalan Taruma Jawa Timur' is set on object 'Object Repository/Wakaf Asset Online/Input Alamat Asset'

2023-10-02 16:47:39 - [MESSAGE][PASSED] - Text 'jalan Taruma Jawa Timur' is set on object 'Object Repository/Wakaf Asset Online/Input Alamat Asset'

2023-10-02 16:47:39 - [TEST_STEP][PASSED] - setText(findTestObject("Wakaf Asset Online/Keterangan Asset"), "Masjid"): Text 'Masjid' is set on object 'Object Repository/Wakaf Asset Online/Keterangan Asset'

2023-10-02 16:47:40 - [MESSAGE][PASSED] - Text 'Masjid' is set on object 'Object Repository/Wakaf Asset Online/Keterangan Asset'

2023-10-02 16:47:40 - [TEST_STEP][PASSED] - setText(findTestObject("Wakaf Asset Online/Input Nama Lengkap"), "joko susanto"): Text 'joko susanto' is set on object 'Object Repository/Wakaf Asset Online/Input Nama Lengkap'

2023-10-02 16:47:40 - [MESSAGE][PASSED] - Text 'joko susanto' is set on object 'Object Repository/Wakaf Asset Online/Input Nama Lengkap'

2023-10-02 16:47:40 - [TEST_STEP][PASSED] - setText(findTestObject("Wakaf Asset Online/Input No Handphone"), "085123456789"): Text '085123456789' is set on object 'Object Repository/Wakaf Asset Online/Input No Handphone'

2023-10-02 16:47:42 - [MESSAGE][PASSED] - Text '085123456789' is set on object 'Object Repository/Wakaf Asset Online/Input No Handphone'

2023-10-02 16:47:42 - [TEST_STEP][PASSED] - setText(findTestObject("Wakaf Asset Online/Input Email"), "jokogmail.com"): Text 'jokogmail.com' is set on object 'Object Repository/Wakaf Asset Online/Input Email'

2023-10-02 16:47:42 - [MESSAGE][PASSED] - Text 'jokogmail.com' is set on object 'Object Repository/Wakaf Asset Online/Input Email'

2023-10-02 16:47:42 - [TEST_STEP][PASSED] - uploadFile(findTestObject("Wakaf Asset Online/Input File Upload"), "E:\minions.png"): File 'E:\minions.png' sent to object: 'Object Repository/Wakaf Asset Online/Input File Upload'

2023-10-02 16:47:43 - [MESSAGE][PASSED] - File 'E:\minions.png' sent to object: 'Object Repository/Wakaf Asset Online/Input File Upload'

2023-10-02 16:47:43 - [TEST_STEP][PASSED] - setText(findTestObject("Wakaf Asset Online/Input 2 Digit Terakhir"), "89"): Text '89' is set on object 'Object Repository/Wakaf Asset Online/Input 2 Digit Terakhir'

2023-10-02 16:47:43 - [MESSAGE][PASSED] - Text '89' is set on object 'Object Repository/Wakaf Asset Online/Input 2 Digit Terakhir'

2023-10-02 16:47:43 - [TEST_STEP][PASSED] - click(findTestObject("Wakaf Asset Online/button Wakaf Sekarang")): Object: 'Object Repository/Wakaf Asset Online/button Wakaf Sekarang' is clicked on

2023-10-02 16:47:44 - [MESSAGE][PASSED] - Object: 'Object Repository/Wakaf Asset Online/button Wakaf Sekarang' is clicked on

2023-10-02 16:47:44 - [TEST_STEP][PASSED] - driver = getWebDriver(): null

2023-10-02 16:47:44 - [TEST_STEP][PASSED] - field_username_element = driver.findElement(By.xpath("//input[@name="alamat_email"]")): null

2023-10-02 16:47:44 - [TEST_STEP][PASSED] - accept_button_message = driver.executeScript("return arguments[0].validationMessage", field_username_element): null

2023-10-02 16:47:44 - [TEST_STEP][PASSED] - println(accept_button_message): null

2023-10-02 16:47:44 - [TEST_STEP][PASSED] - assert accept_button_message == "Please include an '@' in the email address. 'jokogmail.com' is missing an '@'.": null]]></system-out>
         <system-err><![CDATA[]]></system-err>
      </testcase>
      <testcase name="Test Cases/Wakaf Asset Online/TC-WAO-005" time="17.279" classname="Test Cases/Wakaf Asset Online/TC-WAO-005" status="FAILED">
         <failure type="FAILED" message="Test Cases/Wakaf Asset Online/TC-WAO-005 FAILED.
Reason:
com.kms.katalon.core.exception.StepFailedException: Verify element text of test object 'Object Repository/Wakaf Asset Online/Verify Wakaf Asset Diproses' FAILED.
	at com.kms.katalon.core.webui.keyword.internal.WebUIKeywordMain.stepFailed(WebUIKeywordMain.groovy:64)
	at com.kms.katalon.core.webui.keyword.internal.WebUIKeywordMain.runKeyword(WebUIKeywordMain.groovy:26)
	at com.kms.katalon.core.webui.keyword.builtin.VerifyElementTextKeyword.verifyElementText(VerifyElementTextKeyword.groovy:72)
	at com.kms.katalon.core.webui.keyword.builtin.VerifyElementTextKeyword.execute(VerifyElementTextKeyword.groovy:40)
	at com.kms.katalon.core.keyword.internal.KeywordExecutor.executeKeywordForPlatform(KeywordExecutor.groovy:74)
	at com.kms.katalon.core.webui.keyword.WebUiBuiltInKeywords.verifyElementText(WebUiBuiltInKeywords.groovy:4749)
	at com.kms.katalon.core.webui.keyword.WebUiBuiltInKeywords$verifyElementText$6.call(Unknown Source)
	at TC-WAO-005.run(TC-WAO-005:52)
	at com.kms.katalon.core.main.ScriptEngine.run(ScriptEngine.java:194)
	at com.kms.katalon.core.main.ScriptEngine.runScriptAsRawText(ScriptEngine.java:119)
	at com.kms.katalon.core.main.TestCaseExecutor.runScript(TestCaseExecutor.java:448)
	at com.kms.katalon.core.main.TestCaseExecutor.doExecute(TestCaseExecutor.java:439)
	at com.kms.katalon.core.main.TestCaseExecutor.processExecutionPhase(TestCaseExecutor.java:418)
	at com.kms.katalon.core.main.TestCaseExecutor.accessMainPhase(TestCaseExecutor.java:410)
	at com.kms.katalon.core.main.TestCaseExecutor.execute(TestCaseExecutor.java:285)
	at com.kms.katalon.core.common.CommonExecutor.accessTestCaseMainPhase(CommonExecutor.java:65)
	at com.kms.katalon.core.main.TestSuiteExecutor.accessTestSuiteMainPhase(TestSuiteExecutor.java:148)
	at com.kms.katalon.core.main.TestSuiteExecutor.execute(TestSuiteExecutor.java:106)
	at com.kms.katalon.core.main.TestCaseMain.startTestSuite(TestCaseMain.java:187)
	at com.kms.katalon.core.main.TestCaseMain$startTestSuite$0.call(Unknown Source)
	at TempTestSuite1696239986367.run(TempTestSuite1696239986367.groovy:36)
Caused by: com.kms.katalon.core.exception.StepFailedException: Actual text 'Sukses Proses Wakaf Asset, kami akan segera menghubungi anda! Terima kasih' and expected text 'Error kurang dari 11 angka' of test object 'Object Repository/Wakaf Asset Online/Verify Wakaf Asset Diproses' are NOT matched.
	at com.kms.katalon.core.webui.keyword.internal.WebUIKeywordMain.stepFailed(WebUIKeywordMain.groovy:64)
	at com.kms.katalon.core.webui.keyword.builtin.VerifyElementTextKeyword$_verifyElementText_closure1.doCall(VerifyElementTextKeyword.groovy:57)
	at com.kms.katalon.core.webui.keyword.builtin.VerifyElementTextKeyword$_verifyElementText_closure1.call(VerifyElementTextKeyword.groovy)
	at com.kms.katalon.core.webui.keyword.internal.WebUIKeywordMain.runKeyword(WebUIKeywordMain.groovy:20)
	... 19 more
"/>
         <system-out><![CDATA[2023-10-02 16:47:44 - [TEST_CASE][FAILED] - Test Cases/Wakaf Asset Online/TC-WAO-005: Test Cases/Wakaf Asset Online/TC-WAO-005 FAILED.
Reason:
com.kms.katalon.core.exception.StepFailedException: Verify element text of test object 'Object Repository/Wakaf Asset Online/Verify Wakaf Asset Diproses' FAILED.
	at com.kms.katalon.core.webui.keyword.internal.WebUIKeywordMain.stepFailed(WebUIKeywordMain.groovy:64)
	at com.kms.katalon.core.webui.keyword.internal.WebUIKeywordMain.runKeyword(WebUIKeywordMain.groovy:26)
	at com.kms.katalon.core.webui.keyword.builtin.VerifyElementTextKeyword.verifyElementText(VerifyElementTextKeyword.groovy:72)
	at com.kms.katalon.core.webui.keyword.builtin.VerifyElementTextKeyword.execute(VerifyElementTextKeyword.groovy:40)
	at com.kms.katalon.core.keyword.internal.KeywordExecutor.executeKeywordForPlatform(KeywordExecutor.groovy:74)
	at com.kms.katalon.core.webui.keyword.WebUiBuiltInKeywords.verifyElementText(WebUiBuiltInKeywords.groovy:4749)
	at com.kms.katalon.core.webui.keyword.WebUiBuiltInKeywords$verifyElementText$6.call(Unknown Source)
	at TC-WAO-005.run(TC-WAO-005:52)
	at com.kms.katalon.core.main.ScriptEngine.run(ScriptEngine.java:194)
	at com.kms.katalon.core.main.ScriptEngine.runScriptAsRawText(ScriptEngine.java:119)
	at com.kms.katalon.core.main.TestCaseExecutor.runScript(TestCaseExecutor.java:448)
	at com.kms.katalon.core.main.TestCaseExecutor.doExecute(TestCaseExecutor.java:439)
	at com.kms.katalon.core.main.TestCaseExecutor.processExecutionPhase(TestCaseExecutor.java:418)
	at com.kms.katalon.core.main.TestCaseExecutor.accessMainPhase(TestCaseExecutor.java:410)
	at com.kms.katalon.core.main.TestCaseExecutor.execute(TestCaseExecutor.java:285)
	at com.kms.katalon.core.common.CommonExecutor.accessTestCaseMainPhase(CommonExecutor.java:65)
	at com.kms.katalon.core.main.TestSuiteExecutor.accessTestSuiteMainPhase(TestSuiteExecutor.java:148)
	at com.kms.katalon.core.main.TestSuiteExecutor.execute(TestSuiteExecutor.java:106)
	at com.kms.katalon.core.main.TestCaseMain.startTestSuite(TestCaseMain.java:187)
	at com.kms.katalon.core.main.TestCaseMain$startTestSuite$0.call(Unknown Source)
	at TempTestSuite1696239986367.run(TempTestSuite1696239986367.groovy:36)
Caused by: com.kms.katalon.core.exception.StepFailedException: Actual text 'Sukses Proses Wakaf Asset, kami akan segera menghubungi anda! Terima kasih' and expected text 'Error kurang dari 11 angka' of test object 'Object Repository/Wakaf Asset Online/Verify Wakaf Asset Diproses' are NOT matched.
	at com.kms.katalon.core.webui.keyword.internal.WebUIKeywordMain.stepFailed(WebUIKeywordMain.groovy:64)
	at com.kms.katalon.core.webui.keyword.builtin.VerifyElementTextKeyword$_verifyElementText_closure1.doCall(VerifyElementTextKeyword.groovy:57)
	at com.kms.katalon.core.webui.keyword.builtin.VerifyElementTextKeyword$_verifyElementText_closure1.call(VerifyElementTextKeyword.groovy)
	at com.kms.katalon.core.webui.keyword.internal.WebUIKeywordMain.runKeyword(WebUIKeywordMain.groovy:20)
	... 19 more


2023-10-02 16:47:44 - [TEST_STEP][PASSED] - openBrowser("https://10.9.2.63/ecommerce/"): Browser is opened with url: 'https://10.9.2.63/ecommerce/'

2023-10-02 16:47:44 - [MESSAGE][WARNING] - A browser is already opened. Closing browser and opening a new one

2023-10-02 16:47:45 - [MESSAGE][INFO] - Starting 'Edge Chromium' driver

2023-10-02 16:47:45 - [MESSAGE][INFO] - User set preference: ['acceptInsecureCerts', 'true']

2023-10-02 16:47:47 - [MESSAGE][INFO] - Action delay is set to 0 milliseconds

2023-10-02 16:47:50 - [MESSAGE][PASSED] - Browser is opened with url: 'https://10.9.2.63/ecommerce/'

2023-10-02 16:47:50 - [TEST_STEP][PASSED] - maximizeWindow(): Current window maximized

2023-10-02 16:47:51 - [MESSAGE][PASSED] - Current window maximized

2023-10-02 16:47:51 - [TEST_STEP][PASSED] - verifyElementPresent(findTestObject("Search Product/Verify Page Tajalapak"), 0): Object 'Object Repository/Search Product/Verify Page Tajalapak' is present

2023-10-02 16:47:51 - [MESSAGE][WARNING] - Timeout '0' is invalid. Using default page load timeout: '30'

2023-10-02 16:47:51 - [MESSAGE][PASSED] - Object 'Object Repository/Search Product/Verify Page Tajalapak' is present

2023-10-02 16:47:51 - [TEST_STEP][PASSED] - click(findTestObject("Wakaf Asset Online/Donasi")): Object: 'Object Repository/Wakaf Asset Online/Donasi' is clicked on

2023-10-02 16:47:52 - [MESSAGE][PASSED] - Object: 'Object Repository/Wakaf Asset Online/Donasi' is clicked on

2023-10-02 16:47:52 - [TEST_STEP][PASSED] - click(findTestObject("Wakaf Asset Online/Wakaf Asset Donasi")): Object: 'Object Repository/Wakaf Asset Online/Wakaf Asset Donasi' is clicked on

2023-10-02 16:47:52 - [MESSAGE][PASSED] - Object: 'Object Repository/Wakaf Asset Online/Wakaf Asset Donasi' is clicked on

2023-10-02 16:47:52 - [TEST_STEP][PASSED] - verifyElementPresent(findTestObject("Wakaf Asset Online/verify Wakaf Asset Online"), 0): Object 'Object Repository/Wakaf Asset Online/verify Wakaf Asset Online' is present

2023-10-02 16:47:52 - [MESSAGE][WARNING] - Timeout '0' is invalid. Using default page load timeout: '30'

2023-10-02 16:47:53 - [MESSAGE][PASSED] - Object 'Object Repository/Wakaf Asset Online/verify Wakaf Asset Online' is present

2023-10-02 16:47:53 - [TEST_STEP][PASSED] - selectOptionByValue(findTestObject("Wakaf Asset Online/Pilih Type Wakaf"), "Bangunan", false): All options with value 'Bangunan' are selected in object 'Object Repository/Wakaf Asset Online/Pilih Type Wakaf' 

2023-10-02 16:47:54 - [MESSAGE][PASSED] - All options with value 'Bangunan' are selected in object 'Object Repository/Wakaf Asset Online/Pilih Type Wakaf' 

2023-10-02 16:47:54 - [TEST_STEP][PASSED] - setText(findTestObject("Wakaf Asset Online/Input Perkiraan Nilai Asset"), "100000000"): Text '100000000' is set on object 'Object Repository/Wakaf Asset Online/Input Perkiraan Nilai Asset'

2023-10-02 16:47:55 - [MESSAGE][PASSED] - Text '100000000' is set on object 'Object Repository/Wakaf Asset Online/Input Perkiraan Nilai Asset'

2023-10-02 16:47:55 - [TEST_STEP][PASSED] - setText(findTestObject("Wakaf Asset Online/Input Alamat Asset"), "Jalan taruma Jawa Timur"): Text 'Jalan taruma Jawa Timur' is set on object 'Object Repository/Wakaf Asset Online/Input Alamat Asset'

2023-10-02 16:47:55 - [MESSAGE][PASSED] - Text 'Jalan taruma Jawa Timur' is set on object 'Object Repository/Wakaf Asset Online/Input Alamat Asset'

2023-10-02 16:47:55 - [TEST_STEP][PASSED] - setText(findTestObject("Wakaf Asset Online/Keterangan Asset"), "Masjid"): Text 'Masjid' is set on object 'Object Repository/Wakaf Asset Online/Keterangan Asset'

2023-10-02 16:47:56 - [MESSAGE][PASSED] - Text 'Masjid' is set on object 'Object Repository/Wakaf Asset Online/Keterangan Asset'

2023-10-02 16:47:56 - [TEST_STEP][PASSED] - setText(findTestObject("Wakaf Asset Online/Input Nama Lengkap"), "joko susanto"): Text 'joko susanto' is set on object 'Object Repository/Wakaf Asset Online/Input Nama Lengkap'

2023-10-02 16:47:57 - [MESSAGE][PASSED] - Text 'joko susanto' is set on object 'Object Repository/Wakaf Asset Online/Input Nama Lengkap'

2023-10-02 16:47:57 - [TEST_STEP][PASSED] - setText(findTestObject("Wakaf Asset Online/Input No Handphone"), "085123456"): Text '085123456' is set on object 'Object Repository/Wakaf Asset Online/Input No Handphone'

2023-10-02 16:47:58 - [MESSAGE][PASSED] - Text '085123456' is set on object 'Object Repository/Wakaf Asset Online/Input No Handphone'

2023-10-02 16:47:58 - [TEST_STEP][PASSED] - setText(findTestObject("Wakaf Asset Online/Input Email"), "joko@gmail.com"): Text 'joko@gmail.com' is set on object 'Object Repository/Wakaf Asset Online/Input Email'

2023-10-02 16:47:59 - [MESSAGE][PASSED] - Text 'joko@gmail.com' is set on object 'Object Repository/Wakaf Asset Online/Input Email'

2023-10-02 16:47:59 - [TEST_STEP][PASSED] - uploadFile(findTestObject("Wakaf Asset Online/Input File Upload"), "E:\minions.png"): File 'E:\minions.png' sent to object: 'Object Repository/Wakaf Asset Online/Input File Upload'

2023-10-02 16:47:59 - [MESSAGE][PASSED] - File 'E:\minions.png' sent to object: 'Object Repository/Wakaf Asset Online/Input File Upload'

2023-10-02 16:47:59 - [TEST_STEP][PASSED] - setText(findTestObject("Wakaf Asset Online/Input 2 Digit Terakhir"), "56"): Text '56' is set on object 'Object Repository/Wakaf Asset Online/Input 2 Digit Terakhir'

2023-10-02 16:48:00 - [MESSAGE][PASSED] - Text '56' is set on object 'Object Repository/Wakaf Asset Online/Input 2 Digit Terakhir'

2023-10-02 16:48:00 - [TEST_STEP][PASSED] - click(findTestObject("Wakaf Asset Online/button Wakaf Sekarang")): Object: 'Object Repository/Wakaf Asset Online/button Wakaf Sekarang' is clicked on

2023-10-02 16:48:01 - [MESSAGE][PASSED] - Object: 'Object Repository/Wakaf Asset Online/button Wakaf Sekarang' is clicked on

2023-10-02 16:48:01 - [TEST_STEP][FAILED] - verifyElementText(findTestObject("Wakaf Asset Online/Verify Wakaf Asset Diproses"), "Error kurang dari 11 angka"): Verify element text of test object 'Object Repository/Wakaf Asset Online/Verify Wakaf Asset Diproses' FAILED. (Root cause: com.kms.katalon.core.exception.StepFailedException: Verify element text of test object 'Object Repository/Wakaf Asset Online/Verify Wakaf Asset Diproses' FAILED.
	at com.kms.katalon.core.webui.keyword.internal.WebUIKeywordMain.stepFailed(WebUIKeywordMain.groovy:64)
	at com.kms.katalon.core.webui.keyword.internal.WebUIKeywordMain.runKeyword(WebUIKeywordMain.groovy:26)
	at com.kms.katalon.core.webui.keyword.builtin.VerifyElementTextKeyword.verifyElementText(VerifyElementTextKeyword.groovy:72)
	at com.kms.katalon.core.webui.keyword.builtin.VerifyElementTextKeyword.execute(VerifyElementTextKeyword.groovy:40)
	at com.kms.katalon.core.keyword.internal.KeywordExecutor.executeKeywordForPlatform(KeywordExecutor.groovy:74)
	at com.kms.katalon.core.webui.keyword.WebUiBuiltInKeywords.verifyElementText(WebUiBuiltInKeywords.groovy:4749)
	at com.kms.katalon.core.webui.keyword.WebUiBuiltInKeywords$verifyElementText$6.call(Unknown Source)
	at TC-WAO-005.run(TC-WAO-005:52)
	at com.kms.katalon.core.main.ScriptEngine.run(ScriptEngine.java:194)
	at com.kms.katalon.core.main.ScriptEngine.runScriptAsRawText(ScriptEngine.java:119)
	at com.kms.katalon.core.main.TestCaseExecutor.runScript(TestCaseExecutor.java:448)
	at com.kms.katalon.core.main.TestCaseExecutor.doExecute(TestCaseExecutor.java:439)
	at com.kms.katalon.core.main.TestCaseExecutor.processExecutionPhase(TestCaseExecutor.java:418)
	at com.kms.katalon.core.main.TestCaseExecutor.accessMainPhase(TestCaseExecutor.java:410)
	at com.kms.katalon.core.main.TestCaseExecutor.execute(TestCaseExecutor.java:285)
	at com.kms.katalon.core.common.CommonExecutor.accessTestCaseMainPhase(CommonExecutor.java:65)
	at com.kms.katalon.core.main.TestSuiteExecutor.accessTestSuiteMainPhase(TestSuiteExecutor.java:148)
	at com.kms.katalon.core.main.TestSuiteExecutor.execute(TestSuiteExecutor.java:106)
	at com.kms.katalon.core.main.TestCaseMain.startTestSuite(TestCaseMain.java:187)
	at com.kms.katalon.core.main.TestCaseMain$startTestSuite$0.call(Unknown Source)
	at TempTestSuite1696239986367.run(TempTestSuite1696239986367.groovy:36)
Caused by: com.kms.katalon.core.exception.StepFailedException: Actual text 'Sukses Proses Wakaf Asset, kami akan segera menghubungi anda! Terima kasih' and expected text 'Error kurang dari 11 angka' of test object 'Object Repository/Wakaf Asset Online/Verify Wakaf Asset Diproses' are NOT matched.
	at com.kms.katalon.core.webui.keyword.internal.WebUIKeywordMain.stepFailed(WebUIKeywordMain.groovy:64)
	at com.kms.katalon.core.webui.keyword.builtin.VerifyElementTextKeyword$_verifyElementText_closure1.doCall(VerifyElementTextKeyword.groovy:57)
	at com.kms.katalon.core.webui.keyword.builtin.VerifyElementTextKeyword$_verifyElementText_closure1.call(VerifyElementTextKeyword.groovy)
	at com.kms.katalon.core.webui.keyword.internal.WebUIKeywordMain.runKeyword(WebUIKeywordMain.groovy:20)
	... 19 more
)

2023-10-02 16:48:01 - [MESSAGE][FAILED] - Actual text 'Sukses Proses Wakaf Asset, kami akan segera menghubungi anda! Terima kasih' and expected text 'Error kurang dari 11 angka' of test object 'Object Repository/Wakaf Asset Online/Verify Wakaf Asset Diproses' are NOT matched. (Root cause: com.kms.katalon.core.exception.StepFailedException: Actual text 'Sukses Proses Wakaf Asset, kami akan segera menghubungi anda! Terima kasih' and expected text 'Error kurang dari 11 angka' of test object 'Object Repository/Wakaf Asset Online/Verify Wakaf Asset Diproses' are NOT matched.
	at com.kms.katalon.core.webui.keyword.internal.WebUIKeywordMain.stepFailed(WebUIKeywordMain.groovy:64)
	at com.kms.katalon.core.webui.keyword.builtin.VerifyElementTextKeyword$_verifyElementText_closure1.doCall(VerifyElementTextKeyword.groovy:57)
	at com.kms.katalon.core.webui.keyword.builtin.VerifyElementTextKeyword$_verifyElementText_closure1.call(VerifyElementTextKeyword.groovy)
	at com.kms.katalon.core.webui.keyword.internal.WebUIKeywordMain.runKeyword(WebUIKeywordMain.groovy:20)
	at com.kms.katalon.core.webui.keyword.builtin.VerifyElementTextKeyword.verifyElementText(VerifyElementTextKeyword.groovy:72)
	at com.kms.katalon.core.webui.keyword.builtin.VerifyElementTextKeyword.execute(VerifyElementTextKeyword.groovy:40)
	at com.kms.katalon.core.keyword.internal.KeywordExecutor.executeKeywordForPlatform(KeywordExecutor.groovy:74)
	at com.kms.katalon.core.webui.keyword.WebUiBuiltInKeywords.verifyElementText(WebUiBuiltInKeywords.groovy:4749)
	at com.kms.katalon.core.webui.keyword.WebUiBuiltInKeywords$verifyElementText$6.call(Unknown Source)
	at TC-WAO-005.run(TC-WAO-005:52)
	at com.kms.katalon.core.main.ScriptEngine.run(ScriptEngine.java:194)
	at com.kms.katalon.core.main.ScriptEngine.runScriptAsRawText(ScriptEngine.java:119)
	at com.kms.katalon.core.main.TestCaseExecutor.runScript(TestCaseExecutor.java:448)
	at com.kms.katalon.core.main.TestCaseExecutor.doExecute(TestCaseExecutor.java:439)
	at com.kms.katalon.core.main.TestCaseExecutor.processExecutionPhase(TestCaseExecutor.java:418)
	at com.kms.katalon.core.main.TestCaseExecutor.accessMainPhase(TestCaseExecutor.java:410)
	at com.kms.katalon.core.main.TestCaseExecutor.execute(TestCaseExecutor.java:285)
	at com.kms.katalon.core.common.CommonExecutor.accessTestCaseMainPhase(CommonExecutor.java:65)
	at com.kms.katalon.core.main.TestSuiteExecutor.accessTestSuiteMainPhase(TestSuiteExecutor.java:148)
	at com.kms.katalon.core.main.TestSuiteExecutor.execute(TestSuiteExecutor.java:106)
	at com.kms.katalon.core.main.TestCaseMain.startTestSuite(TestCaseMain.java:187)
	at com.kms.katalon.core.main.TestCaseMain$startTestSuite$0.call(Unknown Source)
	at TempTestSuite1696239986367.run(TempTestSuite1696239986367.groovy:36)
)
[[ATTACHMENT|G:\\Project Xsis\\batch-324-qa\\Riswan\\Tajalapak_com\\Reports\\20231002_164626\\TS-Wakaf Asset Online\\20231002_164626\\1696240081659.png]]

2023-10-02 16:48:01 - [MESSAGE][FAILED] - Verify element text of test object 'Object Repository/Wakaf Asset Online/Verify Wakaf Asset Diproses' FAILED. (Root cause: com.kms.katalon.core.exception.StepFailedException: Verify element text of test object 'Object Repository/Wakaf Asset Online/Verify Wakaf Asset Diproses' FAILED.
	at com.kms.katalon.core.webui.keyword.internal.WebUIKeywordMain.stepFailed(WebUIKeywordMain.groovy:64)
	at com.kms.katalon.core.webui.keyword.internal.WebUIKeywordMain.runKeyword(WebUIKeywordMain.groovy:26)
	at com.kms.katalon.core.webui.keyword.builtin.VerifyElementTextKeyword.verifyElementText(VerifyElementTextKeyword.groovy:72)
	at com.kms.katalon.core.webui.keyword.builtin.VerifyElementTextKeyword.execute(VerifyElementTextKeyword.groovy:40)
	at com.kms.katalon.core.keyword.internal.KeywordExecutor.executeKeywordForPlatform(KeywordExecutor.groovy:74)
	at com.kms.katalon.core.webui.keyword.WebUiBuiltInKeywords.verifyElementText(WebUiBuiltInKeywords.groovy:4749)
	at com.kms.katalon.core.webui.keyword.WebUiBuiltInKeywords$verifyElementText$6.call(Unknown Source)
	at TC-WAO-005.run(TC-WAO-005:52)
	at com.kms.katalon.core.main.ScriptEngine.run(ScriptEngine.java:194)
	at com.kms.katalon.core.main.ScriptEngine.runScriptAsRawText(ScriptEngine.java:119)
	at com.kms.katalon.core.main.TestCaseExecutor.runScript(TestCaseExecutor.java:448)
	at com.kms.katalon.core.main.TestCaseExecutor.doExecute(TestCaseExecutor.java:439)
	at com.kms.katalon.core.main.TestCaseExecutor.processExecutionPhase(TestCaseExecutor.java:418)
	at com.kms.katalon.core.main.TestCaseExecutor.accessMainPhase(TestCaseExecutor.java:410)
	at com.kms.katalon.core.main.TestCaseExecutor.execute(TestCaseExecutor.java:285)
	at com.kms.katalon.core.common.CommonExecutor.accessTestCaseMainPhase(CommonExecutor.java:65)
	at com.kms.katalon.core.main.TestSuiteExecutor.accessTestSuiteMainPhase(TestSuiteExecutor.java:148)
	at com.kms.katalon.core.main.TestSuiteExecutor.execute(TestSuiteExecutor.java:106)
	at com.kms.katalon.core.main.TestCaseMain.startTestSuite(TestCaseMain.java:187)
	at com.kms.katalon.core.main.TestCaseMain$startTestSuite$0.call(Unknown Source)
	at TempTestSuite1696239986367.run(TempTestSuite1696239986367.groovy:36)
Caused by: com.kms.katalon.core.exception.StepFailedException: Actual text 'Sukses Proses Wakaf Asset, kami akan segera menghubungi anda! Terima kasih' and expected text 'Error kurang dari 11 angka' of test object 'Object Repository/Wakaf Asset Online/Verify Wakaf Asset Diproses' are NOT matched.
	at com.kms.katalon.core.webui.keyword.internal.WebUIKeywordMain.stepFailed(WebUIKeywordMain.groovy:64)
	at com.kms.katalon.core.webui.keyword.builtin.VerifyElementTextKeyword$_verifyElementText_closure1.doCall(VerifyElementTextKeyword.groovy:57)
	at com.kms.katalon.core.webui.keyword.builtin.VerifyElementTextKeyword$_verifyElementText_closure1.call(VerifyElementTextKeyword.groovy)
	at com.kms.katalon.core.webui.keyword.internal.WebUIKeywordMain.runKeyword(WebUIKeywordMain.groovy:20)
	... 19 more
)
[[ATTACHMENT|G:\\Project Xsis\\batch-324-qa\\Riswan\\Tajalapak_com\\Reports\\20231002_164626\\TS-Wakaf Asset Online\\20231002_164626\\1696240081791.png]]]]></system-out>
         <system-err><![CDATA[2023-10-02 16:47:44 - [TEST_CASE][FAILED] - Test Cases/Wakaf Asset Online/TC-WAO-005: Test Cases/Wakaf Asset Online/TC-WAO-005 FAILED.
Reason:
com.kms.katalon.core.exception.StepFailedException: Verify element text of test object 'Object Repository/Wakaf Asset Online/Verify Wakaf Asset Diproses' FAILED.
	at com.kms.katalon.core.webui.keyword.internal.WebUIKeywordMain.stepFailed(WebUIKeywordMain.groovy:64)
	at com.kms.katalon.core.webui.keyword.internal.WebUIKeywordMain.runKeyword(WebUIKeywordMain.groovy:26)
	at com.kms.katalon.core.webui.keyword.builtin.VerifyElementTextKeyword.verifyElementText(VerifyElementTextKeyword.groovy:72)
	at com.kms.katalon.core.webui.keyword.builtin.VerifyElementTextKeyword.execute(VerifyElementTextKeyword.groovy:40)
	at com.kms.katalon.core.keyword.internal.KeywordExecutor.executeKeywordForPlatform(KeywordExecutor.groovy:74)
	at com.kms.katalon.core.webui.keyword.WebUiBuiltInKeywords.verifyElementText(WebUiBuiltInKeywords.groovy:4749)
	at com.kms.katalon.core.webui.keyword.WebUiBuiltInKeywords$verifyElementText$6.call(Unknown Source)
	at TC-WAO-005.run(TC-WAO-005:52)
	at com.kms.katalon.core.main.ScriptEngine.run(ScriptEngine.java:194)
	at com.kms.katalon.core.main.ScriptEngine.runScriptAsRawText(ScriptEngine.java:119)
	at com.kms.katalon.core.main.TestCaseExecutor.runScript(TestCaseExecutor.java:448)
	at com.kms.katalon.core.main.TestCaseExecutor.doExecute(TestCaseExecutor.java:439)
	at com.kms.katalon.core.main.TestCaseExecutor.processExecutionPhase(TestCaseExecutor.java:418)
	at com.kms.katalon.core.main.TestCaseExecutor.accessMainPhase(TestCaseExecutor.java:410)
	at com.kms.katalon.core.main.TestCaseExecutor.execute(TestCaseExecutor.java:285)
	at com.kms.katalon.core.common.CommonExecutor.accessTestCaseMainPhase(CommonExecutor.java:65)
	at com.kms.katalon.core.main.TestSuiteExecutor.accessTestSuiteMainPhase(TestSuiteExecutor.java:148)
	at com.kms.katalon.core.main.TestSuiteExecutor.execute(TestSuiteExecutor.java:106)
	at com.kms.katalon.core.main.TestCaseMain.startTestSuite(TestCaseMain.java:187)
	at com.kms.katalon.core.main.TestCaseMain$startTestSuite$0.call(Unknown Source)
	at TempTestSuite1696239986367.run(TempTestSuite1696239986367.groovy:36)
Caused by: com.kms.katalon.core.exception.StepFailedException: Actual text 'Sukses Proses Wakaf Asset, kami akan segera menghubungi anda! Terima kasih' and expected text 'Error kurang dari 11 angka' of test object 'Object Repository/Wakaf Asset Online/Verify Wakaf Asset Diproses' are NOT matched.
	at com.kms.katalon.core.webui.keyword.internal.WebUIKeywordMain.stepFailed(WebUIKeywordMain.groovy:64)
	at com.kms.katalon.core.webui.keyword.builtin.VerifyElementTextKeyword$_verifyElementText_closure1.doCall(VerifyElementTextKeyword.groovy:57)
	at com.kms.katalon.core.webui.keyword.builtin.VerifyElementTextKeyword$_verifyElementText_closure1.call(VerifyElementTextKeyword.groovy)
	at com.kms.katalon.core.webui.keyword.internal.WebUIKeywordMain.runKeyword(WebUIKeywordMain.groovy:20)
	... 19 more]]></system-err>
      </testcase>
      <testcase name="Test Cases/Wakaf Asset Online/TC-WAO-006" time="16.403" classname="Test Cases/Wakaf Asset Online/TC-WAO-006" status="FAILED">
         <failure type="FAILED" message="Test Cases/Wakaf Asset Online/TC-WAO-006 FAILED.
Reason:
com.kms.katalon.core.exception.StepFailedException: Verify element text of test object 'Object Repository/Wakaf Asset Online/Verify Wakaf Asset Diproses' FAILED.
	at com.kms.katalon.core.webui.keyword.internal.WebUIKeywordMain.stepFailed(WebUIKeywordMain.groovy:64)
	at com.kms.katalon.core.webui.keyword.internal.WebUIKeywordMain.runKeyword(WebUIKeywordMain.groovy:26)
	at com.kms.katalon.core.webui.keyword.builtin.VerifyElementTextKeyword.verifyElementText(VerifyElementTextKeyword.groovy:72)
	at com.kms.katalon.core.webui.keyword.builtin.VerifyElementTextKeyword.execute(VerifyElementTextKeyword.groovy:40)
	at com.kms.katalon.core.keyword.internal.KeywordExecutor.executeKeywordForPlatform(KeywordExecutor.groovy:74)
	at com.kms.katalon.core.webui.keyword.WebUiBuiltInKeywords.verifyElementText(WebUiBuiltInKeywords.groovy:4749)
	at com.kms.katalon.core.webui.keyword.WebUiBuiltInKeywords$verifyElementText$6.call(Unknown Source)
	at TC-WAO-006.run(TC-WAO-006:52)
	at com.kms.katalon.core.main.ScriptEngine.run(ScriptEngine.java:194)
	at com.kms.katalon.core.main.ScriptEngine.runScriptAsRawText(ScriptEngine.java:119)
	at com.kms.katalon.core.main.TestCaseExecutor.runScript(TestCaseExecutor.java:448)
	at com.kms.katalon.core.main.TestCaseExecutor.doExecute(TestCaseExecutor.java:439)
	at com.kms.katalon.core.main.TestCaseExecutor.processExecutionPhase(TestCaseExecutor.java:418)
	at com.kms.katalon.core.main.TestCaseExecutor.accessMainPhase(TestCaseExecutor.java:410)
	at com.kms.katalon.core.main.TestCaseExecutor.execute(TestCaseExecutor.java:285)
	at com.kms.katalon.core.common.CommonExecutor.accessTestCaseMainPhase(CommonExecutor.java:65)
	at com.kms.katalon.core.main.TestSuiteExecutor.accessTestSuiteMainPhase(TestSuiteExecutor.java:148)
	at com.kms.katalon.core.main.TestSuiteExecutor.execute(TestSuiteExecutor.java:106)
	at com.kms.katalon.core.main.TestCaseMain.startTestSuite(TestCaseMain.java:187)
	at com.kms.katalon.core.main.TestCaseMain$startTestSuite$0.call(Unknown Source)
	at TempTestSuite1696239986367.run(TempTestSuite1696239986367.groovy:36)
Caused by: com.kms.katalon.core.exception.StepFailedException: Actual text 'Sukses Proses Wakaf Asset, kami akan segera menghubungi anda! Terima kasih' and expected text 'Nomor Telepon lebih dari 13 angka' of test object 'Object Repository/Wakaf Asset Online/Verify Wakaf Asset Diproses' are NOT matched.
	at com.kms.katalon.core.webui.keyword.internal.WebUIKeywordMain.stepFailed(WebUIKeywordMain.groovy:64)
	at com.kms.katalon.core.webui.keyword.builtin.VerifyElementTextKeyword$_verifyElementText_closure1.doCall(VerifyElementTextKeyword.groovy:57)
	at com.kms.katalon.core.webui.keyword.builtin.VerifyElementTextKeyword$_verifyElementText_closure1.call(VerifyElementTextKeyword.groovy)
	at com.kms.katalon.core.webui.keyword.internal.WebUIKeywordMain.runKeyword(WebUIKeywordMain.groovy:20)
	... 19 more
"/>
         <system-out><![CDATA[2023-10-02 16:48:01 - [TEST_CASE][FAILED] - Test Cases/Wakaf Asset Online/TC-WAO-006: Test Cases/Wakaf Asset Online/TC-WAO-006 FAILED.
Reason:
com.kms.katalon.core.exception.StepFailedException: Verify element text of test object 'Object Repository/Wakaf Asset Online/Verify Wakaf Asset Diproses' FAILED.
	at com.kms.katalon.core.webui.keyword.internal.WebUIKeywordMain.stepFailed(WebUIKeywordMain.groovy:64)
	at com.kms.katalon.core.webui.keyword.internal.WebUIKeywordMain.runKeyword(WebUIKeywordMain.groovy:26)
	at com.kms.katalon.core.webui.keyword.builtin.VerifyElementTextKeyword.verifyElementText(VerifyElementTextKeyword.groovy:72)
	at com.kms.katalon.core.webui.keyword.builtin.VerifyElementTextKeyword.execute(VerifyElementTextKeyword.groovy:40)
	at com.kms.katalon.core.keyword.internal.KeywordExecutor.executeKeywordForPlatform(KeywordExecutor.groovy:74)
	at com.kms.katalon.core.webui.keyword.WebUiBuiltInKeywords.verifyElementText(WebUiBuiltInKeywords.groovy:4749)
	at com.kms.katalon.core.webui.keyword.WebUiBuiltInKeywords$verifyElementText$6.call(Unknown Source)
	at TC-WAO-006.run(TC-WAO-006:52)
	at com.kms.katalon.core.main.ScriptEngine.run(ScriptEngine.java:194)
	at com.kms.katalon.core.main.ScriptEngine.runScriptAsRawText(ScriptEngine.java:119)
	at com.kms.katalon.core.main.TestCaseExecutor.runScript(TestCaseExecutor.java:448)
	at com.kms.katalon.core.main.TestCaseExecutor.doExecute(TestCaseExecutor.java:439)
	at com.kms.katalon.core.main.TestCaseExecutor.processExecutionPhase(TestCaseExecutor.java:418)
	at com.kms.katalon.core.main.TestCaseExecutor.accessMainPhase(TestCaseExecutor.java:410)
	at com.kms.katalon.core.main.TestCaseExecutor.execute(TestCaseExecutor.java:285)
	at com.kms.katalon.core.common.CommonExecutor.accessTestCaseMainPhase(CommonExecutor.java:65)
	at com.kms.katalon.core.main.TestSuiteExecutor.accessTestSuiteMainPhase(TestSuiteExecutor.java:148)
	at com.kms.katalon.core.main.TestSuiteExecutor.execute(TestSuiteExecutor.java:106)
	at com.kms.katalon.core.main.TestCaseMain.startTestSuite(TestCaseMain.java:187)
	at com.kms.katalon.core.main.TestCaseMain$startTestSuite$0.call(Unknown Source)
	at TempTestSuite1696239986367.run(TempTestSuite1696239986367.groovy:36)
Caused by: com.kms.katalon.core.exception.StepFailedException: Actual text 'Sukses Proses Wakaf Asset, kami akan segera menghubungi anda! Terima kasih' and expected text 'Nomor Telepon lebih dari 13 angka' of test object 'Object Repository/Wakaf Asset Online/Verify Wakaf Asset Diproses' are NOT matched.
	at com.kms.katalon.core.webui.keyword.internal.WebUIKeywordMain.stepFailed(WebUIKeywordMain.groovy:64)
	at com.kms.katalon.core.webui.keyword.builtin.VerifyElementTextKeyword$_verifyElementText_closure1.doCall(VerifyElementTextKeyword.groovy:57)
	at com.kms.katalon.core.webui.keyword.builtin.VerifyElementTextKeyword$_verifyElementText_closure1.call(VerifyElementTextKeyword.groovy)
	at com.kms.katalon.core.webui.keyword.internal.WebUIKeywordMain.runKeyword(WebUIKeywordMain.groovy:20)
	... 19 more


2023-10-02 16:48:02 - [TEST_STEP][PASSED] - openBrowser("https://10.9.2.63/ecommerce/"): Browser is opened with url: 'https://10.9.2.63/ecommerce/'

2023-10-02 16:48:02 - [MESSAGE][WARNING] - A browser is already opened. Closing browser and opening a new one

2023-10-02 16:48:02 - [MESSAGE][INFO] - Starting 'Edge Chromium' driver

2023-10-02 16:48:02 - [MESSAGE][INFO] - User set preference: ['acceptInsecureCerts', 'true']

2023-10-02 16:48:05 - [MESSAGE][INFO] - Action delay is set to 0 milliseconds

2023-10-02 16:48:07 - [MESSAGE][PASSED] - Browser is opened with url: 'https://10.9.2.63/ecommerce/'

2023-10-02 16:48:07 - [TEST_STEP][PASSED] - maximizeWindow(): Current window maximized

2023-10-02 16:48:07 - [MESSAGE][PASSED] - Current window maximized

2023-10-02 16:48:07 - [TEST_STEP][PASSED] - verifyElementPresent(findTestObject("Login/Button Login"), 0): Object 'Object Repository/Login/Button Login' is present

2023-10-02 16:48:07 - [MESSAGE][WARNING] - Timeout '0' is invalid. Using default page load timeout: '30'

2023-10-02 16:48:08 - [MESSAGE][PASSED] - Object 'Object Repository/Login/Button Login' is present

2023-10-02 16:48:08 - [TEST_STEP][PASSED] - click(findTestObject("Wakaf Asset Online/Donasi")): Object: 'Object Repository/Wakaf Asset Online/Donasi' is clicked on

2023-10-02 16:48:08 - [MESSAGE][PASSED] - Object: 'Object Repository/Wakaf Asset Online/Donasi' is clicked on

2023-10-02 16:48:08 - [TEST_STEP][PASSED] - click(findTestObject("Wakaf Asset Online/Wakaf Asset Donasi")): Object: 'Object Repository/Wakaf Asset Online/Wakaf Asset Donasi' is clicked on

2023-10-02 16:48:09 - [MESSAGE][PASSED] - Object: 'Object Repository/Wakaf Asset Online/Wakaf Asset Donasi' is clicked on

2023-10-02 16:48:09 - [TEST_STEP][PASSED] - verifyElementPresent(findTestObject("Wakaf Asset Online/verify Wakaf Asset Online"), 0): Object 'Object Repository/Wakaf Asset Online/verify Wakaf Asset Online' is present

2023-10-02 16:48:09 - [MESSAGE][WARNING] - Timeout '0' is invalid. Using default page load timeout: '30'

2023-10-02 16:48:10 - [MESSAGE][PASSED] - Object 'Object Repository/Wakaf Asset Online/verify Wakaf Asset Online' is present

2023-10-02 16:48:10 - [TEST_STEP][PASSED] - selectOptionByValue(findTestObject("Wakaf Asset Online/Pilih Type Wakaf"), "Bangunan", false): All options with value 'Bangunan' are selected in object 'Object Repository/Wakaf Asset Online/Pilih Type Wakaf' 

2023-10-02 16:48:10 - [MESSAGE][PASSED] - All options with value 'Bangunan' are selected in object 'Object Repository/Wakaf Asset Online/Pilih Type Wakaf' 

2023-10-02 16:48:10 - [TEST_STEP][PASSED] - setText(findTestObject("Wakaf Asset Online/Input Perkiraan Nilai Asset"), "100000000"): Text '100000000' is set on object 'Object Repository/Wakaf Asset Online/Input Perkiraan Nilai Asset'

2023-10-02 16:48:11 - [MESSAGE][PASSED] - Text '100000000' is set on object 'Object Repository/Wakaf Asset Online/Input Perkiraan Nilai Asset'

2023-10-02 16:48:11 - [TEST_STEP][PASSED] - setText(findTestObject("Wakaf Asset Online/Input Alamat Asset"), "Jalan Taruma Jawa Timur"): Text 'Jalan Taruma Jawa Timur' is set on object 'Object Repository/Wakaf Asset Online/Input Alamat Asset'

2023-10-02 16:48:12 - [MESSAGE][PASSED] - Text 'Jalan Taruma Jawa Timur' is set on object 'Object Repository/Wakaf Asset Online/Input Alamat Asset'

2023-10-02 16:48:12 - [TEST_STEP][PASSED] - setText(findTestObject("Wakaf Asset Online/Keterangan Asset"), "Masjid"): Text 'Masjid' is set on object 'Object Repository/Wakaf Asset Online/Keterangan Asset'

2023-10-02 16:48:13 - [MESSAGE][PASSED] - Text 'Masjid' is set on object 'Object Repository/Wakaf Asset Online/Keterangan Asset'

2023-10-02 16:48:13 - [TEST_STEP][PASSED] - setText(findTestObject("Wakaf Asset Online/Input Nama Lengkap"), "joko susanto"): Text 'joko susanto' is set on object 'Object Repository/Wakaf Asset Online/Input Nama Lengkap'

2023-10-02 16:48:13 - [MESSAGE][PASSED] - Text 'joko susanto' is set on object 'Object Repository/Wakaf Asset Online/Input Nama Lengkap'

2023-10-02 16:48:13 - [TEST_STEP][PASSED] - setText(findTestObject("Wakaf Asset Online/Input No Handphone"), "085123456789011"): Text '085123456789011' is set on object 'Object Repository/Wakaf Asset Online/Input No Handphone'

2023-10-02 16:48:14 - [MESSAGE][PASSED] - Text '085123456789011' is set on object 'Object Repository/Wakaf Asset Online/Input No Handphone'

2023-10-02 16:48:14 - [TEST_STEP][PASSED] - setText(findTestObject("Wakaf Asset Online/Input Email"), "joko@gmail.com"): Text 'joko@gmail.com' is set on object 'Object Repository/Wakaf Asset Online/Input Email'

2023-10-02 16:48:15 - [MESSAGE][PASSED] - Text 'joko@gmail.com' is set on object 'Object Repository/Wakaf Asset Online/Input Email'

2023-10-02 16:48:15 - [TEST_STEP][PASSED] - uploadFile(findTestObject("Wakaf Asset Online/Input File Upload"), "E:\minions.png"): File 'E:\minions.png' sent to object: 'Object Repository/Wakaf Asset Online/Input File Upload'

2023-10-02 16:48:15 - [MESSAGE][PASSED] - File 'E:\minions.png' sent to object: 'Object Repository/Wakaf Asset Online/Input File Upload'

2023-10-02 16:48:15 - [TEST_STEP][PASSED] - setText(findTestObject("Wakaf Asset Online/Input 2 Digit Terakhir"), "11"): Text '11' is set on object 'Object Repository/Wakaf Asset Online/Input 2 Digit Terakhir'

2023-10-02 16:48:16 - [MESSAGE][PASSED] - Text '11' is set on object 'Object Repository/Wakaf Asset Online/Input 2 Digit Terakhir'

2023-10-02 16:48:16 - [TEST_STEP][PASSED] - click(findTestObject("Wakaf Asset Online/button Wakaf Sekarang")): Object: 'Object Repository/Wakaf Asset Online/button Wakaf Sekarang' is clicked on

2023-10-02 16:48:17 - [MESSAGE][PASSED] - Object: 'Object Repository/Wakaf Asset Online/button Wakaf Sekarang' is clicked on

2023-10-02 16:48:17 - [TEST_STEP][FAILED] - verifyElementText(findTestObject("Wakaf Asset Online/Verify Wakaf Asset Diproses"), "Nomor Telepon lebih dari 13 angka"): Verify element text of test object 'Object Repository/Wakaf Asset Online/Verify Wakaf Asset Diproses' FAILED. (Root cause: com.kms.katalon.core.exception.StepFailedException: Verify element text of test object 'Object Repository/Wakaf Asset Online/Verify Wakaf Asset Diproses' FAILED.
	at com.kms.katalon.core.webui.keyword.internal.WebUIKeywordMain.stepFailed(WebUIKeywordMain.groovy:64)
	at com.kms.katalon.core.webui.keyword.internal.WebUIKeywordMain.runKeyword(WebUIKeywordMain.groovy:26)
	at com.kms.katalon.core.webui.keyword.builtin.VerifyElementTextKeyword.verifyElementText(VerifyElementTextKeyword.groovy:72)
	at com.kms.katalon.core.webui.keyword.builtin.VerifyElementTextKeyword.execute(VerifyElementTextKeyword.groovy:40)
	at com.kms.katalon.core.keyword.internal.KeywordExecutor.executeKeywordForPlatform(KeywordExecutor.groovy:74)
	at com.kms.katalon.core.webui.keyword.WebUiBuiltInKeywords.verifyElementText(WebUiBuiltInKeywords.groovy:4749)
	at com.kms.katalon.core.webui.keyword.WebUiBuiltInKeywords$verifyElementText$6.call(Unknown Source)
	at TC-WAO-006.run(TC-WAO-006:52)
	at com.kms.katalon.core.main.ScriptEngine.run(ScriptEngine.java:194)
	at com.kms.katalon.core.main.ScriptEngine.runScriptAsRawText(ScriptEngine.java:119)
	at com.kms.katalon.core.main.TestCaseExecutor.runScript(TestCaseExecutor.java:448)
	at com.kms.katalon.core.main.TestCaseExecutor.doExecute(TestCaseExecutor.java:439)
	at com.kms.katalon.core.main.TestCaseExecutor.processExecutionPhase(TestCaseExecutor.java:418)
	at com.kms.katalon.core.main.TestCaseExecutor.accessMainPhase(TestCaseExecutor.java:410)
	at com.kms.katalon.core.main.TestCaseExecutor.execute(TestCaseExecutor.java:285)
	at com.kms.katalon.core.common.CommonExecutor.accessTestCaseMainPhase(CommonExecutor.java:65)
	at com.kms.katalon.core.main.TestSuiteExecutor.accessTestSuiteMainPhase(TestSuiteExecutor.java:148)
	at com.kms.katalon.core.main.TestSuiteExecutor.execute(TestSuiteExecutor.java:106)
	at com.kms.katalon.core.main.TestCaseMain.startTestSuite(TestCaseMain.java:187)
	at com.kms.katalon.core.main.TestCaseMain$startTestSuite$0.call(Unknown Source)
	at TempTestSuite1696239986367.run(TempTestSuite1696239986367.groovy:36)
Caused by: com.kms.katalon.core.exception.StepFailedException: Actual text 'Sukses Proses Wakaf Asset, kami akan segera menghubungi anda! Terima kasih' and expected text 'Nomor Telepon lebih dari 13 angka' of test object 'Object Repository/Wakaf Asset Online/Verify Wakaf Asset Diproses' are NOT matched.
	at com.kms.katalon.core.webui.keyword.internal.WebUIKeywordMain.stepFailed(WebUIKeywordMain.groovy:64)
	at com.kms.katalon.core.webui.keyword.builtin.VerifyElementTextKeyword$_verifyElementText_closure1.doCall(VerifyElementTextKeyword.groovy:57)
	at com.kms.katalon.core.webui.keyword.builtin.VerifyElementTextKeyword$_verifyElementText_closure1.call(VerifyElementTextKeyword.groovy)
	at com.kms.katalon.core.webui.keyword.internal.WebUIKeywordMain.runKeyword(WebUIKeywordMain.groovy:20)
	... 19 more
)

2023-10-02 16:48:18 - [MESSAGE][FAILED] - Actual text 'Sukses Proses Wakaf Asset, kami akan segera menghubungi anda! Terima kasih' and expected text 'Nomor Telepon lebih dari 13 angka' of test object 'Object Repository/Wakaf Asset Online/Verify Wakaf Asset Diproses' are NOT matched. (Root cause: com.kms.katalon.core.exception.StepFailedException: Actual text 'Sukses Proses Wakaf Asset, kami akan segera menghubungi anda! Terima kasih' and expected text 'Nomor Telepon lebih dari 13 angka' of test object 'Object Repository/Wakaf Asset Online/Verify Wakaf Asset Diproses' are NOT matched.
	at com.kms.katalon.core.webui.keyword.internal.WebUIKeywordMain.stepFailed(WebUIKeywordMain.groovy:64)
	at com.kms.katalon.core.webui.keyword.builtin.VerifyElementTextKeyword$_verifyElementText_closure1.doCall(VerifyElementTextKeyword.groovy:57)
	at com.kms.katalon.core.webui.keyword.builtin.VerifyElementTextKeyword$_verifyElementText_closure1.call(VerifyElementTextKeyword.groovy)
	at com.kms.katalon.core.webui.keyword.internal.WebUIKeywordMain.runKeyword(WebUIKeywordMain.groovy:20)
	at com.kms.katalon.core.webui.keyword.builtin.VerifyElementTextKeyword.verifyElementText(VerifyElementTextKeyword.groovy:72)
	at com.kms.katalon.core.webui.keyword.builtin.VerifyElementTextKeyword.execute(VerifyElementTextKeyword.groovy:40)
	at com.kms.katalon.core.keyword.internal.KeywordExecutor.executeKeywordForPlatform(KeywordExecutor.groovy:74)
	at com.kms.katalon.core.webui.keyword.WebUiBuiltInKeywords.verifyElementText(WebUiBuiltInKeywords.groovy:4749)
	at com.kms.katalon.core.webui.keyword.WebUiBuiltInKeywords$verifyElementText$6.call(Unknown Source)
	at TC-WAO-006.run(TC-WAO-006:52)
	at com.kms.katalon.core.main.ScriptEngine.run(ScriptEngine.java:194)
	at com.kms.katalon.core.main.ScriptEngine.runScriptAsRawText(ScriptEngine.java:119)
	at com.kms.katalon.core.main.TestCaseExecutor.runScript(TestCaseExecutor.java:448)
	at com.kms.katalon.core.main.TestCaseExecutor.doExecute(TestCaseExecutor.java:439)
	at com.kms.katalon.core.main.TestCaseExecutor.processExecutionPhase(TestCaseExecutor.java:418)
	at com.kms.katalon.core.main.TestCaseExecutor.accessMainPhase(TestCaseExecutor.java:410)
	at com.kms.katalon.core.main.TestCaseExecutor.execute(TestCaseExecutor.java:285)
	at com.kms.katalon.core.common.CommonExecutor.accessTestCaseMainPhase(CommonExecutor.java:65)
	at com.kms.katalon.core.main.TestSuiteExecutor.accessTestSuiteMainPhase(TestSuiteExecutor.java:148)
	at com.kms.katalon.core.main.TestSuiteExecutor.execute(TestSuiteExecutor.java:106)
	at com.kms.katalon.core.main.TestCaseMain.startTestSuite(TestCaseMain.java:187)
	at com.kms.katalon.core.main.TestCaseMain$startTestSuite$0.call(Unknown Source)
	at TempTestSuite1696239986367.run(TempTestSuite1696239986367.groovy:36)
)
[[ATTACHMENT|G:\\Project Xsis\\batch-324-qa\\Riswan\\Tajalapak_com\\Reports\\20231002_164626\\TS-Wakaf Asset Online\\20231002_164626\\1696240098074.png]]

2023-10-02 16:48:18 - [MESSAGE][FAILED] - Verify element text of test object 'Object Repository/Wakaf Asset Online/Verify Wakaf Asset Diproses' FAILED. (Root cause: com.kms.katalon.core.exception.StepFailedException: Verify element text of test object 'Object Repository/Wakaf Asset Online/Verify Wakaf Asset Diproses' FAILED.
	at com.kms.katalon.core.webui.keyword.internal.WebUIKeywordMain.stepFailed(WebUIKeywordMain.groovy:64)
	at com.kms.katalon.core.webui.keyword.internal.WebUIKeywordMain.runKeyword(WebUIKeywordMain.groovy:26)
	at com.kms.katalon.core.webui.keyword.builtin.VerifyElementTextKeyword.verifyElementText(VerifyElementTextKeyword.groovy:72)
	at com.kms.katalon.core.webui.keyword.builtin.VerifyElementTextKeyword.execute(VerifyElementTextKeyword.groovy:40)
	at com.kms.katalon.core.keyword.internal.KeywordExecutor.executeKeywordForPlatform(KeywordExecutor.groovy:74)
	at com.kms.katalon.core.webui.keyword.WebUiBuiltInKeywords.verifyElementText(WebUiBuiltInKeywords.groovy:4749)
	at com.kms.katalon.core.webui.keyword.WebUiBuiltInKeywords$verifyElementText$6.call(Unknown Source)
	at TC-WAO-006.run(TC-WAO-006:52)
	at com.kms.katalon.core.main.ScriptEngine.run(ScriptEngine.java:194)
	at com.kms.katalon.core.main.ScriptEngine.runScriptAsRawText(ScriptEngine.java:119)
	at com.kms.katalon.core.main.TestCaseExecutor.runScript(TestCaseExecutor.java:448)
	at com.kms.katalon.core.main.TestCaseExecutor.doExecute(TestCaseExecutor.java:439)
	at com.kms.katalon.core.main.TestCaseExecutor.processExecutionPhase(TestCaseExecutor.java:418)
	at com.kms.katalon.core.main.TestCaseExecutor.accessMainPhase(TestCaseExecutor.java:410)
	at com.kms.katalon.core.main.TestCaseExecutor.execute(TestCaseExecutor.java:285)
	at com.kms.katalon.core.common.CommonExecutor.accessTestCaseMainPhase(CommonExecutor.java:65)
	at com.kms.katalon.core.main.TestSuiteExecutor.accessTestSuiteMainPhase(TestSuiteExecutor.java:148)
	at com.kms.katalon.core.main.TestSuiteExecutor.execute(TestSuiteExecutor.java:106)
	at com.kms.katalon.core.main.TestCaseMain.startTestSuite(TestCaseMain.java:187)
	at com.kms.katalon.core.main.TestCaseMain$startTestSuite$0.call(Unknown Source)
	at TempTestSuite1696239986367.run(TempTestSuite1696239986367.groovy:36)
Caused by: com.kms.katalon.core.exception.StepFailedException: Actual text 'Sukses Proses Wakaf Asset, kami akan segera menghubungi anda! Terima kasih' and expected text 'Nomor Telepon lebih dari 13 angka' of test object 'Object Repository/Wakaf Asset Online/Verify Wakaf Asset Diproses' are NOT matched.
	at com.kms.katalon.core.webui.keyword.internal.WebUIKeywordMain.stepFailed(WebUIKeywordMain.groovy:64)
	at com.kms.katalon.core.webui.keyword.builtin.VerifyElementTextKeyword$_verifyElementText_closure1.doCall(VerifyElementTextKeyword.groovy:57)
	at com.kms.katalon.core.webui.keyword.builtin.VerifyElementTextKeyword$_verifyElementText_closure1.call(VerifyElementTextKeyword.groovy)
	at com.kms.katalon.core.webui.keyword.internal.WebUIKeywordMain.runKeyword(WebUIKeywordMain.groovy:20)
	... 19 more
)
[[ATTACHMENT|G:\\Project Xsis\\batch-324-qa\\Riswan\\Tajalapak_com\\Reports\\20231002_164626\\TS-Wakaf Asset Online\\20231002_164626\\1696240098173.png]]]]></system-out>
         <system-err><![CDATA[2023-10-02 16:48:01 - [TEST_CASE][FAILED] - Test Cases/Wakaf Asset Online/TC-WAO-006: Test Cases/Wakaf Asset Online/TC-WAO-006 FAILED.
Reason:
com.kms.katalon.core.exception.StepFailedException: Verify element text of test object 'Object Repository/Wakaf Asset Online/Verify Wakaf Asset Diproses' FAILED.
	at com.kms.katalon.core.webui.keyword.internal.WebUIKeywordMain.stepFailed(WebUIKeywordMain.groovy:64)
	at com.kms.katalon.core.webui.keyword.internal.WebUIKeywordMain.runKeyword(WebUIKeywordMain.groovy:26)
	at com.kms.katalon.core.webui.keyword.builtin.VerifyElementTextKeyword.verifyElementText(VerifyElementTextKeyword.groovy:72)
	at com.kms.katalon.core.webui.keyword.builtin.VerifyElementTextKeyword.execute(VerifyElementTextKeyword.groovy:40)
	at com.kms.katalon.core.keyword.internal.KeywordExecutor.executeKeywordForPlatform(KeywordExecutor.groovy:74)
	at com.kms.katalon.core.webui.keyword.WebUiBuiltInKeywords.verifyElementText(WebUiBuiltInKeywords.groovy:4749)
	at com.kms.katalon.core.webui.keyword.WebUiBuiltInKeywords$verifyElementText$6.call(Unknown Source)
	at TC-WAO-006.run(TC-WAO-006:52)
	at com.kms.katalon.core.main.ScriptEngine.run(ScriptEngine.java:194)
	at com.kms.katalon.core.main.ScriptEngine.runScriptAsRawText(ScriptEngine.java:119)
	at com.kms.katalon.core.main.TestCaseExecutor.runScript(TestCaseExecutor.java:448)
	at com.kms.katalon.core.main.TestCaseExecutor.doExecute(TestCaseExecutor.java:439)
	at com.kms.katalon.core.main.TestCaseExecutor.processExecutionPhase(TestCaseExecutor.java:418)
	at com.kms.katalon.core.main.TestCaseExecutor.accessMainPhase(TestCaseExecutor.java:410)
	at com.kms.katalon.core.main.TestCaseExecutor.execute(TestCaseExecutor.java:285)
	at com.kms.katalon.core.common.CommonExecutor.accessTestCaseMainPhase(CommonExecutor.java:65)
	at com.kms.katalon.core.main.TestSuiteExecutor.accessTestSuiteMainPhase(TestSuiteExecutor.java:148)
	at com.kms.katalon.core.main.TestSuiteExecutor.execute(TestSuiteExecutor.java:106)
	at com.kms.katalon.core.main.TestCaseMain.startTestSuite(TestCaseMain.java:187)
	at com.kms.katalon.core.main.TestCaseMain$startTestSuite$0.call(Unknown Source)
	at TempTestSuite1696239986367.run(TempTestSuite1696239986367.groovy:36)
Caused by: com.kms.katalon.core.exception.StepFailedException: Actual text 'Sukses Proses Wakaf Asset, kami akan segera menghubungi anda! Terima kasih' and expected text 'Nomor Telepon lebih dari 13 angka' of test object 'Object Repository/Wakaf Asset Online/Verify Wakaf Asset Diproses' are NOT matched.
	at com.kms.katalon.core.webui.keyword.internal.WebUIKeywordMain.stepFailed(WebUIKeywordMain.groovy:64)
	at com.kms.katalon.core.webui.keyword.builtin.VerifyElementTextKeyword$_verifyElementText_closure1.doCall(VerifyElementTextKeyword.groovy:57)
	at com.kms.katalon.core.webui.keyword.builtin.VerifyElementTextKeyword$_verifyElementText_closure1.call(VerifyElementTextKeyword.groovy)
	at com.kms.katalon.core.webui.keyword.internal.WebUIKeywordMain.runKeyword(WebUIKeywordMain.groovy:20)
	... 19 more]]></system-err>
      </testcase>
      <testcase name="Test Cases/Wakaf Asset Online/TC-WAO-007" time="17.435" classname="Test Cases/Wakaf Asset Online/TC-WAO-007" status="PASSED">
         <system-out><![CDATA[2023-10-02 16:48:18 - [TEST_CASE][PASSED] - Test Cases/Wakaf Asset Online/TC-WAO-007: Test Cases/Wakaf Asset Online/TC-WAO-007

2023-10-02 16:48:18 - [TEST_STEP][PASSED] - openBrowser("https://10.9.2.63/ecommerce/"): Browser is opened with url: 'https://10.9.2.63/ecommerce/'

2023-10-02 16:48:18 - [MESSAGE][WARNING] - A browser is already opened. Closing browser and opening a new one

2023-10-02 16:48:19 - [MESSAGE][INFO] - Starting 'Edge Chromium' driver

2023-10-02 16:48:19 - [MESSAGE][INFO] - User set preference: ['acceptInsecureCerts', 'true']

2023-10-02 16:48:21 - [MESSAGE][INFO] - Action delay is set to 0 milliseconds

2023-10-02 16:48:24 - [MESSAGE][PASSED] - Browser is opened with url: 'https://10.9.2.63/ecommerce/'

2023-10-02 16:48:24 - [TEST_STEP][PASSED] - maximizeWindow(): Current window maximized

2023-10-02 16:48:24 - [MESSAGE][PASSED] - Current window maximized

2023-10-02 16:48:24 - [TEST_STEP][PASSED] - verifyElementPresent(findTestObject("Login/Button Login"), 0): Object 'Object Repository/Login/Button Login' is present

2023-10-02 16:48:24 - [MESSAGE][WARNING] - Timeout '0' is invalid. Using default page load timeout: '30'

2023-10-02 16:48:25 - [MESSAGE][PASSED] - Object 'Object Repository/Login/Button Login' is present

2023-10-02 16:48:25 - [TEST_STEP][PASSED] - click(findTestObject("Wakaf Asset Online/Donasi")): Object: 'Object Repository/Wakaf Asset Online/Donasi' is clicked on

2023-10-02 16:48:25 - [MESSAGE][PASSED] - Object: 'Object Repository/Wakaf Asset Online/Donasi' is clicked on

2023-10-02 16:48:25 - [TEST_STEP][PASSED] - click(findTestObject("Wakaf Asset Online/Wakaf Asset Donasi")): Object: 'Object Repository/Wakaf Asset Online/Wakaf Asset Donasi' is clicked on

2023-10-02 16:48:26 - [MESSAGE][PASSED] - Object: 'Object Repository/Wakaf Asset Online/Wakaf Asset Donasi' is clicked on

2023-10-02 16:48:26 - [TEST_STEP][PASSED] - verifyElementPresent(findTestObject("Wakaf Asset Online/verify Wakaf Asset Online"), 0): Object 'Object Repository/Wakaf Asset Online/verify Wakaf Asset Online' is present

2023-10-02 16:48:26 - [MESSAGE][WARNING] - Timeout '0' is invalid. Using default page load timeout: '30'

2023-10-02 16:48:27 - [MESSAGE][PASSED] - Object 'Object Repository/Wakaf Asset Online/verify Wakaf Asset Online' is present

2023-10-02 16:48:27 - [TEST_STEP][PASSED] - selectOptionByValue(findTestObject("Wakaf Asset Online/Pilih Type Wakaf"), "Bangunan", false): All options with value 'Bangunan' are selected in object 'Object Repository/Wakaf Asset Online/Pilih Type Wakaf' 

2023-10-02 16:48:28 - [MESSAGE][PASSED] - All options with value 'Bangunan' are selected in object 'Object Repository/Wakaf Asset Online/Pilih Type Wakaf' 

2023-10-02 16:48:28 - [TEST_STEP][PASSED] - setText(findTestObject("Wakaf Asset Online/Input Perkiraan Nilai Asset"), "100000000"): Text '100000000' is set on object 'Object Repository/Wakaf Asset Online/Input Perkiraan Nilai Asset'

2023-10-02 16:48:29 - [MESSAGE][PASSED] - Text '100000000' is set on object 'Object Repository/Wakaf Asset Online/Input Perkiraan Nilai Asset'

2023-10-02 16:48:29 - [TEST_STEP][PASSED] - setText(findTestObject("Wakaf Asset Online/Input Alamat Asset"), "jalan Taruma Jawa Timur"): Text 'jalan Taruma Jawa Timur' is set on object 'Object Repository/Wakaf Asset Online/Input Alamat Asset'

2023-10-02 16:48:30 - [MESSAGE][PASSED] - Text 'jalan Taruma Jawa Timur' is set on object 'Object Repository/Wakaf Asset Online/Input Alamat Asset'

2023-10-02 16:48:30 - [TEST_STEP][PASSED] - setText(findTestObject("Wakaf Asset Online/Keterangan Asset"), "Masjid"): Text 'Masjid' is set on object 'Object Repository/Wakaf Asset Online/Keterangan Asset'

2023-10-02 16:48:30 - [MESSAGE][PASSED] - Text 'Masjid' is set on object 'Object Repository/Wakaf Asset Online/Keterangan Asset'

2023-10-02 16:48:30 - [TEST_STEP][PASSED] - setText(findTestObject("Wakaf Asset Online/Input Nama Lengkap"), "joko susanto"): Text 'joko susanto' is set on object 'Object Repository/Wakaf Asset Online/Input Nama Lengkap'

2023-10-02 16:48:31 - [MESSAGE][PASSED] - Text 'joko susanto' is set on object 'Object Repository/Wakaf Asset Online/Input Nama Lengkap'

2023-10-02 16:48:31 - [TEST_STEP][PASSED] - setText(findTestObject("Wakaf Asset Online/Input No Handphone"), "085123456789"): Text '085123456789' is set on object 'Object Repository/Wakaf Asset Online/Input No Handphone'

2023-10-02 16:48:32 - [MESSAGE][PASSED] - Text '085123456789' is set on object 'Object Repository/Wakaf Asset Online/Input No Handphone'

2023-10-02 16:48:32 - [TEST_STEP][PASSED] - setText(findTestObject("Wakaf Asset Online/Input Email"), "joko@gmail.com"): Text 'joko@gmail.com' is set on object 'Object Repository/Wakaf Asset Online/Input Email'

2023-10-02 16:48:33 - [MESSAGE][PASSED] - Text 'joko@gmail.com' is set on object 'Object Repository/Wakaf Asset Online/Input Email'

2023-10-02 16:48:33 - [TEST_STEP][PASSED] - uploadFile(findTestObject("Wakaf Asset Online/Input File Upload"), "E:\minions.png"): File 'E:\minions.png' sent to object: 'Object Repository/Wakaf Asset Online/Input File Upload'

2023-10-02 16:48:33 - [MESSAGE][PASSED] - File 'E:\minions.png' sent to object: 'Object Repository/Wakaf Asset Online/Input File Upload'

2023-10-02 16:48:33 - [TEST_STEP][PASSED] - setText(findTestObject("Wakaf Asset Online/Input 2 Digit Terakhir"), "88"): Text '88' is set on object 'Object Repository/Wakaf Asset Online/Input 2 Digit Terakhir'

2023-10-02 16:48:34 - [MESSAGE][PASSED] - Text '88' is set on object 'Object Repository/Wakaf Asset Online/Input 2 Digit Terakhir'

2023-10-02 16:48:34 - [TEST_STEP][PASSED] - click(findTestObject("Wakaf Asset Online/button Wakaf Sekarang")): Object: 'Object Repository/Wakaf Asset Online/button Wakaf Sekarang' is clicked on

2023-10-02 16:48:35 - [MESSAGE][PASSED] - Object: 'Object Repository/Wakaf Asset Online/button Wakaf Sekarang' is clicked on

2023-10-02 16:48:35 - [TEST_STEP][PASSED] - verifyElementPresent(findTestObject("Wakaf Asset Online/Verify_GAGAL Diproses, 2 Digit Terakhir No Handphone"), 0): Object 'Object Repository/Wakaf Asset Online/Verify_GAGAL Diproses, 2 Digit Terakhir No Handphone' is present

2023-10-02 16:48:35 - [MESSAGE][WARNING] - Timeout '0' is invalid. Using default page load timeout: '30'

2023-10-02 16:48:35 - [MESSAGE][PASSED] - Object 'Object Repository/Wakaf Asset Online/Verify_GAGAL Diproses, 2 Digit Terakhir No Handphone' is present]]></system-out>
         <system-err><![CDATA[]]></system-err>
      </testcase>
      <testcase name="Test Cases/Wakaf Asset Online/TC-WAO-008" time="17.266" classname="Test Cases/Wakaf Asset Online/TC-WAO-008" status="FAILED">
         <failure type="FAILED" message="Test Cases/Wakaf Asset Online/TC-WAO-008 FAILED.
Reason:
com.kms.katalon.core.exception.StepFailedException: Verify element text of test object 'Object Repository/Wakaf Asset Online/Verify Wakaf Asset Diproses' FAILED.
	at com.kms.katalon.core.webui.keyword.internal.WebUIKeywordMain.stepFailed(WebUIKeywordMain.groovy:64)
	at com.kms.katalon.core.webui.keyword.internal.WebUIKeywordMain.runKeyword(WebUIKeywordMain.groovy:26)
	at com.kms.katalon.core.webui.keyword.builtin.VerifyElementTextKeyword.verifyElementText(VerifyElementTextKeyword.groovy:72)
	at com.kms.katalon.core.webui.keyword.builtin.VerifyElementTextKeyword.execute(VerifyElementTextKeyword.groovy:40)
	at com.kms.katalon.core.keyword.internal.KeywordExecutor.executeKeywordForPlatform(KeywordExecutor.groovy:74)
	at com.kms.katalon.core.webui.keyword.WebUiBuiltInKeywords.verifyElementText(WebUiBuiltInKeywords.groovy:4749)
	at com.kms.katalon.core.webui.keyword.WebUiBuiltInKeywords$verifyElementText$6.call(Unknown Source)
	at TC-WAO-008.run(TC-WAO-008:52)
	at com.kms.katalon.core.main.ScriptEngine.run(ScriptEngine.java:194)
	at com.kms.katalon.core.main.ScriptEngine.runScriptAsRawText(ScriptEngine.java:119)
	at com.kms.katalon.core.main.TestCaseExecutor.runScript(TestCaseExecutor.java:448)
	at com.kms.katalon.core.main.TestCaseExecutor.doExecute(TestCaseExecutor.java:439)
	at com.kms.katalon.core.main.TestCaseExecutor.processExecutionPhase(TestCaseExecutor.java:418)
	at com.kms.katalon.core.main.TestCaseExecutor.accessMainPhase(TestCaseExecutor.java:410)
	at com.kms.katalon.core.main.TestCaseExecutor.execute(TestCaseExecutor.java:285)
	at com.kms.katalon.core.common.CommonExecutor.accessTestCaseMainPhase(CommonExecutor.java:65)
	at com.kms.katalon.core.main.TestSuiteExecutor.accessTestSuiteMainPhase(TestSuiteExecutor.java:148)
	at com.kms.katalon.core.main.TestSuiteExecutor.execute(TestSuiteExecutor.java:106)
	at com.kms.katalon.core.main.TestCaseMain.startTestSuite(TestCaseMain.java:187)
	at com.kms.katalon.core.main.TestCaseMain$startTestSuite$0.call(Unknown Source)
	at TempTestSuite1696239986367.run(TempTestSuite1696239986367.groovy:36)
Caused by: com.kms.katalon.core.exception.StepFailedException: Actual text 'Sukses Proses Wakaf Asset, kami akan segera menghubungi anda! Terima kasih' and expected text 'deskripsi wajip diisi' of test object 'Object Repository/Wakaf Asset Online/Verify Wakaf Asset Diproses' are NOT matched.
	at com.kms.katalon.core.webui.keyword.internal.WebUIKeywordMain.stepFailed(WebUIKeywordMain.groovy:64)
	at com.kms.katalon.core.webui.keyword.builtin.VerifyElementTextKeyword$_verifyElementText_closure1.doCall(VerifyElementTextKeyword.groovy:57)
	at com.kms.katalon.core.webui.keyword.builtin.VerifyElementTextKeyword$_verifyElementText_closure1.call(VerifyElementTextKeyword.groovy)
	at com.kms.katalon.core.webui.keyword.internal.WebUIKeywordMain.runKeyword(WebUIKeywordMain.groovy:20)
	... 19 more
"/>
         <system-out><![CDATA[2023-10-02 16:48:35 - [TEST_CASE][FAILED] - Test Cases/Wakaf Asset Online/TC-WAO-008: Test Cases/Wakaf Asset Online/TC-WAO-008 FAILED.
Reason:
com.kms.katalon.core.exception.StepFailedException: Verify element text of test object 'Object Repository/Wakaf Asset Online/Verify Wakaf Asset Diproses' FAILED.
	at com.kms.katalon.core.webui.keyword.internal.WebUIKeywordMain.stepFailed(WebUIKeywordMain.groovy:64)
	at com.kms.katalon.core.webui.keyword.internal.WebUIKeywordMain.runKeyword(WebUIKeywordMain.groovy:26)
	at com.kms.katalon.core.webui.keyword.builtin.VerifyElementTextKeyword.verifyElementText(VerifyElementTextKeyword.groovy:72)
	at com.kms.katalon.core.webui.keyword.builtin.VerifyElementTextKeyword.execute(VerifyElementTextKeyword.groovy:40)
	at com.kms.katalon.core.keyword.internal.KeywordExecutor.executeKeywordForPlatform(KeywordExecutor.groovy:74)
	at com.kms.katalon.core.webui.keyword.WebUiBuiltInKeywords.verifyElementText(WebUiBuiltInKeywords.groovy:4749)
	at com.kms.katalon.core.webui.keyword.WebUiBuiltInKeywords$verifyElementText$6.call(Unknown Source)
	at TC-WAO-008.run(TC-WAO-008:52)
	at com.kms.katalon.core.main.ScriptEngine.run(ScriptEngine.java:194)
	at com.kms.katalon.core.main.ScriptEngine.runScriptAsRawText(ScriptEngine.java:119)
	at com.kms.katalon.core.main.TestCaseExecutor.runScript(TestCaseExecutor.java:448)
	at com.kms.katalon.core.main.TestCaseExecutor.doExecute(TestCaseExecutor.java:439)
	at com.kms.katalon.core.main.TestCaseExecutor.processExecutionPhase(TestCaseExecutor.java:418)
	at com.kms.katalon.core.main.TestCaseExecutor.accessMainPhase(TestCaseExecutor.java:410)
	at com.kms.katalon.core.main.TestCaseExecutor.execute(TestCaseExecutor.java:285)
	at com.kms.katalon.core.common.CommonExecutor.accessTestCaseMainPhase(CommonExecutor.java:65)
	at com.kms.katalon.core.main.TestSuiteExecutor.accessTestSuiteMainPhase(TestSuiteExecutor.java:148)
	at com.kms.katalon.core.main.TestSuiteExecutor.execute(TestSuiteExecutor.java:106)
	at com.kms.katalon.core.main.TestCaseMain.startTestSuite(TestCaseMain.java:187)
	at com.kms.katalon.core.main.TestCaseMain$startTestSuite$0.call(Unknown Source)
	at TempTestSuite1696239986367.run(TempTestSuite1696239986367.groovy:36)
Caused by: com.kms.katalon.core.exception.StepFailedException: Actual text 'Sukses Proses Wakaf Asset, kami akan segera menghubungi anda! Terima kasih' and expected text 'deskripsi wajip diisi' of test object 'Object Repository/Wakaf Asset Online/Verify Wakaf Asset Diproses' are NOT matched.
	at com.kms.katalon.core.webui.keyword.internal.WebUIKeywordMain.stepFailed(WebUIKeywordMain.groovy:64)
	at com.kms.katalon.core.webui.keyword.builtin.VerifyElementTextKeyword$_verifyElementText_closure1.doCall(VerifyElementTextKeyword.groovy:57)
	at com.kms.katalon.core.webui.keyword.builtin.VerifyElementTextKeyword$_verifyElementText_closure1.call(VerifyElementTextKeyword.groovy)
	at com.kms.katalon.core.webui.keyword.internal.WebUIKeywordMain.runKeyword(WebUIKeywordMain.groovy:20)
	... 19 more


2023-10-02 16:48:35 - [TEST_STEP][PASSED] - openBrowser("https://10.9.2.63/ecommerce/"): Browser is opened with url: 'https://10.9.2.63/ecommerce/'

2023-10-02 16:48:35 - [MESSAGE][WARNING] - A browser is already opened. Closing browser and opening a new one

2023-10-02 16:48:36 - [MESSAGE][INFO] - Starting 'Edge Chromium' driver

2023-10-02 16:48:36 - [MESSAGE][INFO] - User set preference: ['acceptInsecureCerts', 'true']

2023-10-02 16:48:38 - [MESSAGE][INFO] - Action delay is set to 0 milliseconds

2023-10-02 16:48:42 - [MESSAGE][PASSED] - Browser is opened with url: 'https://10.9.2.63/ecommerce/'

2023-10-02 16:48:42 - [TEST_STEP][PASSED] - maximizeWindow(): Current window maximized

2023-10-02 16:48:42 - [MESSAGE][PASSED] - Current window maximized

2023-10-02 16:48:42 - [TEST_STEP][PASSED] - verifyElementPresent(findTestObject("Login/Button Login"), 0): Object 'Object Repository/Login/Button Login' is present

2023-10-02 16:48:42 - [MESSAGE][WARNING] - Timeout '0' is invalid. Using default page load timeout: '30'

2023-10-02 16:48:42 - [MESSAGE][PASSED] - Object 'Object Repository/Login/Button Login' is present

2023-10-02 16:48:42 - [TEST_STEP][PASSED] - click(findTestObject("Wakaf Asset Online/Donasi")): Object: 'Object Repository/Wakaf Asset Online/Donasi' is clicked on

2023-10-02 16:48:43 - [MESSAGE][PASSED] - Object: 'Object Repository/Wakaf Asset Online/Donasi' is clicked on

2023-10-02 16:48:43 - [TEST_STEP][PASSED] - click(findTestObject("Wakaf Asset Online/Wakaf Asset Donasi")): Object: 'Object Repository/Wakaf Asset Online/Wakaf Asset Donasi' is clicked on

2023-10-02 16:48:44 - [MESSAGE][PASSED] - Object: 'Object Repository/Wakaf Asset Online/Wakaf Asset Donasi' is clicked on

2023-10-02 16:48:44 - [TEST_STEP][PASSED] - verifyElementPresent(findTestObject("Wakaf Asset Online/verify Wakaf Asset Online"), 0): Object 'Object Repository/Wakaf Asset Online/verify Wakaf Asset Online' is present

2023-10-02 16:48:44 - [MESSAGE][WARNING] - Timeout '0' is invalid. Using default page load timeout: '30'

2023-10-02 16:48:44 - [MESSAGE][PASSED] - Object 'Object Repository/Wakaf Asset Online/verify Wakaf Asset Online' is present

2023-10-02 16:48:44 - [TEST_STEP][PASSED] - selectOptionByValue(findTestObject("Wakaf Asset Online/Pilih Type Wakaf"), "Lainnya", false): All options with value 'Lainnya' are selected in object 'Object Repository/Wakaf Asset Online/Pilih Type Wakaf' 

2023-10-02 16:48:45 - [MESSAGE][PASSED] - All options with value 'Lainnya' are selected in object 'Object Repository/Wakaf Asset Online/Pilih Type Wakaf' 

2023-10-02 16:48:45 - [TEST_STEP][PASSED] - setText(findTestObject("Wakaf Asset Online/Input Perkiraan Nilai Asset"), "100000000"): Text '100000000' is set on object 'Object Repository/Wakaf Asset Online/Input Perkiraan Nilai Asset'

2023-10-02 16:48:46 - [MESSAGE][PASSED] - Text '100000000' is set on object 'Object Repository/Wakaf Asset Online/Input Perkiraan Nilai Asset'

2023-10-02 16:48:46 - [TEST_STEP][PASSED] - setText(findTestObject("Wakaf Asset Online/Input Alamat Asset"), "jalan Taruma Jawa Timur"): Text 'jalan Taruma Jawa Timur' is set on object 'Object Repository/Wakaf Asset Online/Input Alamat Asset'

2023-10-02 16:48:47 - [MESSAGE][PASSED] - Text 'jalan Taruma Jawa Timur' is set on object 'Object Repository/Wakaf Asset Online/Input Alamat Asset'

2023-10-02 16:48:47 - [TEST_STEP][PASSED] - setText(findTestObject("Wakaf Asset Online/Keterangan Asset"), ""): Text '' is set on object 'Object Repository/Wakaf Asset Online/Keterangan Asset'

2023-10-02 16:48:47 - [MESSAGE][PASSED] - Text '' is set on object 'Object Repository/Wakaf Asset Online/Keterangan Asset'

2023-10-02 16:48:47 - [TEST_STEP][PASSED] - setText(findTestObject("Wakaf Asset Online/Input Nama Lengkap"), "joko susanto"): Text 'joko susanto' is set on object 'Object Repository/Wakaf Asset Online/Input Nama Lengkap'

2023-10-02 16:48:48 - [MESSAGE][PASSED] - Text 'joko susanto' is set on object 'Object Repository/Wakaf Asset Online/Input Nama Lengkap'

2023-10-02 16:48:48 - [TEST_STEP][PASSED] - setText(findTestObject("Wakaf Asset Online/Input No Handphone"), "085123456789"): Text '085123456789' is set on object 'Object Repository/Wakaf Asset Online/Input No Handphone'

2023-10-02 16:48:49 - [MESSAGE][PASSED] - Text '085123456789' is set on object 'Object Repository/Wakaf Asset Online/Input No Handphone'

2023-10-02 16:48:49 - [TEST_STEP][PASSED] - setText(findTestObject("Wakaf Asset Online/Input Email"), "joko@gmail.com"): Text 'joko@gmail.com' is set on object 'Object Repository/Wakaf Asset Online/Input Email'

2023-10-02 16:48:50 - [MESSAGE][PASSED] - Text 'joko@gmail.com' is set on object 'Object Repository/Wakaf Asset Online/Input Email'

2023-10-02 16:48:50 - [TEST_STEP][PASSED] - uploadFile(findTestObject("Wakaf Asset Online/Input File Upload"), "E:\minions.png"): File 'E:\minions.png' sent to object: 'Object Repository/Wakaf Asset Online/Input File Upload'

2023-10-02 16:48:50 - [MESSAGE][PASSED] - File 'E:\minions.png' sent to object: 'Object Repository/Wakaf Asset Online/Input File Upload'

2023-10-02 16:48:50 - [TEST_STEP][PASSED] - setText(findTestObject("Wakaf Asset Online/Input 2 Digit Terakhir"), "89"): Text '89' is set on object 'Object Repository/Wakaf Asset Online/Input 2 Digit Terakhir'

2023-10-02 16:48:51 - [MESSAGE][PASSED] - Text '89' is set on object 'Object Repository/Wakaf Asset Online/Input 2 Digit Terakhir'

2023-10-02 16:48:51 - [TEST_STEP][PASSED] - click(findTestObject("Wakaf Asset Online/button Wakaf Sekarang")): Object: 'Object Repository/Wakaf Asset Online/button Wakaf Sekarang' is clicked on

2023-10-02 16:48:52 - [MESSAGE][PASSED] - Object: 'Object Repository/Wakaf Asset Online/button Wakaf Sekarang' is clicked on

2023-10-02 16:48:52 - [TEST_STEP][FAILED] - verifyElementText(findTestObject("Wakaf Asset Online/Verify Wakaf Asset Diproses"), "deskripsi wajip diisi"): Verify element text of test object 'Object Repository/Wakaf Asset Online/Verify Wakaf Asset Diproses' FAILED. (Root cause: com.kms.katalon.core.exception.StepFailedException: Verify element text of test object 'Object Repository/Wakaf Asset Online/Verify Wakaf Asset Diproses' FAILED.
	at com.kms.katalon.core.webui.keyword.internal.WebUIKeywordMain.stepFailed(WebUIKeywordMain.groovy:64)
	at com.kms.katalon.core.webui.keyword.internal.WebUIKeywordMain.runKeyword(WebUIKeywordMain.groovy:26)
	at com.kms.katalon.core.webui.keyword.builtin.VerifyElementTextKeyword.verifyElementText(VerifyElementTextKeyword.groovy:72)
	at com.kms.katalon.core.webui.keyword.builtin.VerifyElementTextKeyword.execute(VerifyElementTextKeyword.groovy:40)
	at com.kms.katalon.core.keyword.internal.KeywordExecutor.executeKeywordForPlatform(KeywordExecutor.groovy:74)
	at com.kms.katalon.core.webui.keyword.WebUiBuiltInKeywords.verifyElementText(WebUiBuiltInKeywords.groovy:4749)
	at com.kms.katalon.core.webui.keyword.WebUiBuiltInKeywords$verifyElementText$6.call(Unknown Source)
	at TC-WAO-008.run(TC-WAO-008:52)
	at com.kms.katalon.core.main.ScriptEngine.run(ScriptEngine.java:194)
	at com.kms.katalon.core.main.ScriptEngine.runScriptAsRawText(ScriptEngine.java:119)
	at com.kms.katalon.core.main.TestCaseExecutor.runScript(TestCaseExecutor.java:448)
	at com.kms.katalon.core.main.TestCaseExecutor.doExecute(TestCaseExecutor.java:439)
	at com.kms.katalon.core.main.TestCaseExecutor.processExecutionPhase(TestCaseExecutor.java:418)
	at com.kms.katalon.core.main.TestCaseExecutor.accessMainPhase(TestCaseExecutor.java:410)
	at com.kms.katalon.core.main.TestCaseExecutor.execute(TestCaseExecutor.java:285)
	at com.kms.katalon.core.common.CommonExecutor.accessTestCaseMainPhase(CommonExecutor.java:65)
	at com.kms.katalon.core.main.TestSuiteExecutor.accessTestSuiteMainPhase(TestSuiteExecutor.java:148)
	at com.kms.katalon.core.main.TestSuiteExecutor.execute(TestSuiteExecutor.java:106)
	at com.kms.katalon.core.main.TestCaseMain.startTestSuite(TestCaseMain.java:187)
	at com.kms.katalon.core.main.TestCaseMain$startTestSuite$0.call(Unknown Source)
	at TempTestSuite1696239986367.run(TempTestSuite1696239986367.groovy:36)
Caused by: com.kms.katalon.core.exception.StepFailedException: Actual text 'Sukses Proses Wakaf Asset, kami akan segera menghubungi anda! Terima kasih' and expected text 'deskripsi wajip diisi' of test object 'Object Repository/Wakaf Asset Online/Verify Wakaf Asset Diproses' are NOT matched.
	at com.kms.katalon.core.webui.keyword.internal.WebUIKeywordMain.stepFailed(WebUIKeywordMain.groovy:64)
	at com.kms.katalon.core.webui.keyword.builtin.VerifyElementTextKeyword$_verifyElementText_closure1.doCall(VerifyElementTextKeyword.groovy:57)
	at com.kms.katalon.core.webui.keyword.builtin.VerifyElementTextKeyword$_verifyElementText_closure1.call(VerifyElementTextKeyword.groovy)
	at com.kms.katalon.core.webui.keyword.internal.WebUIKeywordMain.runKeyword(WebUIKeywordMain.groovy:20)
	... 19 more
)

2023-10-02 16:48:52 - [MESSAGE][FAILED] - Actual text 'Sukses Proses Wakaf Asset, kami akan segera menghubungi anda! Terima kasih' and expected text 'deskripsi wajip diisi' of test object 'Object Repository/Wakaf Asset Online/Verify Wakaf Asset Diproses' are NOT matched. (Root cause: com.kms.katalon.core.exception.StepFailedException: Actual text 'Sukses Proses Wakaf Asset, kami akan segera menghubungi anda! Terima kasih' and expected text 'deskripsi wajip diisi' of test object 'Object Repository/Wakaf Asset Online/Verify Wakaf Asset Diproses' are NOT matched.
	at com.kms.katalon.core.webui.keyword.internal.WebUIKeywordMain.stepFailed(WebUIKeywordMain.groovy:64)
	at com.kms.katalon.core.webui.keyword.builtin.VerifyElementTextKeyword$_verifyElementText_closure1.doCall(VerifyElementTextKeyword.groovy:57)
	at com.kms.katalon.core.webui.keyword.builtin.VerifyElementTextKeyword$_verifyElementText_closure1.call(VerifyElementTextKeyword.groovy)
	at com.kms.katalon.core.webui.keyword.internal.WebUIKeywordMain.runKeyword(WebUIKeywordMain.groovy:20)
	at com.kms.katalon.core.webui.keyword.builtin.VerifyElementTextKeyword.verifyElementText(VerifyElementTextKeyword.groovy:72)
	at com.kms.katalon.core.webui.keyword.builtin.VerifyElementTextKeyword.execute(VerifyElementTextKeyword.groovy:40)
	at com.kms.katalon.core.keyword.internal.KeywordExecutor.executeKeywordForPlatform(KeywordExecutor.groovy:74)
	at com.kms.katalon.core.webui.keyword.WebUiBuiltInKeywords.verifyElementText(WebUiBuiltInKeywords.groovy:4749)
	at com.kms.katalon.core.webui.keyword.WebUiBuiltInKeywords$verifyElementText$6.call(Unknown Source)
	at TC-WAO-008.run(TC-WAO-008:52)
	at com.kms.katalon.core.main.ScriptEngine.run(ScriptEngine.java:194)
	at com.kms.katalon.core.main.ScriptEngine.runScriptAsRawText(ScriptEngine.java:119)
	at com.kms.katalon.core.main.TestCaseExecutor.runScript(TestCaseExecutor.java:448)
	at com.kms.katalon.core.main.TestCaseExecutor.doExecute(TestCaseExecutor.java:439)
	at com.kms.katalon.core.main.TestCaseExecutor.processExecutionPhase(TestCaseExecutor.java:418)
	at com.kms.katalon.core.main.TestCaseExecutor.accessMainPhase(TestCaseExecutor.java:410)
	at com.kms.katalon.core.main.TestCaseExecutor.execute(TestCaseExecutor.java:285)
	at com.kms.katalon.core.common.CommonExecutor.accessTestCaseMainPhase(CommonExecutor.java:65)
	at com.kms.katalon.core.main.TestSuiteExecutor.accessTestSuiteMainPhase(TestSuiteExecutor.java:148)
	at com.kms.katalon.core.main.TestSuiteExecutor.execute(TestSuiteExecutor.java:106)
	at com.kms.katalon.core.main.TestCaseMain.startTestSuite(TestCaseMain.java:187)
	at com.kms.katalon.core.main.TestCaseMain$startTestSuite$0.call(Unknown Source)
	at TempTestSuite1696239986367.run(TempTestSuite1696239986367.groovy:36)
)
[[ATTACHMENT|G:\\Project Xsis\\batch-324-qa\\Riswan\\Tajalapak_com\\Reports\\20231002_164626\\TS-Wakaf Asset Online\\20231002_164626\\1696240132792.png]]

2023-10-02 16:48:53 - [MESSAGE][FAILED] - Verify element text of test object 'Object Repository/Wakaf Asset Online/Verify Wakaf Asset Diproses' FAILED. (Root cause: com.kms.katalon.core.exception.StepFailedException: Verify element text of test object 'Object Repository/Wakaf Asset Online/Verify Wakaf Asset Diproses' FAILED.
	at com.kms.katalon.core.webui.keyword.internal.WebUIKeywordMain.stepFailed(WebUIKeywordMain.groovy:64)
	at com.kms.katalon.core.webui.keyword.internal.WebUIKeywordMain.runKeyword(WebUIKeywordMain.groovy:26)
	at com.kms.katalon.core.webui.keyword.builtin.VerifyElementTextKeyword.verifyElementText(VerifyElementTextKeyword.groovy:72)
	at com.kms.katalon.core.webui.keyword.builtin.VerifyElementTextKeyword.execute(VerifyElementTextKeyword.groovy:40)
	at com.kms.katalon.core.keyword.internal.KeywordExecutor.executeKeywordForPlatform(KeywordExecutor.groovy:74)
	at com.kms.katalon.core.webui.keyword.WebUiBuiltInKeywords.verifyElementText(WebUiBuiltInKeywords.groovy:4749)
	at com.kms.katalon.core.webui.keyword.WebUiBuiltInKeywords$verifyElementText$6.call(Unknown Source)
	at TC-WAO-008.run(TC-WAO-008:52)
	at com.kms.katalon.core.main.ScriptEngine.run(ScriptEngine.java:194)
	at com.kms.katalon.core.main.ScriptEngine.runScriptAsRawText(ScriptEngine.java:119)
	at com.kms.katalon.core.main.TestCaseExecutor.runScript(TestCaseExecutor.java:448)
	at com.kms.katalon.core.main.TestCaseExecutor.doExecute(TestCaseExecutor.java:439)
	at com.kms.katalon.core.main.TestCaseExecutor.processExecutionPhase(TestCaseExecutor.java:418)
	at com.kms.katalon.core.main.TestCaseExecutor.accessMainPhase(TestCaseExecutor.java:410)
	at com.kms.katalon.core.main.TestCaseExecutor.execute(TestCaseExecutor.java:285)
	at com.kms.katalon.core.common.CommonExecutor.accessTestCaseMainPhase(CommonExecutor.java:65)
	at com.kms.katalon.core.main.TestSuiteExecutor.accessTestSuiteMainPhase(TestSuiteExecutor.java:148)
	at com.kms.katalon.core.main.TestSuiteExecutor.execute(TestSuiteExecutor.java:106)
	at com.kms.katalon.core.main.TestCaseMain.startTestSuite(TestCaseMain.java:187)
	at com.kms.katalon.core.main.TestCaseMain$startTestSuite$0.call(Unknown Source)
	at TempTestSuite1696239986367.run(TempTestSuite1696239986367.groovy:36)
Caused by: com.kms.katalon.core.exception.StepFailedException: Actual text 'Sukses Proses Wakaf Asset, kami akan segera menghubungi anda! Terima kasih' and expected text 'deskripsi wajip diisi' of test object 'Object Repository/Wakaf Asset Online/Verify Wakaf Asset Diproses' are NOT matched.
	at com.kms.katalon.core.webui.keyword.internal.WebUIKeywordMain.stepFailed(WebUIKeywordMain.groovy:64)
	at com.kms.katalon.core.webui.keyword.builtin.VerifyElementTextKeyword$_verifyElementText_closure1.doCall(VerifyElementTextKeyword.groovy:57)
	at com.kms.katalon.core.webui.keyword.builtin.VerifyElementTextKeyword$_verifyElementText_closure1.call(VerifyElementTextKeyword.groovy)
	at com.kms.katalon.core.webui.keyword.internal.WebUIKeywordMain.runKeyword(WebUIKeywordMain.groovy:20)
	... 19 more
)
[[ATTACHMENT|G:\\Project Xsis\\batch-324-qa\\Riswan\\Tajalapak_com\\Reports\\20231002_164626\\TS-Wakaf Asset Online\\20231002_164626\\1696240132913.png]]]]></system-out>
         <system-err><![CDATA[2023-10-02 16:48:35 - [TEST_CASE][FAILED] - Test Cases/Wakaf Asset Online/TC-WAO-008: Test Cases/Wakaf Asset Online/TC-WAO-008 FAILED.
Reason:
com.kms.katalon.core.exception.StepFailedException: Verify element text of test object 'Object Repository/Wakaf Asset Online/Verify Wakaf Asset Diproses' FAILED.
	at com.kms.katalon.core.webui.keyword.internal.WebUIKeywordMain.stepFailed(WebUIKeywordMain.groovy:64)
	at com.kms.katalon.core.webui.keyword.internal.WebUIKeywordMain.runKeyword(WebUIKeywordMain.groovy:26)
	at com.kms.katalon.core.webui.keyword.builtin.VerifyElementTextKeyword.verifyElementText(VerifyElementTextKeyword.groovy:72)
	at com.kms.katalon.core.webui.keyword.builtin.VerifyElementTextKeyword.execute(VerifyElementTextKeyword.groovy:40)
	at com.kms.katalon.core.keyword.internal.KeywordExecutor.executeKeywordForPlatform(KeywordExecutor.groovy:74)
	at com.kms.katalon.core.webui.keyword.WebUiBuiltInKeywords.verifyElementText(WebUiBuiltInKeywords.groovy:4749)
	at com.kms.katalon.core.webui.keyword.WebUiBuiltInKeywords$verifyElementText$6.call(Unknown Source)
	at TC-WAO-008.run(TC-WAO-008:52)
	at com.kms.katalon.core.main.ScriptEngine.run(ScriptEngine.java:194)
	at com.kms.katalon.core.main.ScriptEngine.runScriptAsRawText(ScriptEngine.java:119)
	at com.kms.katalon.core.main.TestCaseExecutor.runScript(TestCaseExecutor.java:448)
	at com.kms.katalon.core.main.TestCaseExecutor.doExecute(TestCaseExecutor.java:439)
	at com.kms.katalon.core.main.TestCaseExecutor.processExecutionPhase(TestCaseExecutor.java:418)
	at com.kms.katalon.core.main.TestCaseExecutor.accessMainPhase(TestCaseExecutor.java:410)
	at com.kms.katalon.core.main.TestCaseExecutor.execute(TestCaseExecutor.java:285)
	at com.kms.katalon.core.common.CommonExecutor.accessTestCaseMainPhase(CommonExecutor.java:65)
	at com.kms.katalon.core.main.TestSuiteExecutor.accessTestSuiteMainPhase(TestSuiteExecutor.java:148)
	at com.kms.katalon.core.main.TestSuiteExecutor.execute(TestSuiteExecutor.java:106)
	at com.kms.katalon.core.main.TestCaseMain.startTestSuite(TestCaseMain.java:187)
	at com.kms.katalon.core.main.TestCaseMain$startTestSuite$0.call(Unknown Source)
	at TempTestSuite1696239986367.run(TempTestSuite1696239986367.groovy:36)
Caused by: com.kms.katalon.core.exception.StepFailedException: Actual text 'Sukses Proses Wakaf Asset, kami akan segera menghubungi anda! Terima kasih' and expected text 'deskripsi wajip diisi' of test object 'Object Repository/Wakaf Asset Online/Verify Wakaf Asset Diproses' are NOT matched.
	at com.kms.katalon.core.webui.keyword.internal.WebUIKeywordMain.stepFailed(WebUIKeywordMain.groovy:64)
	at com.kms.katalon.core.webui.keyword.builtin.VerifyElementTextKeyword$_verifyElementText_closure1.doCall(VerifyElementTextKeyword.groovy:57)
	at com.kms.katalon.core.webui.keyword.builtin.VerifyElementTextKeyword$_verifyElementText_closure1.call(VerifyElementTextKeyword.groovy)
	at com.kms.katalon.core.webui.keyword.internal.WebUIKeywordMain.runKeyword(WebUIKeywordMain.groovy:20)
	... 19 more]]></system-err>
      </testcase>
      <testcase name="Test Cases/Wakaf Asset Online/TC-WAO-009" time="24.49" classname="Test Cases/Wakaf Asset Online/TC-WAO-009" status="FAILED">
         <failure type="FAILED" message="Test Cases/Wakaf Asset Online/TC-WAO-009 FAILED.
Reason:
com.kms.katalon.core.exception.StepFailedException: Verify element text of test object 'Object Repository/Wakaf Asset Online/Verify Wakaf Asset Diproses' FAILED.
	at com.kms.katalon.core.webui.keyword.internal.WebUIKeywordMain.stepFailed(WebUIKeywordMain.groovy:64)
	at com.kms.katalon.core.webui.keyword.internal.WebUIKeywordMain.runKeyword(WebUIKeywordMain.groovy:26)
	at com.kms.katalon.core.webui.keyword.builtin.VerifyElementTextKeyword.verifyElementText(VerifyElementTextKeyword.groovy:72)
	at com.kms.katalon.core.webui.keyword.builtin.VerifyElementTextKeyword.execute(VerifyElementTextKeyword.groovy:40)
	at com.kms.katalon.core.keyword.internal.KeywordExecutor.executeKeywordForPlatform(KeywordExecutor.groovy:74)
	at com.kms.katalon.core.webui.keyword.WebUiBuiltInKeywords.verifyElementText(WebUiBuiltInKeywords.groovy:4749)
	at com.kms.katalon.core.webui.keyword.WebUiBuiltInKeywords$verifyElementText$6.call(Unknown Source)
	at TC-WAO-009.run(TC-WAO-009:52)
	at com.kms.katalon.core.main.ScriptEngine.run(ScriptEngine.java:194)
	at com.kms.katalon.core.main.ScriptEngine.runScriptAsRawText(ScriptEngine.java:119)
	at com.kms.katalon.core.main.TestCaseExecutor.runScript(TestCaseExecutor.java:448)
	at com.kms.katalon.core.main.TestCaseExecutor.doExecute(TestCaseExecutor.java:439)
	at com.kms.katalon.core.main.TestCaseExecutor.processExecutionPhase(TestCaseExecutor.java:418)
	at com.kms.katalon.core.main.TestCaseExecutor.accessMainPhase(TestCaseExecutor.java:410)
	at com.kms.katalon.core.main.TestCaseExecutor.execute(TestCaseExecutor.java:285)
	at com.kms.katalon.core.common.CommonExecutor.accessTestCaseMainPhase(CommonExecutor.java:65)
	at com.kms.katalon.core.main.TestSuiteExecutor.accessTestSuiteMainPhase(TestSuiteExecutor.java:148)
	at com.kms.katalon.core.main.TestSuiteExecutor.execute(TestSuiteExecutor.java:106)
	at com.kms.katalon.core.main.TestCaseMain.startTestSuite(TestCaseMain.java:187)
	at com.kms.katalon.core.main.TestCaseMain$startTestSuite$0.call(Unknown Source)
	at TempTestSuite1696239986367.run(TempTestSuite1696239986367.groovy:36)
Caused by: com.kms.katalon.core.exception.StepFailedException: Actual text 'Sukses Proses Wakaf Asset, kami akan segera menghubungi anda! Terima kasih' and expected text 'File Tidak Boleh lebih dari 10 MB' of test object 'Object Repository/Wakaf Asset Online/Verify Wakaf Asset Diproses' are NOT matched.
	at com.kms.katalon.core.webui.keyword.internal.WebUIKeywordMain.stepFailed(WebUIKeywordMain.groovy:64)
	at com.kms.katalon.core.webui.keyword.builtin.VerifyElementTextKeyword$_verifyElementText_closure1.doCall(VerifyElementTextKeyword.groovy:57)
	at com.kms.katalon.core.webui.keyword.builtin.VerifyElementTextKeyword$_verifyElementText_closure1.call(VerifyElementTextKeyword.groovy)
	at com.kms.katalon.core.webui.keyword.internal.WebUIKeywordMain.runKeyword(WebUIKeywordMain.groovy:20)
	... 19 more
"/>
         <system-out><![CDATA[2023-10-02 16:48:53 - [TEST_CASE][FAILED] - Test Cases/Wakaf Asset Online/TC-WAO-009: Test Cases/Wakaf Asset Online/TC-WAO-009 FAILED.
Reason:
com.kms.katalon.core.exception.StepFailedException: Verify element text of test object 'Object Repository/Wakaf Asset Online/Verify Wakaf Asset Diproses' FAILED.
	at com.kms.katalon.core.webui.keyword.internal.WebUIKeywordMain.stepFailed(WebUIKeywordMain.groovy:64)
	at com.kms.katalon.core.webui.keyword.internal.WebUIKeywordMain.runKeyword(WebUIKeywordMain.groovy:26)
	at com.kms.katalon.core.webui.keyword.builtin.VerifyElementTextKeyword.verifyElementText(VerifyElementTextKeyword.groovy:72)
	at com.kms.katalon.core.webui.keyword.builtin.VerifyElementTextKeyword.execute(VerifyElementTextKeyword.groovy:40)
	at com.kms.katalon.core.keyword.internal.KeywordExecutor.executeKeywordForPlatform(KeywordExecutor.groovy:74)
	at com.kms.katalon.core.webui.keyword.WebUiBuiltInKeywords.verifyElementText(WebUiBuiltInKeywords.groovy:4749)
	at com.kms.katalon.core.webui.keyword.WebUiBuiltInKeywords$verifyElementText$6.call(Unknown Source)
	at TC-WAO-009.run(TC-WAO-009:52)
	at com.kms.katalon.core.main.ScriptEngine.run(ScriptEngine.java:194)
	at com.kms.katalon.core.main.ScriptEngine.runScriptAsRawText(ScriptEngine.java:119)
	at com.kms.katalon.core.main.TestCaseExecutor.runScript(TestCaseExecutor.java:448)
	at com.kms.katalon.core.main.TestCaseExecutor.doExecute(TestCaseExecutor.java:439)
	at com.kms.katalon.core.main.TestCaseExecutor.processExecutionPhase(TestCaseExecutor.java:418)
	at com.kms.katalon.core.main.TestCaseExecutor.accessMainPhase(TestCaseExecutor.java:410)
	at com.kms.katalon.core.main.TestCaseExecutor.execute(TestCaseExecutor.java:285)
	at com.kms.katalon.core.common.CommonExecutor.accessTestCaseMainPhase(CommonExecutor.java:65)
	at com.kms.katalon.core.main.TestSuiteExecutor.accessTestSuiteMainPhase(TestSuiteExecutor.java:148)
	at com.kms.katalon.core.main.TestSuiteExecutor.execute(TestSuiteExecutor.java:106)
	at com.kms.katalon.core.main.TestCaseMain.startTestSuite(TestCaseMain.java:187)
	at com.kms.katalon.core.main.TestCaseMain$startTestSuite$0.call(Unknown Source)
	at TempTestSuite1696239986367.run(TempTestSuite1696239986367.groovy:36)
Caused by: com.kms.katalon.core.exception.StepFailedException: Actual text 'Sukses Proses Wakaf Asset, kami akan segera menghubungi anda! Terima kasih' and expected text 'File Tidak Boleh lebih dari 10 MB' of test object 'Object Repository/Wakaf Asset Online/Verify Wakaf Asset Diproses' are NOT matched.
	at com.kms.katalon.core.webui.keyword.internal.WebUIKeywordMain.stepFailed(WebUIKeywordMain.groovy:64)
	at com.kms.katalon.core.webui.keyword.builtin.VerifyElementTextKeyword$_verifyElementText_closure1.doCall(VerifyElementTextKeyword.groovy:57)
	at com.kms.katalon.core.webui.keyword.builtin.VerifyElementTextKeyword$_verifyElementText_closure1.call(VerifyElementTextKeyword.groovy)
	at com.kms.katalon.core.webui.keyword.internal.WebUIKeywordMain.runKeyword(WebUIKeywordMain.groovy:20)
	... 19 more


2023-10-02 16:48:53 - [TEST_STEP][PASSED] - openBrowser("https://10.9.2.63/ecommerce/"): Browser is opened with url: 'https://10.9.2.63/ecommerce/'

2023-10-02 16:48:53 - [MESSAGE][WARNING] - A browser is already opened. Closing browser and opening a new one

2023-10-02 16:48:53 - [MESSAGE][INFO] - Starting 'Edge Chromium' driver

2023-10-02 16:48:53 - [MESSAGE][INFO] - User set preference: ['acceptInsecureCerts', 'true']

2023-10-02 16:48:56 - [MESSAGE][INFO] - Action delay is set to 0 milliseconds

2023-10-02 16:48:59 - [MESSAGE][PASSED] - Browser is opened with url: 'https://10.9.2.63/ecommerce/'

2023-10-02 16:48:59 - [TEST_STEP][PASSED] - maximizeWindow(): Current window maximized

2023-10-02 16:48:59 - [MESSAGE][PASSED] - Current window maximized

2023-10-02 16:48:59 - [TEST_STEP][PASSED] - verifyElementPresent(findTestObject("Login/Button Login"), 0): Object 'Object Repository/Login/Button Login' is present

2023-10-02 16:48:59 - [MESSAGE][WARNING] - Timeout '0' is invalid. Using default page load timeout: '30'

2023-10-02 16:49:00 - [MESSAGE][PASSED] - Object 'Object Repository/Login/Button Login' is present

2023-10-02 16:49:00 - [TEST_STEP][PASSED] - click(findTestObject("Wakaf Asset Online/Donasi")): Object: 'Object Repository/Wakaf Asset Online/Donasi' is clicked on

2023-10-02 16:49:00 - [MESSAGE][PASSED] - Object: 'Object Repository/Wakaf Asset Online/Donasi' is clicked on

2023-10-02 16:49:00 - [TEST_STEP][PASSED] - click(findTestObject("Wakaf Asset Online/Wakaf Asset Donasi")): Object: 'Object Repository/Wakaf Asset Online/Wakaf Asset Donasi' is clicked on

2023-10-02 16:49:01 - [MESSAGE][PASSED] - Object: 'Object Repository/Wakaf Asset Online/Wakaf Asset Donasi' is clicked on

2023-10-02 16:49:01 - [TEST_STEP][PASSED] - verifyElementPresent(findTestObject("Wakaf Asset Online/verify Wakaf Asset Online"), 0): Object 'Object Repository/Wakaf Asset Online/verify Wakaf Asset Online' is present

2023-10-02 16:49:01 - [MESSAGE][WARNING] - Timeout '0' is invalid. Using default page load timeout: '30'

2023-10-02 16:49:02 - [MESSAGE][PASSED] - Object 'Object Repository/Wakaf Asset Online/verify Wakaf Asset Online' is present

2023-10-02 16:49:02 - [TEST_STEP][PASSED] - selectOptionByValue(findTestObject("Wakaf Asset Online/Pilih Type Wakaf"), "Lainnya", false): All options with value 'Lainnya' are selected in object 'Object Repository/Wakaf Asset Online/Pilih Type Wakaf' 

2023-10-02 16:49:02 - [MESSAGE][PASSED] - All options with value 'Lainnya' are selected in object 'Object Repository/Wakaf Asset Online/Pilih Type Wakaf' 

2023-10-02 16:49:02 - [TEST_STEP][PASSED] - setText(findTestObject("Wakaf Asset Online/Input Perkiraan Nilai Asset"), "100000000"): Text '100000000' is set on object 'Object Repository/Wakaf Asset Online/Input Perkiraan Nilai Asset'

2023-10-02 16:49:03 - [MESSAGE][PASSED] - Text '100000000' is set on object 'Object Repository/Wakaf Asset Online/Input Perkiraan Nilai Asset'

2023-10-02 16:49:03 - [TEST_STEP][PASSED] - setText(findTestObject("Wakaf Asset Online/Input Alamat Asset"), "jalan Taruma Jawa Timur"): Text 'jalan Taruma Jawa Timur' is set on object 'Object Repository/Wakaf Asset Online/Input Alamat Asset'

2023-10-02 16:49:04 - [MESSAGE][PASSED] - Text 'jalan Taruma Jawa Timur' is set on object 'Object Repository/Wakaf Asset Online/Input Alamat Asset'

2023-10-02 16:49:04 - [TEST_STEP][PASSED] - setText(findTestObject("Wakaf Asset Online/Keterangan Asset"), ""): Text '' is set on object 'Object Repository/Wakaf Asset Online/Keterangan Asset'

2023-10-02 16:49:05 - [MESSAGE][PASSED] - Text '' is set on object 'Object Repository/Wakaf Asset Online/Keterangan Asset'

2023-10-02 16:49:05 - [TEST_STEP][PASSED] - setText(findTestObject("Wakaf Asset Online/Input Nama Lengkap"), "joko susanto"): Text 'joko susanto' is set on object 'Object Repository/Wakaf Asset Online/Input Nama Lengkap'

2023-10-02 16:49:05 - [MESSAGE][PASSED] - Text 'joko susanto' is set on object 'Object Repository/Wakaf Asset Online/Input Nama Lengkap'

2023-10-02 16:49:05 - [TEST_STEP][PASSED] - setText(findTestObject("Wakaf Asset Online/Input No Handphone"), "085123456789"): Text '085123456789' is set on object 'Object Repository/Wakaf Asset Online/Input No Handphone'

2023-10-02 16:49:06 - [MESSAGE][PASSED] - Text '085123456789' is set on object 'Object Repository/Wakaf Asset Online/Input No Handphone'

2023-10-02 16:49:06 - [TEST_STEP][PASSED] - setText(findTestObject("Wakaf Asset Online/Input Email"), "joko@gmail.com"): Text 'joko@gmail.com' is set on object 'Object Repository/Wakaf Asset Online/Input Email'

2023-10-02 16:49:07 - [MESSAGE][PASSED] - Text 'joko@gmail.com' is set on object 'Object Repository/Wakaf Asset Online/Input Email'

2023-10-02 16:49:07 - [TEST_STEP][PASSED] - uploadFile(findTestObject("Wakaf Asset Online/Input File Upload"), "E:\Pelatihan\Xsis Academy\DJI_0621.DNG"): File 'E:\Pelatihan\Xsis Academy\DJI_0621.DNG' sent to object: 'Object Repository/Wakaf Asset Online/Input File Upload'

2023-10-02 16:49:07 - [MESSAGE][PASSED] - File 'E:\Pelatihan\Xsis Academy\DJI_0621.DNG' sent to object: 'Object Repository/Wakaf Asset Online/Input File Upload'

2023-10-02 16:49:07 - [TEST_STEP][PASSED] - setText(findTestObject("Wakaf Asset Online/Input 2 Digit Terakhir"), "89"): Text '89' is set on object 'Object Repository/Wakaf Asset Online/Input 2 Digit Terakhir'

2023-10-02 16:49:08 - [MESSAGE][PASSED] - Text '89' is set on object 'Object Repository/Wakaf Asset Online/Input 2 Digit Terakhir'

2023-10-02 16:49:08 - [TEST_STEP][PASSED] - click(findTestObject("Wakaf Asset Online/button Wakaf Sekarang")): Object: 'Object Repository/Wakaf Asset Online/button Wakaf Sekarang' is clicked on

2023-10-02 16:49:16 - [MESSAGE][PASSED] - Object: 'Object Repository/Wakaf Asset Online/button Wakaf Sekarang' is clicked on

2023-10-02 16:49:16 - [TEST_STEP][FAILED] - verifyElementText(findTestObject("Wakaf Asset Online/Verify Wakaf Asset Diproses"), "File Tidak Boleh lebih dari 10 MB"): Verify element text of test object 'Object Repository/Wakaf Asset Online/Verify Wakaf Asset Diproses' FAILED. (Root cause: com.kms.katalon.core.exception.StepFailedException: Verify element text of test object 'Object Repository/Wakaf Asset Online/Verify Wakaf Asset Diproses' FAILED.
	at com.kms.katalon.core.webui.keyword.internal.WebUIKeywordMain.stepFailed(WebUIKeywordMain.groovy:64)
	at com.kms.katalon.core.webui.keyword.internal.WebUIKeywordMain.runKeyword(WebUIKeywordMain.groovy:26)
	at com.kms.katalon.core.webui.keyword.builtin.VerifyElementTextKeyword.verifyElementText(VerifyElementTextKeyword.groovy:72)
	at com.kms.katalon.core.webui.keyword.builtin.VerifyElementTextKeyword.execute(VerifyElementTextKeyword.groovy:40)
	at com.kms.katalon.core.keyword.internal.KeywordExecutor.executeKeywordForPlatform(KeywordExecutor.groovy:74)
	at com.kms.katalon.core.webui.keyword.WebUiBuiltInKeywords.verifyElementText(WebUiBuiltInKeywords.groovy:4749)
	at com.kms.katalon.core.webui.keyword.WebUiBuiltInKeywords$verifyElementText$6.call(Unknown Source)
	at TC-WAO-009.run(TC-WAO-009:52)
	at com.kms.katalon.core.main.ScriptEngine.run(ScriptEngine.java:194)
	at com.kms.katalon.core.main.ScriptEngine.runScriptAsRawText(ScriptEngine.java:119)
	at com.kms.katalon.core.main.TestCaseExecutor.runScript(TestCaseExecutor.java:448)
	at com.kms.katalon.core.main.TestCaseExecutor.doExecute(TestCaseExecutor.java:439)
	at com.kms.katalon.core.main.TestCaseExecutor.processExecutionPhase(TestCaseExecutor.java:418)
	at com.kms.katalon.core.main.TestCaseExecutor.accessMainPhase(TestCaseExecutor.java:410)
	at com.kms.katalon.core.main.TestCaseExecutor.execute(TestCaseExecutor.java:285)
	at com.kms.katalon.core.common.CommonExecutor.accessTestCaseMainPhase(CommonExecutor.java:65)
	at com.kms.katalon.core.main.TestSuiteExecutor.accessTestSuiteMainPhase(TestSuiteExecutor.java:148)
	at com.kms.katalon.core.main.TestSuiteExecutor.execute(TestSuiteExecutor.java:106)
	at com.kms.katalon.core.main.TestCaseMain.startTestSuite(TestCaseMain.java:187)
	at com.kms.katalon.core.main.TestCaseMain$startTestSuite$0.call(Unknown Source)
	at TempTestSuite1696239986367.run(TempTestSuite1696239986367.groovy:36)
Caused by: com.kms.katalon.core.exception.StepFailedException: Actual text 'Sukses Proses Wakaf Asset, kami akan segera menghubungi anda! Terima kasih' and expected text 'File Tidak Boleh lebih dari 10 MB' of test object 'Object Repository/Wakaf Asset Online/Verify Wakaf Asset Diproses' are NOT matched.
	at com.kms.katalon.core.webui.keyword.internal.WebUIKeywordMain.stepFailed(WebUIKeywordMain.groovy:64)
	at com.kms.katalon.core.webui.keyword.builtin.VerifyElementTextKeyword$_verifyElementText_closure1.doCall(VerifyElementTextKeyword.groovy:57)
	at com.kms.katalon.core.webui.keyword.builtin.VerifyElementTextKeyword$_verifyElementText_closure1.call(VerifyElementTextKeyword.groovy)
	at com.kms.katalon.core.webui.keyword.internal.WebUIKeywordMain.runKeyword(WebUIKeywordMain.groovy:20)
	... 19 more
)

2023-10-02 16:49:17 - [MESSAGE][FAILED] - Actual text 'Sukses Proses Wakaf Asset, kami akan segera menghubungi anda! Terima kasih' and expected text 'File Tidak Boleh lebih dari 10 MB' of test object 'Object Repository/Wakaf Asset Online/Verify Wakaf Asset Diproses' are NOT matched. (Root cause: com.kms.katalon.core.exception.StepFailedException: Actual text 'Sukses Proses Wakaf Asset, kami akan segera menghubungi anda! Terima kasih' and expected text 'File Tidak Boleh lebih dari 10 MB' of test object 'Object Repository/Wakaf Asset Online/Verify Wakaf Asset Diproses' are NOT matched.
	at com.kms.katalon.core.webui.keyword.internal.WebUIKeywordMain.stepFailed(WebUIKeywordMain.groovy:64)
	at com.kms.katalon.core.webui.keyword.builtin.VerifyElementTextKeyword$_verifyElementText_closure1.doCall(VerifyElementTextKeyword.groovy:57)
	at com.kms.katalon.core.webui.keyword.builtin.VerifyElementTextKeyword$_verifyElementText_closure1.call(VerifyElementTextKeyword.groovy)
	at com.kms.katalon.core.webui.keyword.internal.WebUIKeywordMain.runKeyword(WebUIKeywordMain.groovy:20)
	at com.kms.katalon.core.webui.keyword.builtin.VerifyElementTextKeyword.verifyElementText(VerifyElementTextKeyword.groovy:72)
	at com.kms.katalon.core.webui.keyword.builtin.VerifyElementTextKeyword.execute(VerifyElementTextKeyword.groovy:40)
	at com.kms.katalon.core.keyword.internal.KeywordExecutor.executeKeywordForPlatform(KeywordExecutor.groovy:74)
	at com.kms.katalon.core.webui.keyword.WebUiBuiltInKeywords.verifyElementText(WebUiBuiltInKeywords.groovy:4749)
	at com.kms.katalon.core.webui.keyword.WebUiBuiltInKeywords$verifyElementText$6.call(Unknown Source)
	at TC-WAO-009.run(TC-WAO-009:52)
	at com.kms.katalon.core.main.ScriptEngine.run(ScriptEngine.java:194)
	at com.kms.katalon.core.main.ScriptEngine.runScriptAsRawText(ScriptEngine.java:119)
	at com.kms.katalon.core.main.TestCaseExecutor.runScript(TestCaseExecutor.java:448)
	at com.kms.katalon.core.main.TestCaseExecutor.doExecute(TestCaseExecutor.java:439)
	at com.kms.katalon.core.main.TestCaseExecutor.processExecutionPhase(TestCaseExecutor.java:418)
	at com.kms.katalon.core.main.TestCaseExecutor.accessMainPhase(TestCaseExecutor.java:410)
	at com.kms.katalon.core.main.TestCaseExecutor.execute(TestCaseExecutor.java:285)
	at com.kms.katalon.core.common.CommonExecutor.accessTestCaseMainPhase(CommonExecutor.java:65)
	at com.kms.katalon.core.main.TestSuiteExecutor.accessTestSuiteMainPhase(TestSuiteExecutor.java:148)
	at com.kms.katalon.core.main.TestSuiteExecutor.execute(TestSuiteExecutor.java:106)
	at com.kms.katalon.core.main.TestCaseMain.startTestSuite(TestCaseMain.java:187)
	at com.kms.katalon.core.main.TestCaseMain$startTestSuite$0.call(Unknown Source)
	at TempTestSuite1696239986367.run(TempTestSuite1696239986367.groovy:36)
)
[[ATTACHMENT|G:\\Project Xsis\\batch-324-qa\\Riswan\\Tajalapak_com\\Reports\\20231002_164626\\TS-Wakaf Asset Online\\20231002_164626\\1696240157301.png]]

2023-10-02 16:49:17 - [MESSAGE][FAILED] - Verify element text of test object 'Object Repository/Wakaf Asset Online/Verify Wakaf Asset Diproses' FAILED. (Root cause: com.kms.katalon.core.exception.StepFailedException: Verify element text of test object 'Object Repository/Wakaf Asset Online/Verify Wakaf Asset Diproses' FAILED.
	at com.kms.katalon.core.webui.keyword.internal.WebUIKeywordMain.stepFailed(WebUIKeywordMain.groovy:64)
	at com.kms.katalon.core.webui.keyword.internal.WebUIKeywordMain.runKeyword(WebUIKeywordMain.groovy:26)
	at com.kms.katalon.core.webui.keyword.builtin.VerifyElementTextKeyword.verifyElementText(VerifyElementTextKeyword.groovy:72)
	at com.kms.katalon.core.webui.keyword.builtin.VerifyElementTextKeyword.execute(VerifyElementTextKeyword.groovy:40)
	at com.kms.katalon.core.keyword.internal.KeywordExecutor.executeKeywordForPlatform(KeywordExecutor.groovy:74)
	at com.kms.katalon.core.webui.keyword.WebUiBuiltInKeywords.verifyElementText(WebUiBuiltInKeywords.groovy:4749)
	at com.kms.katalon.core.webui.keyword.WebUiBuiltInKeywords$verifyElementText$6.call(Unknown Source)
	at TC-WAO-009.run(TC-WAO-009:52)
	at com.kms.katalon.core.main.ScriptEngine.run(ScriptEngine.java:194)
	at com.kms.katalon.core.main.ScriptEngine.runScriptAsRawText(ScriptEngine.java:119)
	at com.kms.katalon.core.main.TestCaseExecutor.runScript(TestCaseExecutor.java:448)
	at com.kms.katalon.core.main.TestCaseExecutor.doExecute(TestCaseExecutor.java:439)
	at com.kms.katalon.core.main.TestCaseExecutor.processExecutionPhase(TestCaseExecutor.java:418)
	at com.kms.katalon.core.main.TestCaseExecutor.accessMainPhase(TestCaseExecutor.java:410)
	at com.kms.katalon.core.main.TestCaseExecutor.execute(TestCaseExecutor.java:285)
	at com.kms.katalon.core.common.CommonExecutor.accessTestCaseMainPhase(CommonExecutor.java:65)
	at com.kms.katalon.core.main.TestSuiteExecutor.accessTestSuiteMainPhase(TestSuiteExecutor.java:148)
	at com.kms.katalon.core.main.TestSuiteExecutor.execute(TestSuiteExecutor.java:106)
	at com.kms.katalon.core.main.TestCaseMain.startTestSuite(TestCaseMain.java:187)
	at com.kms.katalon.core.main.TestCaseMain$startTestSuite$0.call(Unknown Source)
	at TempTestSuite1696239986367.run(TempTestSuite1696239986367.groovy:36)
Caused by: com.kms.katalon.core.exception.StepFailedException: Actual text 'Sukses Proses Wakaf Asset, kami akan segera menghubungi anda! Terima kasih' and expected text 'File Tidak Boleh lebih dari 10 MB' of test object 'Object Repository/Wakaf Asset Online/Verify Wakaf Asset Diproses' are NOT matched.
	at com.kms.katalon.core.webui.keyword.internal.WebUIKeywordMain.stepFailed(WebUIKeywordMain.groovy:64)
	at com.kms.katalon.core.webui.keyword.builtin.VerifyElementTextKeyword$_verifyElementText_closure1.doCall(VerifyElementTextKeyword.groovy:57)
	at com.kms.katalon.core.webui.keyword.builtin.VerifyElementTextKeyword$_verifyElementText_closure1.call(VerifyElementTextKeyword.groovy)
	at com.kms.katalon.core.webui.keyword.internal.WebUIKeywordMain.runKeyword(WebUIKeywordMain.groovy:20)
	... 19 more
)
[[ATTACHMENT|G:\\Project Xsis\\batch-324-qa\\Riswan\\Tajalapak_com\\Reports\\20231002_164626\\TS-Wakaf Asset Online\\20231002_164626\\1696240157396.png]]]]></system-out>
         <system-err><![CDATA[2023-10-02 16:48:53 - [TEST_CASE][FAILED] - Test Cases/Wakaf Asset Online/TC-WAO-009: Test Cases/Wakaf Asset Online/TC-WAO-009 FAILED.
Reason:
com.kms.katalon.core.exception.StepFailedException: Verify element text of test object 'Object Repository/Wakaf Asset Online/Verify Wakaf Asset Diproses' FAILED.
	at com.kms.katalon.core.webui.keyword.internal.WebUIKeywordMain.stepFailed(WebUIKeywordMain.groovy:64)
	at com.kms.katalon.core.webui.keyword.internal.WebUIKeywordMain.runKeyword(WebUIKeywordMain.groovy:26)
	at com.kms.katalon.core.webui.keyword.builtin.VerifyElementTextKeyword.verifyElementText(VerifyElementTextKeyword.groovy:72)
	at com.kms.katalon.core.webui.keyword.builtin.VerifyElementTextKeyword.execute(VerifyElementTextKeyword.groovy:40)
	at com.kms.katalon.core.keyword.internal.KeywordExecutor.executeKeywordForPlatform(KeywordExecutor.groovy:74)
	at com.kms.katalon.core.webui.keyword.WebUiBuiltInKeywords.verifyElementText(WebUiBuiltInKeywords.groovy:4749)
	at com.kms.katalon.core.webui.keyword.WebUiBuiltInKeywords$verifyElementText$6.call(Unknown Source)
	at TC-WAO-009.run(TC-WAO-009:52)
	at com.kms.katalon.core.main.ScriptEngine.run(ScriptEngine.java:194)
	at com.kms.katalon.core.main.ScriptEngine.runScriptAsRawText(ScriptEngine.java:119)
	at com.kms.katalon.core.main.TestCaseExecutor.runScript(TestCaseExecutor.java:448)
	at com.kms.katalon.core.main.TestCaseExecutor.doExecute(TestCaseExecutor.java:439)
	at com.kms.katalon.core.main.TestCaseExecutor.processExecutionPhase(TestCaseExecutor.java:418)
	at com.kms.katalon.core.main.TestCaseExecutor.accessMainPhase(TestCaseExecutor.java:410)
	at com.kms.katalon.core.main.TestCaseExecutor.execute(TestCaseExecutor.java:285)
	at com.kms.katalon.core.common.CommonExecutor.accessTestCaseMainPhase(CommonExecutor.java:65)
	at com.kms.katalon.core.main.TestSuiteExecutor.accessTestSuiteMainPhase(TestSuiteExecutor.java:148)
	at com.kms.katalon.core.main.TestSuiteExecutor.execute(TestSuiteExecutor.java:106)
	at com.kms.katalon.core.main.TestCaseMain.startTestSuite(TestCaseMain.java:187)
	at com.kms.katalon.core.main.TestCaseMain$startTestSuite$0.call(Unknown Source)
	at TempTestSuite1696239986367.run(TempTestSuite1696239986367.groovy:36)
Caused by: com.kms.katalon.core.exception.StepFailedException: Actual text 'Sukses Proses Wakaf Asset, kami akan segera menghubungi anda! Terima kasih' and expected text 'File Tidak Boleh lebih dari 10 MB' of test object 'Object Repository/Wakaf Asset Online/Verify Wakaf Asset Diproses' are NOT matched.
	at com.kms.katalon.core.webui.keyword.internal.WebUIKeywordMain.stepFailed(WebUIKeywordMain.groovy:64)
	at com.kms.katalon.core.webui.keyword.builtin.VerifyElementTextKeyword$_verifyElementText_closure1.doCall(VerifyElementTextKeyword.groovy:57)
	at com.kms.katalon.core.webui.keyword.builtin.VerifyElementTextKeyword$_verifyElementText_closure1.call(VerifyElementTextKeyword.groovy)
	at com.kms.katalon.core.webui.keyword.internal.WebUIKeywordMain.runKeyword(WebUIKeywordMain.groovy:20)
	... 19 more]]></system-err>
      </testcase>
      <testcase name="Test Cases/Wakaf Asset Online/TC-WAO-010" time="47.475" classname="Test Cases/Wakaf Asset Online/TC-WAO-010" status="FAILED">
         <failure type="FAILED" message="Test Cases/Wakaf Asset Online/TC-WAO-010 FAILED.
Reason:
com.kms.katalon.core.exception.StepFailedException: Unable to verify object 'Object Repository/Wakaf Asset Online/Verify Wakaf Asset Diproses' is not present
	at com.kms.katalon.core.webui.keyword.internal.WebUIKeywordMain.stepFailed(WebUIKeywordMain.groovy:64)
	at com.kms.katalon.core.webui.keyword.internal.WebUIKeywordMain.runKeyword(WebUIKeywordMain.groovy:26)
	at com.kms.katalon.core.webui.keyword.internal.WebUIKeywordMain$runKeyword.call(Unknown Source)
	at com.kms.katalon.core.webui.keyword.builtin.VerifyElementNotPresentKeyword.verifyElementNotPresent(VerifyElementNotPresentKeyword.groovy:122)
	at com.kms.katalon.core.webui.keyword.builtin.VerifyElementNotPresentKeyword.execute(VerifyElementNotPresentKeyword.groovy:68)
	at com.kms.katalon.core.keyword.internal.KeywordExecutor.executeKeywordForPlatform(KeywordExecutor.groovy:74)
	at com.kms.katalon.core.webui.keyword.WebUiBuiltInKeywords.verifyElementNotPresent(WebUiBuiltInKeywords.groovy:1497)
	at com.kms.katalon.core.webui.keyword.WebUiBuiltInKeywords$verifyElementNotPresent$7.call(Unknown Source)
	at TC-WAO-010.run(TC-WAO-010:52)
	at com.kms.katalon.core.main.ScriptEngine.run(ScriptEngine.java:194)
	at com.kms.katalon.core.main.ScriptEngine.runScriptAsRawText(ScriptEngine.java:119)
	at com.kms.katalon.core.main.TestCaseExecutor.runScript(TestCaseExecutor.java:448)
	at com.kms.katalon.core.main.TestCaseExecutor.doExecute(TestCaseExecutor.java:439)
	at com.kms.katalon.core.main.TestCaseExecutor.processExecutionPhase(TestCaseExecutor.java:418)
	at com.kms.katalon.core.main.TestCaseExecutor.accessMainPhase(TestCaseExecutor.java:410)
	at com.kms.katalon.core.main.TestCaseExecutor.execute(TestCaseExecutor.java:285)
	at com.kms.katalon.core.common.CommonExecutor.accessTestCaseMainPhase(CommonExecutor.java:65)
	at com.kms.katalon.core.main.TestSuiteExecutor.accessTestSuiteMainPhase(TestSuiteExecutor.java:148)
	at com.kms.katalon.core.main.TestSuiteExecutor.execute(TestSuiteExecutor.java:106)
	at com.kms.katalon.core.main.TestCaseMain.startTestSuite(TestCaseMain.java:187)
	at com.kms.katalon.core.main.TestCaseMain$startTestSuite$0.call(Unknown Source)
	at TempTestSuite1696239986367.run(TempTestSuite1696239986367.groovy:36)
Caused by: com.kms.katalon.core.exception.StepFailedException: Web element with id: 'Object Repository/Wakaf Asset Online/Verify Wakaf Asset Diproses' located by 'By.xpath: (.//*[normalize-space(text()) and normalize-space(.)='Wakaf Asset Online'])[3]/following::center[1]' is present after '30' second(s)
	at com.kms.katalon.core.webui.keyword.internal.WebUIKeywordMain.stepFailed(WebUIKeywordMain.groovy:64)
	at com.kms.katalon.core.webui.keyword.internal.WebUIKeywordMain$stepFailed$0.call(Unknown Source)
	at com.kms.katalon.core.webui.keyword.builtin.VerifyElementNotPresentKeyword$_verifyElementNotPresent_closure1.doCall(VerifyElementNotPresentKeyword.groovy:113)
	at com.kms.katalon.core.webui.keyword.builtin.VerifyElementNotPresentKeyword$_verifyElementNotPresent_closure1.doCall(VerifyElementNotPresentKeyword.groovy)
	at com.kms.katalon.core.webui.keyword.internal.WebUIKeywordMain.runKeyword(WebUIKeywordMain.groovy:20)
	... 20 more
"/>
         <system-out><![CDATA[2023-10-02 16:49:17 - [TEST_CASE][FAILED] - Test Cases/Wakaf Asset Online/TC-WAO-010: Test Cases/Wakaf Asset Online/TC-WAO-010 FAILED.
Reason:
com.kms.katalon.core.exception.StepFailedException: Unable to verify object 'Object Repository/Wakaf Asset Online/Verify Wakaf Asset Diproses' is not present
	at com.kms.katalon.core.webui.keyword.internal.WebUIKeywordMain.stepFailed(WebUIKeywordMain.groovy:64)
	at com.kms.katalon.core.webui.keyword.internal.WebUIKeywordMain.runKeyword(WebUIKeywordMain.groovy:26)
	at com.kms.katalon.core.webui.keyword.internal.WebUIKeywordMain$runKeyword.call(Unknown Source)
	at com.kms.katalon.core.webui.keyword.builtin.VerifyElementNotPresentKeyword.verifyElementNotPresent(VerifyElementNotPresentKeyword.groovy:122)
	at com.kms.katalon.core.webui.keyword.builtin.VerifyElementNotPresentKeyword.execute(VerifyElementNotPresentKeyword.groovy:68)
	at com.kms.katalon.core.keyword.internal.KeywordExecutor.executeKeywordForPlatform(KeywordExecutor.groovy:74)
	at com.kms.katalon.core.webui.keyword.WebUiBuiltInKeywords.verifyElementNotPresent(WebUiBuiltInKeywords.groovy:1497)
	at com.kms.katalon.core.webui.keyword.WebUiBuiltInKeywords$verifyElementNotPresent$7.call(Unknown Source)
	at TC-WAO-010.run(TC-WAO-010:52)
	at com.kms.katalon.core.main.ScriptEngine.run(ScriptEngine.java:194)
	at com.kms.katalon.core.main.ScriptEngine.runScriptAsRawText(ScriptEngine.java:119)
	at com.kms.katalon.core.main.TestCaseExecutor.runScript(TestCaseExecutor.java:448)
	at com.kms.katalon.core.main.TestCaseExecutor.doExecute(TestCaseExecutor.java:439)
	at com.kms.katalon.core.main.TestCaseExecutor.processExecutionPhase(TestCaseExecutor.java:418)
	at com.kms.katalon.core.main.TestCaseExecutor.accessMainPhase(TestCaseExecutor.java:410)
	at com.kms.katalon.core.main.TestCaseExecutor.execute(TestCaseExecutor.java:285)
	at com.kms.katalon.core.common.CommonExecutor.accessTestCaseMainPhase(CommonExecutor.java:65)
	at com.kms.katalon.core.main.TestSuiteExecutor.accessTestSuiteMainPhase(TestSuiteExecutor.java:148)
	at com.kms.katalon.core.main.TestSuiteExecutor.execute(TestSuiteExecutor.java:106)
	at com.kms.katalon.core.main.TestCaseMain.startTestSuite(TestCaseMain.java:187)
	at com.kms.katalon.core.main.TestCaseMain$startTestSuite$0.call(Unknown Source)
	at TempTestSuite1696239986367.run(TempTestSuite1696239986367.groovy:36)
Caused by: com.kms.katalon.core.exception.StepFailedException: Web element with id: 'Object Repository/Wakaf Asset Online/Verify Wakaf Asset Diproses' located by 'By.xpath: (.//*[normalize-space(text()) and normalize-space(.)='Wakaf Asset Online'])[3]/following::center[1]' is present after '30' second(s)
	at com.kms.katalon.core.webui.keyword.internal.WebUIKeywordMain.stepFailed(WebUIKeywordMain.groovy:64)
	at com.kms.katalon.core.webui.keyword.internal.WebUIKeywordMain$stepFailed$0.call(Unknown Source)
	at com.kms.katalon.core.webui.keyword.builtin.VerifyElementNotPresentKeyword$_verifyElementNotPresent_closure1.doCall(VerifyElementNotPresentKeyword.groovy:113)
	at com.kms.katalon.core.webui.keyword.builtin.VerifyElementNotPresentKeyword$_verifyElementNotPresent_closure1.doCall(VerifyElementNotPresentKeyword.groovy)
	at com.kms.katalon.core.webui.keyword.internal.WebUIKeywordMain.runKeyword(WebUIKeywordMain.groovy:20)
	... 20 more


2023-10-02 16:49:17 - [TEST_STEP][PASSED] - openBrowser("https://10.9.2.63/ecommerce/"): Browser is opened with url: 'https://10.9.2.63/ecommerce/'

2023-10-02 16:49:17 - [MESSAGE][WARNING] - A browser is already opened. Closing browser and opening a new one

2023-10-02 16:49:18 - [MESSAGE][INFO] - Starting 'Edge Chromium' driver

2023-10-02 16:49:18 - [MESSAGE][INFO] - User set preference: ['acceptInsecureCerts', 'true']

2023-10-02 16:49:20 - [MESSAGE][INFO] - Action delay is set to 0 milliseconds

2023-10-02 16:49:24 - [MESSAGE][PASSED] - Browser is opened with url: 'https://10.9.2.63/ecommerce/'

2023-10-02 16:49:24 - [TEST_STEP][PASSED] - maximizeWindow(): Current window maximized

2023-10-02 16:49:24 - [MESSAGE][PASSED] - Current window maximized

2023-10-02 16:49:24 - [TEST_STEP][PASSED] - verifyElementPresent(findTestObject("Search Product/Verify Page Tajalapak"), 0): Object 'Object Repository/Search Product/Verify Page Tajalapak' is present

2023-10-02 16:49:24 - [MESSAGE][WARNING] - Timeout '0' is invalid. Using default page load timeout: '30'

2023-10-02 16:49:24 - [MESSAGE][PASSED] - Object 'Object Repository/Search Product/Verify Page Tajalapak' is present

2023-10-02 16:49:24 - [TEST_STEP][PASSED] - click(findTestObject("Wakaf Asset Online/Donasi")): Object: 'Object Repository/Wakaf Asset Online/Donasi' is clicked on

2023-10-02 16:49:25 - [MESSAGE][PASSED] - Object: 'Object Repository/Wakaf Asset Online/Donasi' is clicked on

2023-10-02 16:49:25 - [TEST_STEP][PASSED] - click(findTestObject("Wakaf Asset Online/Wakaf Asset Donasi")): Object: 'Object Repository/Wakaf Asset Online/Wakaf Asset Donasi' is clicked on

2023-10-02 16:49:26 - [MESSAGE][PASSED] - Object: 'Object Repository/Wakaf Asset Online/Wakaf Asset Donasi' is clicked on

2023-10-02 16:49:26 - [TEST_STEP][PASSED] - verifyElementPresent(findTestObject("Wakaf Asset Online/verify Wakaf Asset Online"), 0): Object 'Object Repository/Wakaf Asset Online/verify Wakaf Asset Online' is present

2023-10-02 16:49:26 - [MESSAGE][WARNING] - Timeout '0' is invalid. Using default page load timeout: '30'

2023-10-02 16:49:26 - [MESSAGE][PASSED] - Object 'Object Repository/Wakaf Asset Online/verify Wakaf Asset Online' is present

2023-10-02 16:49:26 - [TEST_STEP][PASSED] - selectOptionByValue(findTestObject("Wakaf Asset Online/Pilih Type Wakaf"), "Bangunan", false): All options with value 'Bangunan' are selected in object 'Object Repository/Wakaf Asset Online/Pilih Type Wakaf' 

2023-10-02 16:49:27 - [MESSAGE][PASSED] - All options with value 'Bangunan' are selected in object 'Object Repository/Wakaf Asset Online/Pilih Type Wakaf' 

2023-10-02 16:49:27 - [TEST_STEP][PASSED] - setText(findTestObject("Wakaf Asset Online/Input Perkiraan Nilai Asset"), "100000000"): Text '100000000' is set on object 'Object Repository/Wakaf Asset Online/Input Perkiraan Nilai Asset'

2023-10-02 16:49:28 - [MESSAGE][PASSED] - Text '100000000' is set on object 'Object Repository/Wakaf Asset Online/Input Perkiraan Nilai Asset'

2023-10-02 16:49:28 - [TEST_STEP][PASSED] - setText(findTestObject("Wakaf Asset Online/Input Alamat Asset"), "Jalan Taruma Jawa Timur"): Text 'Jalan Taruma Jawa Timur' is set on object 'Object Repository/Wakaf Asset Online/Input Alamat Asset'

2023-10-02 16:49:29 - [MESSAGE][PASSED] - Text 'Jalan Taruma Jawa Timur' is set on object 'Object Repository/Wakaf Asset Online/Input Alamat Asset'

2023-10-02 16:49:29 - [TEST_STEP][PASSED] - setText(findTestObject("Wakaf Asset Online/Keterangan Asset"), ""): Text '' is set on object 'Object Repository/Wakaf Asset Online/Keterangan Asset'

2023-10-02 16:49:29 - [MESSAGE][PASSED] - Text '' is set on object 'Object Repository/Wakaf Asset Online/Keterangan Asset'

2023-10-02 16:49:29 - [TEST_STEP][PASSED] - setText(findTestObject("Wakaf Asset Online/Input Nama Lengkap"), "~!@#$%^&*()"): Text '~!@#$%^&*()' is set on object 'Object Repository/Wakaf Asset Online/Input Nama Lengkap'

2023-10-02 16:49:30 - [MESSAGE][PASSED] - Text '~!@#$%^&*()' is set on object 'Object Repository/Wakaf Asset Online/Input Nama Lengkap'

2023-10-02 16:49:30 - [TEST_STEP][PASSED] - setText(findTestObject("Wakaf Asset Online/Input No Handphone"), "085123456789"): Text '085123456789' is set on object 'Object Repository/Wakaf Asset Online/Input No Handphone'

2023-10-02 16:49:31 - [MESSAGE][PASSED] - Text '085123456789' is set on object 'Object Repository/Wakaf Asset Online/Input No Handphone'

2023-10-02 16:49:31 - [TEST_STEP][PASSED] - setText(findTestObject("Wakaf Asset Online/Input Email"), "joko@gmail.com"): Text 'joko@gmail.com' is set on object 'Object Repository/Wakaf Asset Online/Input Email'

2023-10-02 16:49:32 - [MESSAGE][PASSED] - Text 'joko@gmail.com' is set on object 'Object Repository/Wakaf Asset Online/Input Email'

2023-10-02 16:49:32 - [TEST_STEP][PASSED] - uploadFile(findTestObject("Wakaf Asset Online/Input File Upload"), "E:\minions.png"): File 'E:\minions.png' sent to object: 'Object Repository/Wakaf Asset Online/Input File Upload'

2023-10-02 16:49:32 - [MESSAGE][PASSED] - File 'E:\minions.png' sent to object: 'Object Repository/Wakaf Asset Online/Input File Upload'

2023-10-02 16:49:32 - [TEST_STEP][PASSED] - setText(findTestObject("Wakaf Asset Online/Input 2 Digit Terakhir"), "89"): Text '89' is set on object 'Object Repository/Wakaf Asset Online/Input 2 Digit Terakhir'

2023-10-02 16:49:33 - [MESSAGE][PASSED] - Text '89' is set on object 'Object Repository/Wakaf Asset Online/Input 2 Digit Terakhir'

2023-10-02 16:49:33 - [TEST_STEP][PASSED] - click(findTestObject("Wakaf Asset Online/button Wakaf Sekarang")): Object: 'Object Repository/Wakaf Asset Online/button Wakaf Sekarang' is clicked on

2023-10-02 16:49:34 - [MESSAGE][PASSED] - Object: 'Object Repository/Wakaf Asset Online/button Wakaf Sekarang' is clicked on

2023-10-02 16:49:34 - [TEST_STEP][FAILED] - verifyElementNotPresent(findTestObject("Wakaf Asset Online/Verify Wakaf Asset Diproses"), 0): Unable to verify object 'Object Repository/Wakaf Asset Online/Verify Wakaf Asset Diproses' is not present (Root cause: com.kms.katalon.core.exception.StepFailedException: Unable to verify object 'Object Repository/Wakaf Asset Online/Verify Wakaf Asset Diproses' is not present
	at com.kms.katalon.core.webui.keyword.internal.WebUIKeywordMain.stepFailed(WebUIKeywordMain.groovy:64)
	at com.kms.katalon.core.webui.keyword.internal.WebUIKeywordMain.runKeyword(WebUIKeywordMain.groovy:26)
	at com.kms.katalon.core.webui.keyword.internal.WebUIKeywordMain$runKeyword.call(Unknown Source)
	at com.kms.katalon.core.webui.keyword.builtin.VerifyElementNotPresentKeyword.verifyElementNotPresent(VerifyElementNotPresentKeyword.groovy:122)
	at com.kms.katalon.core.webui.keyword.builtin.VerifyElementNotPresentKeyword.execute(VerifyElementNotPresentKeyword.groovy:68)
	at com.kms.katalon.core.keyword.internal.KeywordExecutor.executeKeywordForPlatform(KeywordExecutor.groovy:74)
	at com.kms.katalon.core.webui.keyword.WebUiBuiltInKeywords.verifyElementNotPresent(WebUiBuiltInKeywords.groovy:1497)
	at com.kms.katalon.core.webui.keyword.WebUiBuiltInKeywords$verifyElementNotPresent$7.call(Unknown Source)
	at TC-WAO-010.run(TC-WAO-010:52)
	at com.kms.katalon.core.main.ScriptEngine.run(ScriptEngine.java:194)
	at com.kms.katalon.core.main.ScriptEngine.runScriptAsRawText(ScriptEngine.java:119)
	at com.kms.katalon.core.main.TestCaseExecutor.runScript(TestCaseExecutor.java:448)
	at com.kms.katalon.core.main.TestCaseExecutor.doExecute(TestCaseExecutor.java:439)
	at com.kms.katalon.core.main.TestCaseExecutor.processExecutionPhase(TestCaseExecutor.java:418)
	at com.kms.katalon.core.main.TestCaseExecutor.accessMainPhase(TestCaseExecutor.java:410)
	at com.kms.katalon.core.main.TestCaseExecutor.execute(TestCaseExecutor.java:285)
	at com.kms.katalon.core.common.CommonExecutor.accessTestCaseMainPhase(CommonExecutor.java:65)
	at com.kms.katalon.core.main.TestSuiteExecutor.accessTestSuiteMainPhase(TestSuiteExecutor.java:148)
	at com.kms.katalon.core.main.TestSuiteExecutor.execute(TestSuiteExecutor.java:106)
	at com.kms.katalon.core.main.TestCaseMain.startTestSuite(TestCaseMain.java:187)
	at com.kms.katalon.core.main.TestCaseMain$startTestSuite$0.call(Unknown Source)
	at TempTestSuite1696239986367.run(TempTestSuite1696239986367.groovy:36)
Caused by: com.kms.katalon.core.exception.StepFailedException: Web element with id: 'Object Repository/Wakaf Asset Online/Verify Wakaf Asset Diproses' located by 'By.xpath: (.//*[normalize-space(text()) and normalize-space(.)='Wakaf Asset Online'])[3]/following::center[1]' is present after '30' second(s)
	at com.kms.katalon.core.webui.keyword.internal.WebUIKeywordMain.stepFailed(WebUIKeywordMain.groovy:64)
	at com.kms.katalon.core.webui.keyword.internal.WebUIKeywordMain$stepFailed$0.call(Unknown Source)
	at com.kms.katalon.core.webui.keyword.builtin.VerifyElementNotPresentKeyword$_verifyElementNotPresent_closure1.doCall(VerifyElementNotPresentKeyword.groovy:113)
	at com.kms.katalon.core.webui.keyword.builtin.VerifyElementNotPresentKeyword$_verifyElementNotPresent_closure1.doCall(VerifyElementNotPresentKeyword.groovy)
	at com.kms.katalon.core.webui.keyword.internal.WebUIKeywordMain.runKeyword(WebUIKeywordMain.groovy:20)
	... 20 more
)

2023-10-02 16:49:34 - [MESSAGE][WARNING] - Timeout '0' is invalid. Using default page load timeout: '30'

2023-10-02 16:50:04 - [MESSAGE][FAILED] - Web element with id: 'Object Repository/Wakaf Asset Online/Verify Wakaf Asset Diproses' located by 'By.xpath: (.//*[normalize-space(text()) and normalize-space(.)='Wakaf Asset Online'])[3]/following::center[1]' is present after '30' second(s) (Root cause: com.kms.katalon.core.exception.StepFailedException: Web element with id: 'Object Repository/Wakaf Asset Online/Verify Wakaf Asset Diproses' located by 'By.xpath: (.//*[normalize-space(text()) and normalize-space(.)='Wakaf Asset Online'])[3]/following::center[1]' is present after '30' second(s)
	at com.kms.katalon.core.webui.keyword.internal.WebUIKeywordMain.stepFailed(WebUIKeywordMain.groovy:64)
	at com.kms.katalon.core.webui.keyword.internal.WebUIKeywordMain$stepFailed$0.call(Unknown Source)
	at com.kms.katalon.core.webui.keyword.builtin.VerifyElementNotPresentKeyword$_verifyElementNotPresent_closure1.doCall(VerifyElementNotPresentKeyword.groovy:113)
	at com.kms.katalon.core.webui.keyword.builtin.VerifyElementNotPresentKeyword$_verifyElementNotPresent_closure1.doCall(VerifyElementNotPresentKeyword.groovy)
	at com.kms.katalon.core.webui.keyword.internal.WebUIKeywordMain.runKeyword(WebUIKeywordMain.groovy:20)
	at com.kms.katalon.core.webui.keyword.internal.WebUIKeywordMain$runKeyword.call(Unknown Source)
	at com.kms.katalon.core.webui.keyword.builtin.VerifyElementNotPresentKeyword.verifyElementNotPresent(VerifyElementNotPresentKeyword.groovy:122)
	at com.kms.katalon.core.webui.keyword.builtin.VerifyElementNotPresentKeyword.execute(VerifyElementNotPresentKeyword.groovy:68)
	at com.kms.katalon.core.keyword.internal.KeywordExecutor.executeKeywordForPlatform(KeywordExecutor.groovy:74)
	at com.kms.katalon.core.webui.keyword.WebUiBuiltInKeywords.verifyElementNotPresent(WebUiBuiltInKeywords.groovy:1497)
	at com.kms.katalon.core.webui.keyword.WebUiBuiltInKeywords$verifyElementNotPresent$7.call(Unknown Source)
	at TC-WAO-010.run(TC-WAO-010:52)
	at com.kms.katalon.core.main.ScriptEngine.run(ScriptEngine.java:194)
	at com.kms.katalon.core.main.ScriptEngine.runScriptAsRawText(ScriptEngine.java:119)
	at com.kms.katalon.core.main.TestCaseExecutor.runScript(TestCaseExecutor.java:448)
	at com.kms.katalon.core.main.TestCaseExecutor.doExecute(TestCaseExecutor.java:439)
	at com.kms.katalon.core.main.TestCaseExecutor.processExecutionPhase(TestCaseExecutor.java:418)
	at com.kms.katalon.core.main.TestCaseExecutor.accessMainPhase(TestCaseExecutor.java:410)
	at com.kms.katalon.core.main.TestCaseExecutor.execute(TestCaseExecutor.java:285)
	at com.kms.katalon.core.common.CommonExecutor.accessTestCaseMainPhase(CommonExecutor.java:65)
	at com.kms.katalon.core.main.TestSuiteExecutor.accessTestSuiteMainPhase(TestSuiteExecutor.java:148)
	at com.kms.katalon.core.main.TestSuiteExecutor.execute(TestSuiteExecutor.java:106)
	at com.kms.katalon.core.main.TestCaseMain.startTestSuite(TestCaseMain.java:187)
	at com.kms.katalon.core.main.TestCaseMain$startTestSuite$0.call(Unknown Source)
	at TempTestSuite1696239986367.run(TempTestSuite1696239986367.groovy:36)
)
[[ATTACHMENT|G:\\Project Xsis\\batch-324-qa\\Riswan\\Tajalapak_com\\Reports\\20231002_164626\\TS-Wakaf Asset Online\\20231002_164626\\1696240204792.png]]

2023-10-02 16:50:04 - [MESSAGE][FAILED] - Unable to verify object 'Object Repository/Wakaf Asset Online/Verify Wakaf Asset Diproses' is not present (Root cause: com.kms.katalon.core.exception.StepFailedException: Unable to verify object 'Object Repository/Wakaf Asset Online/Verify Wakaf Asset Diproses' is not present
	at com.kms.katalon.core.webui.keyword.internal.WebUIKeywordMain.stepFailed(WebUIKeywordMain.groovy:64)
	at com.kms.katalon.core.webui.keyword.internal.WebUIKeywordMain.runKeyword(WebUIKeywordMain.groovy:26)
	at com.kms.katalon.core.webui.keyword.internal.WebUIKeywordMain$runKeyword.call(Unknown Source)
	at com.kms.katalon.core.webui.keyword.builtin.VerifyElementNotPresentKeyword.verifyElementNotPresent(VerifyElementNotPresentKeyword.groovy:122)
	at com.kms.katalon.core.webui.keyword.builtin.VerifyElementNotPresentKeyword.execute(VerifyElementNotPresentKeyword.groovy:68)
	at com.kms.katalon.core.keyword.internal.KeywordExecutor.executeKeywordForPlatform(KeywordExecutor.groovy:74)
	at com.kms.katalon.core.webui.keyword.WebUiBuiltInKeywords.verifyElementNotPresent(WebUiBuiltInKeywords.groovy:1497)
	at com.kms.katalon.core.webui.keyword.WebUiBuiltInKeywords$verifyElementNotPresent$7.call(Unknown Source)
	at TC-WAO-010.run(TC-WAO-010:52)
	at com.kms.katalon.core.main.ScriptEngine.run(ScriptEngine.java:194)
	at com.kms.katalon.core.main.ScriptEngine.runScriptAsRawText(ScriptEngine.java:119)
	at com.kms.katalon.core.main.TestCaseExecutor.runScript(TestCaseExecutor.java:448)
	at com.kms.katalon.core.main.TestCaseExecutor.doExecute(TestCaseExecutor.java:439)
	at com.kms.katalon.core.main.TestCaseExecutor.processExecutionPhase(TestCaseExecutor.java:418)
	at com.kms.katalon.core.main.TestCaseExecutor.accessMainPhase(TestCaseExecutor.java:410)
	at com.kms.katalon.core.main.TestCaseExecutor.execute(TestCaseExecutor.java:285)
	at com.kms.katalon.core.common.CommonExecutor.accessTestCaseMainPhase(CommonExecutor.java:65)
	at com.kms.katalon.core.main.TestSuiteExecutor.accessTestSuiteMainPhase(TestSuiteExecutor.java:148)
	at com.kms.katalon.core.main.TestSuiteExecutor.execute(TestSuiteExecutor.java:106)
	at com.kms.katalon.core.main.TestCaseMain.startTestSuite(TestCaseMain.java:187)
	at com.kms.katalon.core.main.TestCaseMain$startTestSuite$0.call(Unknown Source)
	at TempTestSuite1696239986367.run(TempTestSuite1696239986367.groovy:36)
Caused by: com.kms.katalon.core.exception.StepFailedException: Web element with id: 'Object Repository/Wakaf Asset Online/Verify Wakaf Asset Diproses' located by 'By.xpath: (.//*[normalize-space(text()) and normalize-space(.)='Wakaf Asset Online'])[3]/following::center[1]' is present after '30' second(s)
	at com.kms.katalon.core.webui.keyword.internal.WebUIKeywordMain.stepFailed(WebUIKeywordMain.groovy:64)
	at com.kms.katalon.core.webui.keyword.internal.WebUIKeywordMain$stepFailed$0.call(Unknown Source)
	at com.kms.katalon.core.webui.keyword.builtin.VerifyElementNotPresentKeyword$_verifyElementNotPresent_closure1.doCall(VerifyElementNotPresentKeyword.groovy:113)
	at com.kms.katalon.core.webui.keyword.builtin.VerifyElementNotPresentKeyword$_verifyElementNotPresent_closure1.doCall(VerifyElementNotPresentKeyword.groovy)
	at com.kms.katalon.core.webui.keyword.internal.WebUIKeywordMain.runKeyword(WebUIKeywordMain.groovy:20)
	... 20 more
)
[[ATTACHMENT|G:\\Project Xsis\\batch-324-qa\\Riswan\\Tajalapak_com\\Reports\\20231002_164626\\TS-Wakaf Asset Online\\20231002_164626\\1696240204892.png]]]]></system-out>
         <system-err><![CDATA[2023-10-02 16:49:17 - [TEST_CASE][FAILED] - Test Cases/Wakaf Asset Online/TC-WAO-010: Test Cases/Wakaf Asset Online/TC-WAO-010 FAILED.
Reason:
com.kms.katalon.core.exception.StepFailedException: Unable to verify object 'Object Repository/Wakaf Asset Online/Verify Wakaf Asset Diproses' is not present
	at com.kms.katalon.core.webui.keyword.internal.WebUIKeywordMain.stepFailed(WebUIKeywordMain.groovy:64)
	at com.kms.katalon.core.webui.keyword.internal.WebUIKeywordMain.runKeyword(WebUIKeywordMain.groovy:26)
	at com.kms.katalon.core.webui.keyword.internal.WebUIKeywordMain$runKeyword.call(Unknown Source)
	at com.kms.katalon.core.webui.keyword.builtin.VerifyElementNotPresentKeyword.verifyElementNotPresent(VerifyElementNotPresentKeyword.groovy:122)
	at com.kms.katalon.core.webui.keyword.builtin.VerifyElementNotPresentKeyword.execute(VerifyElementNotPresentKeyword.groovy:68)
	at com.kms.katalon.core.keyword.internal.KeywordExecutor.executeKeywordForPlatform(KeywordExecutor.groovy:74)
	at com.kms.katalon.core.webui.keyword.WebUiBuiltInKeywords.verifyElementNotPresent(WebUiBuiltInKeywords.groovy:1497)
	at com.kms.katalon.core.webui.keyword.WebUiBuiltInKeywords$verifyElementNotPresent$7.call(Unknown Source)
	at TC-WAO-010.run(TC-WAO-010:52)
	at com.kms.katalon.core.main.ScriptEngine.run(ScriptEngine.java:194)
	at com.kms.katalon.core.main.ScriptEngine.runScriptAsRawText(ScriptEngine.java:119)
	at com.kms.katalon.core.main.TestCaseExecutor.runScript(TestCaseExecutor.java:448)
	at com.kms.katalon.core.main.TestCaseExecutor.doExecute(TestCaseExecutor.java:439)
	at com.kms.katalon.core.main.TestCaseExecutor.processExecutionPhase(TestCaseExecutor.java:418)
	at com.kms.katalon.core.main.TestCaseExecutor.accessMainPhase(TestCaseExecutor.java:410)
	at com.kms.katalon.core.main.TestCaseExecutor.execute(TestCaseExecutor.java:285)
	at com.kms.katalon.core.common.CommonExecutor.accessTestCaseMainPhase(CommonExecutor.java:65)
	at com.kms.katalon.core.main.TestSuiteExecutor.accessTestSuiteMainPhase(TestSuiteExecutor.java:148)
	at com.kms.katalon.core.main.TestSuiteExecutor.execute(TestSuiteExecutor.java:106)
	at com.kms.katalon.core.main.TestCaseMain.startTestSuite(TestCaseMain.java:187)
	at com.kms.katalon.core.main.TestCaseMain$startTestSuite$0.call(Unknown Source)
	at TempTestSuite1696239986367.run(TempTestSuite1696239986367.groovy:36)
Caused by: com.kms.katalon.core.exception.StepFailedException: Web element with id: 'Object Repository/Wakaf Asset Online/Verify Wakaf Asset Diproses' located by 'By.xpath: (.//*[normalize-space(text()) and normalize-space(.)='Wakaf Asset Online'])[3]/following::center[1]' is present after '30' second(s)
	at com.kms.katalon.core.webui.keyword.internal.WebUIKeywordMain.stepFailed(WebUIKeywordMain.groovy:64)
	at com.kms.katalon.core.webui.keyword.internal.WebUIKeywordMain$stepFailed$0.call(Unknown Source)
	at com.kms.katalon.core.webui.keyword.builtin.VerifyElementNotPresentKeyword$_verifyElementNotPresent_closure1.doCall(VerifyElementNotPresentKeyword.groovy:113)
	at com.kms.katalon.core.webui.keyword.builtin.VerifyElementNotPresentKeyword$_verifyElementNotPresent_closure1.doCall(VerifyElementNotPresentKeyword.groovy)
	at com.kms.katalon.core.webui.keyword.internal.WebUIKeywordMain.runKeyword(WebUIKeywordMain.groovy:20)
	... 20 more]]></system-err>
      </testcase>
      <testcase name="Test Cases/Wakaf Asset Online/TC-WAO-011" time="16.363" classname="Test Cases/Wakaf Asset Online/TC-WAO-011" status="PASSED">
         <system-out><![CDATA[2023-10-02 16:50:04 - [TEST_CASE][PASSED] - Test Cases/Wakaf Asset Online/TC-WAO-011: Test Cases/Wakaf Asset Online/TC-WAO-011

2023-10-02 16:50:05 - [TEST_STEP][PASSED] - openBrowser("https://10.9.2.63/ecommerce/"): Browser is opened with url: 'https://10.9.2.63/ecommerce/'

2023-10-02 16:50:05 - [MESSAGE][WARNING] - A browser is already opened. Closing browser and opening a new one

2023-10-02 16:50:05 - [MESSAGE][INFO] - Starting 'Edge Chromium' driver

2023-10-02 16:50:05 - [MESSAGE][INFO] - User set preference: ['acceptInsecureCerts', 'true']

2023-10-02 16:50:08 - [MESSAGE][INFO] - Action delay is set to 0 milliseconds

2023-10-02 16:50:11 - [MESSAGE][PASSED] - Browser is opened with url: 'https://10.9.2.63/ecommerce/'

2023-10-02 16:50:11 - [TEST_STEP][PASSED] - maximizeWindow(): Current window maximized

2023-10-02 16:50:11 - [MESSAGE][PASSED] - Current window maximized

2023-10-02 16:50:11 - [TEST_STEP][PASSED] - verifyElementPresent(findTestObject("Search Product/Verify Page Tajalapak"), 0): Object 'Object Repository/Search Product/Verify Page Tajalapak' is present

2023-10-02 16:50:11 - [MESSAGE][WARNING] - Timeout '0' is invalid. Using default page load timeout: '30'

2023-10-02 16:50:12 - [MESSAGE][PASSED] - Object 'Object Repository/Search Product/Verify Page Tajalapak' is present

2023-10-02 16:50:12 - [TEST_STEP][PASSED] - click(findTestObject("Wakaf Asset Online/Donasi")): Object: 'Object Repository/Wakaf Asset Online/Donasi' is clicked on

2023-10-02 16:50:12 - [MESSAGE][PASSED] - Object: 'Object Repository/Wakaf Asset Online/Donasi' is clicked on

2023-10-02 16:50:12 - [TEST_STEP][PASSED] - click(findTestObject("Wakaf Asset Online/Wakaf Asset Donasi")): Object: 'Object Repository/Wakaf Asset Online/Wakaf Asset Donasi' is clicked on

2023-10-02 16:50:13 - [MESSAGE][PASSED] - Object: 'Object Repository/Wakaf Asset Online/Wakaf Asset Donasi' is clicked on

2023-10-02 16:50:13 - [TEST_STEP][PASSED] - verifyElementPresent(findTestObject("Wakaf Asset Online/verify Wakaf Asset Online"), 0): Object 'Object Repository/Wakaf Asset Online/verify Wakaf Asset Online' is present

2023-10-02 16:50:13 - [MESSAGE][WARNING] - Timeout '0' is invalid. Using default page load timeout: '30'

2023-10-02 16:50:14 - [MESSAGE][PASSED] - Object 'Object Repository/Wakaf Asset Online/verify Wakaf Asset Online' is present

2023-10-02 16:50:14 - [TEST_STEP][PASSED] - selectOptionByValue(findTestObject("Wakaf Asset Online/Pilih Type Wakaf"), "Bangunan", false): All options with value 'Bangunan' are selected in object 'Object Repository/Wakaf Asset Online/Pilih Type Wakaf' 

2023-10-02 16:50:14 - [MESSAGE][PASSED] - All options with value 'Bangunan' are selected in object 'Object Repository/Wakaf Asset Online/Pilih Type Wakaf' 

2023-10-02 16:50:14 - [TEST_STEP][PASSED] - setText(findTestObject("Wakaf Asset Online/Input Perkiraan Nilai Asset"), "100000000"): Text '100000000' is set on object 'Object Repository/Wakaf Asset Online/Input Perkiraan Nilai Asset'

2023-10-02 16:50:15 - [MESSAGE][PASSED] - Text '100000000' is set on object 'Object Repository/Wakaf Asset Online/Input Perkiraan Nilai Asset'

2023-10-02 16:50:15 - [TEST_STEP][PASSED] - setText(findTestObject("Wakaf Asset Online/Input Alamat Asset"), "Jalan Taruma Jawa Timur"): Text 'Jalan Taruma Jawa Timur' is set on object 'Object Repository/Wakaf Asset Online/Input Alamat Asset'

2023-10-02 16:50:16 - [MESSAGE][PASSED] - Text 'Jalan Taruma Jawa Timur' is set on object 'Object Repository/Wakaf Asset Online/Input Alamat Asset'

2023-10-02 16:50:16 - [TEST_STEP][PASSED] - setText(findTestObject("Wakaf Asset Online/Keterangan Asset"), ""): Text '' is set on object 'Object Repository/Wakaf Asset Online/Keterangan Asset'

2023-10-02 16:50:17 - [MESSAGE][PASSED] - Text '' is set on object 'Object Repository/Wakaf Asset Online/Keterangan Asset'

2023-10-02 16:50:17 - [TEST_STEP][PASSED] - setText(findTestObject("Wakaf Asset Online/Input Nama Lengkap"), "juni"): Text 'juni' is set on object 'Object Repository/Wakaf Asset Online/Input Nama Lengkap'

2023-10-02 16:50:17 - [MESSAGE][PASSED] - Text 'juni' is set on object 'Object Repository/Wakaf Asset Online/Input Nama Lengkap'

2023-10-02 16:50:17 - [TEST_STEP][PASSED] - setText(findTestObject("Wakaf Asset Online/Input No Handphone"), "nomor"): Text 'nomor' is set on object 'Object Repository/Wakaf Asset Online/Input No Handphone'

2023-10-02 16:50:18 - [MESSAGE][PASSED] - Text 'nomor' is set on object 'Object Repository/Wakaf Asset Online/Input No Handphone'

2023-10-02 16:50:18 - [TEST_STEP][PASSED] - setText(findTestObject("Wakaf Asset Online/Input Email"), "joko@gmail.com"): Text 'joko@gmail.com' is set on object 'Object Repository/Wakaf Asset Online/Input Email'

2023-10-02 16:50:19 - [MESSAGE][PASSED] - Text 'joko@gmail.com' is set on object 'Object Repository/Wakaf Asset Online/Input Email'

2023-10-02 16:50:19 - [TEST_STEP][PASSED] - uploadFile(findTestObject("Wakaf Asset Online/Input File Upload"), "E:\minions.png"): File 'E:\minions.png' sent to object: 'Object Repository/Wakaf Asset Online/Input File Upload'

2023-10-02 16:50:20 - [MESSAGE][PASSED] - File 'E:\minions.png' sent to object: 'Object Repository/Wakaf Asset Online/Input File Upload'

2023-10-02 16:50:20 - [TEST_STEP][PASSED] - setText(findTestObject("Wakaf Asset Online/Input 2 Digit Terakhir"), "89"): Text '89' is set on object 'Object Repository/Wakaf Asset Online/Input 2 Digit Terakhir'

2023-10-02 16:50:20 - [MESSAGE][PASSED] - Text '89' is set on object 'Object Repository/Wakaf Asset Online/Input 2 Digit Terakhir'

2023-10-02 16:50:20 - [TEST_STEP][PASSED] - click(findTestObject("Wakaf Asset Online/button Wakaf Sekarang")): Object: 'Object Repository/Wakaf Asset Online/button Wakaf Sekarang' is clicked on

2023-10-02 16:50:21 - [MESSAGE][PASSED] - Object: 'Object Repository/Wakaf Asset Online/button Wakaf Sekarang' is clicked on

2023-10-02 16:50:21 - [TEST_STEP][PASSED] - driver = getWebDriver(): null

2023-10-02 16:50:21 - [TEST_STEP][PASSED] - field_username_element = driver.findElement(By.xpath("//input[@name="no_handphone"]")): null

2023-10-02 16:50:21 - [TEST_STEP][PASSED] - accept_button_message = driver.executeScript("return arguments[0].validationMessage", field_username_element): null

2023-10-02 16:50:21 - [TEST_STEP][PASSED] - println(accept_button_message): null

2023-10-02 16:50:21 - [TEST_STEP][PASSED] - assert accept_button_message == "Please fill out this field.": null]]></system-out>
         <system-err><![CDATA[]]></system-err>
      </testcase>
      <testcase name="Test Cases/Wakaf Asset Online/TC-WAO-012" time="16.829" classname="Test Cases/Wakaf Asset Online/TC-WAO-012" status="PASSED">
         <system-out><![CDATA[2023-10-02 16:50:21 - [TEST_CASE][PASSED] - Test Cases/Wakaf Asset Online/TC-WAO-012: Test Cases/Wakaf Asset Online/TC-WAO-012

2023-10-02 16:50:21 - [TEST_STEP][PASSED] - openBrowser("https://10.9.2.63/ecommerce/"): Browser is opened with url: 'https://10.9.2.63/ecommerce/'

2023-10-02 16:50:21 - [MESSAGE][WARNING] - A browser is already opened. Closing browser and opening a new one

2023-10-02 16:50:22 - [MESSAGE][INFO] - Starting 'Edge Chromium' driver

2023-10-02 16:50:22 - [MESSAGE][INFO] - User set preference: ['acceptInsecureCerts', 'true']

2023-10-02 16:50:24 - [MESSAGE][INFO] - Action delay is set to 0 milliseconds

2023-10-02 16:50:27 - [MESSAGE][PASSED] - Browser is opened with url: 'https://10.9.2.63/ecommerce/'

2023-10-02 16:50:27 - [TEST_STEP][PASSED] - maximizeWindow(): Current window maximized

2023-10-02 16:50:27 - [MESSAGE][PASSED] - Current window maximized

2023-10-02 16:50:27 - [TEST_STEP][PASSED] - verifyElementPresent(findTestObject("Search Product/Verify Page Tajalapak"), 0): Object 'Object Repository/Search Product/Verify Page Tajalapak' is present

2023-10-02 16:50:27 - [MESSAGE][WARNING] - Timeout '0' is invalid. Using default page load timeout: '30'

2023-10-02 16:50:28 - [MESSAGE][PASSED] - Object 'Object Repository/Search Product/Verify Page Tajalapak' is present

2023-10-02 16:50:28 - [TEST_STEP][PASSED] - click(findTestObject("Wakaf Asset Online/Donasi")): Object: 'Object Repository/Wakaf Asset Online/Donasi' is clicked on

2023-10-02 16:50:28 - [MESSAGE][PASSED] - Object: 'Object Repository/Wakaf Asset Online/Donasi' is clicked on

2023-10-02 16:50:28 - [TEST_STEP][PASSED] - click(findTestObject("Wakaf Asset Online/Wakaf Asset Donasi")): Object: 'Object Repository/Wakaf Asset Online/Wakaf Asset Donasi' is clicked on

2023-10-02 16:50:29 - [MESSAGE][PASSED] - Object: 'Object Repository/Wakaf Asset Online/Wakaf Asset Donasi' is clicked on

2023-10-02 16:50:29 - [TEST_STEP][PASSED] - verifyElementPresent(findTestObject("Wakaf Asset Online/verify Wakaf Asset Online"), 0): Object 'Object Repository/Wakaf Asset Online/verify Wakaf Asset Online' is present

2023-10-02 16:50:29 - [MESSAGE][WARNING] - Timeout '0' is invalid. Using default page load timeout: '30'

2023-10-02 16:50:30 - [MESSAGE][PASSED] - Object 'Object Repository/Wakaf Asset Online/verify Wakaf Asset Online' is present

2023-10-02 16:50:30 - [TEST_STEP][PASSED] - selectOptionByValue(findTestObject("Wakaf Asset Online/Pilih Type Wakaf"), "Bangunan", false): All options with value 'Bangunan' are selected in object 'Object Repository/Wakaf Asset Online/Pilih Type Wakaf' 

2023-10-02 16:50:30 - [MESSAGE][PASSED] - All options with value 'Bangunan' are selected in object 'Object Repository/Wakaf Asset Online/Pilih Type Wakaf' 

2023-10-02 16:50:30 - [TEST_STEP][PASSED] - setText(findTestObject("Wakaf Asset Online/Input Perkiraan Nilai Asset"), "100000000"): Text '100000000' is set on object 'Object Repository/Wakaf Asset Online/Input Perkiraan Nilai Asset'

2023-10-02 16:50:31 - [MESSAGE][PASSED] - Text '100000000' is set on object 'Object Repository/Wakaf Asset Online/Input Perkiraan Nilai Asset'

2023-10-02 16:50:31 - [TEST_STEP][PASSED] - setText(findTestObject("Wakaf Asset Online/Input Alamat Asset"), "Jalan Taruma Jawa Timur"): Text 'Jalan Taruma Jawa Timur' is set on object 'Object Repository/Wakaf Asset Online/Input Alamat Asset'

2023-10-02 16:50:32 - [MESSAGE][PASSED] - Text 'Jalan Taruma Jawa Timur' is set on object 'Object Repository/Wakaf Asset Online/Input Alamat Asset'

2023-10-02 16:50:32 - [TEST_STEP][PASSED] - setText(findTestObject("Wakaf Asset Online/Keterangan Asset"), ""): Text '' is set on object 'Object Repository/Wakaf Asset Online/Keterangan Asset'

2023-10-02 16:50:33 - [MESSAGE][PASSED] - Text '' is set on object 'Object Repository/Wakaf Asset Online/Keterangan Asset'

2023-10-02 16:50:33 - [TEST_STEP][PASSED] - setText(findTestObject("Wakaf Asset Online/Input Nama Lengkap"), "juni"): Text 'juni' is set on object 'Object Repository/Wakaf Asset Online/Input Nama Lengkap'

2023-10-02 16:50:34 - [MESSAGE][PASSED] - Text 'juni' is set on object 'Object Repository/Wakaf Asset Online/Input Nama Lengkap'

2023-10-02 16:50:34 - [TEST_STEP][PASSED] - setText(findTestObject("Wakaf Asset Online/Input No Handphone"), "085123456789"): Text '085123456789' is set on object 'Object Repository/Wakaf Asset Online/Input No Handphone'

2023-10-02 16:50:35 - [MESSAGE][PASSED] - Text '085123456789' is set on object 'Object Repository/Wakaf Asset Online/Input No Handphone'

2023-10-02 16:50:35 - [TEST_STEP][PASSED] - setText(findTestObject("Wakaf Asset Online/Input Email"), "joko@gmail.com"): Text 'joko@gmail.com' is set on object 'Object Repository/Wakaf Asset Online/Input Email'

2023-10-02 16:50:35 - [MESSAGE][PASSED] - Text 'joko@gmail.com' is set on object 'Object Repository/Wakaf Asset Online/Input Email'

2023-10-02 16:50:35 - [TEST_STEP][PASSED] - uploadFile(findTestObject("Wakaf Asset Online/Input File Upload"), "E:\minions.png"): File 'E:\minions.png' sent to object: 'Object Repository/Wakaf Asset Online/Input File Upload'

2023-10-02 16:50:36 - [MESSAGE][PASSED] - File 'E:\minions.png' sent to object: 'Object Repository/Wakaf Asset Online/Input File Upload'

2023-10-02 16:50:36 - [TEST_STEP][PASSED] - setText(findTestObject("Wakaf Asset Online/Input 2 Digit Terakhir"), "8999"): Text '8999' is set on object 'Object Repository/Wakaf Asset Online/Input 2 Digit Terakhir'

2023-10-02 16:50:36 - [MESSAGE][PASSED] - Text '8999' is set on object 'Object Repository/Wakaf Asset Online/Input 2 Digit Terakhir'

2023-10-02 16:50:36 - [TEST_STEP][PASSED] - click(findTestObject("Wakaf Asset Online/button Wakaf Sekarang")): Object: 'Object Repository/Wakaf Asset Online/button Wakaf Sekarang' is clicked on

2023-10-02 16:50:37 - [MESSAGE][PASSED] - Object: 'Object Repository/Wakaf Asset Online/button Wakaf Sekarang' is clicked on

2023-10-02 16:50:37 - [TEST_STEP][PASSED] - verifyElementText(findTestObject("Wakaf Asset Online/Verify_GAGAL Diproses, 2 Digit Terakhir No Handphone"), "GAGAL Diproses, 2 Digit Terakhir No Handphone yang anda input salah!"): Actual text and expected text of test object 'Object Repository/Wakaf Asset Online/Verify_GAGAL Diproses, 2 Digit Terakhir No Handphone' are matched.

2023-10-02 16:50:38 - [MESSAGE][PASSED] - Actual text and expected text of test object 'Object Repository/Wakaf Asset Online/Verify_GAGAL Diproses, 2 Digit Terakhir No Handphone' are matched.]]></system-out>
         <system-err><![CDATA[]]></system-err>
      </testcase>
      <testcase name="Test Cases/Wakaf Asset Online/TC-WAO-013" time="31.846" classname="Test Cases/Wakaf Asset Online/TC-WAO-013" status="PASSED">
         <system-out><![CDATA[2023-10-02 16:50:38 - [TEST_CASE][PASSED] - Test Cases/Wakaf Asset Online/TC-WAO-013: Test Cases/Wakaf Asset Online/TC-WAO-013

2023-10-02 16:50:38 - [TEST_STEP][PASSED] - openBrowser("https://10.9.2.63/ecommerce/"): Browser is opened with url: 'https://10.9.2.63/ecommerce/'

2023-10-02 16:50:38 - [MESSAGE][WARNING] - A browser is already opened. Closing browser and opening a new one

2023-10-02 16:50:39 - [MESSAGE][INFO] - Starting 'Edge Chromium' driver

2023-10-02 16:50:39 - [MESSAGE][INFO] - User set preference: ['acceptInsecureCerts', 'true']

2023-10-02 16:50:41 - [MESSAGE][INFO] - Action delay is set to 0 milliseconds

2023-10-02 16:50:44 - [MESSAGE][PASSED] - Browser is opened with url: 'https://10.9.2.63/ecommerce/'

2023-10-02 16:50:44 - [TEST_STEP][PASSED] - maximizeWindow(): Current window maximized

2023-10-02 16:50:44 - [MESSAGE][PASSED] - Current window maximized

2023-10-02 16:50:44 - [TEST_STEP][PASSED] - verifyElementPresent(findTestObject("Search Product/Verify Page Tajalapak"), 0): Object 'Object Repository/Search Product/Verify Page Tajalapak' is present

2023-10-02 16:50:44 - [MESSAGE][WARNING] - Timeout '0' is invalid. Using default page load timeout: '30'

2023-10-02 16:50:45 - [MESSAGE][PASSED] - Object 'Object Repository/Search Product/Verify Page Tajalapak' is present

2023-10-02 16:50:45 - [TEST_STEP][PASSED] - click(findTestObject("Wakaf Asset Online/Donasi")): Object: 'Object Repository/Wakaf Asset Online/Donasi' is clicked on

2023-10-02 16:50:45 - [MESSAGE][PASSED] - Object: 'Object Repository/Wakaf Asset Online/Donasi' is clicked on

2023-10-02 16:50:45 - [TEST_STEP][PASSED] - click(findTestObject("Wakaf Asset Online/Wakaf Asset Donasi")): Object: 'Object Repository/Wakaf Asset Online/Wakaf Asset Donasi' is clicked on

2023-10-02 16:50:46 - [MESSAGE][PASSED] - Object: 'Object Repository/Wakaf Asset Online/Wakaf Asset Donasi' is clicked on

2023-10-02 16:50:46 - [TEST_STEP][PASSED] - verifyElementPresent(findTestObject("Wakaf Asset Online/verify Wakaf Asset Online"), 0): Object 'Object Repository/Wakaf Asset Online/verify Wakaf Asset Online' is present

2023-10-02 16:50:46 - [MESSAGE][WARNING] - Timeout '0' is invalid. Using default page load timeout: '30'

2023-10-02 16:50:47 - [MESSAGE][PASSED] - Object 'Object Repository/Wakaf Asset Online/verify Wakaf Asset Online' is present

2023-10-02 16:50:47 - [TEST_STEP][PASSED] - selectOptionByValue(findTestObject("Wakaf Asset Online/Pilih Type Wakaf"), "Bangunan", false): All options with value 'Bangunan' are selected in object 'Object Repository/Wakaf Asset Online/Pilih Type Wakaf' 

2023-10-02 16:50:48 - [MESSAGE][PASSED] - All options with value 'Bangunan' are selected in object 'Object Repository/Wakaf Asset Online/Pilih Type Wakaf' 

2023-10-02 16:50:48 - [TEST_STEP][PASSED] - setText(findTestObject("Wakaf Asset Online/Input Perkiraan Nilai Asset"), "100000000"): Text '100000000' is set on object 'Object Repository/Wakaf Asset Online/Input Perkiraan Nilai Asset'

2023-10-02 16:50:49 - [MESSAGE][PASSED] - Text '100000000' is set on object 'Object Repository/Wakaf Asset Online/Input Perkiraan Nilai Asset'

2023-10-02 16:50:49 - [TEST_STEP][PASSED] - setText(findTestObject("Wakaf Asset Online/Input Alamat Asset"), "Jalan Taruma Jawa Timur"): Text 'Jalan Taruma Jawa Timur' is set on object 'Object Repository/Wakaf Asset Online/Input Alamat Asset'

2023-10-02 16:50:49 - [MESSAGE][PASSED] - Text 'Jalan Taruma Jawa Timur' is set on object 'Object Repository/Wakaf Asset Online/Input Alamat Asset'

2023-10-02 16:50:49 - [TEST_STEP][PASSED] - setText(findTestObject("Wakaf Asset Online/Keterangan Asset"), ""): Text '' is set on object 'Object Repository/Wakaf Asset Online/Keterangan Asset'

2023-10-02 16:50:50 - [MESSAGE][PASSED] - Text '' is set on object 'Object Repository/Wakaf Asset Online/Keterangan Asset'

2023-10-02 16:50:50 - [TEST_STEP][PASSED] - setText(findTestObject("Wakaf Asset Online/Input Nama Lengkap"), "juni"): Text 'juni' is set on object 'Object Repository/Wakaf Asset Online/Input Nama Lengkap'

2023-10-02 16:50:51 - [MESSAGE][PASSED] - Text 'juni' is set on object 'Object Repository/Wakaf Asset Online/Input Nama Lengkap'

2023-10-02 16:50:51 - [TEST_STEP][PASSED] - setText(findTestObject("Wakaf Asset Online/Input No Handphone"), "085123456789"): Text '085123456789' is set on object 'Object Repository/Wakaf Asset Online/Input No Handphone'

2023-10-02 16:50:52 - [MESSAGE][PASSED] - Text '085123456789' is set on object 'Object Repository/Wakaf Asset Online/Input No Handphone'

2023-10-02 16:50:52 - [TEST_STEP][PASSED] - setText(findTestObject("Wakaf Asset Online/Input Email"), "joko@gmail.com"): Text 'joko@gmail.com' is set on object 'Object Repository/Wakaf Asset Online/Input Email'

2023-10-02 16:50:52 - [MESSAGE][PASSED] - Text 'joko@gmail.com' is set on object 'Object Repository/Wakaf Asset Online/Input Email'

2023-10-02 16:50:52 - [TEST_STEP][PASSED] - uploadFile(findTestObject("Wakaf Asset Online/Input File Upload"), "E:\minions.png"): File 'E:\minions.png' sent to object: 'Object Repository/Wakaf Asset Online/Input File Upload'

2023-10-02 16:50:53 - [MESSAGE][PASSED] - File 'E:\minions.png' sent to object: 'Object Repository/Wakaf Asset Online/Input File Upload'

2023-10-02 16:50:53 - [TEST_STEP][PASSED] - setText(findTestObject("Wakaf Asset Online/Input 2 Digit Terakhir"), "9"): Text '9' is set on object 'Object Repository/Wakaf Asset Online/Input 2 Digit Terakhir'

2023-10-02 16:50:53 - [MESSAGE][PASSED] - Text '9' is set on object 'Object Repository/Wakaf Asset Online/Input 2 Digit Terakhir'

2023-10-02 16:50:53 - [TEST_STEP][PASSED] - click(findTestObject("Wakaf Asset Online/button Wakaf Sekarang")): Object: 'Object Repository/Wakaf Asset Online/button Wakaf Sekarang' is clicked on

2023-10-02 16:51:09 - [MESSAGE][PASSED] - Object: 'Object Repository/Wakaf Asset Online/button Wakaf Sekarang' is clicked on

2023-10-02 16:51:09 - [TEST_STEP][PASSED] - verifyElementText(findTestObject("Wakaf Asset Online/Verify_GAGAL Diproses, 2 Digit Terakhir No Handphone"), "GAGAL Diproses, 2 Digit Terakhir No Handphone yang anda input salah!"): Actual text and expected text of test object 'Object Repository/Wakaf Asset Online/Verify_GAGAL Diproses, 2 Digit Terakhir No Handphone' are matched.

2023-10-02 16:51:10 - [MESSAGE][PASSED] - Actual text and expected text of test object 'Object Repository/Wakaf Asset Online/Verify_GAGAL Diproses, 2 Digit Terakhir No Handphone' are matched.]]></system-out>
         <system-err><![CDATA[]]></system-err>
      </testcase>
      <testcase name="Test Cases/Wakaf Asset Online/TC-WAO-014" time="17.311" classname="Test Cases/Wakaf Asset Online/TC-WAO-014" status="FAILED">
         <failure type="FAILED" message="Test Cases/Wakaf Asset Online/TC-WAO-014 FAILED.
Reason:
Assertion failed: 

assert accept_button_message == 'Please include an \'@\' in the email address. \'jokogmail.com\' is missing an \'@\'.'
       |                     |
       |                     false
       Please fill out this field.

	at TC-WAO-014.run(TC-WAO-014:71)
	at com.kms.katalon.core.main.ScriptEngine.run(ScriptEngine.java:194)
	at com.kms.katalon.core.main.ScriptEngine.runScriptAsRawText(ScriptEngine.java:119)
	at com.kms.katalon.core.main.TestCaseExecutor.runScript(TestCaseExecutor.java:448)
	at com.kms.katalon.core.main.TestCaseExecutor.doExecute(TestCaseExecutor.java:439)
	at com.kms.katalon.core.main.TestCaseExecutor.processExecutionPhase(TestCaseExecutor.java:418)
	at com.kms.katalon.core.main.TestCaseExecutor.accessMainPhase(TestCaseExecutor.java:410)
	at com.kms.katalon.core.main.TestCaseExecutor.execute(TestCaseExecutor.java:285)
	at com.kms.katalon.core.common.CommonExecutor.accessTestCaseMainPhase(CommonExecutor.java:65)
	at com.kms.katalon.core.main.TestSuiteExecutor.accessTestSuiteMainPhase(TestSuiteExecutor.java:148)
	at com.kms.katalon.core.main.TestSuiteExecutor.execute(TestSuiteExecutor.java:106)
	at com.kms.katalon.core.main.TestCaseMain.startTestSuite(TestCaseMain.java:187)
	at com.kms.katalon.core.main.TestCaseMain$startTestSuite$0.call(Unknown Source)
	at TempTestSuite1696239986367.run(TempTestSuite1696239986367.groovy:36)
"/>
         <system-out><![CDATA[2023-10-02 16:51:10 - [TEST_CASE][FAILED] - Test Cases/Wakaf Asset Online/TC-WAO-014: Test Cases/Wakaf Asset Online/TC-WAO-014 FAILED.
Reason:
Assertion failed: 

assert accept_button_message == 'Please include an \'@\' in the email address. \'jokogmail.com\' is missing an \'@\'.'
       |                     |
       |                     false
       Please fill out this field.

	at TC-WAO-014.run(TC-WAO-014:71)
	at com.kms.katalon.core.main.ScriptEngine.run(ScriptEngine.java:194)
	at com.kms.katalon.core.main.ScriptEngine.runScriptAsRawText(ScriptEngine.java:119)
	at com.kms.katalon.core.main.TestCaseExecutor.runScript(TestCaseExecutor.java:448)
	at com.kms.katalon.core.main.TestCaseExecutor.doExecute(TestCaseExecutor.java:439)
	at com.kms.katalon.core.main.TestCaseExecutor.processExecutionPhase(TestCaseExecutor.java:418)
	at com.kms.katalon.core.main.TestCaseExecutor.accessMainPhase(TestCaseExecutor.java:410)
	at com.kms.katalon.core.main.TestCaseExecutor.execute(TestCaseExecutor.java:285)
	at com.kms.katalon.core.common.CommonExecutor.accessTestCaseMainPhase(CommonExecutor.java:65)
	at com.kms.katalon.core.main.TestSuiteExecutor.accessTestSuiteMainPhase(TestSuiteExecutor.java:148)
	at com.kms.katalon.core.main.TestSuiteExecutor.execute(TestSuiteExecutor.java:106)
	at com.kms.katalon.core.main.TestCaseMain.startTestSuite(TestCaseMain.java:187)
	at com.kms.katalon.core.main.TestCaseMain$startTestSuite$0.call(Unknown Source)
	at TempTestSuite1696239986367.run(TempTestSuite1696239986367.groovy:36)


2023-10-02 16:51:10 - [TEST_STEP][PASSED] - openBrowser("https://10.9.2.63/ecommerce/"): Browser is opened with url: 'https://10.9.2.63/ecommerce/'

2023-10-02 16:51:10 - [MESSAGE][WARNING] - A browser is already opened. Closing browser and opening a new one

2023-10-02 16:51:11 - [MESSAGE][INFO] - Starting 'Edge Chromium' driver

2023-10-02 16:51:11 - [MESSAGE][INFO] - User set preference: ['acceptInsecureCerts', 'true']

2023-10-02 16:51:13 - [MESSAGE][INFO] - Action delay is set to 0 milliseconds

2023-10-02 16:51:16 - [MESSAGE][PASSED] - Browser is opened with url: 'https://10.9.2.63/ecommerce/'

2023-10-02 16:51:16 - [TEST_STEP][PASSED] - maximizeWindow(): Current window maximized

2023-10-02 16:51:16 - [MESSAGE][PASSED] - Current window maximized

2023-10-02 16:51:16 - [TEST_STEP][PASSED] - verifyElementPresent(findTestObject("Search Product/Verify Page Tajalapak"), 0): Object 'Object Repository/Search Product/Verify Page Tajalapak' is present

2023-10-02 16:51:16 - [MESSAGE][WARNING] - Timeout '0' is invalid. Using default page load timeout: '30'

2023-10-02 16:51:17 - [MESSAGE][PASSED] - Object 'Object Repository/Search Product/Verify Page Tajalapak' is present

2023-10-02 16:51:17 - [TEST_STEP][PASSED] - click(findTestObject("Wakaf Asset Online/Donasi")): Object: 'Object Repository/Wakaf Asset Online/Donasi' is clicked on

2023-10-02 16:51:17 - [MESSAGE][PASSED] - Object: 'Object Repository/Wakaf Asset Online/Donasi' is clicked on

2023-10-02 16:51:17 - [TEST_STEP][PASSED] - click(findTestObject("Wakaf Asset Online/Wakaf Asset Donasi")): Object: 'Object Repository/Wakaf Asset Online/Wakaf Asset Donasi' is clicked on

2023-10-02 16:51:18 - [MESSAGE][PASSED] - Object: 'Object Repository/Wakaf Asset Online/Wakaf Asset Donasi' is clicked on

2023-10-02 16:51:18 - [TEST_STEP][PASSED] - verifyElementPresent(findTestObject("Wakaf Asset Online/verify Wakaf Asset Online"), 0): Object 'Object Repository/Wakaf Asset Online/verify Wakaf Asset Online' is present

2023-10-02 16:51:18 - [MESSAGE][WARNING] - Timeout '0' is invalid. Using default page load timeout: '30'

2023-10-02 16:51:19 - [MESSAGE][PASSED] - Object 'Object Repository/Wakaf Asset Online/verify Wakaf Asset Online' is present

2023-10-02 16:51:19 - [TEST_STEP][PASSED] - selectOptionByValue(findTestObject("Wakaf Asset Online/Pilih Type Wakaf"), "Bangunan", false): All options with value 'Bangunan' are selected in object 'Object Repository/Wakaf Asset Online/Pilih Type Wakaf' 

2023-10-02 16:51:19 - [MESSAGE][PASSED] - All options with value 'Bangunan' are selected in object 'Object Repository/Wakaf Asset Online/Pilih Type Wakaf' 

2023-10-02 16:51:19 - [TEST_STEP][PASSED] - setText(findTestObject("Wakaf Asset Online/Input Perkiraan Nilai Asset"), "100000000"): Text '100000000' is set on object 'Object Repository/Wakaf Asset Online/Input Perkiraan Nilai Asset'

2023-10-02 16:51:20 - [MESSAGE][PASSED] - Text '100000000' is set on object 'Object Repository/Wakaf Asset Online/Input Perkiraan Nilai Asset'

2023-10-02 16:51:20 - [TEST_STEP][PASSED] - setText(findTestObject("Wakaf Asset Online/Input Alamat Asset"), "Jalan Taruma Jawa Timur"): Text 'Jalan Taruma Jawa Timur' is set on object 'Object Repository/Wakaf Asset Online/Input Alamat Asset'

2023-10-02 16:51:21 - [MESSAGE][PASSED] - Text 'Jalan Taruma Jawa Timur' is set on object 'Object Repository/Wakaf Asset Online/Input Alamat Asset'

2023-10-02 16:51:21 - [TEST_STEP][PASSED] - setText(findTestObject("Wakaf Asset Online/Keterangan Asset"), ""): Text '' is set on object 'Object Repository/Wakaf Asset Online/Keterangan Asset'

2023-10-02 16:51:22 - [MESSAGE][PASSED] - Text '' is set on object 'Object Repository/Wakaf Asset Online/Keterangan Asset'

2023-10-02 16:51:22 - [TEST_STEP][PASSED] - setText(findTestObject("Wakaf Asset Online/Input Nama Lengkap"), "juni"): Text 'juni' is set on object 'Object Repository/Wakaf Asset Online/Input Nama Lengkap'

2023-10-02 16:51:22 - [MESSAGE][PASSED] - Text 'juni' is set on object 'Object Repository/Wakaf Asset Online/Input Nama Lengkap'

2023-10-02 16:51:22 - [TEST_STEP][PASSED] - setText(findTestObject("Wakaf Asset Online/Input No Handphone"), "085123456789"): Text '085123456789' is set on object 'Object Repository/Wakaf Asset Online/Input No Handphone'

2023-10-02 16:51:24 - [MESSAGE][PASSED] - Text '085123456789' is set on object 'Object Repository/Wakaf Asset Online/Input No Handphone'

2023-10-02 16:51:24 - [TEST_STEP][PASSED] - setText(findTestObject("Wakaf Asset Online/Input Email"), "joko@gmailcom"): Text 'joko@gmailcom' is set on object 'Object Repository/Wakaf Asset Online/Input Email'

2023-10-02 16:51:24 - [MESSAGE][PASSED] - Text 'joko@gmailcom' is set on object 'Object Repository/Wakaf Asset Online/Input Email'

2023-10-02 16:51:24 - [TEST_STEP][PASSED] - uploadFile(findTestObject("Wakaf Asset Online/Input File Upload"), "E:\minions.png"): File 'E:\minions.png' sent to object: 'Object Repository/Wakaf Asset Online/Input File Upload'

2023-10-02 16:51:25 - [MESSAGE][PASSED] - File 'E:\minions.png' sent to object: 'Object Repository/Wakaf Asset Online/Input File Upload'

2023-10-02 16:51:25 - [TEST_STEP][PASSED] - setText(findTestObject("Wakaf Asset Online/Input 2 Digit Terakhir"), "89"): Text '89' is set on object 'Object Repository/Wakaf Asset Online/Input 2 Digit Terakhir'

2023-10-02 16:51:25 - [MESSAGE][PASSED] - Text '89' is set on object 'Object Repository/Wakaf Asset Online/Input 2 Digit Terakhir'

2023-10-02 16:51:25 - [TEST_STEP][PASSED] - click(findTestObject("Wakaf Asset Online/button Wakaf Sekarang")): Object: 'Object Repository/Wakaf Asset Online/button Wakaf Sekarang' is clicked on

2023-10-02 16:51:26 - [MESSAGE][PASSED] - Object: 'Object Repository/Wakaf Asset Online/button Wakaf Sekarang' is clicked on

2023-10-02 16:51:26 - [TEST_STEP][PASSED] - driver = getWebDriver(): null

2023-10-02 16:51:26 - [TEST_STEP][PASSED] - field_username_element = driver.findElement(By.xpath("//input[@name="alamat_email"]")): null

2023-10-02 16:51:27 - [TEST_STEP][PASSED] - accept_button_message = driver.executeScript("return arguments[0].validationMessage", field_username_element): null

2023-10-02 16:51:27 - [TEST_STEP][PASSED] - println(accept_button_message): null

2023-10-02 16:51:27 - [TEST_STEP][FAILED] - assert accept_button_message == "Please include an '@' in the email address. 'jokogmail.com' is missing an '@'.": Test Cases/Wakaf Asset Online/TC-WAO-014 FAILED.
Reason:
Assertion failed: 

assert accept_button_message == 'Please include an \'@\' in the email address. \'jokogmail.com\' is missing an \'@\'.'
       |                     |
       |                     false
       Please fill out this field.

	at TC-WAO-014.run(TC-WAO-014:71)
	at com.kms.katalon.core.main.ScriptEngine.run(ScriptEngine.java:194)
	at com.kms.katalon.core.main.ScriptEngine.runScriptAsRawText(ScriptEngine.java:119)
	at com.kms.katalon.core.main.TestCaseExecutor.runScript(TestCaseExecutor.java:448)
	at com.kms.katalon.core.main.TestCaseExecutor.doExecute(TestCaseExecutor.java:439)
	at com.kms.katalon.core.main.TestCaseExecutor.processExecutionPhase(TestCaseExecutor.java:418)
	at com.kms.katalon.core.main.TestCaseExecutor.accessMainPhase(TestCaseExecutor.java:410)
	at com.kms.katalon.core.main.TestCaseExecutor.execute(TestCaseExecutor.java:285)
	at com.kms.katalon.core.common.CommonExecutor.accessTestCaseMainPhase(CommonExecutor.java:65)
	at com.kms.katalon.core.main.TestSuiteExecutor.accessTestSuiteMainPhase(TestSuiteExecutor.java:148)
	at com.kms.katalon.core.main.TestSuiteExecutor.execute(TestSuiteExecutor.java:106)
	at com.kms.katalon.core.main.TestCaseMain.startTestSuite(TestCaseMain.java:187)
	at com.kms.katalon.core.main.TestCaseMain$startTestSuite$0.call(Unknown Source)
	at TempTestSuite1696239986367.run(TempTestSuite1696239986367.groovy:36)


2023-10-02 16:51:27 - [MESSAGE][FAILED] - Test Cases/Wakaf Asset Online/TC-WAO-014 FAILED.
Reason:
Assertion failed: 

assert accept_button_message == 'Please include an \'@\' in the email address. \'jokogmail.com\' is missing an \'@\'.'
       |                     |
       |                     false
       Please fill out this field.

	at TC-WAO-014.run(TC-WAO-014:71)
	at com.kms.katalon.core.main.ScriptEngine.run(ScriptEngine.java:194)
	at com.kms.katalon.core.main.ScriptEngine.runScriptAsRawText(ScriptEngine.java:119)
	at com.kms.katalon.core.main.TestCaseExecutor.runScript(TestCaseExecutor.java:448)
	at com.kms.katalon.core.main.TestCaseExecutor.doExecute(TestCaseExecutor.java:439)
	at com.kms.katalon.core.main.TestCaseExecutor.processExecutionPhase(TestCaseExecutor.java:418)
	at com.kms.katalon.core.main.TestCaseExecutor.accessMainPhase(TestCaseExecutor.java:410)
	at com.kms.katalon.core.main.TestCaseExecutor.execute(TestCaseExecutor.java:285)
	at com.kms.katalon.core.common.CommonExecutor.accessTestCaseMainPhase(CommonExecutor.java:65)
	at com.kms.katalon.core.main.TestSuiteExecutor.accessTestSuiteMainPhase(TestSuiteExecutor.java:148)
	at com.kms.katalon.core.main.TestSuiteExecutor.execute(TestSuiteExecutor.java:106)
	at com.kms.katalon.core.main.TestCaseMain.startTestSuite(TestCaseMain.java:187)
	at com.kms.katalon.core.main.TestCaseMain$startTestSuite$0.call(Unknown Source)
	at TempTestSuite1696239986367.run(TempTestSuite1696239986367.groovy:36)]]></system-out>
         <system-err><![CDATA[2023-10-02 16:51:10 - [TEST_CASE][FAILED] - Test Cases/Wakaf Asset Online/TC-WAO-014: Test Cases/Wakaf Asset Online/TC-WAO-014 FAILED.
Reason:
Assertion failed: 

assert accept_button_message == 'Please include an \'@\' in the email address. \'jokogmail.com\' is missing an \'@\'.'
       |                     |
       |                     false
       Please fill out this field.

	at TC-WAO-014.run(TC-WAO-014:71)
	at com.kms.katalon.core.main.ScriptEngine.run(ScriptEngine.java:194)
	at com.kms.katalon.core.main.ScriptEngine.runScriptAsRawText(ScriptEngine.java:119)
	at com.kms.katalon.core.main.TestCaseExecutor.runScript(TestCaseExecutor.java:448)
	at com.kms.katalon.core.main.TestCaseExecutor.doExecute(TestCaseExecutor.java:439)
	at com.kms.katalon.core.main.TestCaseExecutor.processExecutionPhase(TestCaseExecutor.java:418)
	at com.kms.katalon.core.main.TestCaseExecutor.accessMainPhase(TestCaseExecutor.java:410)
	at com.kms.katalon.core.main.TestCaseExecutor.execute(TestCaseExecutor.java:285)
	at com.kms.katalon.core.common.CommonExecutor.accessTestCaseMainPhase(CommonExecutor.java:65)
	at com.kms.katalon.core.main.TestSuiteExecutor.accessTestSuiteMainPhase(TestSuiteExecutor.java:148)
	at com.kms.katalon.core.main.TestSuiteExecutor.execute(TestSuiteExecutor.java:106)
	at com.kms.katalon.core.main.TestCaseMain.startTestSuite(TestCaseMain.java:187)
	at com.kms.katalon.core.main.TestCaseMain$startTestSuite$0.call(Unknown Source)
	at TempTestSuite1696239986367.run(TempTestSuite1696239986367.groovy:36)]]></system-err>
      </testcase>
      <testcase name="Test Cases/Wakaf Asset Online/TC-WAO-015" time="16.011" classname="Test Cases/Wakaf Asset Online/TC-WAO-015" status="PASSED">
         <system-out><![CDATA[2023-10-02 16:51:27 - [TEST_CASE][PASSED] - Test Cases/Wakaf Asset Online/TC-WAO-015: Test Cases/Wakaf Asset Online/TC-WAO-015

2023-10-02 16:51:27 - [TEST_STEP][PASSED] - openBrowser("https://10.9.2.63/ecommerce/"): Browser is opened with url: 'https://10.9.2.63/ecommerce/'

2023-10-02 16:51:27 - [MESSAGE][WARNING] - A browser is already opened. Closing browser and opening a new one

2023-10-02 16:51:28 - [MESSAGE][INFO] - Starting 'Edge Chromium' driver

2023-10-02 16:51:28 - [MESSAGE][INFO] - User set preference: ['acceptInsecureCerts', 'true']

2023-10-02 16:51:30 - [MESSAGE][INFO] - Action delay is set to 0 milliseconds

2023-10-02 16:51:33 - [MESSAGE][PASSED] - Browser is opened with url: 'https://10.9.2.63/ecommerce/'

2023-10-02 16:51:33 - [TEST_STEP][PASSED] - maximizeWindow(): Current window maximized

2023-10-02 16:51:33 - [MESSAGE][PASSED] - Current window maximized

2023-10-02 16:51:33 - [TEST_STEP][PASSED] - verifyElementPresent(findTestObject("Search Product/Verify Page Tajalapak"), 0): Object 'Object Repository/Search Product/Verify Page Tajalapak' is present

2023-10-02 16:51:33 - [MESSAGE][WARNING] - Timeout '0' is invalid. Using default page load timeout: '30'

2023-10-02 16:51:34 - [MESSAGE][PASSED] - Object 'Object Repository/Search Product/Verify Page Tajalapak' is present

2023-10-02 16:51:34 - [TEST_STEP][PASSED] - click(findTestObject("Wakaf Asset Online/Donasi")): Object: 'Object Repository/Wakaf Asset Online/Donasi' is clicked on

2023-10-02 16:51:34 - [MESSAGE][PASSED] - Object: 'Object Repository/Wakaf Asset Online/Donasi' is clicked on

2023-10-02 16:51:34 - [TEST_STEP][PASSED] - click(findTestObject("Wakaf Asset Online/Wakaf Asset Donasi")): Object: 'Object Repository/Wakaf Asset Online/Wakaf Asset Donasi' is clicked on

2023-10-02 16:51:35 - [MESSAGE][PASSED] - Object: 'Object Repository/Wakaf Asset Online/Wakaf Asset Donasi' is clicked on

2023-10-02 16:51:35 - [TEST_STEP][PASSED] - verifyElementPresent(findTestObject("Wakaf Asset Online/verify Wakaf Asset Online"), 0): Object 'Object Repository/Wakaf Asset Online/verify Wakaf Asset Online' is present

2023-10-02 16:51:35 - [MESSAGE][WARNING] - Timeout '0' is invalid. Using default page load timeout: '30'

2023-10-02 16:51:36 - [MESSAGE][PASSED] - Object 'Object Repository/Wakaf Asset Online/verify Wakaf Asset Online' is present

2023-10-02 16:51:36 - [TEST_STEP][PASSED] - selectOptionByValue(findTestObject("Wakaf Asset Online/Pilih Type Wakaf"), "Bangunan", false): All options with value 'Bangunan' are selected in object 'Object Repository/Wakaf Asset Online/Pilih Type Wakaf' 

2023-10-02 16:51:36 - [MESSAGE][PASSED] - All options with value 'Bangunan' are selected in object 'Object Repository/Wakaf Asset Online/Pilih Type Wakaf' 

2023-10-02 16:51:36 - [TEST_STEP][PASSED] - setText(findTestObject("Wakaf Asset Online/Input Perkiraan Nilai Asset"), "100000000"): Text '100000000' is set on object 'Object Repository/Wakaf Asset Online/Input Perkiraan Nilai Asset'

2023-10-02 16:51:37 - [MESSAGE][PASSED] - Text '100000000' is set on object 'Object Repository/Wakaf Asset Online/Input Perkiraan Nilai Asset'

2023-10-02 16:51:37 - [TEST_STEP][PASSED] - setText(findTestObject("Wakaf Asset Online/Input Alamat Asset"), "Jalan Taruma Jawa Timur"): Text 'Jalan Taruma Jawa Timur' is set on object 'Object Repository/Wakaf Asset Online/Input Alamat Asset'

2023-10-02 16:51:38 - [MESSAGE][PASSED] - Text 'Jalan Taruma Jawa Timur' is set on object 'Object Repository/Wakaf Asset Online/Input Alamat Asset'

2023-10-02 16:51:38 - [TEST_STEP][PASSED] - setText(findTestObject("Wakaf Asset Online/Keterangan Asset"), ""): Text '' is set on object 'Object Repository/Wakaf Asset Online/Keterangan Asset'

2023-10-02 16:51:38 - [MESSAGE][PASSED] - Text '' is set on object 'Object Repository/Wakaf Asset Online/Keterangan Asset'

2023-10-02 16:51:38 - [TEST_STEP][PASSED] - setText(findTestObject("Wakaf Asset Online/Input Nama Lengkap"), "juni"): Text 'juni' is set on object 'Object Repository/Wakaf Asset Online/Input Nama Lengkap'

2023-10-02 16:51:39 - [MESSAGE][PASSED] - Text 'juni' is set on object 'Object Repository/Wakaf Asset Online/Input Nama Lengkap'

2023-10-02 16:51:39 - [TEST_STEP][PASSED] - setText(findTestObject("Wakaf Asset Online/Input No Handphone"), "~!@#$%^&*()"): Text '~!@#$%^&*()' is set on object 'Object Repository/Wakaf Asset Online/Input No Handphone'

2023-10-02 16:51:41 - [MESSAGE][PASSED] - Text '~!@#$%^&*()' is set on object 'Object Repository/Wakaf Asset Online/Input No Handphone'

2023-10-02 16:51:41 - [TEST_STEP][PASSED] - setText(findTestObject("Wakaf Asset Online/Input Email"), "joko@gmailcom"): Text 'joko@gmailcom' is set on object 'Object Repository/Wakaf Asset Online/Input Email'

2023-10-02 16:51:41 - [MESSAGE][PASSED] - Text 'joko@gmailcom' is set on object 'Object Repository/Wakaf Asset Online/Input Email'

2023-10-02 16:51:41 - [TEST_STEP][PASSED] - uploadFile(findTestObject("Wakaf Asset Online/Input File Upload"), "E:\minions.png"): File 'E:\minions.png' sent to object: 'Object Repository/Wakaf Asset Online/Input File Upload'

2023-10-02 16:51:42 - [MESSAGE][PASSED] - File 'E:\minions.png' sent to object: 'Object Repository/Wakaf Asset Online/Input File Upload'

2023-10-02 16:51:42 - [TEST_STEP][PASSED] - setText(findTestObject("Wakaf Asset Online/Input 2 Digit Terakhir"), "89"): Text '89' is set on object 'Object Repository/Wakaf Asset Online/Input 2 Digit Terakhir'

2023-10-02 16:51:42 - [MESSAGE][PASSED] - Text '89' is set on object 'Object Repository/Wakaf Asset Online/Input 2 Digit Terakhir'

2023-10-02 16:51:42 - [TEST_STEP][PASSED] - click(findTestObject("Wakaf Asset Online/button Wakaf Sekarang")): Object: 'Object Repository/Wakaf Asset Online/button Wakaf Sekarang' is clicked on

2023-10-02 16:51:43 - [MESSAGE][PASSED] - Object: 'Object Repository/Wakaf Asset Online/button Wakaf Sekarang' is clicked on

2023-10-02 16:51:43 - [TEST_STEP][PASSED] - driver = getWebDriver(): null

2023-10-02 16:51:43 - [TEST_STEP][PASSED] - field_username_element = driver.findElement(By.xpath("//input[@name="no_handphone"]")): null

2023-10-02 16:51:43 - [TEST_STEP][PASSED] - accept_button_message = driver.executeScript("return arguments[0].validationMessage", field_username_element): null

2023-10-02 16:51:43 - [TEST_STEP][PASSED] - println(accept_button_message): null

2023-10-02 16:51:43 - [TEST_STEP][PASSED] - assert accept_button_message == "Please fill out this field.": null]]></system-out>
         <system-err><![CDATA[]]></system-err>
      </testcase>
      <testcase name="Test Cases/Wakaf Asset Online/TC-WAO-016" time="17.365" classname="Test Cases/Wakaf Asset Online/TC-WAO-016" status="FAILED">
         <failure type="FAILED" message="Test Cases/Wakaf Asset Online/TC-WAO-016 FAILED.
Reason:
com.kms.katalon.core.exception.StepFailedException: Verify element text of test object 'Object Repository/Wakaf Asset Online/Verify Wakaf Asset Diproses' FAILED.
	at com.kms.katalon.core.webui.keyword.internal.WebUIKeywordMain.stepFailed(WebUIKeywordMain.groovy:64)
	at com.kms.katalon.core.webui.keyword.internal.WebUIKeywordMain.runKeyword(WebUIKeywordMain.groovy:26)
	at com.kms.katalon.core.webui.keyword.builtin.VerifyElementTextKeyword.verifyElementText(VerifyElementTextKeyword.groovy:72)
	at com.kms.katalon.core.webui.keyword.builtin.VerifyElementTextKeyword.execute(VerifyElementTextKeyword.groovy:40)
	at com.kms.katalon.core.keyword.internal.KeywordExecutor.executeKeywordForPlatform(KeywordExecutor.groovy:74)
	at com.kms.katalon.core.webui.keyword.WebUiBuiltInKeywords.verifyElementText(WebUiBuiltInKeywords.groovy:4749)
	at com.kms.katalon.core.webui.keyword.WebUiBuiltInKeywords$verifyElementText$6.call(Unknown Source)
	at TC-WAO-016.run(TC-WAO-016:52)
	at com.kms.katalon.core.main.ScriptEngine.run(ScriptEngine.java:194)
	at com.kms.katalon.core.main.ScriptEngine.runScriptAsRawText(ScriptEngine.java:119)
	at com.kms.katalon.core.main.TestCaseExecutor.runScript(TestCaseExecutor.java:448)
	at com.kms.katalon.core.main.TestCaseExecutor.doExecute(TestCaseExecutor.java:439)
	at com.kms.katalon.core.main.TestCaseExecutor.processExecutionPhase(TestCaseExecutor.java:418)
	at com.kms.katalon.core.main.TestCaseExecutor.accessMainPhase(TestCaseExecutor.java:410)
	at com.kms.katalon.core.main.TestCaseExecutor.execute(TestCaseExecutor.java:285)
	at com.kms.katalon.core.common.CommonExecutor.accessTestCaseMainPhase(CommonExecutor.java:65)
	at com.kms.katalon.core.main.TestSuiteExecutor.accessTestSuiteMainPhase(TestSuiteExecutor.java:148)
	at com.kms.katalon.core.main.TestSuiteExecutor.execute(TestSuiteExecutor.java:106)
	at com.kms.katalon.core.main.TestCaseMain.startTestSuite(TestCaseMain.java:187)
	at com.kms.katalon.core.main.TestCaseMain$startTestSuite$0.call(Unknown Source)
	at TempTestSuite1696239986367.run(TempTestSuite1696239986367.groovy:36)
Caused by: com.kms.katalon.core.exception.StepFailedException: Actual text 'Sukses Proses Wakaf Asset, kami akan segera menghubungi anda! Terima kasih' and expected text 'Nama tidak boleh 1 huruf' of test object 'Object Repository/Wakaf Asset Online/Verify Wakaf Asset Diproses' are NOT matched.
	at com.kms.katalon.core.webui.keyword.internal.WebUIKeywordMain.stepFailed(WebUIKeywordMain.groovy:64)
	at com.kms.katalon.core.webui.keyword.builtin.VerifyElementTextKeyword$_verifyElementText_closure1.doCall(VerifyElementTextKeyword.groovy:57)
	at com.kms.katalon.core.webui.keyword.builtin.VerifyElementTextKeyword$_verifyElementText_closure1.call(VerifyElementTextKeyword.groovy)
	at com.kms.katalon.core.webui.keyword.internal.WebUIKeywordMain.runKeyword(WebUIKeywordMain.groovy:20)
	... 19 more
"/>
         <system-out><![CDATA[2023-10-02 16:51:43 - [TEST_CASE][FAILED] - Test Cases/Wakaf Asset Online/TC-WAO-016: Test Cases/Wakaf Asset Online/TC-WAO-016 FAILED.
Reason:
com.kms.katalon.core.exception.StepFailedException: Verify element text of test object 'Object Repository/Wakaf Asset Online/Verify Wakaf Asset Diproses' FAILED.
	at com.kms.katalon.core.webui.keyword.internal.WebUIKeywordMain.stepFailed(WebUIKeywordMain.groovy:64)
	at com.kms.katalon.core.webui.keyword.internal.WebUIKeywordMain.runKeyword(WebUIKeywordMain.groovy:26)
	at com.kms.katalon.core.webui.keyword.builtin.VerifyElementTextKeyword.verifyElementText(VerifyElementTextKeyword.groovy:72)
	at com.kms.katalon.core.webui.keyword.builtin.VerifyElementTextKeyword.execute(VerifyElementTextKeyword.groovy:40)
	at com.kms.katalon.core.keyword.internal.KeywordExecutor.executeKeywordForPlatform(KeywordExecutor.groovy:74)
	at com.kms.katalon.core.webui.keyword.WebUiBuiltInKeywords.verifyElementText(WebUiBuiltInKeywords.groovy:4749)
	at com.kms.katalon.core.webui.keyword.WebUiBuiltInKeywords$verifyElementText$6.call(Unknown Source)
	at TC-WAO-016.run(TC-WAO-016:52)
	at com.kms.katalon.core.main.ScriptEngine.run(ScriptEngine.java:194)
	at com.kms.katalon.core.main.ScriptEngine.runScriptAsRawText(ScriptEngine.java:119)
	at com.kms.katalon.core.main.TestCaseExecutor.runScript(TestCaseExecutor.java:448)
	at com.kms.katalon.core.main.TestCaseExecutor.doExecute(TestCaseExecutor.java:439)
	at com.kms.katalon.core.main.TestCaseExecutor.processExecutionPhase(TestCaseExecutor.java:418)
	at com.kms.katalon.core.main.TestCaseExecutor.accessMainPhase(TestCaseExecutor.java:410)
	at com.kms.katalon.core.main.TestCaseExecutor.execute(TestCaseExecutor.java:285)
	at com.kms.katalon.core.common.CommonExecutor.accessTestCaseMainPhase(CommonExecutor.java:65)
	at com.kms.katalon.core.main.TestSuiteExecutor.accessTestSuiteMainPhase(TestSuiteExecutor.java:148)
	at com.kms.katalon.core.main.TestSuiteExecutor.execute(TestSuiteExecutor.java:106)
	at com.kms.katalon.core.main.TestCaseMain.startTestSuite(TestCaseMain.java:187)
	at com.kms.katalon.core.main.TestCaseMain$startTestSuite$0.call(Unknown Source)
	at TempTestSuite1696239986367.run(TempTestSuite1696239986367.groovy:36)
Caused by: com.kms.katalon.core.exception.StepFailedException: Actual text 'Sukses Proses Wakaf Asset, kami akan segera menghubungi anda! Terima kasih' and expected text 'Nama tidak boleh 1 huruf' of test object 'Object Repository/Wakaf Asset Online/Verify Wakaf Asset Diproses' are NOT matched.
	at com.kms.katalon.core.webui.keyword.internal.WebUIKeywordMain.stepFailed(WebUIKeywordMain.groovy:64)
	at com.kms.katalon.core.webui.keyword.builtin.VerifyElementTextKeyword$_verifyElementText_closure1.doCall(VerifyElementTextKeyword.groovy:57)
	at com.kms.katalon.core.webui.keyword.builtin.VerifyElementTextKeyword$_verifyElementText_closure1.call(VerifyElementTextKeyword.groovy)
	at com.kms.katalon.core.webui.keyword.internal.WebUIKeywordMain.runKeyword(WebUIKeywordMain.groovy:20)
	... 19 more


2023-10-02 16:51:43 - [TEST_STEP][PASSED] - openBrowser("https://10.9.2.63/ecommerce/"): Browser is opened with url: 'https://10.9.2.63/ecommerce/'

2023-10-02 16:51:43 - [MESSAGE][WARNING] - A browser is already opened. Closing browser and opening a new one

2023-10-02 16:51:44 - [MESSAGE][INFO] - Starting 'Edge Chromium' driver

2023-10-02 16:51:44 - [MESSAGE][INFO] - User set preference: ['acceptInsecureCerts', 'true']

2023-10-02 16:51:46 - [MESSAGE][INFO] - Action delay is set to 0 milliseconds

2023-10-02 16:51:49 - [MESSAGE][PASSED] - Browser is opened with url: 'https://10.9.2.63/ecommerce/'

2023-10-02 16:51:49 - [TEST_STEP][PASSED] - maximizeWindow(): Current window maximized

2023-10-02 16:51:50 - [MESSAGE][PASSED] - Current window maximized

2023-10-02 16:51:50 - [TEST_STEP][PASSED] - verifyElementPresent(findTestObject("Search Product/Verify Page Tajalapak"), 0): Object 'Object Repository/Search Product/Verify Page Tajalapak' is present

2023-10-02 16:51:50 - [MESSAGE][WARNING] - Timeout '0' is invalid. Using default page load timeout: '30'

2023-10-02 16:51:50 - [MESSAGE][PASSED] - Object 'Object Repository/Search Product/Verify Page Tajalapak' is present

2023-10-02 16:51:50 - [TEST_STEP][PASSED] - click(findTestObject("Wakaf Asset Online/Donasi")): Object: 'Object Repository/Wakaf Asset Online/Donasi' is clicked on

2023-10-02 16:51:51 - [MESSAGE][PASSED] - Object: 'Object Repository/Wakaf Asset Online/Donasi' is clicked on

2023-10-02 16:51:51 - [TEST_STEP][PASSED] - click(findTestObject("Wakaf Asset Online/Wakaf Asset Donasi")): Object: 'Object Repository/Wakaf Asset Online/Wakaf Asset Donasi' is clicked on

2023-10-02 16:51:52 - [MESSAGE][PASSED] - Object: 'Object Repository/Wakaf Asset Online/Wakaf Asset Donasi' is clicked on

2023-10-02 16:51:52 - [TEST_STEP][PASSED] - verifyElementPresent(findTestObject("Wakaf Asset Online/verify Wakaf Asset Online"), 0): Object 'Object Repository/Wakaf Asset Online/verify Wakaf Asset Online' is present

2023-10-02 16:51:52 - [MESSAGE][WARNING] - Timeout '0' is invalid. Using default page load timeout: '30'

2023-10-02 16:51:52 - [MESSAGE][PASSED] - Object 'Object Repository/Wakaf Asset Online/verify Wakaf Asset Online' is present

2023-10-02 16:51:52 - [TEST_STEP][PASSED] - selectOptionByValue(findTestObject("Wakaf Asset Online/Pilih Type Wakaf"), "Bangunan", false): All options with value 'Bangunan' are selected in object 'Object Repository/Wakaf Asset Online/Pilih Type Wakaf' 

2023-10-02 16:51:53 - [MESSAGE][PASSED] - All options with value 'Bangunan' are selected in object 'Object Repository/Wakaf Asset Online/Pilih Type Wakaf' 

2023-10-02 16:51:53 - [TEST_STEP][PASSED] - setText(findTestObject("Wakaf Asset Online/Input Perkiraan Nilai Asset"), "100000000"): Text '100000000' is set on object 'Object Repository/Wakaf Asset Online/Input Perkiraan Nilai Asset'

2023-10-02 16:51:54 - [MESSAGE][PASSED] - Text '100000000' is set on object 'Object Repository/Wakaf Asset Online/Input Perkiraan Nilai Asset'

2023-10-02 16:51:54 - [TEST_STEP][PASSED] - setText(findTestObject("Wakaf Asset Online/Input Alamat Asset"), "Jalan Taruma Jawa Timur"): Text 'Jalan Taruma Jawa Timur' is set on object 'Object Repository/Wakaf Asset Online/Input Alamat Asset'

2023-10-02 16:51:55 - [MESSAGE][PASSED] - Text 'Jalan Taruma Jawa Timur' is set on object 'Object Repository/Wakaf Asset Online/Input Alamat Asset'

2023-10-02 16:51:55 - [TEST_STEP][PASSED] - setText(findTestObject("Wakaf Asset Online/Keterangan Asset"), ""): Text '' is set on object 'Object Repository/Wakaf Asset Online/Keterangan Asset'

2023-10-02 16:51:55 - [MESSAGE][PASSED] - Text '' is set on object 'Object Repository/Wakaf Asset Online/Keterangan Asset'

2023-10-02 16:51:55 - [TEST_STEP][PASSED] - setText(findTestObject("Wakaf Asset Online/Input Nama Lengkap"), "a"): Text 'a' is set on object 'Object Repository/Wakaf Asset Online/Input Nama Lengkap'

2023-10-02 16:51:56 - [MESSAGE][PASSED] - Text 'a' is set on object 'Object Repository/Wakaf Asset Online/Input Nama Lengkap'

2023-10-02 16:51:56 - [TEST_STEP][PASSED] - setText(findTestObject("Wakaf Asset Online/Input No Handphone"), "085123456789"): Text '085123456789' is set on object 'Object Repository/Wakaf Asset Online/Input No Handphone'

2023-10-02 16:51:57 - [MESSAGE][PASSED] - Text '085123456789' is set on object 'Object Repository/Wakaf Asset Online/Input No Handphone'

2023-10-02 16:51:57 - [TEST_STEP][PASSED] - setText(findTestObject("Wakaf Asset Online/Input Email"), "joko@gmailcom"): Text 'joko@gmailcom' is set on object 'Object Repository/Wakaf Asset Online/Input Email'

2023-10-02 16:51:58 - [MESSAGE][PASSED] - Text 'joko@gmailcom' is set on object 'Object Repository/Wakaf Asset Online/Input Email'

2023-10-02 16:51:58 - [TEST_STEP][PASSED] - uploadFile(findTestObject("Wakaf Asset Online/Input File Upload"), "E:\minions.png"): File 'E:\minions.png' sent to object: 'Object Repository/Wakaf Asset Online/Input File Upload'

2023-10-02 16:51:58 - [MESSAGE][PASSED] - File 'E:\minions.png' sent to object: 'Object Repository/Wakaf Asset Online/Input File Upload'

2023-10-02 16:51:58 - [TEST_STEP][PASSED] - setText(findTestObject("Wakaf Asset Online/Input 2 Digit Terakhir"), "89"): Text '89' is set on object 'Object Repository/Wakaf Asset Online/Input 2 Digit Terakhir'

2023-10-02 16:51:59 - [MESSAGE][PASSED] - Text '89' is set on object 'Object Repository/Wakaf Asset Online/Input 2 Digit Terakhir'

2023-10-02 16:51:59 - [TEST_STEP][PASSED] - click(findTestObject("Wakaf Asset Online/button Wakaf Sekarang")): Object: 'Object Repository/Wakaf Asset Online/button Wakaf Sekarang' is clicked on

2023-10-02 16:51:59 - [MESSAGE][PASSED] - Object: 'Object Repository/Wakaf Asset Online/button Wakaf Sekarang' is clicked on

2023-10-02 16:51:59 - [TEST_STEP][FAILED] - verifyElementText(findTestObject("Wakaf Asset Online/Verify Wakaf Asset Diproses"), "Nama tidak boleh 1 huruf"): Verify element text of test object 'Object Repository/Wakaf Asset Online/Verify Wakaf Asset Diproses' FAILED. (Root cause: com.kms.katalon.core.exception.StepFailedException: Verify element text of test object 'Object Repository/Wakaf Asset Online/Verify Wakaf Asset Diproses' FAILED.
	at com.kms.katalon.core.webui.keyword.internal.WebUIKeywordMain.stepFailed(WebUIKeywordMain.groovy:64)
	at com.kms.katalon.core.webui.keyword.internal.WebUIKeywordMain.runKeyword(WebUIKeywordMain.groovy:26)
	at com.kms.katalon.core.webui.keyword.builtin.VerifyElementTextKeyword.verifyElementText(VerifyElementTextKeyword.groovy:72)
	at com.kms.katalon.core.webui.keyword.builtin.VerifyElementTextKeyword.execute(VerifyElementTextKeyword.groovy:40)
	at com.kms.katalon.core.keyword.internal.KeywordExecutor.executeKeywordForPlatform(KeywordExecutor.groovy:74)
	at com.kms.katalon.core.webui.keyword.WebUiBuiltInKeywords.verifyElementText(WebUiBuiltInKeywords.groovy:4749)
	at com.kms.katalon.core.webui.keyword.WebUiBuiltInKeywords$verifyElementText$6.call(Unknown Source)
	at TC-WAO-016.run(TC-WAO-016:52)
	at com.kms.katalon.core.main.ScriptEngine.run(ScriptEngine.java:194)
	at com.kms.katalon.core.main.ScriptEngine.runScriptAsRawText(ScriptEngine.java:119)
	at com.kms.katalon.core.main.TestCaseExecutor.runScript(TestCaseExecutor.java:448)
	at com.kms.katalon.core.main.TestCaseExecutor.doExecute(TestCaseExecutor.java:439)
	at com.kms.katalon.core.main.TestCaseExecutor.processExecutionPhase(TestCaseExecutor.java:418)
	at com.kms.katalon.core.main.TestCaseExecutor.accessMainPhase(TestCaseExecutor.java:410)
	at com.kms.katalon.core.main.TestCaseExecutor.execute(TestCaseExecutor.java:285)
	at com.kms.katalon.core.common.CommonExecutor.accessTestCaseMainPhase(CommonExecutor.java:65)
	at com.kms.katalon.core.main.TestSuiteExecutor.accessTestSuiteMainPhase(TestSuiteExecutor.java:148)
	at com.kms.katalon.core.main.TestSuiteExecutor.execute(TestSuiteExecutor.java:106)
	at com.kms.katalon.core.main.TestCaseMain.startTestSuite(TestCaseMain.java:187)
	at com.kms.katalon.core.main.TestCaseMain$startTestSuite$0.call(Unknown Source)
	at TempTestSuite1696239986367.run(TempTestSuite1696239986367.groovy:36)
Caused by: com.kms.katalon.core.exception.StepFailedException: Actual text 'Sukses Proses Wakaf Asset, kami akan segera menghubungi anda! Terima kasih' and expected text 'Nama tidak boleh 1 huruf' of test object 'Object Repository/Wakaf Asset Online/Verify Wakaf Asset Diproses' are NOT matched.
	at com.kms.katalon.core.webui.keyword.internal.WebUIKeywordMain.stepFailed(WebUIKeywordMain.groovy:64)
	at com.kms.katalon.core.webui.keyword.builtin.VerifyElementTextKeyword$_verifyElementText_closure1.doCall(VerifyElementTextKeyword.groovy:57)
	at com.kms.katalon.core.webui.keyword.builtin.VerifyElementTextKeyword$_verifyElementText_closure1.call(VerifyElementTextKeyword.groovy)
	at com.kms.katalon.core.webui.keyword.internal.WebUIKeywordMain.runKeyword(WebUIKeywordMain.groovy:20)
	... 19 more
)

2023-10-02 16:52:00 - [MESSAGE][FAILED] - Actual text 'Sukses Proses Wakaf Asset, kami akan segera menghubungi anda! Terima kasih' and expected text 'Nama tidak boleh 1 huruf' of test object 'Object Repository/Wakaf Asset Online/Verify Wakaf Asset Diproses' are NOT matched. (Root cause: com.kms.katalon.core.exception.StepFailedException: Actual text 'Sukses Proses Wakaf Asset, kami akan segera menghubungi anda! Terima kasih' and expected text 'Nama tidak boleh 1 huruf' of test object 'Object Repository/Wakaf Asset Online/Verify Wakaf Asset Diproses' are NOT matched.
	at com.kms.katalon.core.webui.keyword.internal.WebUIKeywordMain.stepFailed(WebUIKeywordMain.groovy:64)
	at com.kms.katalon.core.webui.keyword.builtin.VerifyElementTextKeyword$_verifyElementText_closure1.doCall(VerifyElementTextKeyword.groovy:57)
	at com.kms.katalon.core.webui.keyword.builtin.VerifyElementTextKeyword$_verifyElementText_closure1.call(VerifyElementTextKeyword.groovy)
	at com.kms.katalon.core.webui.keyword.internal.WebUIKeywordMain.runKeyword(WebUIKeywordMain.groovy:20)
	at com.kms.katalon.core.webui.keyword.builtin.VerifyElementTextKeyword.verifyElementText(VerifyElementTextKeyword.groovy:72)
	at com.kms.katalon.core.webui.keyword.builtin.VerifyElementTextKeyword.execute(VerifyElementTextKeyword.groovy:40)
	at com.kms.katalon.core.keyword.internal.KeywordExecutor.executeKeywordForPlatform(KeywordExecutor.groovy:74)
	at com.kms.katalon.core.webui.keyword.WebUiBuiltInKeywords.verifyElementText(WebUiBuiltInKeywords.groovy:4749)
	at com.kms.katalon.core.webui.keyword.WebUiBuiltInKeywords$verifyElementText$6.call(Unknown Source)
	at TC-WAO-016.run(TC-WAO-016:52)
	at com.kms.katalon.core.main.ScriptEngine.run(ScriptEngine.java:194)
	at com.kms.katalon.core.main.ScriptEngine.runScriptAsRawText(ScriptEngine.java:119)
	at com.kms.katalon.core.main.TestCaseExecutor.runScript(TestCaseExecutor.java:448)
	at com.kms.katalon.core.main.TestCaseExecutor.doExecute(TestCaseExecutor.java:439)
	at com.kms.katalon.core.main.TestCaseExecutor.processExecutionPhase(TestCaseExecutor.java:418)
	at com.kms.katalon.core.main.TestCaseExecutor.accessMainPhase(TestCaseExecutor.java:410)
	at com.kms.katalon.core.main.TestCaseExecutor.execute(TestCaseExecutor.java:285)
	at com.kms.katalon.core.common.CommonExecutor.accessTestCaseMainPhase(CommonExecutor.java:65)
	at com.kms.katalon.core.main.TestSuiteExecutor.accessTestSuiteMainPhase(TestSuiteExecutor.java:148)
	at com.kms.katalon.core.main.TestSuiteExecutor.execute(TestSuiteExecutor.java:106)
	at com.kms.katalon.core.main.TestCaseMain.startTestSuite(TestCaseMain.java:187)
	at com.kms.katalon.core.main.TestCaseMain$startTestSuite$0.call(Unknown Source)
	at TempTestSuite1696239986367.run(TempTestSuite1696239986367.groovy:36)
)
[[ATTACHMENT|G:\\Project Xsis\\batch-324-qa\\Riswan\\Tajalapak_com\\Reports\\20231002_164626\\TS-Wakaf Asset Online\\20231002_164626\\1696240320522.png]]

2023-10-02 16:52:00 - [MESSAGE][FAILED] - Verify element text of test object 'Object Repository/Wakaf Asset Online/Verify Wakaf Asset Diproses' FAILED. (Root cause: com.kms.katalon.core.exception.StepFailedException: Verify element text of test object 'Object Repository/Wakaf Asset Online/Verify Wakaf Asset Diproses' FAILED.
	at com.kms.katalon.core.webui.keyword.internal.WebUIKeywordMain.stepFailed(WebUIKeywordMain.groovy:64)
	at com.kms.katalon.core.webui.keyword.internal.WebUIKeywordMain.runKeyword(WebUIKeywordMain.groovy:26)
	at com.kms.katalon.core.webui.keyword.builtin.VerifyElementTextKeyword.verifyElementText(VerifyElementTextKeyword.groovy:72)
	at com.kms.katalon.core.webui.keyword.builtin.VerifyElementTextKeyword.execute(VerifyElementTextKeyword.groovy:40)
	at com.kms.katalon.core.keyword.internal.KeywordExecutor.executeKeywordForPlatform(KeywordExecutor.groovy:74)
	at com.kms.katalon.core.webui.keyword.WebUiBuiltInKeywords.verifyElementText(WebUiBuiltInKeywords.groovy:4749)
	at com.kms.katalon.core.webui.keyword.WebUiBuiltInKeywords$verifyElementText$6.call(Unknown Source)
	at TC-WAO-016.run(TC-WAO-016:52)
	at com.kms.katalon.core.main.ScriptEngine.run(ScriptEngine.java:194)
	at com.kms.katalon.core.main.ScriptEngine.runScriptAsRawText(ScriptEngine.java:119)
	at com.kms.katalon.core.main.TestCaseExecutor.runScript(TestCaseExecutor.java:448)
	at com.kms.katalon.core.main.TestCaseExecutor.doExecute(TestCaseExecutor.java:439)
	at com.kms.katalon.core.main.TestCaseExecutor.processExecutionPhase(TestCaseExecutor.java:418)
	at com.kms.katalon.core.main.TestCaseExecutor.accessMainPhase(TestCaseExecutor.java:410)
	at com.kms.katalon.core.main.TestCaseExecutor.execute(TestCaseExecutor.java:285)
	at com.kms.katalon.core.common.CommonExecutor.accessTestCaseMainPhase(CommonExecutor.java:65)
	at com.kms.katalon.core.main.TestSuiteExecutor.accessTestSuiteMainPhase(TestSuiteExecutor.java:148)
	at com.kms.katalon.core.main.TestSuiteExecutor.execute(TestSuiteExecutor.java:106)
	at com.kms.katalon.core.main.TestCaseMain.startTestSuite(TestCaseMain.java:187)
	at com.kms.katalon.core.main.TestCaseMain$startTestSuite$0.call(Unknown Source)
	at TempTestSuite1696239986367.run(TempTestSuite1696239986367.groovy:36)
Caused by: com.kms.katalon.core.exception.StepFailedException: Actual text 'Sukses Proses Wakaf Asset, kami akan segera menghubungi anda! Terima kasih' and expected text 'Nama tidak boleh 1 huruf' of test object 'Object Repository/Wakaf Asset Online/Verify Wakaf Asset Diproses' are NOT matched.
	at com.kms.katalon.core.webui.keyword.internal.WebUIKeywordMain.stepFailed(WebUIKeywordMain.groovy:64)
	at com.kms.katalon.core.webui.keyword.builtin.VerifyElementTextKeyword$_verifyElementText_closure1.doCall(VerifyElementTextKeyword.groovy:57)
	at com.kms.katalon.core.webui.keyword.builtin.VerifyElementTextKeyword$_verifyElementText_closure1.call(VerifyElementTextKeyword.groovy)
	at com.kms.katalon.core.webui.keyword.internal.WebUIKeywordMain.runKeyword(WebUIKeywordMain.groovy:20)
	... 19 more
)
[[ATTACHMENT|G:\\Project Xsis\\batch-324-qa\\Riswan\\Tajalapak_com\\Reports\\20231002_164626\\TS-Wakaf Asset Online\\20231002_164626\\1696240320620.png]]]]></system-out>
         <system-err><![CDATA[2023-10-02 16:51:43 - [TEST_CASE][FAILED] - Test Cases/Wakaf Asset Online/TC-WAO-016: Test Cases/Wakaf Asset Online/TC-WAO-016 FAILED.
Reason:
com.kms.katalon.core.exception.StepFailedException: Verify element text of test object 'Object Repository/Wakaf Asset Online/Verify Wakaf Asset Diproses' FAILED.
	at com.kms.katalon.core.webui.keyword.internal.WebUIKeywordMain.stepFailed(WebUIKeywordMain.groovy:64)
	at com.kms.katalon.core.webui.keyword.internal.WebUIKeywordMain.runKeyword(WebUIKeywordMain.groovy:26)
	at com.kms.katalon.core.webui.keyword.builtin.VerifyElementTextKeyword.verifyElementText(VerifyElementTextKeyword.groovy:72)
	at com.kms.katalon.core.webui.keyword.builtin.VerifyElementTextKeyword.execute(VerifyElementTextKeyword.groovy:40)
	at com.kms.katalon.core.keyword.internal.KeywordExecutor.executeKeywordForPlatform(KeywordExecutor.groovy:74)
	at com.kms.katalon.core.webui.keyword.WebUiBuiltInKeywords.verifyElementText(WebUiBuiltInKeywords.groovy:4749)
	at com.kms.katalon.core.webui.keyword.WebUiBuiltInKeywords$verifyElementText$6.call(Unknown Source)
	at TC-WAO-016.run(TC-WAO-016:52)
	at com.kms.katalon.core.main.ScriptEngine.run(ScriptEngine.java:194)
	at com.kms.katalon.core.main.ScriptEngine.runScriptAsRawText(ScriptEngine.java:119)
	at com.kms.katalon.core.main.TestCaseExecutor.runScript(TestCaseExecutor.java:448)
	at com.kms.katalon.core.main.TestCaseExecutor.doExecute(TestCaseExecutor.java:439)
	at com.kms.katalon.core.main.TestCaseExecutor.processExecutionPhase(TestCaseExecutor.java:418)
	at com.kms.katalon.core.main.TestCaseExecutor.accessMainPhase(TestCaseExecutor.java:410)
	at com.kms.katalon.core.main.TestCaseExecutor.execute(TestCaseExecutor.java:285)
	at com.kms.katalon.core.common.CommonExecutor.accessTestCaseMainPhase(CommonExecutor.java:65)
	at com.kms.katalon.core.main.TestSuiteExecutor.accessTestSuiteMainPhase(TestSuiteExecutor.java:148)
	at com.kms.katalon.core.main.TestSuiteExecutor.execute(TestSuiteExecutor.java:106)
	at com.kms.katalon.core.main.TestCaseMain.startTestSuite(TestCaseMain.java:187)
	at com.kms.katalon.core.main.TestCaseMain$startTestSuite$0.call(Unknown Source)
	at TempTestSuite1696239986367.run(TempTestSuite1696239986367.groovy:36)
Caused by: com.kms.katalon.core.exception.StepFailedException: Actual text 'Sukses Proses Wakaf Asset, kami akan segera menghubungi anda! Terima kasih' and expected text 'Nama tidak boleh 1 huruf' of test object 'Object Repository/Wakaf Asset Online/Verify Wakaf Asset Diproses' are NOT matched.
	at com.kms.katalon.core.webui.keyword.internal.WebUIKeywordMain.stepFailed(WebUIKeywordMain.groovy:64)
	at com.kms.katalon.core.webui.keyword.builtin.VerifyElementTextKeyword$_verifyElementText_closure1.doCall(VerifyElementTextKeyword.groovy:57)
	at com.kms.katalon.core.webui.keyword.builtin.VerifyElementTextKeyword$_verifyElementText_closure1.call(VerifyElementTextKeyword.groovy)
	at com.kms.katalon.core.webui.keyword.internal.WebUIKeywordMain.runKeyword(WebUIKeywordMain.groovy:20)
	... 19 more]]></system-err>
      </testcase>
      <testcase name="Test Cases/Wakaf Asset Online/TC-WAO-017" time="18.641" classname="Test Cases/Wakaf Asset Online/TC-WAO-017" status="FAILED">
         <failure type="FAILED" message="Test Cases/Wakaf Asset Online/TC-WAO-017 FAILED.
Reason:
com.kms.katalon.core.exception.StepFailedException: Verify element text of test object 'Object Repository/Wakaf Asset Online/Verify Wakaf Asset Diproses' FAILED.
	at com.kms.katalon.core.webui.keyword.internal.WebUIKeywordMain.stepFailed(WebUIKeywordMain.groovy:64)
	at com.kms.katalon.core.webui.keyword.internal.WebUIKeywordMain.runKeyword(WebUIKeywordMain.groovy:26)
	at com.kms.katalon.core.webui.keyword.builtin.VerifyElementTextKeyword.verifyElementText(VerifyElementTextKeyword.groovy:72)
	at com.kms.katalon.core.webui.keyword.builtin.VerifyElementTextKeyword.execute(VerifyElementTextKeyword.groovy:40)
	at com.kms.katalon.core.keyword.internal.KeywordExecutor.executeKeywordForPlatform(KeywordExecutor.groovy:74)
	at com.kms.katalon.core.webui.keyword.WebUiBuiltInKeywords.verifyElementText(WebUiBuiltInKeywords.groovy:4749)
	at com.kms.katalon.core.webui.keyword.WebUiBuiltInKeywords$verifyElementText$6.call(Unknown Source)
	at TC-WAO-017.run(TC-WAO-017:52)
	at com.kms.katalon.core.main.ScriptEngine.run(ScriptEngine.java:194)
	at com.kms.katalon.core.main.ScriptEngine.runScriptAsRawText(ScriptEngine.java:119)
	at com.kms.katalon.core.main.TestCaseExecutor.runScript(TestCaseExecutor.java:448)
	at com.kms.katalon.core.main.TestCaseExecutor.doExecute(TestCaseExecutor.java:439)
	at com.kms.katalon.core.main.TestCaseExecutor.processExecutionPhase(TestCaseExecutor.java:418)
	at com.kms.katalon.core.main.TestCaseExecutor.accessMainPhase(TestCaseExecutor.java:410)
	at com.kms.katalon.core.main.TestCaseExecutor.execute(TestCaseExecutor.java:285)
	at com.kms.katalon.core.common.CommonExecutor.accessTestCaseMainPhase(CommonExecutor.java:65)
	at com.kms.katalon.core.main.TestSuiteExecutor.accessTestSuiteMainPhase(TestSuiteExecutor.java:148)
	at com.kms.katalon.core.main.TestSuiteExecutor.execute(TestSuiteExecutor.java:106)
	at com.kms.katalon.core.main.TestCaseMain.startTestSuite(TestCaseMain.java:187)
	at com.kms.katalon.core.main.TestCaseMain$startTestSuite$0.call(Unknown Source)
	at TempTestSuite1696239986367.run(TempTestSuite1696239986367.groovy:36)
Caused by: com.kms.katalon.core.exception.StepFailedException: Actual text 'Sukses Proses Wakaf Asset, kami akan segera menghubungi anda! Terima kasih' and expected text 'Nama tidak boleh lebih dari 150 huruf' of test object 'Object Repository/Wakaf Asset Online/Verify Wakaf Asset Diproses' are NOT matched.
	at com.kms.katalon.core.webui.keyword.internal.WebUIKeywordMain.stepFailed(WebUIKeywordMain.groovy:64)
	at com.kms.katalon.core.webui.keyword.builtin.VerifyElementTextKeyword$_verifyElementText_closure1.doCall(VerifyElementTextKeyword.groovy:57)
	at com.kms.katalon.core.webui.keyword.builtin.VerifyElementTextKeyword$_verifyElementText_closure1.call(VerifyElementTextKeyword.groovy)
	at com.kms.katalon.core.webui.keyword.internal.WebUIKeywordMain.runKeyword(WebUIKeywordMain.groovy:20)
	... 19 more
"/>
         <system-out><![CDATA[2023-10-02 16:52:00 - [TEST_CASE][FAILED] - Test Cases/Wakaf Asset Online/TC-WAO-017: Test Cases/Wakaf Asset Online/TC-WAO-017 FAILED.
Reason:
com.kms.katalon.core.exception.StepFailedException: Verify element text of test object 'Object Repository/Wakaf Asset Online/Verify Wakaf Asset Diproses' FAILED.
	at com.kms.katalon.core.webui.keyword.internal.WebUIKeywordMain.stepFailed(WebUIKeywordMain.groovy:64)
	at com.kms.katalon.core.webui.keyword.internal.WebUIKeywordMain.runKeyword(WebUIKeywordMain.groovy:26)
	at com.kms.katalon.core.webui.keyword.builtin.VerifyElementTextKeyword.verifyElementText(VerifyElementTextKeyword.groovy:72)
	at com.kms.katalon.core.webui.keyword.builtin.VerifyElementTextKeyword.execute(VerifyElementTextKeyword.groovy:40)
	at com.kms.katalon.core.keyword.internal.KeywordExecutor.executeKeywordForPlatform(KeywordExecutor.groovy:74)
	at com.kms.katalon.core.webui.keyword.WebUiBuiltInKeywords.verifyElementText(WebUiBuiltInKeywords.groovy:4749)
	at com.kms.katalon.core.webui.keyword.WebUiBuiltInKeywords$verifyElementText$6.call(Unknown Source)
	at TC-WAO-017.run(TC-WAO-017:52)
	at com.kms.katalon.core.main.ScriptEngine.run(ScriptEngine.java:194)
	at com.kms.katalon.core.main.ScriptEngine.runScriptAsRawText(ScriptEngine.java:119)
	at com.kms.katalon.core.main.TestCaseExecutor.runScript(TestCaseExecutor.java:448)
	at com.kms.katalon.core.main.TestCaseExecutor.doExecute(TestCaseExecutor.java:439)
	at com.kms.katalon.core.main.TestCaseExecutor.processExecutionPhase(TestCaseExecutor.java:418)
	at com.kms.katalon.core.main.TestCaseExecutor.accessMainPhase(TestCaseExecutor.java:410)
	at com.kms.katalon.core.main.TestCaseExecutor.execute(TestCaseExecutor.java:285)
	at com.kms.katalon.core.common.CommonExecutor.accessTestCaseMainPhase(CommonExecutor.java:65)
	at com.kms.katalon.core.main.TestSuiteExecutor.accessTestSuiteMainPhase(TestSuiteExecutor.java:148)
	at com.kms.katalon.core.main.TestSuiteExecutor.execute(TestSuiteExecutor.java:106)
	at com.kms.katalon.core.main.TestCaseMain.startTestSuite(TestCaseMain.java:187)
	at com.kms.katalon.core.main.TestCaseMain$startTestSuite$0.call(Unknown Source)
	at TempTestSuite1696239986367.run(TempTestSuite1696239986367.groovy:36)
Caused by: com.kms.katalon.core.exception.StepFailedException: Actual text 'Sukses Proses Wakaf Asset, kami akan segera menghubungi anda! Terima kasih' and expected text 'Nama tidak boleh lebih dari 150 huruf' of test object 'Object Repository/Wakaf Asset Online/Verify Wakaf Asset Diproses' are NOT matched.
	at com.kms.katalon.core.webui.keyword.internal.WebUIKeywordMain.stepFailed(WebUIKeywordMain.groovy:64)
	at com.kms.katalon.core.webui.keyword.builtin.VerifyElementTextKeyword$_verifyElementText_closure1.doCall(VerifyElementTextKeyword.groovy:57)
	at com.kms.katalon.core.webui.keyword.builtin.VerifyElementTextKeyword$_verifyElementText_closure1.call(VerifyElementTextKeyword.groovy)
	at com.kms.katalon.core.webui.keyword.internal.WebUIKeywordMain.runKeyword(WebUIKeywordMain.groovy:20)
	... 19 more


2023-10-02 16:52:00 - [TEST_STEP][PASSED] - openBrowser("https://10.9.2.63/ecommerce/"): Browser is opened with url: 'https://10.9.2.63/ecommerce/'

2023-10-02 16:52:00 - [MESSAGE][WARNING] - A browser is already opened. Closing browser and opening a new one

2023-10-02 16:52:01 - [MESSAGE][INFO] - Starting 'Edge Chromium' driver

2023-10-02 16:52:01 - [MESSAGE][INFO] - User set preference: ['acceptInsecureCerts', 'true']

2023-10-02 16:52:03 - [MESSAGE][INFO] - Action delay is set to 0 milliseconds

2023-10-02 16:52:06 - [MESSAGE][PASSED] - Browser is opened with url: 'https://10.9.2.63/ecommerce/'

2023-10-02 16:52:06 - [TEST_STEP][PASSED] - maximizeWindow(): Current window maximized

2023-10-02 16:52:06 - [MESSAGE][PASSED] - Current window maximized

2023-10-02 16:52:06 - [TEST_STEP][PASSED] - verifyElementPresent(findTestObject("Search Product/Verify Page Tajalapak"), 0): Object 'Object Repository/Search Product/Verify Page Tajalapak' is present

2023-10-02 16:52:06 - [MESSAGE][WARNING] - Timeout '0' is invalid. Using default page load timeout: '30'

2023-10-02 16:52:07 - [MESSAGE][PASSED] - Object 'Object Repository/Search Product/Verify Page Tajalapak' is present

2023-10-02 16:52:07 - [TEST_STEP][PASSED] - click(findTestObject("Wakaf Asset Online/Donasi")): Object: 'Object Repository/Wakaf Asset Online/Donasi' is clicked on

2023-10-02 16:52:08 - [MESSAGE][PASSED] - Object: 'Object Repository/Wakaf Asset Online/Donasi' is clicked on

2023-10-02 16:52:08 - [TEST_STEP][PASSED] - click(findTestObject("Wakaf Asset Online/Wakaf Asset Donasi")): Object: 'Object Repository/Wakaf Asset Online/Wakaf Asset Donasi' is clicked on

2023-10-02 16:52:10 - [MESSAGE][PASSED] - Object: 'Object Repository/Wakaf Asset Online/Wakaf Asset Donasi' is clicked on

2023-10-02 16:52:10 - [TEST_STEP][PASSED] - verifyElementPresent(findTestObject("Wakaf Asset Online/verify Wakaf Asset Online"), 0): Object 'Object Repository/Wakaf Asset Online/verify Wakaf Asset Online' is present

2023-10-02 16:52:10 - [MESSAGE][WARNING] - Timeout '0' is invalid. Using default page load timeout: '30'

2023-10-02 16:52:10 - [MESSAGE][PASSED] - Object 'Object Repository/Wakaf Asset Online/verify Wakaf Asset Online' is present

2023-10-02 16:52:10 - [TEST_STEP][PASSED] - selectOptionByValue(findTestObject("Wakaf Asset Online/Pilih Type Wakaf"), "Bangunan", false): All options with value 'Bangunan' are selected in object 'Object Repository/Wakaf Asset Online/Pilih Type Wakaf' 

2023-10-02 16:52:11 - [MESSAGE][PASSED] - All options with value 'Bangunan' are selected in object 'Object Repository/Wakaf Asset Online/Pilih Type Wakaf' 

2023-10-02 16:52:11 - [TEST_STEP][PASSED] - setText(findTestObject("Wakaf Asset Online/Input Perkiraan Nilai Asset"), "100000000"): Text '100000000' is set on object 'Object Repository/Wakaf Asset Online/Input Perkiraan Nilai Asset'

2023-10-02 16:52:12 - [MESSAGE][PASSED] - Text '100000000' is set on object 'Object Repository/Wakaf Asset Online/Input Perkiraan Nilai Asset'

2023-10-02 16:52:12 - [TEST_STEP][PASSED] - setText(findTestObject("Wakaf Asset Online/Input Alamat Asset"), "Jalan Taruma Jawa Timur"): Text 'Jalan Taruma Jawa Timur' is set on object 'Object Repository/Wakaf Asset Online/Input Alamat Asset'

2023-10-02 16:52:13 - [MESSAGE][PASSED] - Text 'Jalan Taruma Jawa Timur' is set on object 'Object Repository/Wakaf Asset Online/Input Alamat Asset'

2023-10-02 16:52:13 - [TEST_STEP][PASSED] - setText(findTestObject("Wakaf Asset Online/Keterangan Asset"), ""): Text '' is set on object 'Object Repository/Wakaf Asset Online/Keterangan Asset'

2023-10-02 16:52:14 - [MESSAGE][PASSED] - Text '' is set on object 'Object Repository/Wakaf Asset Online/Keterangan Asset'

2023-10-02 16:52:14 - [TEST_STEP][PASSED] - setText(findTestObject("Wakaf Asset Online/Input Nama Lengkap"), "Adolph Blaine Charles David Earl Frederick Gerald Hubert Irvim John Kenneth Loyd Martin Nero Oliver Paul Quincy Randolph Sherman Thomas Uncas Victor Willian Xerxes Yancy Zeus Wolfeschlegelsteinhausenbergerdorffvoralternwarengewissenhaftschafers"): Text 'Adolph Blaine Charles David Earl Frederick Gerald Hubert Irvim John Kenneth Loyd Martin Nero Oliver Paul Quincy Randolph Sherman Thomas Uncas Victor Willian Xerxes Yancy Zeus Wolfeschlegelsteinhausenbergerdorffvoralternwarengewissenhaftschafers' is set on object 'Object Repository/Wakaf Asset Online/Input Nama Lengkap'

2023-10-02 16:52:15 - [MESSAGE][PASSED] - Text 'Adolph Blaine Charles David Earl Frederick Gerald Hubert Irvim John Kenneth Loyd Martin Nero Oliver Paul Quincy Randolph Sherman Thomas Uncas Victor Willian Xerxes Yancy Zeus Wolfeschlegelsteinhausenbergerdorffvoralternwarengewissenhaftschafers' is set on object 'Object Repository/Wakaf Asset Online/Input Nama Lengkap'

2023-10-02 16:52:15 - [TEST_STEP][PASSED] - setText(findTestObject("Wakaf Asset Online/Input No Handphone"), "085123456789"): Text '085123456789' is set on object 'Object Repository/Wakaf Asset Online/Input No Handphone'

2023-10-02 16:52:16 - [MESSAGE][PASSED] - Text '085123456789' is set on object 'Object Repository/Wakaf Asset Online/Input No Handphone'

2023-10-02 16:52:16 - [TEST_STEP][PASSED] - setText(findTestObject("Wakaf Asset Online/Input Email"), "joko@gmailcom"): Text 'joko@gmailcom' is set on object 'Object Repository/Wakaf Asset Online/Input Email'

2023-10-02 16:52:16 - [MESSAGE][PASSED] - Text 'joko@gmailcom' is set on object 'Object Repository/Wakaf Asset Online/Input Email'

2023-10-02 16:52:16 - [TEST_STEP][PASSED] - uploadFile(findTestObject("Wakaf Asset Online/Input File Upload"), "E:\minions.png"): File 'E:\minions.png' sent to object: 'Object Repository/Wakaf Asset Online/Input File Upload'

2023-10-02 16:52:17 - [MESSAGE][PASSED] - File 'E:\minions.png' sent to object: 'Object Repository/Wakaf Asset Online/Input File Upload'

2023-10-02 16:52:17 - [TEST_STEP][PASSED] - setText(findTestObject("Wakaf Asset Online/Input 2 Digit Terakhir"), "89"): Text '89' is set on object 'Object Repository/Wakaf Asset Online/Input 2 Digit Terakhir'

2023-10-02 16:52:17 - [MESSAGE][PASSED] - Text '89' is set on object 'Object Repository/Wakaf Asset Online/Input 2 Digit Terakhir'

2023-10-02 16:52:17 - [TEST_STEP][PASSED] - click(findTestObject("Wakaf Asset Online/button Wakaf Sekarang")): Object: 'Object Repository/Wakaf Asset Online/button Wakaf Sekarang' is clicked on

2023-10-02 16:52:18 - [MESSAGE][PASSED] - Object: 'Object Repository/Wakaf Asset Online/button Wakaf Sekarang' is clicked on

2023-10-02 16:52:18 - [TEST_STEP][FAILED] - verifyElementText(findTestObject("Wakaf Asset Online/Verify Wakaf Asset Diproses"), "Nama tidak boleh lebih dari 150 huruf"): Verify element text of test object 'Object Repository/Wakaf Asset Online/Verify Wakaf Asset Diproses' FAILED. (Root cause: com.kms.katalon.core.exception.StepFailedException: Verify element text of test object 'Object Repository/Wakaf Asset Online/Verify Wakaf Asset Diproses' FAILED.
	at com.kms.katalon.core.webui.keyword.internal.WebUIKeywordMain.stepFailed(WebUIKeywordMain.groovy:64)
	at com.kms.katalon.core.webui.keyword.internal.WebUIKeywordMain.runKeyword(WebUIKeywordMain.groovy:26)
	at com.kms.katalon.core.webui.keyword.builtin.VerifyElementTextKeyword.verifyElementText(VerifyElementTextKeyword.groovy:72)
	at com.kms.katalon.core.webui.keyword.builtin.VerifyElementTextKeyword.execute(VerifyElementTextKeyword.groovy:40)
	at com.kms.katalon.core.keyword.internal.KeywordExecutor.executeKeywordForPlatform(KeywordExecutor.groovy:74)
	at com.kms.katalon.core.webui.keyword.WebUiBuiltInKeywords.verifyElementText(WebUiBuiltInKeywords.groovy:4749)
	at com.kms.katalon.core.webui.keyword.WebUiBuiltInKeywords$verifyElementText$6.call(Unknown Source)
	at TC-WAO-017.run(TC-WAO-017:52)
	at com.kms.katalon.core.main.ScriptEngine.run(ScriptEngine.java:194)
	at com.kms.katalon.core.main.ScriptEngine.runScriptAsRawText(ScriptEngine.java:119)
	at com.kms.katalon.core.main.TestCaseExecutor.runScript(TestCaseExecutor.java:448)
	at com.kms.katalon.core.main.TestCaseExecutor.doExecute(TestCaseExecutor.java:439)
	at com.kms.katalon.core.main.TestCaseExecutor.processExecutionPhase(TestCaseExecutor.java:418)
	at com.kms.katalon.core.main.TestCaseExecutor.accessMainPhase(TestCaseExecutor.java:410)
	at com.kms.katalon.core.main.TestCaseExecutor.execute(TestCaseExecutor.java:285)
	at com.kms.katalon.core.common.CommonExecutor.accessTestCaseMainPhase(CommonExecutor.java:65)
	at com.kms.katalon.core.main.TestSuiteExecutor.accessTestSuiteMainPhase(TestSuiteExecutor.java:148)
	at com.kms.katalon.core.main.TestSuiteExecutor.execute(TestSuiteExecutor.java:106)
	at com.kms.katalon.core.main.TestCaseMain.startTestSuite(TestCaseMain.java:187)
	at com.kms.katalon.core.main.TestCaseMain$startTestSuite$0.call(Unknown Source)
	at TempTestSuite1696239986367.run(TempTestSuite1696239986367.groovy:36)
Caused by: com.kms.katalon.core.exception.StepFailedException: Actual text 'Sukses Proses Wakaf Asset, kami akan segera menghubungi anda! Terima kasih' and expected text 'Nama tidak boleh lebih dari 150 huruf' of test object 'Object Repository/Wakaf Asset Online/Verify Wakaf Asset Diproses' are NOT matched.
	at com.kms.katalon.core.webui.keyword.internal.WebUIKeywordMain.stepFailed(WebUIKeywordMain.groovy:64)
	at com.kms.katalon.core.webui.keyword.builtin.VerifyElementTextKeyword$_verifyElementText_closure1.doCall(VerifyElementTextKeyword.groovy:57)
	at com.kms.katalon.core.webui.keyword.builtin.VerifyElementTextKeyword$_verifyElementText_closure1.call(VerifyElementTextKeyword.groovy)
	at com.kms.katalon.core.webui.keyword.internal.WebUIKeywordMain.runKeyword(WebUIKeywordMain.groovy:20)
	... 19 more
)

2023-10-02 16:52:19 - [MESSAGE][FAILED] - Actual text 'Sukses Proses Wakaf Asset, kami akan segera menghubungi anda! Terima kasih' and expected text 'Nama tidak boleh lebih dari 150 huruf' of test object 'Object Repository/Wakaf Asset Online/Verify Wakaf Asset Diproses' are NOT matched. (Root cause: com.kms.katalon.core.exception.StepFailedException: Actual text 'Sukses Proses Wakaf Asset, kami akan segera menghubungi anda! Terima kasih' and expected text 'Nama tidak boleh lebih dari 150 huruf' of test object 'Object Repository/Wakaf Asset Online/Verify Wakaf Asset Diproses' are NOT matched.
	at com.kms.katalon.core.webui.keyword.internal.WebUIKeywordMain.stepFailed(WebUIKeywordMain.groovy:64)
	at com.kms.katalon.core.webui.keyword.builtin.VerifyElementTextKeyword$_verifyElementText_closure1.doCall(VerifyElementTextKeyword.groovy:57)
	at com.kms.katalon.core.webui.keyword.builtin.VerifyElementTextKeyword$_verifyElementText_closure1.call(VerifyElementTextKeyword.groovy)
	at com.kms.katalon.core.webui.keyword.internal.WebUIKeywordMain.runKeyword(WebUIKeywordMain.groovy:20)
	at com.kms.katalon.core.webui.keyword.builtin.VerifyElementTextKeyword.verifyElementText(VerifyElementTextKeyword.groovy:72)
	at com.kms.katalon.core.webui.keyword.builtin.VerifyElementTextKeyword.execute(VerifyElementTextKeyword.groovy:40)
	at com.kms.katalon.core.keyword.internal.KeywordExecutor.executeKeywordForPlatform(KeywordExecutor.groovy:74)
	at com.kms.katalon.core.webui.keyword.WebUiBuiltInKeywords.verifyElementText(WebUiBuiltInKeywords.groovy:4749)
	at com.kms.katalon.core.webui.keyword.WebUiBuiltInKeywords$verifyElementText$6.call(Unknown Source)
	at TC-WAO-017.run(TC-WAO-017:52)
	at com.kms.katalon.core.main.ScriptEngine.run(ScriptEngine.java:194)
	at com.kms.katalon.core.main.ScriptEngine.runScriptAsRawText(ScriptEngine.java:119)
	at com.kms.katalon.core.main.TestCaseExecutor.runScript(TestCaseExecutor.java:448)
	at com.kms.katalon.core.main.TestCaseExecutor.doExecute(TestCaseExecutor.java:439)
	at com.kms.katalon.core.main.TestCaseExecutor.processExecutionPhase(TestCaseExecutor.java:418)
	at com.kms.katalon.core.main.TestCaseExecutor.accessMainPhase(TestCaseExecutor.java:410)
	at com.kms.katalon.core.main.TestCaseExecutor.execute(TestCaseExecutor.java:285)
	at com.kms.katalon.core.common.CommonExecutor.accessTestCaseMainPhase(CommonExecutor.java:65)
	at com.kms.katalon.core.main.TestSuiteExecutor.accessTestSuiteMainPhase(TestSuiteExecutor.java:148)
	at com.kms.katalon.core.main.TestSuiteExecutor.execute(TestSuiteExecutor.java:106)
	at com.kms.katalon.core.main.TestCaseMain.startTestSuite(TestCaseMain.java:187)
	at com.kms.katalon.core.main.TestCaseMain$startTestSuite$0.call(Unknown Source)
	at TempTestSuite1696239986367.run(TempTestSuite1696239986367.groovy:36)
)
[[ATTACHMENT|G:\\Project Xsis\\batch-324-qa\\Riswan\\Tajalapak_com\\Reports\\20231002_164626\\TS-Wakaf Asset Online\\20231002_164626\\1696240339144.png]]

2023-10-02 16:52:19 - [MESSAGE][FAILED] - Verify element text of test object 'Object Repository/Wakaf Asset Online/Verify Wakaf Asset Diproses' FAILED. (Root cause: com.kms.katalon.core.exception.StepFailedException: Verify element text of test object 'Object Repository/Wakaf Asset Online/Verify Wakaf Asset Diproses' FAILED.
	at com.kms.katalon.core.webui.keyword.internal.WebUIKeywordMain.stepFailed(WebUIKeywordMain.groovy:64)
	at com.kms.katalon.core.webui.keyword.internal.WebUIKeywordMain.runKeyword(WebUIKeywordMain.groovy:26)
	at com.kms.katalon.core.webui.keyword.builtin.VerifyElementTextKeyword.verifyElementText(VerifyElementTextKeyword.groovy:72)
	at com.kms.katalon.core.webui.keyword.builtin.VerifyElementTextKeyword.execute(VerifyElementTextKeyword.groovy:40)
	at com.kms.katalon.core.keyword.internal.KeywordExecutor.executeKeywordForPlatform(KeywordExecutor.groovy:74)
	at com.kms.katalon.core.webui.keyword.WebUiBuiltInKeywords.verifyElementText(WebUiBuiltInKeywords.groovy:4749)
	at com.kms.katalon.core.webui.keyword.WebUiBuiltInKeywords$verifyElementText$6.call(Unknown Source)
	at TC-WAO-017.run(TC-WAO-017:52)
	at com.kms.katalon.core.main.ScriptEngine.run(ScriptEngine.java:194)
	at com.kms.katalon.core.main.ScriptEngine.runScriptAsRawText(ScriptEngine.java:119)
	at com.kms.katalon.core.main.TestCaseExecutor.runScript(TestCaseExecutor.java:448)
	at com.kms.katalon.core.main.TestCaseExecutor.doExecute(TestCaseExecutor.java:439)
	at com.kms.katalon.core.main.TestCaseExecutor.processExecutionPhase(TestCaseExecutor.java:418)
	at com.kms.katalon.core.main.TestCaseExecutor.accessMainPhase(TestCaseExecutor.java:410)
	at com.kms.katalon.core.main.TestCaseExecutor.execute(TestCaseExecutor.java:285)
	at com.kms.katalon.core.common.CommonExecutor.accessTestCaseMainPhase(CommonExecutor.java:65)
	at com.kms.katalon.core.main.TestSuiteExecutor.accessTestSuiteMainPhase(TestSuiteExecutor.java:148)
	at com.kms.katalon.core.main.TestSuiteExecutor.execute(TestSuiteExecutor.java:106)
	at com.kms.katalon.core.main.TestCaseMain.startTestSuite(TestCaseMain.java:187)
	at com.kms.katalon.core.main.TestCaseMain$startTestSuite$0.call(Unknown Source)
	at TempTestSuite1696239986367.run(TempTestSuite1696239986367.groovy:36)
Caused by: com.kms.katalon.core.exception.StepFailedException: Actual text 'Sukses Proses Wakaf Asset, kami akan segera menghubungi anda! Terima kasih' and expected text 'Nama tidak boleh lebih dari 150 huruf' of test object 'Object Repository/Wakaf Asset Online/Verify Wakaf Asset Diproses' are NOT matched.
	at com.kms.katalon.core.webui.keyword.internal.WebUIKeywordMain.stepFailed(WebUIKeywordMain.groovy:64)
	at com.kms.katalon.core.webui.keyword.builtin.VerifyElementTextKeyword$_verifyElementText_closure1.doCall(VerifyElementTextKeyword.groovy:57)
	at com.kms.katalon.core.webui.keyword.builtin.VerifyElementTextKeyword$_verifyElementText_closure1.call(VerifyElementTextKeyword.groovy)
	at com.kms.katalon.core.webui.keyword.internal.WebUIKeywordMain.runKeyword(WebUIKeywordMain.groovy:20)
	... 19 more
)
[[ATTACHMENT|G:\\Project Xsis\\batch-324-qa\\Riswan\\Tajalapak_com\\Reports\\20231002_164626\\TS-Wakaf Asset Online\\20231002_164626\\1696240339258.png]]]]></system-out>
         <system-err><![CDATA[2023-10-02 16:52:00 - [TEST_CASE][FAILED] - Test Cases/Wakaf Asset Online/TC-WAO-017: Test Cases/Wakaf Asset Online/TC-WAO-017 FAILED.
Reason:
com.kms.katalon.core.exception.StepFailedException: Verify element text of test object 'Object Repository/Wakaf Asset Online/Verify Wakaf Asset Diproses' FAILED.
	at com.kms.katalon.core.webui.keyword.internal.WebUIKeywordMain.stepFailed(WebUIKeywordMain.groovy:64)
	at com.kms.katalon.core.webui.keyword.internal.WebUIKeywordMain.runKeyword(WebUIKeywordMain.groovy:26)
	at com.kms.katalon.core.webui.keyword.builtin.VerifyElementTextKeyword.verifyElementText(VerifyElementTextKeyword.groovy:72)
	at com.kms.katalon.core.webui.keyword.builtin.VerifyElementTextKeyword.execute(VerifyElementTextKeyword.groovy:40)
	at com.kms.katalon.core.keyword.internal.KeywordExecutor.executeKeywordForPlatform(KeywordExecutor.groovy:74)
	at com.kms.katalon.core.webui.keyword.WebUiBuiltInKeywords.verifyElementText(WebUiBuiltInKeywords.groovy:4749)
	at com.kms.katalon.core.webui.keyword.WebUiBuiltInKeywords$verifyElementText$6.call(Unknown Source)
	at TC-WAO-017.run(TC-WAO-017:52)
	at com.kms.katalon.core.main.ScriptEngine.run(ScriptEngine.java:194)
	at com.kms.katalon.core.main.ScriptEngine.runScriptAsRawText(ScriptEngine.java:119)
	at com.kms.katalon.core.main.TestCaseExecutor.runScript(TestCaseExecutor.java:448)
	at com.kms.katalon.core.main.TestCaseExecutor.doExecute(TestCaseExecutor.java:439)
	at com.kms.katalon.core.main.TestCaseExecutor.processExecutionPhase(TestCaseExecutor.java:418)
	at com.kms.katalon.core.main.TestCaseExecutor.accessMainPhase(TestCaseExecutor.java:410)
	at com.kms.katalon.core.main.TestCaseExecutor.execute(TestCaseExecutor.java:285)
	at com.kms.katalon.core.common.CommonExecutor.accessTestCaseMainPhase(CommonExecutor.java:65)
	at com.kms.katalon.core.main.TestSuiteExecutor.accessTestSuiteMainPhase(TestSuiteExecutor.java:148)
	at com.kms.katalon.core.main.TestSuiteExecutor.execute(TestSuiteExecutor.java:106)
	at com.kms.katalon.core.main.TestCaseMain.startTestSuite(TestCaseMain.java:187)
	at com.kms.katalon.core.main.TestCaseMain$startTestSuite$0.call(Unknown Source)
	at TempTestSuite1696239986367.run(TempTestSuite1696239986367.groovy:36)
Caused by: com.kms.katalon.core.exception.StepFailedException: Actual text 'Sukses Proses Wakaf Asset, kami akan segera menghubungi anda! Terima kasih' and expected text 'Nama tidak boleh lebih dari 150 huruf' of test object 'Object Repository/Wakaf Asset Online/Verify Wakaf Asset Diproses' are NOT matched.
	at com.kms.katalon.core.webui.keyword.internal.WebUIKeywordMain.stepFailed(WebUIKeywordMain.groovy:64)
	at com.kms.katalon.core.webui.keyword.builtin.VerifyElementTextKeyword$_verifyElementText_closure1.doCall(VerifyElementTextKeyword.groovy:57)
	at com.kms.katalon.core.webui.keyword.builtin.VerifyElementTextKeyword$_verifyElementText_closure1.call(VerifyElementTextKeyword.groovy)
	at com.kms.katalon.core.webui.keyword.internal.WebUIKeywordMain.runKeyword(WebUIKeywordMain.groovy:20)
	... 19 more]]></system-err>
      </testcase>
      <testcase name="Test Cases/Wakaf Asset Online/TC-WAO-018" time="16.982" classname="Test Cases/Wakaf Asset Online/TC-WAO-018" status="FAILED">
         <failure type="FAILED" message="Test Cases/Wakaf Asset Online/TC-WAO-018 FAILED.
Reason:
com.kms.katalon.core.exception.StepFailedException: Verify element text of test object 'Object Repository/Wakaf Asset Online/Verify Wakaf Asset Diproses' FAILED.
	at com.kms.katalon.core.webui.keyword.internal.WebUIKeywordMain.stepFailed(WebUIKeywordMain.groovy:64)
	at com.kms.katalon.core.webui.keyword.internal.WebUIKeywordMain.runKeyword(WebUIKeywordMain.groovy:26)
	at com.kms.katalon.core.webui.keyword.builtin.VerifyElementTextKeyword.verifyElementText(VerifyElementTextKeyword.groovy:72)
	at com.kms.katalon.core.webui.keyword.builtin.VerifyElementTextKeyword.execute(VerifyElementTextKeyword.groovy:40)
	at com.kms.katalon.core.keyword.internal.KeywordExecutor.executeKeywordForPlatform(KeywordExecutor.groovy:74)
	at com.kms.katalon.core.webui.keyword.WebUiBuiltInKeywords.verifyElementText(WebUiBuiltInKeywords.groovy:4749)
	at com.kms.katalon.core.webui.keyword.WebUiBuiltInKeywords$verifyElementText$6.call(Unknown Source)
	at TC-WAO-018.run(TC-WAO-018:52)
	at com.kms.katalon.core.main.ScriptEngine.run(ScriptEngine.java:194)
	at com.kms.katalon.core.main.ScriptEngine.runScriptAsRawText(ScriptEngine.java:119)
	at com.kms.katalon.core.main.TestCaseExecutor.runScript(TestCaseExecutor.java:448)
	at com.kms.katalon.core.main.TestCaseExecutor.doExecute(TestCaseExecutor.java:439)
	at com.kms.katalon.core.main.TestCaseExecutor.processExecutionPhase(TestCaseExecutor.java:418)
	at com.kms.katalon.core.main.TestCaseExecutor.accessMainPhase(TestCaseExecutor.java:410)
	at com.kms.katalon.core.main.TestCaseExecutor.execute(TestCaseExecutor.java:285)
	at com.kms.katalon.core.common.CommonExecutor.accessTestCaseMainPhase(CommonExecutor.java:65)
	at com.kms.katalon.core.main.TestSuiteExecutor.accessTestSuiteMainPhase(TestSuiteExecutor.java:148)
	at com.kms.katalon.core.main.TestSuiteExecutor.execute(TestSuiteExecutor.java:106)
	at com.kms.katalon.core.main.TestCaseMain.startTestSuite(TestCaseMain.java:187)
	at com.kms.katalon.core.main.TestCaseMain$startTestSuite$0.call(Unknown Source)
	at TempTestSuite1696239986367.run(TempTestSuite1696239986367.groovy:36)
Caused by: com.kms.katalon.core.exception.StepFailedException: Actual text 'Sukses Proses Wakaf Asset, kami akan segera menghubungi anda! Terima kasih' and expected text 'Nilai Perkiraan wakaf asset terlalu besar' of test object 'Object Repository/Wakaf Asset Online/Verify Wakaf Asset Diproses' are NOT matched.
	at com.kms.katalon.core.webui.keyword.internal.WebUIKeywordMain.stepFailed(WebUIKeywordMain.groovy:64)
	at com.kms.katalon.core.webui.keyword.builtin.VerifyElementTextKeyword$_verifyElementText_closure1.doCall(VerifyElementTextKeyword.groovy:57)
	at com.kms.katalon.core.webui.keyword.builtin.VerifyElementTextKeyword$_verifyElementText_closure1.call(VerifyElementTextKeyword.groovy)
	at com.kms.katalon.core.webui.keyword.internal.WebUIKeywordMain.runKeyword(WebUIKeywordMain.groovy:20)
	... 19 more
"/>
         <system-out><![CDATA[2023-10-02 16:52:19 - [TEST_CASE][FAILED] - Test Cases/Wakaf Asset Online/TC-WAO-018: Test Cases/Wakaf Asset Online/TC-WAO-018 FAILED.
Reason:
com.kms.katalon.core.exception.StepFailedException: Verify element text of test object 'Object Repository/Wakaf Asset Online/Verify Wakaf Asset Diproses' FAILED.
	at com.kms.katalon.core.webui.keyword.internal.WebUIKeywordMain.stepFailed(WebUIKeywordMain.groovy:64)
	at com.kms.katalon.core.webui.keyword.internal.WebUIKeywordMain.runKeyword(WebUIKeywordMain.groovy:26)
	at com.kms.katalon.core.webui.keyword.builtin.VerifyElementTextKeyword.verifyElementText(VerifyElementTextKeyword.groovy:72)
	at com.kms.katalon.core.webui.keyword.builtin.VerifyElementTextKeyword.execute(VerifyElementTextKeyword.groovy:40)
	at com.kms.katalon.core.keyword.internal.KeywordExecutor.executeKeywordForPlatform(KeywordExecutor.groovy:74)
	at com.kms.katalon.core.webui.keyword.WebUiBuiltInKeywords.verifyElementText(WebUiBuiltInKeywords.groovy:4749)
	at com.kms.katalon.core.webui.keyword.WebUiBuiltInKeywords$verifyElementText$6.call(Unknown Source)
	at TC-WAO-018.run(TC-WAO-018:52)
	at com.kms.katalon.core.main.ScriptEngine.run(ScriptEngine.java:194)
	at com.kms.katalon.core.main.ScriptEngine.runScriptAsRawText(ScriptEngine.java:119)
	at com.kms.katalon.core.main.TestCaseExecutor.runScript(TestCaseExecutor.java:448)
	at com.kms.katalon.core.main.TestCaseExecutor.doExecute(TestCaseExecutor.java:439)
	at com.kms.katalon.core.main.TestCaseExecutor.processExecutionPhase(TestCaseExecutor.java:418)
	at com.kms.katalon.core.main.TestCaseExecutor.accessMainPhase(TestCaseExecutor.java:410)
	at com.kms.katalon.core.main.TestCaseExecutor.execute(TestCaseExecutor.java:285)
	at com.kms.katalon.core.common.CommonExecutor.accessTestCaseMainPhase(CommonExecutor.java:65)
	at com.kms.katalon.core.main.TestSuiteExecutor.accessTestSuiteMainPhase(TestSuiteExecutor.java:148)
	at com.kms.katalon.core.main.TestSuiteExecutor.execute(TestSuiteExecutor.java:106)
	at com.kms.katalon.core.main.TestCaseMain.startTestSuite(TestCaseMain.java:187)
	at com.kms.katalon.core.main.TestCaseMain$startTestSuite$0.call(Unknown Source)
	at TempTestSuite1696239986367.run(TempTestSuite1696239986367.groovy:36)
Caused by: com.kms.katalon.core.exception.StepFailedException: Actual text 'Sukses Proses Wakaf Asset, kami akan segera menghubungi anda! Terima kasih' and expected text 'Nilai Perkiraan wakaf asset terlalu besar' of test object 'Object Repository/Wakaf Asset Online/Verify Wakaf Asset Diproses' are NOT matched.
	at com.kms.katalon.core.webui.keyword.internal.WebUIKeywordMain.stepFailed(WebUIKeywordMain.groovy:64)
	at com.kms.katalon.core.webui.keyword.builtin.VerifyElementTextKeyword$_verifyElementText_closure1.doCall(VerifyElementTextKeyword.groovy:57)
	at com.kms.katalon.core.webui.keyword.builtin.VerifyElementTextKeyword$_verifyElementText_closure1.call(VerifyElementTextKeyword.groovy)
	at com.kms.katalon.core.webui.keyword.internal.WebUIKeywordMain.runKeyword(WebUIKeywordMain.groovy:20)
	... 19 more


2023-10-02 16:52:19 - [TEST_STEP][PASSED] - openBrowser("https://10.9.2.63/ecommerce/"): Browser is opened with url: 'https://10.9.2.63/ecommerce/'

2023-10-02 16:52:19 - [MESSAGE][WARNING] - A browser is already opened. Closing browser and opening a new one

2023-10-02 16:52:20 - [MESSAGE][INFO] - Starting 'Edge Chromium' driver

2023-10-02 16:52:20 - [MESSAGE][INFO] - User set preference: ['acceptInsecureCerts', 'true']

2023-10-02 16:52:22 - [MESSAGE][INFO] - Action delay is set to 0 milliseconds

2023-10-02 16:52:25 - [MESSAGE][PASSED] - Browser is opened with url: 'https://10.9.2.63/ecommerce/'

2023-10-02 16:52:25 - [TEST_STEP][PASSED] - maximizeWindow(): Current window maximized

2023-10-02 16:52:25 - [MESSAGE][PASSED] - Current window maximized

2023-10-02 16:52:25 - [TEST_STEP][PASSED] - verifyElementPresent(findTestObject("Search Product/Verify Page Tajalapak"), 0): Object 'Object Repository/Search Product/Verify Page Tajalapak' is present

2023-10-02 16:52:25 - [MESSAGE][WARNING] - Timeout '0' is invalid. Using default page load timeout: '30'

2023-10-02 16:52:26 - [MESSAGE][PASSED] - Object 'Object Repository/Search Product/Verify Page Tajalapak' is present

2023-10-02 16:52:26 - [TEST_STEP][PASSED] - click(findTestObject("Wakaf Asset Online/Donasi")): Object: 'Object Repository/Wakaf Asset Online/Donasi' is clicked on

2023-10-02 16:52:26 - [MESSAGE][PASSED] - Object: 'Object Repository/Wakaf Asset Online/Donasi' is clicked on

2023-10-02 16:52:26 - [TEST_STEP][PASSED] - click(findTestObject("Wakaf Asset Online/Wakaf Asset Donasi")): Object: 'Object Repository/Wakaf Asset Online/Wakaf Asset Donasi' is clicked on

2023-10-02 16:52:27 - [MESSAGE][PASSED] - Object: 'Object Repository/Wakaf Asset Online/Wakaf Asset Donasi' is clicked on

2023-10-02 16:52:27 - [TEST_STEP][PASSED] - verifyElementPresent(findTestObject("Wakaf Asset Online/verify Wakaf Asset Online"), 0): Object 'Object Repository/Wakaf Asset Online/verify Wakaf Asset Online' is present

2023-10-02 16:52:27 - [MESSAGE][WARNING] - Timeout '0' is invalid. Using default page load timeout: '30'

2023-10-02 16:52:28 - [MESSAGE][PASSED] - Object 'Object Repository/Wakaf Asset Online/verify Wakaf Asset Online' is present

2023-10-02 16:52:28 - [TEST_STEP][PASSED] - selectOptionByValue(findTestObject("Wakaf Asset Online/Pilih Type Wakaf"), "Bangunan", false): All options with value 'Bangunan' are selected in object 'Object Repository/Wakaf Asset Online/Pilih Type Wakaf' 

2023-10-02 16:52:28 - [MESSAGE][PASSED] - All options with value 'Bangunan' are selected in object 'Object Repository/Wakaf Asset Online/Pilih Type Wakaf' 

2023-10-02 16:52:28 - [TEST_STEP][PASSED] - setText(findTestObject("Wakaf Asset Online/Input Perkiraan Nilai Asset"), "10000000000000000000"): Text '10000000000000000000' is set on object 'Object Repository/Wakaf Asset Online/Input Perkiraan Nilai Asset'

2023-10-02 16:52:29 - [MESSAGE][PASSED] - Text '10000000000000000000' is set on object 'Object Repository/Wakaf Asset Online/Input Perkiraan Nilai Asset'

2023-10-02 16:52:29 - [TEST_STEP][PASSED] - setText(findTestObject("Wakaf Asset Online/Input Alamat Asset"), "Jalan Taruma Jawa Timur"): Text 'Jalan Taruma Jawa Timur' is set on object 'Object Repository/Wakaf Asset Online/Input Alamat Asset'

2023-10-02 16:52:30 - [MESSAGE][PASSED] - Text 'Jalan Taruma Jawa Timur' is set on object 'Object Repository/Wakaf Asset Online/Input Alamat Asset'

2023-10-02 16:52:30 - [TEST_STEP][PASSED] - setText(findTestObject("Wakaf Asset Online/Keterangan Asset"), ""): Text '' is set on object 'Object Repository/Wakaf Asset Online/Keterangan Asset'

2023-10-02 16:52:31 - [MESSAGE][PASSED] - Text '' is set on object 'Object Repository/Wakaf Asset Online/Keterangan Asset'

2023-10-02 16:52:31 - [TEST_STEP][PASSED] - setText(findTestObject("Wakaf Asset Online/Input Nama Lengkap"), "Joko"): Text 'Joko' is set on object 'Object Repository/Wakaf Asset Online/Input Nama Lengkap'

2023-10-02 16:52:31 - [MESSAGE][PASSED] - Text 'Joko' is set on object 'Object Repository/Wakaf Asset Online/Input Nama Lengkap'

2023-10-02 16:52:31 - [TEST_STEP][PASSED] - setText(findTestObject("Wakaf Asset Online/Input No Handphone"), "085123456789"): Text '085123456789' is set on object 'Object Repository/Wakaf Asset Online/Input No Handphone'

2023-10-02 16:52:33 - [MESSAGE][PASSED] - Text '085123456789' is set on object 'Object Repository/Wakaf Asset Online/Input No Handphone'

2023-10-02 16:52:33 - [TEST_STEP][PASSED] - setText(findTestObject("Wakaf Asset Online/Input Email"), "joko@gmailcom"): Text 'joko@gmailcom' is set on object 'Object Repository/Wakaf Asset Online/Input Email'

2023-10-02 16:52:33 - [MESSAGE][PASSED] - Text 'joko@gmailcom' is set on object 'Object Repository/Wakaf Asset Online/Input Email'

2023-10-02 16:52:33 - [TEST_STEP][PASSED] - uploadFile(findTestObject("Wakaf Asset Online/Input File Upload"), "E:\minions.png"): File 'E:\minions.png' sent to object: 'Object Repository/Wakaf Asset Online/Input File Upload'

2023-10-02 16:52:34 - [MESSAGE][PASSED] - File 'E:\minions.png' sent to object: 'Object Repository/Wakaf Asset Online/Input File Upload'

2023-10-02 16:52:34 - [TEST_STEP][PASSED] - setText(findTestObject("Wakaf Asset Online/Input 2 Digit Terakhir"), "89"): Text '89' is set on object 'Object Repository/Wakaf Asset Online/Input 2 Digit Terakhir'

2023-10-02 16:52:34 - [MESSAGE][PASSED] - Text '89' is set on object 'Object Repository/Wakaf Asset Online/Input 2 Digit Terakhir'

2023-10-02 16:52:34 - [TEST_STEP][PASSED] - click(findTestObject("Wakaf Asset Online/button Wakaf Sekarang")): Object: 'Object Repository/Wakaf Asset Online/button Wakaf Sekarang' is clicked on

2023-10-02 16:52:35 - [MESSAGE][PASSED] - Object: 'Object Repository/Wakaf Asset Online/button Wakaf Sekarang' is clicked on

2023-10-02 16:52:35 - [TEST_STEP][FAILED] - verifyElementText(findTestObject("Wakaf Asset Online/Verify Wakaf Asset Diproses"), "Nilai Perkiraan wakaf asset terlalu besar"): Verify element text of test object 'Object Repository/Wakaf Asset Online/Verify Wakaf Asset Diproses' FAILED. (Root cause: com.kms.katalon.core.exception.StepFailedException: Verify element text of test object 'Object Repository/Wakaf Asset Online/Verify Wakaf Asset Diproses' FAILED.
	at com.kms.katalon.core.webui.keyword.internal.WebUIKeywordMain.stepFailed(WebUIKeywordMain.groovy:64)
	at com.kms.katalon.core.webui.keyword.internal.WebUIKeywordMain.runKeyword(WebUIKeywordMain.groovy:26)
	at com.kms.katalon.core.webui.keyword.builtin.VerifyElementTextKeyword.verifyElementText(VerifyElementTextKeyword.groovy:72)
	at com.kms.katalon.core.webui.keyword.builtin.VerifyElementTextKeyword.execute(VerifyElementTextKeyword.groovy:40)
	at com.kms.katalon.core.keyword.internal.KeywordExecutor.executeKeywordForPlatform(KeywordExecutor.groovy:74)
	at com.kms.katalon.core.webui.keyword.WebUiBuiltInKeywords.verifyElementText(WebUiBuiltInKeywords.groovy:4749)
	at com.kms.katalon.core.webui.keyword.WebUiBuiltInKeywords$verifyElementText$6.call(Unknown Source)
	at TC-WAO-018.run(TC-WAO-018:52)
	at com.kms.katalon.core.main.ScriptEngine.run(ScriptEngine.java:194)
	at com.kms.katalon.core.main.ScriptEngine.runScriptAsRawText(ScriptEngine.java:119)
	at com.kms.katalon.core.main.TestCaseExecutor.runScript(TestCaseExecutor.java:448)
	at com.kms.katalon.core.main.TestCaseExecutor.doExecute(TestCaseExecutor.java:439)
	at com.kms.katalon.core.main.TestCaseExecutor.processExecutionPhase(TestCaseExecutor.java:418)
	at com.kms.katalon.core.main.TestCaseExecutor.accessMainPhase(TestCaseExecutor.java:410)
	at com.kms.katalon.core.main.TestCaseExecutor.execute(TestCaseExecutor.java:285)
	at com.kms.katalon.core.common.CommonExecutor.accessTestCaseMainPhase(CommonExecutor.java:65)
	at com.kms.katalon.core.main.TestSuiteExecutor.accessTestSuiteMainPhase(TestSuiteExecutor.java:148)
	at com.kms.katalon.core.main.TestSuiteExecutor.execute(TestSuiteExecutor.java:106)
	at com.kms.katalon.core.main.TestCaseMain.startTestSuite(TestCaseMain.java:187)
	at com.kms.katalon.core.main.TestCaseMain$startTestSuite$0.call(Unknown Source)
	at TempTestSuite1696239986367.run(TempTestSuite1696239986367.groovy:36)
Caused by: com.kms.katalon.core.exception.StepFailedException: Actual text 'Sukses Proses Wakaf Asset, kami akan segera menghubungi anda! Terima kasih' and expected text 'Nilai Perkiraan wakaf asset terlalu besar' of test object 'Object Repository/Wakaf Asset Online/Verify Wakaf Asset Diproses' are NOT matched.
	at com.kms.katalon.core.webui.keyword.internal.WebUIKeywordMain.stepFailed(WebUIKeywordMain.groovy:64)
	at com.kms.katalon.core.webui.keyword.builtin.VerifyElementTextKeyword$_verifyElementText_closure1.doCall(VerifyElementTextKeyword.groovy:57)
	at com.kms.katalon.core.webui.keyword.builtin.VerifyElementTextKeyword$_verifyElementText_closure1.call(VerifyElementTextKeyword.groovy)
	at com.kms.katalon.core.webui.keyword.internal.WebUIKeywordMain.runKeyword(WebUIKeywordMain.groovy:20)
	... 19 more
)

2023-10-02 16:52:36 - [MESSAGE][FAILED] - Actual text 'Sukses Proses Wakaf Asset, kami akan segera menghubungi anda! Terima kasih' and expected text 'Nilai Perkiraan wakaf asset terlalu besar' of test object 'Object Repository/Wakaf Asset Online/Verify Wakaf Asset Diproses' are NOT matched. (Root cause: com.kms.katalon.core.exception.StepFailedException: Actual text 'Sukses Proses Wakaf Asset, kami akan segera menghubungi anda! Terima kasih' and expected text 'Nilai Perkiraan wakaf asset terlalu besar' of test object 'Object Repository/Wakaf Asset Online/Verify Wakaf Asset Diproses' are NOT matched.
	at com.kms.katalon.core.webui.keyword.internal.WebUIKeywordMain.stepFailed(WebUIKeywordMain.groovy:64)
	at com.kms.katalon.core.webui.keyword.builtin.VerifyElementTextKeyword$_verifyElementText_closure1.doCall(VerifyElementTextKeyword.groovy:57)
	at com.kms.katalon.core.webui.keyword.builtin.VerifyElementTextKeyword$_verifyElementText_closure1.call(VerifyElementTextKeyword.groovy)
	at com.kms.katalon.core.webui.keyword.internal.WebUIKeywordMain.runKeyword(WebUIKeywordMain.groovy:20)
	at com.kms.katalon.core.webui.keyword.builtin.VerifyElementTextKeyword.verifyElementText(VerifyElementTextKeyword.groovy:72)
	at com.kms.katalon.core.webui.keyword.builtin.VerifyElementTextKeyword.execute(VerifyElementTextKeyword.groovy:40)
	at com.kms.katalon.core.keyword.internal.KeywordExecutor.executeKeywordForPlatform(KeywordExecutor.groovy:74)
	at com.kms.katalon.core.webui.keyword.WebUiBuiltInKeywords.verifyElementText(WebUiBuiltInKeywords.groovy:4749)
	at com.kms.katalon.core.webui.keyword.WebUiBuiltInKeywords$verifyElementText$6.call(Unknown Source)
	at TC-WAO-018.run(TC-WAO-018:52)
	at com.kms.katalon.core.main.ScriptEngine.run(ScriptEngine.java:194)
	at com.kms.katalon.core.main.ScriptEngine.runScriptAsRawText(ScriptEngine.java:119)
	at com.kms.katalon.core.main.TestCaseExecutor.runScript(TestCaseExecutor.java:448)
	at com.kms.katalon.core.main.TestCaseExecutor.doExecute(TestCaseExecutor.java:439)
	at com.kms.katalon.core.main.TestCaseExecutor.processExecutionPhase(TestCaseExecutor.java:418)
	at com.kms.katalon.core.main.TestCaseExecutor.accessMainPhase(TestCaseExecutor.java:410)
	at com.kms.katalon.core.main.TestCaseExecutor.execute(TestCaseExecutor.java:285)
	at com.kms.katalon.core.common.CommonExecutor.accessTestCaseMainPhase(CommonExecutor.java:65)
	at com.kms.katalon.core.main.TestSuiteExecutor.accessTestSuiteMainPhase(TestSuiteExecutor.java:148)
	at com.kms.katalon.core.main.TestSuiteExecutor.execute(TestSuiteExecutor.java:106)
	at com.kms.katalon.core.main.TestCaseMain.startTestSuite(TestCaseMain.java:187)
	at com.kms.katalon.core.main.TestCaseMain$startTestSuite$0.call(Unknown Source)
	at TempTestSuite1696239986367.run(TempTestSuite1696239986367.groovy:36)
)
[[ATTACHMENT|G:\\Project Xsis\\batch-324-qa\\Riswan\\Tajalapak_com\\Reports\\20231002_164626\\TS-Wakaf Asset Online\\20231002_164626\\1696240356126.png]]

2023-10-02 16:52:36 - [MESSAGE][FAILED] - Verify element text of test object 'Object Repository/Wakaf Asset Online/Verify Wakaf Asset Diproses' FAILED. (Root cause: com.kms.katalon.core.exception.StepFailedException: Verify element text of test object 'Object Repository/Wakaf Asset Online/Verify Wakaf Asset Diproses' FAILED.
	at com.kms.katalon.core.webui.keyword.internal.WebUIKeywordMain.stepFailed(WebUIKeywordMain.groovy:64)
	at com.kms.katalon.core.webui.keyword.internal.WebUIKeywordMain.runKeyword(WebUIKeywordMain.groovy:26)
	at com.kms.katalon.core.webui.keyword.builtin.VerifyElementTextKeyword.verifyElementText(VerifyElementTextKeyword.groovy:72)
	at com.kms.katalon.core.webui.keyword.builtin.VerifyElementTextKeyword.execute(VerifyElementTextKeyword.groovy:40)
	at com.kms.katalon.core.keyword.internal.KeywordExecutor.executeKeywordForPlatform(KeywordExecutor.groovy:74)
	at com.kms.katalon.core.webui.keyword.WebUiBuiltInKeywords.verifyElementText(WebUiBuiltInKeywords.groovy:4749)
	at com.kms.katalon.core.webui.keyword.WebUiBuiltInKeywords$verifyElementText$6.call(Unknown Source)
	at TC-WAO-018.run(TC-WAO-018:52)
	at com.kms.katalon.core.main.ScriptEngine.run(ScriptEngine.java:194)
	at com.kms.katalon.core.main.ScriptEngine.runScriptAsRawText(ScriptEngine.java:119)
	at com.kms.katalon.core.main.TestCaseExecutor.runScript(TestCaseExecutor.java:448)
	at com.kms.katalon.core.main.TestCaseExecutor.doExecute(TestCaseExecutor.java:439)
	at com.kms.katalon.core.main.TestCaseExecutor.processExecutionPhase(TestCaseExecutor.java:418)
	at com.kms.katalon.core.main.TestCaseExecutor.accessMainPhase(TestCaseExecutor.java:410)
	at com.kms.katalon.core.main.TestCaseExecutor.execute(TestCaseExecutor.java:285)
	at com.kms.katalon.core.common.CommonExecutor.accessTestCaseMainPhase(CommonExecutor.java:65)
	at com.kms.katalon.core.main.TestSuiteExecutor.accessTestSuiteMainPhase(TestSuiteExecutor.java:148)
	at com.kms.katalon.core.main.TestSuiteExecutor.execute(TestSuiteExecutor.java:106)
	at com.kms.katalon.core.main.TestCaseMain.startTestSuite(TestCaseMain.java:187)
	at com.kms.katalon.core.main.TestCaseMain$startTestSuite$0.call(Unknown Source)
	at TempTestSuite1696239986367.run(TempTestSuite1696239986367.groovy:36)
Caused by: com.kms.katalon.core.exception.StepFailedException: Actual text 'Sukses Proses Wakaf Asset, kami akan segera menghubungi anda! Terima kasih' and expected text 'Nilai Perkiraan wakaf asset terlalu besar' of test object 'Object Repository/Wakaf Asset Online/Verify Wakaf Asset Diproses' are NOT matched.
	at com.kms.katalon.core.webui.keyword.internal.WebUIKeywordMain.stepFailed(WebUIKeywordMain.groovy:64)
	at com.kms.katalon.core.webui.keyword.builtin.VerifyElementTextKeyword$_verifyElementText_closure1.doCall(VerifyElementTextKeyword.groovy:57)
	at com.kms.katalon.core.webui.keyword.builtin.VerifyElementTextKeyword$_verifyElementText_closure1.call(VerifyElementTextKeyword.groovy)
	at com.kms.katalon.core.webui.keyword.internal.WebUIKeywordMain.runKeyword(WebUIKeywordMain.groovy:20)
	... 19 more
)
[[ATTACHMENT|G:\\Project Xsis\\batch-324-qa\\Riswan\\Tajalapak_com\\Reports\\20231002_164626\\TS-Wakaf Asset Online\\20231002_164626\\1696240356236.png]]]]></system-out>
         <system-err><![CDATA[2023-10-02 16:52:19 - [TEST_CASE][FAILED] - Test Cases/Wakaf Asset Online/TC-WAO-018: Test Cases/Wakaf Asset Online/TC-WAO-018 FAILED.
Reason:
com.kms.katalon.core.exception.StepFailedException: Verify element text of test object 'Object Repository/Wakaf Asset Online/Verify Wakaf Asset Diproses' FAILED.
	at com.kms.katalon.core.webui.keyword.internal.WebUIKeywordMain.stepFailed(WebUIKeywordMain.groovy:64)
	at com.kms.katalon.core.webui.keyword.internal.WebUIKeywordMain.runKeyword(WebUIKeywordMain.groovy:26)
	at com.kms.katalon.core.webui.keyword.builtin.VerifyElementTextKeyword.verifyElementText(VerifyElementTextKeyword.groovy:72)
	at com.kms.katalon.core.webui.keyword.builtin.VerifyElementTextKeyword.execute(VerifyElementTextKeyword.groovy:40)
	at com.kms.katalon.core.keyword.internal.KeywordExecutor.executeKeywordForPlatform(KeywordExecutor.groovy:74)
	at com.kms.katalon.core.webui.keyword.WebUiBuiltInKeywords.verifyElementText(WebUiBuiltInKeywords.groovy:4749)
	at com.kms.katalon.core.webui.keyword.WebUiBuiltInKeywords$verifyElementText$6.call(Unknown Source)
	at TC-WAO-018.run(TC-WAO-018:52)
	at com.kms.katalon.core.main.ScriptEngine.run(ScriptEngine.java:194)
	at com.kms.katalon.core.main.ScriptEngine.runScriptAsRawText(ScriptEngine.java:119)
	at com.kms.katalon.core.main.TestCaseExecutor.runScript(TestCaseExecutor.java:448)
	at com.kms.katalon.core.main.TestCaseExecutor.doExecute(TestCaseExecutor.java:439)
	at com.kms.katalon.core.main.TestCaseExecutor.processExecutionPhase(TestCaseExecutor.java:418)
	at com.kms.katalon.core.main.TestCaseExecutor.accessMainPhase(TestCaseExecutor.java:410)
	at com.kms.katalon.core.main.TestCaseExecutor.execute(TestCaseExecutor.java:285)
	at com.kms.katalon.core.common.CommonExecutor.accessTestCaseMainPhase(CommonExecutor.java:65)
	at com.kms.katalon.core.main.TestSuiteExecutor.accessTestSuiteMainPhase(TestSuiteExecutor.java:148)
	at com.kms.katalon.core.main.TestSuiteExecutor.execute(TestSuiteExecutor.java:106)
	at com.kms.katalon.core.main.TestCaseMain.startTestSuite(TestCaseMain.java:187)
	at com.kms.katalon.core.main.TestCaseMain$startTestSuite$0.call(Unknown Source)
	at TempTestSuite1696239986367.run(TempTestSuite1696239986367.groovy:36)
Caused by: com.kms.katalon.core.exception.StepFailedException: Actual text 'Sukses Proses Wakaf Asset, kami akan segera menghubungi anda! Terima kasih' and expected text 'Nilai Perkiraan wakaf asset terlalu besar' of test object 'Object Repository/Wakaf Asset Online/Verify Wakaf Asset Diproses' are NOT matched.
	at com.kms.katalon.core.webui.keyword.internal.WebUIKeywordMain.stepFailed(WebUIKeywordMain.groovy:64)
	at com.kms.katalon.core.webui.keyword.builtin.VerifyElementTextKeyword$_verifyElementText_closure1.doCall(VerifyElementTextKeyword.groovy:57)
	at com.kms.katalon.core.webui.keyword.builtin.VerifyElementTextKeyword$_verifyElementText_closure1.call(VerifyElementTextKeyword.groovy)
	at com.kms.katalon.core.webui.keyword.internal.WebUIKeywordMain.runKeyword(WebUIKeywordMain.groovy:20)
	... 19 more]]></system-err>
      </testcase>
      <testcase name="Test Cases/Wakaf Asset Online/TC-WAO-019" time="21.359" classname="Test Cases/Wakaf Asset Online/TC-WAO-019" status="FAILED">
         <failure type="FAILED" message="Test Cases/Wakaf Asset Online/TC-WAO-019 FAILED.
Reason:
com.kms.katalon.core.exception.StepFailedException: Verify element text of test object 'Object Repository/Wakaf Asset Online/Verify Wakaf Asset Diproses' FAILED.
	at com.kms.katalon.core.webui.keyword.internal.WebUIKeywordMain.stepFailed(WebUIKeywordMain.groovy:64)
	at com.kms.katalon.core.webui.keyword.internal.WebUIKeywordMain.runKeyword(WebUIKeywordMain.groovy:26)
	at com.kms.katalon.core.webui.keyword.builtin.VerifyElementTextKeyword.verifyElementText(VerifyElementTextKeyword.groovy:72)
	at com.kms.katalon.core.webui.keyword.builtin.VerifyElementTextKeyword.execute(VerifyElementTextKeyword.groovy:40)
	at com.kms.katalon.core.keyword.internal.KeywordExecutor.executeKeywordForPlatform(KeywordExecutor.groovy:74)
	at com.kms.katalon.core.webui.keyword.WebUiBuiltInKeywords.verifyElementText(WebUiBuiltInKeywords.groovy:4749)
	at com.kms.katalon.core.webui.keyword.WebUiBuiltInKeywords$verifyElementText$6.call(Unknown Source)
	at TC-WAO-019.run(TC-WAO-019:52)
	at com.kms.katalon.core.main.ScriptEngine.run(ScriptEngine.java:194)
	at com.kms.katalon.core.main.ScriptEngine.runScriptAsRawText(ScriptEngine.java:119)
	at com.kms.katalon.core.main.TestCaseExecutor.runScript(TestCaseExecutor.java:448)
	at com.kms.katalon.core.main.TestCaseExecutor.doExecute(TestCaseExecutor.java:439)
	at com.kms.katalon.core.main.TestCaseExecutor.processExecutionPhase(TestCaseExecutor.java:418)
	at com.kms.katalon.core.main.TestCaseExecutor.accessMainPhase(TestCaseExecutor.java:410)
	at com.kms.katalon.core.main.TestCaseExecutor.execute(TestCaseExecutor.java:285)
	at com.kms.katalon.core.common.CommonExecutor.accessTestCaseMainPhase(CommonExecutor.java:65)
	at com.kms.katalon.core.main.TestSuiteExecutor.accessTestSuiteMainPhase(TestSuiteExecutor.java:148)
	at com.kms.katalon.core.main.TestSuiteExecutor.execute(TestSuiteExecutor.java:106)
	at com.kms.katalon.core.main.TestCaseMain.startTestSuite(TestCaseMain.java:187)
	at com.kms.katalon.core.main.TestCaseMain$startTestSuite$0.call(Unknown Source)
	at TempTestSuite1696239986367.run(TempTestSuite1696239986367.groovy:36)
Caused by: com.kms.katalon.core.exception.StepFailedException: Actual text 'Sukses Proses Wakaf Asset, kami akan segera menghubungi anda! Terima kasih' and expected text 'Nilai Perkiraan wakaf asset Tidak Valid' of test object 'Object Repository/Wakaf Asset Online/Verify Wakaf Asset Diproses' are NOT matched.
	at com.kms.katalon.core.webui.keyword.internal.WebUIKeywordMain.stepFailed(WebUIKeywordMain.groovy:64)
	at com.kms.katalon.core.webui.keyword.builtin.VerifyElementTextKeyword$_verifyElementText_closure1.doCall(VerifyElementTextKeyword.groovy:57)
	at com.kms.katalon.core.webui.keyword.builtin.VerifyElementTextKeyword$_verifyElementText_closure1.call(VerifyElementTextKeyword.groovy)
	at com.kms.katalon.core.webui.keyword.internal.WebUIKeywordMain.runKeyword(WebUIKeywordMain.groovy:20)
	... 19 more
"/>
         <system-out><![CDATA[2023-10-02 16:52:36 - [TEST_CASE][FAILED] - Test Cases/Wakaf Asset Online/TC-WAO-019: Test Cases/Wakaf Asset Online/TC-WAO-019 FAILED.
Reason:
com.kms.katalon.core.exception.StepFailedException: Verify element text of test object 'Object Repository/Wakaf Asset Online/Verify Wakaf Asset Diproses' FAILED.
	at com.kms.katalon.core.webui.keyword.internal.WebUIKeywordMain.stepFailed(WebUIKeywordMain.groovy:64)
	at com.kms.katalon.core.webui.keyword.internal.WebUIKeywordMain.runKeyword(WebUIKeywordMain.groovy:26)
	at com.kms.katalon.core.webui.keyword.builtin.VerifyElementTextKeyword.verifyElementText(VerifyElementTextKeyword.groovy:72)
	at com.kms.katalon.core.webui.keyword.builtin.VerifyElementTextKeyword.execute(VerifyElementTextKeyword.groovy:40)
	at com.kms.katalon.core.keyword.internal.KeywordExecutor.executeKeywordForPlatform(KeywordExecutor.groovy:74)
	at com.kms.katalon.core.webui.keyword.WebUiBuiltInKeywords.verifyElementText(WebUiBuiltInKeywords.groovy:4749)
	at com.kms.katalon.core.webui.keyword.WebUiBuiltInKeywords$verifyElementText$6.call(Unknown Source)
	at TC-WAO-019.run(TC-WAO-019:52)
	at com.kms.katalon.core.main.ScriptEngine.run(ScriptEngine.java:194)
	at com.kms.katalon.core.main.ScriptEngine.runScriptAsRawText(ScriptEngine.java:119)
	at com.kms.katalon.core.main.TestCaseExecutor.runScript(TestCaseExecutor.java:448)
	at com.kms.katalon.core.main.TestCaseExecutor.doExecute(TestCaseExecutor.java:439)
	at com.kms.katalon.core.main.TestCaseExecutor.processExecutionPhase(TestCaseExecutor.java:418)
	at com.kms.katalon.core.main.TestCaseExecutor.accessMainPhase(TestCaseExecutor.java:410)
	at com.kms.katalon.core.main.TestCaseExecutor.execute(TestCaseExecutor.java:285)
	at com.kms.katalon.core.common.CommonExecutor.accessTestCaseMainPhase(CommonExecutor.java:65)
	at com.kms.katalon.core.main.TestSuiteExecutor.accessTestSuiteMainPhase(TestSuiteExecutor.java:148)
	at com.kms.katalon.core.main.TestSuiteExecutor.execute(TestSuiteExecutor.java:106)
	at com.kms.katalon.core.main.TestCaseMain.startTestSuite(TestCaseMain.java:187)
	at com.kms.katalon.core.main.TestCaseMain$startTestSuite$0.call(Unknown Source)
	at TempTestSuite1696239986367.run(TempTestSuite1696239986367.groovy:36)
Caused by: com.kms.katalon.core.exception.StepFailedException: Actual text 'Sukses Proses Wakaf Asset, kami akan segera menghubungi anda! Terima kasih' and expected text 'Nilai Perkiraan wakaf asset Tidak Valid' of test object 'Object Repository/Wakaf Asset Online/Verify Wakaf Asset Diproses' are NOT matched.
	at com.kms.katalon.core.webui.keyword.internal.WebUIKeywordMain.stepFailed(WebUIKeywordMain.groovy:64)
	at com.kms.katalon.core.webui.keyword.builtin.VerifyElementTextKeyword$_verifyElementText_closure1.doCall(VerifyElementTextKeyword.groovy:57)
	at com.kms.katalon.core.webui.keyword.builtin.VerifyElementTextKeyword$_verifyElementText_closure1.call(VerifyElementTextKeyword.groovy)
	at com.kms.katalon.core.webui.keyword.internal.WebUIKeywordMain.runKeyword(WebUIKeywordMain.groovy:20)
	... 19 more


2023-10-02 16:52:36 - [TEST_STEP][PASSED] - openBrowser("https://10.9.2.63/ecommerce/"): Browser is opened with url: 'https://10.9.2.63/ecommerce/'

2023-10-02 16:52:36 - [MESSAGE][WARNING] - A browser is already opened. Closing browser and opening a new one

2023-10-02 16:52:37 - [MESSAGE][INFO] - Starting 'Edge Chromium' driver

2023-10-02 16:52:37 - [MESSAGE][INFO] - User set preference: ['acceptInsecureCerts', 'true']

2023-10-02 16:52:39 - [MESSAGE][INFO] - Action delay is set to 0 milliseconds

2023-10-02 16:52:42 - [MESSAGE][PASSED] - Browser is opened with url: 'https://10.9.2.63/ecommerce/'

2023-10-02 16:52:42 - [TEST_STEP][PASSED] - maximizeWindow(): Current window maximized

2023-10-02 16:52:42 - [MESSAGE][PASSED] - Current window maximized

2023-10-02 16:52:42 - [TEST_STEP][PASSED] - verifyElementPresent(findTestObject("Search Product/Verify Page Tajalapak"), 0): Object 'Object Repository/Search Product/Verify Page Tajalapak' is present

2023-10-02 16:52:42 - [MESSAGE][WARNING] - Timeout '0' is invalid. Using default page load timeout: '30'

2023-10-02 16:52:43 - [MESSAGE][PASSED] - Object 'Object Repository/Search Product/Verify Page Tajalapak' is present

2023-10-02 16:52:43 - [TEST_STEP][PASSED] - click(findTestObject("Wakaf Asset Online/Donasi")): Object: 'Object Repository/Wakaf Asset Online/Donasi' is clicked on

2023-10-02 16:52:43 - [MESSAGE][PASSED] - Object: 'Object Repository/Wakaf Asset Online/Donasi' is clicked on

2023-10-02 16:52:43 - [TEST_STEP][PASSED] - click(findTestObject("Wakaf Asset Online/Wakaf Asset Donasi")): Object: 'Object Repository/Wakaf Asset Online/Wakaf Asset Donasi' is clicked on

2023-10-02 16:52:48 - [MESSAGE][PASSED] - Object: 'Object Repository/Wakaf Asset Online/Wakaf Asset Donasi' is clicked on

2023-10-02 16:52:48 - [TEST_STEP][PASSED] - verifyElementPresent(findTestObject("Wakaf Asset Online/verify Wakaf Asset Online"), 0): Object 'Object Repository/Wakaf Asset Online/verify Wakaf Asset Online' is present

2023-10-02 16:52:48 - [MESSAGE][WARNING] - Timeout '0' is invalid. Using default page load timeout: '30'

2023-10-02 16:52:49 - [MESSAGE][PASSED] - Object 'Object Repository/Wakaf Asset Online/verify Wakaf Asset Online' is present

2023-10-02 16:52:49 - [TEST_STEP][PASSED] - selectOptionByValue(findTestObject("Wakaf Asset Online/Pilih Type Wakaf"), "Bangunan", false): All options with value 'Bangunan' are selected in object 'Object Repository/Wakaf Asset Online/Pilih Type Wakaf' 

2023-10-02 16:52:50 - [MESSAGE][PASSED] - All options with value 'Bangunan' are selected in object 'Object Repository/Wakaf Asset Online/Pilih Type Wakaf' 

2023-10-02 16:52:50 - [TEST_STEP][PASSED] - setText(findTestObject("Wakaf Asset Online/Input Perkiraan Nilai Asset"), "-1"): Text '-1' is set on object 'Object Repository/Wakaf Asset Online/Input Perkiraan Nilai Asset'

2023-10-02 16:52:51 - [MESSAGE][PASSED] - Text '-1' is set on object 'Object Repository/Wakaf Asset Online/Input Perkiraan Nilai Asset'

2023-10-02 16:52:51 - [TEST_STEP][PASSED] - setText(findTestObject("Wakaf Asset Online/Input Alamat Asset"), "Jalan Taruma Jawa Timur"): Text 'Jalan Taruma Jawa Timur' is set on object 'Object Repository/Wakaf Asset Online/Input Alamat Asset'

2023-10-02 16:52:51 - [MESSAGE][PASSED] - Text 'Jalan Taruma Jawa Timur' is set on object 'Object Repository/Wakaf Asset Online/Input Alamat Asset'

2023-10-02 16:52:51 - [TEST_STEP][PASSED] - setText(findTestObject("Wakaf Asset Online/Keterangan Asset"), ""): Text '' is set on object 'Object Repository/Wakaf Asset Online/Keterangan Asset'

2023-10-02 16:52:52 - [MESSAGE][PASSED] - Text '' is set on object 'Object Repository/Wakaf Asset Online/Keterangan Asset'

2023-10-02 16:52:52 - [TEST_STEP][PASSED] - setText(findTestObject("Wakaf Asset Online/Input Nama Lengkap"), "Joko"): Text 'Joko' is set on object 'Object Repository/Wakaf Asset Online/Input Nama Lengkap'

2023-10-02 16:52:53 - [MESSAGE][PASSED] - Text 'Joko' is set on object 'Object Repository/Wakaf Asset Online/Input Nama Lengkap'

2023-10-02 16:52:53 - [TEST_STEP][PASSED] - setText(findTestObject("Wakaf Asset Online/Input No Handphone"), "085123456789"): Text '085123456789' is set on object 'Object Repository/Wakaf Asset Online/Input No Handphone'

2023-10-02 16:52:54 - [MESSAGE][PASSED] - Text '085123456789' is set on object 'Object Repository/Wakaf Asset Online/Input No Handphone'

2023-10-02 16:52:54 - [TEST_STEP][PASSED] - setText(findTestObject("Wakaf Asset Online/Input Email"), "joko@gmailcom"): Text 'joko@gmailcom' is set on object 'Object Repository/Wakaf Asset Online/Input Email'

2023-10-02 16:52:55 - [MESSAGE][PASSED] - Text 'joko@gmailcom' is set on object 'Object Repository/Wakaf Asset Online/Input Email'

2023-10-02 16:52:55 - [TEST_STEP][PASSED] - uploadFile(findTestObject("Wakaf Asset Online/Input File Upload"), "E:\minions.png"): File 'E:\minions.png' sent to object: 'Object Repository/Wakaf Asset Online/Input File Upload'

2023-10-02 16:52:55 - [MESSAGE][PASSED] - File 'E:\minions.png' sent to object: 'Object Repository/Wakaf Asset Online/Input File Upload'

2023-10-02 16:52:55 - [TEST_STEP][PASSED] - setText(findTestObject("Wakaf Asset Online/Input 2 Digit Terakhir"), "89"): Text '89' is set on object 'Object Repository/Wakaf Asset Online/Input 2 Digit Terakhir'

2023-10-02 16:52:56 - [MESSAGE][PASSED] - Text '89' is set on object 'Object Repository/Wakaf Asset Online/Input 2 Digit Terakhir'

2023-10-02 16:52:56 - [TEST_STEP][PASSED] - click(findTestObject("Wakaf Asset Online/button Wakaf Sekarang")): Object: 'Object Repository/Wakaf Asset Online/button Wakaf Sekarang' is clicked on

2023-10-02 16:52:56 - [MESSAGE][PASSED] - Object: 'Object Repository/Wakaf Asset Online/button Wakaf Sekarang' is clicked on

2023-10-02 16:52:56 - [TEST_STEP][FAILED] - verifyElementText(findTestObject("Wakaf Asset Online/Verify Wakaf Asset Diproses"), "Nilai Perkiraan wakaf asset Tidak Valid"): Verify element text of test object 'Object Repository/Wakaf Asset Online/Verify Wakaf Asset Diproses' FAILED. (Root cause: com.kms.katalon.core.exception.StepFailedException: Verify element text of test object 'Object Repository/Wakaf Asset Online/Verify Wakaf Asset Diproses' FAILED.
	at com.kms.katalon.core.webui.keyword.internal.WebUIKeywordMain.stepFailed(WebUIKeywordMain.groovy:64)
	at com.kms.katalon.core.webui.keyword.internal.WebUIKeywordMain.runKeyword(WebUIKeywordMain.groovy:26)
	at com.kms.katalon.core.webui.keyword.builtin.VerifyElementTextKeyword.verifyElementText(VerifyElementTextKeyword.groovy:72)
	at com.kms.katalon.core.webui.keyword.builtin.VerifyElementTextKeyword.execute(VerifyElementTextKeyword.groovy:40)
	at com.kms.katalon.core.keyword.internal.KeywordExecutor.executeKeywordForPlatform(KeywordExecutor.groovy:74)
	at com.kms.katalon.core.webui.keyword.WebUiBuiltInKeywords.verifyElementText(WebUiBuiltInKeywords.groovy:4749)
	at com.kms.katalon.core.webui.keyword.WebUiBuiltInKeywords$verifyElementText$6.call(Unknown Source)
	at TC-WAO-019.run(TC-WAO-019:52)
	at com.kms.katalon.core.main.ScriptEngine.run(ScriptEngine.java:194)
	at com.kms.katalon.core.main.ScriptEngine.runScriptAsRawText(ScriptEngine.java:119)
	at com.kms.katalon.core.main.TestCaseExecutor.runScript(TestCaseExecutor.java:448)
	at com.kms.katalon.core.main.TestCaseExecutor.doExecute(TestCaseExecutor.java:439)
	at com.kms.katalon.core.main.TestCaseExecutor.processExecutionPhase(TestCaseExecutor.java:418)
	at com.kms.katalon.core.main.TestCaseExecutor.accessMainPhase(TestCaseExecutor.java:410)
	at com.kms.katalon.core.main.TestCaseExecutor.execute(TestCaseExecutor.java:285)
	at com.kms.katalon.core.common.CommonExecutor.accessTestCaseMainPhase(CommonExecutor.java:65)
	at com.kms.katalon.core.main.TestSuiteExecutor.accessTestSuiteMainPhase(TestSuiteExecutor.java:148)
	at com.kms.katalon.core.main.TestSuiteExecutor.execute(TestSuiteExecutor.java:106)
	at com.kms.katalon.core.main.TestCaseMain.startTestSuite(TestCaseMain.java:187)
	at com.kms.katalon.core.main.TestCaseMain$startTestSuite$0.call(Unknown Source)
	at TempTestSuite1696239986367.run(TempTestSuite1696239986367.groovy:36)
Caused by: com.kms.katalon.core.exception.StepFailedException: Actual text 'Sukses Proses Wakaf Asset, kami akan segera menghubungi anda! Terima kasih' and expected text 'Nilai Perkiraan wakaf asset Tidak Valid' of test object 'Object Repository/Wakaf Asset Online/Verify Wakaf Asset Diproses' are NOT matched.
	at com.kms.katalon.core.webui.keyword.internal.WebUIKeywordMain.stepFailed(WebUIKeywordMain.groovy:64)
	at com.kms.katalon.core.webui.keyword.builtin.VerifyElementTextKeyword$_verifyElementText_closure1.doCall(VerifyElementTextKeyword.groovy:57)
	at com.kms.katalon.core.webui.keyword.builtin.VerifyElementTextKeyword$_verifyElementText_closure1.call(VerifyElementTextKeyword.groovy)
	at com.kms.katalon.core.webui.keyword.internal.WebUIKeywordMain.runKeyword(WebUIKeywordMain.groovy:20)
	... 19 more
)

2023-10-02 16:52:57 - [MESSAGE][FAILED] - Actual text 'Sukses Proses Wakaf Asset, kami akan segera menghubungi anda! Terima kasih' and expected text 'Nilai Perkiraan wakaf asset Tidak Valid' of test object 'Object Repository/Wakaf Asset Online/Verify Wakaf Asset Diproses' are NOT matched. (Root cause: com.kms.katalon.core.exception.StepFailedException: Actual text 'Sukses Proses Wakaf Asset, kami akan segera menghubungi anda! Terima kasih' and expected text 'Nilai Perkiraan wakaf asset Tidak Valid' of test object 'Object Repository/Wakaf Asset Online/Verify Wakaf Asset Diproses' are NOT matched.
	at com.kms.katalon.core.webui.keyword.internal.WebUIKeywordMain.stepFailed(WebUIKeywordMain.groovy:64)
	at com.kms.katalon.core.webui.keyword.builtin.VerifyElementTextKeyword$_verifyElementText_closure1.doCall(VerifyElementTextKeyword.groovy:57)
	at com.kms.katalon.core.webui.keyword.builtin.VerifyElementTextKeyword$_verifyElementText_closure1.call(VerifyElementTextKeyword.groovy)
	at com.kms.katalon.core.webui.keyword.internal.WebUIKeywordMain.runKeyword(WebUIKeywordMain.groovy:20)
	at com.kms.katalon.core.webui.keyword.builtin.VerifyElementTextKeyword.verifyElementText(VerifyElementTextKeyword.groovy:72)
	at com.kms.katalon.core.webui.keyword.builtin.VerifyElementTextKeyword.execute(VerifyElementTextKeyword.groovy:40)
	at com.kms.katalon.core.keyword.internal.KeywordExecutor.executeKeywordForPlatform(KeywordExecutor.groovy:74)
	at com.kms.katalon.core.webui.keyword.WebUiBuiltInKeywords.verifyElementText(WebUiBuiltInKeywords.groovy:4749)
	at com.kms.katalon.core.webui.keyword.WebUiBuiltInKeywords$verifyElementText$6.call(Unknown Source)
	at TC-WAO-019.run(TC-WAO-019:52)
	at com.kms.katalon.core.main.ScriptEngine.run(ScriptEngine.java:194)
	at com.kms.katalon.core.main.ScriptEngine.runScriptAsRawText(ScriptEngine.java:119)
	at com.kms.katalon.core.main.TestCaseExecutor.runScript(TestCaseExecutor.java:448)
	at com.kms.katalon.core.main.TestCaseExecutor.doExecute(TestCaseExecutor.java:439)
	at com.kms.katalon.core.main.TestCaseExecutor.processExecutionPhase(TestCaseExecutor.java:418)
	at com.kms.katalon.core.main.TestCaseExecutor.accessMainPhase(TestCaseExecutor.java:410)
	at com.kms.katalon.core.main.TestCaseExecutor.execute(TestCaseExecutor.java:285)
	at com.kms.katalon.core.common.CommonExecutor.accessTestCaseMainPhase(CommonExecutor.java:65)
	at com.kms.katalon.core.main.TestSuiteExecutor.accessTestSuiteMainPhase(TestSuiteExecutor.java:148)
	at com.kms.katalon.core.main.TestSuiteExecutor.execute(TestSuiteExecutor.java:106)
	at com.kms.katalon.core.main.TestCaseMain.startTestSuite(TestCaseMain.java:187)
	at com.kms.katalon.core.main.TestCaseMain$startTestSuite$0.call(Unknown Source)
	at TempTestSuite1696239986367.run(TempTestSuite1696239986367.groovy:36)
)
[[ATTACHMENT|G:\\Project Xsis\\batch-324-qa\\Riswan\\Tajalapak_com\\Reports\\20231002_164626\\TS-Wakaf Asset Online\\20231002_164626\\1696240377516.png]]

2023-10-02 16:52:57 - [MESSAGE][FAILED] - Verify element text of test object 'Object Repository/Wakaf Asset Online/Verify Wakaf Asset Diproses' FAILED. (Root cause: com.kms.katalon.core.exception.StepFailedException: Verify element text of test object 'Object Repository/Wakaf Asset Online/Verify Wakaf Asset Diproses' FAILED.
	at com.kms.katalon.core.webui.keyword.internal.WebUIKeywordMain.stepFailed(WebUIKeywordMain.groovy:64)
	at com.kms.katalon.core.webui.keyword.internal.WebUIKeywordMain.runKeyword(WebUIKeywordMain.groovy:26)
	at com.kms.katalon.core.webui.keyword.builtin.VerifyElementTextKeyword.verifyElementText(VerifyElementTextKeyword.groovy:72)
	at com.kms.katalon.core.webui.keyword.builtin.VerifyElementTextKeyword.execute(VerifyElementTextKeyword.groovy:40)
	at com.kms.katalon.core.keyword.internal.KeywordExecutor.executeKeywordForPlatform(KeywordExecutor.groovy:74)
	at com.kms.katalon.core.webui.keyword.WebUiBuiltInKeywords.verifyElementText(WebUiBuiltInKeywords.groovy:4749)
	at com.kms.katalon.core.webui.keyword.WebUiBuiltInKeywords$verifyElementText$6.call(Unknown Source)
	at TC-WAO-019.run(TC-WAO-019:52)
	at com.kms.katalon.core.main.ScriptEngine.run(ScriptEngine.java:194)
	at com.kms.katalon.core.main.ScriptEngine.runScriptAsRawText(ScriptEngine.java:119)
	at com.kms.katalon.core.main.TestCaseExecutor.runScript(TestCaseExecutor.java:448)
	at com.kms.katalon.core.main.TestCaseExecutor.doExecute(TestCaseExecutor.java:439)
	at com.kms.katalon.core.main.TestCaseExecutor.processExecutionPhase(TestCaseExecutor.java:418)
	at com.kms.katalon.core.main.TestCaseExecutor.accessMainPhase(TestCaseExecutor.java:410)
	at com.kms.katalon.core.main.TestCaseExecutor.execute(TestCaseExecutor.java:285)
	at com.kms.katalon.core.common.CommonExecutor.accessTestCaseMainPhase(CommonExecutor.java:65)
	at com.kms.katalon.core.main.TestSuiteExecutor.accessTestSuiteMainPhase(TestSuiteExecutor.java:148)
	at com.kms.katalon.core.main.TestSuiteExecutor.execute(TestSuiteExecutor.java:106)
	at com.kms.katalon.core.main.TestCaseMain.startTestSuite(TestCaseMain.java:187)
	at com.kms.katalon.core.main.TestCaseMain$startTestSuite$0.call(Unknown Source)
	at TempTestSuite1696239986367.run(TempTestSuite1696239986367.groovy:36)
Caused by: com.kms.katalon.core.exception.StepFailedException: Actual text 'Sukses Proses Wakaf Asset, kami akan segera menghubungi anda! Terima kasih' and expected text 'Nilai Perkiraan wakaf asset Tidak Valid' of test object 'Object Repository/Wakaf Asset Online/Verify Wakaf Asset Diproses' are NOT matched.
	at com.kms.katalon.core.webui.keyword.internal.WebUIKeywordMain.stepFailed(WebUIKeywordMain.groovy:64)
	at com.kms.katalon.core.webui.keyword.builtin.VerifyElementTextKeyword$_verifyElementText_closure1.doCall(VerifyElementTextKeyword.groovy:57)
	at com.kms.katalon.core.webui.keyword.builtin.VerifyElementTextKeyword$_verifyElementText_closure1.call(VerifyElementTextKeyword.groovy)
	at com.kms.katalon.core.webui.keyword.internal.WebUIKeywordMain.runKeyword(WebUIKeywordMain.groovy:20)
	... 19 more
)
[[ATTACHMENT|G:\\Project Xsis\\batch-324-qa\\Riswan\\Tajalapak_com\\Reports\\20231002_164626\\TS-Wakaf Asset Online\\20231002_164626\\1696240377611.png]]]]></system-out>
         <system-err><![CDATA[2023-10-02 16:52:36 - [TEST_CASE][FAILED] - Test Cases/Wakaf Asset Online/TC-WAO-019: Test Cases/Wakaf Asset Online/TC-WAO-019 FAILED.
Reason:
com.kms.katalon.core.exception.StepFailedException: Verify element text of test object 'Object Repository/Wakaf Asset Online/Verify Wakaf Asset Diproses' FAILED.
	at com.kms.katalon.core.webui.keyword.internal.WebUIKeywordMain.stepFailed(WebUIKeywordMain.groovy:64)
	at com.kms.katalon.core.webui.keyword.internal.WebUIKeywordMain.runKeyword(WebUIKeywordMain.groovy:26)
	at com.kms.katalon.core.webui.keyword.builtin.VerifyElementTextKeyword.verifyElementText(VerifyElementTextKeyword.groovy:72)
	at com.kms.katalon.core.webui.keyword.builtin.VerifyElementTextKeyword.execute(VerifyElementTextKeyword.groovy:40)
	at com.kms.katalon.core.keyword.internal.KeywordExecutor.executeKeywordForPlatform(KeywordExecutor.groovy:74)
	at com.kms.katalon.core.webui.keyword.WebUiBuiltInKeywords.verifyElementText(WebUiBuiltInKeywords.groovy:4749)
	at com.kms.katalon.core.webui.keyword.WebUiBuiltInKeywords$verifyElementText$6.call(Unknown Source)
	at TC-WAO-019.run(TC-WAO-019:52)
	at com.kms.katalon.core.main.ScriptEngine.run(ScriptEngine.java:194)
	at com.kms.katalon.core.main.ScriptEngine.runScriptAsRawText(ScriptEngine.java:119)
	at com.kms.katalon.core.main.TestCaseExecutor.runScript(TestCaseExecutor.java:448)
	at com.kms.katalon.core.main.TestCaseExecutor.doExecute(TestCaseExecutor.java:439)
	at com.kms.katalon.core.main.TestCaseExecutor.processExecutionPhase(TestCaseExecutor.java:418)
	at com.kms.katalon.core.main.TestCaseExecutor.accessMainPhase(TestCaseExecutor.java:410)
	at com.kms.katalon.core.main.TestCaseExecutor.execute(TestCaseExecutor.java:285)
	at com.kms.katalon.core.common.CommonExecutor.accessTestCaseMainPhase(CommonExecutor.java:65)
	at com.kms.katalon.core.main.TestSuiteExecutor.accessTestSuiteMainPhase(TestSuiteExecutor.java:148)
	at com.kms.katalon.core.main.TestSuiteExecutor.execute(TestSuiteExecutor.java:106)
	at com.kms.katalon.core.main.TestCaseMain.startTestSuite(TestCaseMain.java:187)
	at com.kms.katalon.core.main.TestCaseMain$startTestSuite$0.call(Unknown Source)
	at TempTestSuite1696239986367.run(TempTestSuite1696239986367.groovy:36)
Caused by: com.kms.katalon.core.exception.StepFailedException: Actual text 'Sukses Proses Wakaf Asset, kami akan segera menghubungi anda! Terima kasih' and expected text 'Nilai Perkiraan wakaf asset Tidak Valid' of test object 'Object Repository/Wakaf Asset Online/Verify Wakaf Asset Diproses' are NOT matched.
	at com.kms.katalon.core.webui.keyword.internal.WebUIKeywordMain.stepFailed(WebUIKeywordMain.groovy:64)
	at com.kms.katalon.core.webui.keyword.builtin.VerifyElementTextKeyword$_verifyElementText_closure1.doCall(VerifyElementTextKeyword.groovy:57)
	at com.kms.katalon.core.webui.keyword.builtin.VerifyElementTextKeyword$_verifyElementText_closure1.call(VerifyElementTextKeyword.groovy)
	at com.kms.katalon.core.webui.keyword.internal.WebUIKeywordMain.runKeyword(WebUIKeywordMain.groovy:20)
	... 19 more]]></system-err>
      </testcase>
      <testcase name="Test Cases/Wakaf Asset Online/TC-WAO-020" time="16.171" classname="Test Cases/Wakaf Asset Online/TC-WAO-020" status="PASSED">
         <system-out><![CDATA[2023-10-02 16:52:57 - [TEST_CASE][PASSED] - Test Cases/Wakaf Asset Online/TC-WAO-020: Test Cases/Wakaf Asset Online/TC-WAO-020

2023-10-02 16:52:57 - [TEST_STEP][PASSED] - openBrowser("https://10.9.2.63/ecommerce/"): Browser is opened with url: 'https://10.9.2.63/ecommerce/'

2023-10-02 16:52:57 - [MESSAGE][WARNING] - A browser is already opened. Closing browser and opening a new one

2023-10-02 16:52:58 - [MESSAGE][INFO] - Starting 'Edge Chromium' driver

2023-10-02 16:52:58 - [MESSAGE][INFO] - User set preference: ['acceptInsecureCerts', 'true']

2023-10-02 16:53:00 - [MESSAGE][INFO] - Action delay is set to 0 milliseconds

2023-10-02 16:53:04 - [MESSAGE][PASSED] - Browser is opened with url: 'https://10.9.2.63/ecommerce/'

2023-10-02 16:53:04 - [TEST_STEP][PASSED] - maximizeWindow(): Current window maximized

2023-10-02 16:53:04 - [MESSAGE][PASSED] - Current window maximized

2023-10-02 16:53:04 - [TEST_STEP][PASSED] - verifyElementPresent(findTestObject("Search Product/Verify Page Tajalapak"), 0): Object 'Object Repository/Search Product/Verify Page Tajalapak' is present

2023-10-02 16:53:04 - [MESSAGE][WARNING] - Timeout '0' is invalid. Using default page load timeout: '30'

2023-10-02 16:53:05 - [MESSAGE][PASSED] - Object 'Object Repository/Search Product/Verify Page Tajalapak' is present

2023-10-02 16:53:05 - [TEST_STEP][PASSED] - click(findTestObject("Wakaf Asset Online/Donasi")): Object: 'Object Repository/Wakaf Asset Online/Donasi' is clicked on

2023-10-02 16:53:05 - [MESSAGE][PASSED] - Object: 'Object Repository/Wakaf Asset Online/Donasi' is clicked on

2023-10-02 16:53:05 - [TEST_STEP][PASSED] - click(findTestObject("Wakaf Asset Online/Wakaf Asset Donasi")): Object: 'Object Repository/Wakaf Asset Online/Wakaf Asset Donasi' is clicked on

2023-10-02 16:53:06 - [MESSAGE][PASSED] - Object: 'Object Repository/Wakaf Asset Online/Wakaf Asset Donasi' is clicked on

2023-10-02 16:53:06 - [TEST_STEP][PASSED] - verifyElementPresent(findTestObject("Wakaf Asset Online/verify Wakaf Asset Online"), 0): Object 'Object Repository/Wakaf Asset Online/verify Wakaf Asset Online' is present

2023-10-02 16:53:06 - [MESSAGE][WARNING] - Timeout '0' is invalid. Using default page load timeout: '30'

2023-10-02 16:53:07 - [MESSAGE][PASSED] - Object 'Object Repository/Wakaf Asset Online/verify Wakaf Asset Online' is present

2023-10-02 16:53:07 - [TEST_STEP][PASSED] - selectOptionByValue(findTestObject("Wakaf Asset Online/Pilih Type Wakaf"), "Bangunan", false): All options with value 'Bangunan' are selected in object 'Object Repository/Wakaf Asset Online/Pilih Type Wakaf' 

2023-10-02 16:53:07 - [MESSAGE][PASSED] - All options with value 'Bangunan' are selected in object 'Object Repository/Wakaf Asset Online/Pilih Type Wakaf' 

2023-10-02 16:53:07 - [TEST_STEP][PASSED] - setText(findTestObject("Wakaf Asset Online/Input Perkiraan Nilai Asset"), "100000000"): Text '100000000' is set on object 'Object Repository/Wakaf Asset Online/Input Perkiraan Nilai Asset'

2023-10-02 16:53:08 - [MESSAGE][PASSED] - Text '100000000' is set on object 'Object Repository/Wakaf Asset Online/Input Perkiraan Nilai Asset'

2023-10-02 16:53:08 - [TEST_STEP][PASSED] - setText(findTestObject("Wakaf Asset Online/Input Alamat Asset"), "Jalan Taruma Jawa Timur"): Text 'Jalan Taruma Jawa Timur' is set on object 'Object Repository/Wakaf Asset Online/Input Alamat Asset'

2023-10-02 16:53:09 - [MESSAGE][PASSED] - Text 'Jalan Taruma Jawa Timur' is set on object 'Object Repository/Wakaf Asset Online/Input Alamat Asset'

2023-10-02 16:53:09 - [TEST_STEP][PASSED] - setText(findTestObject("Wakaf Asset Online/Keterangan Asset"), ""): Text '' is set on object 'Object Repository/Wakaf Asset Online/Keterangan Asset'

2023-10-02 16:53:10 - [MESSAGE][PASSED] - Text '' is set on object 'Object Repository/Wakaf Asset Online/Keterangan Asset'

2023-10-02 16:53:10 - [TEST_STEP][PASSED] - setText(findTestObject("Wakaf Asset Online/Input Nama Lengkap"), "Joko"): Text 'Joko' is set on object 'Object Repository/Wakaf Asset Online/Input Nama Lengkap'

2023-10-02 16:53:10 - [MESSAGE][PASSED] - Text 'Joko' is set on object 'Object Repository/Wakaf Asset Online/Input Nama Lengkap'

2023-10-02 16:53:10 - [TEST_STEP][PASSED] - setText(findTestObject("Wakaf Asset Online/Input No Handphone"), "085123456789"): Text '085123456789' is set on object 'Object Repository/Wakaf Asset Online/Input No Handphone'

2023-10-02 16:53:11 - [MESSAGE][PASSED] - Text '085123456789' is set on object 'Object Repository/Wakaf Asset Online/Input No Handphone'

2023-10-02 16:53:11 - [TEST_STEP][PASSED] - setText(findTestObject("Wakaf Asset Online/Input Email"), "joko@gmailcom"): Text 'joko@gmailcom' is set on object 'Object Repository/Wakaf Asset Online/Input Email'

2023-10-02 16:53:12 - [MESSAGE][PASSED] - Text 'joko@gmailcom' is set on object 'Object Repository/Wakaf Asset Online/Input Email'

2023-10-02 16:53:12 - [TEST_STEP][PASSED] - setText(findTestObject("Wakaf Asset Online/Input 2 Digit Terakhir"), "89"): Text '89' is set on object 'Object Repository/Wakaf Asset Online/Input 2 Digit Terakhir'

2023-10-02 16:53:13 - [MESSAGE][PASSED] - Text '89' is set on object 'Object Repository/Wakaf Asset Online/Input 2 Digit Terakhir'

2023-10-02 16:53:13 - [TEST_STEP][PASSED] - click(findTestObject("Wakaf Asset Online/button Wakaf Sekarang")): Object: 'Object Repository/Wakaf Asset Online/button Wakaf Sekarang' is clicked on

2023-10-02 16:53:13 - [MESSAGE][PASSED] - Object: 'Object Repository/Wakaf Asset Online/button Wakaf Sekarang' is clicked on

2023-10-02 16:53:13 - [TEST_STEP][PASSED] - driver = getWebDriver(): null

2023-10-02 16:53:13 - [TEST_STEP][PASSED] - field_username_element = driver.findElement(By.xpath("//input[@name="f"]")): null

2023-10-02 16:53:13 - [TEST_STEP][PASSED] - accept_button_message = driver.executeScript("return arguments[0].validationMessage", field_username_element): null

2023-10-02 16:53:13 - [TEST_STEP][PASSED] - println(accept_button_message): null

2023-10-02 16:53:13 - [TEST_STEP][PASSED] - assert accept_button_message == "Please select a file.": null]]></system-out>
         <system-err><![CDATA[]]></system-err>
      </testcase>
      <system-out><![CDATA[2023-10-02 16:46:37 - [TEST_SUITE][FAILED] - TS-Wakaf Asset Online: Test Cases/Wakaf Asset Online/TC-WAO-005 FAILED.
Reason:
com.kms.katalon.core.exception.StepFailedException: Verify element text of test object 'Object Repository/Wakaf Asset Online/Verify Wakaf Asset Diproses' FAILED.
	at com.kms.katalon.core.webui.keyword.internal.WebUIKeywordMain.stepFailed(WebUIKeywordMain.groovy:64)
	at com.kms.katalon.core.webui.keyword.internal.WebUIKeywordMain.runKeyword(WebUIKeywordMain.groovy:26)
	at com.kms.katalon.core.webui.keyword.builtin.VerifyElementTextKeyword.verifyElementText(VerifyElementTextKeyword.groovy:72)
	at com.kms.katalon.core.webui.keyword.builtin.VerifyElementTextKeyword.execute(VerifyElementTextKeyword.groovy:40)
	at com.kms.katalon.core.keyword.internal.KeywordExecutor.executeKeywordForPlatform(KeywordExecutor.groovy:74)
	at com.kms.katalon.core.webui.keyword.WebUiBuiltInKeywords.verifyElementText(WebUiBuiltInKeywords.groovy:4749)
	at com.kms.katalon.core.webui.keyword.WebUiBuiltInKeywords$verifyElementText$6.call(Unknown Source)
	at TC-WAO-005.run(TC-WAO-005:52)
	at com.kms.katalon.core.main.ScriptEngine.run(ScriptEngine.java:194)
	at com.kms.katalon.core.main.ScriptEngine.runScriptAsRawText(ScriptEngine.java:119)
	at com.kms.katalon.core.main.TestCaseExecutor.runScript(TestCaseExecutor.java:448)
	at com.kms.katalon.core.main.TestCaseExecutor.doExecute(TestCaseExecutor.java:439)
	at com.kms.katalon.core.main.TestCaseExecutor.processExecutionPhase(TestCaseExecutor.java:418)
	at com.kms.katalon.core.main.TestCaseExecutor.accessMainPhase(TestCaseExecutor.java:410)
	at com.kms.katalon.core.main.TestCaseExecutor.execute(TestCaseExecutor.java:285)
	at com.kms.katalon.core.common.CommonExecutor.accessTestCaseMainPhase(CommonExecutor.java:65)
	at com.kms.katalon.core.main.TestSuiteExecutor.accessTestSuiteMainPhase(TestSuiteExecutor.java:148)
	at com.kms.katalon.core.main.TestSuiteExecutor.execute(TestSuiteExecutor.java:106)
	at com.kms.katalon.core.main.TestCaseMain.startTestSuite(TestCaseMain.java:187)
	at com.kms.katalon.core.main.TestCaseMain$startTestSuite$0.call(Unknown Source)
	at TempTestSuite1696239986367.run(TempTestSuite1696239986367.groovy:36)
Caused by: com.kms.katalon.core.exception.StepFailedException: Actual text 'Sukses Proses Wakaf Asset, kami akan segera menghubungi anda! Terima kasih' and expected text 'Error kurang dari 11 angka' of test object 'Object Repository/Wakaf Asset Online/Verify Wakaf Asset Diproses' are NOT matched.
	at com.kms.katalon.core.webui.keyword.internal.WebUIKeywordMain.stepFailed(WebUIKeywordMain.groovy:64)
	at com.kms.katalon.core.webui.keyword.builtin.VerifyElementTextKeyword$_verifyElementText_closure1.doCall(VerifyElementTextKeyword.groovy:57)
	at com.kms.katalon.core.webui.keyword.builtin.VerifyElementTextKeyword$_verifyElementText_closure1.call(VerifyElementTextKeyword.groovy)
	at com.kms.katalon.core.webui.keyword.internal.WebUIKeywordMain.runKeyword(WebUIKeywordMain.groovy:20)
	... 19 more]]></system-out>
      <system-err><![CDATA[2023-10-02 16:46:37 - [TEST_SUITE][FAILED] - TS-Wakaf Asset Online: Test Cases/Wakaf Asset Online/TC-WAO-005 FAILED.
Reason:
com.kms.katalon.core.exception.StepFailedException: Verify element text of test object 'Object Repository/Wakaf Asset Online/Verify Wakaf Asset Diproses' FAILED.
	at com.kms.katalon.core.webui.keyword.internal.WebUIKeywordMain.stepFailed(WebUIKeywordMain.groovy:64)
	at com.kms.katalon.core.webui.keyword.internal.WebUIKeywordMain.runKeyword(WebUIKeywordMain.groovy:26)
	at com.kms.katalon.core.webui.keyword.builtin.VerifyElementTextKeyword.verifyElementText(VerifyElementTextKeyword.groovy:72)
	at com.kms.katalon.core.webui.keyword.builtin.VerifyElementTextKeyword.execute(VerifyElementTextKeyword.groovy:40)
	at com.kms.katalon.core.keyword.internal.KeywordExecutor.executeKeywordForPlatform(KeywordExecutor.groovy:74)
	at com.kms.katalon.core.webui.keyword.WebUiBuiltInKeywords.verifyElementText(WebUiBuiltInKeywords.groovy:4749)
	at com.kms.katalon.core.webui.keyword.WebUiBuiltInKeywords$verifyElementText$6.call(Unknown Source)
	at TC-WAO-005.run(TC-WAO-005:52)
	at com.kms.katalon.core.main.ScriptEngine.run(ScriptEngine.java:194)
	at com.kms.katalon.core.main.ScriptEngine.runScriptAsRawText(ScriptEngine.java:119)
	at com.kms.katalon.core.main.TestCaseExecutor.runScript(TestCaseExecutor.java:448)
	at com.kms.katalon.core.main.TestCaseExecutor.doExecute(TestCaseExecutor.java:439)
	at com.kms.katalon.core.main.TestCaseExecutor.processExecutionPhase(TestCaseExecutor.java:418)
	at com.kms.katalon.core.main.TestCaseExecutor.accessMainPhase(TestCaseExecutor.java:410)
	at com.kms.katalon.core.main.TestCaseExecutor.execute(TestCaseExecutor.java:285)
	at com.kms.katalon.core.common.CommonExecutor.accessTestCaseMainPhase(CommonExecutor.java:65)
	at com.kms.katalon.core.main.TestSuiteExecutor.accessTestSuiteMainPhase(TestSuiteExecutor.java:148)
	at com.kms.katalon.core.main.TestSuiteExecutor.execute(TestSuiteExecutor.java:106)
	at com.kms.katalon.core.main.TestCaseMain.startTestSuite(TestCaseMain.java:187)
	at com.kms.katalon.core.main.TestCaseMain$startTestSuite$0.call(Unknown Source)
	at TempTestSuite1696239986367.run(TempTestSuite1696239986367.groovy:36)
Caused by: com.kms.katalon.core.exception.StepFailedException: Actual text 'Sukses Proses Wakaf Asset, kami akan segera menghubungi anda! Terima kasih' and expected text 'Error kurang dari 11 angka' of test object 'Object Repository/Wakaf Asset Online/Verify Wakaf Asset Diproses' are NOT matched.
	at com.kms.katalon.core.webui.keyword.internal.WebUIKeywordMain.stepFailed(WebUIKeywordMain.groovy:64)
	at com.kms.katalon.core.webui.keyword.builtin.VerifyElementTextKeyword$_verifyElementText_closure1.doCall(VerifyElementTextKeyword.groovy:57)
	at com.kms.katalon.core.webui.keyword.builtin.VerifyElementTextKeyword$_verifyElementText_closure1.call(VerifyElementTextKeyword.groovy)
	at com.kms.katalon.core.webui.keyword.internal.WebUIKeywordMain.runKeyword(WebUIKeywordMain.groovy:20)
	... 19 more]]></system-err>
   </testsuite>
</testsuites>
