<?xml version="1.0" encoding="UTF-8"?>
<testsuites name="Product Admin" time="1568.341" tests="52" failures="15" errors="0">
   <testsuite name="Product Admin" tests="52" failures="15" errors="0" time="1568.341" skipped="0" timestamp="2023-10-06 09:54:00" hostname="Admin - Riswandha" id="Test Suites/Product Admin">
      <properties>
         <property name="deviceName" value=""/>
         <property name="devicePlatform" value=""/>
         <property name="logFolder" value="G:\\Project Xsis\\batch-324-qa\\Riswan\\Sprint 2 Product Tajalapak\\Reports\\20231006_095352\\Product Admin\\20231006_095352"/>
         <property name="logFiles" value="G:\\Project Xsis\\batch-324-qa\\Riswan\\Sprint 2 Product Tajalapak\\Reports\\20231006_095352\\Product Admin\\20231006_095352\\execution0.log"/>
         <property name="attachments" value="G:\\Project Xsis\\batch-324-qa\\Riswan\\Sprint 2 Product Tajalapak\\Reports\\20231006_095352\\Product Admin\\20231006_095352\\1696561772487.png, G:\\Project Xsis\\batch-324-qa\\Riswan\\Sprint 2 Product Tajalapak\\Reports\\20231006_095352\\Product Admin\\20231006_095352\\1696561772615.png, G:\\Project Xsis\\batch-324-qa\\Riswan\\Sprint 2 Product Tajalapak\\Reports\\20231006_095352\\Product Admin\\20231006_095352\\1696561995797.png, G:\\Project Xsis\\batch-324-qa\\Riswan\\Sprint 2 Product Tajalapak\\Reports\\20231006_095352\\Product Admin\\20231006_095352\\1696561995925.png, G:\\Project Xsis\\batch-324-qa\\Riswan\\Sprint 2 Product Tajalapak\\Reports\\20231006_095352\\Product Admin\\20231006_095352\\1696562050569.png, G:\\Project Xsis\\batch-324-qa\\Riswan\\Sprint 2 Product Tajalapak\\Reports\\20231006_095352\\Product Admin\\20231006_095352\\1696562050687.png, G:\\Project Xsis\\batch-324-qa\\Riswan\\Sprint 2 Product Tajalapak\\Reports\\20231006_095352\\Product Admin\\20231006_095352\\1696562106042.png, G:\\Project Xsis\\batch-324-qa\\Riswan\\Sprint 2 Product Tajalapak\\Reports\\20231006_095352\\Product Admin\\20231006_095352\\1696562106151.png, G:\\Project Xsis\\batch-324-qa\\Riswan\\Sprint 2 Product Tajalapak\\Reports\\20231006_095352\\Product Admin\\20231006_095352\\1696562161398.png, G:\\Project Xsis\\batch-324-qa\\Riswan\\Sprint 2 Product Tajalapak\\Reports\\20231006_095352\\Product Admin\\20231006_095352\\1696562161512.png, G:\\Project Xsis\\batch-324-qa\\Riswan\\Sprint 2 Product Tajalapak\\Reports\\20231006_095352\\Product Admin\\20231006_095352\\1696562242066.png, G:\\Project Xsis\\batch-324-qa\\Riswan\\Sprint 2 Product Tajalapak\\Reports\\20231006_095352\\Product Admin\\20231006_095352\\1696562242181.png, G:\\Project Xsis\\batch-324-qa\\Riswan\\Sprint 2 Product Tajalapak\\Reports\\20231006_095352\\Product Admin\\20231006_095352\\1696562297239.png, G:\\Project Xsis\\batch-324-qa\\Riswan\\Sprint 2 Product Tajalapak\\Reports\\20231006_095352\\Product Admin\\20231006_095352\\1696562297350.png, G:\\Project Xsis\\batch-324-qa\\Riswan\\Sprint 2 Product Tajalapak\\Reports\\20231006_095352\\Product Admin\\20231006_095352\\1696562351911.png, G:\\Project Xsis\\batch-324-qa\\Riswan\\Sprint 2 Product Tajalapak\\Reports\\20231006_095352\\Product Admin\\20231006_095352\\1696562352022.png, G:\\Project Xsis\\batch-324-qa\\Riswan\\Sprint 2 Product Tajalapak\\Reports\\20231006_095352\\Product Admin\\20231006_095352\\1696562408780.png, G:\\Project Xsis\\batch-324-qa\\Riswan\\Sprint 2 Product Tajalapak\\Reports\\20231006_095352\\Product Admin\\20231006_095352\\1696562408911.png"/>
         <property name="hostName" value="Admin - Riswandha"/>
         <property name="os" value="Windows 10 64bit"/>
         <property name="katalonVersion" value="8.6.5.208"/>
         <property name="browser" value="Edge Chromium 117"/>
         <property name="hostAddress" value="10.9.2.27"/>
         <property name="sessionId" value="bc0fc50604426132db1a1de7aec46ca3"/>
         <property name="seleniumVersion" value="3.141.59"/>
         <property name="proxyInformation" value="ProxyInformation { proxyOption=NO_PROXY, proxyServerType=HTTP, username=, password=********, proxyServerAddress=, proxyServerPort=0, executionList=&quot;&quot;, isApplyToDesiredCapabilities=true }"/>
         <property name="platform" value="Windows 10"/>
      </properties>
      <testcase name="Test Cases/Product Admin/TC-PA-001" time="23.56" classname="Test Cases/Product Admin/TC-PA-001" status="PASSED">
         <system-out><![CDATA[2023-10-06 09:54:01 - [TEST_CASE][PASSED] - Test Cases/Product Admin/TC-PA-001: Test Cases/Product Admin/TC-PA-001

2023-10-06 09:54:01 - [TEST_STEP][PASSED] - callTestCase(findTestCase("Login Admin/TC-Login Admin-001"), [:], STOP_ON_FAILURE): Call Test Case 'Test Cases/Login Admin/TC-Login Admin-001' successfully

2023-10-06 09:54:01 - [TEST_CASE][PASSED] - Test Cases/Login Admin/TC-Login Admin-001: Test Cases/Login Admin/TC-Login Admin-001

2023-10-06 09:54:02 - [TEST_STEP][PASSED] - openBrowser(adminTajalapak): Browser is opened with url: 'https://10.9.2.63/ecommerce/administrator'

2023-10-06 09:54:02 - [MESSAGE][INFO] - Starting 'Edge Chromium' driver

2023-10-06 09:54:02 - [MESSAGE][INFO] - User set preference: ['acceptInsecureCerts', 'true']

2023-10-06 09:54:05 - [MESSAGE][INFO] - Action delay is set to 0 milliseconds

2023-10-06 09:54:08 - [MESSAGE][PASSED] - Browser is opened with url: 'https://10.9.2.63/ecommerce/administrator'

2023-10-06 09:54:08 - [TEST_STEP][PASSED] - maximizeWindow(): Current window maximized

2023-10-06 09:54:08 - [MESSAGE][PASSED] - Current window maximized

2023-10-06 09:54:08 - [TEST_STEP][PASSED] - verifyElementPresent(findTestObject("Login Admin/Verifikasi Halaman Administrator"), 0): Object 'Object Repository/Login Admin/Verifikasi Halaman Administrator' is present

2023-10-06 09:54:08 - [MESSAGE][WARNING] - Timeout '0' is invalid. Using default page load timeout: '30'

2023-10-06 09:54:08 - [MESSAGE][PASSED] - Object 'Object Repository/Login Admin/Verifikasi Halaman Administrator' is present

2023-10-06 09:54:08 - [TEST_STEP][PASSED] - setText(findTestObject("Login Admin/Input Username Admin"), "admin"): Text 'admin' is set on object 'Object Repository/Login Admin/Input Username Admin'

2023-10-06 09:54:09 - [MESSAGE][PASSED] - Text 'admin' is set on object 'Object Repository/Login Admin/Input Username Admin'

2023-10-06 09:54:09 - [TEST_STEP][PASSED] - setEncryptedText(findTestObject("Login Admin/Input Password Admin"), "374mkdZ/lqyNS21oH+MJZQ=="): Text ****** has been set on object 'Object Repository/Login Admin/Input Password Admin'

2023-10-06 09:54:10 - [MESSAGE][PASSED] - Text ****** has been set on object 'Object Repository/Login Admin/Input Password Admin'

2023-10-06 09:54:10 - [TEST_STEP][PASSED] - delay(10): Delayed 10 second(s)

2023-10-06 09:54:20 - [MESSAGE][PASSED] - Delayed 10 second(s)

2023-10-06 09:54:20 - [TEST_STEP][PASSED] - click(findTestObject("Login Admin/Botton Sign In")): Object: 'Object Repository/Login Admin/Botton Sign In' is clicked on

2023-10-06 09:54:21 - [MESSAGE][PASSED] - Object: 'Object Repository/Login Admin/Botton Sign In' is clicked on

2023-10-06 09:54:21 - [TEST_STEP][PASSED] - verifyElementPresent(findTestObject("Login Admin/Verifikasi Halaman Login Admin"), 0): Object 'Object Repository/Login Admin/Verifikasi Halaman Login Admin' is present

2023-10-06 09:54:21 - [MESSAGE][WARNING] - Timeout '0' is invalid. Using default page load timeout: '30'

2023-10-06 09:54:22 - [MESSAGE][PASSED] - Object 'Object Repository/Login Admin/Verifikasi Halaman Login Admin' is present

2023-10-06 09:54:22 - [MESSAGE][PASSED] - Call Test Case 'Test Cases/Login Admin/TC-Login Admin-001' successfully

2023-10-06 09:54:22 - [TEST_STEP][PASSED] - click(findTestObject("Product Admin/Master Market")): Object: 'Object Repository/Product Admin/Master Market' is clicked on

2023-10-06 09:54:22 - [MESSAGE][PASSED] - Object: 'Object Repository/Product Admin/Master Market' is clicked on

2023-10-06 09:54:22 - [TEST_STEP][PASSED] - click(findTestObject("Product Admin/Produk Admin")): Object: 'Object Repository/Product Admin/Produk Admin' is clicked on

2023-10-06 09:54:24 - [MESSAGE][PASSED] - Object: 'Object Repository/Product Admin/Produk Admin' is clicked on

2023-10-06 09:54:24 - [TEST_STEP][PASSED] - verifyElementPresent(findTestObject("Product Admin/Veridikasi Halaman Semua Produk"), 0): Object 'Object Repository/Product Admin/Veridikasi Halaman Semua Produk' is present

2023-10-06 09:54:24 - [MESSAGE][WARNING] - Timeout '0' is invalid. Using default page load timeout: '30'

2023-10-06 09:54:24 - [MESSAGE][PASSED] - Object 'Object Repository/Product Admin/Veridikasi Halaman Semua Produk' is present]]></system-out>
         <system-err><![CDATA[]]></system-err>
      </testcase>
      <testcase name="Test Cases/Product Admin/TC-PA-002" time="23.318" classname="Test Cases/Product Admin/TC-PA-002" status="PASSED">
         <system-out><![CDATA[2023-10-06 09:54:24 - [TEST_CASE][PASSED] - Test Cases/Product Admin/TC-PA-002: Test Cases/Product Admin/TC-PA-002

2023-10-06 09:54:24 - [TEST_STEP][PASSED] - callTestCase(findTestCase("Product Admin/TC-PA-001"), [:], STOP_ON_FAILURE): Call Test Case 'Test Cases/Product Admin/TC-PA-001' successfully

2023-10-06 09:54:24 - [TEST_CASE][PASSED] - Test Cases/Product Admin/TC-PA-001: Test Cases/Product Admin/TC-PA-001

2023-10-06 09:54:24 - [TEST_STEP][PASSED] - callTestCase(findTestCase("Login Admin/TC-Login Admin-001"), [:], STOP_ON_FAILURE): Call Test Case 'Test Cases/Login Admin/TC-Login Admin-001' successfully

2023-10-06 09:54:25 - [TEST_CASE][PASSED] - Test Cases/Login Admin/TC-Login Admin-001: Test Cases/Login Admin/TC-Login Admin-001

2023-10-06 09:54:25 - [TEST_STEP][PASSED] - openBrowser(adminTajalapak): Browser is opened with url: 'https://10.9.2.63/ecommerce/administrator'

2023-10-06 09:54:25 - [MESSAGE][WARNING] - A browser is already opened. Closing browser and opening a new one

2023-10-06 09:54:25 - [MESSAGE][INFO] - Starting 'Edge Chromium' driver

2023-10-06 09:54:25 - [MESSAGE][INFO] - User set preference: ['acceptInsecureCerts', 'true']

2023-10-06 09:54:27 - [MESSAGE][INFO] - Action delay is set to 0 milliseconds

2023-10-06 09:54:30 - [MESSAGE][PASSED] - Browser is opened with url: 'https://10.9.2.63/ecommerce/administrator'

2023-10-06 09:54:30 - [TEST_STEP][PASSED] - maximizeWindow(): Current window maximized

2023-10-06 09:54:30 - [MESSAGE][PASSED] - Current window maximized

2023-10-06 09:54:30 - [TEST_STEP][PASSED] - verifyElementPresent(findTestObject("Login Admin/Verifikasi Halaman Administrator"), 0): Object 'Object Repository/Login Admin/Verifikasi Halaman Administrator' is present

2023-10-06 09:54:30 - [MESSAGE][WARNING] - Timeout '0' is invalid. Using default page load timeout: '30'

2023-10-06 09:54:31 - [MESSAGE][PASSED] - Object 'Object Repository/Login Admin/Verifikasi Halaman Administrator' is present

2023-10-06 09:54:31 - [TEST_STEP][PASSED] - setText(findTestObject("Login Admin/Input Username Admin"), "admin"): Text 'admin' is set on object 'Object Repository/Login Admin/Input Username Admin'

2023-10-06 09:54:31 - [MESSAGE][PASSED] - Text 'admin' is set on object 'Object Repository/Login Admin/Input Username Admin'

2023-10-06 09:54:31 - [TEST_STEP][PASSED] - setEncryptedText(findTestObject("Login Admin/Input Password Admin"), "374mkdZ/lqyNS21oH+MJZQ=="): Text ****** has been set on object 'Object Repository/Login Admin/Input Password Admin'

2023-10-06 09:54:32 - [MESSAGE][PASSED] - Text ****** has been set on object 'Object Repository/Login Admin/Input Password Admin'

2023-10-06 09:54:32 - [TEST_STEP][PASSED] - delay(10): Delayed 10 second(s)

2023-10-06 09:54:42 - [MESSAGE][PASSED] - Delayed 10 second(s)

2023-10-06 09:54:42 - [TEST_STEP][PASSED] - click(findTestObject("Login Admin/Botton Sign In")): Object: 'Object Repository/Login Admin/Botton Sign In' is clicked on

2023-10-06 09:54:43 - [MESSAGE][PASSED] - Object: 'Object Repository/Login Admin/Botton Sign In' is clicked on

2023-10-06 09:54:43 - [TEST_STEP][PASSED] - verifyElementPresent(findTestObject("Login Admin/Verifikasi Halaman Login Admin"), 0): Object 'Object Repository/Login Admin/Verifikasi Halaman Login Admin' is present

2023-10-06 09:54:44 - [MESSAGE][WARNING] - Timeout '0' is invalid. Using default page load timeout: '30'

2023-10-06 09:54:44 - [MESSAGE][PASSED] - Object 'Object Repository/Login Admin/Verifikasi Halaman Login Admin' is present

2023-10-06 09:54:44 - [MESSAGE][PASSED] - Call Test Case 'Test Cases/Login Admin/TC-Login Admin-001' successfully

2023-10-06 09:54:44 - [TEST_STEP][PASSED] - click(findTestObject("Product Admin/Master Market")): Object: 'Object Repository/Product Admin/Master Market' is clicked on

2023-10-06 09:54:44 - [MESSAGE][PASSED] - Object: 'Object Repository/Product Admin/Master Market' is clicked on

2023-10-06 09:54:44 - [TEST_STEP][PASSED] - click(findTestObject("Product Admin/Produk Admin")): Object: 'Object Repository/Product Admin/Produk Admin' is clicked on

2023-10-06 09:54:46 - [MESSAGE][PASSED] - Object: 'Object Repository/Product Admin/Produk Admin' is clicked on

2023-10-06 09:54:46 - [TEST_STEP][PASSED] - verifyElementPresent(findTestObject("Product Admin/Veridikasi Halaman Semua Produk"), 0): Object 'Object Repository/Product Admin/Veridikasi Halaman Semua Produk' is present

2023-10-06 09:54:46 - [MESSAGE][WARNING] - Timeout '0' is invalid. Using default page load timeout: '30'

2023-10-06 09:54:46 - [MESSAGE][PASSED] - Object 'Object Repository/Product Admin/Veridikasi Halaman Semua Produk' is present

2023-10-06 09:54:46 - [MESSAGE][PASSED] - Call Test Case 'Test Cases/Product Admin/TC-PA-001' successfully

2023-10-06 09:54:46 - [TEST_STEP][PASSED] - selectOptionByValue(findTestObject("Product Admin/Show Product"), show, false): All options with value '25' are selected in object 'Object Repository/Product Admin/Show Product' 

2023-10-06 09:54:47 - [MESSAGE][PASSED] - All options with value '25' are selected in object 'Object Repository/Product Admin/Show Product' 

2023-10-06 09:54:47 - [TEST_STEP][PASSED] - dataList = findWebElements(findTestObject("Object Repository/Product Admin/Data No Product"), 10): null

2023-10-06 09:54:47 - [TEST_STEP][PASSED] - assert Integer.parseInt(show) == dataList.size(): null]]></system-out>
         <system-err><![CDATA[]]></system-err>
      </testcase>
      <testcase name="Test Cases/Product Admin/TC-PA-003" time="22.904" classname="Test Cases/Product Admin/TC-PA-003" status="PASSED">
         <system-out><![CDATA[2023-10-06 09:54:47 - [TEST_CASE][PASSED] - Test Cases/Product Admin/TC-PA-003: Test Cases/Product Admin/TC-PA-003

2023-10-06 09:54:48 - [TEST_STEP][PASSED] - callTestCase(findTestCase("Product Admin/TC-PA-001"), [:], STOP_ON_FAILURE): Call Test Case 'Test Cases/Product Admin/TC-PA-001' successfully

2023-10-06 09:54:48 - [TEST_CASE][PASSED] - Test Cases/Product Admin/TC-PA-001: Test Cases/Product Admin/TC-PA-001

2023-10-06 09:54:48 - [TEST_STEP][PASSED] - callTestCase(findTestCase("Login Admin/TC-Login Admin-001"), [:], STOP_ON_FAILURE): Call Test Case 'Test Cases/Login Admin/TC-Login Admin-001' successfully

2023-10-06 09:54:48 - [TEST_CASE][PASSED] - Test Cases/Login Admin/TC-Login Admin-001: Test Cases/Login Admin/TC-Login Admin-001

2023-10-06 09:54:48 - [TEST_STEP][PASSED] - openBrowser(adminTajalapak): Browser is opened with url: 'https://10.9.2.63/ecommerce/administrator'

2023-10-06 09:54:48 - [MESSAGE][WARNING] - A browser is already opened. Closing browser and opening a new one

2023-10-06 09:54:49 - [MESSAGE][INFO] - Starting 'Edge Chromium' driver

2023-10-06 09:54:49 - [MESSAGE][INFO] - User set preference: ['acceptInsecureCerts', 'true']

2023-10-06 09:54:51 - [MESSAGE][INFO] - Action delay is set to 0 milliseconds

2023-10-06 09:54:53 - [MESSAGE][PASSED] - Browser is opened with url: 'https://10.9.2.63/ecommerce/administrator'

2023-10-06 09:54:53 - [TEST_STEP][PASSED] - maximizeWindow(): Current window maximized

2023-10-06 09:54:53 - [MESSAGE][PASSED] - Current window maximized

2023-10-06 09:54:53 - [TEST_STEP][PASSED] - verifyElementPresent(findTestObject("Login Admin/Verifikasi Halaman Administrator"), 0): Object 'Object Repository/Login Admin/Verifikasi Halaman Administrator' is present

2023-10-06 09:54:53 - [MESSAGE][WARNING] - Timeout '0' is invalid. Using default page load timeout: '30'

2023-10-06 09:54:54 - [MESSAGE][PASSED] - Object 'Object Repository/Login Admin/Verifikasi Halaman Administrator' is present

2023-10-06 09:54:54 - [TEST_STEP][PASSED] - setText(findTestObject("Login Admin/Input Username Admin"), "admin"): Text 'admin' is set on object 'Object Repository/Login Admin/Input Username Admin'

2023-10-06 09:54:54 - [MESSAGE][PASSED] - Text 'admin' is set on object 'Object Repository/Login Admin/Input Username Admin'

2023-10-06 09:54:54 - [TEST_STEP][PASSED] - setEncryptedText(findTestObject("Login Admin/Input Password Admin"), "374mkdZ/lqyNS21oH+MJZQ=="): Text ****** has been set on object 'Object Repository/Login Admin/Input Password Admin'

2023-10-06 09:54:55 - [MESSAGE][PASSED] - Text ****** has been set on object 'Object Repository/Login Admin/Input Password Admin'

2023-10-06 09:54:55 - [TEST_STEP][PASSED] - delay(10): Delayed 10 second(s)

2023-10-06 09:55:05 - [MESSAGE][PASSED] - Delayed 10 second(s)

2023-10-06 09:55:05 - [TEST_STEP][PASSED] - click(findTestObject("Login Admin/Botton Sign In")): Object: 'Object Repository/Login Admin/Botton Sign In' is clicked on

2023-10-06 09:55:07 - [MESSAGE][PASSED] - Object: 'Object Repository/Login Admin/Botton Sign In' is clicked on

2023-10-06 09:55:07 - [TEST_STEP][PASSED] - verifyElementPresent(findTestObject("Login Admin/Verifikasi Halaman Login Admin"), 0): Object 'Object Repository/Login Admin/Verifikasi Halaman Login Admin' is present

2023-10-06 09:55:07 - [MESSAGE][WARNING] - Timeout '0' is invalid. Using default page load timeout: '30'

2023-10-06 09:55:07 - [MESSAGE][PASSED] - Object 'Object Repository/Login Admin/Verifikasi Halaman Login Admin' is present

2023-10-06 09:55:07 - [MESSAGE][PASSED] - Call Test Case 'Test Cases/Login Admin/TC-Login Admin-001' successfully

2023-10-06 09:55:07 - [TEST_STEP][PASSED] - click(findTestObject("Product Admin/Master Market")): Object: 'Object Repository/Product Admin/Master Market' is clicked on

2023-10-06 09:55:08 - [MESSAGE][PASSED] - Object: 'Object Repository/Product Admin/Master Market' is clicked on

2023-10-06 09:55:08 - [TEST_STEP][PASSED] - click(findTestObject("Product Admin/Produk Admin")): Object: 'Object Repository/Product Admin/Produk Admin' is clicked on

2023-10-06 09:55:09 - [MESSAGE][PASSED] - Object: 'Object Repository/Product Admin/Produk Admin' is clicked on

2023-10-06 09:55:09 - [TEST_STEP][PASSED] - verifyElementPresent(findTestObject("Product Admin/Veridikasi Halaman Semua Produk"), 0): Object 'Object Repository/Product Admin/Veridikasi Halaman Semua Produk' is present

2023-10-06 09:55:09 - [MESSAGE][WARNING] - Timeout '0' is invalid. Using default page load timeout: '30'

2023-10-06 09:55:09 - [MESSAGE][PASSED] - Object 'Object Repository/Product Admin/Veridikasi Halaman Semua Produk' is present

2023-10-06 09:55:09 - [MESSAGE][PASSED] - Call Test Case 'Test Cases/Product Admin/TC-PA-001' successfully

2023-10-06 09:55:09 - [TEST_STEP][PASSED] - click(findTestObject("Product Admin/Button Sort No")): Object: 'Object Repository/Product Admin/Button Sort No' is clicked on

2023-10-06 09:55:10 - [MESSAGE][PASSED] - Object: 'Object Repository/Product Admin/Button Sort No' is clicked on

2023-10-06 09:55:10 - [TEST_STEP][PASSED] - dataList = findWebElements(findTestObject("Object Repository/Product Admin/Data No Product"), 10): null

2023-10-06 09:55:10 - [TEST_STEP][PASSED] - arrProdukNoOri = []: null

2023-10-06 09:55:10 - [TEST_STEP][PASSED] - arrProdukNoSort = []: null

2023-10-06 09:55:10 - [TEST_STEP][PASSED] - for ([i = 0, i < dataList.size(), (i++)]): null

2023-10-06 09:55:10 - [TEST_STEP][PASSED] - text = text: null

2023-10-06 09:55:10 - [TEST_STEP][PASSED] - arrProdukNoOri[i] = text: null

2023-10-06 09:55:10 - [TEST_STEP][PASSED] - arrProdukNoSort[i] = text: null

2023-10-06 09:55:10 - [TEST_STEP][PASSED] - text = text: null

2023-10-06 09:55:10 - [TEST_STEP][PASSED] - arrProdukNoOri[i] = text: null

2023-10-06 09:55:10 - [TEST_STEP][PASSED] - arrProdukNoSort[i] = text: null

2023-10-06 09:55:10 - [TEST_STEP][PASSED] - text = text: null

2023-10-06 09:55:10 - [TEST_STEP][PASSED] - arrProdukNoOri[i] = text: null

2023-10-06 09:55:10 - [TEST_STEP][PASSED] - arrProdukNoSort[i] = text: null

2023-10-06 09:55:10 - [TEST_STEP][PASSED] - text = text: null

2023-10-06 09:55:10 - [TEST_STEP][PASSED] - arrProdukNoOri[i] = text: null

2023-10-06 09:55:10 - [TEST_STEP][PASSED] - arrProdukNoSort[i] = text: null

2023-10-06 09:55:10 - [TEST_STEP][PASSED] - text = text: null

2023-10-06 09:55:10 - [TEST_STEP][PASSED] - arrProdukNoOri[i] = text: null

2023-10-06 09:55:10 - [TEST_STEP][PASSED] - arrProdukNoSort[i] = text: null

2023-10-06 09:55:10 - [TEST_STEP][PASSED] - text = text: null

2023-10-06 09:55:10 - [TEST_STEP][PASSED] - arrProdukNoOri[i] = text: null

2023-10-06 09:55:10 - [TEST_STEP][PASSED] - arrProdukNoSort[i] = text: null

2023-10-06 09:55:10 - [TEST_STEP][PASSED] - text = text: null

2023-10-06 09:55:10 - [TEST_STEP][PASSED] - arrProdukNoOri[i] = text: null

2023-10-06 09:55:10 - [TEST_STEP][PASSED] - arrProdukNoSort[i] = text: null

2023-10-06 09:55:10 - [TEST_STEP][PASSED] - text = text: null

2023-10-06 09:55:10 - [TEST_STEP][PASSED] - arrProdukNoOri[i] = text: null

2023-10-06 09:55:10 - [TEST_STEP][PASSED] - arrProdukNoSort[i] = text: null

2023-10-06 09:55:10 - [TEST_STEP][PASSED] - text = text: null

2023-10-06 09:55:10 - [TEST_STEP][PASSED] - arrProdukNoOri[i] = text: null

2023-10-06 09:55:10 - [TEST_STEP][PASSED] - arrProdukNoSort[i] = text: null

2023-10-06 09:55:10 - [TEST_STEP][PASSED] - text = text: null

2023-10-06 09:55:10 - [TEST_STEP][PASSED] - arrProdukNoOri[i] = text: null

2023-10-06 09:55:10 - [TEST_STEP][PASSED] - arrProdukNoSort[i] = text: null

2023-10-06 09:55:10 - [TEST_STEP][PASSED] - Arrays.sort(arrProdukNoSort, Collections.reverseOrder()): null

2023-10-06 09:55:10 - [TEST_STEP][PASSED] - assert arrProdukNoOri == arrProdukNoSort: null]]></system-out>
         <system-err><![CDATA[]]></system-err>
      </testcase>
      <testcase name="Test Cases/Product Admin/TC-PA-004" time="24.029" classname="Test Cases/Product Admin/TC-PA-004" status="PASSED">
         <system-out><![CDATA[2023-10-06 09:55:10 - [TEST_CASE][PASSED] - Test Cases/Product Admin/TC-PA-004: Test Cases/Product Admin/TC-PA-004

2023-10-06 09:55:11 - [TEST_STEP][PASSED] - callTestCase(findTestCase("Product Admin/TC-PA-003"), [:], STOP_ON_FAILURE): Call Test Case 'Test Cases/Product Admin/TC-PA-003' successfully

2023-10-06 09:55:11 - [TEST_CASE][PASSED] - Test Cases/Product Admin/TC-PA-003: Test Cases/Product Admin/TC-PA-003

2023-10-06 09:55:11 - [TEST_STEP][PASSED] - callTestCase(findTestCase("Product Admin/TC-PA-001"), [:], STOP_ON_FAILURE): Call Test Case 'Test Cases/Product Admin/TC-PA-001' successfully

2023-10-06 09:55:11 - [TEST_CASE][PASSED] - Test Cases/Product Admin/TC-PA-001: Test Cases/Product Admin/TC-PA-001

2023-10-06 09:55:11 - [TEST_STEP][PASSED] - callTestCase(findTestCase("Login Admin/TC-Login Admin-001"), [:], STOP_ON_FAILURE): Call Test Case 'Test Cases/Login Admin/TC-Login Admin-001' successfully

2023-10-06 09:55:11 - [TEST_CASE][PASSED] - Test Cases/Login Admin/TC-Login Admin-001: Test Cases/Login Admin/TC-Login Admin-001

2023-10-06 09:55:11 - [TEST_STEP][PASSED] - openBrowser(adminTajalapak): Browser is opened with url: 'https://10.9.2.63/ecommerce/administrator'

2023-10-06 09:55:11 - [MESSAGE][WARNING] - A browser is already opened. Closing browser and opening a new one

2023-10-06 09:55:12 - [MESSAGE][INFO] - Starting 'Edge Chromium' driver

2023-10-06 09:55:12 - [MESSAGE][INFO] - User set preference: ['acceptInsecureCerts', 'true']

2023-10-06 09:55:14 - [MESSAGE][INFO] - Action delay is set to 0 milliseconds

2023-10-06 09:55:17 - [MESSAGE][PASSED] - Browser is opened with url: 'https://10.9.2.63/ecommerce/administrator'

2023-10-06 09:55:17 - [TEST_STEP][PASSED] - maximizeWindow(): Current window maximized

2023-10-06 09:55:17 - [MESSAGE][PASSED] - Current window maximized

2023-10-06 09:55:17 - [TEST_STEP][PASSED] - verifyElementPresent(findTestObject("Login Admin/Verifikasi Halaman Administrator"), 0): Object 'Object Repository/Login Admin/Verifikasi Halaman Administrator' is present

2023-10-06 09:55:17 - [MESSAGE][WARNING] - Timeout '0' is invalid. Using default page load timeout: '30'

2023-10-06 09:55:17 - [MESSAGE][PASSED] - Object 'Object Repository/Login Admin/Verifikasi Halaman Administrator' is present

2023-10-06 09:55:17 - [TEST_STEP][PASSED] - setText(findTestObject("Login Admin/Input Username Admin"), "admin"): Text 'admin' is set on object 'Object Repository/Login Admin/Input Username Admin'

2023-10-06 09:55:18 - [MESSAGE][PASSED] - Text 'admin' is set on object 'Object Repository/Login Admin/Input Username Admin'

2023-10-06 09:55:18 - [TEST_STEP][PASSED] - setEncryptedText(findTestObject("Login Admin/Input Password Admin"), "374mkdZ/lqyNS21oH+MJZQ=="): Text ****** has been set on object 'Object Repository/Login Admin/Input Password Admin'

2023-10-06 09:55:18 - [MESSAGE][PASSED] - Text ****** has been set on object 'Object Repository/Login Admin/Input Password Admin'

2023-10-06 09:55:18 - [TEST_STEP][PASSED] - delay(10): Delayed 10 second(s)

2023-10-06 09:55:28 - [MESSAGE][PASSED] - Delayed 10 second(s)

2023-10-06 09:55:28 - [TEST_STEP][PASSED] - click(findTestObject("Login Admin/Botton Sign In")): Object: 'Object Repository/Login Admin/Botton Sign In' is clicked on

2023-10-06 09:55:30 - [MESSAGE][PASSED] - Object: 'Object Repository/Login Admin/Botton Sign In' is clicked on

2023-10-06 09:55:30 - [TEST_STEP][PASSED] - verifyElementPresent(findTestObject("Login Admin/Verifikasi Halaman Login Admin"), 0): Object 'Object Repository/Login Admin/Verifikasi Halaman Login Admin' is present

2023-10-06 09:55:30 - [MESSAGE][WARNING] - Timeout '0' is invalid. Using default page load timeout: '30'

2023-10-06 09:55:30 - [MESSAGE][PASSED] - Object 'Object Repository/Login Admin/Verifikasi Halaman Login Admin' is present

2023-10-06 09:55:30 - [MESSAGE][PASSED] - Call Test Case 'Test Cases/Login Admin/TC-Login Admin-001' successfully

2023-10-06 09:55:30 - [TEST_STEP][PASSED] - click(findTestObject("Product Admin/Master Market")): Object: 'Object Repository/Product Admin/Master Market' is clicked on

2023-10-06 09:55:31 - [MESSAGE][PASSED] - Object: 'Object Repository/Product Admin/Master Market' is clicked on

2023-10-06 09:55:31 - [TEST_STEP][PASSED] - click(findTestObject("Product Admin/Produk Admin")): Object: 'Object Repository/Product Admin/Produk Admin' is clicked on

2023-10-06 09:55:32 - [MESSAGE][PASSED] - Object: 'Object Repository/Product Admin/Produk Admin' is clicked on

2023-10-06 09:55:32 - [TEST_STEP][PASSED] - verifyElementPresent(findTestObject("Product Admin/Veridikasi Halaman Semua Produk"), 0): Object 'Object Repository/Product Admin/Veridikasi Halaman Semua Produk' is present

2023-10-06 09:55:32 - [MESSAGE][WARNING] - Timeout '0' is invalid. Using default page load timeout: '30'

2023-10-06 09:55:32 - [MESSAGE][PASSED] - Object 'Object Repository/Product Admin/Veridikasi Halaman Semua Produk' is present

2023-10-06 09:55:32 - [MESSAGE][PASSED] - Call Test Case 'Test Cases/Product Admin/TC-PA-001' successfully

2023-10-06 09:55:32 - [TEST_STEP][PASSED] - click(findTestObject("Product Admin/Button Sort No")): Object: 'Object Repository/Product Admin/Button Sort No' is clicked on

2023-10-06 09:55:33 - [MESSAGE][PASSED] - Object: 'Object Repository/Product Admin/Button Sort No' is clicked on

2023-10-06 09:55:33 - [TEST_STEP][PASSED] - dataList = findWebElements(findTestObject("Object Repository/Product Admin/Data No Product"), 10): null

2023-10-06 09:55:33 - [TEST_STEP][PASSED] - arrProdukNoOri = []: null

2023-10-06 09:55:33 - [TEST_STEP][PASSED] - arrProdukNoSort = []: null

2023-10-06 09:55:33 - [TEST_STEP][PASSED] - for ([i = 0, i < dataList.size(), (i++)]): null

2023-10-06 09:55:33 - [TEST_STEP][PASSED] - text = text: null

2023-10-06 09:55:33 - [TEST_STEP][PASSED] - arrProdukNoOri[i] = text: null

2023-10-06 09:55:33 - [TEST_STEP][PASSED] - arrProdukNoSort[i] = text: null

2023-10-06 09:55:33 - [TEST_STEP][PASSED] - text = text: null

2023-10-06 09:55:33 - [TEST_STEP][PASSED] - arrProdukNoOri[i] = text: null

2023-10-06 09:55:33 - [TEST_STEP][PASSED] - arrProdukNoSort[i] = text: null

2023-10-06 09:55:33 - [TEST_STEP][PASSED] - text = text: null

2023-10-06 09:55:33 - [TEST_STEP][PASSED] - arrProdukNoOri[i] = text: null

2023-10-06 09:55:33 - [TEST_STEP][PASSED] - arrProdukNoSort[i] = text: null

2023-10-06 09:55:33 - [TEST_STEP][PASSED] - text = text: null

2023-10-06 09:55:33 - [TEST_STEP][PASSED] - arrProdukNoOri[i] = text: null

2023-10-06 09:55:33 - [TEST_STEP][PASSED] - arrProdukNoSort[i] = text: null

2023-10-06 09:55:33 - [TEST_STEP][PASSED] - text = text: null

2023-10-06 09:55:33 - [TEST_STEP][PASSED] - arrProdukNoOri[i] = text: null

2023-10-06 09:55:33 - [TEST_STEP][PASSED] - arrProdukNoSort[i] = text: null

2023-10-06 09:55:33 - [TEST_STEP][PASSED] - text = text: null

2023-10-06 09:55:33 - [TEST_STEP][PASSED] - arrProdukNoOri[i] = text: null

2023-10-06 09:55:33 - [TEST_STEP][PASSED] - arrProdukNoSort[i] = text: null

2023-10-06 09:55:33 - [TEST_STEP][PASSED] - text = text: null

2023-10-06 09:55:33 - [TEST_STEP][PASSED] - arrProdukNoOri[i] = text: null

2023-10-06 09:55:33 - [TEST_STEP][PASSED] - arrProdukNoSort[i] = text: null

2023-10-06 09:55:33 - [TEST_STEP][PASSED] - text = text: null

2023-10-06 09:55:33 - [TEST_STEP][PASSED] - arrProdukNoOri[i] = text: null

2023-10-06 09:55:33 - [TEST_STEP][PASSED] - arrProdukNoSort[i] = text: null

2023-10-06 09:55:33 - [TEST_STEP][PASSED] - text = text: null

2023-10-06 09:55:33 - [TEST_STEP][PASSED] - arrProdukNoOri[i] = text: null

2023-10-06 09:55:33 - [TEST_STEP][PASSED] - arrProdukNoSort[i] = text: null

2023-10-06 09:55:33 - [TEST_STEP][PASSED] - text = text: null

2023-10-06 09:55:33 - [TEST_STEP][PASSED] - arrProdukNoOri[i] = text: null

2023-10-06 09:55:33 - [TEST_STEP][PASSED] - arrProdukNoSort[i] = text: null

2023-10-06 09:55:33 - [TEST_STEP][PASSED] - Arrays.sort(arrProdukNoSort, Collections.reverseOrder()): null

2023-10-06 09:55:33 - [TEST_STEP][PASSED] - assert arrProdukNoOri == arrProdukNoSort: null

2023-10-06 09:55:33 - [MESSAGE][PASSED] - Call Test Case 'Test Cases/Product Admin/TC-PA-003' successfully

2023-10-06 09:55:33 - [TEST_STEP][PASSED] - click(findTestObject("Product Admin/Button Sort No")): Object: 'Object Repository/Product Admin/Button Sort No' is clicked on

2023-10-06 09:55:34 - [MESSAGE][PASSED] - Object: 'Object Repository/Product Admin/Button Sort No' is clicked on

2023-10-06 09:55:34 - [TEST_STEP][PASSED] - dataList = findWebElements(findTestObject("Object Repository/Product Admin/Data No Product"), 10): null

2023-10-06 09:55:34 - [TEST_STEP][PASSED] - arrProdukNoOri = []: null

2023-10-06 09:55:34 - [TEST_STEP][PASSED] - arrProdukNoSort = []: null

2023-10-06 09:55:34 - [TEST_STEP][PASSED] - for ([i = 0, i < dataList.size(), (i++)]): null

2023-10-06 09:55:34 - [TEST_STEP][PASSED] - text = text: null

2023-10-06 09:55:34 - [TEST_STEP][PASSED] - arrProdukNoOri[i] = Integer.parseInt(text): null

2023-10-06 09:55:34 - [TEST_STEP][PASSED] - arrProdukNoSort[i] = Integer.parseInt(text): null

2023-10-06 09:55:34 - [TEST_STEP][PASSED] - text = text: null

2023-10-06 09:55:34 - [TEST_STEP][PASSED] - arrProdukNoOri[i] = Integer.parseInt(text): null

2023-10-06 09:55:34 - [TEST_STEP][PASSED] - arrProdukNoSort[i] = Integer.parseInt(text): null

2023-10-06 09:55:34 - [TEST_STEP][PASSED] - text = text: null

2023-10-06 09:55:34 - [TEST_STEP][PASSED] - arrProdukNoOri[i] = Integer.parseInt(text): null

2023-10-06 09:55:34 - [TEST_STEP][PASSED] - arrProdukNoSort[i] = Integer.parseInt(text): null

2023-10-06 09:55:34 - [TEST_STEP][PASSED] - text = text: null

2023-10-06 09:55:34 - [TEST_STEP][PASSED] - arrProdukNoOri[i] = Integer.parseInt(text): null

2023-10-06 09:55:34 - [TEST_STEP][PASSED] - arrProdukNoSort[i] = Integer.parseInt(text): null

2023-10-06 09:55:34 - [TEST_STEP][PASSED] - text = text: null

2023-10-06 09:55:34 - [TEST_STEP][PASSED] - arrProdukNoOri[i] = Integer.parseInt(text): null

2023-10-06 09:55:34 - [TEST_STEP][PASSED] - arrProdukNoSort[i] = Integer.parseInt(text): null

2023-10-06 09:55:34 - [TEST_STEP][PASSED] - text = text: null

2023-10-06 09:55:34 - [TEST_STEP][PASSED] - arrProdukNoOri[i] = Integer.parseInt(text): null

2023-10-06 09:55:34 - [TEST_STEP][PASSED] - arrProdukNoSort[i] = Integer.parseInt(text): null

2023-10-06 09:55:34 - [TEST_STEP][PASSED] - text = text: null

2023-10-06 09:55:34 - [TEST_STEP][PASSED] - arrProdukNoOri[i] = Integer.parseInt(text): null

2023-10-06 09:55:34 - [TEST_STEP][PASSED] - arrProdukNoSort[i] = Integer.parseInt(text): null

2023-10-06 09:55:34 - [TEST_STEP][PASSED] - text = text: null

2023-10-06 09:55:34 - [TEST_STEP][PASSED] - arrProdukNoOri[i] = Integer.parseInt(text): null

2023-10-06 09:55:34 - [TEST_STEP][PASSED] - arrProdukNoSort[i] = Integer.parseInt(text): null

2023-10-06 09:55:34 - [TEST_STEP][PASSED] - text = text: null

2023-10-06 09:55:34 - [TEST_STEP][PASSED] - arrProdukNoOri[i] = Integer.parseInt(text): null

2023-10-06 09:55:34 - [TEST_STEP][PASSED] - arrProdukNoSort[i] = Integer.parseInt(text): null

2023-10-06 09:55:34 - [TEST_STEP][PASSED] - text = text: null

2023-10-06 09:55:34 - [TEST_STEP][PASSED] - arrProdukNoOri[i] = Integer.parseInt(text): null

2023-10-06 09:55:34 - [TEST_STEP][PASSED] - arrProdukNoSort[i] = Integer.parseInt(text): null

2023-10-06 09:55:34 - [TEST_STEP][PASSED] - Arrays.sort(arrProdukNoSort): null

2023-10-06 09:55:34 - [TEST_STEP][PASSED] - assert arrProdukNoOri == arrProdukNoSort: null]]></system-out>
         <system-err><![CDATA[]]></system-err>
      </testcase>
      <testcase name="Test Cases/Product Admin/TC-PA-005" time="22.743" classname="Test Cases/Product Admin/TC-PA-005" status="PASSED">
         <system-out><![CDATA[2023-10-06 09:55:34 - [TEST_CASE][PASSED] - Test Cases/Product Admin/TC-PA-005: Test Cases/Product Admin/TC-PA-005

2023-10-06 09:55:35 - [TEST_STEP][PASSED] - callTestCase(findTestCase("Product Admin/TC-PA-001"), [:], STOP_ON_FAILURE): Call Test Case 'Test Cases/Product Admin/TC-PA-001' successfully

2023-10-06 09:55:35 - [TEST_CASE][PASSED] - Test Cases/Product Admin/TC-PA-001: Test Cases/Product Admin/TC-PA-001

2023-10-06 09:55:35 - [TEST_STEP][PASSED] - callTestCase(findTestCase("Login Admin/TC-Login Admin-001"), [:], STOP_ON_FAILURE): Call Test Case 'Test Cases/Login Admin/TC-Login Admin-001' successfully

2023-10-06 09:55:35 - [TEST_CASE][PASSED] - Test Cases/Login Admin/TC-Login Admin-001: Test Cases/Login Admin/TC-Login Admin-001

2023-10-06 09:55:35 - [TEST_STEP][PASSED] - openBrowser(adminTajalapak): Browser is opened with url: 'https://10.9.2.63/ecommerce/administrator'

2023-10-06 09:55:35 - [MESSAGE][WARNING] - A browser is already opened. Closing browser and opening a new one

2023-10-06 09:55:35 - [MESSAGE][INFO] - Starting 'Edge Chromium' driver

2023-10-06 09:55:35 - [MESSAGE][INFO] - User set preference: ['acceptInsecureCerts', 'true']

2023-10-06 09:55:38 - [MESSAGE][INFO] - Action delay is set to 0 milliseconds

2023-10-06 09:55:40 - [MESSAGE][PASSED] - Browser is opened with url: 'https://10.9.2.63/ecommerce/administrator'

2023-10-06 09:55:40 - [TEST_STEP][PASSED] - maximizeWindow(): Current window maximized

2023-10-06 09:55:40 - [MESSAGE][PASSED] - Current window maximized

2023-10-06 09:55:40 - [TEST_STEP][PASSED] - verifyElementPresent(findTestObject("Login Admin/Verifikasi Halaman Administrator"), 0): Object 'Object Repository/Login Admin/Verifikasi Halaman Administrator' is present

2023-10-06 09:55:40 - [MESSAGE][WARNING] - Timeout '0' is invalid. Using default page load timeout: '30'

2023-10-06 09:55:41 - [MESSAGE][PASSED] - Object 'Object Repository/Login Admin/Verifikasi Halaman Administrator' is present

2023-10-06 09:55:41 - [TEST_STEP][PASSED] - setText(findTestObject("Login Admin/Input Username Admin"), "admin"): Text 'admin' is set on object 'Object Repository/Login Admin/Input Username Admin'

2023-10-06 09:55:41 - [MESSAGE][PASSED] - Text 'admin' is set on object 'Object Repository/Login Admin/Input Username Admin'

2023-10-06 09:55:41 - [TEST_STEP][PASSED] - setEncryptedText(findTestObject("Login Admin/Input Password Admin"), "374mkdZ/lqyNS21oH+MJZQ=="): Text ****** has been set on object 'Object Repository/Login Admin/Input Password Admin'

2023-10-06 09:55:42 - [MESSAGE][PASSED] - Text ****** has been set on object 'Object Repository/Login Admin/Input Password Admin'

2023-10-06 09:55:42 - [TEST_STEP][PASSED] - delay(10): Delayed 10 second(s)

2023-10-06 09:55:52 - [MESSAGE][PASSED] - Delayed 10 second(s)

2023-10-06 09:55:52 - [TEST_STEP][PASSED] - click(findTestObject("Login Admin/Botton Sign In")): Object: 'Object Repository/Login Admin/Botton Sign In' is clicked on

2023-10-06 09:55:54 - [MESSAGE][PASSED] - Object: 'Object Repository/Login Admin/Botton Sign In' is clicked on

2023-10-06 09:55:54 - [TEST_STEP][PASSED] - verifyElementPresent(findTestObject("Login Admin/Verifikasi Halaman Login Admin"), 0): Object 'Object Repository/Login Admin/Verifikasi Halaman Login Admin' is present

2023-10-06 09:55:54 - [MESSAGE][WARNING] - Timeout '0' is invalid. Using default page load timeout: '30'

2023-10-06 09:55:54 - [MESSAGE][PASSED] - Object 'Object Repository/Login Admin/Verifikasi Halaman Login Admin' is present

2023-10-06 09:55:54 - [MESSAGE][PASSED] - Call Test Case 'Test Cases/Login Admin/TC-Login Admin-001' successfully

2023-10-06 09:55:54 - [TEST_STEP][PASSED] - click(findTestObject("Product Admin/Master Market")): Object: 'Object Repository/Product Admin/Master Market' is clicked on

2023-10-06 09:55:55 - [MESSAGE][PASSED] - Object: 'Object Repository/Product Admin/Master Market' is clicked on

2023-10-06 09:55:55 - [TEST_STEP][PASSED] - click(findTestObject("Product Admin/Produk Admin")): Object: 'Object Repository/Product Admin/Produk Admin' is clicked on

2023-10-06 09:55:56 - [MESSAGE][PASSED] - Object: 'Object Repository/Product Admin/Produk Admin' is clicked on

2023-10-06 09:55:56 - [TEST_STEP][PASSED] - verifyElementPresent(findTestObject("Product Admin/Veridikasi Halaman Semua Produk"), 0): Object 'Object Repository/Product Admin/Veridikasi Halaman Semua Produk' is present

2023-10-06 09:55:56 - [MESSAGE][WARNING] - Timeout '0' is invalid. Using default page load timeout: '30'

2023-10-06 09:55:56 - [MESSAGE][PASSED] - Object 'Object Repository/Product Admin/Veridikasi Halaman Semua Produk' is present

2023-10-06 09:55:56 - [MESSAGE][PASSED] - Call Test Case 'Test Cases/Product Admin/TC-PA-001' successfully

2023-10-06 09:55:56 - [TEST_STEP][PASSED] - click(findTestObject("Product Admin/Button Sort Nama Produk")): Object: 'Object Repository/Product Admin/Button Sort Nama Produk' is clicked on

2023-10-06 09:55:57 - [MESSAGE][PASSED] - Object: 'Object Repository/Product Admin/Button Sort Nama Produk' is clicked on

2023-10-06 09:55:57 - [TEST_STEP][PASSED] - dataList = findWebElements(findTestObject("Object Repository/Product Admin/Data Nama Produk"), 10): null

2023-10-06 09:55:57 - [TEST_STEP][PASSED] - arrProdukNameOri = []: null

2023-10-06 09:55:57 - [TEST_STEP][PASSED] - arrProdukNameSort = []: null

2023-10-06 09:55:57 - [TEST_STEP][PASSED] - for ([i = 0, i < dataList.size(), (i++)]): null

2023-10-06 09:55:57 - [TEST_STEP][PASSED] - text = text: null

2023-10-06 09:55:57 - [TEST_STEP][PASSED] - arrProdukNameOri[i] = text: null

2023-10-06 09:55:57 - [TEST_STEP][PASSED] - arrProdukNameSort[i] = text: null

2023-10-06 09:55:57 - [TEST_STEP][PASSED] - text = text: null

2023-10-06 09:55:57 - [TEST_STEP][PASSED] - arrProdukNameOri[i] = text: null

2023-10-06 09:55:57 - [TEST_STEP][PASSED] - arrProdukNameSort[i] = text: null

2023-10-06 09:55:57 - [TEST_STEP][PASSED] - text = text: null

2023-10-06 09:55:57 - [TEST_STEP][PASSED] - arrProdukNameOri[i] = text: null

2023-10-06 09:55:57 - [TEST_STEP][PASSED] - arrProdukNameSort[i] = text: null

2023-10-06 09:55:57 - [TEST_STEP][PASSED] - text = text: null

2023-10-06 09:55:57 - [TEST_STEP][PASSED] - arrProdukNameOri[i] = text: null

2023-10-06 09:55:57 - [TEST_STEP][PASSED] - arrProdukNameSort[i] = text: null

2023-10-06 09:55:57 - [TEST_STEP][PASSED] - text = text: null

2023-10-06 09:55:57 - [TEST_STEP][PASSED] - arrProdukNameOri[i] = text: null

2023-10-06 09:55:57 - [TEST_STEP][PASSED] - arrProdukNameSort[i] = text: null

2023-10-06 09:55:57 - [TEST_STEP][PASSED] - text = text: null

2023-10-06 09:55:57 - [TEST_STEP][PASSED] - arrProdukNameOri[i] = text: null

2023-10-06 09:55:57 - [TEST_STEP][PASSED] - arrProdukNameSort[i] = text: null

2023-10-06 09:55:57 - [TEST_STEP][PASSED] - text = text: null

2023-10-06 09:55:57 - [TEST_STEP][PASSED] - arrProdukNameOri[i] = text: null

2023-10-06 09:55:57 - [TEST_STEP][PASSED] - arrProdukNameSort[i] = text: null

2023-10-06 09:55:57 - [TEST_STEP][PASSED] - text = text: null

2023-10-06 09:55:57 - [TEST_STEP][PASSED] - arrProdukNameOri[i] = text: null

2023-10-06 09:55:57 - [TEST_STEP][PASSED] - arrProdukNameSort[i] = text: null

2023-10-06 09:55:57 - [TEST_STEP][PASSED] - text = text: null

2023-10-06 09:55:57 - [TEST_STEP][PASSED] - arrProdukNameOri[i] = text: null

2023-10-06 09:55:57 - [TEST_STEP][PASSED] - arrProdukNameSort[i] = text: null

2023-10-06 09:55:57 - [TEST_STEP][PASSED] - text = text: null

2023-10-06 09:55:57 - [TEST_STEP][PASSED] - arrProdukNameOri[i] = text: null

2023-10-06 09:55:57 - [TEST_STEP][PASSED] - arrProdukNameSort[i] = text: null

2023-10-06 09:55:57 - [TEST_STEP][PASSED] - Arrays.sort(arrProdukNameSort): null

2023-10-06 09:55:57 - [TEST_STEP][PASSED] - println(arrProdukNameOri): null

2023-10-06 09:55:57 - [TEST_STEP][PASSED] - println(arrProdukNameSort): null

2023-10-06 09:55:57 - [TEST_STEP][PASSED] - assert arrProdukNameOri == arrProdukNameSort: null]]></system-out>
         <system-err><![CDATA[]]></system-err>
      </testcase>
      <testcase name="Test Cases/Product Admin/TC-PA-006" time="23.55" classname="Test Cases/Product Admin/TC-PA-006" status="FAILED">
         <failure type="FAILED" message="Test Cases/Product Admin/TC-PA-006 FAILED.
Reason:
Assertion failed: 

assert arrProdukNameOri == arrProdukNameSort
       |                |  |
       |                |  [weww, uji produk 03, Ultrabook Hackintosh Acer - I5 Haswell - 8 Gb - SSD, Uji Produk 0022, Terbaru Baju Koko Kids, Terbaru Baju Koko Kids, Super Segiempat Rebya - RYB6.7 Pink Clover, Sepatu kets, Segitiga Instan Madeira - MDB5.3 Sunset, Segitiga Instan Madeira - MDB5.2 Ocean]
       |                false
       [weww, Ultrabook Hackintosh Acer - I5 Haswell - 8 Gb - SSD, uji produk 03, Uji Produk 0022, Terbaru Baju Koko Kids, Terbaru Baju Koko Kids, Super Segiempat Rebya - RYB6.7 Pink Clover, Sepatu kets, Segitiga Instan Madeira - MDB5.3 Sunset, Segitiga Instan Madeira - MDB5.2 Ocean]

	at TC-PA-006.run(TC-PA-006:45)
	at com.kms.katalon.core.main.ScriptEngine.run(ScriptEngine.java:194)
	at com.kms.katalon.core.main.ScriptEngine.runScriptAsRawText(ScriptEngine.java:119)
	at com.kms.katalon.core.main.TestCaseExecutor.runScript(TestCaseExecutor.java:448)
	at com.kms.katalon.core.main.TestCaseExecutor.doExecute(TestCaseExecutor.java:439)
	at com.kms.katalon.core.main.TestCaseExecutor.processExecutionPhase(TestCaseExecutor.java:418)
	at com.kms.katalon.core.main.TestCaseExecutor.accessMainPhase(TestCaseExecutor.java:410)
	at com.kms.katalon.core.main.TestCaseExecutor.execute(TestCaseExecutor.java:285)
	at com.kms.katalon.core.common.CommonExecutor.accessTestCaseMainPhase(CommonExecutor.java:65)
	at com.kms.katalon.core.main.TestSuiteExecutor.accessTestSuiteMainPhase(TestSuiteExecutor.java:148)
	at com.kms.katalon.core.main.TestSuiteExecutor.execute(TestSuiteExecutor.java:106)
	at com.kms.katalon.core.main.TestCaseMain.startTestSuite(TestCaseMain.java:187)
	at com.kms.katalon.core.main.TestCaseMain$startTestSuite$0.call(Unknown Source)
	at TempTestSuite1696560832015.run(TempTestSuite1696560832015.groovy:36)
"/>
         <system-out><![CDATA[2023-10-06 09:55:57 - [TEST_CASE][FAILED] - Test Cases/Product Admin/TC-PA-006: Test Cases/Product Admin/TC-PA-006 FAILED.
Reason:
Assertion failed: 

assert arrProdukNameOri == arrProdukNameSort
       |                |  |
       |                |  [weww, uji produk 03, Ultrabook Hackintosh Acer - I5 Haswell - 8 Gb - SSD, Uji Produk 0022, Terbaru Baju Koko Kids, Terbaru Baju Koko Kids, Super Segiempat Rebya - RYB6.7 Pink Clover, Sepatu kets, Segitiga Instan Madeira - MDB5.3 Sunset, Segitiga Instan Madeira - MDB5.2 Ocean]
       |                false
       [weww, Ultrabook Hackintosh Acer - I5 Haswell - 8 Gb - SSD, uji produk 03, Uji Produk 0022, Terbaru Baju Koko Kids, Terbaru Baju Koko Kids, Super Segiempat Rebya - RYB6.7 Pink Clover, Sepatu kets, Segitiga Instan Madeira - MDB5.3 Sunset, Segitiga Instan Madeira - MDB5.2 Ocean]

	at TC-PA-006.run(TC-PA-006:45)
	at com.kms.katalon.core.main.ScriptEngine.run(ScriptEngine.java:194)
	at com.kms.katalon.core.main.ScriptEngine.runScriptAsRawText(ScriptEngine.java:119)
	at com.kms.katalon.core.main.TestCaseExecutor.runScript(TestCaseExecutor.java:448)
	at com.kms.katalon.core.main.TestCaseExecutor.doExecute(TestCaseExecutor.java:439)
	at com.kms.katalon.core.main.TestCaseExecutor.processExecutionPhase(TestCaseExecutor.java:418)
	at com.kms.katalon.core.main.TestCaseExecutor.accessMainPhase(TestCaseExecutor.java:410)
	at com.kms.katalon.core.main.TestCaseExecutor.execute(TestCaseExecutor.java:285)
	at com.kms.katalon.core.common.CommonExecutor.accessTestCaseMainPhase(CommonExecutor.java:65)
	at com.kms.katalon.core.main.TestSuiteExecutor.accessTestSuiteMainPhase(TestSuiteExecutor.java:148)
	at com.kms.katalon.core.main.TestSuiteExecutor.execute(TestSuiteExecutor.java:106)
	at com.kms.katalon.core.main.TestCaseMain.startTestSuite(TestCaseMain.java:187)
	at com.kms.katalon.core.main.TestCaseMain$startTestSuite$0.call(Unknown Source)
	at TempTestSuite1696560832015.run(TempTestSuite1696560832015.groovy:36)


2023-10-06 09:55:57 - [TEST_STEP][PASSED] - callTestCase(findTestCase("Product Admin/TC-PA-005"), [:], STOP_ON_FAILURE): Call Test Case 'Test Cases/Product Admin/TC-PA-005' successfully

2023-10-06 09:55:57 - [TEST_CASE][PASSED] - Test Cases/Product Admin/TC-PA-005: Test Cases/Product Admin/TC-PA-005

2023-10-06 09:55:57 - [TEST_STEP][PASSED] - callTestCase(findTestCase("Product Admin/TC-PA-001"), [:], STOP_ON_FAILURE): Call Test Case 'Test Cases/Product Admin/TC-PA-001' successfully

2023-10-06 09:55:57 - [TEST_CASE][PASSED] - Test Cases/Product Admin/TC-PA-001: Test Cases/Product Admin/TC-PA-001

2023-10-06 09:55:57 - [TEST_STEP][PASSED] - callTestCase(findTestCase("Login Admin/TC-Login Admin-001"), [:], STOP_ON_FAILURE): Call Test Case 'Test Cases/Login Admin/TC-Login Admin-001' successfully

2023-10-06 09:55:58 - [TEST_CASE][PASSED] - Test Cases/Login Admin/TC-Login Admin-001: Test Cases/Login Admin/TC-Login Admin-001

2023-10-06 09:55:58 - [TEST_STEP][PASSED] - openBrowser(adminTajalapak): Browser is opened with url: 'https://10.9.2.63/ecommerce/administrator'

2023-10-06 09:55:58 - [MESSAGE][WARNING] - A browser is already opened. Closing browser and opening a new one

2023-10-06 09:55:58 - [MESSAGE][INFO] - Starting 'Edge Chromium' driver

2023-10-06 09:55:58 - [MESSAGE][INFO] - User set preference: ['acceptInsecureCerts', 'true']

2023-10-06 09:56:01 - [MESSAGE][INFO] - Action delay is set to 0 milliseconds

2023-10-06 09:56:03 - [MESSAGE][PASSED] - Browser is opened with url: 'https://10.9.2.63/ecommerce/administrator'

2023-10-06 09:56:03 - [TEST_STEP][PASSED] - maximizeWindow(): Current window maximized

2023-10-06 09:56:03 - [MESSAGE][PASSED] - Current window maximized

2023-10-06 09:56:03 - [TEST_STEP][PASSED] - verifyElementPresent(findTestObject("Login Admin/Verifikasi Halaman Administrator"), 0): Object 'Object Repository/Login Admin/Verifikasi Halaman Administrator' is present

2023-10-06 09:56:03 - [MESSAGE][WARNING] - Timeout '0' is invalid. Using default page load timeout: '30'

2023-10-06 09:56:03 - [MESSAGE][PASSED] - Object 'Object Repository/Login Admin/Verifikasi Halaman Administrator' is present

2023-10-06 09:56:03 - [TEST_STEP][PASSED] - setText(findTestObject("Login Admin/Input Username Admin"), "admin"): Text 'admin' is set on object 'Object Repository/Login Admin/Input Username Admin'

2023-10-06 09:56:04 - [MESSAGE][PASSED] - Text 'admin' is set on object 'Object Repository/Login Admin/Input Username Admin'

2023-10-06 09:56:04 - [TEST_STEP][PASSED] - setEncryptedText(findTestObject("Login Admin/Input Password Admin"), "374mkdZ/lqyNS21oH+MJZQ=="): Text ****** has been set on object 'Object Repository/Login Admin/Input Password Admin'

2023-10-06 09:56:05 - [MESSAGE][PASSED] - Text ****** has been set on object 'Object Repository/Login Admin/Input Password Admin'

2023-10-06 09:56:05 - [TEST_STEP][PASSED] - delay(10): Delayed 10 second(s)

2023-10-06 09:56:15 - [MESSAGE][PASSED] - Delayed 10 second(s)

2023-10-06 09:56:15 - [TEST_STEP][PASSED] - click(findTestObject("Login Admin/Botton Sign In")): Object: 'Object Repository/Login Admin/Botton Sign In' is clicked on

2023-10-06 09:56:16 - [MESSAGE][PASSED] - Object: 'Object Repository/Login Admin/Botton Sign In' is clicked on

2023-10-06 09:56:16 - [TEST_STEP][PASSED] - verifyElementPresent(findTestObject("Login Admin/Verifikasi Halaman Login Admin"), 0): Object 'Object Repository/Login Admin/Verifikasi Halaman Login Admin' is present

2023-10-06 09:56:16 - [MESSAGE][WARNING] - Timeout '0' is invalid. Using default page load timeout: '30'

2023-10-06 09:56:17 - [MESSAGE][PASSED] - Object 'Object Repository/Login Admin/Verifikasi Halaman Login Admin' is present

2023-10-06 09:56:17 - [MESSAGE][PASSED] - Call Test Case 'Test Cases/Login Admin/TC-Login Admin-001' successfully

2023-10-06 09:56:17 - [TEST_STEP][PASSED] - click(findTestObject("Product Admin/Master Market")): Object: 'Object Repository/Product Admin/Master Market' is clicked on

2023-10-06 09:56:17 - [MESSAGE][PASSED] - Object: 'Object Repository/Product Admin/Master Market' is clicked on

2023-10-06 09:56:17 - [TEST_STEP][PASSED] - click(findTestObject("Product Admin/Produk Admin")): Object: 'Object Repository/Product Admin/Produk Admin' is clicked on

2023-10-06 09:56:18 - [MESSAGE][PASSED] - Object: 'Object Repository/Product Admin/Produk Admin' is clicked on

2023-10-06 09:56:18 - [TEST_STEP][PASSED] - verifyElementPresent(findTestObject("Product Admin/Veridikasi Halaman Semua Produk"), 0): Object 'Object Repository/Product Admin/Veridikasi Halaman Semua Produk' is present

2023-10-06 09:56:18 - [MESSAGE][WARNING] - Timeout '0' is invalid. Using default page load timeout: '30'

2023-10-06 09:56:19 - [MESSAGE][PASSED] - Object 'Object Repository/Product Admin/Veridikasi Halaman Semua Produk' is present

2023-10-06 09:56:19 - [MESSAGE][PASSED] - Call Test Case 'Test Cases/Product Admin/TC-PA-001' successfully

2023-10-06 09:56:19 - [TEST_STEP][PASSED] - click(findTestObject("Product Admin/Button Sort Nama Produk")): Object: 'Object Repository/Product Admin/Button Sort Nama Produk' is clicked on

2023-10-06 09:56:19 - [MESSAGE][PASSED] - Object: 'Object Repository/Product Admin/Button Sort Nama Produk' is clicked on

2023-10-06 09:56:19 - [TEST_STEP][PASSED] - dataList = findWebElements(findTestObject("Object Repository/Product Admin/Data Nama Produk"), 10): null

2023-10-06 09:56:20 - [TEST_STEP][PASSED] - arrProdukNameOri = []: null

2023-10-06 09:56:20 - [TEST_STEP][PASSED] - arrProdukNameSort = []: null

2023-10-06 09:56:20 - [TEST_STEP][PASSED] - for ([i = 0, i < dataList.size(), (i++)]): null

2023-10-06 09:56:20 - [TEST_STEP][PASSED] - text = text: null

2023-10-06 09:56:20 - [TEST_STEP][PASSED] - arrProdukNameOri[i] = text: null

2023-10-06 09:56:20 - [TEST_STEP][PASSED] - arrProdukNameSort[i] = text: null

2023-10-06 09:56:20 - [TEST_STEP][PASSED] - text = text: null

2023-10-06 09:56:20 - [TEST_STEP][PASSED] - arrProdukNameOri[i] = text: null

2023-10-06 09:56:20 - [TEST_STEP][PASSED] - arrProdukNameSort[i] = text: null

2023-10-06 09:56:20 - [TEST_STEP][PASSED] - text = text: null

2023-10-06 09:56:20 - [TEST_STEP][PASSED] - arrProdukNameOri[i] = text: null

2023-10-06 09:56:20 - [TEST_STEP][PASSED] - arrProdukNameSort[i] = text: null

2023-10-06 09:56:20 - [TEST_STEP][PASSED] - text = text: null

2023-10-06 09:56:20 - [TEST_STEP][PASSED] - arrProdukNameOri[i] = text: null

2023-10-06 09:56:20 - [TEST_STEP][PASSED] - arrProdukNameSort[i] = text: null

2023-10-06 09:56:20 - [TEST_STEP][PASSED] - text = text: null

2023-10-06 09:56:20 - [TEST_STEP][PASSED] - arrProdukNameOri[i] = text: null

2023-10-06 09:56:20 - [TEST_STEP][PASSED] - arrProdukNameSort[i] = text: null

2023-10-06 09:56:20 - [TEST_STEP][PASSED] - text = text: null

2023-10-06 09:56:20 - [TEST_STEP][PASSED] - arrProdukNameOri[i] = text: null

2023-10-06 09:56:20 - [TEST_STEP][PASSED] - arrProdukNameSort[i] = text: null

2023-10-06 09:56:20 - [TEST_STEP][PASSED] - text = text: null

2023-10-06 09:56:20 - [TEST_STEP][PASSED] - arrProdukNameOri[i] = text: null

2023-10-06 09:56:20 - [TEST_STEP][PASSED] - arrProdukNameSort[i] = text: null

2023-10-06 09:56:20 - [TEST_STEP][PASSED] - text = text: null

2023-10-06 09:56:20 - [TEST_STEP][PASSED] - arrProdukNameOri[i] = text: null

2023-10-06 09:56:20 - [TEST_STEP][PASSED] - arrProdukNameSort[i] = text: null

2023-10-06 09:56:20 - [TEST_STEP][PASSED] - text = text: null

2023-10-06 09:56:20 - [TEST_STEP][PASSED] - arrProdukNameOri[i] = text: null

2023-10-06 09:56:20 - [TEST_STEP][PASSED] - arrProdukNameSort[i] = text: null

2023-10-06 09:56:20 - [TEST_STEP][PASSED] - text = text: null

2023-10-06 09:56:20 - [TEST_STEP][PASSED] - arrProdukNameOri[i] = text: null

2023-10-06 09:56:20 - [TEST_STEP][PASSED] - arrProdukNameSort[i] = text: null

2023-10-06 09:56:20 - [TEST_STEP][PASSED] - Arrays.sort(arrProdukNameSort): null

2023-10-06 09:56:20 - [TEST_STEP][PASSED] - println(arrProdukNameOri): null

2023-10-06 09:56:20 - [TEST_STEP][PASSED] - println(arrProdukNameSort): null

2023-10-06 09:56:20 - [TEST_STEP][PASSED] - assert arrProdukNameOri == arrProdukNameSort: null

2023-10-06 09:56:20 - [MESSAGE][PASSED] - Call Test Case 'Test Cases/Product Admin/TC-PA-005' successfully

2023-10-06 09:56:20 - [TEST_STEP][PASSED] - click(findTestObject("Product Admin/Button Sort Nama Produk")): Object: 'Object Repository/Product Admin/Button Sort Nama Produk' is clicked on

2023-10-06 09:56:20 - [MESSAGE][PASSED] - Object: 'Object Repository/Product Admin/Button Sort Nama Produk' is clicked on

2023-10-06 09:56:20 - [TEST_STEP][PASSED] - dataList = findWebElements(findTestObject("Object Repository/Product Admin/Data Nama Produk"), 10): null

2023-10-06 09:56:21 - [TEST_STEP][PASSED] - arrProdukNameOri = []: null

2023-10-06 09:56:21 - [TEST_STEP][PASSED] - arrProdukNameSort = []: null

2023-10-06 09:56:21 - [TEST_STEP][PASSED] - for ([i = 0, i < dataList.size(), (i++)]): null

2023-10-06 09:56:21 - [TEST_STEP][PASSED] - text = text: null

2023-10-06 09:56:21 - [TEST_STEP][PASSED] - arrProdukNameOri[i] = text: null

2023-10-06 09:56:21 - [TEST_STEP][PASSED] - arrProdukNameSort[i] = text: null

2023-10-06 09:56:21 - [TEST_STEP][PASSED] - text = text: null

2023-10-06 09:56:21 - [TEST_STEP][PASSED] - arrProdukNameOri[i] = text: null

2023-10-06 09:56:21 - [TEST_STEP][PASSED] - arrProdukNameSort[i] = text: null

2023-10-06 09:56:21 - [TEST_STEP][PASSED] - text = text: null

2023-10-06 09:56:21 - [TEST_STEP][PASSED] - arrProdukNameOri[i] = text: null

2023-10-06 09:56:21 - [TEST_STEP][PASSED] - arrProdukNameSort[i] = text: null

2023-10-06 09:56:21 - [TEST_STEP][PASSED] - text = text: null

2023-10-06 09:56:21 - [TEST_STEP][PASSED] - arrProdukNameOri[i] = text: null

2023-10-06 09:56:21 - [TEST_STEP][PASSED] - arrProdukNameSort[i] = text: null

2023-10-06 09:56:21 - [TEST_STEP][PASSED] - text = text: null

2023-10-06 09:56:21 - [TEST_STEP][PASSED] - arrProdukNameOri[i] = text: null

2023-10-06 09:56:21 - [TEST_STEP][PASSED] - arrProdukNameSort[i] = text: null

2023-10-06 09:56:21 - [TEST_STEP][PASSED] - text = text: null

2023-10-06 09:56:21 - [TEST_STEP][PASSED] - arrProdukNameOri[i] = text: null

2023-10-06 09:56:21 - [TEST_STEP][PASSED] - arrProdukNameSort[i] = text: null

2023-10-06 09:56:21 - [TEST_STEP][PASSED] - text = text: null

2023-10-06 09:56:21 - [TEST_STEP][PASSED] - arrProdukNameOri[i] = text: null

2023-10-06 09:56:21 - [TEST_STEP][PASSED] - arrProdukNameSort[i] = text: null

2023-10-06 09:56:21 - [TEST_STEP][PASSED] - text = text: null

2023-10-06 09:56:21 - [TEST_STEP][PASSED] - arrProdukNameOri[i] = text: null

2023-10-06 09:56:21 - [TEST_STEP][PASSED] - arrProdukNameSort[i] = text: null

2023-10-06 09:56:21 - [TEST_STEP][PASSED] - text = text: null

2023-10-06 09:56:21 - [TEST_STEP][PASSED] - arrProdukNameOri[i] = text: null

2023-10-06 09:56:21 - [TEST_STEP][PASSED] - arrProdukNameSort[i] = text: null

2023-10-06 09:56:21 - [TEST_STEP][PASSED] - text = text: null

2023-10-06 09:56:21 - [TEST_STEP][PASSED] - arrProdukNameOri[i] = text: null

2023-10-06 09:56:21 - [TEST_STEP][PASSED] - arrProdukNameSort[i] = text: null

2023-10-06 09:56:21 - [TEST_STEP][PASSED] - Arrays.sort(arrProdukNameSort, Collections.reverseOrder()): null

2023-10-06 09:56:21 - [TEST_STEP][PASSED] - println(arrProdukNameOri): null

2023-10-06 09:56:21 - [TEST_STEP][PASSED] - println(arrProdukNameSort): null

2023-10-06 09:56:21 - [TEST_STEP][FAILED] - assert arrProdukNameOri == arrProdukNameSort: Test Cases/Product Admin/TC-PA-006 FAILED.
Reason:
Assertion failed: 

assert arrProdukNameOri == arrProdukNameSort
       |                |  |
       |                |  [weww, uji produk 03, Ultrabook Hackintosh Acer - I5 Haswell - 8 Gb - SSD, Uji Produk 0022, Terbaru Baju Koko Kids, Terbaru Baju Koko Kids, Super Segiempat Rebya - RYB6.7 Pink Clover, Sepatu kets, Segitiga Instan Madeira - MDB5.3 Sunset, Segitiga Instan Madeira - MDB5.2 Ocean]
       |                false
       [weww, Ultrabook Hackintosh Acer - I5 Haswell - 8 Gb - SSD, uji produk 03, Uji Produk 0022, Terbaru Baju Koko Kids, Terbaru Baju Koko Kids, Super Segiempat Rebya - RYB6.7 Pink Clover, Sepatu kets, Segitiga Instan Madeira - MDB5.3 Sunset, Segitiga Instan Madeira - MDB5.2 Ocean]

	at TC-PA-006.run(TC-PA-006:45)
	at com.kms.katalon.core.main.ScriptEngine.run(ScriptEngine.java:194)
	at com.kms.katalon.core.main.ScriptEngine.runScriptAsRawText(ScriptEngine.java:119)
	at com.kms.katalon.core.main.TestCaseExecutor.runScript(TestCaseExecutor.java:448)
	at com.kms.katalon.core.main.TestCaseExecutor.doExecute(TestCaseExecutor.java:439)
	at com.kms.katalon.core.main.TestCaseExecutor.processExecutionPhase(TestCaseExecutor.java:418)
	at com.kms.katalon.core.main.TestCaseExecutor.accessMainPhase(TestCaseExecutor.java:410)
	at com.kms.katalon.core.main.TestCaseExecutor.execute(TestCaseExecutor.java:285)
	at com.kms.katalon.core.common.CommonExecutor.accessTestCaseMainPhase(CommonExecutor.java:65)
	at com.kms.katalon.core.main.TestSuiteExecutor.accessTestSuiteMainPhase(TestSuiteExecutor.java:148)
	at com.kms.katalon.core.main.TestSuiteExecutor.execute(TestSuiteExecutor.java:106)
	at com.kms.katalon.core.main.TestCaseMain.startTestSuite(TestCaseMain.java:187)
	at com.kms.katalon.core.main.TestCaseMain$startTestSuite$0.call(Unknown Source)
	at TempTestSuite1696560832015.run(TempTestSuite1696560832015.groovy:36)


2023-10-06 09:56:21 - [MESSAGE][FAILED] - Test Cases/Product Admin/TC-PA-006 FAILED.
Reason:
Assertion failed: 

assert arrProdukNameOri == arrProdukNameSort
       |                |  |
       |                |  [weww, uji produk 03, Ultrabook Hackintosh Acer - I5 Haswell - 8 Gb - SSD, Uji Produk 0022, Terbaru Baju Koko Kids, Terbaru Baju Koko Kids, Super Segiempat Rebya - RYB6.7 Pink Clover, Sepatu kets, Segitiga Instan Madeira - MDB5.3 Sunset, Segitiga Instan Madeira - MDB5.2 Ocean]
       |                false
       [weww, Ultrabook Hackintosh Acer - I5 Haswell - 8 Gb - SSD, uji produk 03, Uji Produk 0022, Terbaru Baju Koko Kids, Terbaru Baju Koko Kids, Super Segiempat Rebya - RYB6.7 Pink Clover, Sepatu kets, Segitiga Instan Madeira - MDB5.3 Sunset, Segitiga Instan Madeira - MDB5.2 Ocean]

	at TC-PA-006.run(TC-PA-006:45)
	at com.kms.katalon.core.main.ScriptEngine.run(ScriptEngine.java:194)
	at com.kms.katalon.core.main.ScriptEngine.runScriptAsRawText(ScriptEngine.java:119)
	at com.kms.katalon.core.main.TestCaseExecutor.runScript(TestCaseExecutor.java:448)
	at com.kms.katalon.core.main.TestCaseExecutor.doExecute(TestCaseExecutor.java:439)
	at com.kms.katalon.core.main.TestCaseExecutor.processExecutionPhase(TestCaseExecutor.java:418)
	at com.kms.katalon.core.main.TestCaseExecutor.accessMainPhase(TestCaseExecutor.java:410)
	at com.kms.katalon.core.main.TestCaseExecutor.execute(TestCaseExecutor.java:285)
	at com.kms.katalon.core.common.CommonExecutor.accessTestCaseMainPhase(CommonExecutor.java:65)
	at com.kms.katalon.core.main.TestSuiteExecutor.accessTestSuiteMainPhase(TestSuiteExecutor.java:148)
	at com.kms.katalon.core.main.TestSuiteExecutor.execute(TestSuiteExecutor.java:106)
	at com.kms.katalon.core.main.TestCaseMain.startTestSuite(TestCaseMain.java:187)
	at com.kms.katalon.core.main.TestCaseMain$startTestSuite$0.call(Unknown Source)
	at TempTestSuite1696560832015.run(TempTestSuite1696560832015.groovy:36)]]></system-out>
         <system-err><![CDATA[2023-10-06 09:55:57 - [TEST_CASE][FAILED] - Test Cases/Product Admin/TC-PA-006: Test Cases/Product Admin/TC-PA-006 FAILED.
Reason:
Assertion failed: 

assert arrProdukNameOri == arrProdukNameSort
       |                |  |
       |                |  [weww, uji produk 03, Ultrabook Hackintosh Acer - I5 Haswell - 8 Gb - SSD, Uji Produk 0022, Terbaru Baju Koko Kids, Terbaru Baju Koko Kids, Super Segiempat Rebya - RYB6.7 Pink Clover, Sepatu kets, Segitiga Instan Madeira - MDB5.3 Sunset, Segitiga Instan Madeira - MDB5.2 Ocean]
       |                false
       [weww, Ultrabook Hackintosh Acer - I5 Haswell - 8 Gb - SSD, uji produk 03, Uji Produk 0022, Terbaru Baju Koko Kids, Terbaru Baju Koko Kids, Super Segiempat Rebya - RYB6.7 Pink Clover, Sepatu kets, Segitiga Instan Madeira - MDB5.3 Sunset, Segitiga Instan Madeira - MDB5.2 Ocean]

	at TC-PA-006.run(TC-PA-006:45)
	at com.kms.katalon.core.main.ScriptEngine.run(ScriptEngine.java:194)
	at com.kms.katalon.core.main.ScriptEngine.runScriptAsRawText(ScriptEngine.java:119)
	at com.kms.katalon.core.main.TestCaseExecutor.runScript(TestCaseExecutor.java:448)
	at com.kms.katalon.core.main.TestCaseExecutor.doExecute(TestCaseExecutor.java:439)
	at com.kms.katalon.core.main.TestCaseExecutor.processExecutionPhase(TestCaseExecutor.java:418)
	at com.kms.katalon.core.main.TestCaseExecutor.accessMainPhase(TestCaseExecutor.java:410)
	at com.kms.katalon.core.main.TestCaseExecutor.execute(TestCaseExecutor.java:285)
	at com.kms.katalon.core.common.CommonExecutor.accessTestCaseMainPhase(CommonExecutor.java:65)
	at com.kms.katalon.core.main.TestSuiteExecutor.accessTestSuiteMainPhase(TestSuiteExecutor.java:148)
	at com.kms.katalon.core.main.TestSuiteExecutor.execute(TestSuiteExecutor.java:106)
	at com.kms.katalon.core.main.TestCaseMain.startTestSuite(TestCaseMain.java:187)
	at com.kms.katalon.core.main.TestCaseMain$startTestSuite$0.call(Unknown Source)
	at TempTestSuite1696560832015.run(TempTestSuite1696560832015.groovy:36)]]></system-err>
      </testcase>
      <testcase name="Test Cases/Product Admin/TC-PA-007" time="22.863" classname="Test Cases/Product Admin/TC-PA-007" status="PASSED">
         <system-out><![CDATA[2023-10-06 09:56:21 - [TEST_CASE][PASSED] - Test Cases/Product Admin/TC-PA-007: Test Cases/Product Admin/TC-PA-007

2023-10-06 09:56:21 - [TEST_STEP][PASSED] - callTestCase(findTestCase("Product Admin/TC-PA-001"), [:], STOP_ON_FAILURE): Call Test Case 'Test Cases/Product Admin/TC-PA-001' successfully

2023-10-06 09:56:21 - [TEST_CASE][PASSED] - Test Cases/Product Admin/TC-PA-001: Test Cases/Product Admin/TC-PA-001

2023-10-06 09:56:21 - [TEST_STEP][PASSED] - callTestCase(findTestCase("Login Admin/TC-Login Admin-001"), [:], STOP_ON_FAILURE): Call Test Case 'Test Cases/Login Admin/TC-Login Admin-001' successfully

2023-10-06 09:56:21 - [TEST_CASE][PASSED] - Test Cases/Login Admin/TC-Login Admin-001: Test Cases/Login Admin/TC-Login Admin-001

2023-10-06 09:56:21 - [TEST_STEP][PASSED] - openBrowser(adminTajalapak): Browser is opened with url: 'https://10.9.2.63/ecommerce/administrator'

2023-10-06 09:56:21 - [MESSAGE][WARNING] - A browser is already opened. Closing browser and opening a new one

2023-10-06 09:56:22 - [MESSAGE][INFO] - Starting 'Edge Chromium' driver

2023-10-06 09:56:22 - [MESSAGE][INFO] - User set preference: ['acceptInsecureCerts', 'true']

2023-10-06 09:56:24 - [MESSAGE][INFO] - Action delay is set to 0 milliseconds

2023-10-06 09:56:27 - [MESSAGE][PASSED] - Browser is opened with url: 'https://10.9.2.63/ecommerce/administrator'

2023-10-06 09:56:27 - [TEST_STEP][PASSED] - maximizeWindow(): Current window maximized

2023-10-06 09:56:27 - [MESSAGE][PASSED] - Current window maximized

2023-10-06 09:56:27 - [TEST_STEP][PASSED] - verifyElementPresent(findTestObject("Login Admin/Verifikasi Halaman Administrator"), 0): Object 'Object Repository/Login Admin/Verifikasi Halaman Administrator' is present

2023-10-06 09:56:27 - [MESSAGE][WARNING] - Timeout '0' is invalid. Using default page load timeout: '30'

2023-10-06 09:56:27 - [MESSAGE][PASSED] - Object 'Object Repository/Login Admin/Verifikasi Halaman Administrator' is present

2023-10-06 09:56:27 - [TEST_STEP][PASSED] - setText(findTestObject("Login Admin/Input Username Admin"), "admin"): Text 'admin' is set on object 'Object Repository/Login Admin/Input Username Admin'

2023-10-06 09:56:28 - [MESSAGE][PASSED] - Text 'admin' is set on object 'Object Repository/Login Admin/Input Username Admin'

2023-10-06 09:56:28 - [TEST_STEP][PASSED] - setEncryptedText(findTestObject("Login Admin/Input Password Admin"), "374mkdZ/lqyNS21oH+MJZQ=="): Text ****** has been set on object 'Object Repository/Login Admin/Input Password Admin'

2023-10-06 09:56:28 - [MESSAGE][PASSED] - Text ****** has been set on object 'Object Repository/Login Admin/Input Password Admin'

2023-10-06 09:56:28 - [TEST_STEP][PASSED] - delay(10): Delayed 10 second(s)

2023-10-06 09:56:38 - [MESSAGE][PASSED] - Delayed 10 second(s)

2023-10-06 09:56:38 - [TEST_STEP][PASSED] - click(findTestObject("Login Admin/Botton Sign In")): Object: 'Object Repository/Login Admin/Botton Sign In' is clicked on

2023-10-06 09:56:40 - [MESSAGE][PASSED] - Object: 'Object Repository/Login Admin/Botton Sign In' is clicked on

2023-10-06 09:56:40 - [TEST_STEP][PASSED] - verifyElementPresent(findTestObject("Login Admin/Verifikasi Halaman Login Admin"), 0): Object 'Object Repository/Login Admin/Verifikasi Halaman Login Admin' is present

2023-10-06 09:56:40 - [MESSAGE][WARNING] - Timeout '0' is invalid. Using default page load timeout: '30'

2023-10-06 09:56:41 - [MESSAGE][PASSED] - Object 'Object Repository/Login Admin/Verifikasi Halaman Login Admin' is present

2023-10-06 09:56:41 - [MESSAGE][PASSED] - Call Test Case 'Test Cases/Login Admin/TC-Login Admin-001' successfully

2023-10-06 09:56:41 - [TEST_STEP][PASSED] - click(findTestObject("Product Admin/Master Market")): Object: 'Object Repository/Product Admin/Master Market' is clicked on

2023-10-06 09:56:41 - [MESSAGE][PASSED] - Object: 'Object Repository/Product Admin/Master Market' is clicked on

2023-10-06 09:56:41 - [TEST_STEP][PASSED] - click(findTestObject("Product Admin/Produk Admin")): Object: 'Object Repository/Product Admin/Produk Admin' is clicked on

2023-10-06 09:56:42 - [MESSAGE][PASSED] - Object: 'Object Repository/Product Admin/Produk Admin' is clicked on

2023-10-06 09:56:42 - [TEST_STEP][PASSED] - verifyElementPresent(findTestObject("Product Admin/Veridikasi Halaman Semua Produk"), 0): Object 'Object Repository/Product Admin/Veridikasi Halaman Semua Produk' is present

2023-10-06 09:56:42 - [MESSAGE][WARNING] - Timeout '0' is invalid. Using default page load timeout: '30'

2023-10-06 09:56:43 - [MESSAGE][PASSED] - Object 'Object Repository/Product Admin/Veridikasi Halaman Semua Produk' is present

2023-10-06 09:56:43 - [MESSAGE][PASSED] - Call Test Case 'Test Cases/Product Admin/TC-PA-001' successfully

2023-10-06 09:56:43 - [TEST_STEP][PASSED] - click(findTestObject("Product Admin/Button Sort Modal")): Object: 'Object Repository/Product Admin/Button Sort Modal' is clicked on

2023-10-06 09:56:43 - [MESSAGE][PASSED] - Object: 'Object Repository/Product Admin/Button Sort Modal' is clicked on

2023-10-06 09:56:43 - [TEST_STEP][PASSED] - dataList = findWebElements(findTestObject("Object Repository/Product Admin/Data Harga Modal"), 10): null

2023-10-06 09:56:43 - [TEST_STEP][PASSED] - arrProdukNameOri = []: null

2023-10-06 09:56:43 - [TEST_STEP][PASSED] - arrProdukNameSort = []: null

2023-10-06 09:56:43 - [TEST_STEP][PASSED] - for ([i = 0, i < dataList.size(), (i++)]): null

2023-10-06 09:56:43 - [TEST_STEP][PASSED] - text = text: null

2023-10-06 09:56:43 - [TEST_STEP][PASSED] - arrProdukNameOri[i] = Integer.parseInt(text.replace(",", "")): null

2023-10-06 09:56:43 - [TEST_STEP][PASSED] - arrProdukNameSort[i] = Integer.parseInt(text.replace(",", "")): null

2023-10-06 09:56:43 - [TEST_STEP][PASSED] - text = text: null

2023-10-06 09:56:43 - [TEST_STEP][PASSED] - arrProdukNameOri[i] = Integer.parseInt(text.replace(",", "")): null

2023-10-06 09:56:43 - [TEST_STEP][PASSED] - arrProdukNameSort[i] = Integer.parseInt(text.replace(",", "")): null

2023-10-06 09:56:43 - [TEST_STEP][PASSED] - text = text: null

2023-10-06 09:56:43 - [TEST_STEP][PASSED] - arrProdukNameOri[i] = Integer.parseInt(text.replace(",", "")): null

2023-10-06 09:56:43 - [TEST_STEP][PASSED] - arrProdukNameSort[i] = Integer.parseInt(text.replace(",", "")): null

2023-10-06 09:56:43 - [TEST_STEP][PASSED] - text = text: null

2023-10-06 09:56:43 - [TEST_STEP][PASSED] - arrProdukNameOri[i] = Integer.parseInt(text.replace(",", "")): null

2023-10-06 09:56:43 - [TEST_STEP][PASSED] - arrProdukNameSort[i] = Integer.parseInt(text.replace(",", "")): null

2023-10-06 09:56:43 - [TEST_STEP][PASSED] - text = text: null

2023-10-06 09:56:43 - [TEST_STEP][PASSED] - arrProdukNameOri[i] = Integer.parseInt(text.replace(",", "")): null

2023-10-06 09:56:43 - [TEST_STEP][PASSED] - arrProdukNameSort[i] = Integer.parseInt(text.replace(",", "")): null

2023-10-06 09:56:43 - [TEST_STEP][PASSED] - text = text: null

2023-10-06 09:56:43 - [TEST_STEP][PASSED] - arrProdukNameOri[i] = Integer.parseInt(text.replace(",", "")): null

2023-10-06 09:56:43 - [TEST_STEP][PASSED] - arrProdukNameSort[i] = Integer.parseInt(text.replace(",", "")): null

2023-10-06 09:56:43 - [TEST_STEP][PASSED] - text = text: null

2023-10-06 09:56:43 - [TEST_STEP][PASSED] - arrProdukNameOri[i] = Integer.parseInt(text.replace(",", "")): null

2023-10-06 09:56:43 - [TEST_STEP][PASSED] - arrProdukNameSort[i] = Integer.parseInt(text.replace(",", "")): null

2023-10-06 09:56:43 - [TEST_STEP][PASSED] - text = text: null

2023-10-06 09:56:44 - [TEST_STEP][PASSED] - arrProdukNameOri[i] = Integer.parseInt(text.replace(",", "")): null

2023-10-06 09:56:44 - [TEST_STEP][PASSED] - arrProdukNameSort[i] = Integer.parseInt(text.replace(",", "")): null

2023-10-06 09:56:44 - [TEST_STEP][PASSED] - text = text: null

2023-10-06 09:56:44 - [TEST_STEP][PASSED] - arrProdukNameOri[i] = Integer.parseInt(text.replace(",", "")): null

2023-10-06 09:56:44 - [TEST_STEP][PASSED] - arrProdukNameSort[i] = Integer.parseInt(text.replace(",", "")): null

2023-10-06 09:56:44 - [TEST_STEP][PASSED] - text = text: null

2023-10-06 09:56:44 - [TEST_STEP][PASSED] - arrProdukNameOri[i] = Integer.parseInt(text.replace(",", "")): null

2023-10-06 09:56:44 - [TEST_STEP][PASSED] - arrProdukNameSort[i] = Integer.parseInt(text.replace(",", "")): null

2023-10-06 09:56:44 - [TEST_STEP][PASSED] - Arrays.sort(arrProdukNameSort): null

2023-10-06 09:56:44 - [TEST_STEP][PASSED] - println(arrProdukNameOri): null

2023-10-06 09:56:44 - [TEST_STEP][PASSED] - println(arrProdukNameSort): null

2023-10-06 09:56:44 - [TEST_STEP][PASSED] - assert arrProdukNameOri == arrProdukNameSort: null]]></system-out>
         <system-err><![CDATA[]]></system-err>
      </testcase>
      <testcase name="Test Cases/Product Admin/TC-PA-008" time="23.977" classname="Test Cases/Product Admin/TC-PA-008" status="PASSED">
         <system-out><![CDATA[2023-10-06 09:56:44 - [TEST_CASE][PASSED] - Test Cases/Product Admin/TC-PA-008: Test Cases/Product Admin/TC-PA-008

2023-10-06 09:56:44 - [TEST_STEP][PASSED] - callTestCase(findTestCase("Product Admin/TC-PA-007"), [:], STOP_ON_FAILURE): Call Test Case 'Test Cases/Product Admin/TC-PA-007' successfully

2023-10-06 09:56:44 - [TEST_CASE][PASSED] - Test Cases/Product Admin/TC-PA-007: Test Cases/Product Admin/TC-PA-007

2023-10-06 09:56:44 - [TEST_STEP][PASSED] - callTestCase(findTestCase("Product Admin/TC-PA-001"), [:], STOP_ON_FAILURE): Call Test Case 'Test Cases/Product Admin/TC-PA-001' successfully

2023-10-06 09:56:44 - [TEST_CASE][PASSED] - Test Cases/Product Admin/TC-PA-001: Test Cases/Product Admin/TC-PA-001

2023-10-06 09:56:44 - [TEST_STEP][PASSED] - callTestCase(findTestCase("Login Admin/TC-Login Admin-001"), [:], STOP_ON_FAILURE): Call Test Case 'Test Cases/Login Admin/TC-Login Admin-001' successfully

2023-10-06 09:56:44 - [TEST_CASE][PASSED] - Test Cases/Login Admin/TC-Login Admin-001: Test Cases/Login Admin/TC-Login Admin-001

2023-10-06 09:56:44 - [TEST_STEP][PASSED] - openBrowser(adminTajalapak): Browser is opened with url: 'https://10.9.2.63/ecommerce/administrator'

2023-10-06 09:56:44 - [MESSAGE][WARNING] - A browser is already opened. Closing browser and opening a new one

2023-10-06 09:56:45 - [MESSAGE][INFO] - Starting 'Edge Chromium' driver

2023-10-06 09:56:45 - [MESSAGE][INFO] - User set preference: ['acceptInsecureCerts', 'true']

2023-10-06 09:56:47 - [MESSAGE][INFO] - Action delay is set to 0 milliseconds

2023-10-06 09:56:49 - [MESSAGE][PASSED] - Browser is opened with url: 'https://10.9.2.63/ecommerce/administrator'

2023-10-06 09:56:49 - [TEST_STEP][PASSED] - maximizeWindow(): Current window maximized

2023-10-06 09:56:49 - [MESSAGE][PASSED] - Current window maximized

2023-10-06 09:56:49 - [TEST_STEP][PASSED] - verifyElementPresent(findTestObject("Login Admin/Verifikasi Halaman Administrator"), 0): Object 'Object Repository/Login Admin/Verifikasi Halaman Administrator' is present

2023-10-06 09:56:49 - [MESSAGE][WARNING] - Timeout '0' is invalid. Using default page load timeout: '30'

2023-10-06 09:56:50 - [MESSAGE][PASSED] - Object 'Object Repository/Login Admin/Verifikasi Halaman Administrator' is present

2023-10-06 09:56:50 - [TEST_STEP][PASSED] - setText(findTestObject("Login Admin/Input Username Admin"), "admin"): Text 'admin' is set on object 'Object Repository/Login Admin/Input Username Admin'

2023-10-06 09:56:51 - [MESSAGE][PASSED] - Text 'admin' is set on object 'Object Repository/Login Admin/Input Username Admin'

2023-10-06 09:56:51 - [TEST_STEP][PASSED] - setEncryptedText(findTestObject("Login Admin/Input Password Admin"), "374mkdZ/lqyNS21oH+MJZQ=="): Text ****** has been set on object 'Object Repository/Login Admin/Input Password Admin'

2023-10-06 09:56:51 - [MESSAGE][PASSED] - Text ****** has been set on object 'Object Repository/Login Admin/Input Password Admin'

2023-10-06 09:56:51 - [TEST_STEP][PASSED] - delay(10): Delayed 10 second(s)

2023-10-06 09:57:01 - [MESSAGE][PASSED] - Delayed 10 second(s)

2023-10-06 09:57:01 - [TEST_STEP][PASSED] - click(findTestObject("Login Admin/Botton Sign In")): Object: 'Object Repository/Login Admin/Botton Sign In' is clicked on

2023-10-06 09:57:03 - [MESSAGE][PASSED] - Object: 'Object Repository/Login Admin/Botton Sign In' is clicked on

2023-10-06 09:57:03 - [TEST_STEP][PASSED] - verifyElementPresent(findTestObject("Login Admin/Verifikasi Halaman Login Admin"), 0): Object 'Object Repository/Login Admin/Verifikasi Halaman Login Admin' is present

2023-10-06 09:57:03 - [MESSAGE][WARNING] - Timeout '0' is invalid. Using default page load timeout: '30'

2023-10-06 09:57:03 - [MESSAGE][PASSED] - Object 'Object Repository/Login Admin/Verifikasi Halaman Login Admin' is present

2023-10-06 09:57:03 - [MESSAGE][PASSED] - Call Test Case 'Test Cases/Login Admin/TC-Login Admin-001' successfully

2023-10-06 09:57:03 - [TEST_STEP][PASSED] - click(findTestObject("Product Admin/Master Market")): Object: 'Object Repository/Product Admin/Master Market' is clicked on

2023-10-06 09:57:04 - [MESSAGE][PASSED] - Object: 'Object Repository/Product Admin/Master Market' is clicked on

2023-10-06 09:57:04 - [TEST_STEP][PASSED] - click(findTestObject("Product Admin/Produk Admin")): Object: 'Object Repository/Product Admin/Produk Admin' is clicked on

2023-10-06 09:57:05 - [MESSAGE][PASSED] - Object: 'Object Repository/Product Admin/Produk Admin' is clicked on

2023-10-06 09:57:05 - [TEST_STEP][PASSED] - verifyElementPresent(findTestObject("Product Admin/Veridikasi Halaman Semua Produk"), 0): Object 'Object Repository/Product Admin/Veridikasi Halaman Semua Produk' is present

2023-10-06 09:57:05 - [MESSAGE][WARNING] - Timeout '0' is invalid. Using default page load timeout: '30'

2023-10-06 09:57:06 - [MESSAGE][PASSED] - Object 'Object Repository/Product Admin/Veridikasi Halaman Semua Produk' is present

2023-10-06 09:57:06 - [MESSAGE][PASSED] - Call Test Case 'Test Cases/Product Admin/TC-PA-001' successfully

2023-10-06 09:57:06 - [TEST_STEP][PASSED] - click(findTestObject("Product Admin/Button Sort Modal")): Object: 'Object Repository/Product Admin/Button Sort Modal' is clicked on

2023-10-06 09:57:06 - [MESSAGE][PASSED] - Object: 'Object Repository/Product Admin/Button Sort Modal' is clicked on

2023-10-06 09:57:06 - [TEST_STEP][PASSED] - dataList = findWebElements(findTestObject("Object Repository/Product Admin/Data Harga Modal"), 10): null

2023-10-06 09:57:06 - [TEST_STEP][PASSED] - arrProdukNameOri = []: null

2023-10-06 09:57:06 - [TEST_STEP][PASSED] - arrProdukNameSort = []: null

2023-10-06 09:57:06 - [TEST_STEP][PASSED] - for ([i = 0, i < dataList.size(), (i++)]): null

2023-10-06 09:57:06 - [TEST_STEP][PASSED] - text = text: null

2023-10-06 09:57:06 - [TEST_STEP][PASSED] - arrProdukNameOri[i] = Integer.parseInt(text.replace(",", "")): null

2023-10-06 09:57:06 - [TEST_STEP][PASSED] - arrProdukNameSort[i] = Integer.parseInt(text.replace(",", "")): null

2023-10-06 09:57:06 - [TEST_STEP][PASSED] - text = text: null

2023-10-06 09:57:06 - [TEST_STEP][PASSED] - arrProdukNameOri[i] = Integer.parseInt(text.replace(",", "")): null

2023-10-06 09:57:06 - [TEST_STEP][PASSED] - arrProdukNameSort[i] = Integer.parseInt(text.replace(",", "")): null

2023-10-06 09:57:06 - [TEST_STEP][PASSED] - text = text: null

2023-10-06 09:57:06 - [TEST_STEP][PASSED] - arrProdukNameOri[i] = Integer.parseInt(text.replace(",", "")): null

2023-10-06 09:57:06 - [TEST_STEP][PASSED] - arrProdukNameSort[i] = Integer.parseInt(text.replace(",", "")): null

2023-10-06 09:57:06 - [TEST_STEP][PASSED] - text = text: null

2023-10-06 09:57:06 - [TEST_STEP][PASSED] - arrProdukNameOri[i] = Integer.parseInt(text.replace(",", "")): null

2023-10-06 09:57:06 - [TEST_STEP][PASSED] - arrProdukNameSort[i] = Integer.parseInt(text.replace(",", "")): null

2023-10-06 09:57:06 - [TEST_STEP][PASSED] - text = text: null

2023-10-06 09:57:06 - [TEST_STEP][PASSED] - arrProdukNameOri[i] = Integer.parseInt(text.replace(",", "")): null

2023-10-06 09:57:06 - [TEST_STEP][PASSED] - arrProdukNameSort[i] = Integer.parseInt(text.replace(",", "")): null

2023-10-06 09:57:06 - [TEST_STEP][PASSED] - text = text: null

2023-10-06 09:57:06 - [TEST_STEP][PASSED] - arrProdukNameOri[i] = Integer.parseInt(text.replace(",", "")): null

2023-10-06 09:57:06 - [TEST_STEP][PASSED] - arrProdukNameSort[i] = Integer.parseInt(text.replace(",", "")): null

2023-10-06 09:57:06 - [TEST_STEP][PASSED] - text = text: null

2023-10-06 09:57:06 - [TEST_STEP][PASSED] - arrProdukNameOri[i] = Integer.parseInt(text.replace(",", "")): null

2023-10-06 09:57:06 - [TEST_STEP][PASSED] - arrProdukNameSort[i] = Integer.parseInt(text.replace(",", "")): null

2023-10-06 09:57:06 - [TEST_STEP][PASSED] - text = text: null

2023-10-06 09:57:06 - [TEST_STEP][PASSED] - arrProdukNameOri[i] = Integer.parseInt(text.replace(",", "")): null

2023-10-06 09:57:06 - [TEST_STEP][PASSED] - arrProdukNameSort[i] = Integer.parseInt(text.replace(",", "")): null

2023-10-06 09:57:06 - [TEST_STEP][PASSED] - text = text: null

2023-10-06 09:57:06 - [TEST_STEP][PASSED] - arrProdukNameOri[i] = Integer.parseInt(text.replace(",", "")): null

2023-10-06 09:57:06 - [TEST_STEP][PASSED] - arrProdukNameSort[i] = Integer.parseInt(text.replace(",", "")): null

2023-10-06 09:57:06 - [TEST_STEP][PASSED] - text = text: null

2023-10-06 09:57:07 - [TEST_STEP][PASSED] - arrProdukNameOri[i] = Integer.parseInt(text.replace(",", "")): null

2023-10-06 09:57:07 - [TEST_STEP][PASSED] - arrProdukNameSort[i] = Integer.parseInt(text.replace(",", "")): null

2023-10-06 09:57:07 - [TEST_STEP][PASSED] - Arrays.sort(arrProdukNameSort): null

2023-10-06 09:57:07 - [TEST_STEP][PASSED] - println(arrProdukNameOri): null

2023-10-06 09:57:07 - [TEST_STEP][PASSED] - println(arrProdukNameSort): null

2023-10-06 09:57:07 - [TEST_STEP][PASSED] - assert arrProdukNameOri == arrProdukNameSort: null

2023-10-06 09:57:07 - [MESSAGE][PASSED] - Call Test Case 'Test Cases/Product Admin/TC-PA-007' successfully

2023-10-06 09:57:07 - [TEST_STEP][PASSED] - click(findTestObject("Product Admin/Button Sort Modal")): Object: 'Object Repository/Product Admin/Button Sort Modal' is clicked on

2023-10-06 09:57:07 - [MESSAGE][PASSED] - Object: 'Object Repository/Product Admin/Button Sort Modal' is clicked on

2023-10-06 09:57:07 - [TEST_STEP][PASSED] - dataList = findWebElements(findTestObject("Object Repository/Product Admin/Data Harga Modal"), 10): null

2023-10-06 09:57:07 - [TEST_STEP][PASSED] - arrProdukNameOri = []: null

2023-10-06 09:57:07 - [TEST_STEP][PASSED] - arrProdukNameSort = []: null

2023-10-06 09:57:07 - [TEST_STEP][PASSED] - for ([i = 0, i < dataList.size(), (i++)]): null

2023-10-06 09:57:07 - [TEST_STEP][PASSED] - text = text: null

2023-10-06 09:57:07 - [TEST_STEP][PASSED] - arrProdukNameOri[i] = Integer.parseInt(text.replace(",", "")): null

2023-10-06 09:57:07 - [TEST_STEP][PASSED] - arrProdukNameSort[i] = Integer.parseInt(text.replace(",", "")): null

2023-10-06 09:57:07 - [TEST_STEP][PASSED] - text = text: null

2023-10-06 09:57:07 - [TEST_STEP][PASSED] - arrProdukNameOri[i] = Integer.parseInt(text.replace(",", "")): null

2023-10-06 09:57:07 - [TEST_STEP][PASSED] - arrProdukNameSort[i] = Integer.parseInt(text.replace(",", "")): null

2023-10-06 09:57:07 - [TEST_STEP][PASSED] - text = text: null

2023-10-06 09:57:07 - [TEST_STEP][PASSED] - arrProdukNameOri[i] = Integer.parseInt(text.replace(",", "")): null

2023-10-06 09:57:07 - [TEST_STEP][PASSED] - arrProdukNameSort[i] = Integer.parseInt(text.replace(",", "")): null

2023-10-06 09:57:07 - [TEST_STEP][PASSED] - text = text: null

2023-10-06 09:57:07 - [TEST_STEP][PASSED] - arrProdukNameOri[i] = Integer.parseInt(text.replace(",", "")): null

2023-10-06 09:57:07 - [TEST_STEP][PASSED] - arrProdukNameSort[i] = Integer.parseInt(text.replace(",", "")): null

2023-10-06 09:57:07 - [TEST_STEP][PASSED] - text = text: null

2023-10-06 09:57:07 - [TEST_STEP][PASSED] - arrProdukNameOri[i] = Integer.parseInt(text.replace(",", "")): null

2023-10-06 09:57:07 - [TEST_STEP][PASSED] - arrProdukNameSort[i] = Integer.parseInt(text.replace(",", "")): null

2023-10-06 09:57:07 - [TEST_STEP][PASSED] - text = text: null

2023-10-06 09:57:07 - [TEST_STEP][PASSED] - arrProdukNameOri[i] = Integer.parseInt(text.replace(",", "")): null

2023-10-06 09:57:07 - [TEST_STEP][PASSED] - arrProdukNameSort[i] = Integer.parseInt(text.replace(",", "")): null

2023-10-06 09:57:07 - [TEST_STEP][PASSED] - text = text: null

2023-10-06 09:57:07 - [TEST_STEP][PASSED] - arrProdukNameOri[i] = Integer.parseInt(text.replace(",", "")): null

2023-10-06 09:57:07 - [TEST_STEP][PASSED] - arrProdukNameSort[i] = Integer.parseInt(text.replace(",", "")): null

2023-10-06 09:57:07 - [TEST_STEP][PASSED] - text = text: null

2023-10-06 09:57:07 - [TEST_STEP][PASSED] - arrProdukNameOri[i] = Integer.parseInt(text.replace(",", "")): null

2023-10-06 09:57:07 - [TEST_STEP][PASSED] - arrProdukNameSort[i] = Integer.parseInt(text.replace(",", "")): null

2023-10-06 09:57:07 - [TEST_STEP][PASSED] - text = text: null

2023-10-06 09:57:07 - [TEST_STEP][PASSED] - arrProdukNameOri[i] = Integer.parseInt(text.replace(",", "")): null

2023-10-06 09:57:07 - [TEST_STEP][PASSED] - arrProdukNameSort[i] = Integer.parseInt(text.replace(",", "")): null

2023-10-06 09:57:07 - [TEST_STEP][PASSED] - text = text: null

2023-10-06 09:57:08 - [TEST_STEP][PASSED] - arrProdukNameOri[i] = Integer.parseInt(text.replace(",", "")): null

2023-10-06 09:57:08 - [TEST_STEP][PASSED] - arrProdukNameSort[i] = Integer.parseInt(text.replace(",", "")): null

2023-10-06 09:57:08 - [TEST_STEP][PASSED] - Arrays.sort(arrProdukNameSort, Collections.reverseOrder()): null

2023-10-06 09:57:08 - [TEST_STEP][PASSED] - println(arrProdukNameOri): null

2023-10-06 09:57:08 - [TEST_STEP][PASSED] - println(arrProdukNameSort): null

2023-10-06 09:57:08 - [TEST_STEP][PASSED] - assert arrProdukNameOri == arrProdukNameSort: null]]></system-out>
         <system-err><![CDATA[]]></system-err>
      </testcase>
      <testcase name="Test Cases/Product Admin/TC-PA-009" time="23.253" classname="Test Cases/Product Admin/TC-PA-009" status="PASSED">
         <system-out><![CDATA[2023-10-06 09:57:08 - [TEST_CASE][PASSED] - Test Cases/Product Admin/TC-PA-009: Test Cases/Product Admin/TC-PA-009

2023-10-06 09:57:08 - [TEST_STEP][PASSED] - callTestCase(findTestCase("Product Admin/TC-PA-001"), [:], STOP_ON_FAILURE): Call Test Case 'Test Cases/Product Admin/TC-PA-001' successfully

2023-10-06 09:57:08 - [TEST_CASE][PASSED] - Test Cases/Product Admin/TC-PA-001: Test Cases/Product Admin/TC-PA-001

2023-10-06 09:57:08 - [TEST_STEP][PASSED] - callTestCase(findTestCase("Login Admin/TC-Login Admin-001"), [:], STOP_ON_FAILURE): Call Test Case 'Test Cases/Login Admin/TC-Login Admin-001' successfully

2023-10-06 09:57:08 - [TEST_CASE][PASSED] - Test Cases/Login Admin/TC-Login Admin-001: Test Cases/Login Admin/TC-Login Admin-001

2023-10-06 09:57:08 - [TEST_STEP][PASSED] - openBrowser(adminTajalapak): Browser is opened with url: 'https://10.9.2.63/ecommerce/administrator'

2023-10-06 09:57:08 - [MESSAGE][WARNING] - A browser is already opened. Closing browser and opening a new one

2023-10-06 09:57:09 - [MESSAGE][INFO] - Starting 'Edge Chromium' driver

2023-10-06 09:57:09 - [MESSAGE][INFO] - User set preference: ['acceptInsecureCerts', 'true']

2023-10-06 09:57:11 - [MESSAGE][INFO] - Action delay is set to 0 milliseconds

2023-10-06 09:57:14 - [MESSAGE][PASSED] - Browser is opened with url: 'https://10.9.2.63/ecommerce/administrator'

2023-10-06 09:57:14 - [TEST_STEP][PASSED] - maximizeWindow(): Current window maximized

2023-10-06 09:57:14 - [MESSAGE][PASSED] - Current window maximized

2023-10-06 09:57:14 - [TEST_STEP][PASSED] - verifyElementPresent(findTestObject("Login Admin/Verifikasi Halaman Administrator"), 0): Object 'Object Repository/Login Admin/Verifikasi Halaman Administrator' is present

2023-10-06 09:57:14 - [MESSAGE][WARNING] - Timeout '0' is invalid. Using default page load timeout: '30'

2023-10-06 09:57:14 - [MESSAGE][PASSED] - Object 'Object Repository/Login Admin/Verifikasi Halaman Administrator' is present

2023-10-06 09:57:14 - [TEST_STEP][PASSED] - setText(findTestObject("Login Admin/Input Username Admin"), "admin"): Text 'admin' is set on object 'Object Repository/Login Admin/Input Username Admin'

2023-10-06 09:57:15 - [MESSAGE][PASSED] - Text 'admin' is set on object 'Object Repository/Login Admin/Input Username Admin'

2023-10-06 09:57:15 - [TEST_STEP][PASSED] - setEncryptedText(findTestObject("Login Admin/Input Password Admin"), "374mkdZ/lqyNS21oH+MJZQ=="): Text ****** has been set on object 'Object Repository/Login Admin/Input Password Admin'

2023-10-06 09:57:15 - [MESSAGE][PASSED] - Text ****** has been set on object 'Object Repository/Login Admin/Input Password Admin'

2023-10-06 09:57:15 - [TEST_STEP][PASSED] - delay(10): Delayed 10 second(s)

2023-10-06 09:57:25 - [MESSAGE][PASSED] - Delayed 10 second(s)

2023-10-06 09:57:25 - [TEST_STEP][PASSED] - click(findTestObject("Login Admin/Botton Sign In")): Object: 'Object Repository/Login Admin/Botton Sign In' is clicked on

2023-10-06 09:57:27 - [MESSAGE][PASSED] - Object: 'Object Repository/Login Admin/Botton Sign In' is clicked on

2023-10-06 09:57:27 - [TEST_STEP][PASSED] - verifyElementPresent(findTestObject("Login Admin/Verifikasi Halaman Login Admin"), 0): Object 'Object Repository/Login Admin/Verifikasi Halaman Login Admin' is present

2023-10-06 09:57:27 - [MESSAGE][WARNING] - Timeout '0' is invalid. Using default page load timeout: '30'

2023-10-06 09:57:28 - [MESSAGE][PASSED] - Object 'Object Repository/Login Admin/Verifikasi Halaman Login Admin' is present

2023-10-06 09:57:28 - [MESSAGE][PASSED] - Call Test Case 'Test Cases/Login Admin/TC-Login Admin-001' successfully

2023-10-06 09:57:28 - [TEST_STEP][PASSED] - click(findTestObject("Product Admin/Master Market")): Object: 'Object Repository/Product Admin/Master Market' is clicked on

2023-10-06 09:57:28 - [MESSAGE][PASSED] - Object: 'Object Repository/Product Admin/Master Market' is clicked on

2023-10-06 09:57:28 - [TEST_STEP][PASSED] - click(findTestObject("Product Admin/Produk Admin")): Object: 'Object Repository/Product Admin/Produk Admin' is clicked on

2023-10-06 09:57:29 - [MESSAGE][PASSED] - Object: 'Object Repository/Product Admin/Produk Admin' is clicked on

2023-10-06 09:57:29 - [TEST_STEP][PASSED] - verifyElementPresent(findTestObject("Product Admin/Veridikasi Halaman Semua Produk"), 0): Object 'Object Repository/Product Admin/Veridikasi Halaman Semua Produk' is present

2023-10-06 09:57:29 - [MESSAGE][WARNING] - Timeout '0' is invalid. Using default page load timeout: '30'

2023-10-06 09:57:30 - [MESSAGE][PASSED] - Object 'Object Repository/Product Admin/Veridikasi Halaman Semua Produk' is present

2023-10-06 09:57:30 - [MESSAGE][PASSED] - Call Test Case 'Test Cases/Product Admin/TC-PA-001' successfully

2023-10-06 09:57:30 - [TEST_STEP][PASSED] - click(findTestObject("Product Admin/Button Sort Reseller")): Object: 'Object Repository/Product Admin/Button Sort Reseller' is clicked on

2023-10-06 09:57:30 - [MESSAGE][PASSED] - Object: 'Object Repository/Product Admin/Button Sort Reseller' is clicked on

2023-10-06 09:57:30 - [TEST_STEP][PASSED] - dataList = findWebElements(findTestObject("Object Repository/Product Admin/Data Harga Reseller"), 10): null

2023-10-06 09:57:31 - [TEST_STEP][PASSED] - arrProdukNameOri = []: null

2023-10-06 09:57:31 - [TEST_STEP][PASSED] - arrProdukNameSort = []: null

2023-10-06 09:57:31 - [TEST_STEP][PASSED] - for ([i = 0, i < dataList.size(), (i++)]): null

2023-10-06 09:57:31 - [TEST_STEP][PASSED] - text = text: null

2023-10-06 09:57:31 - [TEST_STEP][PASSED] - arrProdukNameOri[i] = Integer.parseInt(text.replace(",", "")): null

2023-10-06 09:57:31 - [TEST_STEP][PASSED] - arrProdukNameSort[i] = Integer.parseInt(text.replace(",", "")): null

2023-10-06 09:57:31 - [TEST_STEP][PASSED] - text = text: null

2023-10-06 09:57:31 - [TEST_STEP][PASSED] - arrProdukNameOri[i] = Integer.parseInt(text.replace(",", "")): null

2023-10-06 09:57:31 - [TEST_STEP][PASSED] - arrProdukNameSort[i] = Integer.parseInt(text.replace(",", "")): null

2023-10-06 09:57:31 - [TEST_STEP][PASSED] - text = text: null

2023-10-06 09:57:31 - [TEST_STEP][PASSED] - arrProdukNameOri[i] = Integer.parseInt(text.replace(",", "")): null

2023-10-06 09:57:31 - [TEST_STEP][PASSED] - arrProdukNameSort[i] = Integer.parseInt(text.replace(",", "")): null

2023-10-06 09:57:31 - [TEST_STEP][PASSED] - text = text: null

2023-10-06 09:57:31 - [TEST_STEP][PASSED] - arrProdukNameOri[i] = Integer.parseInt(text.replace(",", "")): null

2023-10-06 09:57:31 - [TEST_STEP][PASSED] - arrProdukNameSort[i] = Integer.parseInt(text.replace(",", "")): null

2023-10-06 09:57:31 - [TEST_STEP][PASSED] - text = text: null

2023-10-06 09:57:31 - [TEST_STEP][PASSED] - arrProdukNameOri[i] = Integer.parseInt(text.replace(",", "")): null

2023-10-06 09:57:31 - [TEST_STEP][PASSED] - arrProdukNameSort[i] = Integer.parseInt(text.replace(",", "")): null

2023-10-06 09:57:31 - [TEST_STEP][PASSED] - text = text: null

2023-10-06 09:57:31 - [TEST_STEP][PASSED] - arrProdukNameOri[i] = Integer.parseInt(text.replace(",", "")): null

2023-10-06 09:57:31 - [TEST_STEP][PASSED] - arrProdukNameSort[i] = Integer.parseInt(text.replace(",", "")): null

2023-10-06 09:57:31 - [TEST_STEP][PASSED] - text = text: null

2023-10-06 09:57:31 - [TEST_STEP][PASSED] - arrProdukNameOri[i] = Integer.parseInt(text.replace(",", "")): null

2023-10-06 09:57:31 - [TEST_STEP][PASSED] - arrProdukNameSort[i] = Integer.parseInt(text.replace(",", "")): null

2023-10-06 09:57:31 - [TEST_STEP][PASSED] - text = text: null

2023-10-06 09:57:31 - [TEST_STEP][PASSED] - arrProdukNameOri[i] = Integer.parseInt(text.replace(",", "")): null

2023-10-06 09:57:31 - [TEST_STEP][PASSED] - arrProdukNameSort[i] = Integer.parseInt(text.replace(",", "")): null

2023-10-06 09:57:31 - [TEST_STEP][PASSED] - text = text: null

2023-10-06 09:57:31 - [TEST_STEP][PASSED] - arrProdukNameOri[i] = Integer.parseInt(text.replace(",", "")): null

2023-10-06 09:57:31 - [TEST_STEP][PASSED] - arrProdukNameSort[i] = Integer.parseInt(text.replace(",", "")): null

2023-10-06 09:57:31 - [TEST_STEP][PASSED] - text = text: null

2023-10-06 09:57:31 - [TEST_STEP][PASSED] - arrProdukNameOri[i] = Integer.parseInt(text.replace(",", "")): null

2023-10-06 09:57:31 - [TEST_STEP][PASSED] - arrProdukNameSort[i] = Integer.parseInt(text.replace(",", "")): null

2023-10-06 09:57:31 - [TEST_STEP][PASSED] - Arrays.sort(arrProdukNameSort): null

2023-10-06 09:57:31 - [TEST_STEP][PASSED] - println(arrProdukNameOri): null

2023-10-06 09:57:31 - [TEST_STEP][PASSED] - println(arrProdukNameSort): null

2023-10-06 09:57:31 - [TEST_STEP][PASSED] - assert arrProdukNameOri == arrProdukNameSort: null]]></system-out>
         <system-err><![CDATA[]]></system-err>
      </testcase>
      <testcase name="Test Cases/Product Admin/TC-PA-010" time="24.115" classname="Test Cases/Product Admin/TC-PA-010" status="PASSED">
         <system-out><![CDATA[2023-10-06 09:57:31 - [TEST_CASE][PASSED] - Test Cases/Product Admin/TC-PA-010: Test Cases/Product Admin/TC-PA-010

2023-10-06 09:57:31 - [TEST_STEP][PASSED] - callTestCase(findTestCase("Product Admin/TC-PA-009"), [:], STOP_ON_FAILURE): Call Test Case 'Test Cases/Product Admin/TC-PA-009' successfully

2023-10-06 09:57:31 - [TEST_CASE][PASSED] - Test Cases/Product Admin/TC-PA-009: Test Cases/Product Admin/TC-PA-009

2023-10-06 09:57:31 - [TEST_STEP][PASSED] - callTestCase(findTestCase("Product Admin/TC-PA-001"), [:], STOP_ON_FAILURE): Call Test Case 'Test Cases/Product Admin/TC-PA-001' successfully

2023-10-06 09:57:31 - [TEST_CASE][PASSED] - Test Cases/Product Admin/TC-PA-001: Test Cases/Product Admin/TC-PA-001

2023-10-06 09:57:31 - [TEST_STEP][PASSED] - callTestCase(findTestCase("Login Admin/TC-Login Admin-001"), [:], STOP_ON_FAILURE): Call Test Case 'Test Cases/Login Admin/TC-Login Admin-001' successfully

2023-10-06 09:57:31 - [TEST_CASE][PASSED] - Test Cases/Login Admin/TC-Login Admin-001: Test Cases/Login Admin/TC-Login Admin-001

2023-10-06 09:57:31 - [TEST_STEP][PASSED] - openBrowser(adminTajalapak): Browser is opened with url: 'https://10.9.2.63/ecommerce/administrator'

2023-10-06 09:57:31 - [MESSAGE][WARNING] - A browser is already opened. Closing browser and opening a new one

2023-10-06 09:57:32 - [MESSAGE][INFO] - Starting 'Edge Chromium' driver

2023-10-06 09:57:32 - [MESSAGE][INFO] - User set preference: ['acceptInsecureCerts', 'true']

2023-10-06 09:57:34 - [MESSAGE][INFO] - Action delay is set to 0 milliseconds

2023-10-06 09:57:37 - [MESSAGE][PASSED] - Browser is opened with url: 'https://10.9.2.63/ecommerce/administrator'

2023-10-06 09:57:37 - [TEST_STEP][PASSED] - maximizeWindow(): Current window maximized

2023-10-06 09:57:37 - [MESSAGE][PASSED] - Current window maximized

2023-10-06 09:57:37 - [TEST_STEP][PASSED] - verifyElementPresent(findTestObject("Login Admin/Verifikasi Halaman Administrator"), 0): Object 'Object Repository/Login Admin/Verifikasi Halaman Administrator' is present

2023-10-06 09:57:37 - [MESSAGE][WARNING] - Timeout '0' is invalid. Using default page load timeout: '30'

2023-10-06 09:57:37 - [MESSAGE][PASSED] - Object 'Object Repository/Login Admin/Verifikasi Halaman Administrator' is present

2023-10-06 09:57:37 - [TEST_STEP][PASSED] - setText(findTestObject("Login Admin/Input Username Admin"), "admin"): Text 'admin' is set on object 'Object Repository/Login Admin/Input Username Admin'

2023-10-06 09:57:38 - [MESSAGE][PASSED] - Text 'admin' is set on object 'Object Repository/Login Admin/Input Username Admin'

2023-10-06 09:57:38 - [TEST_STEP][PASSED] - setEncryptedText(findTestObject("Login Admin/Input Password Admin"), "374mkdZ/lqyNS21oH+MJZQ=="): Text ****** has been set on object 'Object Repository/Login Admin/Input Password Admin'

2023-10-06 09:57:38 - [MESSAGE][PASSED] - Text ****** has been set on object 'Object Repository/Login Admin/Input Password Admin'

2023-10-06 09:57:38 - [TEST_STEP][PASSED] - delay(10): Delayed 10 second(s)

2023-10-06 09:57:48 - [MESSAGE][PASSED] - Delayed 10 second(s)

2023-10-06 09:57:48 - [TEST_STEP][PASSED] - click(findTestObject("Login Admin/Botton Sign In")): Object: 'Object Repository/Login Admin/Botton Sign In' is clicked on

2023-10-06 09:57:50 - [MESSAGE][PASSED] - Object: 'Object Repository/Login Admin/Botton Sign In' is clicked on

2023-10-06 09:57:50 - [TEST_STEP][PASSED] - verifyElementPresent(findTestObject("Login Admin/Verifikasi Halaman Login Admin"), 0): Object 'Object Repository/Login Admin/Verifikasi Halaman Login Admin' is present

2023-10-06 09:57:50 - [MESSAGE][WARNING] - Timeout '0' is invalid. Using default page load timeout: '30'

2023-10-06 09:57:51 - [MESSAGE][PASSED] - Object 'Object Repository/Login Admin/Verifikasi Halaman Login Admin' is present

2023-10-06 09:57:51 - [MESSAGE][PASSED] - Call Test Case 'Test Cases/Login Admin/TC-Login Admin-001' successfully

2023-10-06 09:57:51 - [TEST_STEP][PASSED] - click(findTestObject("Product Admin/Master Market")): Object: 'Object Repository/Product Admin/Master Market' is clicked on

2023-10-06 09:57:51 - [MESSAGE][PASSED] - Object: 'Object Repository/Product Admin/Master Market' is clicked on

2023-10-06 09:57:51 - [TEST_STEP][PASSED] - click(findTestObject("Product Admin/Produk Admin")): Object: 'Object Repository/Product Admin/Produk Admin' is clicked on

2023-10-06 09:57:52 - [MESSAGE][PASSED] - Object: 'Object Repository/Product Admin/Produk Admin' is clicked on

2023-10-06 09:57:52 - [TEST_STEP][PASSED] - verifyElementPresent(findTestObject("Product Admin/Veridikasi Halaman Semua Produk"), 0): Object 'Object Repository/Product Admin/Veridikasi Halaman Semua Produk' is present

2023-10-06 09:57:52 - [MESSAGE][WARNING] - Timeout '0' is invalid. Using default page load timeout: '30'

2023-10-06 09:57:53 - [MESSAGE][PASSED] - Object 'Object Repository/Product Admin/Veridikasi Halaman Semua Produk' is present

2023-10-06 09:57:53 - [MESSAGE][PASSED] - Call Test Case 'Test Cases/Product Admin/TC-PA-001' successfully

2023-10-06 09:57:53 - [TEST_STEP][PASSED] - click(findTestObject("Product Admin/Button Sort Reseller")): Object: 'Object Repository/Product Admin/Button Sort Reseller' is clicked on

2023-10-06 09:57:53 - [MESSAGE][PASSED] - Object: 'Object Repository/Product Admin/Button Sort Reseller' is clicked on

2023-10-06 09:57:53 - [TEST_STEP][PASSED] - dataList = findWebElements(findTestObject("Object Repository/Product Admin/Data Harga Reseller"), 10): null

2023-10-06 09:57:54 - [TEST_STEP][PASSED] - arrProdukNameOri = []: null

2023-10-06 09:57:54 - [TEST_STEP][PASSED] - arrProdukNameSort = []: null

2023-10-06 09:57:54 - [TEST_STEP][PASSED] - for ([i = 0, i < dataList.size(), (i++)]): null

2023-10-06 09:57:54 - [TEST_STEP][PASSED] - text = text: null

2023-10-06 09:57:54 - [TEST_STEP][PASSED] - arrProdukNameOri[i] = Integer.parseInt(text.replace(",", "")): null

2023-10-06 09:57:54 - [TEST_STEP][PASSED] - arrProdukNameSort[i] = Integer.parseInt(text.replace(",", "")): null

2023-10-06 09:57:54 - [TEST_STEP][PASSED] - text = text: null

2023-10-06 09:57:54 - [TEST_STEP][PASSED] - arrProdukNameOri[i] = Integer.parseInt(text.replace(",", "")): null

2023-10-06 09:57:54 - [TEST_STEP][PASSED] - arrProdukNameSort[i] = Integer.parseInt(text.replace(",", "")): null

2023-10-06 09:57:54 - [TEST_STEP][PASSED] - text = text: null

2023-10-06 09:57:54 - [TEST_STEP][PASSED] - arrProdukNameOri[i] = Integer.parseInt(text.replace(",", "")): null

2023-10-06 09:57:54 - [TEST_STEP][PASSED] - arrProdukNameSort[i] = Integer.parseInt(text.replace(",", "")): null

2023-10-06 09:57:54 - [TEST_STEP][PASSED] - text = text: null

2023-10-06 09:57:54 - [TEST_STEP][PASSED] - arrProdukNameOri[i] = Integer.parseInt(text.replace(",", "")): null

2023-10-06 09:57:54 - [TEST_STEP][PASSED] - arrProdukNameSort[i] = Integer.parseInt(text.replace(",", "")): null

2023-10-06 09:57:54 - [TEST_STEP][PASSED] - text = text: null

2023-10-06 09:57:54 - [TEST_STEP][PASSED] - arrProdukNameOri[i] = Integer.parseInt(text.replace(",", "")): null

2023-10-06 09:57:54 - [TEST_STEP][PASSED] - arrProdukNameSort[i] = Integer.parseInt(text.replace(",", "")): null

2023-10-06 09:57:54 - [TEST_STEP][PASSED] - text = text: null

2023-10-06 09:57:54 - [TEST_STEP][PASSED] - arrProdukNameOri[i] = Integer.parseInt(text.replace(",", "")): null

2023-10-06 09:57:54 - [TEST_STEP][PASSED] - arrProdukNameSort[i] = Integer.parseInt(text.replace(",", "")): null

2023-10-06 09:57:54 - [TEST_STEP][PASSED] - text = text: null

2023-10-06 09:57:54 - [TEST_STEP][PASSED] - arrProdukNameOri[i] = Integer.parseInt(text.replace(",", "")): null

2023-10-06 09:57:54 - [TEST_STEP][PASSED] - arrProdukNameSort[i] = Integer.parseInt(text.replace(",", "")): null

2023-10-06 09:57:54 - [TEST_STEP][PASSED] - text = text: null

2023-10-06 09:57:54 - [TEST_STEP][PASSED] - arrProdukNameOri[i] = Integer.parseInt(text.replace(",", "")): null

2023-10-06 09:57:54 - [TEST_STEP][PASSED] - arrProdukNameSort[i] = Integer.parseInt(text.replace(",", "")): null

2023-10-06 09:57:54 - [TEST_STEP][PASSED] - text = text: null

2023-10-06 09:57:54 - [TEST_STEP][PASSED] - arrProdukNameOri[i] = Integer.parseInt(text.replace(",", "")): null

2023-10-06 09:57:54 - [TEST_STEP][PASSED] - arrProdukNameSort[i] = Integer.parseInt(text.replace(",", "")): null

2023-10-06 09:57:54 - [TEST_STEP][PASSED] - text = text: null

2023-10-06 09:57:54 - [TEST_STEP][PASSED] - arrProdukNameOri[i] = Integer.parseInt(text.replace(",", "")): null

2023-10-06 09:57:54 - [TEST_STEP][PASSED] - arrProdukNameSort[i] = Integer.parseInt(text.replace(",", "")): null

2023-10-06 09:57:54 - [TEST_STEP][PASSED] - Arrays.sort(arrProdukNameSort): null

2023-10-06 09:57:54 - [TEST_STEP][PASSED] - println(arrProdukNameOri): null

2023-10-06 09:57:54 - [TEST_STEP][PASSED] - println(arrProdukNameSort): null

2023-10-06 09:57:54 - [TEST_STEP][PASSED] - assert arrProdukNameOri == arrProdukNameSort: null

2023-10-06 09:57:54 - [MESSAGE][PASSED] - Call Test Case 'Test Cases/Product Admin/TC-PA-009' successfully

2023-10-06 09:57:54 - [TEST_STEP][PASSED] - click(findTestObject("Product Admin/Button Sort Reseller")): Object: 'Object Repository/Product Admin/Button Sort Reseller' is clicked on

2023-10-06 09:57:54 - [MESSAGE][PASSED] - Object: 'Object Repository/Product Admin/Button Sort Reseller' is clicked on

2023-10-06 09:57:54 - [TEST_STEP][PASSED] - dataList = findWebElements(findTestObject("Object Repository/Product Admin/Data Harga Reseller"), 10): null

2023-10-06 09:57:55 - [TEST_STEP][PASSED] - arrProdukNameOri = []: null

2023-10-06 09:57:55 - [TEST_STEP][PASSED] - arrProdukNameSort = []: null

2023-10-06 09:57:55 - [TEST_STEP][PASSED] - for ([i = 0, i < dataList.size(), (i++)]): null

2023-10-06 09:57:55 - [TEST_STEP][PASSED] - text = text: null

2023-10-06 09:57:55 - [TEST_STEP][PASSED] - arrProdukNameOri[i] = Integer.parseInt(text.replace(",", "")): null

2023-10-06 09:57:55 - [TEST_STEP][PASSED] - arrProdukNameSort[i] = Integer.parseInt(text.replace(",", "")): null

2023-10-06 09:57:55 - [TEST_STEP][PASSED] - text = text: null

2023-10-06 09:57:55 - [TEST_STEP][PASSED] - arrProdukNameOri[i] = Integer.parseInt(text.replace(",", "")): null

2023-10-06 09:57:55 - [TEST_STEP][PASSED] - arrProdukNameSort[i] = Integer.parseInt(text.replace(",", "")): null

2023-10-06 09:57:55 - [TEST_STEP][PASSED] - text = text: null

2023-10-06 09:57:55 - [TEST_STEP][PASSED] - arrProdukNameOri[i] = Integer.parseInt(text.replace(",", "")): null

2023-10-06 09:57:55 - [TEST_STEP][PASSED] - arrProdukNameSort[i] = Integer.parseInt(text.replace(",", "")): null

2023-10-06 09:57:55 - [TEST_STEP][PASSED] - text = text: null

2023-10-06 09:57:55 - [TEST_STEP][PASSED] - arrProdukNameOri[i] = Integer.parseInt(text.replace(",", "")): null

2023-10-06 09:57:55 - [TEST_STEP][PASSED] - arrProdukNameSort[i] = Integer.parseInt(text.replace(",", "")): null

2023-10-06 09:57:55 - [TEST_STEP][PASSED] - text = text: null

2023-10-06 09:57:55 - [TEST_STEP][PASSED] - arrProdukNameOri[i] = Integer.parseInt(text.replace(",", "")): null

2023-10-06 09:57:55 - [TEST_STEP][PASSED] - arrProdukNameSort[i] = Integer.parseInt(text.replace(",", "")): null

2023-10-06 09:57:55 - [TEST_STEP][PASSED] - text = text: null

2023-10-06 09:57:55 - [TEST_STEP][PASSED] - arrProdukNameOri[i] = Integer.parseInt(text.replace(",", "")): null

2023-10-06 09:57:55 - [TEST_STEP][PASSED] - arrProdukNameSort[i] = Integer.parseInt(text.replace(",", "")): null

2023-10-06 09:57:55 - [TEST_STEP][PASSED] - text = text: null

2023-10-06 09:57:55 - [TEST_STEP][PASSED] - arrProdukNameOri[i] = Integer.parseInt(text.replace(",", "")): null

2023-10-06 09:57:55 - [TEST_STEP][PASSED] - arrProdukNameSort[i] = Integer.parseInt(text.replace(",", "")): null

2023-10-06 09:57:55 - [TEST_STEP][PASSED] - text = text: null

2023-10-06 09:57:55 - [TEST_STEP][PASSED] - arrProdukNameOri[i] = Integer.parseInt(text.replace(",", "")): null

2023-10-06 09:57:55 - [TEST_STEP][PASSED] - arrProdukNameSort[i] = Integer.parseInt(text.replace(",", "")): null

2023-10-06 09:57:55 - [TEST_STEP][PASSED] - text = text: null

2023-10-06 09:57:55 - [TEST_STEP][PASSED] - arrProdukNameOri[i] = Integer.parseInt(text.replace(",", "")): null

2023-10-06 09:57:55 - [TEST_STEP][PASSED] - arrProdukNameSort[i] = Integer.parseInt(text.replace(",", "")): null

2023-10-06 09:57:55 - [TEST_STEP][PASSED] - text = text: null

2023-10-06 09:57:55 - [TEST_STEP][PASSED] - arrProdukNameOri[i] = Integer.parseInt(text.replace(",", "")): null

2023-10-06 09:57:55 - [TEST_STEP][PASSED] - arrProdukNameSort[i] = Integer.parseInt(text.replace(",", "")): null

2023-10-06 09:57:55 - [TEST_STEP][PASSED] - Arrays.sort(arrProdukNameSort, Collections.reverseOrder()): null

2023-10-06 09:57:55 - [TEST_STEP][PASSED] - println(arrProdukNameOri): null

2023-10-06 09:57:55 - [TEST_STEP][PASSED] - println(arrProdukNameSort): null

2023-10-06 09:57:55 - [TEST_STEP][PASSED] - assert arrProdukNameOri == arrProdukNameSort: null]]></system-out>
         <system-err><![CDATA[]]></system-err>
      </testcase>
      <testcase name="Test Cases/Product Admin/TC-PA-011" time="23.048" classname="Test Cases/Product Admin/TC-PA-011" status="PASSED">
         <system-out><![CDATA[2023-10-06 09:57:55 - [TEST_CASE][PASSED] - Test Cases/Product Admin/TC-PA-011: Test Cases/Product Admin/TC-PA-011

2023-10-06 09:57:55 - [TEST_STEP][PASSED] - callTestCase(findTestCase("Product Admin/TC-PA-001"), [:], STOP_ON_FAILURE): Call Test Case 'Test Cases/Product Admin/TC-PA-001' successfully

2023-10-06 09:57:55 - [TEST_CASE][PASSED] - Test Cases/Product Admin/TC-PA-001: Test Cases/Product Admin/TC-PA-001

2023-10-06 09:57:55 - [TEST_STEP][PASSED] - callTestCase(findTestCase("Login Admin/TC-Login Admin-001"), [:], STOP_ON_FAILURE): Call Test Case 'Test Cases/Login Admin/TC-Login Admin-001' successfully

2023-10-06 09:57:55 - [TEST_CASE][PASSED] - Test Cases/Login Admin/TC-Login Admin-001: Test Cases/Login Admin/TC-Login Admin-001

2023-10-06 09:57:55 - [TEST_STEP][PASSED] - openBrowser(adminTajalapak): Browser is opened with url: 'https://10.9.2.63/ecommerce/administrator'

2023-10-06 09:57:55 - [MESSAGE][WARNING] - A browser is already opened. Closing browser and opening a new one

2023-10-06 09:57:56 - [MESSAGE][INFO] - Starting 'Edge Chromium' driver

2023-10-06 09:57:56 - [MESSAGE][INFO] - User set preference: ['acceptInsecureCerts', 'true']

2023-10-06 09:57:58 - [MESSAGE][INFO] - Action delay is set to 0 milliseconds

2023-10-06 09:58:01 - [MESSAGE][PASSED] - Browser is opened with url: 'https://10.9.2.63/ecommerce/administrator'

2023-10-06 09:58:01 - [TEST_STEP][PASSED] - maximizeWindow(): Current window maximized

2023-10-06 09:58:01 - [MESSAGE][PASSED] - Current window maximized

2023-10-06 09:58:01 - [TEST_STEP][PASSED] - verifyElementPresent(findTestObject("Login Admin/Verifikasi Halaman Administrator"), 0): Object 'Object Repository/Login Admin/Verifikasi Halaman Administrator' is present

2023-10-06 09:58:01 - [MESSAGE][WARNING] - Timeout '0' is invalid. Using default page load timeout: '30'

2023-10-06 09:58:01 - [MESSAGE][PASSED] - Object 'Object Repository/Login Admin/Verifikasi Halaman Administrator' is present

2023-10-06 09:58:01 - [TEST_STEP][PASSED] - setText(findTestObject("Login Admin/Input Username Admin"), "admin"): Text 'admin' is set on object 'Object Repository/Login Admin/Input Username Admin'

2023-10-06 09:58:02 - [MESSAGE][PASSED] - Text 'admin' is set on object 'Object Repository/Login Admin/Input Username Admin'

2023-10-06 09:58:02 - [TEST_STEP][PASSED] - setEncryptedText(findTestObject("Login Admin/Input Password Admin"), "374mkdZ/lqyNS21oH+MJZQ=="): Text ****** has been set on object 'Object Repository/Login Admin/Input Password Admin'

2023-10-06 09:58:03 - [MESSAGE][PASSED] - Text ****** has been set on object 'Object Repository/Login Admin/Input Password Admin'

2023-10-06 09:58:03 - [TEST_STEP][PASSED] - delay(10): Delayed 10 second(s)

2023-10-06 09:58:13 - [MESSAGE][PASSED] - Delayed 10 second(s)

2023-10-06 09:58:13 - [TEST_STEP][PASSED] - click(findTestObject("Login Admin/Botton Sign In")): Object: 'Object Repository/Login Admin/Botton Sign In' is clicked on

2023-10-06 09:58:15 - [MESSAGE][PASSED] - Object: 'Object Repository/Login Admin/Botton Sign In' is clicked on

2023-10-06 09:58:15 - [TEST_STEP][PASSED] - verifyElementPresent(findTestObject("Login Admin/Verifikasi Halaman Login Admin"), 0): Object 'Object Repository/Login Admin/Verifikasi Halaman Login Admin' is present

2023-10-06 09:58:15 - [MESSAGE][WARNING] - Timeout '0' is invalid. Using default page load timeout: '30'

2023-10-06 09:58:15 - [MESSAGE][PASSED] - Object 'Object Repository/Login Admin/Verifikasi Halaman Login Admin' is present

2023-10-06 09:58:15 - [MESSAGE][PASSED] - Call Test Case 'Test Cases/Login Admin/TC-Login Admin-001' successfully

2023-10-06 09:58:15 - [TEST_STEP][PASSED] - click(findTestObject("Product Admin/Master Market")): Object: 'Object Repository/Product Admin/Master Market' is clicked on

2023-10-06 09:58:15 - [MESSAGE][PASSED] - Object: 'Object Repository/Product Admin/Master Market' is clicked on

2023-10-06 09:58:15 - [TEST_STEP][PASSED] - click(findTestObject("Product Admin/Produk Admin")): Object: 'Object Repository/Product Admin/Produk Admin' is clicked on

2023-10-06 09:58:17 - [MESSAGE][PASSED] - Object: 'Object Repository/Product Admin/Produk Admin' is clicked on

2023-10-06 09:58:17 - [TEST_STEP][PASSED] - verifyElementPresent(findTestObject("Product Admin/Veridikasi Halaman Semua Produk"), 0): Object 'Object Repository/Product Admin/Veridikasi Halaman Semua Produk' is present

2023-10-06 09:58:17 - [MESSAGE][WARNING] - Timeout '0' is invalid. Using default page load timeout: '30'

2023-10-06 09:58:17 - [MESSAGE][PASSED] - Object 'Object Repository/Product Admin/Veridikasi Halaman Semua Produk' is present

2023-10-06 09:58:17 - [MESSAGE][PASSED] - Call Test Case 'Test Cases/Product Admin/TC-PA-001' successfully

2023-10-06 09:58:17 - [TEST_STEP][PASSED] - click(findTestObject("Product Admin/Button Sort Konsumen")): Object: 'Object Repository/Product Admin/Button Sort Konsumen' is clicked on

2023-10-06 09:58:17 - [MESSAGE][PASSED] - Object: 'Object Repository/Product Admin/Button Sort Konsumen' is clicked on

2023-10-06 09:58:17 - [TEST_STEP][PASSED] - dataList = findWebElements(findTestObject("Object Repository/Product Admin/Data harga Konsumen"), 10): null

2023-10-06 09:58:18 - [TEST_STEP][PASSED] - arrProdukNameOri = []: null

2023-10-06 09:58:18 - [TEST_STEP][PASSED] - arrProdukNameSort = []: null

2023-10-06 09:58:18 - [TEST_STEP][PASSED] - for ([i = 0, i < dataList.size(), (i++)]): null

2023-10-06 09:58:18 - [TEST_STEP][PASSED] - text = text: null

2023-10-06 09:58:18 - [TEST_STEP][PASSED] - arrProdukNameOri[i] = Integer.parseInt(text.replace(",", "")): null

2023-10-06 09:58:18 - [TEST_STEP][PASSED] - arrProdukNameSort[i] = Integer.parseInt(text.replace(",", "")): null

2023-10-06 09:58:18 - [TEST_STEP][PASSED] - text = text: null

2023-10-06 09:58:18 - [TEST_STEP][PASSED] - arrProdukNameOri[i] = Integer.parseInt(text.replace(",", "")): null

2023-10-06 09:58:18 - [TEST_STEP][PASSED] - arrProdukNameSort[i] = Integer.parseInt(text.replace(",", "")): null

2023-10-06 09:58:18 - [TEST_STEP][PASSED] - text = text: null

2023-10-06 09:58:18 - [TEST_STEP][PASSED] - arrProdukNameOri[i] = Integer.parseInt(text.replace(",", "")): null

2023-10-06 09:58:18 - [TEST_STEP][PASSED] - arrProdukNameSort[i] = Integer.parseInt(text.replace(",", "")): null

2023-10-06 09:58:18 - [TEST_STEP][PASSED] - text = text: null

2023-10-06 09:58:18 - [TEST_STEP][PASSED] - arrProdukNameOri[i] = Integer.parseInt(text.replace(",", "")): null

2023-10-06 09:58:18 - [TEST_STEP][PASSED] - arrProdukNameSort[i] = Integer.parseInt(text.replace(",", "")): null

2023-10-06 09:58:18 - [TEST_STEP][PASSED] - text = text: null

2023-10-06 09:58:18 - [TEST_STEP][PASSED] - arrProdukNameOri[i] = Integer.parseInt(text.replace(",", "")): null

2023-10-06 09:58:18 - [TEST_STEP][PASSED] - arrProdukNameSort[i] = Integer.parseInt(text.replace(",", "")): null

2023-10-06 09:58:18 - [TEST_STEP][PASSED] - text = text: null

2023-10-06 09:58:18 - [TEST_STEP][PASSED] - arrProdukNameOri[i] = Integer.parseInt(text.replace(",", "")): null

2023-10-06 09:58:18 - [TEST_STEP][PASSED] - arrProdukNameSort[i] = Integer.parseInt(text.replace(",", "")): null

2023-10-06 09:58:18 - [TEST_STEP][PASSED] - text = text: null

2023-10-06 09:58:18 - [TEST_STEP][PASSED] - arrProdukNameOri[i] = Integer.parseInt(text.replace(",", "")): null

2023-10-06 09:58:18 - [TEST_STEP][PASSED] - arrProdukNameSort[i] = Integer.parseInt(text.replace(",", "")): null

2023-10-06 09:58:18 - [TEST_STEP][PASSED] - text = text: null

2023-10-06 09:58:18 - [TEST_STEP][PASSED] - arrProdukNameOri[i] = Integer.parseInt(text.replace(",", "")): null

2023-10-06 09:58:18 - [TEST_STEP][PASSED] - arrProdukNameSort[i] = Integer.parseInt(text.replace(",", "")): null

2023-10-06 09:58:18 - [TEST_STEP][PASSED] - text = text: null

2023-10-06 09:58:18 - [TEST_STEP][PASSED] - arrProdukNameOri[i] = Integer.parseInt(text.replace(",", "")): null

2023-10-06 09:58:18 - [TEST_STEP][PASSED] - arrProdukNameSort[i] = Integer.parseInt(text.replace(",", "")): null

2023-10-06 09:58:18 - [TEST_STEP][PASSED] - text = text: null

2023-10-06 09:58:18 - [TEST_STEP][PASSED] - arrProdukNameOri[i] = Integer.parseInt(text.replace(",", "")): null

2023-10-06 09:58:18 - [TEST_STEP][PASSED] - arrProdukNameSort[i] = Integer.parseInt(text.replace(",", "")): null

2023-10-06 09:58:18 - [TEST_STEP][PASSED] - Arrays.sort(arrProdukNameSort): null

2023-10-06 09:58:18 - [TEST_STEP][PASSED] - println(arrProdukNameOri): null

2023-10-06 09:58:18 - [TEST_STEP][PASSED] - println(arrProdukNameSort): null

2023-10-06 09:58:18 - [TEST_STEP][PASSED] - assert arrProdukNameOri == arrProdukNameSort: null]]></system-out>
         <system-err><![CDATA[]]></system-err>
      </testcase>
      <testcase name="Test Cases/Product Admin/TC-PA-012" time="24.089" classname="Test Cases/Product Admin/TC-PA-012" status="PASSED">
         <system-out><![CDATA[2023-10-06 09:58:18 - [TEST_CASE][PASSED] - Test Cases/Product Admin/TC-PA-012: Test Cases/Product Admin/TC-PA-012

2023-10-06 09:58:18 - [TEST_STEP][PASSED] - callTestCase(findTestCase("Product Admin/TC-PA-011"), [:], STOP_ON_FAILURE): Call Test Case 'Test Cases/Product Admin/TC-PA-011' successfully

2023-10-06 09:58:18 - [TEST_CASE][PASSED] - Test Cases/Product Admin/TC-PA-011: Test Cases/Product Admin/TC-PA-011

2023-10-06 09:58:18 - [TEST_STEP][PASSED] - callTestCase(findTestCase("Product Admin/TC-PA-001"), [:], STOP_ON_FAILURE): Call Test Case 'Test Cases/Product Admin/TC-PA-001' successfully

2023-10-06 09:58:18 - [TEST_CASE][PASSED] - Test Cases/Product Admin/TC-PA-001: Test Cases/Product Admin/TC-PA-001

2023-10-06 09:58:18 - [TEST_STEP][PASSED] - callTestCase(findTestCase("Login Admin/TC-Login Admin-001"), [:], STOP_ON_FAILURE): Call Test Case 'Test Cases/Login Admin/TC-Login Admin-001' successfully

2023-10-06 09:58:18 - [TEST_CASE][PASSED] - Test Cases/Login Admin/TC-Login Admin-001: Test Cases/Login Admin/TC-Login Admin-001

2023-10-06 09:58:18 - [TEST_STEP][PASSED] - openBrowser(adminTajalapak): Browser is opened with url: 'https://10.9.2.63/ecommerce/administrator'

2023-10-06 09:58:18 - [MESSAGE][WARNING] - A browser is already opened. Closing browser and opening a new one

2023-10-06 09:58:19 - [MESSAGE][INFO] - Starting 'Edge Chromium' driver

2023-10-06 09:58:19 - [MESSAGE][INFO] - User set preference: ['acceptInsecureCerts', 'true']

2023-10-06 09:58:21 - [MESSAGE][INFO] - Action delay is set to 0 milliseconds

2023-10-06 09:58:24 - [MESSAGE][PASSED] - Browser is opened with url: 'https://10.9.2.63/ecommerce/administrator'

2023-10-06 09:58:24 - [TEST_STEP][PASSED] - maximizeWindow(): Current window maximized

2023-10-06 09:58:24 - [MESSAGE][PASSED] - Current window maximized

2023-10-06 09:58:24 - [TEST_STEP][PASSED] - verifyElementPresent(findTestObject("Login Admin/Verifikasi Halaman Administrator"), 0): Object 'Object Repository/Login Admin/Verifikasi Halaman Administrator' is present

2023-10-06 09:58:24 - [MESSAGE][WARNING] - Timeout '0' is invalid. Using default page load timeout: '30'

2023-10-06 09:58:25 - [MESSAGE][PASSED] - Object 'Object Repository/Login Admin/Verifikasi Halaman Administrator' is present

2023-10-06 09:58:25 - [TEST_STEP][PASSED] - setText(findTestObject("Login Admin/Input Username Admin"), "admin"): Text 'admin' is set on object 'Object Repository/Login Admin/Input Username Admin'

2023-10-06 09:58:25 - [MESSAGE][PASSED] - Text 'admin' is set on object 'Object Repository/Login Admin/Input Username Admin'

2023-10-06 09:58:25 - [TEST_STEP][PASSED] - setEncryptedText(findTestObject("Login Admin/Input Password Admin"), "374mkdZ/lqyNS21oH+MJZQ=="): Text ****** has been set on object 'Object Repository/Login Admin/Input Password Admin'

2023-10-06 09:58:26 - [MESSAGE][PASSED] - Text ****** has been set on object 'Object Repository/Login Admin/Input Password Admin'

2023-10-06 09:58:26 - [TEST_STEP][PASSED] - delay(10): Delayed 10 second(s)

2023-10-06 09:58:36 - [MESSAGE][PASSED] - Delayed 10 second(s)

2023-10-06 09:58:36 - [TEST_STEP][PASSED] - click(findTestObject("Login Admin/Botton Sign In")): Object: 'Object Repository/Login Admin/Botton Sign In' is clicked on

2023-10-06 09:58:37 - [MESSAGE][PASSED] - Object: 'Object Repository/Login Admin/Botton Sign In' is clicked on

2023-10-06 09:58:37 - [TEST_STEP][PASSED] - verifyElementPresent(findTestObject("Login Admin/Verifikasi Halaman Login Admin"), 0): Object 'Object Repository/Login Admin/Verifikasi Halaman Login Admin' is present

2023-10-06 09:58:37 - [MESSAGE][WARNING] - Timeout '0' is invalid. Using default page load timeout: '30'

2023-10-06 09:58:38 - [MESSAGE][PASSED] - Object 'Object Repository/Login Admin/Verifikasi Halaman Login Admin' is present

2023-10-06 09:58:38 - [MESSAGE][PASSED] - Call Test Case 'Test Cases/Login Admin/TC-Login Admin-001' successfully

2023-10-06 09:58:38 - [TEST_STEP][PASSED] - click(findTestObject("Product Admin/Master Market")): Object: 'Object Repository/Product Admin/Master Market' is clicked on

2023-10-06 09:58:38 - [MESSAGE][PASSED] - Object: 'Object Repository/Product Admin/Master Market' is clicked on

2023-10-06 09:58:38 - [TEST_STEP][PASSED] - click(findTestObject("Product Admin/Produk Admin")): Object: 'Object Repository/Product Admin/Produk Admin' is clicked on

2023-10-06 09:58:40 - [MESSAGE][PASSED] - Object: 'Object Repository/Product Admin/Produk Admin' is clicked on

2023-10-06 09:58:40 - [TEST_STEP][PASSED] - verifyElementPresent(findTestObject("Product Admin/Veridikasi Halaman Semua Produk"), 0): Object 'Object Repository/Product Admin/Veridikasi Halaman Semua Produk' is present

2023-10-06 09:58:40 - [MESSAGE][WARNING] - Timeout '0' is invalid. Using default page load timeout: '30'

2023-10-06 09:58:40 - [MESSAGE][PASSED] - Object 'Object Repository/Product Admin/Veridikasi Halaman Semua Produk' is present

2023-10-06 09:58:40 - [MESSAGE][PASSED] - Call Test Case 'Test Cases/Product Admin/TC-PA-001' successfully

2023-10-06 09:58:40 - [TEST_STEP][PASSED] - click(findTestObject("Product Admin/Button Sort Konsumen")): Object: 'Object Repository/Product Admin/Button Sort Konsumen' is clicked on

2023-10-06 09:58:40 - [MESSAGE][PASSED] - Object: 'Object Repository/Product Admin/Button Sort Konsumen' is clicked on

2023-10-06 09:58:40 - [TEST_STEP][PASSED] - dataList = findWebElements(findTestObject("Object Repository/Product Admin/Data harga Konsumen"), 10): null

2023-10-06 09:58:41 - [TEST_STEP][PASSED] - arrProdukNameOri = []: null

2023-10-06 09:58:41 - [TEST_STEP][PASSED] - arrProdukNameSort = []: null

2023-10-06 09:58:41 - [TEST_STEP][PASSED] - for ([i = 0, i < dataList.size(), (i++)]): null

2023-10-06 09:58:41 - [TEST_STEP][PASSED] - text = text: null

2023-10-06 09:58:41 - [TEST_STEP][PASSED] - arrProdukNameOri[i] = Integer.parseInt(text.replace(",", "")): null

2023-10-06 09:58:41 - [TEST_STEP][PASSED] - arrProdukNameSort[i] = Integer.parseInt(text.replace(",", "")): null

2023-10-06 09:58:41 - [TEST_STEP][PASSED] - text = text: null

2023-10-06 09:58:41 - [TEST_STEP][PASSED] - arrProdukNameOri[i] = Integer.parseInt(text.replace(",", "")): null

2023-10-06 09:58:41 - [TEST_STEP][PASSED] - arrProdukNameSort[i] = Integer.parseInt(text.replace(",", "")): null

2023-10-06 09:58:41 - [TEST_STEP][PASSED] - text = text: null

2023-10-06 09:58:41 - [TEST_STEP][PASSED] - arrProdukNameOri[i] = Integer.parseInt(text.replace(",", "")): null

2023-10-06 09:58:41 - [TEST_STEP][PASSED] - arrProdukNameSort[i] = Integer.parseInt(text.replace(",", "")): null

2023-10-06 09:58:41 - [TEST_STEP][PASSED] - text = text: null

2023-10-06 09:58:41 - [TEST_STEP][PASSED] - arrProdukNameOri[i] = Integer.parseInt(text.replace(",", "")): null

2023-10-06 09:58:41 - [TEST_STEP][PASSED] - arrProdukNameSort[i] = Integer.parseInt(text.replace(",", "")): null

2023-10-06 09:58:41 - [TEST_STEP][PASSED] - text = text: null

2023-10-06 09:58:41 - [TEST_STEP][PASSED] - arrProdukNameOri[i] = Integer.parseInt(text.replace(",", "")): null

2023-10-06 09:58:41 - [TEST_STEP][PASSED] - arrProdukNameSort[i] = Integer.parseInt(text.replace(",", "")): null

2023-10-06 09:58:41 - [TEST_STEP][PASSED] - text = text: null

2023-10-06 09:58:41 - [TEST_STEP][PASSED] - arrProdukNameOri[i] = Integer.parseInt(text.replace(",", "")): null

2023-10-06 09:58:41 - [TEST_STEP][PASSED] - arrProdukNameSort[i] = Integer.parseInt(text.replace(",", "")): null

2023-10-06 09:58:41 - [TEST_STEP][PASSED] - text = text: null

2023-10-06 09:58:41 - [TEST_STEP][PASSED] - arrProdukNameOri[i] = Integer.parseInt(text.replace(",", "")): null

2023-10-06 09:58:41 - [TEST_STEP][PASSED] - arrProdukNameSort[i] = Integer.parseInt(text.replace(",", "")): null

2023-10-06 09:58:41 - [TEST_STEP][PASSED] - text = text: null

2023-10-06 09:58:41 - [TEST_STEP][PASSED] - arrProdukNameOri[i] = Integer.parseInt(text.replace(",", "")): null

2023-10-06 09:58:41 - [TEST_STEP][PASSED] - arrProdukNameSort[i] = Integer.parseInt(text.replace(",", "")): null

2023-10-06 09:58:41 - [TEST_STEP][PASSED] - text = text: null

2023-10-06 09:58:41 - [TEST_STEP][PASSED] - arrProdukNameOri[i] = Integer.parseInt(text.replace(",", "")): null

2023-10-06 09:58:41 - [TEST_STEP][PASSED] - arrProdukNameSort[i] = Integer.parseInt(text.replace(",", "")): null

2023-10-06 09:58:41 - [TEST_STEP][PASSED] - text = text: null

2023-10-06 09:58:41 - [TEST_STEP][PASSED] - arrProdukNameOri[i] = Integer.parseInt(text.replace(",", "")): null

2023-10-06 09:58:41 - [TEST_STEP][PASSED] - arrProdukNameSort[i] = Integer.parseInt(text.replace(",", "")): null

2023-10-06 09:58:41 - [TEST_STEP][PASSED] - Arrays.sort(arrProdukNameSort): null

2023-10-06 09:58:41 - [TEST_STEP][PASSED] - println(arrProdukNameOri): null

2023-10-06 09:58:41 - [TEST_STEP][PASSED] - println(arrProdukNameSort): null

2023-10-06 09:58:41 - [TEST_STEP][PASSED] - assert arrProdukNameOri == arrProdukNameSort: null

2023-10-06 09:58:41 - [MESSAGE][PASSED] - Call Test Case 'Test Cases/Product Admin/TC-PA-011' successfully

2023-10-06 09:58:41 - [TEST_STEP][PASSED] - click(findTestObject("Product Admin/Button Sort Konsumen")): Object: 'Object Repository/Product Admin/Button Sort Konsumen' is clicked on

2023-10-06 09:58:42 - [MESSAGE][PASSED] - Object: 'Object Repository/Product Admin/Button Sort Konsumen' is clicked on

2023-10-06 09:58:42 - [TEST_STEP][PASSED] - dataList = findWebElements(findTestObject("Object Repository/Product Admin/Data harga Konsumen"), 10): null

2023-10-06 09:58:42 - [TEST_STEP][PASSED] - arrProdukNameOri = []: null

2023-10-06 09:58:42 - [TEST_STEP][PASSED] - arrProdukNameSort = []: null

2023-10-06 09:58:42 - [TEST_STEP][PASSED] - for ([i = 0, i < dataList.size(), (i++)]): null

2023-10-06 09:58:42 - [TEST_STEP][PASSED] - text = text: null

2023-10-06 09:58:42 - [TEST_STEP][PASSED] - arrProdukNameOri[i] = Integer.parseInt(text.replace(",", "")): null

2023-10-06 09:58:42 - [TEST_STEP][PASSED] - arrProdukNameSort[i] = Integer.parseInt(text.replace(",", "")): null

2023-10-06 09:58:42 - [TEST_STEP][PASSED] - text = text: null

2023-10-06 09:58:42 - [TEST_STEP][PASSED] - arrProdukNameOri[i] = Integer.parseInt(text.replace(",", "")): null

2023-10-06 09:58:42 - [TEST_STEP][PASSED] - arrProdukNameSort[i] = Integer.parseInt(text.replace(",", "")): null

2023-10-06 09:58:42 - [TEST_STEP][PASSED] - text = text: null

2023-10-06 09:58:42 - [TEST_STEP][PASSED] - arrProdukNameOri[i] = Integer.parseInt(text.replace(",", "")): null

2023-10-06 09:58:42 - [TEST_STEP][PASSED] - arrProdukNameSort[i] = Integer.parseInt(text.replace(",", "")): null

2023-10-06 09:58:42 - [TEST_STEP][PASSED] - text = text: null

2023-10-06 09:58:42 - [TEST_STEP][PASSED] - arrProdukNameOri[i] = Integer.parseInt(text.replace(",", "")): null

2023-10-06 09:58:42 - [TEST_STEP][PASSED] - arrProdukNameSort[i] = Integer.parseInt(text.replace(",", "")): null

2023-10-06 09:58:42 - [TEST_STEP][PASSED] - text = text: null

2023-10-06 09:58:42 - [TEST_STEP][PASSED] - arrProdukNameOri[i] = Integer.parseInt(text.replace(",", "")): null

2023-10-06 09:58:42 - [TEST_STEP][PASSED] - arrProdukNameSort[i] = Integer.parseInt(text.replace(",", "")): null

2023-10-06 09:58:42 - [TEST_STEP][PASSED] - text = text: null

2023-10-06 09:58:42 - [TEST_STEP][PASSED] - arrProdukNameOri[i] = Integer.parseInt(text.replace(",", "")): null

2023-10-06 09:58:42 - [TEST_STEP][PASSED] - arrProdukNameSort[i] = Integer.parseInt(text.replace(",", "")): null

2023-10-06 09:58:42 - [TEST_STEP][PASSED] - text = text: null

2023-10-06 09:58:42 - [TEST_STEP][PASSED] - arrProdukNameOri[i] = Integer.parseInt(text.replace(",", "")): null

2023-10-06 09:58:42 - [TEST_STEP][PASSED] - arrProdukNameSort[i] = Integer.parseInt(text.replace(",", "")): null

2023-10-06 09:58:42 - [TEST_STEP][PASSED] - text = text: null

2023-10-06 09:58:42 - [TEST_STEP][PASSED] - arrProdukNameOri[i] = Integer.parseInt(text.replace(",", "")): null

2023-10-06 09:58:42 - [TEST_STEP][PASSED] - arrProdukNameSort[i] = Integer.parseInt(text.replace(",", "")): null

2023-10-06 09:58:42 - [TEST_STEP][PASSED] - text = text: null

2023-10-06 09:58:42 - [TEST_STEP][PASSED] - arrProdukNameOri[i] = Integer.parseInt(text.replace(",", "")): null

2023-10-06 09:58:42 - [TEST_STEP][PASSED] - arrProdukNameSort[i] = Integer.parseInt(text.replace(",", "")): null

2023-10-06 09:58:42 - [TEST_STEP][PASSED] - text = text: null

2023-10-06 09:58:42 - [TEST_STEP][PASSED] - arrProdukNameOri[i] = Integer.parseInt(text.replace(",", "")): null

2023-10-06 09:58:42 - [TEST_STEP][PASSED] - arrProdukNameSort[i] = Integer.parseInt(text.replace(",", "")): null

2023-10-06 09:58:42 - [TEST_STEP][PASSED] - Arrays.sort(arrProdukNameSort, Collections.reverseOrder()): null

2023-10-06 09:58:42 - [TEST_STEP][PASSED] - println(arrProdukNameOri): null

2023-10-06 09:58:42 - [TEST_STEP][PASSED] - println(arrProdukNameSort): null

2023-10-06 09:58:42 - [TEST_STEP][PASSED] - assert arrProdukNameOri == arrProdukNameSort: null]]></system-out>
         <system-err><![CDATA[]]></system-err>
      </testcase>
      <testcase name="Test Cases/Product Admin/TC-PA-013" time="22.68" classname="Test Cases/Product Admin/TC-PA-013" status="PASSED">
         <system-out><![CDATA[2023-10-06 09:58:42 - [TEST_CASE][PASSED] - Test Cases/Product Admin/TC-PA-013: Test Cases/Product Admin/TC-PA-013

2023-10-06 09:58:42 - [TEST_STEP][PASSED] - callTestCase(findTestCase("Product Admin/TC-PA-001"), [:], STOP_ON_FAILURE): Call Test Case 'Test Cases/Product Admin/TC-PA-001' successfully

2023-10-06 09:58:42 - [TEST_CASE][PASSED] - Test Cases/Product Admin/TC-PA-001: Test Cases/Product Admin/TC-PA-001

2023-10-06 09:58:42 - [TEST_STEP][PASSED] - callTestCase(findTestCase("Login Admin/TC-Login Admin-001"), [:], STOP_ON_FAILURE): Call Test Case 'Test Cases/Login Admin/TC-Login Admin-001' successfully

2023-10-06 09:58:42 - [TEST_CASE][PASSED] - Test Cases/Login Admin/TC-Login Admin-001: Test Cases/Login Admin/TC-Login Admin-001

2023-10-06 09:58:42 - [TEST_STEP][PASSED] - openBrowser(adminTajalapak): Browser is opened with url: 'https://10.9.2.63/ecommerce/administrator'

2023-10-06 09:58:42 - [MESSAGE][WARNING] - A browser is already opened. Closing browser and opening a new one

2023-10-06 09:58:43 - [MESSAGE][INFO] - Starting 'Edge Chromium' driver

2023-10-06 09:58:43 - [MESSAGE][INFO] - User set preference: ['acceptInsecureCerts', 'true']

2023-10-06 09:58:45 - [MESSAGE][INFO] - Action delay is set to 0 milliseconds

2023-10-06 09:58:48 - [MESSAGE][PASSED] - Browser is opened with url: 'https://10.9.2.63/ecommerce/administrator'

2023-10-06 09:58:48 - [TEST_STEP][PASSED] - maximizeWindow(): Current window maximized

2023-10-06 09:58:48 - [MESSAGE][PASSED] - Current window maximized

2023-10-06 09:58:48 - [TEST_STEP][PASSED] - verifyElementPresent(findTestObject("Login Admin/Verifikasi Halaman Administrator"), 0): Object 'Object Repository/Login Admin/Verifikasi Halaman Administrator' is present

2023-10-06 09:58:48 - [MESSAGE][WARNING] - Timeout '0' is invalid. Using default page load timeout: '30'

2023-10-06 09:58:48 - [MESSAGE][PASSED] - Object 'Object Repository/Login Admin/Verifikasi Halaman Administrator' is present

2023-10-06 09:58:48 - [TEST_STEP][PASSED] - setText(findTestObject("Login Admin/Input Username Admin"), "admin"): Text 'admin' is set on object 'Object Repository/Login Admin/Input Username Admin'

2023-10-06 09:58:49 - [MESSAGE][PASSED] - Text 'admin' is set on object 'Object Repository/Login Admin/Input Username Admin'

2023-10-06 09:58:49 - [TEST_STEP][PASSED] - setEncryptedText(findTestObject("Login Admin/Input Password Admin"), "374mkdZ/lqyNS21oH+MJZQ=="): Text ****** has been set on object 'Object Repository/Login Admin/Input Password Admin'

2023-10-06 09:58:49 - [MESSAGE][PASSED] - Text ****** has been set on object 'Object Repository/Login Admin/Input Password Admin'

2023-10-06 09:58:49 - [TEST_STEP][PASSED] - delay(10): Delayed 10 second(s)

2023-10-06 09:58:59 - [MESSAGE][PASSED] - Delayed 10 second(s)

2023-10-06 09:58:59 - [TEST_STEP][PASSED] - click(findTestObject("Login Admin/Botton Sign In")): Object: 'Object Repository/Login Admin/Botton Sign In' is clicked on

2023-10-06 09:59:01 - [MESSAGE][PASSED] - Object: 'Object Repository/Login Admin/Botton Sign In' is clicked on

2023-10-06 09:59:01 - [TEST_STEP][PASSED] - verifyElementPresent(findTestObject("Login Admin/Verifikasi Halaman Login Admin"), 0): Object 'Object Repository/Login Admin/Verifikasi Halaman Login Admin' is present

2023-10-06 09:59:01 - [MESSAGE][WARNING] - Timeout '0' is invalid. Using default page load timeout: '30'

2023-10-06 09:59:01 - [MESSAGE][PASSED] - Object 'Object Repository/Login Admin/Verifikasi Halaman Login Admin' is present

2023-10-06 09:59:01 - [MESSAGE][PASSED] - Call Test Case 'Test Cases/Login Admin/TC-Login Admin-001' successfully

2023-10-06 09:59:01 - [TEST_STEP][PASSED] - click(findTestObject("Product Admin/Master Market")): Object: 'Object Repository/Product Admin/Master Market' is clicked on

2023-10-06 09:59:02 - [MESSAGE][PASSED] - Object: 'Object Repository/Product Admin/Master Market' is clicked on

2023-10-06 09:59:02 - [TEST_STEP][PASSED] - click(findTestObject("Product Admin/Produk Admin")): Object: 'Object Repository/Product Admin/Produk Admin' is clicked on

2023-10-06 09:59:03 - [MESSAGE][PASSED] - Object: 'Object Repository/Product Admin/Produk Admin' is clicked on

2023-10-06 09:59:03 - [TEST_STEP][PASSED] - verifyElementPresent(findTestObject("Product Admin/Veridikasi Halaman Semua Produk"), 0): Object 'Object Repository/Product Admin/Veridikasi Halaman Semua Produk' is present

2023-10-06 09:59:03 - [MESSAGE][WARNING] - Timeout '0' is invalid. Using default page load timeout: '30'

2023-10-06 09:59:04 - [MESSAGE][PASSED] - Object 'Object Repository/Product Admin/Veridikasi Halaman Semua Produk' is present

2023-10-06 09:59:04 - [MESSAGE][PASSED] - Call Test Case 'Test Cases/Product Admin/TC-PA-001' successfully

2023-10-06 09:59:04 - [TEST_STEP][PASSED] - click(findTestObject("Product Admin/Button Sort Stok")): Object: 'Object Repository/Product Admin/Button Sort Stok' is clicked on

2023-10-06 09:59:04 - [MESSAGE][PASSED] - Object: 'Object Repository/Product Admin/Button Sort Stok' is clicked on

2023-10-06 09:59:04 - [TEST_STEP][PASSED] - dataList = findWebElements(findTestObject("Object Repository/Product Admin/Data Jumlah Stok"), 10): null

2023-10-06 09:59:05 - [TEST_STEP][PASSED] - arrProdukNameOri = []: null

2023-10-06 09:59:05 - [TEST_STEP][PASSED] - arrProdukNameSort = []: null

2023-10-06 09:59:05 - [TEST_STEP][PASSED] - for ([i = 0, i < dataList.size(), (i++)]): null

2023-10-06 09:59:05 - [TEST_STEP][PASSED] - text = text: null

2023-10-06 09:59:05 - [TEST_STEP][PASSED] - arrProdukNameOri[i] = Integer.parseInt(text.replace(",", "")): null

2023-10-06 09:59:05 - [TEST_STEP][PASSED] - arrProdukNameSort[i] = Integer.parseInt(text.replace(",", "")): null

2023-10-06 09:59:05 - [TEST_STEP][PASSED] - text = text: null

2023-10-06 09:59:05 - [TEST_STEP][PASSED] - arrProdukNameOri[i] = Integer.parseInt(text.replace(",", "")): null

2023-10-06 09:59:05 - [TEST_STEP][PASSED] - arrProdukNameSort[i] = Integer.parseInt(text.replace(",", "")): null

2023-10-06 09:59:05 - [TEST_STEP][PASSED] - text = text: null

2023-10-06 09:59:05 - [TEST_STEP][PASSED] - arrProdukNameOri[i] = Integer.parseInt(text.replace(",", "")): null

2023-10-06 09:59:05 - [TEST_STEP][PASSED] - arrProdukNameSort[i] = Integer.parseInt(text.replace(",", "")): null

2023-10-06 09:59:05 - [TEST_STEP][PASSED] - text = text: null

2023-10-06 09:59:05 - [TEST_STEP][PASSED] - arrProdukNameOri[i] = Integer.parseInt(text.replace(",", "")): null

2023-10-06 09:59:05 - [TEST_STEP][PASSED] - arrProdukNameSort[i] = Integer.parseInt(text.replace(",", "")): null

2023-10-06 09:59:05 - [TEST_STEP][PASSED] - text = text: null

2023-10-06 09:59:05 - [TEST_STEP][PASSED] - arrProdukNameOri[i] = Integer.parseInt(text.replace(",", "")): null

2023-10-06 09:59:05 - [TEST_STEP][PASSED] - arrProdukNameSort[i] = Integer.parseInt(text.replace(",", "")): null

2023-10-06 09:59:05 - [TEST_STEP][PASSED] - text = text: null

2023-10-06 09:59:05 - [TEST_STEP][PASSED] - arrProdukNameOri[i] = Integer.parseInt(text.replace(",", "")): null

2023-10-06 09:59:05 - [TEST_STEP][PASSED] - arrProdukNameSort[i] = Integer.parseInt(text.replace(",", "")): null

2023-10-06 09:59:05 - [TEST_STEP][PASSED] - text = text: null

2023-10-06 09:59:05 - [TEST_STEP][PASSED] - arrProdukNameOri[i] = Integer.parseInt(text.replace(",", "")): null

2023-10-06 09:59:05 - [TEST_STEP][PASSED] - arrProdukNameSort[i] = Integer.parseInt(text.replace(",", "")): null

2023-10-06 09:59:05 - [TEST_STEP][PASSED] - text = text: null

2023-10-06 09:59:05 - [TEST_STEP][PASSED] - arrProdukNameOri[i] = Integer.parseInt(text.replace(",", "")): null

2023-10-06 09:59:05 - [TEST_STEP][PASSED] - arrProdukNameSort[i] = Integer.parseInt(text.replace(",", "")): null

2023-10-06 09:59:05 - [TEST_STEP][PASSED] - text = text: null

2023-10-06 09:59:05 - [TEST_STEP][PASSED] - arrProdukNameOri[i] = Integer.parseInt(text.replace(",", "")): null

2023-10-06 09:59:05 - [TEST_STEP][PASSED] - arrProdukNameSort[i] = Integer.parseInt(text.replace(",", "")): null

2023-10-06 09:59:05 - [TEST_STEP][PASSED] - text = text: null

2023-10-06 09:59:05 - [TEST_STEP][PASSED] - arrProdukNameOri[i] = Integer.parseInt(text.replace(",", "")): null

2023-10-06 09:59:05 - [TEST_STEP][PASSED] - arrProdukNameSort[i] = Integer.parseInt(text.replace(",", "")): null

2023-10-06 09:59:05 - [TEST_STEP][PASSED] - Arrays.sort(arrProdukNameSort): null

2023-10-06 09:59:05 - [TEST_STEP][PASSED] - println(arrProdukNameOri): null

2023-10-06 09:59:05 - [TEST_STEP][PASSED] - println(arrProdukNameSort): null

2023-10-06 09:59:05 - [TEST_STEP][PASSED] - assert arrProdukNameOri == arrProdukNameSort: null]]></system-out>
         <system-err><![CDATA[]]></system-err>
      </testcase>
      <testcase name="Test Cases/Product Admin/TC-PA-014" time="23.662" classname="Test Cases/Product Admin/TC-PA-014" status="PASSED">
         <system-out><![CDATA[2023-10-06 09:59:05 - [TEST_CASE][PASSED] - Test Cases/Product Admin/TC-PA-014: Test Cases/Product Admin/TC-PA-014

2023-10-06 09:59:05 - [TEST_STEP][PASSED] - callTestCase(findTestCase("Product Admin/TC-PA-013"), [:], STOP_ON_FAILURE): Call Test Case 'Test Cases/Product Admin/TC-PA-013' successfully

2023-10-06 09:59:05 - [TEST_CASE][PASSED] - Test Cases/Product Admin/TC-PA-013: Test Cases/Product Admin/TC-PA-013

2023-10-06 09:59:05 - [TEST_STEP][PASSED] - callTestCase(findTestCase("Product Admin/TC-PA-001"), [:], STOP_ON_FAILURE): Call Test Case 'Test Cases/Product Admin/TC-PA-001' successfully

2023-10-06 09:59:05 - [TEST_CASE][PASSED] - Test Cases/Product Admin/TC-PA-001: Test Cases/Product Admin/TC-PA-001

2023-10-06 09:59:05 - [TEST_STEP][PASSED] - callTestCase(findTestCase("Login Admin/TC-Login Admin-001"), [:], STOP_ON_FAILURE): Call Test Case 'Test Cases/Login Admin/TC-Login Admin-001' successfully

2023-10-06 09:59:05 - [TEST_CASE][PASSED] - Test Cases/Login Admin/TC-Login Admin-001: Test Cases/Login Admin/TC-Login Admin-001

2023-10-06 09:59:05 - [TEST_STEP][PASSED] - openBrowser(adminTajalapak): Browser is opened with url: 'https://10.9.2.63/ecommerce/administrator'

2023-10-06 09:59:05 - [MESSAGE][WARNING] - A browser is already opened. Closing browser and opening a new one

2023-10-06 09:59:06 - [MESSAGE][INFO] - Starting 'Edge Chromium' driver

2023-10-06 09:59:06 - [MESSAGE][INFO] - User set preference: ['acceptInsecureCerts', 'true']

2023-10-06 09:59:08 - [MESSAGE][INFO] - Action delay is set to 0 milliseconds

2023-10-06 09:59:11 - [MESSAGE][PASSED] - Browser is opened with url: 'https://10.9.2.63/ecommerce/administrator'

2023-10-06 09:59:11 - [TEST_STEP][PASSED] - maximizeWindow(): Current window maximized

2023-10-06 09:59:11 - [MESSAGE][PASSED] - Current window maximized

2023-10-06 09:59:11 - [TEST_STEP][PASSED] - verifyElementPresent(findTestObject("Login Admin/Verifikasi Halaman Administrator"), 0): Object 'Object Repository/Login Admin/Verifikasi Halaman Administrator' is present

2023-10-06 09:59:11 - [MESSAGE][WARNING] - Timeout '0' is invalid. Using default page load timeout: '30'

2023-10-06 09:59:11 - [MESSAGE][PASSED] - Object 'Object Repository/Login Admin/Verifikasi Halaman Administrator' is present

2023-10-06 09:59:11 - [TEST_STEP][PASSED] - setText(findTestObject("Login Admin/Input Username Admin"), "admin"): Text 'admin' is set on object 'Object Repository/Login Admin/Input Username Admin'

2023-10-06 09:59:12 - [MESSAGE][PASSED] - Text 'admin' is set on object 'Object Repository/Login Admin/Input Username Admin'

2023-10-06 09:59:12 - [TEST_STEP][PASSED] - setEncryptedText(findTestObject("Login Admin/Input Password Admin"), "374mkdZ/lqyNS21oH+MJZQ=="): Text ****** has been set on object 'Object Repository/Login Admin/Input Password Admin'

2023-10-06 09:59:12 - [MESSAGE][PASSED] - Text ****** has been set on object 'Object Repository/Login Admin/Input Password Admin'

2023-10-06 09:59:12 - [TEST_STEP][PASSED] - delay(10): Delayed 10 second(s)

2023-10-06 09:59:22 - [MESSAGE][PASSED] - Delayed 10 second(s)

2023-10-06 09:59:22 - [TEST_STEP][PASSED] - click(findTestObject("Login Admin/Botton Sign In")): Object: 'Object Repository/Login Admin/Botton Sign In' is clicked on

2023-10-06 09:59:24 - [MESSAGE][PASSED] - Object: 'Object Repository/Login Admin/Botton Sign In' is clicked on

2023-10-06 09:59:24 - [TEST_STEP][PASSED] - verifyElementPresent(findTestObject("Login Admin/Verifikasi Halaman Login Admin"), 0): Object 'Object Repository/Login Admin/Verifikasi Halaman Login Admin' is present

2023-10-06 09:59:24 - [MESSAGE][WARNING] - Timeout '0' is invalid. Using default page load timeout: '30'

2023-10-06 09:59:24 - [MESSAGE][PASSED] - Object 'Object Repository/Login Admin/Verifikasi Halaman Login Admin' is present

2023-10-06 09:59:24 - [MESSAGE][PASSED] - Call Test Case 'Test Cases/Login Admin/TC-Login Admin-001' successfully

2023-10-06 09:59:24 - [TEST_STEP][PASSED] - click(findTestObject("Product Admin/Master Market")): Object: 'Object Repository/Product Admin/Master Market' is clicked on

2023-10-06 09:59:25 - [MESSAGE][PASSED] - Object: 'Object Repository/Product Admin/Master Market' is clicked on

2023-10-06 09:59:25 - [TEST_STEP][PASSED] - click(findTestObject("Product Admin/Produk Admin")): Object: 'Object Repository/Product Admin/Produk Admin' is clicked on

2023-10-06 09:59:26 - [MESSAGE][PASSED] - Object: 'Object Repository/Product Admin/Produk Admin' is clicked on

2023-10-06 09:59:26 - [TEST_STEP][PASSED] - verifyElementPresent(findTestObject("Product Admin/Veridikasi Halaman Semua Produk"), 0): Object 'Object Repository/Product Admin/Veridikasi Halaman Semua Produk' is present

2023-10-06 09:59:26 - [MESSAGE][WARNING] - Timeout '0' is invalid. Using default page load timeout: '30'

2023-10-06 09:59:26 - [MESSAGE][PASSED] - Object 'Object Repository/Product Admin/Veridikasi Halaman Semua Produk' is present

2023-10-06 09:59:26 - [MESSAGE][PASSED] - Call Test Case 'Test Cases/Product Admin/TC-PA-001' successfully

2023-10-06 09:59:26 - [TEST_STEP][PASSED] - click(findTestObject("Product Admin/Button Sort Stok")): Object: 'Object Repository/Product Admin/Button Sort Stok' is clicked on

2023-10-06 09:59:27 - [MESSAGE][PASSED] - Object: 'Object Repository/Product Admin/Button Sort Stok' is clicked on

2023-10-06 09:59:27 - [TEST_STEP][PASSED] - dataList = findWebElements(findTestObject("Object Repository/Product Admin/Data Jumlah Stok"), 10): null

2023-10-06 09:59:27 - [TEST_STEP][PASSED] - arrProdukNameOri = []: null

2023-10-06 09:59:27 - [TEST_STEP][PASSED] - arrProdukNameSort = []: null

2023-10-06 09:59:27 - [TEST_STEP][PASSED] - for ([i = 0, i < dataList.size(), (i++)]): null

2023-10-06 09:59:27 - [TEST_STEP][PASSED] - text = text: null

2023-10-06 09:59:27 - [TEST_STEP][PASSED] - arrProdukNameOri[i] = Integer.parseInt(text.replace(",", "")): null

2023-10-06 09:59:27 - [TEST_STEP][PASSED] - arrProdukNameSort[i] = Integer.parseInt(text.replace(",", "")): null

2023-10-06 09:59:27 - [TEST_STEP][PASSED] - text = text: null

2023-10-06 09:59:27 - [TEST_STEP][PASSED] - arrProdukNameOri[i] = Integer.parseInt(text.replace(",", "")): null

2023-10-06 09:59:27 - [TEST_STEP][PASSED] - arrProdukNameSort[i] = Integer.parseInt(text.replace(",", "")): null

2023-10-06 09:59:27 - [TEST_STEP][PASSED] - text = text: null

2023-10-06 09:59:27 - [TEST_STEP][PASSED] - arrProdukNameOri[i] = Integer.parseInt(text.replace(",", "")): null

2023-10-06 09:59:27 - [TEST_STEP][PASSED] - arrProdukNameSort[i] = Integer.parseInt(text.replace(",", "")): null

2023-10-06 09:59:27 - [TEST_STEP][PASSED] - text = text: null

2023-10-06 09:59:27 - [TEST_STEP][PASSED] - arrProdukNameOri[i] = Integer.parseInt(text.replace(",", "")): null

2023-10-06 09:59:27 - [TEST_STEP][PASSED] - arrProdukNameSort[i] = Integer.parseInt(text.replace(",", "")): null

2023-10-06 09:59:27 - [TEST_STEP][PASSED] - text = text: null

2023-10-06 09:59:27 - [TEST_STEP][PASSED] - arrProdukNameOri[i] = Integer.parseInt(text.replace(",", "")): null

2023-10-06 09:59:27 - [TEST_STEP][PASSED] - arrProdukNameSort[i] = Integer.parseInt(text.replace(",", "")): null

2023-10-06 09:59:27 - [TEST_STEP][PASSED] - text = text: null

2023-10-06 09:59:27 - [TEST_STEP][PASSED] - arrProdukNameOri[i] = Integer.parseInt(text.replace(",", "")): null

2023-10-06 09:59:27 - [TEST_STEP][PASSED] - arrProdukNameSort[i] = Integer.parseInt(text.replace(",", "")): null

2023-10-06 09:59:27 - [TEST_STEP][PASSED] - text = text: null

2023-10-06 09:59:27 - [TEST_STEP][PASSED] - arrProdukNameOri[i] = Integer.parseInt(text.replace(",", "")): null

2023-10-06 09:59:27 - [TEST_STEP][PASSED] - arrProdukNameSort[i] = Integer.parseInt(text.replace(",", "")): null

2023-10-06 09:59:27 - [TEST_STEP][PASSED] - text = text: null

2023-10-06 09:59:27 - [TEST_STEP][PASSED] - arrProdukNameOri[i] = Integer.parseInt(text.replace(",", "")): null

2023-10-06 09:59:27 - [TEST_STEP][PASSED] - arrProdukNameSort[i] = Integer.parseInt(text.replace(",", "")): null

2023-10-06 09:59:27 - [TEST_STEP][PASSED] - text = text: null

2023-10-06 09:59:27 - [TEST_STEP][PASSED] - arrProdukNameOri[i] = Integer.parseInt(text.replace(",", "")): null

2023-10-06 09:59:27 - [TEST_STEP][PASSED] - arrProdukNameSort[i] = Integer.parseInt(text.replace(",", "")): null

2023-10-06 09:59:27 - [TEST_STEP][PASSED] - text = text: null

2023-10-06 09:59:27 - [TEST_STEP][PASSED] - arrProdukNameOri[i] = Integer.parseInt(text.replace(",", "")): null

2023-10-06 09:59:27 - [TEST_STEP][PASSED] - arrProdukNameSort[i] = Integer.parseInt(text.replace(",", "")): null

2023-10-06 09:59:27 - [TEST_STEP][PASSED] - Arrays.sort(arrProdukNameSort): null

2023-10-06 09:59:27 - [TEST_STEP][PASSED] - println(arrProdukNameOri): null

2023-10-06 09:59:27 - [TEST_STEP][PASSED] - println(arrProdukNameSort): null

2023-10-06 09:59:27 - [TEST_STEP][PASSED] - assert arrProdukNameOri == arrProdukNameSort: null

2023-10-06 09:59:27 - [MESSAGE][PASSED] - Call Test Case 'Test Cases/Product Admin/TC-PA-013' successfully

2023-10-06 09:59:27 - [TEST_STEP][PASSED] - click(findTestObject("Product Admin/Button Sort Stok")): Object: 'Object Repository/Product Admin/Button Sort Stok' is clicked on

2023-10-06 09:59:28 - [MESSAGE][PASSED] - Object: 'Object Repository/Product Admin/Button Sort Stok' is clicked on

2023-10-06 09:59:28 - [TEST_STEP][PASSED] - dataList = findWebElements(findTestObject("Object Repository/Product Admin/Data Jumlah Stok"), 10): null

2023-10-06 09:59:28 - [TEST_STEP][PASSED] - arrProdukNameOri = []: null

2023-10-06 09:59:28 - [TEST_STEP][PASSED] - arrProdukNameSort = []: null

2023-10-06 09:59:28 - [TEST_STEP][PASSED] - for ([i = 0, i < dataList.size(), (i++)]): null

2023-10-06 09:59:28 - [TEST_STEP][PASSED] - text = text: null

2023-10-06 09:59:28 - [TEST_STEP][PASSED] - arrProdukNameOri[i] = Integer.parseInt(text.replace(",", "")): null

2023-10-06 09:59:28 - [TEST_STEP][PASSED] - arrProdukNameSort[i] = Integer.parseInt(text.replace(",", "")): null

2023-10-06 09:59:28 - [TEST_STEP][PASSED] - text = text: null

2023-10-06 09:59:28 - [TEST_STEP][PASSED] - arrProdukNameOri[i] = Integer.parseInt(text.replace(",", "")): null

2023-10-06 09:59:28 - [TEST_STEP][PASSED] - arrProdukNameSort[i] = Integer.parseInt(text.replace(",", "")): null

2023-10-06 09:59:28 - [TEST_STEP][PASSED] - text = text: null

2023-10-06 09:59:28 - [TEST_STEP][PASSED] - arrProdukNameOri[i] = Integer.parseInt(text.replace(",", "")): null

2023-10-06 09:59:28 - [TEST_STEP][PASSED] - arrProdukNameSort[i] = Integer.parseInt(text.replace(",", "")): null

2023-10-06 09:59:28 - [TEST_STEP][PASSED] - text = text: null

2023-10-06 09:59:28 - [TEST_STEP][PASSED] - arrProdukNameOri[i] = Integer.parseInt(text.replace(",", "")): null

2023-10-06 09:59:28 - [TEST_STEP][PASSED] - arrProdukNameSort[i] = Integer.parseInt(text.replace(",", "")): null

2023-10-06 09:59:28 - [TEST_STEP][PASSED] - text = text: null

2023-10-06 09:59:28 - [TEST_STEP][PASSED] - arrProdukNameOri[i] = Integer.parseInt(text.replace(",", "")): null

2023-10-06 09:59:28 - [TEST_STEP][PASSED] - arrProdukNameSort[i] = Integer.parseInt(text.replace(",", "")): null

2023-10-06 09:59:28 - [TEST_STEP][PASSED] - text = text: null

2023-10-06 09:59:28 - [TEST_STEP][PASSED] - arrProdukNameOri[i] = Integer.parseInt(text.replace(",", "")): null

2023-10-06 09:59:28 - [TEST_STEP][PASSED] - arrProdukNameSort[i] = Integer.parseInt(text.replace(",", "")): null

2023-10-06 09:59:28 - [TEST_STEP][PASSED] - text = text: null

2023-10-06 09:59:28 - [TEST_STEP][PASSED] - arrProdukNameOri[i] = Integer.parseInt(text.replace(",", "")): null

2023-10-06 09:59:28 - [TEST_STEP][PASSED] - arrProdukNameSort[i] = Integer.parseInt(text.replace(",", "")): null

2023-10-06 09:59:28 - [TEST_STEP][PASSED] - text = text: null

2023-10-06 09:59:28 - [TEST_STEP][PASSED] - arrProdukNameOri[i] = Integer.parseInt(text.replace(",", "")): null

2023-10-06 09:59:28 - [TEST_STEP][PASSED] - arrProdukNameSort[i] = Integer.parseInt(text.replace(",", "")): null

2023-10-06 09:59:28 - [TEST_STEP][PASSED] - text = text: null

2023-10-06 09:59:28 - [TEST_STEP][PASSED] - arrProdukNameOri[i] = Integer.parseInt(text.replace(",", "")): null

2023-10-06 09:59:28 - [TEST_STEP][PASSED] - arrProdukNameSort[i] = Integer.parseInt(text.replace(",", "")): null

2023-10-06 09:59:28 - [TEST_STEP][PASSED] - text = text: null

2023-10-06 09:59:28 - [TEST_STEP][PASSED] - arrProdukNameOri[i] = Integer.parseInt(text.replace(",", "")): null

2023-10-06 09:59:28 - [TEST_STEP][PASSED] - arrProdukNameSort[i] = Integer.parseInt(text.replace(",", "")): null

2023-10-06 09:59:28 - [TEST_STEP][PASSED] - Arrays.sort(arrProdukNameSort, Collections.reverseOrder()): null

2023-10-06 09:59:28 - [TEST_STEP][PASSED] - println(arrProdukNameOri): null

2023-10-06 09:59:28 - [TEST_STEP][PASSED] - println(arrProdukNameSort): null

2023-10-06 09:59:28 - [TEST_STEP][PASSED] - assert arrProdukNameOri == arrProdukNameSort: null]]></system-out>
         <system-err><![CDATA[]]></system-err>
      </testcase>
      <testcase name="Test Cases/Product Admin/TC-PA-015" time="22.981" classname="Test Cases/Product Admin/TC-PA-015" status="PASSED">
         <system-out><![CDATA[2023-10-06 09:59:28 - [TEST_CASE][PASSED] - Test Cases/Product Admin/TC-PA-015: Test Cases/Product Admin/TC-PA-015

2023-10-06 09:59:29 - [TEST_STEP][PASSED] - callTestCase(findTestCase("Product Admin/TC-PA-001"), [:], STOP_ON_FAILURE): Call Test Case 'Test Cases/Product Admin/TC-PA-001' successfully

2023-10-06 09:59:29 - [TEST_CASE][PASSED] - Test Cases/Product Admin/TC-PA-001: Test Cases/Product Admin/TC-PA-001

2023-10-06 09:59:29 - [TEST_STEP][PASSED] - callTestCase(findTestCase("Login Admin/TC-Login Admin-001"), [:], STOP_ON_FAILURE): Call Test Case 'Test Cases/Login Admin/TC-Login Admin-001' successfully

2023-10-06 09:59:29 - [TEST_CASE][PASSED] - Test Cases/Login Admin/TC-Login Admin-001: Test Cases/Login Admin/TC-Login Admin-001

2023-10-06 09:59:29 - [TEST_STEP][PASSED] - openBrowser(adminTajalapak): Browser is opened with url: 'https://10.9.2.63/ecommerce/administrator'

2023-10-06 09:59:29 - [MESSAGE][WARNING] - A browser is already opened. Closing browser and opening a new one

2023-10-06 09:59:29 - [MESSAGE][INFO] - Starting 'Edge Chromium' driver

2023-10-06 09:59:29 - [MESSAGE][INFO] - User set preference: ['acceptInsecureCerts', 'true']

2023-10-06 09:59:32 - [MESSAGE][INFO] - Action delay is set to 0 milliseconds

2023-10-06 09:59:34 - [MESSAGE][PASSED] - Browser is opened with url: 'https://10.9.2.63/ecommerce/administrator'

2023-10-06 09:59:34 - [TEST_STEP][PASSED] - maximizeWindow(): Current window maximized

2023-10-06 09:59:35 - [MESSAGE][PASSED] - Current window maximized

2023-10-06 09:59:35 - [TEST_STEP][PASSED] - verifyElementPresent(findTestObject("Login Admin/Verifikasi Halaman Administrator"), 0): Object 'Object Repository/Login Admin/Verifikasi Halaman Administrator' is present

2023-10-06 09:59:35 - [MESSAGE][WARNING] - Timeout '0' is invalid. Using default page load timeout: '30'

2023-10-06 09:59:35 - [MESSAGE][PASSED] - Object 'Object Repository/Login Admin/Verifikasi Halaman Administrator' is present

2023-10-06 09:59:35 - [TEST_STEP][PASSED] - setText(findTestObject("Login Admin/Input Username Admin"), "admin"): Text 'admin' is set on object 'Object Repository/Login Admin/Input Username Admin'

2023-10-06 09:59:36 - [MESSAGE][PASSED] - Text 'admin' is set on object 'Object Repository/Login Admin/Input Username Admin'

2023-10-06 09:59:36 - [TEST_STEP][PASSED] - setEncryptedText(findTestObject("Login Admin/Input Password Admin"), "374mkdZ/lqyNS21oH+MJZQ=="): Text ****** has been set on object 'Object Repository/Login Admin/Input Password Admin'

2023-10-06 09:59:36 - [MESSAGE][PASSED] - Text ****** has been set on object 'Object Repository/Login Admin/Input Password Admin'

2023-10-06 09:59:36 - [TEST_STEP][PASSED] - delay(10): Delayed 10 second(s)

2023-10-06 09:59:46 - [MESSAGE][PASSED] - Delayed 10 second(s)

2023-10-06 09:59:46 - [TEST_STEP][PASSED] - click(findTestObject("Login Admin/Botton Sign In")): Object: 'Object Repository/Login Admin/Botton Sign In' is clicked on

2023-10-06 09:59:48 - [MESSAGE][PASSED] - Object: 'Object Repository/Login Admin/Botton Sign In' is clicked on

2023-10-06 09:59:48 - [TEST_STEP][PASSED] - verifyElementPresent(findTestObject("Login Admin/Verifikasi Halaman Login Admin"), 0): Object 'Object Repository/Login Admin/Verifikasi Halaman Login Admin' is present

2023-10-06 09:59:48 - [MESSAGE][WARNING] - Timeout '0' is invalid. Using default page load timeout: '30'

2023-10-06 09:59:48 - [MESSAGE][PASSED] - Object 'Object Repository/Login Admin/Verifikasi Halaman Login Admin' is present

2023-10-06 09:59:48 - [MESSAGE][PASSED] - Call Test Case 'Test Cases/Login Admin/TC-Login Admin-001' successfully

2023-10-06 09:59:48 - [TEST_STEP][PASSED] - click(findTestObject("Product Admin/Master Market")): Object: 'Object Repository/Product Admin/Master Market' is clicked on

2023-10-06 09:59:49 - [MESSAGE][PASSED] - Object: 'Object Repository/Product Admin/Master Market' is clicked on

2023-10-06 09:59:49 - [TEST_STEP][PASSED] - click(findTestObject("Product Admin/Produk Admin")): Object: 'Object Repository/Product Admin/Produk Admin' is clicked on

2023-10-06 09:59:50 - [MESSAGE][PASSED] - Object: 'Object Repository/Product Admin/Produk Admin' is clicked on

2023-10-06 09:59:50 - [TEST_STEP][PASSED] - verifyElementPresent(findTestObject("Product Admin/Veridikasi Halaman Semua Produk"), 0): Object 'Object Repository/Product Admin/Veridikasi Halaman Semua Produk' is present

2023-10-06 09:59:50 - [MESSAGE][WARNING] - Timeout '0' is invalid. Using default page load timeout: '30'

2023-10-06 09:59:50 - [MESSAGE][PASSED] - Object 'Object Repository/Product Admin/Veridikasi Halaman Semua Produk' is present

2023-10-06 09:59:50 - [MESSAGE][PASSED] - Call Test Case 'Test Cases/Product Admin/TC-PA-001' successfully

2023-10-06 09:59:50 - [TEST_STEP][PASSED] - click(findTestObject("Product Admin/Button Sort Satuan")): Object: 'Object Repository/Product Admin/Button Sort Satuan' is clicked on

2023-10-06 09:59:51 - [MESSAGE][PASSED] - Object: 'Object Repository/Product Admin/Button Sort Satuan' is clicked on

2023-10-06 09:59:51 - [TEST_STEP][PASSED] - dataList = findWebElements(findTestObject("Object Repository/Product Admin/Data Jenis Satuan"), 10): null

2023-10-06 09:59:51 - [TEST_STEP][PASSED] - arrProdukNameOri = []: null

2023-10-06 09:59:51 - [TEST_STEP][PASSED] - arrProdukNameSort = []: null

2023-10-06 09:59:51 - [TEST_STEP][PASSED] - for ([i = 0, i < dataList.size(), (i++)]): null

2023-10-06 09:59:51 - [TEST_STEP][PASSED] - text = text: null

2023-10-06 09:59:51 - [TEST_STEP][PASSED] - arrProdukNameOri[i] = text: null

2023-10-06 09:59:51 - [TEST_STEP][PASSED] - arrProdukNameSort[i] = text: null

2023-10-06 09:59:51 - [TEST_STEP][PASSED] - text = text: null

2023-10-06 09:59:51 - [TEST_STEP][PASSED] - arrProdukNameOri[i] = text: null

2023-10-06 09:59:51 - [TEST_STEP][PASSED] - arrProdukNameSort[i] = text: null

2023-10-06 09:59:51 - [TEST_STEP][PASSED] - text = text: null

2023-10-06 09:59:51 - [TEST_STEP][PASSED] - arrProdukNameOri[i] = text: null

2023-10-06 09:59:51 - [TEST_STEP][PASSED] - arrProdukNameSort[i] = text: null

2023-10-06 09:59:51 - [TEST_STEP][PASSED] - text = text: null

2023-10-06 09:59:51 - [TEST_STEP][PASSED] - arrProdukNameOri[i] = text: null

2023-10-06 09:59:51 - [TEST_STEP][PASSED] - arrProdukNameSort[i] = text: null

2023-10-06 09:59:51 - [TEST_STEP][PASSED] - text = text: null

2023-10-06 09:59:51 - [TEST_STEP][PASSED] - arrProdukNameOri[i] = text: null

2023-10-06 09:59:51 - [TEST_STEP][PASSED] - arrProdukNameSort[i] = text: null

2023-10-06 09:59:51 - [TEST_STEP][PASSED] - text = text: null

2023-10-06 09:59:51 - [TEST_STEP][PASSED] - arrProdukNameOri[i] = text: null

2023-10-06 09:59:51 - [TEST_STEP][PASSED] - arrProdukNameSort[i] = text: null

2023-10-06 09:59:51 - [TEST_STEP][PASSED] - text = text: null

2023-10-06 09:59:51 - [TEST_STEP][PASSED] - arrProdukNameOri[i] = text: null

2023-10-06 09:59:51 - [TEST_STEP][PASSED] - arrProdukNameSort[i] = text: null

2023-10-06 09:59:51 - [TEST_STEP][PASSED] - text = text: null

2023-10-06 09:59:51 - [TEST_STEP][PASSED] - arrProdukNameOri[i] = text: null

2023-10-06 09:59:51 - [TEST_STEP][PASSED] - arrProdukNameSort[i] = text: null

2023-10-06 09:59:51 - [TEST_STEP][PASSED] - text = text: null

2023-10-06 09:59:51 - [TEST_STEP][PASSED] - arrProdukNameOri[i] = text: null

2023-10-06 09:59:51 - [TEST_STEP][PASSED] - arrProdukNameSort[i] = text: null

2023-10-06 09:59:51 - [TEST_STEP][PASSED] - text = text: null

2023-10-06 09:59:51 - [TEST_STEP][PASSED] - arrProdukNameOri[i] = text: null

2023-10-06 09:59:51 - [TEST_STEP][PASSED] - arrProdukNameSort[i] = text: null

2023-10-06 09:59:51 - [TEST_STEP][PASSED] - Arrays.sort(arrProdukNameSort): null

2023-10-06 09:59:51 - [TEST_STEP][PASSED] - println(arrProdukNameOri): null

2023-10-06 09:59:51 - [TEST_STEP][PASSED] - println(arrProdukNameSort): null

2023-10-06 09:59:51 - [TEST_STEP][PASSED] - assert arrProdukNameOri == arrProdukNameSort: null]]></system-out>
         <system-err><![CDATA[]]></system-err>
      </testcase>
      <testcase name="Test Cases/Product Admin/TC-PA-016" time="23.516" classname="Test Cases/Product Admin/TC-PA-016" status="PASSED">
         <system-out><![CDATA[2023-10-06 09:59:51 - [TEST_CASE][PASSED] - Test Cases/Product Admin/TC-PA-016: Test Cases/Product Admin/TC-PA-016

2023-10-06 09:59:52 - [TEST_STEP][PASSED] - callTestCase(findTestCase("Product Admin/TC-PA-015"), [:], STOP_ON_FAILURE): Call Test Case 'Test Cases/Product Admin/TC-PA-015' successfully

2023-10-06 09:59:52 - [TEST_CASE][PASSED] - Test Cases/Product Admin/TC-PA-015: Test Cases/Product Admin/TC-PA-015

2023-10-06 09:59:52 - [TEST_STEP][PASSED] - callTestCase(findTestCase("Product Admin/TC-PA-001"), [:], STOP_ON_FAILURE): Call Test Case 'Test Cases/Product Admin/TC-PA-001' successfully

2023-10-06 09:59:52 - [TEST_CASE][PASSED] - Test Cases/Product Admin/TC-PA-001: Test Cases/Product Admin/TC-PA-001

2023-10-06 09:59:52 - [TEST_STEP][PASSED] - callTestCase(findTestCase("Login Admin/TC-Login Admin-001"), [:], STOP_ON_FAILURE): Call Test Case 'Test Cases/Login Admin/TC-Login Admin-001' successfully

2023-10-06 09:59:52 - [TEST_CASE][PASSED] - Test Cases/Login Admin/TC-Login Admin-001: Test Cases/Login Admin/TC-Login Admin-001

2023-10-06 09:59:52 - [TEST_STEP][PASSED] - openBrowser(adminTajalapak): Browser is opened with url: 'https://10.9.2.63/ecommerce/administrator'

2023-10-06 09:59:52 - [MESSAGE][WARNING] - A browser is already opened. Closing browser and opening a new one

2023-10-06 09:59:53 - [MESSAGE][INFO] - Starting 'Edge Chromium' driver

2023-10-06 09:59:53 - [MESSAGE][INFO] - User set preference: ['acceptInsecureCerts', 'true']

2023-10-06 09:59:55 - [MESSAGE][INFO] - Action delay is set to 0 milliseconds

2023-10-06 09:59:57 - [MESSAGE][PASSED] - Browser is opened with url: 'https://10.9.2.63/ecommerce/administrator'

2023-10-06 09:59:57 - [TEST_STEP][PASSED] - maximizeWindow(): Current window maximized

2023-10-06 09:59:57 - [MESSAGE][PASSED] - Current window maximized

2023-10-06 09:59:57 - [TEST_STEP][PASSED] - verifyElementPresent(findTestObject("Login Admin/Verifikasi Halaman Administrator"), 0): Object 'Object Repository/Login Admin/Verifikasi Halaman Administrator' is present

2023-10-06 09:59:57 - [MESSAGE][WARNING] - Timeout '0' is invalid. Using default page load timeout: '30'

2023-10-06 09:59:58 - [MESSAGE][PASSED] - Object 'Object Repository/Login Admin/Verifikasi Halaman Administrator' is present

2023-10-06 09:59:58 - [TEST_STEP][PASSED] - setText(findTestObject("Login Admin/Input Username Admin"), "admin"): Text 'admin' is set on object 'Object Repository/Login Admin/Input Username Admin'

2023-10-06 09:59:58 - [MESSAGE][PASSED] - Text 'admin' is set on object 'Object Repository/Login Admin/Input Username Admin'

2023-10-06 09:59:58 - [TEST_STEP][PASSED] - setEncryptedText(findTestObject("Login Admin/Input Password Admin"), "374mkdZ/lqyNS21oH+MJZQ=="): Text ****** has been set on object 'Object Repository/Login Admin/Input Password Admin'

2023-10-06 09:59:59 - [MESSAGE][PASSED] - Text ****** has been set on object 'Object Repository/Login Admin/Input Password Admin'

2023-10-06 09:59:59 - [TEST_STEP][PASSED] - delay(10): Delayed 10 second(s)

2023-10-06 10:00:09 - [MESSAGE][PASSED] - Delayed 10 second(s)

2023-10-06 10:00:09 - [TEST_STEP][PASSED] - click(findTestObject("Login Admin/Botton Sign In")): Object: 'Object Repository/Login Admin/Botton Sign In' is clicked on

2023-10-06 10:00:10 - [MESSAGE][PASSED] - Object: 'Object Repository/Login Admin/Botton Sign In' is clicked on

2023-10-06 10:00:10 - [TEST_STEP][PASSED] - verifyElementPresent(findTestObject("Login Admin/Verifikasi Halaman Login Admin"), 0): Object 'Object Repository/Login Admin/Verifikasi Halaman Login Admin' is present

2023-10-06 10:00:10 - [MESSAGE][WARNING] - Timeout '0' is invalid. Using default page load timeout: '30'

2023-10-06 10:00:11 - [MESSAGE][PASSED] - Object 'Object Repository/Login Admin/Verifikasi Halaman Login Admin' is present

2023-10-06 10:00:11 - [MESSAGE][PASSED] - Call Test Case 'Test Cases/Login Admin/TC-Login Admin-001' successfully

2023-10-06 10:00:11 - [TEST_STEP][PASSED] - click(findTestObject("Product Admin/Master Market")): Object: 'Object Repository/Product Admin/Master Market' is clicked on

2023-10-06 10:00:11 - [MESSAGE][PASSED] - Object: 'Object Repository/Product Admin/Master Market' is clicked on

2023-10-06 10:00:11 - [TEST_STEP][PASSED] - click(findTestObject("Product Admin/Produk Admin")): Object: 'Object Repository/Product Admin/Produk Admin' is clicked on

2023-10-06 10:00:13 - [MESSAGE][PASSED] - Object: 'Object Repository/Product Admin/Produk Admin' is clicked on

2023-10-06 10:00:13 - [TEST_STEP][PASSED] - verifyElementPresent(findTestObject("Product Admin/Veridikasi Halaman Semua Produk"), 0): Object 'Object Repository/Product Admin/Veridikasi Halaman Semua Produk' is present

2023-10-06 10:00:13 - [MESSAGE][WARNING] - Timeout '0' is invalid. Using default page load timeout: '30'

2023-10-06 10:00:13 - [MESSAGE][PASSED] - Object 'Object Repository/Product Admin/Veridikasi Halaman Semua Produk' is present

2023-10-06 10:00:13 - [MESSAGE][PASSED] - Call Test Case 'Test Cases/Product Admin/TC-PA-001' successfully

2023-10-06 10:00:13 - [TEST_STEP][PASSED] - click(findTestObject("Product Admin/Button Sort Satuan")): Object: 'Object Repository/Product Admin/Button Sort Satuan' is clicked on

2023-10-06 10:00:13 - [MESSAGE][PASSED] - Object: 'Object Repository/Product Admin/Button Sort Satuan' is clicked on

2023-10-06 10:00:13 - [TEST_STEP][PASSED] - dataList = findWebElements(findTestObject("Object Repository/Product Admin/Data Jenis Satuan"), 10): null

2023-10-06 10:00:14 - [TEST_STEP][PASSED] - arrProdukNameOri = []: null

2023-10-06 10:00:14 - [TEST_STEP][PASSED] - arrProdukNameSort = []: null

2023-10-06 10:00:14 - [TEST_STEP][PASSED] - for ([i = 0, i < dataList.size(), (i++)]): null

2023-10-06 10:00:14 - [TEST_STEP][PASSED] - text = text: null

2023-10-06 10:00:14 - [TEST_STEP][PASSED] - arrProdukNameOri[i] = text: null

2023-10-06 10:00:14 - [TEST_STEP][PASSED] - arrProdukNameSort[i] = text: null

2023-10-06 10:00:14 - [TEST_STEP][PASSED] - text = text: null

2023-10-06 10:00:14 - [TEST_STEP][PASSED] - arrProdukNameOri[i] = text: null

2023-10-06 10:00:14 - [TEST_STEP][PASSED] - arrProdukNameSort[i] = text: null

2023-10-06 10:00:14 - [TEST_STEP][PASSED] - text = text: null

2023-10-06 10:00:14 - [TEST_STEP][PASSED] - arrProdukNameOri[i] = text: null

2023-10-06 10:00:14 - [TEST_STEP][PASSED] - arrProdukNameSort[i] = text: null

2023-10-06 10:00:14 - [TEST_STEP][PASSED] - text = text: null

2023-10-06 10:00:14 - [TEST_STEP][PASSED] - arrProdukNameOri[i] = text: null

2023-10-06 10:00:14 - [TEST_STEP][PASSED] - arrProdukNameSort[i] = text: null

2023-10-06 10:00:14 - [TEST_STEP][PASSED] - text = text: null

2023-10-06 10:00:14 - [TEST_STEP][PASSED] - arrProdukNameOri[i] = text: null

2023-10-06 10:00:14 - [TEST_STEP][PASSED] - arrProdukNameSort[i] = text: null

2023-10-06 10:00:14 - [TEST_STEP][PASSED] - text = text: null

2023-10-06 10:00:14 - [TEST_STEP][PASSED] - arrProdukNameOri[i] = text: null

2023-10-06 10:00:14 - [TEST_STEP][PASSED] - arrProdukNameSort[i] = text: null

2023-10-06 10:00:14 - [TEST_STEP][PASSED] - text = text: null

2023-10-06 10:00:14 - [TEST_STEP][PASSED] - arrProdukNameOri[i] = text: null

2023-10-06 10:00:14 - [TEST_STEP][PASSED] - arrProdukNameSort[i] = text: null

2023-10-06 10:00:14 - [TEST_STEP][PASSED] - text = text: null

2023-10-06 10:00:14 - [TEST_STEP][PASSED] - arrProdukNameOri[i] = text: null

2023-10-06 10:00:14 - [TEST_STEP][PASSED] - arrProdukNameSort[i] = text: null

2023-10-06 10:00:14 - [TEST_STEP][PASSED] - text = text: null

2023-10-06 10:00:14 - [TEST_STEP][PASSED] - arrProdukNameOri[i] = text: null

2023-10-06 10:00:14 - [TEST_STEP][PASSED] - arrProdukNameSort[i] = text: null

2023-10-06 10:00:14 - [TEST_STEP][PASSED] - text = text: null

2023-10-06 10:00:14 - [TEST_STEP][PASSED] - arrProdukNameOri[i] = text: null

2023-10-06 10:00:14 - [TEST_STEP][PASSED] - arrProdukNameSort[i] = text: null

2023-10-06 10:00:14 - [TEST_STEP][PASSED] - Arrays.sort(arrProdukNameSort): null

2023-10-06 10:00:14 - [TEST_STEP][PASSED] - println(arrProdukNameOri): null

2023-10-06 10:00:14 - [TEST_STEP][PASSED] - println(arrProdukNameSort): null

2023-10-06 10:00:14 - [TEST_STEP][PASSED] - assert arrProdukNameOri == arrProdukNameSort: null

2023-10-06 10:00:14 - [MESSAGE][PASSED] - Call Test Case 'Test Cases/Product Admin/TC-PA-015' successfully

2023-10-06 10:00:14 - [TEST_STEP][PASSED] - click(findTestObject("Product Admin/Button Sort Satuan")): Object: 'Object Repository/Product Admin/Button Sort Satuan' is clicked on

2023-10-06 10:00:14 - [MESSAGE][PASSED] - Object: 'Object Repository/Product Admin/Button Sort Satuan' is clicked on

2023-10-06 10:00:14 - [TEST_STEP][PASSED] - dataList = findWebElements(findTestObject("Object Repository/Product Admin/Data Jenis Satuan"), 10): null

2023-10-06 10:00:15 - [TEST_STEP][PASSED] - arrProdukNameOri = []: null

2023-10-06 10:00:15 - [TEST_STEP][PASSED] - arrProdukNameSort = []: null

2023-10-06 10:00:15 - [TEST_STEP][PASSED] - for ([i = 0, i < dataList.size(), (i++)]): null

2023-10-06 10:00:15 - [TEST_STEP][PASSED] - text = text: null

2023-10-06 10:00:15 - [TEST_STEP][PASSED] - arrProdukNameOri[i] = text.toLowerCase(): null

2023-10-06 10:00:15 - [TEST_STEP][PASSED] - arrProdukNameSort[i] = text.toLowerCase(): null

2023-10-06 10:00:15 - [TEST_STEP][PASSED] - text = text: null

2023-10-06 10:00:15 - [TEST_STEP][PASSED] - arrProdukNameOri[i] = text.toLowerCase(): null

2023-10-06 10:00:15 - [TEST_STEP][PASSED] - arrProdukNameSort[i] = text.toLowerCase(): null

2023-10-06 10:00:15 - [TEST_STEP][PASSED] - text = text: null

2023-10-06 10:00:15 - [TEST_STEP][PASSED] - arrProdukNameOri[i] = text.toLowerCase(): null

2023-10-06 10:00:15 - [TEST_STEP][PASSED] - arrProdukNameSort[i] = text.toLowerCase(): null

2023-10-06 10:00:15 - [TEST_STEP][PASSED] - text = text: null

2023-10-06 10:00:15 - [TEST_STEP][PASSED] - arrProdukNameOri[i] = text.toLowerCase(): null

2023-10-06 10:00:15 - [TEST_STEP][PASSED] - arrProdukNameSort[i] = text.toLowerCase(): null

2023-10-06 10:00:15 - [TEST_STEP][PASSED] - text = text: null

2023-10-06 10:00:15 - [TEST_STEP][PASSED] - arrProdukNameOri[i] = text.toLowerCase(): null

2023-10-06 10:00:15 - [TEST_STEP][PASSED] - arrProdukNameSort[i] = text.toLowerCase(): null

2023-10-06 10:00:15 - [TEST_STEP][PASSED] - text = text: null

2023-10-06 10:00:15 - [TEST_STEP][PASSED] - arrProdukNameOri[i] = text.toLowerCase(): null

2023-10-06 10:00:15 - [TEST_STEP][PASSED] - arrProdukNameSort[i] = text.toLowerCase(): null

2023-10-06 10:00:15 - [TEST_STEP][PASSED] - text = text: null

2023-10-06 10:00:15 - [TEST_STEP][PASSED] - arrProdukNameOri[i] = text.toLowerCase(): null

2023-10-06 10:00:15 - [TEST_STEP][PASSED] - arrProdukNameSort[i] = text.toLowerCase(): null

2023-10-06 10:00:15 - [TEST_STEP][PASSED] - text = text: null

2023-10-06 10:00:15 - [TEST_STEP][PASSED] - arrProdukNameOri[i] = text.toLowerCase(): null

2023-10-06 10:00:15 - [TEST_STEP][PASSED] - arrProdukNameSort[i] = text.toLowerCase(): null

2023-10-06 10:00:15 - [TEST_STEP][PASSED] - text = text: null

2023-10-06 10:00:15 - [TEST_STEP][PASSED] - arrProdukNameOri[i] = text.toLowerCase(): null

2023-10-06 10:00:15 - [TEST_STEP][PASSED] - arrProdukNameSort[i] = text.toLowerCase(): null

2023-10-06 10:00:15 - [TEST_STEP][PASSED] - text = text: null

2023-10-06 10:00:15 - [TEST_STEP][PASSED] - arrProdukNameOri[i] = text.toLowerCase(): null

2023-10-06 10:00:15 - [TEST_STEP][PASSED] - arrProdukNameSort[i] = text.toLowerCase(): null

2023-10-06 10:00:15 - [TEST_STEP][PASSED] - Arrays.sort(arrProdukNameSort, Collections.reverseOrder()): null

2023-10-06 10:00:15 - [TEST_STEP][PASSED] - println(arrProdukNameOri): null

2023-10-06 10:00:15 - [TEST_STEP][PASSED] - println(arrProdukNameSort): null

2023-10-06 10:00:15 - [TEST_STEP][PASSED] - assert arrProdukNameOri == arrProdukNameSort: null]]></system-out>
         <system-err><![CDATA[]]></system-err>
      </testcase>
      <testcase name="Test Cases/Product Admin/TC-PA-017" time="22.517" classname="Test Cases/Product Admin/TC-PA-017" status="FAILED">
         <failure type="FAILED" message="Test Cases/Product Admin/TC-PA-017 FAILED.
Reason:
Assertion failed: 

assert arrProdukNameOri == arrProdukNameSort
       |                |  |
       |                |  [-1, 0, 0, 1, 100, 100, 1100, 1000000000, 1000000000, 1000000000]
       |                false
       [-1, 0, 0, 1, 100, 100, 1000000000, 1000000000, 1000000000, 1100]

	at TC-PA-017.run(TC-PA-017:45)
	at com.kms.katalon.core.main.ScriptEngine.run(ScriptEngine.java:194)
	at com.kms.katalon.core.main.ScriptEngine.runScriptAsRawText(ScriptEngine.java:119)
	at com.kms.katalon.core.main.TestCaseExecutor.runScript(TestCaseExecutor.java:448)
	at com.kms.katalon.core.main.TestCaseExecutor.doExecute(TestCaseExecutor.java:439)
	at com.kms.katalon.core.main.TestCaseExecutor.processExecutionPhase(TestCaseExecutor.java:418)
	at com.kms.katalon.core.main.TestCaseExecutor.accessMainPhase(TestCaseExecutor.java:410)
	at com.kms.katalon.core.main.TestCaseExecutor.execute(TestCaseExecutor.java:285)
	at com.kms.katalon.core.common.CommonExecutor.accessTestCaseMainPhase(CommonExecutor.java:65)
	at com.kms.katalon.core.main.TestSuiteExecutor.accessTestSuiteMainPhase(TestSuiteExecutor.java:148)
	at com.kms.katalon.core.main.TestSuiteExecutor.execute(TestSuiteExecutor.java:106)
	at com.kms.katalon.core.main.TestCaseMain.startTestSuite(TestCaseMain.java:187)
	at com.kms.katalon.core.main.TestCaseMain$startTestSuite$0.call(Unknown Source)
	at TempTestSuite1696560832015.run(TempTestSuite1696560832015.groovy:36)
"/>
         <system-out><![CDATA[2023-10-06 10:00:15 - [TEST_CASE][FAILED] - Test Cases/Product Admin/TC-PA-017: Test Cases/Product Admin/TC-PA-017 FAILED.
Reason:
Assertion failed: 

assert arrProdukNameOri == arrProdukNameSort
       |                |  |
       |                |  [-1, 0, 0, 1, 100, 100, 1100, 1000000000, 1000000000, 1000000000]
       |                false
       [-1, 0, 0, 1, 100, 100, 1000000000, 1000000000, 1000000000, 1100]

	at TC-PA-017.run(TC-PA-017:45)
	at com.kms.katalon.core.main.ScriptEngine.run(ScriptEngine.java:194)
	at com.kms.katalon.core.main.ScriptEngine.runScriptAsRawText(ScriptEngine.java:119)
	at com.kms.katalon.core.main.TestCaseExecutor.runScript(TestCaseExecutor.java:448)
	at com.kms.katalon.core.main.TestCaseExecutor.doExecute(TestCaseExecutor.java:439)
	at com.kms.katalon.core.main.TestCaseExecutor.processExecutionPhase(TestCaseExecutor.java:418)
	at com.kms.katalon.core.main.TestCaseExecutor.accessMainPhase(TestCaseExecutor.java:410)
	at com.kms.katalon.core.main.TestCaseExecutor.execute(TestCaseExecutor.java:285)
	at com.kms.katalon.core.common.CommonExecutor.accessTestCaseMainPhase(CommonExecutor.java:65)
	at com.kms.katalon.core.main.TestSuiteExecutor.accessTestSuiteMainPhase(TestSuiteExecutor.java:148)
	at com.kms.katalon.core.main.TestSuiteExecutor.execute(TestSuiteExecutor.java:106)
	at com.kms.katalon.core.main.TestCaseMain.startTestSuite(TestCaseMain.java:187)
	at com.kms.katalon.core.main.TestCaseMain$startTestSuite$0.call(Unknown Source)
	at TempTestSuite1696560832015.run(TempTestSuite1696560832015.groovy:36)


2023-10-06 10:00:15 - [TEST_STEP][PASSED] - callTestCase(findTestCase("Product Admin/TC-PA-001"), [:], STOP_ON_FAILURE): Call Test Case 'Test Cases/Product Admin/TC-PA-001' successfully

2023-10-06 10:00:15 - [TEST_CASE][PASSED] - Test Cases/Product Admin/TC-PA-001: Test Cases/Product Admin/TC-PA-001

2023-10-06 10:00:15 - [TEST_STEP][PASSED] - callTestCase(findTestCase("Login Admin/TC-Login Admin-001"), [:], STOP_ON_FAILURE): Call Test Case 'Test Cases/Login Admin/TC-Login Admin-001' successfully

2023-10-06 10:00:15 - [TEST_CASE][PASSED] - Test Cases/Login Admin/TC-Login Admin-001: Test Cases/Login Admin/TC-Login Admin-001

2023-10-06 10:00:15 - [TEST_STEP][PASSED] - openBrowser(adminTajalapak): Browser is opened with url: 'https://10.9.2.63/ecommerce/administrator'

2023-10-06 10:00:15 - [MESSAGE][WARNING] - A browser is already opened. Closing browser and opening a new one

2023-10-06 10:00:16 - [MESSAGE][INFO] - Starting 'Edge Chromium' driver

2023-10-06 10:00:16 - [MESSAGE][INFO] - User set preference: ['acceptInsecureCerts', 'true']

2023-10-06 10:00:18 - [MESSAGE][INFO] - Action delay is set to 0 milliseconds

2023-10-06 10:00:21 - [MESSAGE][PASSED] - Browser is opened with url: 'https://10.9.2.63/ecommerce/administrator'

2023-10-06 10:00:21 - [TEST_STEP][PASSED] - maximizeWindow(): Current window maximized

2023-10-06 10:00:21 - [MESSAGE][PASSED] - Current window maximized

2023-10-06 10:00:21 - [TEST_STEP][PASSED] - verifyElementPresent(findTestObject("Login Admin/Verifikasi Halaman Administrator"), 0): Object 'Object Repository/Login Admin/Verifikasi Halaman Administrator' is present

2023-10-06 10:00:21 - [MESSAGE][WARNING] - Timeout '0' is invalid. Using default page load timeout: '30'

2023-10-06 10:00:21 - [MESSAGE][PASSED] - Object 'Object Repository/Login Admin/Verifikasi Halaman Administrator' is present

2023-10-06 10:00:21 - [TEST_STEP][PASSED] - setText(findTestObject("Login Admin/Input Username Admin"), "admin"): Text 'admin' is set on object 'Object Repository/Login Admin/Input Username Admin'

2023-10-06 10:00:22 - [MESSAGE][PASSED] - Text 'admin' is set on object 'Object Repository/Login Admin/Input Username Admin'

2023-10-06 10:00:22 - [TEST_STEP][PASSED] - setEncryptedText(findTestObject("Login Admin/Input Password Admin"), "374mkdZ/lqyNS21oH+MJZQ=="): Text ****** has been set on object 'Object Repository/Login Admin/Input Password Admin'

2023-10-06 10:00:22 - [MESSAGE][PASSED] - Text ****** has been set on object 'Object Repository/Login Admin/Input Password Admin'

2023-10-06 10:00:22 - [TEST_STEP][PASSED] - delay(10): Delayed 10 second(s)

2023-10-06 10:00:32 - [MESSAGE][PASSED] - Delayed 10 second(s)

2023-10-06 10:00:32 - [TEST_STEP][PASSED] - click(findTestObject("Login Admin/Botton Sign In")): Object: 'Object Repository/Login Admin/Botton Sign In' is clicked on

2023-10-06 10:00:34 - [MESSAGE][PASSED] - Object: 'Object Repository/Login Admin/Botton Sign In' is clicked on

2023-10-06 10:00:34 - [TEST_STEP][PASSED] - verifyElementPresent(findTestObject("Login Admin/Verifikasi Halaman Login Admin"), 0): Object 'Object Repository/Login Admin/Verifikasi Halaman Login Admin' is present

2023-10-06 10:00:34 - [MESSAGE][WARNING] - Timeout '0' is invalid. Using default page load timeout: '30'

2023-10-06 10:00:34 - [MESSAGE][PASSED] - Object 'Object Repository/Login Admin/Verifikasi Halaman Login Admin' is present

2023-10-06 10:00:34 - [MESSAGE][PASSED] - Call Test Case 'Test Cases/Login Admin/TC-Login Admin-001' successfully

2023-10-06 10:00:34 - [TEST_STEP][PASSED] - click(findTestObject("Product Admin/Master Market")): Object: 'Object Repository/Product Admin/Master Market' is clicked on

2023-10-06 10:00:35 - [MESSAGE][PASSED] - Object: 'Object Repository/Product Admin/Master Market' is clicked on

2023-10-06 10:00:35 - [TEST_STEP][PASSED] - click(findTestObject("Product Admin/Produk Admin")): Object: 'Object Repository/Product Admin/Produk Admin' is clicked on

2023-10-06 10:00:36 - [MESSAGE][PASSED] - Object: 'Object Repository/Product Admin/Produk Admin' is clicked on

2023-10-06 10:00:36 - [TEST_STEP][PASSED] - verifyElementPresent(findTestObject("Product Admin/Veridikasi Halaman Semua Produk"), 0): Object 'Object Repository/Product Admin/Veridikasi Halaman Semua Produk' is present

2023-10-06 10:00:36 - [MESSAGE][WARNING] - Timeout '0' is invalid. Using default page load timeout: '30'

2023-10-06 10:00:36 - [MESSAGE][PASSED] - Object 'Object Repository/Product Admin/Veridikasi Halaman Semua Produk' is present

2023-10-06 10:00:36 - [MESSAGE][PASSED] - Call Test Case 'Test Cases/Product Admin/TC-PA-001' successfully

2023-10-06 10:00:36 - [TEST_STEP][PASSED] - click(findTestObject("Product Admin/Button Sort Berat")): Object: 'Object Repository/Product Admin/Button Sort Berat' is clicked on

2023-10-06 10:00:37 - [MESSAGE][PASSED] - Object: 'Object Repository/Product Admin/Button Sort Berat' is clicked on

2023-10-06 10:00:37 - [TEST_STEP][PASSED] - dataList = findWebElements(findTestObject("Object Repository/Product Admin/Data Berat"), 10): null

2023-10-06 10:00:37 - [TEST_STEP][PASSED] - arrProdukNameOri = []: null

2023-10-06 10:00:37 - [TEST_STEP][PASSED] - arrProdukNameSort = []: null

2023-10-06 10:00:37 - [TEST_STEP][PASSED] - for ([i = 0, i < dataList.size(), (i++)]): null

2023-10-06 10:00:37 - [TEST_STEP][PASSED] - text = text: null

2023-10-06 10:00:37 - [TEST_STEP][PASSED] - arrProdukNameOri[i] = Integer.parseInt(text.replace(" G", "")): null

2023-10-06 10:00:37 - [TEST_STEP][PASSED] - arrProdukNameSort[i] = Integer.parseInt(text.replace(" G", "")): null

2023-10-06 10:00:37 - [TEST_STEP][PASSED] - text = text: null

2023-10-06 10:00:37 - [TEST_STEP][PASSED] - arrProdukNameOri[i] = Integer.parseInt(text.replace(" G", "")): null

2023-10-06 10:00:37 - [TEST_STEP][PASSED] - arrProdukNameSort[i] = Integer.parseInt(text.replace(" G", "")): null

2023-10-06 10:00:37 - [TEST_STEP][PASSED] - text = text: null

2023-10-06 10:00:37 - [TEST_STEP][PASSED] - arrProdukNameOri[i] = Integer.parseInt(text.replace(" G", "")): null

2023-10-06 10:00:37 - [TEST_STEP][PASSED] - arrProdukNameSort[i] = Integer.parseInt(text.replace(" G", "")): null

2023-10-06 10:00:37 - [TEST_STEP][PASSED] - text = text: null

2023-10-06 10:00:37 - [TEST_STEP][PASSED] - arrProdukNameOri[i] = Integer.parseInt(text.replace(" G", "")): null

2023-10-06 10:00:37 - [TEST_STEP][PASSED] - arrProdukNameSort[i] = Integer.parseInt(text.replace(" G", "")): null

2023-10-06 10:00:37 - [TEST_STEP][PASSED] - text = text: null

2023-10-06 10:00:37 - [TEST_STEP][PASSED] - arrProdukNameOri[i] = Integer.parseInt(text.replace(" G", "")): null

2023-10-06 10:00:37 - [TEST_STEP][PASSED] - arrProdukNameSort[i] = Integer.parseInt(text.replace(" G", "")): null

2023-10-06 10:00:37 - [TEST_STEP][PASSED] - text = text: null

2023-10-06 10:00:37 - [TEST_STEP][PASSED] - arrProdukNameOri[i] = Integer.parseInt(text.replace(" G", "")): null

2023-10-06 10:00:37 - [TEST_STEP][PASSED] - arrProdukNameSort[i] = Integer.parseInt(text.replace(" G", "")): null

2023-10-06 10:00:37 - [TEST_STEP][PASSED] - text = text: null

2023-10-06 10:00:37 - [TEST_STEP][PASSED] - arrProdukNameOri[i] = Integer.parseInt(text.replace(" G", "")): null

2023-10-06 10:00:37 - [TEST_STEP][PASSED] - arrProdukNameSort[i] = Integer.parseInt(text.replace(" G", "")): null

2023-10-06 10:00:37 - [TEST_STEP][PASSED] - text = text: null

2023-10-06 10:00:37 - [TEST_STEP][PASSED] - arrProdukNameOri[i] = Integer.parseInt(text.replace(" G", "")): null

2023-10-06 10:00:37 - [TEST_STEP][PASSED] - arrProdukNameSort[i] = Integer.parseInt(text.replace(" G", "")): null

2023-10-06 10:00:37 - [TEST_STEP][PASSED] - text = text: null

2023-10-06 10:00:37 - [TEST_STEP][PASSED] - arrProdukNameOri[i] = Integer.parseInt(text.replace(" G", "")): null

2023-10-06 10:00:37 - [TEST_STEP][PASSED] - arrProdukNameSort[i] = Integer.parseInt(text.replace(" G", "")): null

2023-10-06 10:00:37 - [TEST_STEP][PASSED] - text = text: null

2023-10-06 10:00:37 - [TEST_STEP][PASSED] - arrProdukNameOri[i] = Integer.parseInt(text.replace(" G", "")): null

2023-10-06 10:00:37 - [TEST_STEP][PASSED] - arrProdukNameSort[i] = Integer.parseInt(text.replace(" G", "")): null

2023-10-06 10:00:37 - [TEST_STEP][PASSED] - Arrays.sort(arrProdukNameSort): null

2023-10-06 10:00:37 - [TEST_STEP][PASSED] - println(arrProdukNameOri): null

2023-10-06 10:00:37 - [TEST_STEP][PASSED] - println(arrProdukNameSort): null

2023-10-06 10:00:37 - [TEST_STEP][FAILED] - assert arrProdukNameOri == arrProdukNameSort: Test Cases/Product Admin/TC-PA-017 FAILED.
Reason:
Assertion failed: 

assert arrProdukNameOri == arrProdukNameSort
       |                |  |
       |                |  [-1, 0, 0, 1, 100, 100, 1100, 1000000000, 1000000000, 1000000000]
       |                false
       [-1, 0, 0, 1, 100, 100, 1000000000, 1000000000, 1000000000, 1100]

	at TC-PA-017.run(TC-PA-017:45)
	at com.kms.katalon.core.main.ScriptEngine.run(ScriptEngine.java:194)
	at com.kms.katalon.core.main.ScriptEngine.runScriptAsRawText(ScriptEngine.java:119)
	at com.kms.katalon.core.main.TestCaseExecutor.runScript(TestCaseExecutor.java:448)
	at com.kms.katalon.core.main.TestCaseExecutor.doExecute(TestCaseExecutor.java:439)
	at com.kms.katalon.core.main.TestCaseExecutor.processExecutionPhase(TestCaseExecutor.java:418)
	at com.kms.katalon.core.main.TestCaseExecutor.accessMainPhase(TestCaseExecutor.java:410)
	at com.kms.katalon.core.main.TestCaseExecutor.execute(TestCaseExecutor.java:285)
	at com.kms.katalon.core.common.CommonExecutor.accessTestCaseMainPhase(CommonExecutor.java:65)
	at com.kms.katalon.core.main.TestSuiteExecutor.accessTestSuiteMainPhase(TestSuiteExecutor.java:148)
	at com.kms.katalon.core.main.TestSuiteExecutor.execute(TestSuiteExecutor.java:106)
	at com.kms.katalon.core.main.TestCaseMain.startTestSuite(TestCaseMain.java:187)
	at com.kms.katalon.core.main.TestCaseMain$startTestSuite$0.call(Unknown Source)
	at TempTestSuite1696560832015.run(TempTestSuite1696560832015.groovy:36)


2023-10-06 10:00:37 - [MESSAGE][FAILED] - Test Cases/Product Admin/TC-PA-017 FAILED.
Reason:
Assertion failed: 

assert arrProdukNameOri == arrProdukNameSort
       |                |  |
       |                |  [-1, 0, 0, 1, 100, 100, 1100, 1000000000, 1000000000, 1000000000]
       |                false
       [-1, 0, 0, 1, 100, 100, 1000000000, 1000000000, 1000000000, 1100]

	at TC-PA-017.run(TC-PA-017:45)
	at com.kms.katalon.core.main.ScriptEngine.run(ScriptEngine.java:194)
	at com.kms.katalon.core.main.ScriptEngine.runScriptAsRawText(ScriptEngine.java:119)
	at com.kms.katalon.core.main.TestCaseExecutor.runScript(TestCaseExecutor.java:448)
	at com.kms.katalon.core.main.TestCaseExecutor.doExecute(TestCaseExecutor.java:439)
	at com.kms.katalon.core.main.TestCaseExecutor.processExecutionPhase(TestCaseExecutor.java:418)
	at com.kms.katalon.core.main.TestCaseExecutor.accessMainPhase(TestCaseExecutor.java:410)
	at com.kms.katalon.core.main.TestCaseExecutor.execute(TestCaseExecutor.java:285)
	at com.kms.katalon.core.common.CommonExecutor.accessTestCaseMainPhase(CommonExecutor.java:65)
	at com.kms.katalon.core.main.TestSuiteExecutor.accessTestSuiteMainPhase(TestSuiteExecutor.java:148)
	at com.kms.katalon.core.main.TestSuiteExecutor.execute(TestSuiteExecutor.java:106)
	at com.kms.katalon.core.main.TestCaseMain.startTestSuite(TestCaseMain.java:187)
	at com.kms.katalon.core.main.TestCaseMain$startTestSuite$0.call(Unknown Source)
	at TempTestSuite1696560832015.run(TempTestSuite1696560832015.groovy:36)]]></system-out>
         <system-err><![CDATA[2023-10-06 10:00:15 - [TEST_CASE][FAILED] - Test Cases/Product Admin/TC-PA-017: Test Cases/Product Admin/TC-PA-017 FAILED.
Reason:
Assertion failed: 

assert arrProdukNameOri == arrProdukNameSort
       |                |  |
       |                |  [-1, 0, 0, 1, 100, 100, 1100, 1000000000, 1000000000, 1000000000]
       |                false
       [-1, 0, 0, 1, 100, 100, 1000000000, 1000000000, 1000000000, 1100]

	at TC-PA-017.run(TC-PA-017:45)
	at com.kms.katalon.core.main.ScriptEngine.run(ScriptEngine.java:194)
	at com.kms.katalon.core.main.ScriptEngine.runScriptAsRawText(ScriptEngine.java:119)
	at com.kms.katalon.core.main.TestCaseExecutor.runScript(TestCaseExecutor.java:448)
	at com.kms.katalon.core.main.TestCaseExecutor.doExecute(TestCaseExecutor.java:439)
	at com.kms.katalon.core.main.TestCaseExecutor.processExecutionPhase(TestCaseExecutor.java:418)
	at com.kms.katalon.core.main.TestCaseExecutor.accessMainPhase(TestCaseExecutor.java:410)
	at com.kms.katalon.core.main.TestCaseExecutor.execute(TestCaseExecutor.java:285)
	at com.kms.katalon.core.common.CommonExecutor.accessTestCaseMainPhase(CommonExecutor.java:65)
	at com.kms.katalon.core.main.TestSuiteExecutor.accessTestSuiteMainPhase(TestSuiteExecutor.java:148)
	at com.kms.katalon.core.main.TestSuiteExecutor.execute(TestSuiteExecutor.java:106)
	at com.kms.katalon.core.main.TestCaseMain.startTestSuite(TestCaseMain.java:187)
	at com.kms.katalon.core.main.TestCaseMain$startTestSuite$0.call(Unknown Source)
	at TempTestSuite1696560832015.run(TempTestSuite1696560832015.groovy:36)]]></system-err>
      </testcase>
      <testcase name="Test Cases/Product Admin/TC-PA-018" time="22.688" classname="Test Cases/Product Admin/TC-PA-018" status="FAILED">
         <failure type="FAILED" message="Test Cases/Product Admin/TC-PA-018 FAILED.
Reason:
com.kms.katalon.core.exception.StepFailedException: Call Test Case 'Test Cases/Product Admin/TC-PA-017' failed
	at com.kms.katalon.core.keyword.builtin.CallTestCaseKeyword$_callTestCase_closure1.doCall(CallTestCaseKeyword.groovy:63)
	at com.kms.katalon.core.keyword.builtin.CallTestCaseKeyword$_callTestCase_closure1.call(CallTestCaseKeyword.groovy)
	at com.kms.katalon.core.keyword.internal.KeywordMain.runKeyword(KeywordMain.groovy:75)
	at com.kms.katalon.core.keyword.builtin.CallTestCaseKeyword.callTestCase(CallTestCaseKeyword.groovy:81)
	at com.kms.katalon.core.keyword.builtin.CallTestCaseKeyword.execute(CallTestCaseKeyword.groovy:44)
	at com.kms.katalon.core.keyword.internal.KeywordExecutor.executeKeywordForPlatform(KeywordExecutor.groovy:74)
	at com.kms.katalon.core.keyword.BuiltinKeywords.callTestCase(BuiltinKeywords.groovy:310)
	at TC-PA-018.run(TC-PA-018:21)
	at com.kms.katalon.core.main.ScriptEngine.run(ScriptEngine.java:194)
	at com.kms.katalon.core.main.ScriptEngine.runScriptAsRawText(ScriptEngine.java:119)
	at com.kms.katalon.core.main.TestCaseExecutor.runScript(TestCaseExecutor.java:448)
	at com.kms.katalon.core.main.TestCaseExecutor.doExecute(TestCaseExecutor.java:439)
	at com.kms.katalon.core.main.TestCaseExecutor.processExecutionPhase(TestCaseExecutor.java:418)
	at com.kms.katalon.core.main.TestCaseExecutor.accessMainPhase(TestCaseExecutor.java:410)
	at com.kms.katalon.core.main.TestCaseExecutor.execute(TestCaseExecutor.java:285)
	at com.kms.katalon.core.common.CommonExecutor.accessTestCaseMainPhase(CommonExecutor.java:65)
	at com.kms.katalon.core.main.TestSuiteExecutor.accessTestSuiteMainPhase(TestSuiteExecutor.java:148)
	at com.kms.katalon.core.main.TestSuiteExecutor.execute(TestSuiteExecutor.java:106)
	at com.kms.katalon.core.main.TestCaseMain.startTestSuite(TestCaseMain.java:187)
	at com.kms.katalon.core.main.TestCaseMain$startTestSuite$0.call(Unknown Source)
	at TempTestSuite1696560832015.run(TempTestSuite1696560832015.groovy:36)
Caused by: Assertion failed: 

assert arrProdukNameOri == arrProdukNameSort
       |                |  |
       |                |  [-1, 0, 0, 1, 100, 100, 1100, 1000000000, 1000000000, 1000000000]
       |                false
       [-1, 0, 0, 1, 100, 100, 1000000000, 1000000000, 1000000000, 1100]

	at TC-PA-017.run(TC-PA-017:45)
	at com.kms.katalon.core.main.ScriptEngine.run(ScriptEngine.java:194)
	at com.kms.katalon.core.main.ScriptEngine.runScriptAsRawText(ScriptEngine.java:119)
	at com.kms.katalon.core.main.TestCaseExecutor.runScript(TestCaseExecutor.java:448)
	at com.kms.katalon.core.main.TestCaseExecutor.doExecute(TestCaseExecutor.java:439)
	at com.kms.katalon.core.main.TestCaseExecutor.processExecutionPhase(TestCaseExecutor.java:418)
	at com.kms.katalon.core.main.TestCaseExecutor.accessMainPhase(TestCaseExecutor.java:410)
	at com.kms.katalon.core.main.TestCaseExecutor.execute(TestCaseExecutor.java:285)
	at com.kms.katalon.core.main.TestCaseMain.runTestCase(TestCaseMain.java:144)
	at com.kms.katalon.core.keyword.builtin.CallTestCaseKeyword$_callTestCase_closure1.doCall(CallTestCaseKeyword.groovy:59)
	... 20 more
"/>
         <system-out><![CDATA[2023-10-06 10:00:37 - [TEST_CASE][FAILED] - Test Cases/Product Admin/TC-PA-018: Test Cases/Product Admin/TC-PA-018 FAILED.
Reason:
com.kms.katalon.core.exception.StepFailedException: Call Test Case 'Test Cases/Product Admin/TC-PA-017' failed
	at com.kms.katalon.core.keyword.builtin.CallTestCaseKeyword$_callTestCase_closure1.doCall(CallTestCaseKeyword.groovy:63)
	at com.kms.katalon.core.keyword.builtin.CallTestCaseKeyword$_callTestCase_closure1.call(CallTestCaseKeyword.groovy)
	at com.kms.katalon.core.keyword.internal.KeywordMain.runKeyword(KeywordMain.groovy:75)
	at com.kms.katalon.core.keyword.builtin.CallTestCaseKeyword.callTestCase(CallTestCaseKeyword.groovy:81)
	at com.kms.katalon.core.keyword.builtin.CallTestCaseKeyword.execute(CallTestCaseKeyword.groovy:44)
	at com.kms.katalon.core.keyword.internal.KeywordExecutor.executeKeywordForPlatform(KeywordExecutor.groovy:74)
	at com.kms.katalon.core.keyword.BuiltinKeywords.callTestCase(BuiltinKeywords.groovy:310)
	at TC-PA-018.run(TC-PA-018:21)
	at com.kms.katalon.core.main.ScriptEngine.run(ScriptEngine.java:194)
	at com.kms.katalon.core.main.ScriptEngine.runScriptAsRawText(ScriptEngine.java:119)
	at com.kms.katalon.core.main.TestCaseExecutor.runScript(TestCaseExecutor.java:448)
	at com.kms.katalon.core.main.TestCaseExecutor.doExecute(TestCaseExecutor.java:439)
	at com.kms.katalon.core.main.TestCaseExecutor.processExecutionPhase(TestCaseExecutor.java:418)
	at com.kms.katalon.core.main.TestCaseExecutor.accessMainPhase(TestCaseExecutor.java:410)
	at com.kms.katalon.core.main.TestCaseExecutor.execute(TestCaseExecutor.java:285)
	at com.kms.katalon.core.common.CommonExecutor.accessTestCaseMainPhase(CommonExecutor.java:65)
	at com.kms.katalon.core.main.TestSuiteExecutor.accessTestSuiteMainPhase(TestSuiteExecutor.java:148)
	at com.kms.katalon.core.main.TestSuiteExecutor.execute(TestSuiteExecutor.java:106)
	at com.kms.katalon.core.main.TestCaseMain.startTestSuite(TestCaseMain.java:187)
	at com.kms.katalon.core.main.TestCaseMain$startTestSuite$0.call(Unknown Source)
	at TempTestSuite1696560832015.run(TempTestSuite1696560832015.groovy:36)
Caused by: Assertion failed: 

assert arrProdukNameOri == arrProdukNameSort
       |                |  |
       |                |  [-1, 0, 0, 1, 100, 100, 1100, 1000000000, 1000000000, 1000000000]
       |                false
       [-1, 0, 0, 1, 100, 100, 1000000000, 1000000000, 1000000000, 1100]

	at TC-PA-017.run(TC-PA-017:45)
	at com.kms.katalon.core.main.ScriptEngine.run(ScriptEngine.java:194)
	at com.kms.katalon.core.main.ScriptEngine.runScriptAsRawText(ScriptEngine.java:119)
	at com.kms.katalon.core.main.TestCaseExecutor.runScript(TestCaseExecutor.java:448)
	at com.kms.katalon.core.main.TestCaseExecutor.doExecute(TestCaseExecutor.java:439)
	at com.kms.katalon.core.main.TestCaseExecutor.processExecutionPhase(TestCaseExecutor.java:418)
	at com.kms.katalon.core.main.TestCaseExecutor.accessMainPhase(TestCaseExecutor.java:410)
	at com.kms.katalon.core.main.TestCaseExecutor.execute(TestCaseExecutor.java:285)
	at com.kms.katalon.core.main.TestCaseMain.runTestCase(TestCaseMain.java:144)
	at com.kms.katalon.core.keyword.builtin.CallTestCaseKeyword$_callTestCase_closure1.doCall(CallTestCaseKeyword.groovy:59)
	... 20 more


2023-10-06 10:00:38 - [TEST_STEP][FAILED] - callTestCase(findTestCase("Product Admin/TC-PA-017"), [:], STOP_ON_FAILURE): Unable to call Test Case 'Test Cases/Product Admin/TC-PA-017' (Root cause: com.kms.katalon.core.exception.StepFailedException: Call Test Case 'Test Cases/Product Admin/TC-PA-017' failed
	at com.kms.katalon.core.keyword.builtin.CallTestCaseKeyword$_callTestCase_closure1.doCall(CallTestCaseKeyword.groovy:63)
	at com.kms.katalon.core.keyword.builtin.CallTestCaseKeyword$_callTestCase_closure1.call(CallTestCaseKeyword.groovy)
	at com.kms.katalon.core.keyword.internal.KeywordMain.runKeyword(KeywordMain.groovy:75)
	at com.kms.katalon.core.keyword.builtin.CallTestCaseKeyword.callTestCase(CallTestCaseKeyword.groovy:81)
	at com.kms.katalon.core.keyword.builtin.CallTestCaseKeyword.execute(CallTestCaseKeyword.groovy:44)
	at com.kms.katalon.core.keyword.internal.KeywordExecutor.executeKeywordForPlatform(KeywordExecutor.groovy:74)
	at com.kms.katalon.core.keyword.BuiltinKeywords.callTestCase(BuiltinKeywords.groovy:310)
	at TC-PA-018.run(TC-PA-018:21)
	at com.kms.katalon.core.main.ScriptEngine.run(ScriptEngine.java:194)
	at com.kms.katalon.core.main.ScriptEngine.runScriptAsRawText(ScriptEngine.java:119)
	at com.kms.katalon.core.main.TestCaseExecutor.runScript(TestCaseExecutor.java:448)
	at com.kms.katalon.core.main.TestCaseExecutor.doExecute(TestCaseExecutor.java:439)
	at com.kms.katalon.core.main.TestCaseExecutor.processExecutionPhase(TestCaseExecutor.java:418)
	at com.kms.katalon.core.main.TestCaseExecutor.accessMainPhase(TestCaseExecutor.java:410)
	at com.kms.katalon.core.main.TestCaseExecutor.execute(TestCaseExecutor.java:285)
	at com.kms.katalon.core.common.CommonExecutor.accessTestCaseMainPhase(CommonExecutor.java:65)
	at com.kms.katalon.core.main.TestSuiteExecutor.accessTestSuiteMainPhase(TestSuiteExecutor.java:148)
	at com.kms.katalon.core.main.TestSuiteExecutor.execute(TestSuiteExecutor.java:106)
	at com.kms.katalon.core.main.TestCaseMain.startTestSuite(TestCaseMain.java:187)
	at com.kms.katalon.core.main.TestCaseMain$startTestSuite$0.call(Unknown Source)
	at TempTestSuite1696560832015.run(TempTestSuite1696560832015.groovy:36)
Caused by: Assertion failed: 

assert arrProdukNameOri == arrProdukNameSort
       |                |  |
       |                |  [-1, 0, 0, 1, 100, 100, 1100, 1000000000, 1000000000, 1000000000]
       |                false
       [-1, 0, 0, 1, 100, 100, 1000000000, 1000000000, 1000000000, 1100]

	at TC-PA-017.run(TC-PA-017:45)
	at com.kms.katalon.core.main.ScriptEngine.run(ScriptEngine.java:194)
	at com.kms.katalon.core.main.ScriptEngine.runScriptAsRawText(ScriptEngine.java:119)
	at com.kms.katalon.core.main.TestCaseExecutor.runScript(TestCaseExecutor.java:448)
	at com.kms.katalon.core.main.TestCaseExecutor.doExecute(TestCaseExecutor.java:439)
	at com.kms.katalon.core.main.TestCaseExecutor.processExecutionPhase(TestCaseExecutor.java:418)
	at com.kms.katalon.core.main.TestCaseExecutor.accessMainPhase(TestCaseExecutor.java:410)
	at com.kms.katalon.core.main.TestCaseExecutor.execute(TestCaseExecutor.java:285)
	at com.kms.katalon.core.main.TestCaseMain.runTestCase(TestCaseMain.java:144)
	at com.kms.katalon.core.keyword.builtin.CallTestCaseKeyword$_callTestCase_closure1.doCall(CallTestCaseKeyword.groovy:59)
	... 20 more
)

2023-10-06 10:00:38 - [TEST_CASE][FAILED] - Test Cases/Product Admin/TC-PA-017: Test Cases/Product Admin/TC-PA-017 FAILED.
Reason:
Assertion failed: 

assert arrProdukNameOri == arrProdukNameSort
       |                |  |
       |                |  [-1, 0, 0, 1, 100, 100, 1100, 1000000000, 1000000000, 1000000000]
       |                false
       [-1, 0, 0, 1, 100, 100, 1000000000, 1000000000, 1000000000, 1100]

	at TC-PA-017.run(TC-PA-017:45)
	at com.kms.katalon.core.main.ScriptEngine.run(ScriptEngine.java:194)
	at com.kms.katalon.core.main.ScriptEngine.runScriptAsRawText(ScriptEngine.java:119)
	at com.kms.katalon.core.main.TestCaseExecutor.runScript(TestCaseExecutor.java:448)
	at com.kms.katalon.core.main.TestCaseExecutor.doExecute(TestCaseExecutor.java:439)
	at com.kms.katalon.core.main.TestCaseExecutor.processExecutionPhase(TestCaseExecutor.java:418)
	at com.kms.katalon.core.main.TestCaseExecutor.accessMainPhase(TestCaseExecutor.java:410)
	at com.kms.katalon.core.main.TestCaseExecutor.execute(TestCaseExecutor.java:285)
	at com.kms.katalon.core.main.TestCaseMain.runTestCase(TestCaseMain.java:144)
	at com.kms.katalon.core.keyword.builtin.CallTestCaseKeyword$_callTestCase_closure1.doCall(CallTestCaseKeyword.groovy:59)
	at com.kms.katalon.core.keyword.builtin.CallTestCaseKeyword$_callTestCase_closure1.call(CallTestCaseKeyword.groovy)
	at com.kms.katalon.core.keyword.internal.KeywordMain.runKeyword(KeywordMain.groovy:75)
	at com.kms.katalon.core.keyword.builtin.CallTestCaseKeyword.callTestCase(CallTestCaseKeyword.groovy:81)
	at com.kms.katalon.core.keyword.builtin.CallTestCaseKeyword.execute(CallTestCaseKeyword.groovy:44)
	at com.kms.katalon.core.keyword.internal.KeywordExecutor.executeKeywordForPlatform(KeywordExecutor.groovy:74)
	at com.kms.katalon.core.keyword.BuiltinKeywords.callTestCase(BuiltinKeywords.groovy:310)
	at TC-PA-018.run(TC-PA-018:21)
	at com.kms.katalon.core.main.ScriptEngine.run(ScriptEngine.java:194)
	at com.kms.katalon.core.main.ScriptEngine.runScriptAsRawText(ScriptEngine.java:119)
	at com.kms.katalon.core.main.TestCaseExecutor.runScript(TestCaseExecutor.java:448)
	at com.kms.katalon.core.main.TestCaseExecutor.doExecute(TestCaseExecutor.java:439)
	at com.kms.katalon.core.main.TestCaseExecutor.processExecutionPhase(TestCaseExecutor.java:418)
	at com.kms.katalon.core.main.TestCaseExecutor.accessMainPhase(TestCaseExecutor.java:410)
	at com.kms.katalon.core.main.TestCaseExecutor.execute(TestCaseExecutor.java:285)
	at com.kms.katalon.core.common.CommonExecutor.accessTestCaseMainPhase(CommonExecutor.java:65)
	at com.kms.katalon.core.main.TestSuiteExecutor.accessTestSuiteMainPhase(TestSuiteExecutor.java:148)
	at com.kms.katalon.core.main.TestSuiteExecutor.execute(TestSuiteExecutor.java:106)
	at com.kms.katalon.core.main.TestCaseMain.startTestSuite(TestCaseMain.java:187)
	at com.kms.katalon.core.main.TestCaseMain$startTestSuite$0.call(Unknown Source)
	at TempTestSuite1696560832015.run(TempTestSuite1696560832015.groovy:36)


2023-10-06 10:00:38 - [TEST_STEP][PASSED] - callTestCase(findTestCase("Product Admin/TC-PA-001"), [:], STOP_ON_FAILURE): Call Test Case 'Test Cases/Product Admin/TC-PA-001' successfully

2023-10-06 10:00:38 - [TEST_CASE][PASSED] - Test Cases/Product Admin/TC-PA-001: Test Cases/Product Admin/TC-PA-001

2023-10-06 10:00:38 - [TEST_STEP][PASSED] - callTestCase(findTestCase("Login Admin/TC-Login Admin-001"), [:], STOP_ON_FAILURE): Call Test Case 'Test Cases/Login Admin/TC-Login Admin-001' successfully

2023-10-06 10:00:38 - [TEST_CASE][PASSED] - Test Cases/Login Admin/TC-Login Admin-001: Test Cases/Login Admin/TC-Login Admin-001

2023-10-06 10:00:38 - [TEST_STEP][PASSED] - openBrowser(adminTajalapak): Browser is opened with url: 'https://10.9.2.63/ecommerce/administrator'

2023-10-06 10:00:38 - [MESSAGE][WARNING] - A browser is already opened. Closing browser and opening a new one

2023-10-06 10:00:39 - [MESSAGE][INFO] - Starting 'Edge Chromium' driver

2023-10-06 10:00:39 - [MESSAGE][INFO] - User set preference: ['acceptInsecureCerts', 'true']

2023-10-06 10:00:41 - [MESSAGE][INFO] - Action delay is set to 0 milliseconds

2023-10-06 10:00:43 - [MESSAGE][PASSED] - Browser is opened with url: 'https://10.9.2.63/ecommerce/administrator'

2023-10-06 10:00:43 - [TEST_STEP][PASSED] - maximizeWindow(): Current window maximized

2023-10-06 10:00:43 - [MESSAGE][PASSED] - Current window maximized

2023-10-06 10:00:43 - [TEST_STEP][PASSED] - verifyElementPresent(findTestObject("Login Admin/Verifikasi Halaman Administrator"), 0): Object 'Object Repository/Login Admin/Verifikasi Halaman Administrator' is present

2023-10-06 10:00:43 - [MESSAGE][WARNING] - Timeout '0' is invalid. Using default page load timeout: '30'

2023-10-06 10:00:44 - [MESSAGE][PASSED] - Object 'Object Repository/Login Admin/Verifikasi Halaman Administrator' is present

2023-10-06 10:00:44 - [TEST_STEP][PASSED] - setText(findTestObject("Login Admin/Input Username Admin"), "admin"): Text 'admin' is set on object 'Object Repository/Login Admin/Input Username Admin'

2023-10-06 10:00:44 - [MESSAGE][PASSED] - Text 'admin' is set on object 'Object Repository/Login Admin/Input Username Admin'

2023-10-06 10:00:44 - [TEST_STEP][PASSED] - setEncryptedText(findTestObject("Login Admin/Input Password Admin"), "374mkdZ/lqyNS21oH+MJZQ=="): Text ****** has been set on object 'Object Repository/Login Admin/Input Password Admin'

2023-10-06 10:00:45 - [MESSAGE][PASSED] - Text ****** has been set on object 'Object Repository/Login Admin/Input Password Admin'

2023-10-06 10:00:45 - [TEST_STEP][PASSED] - delay(10): Delayed 10 second(s)

2023-10-06 10:00:55 - [MESSAGE][PASSED] - Delayed 10 second(s)

2023-10-06 10:00:55 - [TEST_STEP][PASSED] - click(findTestObject("Login Admin/Botton Sign In")): Object: 'Object Repository/Login Admin/Botton Sign In' is clicked on

2023-10-06 10:00:57 - [MESSAGE][PASSED] - Object: 'Object Repository/Login Admin/Botton Sign In' is clicked on

2023-10-06 10:00:57 - [TEST_STEP][PASSED] - verifyElementPresent(findTestObject("Login Admin/Verifikasi Halaman Login Admin"), 0): Object 'Object Repository/Login Admin/Verifikasi Halaman Login Admin' is present

2023-10-06 10:00:57 - [MESSAGE][WARNING] - Timeout '0' is invalid. Using default page load timeout: '30'

2023-10-06 10:00:57 - [MESSAGE][PASSED] - Object 'Object Repository/Login Admin/Verifikasi Halaman Login Admin' is present

2023-10-06 10:00:57 - [MESSAGE][PASSED] - Call Test Case 'Test Cases/Login Admin/TC-Login Admin-001' successfully

2023-10-06 10:00:57 - [TEST_STEP][PASSED] - click(findTestObject("Product Admin/Master Market")): Object: 'Object Repository/Product Admin/Master Market' is clicked on

2023-10-06 10:00:57 - [MESSAGE][PASSED] - Object: 'Object Repository/Product Admin/Master Market' is clicked on

2023-10-06 10:00:57 - [TEST_STEP][PASSED] - click(findTestObject("Product Admin/Produk Admin")): Object: 'Object Repository/Product Admin/Produk Admin' is clicked on

2023-10-06 10:00:59 - [MESSAGE][PASSED] - Object: 'Object Repository/Product Admin/Produk Admin' is clicked on

2023-10-06 10:00:59 - [TEST_STEP][PASSED] - verifyElementPresent(findTestObject("Product Admin/Veridikasi Halaman Semua Produk"), 0): Object 'Object Repository/Product Admin/Veridikasi Halaman Semua Produk' is present

2023-10-06 10:00:59 - [MESSAGE][WARNING] - Timeout '0' is invalid. Using default page load timeout: '30'

2023-10-06 10:00:59 - [MESSAGE][PASSED] - Object 'Object Repository/Product Admin/Veridikasi Halaman Semua Produk' is present

2023-10-06 10:00:59 - [MESSAGE][PASSED] - Call Test Case 'Test Cases/Product Admin/TC-PA-001' successfully

2023-10-06 10:00:59 - [TEST_STEP][PASSED] - click(findTestObject("Product Admin/Button Sort Berat")): Object: 'Object Repository/Product Admin/Button Sort Berat' is clicked on

2023-10-06 10:01:00 - [MESSAGE][PASSED] - Object: 'Object Repository/Product Admin/Button Sort Berat' is clicked on

2023-10-06 10:01:00 - [TEST_STEP][PASSED] - dataList = findWebElements(findTestObject("Object Repository/Product Admin/Data Berat"), 10): null

2023-10-06 10:01:00 - [TEST_STEP][PASSED] - arrProdukNameOri = []: null

2023-10-06 10:01:00 - [TEST_STEP][PASSED] - arrProdukNameSort = []: null

2023-10-06 10:01:00 - [TEST_STEP][PASSED] - for ([i = 0, i < dataList.size(), (i++)]): null

2023-10-06 10:01:00 - [TEST_STEP][PASSED] - text = text: null

2023-10-06 10:01:00 - [TEST_STEP][PASSED] - arrProdukNameOri[i] = Integer.parseInt(text.replace(" G", "")): null

2023-10-06 10:01:00 - [TEST_STEP][PASSED] - arrProdukNameSort[i] = Integer.parseInt(text.replace(" G", "")): null

2023-10-06 10:01:00 - [TEST_STEP][PASSED] - text = text: null

2023-10-06 10:01:00 - [TEST_STEP][PASSED] - arrProdukNameOri[i] = Integer.parseInt(text.replace(" G", "")): null

2023-10-06 10:01:00 - [TEST_STEP][PASSED] - arrProdukNameSort[i] = Integer.parseInt(text.replace(" G", "")): null

2023-10-06 10:01:00 - [TEST_STEP][PASSED] - text = text: null

2023-10-06 10:01:00 - [TEST_STEP][PASSED] - arrProdukNameOri[i] = Integer.parseInt(text.replace(" G", "")): null

2023-10-06 10:01:00 - [TEST_STEP][PASSED] - arrProdukNameSort[i] = Integer.parseInt(text.replace(" G", "")): null

2023-10-06 10:01:00 - [TEST_STEP][PASSED] - text = text: null

2023-10-06 10:01:00 - [TEST_STEP][PASSED] - arrProdukNameOri[i] = Integer.parseInt(text.replace(" G", "")): null

2023-10-06 10:01:00 - [TEST_STEP][PASSED] - arrProdukNameSort[i] = Integer.parseInt(text.replace(" G", "")): null

2023-10-06 10:01:00 - [TEST_STEP][PASSED] - text = text: null

2023-10-06 10:01:00 - [TEST_STEP][PASSED] - arrProdukNameOri[i] = Integer.parseInt(text.replace(" G", "")): null

2023-10-06 10:01:00 - [TEST_STEP][PASSED] - arrProdukNameSort[i] = Integer.parseInt(text.replace(" G", "")): null

2023-10-06 10:01:00 - [TEST_STEP][PASSED] - text = text: null

2023-10-06 10:01:00 - [TEST_STEP][PASSED] - arrProdukNameOri[i] = Integer.parseInt(text.replace(" G", "")): null

2023-10-06 10:01:00 - [TEST_STEP][PASSED] - arrProdukNameSort[i] = Integer.parseInt(text.replace(" G", "")): null

2023-10-06 10:01:00 - [TEST_STEP][PASSED] - text = text: null

2023-10-06 10:01:00 - [TEST_STEP][PASSED] - arrProdukNameOri[i] = Integer.parseInt(text.replace(" G", "")): null

2023-10-06 10:01:00 - [TEST_STEP][PASSED] - arrProdukNameSort[i] = Integer.parseInt(text.replace(" G", "")): null

2023-10-06 10:01:00 - [TEST_STEP][PASSED] - text = text: null

2023-10-06 10:01:00 - [TEST_STEP][PASSED] - arrProdukNameOri[i] = Integer.parseInt(text.replace(" G", "")): null

2023-10-06 10:01:00 - [TEST_STEP][PASSED] - arrProdukNameSort[i] = Integer.parseInt(text.replace(" G", "")): null

2023-10-06 10:01:00 - [TEST_STEP][PASSED] - text = text: null

2023-10-06 10:01:00 - [TEST_STEP][PASSED] - arrProdukNameOri[i] = Integer.parseInt(text.replace(" G", "")): null

2023-10-06 10:01:00 - [TEST_STEP][PASSED] - arrProdukNameSort[i] = Integer.parseInt(text.replace(" G", "")): null

2023-10-06 10:01:00 - [TEST_STEP][PASSED] - text = text: null

2023-10-06 10:01:00 - [TEST_STEP][PASSED] - arrProdukNameOri[i] = Integer.parseInt(text.replace(" G", "")): null

2023-10-06 10:01:00 - [TEST_STEP][PASSED] - arrProdukNameSort[i] = Integer.parseInt(text.replace(" G", "")): null

2023-10-06 10:01:00 - [TEST_STEP][PASSED] - Arrays.sort(arrProdukNameSort): null

2023-10-06 10:01:00 - [TEST_STEP][PASSED] - println(arrProdukNameOri): null

2023-10-06 10:01:00 - [TEST_STEP][PASSED] - println(arrProdukNameSort): null

2023-10-06 10:01:00 - [TEST_STEP][FAILED] - assert arrProdukNameOri == arrProdukNameSort: Test Cases/Product Admin/TC-PA-017 FAILED.
Reason:
Assertion failed: 

assert arrProdukNameOri == arrProdukNameSort
       |                |  |
       |                |  [-1, 0, 0, 1, 100, 100, 1100, 1000000000, 1000000000, 1000000000]
       |                false
       [-1, 0, 0, 1, 100, 100, 1000000000, 1000000000, 1000000000, 1100]

	at TC-PA-017.run(TC-PA-017:45)
	at com.kms.katalon.core.main.ScriptEngine.run(ScriptEngine.java:194)
	at com.kms.katalon.core.main.ScriptEngine.runScriptAsRawText(ScriptEngine.java:119)
	at com.kms.katalon.core.main.TestCaseExecutor.runScript(TestCaseExecutor.java:448)
	at com.kms.katalon.core.main.TestCaseExecutor.doExecute(TestCaseExecutor.java:439)
	at com.kms.katalon.core.main.TestCaseExecutor.processExecutionPhase(TestCaseExecutor.java:418)
	at com.kms.katalon.core.main.TestCaseExecutor.accessMainPhase(TestCaseExecutor.java:410)
	at com.kms.katalon.core.main.TestCaseExecutor.execute(TestCaseExecutor.java:285)
	at com.kms.katalon.core.main.TestCaseMain.runTestCase(TestCaseMain.java:144)
	at com.kms.katalon.core.keyword.builtin.CallTestCaseKeyword$_callTestCase_closure1.doCall(CallTestCaseKeyword.groovy:59)
	at com.kms.katalon.core.keyword.builtin.CallTestCaseKeyword$_callTestCase_closure1.call(CallTestCaseKeyword.groovy)
	at com.kms.katalon.core.keyword.internal.KeywordMain.runKeyword(KeywordMain.groovy:75)
	at com.kms.katalon.core.keyword.builtin.CallTestCaseKeyword.callTestCase(CallTestCaseKeyword.groovy:81)
	at com.kms.katalon.core.keyword.builtin.CallTestCaseKeyword.execute(CallTestCaseKeyword.groovy:44)
	at com.kms.katalon.core.keyword.internal.KeywordExecutor.executeKeywordForPlatform(KeywordExecutor.groovy:74)
	at com.kms.katalon.core.keyword.BuiltinKeywords.callTestCase(BuiltinKeywords.groovy:310)
	at TC-PA-018.run(TC-PA-018:21)
	at com.kms.katalon.core.main.ScriptEngine.run(ScriptEngine.java:194)
	at com.kms.katalon.core.main.ScriptEngine.runScriptAsRawText(ScriptEngine.java:119)
	at com.kms.katalon.core.main.TestCaseExecutor.runScript(TestCaseExecutor.java:448)
	at com.kms.katalon.core.main.TestCaseExecutor.doExecute(TestCaseExecutor.java:439)
	at com.kms.katalon.core.main.TestCaseExecutor.processExecutionPhase(TestCaseExecutor.java:418)
	at com.kms.katalon.core.main.TestCaseExecutor.accessMainPhase(TestCaseExecutor.java:410)
	at com.kms.katalon.core.main.TestCaseExecutor.execute(TestCaseExecutor.java:285)
	at com.kms.katalon.core.common.CommonExecutor.accessTestCaseMainPhase(CommonExecutor.java:65)
	at com.kms.katalon.core.main.TestSuiteExecutor.accessTestSuiteMainPhase(TestSuiteExecutor.java:148)
	at com.kms.katalon.core.main.TestSuiteExecutor.execute(TestSuiteExecutor.java:106)
	at com.kms.katalon.core.main.TestCaseMain.startTestSuite(TestCaseMain.java:187)
	at com.kms.katalon.core.main.TestCaseMain$startTestSuite$0.call(Unknown Source)
	at TempTestSuite1696560832015.run(TempTestSuite1696560832015.groovy:36)


2023-10-06 10:01:00 - [MESSAGE][FAILED] - Test Cases/Product Admin/TC-PA-017 FAILED.
Reason:
Assertion failed: 

assert arrProdukNameOri == arrProdukNameSort
       |                |  |
       |                |  [-1, 0, 0, 1, 100, 100, 1100, 1000000000, 1000000000, 1000000000]
       |                false
       [-1, 0, 0, 1, 100, 100, 1000000000, 1000000000, 1000000000, 1100]

	at TC-PA-017.run(TC-PA-017:45)
	at com.kms.katalon.core.main.ScriptEngine.run(ScriptEngine.java:194)
	at com.kms.katalon.core.main.ScriptEngine.runScriptAsRawText(ScriptEngine.java:119)
	at com.kms.katalon.core.main.TestCaseExecutor.runScript(TestCaseExecutor.java:448)
	at com.kms.katalon.core.main.TestCaseExecutor.doExecute(TestCaseExecutor.java:439)
	at com.kms.katalon.core.main.TestCaseExecutor.processExecutionPhase(TestCaseExecutor.java:418)
	at com.kms.katalon.core.main.TestCaseExecutor.accessMainPhase(TestCaseExecutor.java:410)
	at com.kms.katalon.core.main.TestCaseExecutor.execute(TestCaseExecutor.java:285)
	at com.kms.katalon.core.main.TestCaseMain.runTestCase(TestCaseMain.java:144)
	at com.kms.katalon.core.keyword.builtin.CallTestCaseKeyword$_callTestCase_closure1.doCall(CallTestCaseKeyword.groovy:59)
	at com.kms.katalon.core.keyword.builtin.CallTestCaseKeyword$_callTestCase_closure1.call(CallTestCaseKeyword.groovy)
	at com.kms.katalon.core.keyword.internal.KeywordMain.runKeyword(KeywordMain.groovy:75)
	at com.kms.katalon.core.keyword.builtin.CallTestCaseKeyword.callTestCase(CallTestCaseKeyword.groovy:81)
	at com.kms.katalon.core.keyword.builtin.CallTestCaseKeyword.execute(CallTestCaseKeyword.groovy:44)
	at com.kms.katalon.core.keyword.internal.KeywordExecutor.executeKeywordForPlatform(KeywordExecutor.groovy:74)
	at com.kms.katalon.core.keyword.BuiltinKeywords.callTestCase(BuiltinKeywords.groovy:310)
	at TC-PA-018.run(TC-PA-018:21)
	at com.kms.katalon.core.main.ScriptEngine.run(ScriptEngine.java:194)
	at com.kms.katalon.core.main.ScriptEngine.runScriptAsRawText(ScriptEngine.java:119)
	at com.kms.katalon.core.main.TestCaseExecutor.runScript(TestCaseExecutor.java:448)
	at com.kms.katalon.core.main.TestCaseExecutor.doExecute(TestCaseExecutor.java:439)
	at com.kms.katalon.core.main.TestCaseExecutor.processExecutionPhase(TestCaseExecutor.java:418)
	at com.kms.katalon.core.main.TestCaseExecutor.accessMainPhase(TestCaseExecutor.java:410)
	at com.kms.katalon.core.main.TestCaseExecutor.execute(TestCaseExecutor.java:285)
	at com.kms.katalon.core.common.CommonExecutor.accessTestCaseMainPhase(CommonExecutor.java:65)
	at com.kms.katalon.core.main.TestSuiteExecutor.accessTestSuiteMainPhase(TestSuiteExecutor.java:148)
	at com.kms.katalon.core.main.TestSuiteExecutor.execute(TestSuiteExecutor.java:106)
	at com.kms.katalon.core.main.TestCaseMain.startTestSuite(TestCaseMain.java:187)
	at com.kms.katalon.core.main.TestCaseMain$startTestSuite$0.call(Unknown Source)
	at TempTestSuite1696560832015.run(TempTestSuite1696560832015.groovy:36)


2023-10-06 10:01:00 - [MESSAGE][FAILED] - Unable to call Test Case 'Test Cases/Product Admin/TC-PA-017' (Root cause: com.kms.katalon.core.exception.StepFailedException: Call Test Case 'Test Cases/Product Admin/TC-PA-017' failed
	at com.kms.katalon.core.keyword.builtin.CallTestCaseKeyword$_callTestCase_closure1.doCall(CallTestCaseKeyword.groovy:63)
	at com.kms.katalon.core.keyword.builtin.CallTestCaseKeyword$_callTestCase_closure1.call(CallTestCaseKeyword.groovy)
	at com.kms.katalon.core.keyword.internal.KeywordMain.runKeyword(KeywordMain.groovy:75)
	at com.kms.katalon.core.keyword.builtin.CallTestCaseKeyword.callTestCase(CallTestCaseKeyword.groovy:81)
	at com.kms.katalon.core.keyword.builtin.CallTestCaseKeyword.execute(CallTestCaseKeyword.groovy:44)
	at com.kms.katalon.core.keyword.internal.KeywordExecutor.executeKeywordForPlatform(KeywordExecutor.groovy:74)
	at com.kms.katalon.core.keyword.BuiltinKeywords.callTestCase(BuiltinKeywords.groovy:310)
	at TC-PA-018.run(TC-PA-018:21)
	at com.kms.katalon.core.main.ScriptEngine.run(ScriptEngine.java:194)
	at com.kms.katalon.core.main.ScriptEngine.runScriptAsRawText(ScriptEngine.java:119)
	at com.kms.katalon.core.main.TestCaseExecutor.runScript(TestCaseExecutor.java:448)
	at com.kms.katalon.core.main.TestCaseExecutor.doExecute(TestCaseExecutor.java:439)
	at com.kms.katalon.core.main.TestCaseExecutor.processExecutionPhase(TestCaseExecutor.java:418)
	at com.kms.katalon.core.main.TestCaseExecutor.accessMainPhase(TestCaseExecutor.java:410)
	at com.kms.katalon.core.main.TestCaseExecutor.execute(TestCaseExecutor.java:285)
	at com.kms.katalon.core.common.CommonExecutor.accessTestCaseMainPhase(CommonExecutor.java:65)
	at com.kms.katalon.core.main.TestSuiteExecutor.accessTestSuiteMainPhase(TestSuiteExecutor.java:148)
	at com.kms.katalon.core.main.TestSuiteExecutor.execute(TestSuiteExecutor.java:106)
	at com.kms.katalon.core.main.TestCaseMain.startTestSuite(TestCaseMain.java:187)
	at com.kms.katalon.core.main.TestCaseMain$startTestSuite$0.call(Unknown Source)
	at TempTestSuite1696560832015.run(TempTestSuite1696560832015.groovy:36)
Caused by: Assertion failed: 

assert arrProdukNameOri == arrProdukNameSort
       |                |  |
       |                |  [-1, 0, 0, 1, 100, 100, 1100, 1000000000, 1000000000, 1000000000]
       |                false
       [-1, 0, 0, 1, 100, 100, 1000000000, 1000000000, 1000000000, 1100]

	at TC-PA-017.run(TC-PA-017:45)
	at com.kms.katalon.core.main.ScriptEngine.run(ScriptEngine.java:194)
	at com.kms.katalon.core.main.ScriptEngine.runScriptAsRawText(ScriptEngine.java:119)
	at com.kms.katalon.core.main.TestCaseExecutor.runScript(TestCaseExecutor.java:448)
	at com.kms.katalon.core.main.TestCaseExecutor.doExecute(TestCaseExecutor.java:439)
	at com.kms.katalon.core.main.TestCaseExecutor.processExecutionPhase(TestCaseExecutor.java:418)
	at com.kms.katalon.core.main.TestCaseExecutor.accessMainPhase(TestCaseExecutor.java:410)
	at com.kms.katalon.core.main.TestCaseExecutor.execute(TestCaseExecutor.java:285)
	at com.kms.katalon.core.main.TestCaseMain.runTestCase(TestCaseMain.java:144)
	at com.kms.katalon.core.keyword.builtin.CallTestCaseKeyword$_callTestCase_closure1.doCall(CallTestCaseKeyword.groovy:59)
	... 20 more
)]]></system-out>
         <system-err><![CDATA[2023-10-06 10:00:37 - [TEST_CASE][FAILED] - Test Cases/Product Admin/TC-PA-018: Test Cases/Product Admin/TC-PA-018 FAILED.
Reason:
com.kms.katalon.core.exception.StepFailedException: Call Test Case 'Test Cases/Product Admin/TC-PA-017' failed
	at com.kms.katalon.core.keyword.builtin.CallTestCaseKeyword$_callTestCase_closure1.doCall(CallTestCaseKeyword.groovy:63)
	at com.kms.katalon.core.keyword.builtin.CallTestCaseKeyword$_callTestCase_closure1.call(CallTestCaseKeyword.groovy)
	at com.kms.katalon.core.keyword.internal.KeywordMain.runKeyword(KeywordMain.groovy:75)
	at com.kms.katalon.core.keyword.builtin.CallTestCaseKeyword.callTestCase(CallTestCaseKeyword.groovy:81)
	at com.kms.katalon.core.keyword.builtin.CallTestCaseKeyword.execute(CallTestCaseKeyword.groovy:44)
	at com.kms.katalon.core.keyword.internal.KeywordExecutor.executeKeywordForPlatform(KeywordExecutor.groovy:74)
	at com.kms.katalon.core.keyword.BuiltinKeywords.callTestCase(BuiltinKeywords.groovy:310)
	at TC-PA-018.run(TC-PA-018:21)
	at com.kms.katalon.core.main.ScriptEngine.run(ScriptEngine.java:194)
	at com.kms.katalon.core.main.ScriptEngine.runScriptAsRawText(ScriptEngine.java:119)
	at com.kms.katalon.core.main.TestCaseExecutor.runScript(TestCaseExecutor.java:448)
	at com.kms.katalon.core.main.TestCaseExecutor.doExecute(TestCaseExecutor.java:439)
	at com.kms.katalon.core.main.TestCaseExecutor.processExecutionPhase(TestCaseExecutor.java:418)
	at com.kms.katalon.core.main.TestCaseExecutor.accessMainPhase(TestCaseExecutor.java:410)
	at com.kms.katalon.core.main.TestCaseExecutor.execute(TestCaseExecutor.java:285)
	at com.kms.katalon.core.common.CommonExecutor.accessTestCaseMainPhase(CommonExecutor.java:65)
	at com.kms.katalon.core.main.TestSuiteExecutor.accessTestSuiteMainPhase(TestSuiteExecutor.java:148)
	at com.kms.katalon.core.main.TestSuiteExecutor.execute(TestSuiteExecutor.java:106)
	at com.kms.katalon.core.main.TestCaseMain.startTestSuite(TestCaseMain.java:187)
	at com.kms.katalon.core.main.TestCaseMain$startTestSuite$0.call(Unknown Source)
	at TempTestSuite1696560832015.run(TempTestSuite1696560832015.groovy:36)
Caused by: Assertion failed: 

assert arrProdukNameOri == arrProdukNameSort
       |                |  |
       |                |  [-1, 0, 0, 1, 100, 100, 1100, 1000000000, 1000000000, 1000000000]
       |                false
       [-1, 0, 0, 1, 100, 100, 1000000000, 1000000000, 1000000000, 1100]

	at TC-PA-017.run(TC-PA-017:45)
	at com.kms.katalon.core.main.ScriptEngine.run(ScriptEngine.java:194)
	at com.kms.katalon.core.main.ScriptEngine.runScriptAsRawText(ScriptEngine.java:119)
	at com.kms.katalon.core.main.TestCaseExecutor.runScript(TestCaseExecutor.java:448)
	at com.kms.katalon.core.main.TestCaseExecutor.doExecute(TestCaseExecutor.java:439)
	at com.kms.katalon.core.main.TestCaseExecutor.processExecutionPhase(TestCaseExecutor.java:418)
	at com.kms.katalon.core.main.TestCaseExecutor.accessMainPhase(TestCaseExecutor.java:410)
	at com.kms.katalon.core.main.TestCaseExecutor.execute(TestCaseExecutor.java:285)
	at com.kms.katalon.core.main.TestCaseMain.runTestCase(TestCaseMain.java:144)
	at com.kms.katalon.core.keyword.builtin.CallTestCaseKeyword$_callTestCase_closure1.doCall(CallTestCaseKeyword.groovy:59)
	... 20 more]]></system-err>
      </testcase>
      <testcase name="Test Cases/Product Admin/TC-PA-019" time="23.639" classname="Test Cases/Product Admin/TC-PA-019" status="PASSED">
         <system-out><![CDATA[2023-10-06 10:01:00 - [TEST_CASE][PASSED] - Test Cases/Product Admin/TC-PA-019: Test Cases/Product Admin/TC-PA-019

2023-10-06 10:01:00 - [TEST_STEP][PASSED] - callTestCase(findTestCase("Product Admin/TC-PA-001"), [:], STOP_ON_FAILURE): Call Test Case 'Test Cases/Product Admin/TC-PA-001' successfully

2023-10-06 10:01:00 - [TEST_CASE][PASSED] - Test Cases/Product Admin/TC-PA-001: Test Cases/Product Admin/TC-PA-001

2023-10-06 10:01:00 - [TEST_STEP][PASSED] - callTestCase(findTestCase("Login Admin/TC-Login Admin-001"), [:], STOP_ON_FAILURE): Call Test Case 'Test Cases/Login Admin/TC-Login Admin-001' successfully

2023-10-06 10:01:00 - [TEST_CASE][PASSED] - Test Cases/Login Admin/TC-Login Admin-001: Test Cases/Login Admin/TC-Login Admin-001

2023-10-06 10:01:00 - [TEST_STEP][PASSED] - openBrowser(adminTajalapak): Browser is opened with url: 'https://10.9.2.63/ecommerce/administrator'

2023-10-06 10:01:00 - [MESSAGE][WARNING] - A browser is already opened. Closing browser and opening a new one

2023-10-06 10:01:01 - [MESSAGE][INFO] - Starting 'Edge Chromium' driver

2023-10-06 10:01:01 - [MESSAGE][INFO] - User set preference: ['acceptInsecureCerts', 'true']

2023-10-06 10:01:03 - [MESSAGE][INFO] - Action delay is set to 0 milliseconds

2023-10-06 10:01:06 - [MESSAGE][PASSED] - Browser is opened with url: 'https://10.9.2.63/ecommerce/administrator'

2023-10-06 10:01:06 - [TEST_STEP][PASSED] - maximizeWindow(): Current window maximized

2023-10-06 10:01:06 - [MESSAGE][PASSED] - Current window maximized

2023-10-06 10:01:06 - [TEST_STEP][PASSED] - verifyElementPresent(findTestObject("Login Admin/Verifikasi Halaman Administrator"), 0): Object 'Object Repository/Login Admin/Verifikasi Halaman Administrator' is present

2023-10-06 10:01:06 - [MESSAGE][WARNING] - Timeout '0' is invalid. Using default page load timeout: '30'

2023-10-06 10:01:06 - [MESSAGE][PASSED] - Object 'Object Repository/Login Admin/Verifikasi Halaman Administrator' is present

2023-10-06 10:01:06 - [TEST_STEP][PASSED] - setText(findTestObject("Login Admin/Input Username Admin"), "admin"): Text 'admin' is set on object 'Object Repository/Login Admin/Input Username Admin'

2023-10-06 10:01:07 - [MESSAGE][PASSED] - Text 'admin' is set on object 'Object Repository/Login Admin/Input Username Admin'

2023-10-06 10:01:07 - [TEST_STEP][PASSED] - setEncryptedText(findTestObject("Login Admin/Input Password Admin"), "374mkdZ/lqyNS21oH+MJZQ=="): Text ****** has been set on object 'Object Repository/Login Admin/Input Password Admin'

2023-10-06 10:01:08 - [MESSAGE][PASSED] - Text ****** has been set on object 'Object Repository/Login Admin/Input Password Admin'

2023-10-06 10:01:08 - [TEST_STEP][PASSED] - delay(10): Delayed 10 second(s)

2023-10-06 10:01:18 - [MESSAGE][PASSED] - Delayed 10 second(s)

2023-10-06 10:01:18 - [TEST_STEP][PASSED] - click(findTestObject("Login Admin/Botton Sign In")): Object: 'Object Repository/Login Admin/Botton Sign In' is clicked on

2023-10-06 10:01:19 - [MESSAGE][PASSED] - Object: 'Object Repository/Login Admin/Botton Sign In' is clicked on

2023-10-06 10:01:19 - [TEST_STEP][PASSED] - verifyElementPresent(findTestObject("Login Admin/Verifikasi Halaman Login Admin"), 0): Object 'Object Repository/Login Admin/Verifikasi Halaman Login Admin' is present

2023-10-06 10:01:19 - [MESSAGE][WARNING] - Timeout '0' is invalid. Using default page load timeout: '30'

2023-10-06 10:01:20 - [MESSAGE][PASSED] - Object 'Object Repository/Login Admin/Verifikasi Halaman Login Admin' is present

2023-10-06 10:01:20 - [MESSAGE][PASSED] - Call Test Case 'Test Cases/Login Admin/TC-Login Admin-001' successfully

2023-10-06 10:01:20 - [TEST_STEP][PASSED] - click(findTestObject("Product Admin/Master Market")): Object: 'Object Repository/Product Admin/Master Market' is clicked on

2023-10-06 10:01:21 - [MESSAGE][PASSED] - Object: 'Object Repository/Product Admin/Master Market' is clicked on

2023-10-06 10:01:21 - [TEST_STEP][PASSED] - click(findTestObject("Product Admin/Produk Admin")): Object: 'Object Repository/Product Admin/Produk Admin' is clicked on

2023-10-06 10:01:22 - [MESSAGE][PASSED] - Object: 'Object Repository/Product Admin/Produk Admin' is clicked on

2023-10-06 10:01:22 - [TEST_STEP][PASSED] - verifyElementPresent(findTestObject("Product Admin/Veridikasi Halaman Semua Produk"), 0): Object 'Object Repository/Product Admin/Veridikasi Halaman Semua Produk' is present

2023-10-06 10:01:22 - [MESSAGE][WARNING] - Timeout '0' is invalid. Using default page load timeout: '30'

2023-10-06 10:01:23 - [MESSAGE][PASSED] - Object 'Object Repository/Product Admin/Veridikasi Halaman Semua Produk' is present

2023-10-06 10:01:23 - [MESSAGE][PASSED] - Call Test Case 'Test Cases/Product Admin/TC-PA-001' successfully

2023-10-06 10:01:23 - [TEST_STEP][PASSED] - click(findTestObject("Product Admin/Button Sort Product NoOrYes")): Object: 'Object Repository/Product Admin/Button Sort Product NoOrYes' is clicked on

2023-10-06 10:01:23 - [MESSAGE][PASSED] - Object: 'Object Repository/Product Admin/Button Sort Product NoOrYes' is clicked on

2023-10-06 10:01:23 - [TEST_STEP][PASSED] - dataList = findWebElements(findTestObject("Object Repository/Product Admin/Data Product Aktif Or Tidak"), 10): null

2023-10-06 10:01:24 - [TEST_STEP][PASSED] - arrProdukNameOri = []: null

2023-10-06 10:01:24 - [TEST_STEP][PASSED] - arrProdukNameSort = []: null

2023-10-06 10:01:24 - [TEST_STEP][PASSED] - for ([i = 0, i < dataList.size(), (i++)]): null

2023-10-06 10:01:24 - [TEST_STEP][PASSED] - text = text: null

2023-10-06 10:01:24 - [TEST_STEP][PASSED] - arrProdukNameOri[i] = text: null

2023-10-06 10:01:24 - [TEST_STEP][PASSED] - arrProdukNameSort[i] = text: null

2023-10-06 10:01:24 - [TEST_STEP][PASSED] - text = text: null

2023-10-06 10:01:24 - [TEST_STEP][PASSED] - arrProdukNameOri[i] = text: null

2023-10-06 10:01:24 - [TEST_STEP][PASSED] - arrProdukNameSort[i] = text: null

2023-10-06 10:01:24 - [TEST_STEP][PASSED] - text = text: null

2023-10-06 10:01:24 - [TEST_STEP][PASSED] - arrProdukNameOri[i] = text: null

2023-10-06 10:01:24 - [TEST_STEP][PASSED] - arrProdukNameSort[i] = text: null

2023-10-06 10:01:24 - [TEST_STEP][PASSED] - text = text: null

2023-10-06 10:01:24 - [TEST_STEP][PASSED] - arrProdukNameOri[i] = text: null

2023-10-06 10:01:24 - [TEST_STEP][PASSED] - arrProdukNameSort[i] = text: null

2023-10-06 10:01:24 - [TEST_STEP][PASSED] - text = text: null

2023-10-06 10:01:24 - [TEST_STEP][PASSED] - arrProdukNameOri[i] = text: null

2023-10-06 10:01:24 - [TEST_STEP][PASSED] - arrProdukNameSort[i] = text: null

2023-10-06 10:01:24 - [TEST_STEP][PASSED] - text = text: null

2023-10-06 10:01:24 - [TEST_STEP][PASSED] - arrProdukNameOri[i] = text: null

2023-10-06 10:01:24 - [TEST_STEP][PASSED] - arrProdukNameSort[i] = text: null

2023-10-06 10:01:24 - [TEST_STEP][PASSED] - text = text: null

2023-10-06 10:01:24 - [TEST_STEP][PASSED] - arrProdukNameOri[i] = text: null

2023-10-06 10:01:24 - [TEST_STEP][PASSED] - arrProdukNameSort[i] = text: null

2023-10-06 10:01:24 - [TEST_STEP][PASSED] - text = text: null

2023-10-06 10:01:24 - [TEST_STEP][PASSED] - arrProdukNameOri[i] = text: null

2023-10-06 10:01:24 - [TEST_STEP][PASSED] - arrProdukNameSort[i] = text: null

2023-10-06 10:01:24 - [TEST_STEP][PASSED] - text = text: null

2023-10-06 10:01:24 - [TEST_STEP][PASSED] - arrProdukNameOri[i] = text: null

2023-10-06 10:01:24 - [TEST_STEP][PASSED] - arrProdukNameSort[i] = text: null

2023-10-06 10:01:24 - [TEST_STEP][PASSED] - text = text: null

2023-10-06 10:01:24 - [TEST_STEP][PASSED] - arrProdukNameOri[i] = text: null

2023-10-06 10:01:24 - [TEST_STEP][PASSED] - arrProdukNameSort[i] = text: null

2023-10-06 10:01:24 - [TEST_STEP][PASSED] - Arrays.sort(arrProdukNameSort): null

2023-10-06 10:01:24 - [TEST_STEP][PASSED] - println(arrProdukNameOri): null

2023-10-06 10:01:24 - [TEST_STEP][PASSED] - println(arrProdukNameSort): null

2023-10-06 10:01:24 - [TEST_STEP][PASSED] - assert arrProdukNameOri == arrProdukNameSort: null]]></system-out>
         <system-err><![CDATA[]]></system-err>
      </testcase>
      <testcase name="Test Cases/Product Admin/TC-PA-020" time="24.278" classname="Test Cases/Product Admin/TC-PA-020" status="PASSED">
         <system-out><![CDATA[2023-10-06 10:01:24 - [TEST_CASE][PASSED] - Test Cases/Product Admin/TC-PA-020: Test Cases/Product Admin/TC-PA-020

2023-10-06 10:01:24 - [TEST_STEP][PASSED] - callTestCase(findTestCase("Product Admin/TC-PA-019"), [:], STOP_ON_FAILURE): Call Test Case 'Test Cases/Product Admin/TC-PA-019' successfully

2023-10-06 10:01:24 - [TEST_CASE][PASSED] - Test Cases/Product Admin/TC-PA-019: Test Cases/Product Admin/TC-PA-019

2023-10-06 10:01:24 - [TEST_STEP][PASSED] - callTestCase(findTestCase("Product Admin/TC-PA-001"), [:], STOP_ON_FAILURE): Call Test Case 'Test Cases/Product Admin/TC-PA-001' successfully

2023-10-06 10:01:24 - [TEST_CASE][PASSED] - Test Cases/Product Admin/TC-PA-001: Test Cases/Product Admin/TC-PA-001

2023-10-06 10:01:24 - [TEST_STEP][PASSED] - callTestCase(findTestCase("Login Admin/TC-Login Admin-001"), [:], STOP_ON_FAILURE): Call Test Case 'Test Cases/Login Admin/TC-Login Admin-001' successfully

2023-10-06 10:01:24 - [TEST_CASE][PASSED] - Test Cases/Login Admin/TC-Login Admin-001: Test Cases/Login Admin/TC-Login Admin-001

2023-10-06 10:01:24 - [TEST_STEP][PASSED] - openBrowser(adminTajalapak): Browser is opened with url: 'https://10.9.2.63/ecommerce/administrator'

2023-10-06 10:01:24 - [MESSAGE][WARNING] - A browser is already opened. Closing browser and opening a new one

2023-10-06 10:01:25 - [MESSAGE][INFO] - Starting 'Edge Chromium' driver

2023-10-06 10:01:25 - [MESSAGE][INFO] - User set preference: ['acceptInsecureCerts', 'true']

2023-10-06 10:01:27 - [MESSAGE][INFO] - Action delay is set to 0 milliseconds

2023-10-06 10:01:30 - [MESSAGE][PASSED] - Browser is opened with url: 'https://10.9.2.63/ecommerce/administrator'

2023-10-06 10:01:30 - [TEST_STEP][PASSED] - maximizeWindow(): Current window maximized

2023-10-06 10:01:30 - [MESSAGE][PASSED] - Current window maximized

2023-10-06 10:01:30 - [TEST_STEP][PASSED] - verifyElementPresent(findTestObject("Login Admin/Verifikasi Halaman Administrator"), 0): Object 'Object Repository/Login Admin/Verifikasi Halaman Administrator' is present

2023-10-06 10:01:30 - [MESSAGE][WARNING] - Timeout '0' is invalid. Using default page load timeout: '30'

2023-10-06 10:01:30 - [MESSAGE][PASSED] - Object 'Object Repository/Login Admin/Verifikasi Halaman Administrator' is present

2023-10-06 10:01:30 - [TEST_STEP][PASSED] - setText(findTestObject("Login Admin/Input Username Admin"), "admin"): Text 'admin' is set on object 'Object Repository/Login Admin/Input Username Admin'

2023-10-06 10:01:31 - [MESSAGE][PASSED] - Text 'admin' is set on object 'Object Repository/Login Admin/Input Username Admin'

2023-10-06 10:01:31 - [TEST_STEP][PASSED] - setEncryptedText(findTestObject("Login Admin/Input Password Admin"), "374mkdZ/lqyNS21oH+MJZQ=="): Text ****** has been set on object 'Object Repository/Login Admin/Input Password Admin'

2023-10-06 10:01:31 - [MESSAGE][PASSED] - Text ****** has been set on object 'Object Repository/Login Admin/Input Password Admin'

2023-10-06 10:01:31 - [TEST_STEP][PASSED] - delay(10): Delayed 10 second(s)

2023-10-06 10:01:41 - [MESSAGE][PASSED] - Delayed 10 second(s)

2023-10-06 10:01:41 - [TEST_STEP][PASSED] - click(findTestObject("Login Admin/Botton Sign In")): Object: 'Object Repository/Login Admin/Botton Sign In' is clicked on

2023-10-06 10:01:42 - [MESSAGE][PASSED] - Object: 'Object Repository/Login Admin/Botton Sign In' is clicked on

2023-10-06 10:01:42 - [TEST_STEP][PASSED] - verifyElementPresent(findTestObject("Login Admin/Verifikasi Halaman Login Admin"), 0): Object 'Object Repository/Login Admin/Verifikasi Halaman Login Admin' is present

2023-10-06 10:01:42 - [MESSAGE][WARNING] - Timeout '0' is invalid. Using default page load timeout: '30'

2023-10-06 10:01:44 - [MESSAGE][PASSED] - Object 'Object Repository/Login Admin/Verifikasi Halaman Login Admin' is present

2023-10-06 10:01:44 - [MESSAGE][PASSED] - Call Test Case 'Test Cases/Login Admin/TC-Login Admin-001' successfully

2023-10-06 10:01:44 - [TEST_STEP][PASSED] - click(findTestObject("Product Admin/Master Market")): Object: 'Object Repository/Product Admin/Master Market' is clicked on

2023-10-06 10:01:44 - [MESSAGE][PASSED] - Object: 'Object Repository/Product Admin/Master Market' is clicked on

2023-10-06 10:01:44 - [TEST_STEP][PASSED] - click(findTestObject("Product Admin/Produk Admin")): Object: 'Object Repository/Product Admin/Produk Admin' is clicked on

2023-10-06 10:01:45 - [MESSAGE][PASSED] - Object: 'Object Repository/Product Admin/Produk Admin' is clicked on

2023-10-06 10:01:45 - [TEST_STEP][PASSED] - verifyElementPresent(findTestObject("Product Admin/Veridikasi Halaman Semua Produk"), 0): Object 'Object Repository/Product Admin/Veridikasi Halaman Semua Produk' is present

2023-10-06 10:01:45 - [MESSAGE][WARNING] - Timeout '0' is invalid. Using default page load timeout: '30'

2023-10-06 10:01:46 - [MESSAGE][PASSED] - Object 'Object Repository/Product Admin/Veridikasi Halaman Semua Produk' is present

2023-10-06 10:01:46 - [MESSAGE][PASSED] - Call Test Case 'Test Cases/Product Admin/TC-PA-001' successfully

2023-10-06 10:01:46 - [TEST_STEP][PASSED] - click(findTestObject("Product Admin/Button Sort Product NoOrYes")): Object: 'Object Repository/Product Admin/Button Sort Product NoOrYes' is clicked on

2023-10-06 10:01:46 - [MESSAGE][PASSED] - Object: 'Object Repository/Product Admin/Button Sort Product NoOrYes' is clicked on

2023-10-06 10:01:46 - [TEST_STEP][PASSED] - dataList = findWebElements(findTestObject("Object Repository/Product Admin/Data Product Aktif Or Tidak"), 10): null

2023-10-06 10:01:47 - [TEST_STEP][PASSED] - arrProdukNameOri = []: null

2023-10-06 10:01:47 - [TEST_STEP][PASSED] - arrProdukNameSort = []: null

2023-10-06 10:01:47 - [TEST_STEP][PASSED] - for ([i = 0, i < dataList.size(), (i++)]): null

2023-10-06 10:01:47 - [TEST_STEP][PASSED] - text = text: null

2023-10-06 10:01:47 - [TEST_STEP][PASSED] - arrProdukNameOri[i] = text: null

2023-10-06 10:01:47 - [TEST_STEP][PASSED] - arrProdukNameSort[i] = text: null

2023-10-06 10:01:47 - [TEST_STEP][PASSED] - text = text: null

2023-10-06 10:01:47 - [TEST_STEP][PASSED] - arrProdukNameOri[i] = text: null

2023-10-06 10:01:47 - [TEST_STEP][PASSED] - arrProdukNameSort[i] = text: null

2023-10-06 10:01:47 - [TEST_STEP][PASSED] - text = text: null

2023-10-06 10:01:47 - [TEST_STEP][PASSED] - arrProdukNameOri[i] = text: null

2023-10-06 10:01:47 - [TEST_STEP][PASSED] - arrProdukNameSort[i] = text: null

2023-10-06 10:01:47 - [TEST_STEP][PASSED] - text = text: null

2023-10-06 10:01:47 - [TEST_STEP][PASSED] - arrProdukNameOri[i] = text: null

2023-10-06 10:01:47 - [TEST_STEP][PASSED] - arrProdukNameSort[i] = text: null

2023-10-06 10:01:47 - [TEST_STEP][PASSED] - text = text: null

2023-10-06 10:01:47 - [TEST_STEP][PASSED] - arrProdukNameOri[i] = text: null

2023-10-06 10:01:47 - [TEST_STEP][PASSED] - arrProdukNameSort[i] = text: null

2023-10-06 10:01:47 - [TEST_STEP][PASSED] - text = text: null

2023-10-06 10:01:47 - [TEST_STEP][PASSED] - arrProdukNameOri[i] = text: null

2023-10-06 10:01:47 - [TEST_STEP][PASSED] - arrProdukNameSort[i] = text: null

2023-10-06 10:01:47 - [TEST_STEP][PASSED] - text = text: null

2023-10-06 10:01:47 - [TEST_STEP][PASSED] - arrProdukNameOri[i] = text: null

2023-10-06 10:01:47 - [TEST_STEP][PASSED] - arrProdukNameSort[i] = text: null

2023-10-06 10:01:47 - [TEST_STEP][PASSED] - text = text: null

2023-10-06 10:01:47 - [TEST_STEP][PASSED] - arrProdukNameOri[i] = text: null

2023-10-06 10:01:47 - [TEST_STEP][PASSED] - arrProdukNameSort[i] = text: null

2023-10-06 10:01:47 - [TEST_STEP][PASSED] - text = text: null

2023-10-06 10:01:47 - [TEST_STEP][PASSED] - arrProdukNameOri[i] = text: null

2023-10-06 10:01:47 - [TEST_STEP][PASSED] - arrProdukNameSort[i] = text: null

2023-10-06 10:01:47 - [TEST_STEP][PASSED] - text = text: null

2023-10-06 10:01:47 - [TEST_STEP][PASSED] - arrProdukNameOri[i] = text: null

2023-10-06 10:01:47 - [TEST_STEP][PASSED] - arrProdukNameSort[i] = text: null

2023-10-06 10:01:47 - [TEST_STEP][PASSED] - Arrays.sort(arrProdukNameSort): null

2023-10-06 10:01:47 - [TEST_STEP][PASSED] - println(arrProdukNameOri): null

2023-10-06 10:01:47 - [TEST_STEP][PASSED] - println(arrProdukNameSort): null

2023-10-06 10:01:47 - [TEST_STEP][PASSED] - assert arrProdukNameOri == arrProdukNameSort: null

2023-10-06 10:01:47 - [MESSAGE][PASSED] - Call Test Case 'Test Cases/Product Admin/TC-PA-019' successfully

2023-10-06 10:01:47 - [TEST_STEP][PASSED] - click(findTestObject("Product Admin/Button Sort Product NoOrYes")): Object: 'Object Repository/Product Admin/Button Sort Product NoOrYes' is clicked on

2023-10-06 10:01:47 - [MESSAGE][PASSED] - Object: 'Object Repository/Product Admin/Button Sort Product NoOrYes' is clicked on

2023-10-06 10:01:47 - [TEST_STEP][PASSED] - dataList = findWebElements(findTestObject("Object Repository/Product Admin/Data Product Aktif Or Tidak"), 10): null

2023-10-06 10:01:48 - [TEST_STEP][PASSED] - arrProdukNameOri = []: null

2023-10-06 10:01:48 - [TEST_STEP][PASSED] - arrProdukNameSort = []: null

2023-10-06 10:01:48 - [TEST_STEP][PASSED] - for ([i = 0, i < dataList.size(), (i++)]): null

2023-10-06 10:01:48 - [TEST_STEP][PASSED] - text = text: null

2023-10-06 10:01:48 - [TEST_STEP][PASSED] - arrProdukNameOri[i] = text: null

2023-10-06 10:01:48 - [TEST_STEP][PASSED] - arrProdukNameSort[i] = text: null

2023-10-06 10:01:48 - [TEST_STEP][PASSED] - text = text: null

2023-10-06 10:01:48 - [TEST_STEP][PASSED] - arrProdukNameOri[i] = text: null

2023-10-06 10:01:48 - [TEST_STEP][PASSED] - arrProdukNameSort[i] = text: null

2023-10-06 10:01:48 - [TEST_STEP][PASSED] - text = text: null

2023-10-06 10:01:48 - [TEST_STEP][PASSED] - arrProdukNameOri[i] = text: null

2023-10-06 10:01:48 - [TEST_STEP][PASSED] - arrProdukNameSort[i] = text: null

2023-10-06 10:01:48 - [TEST_STEP][PASSED] - text = text: null

2023-10-06 10:01:48 - [TEST_STEP][PASSED] - arrProdukNameOri[i] = text: null

2023-10-06 10:01:48 - [TEST_STEP][PASSED] - arrProdukNameSort[i] = text: null

2023-10-06 10:01:48 - [TEST_STEP][PASSED] - text = text: null

2023-10-06 10:01:48 - [TEST_STEP][PASSED] - arrProdukNameOri[i] = text: null

2023-10-06 10:01:48 - [TEST_STEP][PASSED] - arrProdukNameSort[i] = text: null

2023-10-06 10:01:48 - [TEST_STEP][PASSED] - text = text: null

2023-10-06 10:01:48 - [TEST_STEP][PASSED] - arrProdukNameOri[i] = text: null

2023-10-06 10:01:48 - [TEST_STEP][PASSED] - arrProdukNameSort[i] = text: null

2023-10-06 10:01:48 - [TEST_STEP][PASSED] - text = text: null

2023-10-06 10:01:48 - [TEST_STEP][PASSED] - arrProdukNameOri[i] = text: null

2023-10-06 10:01:48 - [TEST_STEP][PASSED] - arrProdukNameSort[i] = text: null

2023-10-06 10:01:48 - [TEST_STEP][PASSED] - text = text: null

2023-10-06 10:01:48 - [TEST_STEP][PASSED] - arrProdukNameOri[i] = text: null

2023-10-06 10:01:48 - [TEST_STEP][PASSED] - arrProdukNameSort[i] = text: null

2023-10-06 10:01:48 - [TEST_STEP][PASSED] - text = text: null

2023-10-06 10:01:48 - [TEST_STEP][PASSED] - arrProdukNameOri[i] = text: null

2023-10-06 10:01:48 - [TEST_STEP][PASSED] - arrProdukNameSort[i] = text: null

2023-10-06 10:01:48 - [TEST_STEP][PASSED] - text = text: null

2023-10-06 10:01:48 - [TEST_STEP][PASSED] - arrProdukNameOri[i] = text: null

2023-10-06 10:01:48 - [TEST_STEP][PASSED] - arrProdukNameSort[i] = text: null

2023-10-06 10:01:48 - [TEST_STEP][PASSED] - Arrays.sort(arrProdukNameSort, Collections.reverseOrder()): null

2023-10-06 10:01:48 - [TEST_STEP][PASSED] - println(arrProdukNameOri): null

2023-10-06 10:01:48 - [TEST_STEP][PASSED] - println(arrProdukNameSort): null

2023-10-06 10:01:48 - [TEST_STEP][PASSED] - assert arrProdukNameOri == arrProdukNameSort: null]]></system-out>
         <system-err><![CDATA[]]></system-err>
      </testcase>
      <testcase name="Test Cases/Product Admin/TC-PA-021" time="23.908" classname="Test Cases/Product Admin/TC-PA-021" status="PASSED">
         <system-out><![CDATA[2023-10-06 10:01:48 - [TEST_CASE][PASSED] - Test Cases/Product Admin/TC-PA-021: Test Cases/Product Admin/TC-PA-021

2023-10-06 10:01:48 - [TEST_STEP][PASSED] - callTestCase(findTestCase("Product Admin/TC-PA-001"), [:], STOP_ON_FAILURE): Call Test Case 'Test Cases/Product Admin/TC-PA-001' successfully

2023-10-06 10:01:48 - [TEST_CASE][PASSED] - Test Cases/Product Admin/TC-PA-001: Test Cases/Product Admin/TC-PA-001

2023-10-06 10:01:48 - [TEST_STEP][PASSED] - callTestCase(findTestCase("Login Admin/TC-Login Admin-001"), [:], STOP_ON_FAILURE): Call Test Case 'Test Cases/Login Admin/TC-Login Admin-001' successfully

2023-10-06 10:01:48 - [TEST_CASE][PASSED] - Test Cases/Login Admin/TC-Login Admin-001: Test Cases/Login Admin/TC-Login Admin-001

2023-10-06 10:01:48 - [TEST_STEP][PASSED] - openBrowser(adminTajalapak): Browser is opened with url: 'https://10.9.2.63/ecommerce/administrator'

2023-10-06 10:01:48 - [MESSAGE][WARNING] - A browser is already opened. Closing browser and opening a new one

2023-10-06 10:01:49 - [MESSAGE][INFO] - Starting 'Edge Chromium' driver

2023-10-06 10:01:49 - [MESSAGE][INFO] - User set preference: ['acceptInsecureCerts', 'true']

2023-10-06 10:01:51 - [MESSAGE][INFO] - Action delay is set to 0 milliseconds

2023-10-06 10:01:54 - [MESSAGE][PASSED] - Browser is opened with url: 'https://10.9.2.63/ecommerce/administrator'

2023-10-06 10:01:54 - [TEST_STEP][PASSED] - maximizeWindow(): Current window maximized

2023-10-06 10:01:54 - [MESSAGE][PASSED] - Current window maximized

2023-10-06 10:01:54 - [TEST_STEP][PASSED] - verifyElementPresent(findTestObject("Login Admin/Verifikasi Halaman Administrator"), 0): Object 'Object Repository/Login Admin/Verifikasi Halaman Administrator' is present

2023-10-06 10:01:54 - [MESSAGE][WARNING] - Timeout '0' is invalid. Using default page load timeout: '30'

2023-10-06 10:01:55 - [MESSAGE][PASSED] - Object 'Object Repository/Login Admin/Verifikasi Halaman Administrator' is present

2023-10-06 10:01:55 - [TEST_STEP][PASSED] - setText(findTestObject("Login Admin/Input Username Admin"), "admin"): Text 'admin' is set on object 'Object Repository/Login Admin/Input Username Admin'

2023-10-06 10:01:56 - [MESSAGE][PASSED] - Text 'admin' is set on object 'Object Repository/Login Admin/Input Username Admin'

2023-10-06 10:01:56 - [TEST_STEP][PASSED] - setEncryptedText(findTestObject("Login Admin/Input Password Admin"), "374mkdZ/lqyNS21oH+MJZQ=="): Text ****** has been set on object 'Object Repository/Login Admin/Input Password Admin'

2023-10-06 10:01:56 - [MESSAGE][PASSED] - Text ****** has been set on object 'Object Repository/Login Admin/Input Password Admin'

2023-10-06 10:01:56 - [TEST_STEP][PASSED] - delay(10): Delayed 10 second(s)

2023-10-06 10:02:06 - [MESSAGE][PASSED] - Delayed 10 second(s)

2023-10-06 10:02:06 - [TEST_STEP][PASSED] - click(findTestObject("Login Admin/Botton Sign In")): Object: 'Object Repository/Login Admin/Botton Sign In' is clicked on

2023-10-06 10:02:08 - [MESSAGE][PASSED] - Object: 'Object Repository/Login Admin/Botton Sign In' is clicked on

2023-10-06 10:02:08 - [TEST_STEP][PASSED] - verifyElementPresent(findTestObject("Login Admin/Verifikasi Halaman Login Admin"), 0): Object 'Object Repository/Login Admin/Verifikasi Halaman Login Admin' is present

2023-10-06 10:02:08 - [MESSAGE][WARNING] - Timeout '0' is invalid. Using default page load timeout: '30'

2023-10-06 10:02:08 - [MESSAGE][PASSED] - Object 'Object Repository/Login Admin/Verifikasi Halaman Login Admin' is present

2023-10-06 10:02:08 - [MESSAGE][PASSED] - Call Test Case 'Test Cases/Login Admin/TC-Login Admin-001' successfully

2023-10-06 10:02:08 - [TEST_STEP][PASSED] - click(findTestObject("Product Admin/Master Market")): Object: 'Object Repository/Product Admin/Master Market' is clicked on

2023-10-06 10:02:09 - [MESSAGE][PASSED] - Object: 'Object Repository/Product Admin/Master Market' is clicked on

2023-10-06 10:02:09 - [TEST_STEP][PASSED] - click(findTestObject("Product Admin/Produk Admin")): Object: 'Object Repository/Product Admin/Produk Admin' is clicked on

2023-10-06 10:02:10 - [MESSAGE][PASSED] - Object: 'Object Repository/Product Admin/Produk Admin' is clicked on

2023-10-06 10:02:10 - [TEST_STEP][PASSED] - verifyElementPresent(findTestObject("Product Admin/Veridikasi Halaman Semua Produk"), 0): Object 'Object Repository/Product Admin/Veridikasi Halaman Semua Produk' is present

2023-10-06 10:02:10 - [MESSAGE][WARNING] - Timeout '0' is invalid. Using default page load timeout: '30'

2023-10-06 10:02:11 - [MESSAGE][PASSED] - Object 'Object Repository/Product Admin/Veridikasi Halaman Semua Produk' is present

2023-10-06 10:02:11 - [MESSAGE][PASSED] - Call Test Case 'Test Cases/Product Admin/TC-PA-001' successfully

2023-10-06 10:02:11 - [TEST_STEP][PASSED] - setText(findTestObject("Product Admin/Input Search Product"), cariKata): Text 'DELL' is set on object 'Object Repository/Product Admin/Input Search Product'

2023-10-06 10:02:11 - [MESSAGE][PASSED] - Text 'DELL' is set on object 'Object Repository/Product Admin/Input Search Product'

2023-10-06 10:02:11 - [TEST_STEP][PASSED] - dataList = findWebElements(findTestObject("Object Repository/Product Admin/Data Semua Product"), 10): null

2023-10-06 10:02:12 - [TEST_STEP][PASSED] - for ([i = 0, i < dataList.size(), i += 7]): null

2023-10-06 10:02:12 - [TEST_STEP][PASSED] - cekSearch = false: null

2023-10-06 10:02:12 - [TEST_STEP][PASSED] - nomor = get(i).getText(): null

2023-10-06 10:02:12 - [TEST_STEP][PASSED] - namaProduct = get(i + 1).getText(): null

2023-10-06 10:02:12 - [TEST_STEP][PASSED] - modal = get(i + 2).getText(): null

2023-10-06 10:02:12 - [TEST_STEP][PASSED] - reseller = get(i + 3).getText(): null

2023-10-06 10:02:12 - [TEST_STEP][PASSED] - konsumen = get(i + 4).getText(): null

2023-10-06 10:02:12 - [TEST_STEP][PASSED] - stok = get(i + 5).getText(): null

2023-10-06 10:02:12 - [TEST_STEP][PASSED] - satuan = get(i + 6).getText(): null

2023-10-06 10:02:12 - [TEST_STEP][PASSED] - berat = get(i + 7).getText(): null

2023-10-06 10:02:12 - [TEST_STEP][PASSED] - status = get(i + 8).getText(): null

2023-10-06 10:02:12 - [TEST_STEP][PASSED] - if (nomor.contains(cariKata)): null

2023-10-06 10:02:12 - [TEST_STEP][PASSED] - if (namaProduct.contains(cariKata)): null

2023-10-06 10:02:12 - [TEST_STEP][PASSED] - cekSearch = true: null

2023-10-06 10:02:12 - [TEST_STEP][PASSED] - break: null]]></system-out>
         <system-err><![CDATA[]]></system-err>
      </testcase>
      <testcase name="Test Cases/Product Admin/TC-PA-022" time="40.992" classname="Test Cases/Product Admin/TC-PA-022" status="PASSED">
         <system-out><![CDATA[2023-10-06 10:02:12 - [TEST_CASE][PASSED] - Test Cases/Product Admin/TC-PA-022: Test Cases/Product Admin/TC-PA-022

2023-10-06 10:02:13 - [TEST_STEP][PASSED] - callTestCase(findTestCase("Product Admin/TC-PA-001"), [:], STOP_ON_FAILURE): Call Test Case 'Test Cases/Product Admin/TC-PA-001' successfully

2023-10-06 10:02:13 - [TEST_CASE][PASSED] - Test Cases/Product Admin/TC-PA-001: Test Cases/Product Admin/TC-PA-001

2023-10-06 10:02:13 - [TEST_STEP][PASSED] - callTestCase(findTestCase("Login Admin/TC-Login Admin-001"), [:], STOP_ON_FAILURE): Call Test Case 'Test Cases/Login Admin/TC-Login Admin-001' successfully

2023-10-06 10:02:13 - [TEST_CASE][PASSED] - Test Cases/Login Admin/TC-Login Admin-001: Test Cases/Login Admin/TC-Login Admin-001

2023-10-06 10:02:13 - [TEST_STEP][PASSED] - openBrowser(adminTajalapak): Browser is opened with url: 'https://10.9.2.63/ecommerce/administrator'

2023-10-06 10:02:13 - [MESSAGE][WARNING] - A browser is already opened. Closing browser and opening a new one

2023-10-06 10:02:14 - [MESSAGE][INFO] - Starting 'Edge Chromium' driver

2023-10-06 10:02:14 - [MESSAGE][INFO] - User set preference: ['acceptInsecureCerts', 'true']

2023-10-06 10:02:16 - [MESSAGE][INFO] - Action delay is set to 0 milliseconds

2023-10-06 10:02:18 - [MESSAGE][PASSED] - Browser is opened with url: 'https://10.9.2.63/ecommerce/administrator'

2023-10-06 10:02:18 - [TEST_STEP][PASSED] - maximizeWindow(): Current window maximized

2023-10-06 10:02:18 - [MESSAGE][PASSED] - Current window maximized

2023-10-06 10:02:18 - [TEST_STEP][PASSED] - verifyElementPresent(findTestObject("Login Admin/Verifikasi Halaman Administrator"), 0): Object 'Object Repository/Login Admin/Verifikasi Halaman Administrator' is present

2023-10-06 10:02:18 - [MESSAGE][WARNING] - Timeout '0' is invalid. Using default page load timeout: '30'

2023-10-06 10:02:19 - [MESSAGE][PASSED] - Object 'Object Repository/Login Admin/Verifikasi Halaman Administrator' is present

2023-10-06 10:02:19 - [TEST_STEP][PASSED] - setText(findTestObject("Login Admin/Input Username Admin"), "admin"): Text 'admin' is set on object 'Object Repository/Login Admin/Input Username Admin'

2023-10-06 10:02:19 - [MESSAGE][PASSED] - Text 'admin' is set on object 'Object Repository/Login Admin/Input Username Admin'

2023-10-06 10:02:19 - [TEST_STEP][PASSED] - setEncryptedText(findTestObject("Login Admin/Input Password Admin"), "374mkdZ/lqyNS21oH+MJZQ=="): Text ****** has been set on object 'Object Repository/Login Admin/Input Password Admin'

2023-10-06 10:02:20 - [MESSAGE][PASSED] - Text ****** has been set on object 'Object Repository/Login Admin/Input Password Admin'

2023-10-06 10:02:20 - [TEST_STEP][PASSED] - delay(10): Delayed 10 second(s)

2023-10-06 10:02:30 - [MESSAGE][PASSED] - Delayed 10 second(s)

2023-10-06 10:02:30 - [TEST_STEP][PASSED] - click(findTestObject("Login Admin/Botton Sign In")): Object: 'Object Repository/Login Admin/Botton Sign In' is clicked on

2023-10-06 10:02:32 - [MESSAGE][PASSED] - Object: 'Object Repository/Login Admin/Botton Sign In' is clicked on

2023-10-06 10:02:32 - [TEST_STEP][PASSED] - verifyElementPresent(findTestObject("Login Admin/Verifikasi Halaman Login Admin"), 0): Object 'Object Repository/Login Admin/Verifikasi Halaman Login Admin' is present

2023-10-06 10:02:32 - [MESSAGE][WARNING] - Timeout '0' is invalid. Using default page load timeout: '30'

2023-10-06 10:02:32 - [MESSAGE][PASSED] - Object 'Object Repository/Login Admin/Verifikasi Halaman Login Admin' is present

2023-10-06 10:02:32 - [MESSAGE][PASSED] - Call Test Case 'Test Cases/Login Admin/TC-Login Admin-001' successfully

2023-10-06 10:02:32 - [TEST_STEP][PASSED] - click(findTestObject("Product Admin/Master Market")): Object: 'Object Repository/Product Admin/Master Market' is clicked on

2023-10-06 10:02:32 - [MESSAGE][PASSED] - Object: 'Object Repository/Product Admin/Master Market' is clicked on

2023-10-06 10:02:32 - [TEST_STEP][PASSED] - click(findTestObject("Product Admin/Produk Admin")): Object: 'Object Repository/Product Admin/Produk Admin' is clicked on

2023-10-06 10:02:34 - [MESSAGE][PASSED] - Object: 'Object Repository/Product Admin/Produk Admin' is clicked on

2023-10-06 10:02:34 - [TEST_STEP][PASSED] - verifyElementPresent(findTestObject("Product Admin/Veridikasi Halaman Semua Produk"), 0): Object 'Object Repository/Product Admin/Veridikasi Halaman Semua Produk' is present

2023-10-06 10:02:34 - [MESSAGE][WARNING] - Timeout '0' is invalid. Using default page load timeout: '30'

2023-10-06 10:02:34 - [MESSAGE][PASSED] - Object 'Object Repository/Product Admin/Veridikasi Halaman Semua Produk' is present

2023-10-06 10:02:34 - [MESSAGE][PASSED] - Call Test Case 'Test Cases/Product Admin/TC-PA-001' successfully

2023-10-06 10:02:34 - [TEST_STEP][PASSED] - jmlAwal = getText(findTestObject("Object Repository/Product Admin/Showing 1 to 10 of 55 entries")): Text of object 'Object Repository/Product Admin/Showing 1 to 10 of 55 entries' is: 'Showing 1 to 10 of 61 entries'

2023-10-06 10:02:34 - [MESSAGE][PASSED] - Text of object 'Object Repository/Product Admin/Showing 1 to 10 of 55 entries' is: 'Showing 1 to 10 of 61 entries'

2023-10-06 10:02:34 - [TEST_STEP][PASSED] - click(findTestObject("Product Admin/Button Tambahkan Data")): Object: 'Object Repository/Product Admin/Button Tambahkan Data' is clicked on

2023-10-06 10:02:35 - [MESSAGE][PASSED] - Object: 'Object Repository/Product Admin/Button Tambahkan Data' is clicked on

2023-10-06 10:02:35 - [TEST_STEP][PASSED] - verifyElementPresent(findTestObject("Product Admin/TambahProduk/Verifikasi Halaman Product Baru"), 0): Object 'Object Repository/Product Admin/TambahProduk/Verifikasi Halaman Product Baru' is present

2023-10-06 10:02:35 - [MESSAGE][WARNING] - Timeout '0' is invalid. Using default page load timeout: '30'

2023-10-06 10:02:36 - [MESSAGE][PASSED] - Object 'Object Repository/Product Admin/TambahProduk/Verifikasi Halaman Product Baru' is present

2023-10-06 10:02:36 - [TEST_STEP][PASSED] - setText(findTestObject("Product Admin/TambahProduk/Input Pemilik"), pemilik): Text 'Toko Koko' is set on object 'Object Repository/Product Admin/TambahProduk/Input Pemilik'

2023-10-06 10:02:36 - [MESSAGE][PASSED] - Text 'Toko Koko' is set on object 'Object Repository/Product Admin/TambahProduk/Input Pemilik'

2023-10-06 10:02:36 - [TEST_STEP][PASSED] - click(findTestObject("Product Admin/TambahProduk/Pemilik Toko Koko")): Object: 'Object Repository/Product Admin/TambahProduk/Pemilik Toko Koko' is clicked on

2023-10-06 10:02:37 - [MESSAGE][PASSED] - Object: 'Object Repository/Product Admin/TambahProduk/Pemilik Toko Koko' is clicked on

2023-10-06 10:02:37 - [TEST_STEP][PASSED] - selectOptionByValue(findTestObject("Product Admin/TambahProduk/Pilih Katagori"), katagori, false): All options with value '6' are selected in object 'Object Repository/Product Admin/TambahProduk/Pilih Katagori' 

2023-10-06 10:02:38 - [MESSAGE][PASSED] - All options with value '6' are selected in object 'Object Repository/Product Admin/TambahProduk/Pilih Katagori' 

2023-10-06 10:02:38 - [TEST_STEP][PASSED] - selectOptionByValue(findTestObject("Product Admin/TambahProduk/Pilih Sub Katagori"), subKatagori, false): All options with value '15' are selected in object 'Object Repository/Product Admin/TambahProduk/Pilih Sub Katagori' 

2023-10-06 10:02:38 - [MESSAGE][PASSED] - All options with value '15' are selected in object 'Object Repository/Product Admin/TambahProduk/Pilih Sub Katagori' 

2023-10-06 10:02:38 - [TEST_STEP][PASSED] - setText(findTestObject("Product Admin/TambahProduk/Input Nama Produk"), namaProduk): Text 'Baju Koko Kids 0 - 9 tahun' is set on object 'Object Repository/Product Admin/TambahProduk/Input Nama Produk'

2023-10-06 10:02:39 - [MESSAGE][PASSED] - Text 'Baju Koko Kids 0 - 9 tahun' is set on object 'Object Repository/Product Admin/TambahProduk/Input Nama Produk'

2023-10-06 10:02:39 - [TEST_STEP][PASSED] - setText(findTestObject("Product Admin/TambahProduk/Input Satuan Produk"), satuan): Text 'Pcs' is set on object 'Object Repository/Product Admin/TambahProduk/Input Satuan Produk'

2023-10-06 10:02:40 - [MESSAGE][PASSED] - Text 'Pcs' is set on object 'Object Repository/Product Admin/TambahProduk/Input Satuan Produk'

2023-10-06 10:02:40 - [TEST_STEP][PASSED] - setText(findTestObject("Product Admin/TambahProduk/Input Berat gram"), berat): Text '75' is set on object 'Object Repository/Product Admin/TambahProduk/Input Berat gram'

2023-10-06 10:02:41 - [MESSAGE][PASSED] - Text '75' is set on object 'Object Repository/Product Admin/TambahProduk/Input Berat gram'

2023-10-06 10:02:41 - [TEST_STEP][PASSED] - setText(findTestObject("Product Admin/TambahProduk/Input Harga Modal"), hargaModal): Text '10000' is set on object 'Object Repository/Product Admin/TambahProduk/Input Harga Modal'

2023-10-06 10:02:41 - [MESSAGE][PASSED] - Text '10000' is set on object 'Object Repository/Product Admin/TambahProduk/Input Harga Modal'

2023-10-06 10:02:41 - [TEST_STEP][PASSED] - setText(findTestObject("Product Admin/TambahProduk/Input Harga Reseller"), hargaReseller): Text '11000' is set on object 'Object Repository/Product Admin/TambahProduk/Input Harga Reseller'

2023-10-06 10:02:42 - [MESSAGE][PASSED] - Text '11000' is set on object 'Object Repository/Product Admin/TambahProduk/Input Harga Reseller'

2023-10-06 10:02:42 - [TEST_STEP][PASSED] - setText(findTestObject("Product Admin/TambahProduk/Input Harga Konsumen"), hargaKonsumen): Text '12000' is set on object 'Object Repository/Product Admin/TambahProduk/Input Harga Konsumen'

2023-10-06 10:02:43 - [MESSAGE][PASSED] - Text '12000' is set on object 'Object Repository/Product Admin/TambahProduk/Input Harga Konsumen'

2023-10-06 10:02:43 - [TEST_STEP][PASSED] - setText(findTestObject("Product Admin/TambahProduk/Input Diskon"), Diskon): Text '1000' is set on object 'Object Repository/Product Admin/TambahProduk/Input Diskon'

2023-10-06 10:02:44 - [MESSAGE][PASSED] - Text '1000' is set on object 'Object Repository/Product Admin/TambahProduk/Input Diskon'

2023-10-06 10:02:44 - [TEST_STEP][PASSED] - setText(findTestObject("Product Admin/TambahProduk/Input Stok Awal"), stokAwal): Text '20' is set on object 'Object Repository/Product Admin/TambahProduk/Input Stok Awal'

2023-10-06 10:02:44 - [MESSAGE][PASSED] - Text '20' is set on object 'Object Repository/Product Admin/TambahProduk/Input Stok Awal'

2023-10-06 10:02:44 - [TEST_STEP][PASSED] - click(findTestObject("Product Admin/TambahProduk/Input Pria Tag")): Object: 'Object Repository/Product Admin/TambahProduk/Input Pria Tag' is clicked on

2023-10-06 10:02:45 - [MESSAGE][PASSED] - Object: 'Object Repository/Product Admin/TambahProduk/Input Pria Tag' is clicked on

2023-10-06 10:02:45 - [TEST_STEP][PASSED] - setText(findTestObject("Product Admin/TambahProduk/Input Cuplikan Textarea"), cuplikan): Text 'Stylish dan Nyaman! Baju Koko Kids kami cocok untuk usia 0 - 9 tahun. Terbuat dari bahan berkualitas tinggi yang lembut di kulit anak-anak, baju ini sempurna untuk berbagai acara, termasuk lebaran.' is set on object 'Object Repository/Product Admin/TambahProduk/Input Cuplikan Textarea'

2023-10-06 10:02:45 - [MESSAGE][PASSED] - Text 'Stylish dan Nyaman! Baju Koko Kids kami cocok untuk usia 0 - 9 tahun. Terbuat dari bahan berkualitas tinggi yang lembut di kulit anak-anak, baju ini sempurna untuk berbagai acara, termasuk lebaran.' is set on object 'Object Repository/Product Admin/TambahProduk/Input Cuplikan Textarea'

2023-10-06 10:02:45 - [TEST_STEP][PASSED] - check(findTestObject("Product Admin/TambahProduk/Input Aktif product"), STOP_ON_FAILURE): Object 'Object Repository/Product Admin/TambahProduk/Input Aktif product' is checked

2023-10-06 10:02:46 - [MESSAGE][PASSED] - Object 'Object Repository/Product Admin/TambahProduk/Input Aktif product' is checked

2023-10-06 10:02:46 - [TEST_STEP][PASSED] - setText(findTestObject("Product Admin/TambahProduk/Input Keterangan"), keterangan): Text 'Desain Modern: Tampil modis dengan desain terkini yang cocok untuk anak-anak. Kenyamanan Sepanjang Hari: Bahan lembut dan nyaman sehingga anak-anak tetap bahagia sepanjang hari. Beragam Warna: Pilihan warna yang cerah dan menarik. Ukuran Sesuai: Tersedia dalam berbagai ukuran, mulai dari 0 hingga 9 tahun. Dapatkan tampilan yang trendi untuk si kecil dengan Baju Koko Kids kami. Pesan sekarang dan buat momen lebaran mereka lebih istimewa!' is set on object 'Object Repository/Product Admin/TambahProduk/Input Keterangan'

2023-10-06 10:02:48 - [MESSAGE][PASSED] - Text 'Desain Modern: Tampil modis dengan desain terkini yang cocok untuk anak-anak. Kenyamanan Sepanjang Hari: Bahan lembut dan nyaman sehingga anak-anak tetap bahagia sepanjang hari. Beragam Warna: Pilihan warna yang cerah dan menarik. Ukuran Sesuai: Tersedia dalam berbagai ukuran, mulai dari 0 hingga 9 tahun. Dapatkan tampilan yang trendi untuk si kecil dengan Baju Koko Kids kami. Pesan sekarang dan buat momen lebaran mereka lebih istimewa!' is set on object 'Object Repository/Product Admin/TambahProduk/Input Keterangan'

2023-10-06 10:02:48 - [TEST_STEP][PASSED] - uploadFile(findTestObject("Product Admin/TambahProduk/Input File"), "E:\Pelatihan\Xsis Academy\Baju koko kids.jpg"): File 'E:\Pelatihan\Xsis Academy\Baju koko kids.jpg' sent to object: 'Object Repository/Product Admin/TambahProduk/Input File'

2023-10-06 10:02:49 - [MESSAGE][PASSED] - File 'E:\Pelatihan\Xsis Academy\Baju koko kids.jpg' sent to object: 'Object Repository/Product Admin/TambahProduk/Input File'

2023-10-06 10:02:49 - [TEST_STEP][PASSED] - click(findTestObject("Product Admin/TambahProduk/Button Tambahkan")): Object: 'Object Repository/Product Admin/TambahProduk/Button Tambahkan' is clicked on

2023-10-06 10:02:52 - [MESSAGE][PASSED] - Object: 'Object Repository/Product Admin/TambahProduk/Button Tambahkan' is clicked on

2023-10-06 10:02:52 - [TEST_STEP][PASSED] - dataBaru = getText(findTestObject("Object Repository/Product Admin/TambahProduk/Data Verifikasi Hapus Data")): Text of object 'Object Repository/Product Admin/TambahProduk/Data Verifikasi Hapus Data' is: '1 Baju Koko Kids 0 - 9 tahun (Toko) 10,000 11,000 12,000 0 Pcs 75 G Y'

2023-10-06 10:02:53 - [MESSAGE][PASSED] - Text of object 'Object Repository/Product Admin/TambahProduk/Data Verifikasi Hapus Data' is: '1 Baju Koko Kids 0 - 9 tahun (Toko) 10,000 11,000 12,000 0 Pcs 75 G Y'

2023-10-06 10:02:53 - [TEST_STEP][PASSED] - jmlAkhir = getText(findTestObject("Object Repository/Product Admin/Showing 1 to 10 of 55 entries")): Text of object 'Object Repository/Product Admin/Showing 1 to 10 of 55 entries' is: 'Showing 1 to 10 of 62 entries'

2023-10-06 10:02:53 - [MESSAGE][PASSED] - Text of object 'Object Repository/Product Admin/Showing 1 to 10 of 55 entries' is: 'Showing 1 to 10 of 62 entries'

2023-10-06 10:02:53 - [TEST_STEP][PASSED] - println(dataBaru): null

2023-10-06 10:02:53 - [TEST_STEP][PASSED] - println(jmlAwal): null

2023-10-06 10:02:53 - [TEST_STEP][PASSED] - println(jmlAkhir): null

2023-10-06 10:02:53 - [TEST_STEP][PASSED] - resultAwal = trim().substring(19, 21): null

2023-10-06 10:02:53 - [TEST_STEP][PASSED] - resultAkhir = trim().substring(19, 21): null

2023-10-06 10:02:53 - [TEST_STEP][PASSED] - println(resultAwal): null

2023-10-06 10:02:53 - [TEST_STEP][PASSED] - println(resultAkhir): null

2023-10-06 10:02:53 - [TEST_STEP][PASSED] - data1 = Integer.parseInt(resultAwal): null

2023-10-06 10:02:53 - [TEST_STEP][PASSED] - data2 = Integer.parseInt(resultAkhir): null

2023-10-06 10:02:53 - [TEST_STEP][PASSED] - assert dataBaru.contains(namaProduk) == true: null

2023-10-06 10:02:53 - [TEST_STEP][PASSED] - assert data1 + 1 == data2: null

2023-10-06 10:02:53 - [TEST_STEP][PASSED] - data = new java.util.HashMap(): null

2023-10-06 10:02:53 - [TEST_STEP][PASSED] - data.put("dataPemilik", pemilik): null

2023-10-06 10:02:53 - [TEST_STEP][PASSED] - data.put("dataKatagori", katagori): null

2023-10-06 10:02:53 - [TEST_STEP][PASSED] - data.put("dataSubKatagori", subKatagori): null

2023-10-06 10:02:53 - [TEST_STEP][PASSED] - data.put("dataNamaProduct", namaProduk): null

2023-10-06 10:02:53 - [TEST_STEP][PASSED] - data.put("dataSatuan", satuan): null

2023-10-06 10:02:53 - [TEST_STEP][PASSED] - data.put("dataBerat", berat): null

2023-10-06 10:02:53 - [TEST_STEP][PASSED] - data.put("dataHargaModal", hargaModal): null

2023-10-06 10:02:53 - [TEST_STEP][PASSED] - data.put("dataHargaReseller", hargaReseller): null

2023-10-06 10:02:53 - [TEST_STEP][PASSED] - data.put("dataHargaKonsumen", hargaKonsumen): null

2023-10-06 10:02:53 - [TEST_STEP][PASSED] - data.put("dataDiskon", hargaReseller): null

2023-10-06 10:02:53 - [TEST_STEP][PASSED] - data.put("dataStokEdit", hargaKonsumen): null

2023-10-06 10:02:53 - [TEST_STEP][PASSED] - return data: null]]></system-out>
         <system-err><![CDATA[]]></system-err>
      </testcase>
      <testcase name="Test Cases/Product Admin/TC-PA-023" time="24.171" classname="Test Cases/Product Admin/TC-PA-023" status="PASSED">
         <system-out><![CDATA[2023-10-06 10:02:53 - [TEST_CASE][PASSED] - Test Cases/Product Admin/TC-PA-023: Test Cases/Product Admin/TC-PA-023

2023-10-06 10:02:53 - [TEST_STEP][PASSED] - callTestCase(findTestCase("Product Admin/TC-PA-001"), [:], STOP_ON_FAILURE): Call Test Case 'Test Cases/Product Admin/TC-PA-001' successfully

2023-10-06 10:02:53 - [TEST_CASE][PASSED] - Test Cases/Product Admin/TC-PA-001: Test Cases/Product Admin/TC-PA-001

2023-10-06 10:02:53 - [TEST_STEP][PASSED] - callTestCase(findTestCase("Login Admin/TC-Login Admin-001"), [:], STOP_ON_FAILURE): Call Test Case 'Test Cases/Login Admin/TC-Login Admin-001' successfully

2023-10-06 10:02:53 - [TEST_CASE][PASSED] - Test Cases/Login Admin/TC-Login Admin-001: Test Cases/Login Admin/TC-Login Admin-001

2023-10-06 10:02:53 - [TEST_STEP][PASSED] - openBrowser(adminTajalapak): Browser is opened with url: 'https://10.9.2.63/ecommerce/administrator'

2023-10-06 10:02:53 - [MESSAGE][WARNING] - A browser is already opened. Closing browser and opening a new one

2023-10-06 10:02:54 - [MESSAGE][INFO] - Starting 'Edge Chromium' driver

2023-10-06 10:02:54 - [MESSAGE][INFO] - User set preference: ['acceptInsecureCerts', 'true']

2023-10-06 10:02:56 - [MESSAGE][INFO] - Action delay is set to 0 milliseconds

2023-10-06 10:02:59 - [MESSAGE][PASSED] - Browser is opened with url: 'https://10.9.2.63/ecommerce/administrator'

2023-10-06 10:02:59 - [TEST_STEP][PASSED] - maximizeWindow(): Current window maximized

2023-10-06 10:02:59 - [MESSAGE][PASSED] - Current window maximized

2023-10-06 10:02:59 - [TEST_STEP][PASSED] - verifyElementPresent(findTestObject("Login Admin/Verifikasi Halaman Administrator"), 0): Object 'Object Repository/Login Admin/Verifikasi Halaman Administrator' is present

2023-10-06 10:02:59 - [MESSAGE][WARNING] - Timeout '0' is invalid. Using default page load timeout: '30'

2023-10-06 10:02:59 - [MESSAGE][PASSED] - Object 'Object Repository/Login Admin/Verifikasi Halaman Administrator' is present

2023-10-06 10:02:59 - [TEST_STEP][PASSED] - setText(findTestObject("Login Admin/Input Username Admin"), "admin"): Text 'admin' is set on object 'Object Repository/Login Admin/Input Username Admin'

2023-10-06 10:03:00 - [MESSAGE][PASSED] - Text 'admin' is set on object 'Object Repository/Login Admin/Input Username Admin'

2023-10-06 10:03:00 - [TEST_STEP][PASSED] - setEncryptedText(findTestObject("Login Admin/Input Password Admin"), "374mkdZ/lqyNS21oH+MJZQ=="): Text ****** has been set on object 'Object Repository/Login Admin/Input Password Admin'

2023-10-06 10:03:01 - [MESSAGE][PASSED] - Text ****** has been set on object 'Object Repository/Login Admin/Input Password Admin'

2023-10-06 10:03:01 - [TEST_STEP][PASSED] - delay(10): Delayed 10 second(s)

2023-10-06 10:03:11 - [MESSAGE][PASSED] - Delayed 10 second(s)

2023-10-06 10:03:11 - [TEST_STEP][PASSED] - click(findTestObject("Login Admin/Botton Sign In")): Object: 'Object Repository/Login Admin/Botton Sign In' is clicked on

2023-10-06 10:03:13 - [MESSAGE][PASSED] - Object: 'Object Repository/Login Admin/Botton Sign In' is clicked on

2023-10-06 10:03:13 - [TEST_STEP][PASSED] - verifyElementPresent(findTestObject("Login Admin/Verifikasi Halaman Login Admin"), 0): Object 'Object Repository/Login Admin/Verifikasi Halaman Login Admin' is present

2023-10-06 10:03:13 - [MESSAGE][WARNING] - Timeout '0' is invalid. Using default page load timeout: '30'

2023-10-06 10:03:13 - [MESSAGE][PASSED] - Object 'Object Repository/Login Admin/Verifikasi Halaman Login Admin' is present

2023-10-06 10:03:13 - [MESSAGE][PASSED] - Call Test Case 'Test Cases/Login Admin/TC-Login Admin-001' successfully

2023-10-06 10:03:13 - [TEST_STEP][PASSED] - click(findTestObject("Product Admin/Master Market")): Object: 'Object Repository/Product Admin/Master Market' is clicked on

2023-10-06 10:03:13 - [MESSAGE][PASSED] - Object: 'Object Repository/Product Admin/Master Market' is clicked on

2023-10-06 10:03:13 - [TEST_STEP][PASSED] - click(findTestObject("Product Admin/Produk Admin")): Object: 'Object Repository/Product Admin/Produk Admin' is clicked on

2023-10-06 10:03:14 - [MESSAGE][PASSED] - Object: 'Object Repository/Product Admin/Produk Admin' is clicked on

2023-10-06 10:03:14 - [TEST_STEP][PASSED] - verifyElementPresent(findTestObject("Product Admin/Veridikasi Halaman Semua Produk"), 0): Object 'Object Repository/Product Admin/Veridikasi Halaman Semua Produk' is present

2023-10-06 10:03:14 - [MESSAGE][WARNING] - Timeout '0' is invalid. Using default page load timeout: '30'

2023-10-06 10:03:15 - [MESSAGE][PASSED] - Object 'Object Repository/Product Admin/Veridikasi Halaman Semua Produk' is present

2023-10-06 10:03:15 - [MESSAGE][PASSED] - Call Test Case 'Test Cases/Product Admin/TC-PA-001' successfully

2023-10-06 10:03:15 - [TEST_STEP][PASSED] - click(findTestObject("Product Admin/Button Jadikan product Reseller")): Object: 'Object Repository/Product Admin/Button Jadikan product Reseller' is clicked on

2023-10-06 10:03:15 - [MESSAGE][PASSED] - Object: 'Object Repository/Product Admin/Button Jadikan product Reseller' is clicked on

2023-10-06 10:03:15 - [TEST_STEP][PASSED] - acceptAlert(): Alert accepted

2023-10-06 10:03:15 - [MESSAGE][PASSED] - Alert accepted

2023-10-06 10:03:15 - [TEST_STEP][PASSED] - namaProduct = getText(findTestObject("Object Repository/Product Admin/Verifikasi Product Reseller")): Text of object 'Object Repository/Product Admin/Verifikasi Product Reseller' is: 'Baju Koko Kids 0 - 9 tahun (Perusahaan)'

2023-10-06 10:03:17 - [MESSAGE][PASSED] - Text of object 'Object Repository/Product Admin/Verifikasi Product Reseller' is: 'Baju Koko Kids 0 - 9 tahun (Perusahaan)'

2023-10-06 10:03:17 - [TEST_STEP][PASSED] - println(namaProduct): null

2023-10-06 10:03:17 - [TEST_STEP][PASSED] - assert toLowerCase().contains("perusahaan") == true: null]]></system-out>
         <system-err><![CDATA[]]></system-err>
      </testcase>
      <testcase name="Test Cases/Product Admin/TC-PA-024" time="37.707" classname="Test Cases/Product Admin/TC-PA-024" status="PASSED">
         <system-out><![CDATA[2023-10-06 10:03:17 - [TEST_CASE][PASSED] - Test Cases/Product Admin/TC-PA-024: Test Cases/Product Admin/TC-PA-024

2023-10-06 10:03:17 - [TEST_STEP][PASSED] - callTestCase(findTestCase("Product Admin/TC-PA-001"), [:], STOP_ON_FAILURE): Call Test Case 'Test Cases/Product Admin/TC-PA-001' successfully

2023-10-06 10:03:17 - [TEST_CASE][PASSED] - Test Cases/Product Admin/TC-PA-001: Test Cases/Product Admin/TC-PA-001

2023-10-06 10:03:17 - [TEST_STEP][PASSED] - callTestCase(findTestCase("Login Admin/TC-Login Admin-001"), [:], STOP_ON_FAILURE): Call Test Case 'Test Cases/Login Admin/TC-Login Admin-001' successfully

2023-10-06 10:03:18 - [TEST_CASE][PASSED] - Test Cases/Login Admin/TC-Login Admin-001: Test Cases/Login Admin/TC-Login Admin-001

2023-10-06 10:03:18 - [TEST_STEP][PASSED] - openBrowser(adminTajalapak): Browser is opened with url: 'https://10.9.2.63/ecommerce/administrator'

2023-10-06 10:03:18 - [MESSAGE][WARNING] - A browser is already opened. Closing browser and opening a new one

2023-10-06 10:03:18 - [MESSAGE][INFO] - Starting 'Edge Chromium' driver

2023-10-06 10:03:18 - [MESSAGE][INFO] - User set preference: ['acceptInsecureCerts', 'true']

2023-10-06 10:03:21 - [MESSAGE][INFO] - Action delay is set to 0 milliseconds

2023-10-06 10:03:23 - [MESSAGE][PASSED] - Browser is opened with url: 'https://10.9.2.63/ecommerce/administrator'

2023-10-06 10:03:23 - [TEST_STEP][PASSED] - maximizeWindow(): Current window maximized

2023-10-06 10:03:23 - [MESSAGE][PASSED] - Current window maximized

2023-10-06 10:03:23 - [TEST_STEP][PASSED] - verifyElementPresent(findTestObject("Login Admin/Verifikasi Halaman Administrator"), 0): Object 'Object Repository/Login Admin/Verifikasi Halaman Administrator' is present

2023-10-06 10:03:23 - [MESSAGE][WARNING] - Timeout '0' is invalid. Using default page load timeout: '30'

2023-10-06 10:03:23 - [MESSAGE][PASSED] - Object 'Object Repository/Login Admin/Verifikasi Halaman Administrator' is present

2023-10-06 10:03:23 - [TEST_STEP][PASSED] - setText(findTestObject("Login Admin/Input Username Admin"), "admin"): Text 'admin' is set on object 'Object Repository/Login Admin/Input Username Admin'

2023-10-06 10:03:24 - [MESSAGE][PASSED] - Text 'admin' is set on object 'Object Repository/Login Admin/Input Username Admin'

2023-10-06 10:03:24 - [TEST_STEP][PASSED] - setEncryptedText(findTestObject("Login Admin/Input Password Admin"), "374mkdZ/lqyNS21oH+MJZQ=="): Text ****** has been set on object 'Object Repository/Login Admin/Input Password Admin'

2023-10-06 10:03:25 - [MESSAGE][PASSED] - Text ****** has been set on object 'Object Repository/Login Admin/Input Password Admin'

2023-10-06 10:03:25 - [TEST_STEP][PASSED] - delay(10): Delayed 10 second(s)

2023-10-06 10:03:35 - [MESSAGE][PASSED] - Delayed 10 second(s)

2023-10-06 10:03:35 - [TEST_STEP][PASSED] - click(findTestObject("Login Admin/Botton Sign In")): Object: 'Object Repository/Login Admin/Botton Sign In' is clicked on

2023-10-06 10:03:36 - [MESSAGE][PASSED] - Object: 'Object Repository/Login Admin/Botton Sign In' is clicked on

2023-10-06 10:03:36 - [TEST_STEP][PASSED] - verifyElementPresent(findTestObject("Login Admin/Verifikasi Halaman Login Admin"), 0): Object 'Object Repository/Login Admin/Verifikasi Halaman Login Admin' is present

2023-10-06 10:03:36 - [MESSAGE][WARNING] - Timeout '0' is invalid. Using default page load timeout: '30'

2023-10-06 10:03:37 - [MESSAGE][PASSED] - Object 'Object Repository/Login Admin/Verifikasi Halaman Login Admin' is present

2023-10-06 10:03:37 - [MESSAGE][PASSED] - Call Test Case 'Test Cases/Login Admin/TC-Login Admin-001' successfully

2023-10-06 10:03:37 - [TEST_STEP][PASSED] - click(findTestObject("Product Admin/Master Market")): Object: 'Object Repository/Product Admin/Master Market' is clicked on

2023-10-06 10:03:37 - [MESSAGE][PASSED] - Object: 'Object Repository/Product Admin/Master Market' is clicked on

2023-10-06 10:03:37 - [TEST_STEP][PASSED] - click(findTestObject("Product Admin/Produk Admin")): Object: 'Object Repository/Product Admin/Produk Admin' is clicked on

2023-10-06 10:03:38 - [MESSAGE][PASSED] - Object: 'Object Repository/Product Admin/Produk Admin' is clicked on

2023-10-06 10:03:38 - [TEST_STEP][PASSED] - verifyElementPresent(findTestObject("Product Admin/Veridikasi Halaman Semua Produk"), 0): Object 'Object Repository/Product Admin/Veridikasi Halaman Semua Produk' is present

2023-10-06 10:03:38 - [MESSAGE][WARNING] - Timeout '0' is invalid. Using default page load timeout: '30'

2023-10-06 10:03:39 - [MESSAGE][PASSED] - Object 'Object Repository/Product Admin/Veridikasi Halaman Semua Produk' is present

2023-10-06 10:03:39 - [MESSAGE][PASSED] - Call Test Case 'Test Cases/Product Admin/TC-PA-001' successfully

2023-10-06 10:03:39 - [TEST_STEP][PASSED] - jmlLama = getText(findTestObject("Object Repository/Product Admin/Showing 1 to 10 of 55 entries")): Text of object 'Object Repository/Product Admin/Showing 1 to 10 of 55 entries' is: 'Showing 1 to 10 of 63 entries'

2023-10-06 10:03:39 - [MESSAGE][PASSED] - Text of object 'Object Repository/Product Admin/Showing 1 to 10 of 55 entries' is: 'Showing 1 to 10 of 63 entries'

2023-10-06 10:03:39 - [TEST_STEP][PASSED] - click(findTestObject("Product Admin/Button Edit Product Fleksibel")): Object: 'Object Repository/Product Admin/Button Edit Product Fleksibel' is clicked on

2023-10-06 10:03:40 - [MESSAGE][PASSED] - Object: 'Object Repository/Product Admin/Button Edit Product Fleksibel' is clicked on

2023-10-06 10:03:40 - [TEST_STEP][PASSED] - verifyElementPresent(findTestObject("Product Admin/TambahProduk/Verifikasi Halaman Product Baru"), 0): Object 'Object Repository/Product Admin/TambahProduk/Verifikasi Halaman Product Baru' is present

2023-10-06 10:03:40 - [MESSAGE][WARNING] - Timeout '0' is invalid. Using default page load timeout: '30'

2023-10-06 10:03:41 - [MESSAGE][PASSED] - Object 'Object Repository/Product Admin/TambahProduk/Verifikasi Halaman Product Baru' is present

2023-10-06 10:03:41 - [TEST_STEP][PASSED] - setText(findTestObject("Product Admin/TambahProduk/Input Pemilik"), pemilik): Text 'Toko Koko' is set on object 'Object Repository/Product Admin/TambahProduk/Input Pemilik'

2023-10-06 10:03:41 - [MESSAGE][PASSED] - Text 'Toko Koko' is set on object 'Object Repository/Product Admin/TambahProduk/Input Pemilik'

2023-10-06 10:03:41 - [TEST_STEP][PASSED] - click(findTestObject("Product Admin/TambahProduk/Pemilik Toko Koko")): Object: 'Object Repository/Product Admin/TambahProduk/Pemilik Toko Koko' is clicked on

2023-10-06 10:03:42 - [MESSAGE][PASSED] - Object: 'Object Repository/Product Admin/TambahProduk/Pemilik Toko Koko' is clicked on

2023-10-06 10:03:42 - [TEST_STEP][PASSED] - selectOptionByValue(findTestObject("Product Admin/TambahProduk/Pilih Katagori"), katagori, false): All options with value '6' are selected in object 'Object Repository/Product Admin/TambahProduk/Pilih Katagori' 

2023-10-06 10:03:42 - [MESSAGE][PASSED] - All options with value '6' are selected in object 'Object Repository/Product Admin/TambahProduk/Pilih Katagori' 

2023-10-06 10:03:42 - [TEST_STEP][PASSED] - selectOptionByValue(findTestObject("Product Admin/TambahProduk/Pilih Sub Katagori"), subKatagori, false): All options with value '15' are selected in object 'Object Repository/Product Admin/TambahProduk/Pilih Sub Katagori' 

2023-10-06 10:03:43 - [MESSAGE][PASSED] - All options with value '15' are selected in object 'Object Repository/Product Admin/TambahProduk/Pilih Sub Katagori' 

2023-10-06 10:03:43 - [TEST_STEP][PASSED] - setText(findTestObject("Product Admin/TambahProduk/Input Nama Produk"), namaProduk): Text 'Terbaru Baju Koko Kids' is set on object 'Object Repository/Product Admin/TambahProduk/Input Nama Produk'

2023-10-06 10:03:44 - [MESSAGE][PASSED] - Text 'Terbaru Baju Koko Kids' is set on object 'Object Repository/Product Admin/TambahProduk/Input Nama Produk'

2023-10-06 10:03:44 - [TEST_STEP][PASSED] - setText(findTestObject("Product Admin/TambahProduk/Input Satuan Produk"), satuan): Text 'Pcs' is set on object 'Object Repository/Product Admin/TambahProduk/Input Satuan Produk'

2023-10-06 10:03:44 - [MESSAGE][PASSED] - Text 'Pcs' is set on object 'Object Repository/Product Admin/TambahProduk/Input Satuan Produk'

2023-10-06 10:03:44 - [TEST_STEP][PASSED] - setText(findTestObject("Product Admin/TambahProduk/Input Berat gram"), berat): Text '80' is set on object 'Object Repository/Product Admin/TambahProduk/Input Berat gram'

2023-10-06 10:03:45 - [MESSAGE][PASSED] - Text '80' is set on object 'Object Repository/Product Admin/TambahProduk/Input Berat gram'

2023-10-06 10:03:45 - [TEST_STEP][PASSED] - setText(findTestObject("Product Admin/TambahProduk/Input Harga Modal"), hargaModal): Text '10000' is set on object 'Object Repository/Product Admin/TambahProduk/Input Harga Modal'

2023-10-06 10:03:46 - [MESSAGE][PASSED] - Text '10000' is set on object 'Object Repository/Product Admin/TambahProduk/Input Harga Modal'

2023-10-06 10:03:46 - [TEST_STEP][PASSED] - setText(findTestObject("Product Admin/TambahProduk/Input Harga Reseller"), hargaReseller): Text '11000' is set on object 'Object Repository/Product Admin/TambahProduk/Input Harga Reseller'

2023-10-06 10:03:47 - [MESSAGE][PASSED] - Text '11000' is set on object 'Object Repository/Product Admin/TambahProduk/Input Harga Reseller'

2023-10-06 10:03:47 - [TEST_STEP][PASSED] - setText(findTestObject("Product Admin/TambahProduk/Input Harga Konsumen"), hargaKonsumen): Text '12000' is set on object 'Object Repository/Product Admin/TambahProduk/Input Harga Konsumen'

2023-10-06 10:03:47 - [MESSAGE][PASSED] - Text '12000' is set on object 'Object Repository/Product Admin/TambahProduk/Input Harga Konsumen'

2023-10-06 10:03:47 - [TEST_STEP][PASSED] - setText(findTestObject("Product Admin/TambahProduk/Input Diskon"), diskon): Text '2000' is set on object 'Object Repository/Product Admin/TambahProduk/Input Diskon'

2023-10-06 10:03:48 - [MESSAGE][PASSED] - Text '2000' is set on object 'Object Repository/Product Admin/TambahProduk/Input Diskon'

2023-10-06 10:03:48 - [TEST_STEP][PASSED] - setText(findTestObject("Product Admin/TambahProduk/Input Stok Awal"), stokAwal): Text '15' is set on object 'Object Repository/Product Admin/TambahProduk/Input Stok Awal'

2023-10-06 10:03:49 - [MESSAGE][PASSED] - Text '15' is set on object 'Object Repository/Product Admin/TambahProduk/Input Stok Awal'

2023-10-06 10:03:49 - [TEST_STEP][PASSED] - click(findTestObject("Product Admin/TambahProduk/Input Pria Tag")): Object: 'Object Repository/Product Admin/TambahProduk/Input Pria Tag' is clicked on

2023-10-06 10:03:49 - [MESSAGE][PASSED] - Object: 'Object Repository/Product Admin/TambahProduk/Input Pria Tag' is clicked on

2023-10-06 10:03:49 - [TEST_STEP][PASSED] - setText(findTestObject("Product Admin/TambahProduk/Input Cuplikan Textarea"), cuplikan): Text 'Stylish dan Nyaman! Baju Koko Kids kami cocok untuk usia 0 - 9 tahun. Terbuat dari bahan berkualitas tinggi yang lembut di kulit anak-anak, baju ini sempurna untuk berbagai acara, termasuk lebaran.' is set on object 'Object Repository/Product Admin/TambahProduk/Input Cuplikan Textarea'

2023-10-06 10:03:50 - [MESSAGE][PASSED] - Text 'Stylish dan Nyaman! Baju Koko Kids kami cocok untuk usia 0 - 9 tahun. Terbuat dari bahan berkualitas tinggi yang lembut di kulit anak-anak, baju ini sempurna untuk berbagai acara, termasuk lebaran.' is set on object 'Object Repository/Product Admin/TambahProduk/Input Cuplikan Textarea'

2023-10-06 10:03:50 - [TEST_STEP][PASSED] - check(findTestObject("Product Admin/TambahProduk/Input Aktif product"), STOP_ON_FAILURE): Object 'Object Repository/Product Admin/TambahProduk/Input Aktif product' is checked

2023-10-06 10:03:50 - [MESSAGE][PASSED] - Object 'Object Repository/Product Admin/TambahProduk/Input Aktif product' is checked

2023-10-06 10:03:50 - [TEST_STEP][PASSED] - setText(findTestObject("Product Admin/Update Edit Keterangan"), keterangan): Text 'Desain Modern: Tampil modis dengan desain terkini yang cocok untuk anak-anak. Kenyamanan Sepanjang Hari: Bahan lembut dan nyaman sehingga anak-anak tetap bahagia sepanjang hari. Beragam Warna: Pilihan warna yang cerah dan menarik. Ukuran Sesuai: Tersedia dalam berbagai ukuran, mulai dari 0 hingga 9 tahun. Dapatkan tampilan yang trendi untuk si kecil dengan Baju Koko Kids kami. Pesan sekarang dan buat momen lebaran mereka lebih istimewa!' is set on object 'Object Repository/Product Admin/Update Edit Keterangan'

2023-10-06 10:03:52 - [MESSAGE][PASSED] - Text 'Desain Modern: Tampil modis dengan desain terkini yang cocok untuk anak-anak. Kenyamanan Sepanjang Hari: Bahan lembut dan nyaman sehingga anak-anak tetap bahagia sepanjang hari. Beragam Warna: Pilihan warna yang cerah dan menarik. Ukuran Sesuai: Tersedia dalam berbagai ukuran, mulai dari 0 hingga 9 tahun. Dapatkan tampilan yang trendi untuk si kecil dengan Baju Koko Kids kami. Pesan sekarang dan buat momen lebaran mereka lebih istimewa!' is set on object 'Object Repository/Product Admin/Update Edit Keterangan'

2023-10-06 10:03:52 - [TEST_STEP][PASSED] - click(findTestObject("Product Admin/TambahProduk/Button Update Data")): Object: 'Object Repository/Product Admin/TambahProduk/Button Update Data' is clicked on

2023-10-06 10:03:54 - [MESSAGE][PASSED] - Object: 'Object Repository/Product Admin/TambahProduk/Button Update Data' is clicked on

2023-10-06 10:03:54 - [TEST_STEP][PASSED] - jmlBaru = getText(findTestObject("Object Repository/Product Admin/Showing 1 to 10 of 55 entries")): Text of object 'Object Repository/Product Admin/Showing 1 to 10 of 55 entries' is: 'Showing 1 to 10 of 63 entries'

2023-10-06 10:03:54 - [MESSAGE][PASSED] - Text of object 'Object Repository/Product Admin/Showing 1 to 10 of 55 entries' is: 'Showing 1 to 10 of 63 entries'

2023-10-06 10:03:54 - [TEST_STEP][PASSED] - dataBaru = getText(findTestObject("Object Repository/Product Admin/TambahProduk/Data Verifikasi Hapus Data")): Text of object 'Object Repository/Product Admin/TambahProduk/Data Verifikasi Hapus Data' is: '1 Terbaru Baju Koko Kids (Toko) 10,000 11,000 12,000 0 Pcs 80 G Y'

2023-10-06 10:03:55 - [MESSAGE][PASSED] - Text of object 'Object Repository/Product Admin/TambahProduk/Data Verifikasi Hapus Data' is: '1 Terbaru Baju Koko Kids (Toko) 10,000 11,000 12,000 0 Pcs 80 G Y'

2023-10-06 10:03:55 - [TEST_STEP][PASSED] - println(dataBaru): null

2023-10-06 10:03:55 - [TEST_STEP][PASSED] - assert dataBaru.contains(namaProduk) == true: null

2023-10-06 10:03:55 - [TEST_STEP][PASSED] - assert jmlLama == jmlBaru: null]]></system-out>
         <system-err><![CDATA[]]></system-err>
      </testcase>
      <testcase name="Test Cases/Product Admin/TC-PA-025" time="24.918" classname="Test Cases/Product Admin/TC-PA-025" status="PASSED">
         <system-out><![CDATA[2023-10-06 10:03:55 - [TEST_CASE][PASSED] - Test Cases/Product Admin/TC-PA-025: Test Cases/Product Admin/TC-PA-025

2023-10-06 10:03:55 - [TEST_STEP][PASSED] - callTestCase(findTestCase("Product Admin/TC-PA-001"), [:], STOP_ON_FAILURE): Call Test Case 'Test Cases/Product Admin/TC-PA-001' successfully

2023-10-06 10:03:55 - [TEST_CASE][PASSED] - Test Cases/Product Admin/TC-PA-001: Test Cases/Product Admin/TC-PA-001

2023-10-06 10:03:55 - [TEST_STEP][PASSED] - callTestCase(findTestCase("Login Admin/TC-Login Admin-001"), [:], STOP_ON_FAILURE): Call Test Case 'Test Cases/Login Admin/TC-Login Admin-001' successfully

2023-10-06 10:03:55 - [TEST_CASE][PASSED] - Test Cases/Login Admin/TC-Login Admin-001: Test Cases/Login Admin/TC-Login Admin-001

2023-10-06 10:03:55 - [TEST_STEP][PASSED] - openBrowser(adminTajalapak): Browser is opened with url: 'https://10.9.2.63/ecommerce/administrator'

2023-10-06 10:03:55 - [MESSAGE][WARNING] - A browser is already opened. Closing browser and opening a new one

2023-10-06 10:03:56 - [MESSAGE][INFO] - Starting 'Edge Chromium' driver

2023-10-06 10:03:56 - [MESSAGE][INFO] - User set preference: ['acceptInsecureCerts', 'true']

2023-10-06 10:03:58 - [MESSAGE][INFO] - Action delay is set to 0 milliseconds

2023-10-06 10:04:01 - [MESSAGE][PASSED] - Browser is opened with url: 'https://10.9.2.63/ecommerce/administrator'

2023-10-06 10:04:01 - [TEST_STEP][PASSED] - maximizeWindow(): Current window maximized

2023-10-06 10:04:01 - [MESSAGE][PASSED] - Current window maximized

2023-10-06 10:04:01 - [TEST_STEP][PASSED] - verifyElementPresent(findTestObject("Login Admin/Verifikasi Halaman Administrator"), 0): Object 'Object Repository/Login Admin/Verifikasi Halaman Administrator' is present

2023-10-06 10:04:01 - [MESSAGE][WARNING] - Timeout '0' is invalid. Using default page load timeout: '30'

2023-10-06 10:04:01 - [MESSAGE][PASSED] - Object 'Object Repository/Login Admin/Verifikasi Halaman Administrator' is present

2023-10-06 10:04:01 - [TEST_STEP][PASSED] - setText(findTestObject("Login Admin/Input Username Admin"), "admin"): Text 'admin' is set on object 'Object Repository/Login Admin/Input Username Admin'

2023-10-06 10:04:02 - [MESSAGE][PASSED] - Text 'admin' is set on object 'Object Repository/Login Admin/Input Username Admin'

2023-10-06 10:04:02 - [TEST_STEP][PASSED] - setEncryptedText(findTestObject("Login Admin/Input Password Admin"), "374mkdZ/lqyNS21oH+MJZQ=="): Text ****** has been set on object 'Object Repository/Login Admin/Input Password Admin'

2023-10-06 10:04:02 - [MESSAGE][PASSED] - Text ****** has been set on object 'Object Repository/Login Admin/Input Password Admin'

2023-10-06 10:04:02 - [TEST_STEP][PASSED] - delay(10): Delayed 10 second(s)

2023-10-06 10:04:12 - [MESSAGE][PASSED] - Delayed 10 second(s)

2023-10-06 10:04:12 - [TEST_STEP][PASSED] - click(findTestObject("Login Admin/Botton Sign In")): Object: 'Object Repository/Login Admin/Botton Sign In' is clicked on

2023-10-06 10:04:15 - [MESSAGE][PASSED] - Object: 'Object Repository/Login Admin/Botton Sign In' is clicked on

2023-10-06 10:04:15 - [TEST_STEP][PASSED] - verifyElementPresent(findTestObject("Login Admin/Verifikasi Halaman Login Admin"), 0): Object 'Object Repository/Login Admin/Verifikasi Halaman Login Admin' is present

2023-10-06 10:04:15 - [MESSAGE][WARNING] - Timeout '0' is invalid. Using default page load timeout: '30'

2023-10-06 10:04:15 - [MESSAGE][PASSED] - Object 'Object Repository/Login Admin/Verifikasi Halaman Login Admin' is present

2023-10-06 10:04:15 - [MESSAGE][PASSED] - Call Test Case 'Test Cases/Login Admin/TC-Login Admin-001' successfully

2023-10-06 10:04:15 - [TEST_STEP][PASSED] - click(findTestObject("Product Admin/Master Market")): Object: 'Object Repository/Product Admin/Master Market' is clicked on

2023-10-06 10:04:15 - [MESSAGE][PASSED] - Object: 'Object Repository/Product Admin/Master Market' is clicked on

2023-10-06 10:04:15 - [TEST_STEP][PASSED] - click(findTestObject("Product Admin/Produk Admin")): Object: 'Object Repository/Product Admin/Produk Admin' is clicked on

2023-10-06 10:04:17 - [MESSAGE][PASSED] - Object: 'Object Repository/Product Admin/Produk Admin' is clicked on

2023-10-06 10:04:17 - [TEST_STEP][PASSED] - verifyElementPresent(findTestObject("Product Admin/Veridikasi Halaman Semua Produk"), 0): Object 'Object Repository/Product Admin/Veridikasi Halaman Semua Produk' is present

2023-10-06 10:04:17 - [MESSAGE][WARNING] - Timeout '0' is invalid. Using default page load timeout: '30'

2023-10-06 10:04:17 - [MESSAGE][PASSED] - Object 'Object Repository/Product Admin/Veridikasi Halaman Semua Produk' is present

2023-10-06 10:04:17 - [MESSAGE][PASSED] - Call Test Case 'Test Cases/Product Admin/TC-PA-001' successfully

2023-10-06 10:04:17 - [TEST_STEP][PASSED] - jmlAwal = getText(findTestObject("Object Repository/Product Admin/Showing 1 to 10 of 55 entries")): Text of object 'Object Repository/Product Admin/Showing 1 to 10 of 55 entries' is: 'Showing 1 to 10 of 63 entries'

2023-10-06 10:04:17 - [MESSAGE][PASSED] - Text of object 'Object Repository/Product Admin/Showing 1 to 10 of 55 entries' is: 'Showing 1 to 10 of 63 entries'

2023-10-06 10:04:17 - [TEST_STEP][PASSED] - dataLama = getText(findTestObject("Object Repository/Product Admin/TambahProduk/Data Verifikasi Hapus Data")): Text of object 'Object Repository/Product Admin/TambahProduk/Data Verifikasi Hapus Data' is: '1 Terbaru Baju Koko Kids (Toko) 10,000 11,000 12,000 0 Pcs 80 G Y'

2023-10-06 10:04:18 - [MESSAGE][PASSED] - Text of object 'Object Repository/Product Admin/TambahProduk/Data Verifikasi Hapus Data' is: '1 Terbaru Baju Koko Kids (Toko) 10,000 11,000 12,000 0 Pcs 80 G Y'

2023-10-06 10:04:18 - [TEST_STEP][PASSED] - click(findTestObject("Product Admin/Button Hapus Data")): Object: 'Object Repository/Product Admin/Button Hapus Data' is clicked on

2023-10-06 10:04:18 - [MESSAGE][PASSED] - Object: 'Object Repository/Product Admin/Button Hapus Data' is clicked on

2023-10-06 10:04:18 - [TEST_STEP][PASSED] - acceptAlert(): Alert accepted

2023-10-06 10:04:18 - [MESSAGE][PASSED] - Alert accepted

2023-10-06 10:04:18 - [TEST_STEP][PASSED] - dataBaru = getText(findTestObject("Object Repository/Product Admin/TambahProduk/Data Verifikasi Hapus Data")): Text of object 'Object Repository/Product Admin/TambahProduk/Data Verifikasi Hapus Data' is: '1 Baju Koko Kids 0 - 9 tahun (Toko) 10,000 11,000 12,000 0 Pcs 75 G Y'

2023-10-06 10:04:19 - [MESSAGE][PASSED] - Text of object 'Object Repository/Product Admin/TambahProduk/Data Verifikasi Hapus Data' is: '1 Baju Koko Kids 0 - 9 tahun (Toko) 10,000 11,000 12,000 0 Pcs 75 G Y'

2023-10-06 10:04:19 - [TEST_STEP][PASSED] - jmlAkhir = getText(findTestObject("Object Repository/Product Admin/Showing 1 to 10 of 55 entries")): Text of object 'Object Repository/Product Admin/Showing 1 to 10 of 55 entries' is: 'Showing 1 to 10 of 62 entries'

2023-10-06 10:04:20 - [MESSAGE][PASSED] - Text of object 'Object Repository/Product Admin/Showing 1 to 10 of 55 entries' is: 'Showing 1 to 10 of 62 entries'

2023-10-06 10:04:20 - [TEST_STEP][PASSED] - resultAwal = trim().substring(19, 21): null

2023-10-06 10:04:20 - [TEST_STEP][PASSED] - resultAkhir = trim().substring(19, 21): null

2023-10-06 10:04:20 - [TEST_STEP][PASSED] - data1 = Integer.parseInt(resultAwal): null

2023-10-06 10:04:20 - [TEST_STEP][PASSED] - data2 = Integer.parseInt(resultAkhir): null

2023-10-06 10:04:20 - [TEST_STEP][PASSED] - assert dataLama != dataBaru: null

2023-10-06 10:04:20 - [TEST_STEP][PASSED] - assert data1 - 1 == data2: null]]></system-out>
         <system-err><![CDATA[]]></system-err>
      </testcase>
      <testcase name="Test Cases/Product Admin/TC-PA-026" time="25.489" classname="Test Cases/Product Admin/TC-PA-026" status="PASSED">
         <system-out><![CDATA[2023-10-06 10:04:20 - [TEST_CASE][PASSED] - Test Cases/Product Admin/TC-PA-026: Test Cases/Product Admin/TC-PA-026

2023-10-06 10:04:20 - [TEST_STEP][PASSED] - callTestCase(findTestCase("Product Admin/TC-PA-001"), [:], STOP_ON_FAILURE): Call Test Case 'Test Cases/Product Admin/TC-PA-001' successfully

2023-10-06 10:04:20 - [TEST_CASE][PASSED] - Test Cases/Product Admin/TC-PA-001: Test Cases/Product Admin/TC-PA-001

2023-10-06 10:04:20 - [TEST_STEP][PASSED] - callTestCase(findTestCase("Login Admin/TC-Login Admin-001"), [:], STOP_ON_FAILURE): Call Test Case 'Test Cases/Login Admin/TC-Login Admin-001' successfully

2023-10-06 10:04:20 - [TEST_CASE][PASSED] - Test Cases/Login Admin/TC-Login Admin-001: Test Cases/Login Admin/TC-Login Admin-001

2023-10-06 10:04:20 - [TEST_STEP][PASSED] - openBrowser(adminTajalapak): Browser is opened with url: 'https://10.9.2.63/ecommerce/administrator'

2023-10-06 10:04:20 - [MESSAGE][WARNING] - A browser is already opened. Closing browser and opening a new one

2023-10-06 10:04:21 - [MESSAGE][INFO] - Starting 'Edge Chromium' driver

2023-10-06 10:04:21 - [MESSAGE][INFO] - User set preference: ['acceptInsecureCerts', 'true']

2023-10-06 10:04:23 - [MESSAGE][INFO] - Action delay is set to 0 milliseconds

2023-10-06 10:04:26 - [MESSAGE][PASSED] - Browser is opened with url: 'https://10.9.2.63/ecommerce/administrator'

2023-10-06 10:04:26 - [TEST_STEP][PASSED] - maximizeWindow(): Current window maximized

2023-10-06 10:04:26 - [MESSAGE][PASSED] - Current window maximized

2023-10-06 10:04:26 - [TEST_STEP][PASSED] - verifyElementPresent(findTestObject("Login Admin/Verifikasi Halaman Administrator"), 0): Object 'Object Repository/Login Admin/Verifikasi Halaman Administrator' is present

2023-10-06 10:04:26 - [MESSAGE][WARNING] - Timeout '0' is invalid. Using default page load timeout: '30'

2023-10-06 10:04:26 - [MESSAGE][PASSED] - Object 'Object Repository/Login Admin/Verifikasi Halaman Administrator' is present

2023-10-06 10:04:26 - [TEST_STEP][PASSED] - setText(findTestObject("Login Admin/Input Username Admin"), "admin"): Text 'admin' is set on object 'Object Repository/Login Admin/Input Username Admin'

2023-10-06 10:04:27 - [MESSAGE][PASSED] - Text 'admin' is set on object 'Object Repository/Login Admin/Input Username Admin'

2023-10-06 10:04:27 - [TEST_STEP][PASSED] - setEncryptedText(findTestObject("Login Admin/Input Password Admin"), "374mkdZ/lqyNS21oH+MJZQ=="): Text ****** has been set on object 'Object Repository/Login Admin/Input Password Admin'

2023-10-06 10:04:27 - [MESSAGE][PASSED] - Text ****** has been set on object 'Object Repository/Login Admin/Input Password Admin'

2023-10-06 10:04:27 - [TEST_STEP][PASSED] - delay(10): Delayed 10 second(s)

2023-10-06 10:04:37 - [MESSAGE][PASSED] - Delayed 10 second(s)

2023-10-06 10:04:37 - [TEST_STEP][PASSED] - click(findTestObject("Login Admin/Botton Sign In")): Object: 'Object Repository/Login Admin/Botton Sign In' is clicked on

2023-10-06 10:04:39 - [MESSAGE][PASSED] - Object: 'Object Repository/Login Admin/Botton Sign In' is clicked on

2023-10-06 10:04:39 - [TEST_STEP][PASSED] - verifyElementPresent(findTestObject("Login Admin/Verifikasi Halaman Login Admin"), 0): Object 'Object Repository/Login Admin/Verifikasi Halaman Login Admin' is present

2023-10-06 10:04:39 - [MESSAGE][WARNING] - Timeout '0' is invalid. Using default page load timeout: '30'

2023-10-06 10:04:40 - [MESSAGE][PASSED] - Object 'Object Repository/Login Admin/Verifikasi Halaman Login Admin' is present

2023-10-06 10:04:40 - [MESSAGE][PASSED] - Call Test Case 'Test Cases/Login Admin/TC-Login Admin-001' successfully

2023-10-06 10:04:40 - [TEST_STEP][PASSED] - click(findTestObject("Product Admin/Master Market")): Object: 'Object Repository/Product Admin/Master Market' is clicked on

2023-10-06 10:04:40 - [MESSAGE][PASSED] - Object: 'Object Repository/Product Admin/Master Market' is clicked on

2023-10-06 10:04:40 - [TEST_STEP][PASSED] - click(findTestObject("Product Admin/Produk Admin")): Object: 'Object Repository/Product Admin/Produk Admin' is clicked on

2023-10-06 10:04:41 - [MESSAGE][PASSED] - Object: 'Object Repository/Product Admin/Produk Admin' is clicked on

2023-10-06 10:04:41 - [TEST_STEP][PASSED] - verifyElementPresent(findTestObject("Product Admin/Veridikasi Halaman Semua Produk"), 0): Object 'Object Repository/Product Admin/Veridikasi Halaman Semua Produk' is present

2023-10-06 10:04:41 - [MESSAGE][WARNING] - Timeout '0' is invalid. Using default page load timeout: '30'

2023-10-06 10:04:42 - [MESSAGE][PASSED] - Object 'Object Repository/Product Admin/Veridikasi Halaman Semua Produk' is present

2023-10-06 10:04:42 - [MESSAGE][PASSED] - Call Test Case 'Test Cases/Product Admin/TC-PA-001' successfully

2023-10-06 10:04:42 - [TEST_STEP][PASSED] - jmlAwal = getText(findTestObject("Object Repository/Product Admin/Showing 1 to 10 of 55 entries")): Text of object 'Object Repository/Product Admin/Showing 1 to 10 of 55 entries' is: 'Showing 1 to 10 of 62 entries'

2023-10-06 10:04:42 - [MESSAGE][PASSED] - Text of object 'Object Repository/Product Admin/Showing 1 to 10 of 55 entries' is: 'Showing 1 to 10 of 62 entries'

2023-10-06 10:04:42 - [TEST_STEP][PASSED] - click(findTestObject("Product Admin/Button Tambahkan Data")): Object: 'Object Repository/Product Admin/Button Tambahkan Data' is clicked on

2023-10-06 10:04:43 - [MESSAGE][PASSED] - Object: 'Object Repository/Product Admin/Button Tambahkan Data' is clicked on

2023-10-06 10:04:43 - [TEST_STEP][PASSED] - verifyElementPresent(findTestObject("Product Admin/TambahProduk/Verifikasi Halaman Product Baru"), 0): Object 'Object Repository/Product Admin/TambahProduk/Verifikasi Halaman Product Baru' is present

2023-10-06 10:04:43 - [MESSAGE][WARNING] - Timeout '0' is invalid. Using default page load timeout: '30'

2023-10-06 10:04:43 - [MESSAGE][PASSED] - Object 'Object Repository/Product Admin/TambahProduk/Verifikasi Halaman Product Baru' is present

2023-10-06 10:04:43 - [TEST_STEP][PASSED] - click(findTestObject("Product Admin/TambahProduk/Button Cancel")): Object: 'Object Repository/Product Admin/TambahProduk/Button Cancel' is clicked on

2023-10-06 10:04:44 - [MESSAGE][PASSED] - Object: 'Object Repository/Product Admin/TambahProduk/Button Cancel' is clicked on

2023-10-06 10:04:44 - [TEST_STEP][PASSED] - verifyElementPresent(findTestObject("Product Admin/Veridikasi Halaman Semua Produk"), 0): Object 'Object Repository/Product Admin/Veridikasi Halaman Semua Produk' is present

2023-10-06 10:04:45 - [MESSAGE][WARNING] - Timeout '0' is invalid. Using default page load timeout: '30'

2023-10-06 10:04:45 - [MESSAGE][PASSED] - Object 'Object Repository/Product Admin/Veridikasi Halaman Semua Produk' is present

2023-10-06 10:04:45 - [TEST_STEP][PASSED] - jmlAkhir = getText(findTestObject("Object Repository/Product Admin/Showing 1 to 10 of 55 entries")): Text of object 'Object Repository/Product Admin/Showing 1 to 10 of 55 entries' is: 'Showing 1 to 10 of 62 entries'

2023-10-06 10:04:45 - [MESSAGE][PASSED] - Text of object 'Object Repository/Product Admin/Showing 1 to 10 of 55 entries' is: 'Showing 1 to 10 of 62 entries'

2023-10-06 10:04:45 - [TEST_STEP][PASSED] - resultAwal = trim().substring(19, 21): null

2023-10-06 10:04:45 - [TEST_STEP][PASSED] - resultAkhir = trim().substring(19, 21): null

2023-10-06 10:04:45 - [TEST_STEP][PASSED] - data1 = Integer.parseInt(resultAwal): null

2023-10-06 10:04:45 - [TEST_STEP][PASSED] - data2 = Integer.parseInt(resultAkhir): null

2023-10-06 10:04:45 - [TEST_STEP][PASSED] - assert data1 == data2: null]]></system-out>
         <system-err><![CDATA[]]></system-err>
      </testcase>
      <testcase name="Test Cases/Product Admin/TC-PA-027" time="26.346" classname="Test Cases/Product Admin/TC-PA-027" status="PASSED">
         <system-out><![CDATA[2023-10-06 10:04:45 - [TEST_CASE][PASSED] - Test Cases/Product Admin/TC-PA-027: Test Cases/Product Admin/TC-PA-027

2023-10-06 10:04:45 - [TEST_STEP][PASSED] - callTestCase(findTestCase("Product Admin/TC-PA-001"), [:], STOP_ON_FAILURE): Call Test Case 'Test Cases/Product Admin/TC-PA-001' successfully

2023-10-06 10:04:46 - [TEST_CASE][PASSED] - Test Cases/Product Admin/TC-PA-001: Test Cases/Product Admin/TC-PA-001

2023-10-06 10:04:46 - [TEST_STEP][PASSED] - callTestCase(findTestCase("Login Admin/TC-Login Admin-001"), [:], STOP_ON_FAILURE): Call Test Case 'Test Cases/Login Admin/TC-Login Admin-001' successfully

2023-10-06 10:04:46 - [TEST_CASE][PASSED] - Test Cases/Login Admin/TC-Login Admin-001: Test Cases/Login Admin/TC-Login Admin-001

2023-10-06 10:04:46 - [TEST_STEP][PASSED] - openBrowser(adminTajalapak): Browser is opened with url: 'https://10.9.2.63/ecommerce/administrator'

2023-10-06 10:04:46 - [MESSAGE][WARNING] - A browser is already opened. Closing browser and opening a new one

2023-10-06 10:04:46 - [MESSAGE][INFO] - Starting 'Edge Chromium' driver

2023-10-06 10:04:46 - [MESSAGE][INFO] - User set preference: ['acceptInsecureCerts', 'true']

2023-10-06 10:04:49 - [MESSAGE][INFO] - Action delay is set to 0 milliseconds

2023-10-06 10:04:50 - [MESSAGE][PASSED] - Browser is opened with url: 'https://10.9.2.63/ecommerce/administrator'

2023-10-06 10:04:50 - [TEST_STEP][PASSED] - maximizeWindow(): Current window maximized

2023-10-06 10:04:50 - [MESSAGE][PASSED] - Current window maximized

2023-10-06 10:04:50 - [TEST_STEP][PASSED] - verifyElementPresent(findTestObject("Login Admin/Verifikasi Halaman Administrator"), 0): Object 'Object Repository/Login Admin/Verifikasi Halaman Administrator' is present

2023-10-06 10:04:50 - [MESSAGE][WARNING] - Timeout '0' is invalid. Using default page load timeout: '30'

2023-10-06 10:04:51 - [MESSAGE][PASSED] - Object 'Object Repository/Login Admin/Verifikasi Halaman Administrator' is present

2023-10-06 10:04:51 - [TEST_STEP][PASSED] - setText(findTestObject("Login Admin/Input Username Admin"), "admin"): Text 'admin' is set on object 'Object Repository/Login Admin/Input Username Admin'

2023-10-06 10:04:51 - [MESSAGE][PASSED] - Text 'admin' is set on object 'Object Repository/Login Admin/Input Username Admin'

2023-10-06 10:04:51 - [TEST_STEP][PASSED] - setEncryptedText(findTestObject("Login Admin/Input Password Admin"), "374mkdZ/lqyNS21oH+MJZQ=="): Text ****** has been set on object 'Object Repository/Login Admin/Input Password Admin'

2023-10-06 10:04:52 - [MESSAGE][PASSED] - Text ****** has been set on object 'Object Repository/Login Admin/Input Password Admin'

2023-10-06 10:04:52 - [TEST_STEP][PASSED] - delay(10): Delayed 10 second(s)

2023-10-06 10:05:02 - [MESSAGE][PASSED] - Delayed 10 second(s)

2023-10-06 10:05:02 - [TEST_STEP][PASSED] - click(findTestObject("Login Admin/Botton Sign In")): Object: 'Object Repository/Login Admin/Botton Sign In' is clicked on

2023-10-06 10:05:03 - [MESSAGE][PASSED] - Object: 'Object Repository/Login Admin/Botton Sign In' is clicked on

2023-10-06 10:05:03 - [TEST_STEP][PASSED] - verifyElementPresent(findTestObject("Login Admin/Verifikasi Halaman Login Admin"), 0): Object 'Object Repository/Login Admin/Verifikasi Halaman Login Admin' is present

2023-10-06 10:05:03 - [MESSAGE][WARNING] - Timeout '0' is invalid. Using default page load timeout: '30'

2023-10-06 10:05:04 - [MESSAGE][PASSED] - Object 'Object Repository/Login Admin/Verifikasi Halaman Login Admin' is present

2023-10-06 10:05:04 - [MESSAGE][PASSED] - Call Test Case 'Test Cases/Login Admin/TC-Login Admin-001' successfully

2023-10-06 10:05:04 - [TEST_STEP][PASSED] - click(findTestObject("Product Admin/Master Market")): Object: 'Object Repository/Product Admin/Master Market' is clicked on

2023-10-06 10:05:04 - [MESSAGE][PASSED] - Object: 'Object Repository/Product Admin/Master Market' is clicked on

2023-10-06 10:05:04 - [TEST_STEP][PASSED] - click(findTestObject("Product Admin/Produk Admin")): Object: 'Object Repository/Product Admin/Produk Admin' is clicked on

2023-10-06 10:05:05 - [MESSAGE][PASSED] - Object: 'Object Repository/Product Admin/Produk Admin' is clicked on

2023-10-06 10:05:05 - [TEST_STEP][PASSED] - verifyElementPresent(findTestObject("Product Admin/Veridikasi Halaman Semua Produk"), 0): Object 'Object Repository/Product Admin/Veridikasi Halaman Semua Produk' is present

2023-10-06 10:05:05 - [MESSAGE][WARNING] - Timeout '0' is invalid. Using default page load timeout: '30'

2023-10-06 10:05:06 - [MESSAGE][PASSED] - Object 'Object Repository/Product Admin/Veridikasi Halaman Semua Produk' is present

2023-10-06 10:05:06 - [MESSAGE][PASSED] - Call Test Case 'Test Cases/Product Admin/TC-PA-001' successfully

2023-10-06 10:05:06 - [TEST_STEP][PASSED] - jmlAwal = getText(findTestObject("Object Repository/Product Admin/Showing 1 to 10 of 55 entries")): Text of object 'Object Repository/Product Admin/Showing 1 to 10 of 55 entries' is: 'Showing 1 to 10 of 62 entries'

2023-10-06 10:05:06 - [MESSAGE][PASSED] - Text of object 'Object Repository/Product Admin/Showing 1 to 10 of 55 entries' is: 'Showing 1 to 10 of 62 entries'

2023-10-06 10:05:06 - [TEST_STEP][PASSED] - click(findTestObject("Product Admin/Button Edit Product Fleksibel")): Object: 'Object Repository/Product Admin/Button Edit Product Fleksibel' is clicked on

2023-10-06 10:05:07 - [MESSAGE][PASSED] - Object: 'Object Repository/Product Admin/Button Edit Product Fleksibel' is clicked on

2023-10-06 10:05:07 - [TEST_STEP][PASSED] - verifyElementPresent(findTestObject("Product Admin/TambahProduk/Verifikasi Halaman Product Baru"), 0): Object 'Object Repository/Product Admin/TambahProduk/Verifikasi Halaman Product Baru' is present

2023-10-06 10:05:07 - [MESSAGE][WARNING] - Timeout '0' is invalid. Using default page load timeout: '30'

2023-10-06 10:05:08 - [MESSAGE][PASSED] - Object 'Object Repository/Product Admin/TambahProduk/Verifikasi Halaman Product Baru' is present

2023-10-06 10:05:08 - [TEST_STEP][PASSED] - click(findTestObject("Product Admin/TambahProduk/Button Cancel")): Object: 'Object Repository/Product Admin/TambahProduk/Button Cancel' is clicked on

2023-10-06 10:05:08 - [MESSAGE][PASSED] - Object: 'Object Repository/Product Admin/TambahProduk/Button Cancel' is clicked on

2023-10-06 10:05:08 - [TEST_STEP][PASSED] - verifyElementPresent(findTestObject("Product Admin/Veridikasi Halaman Semua Produk"), 0): Object 'Object Repository/Product Admin/Veridikasi Halaman Semua Produk' is present

2023-10-06 10:05:08 - [MESSAGE][WARNING] - Timeout '0' is invalid. Using default page load timeout: '30'

2023-10-06 10:05:11 - [MESSAGE][PASSED] - Object 'Object Repository/Product Admin/Veridikasi Halaman Semua Produk' is present

2023-10-06 10:05:11 - [TEST_STEP][PASSED] - jmlAkhir = getText(findTestObject("Object Repository/Product Admin/Showing 1 to 10 of 55 entries")): Text of object 'Object Repository/Product Admin/Showing 1 to 10 of 55 entries' is: 'Showing 1 to 10 of 62 entries'

2023-10-06 10:05:12 - [MESSAGE][PASSED] - Text of object 'Object Repository/Product Admin/Showing 1 to 10 of 55 entries' is: 'Showing 1 to 10 of 62 entries'

2023-10-06 10:05:12 - [TEST_STEP][PASSED] - resultAwal = trim().substring(19, 21): null

2023-10-06 10:05:12 - [TEST_STEP][PASSED] - resultAkhir = trim().substring(19, 21): null

2023-10-06 10:05:12 - [TEST_STEP][PASSED] - data1 = Integer.parseInt(resultAwal): null

2023-10-06 10:05:12 - [TEST_STEP][PASSED] - data2 = Integer.parseInt(resultAkhir): null

2023-10-06 10:05:12 - [TEST_STEP][PASSED] - assert data1 == data2: null]]></system-out>
         <system-err><![CDATA[]]></system-err>
      </testcase>
      <testcase name="Test Cases/Product Admin/TC-PA-028" time="34.345" classname="Test Cases/Product Admin/TC-PA-028" status="PASSED">
         <system-out><![CDATA[2023-10-06 10:05:12 - [TEST_CASE][PASSED] - Test Cases/Product Admin/TC-PA-028: Test Cases/Product Admin/TC-PA-028

2023-10-06 10:05:12 - [TEST_STEP][PASSED] - callTestCase(findTestCase("Product Admin/TC-PA-001"), [:], STOP_ON_FAILURE): Call Test Case 'Test Cases/Product Admin/TC-PA-001' successfully

2023-10-06 10:05:12 - [TEST_CASE][PASSED] - Test Cases/Product Admin/TC-PA-001: Test Cases/Product Admin/TC-PA-001

2023-10-06 10:05:12 - [TEST_STEP][PASSED] - callTestCase(findTestCase("Login Admin/TC-Login Admin-001"), [:], STOP_ON_FAILURE): Call Test Case 'Test Cases/Login Admin/TC-Login Admin-001' successfully

2023-10-06 10:05:12 - [TEST_CASE][PASSED] - Test Cases/Login Admin/TC-Login Admin-001: Test Cases/Login Admin/TC-Login Admin-001

2023-10-06 10:05:12 - [TEST_STEP][PASSED] - openBrowser(adminTajalapak): Browser is opened with url: 'https://10.9.2.63/ecommerce/administrator'

2023-10-06 10:05:12 - [MESSAGE][WARNING] - A browser is already opened. Closing browser and opening a new one

2023-10-06 10:05:13 - [MESSAGE][INFO] - Starting 'Edge Chromium' driver

2023-10-06 10:05:13 - [MESSAGE][INFO] - User set preference: ['acceptInsecureCerts', 'true']

2023-10-06 10:05:15 - [MESSAGE][INFO] - Action delay is set to 0 milliseconds

2023-10-06 10:05:17 - [MESSAGE][PASSED] - Browser is opened with url: 'https://10.9.2.63/ecommerce/administrator'

2023-10-06 10:05:17 - [TEST_STEP][PASSED] - maximizeWindow(): Current window maximized

2023-10-06 10:05:17 - [MESSAGE][PASSED] - Current window maximized

2023-10-06 10:05:17 - [TEST_STEP][PASSED] - verifyElementPresent(findTestObject("Login Admin/Verifikasi Halaman Administrator"), 0): Object 'Object Repository/Login Admin/Verifikasi Halaman Administrator' is present

2023-10-06 10:05:17 - [MESSAGE][WARNING] - Timeout '0' is invalid. Using default page load timeout: '30'

2023-10-06 10:05:18 - [MESSAGE][PASSED] - Object 'Object Repository/Login Admin/Verifikasi Halaman Administrator' is present

2023-10-06 10:05:18 - [TEST_STEP][PASSED] - setText(findTestObject("Login Admin/Input Username Admin"), "admin"): Text 'admin' is set on object 'Object Repository/Login Admin/Input Username Admin'

2023-10-06 10:05:18 - [MESSAGE][PASSED] - Text 'admin' is set on object 'Object Repository/Login Admin/Input Username Admin'

2023-10-06 10:05:18 - [TEST_STEP][PASSED] - setEncryptedText(findTestObject("Login Admin/Input Password Admin"), "374mkdZ/lqyNS21oH+MJZQ=="): Text ****** has been set on object 'Object Repository/Login Admin/Input Password Admin'

2023-10-06 10:05:19 - [MESSAGE][PASSED] - Text ****** has been set on object 'Object Repository/Login Admin/Input Password Admin'

2023-10-06 10:05:19 - [TEST_STEP][PASSED] - delay(10): Delayed 10 second(s)

2023-10-06 10:05:29 - [MESSAGE][PASSED] - Delayed 10 second(s)

2023-10-06 10:05:29 - [TEST_STEP][PASSED] - click(findTestObject("Login Admin/Botton Sign In")): Object: 'Object Repository/Login Admin/Botton Sign In' is clicked on

2023-10-06 10:05:31 - [MESSAGE][PASSED] - Object: 'Object Repository/Login Admin/Botton Sign In' is clicked on

2023-10-06 10:05:31 - [TEST_STEP][PASSED] - verifyElementPresent(findTestObject("Login Admin/Verifikasi Halaman Login Admin"), 0): Object 'Object Repository/Login Admin/Verifikasi Halaman Login Admin' is present

2023-10-06 10:05:31 - [MESSAGE][WARNING] - Timeout '0' is invalid. Using default page load timeout: '30'

2023-10-06 10:05:31 - [MESSAGE][PASSED] - Object 'Object Repository/Login Admin/Verifikasi Halaman Login Admin' is present

2023-10-06 10:05:31 - [MESSAGE][PASSED] - Call Test Case 'Test Cases/Login Admin/TC-Login Admin-001' successfully

2023-10-06 10:05:31 - [TEST_STEP][PASSED] - click(findTestObject("Product Admin/Master Market")): Object: 'Object Repository/Product Admin/Master Market' is clicked on

2023-10-06 10:05:32 - [MESSAGE][PASSED] - Object: 'Object Repository/Product Admin/Master Market' is clicked on

2023-10-06 10:05:32 - [TEST_STEP][PASSED] - click(findTestObject("Product Admin/Produk Admin")): Object: 'Object Repository/Product Admin/Produk Admin' is clicked on

2023-10-06 10:05:33 - [MESSAGE][PASSED] - Object: 'Object Repository/Product Admin/Produk Admin' is clicked on

2023-10-06 10:05:33 - [TEST_STEP][PASSED] - verifyElementPresent(findTestObject("Product Admin/Veridikasi Halaman Semua Produk"), 0): Object 'Object Repository/Product Admin/Veridikasi Halaman Semua Produk' is present

2023-10-06 10:05:33 - [MESSAGE][WARNING] - Timeout '0' is invalid. Using default page load timeout: '30'

2023-10-06 10:05:33 - [MESSAGE][PASSED] - Object 'Object Repository/Product Admin/Veridikasi Halaman Semua Produk' is present

2023-10-06 10:05:33 - [MESSAGE][PASSED] - Call Test Case 'Test Cases/Product Admin/TC-PA-001' successfully

2023-10-06 10:05:33 - [TEST_STEP][PASSED] - click(findTestObject("Product Admin/Button Edit Product Fleksibel")): Object: 'Object Repository/Product Admin/Button Edit Product Fleksibel' is clicked on

2023-10-06 10:05:34 - [MESSAGE][PASSED] - Object: 'Object Repository/Product Admin/Button Edit Product Fleksibel' is clicked on

2023-10-06 10:05:34 - [TEST_STEP][PASSED] - verifyElementPresent(findTestObject("Product Admin/TambahProduk/Verifikasi Halaman Product Baru"), 0): Object 'Object Repository/Product Admin/TambahProduk/Verifikasi Halaman Product Baru' is present

2023-10-06 10:05:34 - [MESSAGE][WARNING] - Timeout '0' is invalid. Using default page load timeout: '30'

2023-10-06 10:05:35 - [MESSAGE][PASSED] - Object 'Object Repository/Product Admin/TambahProduk/Verifikasi Halaman Product Baru' is present

2023-10-06 10:05:35 - [TEST_STEP][PASSED] - uploadFile(findTestObject("Product Admin/TambahProduk/Input File"), "E:\Pelatihan\Xsis Academy\Baju koko kids.jpg"): File 'E:\Pelatihan\Xsis Academy\Baju koko kids.jpg' sent to object: 'Object Repository/Product Admin/TambahProduk/Input File'

2023-10-06 10:05:35 - [MESSAGE][PASSED] - File 'E:\Pelatihan\Xsis Academy\Baju koko kids.jpg' sent to object: 'Object Repository/Product Admin/TambahProduk/Input File'

2023-10-06 10:05:35 - [TEST_STEP][PASSED] - delay(10): Delayed 10 second(s)

2023-10-06 10:05:45 - [MESSAGE][PASSED] - Delayed 10 second(s)

2023-10-06 10:05:45 - [TEST_STEP][PASSED] - click(findTestObject("Product Admin/TambahProduk/Delete Gambar")): Object: 'Object Repository/Product Admin/TambahProduk/Delete Gambar' is clicked on

2023-10-06 10:05:45 - [MESSAGE][PASSED] - Object: 'Object Repository/Product Admin/TambahProduk/Delete Gambar' is clicked on

2023-10-06 10:05:45 - [TEST_STEP][PASSED] - verifyTextNotPresent("Delete", false): Text 'Delete' is not present on page

2023-10-06 10:05:46 - [MESSAGE][PASSED] - Text 'Delete' is not present on page]]></system-out>
         <system-err><![CDATA[]]></system-err>
      </testcase>
      <testcase name="Test Cases/Product Admin/TC-PA-029" time="22.744" classname="Test Cases/Product Admin/TC-PA-029" status="PASSED">
         <system-out><![CDATA[2023-10-06 10:05:46 - [TEST_CASE][PASSED] - Test Cases/Product Admin/TC-PA-029: Test Cases/Product Admin/TC-PA-029

2023-10-06 10:05:46 - [TEST_STEP][PASSED] - callTestCase(findTestCase("Product Admin/TC-PA-001"), [:], STOP_ON_FAILURE): Call Test Case 'Test Cases/Product Admin/TC-PA-001' successfully

2023-10-06 10:05:46 - [TEST_CASE][PASSED] - Test Cases/Product Admin/TC-PA-001: Test Cases/Product Admin/TC-PA-001

2023-10-06 10:05:46 - [TEST_STEP][PASSED] - callTestCase(findTestCase("Login Admin/TC-Login Admin-001"), [:], STOP_ON_FAILURE): Call Test Case 'Test Cases/Login Admin/TC-Login Admin-001' successfully

2023-10-06 10:05:46 - [TEST_CASE][PASSED] - Test Cases/Login Admin/TC-Login Admin-001: Test Cases/Login Admin/TC-Login Admin-001

2023-10-06 10:05:46 - [TEST_STEP][PASSED] - openBrowser(adminTajalapak): Browser is opened with url: 'https://10.9.2.63/ecommerce/administrator'

2023-10-06 10:05:46 - [MESSAGE][WARNING] - A browser is already opened. Closing browser and opening a new one

2023-10-06 10:05:47 - [MESSAGE][INFO] - Starting 'Edge Chromium' driver

2023-10-06 10:05:47 - [MESSAGE][INFO] - User set preference: ['acceptInsecureCerts', 'true']

2023-10-06 10:05:49 - [MESSAGE][INFO] - Action delay is set to 0 milliseconds

2023-10-06 10:05:52 - [MESSAGE][PASSED] - Browser is opened with url: 'https://10.9.2.63/ecommerce/administrator'

2023-10-06 10:05:52 - [TEST_STEP][PASSED] - maximizeWindow(): Current window maximized

2023-10-06 10:05:52 - [MESSAGE][PASSED] - Current window maximized

2023-10-06 10:05:52 - [TEST_STEP][PASSED] - verifyElementPresent(findTestObject("Login Admin/Verifikasi Halaman Administrator"), 0): Object 'Object Repository/Login Admin/Verifikasi Halaman Administrator' is present

2023-10-06 10:05:52 - [MESSAGE][WARNING] - Timeout '0' is invalid. Using default page load timeout: '30'

2023-10-06 10:05:52 - [MESSAGE][PASSED] - Object 'Object Repository/Login Admin/Verifikasi Halaman Administrator' is present

2023-10-06 10:05:52 - [TEST_STEP][PASSED] - setText(findTestObject("Login Admin/Input Username Admin"), "admin"): Text 'admin' is set on object 'Object Repository/Login Admin/Input Username Admin'

2023-10-06 10:05:53 - [MESSAGE][PASSED] - Text 'admin' is set on object 'Object Repository/Login Admin/Input Username Admin'

2023-10-06 10:05:53 - [TEST_STEP][PASSED] - setEncryptedText(findTestObject("Login Admin/Input Password Admin"), "374mkdZ/lqyNS21oH+MJZQ=="): Text ****** has been set on object 'Object Repository/Login Admin/Input Password Admin'

2023-10-06 10:05:53 - [MESSAGE][PASSED] - Text ****** has been set on object 'Object Repository/Login Admin/Input Password Admin'

2023-10-06 10:05:53 - [TEST_STEP][PASSED] - delay(10): Delayed 10 second(s)

2023-10-06 10:06:03 - [MESSAGE][PASSED] - Delayed 10 second(s)

2023-10-06 10:06:03 - [TEST_STEP][PASSED] - click(findTestObject("Login Admin/Botton Sign In")): Object: 'Object Repository/Login Admin/Botton Sign In' is clicked on

2023-10-06 10:06:05 - [MESSAGE][PASSED] - Object: 'Object Repository/Login Admin/Botton Sign In' is clicked on

2023-10-06 10:06:05 - [TEST_STEP][PASSED] - verifyElementPresent(findTestObject("Login Admin/Verifikasi Halaman Login Admin"), 0): Object 'Object Repository/Login Admin/Verifikasi Halaman Login Admin' is present

2023-10-06 10:06:05 - [MESSAGE][WARNING] - Timeout '0' is invalid. Using default page load timeout: '30'

2023-10-06 10:06:05 - [MESSAGE][PASSED] - Object 'Object Repository/Login Admin/Verifikasi Halaman Login Admin' is present

2023-10-06 10:06:05 - [MESSAGE][PASSED] - Call Test Case 'Test Cases/Login Admin/TC-Login Admin-001' successfully

2023-10-06 10:06:05 - [TEST_STEP][PASSED] - click(findTestObject("Product Admin/Master Market")): Object: 'Object Repository/Product Admin/Master Market' is clicked on

2023-10-06 10:06:06 - [MESSAGE][PASSED] - Object: 'Object Repository/Product Admin/Master Market' is clicked on

2023-10-06 10:06:06 - [TEST_STEP][PASSED] - click(findTestObject("Product Admin/Produk Admin")): Object: 'Object Repository/Product Admin/Produk Admin' is clicked on

2023-10-06 10:06:07 - [MESSAGE][PASSED] - Object: 'Object Repository/Product Admin/Produk Admin' is clicked on

2023-10-06 10:06:07 - [TEST_STEP][PASSED] - verifyElementPresent(findTestObject("Product Admin/Veridikasi Halaman Semua Produk"), 0): Object 'Object Repository/Product Admin/Veridikasi Halaman Semua Produk' is present

2023-10-06 10:06:07 - [MESSAGE][WARNING] - Timeout '0' is invalid. Using default page load timeout: '30'

2023-10-06 10:06:08 - [MESSAGE][PASSED] - Object 'Object Repository/Product Admin/Veridikasi Halaman Semua Produk' is present

2023-10-06 10:06:08 - [MESSAGE][PASSED] - Call Test Case 'Test Cases/Product Admin/TC-PA-001' successfully

2023-10-06 10:06:08 - [TEST_STEP][PASSED] - click(findTestObject("Product Admin/Button Halaman Selanjutnya")): Object: 'Object Repository/Product Admin/Button Halaman Selanjutnya' is clicked on

2023-10-06 10:06:08 - [MESSAGE][PASSED] - Object: 'Object Repository/Product Admin/Button Halaman Selanjutnya' is clicked on

2023-10-06 10:06:08 - [TEST_STEP][PASSED] - verifyElementPresent(findTestObject("Product Admin/Verifikasi halaman Ke 2"), 0): Object 'Object Repository/Product Admin/Verifikasi halaman Ke 2' is present

2023-10-06 10:06:08 - [MESSAGE][WARNING] - Timeout '0' is invalid. Using default page load timeout: '30'

2023-10-06 10:06:09 - [MESSAGE][PASSED] - Object 'Object Repository/Product Admin/Verifikasi halaman Ke 2' is present]]></system-out>
         <system-err><![CDATA[]]></system-err>
      </testcase>
      <testcase name="Test Cases/Product Admin/TC-PA-030" time="45.986" classname="Test Cases/Product Admin/TC-PA-030" status="FAILED">
         <failure type="FAILED" message="Test Cases/Product Admin/TC-PA-030 FAILED.
Reason:
Assertion failed: 

assert pemilikEdit == data.get(&quot;dataPemilik&quot;)
       |           |  |    |
       Bunga       |  |    Toko Koko
                   |  [dataKatagori:6, dataSatuan:Pcs, dataNamaProduct:Baju Koko Kids 0 - 9 tahun, dataStokEdit:12000, dataHargaModal:10000, dataPemilik:Toko Koko, dataSubKatagori:15, dataDiskon:11000, dataHargaReseller:11000, dataHargaKonsumen:12000, dataBerat:75]
                   false

	at TC-PA-030.run(TC-PA-030:57)
	at com.kms.katalon.core.main.ScriptEngine.run(ScriptEngine.java:194)
	at com.kms.katalon.core.main.ScriptEngine.runScriptAsRawText(ScriptEngine.java:119)
	at com.kms.katalon.core.main.TestCaseExecutor.runScript(TestCaseExecutor.java:448)
	at com.kms.katalon.core.main.TestCaseExecutor.doExecute(TestCaseExecutor.java:439)
	at com.kms.katalon.core.main.TestCaseExecutor.processExecutionPhase(TestCaseExecutor.java:418)
	at com.kms.katalon.core.main.TestCaseExecutor.accessMainPhase(TestCaseExecutor.java:410)
	at com.kms.katalon.core.main.TestCaseExecutor.execute(TestCaseExecutor.java:285)
	at com.kms.katalon.core.common.CommonExecutor.accessTestCaseMainPhase(CommonExecutor.java:65)
	at com.kms.katalon.core.main.TestSuiteExecutor.accessTestSuiteMainPhase(TestSuiteExecutor.java:148)
	at com.kms.katalon.core.main.TestSuiteExecutor.execute(TestSuiteExecutor.java:106)
	at com.kms.katalon.core.main.TestCaseMain.startTestSuite(TestCaseMain.java:187)
	at com.kms.katalon.core.main.TestCaseMain$startTestSuite$0.call(Unknown Source)
	at TempTestSuite1696560832015.run(TempTestSuite1696560832015.groovy:36)
"/>
         <system-out><![CDATA[2023-10-06 10:06:09 - [TEST_CASE][FAILED] - Test Cases/Product Admin/TC-PA-030: Test Cases/Product Admin/TC-PA-030 FAILED.
Reason:
Assertion failed: 

assert pemilikEdit == data.get("dataPemilik")
       |           |  |    |
       Bunga       |  |    Toko Koko
                   |  [dataKatagori:6, dataSatuan:Pcs, dataNamaProduct:Baju Koko Kids 0 - 9 tahun, dataStokEdit:12000, dataHargaModal:10000, dataPemilik:Toko Koko, dataSubKatagori:15, dataDiskon:11000, dataHargaReseller:11000, dataHargaKonsumen:12000, dataBerat:75]
                   false

	at TC-PA-030.run(TC-PA-030:57)
	at com.kms.katalon.core.main.ScriptEngine.run(ScriptEngine.java:194)
	at com.kms.katalon.core.main.ScriptEngine.runScriptAsRawText(ScriptEngine.java:119)
	at com.kms.katalon.core.main.TestCaseExecutor.runScript(TestCaseExecutor.java:448)
	at com.kms.katalon.core.main.TestCaseExecutor.doExecute(TestCaseExecutor.java:439)
	at com.kms.katalon.core.main.TestCaseExecutor.processExecutionPhase(TestCaseExecutor.java:418)
	at com.kms.katalon.core.main.TestCaseExecutor.accessMainPhase(TestCaseExecutor.java:410)
	at com.kms.katalon.core.main.TestCaseExecutor.execute(TestCaseExecutor.java:285)
	at com.kms.katalon.core.common.CommonExecutor.accessTestCaseMainPhase(CommonExecutor.java:65)
	at com.kms.katalon.core.main.TestSuiteExecutor.accessTestSuiteMainPhase(TestSuiteExecutor.java:148)
	at com.kms.katalon.core.main.TestSuiteExecutor.execute(TestSuiteExecutor.java:106)
	at com.kms.katalon.core.main.TestCaseMain.startTestSuite(TestCaseMain.java:187)
	at com.kms.katalon.core.main.TestCaseMain$startTestSuite$0.call(Unknown Source)
	at TempTestSuite1696560832015.run(TempTestSuite1696560832015.groovy:36)


2023-10-06 10:06:09 - [TEST_STEP][PASSED] - data = callTestCase(findTestCase("Product Admin/TC-PA-022"), [:], STOP_ON_FAILURE): Call Test Case 'Test Cases/Product Admin/TC-PA-022' successfully

2023-10-06 10:06:09 - [TEST_CASE][PASSED] - Test Cases/Product Admin/TC-PA-022: Test Cases/Product Admin/TC-PA-022

2023-10-06 10:06:09 - [TEST_STEP][PASSED] - callTestCase(findTestCase("Product Admin/TC-PA-001"), [:], STOP_ON_FAILURE): Call Test Case 'Test Cases/Product Admin/TC-PA-001' successfully

2023-10-06 10:06:09 - [TEST_CASE][PASSED] - Test Cases/Product Admin/TC-PA-001: Test Cases/Product Admin/TC-PA-001

2023-10-06 10:06:09 - [TEST_STEP][PASSED] - callTestCase(findTestCase("Login Admin/TC-Login Admin-001"), [:], STOP_ON_FAILURE): Call Test Case 'Test Cases/Login Admin/TC-Login Admin-001' successfully

2023-10-06 10:06:09 - [TEST_CASE][PASSED] - Test Cases/Login Admin/TC-Login Admin-001: Test Cases/Login Admin/TC-Login Admin-001

2023-10-06 10:06:09 - [TEST_STEP][PASSED] - openBrowser(adminTajalapak): Browser is opened with url: 'https://10.9.2.63/ecommerce/administrator'

2023-10-06 10:06:09 - [MESSAGE][WARNING] - A browser is already opened. Closing browser and opening a new one

2023-10-06 10:06:10 - [MESSAGE][INFO] - Starting 'Edge Chromium' driver

2023-10-06 10:06:10 - [MESSAGE][INFO] - User set preference: ['acceptInsecureCerts', 'true']

2023-10-06 10:06:12 - [MESSAGE][INFO] - Action delay is set to 0 milliseconds

2023-10-06 10:06:15 - [MESSAGE][PASSED] - Browser is opened with url: 'https://10.9.2.63/ecommerce/administrator'

2023-10-06 10:06:15 - [TEST_STEP][PASSED] - maximizeWindow(): Current window maximized

2023-10-06 10:06:15 - [MESSAGE][PASSED] - Current window maximized

2023-10-06 10:06:15 - [TEST_STEP][PASSED] - verifyElementPresent(findTestObject("Login Admin/Verifikasi Halaman Administrator"), 0): Object 'Object Repository/Login Admin/Verifikasi Halaman Administrator' is present

2023-10-06 10:06:15 - [MESSAGE][WARNING] - Timeout '0' is invalid. Using default page load timeout: '30'

2023-10-06 10:06:16 - [MESSAGE][PASSED] - Object 'Object Repository/Login Admin/Verifikasi Halaman Administrator' is present

2023-10-06 10:06:16 - [TEST_STEP][PASSED] - setText(findTestObject("Login Admin/Input Username Admin"), "admin"): Text 'admin' is set on object 'Object Repository/Login Admin/Input Username Admin'

2023-10-06 10:06:16 - [MESSAGE][PASSED] - Text 'admin' is set on object 'Object Repository/Login Admin/Input Username Admin'

2023-10-06 10:06:16 - [TEST_STEP][PASSED] - setEncryptedText(findTestObject("Login Admin/Input Password Admin"), "374mkdZ/lqyNS21oH+MJZQ=="): Text ****** has been set on object 'Object Repository/Login Admin/Input Password Admin'

2023-10-06 10:06:17 - [MESSAGE][PASSED] - Text ****** has been set on object 'Object Repository/Login Admin/Input Password Admin'

2023-10-06 10:06:17 - [TEST_STEP][PASSED] - delay(10): Delayed 10 second(s)

2023-10-06 10:06:27 - [MESSAGE][PASSED] - Delayed 10 second(s)

2023-10-06 10:06:27 - [TEST_STEP][PASSED] - click(findTestObject("Login Admin/Botton Sign In")): Object: 'Object Repository/Login Admin/Botton Sign In' is clicked on

2023-10-06 10:06:28 - [MESSAGE][PASSED] - Object: 'Object Repository/Login Admin/Botton Sign In' is clicked on

2023-10-06 10:06:28 - [TEST_STEP][PASSED] - verifyElementPresent(findTestObject("Login Admin/Verifikasi Halaman Login Admin"), 0): Object 'Object Repository/Login Admin/Verifikasi Halaman Login Admin' is present

2023-10-06 10:06:28 - [MESSAGE][WARNING] - Timeout '0' is invalid. Using default page load timeout: '30'

2023-10-06 10:06:29 - [MESSAGE][PASSED] - Object 'Object Repository/Login Admin/Verifikasi Halaman Login Admin' is present

2023-10-06 10:06:29 - [MESSAGE][PASSED] - Call Test Case 'Test Cases/Login Admin/TC-Login Admin-001' successfully

2023-10-06 10:06:29 - [TEST_STEP][PASSED] - click(findTestObject("Product Admin/Master Market")): Object: 'Object Repository/Product Admin/Master Market' is clicked on

2023-10-06 10:06:29 - [MESSAGE][PASSED] - Object: 'Object Repository/Product Admin/Master Market' is clicked on

2023-10-06 10:06:29 - [TEST_STEP][PASSED] - click(findTestObject("Product Admin/Produk Admin")): Object: 'Object Repository/Product Admin/Produk Admin' is clicked on

2023-10-06 10:06:31 - [MESSAGE][PASSED] - Object: 'Object Repository/Product Admin/Produk Admin' is clicked on

2023-10-06 10:06:31 - [TEST_STEP][PASSED] - verifyElementPresent(findTestObject("Product Admin/Veridikasi Halaman Semua Produk"), 0): Object 'Object Repository/Product Admin/Veridikasi Halaman Semua Produk' is present

2023-10-06 10:06:31 - [MESSAGE][WARNING] - Timeout '0' is invalid. Using default page load timeout: '30'

2023-10-06 10:06:31 - [MESSAGE][PASSED] - Object 'Object Repository/Product Admin/Veridikasi Halaman Semua Produk' is present

2023-10-06 10:06:31 - [MESSAGE][PASSED] - Call Test Case 'Test Cases/Product Admin/TC-PA-001' successfully

2023-10-06 10:06:31 - [TEST_STEP][PASSED] - jmlAwal = getText(findTestObject("Object Repository/Product Admin/Showing 1 to 10 of 55 entries")): Text of object 'Object Repository/Product Admin/Showing 1 to 10 of 55 entries' is: 'Showing 1 to 10 of 62 entries'

2023-10-06 10:06:31 - [MESSAGE][PASSED] - Text of object 'Object Repository/Product Admin/Showing 1 to 10 of 55 entries' is: 'Showing 1 to 10 of 62 entries'

2023-10-06 10:06:31 - [TEST_STEP][PASSED] - click(findTestObject("Product Admin/Button Tambahkan Data")): Object: 'Object Repository/Product Admin/Button Tambahkan Data' is clicked on

2023-10-06 10:06:32 - [MESSAGE][PASSED] - Object: 'Object Repository/Product Admin/Button Tambahkan Data' is clicked on

2023-10-06 10:06:32 - [TEST_STEP][PASSED] - verifyElementPresent(findTestObject("Product Admin/TambahProduk/Verifikasi Halaman Product Baru"), 0): Object 'Object Repository/Product Admin/TambahProduk/Verifikasi Halaman Product Baru' is present

2023-10-06 10:06:33 - [MESSAGE][WARNING] - Timeout '0' is invalid. Using default page load timeout: '30'

2023-10-06 10:06:33 - [MESSAGE][PASSED] - Object 'Object Repository/Product Admin/TambahProduk/Verifikasi Halaman Product Baru' is present

2023-10-06 10:06:33 - [TEST_STEP][PASSED] - setText(findTestObject("Product Admin/TambahProduk/Input Pemilik"), pemilik): Text 'Toko Koko' is set on object 'Object Repository/Product Admin/TambahProduk/Input Pemilik'

2023-10-06 10:06:34 - [MESSAGE][PASSED] - Text 'Toko Koko' is set on object 'Object Repository/Product Admin/TambahProduk/Input Pemilik'

2023-10-06 10:06:34 - [TEST_STEP][PASSED] - click(findTestObject("Product Admin/TambahProduk/Pemilik Toko Koko")): Object: 'Object Repository/Product Admin/TambahProduk/Pemilik Toko Koko' is clicked on

2023-10-06 10:06:34 - [MESSAGE][PASSED] - Object: 'Object Repository/Product Admin/TambahProduk/Pemilik Toko Koko' is clicked on

2023-10-06 10:06:34 - [TEST_STEP][PASSED] - selectOptionByValue(findTestObject("Product Admin/TambahProduk/Pilih Katagori"), katagori, false): All options with value '6' are selected in object 'Object Repository/Product Admin/TambahProduk/Pilih Katagori' 

2023-10-06 10:06:35 - [MESSAGE][PASSED] - All options with value '6' are selected in object 'Object Repository/Product Admin/TambahProduk/Pilih Katagori' 

2023-10-06 10:06:35 - [TEST_STEP][PASSED] - selectOptionByValue(findTestObject("Product Admin/TambahProduk/Pilih Sub Katagori"), subKatagori, false): All options with value '15' are selected in object 'Object Repository/Product Admin/TambahProduk/Pilih Sub Katagori' 

2023-10-06 10:06:36 - [MESSAGE][PASSED] - All options with value '15' are selected in object 'Object Repository/Product Admin/TambahProduk/Pilih Sub Katagori' 

2023-10-06 10:06:36 - [TEST_STEP][PASSED] - setText(findTestObject("Product Admin/TambahProduk/Input Nama Produk"), namaProduk): Text 'Baju Koko Kids 0 - 9 tahun' is set on object 'Object Repository/Product Admin/TambahProduk/Input Nama Produk'

2023-10-06 10:06:36 - [MESSAGE][PASSED] - Text 'Baju Koko Kids 0 - 9 tahun' is set on object 'Object Repository/Product Admin/TambahProduk/Input Nama Produk'

2023-10-06 10:06:36 - [TEST_STEP][PASSED] - setText(findTestObject("Product Admin/TambahProduk/Input Satuan Produk"), satuan): Text 'Pcs' is set on object 'Object Repository/Product Admin/TambahProduk/Input Satuan Produk'

2023-10-06 10:06:37 - [MESSAGE][PASSED] - Text 'Pcs' is set on object 'Object Repository/Product Admin/TambahProduk/Input Satuan Produk'

2023-10-06 10:06:37 - [TEST_STEP][PASSED] - setText(findTestObject("Product Admin/TambahProduk/Input Berat gram"), berat): Text '75' is set on object 'Object Repository/Product Admin/TambahProduk/Input Berat gram'

2023-10-06 10:06:38 - [MESSAGE][PASSED] - Text '75' is set on object 'Object Repository/Product Admin/TambahProduk/Input Berat gram'

2023-10-06 10:06:38 - [TEST_STEP][PASSED] - setText(findTestObject("Product Admin/TambahProduk/Input Harga Modal"), hargaModal): Text '10000' is set on object 'Object Repository/Product Admin/TambahProduk/Input Harga Modal'

2023-10-06 10:06:38 - [MESSAGE][PASSED] - Text '10000' is set on object 'Object Repository/Product Admin/TambahProduk/Input Harga Modal'

2023-10-06 10:06:38 - [TEST_STEP][PASSED] - setText(findTestObject("Product Admin/TambahProduk/Input Harga Reseller"), hargaReseller): Text '11000' is set on object 'Object Repository/Product Admin/TambahProduk/Input Harga Reseller'

2023-10-06 10:06:39 - [MESSAGE][PASSED] - Text '11000' is set on object 'Object Repository/Product Admin/TambahProduk/Input Harga Reseller'

2023-10-06 10:06:39 - [TEST_STEP][PASSED] - setText(findTestObject("Product Admin/TambahProduk/Input Harga Konsumen"), hargaKonsumen): Text '12000' is set on object 'Object Repository/Product Admin/TambahProduk/Input Harga Konsumen'

2023-10-06 10:06:40 - [MESSAGE][PASSED] - Text '12000' is set on object 'Object Repository/Product Admin/TambahProduk/Input Harga Konsumen'

2023-10-06 10:06:40 - [TEST_STEP][PASSED] - setText(findTestObject("Product Admin/TambahProduk/Input Diskon"), Diskon): Text '1000' is set on object 'Object Repository/Product Admin/TambahProduk/Input Diskon'

2023-10-06 10:06:40 - [MESSAGE][PASSED] - Text '1000' is set on object 'Object Repository/Product Admin/TambahProduk/Input Diskon'

2023-10-06 10:06:40 - [TEST_STEP][PASSED] - setText(findTestObject("Product Admin/TambahProduk/Input Stok Awal"), stokAwal): Text '20' is set on object 'Object Repository/Product Admin/TambahProduk/Input Stok Awal'

2023-10-06 10:06:41 - [MESSAGE][PASSED] - Text '20' is set on object 'Object Repository/Product Admin/TambahProduk/Input Stok Awal'

2023-10-06 10:06:41 - [TEST_STEP][PASSED] - click(findTestObject("Product Admin/TambahProduk/Input Pria Tag")): Object: 'Object Repository/Product Admin/TambahProduk/Input Pria Tag' is clicked on

2023-10-06 10:06:42 - [MESSAGE][PASSED] - Object: 'Object Repository/Product Admin/TambahProduk/Input Pria Tag' is clicked on

2023-10-06 10:06:42 - [TEST_STEP][PASSED] - setText(findTestObject("Product Admin/TambahProduk/Input Cuplikan Textarea"), cuplikan): Text 'Stylish dan Nyaman! Baju Koko Kids kami cocok untuk usia 0 - 9 tahun. Terbuat dari bahan berkualitas tinggi yang lembut di kulit anak-anak, baju ini sempurna untuk berbagai acara, termasuk lebaran.' is set on object 'Object Repository/Product Admin/TambahProduk/Input Cuplikan Textarea'

2023-10-06 10:06:42 - [MESSAGE][PASSED] - Text 'Stylish dan Nyaman! Baju Koko Kids kami cocok untuk usia 0 - 9 tahun. Terbuat dari bahan berkualitas tinggi yang lembut di kulit anak-anak, baju ini sempurna untuk berbagai acara, termasuk lebaran.' is set on object 'Object Repository/Product Admin/TambahProduk/Input Cuplikan Textarea'

2023-10-06 10:06:42 - [TEST_STEP][PASSED] - check(findTestObject("Product Admin/TambahProduk/Input Aktif product"), STOP_ON_FAILURE): Object 'Object Repository/Product Admin/TambahProduk/Input Aktif product' is checked

2023-10-06 10:06:43 - [MESSAGE][PASSED] - Object 'Object Repository/Product Admin/TambahProduk/Input Aktif product' is checked

2023-10-06 10:06:43 - [TEST_STEP][PASSED] - setText(findTestObject("Product Admin/TambahProduk/Input Keterangan"), keterangan): Text 'Desain Modern: Tampil modis dengan desain terkini yang cocok untuk anak-anak. Kenyamanan Sepanjang Hari: Bahan lembut dan nyaman sehingga anak-anak tetap bahagia sepanjang hari. Beragam Warna: Pilihan warna yang cerah dan menarik. Ukuran Sesuai: Tersedia dalam berbagai ukuran, mulai dari 0 hingga 9 tahun. Dapatkan tampilan yang trendi untuk si kecil dengan Baju Koko Kids kami. Pesan sekarang dan buat momen lebaran mereka lebih istimewa!' is set on object 'Object Repository/Product Admin/TambahProduk/Input Keterangan'

2023-10-06 10:06:45 - [MESSAGE][PASSED] - Text 'Desain Modern: Tampil modis dengan desain terkini yang cocok untuk anak-anak. Kenyamanan Sepanjang Hari: Bahan lembut dan nyaman sehingga anak-anak tetap bahagia sepanjang hari. Beragam Warna: Pilihan warna yang cerah dan menarik. Ukuran Sesuai: Tersedia dalam berbagai ukuran, mulai dari 0 hingga 9 tahun. Dapatkan tampilan yang trendi untuk si kecil dengan Baju Koko Kids kami. Pesan sekarang dan buat momen lebaran mereka lebih istimewa!' is set on object 'Object Repository/Product Admin/TambahProduk/Input Keterangan'

2023-10-06 10:06:45 - [TEST_STEP][PASSED] - uploadFile(findTestObject("Product Admin/TambahProduk/Input File"), "E:\Pelatihan\Xsis Academy\Baju koko kids.jpg"): File 'E:\Pelatihan\Xsis Academy\Baju koko kids.jpg' sent to object: 'Object Repository/Product Admin/TambahProduk/Input File'

2023-10-06 10:06:45 - [MESSAGE][PASSED] - File 'E:\Pelatihan\Xsis Academy\Baju koko kids.jpg' sent to object: 'Object Repository/Product Admin/TambahProduk/Input File'

2023-10-06 10:06:45 - [TEST_STEP][PASSED] - click(findTestObject("Product Admin/TambahProduk/Button Tambahkan")): Object: 'Object Repository/Product Admin/TambahProduk/Button Tambahkan' is clicked on

2023-10-06 10:06:48 - [MESSAGE][PASSED] - Object: 'Object Repository/Product Admin/TambahProduk/Button Tambahkan' is clicked on

2023-10-06 10:06:48 - [TEST_STEP][PASSED] - dataBaru = getText(findTestObject("Object Repository/Product Admin/TambahProduk/Data Verifikasi Hapus Data")): Text of object 'Object Repository/Product Admin/TambahProduk/Data Verifikasi Hapus Data' is: '1 Baju Koko Kids 0 - 9 tahun (Toko) 10,000 11,000 12,000 0 Pcs 75 G Y'

2023-10-06 10:06:49 - [MESSAGE][PASSED] - Text of object 'Object Repository/Product Admin/TambahProduk/Data Verifikasi Hapus Data' is: '1 Baju Koko Kids 0 - 9 tahun (Toko) 10,000 11,000 12,000 0 Pcs 75 G Y'

2023-10-06 10:06:49 - [TEST_STEP][PASSED] - jmlAkhir = getText(findTestObject("Object Repository/Product Admin/Showing 1 to 10 of 55 entries")): Text of object 'Object Repository/Product Admin/Showing 1 to 10 of 55 entries' is: 'Showing 1 to 10 of 63 entries'

2023-10-06 10:06:49 - [MESSAGE][PASSED] - Text of object 'Object Repository/Product Admin/Showing 1 to 10 of 55 entries' is: 'Showing 1 to 10 of 63 entries'

2023-10-06 10:06:49 - [TEST_STEP][PASSED] - println(dataBaru): null

2023-10-06 10:06:49 - [TEST_STEP][PASSED] - println(jmlAwal): null

2023-10-06 10:06:49 - [TEST_STEP][PASSED] - println(jmlAkhir): null

2023-10-06 10:06:49 - [TEST_STEP][PASSED] - resultAwal = trim().substring(19, 21): null

2023-10-06 10:06:49 - [TEST_STEP][PASSED] - resultAkhir = trim().substring(19, 21): null

2023-10-06 10:06:49 - [TEST_STEP][PASSED] - println(resultAwal): null

2023-10-06 10:06:49 - [TEST_STEP][PASSED] - println(resultAkhir): null

2023-10-06 10:06:49 - [TEST_STEP][PASSED] - data1 = Integer.parseInt(resultAwal): null

2023-10-06 10:06:49 - [TEST_STEP][PASSED] - data2 = Integer.parseInt(resultAkhir): null

2023-10-06 10:06:49 - [TEST_STEP][PASSED] - assert dataBaru.contains(namaProduk) == true: null

2023-10-06 10:06:49 - [TEST_STEP][PASSED] - assert data1 + 1 == data2: null

2023-10-06 10:06:49 - [TEST_STEP][PASSED] - data = new java.util.HashMap(): null

2023-10-06 10:06:49 - [TEST_STEP][PASSED] - data.put("dataPemilik", pemilik): null

2023-10-06 10:06:49 - [TEST_STEP][PASSED] - data.put("dataKatagori", katagori): null

2023-10-06 10:06:49 - [TEST_STEP][PASSED] - data.put("dataSubKatagori", subKatagori): null

2023-10-06 10:06:49 - [TEST_STEP][PASSED] - data.put("dataNamaProduct", namaProduk): null

2023-10-06 10:06:49 - [TEST_STEP][PASSED] - data.put("dataSatuan", satuan): null

2023-10-06 10:06:49 - [TEST_STEP][PASSED] - data.put("dataBerat", berat): null

2023-10-06 10:06:49 - [TEST_STEP][PASSED] - data.put("dataHargaModal", hargaModal): null

2023-10-06 10:06:49 - [TEST_STEP][PASSED] - data.put("dataHargaReseller", hargaReseller): null

2023-10-06 10:06:49 - [TEST_STEP][PASSED] - data.put("dataHargaKonsumen", hargaKonsumen): null

2023-10-06 10:06:49 - [TEST_STEP][PASSED] - data.put("dataDiskon", hargaReseller): null

2023-10-06 10:06:49 - [TEST_STEP][PASSED] - data.put("dataStokEdit", hargaKonsumen): null

2023-10-06 10:06:49 - [TEST_STEP][PASSED] - return data: null

2023-10-06 10:06:49 - [MESSAGE][PASSED] - Call Test Case 'Test Cases/Product Admin/TC-PA-022' successfully

2023-10-06 10:06:49 - [TEST_STEP][PASSED] - click(findTestObject("Product Admin/Button Edit Product Fleksibel")): Object: 'Object Repository/Product Admin/Button Edit Product Fleksibel' is clicked on

2023-10-06 10:06:50 - [MESSAGE][PASSED] - Object: 'Object Repository/Product Admin/Button Edit Product Fleksibel' is clicked on

2023-10-06 10:06:50 - [TEST_STEP][PASSED] - verifyElementPresent(findTestObject("Product Admin/TambahProduk/Verifikasi Halaman Product Baru"), 0): Object 'Object Repository/Product Admin/TambahProduk/Verifikasi Halaman Product Baru' is present

2023-10-06 10:06:50 - [MESSAGE][WARNING] - Timeout '0' is invalid. Using default page load timeout: '30'

2023-10-06 10:06:50 - [MESSAGE][PASSED] - Object 'Object Repository/Product Admin/TambahProduk/Verifikasi Halaman Product Baru' is present

2023-10-06 10:06:50 - [TEST_STEP][PASSED] - select = new org.openqa.selenium.support.ui.Select(com.kms.katalon.core.webui.driver.DriverFactory.getWebDriver().findElement(org.openqa.selenium.By.xpath(//select[@name='a']))): null

2023-10-06 10:06:51 - [TEST_STEP][PASSED] - katogoriEdit = getFirstSelectedOption().getText(): null

2023-10-06 10:06:51 - [TEST_STEP][PASSED] - select1 = new org.openqa.selenium.support.ui.Select(com.kms.katalon.core.webui.driver.DriverFactory.getWebDriver().findElement(org.openqa.selenium.By.xpath(//select[@id='sub_kategori_produk']))): null

2023-10-06 10:06:51 - [TEST_STEP][PASSED] - subKatagoriEdit = getFirstSelectedOption().getText(): null

2023-10-06 10:06:52 - [TEST_STEP][PASSED] - pemilikEdit = getAttribute(findTestObject("Object Repository/Product Admin/TambahProduk/Input Pemilik"), "value"): Attribute 'value' of object 'Object Repository/Product Admin/TambahProduk/Input Pemilik' is: 'Bunga'

2023-10-06 10:06:52 - [MESSAGE][PASSED] - Attribute 'value' of object 'Object Repository/Product Admin/TambahProduk/Input Pemilik' is: 'Bunga'

2023-10-06 10:06:52 - [TEST_STEP][PASSED] - namaProductEdit = getAttribute(findTestObject("Object Repository/Product Admin/TambahProduk/Input Nama Produk"), "value"): Attribute 'value' of object 'Object Repository/Product Admin/TambahProduk/Input Nama Produk' is: 'Baju Koko Kids 0 - 9 tahun'

2023-10-06 10:06:52 - [MESSAGE][PASSED] - Attribute 'value' of object 'Object Repository/Product Admin/TambahProduk/Input Nama Produk' is: 'Baju Koko Kids 0 - 9 tahun'

2023-10-06 10:06:52 - [TEST_STEP][PASSED] - satuanEdit = getAttribute(findTestObject("Object Repository/Product Admin/TambahProduk/Input Satuan Produk"), "value"): Attribute 'value' of object 'Object Repository/Product Admin/TambahProduk/Input Satuan Produk' is: 'Pcs'

2023-10-06 10:06:53 - [MESSAGE][PASSED] - Attribute 'value' of object 'Object Repository/Product Admin/TambahProduk/Input Satuan Produk' is: 'Pcs'

2023-10-06 10:06:53 - [TEST_STEP][PASSED] - beratEdit = getAttribute(findTestObject("Object Repository/Product Admin/TambahProduk/Input Berat gram"), "value"): Attribute 'value' of object 'Object Repository/Product Admin/TambahProduk/Input Berat gram' is: '75'

2023-10-06 10:06:53 - [MESSAGE][PASSED] - Attribute 'value' of object 'Object Repository/Product Admin/TambahProduk/Input Berat gram' is: '75'

2023-10-06 10:06:53 - [TEST_STEP][PASSED] - hargaModalEdit = getAttribute(findTestObject("Object Repository/Product Admin/TambahProduk/Input Harga Modal"), "value"): Attribute 'value' of object 'Object Repository/Product Admin/TambahProduk/Input Harga Modal' is: '10,000'

2023-10-06 10:06:53 - [MESSAGE][PASSED] - Attribute 'value' of object 'Object Repository/Product Admin/TambahProduk/Input Harga Modal' is: '10,000'

2023-10-06 10:06:53 - [TEST_STEP][PASSED] - hargaResellerEdit = getAttribute(findTestObject("Object Repository/Product Admin/TambahProduk/Input Harga Reseller"), "value"): Attribute 'value' of object 'Object Repository/Product Admin/TambahProduk/Input Harga Reseller' is: '11,000'

2023-10-06 10:06:54 - [MESSAGE][PASSED] - Attribute 'value' of object 'Object Repository/Product Admin/TambahProduk/Input Harga Reseller' is: '11,000'

2023-10-06 10:06:54 - [TEST_STEP][PASSED] - hargaKonsumenEdit = getAttribute(findTestObject("Object Repository/Product Admin/TambahProduk/Input Harga Konsumen"), "value"): Attribute 'value' of object 'Object Repository/Product Admin/TambahProduk/Input Harga Konsumen' is: '12,000'

2023-10-06 10:06:54 - [MESSAGE][PASSED] - Attribute 'value' of object 'Object Repository/Product Admin/TambahProduk/Input Harga Konsumen' is: '12,000'

2023-10-06 10:06:54 - [TEST_STEP][PASSED] - diskonEdit = getAttribute(findTestObject("Object Repository/Product Admin/TambahProduk/Input Diskon"), "value"): Attribute 'value' of object 'Object Repository/Product Admin/TambahProduk/Input Diskon' is: '0'

2023-10-06 10:06:54 - [MESSAGE][PASSED] - Attribute 'value' of object 'Object Repository/Product Admin/TambahProduk/Input Diskon' is: '0'

2023-10-06 10:06:54 - [TEST_STEP][PASSED] - StokEdit = getAttribute(findTestObject("Object Repository/Product Admin/TambahProduk/Input Diskon"), "value"): Attribute 'value' of object 'Object Repository/Product Admin/TambahProduk/Input Diskon' is: '0'

2023-10-06 10:06:55 - [MESSAGE][PASSED] - Attribute 'value' of object 'Object Repository/Product Admin/TambahProduk/Input Diskon' is: '0'

2023-10-06 10:06:55 - [TEST_STEP][PASSED] - println(pemilikEdit): null

2023-10-06 10:06:55 - [TEST_STEP][PASSED] - println(katogoriEdit): null

2023-10-06 10:06:55 - [TEST_STEP][PASSED] - println(subKatagoriEdit): null

2023-10-06 10:06:55 - [TEST_STEP][PASSED] - println(namaProductEdit): null

2023-10-06 10:06:55 - [TEST_STEP][PASSED] - println(satuanEdit): null

2023-10-06 10:06:55 - [TEST_STEP][PASSED] - println(hargaModalEdit): null

2023-10-06 10:06:55 - [TEST_STEP][PASSED] - println(hargaResellerEdit): null

2023-10-06 10:06:55 - [TEST_STEP][PASSED] - println(hargaKonsumenEdit): null

2023-10-06 10:06:55 - [TEST_STEP][PASSED] - println(diskonEdit): null

2023-10-06 10:06:55 - [TEST_STEP][PASSED] - println(StokEdit): null

2023-10-06 10:06:55 - [TEST_STEP][FAILED] - assert pemilikEdit == data.get("dataPemilik"): Test Cases/Product Admin/TC-PA-030 FAILED.
Reason:
Assertion failed: 

assert pemilikEdit == data.get("dataPemilik")
       |           |  |    |
       Bunga       |  |    Toko Koko
                   |  [dataKatagori:6, dataSatuan:Pcs, dataNamaProduct:Baju Koko Kids 0 - 9 tahun, dataStokEdit:12000, dataHargaModal:10000, dataPemilik:Toko Koko, dataSubKatagori:15, dataDiskon:11000, dataHargaReseller:11000, dataHargaKonsumen:12000, dataBerat:75]
                   false

	at TC-PA-030.run(TC-PA-030:57)
	at com.kms.katalon.core.main.ScriptEngine.run(ScriptEngine.java:194)
	at com.kms.katalon.core.main.ScriptEngine.runScriptAsRawText(ScriptEngine.java:119)
	at com.kms.katalon.core.main.TestCaseExecutor.runScript(TestCaseExecutor.java:448)
	at com.kms.katalon.core.main.TestCaseExecutor.doExecute(TestCaseExecutor.java:439)
	at com.kms.katalon.core.main.TestCaseExecutor.processExecutionPhase(TestCaseExecutor.java:418)
	at com.kms.katalon.core.main.TestCaseExecutor.accessMainPhase(TestCaseExecutor.java:410)
	at com.kms.katalon.core.main.TestCaseExecutor.execute(TestCaseExecutor.java:285)
	at com.kms.katalon.core.common.CommonExecutor.accessTestCaseMainPhase(CommonExecutor.java:65)
	at com.kms.katalon.core.main.TestSuiteExecutor.accessTestSuiteMainPhase(TestSuiteExecutor.java:148)
	at com.kms.katalon.core.main.TestSuiteExecutor.execute(TestSuiteExecutor.java:106)
	at com.kms.katalon.core.main.TestCaseMain.startTestSuite(TestCaseMain.java:187)
	at com.kms.katalon.core.main.TestCaseMain$startTestSuite$0.call(Unknown Source)
	at TempTestSuite1696560832015.run(TempTestSuite1696560832015.groovy:36)


2023-10-06 10:06:55 - [MESSAGE][FAILED] - Test Cases/Product Admin/TC-PA-030 FAILED.
Reason:
Assertion failed: 

assert pemilikEdit == data.get("dataPemilik")
       |           |  |    |
       Bunga       |  |    Toko Koko
                   |  [dataKatagori:6, dataSatuan:Pcs, dataNamaProduct:Baju Koko Kids 0 - 9 tahun, dataStokEdit:12000, dataHargaModal:10000, dataPemilik:Toko Koko, dataSubKatagori:15, dataDiskon:11000, dataHargaReseller:11000, dataHargaKonsumen:12000, dataBerat:75]
                   false

	at TC-PA-030.run(TC-PA-030:57)
	at com.kms.katalon.core.main.ScriptEngine.run(ScriptEngine.java:194)
	at com.kms.katalon.core.main.ScriptEngine.runScriptAsRawText(ScriptEngine.java:119)
	at com.kms.katalon.core.main.TestCaseExecutor.runScript(TestCaseExecutor.java:448)
	at com.kms.katalon.core.main.TestCaseExecutor.doExecute(TestCaseExecutor.java:439)
	at com.kms.katalon.core.main.TestCaseExecutor.processExecutionPhase(TestCaseExecutor.java:418)
	at com.kms.katalon.core.main.TestCaseExecutor.accessMainPhase(TestCaseExecutor.java:410)
	at com.kms.katalon.core.main.TestCaseExecutor.execute(TestCaseExecutor.java:285)
	at com.kms.katalon.core.common.CommonExecutor.accessTestCaseMainPhase(CommonExecutor.java:65)
	at com.kms.katalon.core.main.TestSuiteExecutor.accessTestSuiteMainPhase(TestSuiteExecutor.java:148)
	at com.kms.katalon.core.main.TestSuiteExecutor.execute(TestSuiteExecutor.java:106)
	at com.kms.katalon.core.main.TestCaseMain.startTestSuite(TestCaseMain.java:187)
	at com.kms.katalon.core.main.TestCaseMain$startTestSuite$0.call(Unknown Source)
	at TempTestSuite1696560832015.run(TempTestSuite1696560832015.groovy:36)]]></system-out>
         <system-err><![CDATA[2023-10-06 10:06:09 - [TEST_CASE][FAILED] - Test Cases/Product Admin/TC-PA-030: Test Cases/Product Admin/TC-PA-030 FAILED.
Reason:
Assertion failed: 

assert pemilikEdit == data.get("dataPemilik")
       |           |  |    |
       Bunga       |  |    Toko Koko
                   |  [dataKatagori:6, dataSatuan:Pcs, dataNamaProduct:Baju Koko Kids 0 - 9 tahun, dataStokEdit:12000, dataHargaModal:10000, dataPemilik:Toko Koko, dataSubKatagori:15, dataDiskon:11000, dataHargaReseller:11000, dataHargaKonsumen:12000, dataBerat:75]
                   false

	at TC-PA-030.run(TC-PA-030:57)
	at com.kms.katalon.core.main.ScriptEngine.run(ScriptEngine.java:194)
	at com.kms.katalon.core.main.ScriptEngine.runScriptAsRawText(ScriptEngine.java:119)
	at com.kms.katalon.core.main.TestCaseExecutor.runScript(TestCaseExecutor.java:448)
	at com.kms.katalon.core.main.TestCaseExecutor.doExecute(TestCaseExecutor.java:439)
	at com.kms.katalon.core.main.TestCaseExecutor.processExecutionPhase(TestCaseExecutor.java:418)
	at com.kms.katalon.core.main.TestCaseExecutor.accessMainPhase(TestCaseExecutor.java:410)
	at com.kms.katalon.core.main.TestCaseExecutor.execute(TestCaseExecutor.java:285)
	at com.kms.katalon.core.common.CommonExecutor.accessTestCaseMainPhase(CommonExecutor.java:65)
	at com.kms.katalon.core.main.TestSuiteExecutor.accessTestSuiteMainPhase(TestSuiteExecutor.java:148)
	at com.kms.katalon.core.main.TestSuiteExecutor.execute(TestSuiteExecutor.java:106)
	at com.kms.katalon.core.main.TestCaseMain.startTestSuite(TestCaseMain.java:187)
	at com.kms.katalon.core.main.TestCaseMain$startTestSuite$0.call(Unknown Source)
	at TempTestSuite1696560832015.run(TempTestSuite1696560832015.groovy:36)]]></system-err>
      </testcase>
      <testcase name="Test Cases/Product Admin/TC-PA-031" time="27.298" classname="Test Cases/Product Admin/TC-PA-031" status="PASSED">
         <system-out><![CDATA[2023-10-06 10:06:55 - [TEST_CASE][PASSED] - Test Cases/Product Admin/TC-PA-031: Test Cases/Product Admin/TC-PA-031

2023-10-06 10:06:55 - [TEST_STEP][PASSED] - callTestCase(findTestCase("Product Admin/TC-PA-001"), [:], STOP_ON_FAILURE): Call Test Case 'Test Cases/Product Admin/TC-PA-001' successfully

2023-10-06 10:06:55 - [TEST_CASE][PASSED] - Test Cases/Product Admin/TC-PA-001: Test Cases/Product Admin/TC-PA-001

2023-10-06 10:06:55 - [TEST_STEP][PASSED] - callTestCase(findTestCase("Login Admin/TC-Login Admin-001"), [:], STOP_ON_FAILURE): Call Test Case 'Test Cases/Login Admin/TC-Login Admin-001' successfully

2023-10-06 10:06:55 - [TEST_CASE][PASSED] - Test Cases/Login Admin/TC-Login Admin-001: Test Cases/Login Admin/TC-Login Admin-001

2023-10-06 10:06:55 - [TEST_STEP][PASSED] - openBrowser(adminTajalapak): Browser is opened with url: 'https://10.9.2.63/ecommerce/administrator'

2023-10-06 10:06:55 - [MESSAGE][WARNING] - A browser is already opened. Closing browser and opening a new one

2023-10-06 10:06:56 - [MESSAGE][INFO] - Starting 'Edge Chromium' driver

2023-10-06 10:06:56 - [MESSAGE][INFO] - User set preference: ['acceptInsecureCerts', 'true']

2023-10-06 10:06:58 - [MESSAGE][INFO] - Action delay is set to 0 milliseconds

2023-10-06 10:07:00 - [MESSAGE][PASSED] - Browser is opened with url: 'https://10.9.2.63/ecommerce/administrator'

2023-10-06 10:07:00 - [TEST_STEP][PASSED] - maximizeWindow(): Current window maximized

2023-10-06 10:07:01 - [MESSAGE][PASSED] - Current window maximized

2023-10-06 10:07:01 - [TEST_STEP][PASSED] - verifyElementPresent(findTestObject("Login Admin/Verifikasi Halaman Administrator"), 0): Object 'Object Repository/Login Admin/Verifikasi Halaman Administrator' is present

2023-10-06 10:07:01 - [MESSAGE][WARNING] - Timeout '0' is invalid. Using default page load timeout: '30'

2023-10-06 10:07:01 - [MESSAGE][PASSED] - Object 'Object Repository/Login Admin/Verifikasi Halaman Administrator' is present

2023-10-06 10:07:01 - [TEST_STEP][PASSED] - setText(findTestObject("Login Admin/Input Username Admin"), "admin"): Text 'admin' is set on object 'Object Repository/Login Admin/Input Username Admin'

2023-10-06 10:07:02 - [MESSAGE][PASSED] - Text 'admin' is set on object 'Object Repository/Login Admin/Input Username Admin'

2023-10-06 10:07:02 - [TEST_STEP][PASSED] - setEncryptedText(findTestObject("Login Admin/Input Password Admin"), "374mkdZ/lqyNS21oH+MJZQ=="): Text ****** has been set on object 'Object Repository/Login Admin/Input Password Admin'

2023-10-06 10:07:02 - [MESSAGE][PASSED] - Text ****** has been set on object 'Object Repository/Login Admin/Input Password Admin'

2023-10-06 10:07:02 - [TEST_STEP][PASSED] - delay(10): Delayed 10 second(s)

2023-10-06 10:07:12 - [MESSAGE][PASSED] - Delayed 10 second(s)

2023-10-06 10:07:12 - [TEST_STEP][PASSED] - click(findTestObject("Login Admin/Botton Sign In")): Object: 'Object Repository/Login Admin/Botton Sign In' is clicked on

2023-10-06 10:07:14 - [MESSAGE][PASSED] - Object: 'Object Repository/Login Admin/Botton Sign In' is clicked on

2023-10-06 10:07:14 - [TEST_STEP][PASSED] - verifyElementPresent(findTestObject("Login Admin/Verifikasi Halaman Login Admin"), 0): Object 'Object Repository/Login Admin/Verifikasi Halaman Login Admin' is present

2023-10-06 10:07:14 - [MESSAGE][WARNING] - Timeout '0' is invalid. Using default page load timeout: '30'

2023-10-06 10:07:14 - [MESSAGE][PASSED] - Object 'Object Repository/Login Admin/Verifikasi Halaman Login Admin' is present

2023-10-06 10:07:14 - [MESSAGE][PASSED] - Call Test Case 'Test Cases/Login Admin/TC-Login Admin-001' successfully

2023-10-06 10:07:14 - [TEST_STEP][PASSED] - click(findTestObject("Product Admin/Master Market")): Object: 'Object Repository/Product Admin/Master Market' is clicked on

2023-10-06 10:07:14 - [MESSAGE][PASSED] - Object: 'Object Repository/Product Admin/Master Market' is clicked on

2023-10-06 10:07:14 - [TEST_STEP][PASSED] - click(findTestObject("Product Admin/Produk Admin")): Object: 'Object Repository/Product Admin/Produk Admin' is clicked on

2023-10-06 10:07:16 - [MESSAGE][PASSED] - Object: 'Object Repository/Product Admin/Produk Admin' is clicked on

2023-10-06 10:07:16 - [TEST_STEP][PASSED] - verifyElementPresent(findTestObject("Product Admin/Veridikasi Halaman Semua Produk"), 0): Object 'Object Repository/Product Admin/Veridikasi Halaman Semua Produk' is present

2023-10-06 10:07:16 - [MESSAGE][WARNING] - Timeout '0' is invalid. Using default page load timeout: '30'

2023-10-06 10:07:16 - [MESSAGE][PASSED] - Object 'Object Repository/Product Admin/Veridikasi Halaman Semua Produk' is present

2023-10-06 10:07:16 - [MESSAGE][PASSED] - Call Test Case 'Test Cases/Product Admin/TC-PA-001' successfully

2023-10-06 10:07:16 - [TEST_STEP][PASSED] - jmlAwal = getText(findTestObject("Object Repository/Product Admin/Showing 1 to 10 of 55 entries")): Text of object 'Object Repository/Product Admin/Showing 1 to 10 of 55 entries' is: 'Showing 1 to 10 of 63 entries'

2023-10-06 10:07:16 - [MESSAGE][PASSED] - Text of object 'Object Repository/Product Admin/Showing 1 to 10 of 55 entries' is: 'Showing 1 to 10 of 63 entries'

2023-10-06 10:07:16 - [TEST_STEP][PASSED] - resultAwal = trim().substring(19, 21): null

2023-10-06 10:07:16 - [TEST_STEP][PASSED] - data1 = Integer.parseInt(resultAwal): null

2023-10-06 10:07:16 - [TEST_STEP][PASSED] - jmlProduk = 0: null

2023-10-06 10:07:16 - [TEST_STEP][PASSED] - while (jmlProduk < data1): Object: 'Object Repository/Product Admin/Button Halaman Selanjutnya' is clicked on

2023-10-06 10:07:16 - [TEST_STEP][PASSED] - dataList = findWebElements(findTestObject("Object Repository/Product Admin/Data No Product"), 10): null

2023-10-06 10:07:17 - [TEST_STEP][PASSED] - jmlProduk = jmlProduk + dataList.size(): null

2023-10-06 10:07:17 - [TEST_STEP][PASSED] - click(findTestObject("Object Repository/Product Admin/Button Halaman Selanjutnya")): Object: 'Object Repository/Product Admin/Button Halaman Selanjutnya' is clicked on

2023-10-06 10:07:17 - [MESSAGE][PASSED] - Object: 'Object Repository/Product Admin/Button Halaman Selanjutnya' is clicked on

2023-10-06 10:07:17 - [TEST_STEP][PASSED] - dataList = findWebElements(findTestObject("Object Repository/Product Admin/Data No Product"), 10): null

2023-10-06 10:07:17 - [TEST_STEP][PASSED] - jmlProduk = jmlProduk + dataList.size(): null

2023-10-06 10:07:17 - [TEST_STEP][PASSED] - click(findTestObject("Object Repository/Product Admin/Button Halaman Selanjutnya")): Object: 'Object Repository/Product Admin/Button Halaman Selanjutnya' is clicked on

2023-10-06 10:07:18 - [MESSAGE][PASSED] - Object: 'Object Repository/Product Admin/Button Halaman Selanjutnya' is clicked on

2023-10-06 10:07:18 - [TEST_STEP][PASSED] - dataList = findWebElements(findTestObject("Object Repository/Product Admin/Data No Product"), 10): null

2023-10-06 10:07:18 - [TEST_STEP][PASSED] - jmlProduk = jmlProduk + dataList.size(): null

2023-10-06 10:07:18 - [TEST_STEP][PASSED] - click(findTestObject("Object Repository/Product Admin/Button Halaman Selanjutnya")): Object: 'Object Repository/Product Admin/Button Halaman Selanjutnya' is clicked on

2023-10-06 10:07:19 - [MESSAGE][PASSED] - Object: 'Object Repository/Product Admin/Button Halaman Selanjutnya' is clicked on

2023-10-06 10:07:19 - [TEST_STEP][PASSED] - dataList = findWebElements(findTestObject("Object Repository/Product Admin/Data No Product"), 10): null

2023-10-06 10:07:19 - [TEST_STEP][PASSED] - jmlProduk = jmlProduk + dataList.size(): null

2023-10-06 10:07:19 - [TEST_STEP][PASSED] - click(findTestObject("Object Repository/Product Admin/Button Halaman Selanjutnya")): Object: 'Object Repository/Product Admin/Button Halaman Selanjutnya' is clicked on

2023-10-06 10:07:20 - [MESSAGE][PASSED] - Object: 'Object Repository/Product Admin/Button Halaman Selanjutnya' is clicked on

2023-10-06 10:07:20 - [TEST_STEP][PASSED] - dataList = findWebElements(findTestObject("Object Repository/Product Admin/Data No Product"), 10): null

2023-10-06 10:07:20 - [TEST_STEP][PASSED] - jmlProduk = jmlProduk + dataList.size(): null

2023-10-06 10:07:20 - [TEST_STEP][PASSED] - click(findTestObject("Object Repository/Product Admin/Button Halaman Selanjutnya")): Object: 'Object Repository/Product Admin/Button Halaman Selanjutnya' is clicked on

2023-10-06 10:07:20 - [MESSAGE][PASSED] - Object: 'Object Repository/Product Admin/Button Halaman Selanjutnya' is clicked on

2023-10-06 10:07:20 - [TEST_STEP][PASSED] - dataList = findWebElements(findTestObject("Object Repository/Product Admin/Data No Product"), 10): null

2023-10-06 10:07:21 - [TEST_STEP][PASSED] - jmlProduk = jmlProduk + dataList.size(): null

2023-10-06 10:07:21 - [TEST_STEP][PASSED] - click(findTestObject("Object Repository/Product Admin/Button Halaman Selanjutnya")): Object: 'Object Repository/Product Admin/Button Halaman Selanjutnya' is clicked on

2023-10-06 10:07:21 - [MESSAGE][PASSED] - Object: 'Object Repository/Product Admin/Button Halaman Selanjutnya' is clicked on

2023-10-06 10:07:21 - [TEST_STEP][PASSED] - dataList = findWebElements(findTestObject("Object Repository/Product Admin/Data No Product"), 10): null

2023-10-06 10:07:22 - [TEST_STEP][PASSED] - jmlProduk = jmlProduk + dataList.size(): null

2023-10-06 10:07:22 - [TEST_STEP][PASSED] - click(findTestObject("Object Repository/Product Admin/Button Halaman Selanjutnya")): Object: 'Object Repository/Product Admin/Button Halaman Selanjutnya' is clicked on

2023-10-06 10:07:22 - [MESSAGE][PASSED] - Object: 'Object Repository/Product Admin/Button Halaman Selanjutnya' is clicked on

2023-10-06 10:07:22 - [TEST_STEP][PASSED] - assert data1 == jmlProduk: null]]></system-out>
         <system-err><![CDATA[]]></system-err>
      </testcase>
      <testcase name="Test Cases/Product Admin/TC-PA-032" time="22.485" classname="Test Cases/Product Admin/TC-PA-032" status="PASSED">
         <system-out><![CDATA[2023-10-06 10:07:22 - [TEST_CASE][PASSED] - Test Cases/Product Admin/TC-PA-032: Test Cases/Product Admin/TC-PA-032

2023-10-06 10:07:22 - [TEST_STEP][PASSED] - callTestCase(findTestCase("Product Admin/TC-PA-001"), [:], STOP_ON_FAILURE): Call Test Case 'Test Cases/Product Admin/TC-PA-001' successfully

2023-10-06 10:07:22 - [TEST_CASE][PASSED] - Test Cases/Product Admin/TC-PA-001: Test Cases/Product Admin/TC-PA-001

2023-10-06 10:07:22 - [TEST_STEP][PASSED] - callTestCase(findTestCase("Login Admin/TC-Login Admin-001"), [:], STOP_ON_FAILURE): Call Test Case 'Test Cases/Login Admin/TC-Login Admin-001' successfully

2023-10-06 10:07:22 - [TEST_CASE][PASSED] - Test Cases/Login Admin/TC-Login Admin-001: Test Cases/Login Admin/TC-Login Admin-001

2023-10-06 10:07:22 - [TEST_STEP][PASSED] - openBrowser(adminTajalapak): Browser is opened with url: 'https://10.9.2.63/ecommerce/administrator'

2023-10-06 10:07:22 - [MESSAGE][WARNING] - A browser is already opened. Closing browser and opening a new one

2023-10-06 10:07:23 - [MESSAGE][INFO] - Starting 'Edge Chromium' driver

2023-10-06 10:07:23 - [MESSAGE][INFO] - User set preference: ['acceptInsecureCerts', 'true']

2023-10-06 10:07:25 - [MESSAGE][INFO] - Action delay is set to 0 milliseconds

2023-10-06 10:07:28 - [MESSAGE][PASSED] - Browser is opened with url: 'https://10.9.2.63/ecommerce/administrator'

2023-10-06 10:07:28 - [TEST_STEP][PASSED] - maximizeWindow(): Current window maximized

2023-10-06 10:07:28 - [MESSAGE][PASSED] - Current window maximized

2023-10-06 10:07:28 - [TEST_STEP][PASSED] - verifyElementPresent(findTestObject("Login Admin/Verifikasi Halaman Administrator"), 0): Object 'Object Repository/Login Admin/Verifikasi Halaman Administrator' is present

2023-10-06 10:07:28 - [MESSAGE][WARNING] - Timeout '0' is invalid. Using default page load timeout: '30'

2023-10-06 10:07:28 - [MESSAGE][PASSED] - Object 'Object Repository/Login Admin/Verifikasi Halaman Administrator' is present

2023-10-06 10:07:28 - [TEST_STEP][PASSED] - setText(findTestObject("Login Admin/Input Username Admin"), "admin"): Text 'admin' is set on object 'Object Repository/Login Admin/Input Username Admin'

2023-10-06 10:07:29 - [MESSAGE][PASSED] - Text 'admin' is set on object 'Object Repository/Login Admin/Input Username Admin'

2023-10-06 10:07:29 - [TEST_STEP][PASSED] - setEncryptedText(findTestObject("Login Admin/Input Password Admin"), "374mkdZ/lqyNS21oH+MJZQ=="): Text ****** has been set on object 'Object Repository/Login Admin/Input Password Admin'

2023-10-06 10:07:29 - [MESSAGE][PASSED] - Text ****** has been set on object 'Object Repository/Login Admin/Input Password Admin'

2023-10-06 10:07:29 - [TEST_STEP][PASSED] - delay(10): Delayed 10 second(s)

2023-10-06 10:07:39 - [MESSAGE][PASSED] - Delayed 10 second(s)

2023-10-06 10:07:39 - [TEST_STEP][PASSED] - click(findTestObject("Login Admin/Botton Sign In")): Object: 'Object Repository/Login Admin/Botton Sign In' is clicked on

2023-10-06 10:07:41 - [MESSAGE][PASSED] - Object: 'Object Repository/Login Admin/Botton Sign In' is clicked on

2023-10-06 10:07:41 - [TEST_STEP][PASSED] - verifyElementPresent(findTestObject("Login Admin/Verifikasi Halaman Login Admin"), 0): Object 'Object Repository/Login Admin/Verifikasi Halaman Login Admin' is present

2023-10-06 10:07:41 - [MESSAGE][WARNING] - Timeout '0' is invalid. Using default page load timeout: '30'

2023-10-06 10:07:41 - [MESSAGE][PASSED] - Object 'Object Repository/Login Admin/Verifikasi Halaman Login Admin' is present

2023-10-06 10:07:41 - [MESSAGE][PASSED] - Call Test Case 'Test Cases/Login Admin/TC-Login Admin-001' successfully

2023-10-06 10:07:41 - [TEST_STEP][PASSED] - click(findTestObject("Product Admin/Master Market")): Object: 'Object Repository/Product Admin/Master Market' is clicked on

2023-10-06 10:07:42 - [MESSAGE][PASSED] - Object: 'Object Repository/Product Admin/Master Market' is clicked on

2023-10-06 10:07:42 - [TEST_STEP][PASSED] - click(findTestObject("Product Admin/Produk Admin")): Object: 'Object Repository/Product Admin/Produk Admin' is clicked on

2023-10-06 10:07:43 - [MESSAGE][PASSED] - Object: 'Object Repository/Product Admin/Produk Admin' is clicked on

2023-10-06 10:07:43 - [TEST_STEP][PASSED] - verifyElementPresent(findTestObject("Product Admin/Veridikasi Halaman Semua Produk"), 0): Object 'Object Repository/Product Admin/Veridikasi Halaman Semua Produk' is present

2023-10-06 10:07:43 - [MESSAGE][WARNING] - Timeout '0' is invalid. Using default page load timeout: '30'

2023-10-06 10:07:43 - [MESSAGE][PASSED] - Object 'Object Repository/Product Admin/Veridikasi Halaman Semua Produk' is present

2023-10-06 10:07:43 - [MESSAGE][PASSED] - Call Test Case 'Test Cases/Product Admin/TC-PA-001' successfully

2023-10-06 10:07:43 - [TEST_STEP][PASSED] - setText(findTestObject("Product Admin/Input Search Product"), "GamisGreen"): Text 'GamisGreen' is set on object 'Object Repository/Product Admin/Input Search Product'

2023-10-06 10:07:44 - [MESSAGE][PASSED] - Text 'GamisGreen' is set on object 'Object Repository/Product Admin/Input Search Product'

2023-10-06 10:07:44 - [TEST_STEP][PASSED] - verifyTextPresent("No matching records found", false): Text 'No matching records found' is present on page 

2023-10-06 10:07:44 - [MESSAGE][PASSED] - Text 'No matching records found' is present on page]]></system-out>
         <system-err><![CDATA[]]></system-err>
      </testcase>
      <testcase name="Test Cases/Product Admin/TC-PA-033" time="23.272" classname="Test Cases/Product Admin/TC-PA-033" status="PASSED">
         <system-out><![CDATA[2023-10-06 10:07:44 - [TEST_CASE][PASSED] - Test Cases/Product Admin/TC-PA-033: Test Cases/Product Admin/TC-PA-033

2023-10-06 10:07:45 - [TEST_STEP][PASSED] - callTestCase(findTestCase("Product Admin/TC-PA-001"), [:], STOP_ON_FAILURE): Call Test Case 'Test Cases/Product Admin/TC-PA-001' successfully

2023-10-06 10:07:45 - [TEST_CASE][PASSED] - Test Cases/Product Admin/TC-PA-001: Test Cases/Product Admin/TC-PA-001

2023-10-06 10:07:45 - [TEST_STEP][PASSED] - callTestCase(findTestCase("Login Admin/TC-Login Admin-001"), [:], STOP_ON_FAILURE): Call Test Case 'Test Cases/Login Admin/TC-Login Admin-001' successfully

2023-10-06 10:07:45 - [TEST_CASE][PASSED] - Test Cases/Login Admin/TC-Login Admin-001: Test Cases/Login Admin/TC-Login Admin-001

2023-10-06 10:07:45 - [TEST_STEP][PASSED] - openBrowser(adminTajalapak): Browser is opened with url: 'https://10.9.2.63/ecommerce/administrator'

2023-10-06 10:07:45 - [MESSAGE][WARNING] - A browser is already opened. Closing browser and opening a new one

2023-10-06 10:07:46 - [MESSAGE][INFO] - Starting 'Edge Chromium' driver

2023-10-06 10:07:46 - [MESSAGE][INFO] - User set preference: ['acceptInsecureCerts', 'true']

2023-10-06 10:07:48 - [MESSAGE][INFO] - Action delay is set to 0 milliseconds

2023-10-06 10:07:50 - [MESSAGE][PASSED] - Browser is opened with url: 'https://10.9.2.63/ecommerce/administrator'

2023-10-06 10:07:50 - [TEST_STEP][PASSED] - maximizeWindow(): Current window maximized

2023-10-06 10:07:50 - [MESSAGE][PASSED] - Current window maximized

2023-10-06 10:07:50 - [TEST_STEP][PASSED] - verifyElementPresent(findTestObject("Login Admin/Verifikasi Halaman Administrator"), 0): Object 'Object Repository/Login Admin/Verifikasi Halaman Administrator' is present

2023-10-06 10:07:50 - [MESSAGE][WARNING] - Timeout '0' is invalid. Using default page load timeout: '30'

2023-10-06 10:07:51 - [MESSAGE][PASSED] - Object 'Object Repository/Login Admin/Verifikasi Halaman Administrator' is present

2023-10-06 10:07:51 - [TEST_STEP][PASSED] - setText(findTestObject("Login Admin/Input Username Admin"), "admin"): Text 'admin' is set on object 'Object Repository/Login Admin/Input Username Admin'

2023-10-06 10:07:51 - [MESSAGE][PASSED] - Text 'admin' is set on object 'Object Repository/Login Admin/Input Username Admin'

2023-10-06 10:07:51 - [TEST_STEP][PASSED] - setEncryptedText(findTestObject("Login Admin/Input Password Admin"), "374mkdZ/lqyNS21oH+MJZQ=="): Text ****** has been set on object 'Object Repository/Login Admin/Input Password Admin'

2023-10-06 10:07:52 - [MESSAGE][PASSED] - Text ****** has been set on object 'Object Repository/Login Admin/Input Password Admin'

2023-10-06 10:07:52 - [TEST_STEP][PASSED] - delay(10): Delayed 10 second(s)

2023-10-06 10:08:02 - [MESSAGE][PASSED] - Delayed 10 second(s)

2023-10-06 10:08:02 - [TEST_STEP][PASSED] - click(findTestObject("Login Admin/Botton Sign In")): Object: 'Object Repository/Login Admin/Botton Sign In' is clicked on

2023-10-06 10:08:04 - [MESSAGE][PASSED] - Object: 'Object Repository/Login Admin/Botton Sign In' is clicked on

2023-10-06 10:08:04 - [TEST_STEP][PASSED] - verifyElementPresent(findTestObject("Login Admin/Verifikasi Halaman Login Admin"), 0): Object 'Object Repository/Login Admin/Verifikasi Halaman Login Admin' is present

2023-10-06 10:08:04 - [MESSAGE][WARNING] - Timeout '0' is invalid. Using default page load timeout: '30'

2023-10-06 10:08:04 - [MESSAGE][PASSED] - Object 'Object Repository/Login Admin/Verifikasi Halaman Login Admin' is present

2023-10-06 10:08:04 - [MESSAGE][PASSED] - Call Test Case 'Test Cases/Login Admin/TC-Login Admin-001' successfully

2023-10-06 10:08:04 - [TEST_STEP][PASSED] - click(findTestObject("Product Admin/Master Market")): Object: 'Object Repository/Product Admin/Master Market' is clicked on

2023-10-06 10:08:05 - [MESSAGE][PASSED] - Object: 'Object Repository/Product Admin/Master Market' is clicked on

2023-10-06 10:08:05 - [TEST_STEP][PASSED] - click(findTestObject("Product Admin/Produk Admin")): Object: 'Object Repository/Product Admin/Produk Admin' is clicked on

2023-10-06 10:08:06 - [MESSAGE][PASSED] - Object: 'Object Repository/Product Admin/Produk Admin' is clicked on

2023-10-06 10:08:06 - [TEST_STEP][PASSED] - verifyElementPresent(findTestObject("Product Admin/Veridikasi Halaman Semua Produk"), 0): Object 'Object Repository/Product Admin/Veridikasi Halaman Semua Produk' is present

2023-10-06 10:08:06 - [MESSAGE][WARNING] - Timeout '0' is invalid. Using default page load timeout: '30'

2023-10-06 10:08:06 - [MESSAGE][PASSED] - Object 'Object Repository/Product Admin/Veridikasi Halaman Semua Produk' is present

2023-10-06 10:08:06 - [MESSAGE][PASSED] - Call Test Case 'Test Cases/Product Admin/TC-PA-001' successfully

2023-10-06 10:08:06 - [TEST_STEP][PASSED] - setText(findTestObject("Product Admin/Input Search Product"), cariKata): Text 'GaMiS GrEeN' is set on object 'Object Repository/Product Admin/Input Search Product'

2023-10-06 10:08:07 - [MESSAGE][PASSED] - Text 'GaMiS GrEeN' is set on object 'Object Repository/Product Admin/Input Search Product'

2023-10-06 10:08:07 - [TEST_STEP][PASSED] - dataList = findWebElements(findTestObject("Object Repository/Product Admin/Data Semua Product"), 10): null

2023-10-06 10:08:08 - [TEST_STEP][PASSED] - for ([i = 0, i < dataList.size(), i += 7]): null

2023-10-06 10:08:08 - [TEST_STEP][PASSED] - cekSearch = false: null

2023-10-06 10:08:08 - [TEST_STEP][PASSED] - nomor = get(i).getText(): null

2023-10-06 10:08:08 - [TEST_STEP][PASSED] - namaProduct = get(i + 1).getText(): null

2023-10-06 10:08:08 - [TEST_STEP][PASSED] - modal = get(i + 2).getText(): null

2023-10-06 10:08:08 - [TEST_STEP][PASSED] - reseller = get(i + 3).getText(): null

2023-10-06 10:08:08 - [TEST_STEP][PASSED] - konsumen = get(i + 4).getText(): null

2023-10-06 10:08:08 - [TEST_STEP][PASSED] - stok = get(i + 5).getText(): null

2023-10-06 10:08:08 - [TEST_STEP][PASSED] - satuan = get(i + 6).getText(): null

2023-10-06 10:08:08 - [TEST_STEP][PASSED] - berat = get(i + 7).getText(): null

2023-10-06 10:08:08 - [TEST_STEP][PASSED] - status = get(i + 8).getText(): null

2023-10-06 10:08:08 - [TEST_STEP][PASSED] - if (toLowerCase().contains(cariKata.toLowerCase())): null

2023-10-06 10:08:08 - [TEST_STEP][PASSED] - if (toLowerCase().contains(cariKata.toLowerCase())): null

2023-10-06 10:08:08 - [TEST_STEP][PASSED] - cekSearch = true: null

2023-10-06 10:08:08 - [TEST_STEP][PASSED] - break: null]]></system-out>
         <system-err><![CDATA[]]></system-err>
      </testcase>
      <testcase name="Test Cases/Product Admin/TC-PA-034" time="22.522" classname="Test Cases/Product Admin/TC-PA-034" status="FAILED">
         <failure type="FAILED" message="Test Cases/Product Admin/TC-PA-034 FAILED.
Reason:
Assertion failed: 

assert verifikasi == &quot;&quot;
       |          |
       |          false
       No matching records found

	at TC-PA-034.run(TC-PA-034:27)
	at com.kms.katalon.core.main.ScriptEngine.run(ScriptEngine.java:194)
	at com.kms.katalon.core.main.ScriptEngine.runScriptAsRawText(ScriptEngine.java:119)
	at com.kms.katalon.core.main.TestCaseExecutor.runScript(TestCaseExecutor.java:448)
	at com.kms.katalon.core.main.TestCaseExecutor.doExecute(TestCaseExecutor.java:439)
	at com.kms.katalon.core.main.TestCaseExecutor.processExecutionPhase(TestCaseExecutor.java:418)
	at com.kms.katalon.core.main.TestCaseExecutor.accessMainPhase(TestCaseExecutor.java:410)
	at com.kms.katalon.core.main.TestCaseExecutor.execute(TestCaseExecutor.java:285)
	at com.kms.katalon.core.common.CommonExecutor.accessTestCaseMainPhase(CommonExecutor.java:65)
	at com.kms.katalon.core.main.TestSuiteExecutor.accessTestSuiteMainPhase(TestSuiteExecutor.java:148)
	at com.kms.katalon.core.main.TestSuiteExecutor.execute(TestSuiteExecutor.java:106)
	at com.kms.katalon.core.main.TestCaseMain.startTestSuite(TestCaseMain.java:187)
	at com.kms.katalon.core.main.TestCaseMain$startTestSuite$0.call(Unknown Source)
	at TempTestSuite1696560832015.run(TempTestSuite1696560832015.groovy:36)
"/>
         <system-out><![CDATA[2023-10-06 10:08:08 - [TEST_CASE][FAILED] - Test Cases/Product Admin/TC-PA-034: Test Cases/Product Admin/TC-PA-034 FAILED.
Reason:
Assertion failed: 

assert verifikasi == ""
       |          |
       |          false
       No matching records found

	at TC-PA-034.run(TC-PA-034:27)
	at com.kms.katalon.core.main.ScriptEngine.run(ScriptEngine.java:194)
	at com.kms.katalon.core.main.ScriptEngine.runScriptAsRawText(ScriptEngine.java:119)
	at com.kms.katalon.core.main.TestCaseExecutor.runScript(TestCaseExecutor.java:448)
	at com.kms.katalon.core.main.TestCaseExecutor.doExecute(TestCaseExecutor.java:439)
	at com.kms.katalon.core.main.TestCaseExecutor.processExecutionPhase(TestCaseExecutor.java:418)
	at com.kms.katalon.core.main.TestCaseExecutor.accessMainPhase(TestCaseExecutor.java:410)
	at com.kms.katalon.core.main.TestCaseExecutor.execute(TestCaseExecutor.java:285)
	at com.kms.katalon.core.common.CommonExecutor.accessTestCaseMainPhase(CommonExecutor.java:65)
	at com.kms.katalon.core.main.TestSuiteExecutor.accessTestSuiteMainPhase(TestSuiteExecutor.java:148)
	at com.kms.katalon.core.main.TestSuiteExecutor.execute(TestSuiteExecutor.java:106)
	at com.kms.katalon.core.main.TestCaseMain.startTestSuite(TestCaseMain.java:187)
	at com.kms.katalon.core.main.TestCaseMain$startTestSuite$0.call(Unknown Source)
	at TempTestSuite1696560832015.run(TempTestSuite1696560832015.groovy:36)


2023-10-06 10:08:08 - [TEST_STEP][PASSED] - callTestCase(findTestCase("Product Admin/TC-PA-001"), [:], STOP_ON_FAILURE): Call Test Case 'Test Cases/Product Admin/TC-PA-001' successfully

2023-10-06 10:08:08 - [TEST_CASE][PASSED] - Test Cases/Product Admin/TC-PA-001: Test Cases/Product Admin/TC-PA-001

2023-10-06 10:08:08 - [TEST_STEP][PASSED] - callTestCase(findTestCase("Login Admin/TC-Login Admin-001"), [:], STOP_ON_FAILURE): Call Test Case 'Test Cases/Login Admin/TC-Login Admin-001' successfully

2023-10-06 10:08:08 - [TEST_CASE][PASSED] - Test Cases/Login Admin/TC-Login Admin-001: Test Cases/Login Admin/TC-Login Admin-001

2023-10-06 10:08:08 - [TEST_STEP][PASSED] - openBrowser(adminTajalapak): Browser is opened with url: 'https://10.9.2.63/ecommerce/administrator'

2023-10-06 10:08:08 - [MESSAGE][WARNING] - A browser is already opened. Closing browser and opening a new one

2023-10-06 10:08:09 - [MESSAGE][INFO] - Starting 'Edge Chromium' driver

2023-10-06 10:08:09 - [MESSAGE][INFO] - User set preference: ['acceptInsecureCerts', 'true']

2023-10-06 10:08:11 - [MESSAGE][INFO] - Action delay is set to 0 milliseconds

2023-10-06 10:08:13 - [MESSAGE][PASSED] - Browser is opened with url: 'https://10.9.2.63/ecommerce/administrator'

2023-10-06 10:08:13 - [TEST_STEP][PASSED] - maximizeWindow(): Current window maximized

2023-10-06 10:08:14 - [MESSAGE][PASSED] - Current window maximized

2023-10-06 10:08:14 - [TEST_STEP][PASSED] - verifyElementPresent(findTestObject("Login Admin/Verifikasi Halaman Administrator"), 0): Object 'Object Repository/Login Admin/Verifikasi Halaman Administrator' is present

2023-10-06 10:08:14 - [MESSAGE][WARNING] - Timeout '0' is invalid. Using default page load timeout: '30'

2023-10-06 10:08:14 - [MESSAGE][PASSED] - Object 'Object Repository/Login Admin/Verifikasi Halaman Administrator' is present

2023-10-06 10:08:14 - [TEST_STEP][PASSED] - setText(findTestObject("Login Admin/Input Username Admin"), "admin"): Text 'admin' is set on object 'Object Repository/Login Admin/Input Username Admin'

2023-10-06 10:08:15 - [MESSAGE][PASSED] - Text 'admin' is set on object 'Object Repository/Login Admin/Input Username Admin'

2023-10-06 10:08:15 - [TEST_STEP][PASSED] - setEncryptedText(findTestObject("Login Admin/Input Password Admin"), "374mkdZ/lqyNS21oH+MJZQ=="): Text ****** has been set on object 'Object Repository/Login Admin/Input Password Admin'

2023-10-06 10:08:15 - [MESSAGE][PASSED] - Text ****** has been set on object 'Object Repository/Login Admin/Input Password Admin'

2023-10-06 10:08:15 - [TEST_STEP][PASSED] - delay(10): Delayed 10 second(s)

2023-10-06 10:08:25 - [MESSAGE][PASSED] - Delayed 10 second(s)

2023-10-06 10:08:25 - [TEST_STEP][PASSED] - click(findTestObject("Login Admin/Botton Sign In")): Object: 'Object Repository/Login Admin/Botton Sign In' is clicked on

2023-10-06 10:08:27 - [MESSAGE][PASSED] - Object: 'Object Repository/Login Admin/Botton Sign In' is clicked on

2023-10-06 10:08:27 - [TEST_STEP][PASSED] - verifyElementPresent(findTestObject("Login Admin/Verifikasi Halaman Login Admin"), 0): Object 'Object Repository/Login Admin/Verifikasi Halaman Login Admin' is present

2023-10-06 10:08:27 - [MESSAGE][WARNING] - Timeout '0' is invalid. Using default page load timeout: '30'

2023-10-06 10:08:27 - [MESSAGE][PASSED] - Object 'Object Repository/Login Admin/Verifikasi Halaman Login Admin' is present

2023-10-06 10:08:27 - [MESSAGE][PASSED] - Call Test Case 'Test Cases/Login Admin/TC-Login Admin-001' successfully

2023-10-06 10:08:27 - [TEST_STEP][PASSED] - click(findTestObject("Product Admin/Master Market")): Object: 'Object Repository/Product Admin/Master Market' is clicked on

2023-10-06 10:08:27 - [MESSAGE][PASSED] - Object: 'Object Repository/Product Admin/Master Market' is clicked on

2023-10-06 10:08:27 - [TEST_STEP][PASSED] - click(findTestObject("Product Admin/Produk Admin")): Object: 'Object Repository/Product Admin/Produk Admin' is clicked on

2023-10-06 10:08:29 - [MESSAGE][PASSED] - Object: 'Object Repository/Product Admin/Produk Admin' is clicked on

2023-10-06 10:08:29 - [TEST_STEP][PASSED] - verifyElementPresent(findTestObject("Product Admin/Veridikasi Halaman Semua Produk"), 0): Object 'Object Repository/Product Admin/Veridikasi Halaman Semua Produk' is present

2023-10-06 10:08:29 - [MESSAGE][WARNING] - Timeout '0' is invalid. Using default page load timeout: '30'

2023-10-06 10:08:29 - [MESSAGE][PASSED] - Object 'Object Repository/Product Admin/Veridikasi Halaman Semua Produk' is present

2023-10-06 10:08:29 - [MESSAGE][PASSED] - Call Test Case 'Test Cases/Product Admin/TC-PA-001' successfully

2023-10-06 10:08:29 - [TEST_STEP][PASSED] - setText(findTestObject("Product Admin/Input Search Product"), cariKata): Text 'Laptop Dell' is set on object 'Object Repository/Product Admin/Input Search Product'

2023-10-06 10:08:30 - [MESSAGE][PASSED] - Text 'Laptop Dell' is set on object 'Object Repository/Product Admin/Input Search Product'

2023-10-06 10:08:30 - [TEST_STEP][PASSED] - verifikasi = getText(findTestObject("Object Repository/Product Admin/Verifikasi Product Tidak Ditemukan")): Text of object 'Object Repository/Product Admin/Verifikasi Product Tidak Ditemukan' is: 'No matching records found'

2023-10-06 10:08:30 - [MESSAGE][PASSED] - Text of object 'Object Repository/Product Admin/Verifikasi Product Tidak Ditemukan' is: 'No matching records found'

2023-10-06 10:08:30 - [TEST_STEP][FAILED] - assert verifikasi == "": Test Cases/Product Admin/TC-PA-034 FAILED.
Reason:
Assertion failed: 

assert verifikasi == ""
       |          |
       |          false
       No matching records found

	at TC-PA-034.run(TC-PA-034:27)
	at com.kms.katalon.core.main.ScriptEngine.run(ScriptEngine.java:194)
	at com.kms.katalon.core.main.ScriptEngine.runScriptAsRawText(ScriptEngine.java:119)
	at com.kms.katalon.core.main.TestCaseExecutor.runScript(TestCaseExecutor.java:448)
	at com.kms.katalon.core.main.TestCaseExecutor.doExecute(TestCaseExecutor.java:439)
	at com.kms.katalon.core.main.TestCaseExecutor.processExecutionPhase(TestCaseExecutor.java:418)
	at com.kms.katalon.core.main.TestCaseExecutor.accessMainPhase(TestCaseExecutor.java:410)
	at com.kms.katalon.core.main.TestCaseExecutor.execute(TestCaseExecutor.java:285)
	at com.kms.katalon.core.common.CommonExecutor.accessTestCaseMainPhase(CommonExecutor.java:65)
	at com.kms.katalon.core.main.TestSuiteExecutor.accessTestSuiteMainPhase(TestSuiteExecutor.java:148)
	at com.kms.katalon.core.main.TestSuiteExecutor.execute(TestSuiteExecutor.java:106)
	at com.kms.katalon.core.main.TestCaseMain.startTestSuite(TestCaseMain.java:187)
	at com.kms.katalon.core.main.TestCaseMain$startTestSuite$0.call(Unknown Source)
	at TempTestSuite1696560832015.run(TempTestSuite1696560832015.groovy:36)


2023-10-06 10:08:30 - [MESSAGE][FAILED] - Test Cases/Product Admin/TC-PA-034 FAILED.
Reason:
Assertion failed: 

assert verifikasi == ""
       |          |
       |          false
       No matching records found

	at TC-PA-034.run(TC-PA-034:27)
	at com.kms.katalon.core.main.ScriptEngine.run(ScriptEngine.java:194)
	at com.kms.katalon.core.main.ScriptEngine.runScriptAsRawText(ScriptEngine.java:119)
	at com.kms.katalon.core.main.TestCaseExecutor.runScript(TestCaseExecutor.java:448)
	at com.kms.katalon.core.main.TestCaseExecutor.doExecute(TestCaseExecutor.java:439)
	at com.kms.katalon.core.main.TestCaseExecutor.processExecutionPhase(TestCaseExecutor.java:418)
	at com.kms.katalon.core.main.TestCaseExecutor.accessMainPhase(TestCaseExecutor.java:410)
	at com.kms.katalon.core.main.TestCaseExecutor.execute(TestCaseExecutor.java:285)
	at com.kms.katalon.core.common.CommonExecutor.accessTestCaseMainPhase(CommonExecutor.java:65)
	at com.kms.katalon.core.main.TestSuiteExecutor.accessTestSuiteMainPhase(TestSuiteExecutor.java:148)
	at com.kms.katalon.core.main.TestSuiteExecutor.execute(TestSuiteExecutor.java:106)
	at com.kms.katalon.core.main.TestCaseMain.startTestSuite(TestCaseMain.java:187)
	at com.kms.katalon.core.main.TestCaseMain$startTestSuite$0.call(Unknown Source)
	at TempTestSuite1696560832015.run(TempTestSuite1696560832015.groovy:36)]]></system-out>
         <system-err><![CDATA[2023-10-06 10:08:08 - [TEST_CASE][FAILED] - Test Cases/Product Admin/TC-PA-034: Test Cases/Product Admin/TC-PA-034 FAILED.
Reason:
Assertion failed: 

assert verifikasi == ""
       |          |
       |          false
       No matching records found

	at TC-PA-034.run(TC-PA-034:27)
	at com.kms.katalon.core.main.ScriptEngine.run(ScriptEngine.java:194)
	at com.kms.katalon.core.main.ScriptEngine.runScriptAsRawText(ScriptEngine.java:119)
	at com.kms.katalon.core.main.TestCaseExecutor.runScript(TestCaseExecutor.java:448)
	at com.kms.katalon.core.main.TestCaseExecutor.doExecute(TestCaseExecutor.java:439)
	at com.kms.katalon.core.main.TestCaseExecutor.processExecutionPhase(TestCaseExecutor.java:418)
	at com.kms.katalon.core.main.TestCaseExecutor.accessMainPhase(TestCaseExecutor.java:410)
	at com.kms.katalon.core.main.TestCaseExecutor.execute(TestCaseExecutor.java:285)
	at com.kms.katalon.core.common.CommonExecutor.accessTestCaseMainPhase(CommonExecutor.java:65)
	at com.kms.katalon.core.main.TestSuiteExecutor.accessTestSuiteMainPhase(TestSuiteExecutor.java:148)
	at com.kms.katalon.core.main.TestSuiteExecutor.execute(TestSuiteExecutor.java:106)
	at com.kms.katalon.core.main.TestCaseMain.startTestSuite(TestCaseMain.java:187)
	at com.kms.katalon.core.main.TestCaseMain$startTestSuite$0.call(Unknown Source)
	at TempTestSuite1696560832015.run(TempTestSuite1696560832015.groovy:36)]]></system-err>
      </testcase>
      <testcase name="Test Cases/Product Admin/TC-PA-035" time="61.98" classname="Test Cases/Product Admin/TC-PA-035" status="FAILED">
         <failure type="FAILED" message="Test Cases/Product Admin/TC-PA-035 FAILED.
Reason:
com.kms.katalon.core.exception.StepFailedException: Unable to verify object 'Object Repository/Product Admin/TambahProduk/Keterangan/img via Link' is present
	at com.kms.katalon.core.webui.keyword.internal.WebUIKeywordMain.stepFailed(WebUIKeywordMain.groovy:64)
	at com.kms.katalon.core.webui.keyword.internal.WebUIKeywordMain.runKeyword(WebUIKeywordMain.groovy:26)
	at com.kms.katalon.core.webui.keyword.builtin.VerifyElementPresentKeyword.verifyElementPresent(VerifyElementPresentKeyword.groovy:92)
	at com.kms.katalon.core.webui.keyword.builtin.VerifyElementPresentKeyword.execute(VerifyElementPresentKeyword.groovy:68)
	at com.kms.katalon.core.keyword.internal.KeywordExecutor.executeKeywordForPlatform(KeywordExecutor.groovy:74)
	at com.kms.katalon.core.webui.keyword.WebUiBuiltInKeywords.verifyElementPresent(WebUiBuiltInKeywords.groovy:1464)
	at com.kms.katalon.core.webui.keyword.WebUiBuiltInKeywords$verifyElementPresent$1.call(Unknown Source)
	at TC-PA-035.run(TC-PA-035:35)
	at com.kms.katalon.core.main.ScriptEngine.run(ScriptEngine.java:194)
	at com.kms.katalon.core.main.ScriptEngine.runScriptAsRawText(ScriptEngine.java:119)
	at com.kms.katalon.core.main.TestCaseExecutor.runScript(TestCaseExecutor.java:448)
	at com.kms.katalon.core.main.TestCaseExecutor.doExecute(TestCaseExecutor.java:439)
	at com.kms.katalon.core.main.TestCaseExecutor.processExecutionPhase(TestCaseExecutor.java:418)
	at com.kms.katalon.core.main.TestCaseExecutor.accessMainPhase(TestCaseExecutor.java:410)
	at com.kms.katalon.core.main.TestCaseExecutor.execute(TestCaseExecutor.java:285)
	at com.kms.katalon.core.common.CommonExecutor.accessTestCaseMainPhase(CommonExecutor.java:65)
	at com.kms.katalon.core.main.TestSuiteExecutor.accessTestSuiteMainPhase(TestSuiteExecutor.java:148)
	at com.kms.katalon.core.main.TestSuiteExecutor.execute(TestSuiteExecutor.java:106)
	at com.kms.katalon.core.main.TestCaseMain.startTestSuite(TestCaseMain.java:187)
	at com.kms.katalon.core.main.TestCaseMain$startTestSuite$0.call(Unknown Source)
	at TempTestSuite1696560832015.run(TempTestSuite1696560832015.groovy:36)
Caused by: com.kms.katalon.core.exception.StepFailedException: com.kms.katalon.core.webui.exception.WebElementNotFoundException: Web element with id: 'Object Repository/Product Admin/TambahProduk/Keterangan/img via Link' located by '//img[contains(@src,'https://png.pngtree.com/png-clipart/20211228/ourlarge/pngtree-panci-ompreng-png-image_4137919.png')]' not found
	at com.kms.katalon.core.webui.keyword.internal.WebUIKeywordMain.stepFailed(WebUIKeywordMain.groovy:64)
	at com.kms.katalon.core.webui.keyword.builtin.VerifyElementPresentKeyword$_verifyElementPresent_closure1.doCall(VerifyElementPresentKeyword.groovy:85)
	at com.kms.katalon.core.webui.keyword.builtin.VerifyElementPresentKeyword$_verifyElementPresent_closure1.call(VerifyElementPresentKeyword.groovy)
	at com.kms.katalon.core.webui.keyword.internal.WebUIKeywordMain.runKeyword(WebUIKeywordMain.groovy:20)
	... 19 more
"/>
         <system-out><![CDATA[2023-10-06 10:08:30 - [TEST_CASE][FAILED] - Test Cases/Product Admin/TC-PA-035: Test Cases/Product Admin/TC-PA-035 FAILED.
Reason:
com.kms.katalon.core.exception.StepFailedException: Unable to verify object 'Object Repository/Product Admin/TambahProduk/Keterangan/img via Link' is present
	at com.kms.katalon.core.webui.keyword.internal.WebUIKeywordMain.stepFailed(WebUIKeywordMain.groovy:64)
	at com.kms.katalon.core.webui.keyword.internal.WebUIKeywordMain.runKeyword(WebUIKeywordMain.groovy:26)
	at com.kms.katalon.core.webui.keyword.builtin.VerifyElementPresentKeyword.verifyElementPresent(VerifyElementPresentKeyword.groovy:92)
	at com.kms.katalon.core.webui.keyword.builtin.VerifyElementPresentKeyword.execute(VerifyElementPresentKeyword.groovy:68)
	at com.kms.katalon.core.keyword.internal.KeywordExecutor.executeKeywordForPlatform(KeywordExecutor.groovy:74)
	at com.kms.katalon.core.webui.keyword.WebUiBuiltInKeywords.verifyElementPresent(WebUiBuiltInKeywords.groovy:1464)
	at com.kms.katalon.core.webui.keyword.WebUiBuiltInKeywords$verifyElementPresent$1.call(Unknown Source)
	at TC-PA-035.run(TC-PA-035:35)
	at com.kms.katalon.core.main.ScriptEngine.run(ScriptEngine.java:194)
	at com.kms.katalon.core.main.ScriptEngine.runScriptAsRawText(ScriptEngine.java:119)
	at com.kms.katalon.core.main.TestCaseExecutor.runScript(TestCaseExecutor.java:448)
	at com.kms.katalon.core.main.TestCaseExecutor.doExecute(TestCaseExecutor.java:439)
	at com.kms.katalon.core.main.TestCaseExecutor.processExecutionPhase(TestCaseExecutor.java:418)
	at com.kms.katalon.core.main.TestCaseExecutor.accessMainPhase(TestCaseExecutor.java:410)
	at com.kms.katalon.core.main.TestCaseExecutor.execute(TestCaseExecutor.java:285)
	at com.kms.katalon.core.common.CommonExecutor.accessTestCaseMainPhase(CommonExecutor.java:65)
	at com.kms.katalon.core.main.TestSuiteExecutor.accessTestSuiteMainPhase(TestSuiteExecutor.java:148)
	at com.kms.katalon.core.main.TestSuiteExecutor.execute(TestSuiteExecutor.java:106)
	at com.kms.katalon.core.main.TestCaseMain.startTestSuite(TestCaseMain.java:187)
	at com.kms.katalon.core.main.TestCaseMain$startTestSuite$0.call(Unknown Source)
	at TempTestSuite1696560832015.run(TempTestSuite1696560832015.groovy:36)
Caused by: com.kms.katalon.core.exception.StepFailedException: com.kms.katalon.core.webui.exception.WebElementNotFoundException: Web element with id: 'Object Repository/Product Admin/TambahProduk/Keterangan/img via Link' located by '//img[contains(@src,'https://png.pngtree.com/png-clipart/20211228/ourlarge/pngtree-panci-ompreng-png-image_4137919.png')]' not found
	at com.kms.katalon.core.webui.keyword.internal.WebUIKeywordMain.stepFailed(WebUIKeywordMain.groovy:64)
	at com.kms.katalon.core.webui.keyword.builtin.VerifyElementPresentKeyword$_verifyElementPresent_closure1.doCall(VerifyElementPresentKeyword.groovy:85)
	at com.kms.katalon.core.webui.keyword.builtin.VerifyElementPresentKeyword$_verifyElementPresent_closure1.call(VerifyElementPresentKeyword.groovy)
	at com.kms.katalon.core.webui.keyword.internal.WebUIKeywordMain.runKeyword(WebUIKeywordMain.groovy:20)
	... 19 more


2023-10-06 10:08:30 - [TEST_STEP][PASSED] - callTestCase(findTestCase("Product Admin/TC-PA-001"), [:], STOP_ON_FAILURE): Call Test Case 'Test Cases/Product Admin/TC-PA-001' successfully

2023-10-06 10:08:31 - [TEST_CASE][PASSED] - Test Cases/Product Admin/TC-PA-001: Test Cases/Product Admin/TC-PA-001

2023-10-06 10:08:31 - [TEST_STEP][PASSED] - callTestCase(findTestCase("Login Admin/TC-Login Admin-001"), [:], STOP_ON_FAILURE): Call Test Case 'Test Cases/Login Admin/TC-Login Admin-001' successfully

2023-10-06 10:08:31 - [TEST_CASE][PASSED] - Test Cases/Login Admin/TC-Login Admin-001: Test Cases/Login Admin/TC-Login Admin-001

2023-10-06 10:08:31 - [TEST_STEP][PASSED] - openBrowser(adminTajalapak): Browser is opened with url: 'https://10.9.2.63/ecommerce/administrator'

2023-10-06 10:08:31 - [MESSAGE][WARNING] - A browser is already opened. Closing browser and opening a new one

2023-10-06 10:08:31 - [MESSAGE][INFO] - Starting 'Edge Chromium' driver

2023-10-06 10:08:31 - [MESSAGE][INFO] - User set preference: ['acceptInsecureCerts', 'true']

2023-10-06 10:08:34 - [MESSAGE][INFO] - Action delay is set to 0 milliseconds

2023-10-06 10:08:36 - [MESSAGE][PASSED] - Browser is opened with url: 'https://10.9.2.63/ecommerce/administrator'

2023-10-06 10:08:36 - [TEST_STEP][PASSED] - maximizeWindow(): Current window maximized

2023-10-06 10:08:36 - [MESSAGE][PASSED] - Current window maximized

2023-10-06 10:08:36 - [TEST_STEP][PASSED] - verifyElementPresent(findTestObject("Login Admin/Verifikasi Halaman Administrator"), 0): Object 'Object Repository/Login Admin/Verifikasi Halaman Administrator' is present

2023-10-06 10:08:36 - [MESSAGE][WARNING] - Timeout '0' is invalid. Using default page load timeout: '30'

2023-10-06 10:08:36 - [MESSAGE][PASSED] - Object 'Object Repository/Login Admin/Verifikasi Halaman Administrator' is present

2023-10-06 10:08:36 - [TEST_STEP][PASSED] - setText(findTestObject("Login Admin/Input Username Admin"), "admin"): Text 'admin' is set on object 'Object Repository/Login Admin/Input Username Admin'

2023-10-06 10:08:37 - [MESSAGE][PASSED] - Text 'admin' is set on object 'Object Repository/Login Admin/Input Username Admin'

2023-10-06 10:08:37 - [TEST_STEP][PASSED] - setEncryptedText(findTestObject("Login Admin/Input Password Admin"), "374mkdZ/lqyNS21oH+MJZQ=="): Text ****** has been set on object 'Object Repository/Login Admin/Input Password Admin'

2023-10-06 10:08:38 - [MESSAGE][PASSED] - Text ****** has been set on object 'Object Repository/Login Admin/Input Password Admin'

2023-10-06 10:08:38 - [TEST_STEP][PASSED] - delay(10): Delayed 10 second(s)

2023-10-06 10:08:48 - [MESSAGE][PASSED] - Delayed 10 second(s)

2023-10-06 10:08:48 - [TEST_STEP][PASSED] - click(findTestObject("Login Admin/Botton Sign In")): Object: 'Object Repository/Login Admin/Botton Sign In' is clicked on

2023-10-06 10:08:49 - [MESSAGE][PASSED] - Object: 'Object Repository/Login Admin/Botton Sign In' is clicked on

2023-10-06 10:08:49 - [TEST_STEP][PASSED] - verifyElementPresent(findTestObject("Login Admin/Verifikasi Halaman Login Admin"), 0): Object 'Object Repository/Login Admin/Verifikasi Halaman Login Admin' is present

2023-10-06 10:08:49 - [MESSAGE][WARNING] - Timeout '0' is invalid. Using default page load timeout: '30'

2023-10-06 10:08:50 - [MESSAGE][PASSED] - Object 'Object Repository/Login Admin/Verifikasi Halaman Login Admin' is present

2023-10-06 10:08:50 - [MESSAGE][PASSED] - Call Test Case 'Test Cases/Login Admin/TC-Login Admin-001' successfully

2023-10-06 10:08:50 - [TEST_STEP][PASSED] - click(findTestObject("Product Admin/Master Market")): Object: 'Object Repository/Product Admin/Master Market' is clicked on

2023-10-06 10:08:50 - [MESSAGE][PASSED] - Object: 'Object Repository/Product Admin/Master Market' is clicked on

2023-10-06 10:08:50 - [TEST_STEP][PASSED] - click(findTestObject("Product Admin/Produk Admin")): Object: 'Object Repository/Product Admin/Produk Admin' is clicked on

2023-10-06 10:08:51 - [MESSAGE][PASSED] - Object: 'Object Repository/Product Admin/Produk Admin' is clicked on

2023-10-06 10:08:51 - [TEST_STEP][PASSED] - verifyElementPresent(findTestObject("Product Admin/Veridikasi Halaman Semua Produk"), 0): Object 'Object Repository/Product Admin/Veridikasi Halaman Semua Produk' is present

2023-10-06 10:08:51 - [MESSAGE][WARNING] - Timeout '0' is invalid. Using default page load timeout: '30'

2023-10-06 10:08:52 - [MESSAGE][PASSED] - Object 'Object Repository/Product Admin/Veridikasi Halaman Semua Produk' is present

2023-10-06 10:08:52 - [MESSAGE][PASSED] - Call Test Case 'Test Cases/Product Admin/TC-PA-001' successfully

2023-10-06 10:08:52 - [TEST_STEP][PASSED] - click(findTestObject("Product Admin/Button Edit Product Fleksibel")): Object: 'Object Repository/Product Admin/Button Edit Product Fleksibel' is clicked on

2023-10-06 10:08:53 - [MESSAGE][PASSED] - Object: 'Object Repository/Product Admin/Button Edit Product Fleksibel' is clicked on

2023-10-06 10:08:53 - [TEST_STEP][PASSED] - verifyElementPresent(findTestObject("Product Admin/TambahProduk/Verifikasi Halaman Product Baru"), 0): Object 'Object Repository/Product Admin/TambahProduk/Verifikasi Halaman Product Baru' is present

2023-10-06 10:08:53 - [MESSAGE][WARNING] - Timeout '0' is invalid. Using default page load timeout: '30'

2023-10-06 10:08:53 - [MESSAGE][PASSED] - Object 'Object Repository/Product Admin/TambahProduk/Verifikasi Halaman Product Baru' is present

2023-10-06 10:08:53 - [TEST_STEP][PASSED] - click(findTestObject("Product Admin/TambahProduk/Keterangan/Button Upload Gambar Keterangan")): Object: 'Object Repository/Product Admin/TambahProduk/Keterangan/Button Upload Gambar Keterangan' is clicked on

2023-10-06 10:08:53 - [MESSAGE][PASSED] - Object: 'Object Repository/Product Admin/TambahProduk/Keterangan/Button Upload Gambar Keterangan' is clicked on

2023-10-06 10:08:53 - [TEST_STEP][PASSED] - verifyElementPresent(findTestObject("Product Admin/TambahProduk/Keterangan/Verify Halaman Insert Image Keterangan"), 0): Object 'Object Repository/Product Admin/TambahProduk/Keterangan/Verify Halaman Insert Image Keterangan' is present

2023-10-06 10:08:53 - [MESSAGE][WARNING] - Timeout '0' is invalid. Using default page load timeout: '30'

2023-10-06 10:08:54 - [MESSAGE][PASSED] - Object 'Object Repository/Product Admin/TambahProduk/Keterangan/Verify Halaman Insert Image Keterangan' is present

2023-10-06 10:08:54 - [TEST_STEP][PASSED] - uploadFile(findTestObject("Product Admin/TambahProduk/Keterangan/Input File Gambar Keterangan"), "E:\Pelatihan\Xsis Academy\panci.jpg"): File 'E:\Pelatihan\Xsis Academy\panci.jpg' sent to object: 'Object Repository/Product Admin/TambahProduk/Keterangan/Input File Gambar Keterangan'

2023-10-06 10:08:56 - [MESSAGE][PASSED] - File 'E:\Pelatihan\Xsis Academy\panci.jpg' sent to object: 'Object Repository/Product Admin/TambahProduk/Keterangan/Input File Gambar Keterangan'

2023-10-06 10:08:56 - [TEST_STEP][PASSED] - delay(5): Delayed 5 second(s)

2023-10-06 10:09:01 - [MESSAGE][PASSED] - Delayed 5 second(s)

2023-10-06 10:09:01 - [TEST_STEP][FAILED] - verifyElementPresent(findTestObject("Product Admin/TambahProduk/Keterangan/img via Link"), 0): Unable to verify object 'Object Repository/Product Admin/TambahProduk/Keterangan/img via Link' is present (Root cause: com.kms.katalon.core.exception.StepFailedException: Unable to verify object 'Object Repository/Product Admin/TambahProduk/Keterangan/img via Link' is present
	at com.kms.katalon.core.webui.keyword.internal.WebUIKeywordMain.stepFailed(WebUIKeywordMain.groovy:64)
	at com.kms.katalon.core.webui.keyword.internal.WebUIKeywordMain.runKeyword(WebUIKeywordMain.groovy:26)
	at com.kms.katalon.core.webui.keyword.builtin.VerifyElementPresentKeyword.verifyElementPresent(VerifyElementPresentKeyword.groovy:92)
	at com.kms.katalon.core.webui.keyword.builtin.VerifyElementPresentKeyword.execute(VerifyElementPresentKeyword.groovy:68)
	at com.kms.katalon.core.keyword.internal.KeywordExecutor.executeKeywordForPlatform(KeywordExecutor.groovy:74)
	at com.kms.katalon.core.webui.keyword.WebUiBuiltInKeywords.verifyElementPresent(WebUiBuiltInKeywords.groovy:1464)
	at com.kms.katalon.core.webui.keyword.WebUiBuiltInKeywords$verifyElementPresent$1.call(Unknown Source)
	at TC-PA-035.run(TC-PA-035:35)
	at com.kms.katalon.core.main.ScriptEngine.run(ScriptEngine.java:194)
	at com.kms.katalon.core.main.ScriptEngine.runScriptAsRawText(ScriptEngine.java:119)
	at com.kms.katalon.core.main.TestCaseExecutor.runScript(TestCaseExecutor.java:448)
	at com.kms.katalon.core.main.TestCaseExecutor.doExecute(TestCaseExecutor.java:439)
	at com.kms.katalon.core.main.TestCaseExecutor.processExecutionPhase(TestCaseExecutor.java:418)
	at com.kms.katalon.core.main.TestCaseExecutor.accessMainPhase(TestCaseExecutor.java:410)
	at com.kms.katalon.core.main.TestCaseExecutor.execute(TestCaseExecutor.java:285)
	at com.kms.katalon.core.common.CommonExecutor.accessTestCaseMainPhase(CommonExecutor.java:65)
	at com.kms.katalon.core.main.TestSuiteExecutor.accessTestSuiteMainPhase(TestSuiteExecutor.java:148)
	at com.kms.katalon.core.main.TestSuiteExecutor.execute(TestSuiteExecutor.java:106)
	at com.kms.katalon.core.main.TestCaseMain.startTestSuite(TestCaseMain.java:187)
	at com.kms.katalon.core.main.TestCaseMain$startTestSuite$0.call(Unknown Source)
	at TempTestSuite1696560832015.run(TempTestSuite1696560832015.groovy:36)
Caused by: com.kms.katalon.core.exception.StepFailedException: com.kms.katalon.core.webui.exception.WebElementNotFoundException: Web element with id: 'Object Repository/Product Admin/TambahProduk/Keterangan/img via Link' located by '//img[contains(@src,'https://png.pngtree.com/png-clipart/20211228/ourlarge/pngtree-panci-ompreng-png-image_4137919.png')]' not found
	at com.kms.katalon.core.webui.keyword.internal.WebUIKeywordMain.stepFailed(WebUIKeywordMain.groovy:64)
	at com.kms.katalon.core.webui.keyword.builtin.VerifyElementPresentKeyword$_verifyElementPresent_closure1.doCall(VerifyElementPresentKeyword.groovy:85)
	at com.kms.katalon.core.webui.keyword.builtin.VerifyElementPresentKeyword$_verifyElementPresent_closure1.call(VerifyElementPresentKeyword.groovy)
	at com.kms.katalon.core.webui.keyword.internal.WebUIKeywordMain.runKeyword(WebUIKeywordMain.groovy:20)
	... 19 more
)

2023-10-06 10:09:01 - [MESSAGE][WARNING] - Timeout '0' is invalid. Using default page load timeout: '30'

2023-10-06 10:09:32 - [MESSAGE][INFO] - Unable to find the element located by 'By.xpath: //img[contains(@src,'https://png.pngtree.com/png-clipart/20211228/ourlarge/pngtree-panci-ompreng-png-image_4137919.png')]'. Please recheck the objects properties to make sure the desired element is located. 

2023-10-06 10:09:32 - [MESSAGE][FAILED] - com.kms.katalon.core.webui.exception.WebElementNotFoundException: Web element with id: 'Object Repository/Product Admin/TambahProduk/Keterangan/img via Link' located by '//img[contains(@src,'https://png.pngtree.com/png-clipart/20211228/ourlarge/pngtree-panci-ompreng-png-image_4137919.png')]' not found (Root cause: com.kms.katalon.core.exception.StepFailedException: com.kms.katalon.core.webui.exception.WebElementNotFoundException: Web element with id: 'Object Repository/Product Admin/TambahProduk/Keterangan/img via Link' located by '//img[contains(@src,'https://png.pngtree.com/png-clipart/20211228/ourlarge/pngtree-panci-ompreng-png-image_4137919.png')]' not found
	at com.kms.katalon.core.webui.keyword.internal.WebUIKeywordMain.stepFailed(WebUIKeywordMain.groovy:64)
	at com.kms.katalon.core.webui.keyword.builtin.VerifyElementPresentKeyword$_verifyElementPresent_closure1.doCall(VerifyElementPresentKeyword.groovy:85)
	at com.kms.katalon.core.webui.keyword.builtin.VerifyElementPresentKeyword$_verifyElementPresent_closure1.call(VerifyElementPresentKeyword.groovy)
	at com.kms.katalon.core.webui.keyword.internal.WebUIKeywordMain.runKeyword(WebUIKeywordMain.groovy:20)
	at com.kms.katalon.core.webui.keyword.builtin.VerifyElementPresentKeyword.verifyElementPresent(VerifyElementPresentKeyword.groovy:92)
	at com.kms.katalon.core.webui.keyword.builtin.VerifyElementPresentKeyword.execute(VerifyElementPresentKeyword.groovy:68)
	at com.kms.katalon.core.keyword.internal.KeywordExecutor.executeKeywordForPlatform(KeywordExecutor.groovy:74)
	at com.kms.katalon.core.webui.keyword.WebUiBuiltInKeywords.verifyElementPresent(WebUiBuiltInKeywords.groovy:1464)
	at com.kms.katalon.core.webui.keyword.WebUiBuiltInKeywords$verifyElementPresent$1.call(Unknown Source)
	at TC-PA-035.run(TC-PA-035:35)
	at com.kms.katalon.core.main.ScriptEngine.run(ScriptEngine.java:194)
	at com.kms.katalon.core.main.ScriptEngine.runScriptAsRawText(ScriptEngine.java:119)
	at com.kms.katalon.core.main.TestCaseExecutor.runScript(TestCaseExecutor.java:448)
	at com.kms.katalon.core.main.TestCaseExecutor.doExecute(TestCaseExecutor.java:439)
	at com.kms.katalon.core.main.TestCaseExecutor.processExecutionPhase(TestCaseExecutor.java:418)
	at com.kms.katalon.core.main.TestCaseExecutor.accessMainPhase(TestCaseExecutor.java:410)
	at com.kms.katalon.core.main.TestCaseExecutor.execute(TestCaseExecutor.java:285)
	at com.kms.katalon.core.common.CommonExecutor.accessTestCaseMainPhase(CommonExecutor.java:65)
	at com.kms.katalon.core.main.TestSuiteExecutor.accessTestSuiteMainPhase(TestSuiteExecutor.java:148)
	at com.kms.katalon.core.main.TestSuiteExecutor.execute(TestSuiteExecutor.java:106)
	at com.kms.katalon.core.main.TestCaseMain.startTestSuite(TestCaseMain.java:187)
	at com.kms.katalon.core.main.TestCaseMain$startTestSuite$0.call(Unknown Source)
	at TempTestSuite1696560832015.run(TempTestSuite1696560832015.groovy:36)
)
[[ATTACHMENT|G:\\Project Xsis\\batch-324-qa\\Riswan\\Sprint 2 Product Tajalapak\\Reports\\20231006_095352\\Product Admin\\20231006_095352\\1696561772487.png]]

2023-10-06 10:09:32 - [MESSAGE][FAILED] - Unable to verify object 'Object Repository/Product Admin/TambahProduk/Keterangan/img via Link' is present (Root cause: com.kms.katalon.core.exception.StepFailedException: Unable to verify object 'Object Repository/Product Admin/TambahProduk/Keterangan/img via Link' is present
	at com.kms.katalon.core.webui.keyword.internal.WebUIKeywordMain.stepFailed(WebUIKeywordMain.groovy:64)
	at com.kms.katalon.core.webui.keyword.internal.WebUIKeywordMain.runKeyword(WebUIKeywordMain.groovy:26)
	at com.kms.katalon.core.webui.keyword.builtin.VerifyElementPresentKeyword.verifyElementPresent(VerifyElementPresentKeyword.groovy:92)
	at com.kms.katalon.core.webui.keyword.builtin.VerifyElementPresentKeyword.execute(VerifyElementPresentKeyword.groovy:68)
	at com.kms.katalon.core.keyword.internal.KeywordExecutor.executeKeywordForPlatform(KeywordExecutor.groovy:74)
	at com.kms.katalon.core.webui.keyword.WebUiBuiltInKeywords.verifyElementPresent(WebUiBuiltInKeywords.groovy:1464)
	at com.kms.katalon.core.webui.keyword.WebUiBuiltInKeywords$verifyElementPresent$1.call(Unknown Source)
	at TC-PA-035.run(TC-PA-035:35)
	at com.kms.katalon.core.main.ScriptEngine.run(ScriptEngine.java:194)
	at com.kms.katalon.core.main.ScriptEngine.runScriptAsRawText(ScriptEngine.java:119)
	at com.kms.katalon.core.main.TestCaseExecutor.runScript(TestCaseExecutor.java:448)
	at com.kms.katalon.core.main.TestCaseExecutor.doExecute(TestCaseExecutor.java:439)
	at com.kms.katalon.core.main.TestCaseExecutor.processExecutionPhase(TestCaseExecutor.java:418)
	at com.kms.katalon.core.main.TestCaseExecutor.accessMainPhase(TestCaseExecutor.java:410)
	at com.kms.katalon.core.main.TestCaseExecutor.execute(TestCaseExecutor.java:285)
	at com.kms.katalon.core.common.CommonExecutor.accessTestCaseMainPhase(CommonExecutor.java:65)
	at com.kms.katalon.core.main.TestSuiteExecutor.accessTestSuiteMainPhase(TestSuiteExecutor.java:148)
	at com.kms.katalon.core.main.TestSuiteExecutor.execute(TestSuiteExecutor.java:106)
	at com.kms.katalon.core.main.TestCaseMain.startTestSuite(TestCaseMain.java:187)
	at com.kms.katalon.core.main.TestCaseMain$startTestSuite$0.call(Unknown Source)
	at TempTestSuite1696560832015.run(TempTestSuite1696560832015.groovy:36)
Caused by: com.kms.katalon.core.exception.StepFailedException: com.kms.katalon.core.webui.exception.WebElementNotFoundException: Web element with id: 'Object Repository/Product Admin/TambahProduk/Keterangan/img via Link' located by '//img[contains(@src,'https://png.pngtree.com/png-clipart/20211228/ourlarge/pngtree-panci-ompreng-png-image_4137919.png')]' not found
	at com.kms.katalon.core.webui.keyword.internal.WebUIKeywordMain.stepFailed(WebUIKeywordMain.groovy:64)
	at com.kms.katalon.core.webui.keyword.builtin.VerifyElementPresentKeyword$_verifyElementPresent_closure1.doCall(VerifyElementPresentKeyword.groovy:85)
	at com.kms.katalon.core.webui.keyword.builtin.VerifyElementPresentKeyword$_verifyElementPresent_closure1.call(VerifyElementPresentKeyword.groovy)
	at com.kms.katalon.core.webui.keyword.internal.WebUIKeywordMain.runKeyword(WebUIKeywordMain.groovy:20)
	... 19 more
)
[[ATTACHMENT|G:\\Project Xsis\\batch-324-qa\\Riswan\\Sprint 2 Product Tajalapak\\Reports\\20231006_095352\\Product Admin\\20231006_095352\\1696561772615.png]]]]></system-out>
         <system-err><![CDATA[2023-10-06 10:08:30 - [TEST_CASE][FAILED] - Test Cases/Product Admin/TC-PA-035: Test Cases/Product Admin/TC-PA-035 FAILED.
Reason:
com.kms.katalon.core.exception.StepFailedException: Unable to verify object 'Object Repository/Product Admin/TambahProduk/Keterangan/img via Link' is present
	at com.kms.katalon.core.webui.keyword.internal.WebUIKeywordMain.stepFailed(WebUIKeywordMain.groovy:64)
	at com.kms.katalon.core.webui.keyword.internal.WebUIKeywordMain.runKeyword(WebUIKeywordMain.groovy:26)
	at com.kms.katalon.core.webui.keyword.builtin.VerifyElementPresentKeyword.verifyElementPresent(VerifyElementPresentKeyword.groovy:92)
	at com.kms.katalon.core.webui.keyword.builtin.VerifyElementPresentKeyword.execute(VerifyElementPresentKeyword.groovy:68)
	at com.kms.katalon.core.keyword.internal.KeywordExecutor.executeKeywordForPlatform(KeywordExecutor.groovy:74)
	at com.kms.katalon.core.webui.keyword.WebUiBuiltInKeywords.verifyElementPresent(WebUiBuiltInKeywords.groovy:1464)
	at com.kms.katalon.core.webui.keyword.WebUiBuiltInKeywords$verifyElementPresent$1.call(Unknown Source)
	at TC-PA-035.run(TC-PA-035:35)
	at com.kms.katalon.core.main.ScriptEngine.run(ScriptEngine.java:194)
	at com.kms.katalon.core.main.ScriptEngine.runScriptAsRawText(ScriptEngine.java:119)
	at com.kms.katalon.core.main.TestCaseExecutor.runScript(TestCaseExecutor.java:448)
	at com.kms.katalon.core.main.TestCaseExecutor.doExecute(TestCaseExecutor.java:439)
	at com.kms.katalon.core.main.TestCaseExecutor.processExecutionPhase(TestCaseExecutor.java:418)
	at com.kms.katalon.core.main.TestCaseExecutor.accessMainPhase(TestCaseExecutor.java:410)
	at com.kms.katalon.core.main.TestCaseExecutor.execute(TestCaseExecutor.java:285)
	at com.kms.katalon.core.common.CommonExecutor.accessTestCaseMainPhase(CommonExecutor.java:65)
	at com.kms.katalon.core.main.TestSuiteExecutor.accessTestSuiteMainPhase(TestSuiteExecutor.java:148)
	at com.kms.katalon.core.main.TestSuiteExecutor.execute(TestSuiteExecutor.java:106)
	at com.kms.katalon.core.main.TestCaseMain.startTestSuite(TestCaseMain.java:187)
	at com.kms.katalon.core.main.TestCaseMain$startTestSuite$0.call(Unknown Source)
	at TempTestSuite1696560832015.run(TempTestSuite1696560832015.groovy:36)
Caused by: com.kms.katalon.core.exception.StepFailedException: com.kms.katalon.core.webui.exception.WebElementNotFoundException: Web element with id: 'Object Repository/Product Admin/TambahProduk/Keterangan/img via Link' located by '//img[contains(@src,'https://png.pngtree.com/png-clipart/20211228/ourlarge/pngtree-panci-ompreng-png-image_4137919.png')]' not found
	at com.kms.katalon.core.webui.keyword.internal.WebUIKeywordMain.stepFailed(WebUIKeywordMain.groovy:64)
	at com.kms.katalon.core.webui.keyword.builtin.VerifyElementPresentKeyword$_verifyElementPresent_closure1.doCall(VerifyElementPresentKeyword.groovy:85)
	at com.kms.katalon.core.webui.keyword.builtin.VerifyElementPresentKeyword$_verifyElementPresent_closure1.call(VerifyElementPresentKeyword.groovy)
	at com.kms.katalon.core.webui.keyword.internal.WebUIKeywordMain.runKeyword(WebUIKeywordMain.groovy:20)
	... 19 more]]></system-err>
      </testcase>
      <testcase name="Test Cases/Product Admin/TC-PA-036" time="25.605" classname="Test Cases/Product Admin/TC-PA-036" status="PASSED">
         <system-out><![CDATA[2023-10-06 10:09:32 - [TEST_CASE][PASSED] - Test Cases/Product Admin/TC-PA-036: Test Cases/Product Admin/TC-PA-036

2023-10-06 10:09:32 - [TEST_STEP][PASSED] - callTestCase(findTestCase("Product Admin/TC-PA-001"), [:], STOP_ON_FAILURE): Call Test Case 'Test Cases/Product Admin/TC-PA-001' successfully

2023-10-06 10:09:33 - [TEST_CASE][PASSED] - Test Cases/Product Admin/TC-PA-001: Test Cases/Product Admin/TC-PA-001

2023-10-06 10:09:33 - [TEST_STEP][PASSED] - callTestCase(findTestCase("Login Admin/TC-Login Admin-001"), [:], STOP_ON_FAILURE): Call Test Case 'Test Cases/Login Admin/TC-Login Admin-001' successfully

2023-10-06 10:09:33 - [TEST_CASE][PASSED] - Test Cases/Login Admin/TC-Login Admin-001: Test Cases/Login Admin/TC-Login Admin-001

2023-10-06 10:09:33 - [TEST_STEP][PASSED] - openBrowser(adminTajalapak): Browser is opened with url: 'https://10.9.2.63/ecommerce/administrator'

2023-10-06 10:09:33 - [MESSAGE][WARNING] - A browser is already opened. Closing browser and opening a new one

2023-10-06 10:09:33 - [MESSAGE][INFO] - Starting 'Edge Chromium' driver

2023-10-06 10:09:33 - [MESSAGE][INFO] - User set preference: ['acceptInsecureCerts', 'true']

2023-10-06 10:09:36 - [MESSAGE][INFO] - Action delay is set to 0 milliseconds

2023-10-06 10:09:38 - [MESSAGE][PASSED] - Browser is opened with url: 'https://10.9.2.63/ecommerce/administrator'

2023-10-06 10:09:38 - [TEST_STEP][PASSED] - maximizeWindow(): Current window maximized

2023-10-06 10:09:38 - [MESSAGE][PASSED] - Current window maximized

2023-10-06 10:09:38 - [TEST_STEP][PASSED] - verifyElementPresent(findTestObject("Login Admin/Verifikasi Halaman Administrator"), 0): Object 'Object Repository/Login Admin/Verifikasi Halaman Administrator' is present

2023-10-06 10:09:38 - [MESSAGE][WARNING] - Timeout '0' is invalid. Using default page load timeout: '30'

2023-10-06 10:09:38 - [MESSAGE][PASSED] - Object 'Object Repository/Login Admin/Verifikasi Halaman Administrator' is present

2023-10-06 10:09:38 - [TEST_STEP][PASSED] - setText(findTestObject("Login Admin/Input Username Admin"), "admin"): Text 'admin' is set on object 'Object Repository/Login Admin/Input Username Admin'

2023-10-06 10:09:39 - [MESSAGE][PASSED] - Text 'admin' is set on object 'Object Repository/Login Admin/Input Username Admin'

2023-10-06 10:09:39 - [TEST_STEP][PASSED] - setEncryptedText(findTestObject("Login Admin/Input Password Admin"), "374mkdZ/lqyNS21oH+MJZQ=="): Text ****** has been set on object 'Object Repository/Login Admin/Input Password Admin'

2023-10-06 10:09:39 - [MESSAGE][PASSED] - Text ****** has been set on object 'Object Repository/Login Admin/Input Password Admin'

2023-10-06 10:09:39 - [TEST_STEP][PASSED] - delay(10): Delayed 10 second(s)

2023-10-06 10:09:49 - [MESSAGE][PASSED] - Delayed 10 second(s)

2023-10-06 10:09:49 - [TEST_STEP][PASSED] - click(findTestObject("Login Admin/Botton Sign In")): Object: 'Object Repository/Login Admin/Botton Sign In' is clicked on

2023-10-06 10:09:51 - [MESSAGE][PASSED] - Object: 'Object Repository/Login Admin/Botton Sign In' is clicked on

2023-10-06 10:09:51 - [TEST_STEP][PASSED] - verifyElementPresent(findTestObject("Login Admin/Verifikasi Halaman Login Admin"), 0): Object 'Object Repository/Login Admin/Verifikasi Halaman Login Admin' is present

2023-10-06 10:09:51 - [MESSAGE][WARNING] - Timeout '0' is invalid. Using default page load timeout: '30'

2023-10-06 10:09:51 - [MESSAGE][PASSED] - Object 'Object Repository/Login Admin/Verifikasi Halaman Login Admin' is present

2023-10-06 10:09:51 - [MESSAGE][PASSED] - Call Test Case 'Test Cases/Login Admin/TC-Login Admin-001' successfully

2023-10-06 10:09:51 - [TEST_STEP][PASSED] - click(findTestObject("Product Admin/Master Market")): Object: 'Object Repository/Product Admin/Master Market' is clicked on

2023-10-06 10:09:52 - [MESSAGE][PASSED] - Object: 'Object Repository/Product Admin/Master Market' is clicked on

2023-10-06 10:09:52 - [TEST_STEP][PASSED] - click(findTestObject("Product Admin/Produk Admin")): Object: 'Object Repository/Product Admin/Produk Admin' is clicked on

2023-10-06 10:09:53 - [MESSAGE][PASSED] - Object: 'Object Repository/Product Admin/Produk Admin' is clicked on

2023-10-06 10:09:53 - [TEST_STEP][PASSED] - verifyElementPresent(findTestObject("Product Admin/Veridikasi Halaman Semua Produk"), 0): Object 'Object Repository/Product Admin/Veridikasi Halaman Semua Produk' is present

2023-10-06 10:09:53 - [MESSAGE][WARNING] - Timeout '0' is invalid. Using default page load timeout: '30'

2023-10-06 10:09:54 - [MESSAGE][PASSED] - Object 'Object Repository/Product Admin/Veridikasi Halaman Semua Produk' is present

2023-10-06 10:09:54 - [MESSAGE][PASSED] - Call Test Case 'Test Cases/Product Admin/TC-PA-001' successfully

2023-10-06 10:09:54 - [TEST_STEP][PASSED] - click(findTestObject("Product Admin/Button Edit Product Fleksibel")): Object: 'Object Repository/Product Admin/Button Edit Product Fleksibel' is clicked on

2023-10-06 10:09:55 - [MESSAGE][PASSED] - Object: 'Object Repository/Product Admin/Button Edit Product Fleksibel' is clicked on

2023-10-06 10:09:55 - [TEST_STEP][PASSED] - verifyElementPresent(findTestObject("Product Admin/TambahProduk/Verifikasi Halaman Product Baru"), 0): Object 'Object Repository/Product Admin/TambahProduk/Verifikasi Halaman Product Baru' is present

2023-10-06 10:09:55 - [MESSAGE][WARNING] - Timeout '0' is invalid. Using default page load timeout: '30'

2023-10-06 10:09:55 - [MESSAGE][PASSED] - Object 'Object Repository/Product Admin/TambahProduk/Verifikasi Halaman Product Baru' is present

2023-10-06 10:09:55 - [TEST_STEP][PASSED] - click(findTestObject("Product Admin/TambahProduk/Keterangan/Button Upload Gambar Keterangan")): Object: 'Object Repository/Product Admin/TambahProduk/Keterangan/Button Upload Gambar Keterangan' is clicked on

2023-10-06 10:09:55 - [MESSAGE][PASSED] - Object: 'Object Repository/Product Admin/TambahProduk/Keterangan/Button Upload Gambar Keterangan' is clicked on

2023-10-06 10:09:55 - [TEST_STEP][PASSED] - verifyElementPresent(findTestObject("Product Admin/TambahProduk/Keterangan/Verify Halaman Insert Image Keterangan"), 0): Object 'Object Repository/Product Admin/TambahProduk/Keterangan/Verify Halaman Insert Image Keterangan' is present

2023-10-06 10:09:55 - [MESSAGE][WARNING] - Timeout '0' is invalid. Using default page load timeout: '30'

2023-10-06 10:09:56 - [MESSAGE][PASSED] - Object 'Object Repository/Product Admin/TambahProduk/Keterangan/Verify Halaman Insert Image Keterangan' is present

2023-10-06 10:09:56 - [TEST_STEP][PASSED] - setText(findTestObject("Product Admin/TambahProduk/Keterangan/Input Link Image"), "https://png.pngtree.com/png-clipart/20211228/ourlarge/pngtree-panci-ompreng-png-image_4137919.png"): Text 'https://png.pngtree.com/png-clipart/20211228/ourlarge/pngtree-panci-ompreng-png-image_4137919.png' is set on object 'Object Repository/Product Admin/TambahProduk/Keterangan/Input Link Image'

2023-10-06 10:09:57 - [MESSAGE][PASSED] - Text 'https://png.pngtree.com/png-clipart/20211228/ourlarge/pngtree-panci-ompreng-png-image_4137919.png' is set on object 'Object Repository/Product Admin/TambahProduk/Keterangan/Input Link Image'

2023-10-06 10:09:57 - [TEST_STEP][PASSED] - click(findTestObject("Product Admin/TambahProduk/Keterangan/Button Insert Image")): Object: 'Object Repository/Product Admin/TambahProduk/Keterangan/Button Insert Image' is clicked on

2023-10-06 10:09:57 - [MESSAGE][PASSED] - Object: 'Object Repository/Product Admin/TambahProduk/Keterangan/Button Insert Image' is clicked on

2023-10-06 10:09:57 - [TEST_STEP][PASSED] - verifyElementPresent(findTestObject("Product Admin/TambahProduk/Keterangan/img via Link"), 0): Object 'Object Repository/Product Admin/TambahProduk/Keterangan/img via Link' is present

2023-10-06 10:09:57 - [MESSAGE][WARNING] - Timeout '0' is invalid. Using default page load timeout: '30'

2023-10-06 10:09:58 - [MESSAGE][PASSED] - Object 'Object Repository/Product Admin/TambahProduk/Keterangan/img via Link' is present]]></system-out>
         <system-err><![CDATA[]]></system-err>
      </testcase>
      <testcase name="Test Cases/Product Admin/TC-PA-037" time="28.001" classname="Test Cases/Product Admin/TC-PA-037" status="PASSED">
         <system-out><![CDATA[2023-10-06 10:09:58 - [TEST_CASE][PASSED] - Test Cases/Product Admin/TC-PA-037: Test Cases/Product Admin/TC-PA-037

2023-10-06 10:09:58 - [TEST_STEP][PASSED] - callTestCase(findTestCase("Product Admin/TC-PA-001"), [:], STOP_ON_FAILURE): Call Test Case 'Test Cases/Product Admin/TC-PA-001' successfully

2023-10-06 10:09:58 - [TEST_CASE][PASSED] - Test Cases/Product Admin/TC-PA-001: Test Cases/Product Admin/TC-PA-001

2023-10-06 10:09:58 - [TEST_STEP][PASSED] - callTestCase(findTestCase("Login Admin/TC-Login Admin-001"), [:], STOP_ON_FAILURE): Call Test Case 'Test Cases/Login Admin/TC-Login Admin-001' successfully

2023-10-06 10:09:58 - [TEST_CASE][PASSED] - Test Cases/Login Admin/TC-Login Admin-001: Test Cases/Login Admin/TC-Login Admin-001

2023-10-06 10:09:58 - [TEST_STEP][PASSED] - openBrowser(adminTajalapak): Browser is opened with url: 'https://10.9.2.63/ecommerce/administrator'

2023-10-06 10:09:58 - [MESSAGE][WARNING] - A browser is already opened. Closing browser and opening a new one

2023-10-06 10:09:59 - [MESSAGE][INFO] - Starting 'Edge Chromium' driver

2023-10-06 10:09:59 - [MESSAGE][INFO] - User set preference: ['acceptInsecureCerts', 'true']

2023-10-06 10:10:01 - [MESSAGE][INFO] - Action delay is set to 0 milliseconds

2023-10-06 10:10:04 - [MESSAGE][PASSED] - Browser is opened with url: 'https://10.9.2.63/ecommerce/administrator'

2023-10-06 10:10:04 - [TEST_STEP][PASSED] - maximizeWindow(): Current window maximized

2023-10-06 10:10:04 - [MESSAGE][PASSED] - Current window maximized

2023-10-06 10:10:04 - [TEST_STEP][PASSED] - verifyElementPresent(findTestObject("Login Admin/Verifikasi Halaman Administrator"), 0): Object 'Object Repository/Login Admin/Verifikasi Halaman Administrator' is present

2023-10-06 10:10:04 - [MESSAGE][WARNING] - Timeout '0' is invalid. Using default page load timeout: '30'

2023-10-06 10:10:04 - [MESSAGE][PASSED] - Object 'Object Repository/Login Admin/Verifikasi Halaman Administrator' is present

2023-10-06 10:10:04 - [TEST_STEP][PASSED] - setText(findTestObject("Login Admin/Input Username Admin"), "admin"): Text 'admin' is set on object 'Object Repository/Login Admin/Input Username Admin'

2023-10-06 10:10:05 - [MESSAGE][PASSED] - Text 'admin' is set on object 'Object Repository/Login Admin/Input Username Admin'

2023-10-06 10:10:05 - [TEST_STEP][PASSED] - setEncryptedText(findTestObject("Login Admin/Input Password Admin"), "374mkdZ/lqyNS21oH+MJZQ=="): Text ****** has been set on object 'Object Repository/Login Admin/Input Password Admin'

2023-10-06 10:10:06 - [MESSAGE][PASSED] - Text ****** has been set on object 'Object Repository/Login Admin/Input Password Admin'

2023-10-06 10:10:06 - [TEST_STEP][PASSED] - delay(10): Delayed 10 second(s)

2023-10-06 10:10:16 - [MESSAGE][PASSED] - Delayed 10 second(s)

2023-10-06 10:10:16 - [TEST_STEP][PASSED] - click(findTestObject("Login Admin/Botton Sign In")): Object: 'Object Repository/Login Admin/Botton Sign In' is clicked on

2023-10-06 10:10:17 - [MESSAGE][PASSED] - Object: 'Object Repository/Login Admin/Botton Sign In' is clicked on

2023-10-06 10:10:17 - [TEST_STEP][PASSED] - verifyElementPresent(findTestObject("Login Admin/Verifikasi Halaman Login Admin"), 0): Object 'Object Repository/Login Admin/Verifikasi Halaman Login Admin' is present

2023-10-06 10:10:17 - [MESSAGE][WARNING] - Timeout '0' is invalid. Using default page load timeout: '30'

2023-10-06 10:10:17 - [MESSAGE][PASSED] - Object 'Object Repository/Login Admin/Verifikasi Halaman Login Admin' is present

2023-10-06 10:10:17 - [MESSAGE][PASSED] - Call Test Case 'Test Cases/Login Admin/TC-Login Admin-001' successfully

2023-10-06 10:10:17 - [TEST_STEP][PASSED] - click(findTestObject("Product Admin/Master Market")): Object: 'Object Repository/Product Admin/Master Market' is clicked on

2023-10-06 10:10:18 - [MESSAGE][PASSED] - Object: 'Object Repository/Product Admin/Master Market' is clicked on

2023-10-06 10:10:18 - [TEST_STEP][PASSED] - click(findTestObject("Product Admin/Produk Admin")): Object: 'Object Repository/Product Admin/Produk Admin' is clicked on

2023-10-06 10:10:19 - [MESSAGE][PASSED] - Object: 'Object Repository/Product Admin/Produk Admin' is clicked on

2023-10-06 10:10:19 - [TEST_STEP][PASSED] - verifyElementPresent(findTestObject("Product Admin/Veridikasi Halaman Semua Produk"), 0): Object 'Object Repository/Product Admin/Veridikasi Halaman Semua Produk' is present

2023-10-06 10:10:19 - [MESSAGE][WARNING] - Timeout '0' is invalid. Using default page load timeout: '30'

2023-10-06 10:10:19 - [MESSAGE][PASSED] - Object 'Object Repository/Product Admin/Veridikasi Halaman Semua Produk' is present

2023-10-06 10:10:19 - [MESSAGE][PASSED] - Call Test Case 'Test Cases/Product Admin/TC-PA-001' successfully

2023-10-06 10:10:19 - [TEST_STEP][PASSED] - click(findTestObject("Product Admin/Button Edit Product Fleksibel")): Object: 'Object Repository/Product Admin/Button Edit Product Fleksibel' is clicked on

2023-10-06 10:10:20 - [MESSAGE][PASSED] - Object: 'Object Repository/Product Admin/Button Edit Product Fleksibel' is clicked on

2023-10-06 10:10:20 - [TEST_STEP][PASSED] - verifyElementPresent(findTestObject("Product Admin/TambahProduk/Verifikasi Halaman Product Baru"), 0): Object 'Object Repository/Product Admin/TambahProduk/Verifikasi Halaman Product Baru' is present

2023-10-06 10:10:20 - [MESSAGE][WARNING] - Timeout '0' is invalid. Using default page load timeout: '30'

2023-10-06 10:10:21 - [MESSAGE][PASSED] - Object 'Object Repository/Product Admin/TambahProduk/Verifikasi Halaman Product Baru' is present

2023-10-06 10:10:21 - [TEST_STEP][PASSED] - setText(findTestObject("Product Admin/TambahProduk/Input Harga Modal"), "5000"): Text '5000' is set on object 'Object Repository/Product Admin/TambahProduk/Input Harga Modal'

2023-10-06 10:10:21 - [MESSAGE][PASSED] - Text '5000' is set on object 'Object Repository/Product Admin/TambahProduk/Input Harga Modal'

2023-10-06 10:10:21 - [TEST_STEP][PASSED] - setText(findTestObject("Product Admin/TambahProduk/Input Harga Reseller"), "6000"): Text '6000' is set on object 'Object Repository/Product Admin/TambahProduk/Input Harga Reseller'

2023-10-06 10:10:22 - [MESSAGE][PASSED] - Text '6000' is set on object 'Object Repository/Product Admin/TambahProduk/Input Harga Reseller'

2023-10-06 10:10:22 - [TEST_STEP][PASSED] - setText(findTestObject("Product Admin/TambahProduk/Input Harga Konsumen"), "7000"): Text '7000' is set on object 'Object Repository/Product Admin/TambahProduk/Input Harga Konsumen'

2023-10-06 10:10:23 - [MESSAGE][PASSED] - Text '7000' is set on object 'Object Repository/Product Admin/TambahProduk/Input Harga Konsumen'

2023-10-06 10:10:23 - [TEST_STEP][PASSED] - setText(findTestObject("Product Admin/TambahProduk/Input Harga Modal"), ""): Text '' is set on object 'Object Repository/Product Admin/TambahProduk/Input Harga Modal'

2023-10-06 10:10:24 - [MESSAGE][PASSED] - Text '' is set on object 'Object Repository/Product Admin/TambahProduk/Input Harga Modal'

2023-10-06 10:10:24 - [TEST_STEP][PASSED] - setText(findTestObject("Product Admin/TambahProduk/Input Harga Reseller"), ""): Text '' is set on object 'Object Repository/Product Admin/TambahProduk/Input Harga Reseller'

2023-10-06 10:10:24 - [MESSAGE][PASSED] - Text '' is set on object 'Object Repository/Product Admin/TambahProduk/Input Harga Reseller'

2023-10-06 10:10:24 - [TEST_STEP][PASSED] - setText(findTestObject("Product Admin/TambahProduk/Input Harga Konsumen"), ""): Text '' is set on object 'Object Repository/Product Admin/TambahProduk/Input Harga Konsumen'

2023-10-06 10:10:25 - [MESSAGE][PASSED] - Text '' is set on object 'Object Repository/Product Admin/TambahProduk/Input Harga Konsumen'

2023-10-06 10:10:25 - [TEST_STEP][PASSED] - hargaM = getAttribute(findTestObject("Product Admin/TambahProduk/Input Harga Modal"), "value"): Attribute 'value' of object 'Object Repository/Product Admin/TambahProduk/Input Harga Modal' is: ''

2023-10-06 10:10:25 - [MESSAGE][PASSED] - Attribute 'value' of object 'Object Repository/Product Admin/TambahProduk/Input Harga Modal' is: ''

2023-10-06 10:10:25 - [TEST_STEP][PASSED] - hargaR = getAttribute(findTestObject("Product Admin/TambahProduk/Input Harga Reseller"), "value"): Attribute 'value' of object 'Object Repository/Product Admin/TambahProduk/Input Harga Reseller' is: ''

2023-10-06 10:10:26 - [MESSAGE][PASSED] - Attribute 'value' of object 'Object Repository/Product Admin/TambahProduk/Input Harga Reseller' is: ''

2023-10-06 10:10:26 - [TEST_STEP][PASSED] - hargaK = getAttribute(findTestObject("Product Admin/TambahProduk/Input Harga Konsumen"), "value"): Attribute 'value' of object 'Object Repository/Product Admin/TambahProduk/Input Harga Konsumen' is: ''

2023-10-06 10:10:26 - [MESSAGE][PASSED] - Attribute 'value' of object 'Object Repository/Product Admin/TambahProduk/Input Harga Konsumen' is: ''

2023-10-06 10:10:26 - [TEST_STEP][PASSED] - verifikasi = "": null

2023-10-06 10:10:26 - [TEST_STEP][PASSED] - assert hargaM == verifikasi: null

2023-10-06 10:10:26 - [TEST_STEP][PASSED] - assert hargaR == verifikasi: null

2023-10-06 10:10:26 - [TEST_STEP][PASSED] - assert hargaK == verifikasi: null]]></system-out>
         <system-err><![CDATA[]]></system-err>
      </testcase>
      <testcase name="Test Cases/Product Admin/TC-PA-038" time="22.813" classname="Test Cases/Product Admin/TC-PA-038" status="PASSED">
         <system-out><![CDATA[2023-10-06 10:10:26 - [TEST_CASE][PASSED] - Test Cases/Product Admin/TC-PA-038: Test Cases/Product Admin/TC-PA-038

2023-10-06 10:10:26 - [TEST_STEP][PASSED] - callTestCase(findTestCase("Product Admin/TC-PA-001"), [:], STOP_ON_FAILURE): Call Test Case 'Test Cases/Product Admin/TC-PA-001' successfully

2023-10-06 10:10:26 - [TEST_CASE][PASSED] - Test Cases/Product Admin/TC-PA-001: Test Cases/Product Admin/TC-PA-001

2023-10-06 10:10:26 - [TEST_STEP][PASSED] - callTestCase(findTestCase("Login Admin/TC-Login Admin-001"), [:], STOP_ON_FAILURE): Call Test Case 'Test Cases/Login Admin/TC-Login Admin-001' successfully

2023-10-06 10:10:26 - [TEST_CASE][PASSED] - Test Cases/Login Admin/TC-Login Admin-001: Test Cases/Login Admin/TC-Login Admin-001

2023-10-06 10:10:26 - [TEST_STEP][PASSED] - openBrowser(adminTajalapak): Browser is opened with url: 'https://10.9.2.63/ecommerce/administrator'

2023-10-06 10:10:26 - [MESSAGE][WARNING] - A browser is already opened. Closing browser and opening a new one

2023-10-06 10:10:27 - [MESSAGE][INFO] - Starting 'Edge Chromium' driver

2023-10-06 10:10:27 - [MESSAGE][INFO] - User set preference: ['acceptInsecureCerts', 'true']

2023-10-06 10:10:29 - [MESSAGE][INFO] - Action delay is set to 0 milliseconds

2023-10-06 10:10:31 - [MESSAGE][PASSED] - Browser is opened with url: 'https://10.9.2.63/ecommerce/administrator'

2023-10-06 10:10:31 - [TEST_STEP][PASSED] - maximizeWindow(): Current window maximized

2023-10-06 10:10:31 - [MESSAGE][PASSED] - Current window maximized

2023-10-06 10:10:31 - [TEST_STEP][PASSED] - verifyElementPresent(findTestObject("Login Admin/Verifikasi Halaman Administrator"), 0): Object 'Object Repository/Login Admin/Verifikasi Halaman Administrator' is present

2023-10-06 10:10:31 - [MESSAGE][WARNING] - Timeout '0' is invalid. Using default page load timeout: '30'

2023-10-06 10:10:31 - [MESSAGE][PASSED] - Object 'Object Repository/Login Admin/Verifikasi Halaman Administrator' is present

2023-10-06 10:10:31 - [TEST_STEP][PASSED] - setText(findTestObject("Login Admin/Input Username Admin"), "admin"): Text 'admin' is set on object 'Object Repository/Login Admin/Input Username Admin'

2023-10-06 10:10:32 - [MESSAGE][PASSED] - Text 'admin' is set on object 'Object Repository/Login Admin/Input Username Admin'

2023-10-06 10:10:32 - [TEST_STEP][PASSED] - setEncryptedText(findTestObject("Login Admin/Input Password Admin"), "374mkdZ/lqyNS21oH+MJZQ=="): Text ****** has been set on object 'Object Repository/Login Admin/Input Password Admin'

2023-10-06 10:10:32 - [MESSAGE][PASSED] - Text ****** has been set on object 'Object Repository/Login Admin/Input Password Admin'

2023-10-06 10:10:32 - [TEST_STEP][PASSED] - delay(10): Delayed 10 second(s)

2023-10-06 10:10:42 - [MESSAGE][PASSED] - Delayed 10 second(s)

2023-10-06 10:10:42 - [TEST_STEP][PASSED] - click(findTestObject("Login Admin/Botton Sign In")): Object: 'Object Repository/Login Admin/Botton Sign In' is clicked on

2023-10-06 10:10:44 - [MESSAGE][PASSED] - Object: 'Object Repository/Login Admin/Botton Sign In' is clicked on

2023-10-06 10:10:44 - [TEST_STEP][PASSED] - verifyElementPresent(findTestObject("Login Admin/Verifikasi Halaman Login Admin"), 0): Object 'Object Repository/Login Admin/Verifikasi Halaman Login Admin' is present

2023-10-06 10:10:44 - [MESSAGE][WARNING] - Timeout '0' is invalid. Using default page load timeout: '30'

2023-10-06 10:10:44 - [MESSAGE][PASSED] - Object 'Object Repository/Login Admin/Verifikasi Halaman Login Admin' is present

2023-10-06 10:10:44 - [MESSAGE][PASSED] - Call Test Case 'Test Cases/Login Admin/TC-Login Admin-001' successfully

2023-10-06 10:10:44 - [TEST_STEP][PASSED] - click(findTestObject("Product Admin/Master Market")): Object: 'Object Repository/Product Admin/Master Market' is clicked on

2023-10-06 10:10:45 - [MESSAGE][PASSED] - Object: 'Object Repository/Product Admin/Master Market' is clicked on

2023-10-06 10:10:45 - [TEST_STEP][PASSED] - click(findTestObject("Product Admin/Produk Admin")): Object: 'Object Repository/Product Admin/Produk Admin' is clicked on

2023-10-06 10:10:46 - [MESSAGE][PASSED] - Object: 'Object Repository/Product Admin/Produk Admin' is clicked on

2023-10-06 10:10:46 - [TEST_STEP][PASSED] - verifyElementPresent(findTestObject("Product Admin/Veridikasi Halaman Semua Produk"), 0): Object 'Object Repository/Product Admin/Veridikasi Halaman Semua Produk' is present

2023-10-06 10:10:46 - [MESSAGE][WARNING] - Timeout '0' is invalid. Using default page load timeout: '30'

2023-10-06 10:10:46 - [MESSAGE][PASSED] - Object 'Object Repository/Product Admin/Veridikasi Halaman Semua Produk' is present

2023-10-06 10:10:46 - [MESSAGE][PASSED] - Call Test Case 'Test Cases/Product Admin/TC-PA-001' successfully

2023-10-06 10:10:46 - [TEST_STEP][PASSED] - click(findTestObject("Product Admin/Button Tambahkan Data")): Object: 'Object Repository/Product Admin/Button Tambahkan Data' is clicked on

2023-10-06 10:10:47 - [MESSAGE][PASSED] - Object: 'Object Repository/Product Admin/Button Tambahkan Data' is clicked on

2023-10-06 10:10:47 - [TEST_STEP][PASSED] - verifyElementPresent(findTestObject("Product Admin/TambahProduk/Verifikasi Halaman Product Baru"), 0): Object 'Object Repository/Product Admin/TambahProduk/Verifikasi Halaman Product Baru' is present

2023-10-06 10:10:47 - [MESSAGE][WARNING] - Timeout '0' is invalid. Using default page load timeout: '30'

2023-10-06 10:10:47 - [MESSAGE][PASSED] - Object 'Object Repository/Product Admin/TambahProduk/Verifikasi Halaman Product Baru' is present

2023-10-06 10:10:47 - [TEST_STEP][PASSED] - click(findTestObject("Product Admin/TambahProduk/Keterangan/Button Full Screen Kolom Keterangan")): Object: 'Object Repository/Product Admin/TambahProduk/Keterangan/Button Full Screen Kolom Keterangan' is clicked on

2023-10-06 10:10:48 - [MESSAGE][PASSED] - Object: 'Object Repository/Product Admin/TambahProduk/Keterangan/Button Full Screen Kolom Keterangan' is clicked on

2023-10-06 10:10:48 - [TEST_STEP][PASSED] - verifikasi = getAttribute(findTestObject("Object Repository/Product Admin/TambahProduk/Keterangan/Verifikasi Full Screen Keterangan"), "class"): Attribute 'class' of object 'Object Repository/Product Admin/TambahProduk/Keterangan/Verifikasi Full Screen Keterangan' is: 'note-editor note-frame panel panel-default fullscreen'

2023-10-06 10:10:49 - [MESSAGE][PASSED] - Attribute 'class' of object 'Object Repository/Product Admin/TambahProduk/Keterangan/Verifikasi Full Screen Keterangan' is: 'note-editor note-frame panel panel-default fullscreen'

2023-10-06 10:10:49 - [TEST_STEP][PASSED] - assert verifikasi == "note-editor note-frame panel panel-default fullscreen": null]]></system-out>
         <system-err><![CDATA[]]></system-err>
      </testcase>
      <testcase name="Test Cases/Product Admin/TC-PA-039" time="23.655" classname="Test Cases/Product Admin/TC-PA-039" status="PASSED">
         <system-out><![CDATA[2023-10-06 10:10:49 - [TEST_CASE][PASSED] - Test Cases/Product Admin/TC-PA-039: Test Cases/Product Admin/TC-PA-039

2023-10-06 10:10:49 - [TEST_STEP][PASSED] - callTestCase(findTestCase("Product Admin/TC-PA-001"), [:], STOP_ON_FAILURE): Call Test Case 'Test Cases/Product Admin/TC-PA-001' successfully

2023-10-06 10:10:49 - [TEST_CASE][PASSED] - Test Cases/Product Admin/TC-PA-001: Test Cases/Product Admin/TC-PA-001

2023-10-06 10:10:49 - [TEST_STEP][PASSED] - callTestCase(findTestCase("Login Admin/TC-Login Admin-001"), [:], STOP_ON_FAILURE): Call Test Case 'Test Cases/Login Admin/TC-Login Admin-001' successfully

2023-10-06 10:10:49 - [TEST_CASE][PASSED] - Test Cases/Login Admin/TC-Login Admin-001: Test Cases/Login Admin/TC-Login Admin-001

2023-10-06 10:10:49 - [TEST_STEP][PASSED] - openBrowser(adminTajalapak): Browser is opened with url: 'https://10.9.2.63/ecommerce/administrator'

2023-10-06 10:10:49 - [MESSAGE][WARNING] - A browser is already opened. Closing browser and opening a new one

2023-10-06 10:10:50 - [MESSAGE][INFO] - Starting 'Edge Chromium' driver

2023-10-06 10:10:50 - [MESSAGE][INFO] - User set preference: ['acceptInsecureCerts', 'true']

2023-10-06 10:10:52 - [MESSAGE][INFO] - Action delay is set to 0 milliseconds

2023-10-06 10:10:54 - [MESSAGE][PASSED] - Browser is opened with url: 'https://10.9.2.63/ecommerce/administrator'

2023-10-06 10:10:54 - [TEST_STEP][PASSED] - maximizeWindow(): Current window maximized

2023-10-06 10:10:54 - [MESSAGE][PASSED] - Current window maximized

2023-10-06 10:10:54 - [TEST_STEP][PASSED] - verifyElementPresent(findTestObject("Login Admin/Verifikasi Halaman Administrator"), 0): Object 'Object Repository/Login Admin/Verifikasi Halaman Administrator' is present

2023-10-06 10:10:55 - [MESSAGE][WARNING] - Timeout '0' is invalid. Using default page load timeout: '30'

2023-10-06 10:10:55 - [MESSAGE][PASSED] - Object 'Object Repository/Login Admin/Verifikasi Halaman Administrator' is present

2023-10-06 10:10:55 - [TEST_STEP][PASSED] - setText(findTestObject("Login Admin/Input Username Admin"), "admin"): Text 'admin' is set on object 'Object Repository/Login Admin/Input Username Admin'

2023-10-06 10:10:56 - [MESSAGE][PASSED] - Text 'admin' is set on object 'Object Repository/Login Admin/Input Username Admin'

2023-10-06 10:10:56 - [TEST_STEP][PASSED] - setEncryptedText(findTestObject("Login Admin/Input Password Admin"), "374mkdZ/lqyNS21oH+MJZQ=="): Text ****** has been set on object 'Object Repository/Login Admin/Input Password Admin'

2023-10-06 10:10:56 - [MESSAGE][PASSED] - Text ****** has been set on object 'Object Repository/Login Admin/Input Password Admin'

2023-10-06 10:10:56 - [TEST_STEP][PASSED] - delay(10): Delayed 10 second(s)

2023-10-06 10:11:06 - [MESSAGE][PASSED] - Delayed 10 second(s)

2023-10-06 10:11:06 - [TEST_STEP][PASSED] - click(findTestObject("Login Admin/Botton Sign In")): Object: 'Object Repository/Login Admin/Botton Sign In' is clicked on

2023-10-06 10:11:08 - [MESSAGE][PASSED] - Object: 'Object Repository/Login Admin/Botton Sign In' is clicked on

2023-10-06 10:11:08 - [TEST_STEP][PASSED] - verifyElementPresent(findTestObject("Login Admin/Verifikasi Halaman Login Admin"), 0): Object 'Object Repository/Login Admin/Verifikasi Halaman Login Admin' is present

2023-10-06 10:11:08 - [MESSAGE][WARNING] - Timeout '0' is invalid. Using default page load timeout: '30'

2023-10-06 10:11:08 - [MESSAGE][PASSED] - Object 'Object Repository/Login Admin/Verifikasi Halaman Login Admin' is present

2023-10-06 10:11:08 - [MESSAGE][PASSED] - Call Test Case 'Test Cases/Login Admin/TC-Login Admin-001' successfully

2023-10-06 10:11:08 - [TEST_STEP][PASSED] - click(findTestObject("Product Admin/Master Market")): Object: 'Object Repository/Product Admin/Master Market' is clicked on

2023-10-06 10:11:09 - [MESSAGE][PASSED] - Object: 'Object Repository/Product Admin/Master Market' is clicked on

2023-10-06 10:11:09 - [TEST_STEP][PASSED] - click(findTestObject("Product Admin/Produk Admin")): Object: 'Object Repository/Product Admin/Produk Admin' is clicked on

2023-10-06 10:11:10 - [MESSAGE][PASSED] - Object: 'Object Repository/Product Admin/Produk Admin' is clicked on

2023-10-06 10:11:10 - [TEST_STEP][PASSED] - verifyElementPresent(findTestObject("Product Admin/Veridikasi Halaman Semua Produk"), 0): Object 'Object Repository/Product Admin/Veridikasi Halaman Semua Produk' is present

2023-10-06 10:11:10 - [MESSAGE][WARNING] - Timeout '0' is invalid. Using default page load timeout: '30'

2023-10-06 10:11:10 - [MESSAGE][PASSED] - Object 'Object Repository/Product Admin/Veridikasi Halaman Semua Produk' is present

2023-10-06 10:11:10 - [MESSAGE][PASSED] - Call Test Case 'Test Cases/Product Admin/TC-PA-001' successfully

2023-10-06 10:11:10 - [TEST_STEP][PASSED] - click(findTestObject("Product Admin/Button Tambahkan Data")): Object: 'Object Repository/Product Admin/Button Tambahkan Data' is clicked on

2023-10-06 10:11:11 - [MESSAGE][PASSED] - Object: 'Object Repository/Product Admin/Button Tambahkan Data' is clicked on

2023-10-06 10:11:11 - [TEST_STEP][PASSED] - verifyElementPresent(findTestObject("Product Admin/TambahProduk/Verifikasi Halaman Product Baru"), 0): Object 'Object Repository/Product Admin/TambahProduk/Verifikasi Halaman Product Baru' is present

2023-10-06 10:11:11 - [MESSAGE][WARNING] - Timeout '0' is invalid. Using default page load timeout: '30'

2023-10-06 10:11:11 - [MESSAGE][PASSED] - Object 'Object Repository/Product Admin/TambahProduk/Verifikasi Halaman Product Baru' is present

2023-10-06 10:11:11 - [TEST_STEP][PASSED] - click(findTestObject("Product Admin/TambahProduk/Keterangan/Button Help Kolom Keterangan")): Object: 'Object Repository/Product Admin/TambahProduk/Keterangan/Button Help Kolom Keterangan' is clicked on

2023-10-06 10:11:12 - [MESSAGE][PASSED] - Object: 'Object Repository/Product Admin/TambahProduk/Keterangan/Button Help Kolom Keterangan' is clicked on

2023-10-06 10:11:12 - [TEST_STEP][PASSED] - verifyElementPresent(findTestObject("Product Admin/TambahProduk/Keterangan/Verifikasi halaman Help Kolom Keterangan"), 0): Object 'Object Repository/Product Admin/TambahProduk/Keterangan/Verifikasi halaman Help Kolom Keterangan' is present

2023-10-06 10:11:12 - [MESSAGE][WARNING] - Timeout '0' is invalid. Using default page load timeout: '30'

2023-10-06 10:11:12 - [MESSAGE][PASSED] - Object 'Object Repository/Product Admin/TambahProduk/Keterangan/Verifikasi halaman Help Kolom Keterangan' is present]]></system-out>
         <system-err><![CDATA[]]></system-err>
      </testcase>
      <testcase name="Test Cases/Product Admin/TC-PAN-001" time="24.749" classname="Test Cases/Product Admin/TC-PAN-001" status="FAILED">
         <failure type="FAILED" message="Test Cases/Product Admin/TC-PAN-001 FAILED.
Reason:
Assertion failed: 

assert accept_button_message == &quot;Format berat tidak boleh minus&quot;
       |                     |
       &quot;&quot;                    false

	at TC-PAN-001.run(TC-PAN-001:48)
	at com.kms.katalon.core.main.ScriptEngine.run(ScriptEngine.java:194)
	at com.kms.katalon.core.main.ScriptEngine.runScriptAsRawText(ScriptEngine.java:119)
	at com.kms.katalon.core.main.TestCaseExecutor.runScript(TestCaseExecutor.java:448)
	at com.kms.katalon.core.main.TestCaseExecutor.doExecute(TestCaseExecutor.java:439)
	at com.kms.katalon.core.main.TestCaseExecutor.processExecutionPhase(TestCaseExecutor.java:418)
	at com.kms.katalon.core.main.TestCaseExecutor.accessMainPhase(TestCaseExecutor.java:410)
	at com.kms.katalon.core.main.TestCaseExecutor.execute(TestCaseExecutor.java:285)
	at com.kms.katalon.core.common.CommonExecutor.accessTestCaseMainPhase(CommonExecutor.java:65)
	at com.kms.katalon.core.main.TestSuiteExecutor.accessTestSuiteMainPhase(TestSuiteExecutor.java:148)
	at com.kms.katalon.core.main.TestSuiteExecutor.execute(TestSuiteExecutor.java:106)
	at com.kms.katalon.core.main.TestCaseMain.startTestSuite(TestCaseMain.java:187)
	at com.kms.katalon.core.main.TestCaseMain$startTestSuite$0.call(Unknown Source)
	at TempTestSuite1696560832015.run(TempTestSuite1696560832015.groovy:36)
"/>
         <system-out><![CDATA[2023-10-06 10:11:12 - [TEST_CASE][FAILED] - Test Cases/Product Admin/TC-PAN-001: Test Cases/Product Admin/TC-PAN-001 FAILED.
Reason:
Assertion failed: 

assert accept_button_message == "Format berat tidak boleh minus"
       |                     |
       ""                    false

	at TC-PAN-001.run(TC-PAN-001:48)
	at com.kms.katalon.core.main.ScriptEngine.run(ScriptEngine.java:194)
	at com.kms.katalon.core.main.ScriptEngine.runScriptAsRawText(ScriptEngine.java:119)
	at com.kms.katalon.core.main.TestCaseExecutor.runScript(TestCaseExecutor.java:448)
	at com.kms.katalon.core.main.TestCaseExecutor.doExecute(TestCaseExecutor.java:439)
	at com.kms.katalon.core.main.TestCaseExecutor.processExecutionPhase(TestCaseExecutor.java:418)
	at com.kms.katalon.core.main.TestCaseExecutor.accessMainPhase(TestCaseExecutor.java:410)
	at com.kms.katalon.core.main.TestCaseExecutor.execute(TestCaseExecutor.java:285)
	at com.kms.katalon.core.common.CommonExecutor.accessTestCaseMainPhase(CommonExecutor.java:65)
	at com.kms.katalon.core.main.TestSuiteExecutor.accessTestSuiteMainPhase(TestSuiteExecutor.java:148)
	at com.kms.katalon.core.main.TestSuiteExecutor.execute(TestSuiteExecutor.java:106)
	at com.kms.katalon.core.main.TestCaseMain.startTestSuite(TestCaseMain.java:187)
	at com.kms.katalon.core.main.TestCaseMain$startTestSuite$0.call(Unknown Source)
	at TempTestSuite1696560832015.run(TempTestSuite1696560832015.groovy:36)


2023-10-06 10:11:13 - [TEST_STEP][PASSED] - callTestCase(findTestCase("Product Admin/TC-PA-001"), [:], STOP_ON_FAILURE): Call Test Case 'Test Cases/Product Admin/TC-PA-001' successfully

2023-10-06 10:11:13 - [TEST_CASE][PASSED] - Test Cases/Product Admin/TC-PA-001: Test Cases/Product Admin/TC-PA-001

2023-10-06 10:11:13 - [TEST_STEP][PASSED] - callTestCase(findTestCase("Login Admin/TC-Login Admin-001"), [:], STOP_ON_FAILURE): Call Test Case 'Test Cases/Login Admin/TC-Login Admin-001' successfully

2023-10-06 10:11:13 - [TEST_CASE][PASSED] - Test Cases/Login Admin/TC-Login Admin-001: Test Cases/Login Admin/TC-Login Admin-001

2023-10-06 10:11:13 - [TEST_STEP][PASSED] - openBrowser(adminTajalapak): Browser is opened with url: 'https://10.9.2.63/ecommerce/administrator'

2023-10-06 10:11:13 - [MESSAGE][WARNING] - A browser is already opened. Closing browser and opening a new one

2023-10-06 10:11:13 - [MESSAGE][INFO] - Starting 'Edge Chromium' driver

2023-10-06 10:11:13 - [MESSAGE][INFO] - User set preference: ['acceptInsecureCerts', 'true']

2023-10-06 10:11:16 - [MESSAGE][INFO] - Action delay is set to 0 milliseconds

2023-10-06 10:11:18 - [MESSAGE][PASSED] - Browser is opened with url: 'https://10.9.2.63/ecommerce/administrator'

2023-10-06 10:11:18 - [TEST_STEP][PASSED] - maximizeWindow(): Current window maximized

2023-10-06 10:11:18 - [MESSAGE][PASSED] - Current window maximized

2023-10-06 10:11:18 - [TEST_STEP][PASSED] - verifyElementPresent(findTestObject("Login Admin/Verifikasi Halaman Administrator"), 0): Object 'Object Repository/Login Admin/Verifikasi Halaman Administrator' is present

2023-10-06 10:11:18 - [MESSAGE][WARNING] - Timeout '0' is invalid. Using default page load timeout: '30'

2023-10-06 10:11:18 - [MESSAGE][PASSED] - Object 'Object Repository/Login Admin/Verifikasi Halaman Administrator' is present

2023-10-06 10:11:18 - [TEST_STEP][PASSED] - setText(findTestObject("Login Admin/Input Username Admin"), "admin"): Text 'admin' is set on object 'Object Repository/Login Admin/Input Username Admin'

2023-10-06 10:11:19 - [MESSAGE][PASSED] - Text 'admin' is set on object 'Object Repository/Login Admin/Input Username Admin'

2023-10-06 10:11:19 - [TEST_STEP][PASSED] - setEncryptedText(findTestObject("Login Admin/Input Password Admin"), "374mkdZ/lqyNS21oH+MJZQ=="): Text ****** has been set on object 'Object Repository/Login Admin/Input Password Admin'

2023-10-06 10:11:20 - [MESSAGE][PASSED] - Text ****** has been set on object 'Object Repository/Login Admin/Input Password Admin'

2023-10-06 10:11:20 - [TEST_STEP][PASSED] - delay(10): Delayed 10 second(s)

2023-10-06 10:11:30 - [MESSAGE][PASSED] - Delayed 10 second(s)

2023-10-06 10:11:30 - [TEST_STEP][PASSED] - click(findTestObject("Login Admin/Botton Sign In")): Object: 'Object Repository/Login Admin/Botton Sign In' is clicked on

2023-10-06 10:11:31 - [MESSAGE][PASSED] - Object: 'Object Repository/Login Admin/Botton Sign In' is clicked on

2023-10-06 10:11:31 - [TEST_STEP][PASSED] - verifyElementPresent(findTestObject("Login Admin/Verifikasi Halaman Login Admin"), 0): Object 'Object Repository/Login Admin/Verifikasi Halaman Login Admin' is present

2023-10-06 10:11:31 - [MESSAGE][WARNING] - Timeout '0' is invalid. Using default page load timeout: '30'

2023-10-06 10:11:31 - [MESSAGE][PASSED] - Object 'Object Repository/Login Admin/Verifikasi Halaman Login Admin' is present

2023-10-06 10:11:31 - [MESSAGE][PASSED] - Call Test Case 'Test Cases/Login Admin/TC-Login Admin-001' successfully

2023-10-06 10:11:31 - [TEST_STEP][PASSED] - click(findTestObject("Product Admin/Master Market")): Object: 'Object Repository/Product Admin/Master Market' is clicked on

2023-10-06 10:11:32 - [MESSAGE][PASSED] - Object: 'Object Repository/Product Admin/Master Market' is clicked on

2023-10-06 10:11:32 - [TEST_STEP][PASSED] - click(findTestObject("Product Admin/Produk Admin")): Object: 'Object Repository/Product Admin/Produk Admin' is clicked on

2023-10-06 10:11:33 - [MESSAGE][PASSED] - Object: 'Object Repository/Product Admin/Produk Admin' is clicked on

2023-10-06 10:11:33 - [TEST_STEP][PASSED] - verifyElementPresent(findTestObject("Product Admin/Veridikasi Halaman Semua Produk"), 0): Object 'Object Repository/Product Admin/Veridikasi Halaman Semua Produk' is present

2023-10-06 10:11:33 - [MESSAGE][WARNING] - Timeout '0' is invalid. Using default page load timeout: '30'

2023-10-06 10:11:34 - [MESSAGE][PASSED] - Object 'Object Repository/Product Admin/Veridikasi Halaman Semua Produk' is present

2023-10-06 10:11:34 - [MESSAGE][PASSED] - Call Test Case 'Test Cases/Product Admin/TC-PA-001' successfully

2023-10-06 10:11:34 - [TEST_STEP][PASSED] - click(findTestObject("Product Admin/Button Edit Product Fleksibel")): Object: 'Object Repository/Product Admin/Button Edit Product Fleksibel' is clicked on

2023-10-06 10:11:34 - [MESSAGE][PASSED] - Object: 'Object Repository/Product Admin/Button Edit Product Fleksibel' is clicked on

2023-10-06 10:11:34 - [TEST_STEP][PASSED] - verifyElementPresent(findTestObject("Product Admin/TambahProduk/Verifikasi Halaman Product Baru"), 0): Object 'Object Repository/Product Admin/TambahProduk/Verifikasi Halaman Product Baru' is present

2023-10-06 10:11:35 - [MESSAGE][WARNING] - Timeout '0' is invalid. Using default page load timeout: '30'

2023-10-06 10:11:35 - [MESSAGE][PASSED] - Object 'Object Repository/Product Admin/TambahProduk/Verifikasi Halaman Product Baru' is present

2023-10-06 10:11:35 - [TEST_STEP][PASSED] - setText(findTestObject("Product Admin/TambahProduk/Input Berat gram"), "-1"): Text '-1' is set on object 'Object Repository/Product Admin/TambahProduk/Input Berat gram'

2023-10-06 10:11:36 - [MESSAGE][PASSED] - Text '-1' is set on object 'Object Repository/Product Admin/TambahProduk/Input Berat gram'

2023-10-06 10:11:36 - [TEST_STEP][PASSED] - driver = getWebDriver(): null

2023-10-06 10:11:36 - [TEST_STEP][PASSED] - field_username_element = driver.findElement(By.xpath("//input[@name="berat"]")): null

2023-10-06 10:11:36 - [TEST_STEP][PASSED] - accept_button_message = driver.executeScript("return arguments[0].validationMessage", field_username_element): null

2023-10-06 10:11:36 - [TEST_STEP][PASSED] - click(findTestObject("Product Admin/TambahProduk/Button Update Data")): Object: 'Object Repository/Product Admin/TambahProduk/Button Update Data' is clicked on

2023-10-06 10:11:37 - [MESSAGE][PASSED] - Object: 'Object Repository/Product Admin/TambahProduk/Button Update Data' is clicked on

2023-10-06 10:11:37 - [TEST_STEP][PASSED] - println(accept_button_message): null

2023-10-06 10:11:37 - [TEST_STEP][FAILED] - assert accept_button_message == "Format berat tidak boleh minus": Test Cases/Product Admin/TC-PAN-001 FAILED.
Reason:
Assertion failed: 

assert accept_button_message == "Format berat tidak boleh minus"
       |                     |
       ""                    false

	at TC-PAN-001.run(TC-PAN-001:48)
	at com.kms.katalon.core.main.ScriptEngine.run(ScriptEngine.java:194)
	at com.kms.katalon.core.main.ScriptEngine.runScriptAsRawText(ScriptEngine.java:119)
	at com.kms.katalon.core.main.TestCaseExecutor.runScript(TestCaseExecutor.java:448)
	at com.kms.katalon.core.main.TestCaseExecutor.doExecute(TestCaseExecutor.java:439)
	at com.kms.katalon.core.main.TestCaseExecutor.processExecutionPhase(TestCaseExecutor.java:418)
	at com.kms.katalon.core.main.TestCaseExecutor.accessMainPhase(TestCaseExecutor.java:410)
	at com.kms.katalon.core.main.TestCaseExecutor.execute(TestCaseExecutor.java:285)
	at com.kms.katalon.core.common.CommonExecutor.accessTestCaseMainPhase(CommonExecutor.java:65)
	at com.kms.katalon.core.main.TestSuiteExecutor.accessTestSuiteMainPhase(TestSuiteExecutor.java:148)
	at com.kms.katalon.core.main.TestSuiteExecutor.execute(TestSuiteExecutor.java:106)
	at com.kms.katalon.core.main.TestCaseMain.startTestSuite(TestCaseMain.java:187)
	at com.kms.katalon.core.main.TestCaseMain$startTestSuite$0.call(Unknown Source)
	at TempTestSuite1696560832015.run(TempTestSuite1696560832015.groovy:36)


2023-10-06 10:11:37 - [MESSAGE][FAILED] - Test Cases/Product Admin/TC-PAN-001 FAILED.
Reason:
Assertion failed: 

assert accept_button_message == "Format berat tidak boleh minus"
       |                     |
       ""                    false

	at TC-PAN-001.run(TC-PAN-001:48)
	at com.kms.katalon.core.main.ScriptEngine.run(ScriptEngine.java:194)
	at com.kms.katalon.core.main.ScriptEngine.runScriptAsRawText(ScriptEngine.java:119)
	at com.kms.katalon.core.main.TestCaseExecutor.runScript(TestCaseExecutor.java:448)
	at com.kms.katalon.core.main.TestCaseExecutor.doExecute(TestCaseExecutor.java:439)
	at com.kms.katalon.core.main.TestCaseExecutor.processExecutionPhase(TestCaseExecutor.java:418)
	at com.kms.katalon.core.main.TestCaseExecutor.accessMainPhase(TestCaseExecutor.java:410)
	at com.kms.katalon.core.main.TestCaseExecutor.execute(TestCaseExecutor.java:285)
	at com.kms.katalon.core.common.CommonExecutor.accessTestCaseMainPhase(CommonExecutor.java:65)
	at com.kms.katalon.core.main.TestSuiteExecutor.accessTestSuiteMainPhase(TestSuiteExecutor.java:148)
	at com.kms.katalon.core.main.TestSuiteExecutor.execute(TestSuiteExecutor.java:106)
	at com.kms.katalon.core.main.TestCaseMain.startTestSuite(TestCaseMain.java:187)
	at com.kms.katalon.core.main.TestCaseMain$startTestSuite$0.call(Unknown Source)
	at TempTestSuite1696560832015.run(TempTestSuite1696560832015.groovy:36)]]></system-out>
         <system-err><![CDATA[2023-10-06 10:11:12 - [TEST_CASE][FAILED] - Test Cases/Product Admin/TC-PAN-001: Test Cases/Product Admin/TC-PAN-001 FAILED.
Reason:
Assertion failed: 

assert accept_button_message == "Format berat tidak boleh minus"
       |                     |
       ""                    false

	at TC-PAN-001.run(TC-PAN-001:48)
	at com.kms.katalon.core.main.ScriptEngine.run(ScriptEngine.java:194)
	at com.kms.katalon.core.main.ScriptEngine.runScriptAsRawText(ScriptEngine.java:119)
	at com.kms.katalon.core.main.TestCaseExecutor.runScript(TestCaseExecutor.java:448)
	at com.kms.katalon.core.main.TestCaseExecutor.doExecute(TestCaseExecutor.java:439)
	at com.kms.katalon.core.main.TestCaseExecutor.processExecutionPhase(TestCaseExecutor.java:418)
	at com.kms.katalon.core.main.TestCaseExecutor.accessMainPhase(TestCaseExecutor.java:410)
	at com.kms.katalon.core.main.TestCaseExecutor.execute(TestCaseExecutor.java:285)
	at com.kms.katalon.core.common.CommonExecutor.accessTestCaseMainPhase(CommonExecutor.java:65)
	at com.kms.katalon.core.main.TestSuiteExecutor.accessTestSuiteMainPhase(TestSuiteExecutor.java:148)
	at com.kms.katalon.core.main.TestSuiteExecutor.execute(TestSuiteExecutor.java:106)
	at com.kms.katalon.core.main.TestCaseMain.startTestSuite(TestCaseMain.java:187)
	at com.kms.katalon.core.main.TestCaseMain$startTestSuite$0.call(Unknown Source)
	at TempTestSuite1696560832015.run(TempTestSuite1696560832015.groovy:36)]]></system-err>
      </testcase>
      <testcase name="Test Cases/Product Admin/TC-PAN-002" time="25.467" classname="Test Cases/Product Admin/TC-PAN-002" status="PASSED">
         <system-out><![CDATA[2023-10-06 10:11:37 - [TEST_CASE][PASSED] - Test Cases/Product Admin/TC-PAN-002: Test Cases/Product Admin/TC-PAN-002

2023-10-06 10:11:37 - [TEST_STEP][PASSED] - callTestCase(findTestCase("Product Admin/TC-PA-001"), [:], STOP_ON_FAILURE): Call Test Case 'Test Cases/Product Admin/TC-PA-001' successfully

2023-10-06 10:11:37 - [TEST_CASE][PASSED] - Test Cases/Product Admin/TC-PA-001: Test Cases/Product Admin/TC-PA-001

2023-10-06 10:11:37 - [TEST_STEP][PASSED] - callTestCase(findTestCase("Login Admin/TC-Login Admin-001"), [:], STOP_ON_FAILURE): Call Test Case 'Test Cases/Login Admin/TC-Login Admin-001' successfully

2023-10-06 10:11:37 - [TEST_CASE][PASSED] - Test Cases/Login Admin/TC-Login Admin-001: Test Cases/Login Admin/TC-Login Admin-001

2023-10-06 10:11:37 - [TEST_STEP][PASSED] - openBrowser(adminTajalapak): Browser is opened with url: 'https://10.9.2.63/ecommerce/administrator'

2023-10-06 10:11:37 - [MESSAGE][WARNING] - A browser is already opened. Closing browser and opening a new one

2023-10-06 10:11:38 - [MESSAGE][INFO] - Starting 'Edge Chromium' driver

2023-10-06 10:11:38 - [MESSAGE][INFO] - User set preference: ['acceptInsecureCerts', 'true']

2023-10-06 10:11:40 - [MESSAGE][INFO] - Action delay is set to 0 milliseconds

2023-10-06 10:11:43 - [MESSAGE][PASSED] - Browser is opened with url: 'https://10.9.2.63/ecommerce/administrator'

2023-10-06 10:11:43 - [TEST_STEP][PASSED] - maximizeWindow(): Current window maximized

2023-10-06 10:11:43 - [MESSAGE][PASSED] - Current window maximized

2023-10-06 10:11:43 - [TEST_STEP][PASSED] - verifyElementPresent(findTestObject("Login Admin/Verifikasi Halaman Administrator"), 0): Object 'Object Repository/Login Admin/Verifikasi Halaman Administrator' is present

2023-10-06 10:11:43 - [MESSAGE][WARNING] - Timeout '0' is invalid. Using default page load timeout: '30'

2023-10-06 10:11:43 - [MESSAGE][PASSED] - Object 'Object Repository/Login Admin/Verifikasi Halaman Administrator' is present

2023-10-06 10:11:43 - [TEST_STEP][PASSED] - setText(findTestObject("Login Admin/Input Username Admin"), "admin"): Text 'admin' is set on object 'Object Repository/Login Admin/Input Username Admin'

2023-10-06 10:11:44 - [MESSAGE][PASSED] - Text 'admin' is set on object 'Object Repository/Login Admin/Input Username Admin'

2023-10-06 10:11:44 - [TEST_STEP][PASSED] - setEncryptedText(findTestObject("Login Admin/Input Password Admin"), "374mkdZ/lqyNS21oH+MJZQ=="): Text ****** has been set on object 'Object Repository/Login Admin/Input Password Admin'

2023-10-06 10:11:44 - [MESSAGE][PASSED] - Text ****** has been set on object 'Object Repository/Login Admin/Input Password Admin'

2023-10-06 10:11:44 - [TEST_STEP][PASSED] - delay(10): Delayed 10 second(s)

2023-10-06 10:11:54 - [MESSAGE][PASSED] - Delayed 10 second(s)

2023-10-06 10:11:54 - [TEST_STEP][PASSED] - click(findTestObject("Login Admin/Botton Sign In")): Object: 'Object Repository/Login Admin/Botton Sign In' is clicked on

2023-10-06 10:11:56 - [MESSAGE][PASSED] - Object: 'Object Repository/Login Admin/Botton Sign In' is clicked on

2023-10-06 10:11:56 - [TEST_STEP][PASSED] - verifyElementPresent(findTestObject("Login Admin/Verifikasi Halaman Login Admin"), 0): Object 'Object Repository/Login Admin/Verifikasi Halaman Login Admin' is present

2023-10-06 10:11:56 - [MESSAGE][WARNING] - Timeout '0' is invalid. Using default page load timeout: '30'

2023-10-06 10:11:56 - [MESSAGE][PASSED] - Object 'Object Repository/Login Admin/Verifikasi Halaman Login Admin' is present

2023-10-06 10:11:56 - [MESSAGE][PASSED] - Call Test Case 'Test Cases/Login Admin/TC-Login Admin-001' successfully

2023-10-06 10:11:56 - [TEST_STEP][PASSED] - click(findTestObject("Product Admin/Master Market")): Object: 'Object Repository/Product Admin/Master Market' is clicked on

2023-10-06 10:11:57 - [MESSAGE][PASSED] - Object: 'Object Repository/Product Admin/Master Market' is clicked on

2023-10-06 10:11:57 - [TEST_STEP][PASSED] - click(findTestObject("Product Admin/Produk Admin")): Object: 'Object Repository/Product Admin/Produk Admin' is clicked on

2023-10-06 10:11:58 - [MESSAGE][PASSED] - Object: 'Object Repository/Product Admin/Produk Admin' is clicked on

2023-10-06 10:11:58 - [TEST_STEP][PASSED] - verifyElementPresent(findTestObject("Product Admin/Veridikasi Halaman Semua Produk"), 0): Object 'Object Repository/Product Admin/Veridikasi Halaman Semua Produk' is present

2023-10-06 10:11:58 - [MESSAGE][WARNING] - Timeout '0' is invalid. Using default page load timeout: '30'

2023-10-06 10:11:59 - [MESSAGE][PASSED] - Object 'Object Repository/Product Admin/Veridikasi Halaman Semua Produk' is present

2023-10-06 10:11:59 - [MESSAGE][PASSED] - Call Test Case 'Test Cases/Product Admin/TC-PA-001' successfully

2023-10-06 10:11:59 - [TEST_STEP][PASSED] - click(findTestObject("Product Admin/Button Tambahkan Data")): Object: 'Object Repository/Product Admin/Button Tambahkan Data' is clicked on

2023-10-06 10:11:59 - [MESSAGE][PASSED] - Object: 'Object Repository/Product Admin/Button Tambahkan Data' is clicked on

2023-10-06 10:11:59 - [TEST_STEP][PASSED] - verifyElementPresent(findTestObject("Product Admin/TambahProduk/Verifikasi Halaman Product Baru"), 0): Object 'Object Repository/Product Admin/TambahProduk/Verifikasi Halaman Product Baru' is present

2023-10-06 10:11:59 - [MESSAGE][WARNING] - Timeout '0' is invalid. Using default page load timeout: '30'

2023-10-06 10:12:00 - [MESSAGE][PASSED] - Object 'Object Repository/Product Admin/TambahProduk/Verifikasi Halaman Product Baru' is present

2023-10-06 10:12:00 - [TEST_STEP][PASSED] - setText(findTestObject("Product Admin/TambahProduk/Input Pemilik"), "Toko Koko"): Text 'Toko Koko' is set on object 'Object Repository/Product Admin/TambahProduk/Input Pemilik'

2023-10-06 10:12:01 - [MESSAGE][PASSED] - Text 'Toko Koko' is set on object 'Object Repository/Product Admin/TambahProduk/Input Pemilik'

2023-10-06 10:12:01 - [TEST_STEP][PASSED] - click(findTestObject("Product Admin/TambahProduk/Pemilik Toko Koko")): Object: 'Object Repository/Product Admin/TambahProduk/Pemilik Toko Koko' is clicked on

2023-10-06 10:12:01 - [MESSAGE][PASSED] - Object: 'Object Repository/Product Admin/TambahProduk/Pemilik Toko Koko' is clicked on

2023-10-06 10:12:01 - [TEST_STEP][PASSED] - selectOptionByValue(findTestObject("Product Admin/TambahProduk/Pilih Katagori"), "6", false): All options with value '6' are selected in object 'Object Repository/Product Admin/TambahProduk/Pilih Katagori' 

2023-10-06 10:12:02 - [MESSAGE][PASSED] - All options with value '6' are selected in object 'Object Repository/Product Admin/TambahProduk/Pilih Katagori' 

2023-10-06 10:12:02 - [TEST_STEP][PASSED] - click(findTestObject("Product Admin/TambahProduk/Button Tambahkan")): Object: 'Object Repository/Product Admin/TambahProduk/Button Tambahkan' is clicked on

2023-10-06 10:12:02 - [MESSAGE][PASSED] - Object: 'Object Repository/Product Admin/TambahProduk/Button Tambahkan' is clicked on

2023-10-06 10:12:02 - [TEST_STEP][PASSED] - driver = getWebDriver(): null

2023-10-06 10:12:02 - [TEST_STEP][PASSED] - field_username_element = driver.findElement(By.xpath("//input[@name="b"]")): null

2023-10-06 10:12:03 - [TEST_STEP][PASSED] - accept_button_message = driver.executeScript("return arguments[0].validationMessage", field_username_element): null

2023-10-06 10:12:03 - [TEST_STEP][PASSED] - println(accept_button_message): null

2023-10-06 10:12:03 - [TEST_STEP][PASSED] - assert accept_button_message == "Please fill out this field.": null]]></system-out>
         <system-err><![CDATA[]]></system-err>
      </testcase>
      <testcase name="Test Cases/Product Admin/TC-PAN-003" time="24.688" classname="Test Cases/Product Admin/TC-PAN-003" status="PASSED">
         <system-out><![CDATA[2023-10-06 10:12:03 - [TEST_CASE][PASSED] - Test Cases/Product Admin/TC-PAN-003: Test Cases/Product Admin/TC-PAN-003

2023-10-06 10:12:03 - [TEST_STEP][PASSED] - callTestCase(findTestCase("Product Admin/TC-PA-001"), [:], STOP_ON_FAILURE): Call Test Case 'Test Cases/Product Admin/TC-PA-001' successfully

2023-10-06 10:12:03 - [TEST_CASE][PASSED] - Test Cases/Product Admin/TC-PA-001: Test Cases/Product Admin/TC-PA-001

2023-10-06 10:12:03 - [TEST_STEP][PASSED] - callTestCase(findTestCase("Login Admin/TC-Login Admin-001"), [:], STOP_ON_FAILURE): Call Test Case 'Test Cases/Login Admin/TC-Login Admin-001' successfully

2023-10-06 10:12:03 - [TEST_CASE][PASSED] - Test Cases/Login Admin/TC-Login Admin-001: Test Cases/Login Admin/TC-Login Admin-001

2023-10-06 10:12:03 - [TEST_STEP][PASSED] - openBrowser(adminTajalapak): Browser is opened with url: 'https://10.9.2.63/ecommerce/administrator'

2023-10-06 10:12:03 - [MESSAGE][WARNING] - A browser is already opened. Closing browser and opening a new one

2023-10-06 10:12:04 - [MESSAGE][INFO] - Starting 'Edge Chromium' driver

2023-10-06 10:12:04 - [MESSAGE][INFO] - User set preference: ['acceptInsecureCerts', 'true']

2023-10-06 10:12:06 - [MESSAGE][INFO] - Action delay is set to 0 milliseconds

2023-10-06 10:12:08 - [MESSAGE][PASSED] - Browser is opened with url: 'https://10.9.2.63/ecommerce/administrator'

2023-10-06 10:12:08 - [TEST_STEP][PASSED] - maximizeWindow(): Current window maximized

2023-10-06 10:12:08 - [MESSAGE][PASSED] - Current window maximized

2023-10-06 10:12:08 - [TEST_STEP][PASSED] - verifyElementPresent(findTestObject("Login Admin/Verifikasi Halaman Administrator"), 0): Object 'Object Repository/Login Admin/Verifikasi Halaman Administrator' is present

2023-10-06 10:12:09 - [MESSAGE][WARNING] - Timeout '0' is invalid. Using default page load timeout: '30'

2023-10-06 10:12:09 - [MESSAGE][PASSED] - Object 'Object Repository/Login Admin/Verifikasi Halaman Administrator' is present

2023-10-06 10:12:09 - [TEST_STEP][PASSED] - setText(findTestObject("Login Admin/Input Username Admin"), "admin"): Text 'admin' is set on object 'Object Repository/Login Admin/Input Username Admin'

2023-10-06 10:12:10 - [MESSAGE][PASSED] - Text 'admin' is set on object 'Object Repository/Login Admin/Input Username Admin'

2023-10-06 10:12:10 - [TEST_STEP][PASSED] - setEncryptedText(findTestObject("Login Admin/Input Password Admin"), "374mkdZ/lqyNS21oH+MJZQ=="): Text ****** has been set on object 'Object Repository/Login Admin/Input Password Admin'

2023-10-06 10:12:10 - [MESSAGE][PASSED] - Text ****** has been set on object 'Object Repository/Login Admin/Input Password Admin'

2023-10-06 10:12:10 - [TEST_STEP][PASSED] - delay(10): Delayed 10 second(s)

2023-10-06 10:12:20 - [MESSAGE][PASSED] - Delayed 10 second(s)

2023-10-06 10:12:20 - [TEST_STEP][PASSED] - click(findTestObject("Login Admin/Botton Sign In")): Object: 'Object Repository/Login Admin/Botton Sign In' is clicked on

2023-10-06 10:12:22 - [MESSAGE][PASSED] - Object: 'Object Repository/Login Admin/Botton Sign In' is clicked on

2023-10-06 10:12:22 - [TEST_STEP][PASSED] - verifyElementPresent(findTestObject("Login Admin/Verifikasi Halaman Login Admin"), 0): Object 'Object Repository/Login Admin/Verifikasi Halaman Login Admin' is present

2023-10-06 10:12:22 - [MESSAGE][WARNING] - Timeout '0' is invalid. Using default page load timeout: '30'

2023-10-06 10:12:22 - [MESSAGE][PASSED] - Object 'Object Repository/Login Admin/Verifikasi Halaman Login Admin' is present

2023-10-06 10:12:22 - [MESSAGE][PASSED] - Call Test Case 'Test Cases/Login Admin/TC-Login Admin-001' successfully

2023-10-06 10:12:22 - [TEST_STEP][PASSED] - click(findTestObject("Product Admin/Master Market")): Object: 'Object Repository/Product Admin/Master Market' is clicked on

2023-10-06 10:12:22 - [MESSAGE][PASSED] - Object: 'Object Repository/Product Admin/Master Market' is clicked on

2023-10-06 10:12:22 - [TEST_STEP][PASSED] - click(findTestObject("Product Admin/Produk Admin")): Object: 'Object Repository/Product Admin/Produk Admin' is clicked on

2023-10-06 10:12:24 - [MESSAGE][PASSED] - Object: 'Object Repository/Product Admin/Produk Admin' is clicked on

2023-10-06 10:12:24 - [TEST_STEP][PASSED] - verifyElementPresent(findTestObject("Product Admin/Veridikasi Halaman Semua Produk"), 0): Object 'Object Repository/Product Admin/Veridikasi Halaman Semua Produk' is present

2023-10-06 10:12:24 - [MESSAGE][WARNING] - Timeout '0' is invalid. Using default page load timeout: '30'

2023-10-06 10:12:24 - [MESSAGE][PASSED] - Object 'Object Repository/Product Admin/Veridikasi Halaman Semua Produk' is present

2023-10-06 10:12:24 - [MESSAGE][PASSED] - Call Test Case 'Test Cases/Product Admin/TC-PA-001' successfully

2023-10-06 10:12:24 - [TEST_STEP][PASSED] - click(findTestObject("Product Admin/Button Tambahkan Data")): Object: 'Object Repository/Product Admin/Button Tambahkan Data' is clicked on

2023-10-06 10:12:25 - [MESSAGE][PASSED] - Object: 'Object Repository/Product Admin/Button Tambahkan Data' is clicked on

2023-10-06 10:12:25 - [TEST_STEP][PASSED] - verifyElementPresent(findTestObject("Product Admin/TambahProduk/Verifikasi Halaman Product Baru"), 0): Object 'Object Repository/Product Admin/TambahProduk/Verifikasi Halaman Product Baru' is present

2023-10-06 10:12:25 - [MESSAGE][WARNING] - Timeout '0' is invalid. Using default page load timeout: '30'

2023-10-06 10:12:25 - [MESSAGE][PASSED] - Object 'Object Repository/Product Admin/TambahProduk/Verifikasi Halaman Product Baru' is present

2023-10-06 10:12:25 - [TEST_STEP][PASSED] - setText(findTestObject("Product Admin/TambahProduk/Input Pemilik"), "Toko Koko"): Text 'Toko Koko' is set on object 'Object Repository/Product Admin/TambahProduk/Input Pemilik'

2023-10-06 10:12:26 - [MESSAGE][PASSED] - Text 'Toko Koko' is set on object 'Object Repository/Product Admin/TambahProduk/Input Pemilik'

2023-10-06 10:12:26 - [TEST_STEP][PASSED] - click(findTestObject("Product Admin/TambahProduk/Pemilik Toko Koko")): Object: 'Object Repository/Product Admin/TambahProduk/Pemilik Toko Koko' is clicked on

2023-10-06 10:12:27 - [MESSAGE][PASSED] - Object: 'Object Repository/Product Admin/TambahProduk/Pemilik Toko Koko' is clicked on

2023-10-06 10:12:27 - [TEST_STEP][PASSED] - click(findTestObject("Product Admin/TambahProduk/Button Tambahkan")): Object: 'Object Repository/Product Admin/TambahProduk/Button Tambahkan' is clicked on

2023-10-06 10:12:27 - [MESSAGE][PASSED] - Object: 'Object Repository/Product Admin/TambahProduk/Button Tambahkan' is clicked on

2023-10-06 10:12:27 - [TEST_STEP][PASSED] - driver = getWebDriver(): null

2023-10-06 10:12:27 - [TEST_STEP][PASSED] - field_username_element = driver.findElement(By.xpath("//select[@name="a"]")): null

2023-10-06 10:12:27 - [TEST_STEP][PASSED] - accept_button_message = driver.executeScript("return arguments[0].validationMessage", field_username_element): null

2023-10-06 10:12:27 - [TEST_STEP][PASSED] - println(accept_button_message): null

2023-10-06 10:12:27 - [TEST_STEP][PASSED] - assert accept_button_message == "Please select an item in the list.": null]]></system-out>
         <system-err><![CDATA[]]></system-err>
      </testcase>
      <testcase name="Test Cases/Product Admin/TC-PAN-004" time="24.677" classname="Test Cases/Product Admin/TC-PAN-004" status="PASSED">
         <system-out><![CDATA[2023-10-06 10:12:27 - [TEST_CASE][PASSED] - Test Cases/Product Admin/TC-PAN-004: Test Cases/Product Admin/TC-PAN-004

2023-10-06 10:12:27 - [TEST_STEP][PASSED] - callTestCase(findTestCase("Product Admin/TC-PA-001"), [:], STOP_ON_FAILURE): Call Test Case 'Test Cases/Product Admin/TC-PA-001' successfully

2023-10-06 10:12:28 - [TEST_CASE][PASSED] - Test Cases/Product Admin/TC-PA-001: Test Cases/Product Admin/TC-PA-001

2023-10-06 10:12:28 - [TEST_STEP][PASSED] - callTestCase(findTestCase("Login Admin/TC-Login Admin-001"), [:], STOP_ON_FAILURE): Call Test Case 'Test Cases/Login Admin/TC-Login Admin-001' successfully

2023-10-06 10:12:28 - [TEST_CASE][PASSED] - Test Cases/Login Admin/TC-Login Admin-001: Test Cases/Login Admin/TC-Login Admin-001

2023-10-06 10:12:28 - [TEST_STEP][PASSED] - openBrowser(adminTajalapak): Browser is opened with url: 'https://10.9.2.63/ecommerce/administrator'

2023-10-06 10:12:28 - [MESSAGE][WARNING] - A browser is already opened. Closing browser and opening a new one

2023-10-06 10:12:28 - [MESSAGE][INFO] - Starting 'Edge Chromium' driver

2023-10-06 10:12:28 - [MESSAGE][INFO] - User set preference: ['acceptInsecureCerts', 'true']

2023-10-06 10:12:31 - [MESSAGE][INFO] - Action delay is set to 0 milliseconds

2023-10-06 10:12:33 - [MESSAGE][PASSED] - Browser is opened with url: 'https://10.9.2.63/ecommerce/administrator'

2023-10-06 10:12:33 - [TEST_STEP][PASSED] - maximizeWindow(): Current window maximized

2023-10-06 10:12:33 - [MESSAGE][PASSED] - Current window maximized

2023-10-06 10:12:33 - [TEST_STEP][PASSED] - verifyElementPresent(findTestObject("Login Admin/Verifikasi Halaman Administrator"), 0): Object 'Object Repository/Login Admin/Verifikasi Halaman Administrator' is present

2023-10-06 10:12:33 - [MESSAGE][WARNING] - Timeout '0' is invalid. Using default page load timeout: '30'

2023-10-06 10:12:33 - [MESSAGE][PASSED] - Object 'Object Repository/Login Admin/Verifikasi Halaman Administrator' is present

2023-10-06 10:12:33 - [TEST_STEP][PASSED] - setText(findTestObject("Login Admin/Input Username Admin"), "admin"): Text 'admin' is set on object 'Object Repository/Login Admin/Input Username Admin'

2023-10-06 10:12:34 - [MESSAGE][PASSED] - Text 'admin' is set on object 'Object Repository/Login Admin/Input Username Admin'

2023-10-06 10:12:34 - [TEST_STEP][PASSED] - setEncryptedText(findTestObject("Login Admin/Input Password Admin"), "374mkdZ/lqyNS21oH+MJZQ=="): Text ****** has been set on object 'Object Repository/Login Admin/Input Password Admin'

2023-10-06 10:12:35 - [MESSAGE][PASSED] - Text ****** has been set on object 'Object Repository/Login Admin/Input Password Admin'

2023-10-06 10:12:35 - [TEST_STEP][PASSED] - delay(10): Delayed 10 second(s)

2023-10-06 10:12:45 - [MESSAGE][PASSED] - Delayed 10 second(s)

2023-10-06 10:12:45 - [TEST_STEP][PASSED] - click(findTestObject("Login Admin/Botton Sign In")): Object: 'Object Repository/Login Admin/Botton Sign In' is clicked on

2023-10-06 10:12:46 - [MESSAGE][PASSED] - Object: 'Object Repository/Login Admin/Botton Sign In' is clicked on

2023-10-06 10:12:46 - [TEST_STEP][PASSED] - verifyElementPresent(findTestObject("Login Admin/Verifikasi Halaman Login Admin"), 0): Object 'Object Repository/Login Admin/Verifikasi Halaman Login Admin' is present

2023-10-06 10:12:46 - [MESSAGE][WARNING] - Timeout '0' is invalid. Using default page load timeout: '30'

2023-10-06 10:12:48 - [MESSAGE][PASSED] - Object 'Object Repository/Login Admin/Verifikasi Halaman Login Admin' is present

2023-10-06 10:12:48 - [MESSAGE][PASSED] - Call Test Case 'Test Cases/Login Admin/TC-Login Admin-001' successfully

2023-10-06 10:12:48 - [TEST_STEP][PASSED] - click(findTestObject("Product Admin/Master Market")): Object: 'Object Repository/Product Admin/Master Market' is clicked on

2023-10-06 10:12:48 - [MESSAGE][PASSED] - Object: 'Object Repository/Product Admin/Master Market' is clicked on

2023-10-06 10:12:48 - [TEST_STEP][PASSED] - click(findTestObject("Product Admin/Produk Admin")): Object: 'Object Repository/Product Admin/Produk Admin' is clicked on

2023-10-06 10:12:49 - [MESSAGE][PASSED] - Object: 'Object Repository/Product Admin/Produk Admin' is clicked on

2023-10-06 10:12:49 - [TEST_STEP][PASSED] - verifyElementPresent(findTestObject("Product Admin/Veridikasi Halaman Semua Produk"), 0): Object 'Object Repository/Product Admin/Veridikasi Halaman Semua Produk' is present

2023-10-06 10:12:49 - [MESSAGE][WARNING] - Timeout '0' is invalid. Using default page load timeout: '30'

2023-10-06 10:12:50 - [MESSAGE][PASSED] - Object 'Object Repository/Product Admin/Veridikasi Halaman Semua Produk' is present

2023-10-06 10:12:50 - [MESSAGE][PASSED] - Call Test Case 'Test Cases/Product Admin/TC-PA-001' successfully

2023-10-06 10:12:50 - [TEST_STEP][PASSED] - click(findTestObject("Product Admin/Button Edit Product Fleksibel")): Object: 'Object Repository/Product Admin/Button Edit Product Fleksibel' is clicked on

2023-10-06 10:12:51 - [MESSAGE][PASSED] - Object: 'Object Repository/Product Admin/Button Edit Product Fleksibel' is clicked on

2023-10-06 10:12:51 - [TEST_STEP][PASSED] - uploadFile(findTestObject("Product Admin/TambahProduk/Input File"), "E:\Pelatihan\Xsis Academy\baju Koko kids oranye.jpg"): File 'E:\Pelatihan\Xsis Academy\baju Koko kids oranye.jpg' sent to object: 'Object Repository/Product Admin/TambahProduk/Input File'

2023-10-06 10:12:51 - [MESSAGE][PASSED] - File 'E:\Pelatihan\Xsis Academy\baju Koko kids oranye.jpg' sent to object: 'Object Repository/Product Admin/TambahProduk/Input File'

2023-10-06 10:12:51 - [TEST_STEP][PASSED] - verifyElementPresent(findTestObject("Product Admin/TambahProduk/File Error Image Json Format"), 0): Object 'Object Repository/Product Admin/TambahProduk/File Error Image Json Format' is present

2023-10-06 10:12:51 - [MESSAGE][WARNING] - Timeout '0' is invalid. Using default page load timeout: '30'

2023-10-06 10:12:52 - [MESSAGE][PASSED] - Object 'Object Repository/Product Admin/TambahProduk/File Error Image Json Format' is present]]></system-out>
         <system-err><![CDATA[]]></system-err>
      </testcase>
      <testcase name="Test Cases/Product Admin/TC-PAN-005" time="23.636" classname="Test Cases/Product Admin/TC-PAN-005" status="FAILED">
         <failure type="FAILED" message="Test Cases/Product Admin/TC-PAN-005 FAILED.
Reason:
com.kms.katalon.core.exception.StepFailedException: Verify element text of test object 'Object Repository/Product Admin/TambahProduk/Verifikasi File Lebih besar dari 10MB' FAILED.
	at com.kms.katalon.core.webui.keyword.internal.WebUIKeywordMain.stepFailed(WebUIKeywordMain.groovy:64)
	at com.kms.katalon.core.webui.keyword.internal.WebUIKeywordMain.runKeyword(WebUIKeywordMain.groovy:26)
	at com.kms.katalon.core.webui.keyword.builtin.VerifyElementTextKeyword.verifyElementText(VerifyElementTextKeyword.groovy:72)
	at com.kms.katalon.core.webui.keyword.builtin.VerifyElementTextKeyword.execute(VerifyElementTextKeyword.groovy:40)
	at com.kms.katalon.core.keyword.internal.KeywordExecutor.executeKeywordForPlatform(KeywordExecutor.groovy:74)
	at com.kms.katalon.core.webui.keyword.WebUiBuiltInKeywords.verifyElementText(WebUiBuiltInKeywords.groovy:4749)
	at com.kms.katalon.core.webui.keyword.WebUiBuiltInKeywords$verifyElementText$14.call(Unknown Source)
	at TC-PAN-005.run(TC-PAN-005:28)
	at com.kms.katalon.core.main.ScriptEngine.run(ScriptEngine.java:194)
	at com.kms.katalon.core.main.ScriptEngine.runScriptAsRawText(ScriptEngine.java:119)
	at com.kms.katalon.core.main.TestCaseExecutor.runScript(TestCaseExecutor.java:448)
	at com.kms.katalon.core.main.TestCaseExecutor.doExecute(TestCaseExecutor.java:439)
	at com.kms.katalon.core.main.TestCaseExecutor.processExecutionPhase(TestCaseExecutor.java:418)
	at com.kms.katalon.core.main.TestCaseExecutor.accessMainPhase(TestCaseExecutor.java:410)
	at com.kms.katalon.core.main.TestCaseExecutor.execute(TestCaseExecutor.java:285)
	at com.kms.katalon.core.common.CommonExecutor.accessTestCaseMainPhase(CommonExecutor.java:65)
	at com.kms.katalon.core.main.TestSuiteExecutor.accessTestSuiteMainPhase(TestSuiteExecutor.java:148)
	at com.kms.katalon.core.main.TestSuiteExecutor.execute(TestSuiteExecutor.java:106)
	at com.kms.katalon.core.main.TestCaseMain.startTestSuite(TestCaseMain.java:187)
	at com.kms.katalon.core.main.TestCaseMain$startTestSuite$0.call(Unknown Source)
	at TempTestSuite1696560832015.run(TempTestSuite1696560832015.groovy:36)
Caused by: com.kms.katalon.core.exception.StepFailedException: Actual text 'DJI_0621.DNG is not allowed. Allowed extensions: jpg,png,jpeg,gif' and expected text 'Error File Lebih besar dari 10 MB' of test object 'Object Repository/Product Admin/TambahProduk/Verifikasi File Lebih besar dari 10MB' are NOT matched.
	at com.kms.katalon.core.webui.keyword.internal.WebUIKeywordMain.stepFailed(WebUIKeywordMain.groovy:64)
	at com.kms.katalon.core.webui.keyword.builtin.VerifyElementTextKeyword$_verifyElementText_closure1.doCall(VerifyElementTextKeyword.groovy:57)
	at com.kms.katalon.core.webui.keyword.builtin.VerifyElementTextKeyword$_verifyElementText_closure1.call(VerifyElementTextKeyword.groovy)
	at com.kms.katalon.core.webui.keyword.internal.WebUIKeywordMain.runKeyword(WebUIKeywordMain.groovy:20)
	... 19 more
"/>
         <system-out><![CDATA[2023-10-06 10:12:52 - [TEST_CASE][FAILED] - Test Cases/Product Admin/TC-PAN-005: Test Cases/Product Admin/TC-PAN-005 FAILED.
Reason:
com.kms.katalon.core.exception.StepFailedException: Verify element text of test object 'Object Repository/Product Admin/TambahProduk/Verifikasi File Lebih besar dari 10MB' FAILED.
	at com.kms.katalon.core.webui.keyword.internal.WebUIKeywordMain.stepFailed(WebUIKeywordMain.groovy:64)
	at com.kms.katalon.core.webui.keyword.internal.WebUIKeywordMain.runKeyword(WebUIKeywordMain.groovy:26)
	at com.kms.katalon.core.webui.keyword.builtin.VerifyElementTextKeyword.verifyElementText(VerifyElementTextKeyword.groovy:72)
	at com.kms.katalon.core.webui.keyword.builtin.VerifyElementTextKeyword.execute(VerifyElementTextKeyword.groovy:40)
	at com.kms.katalon.core.keyword.internal.KeywordExecutor.executeKeywordForPlatform(KeywordExecutor.groovy:74)
	at com.kms.katalon.core.webui.keyword.WebUiBuiltInKeywords.verifyElementText(WebUiBuiltInKeywords.groovy:4749)
	at com.kms.katalon.core.webui.keyword.WebUiBuiltInKeywords$verifyElementText$14.call(Unknown Source)
	at TC-PAN-005.run(TC-PAN-005:28)
	at com.kms.katalon.core.main.ScriptEngine.run(ScriptEngine.java:194)
	at com.kms.katalon.core.main.ScriptEngine.runScriptAsRawText(ScriptEngine.java:119)
	at com.kms.katalon.core.main.TestCaseExecutor.runScript(TestCaseExecutor.java:448)
	at com.kms.katalon.core.main.TestCaseExecutor.doExecute(TestCaseExecutor.java:439)
	at com.kms.katalon.core.main.TestCaseExecutor.processExecutionPhase(TestCaseExecutor.java:418)
	at com.kms.katalon.core.main.TestCaseExecutor.accessMainPhase(TestCaseExecutor.java:410)
	at com.kms.katalon.core.main.TestCaseExecutor.execute(TestCaseExecutor.java:285)
	at com.kms.katalon.core.common.CommonExecutor.accessTestCaseMainPhase(CommonExecutor.java:65)
	at com.kms.katalon.core.main.TestSuiteExecutor.accessTestSuiteMainPhase(TestSuiteExecutor.java:148)
	at com.kms.katalon.core.main.TestSuiteExecutor.execute(TestSuiteExecutor.java:106)
	at com.kms.katalon.core.main.TestCaseMain.startTestSuite(TestCaseMain.java:187)
	at com.kms.katalon.core.main.TestCaseMain$startTestSuite$0.call(Unknown Source)
	at TempTestSuite1696560832015.run(TempTestSuite1696560832015.groovy:36)
Caused by: com.kms.katalon.core.exception.StepFailedException: Actual text 'DJI_0621.DNG is not allowed. Allowed extensions: jpg,png,jpeg,gif' and expected text 'Error File Lebih besar dari 10 MB' of test object 'Object Repository/Product Admin/TambahProduk/Verifikasi File Lebih besar dari 10MB' are NOT matched.
	at com.kms.katalon.core.webui.keyword.internal.WebUIKeywordMain.stepFailed(WebUIKeywordMain.groovy:64)
	at com.kms.katalon.core.webui.keyword.builtin.VerifyElementTextKeyword$_verifyElementText_closure1.doCall(VerifyElementTextKeyword.groovy:57)
	at com.kms.katalon.core.webui.keyword.builtin.VerifyElementTextKeyword$_verifyElementText_closure1.call(VerifyElementTextKeyword.groovy)
	at com.kms.katalon.core.webui.keyword.internal.WebUIKeywordMain.runKeyword(WebUIKeywordMain.groovy:20)
	... 19 more


2023-10-06 10:12:52 - [TEST_STEP][PASSED] - callTestCase(findTestCase("Product Admin/TC-PA-001"), [:], STOP_ON_FAILURE): Call Test Case 'Test Cases/Product Admin/TC-PA-001' successfully

2023-10-06 10:12:52 - [TEST_CASE][PASSED] - Test Cases/Product Admin/TC-PA-001: Test Cases/Product Admin/TC-PA-001

2023-10-06 10:12:52 - [TEST_STEP][PASSED] - callTestCase(findTestCase("Login Admin/TC-Login Admin-001"), [:], STOP_ON_FAILURE): Call Test Case 'Test Cases/Login Admin/TC-Login Admin-001' successfully

2023-10-06 10:12:52 - [TEST_CASE][PASSED] - Test Cases/Login Admin/TC-Login Admin-001: Test Cases/Login Admin/TC-Login Admin-001

2023-10-06 10:12:52 - [TEST_STEP][PASSED] - openBrowser(adminTajalapak): Browser is opened with url: 'https://10.9.2.63/ecommerce/administrator'

2023-10-06 10:12:52 - [MESSAGE][WARNING] - A browser is already opened. Closing browser and opening a new one

2023-10-06 10:12:53 - [MESSAGE][INFO] - Starting 'Edge Chromium' driver

2023-10-06 10:12:53 - [MESSAGE][INFO] - User set preference: ['acceptInsecureCerts', 'true']

2023-10-06 10:12:55 - [MESSAGE][INFO] - Action delay is set to 0 milliseconds

2023-10-06 10:12:58 - [MESSAGE][PASSED] - Browser is opened with url: 'https://10.9.2.63/ecommerce/administrator'

2023-10-06 10:12:58 - [TEST_STEP][PASSED] - maximizeWindow(): Current window maximized

2023-10-06 10:12:58 - [MESSAGE][PASSED] - Current window maximized

2023-10-06 10:12:58 - [TEST_STEP][PASSED] - verifyElementPresent(findTestObject("Login Admin/Verifikasi Halaman Administrator"), 0): Object 'Object Repository/Login Admin/Verifikasi Halaman Administrator' is present

2023-10-06 10:12:58 - [MESSAGE][WARNING] - Timeout '0' is invalid. Using default page load timeout: '30'

2023-10-06 10:12:58 - [MESSAGE][PASSED] - Object 'Object Repository/Login Admin/Verifikasi Halaman Administrator' is present

2023-10-06 10:12:58 - [TEST_STEP][PASSED] - setText(findTestObject("Login Admin/Input Username Admin"), "admin"): Text 'admin' is set on object 'Object Repository/Login Admin/Input Username Admin'

2023-10-06 10:12:59 - [MESSAGE][PASSED] - Text 'admin' is set on object 'Object Repository/Login Admin/Input Username Admin'

2023-10-06 10:12:59 - [TEST_STEP][PASSED] - setEncryptedText(findTestObject("Login Admin/Input Password Admin"), "374mkdZ/lqyNS21oH+MJZQ=="): Text ****** has been set on object 'Object Repository/Login Admin/Input Password Admin'

2023-10-06 10:12:59 - [MESSAGE][PASSED] - Text ****** has been set on object 'Object Repository/Login Admin/Input Password Admin'

2023-10-06 10:12:59 - [TEST_STEP][PASSED] - delay(10): Delayed 10 second(s)

2023-10-06 10:13:09 - [MESSAGE][PASSED] - Delayed 10 second(s)

2023-10-06 10:13:09 - [TEST_STEP][PASSED] - click(findTestObject("Login Admin/Botton Sign In")): Object: 'Object Repository/Login Admin/Botton Sign In' is clicked on

2023-10-06 10:13:11 - [MESSAGE][PASSED] - Object: 'Object Repository/Login Admin/Botton Sign In' is clicked on

2023-10-06 10:13:11 - [TEST_STEP][PASSED] - verifyElementPresent(findTestObject("Login Admin/Verifikasi Halaman Login Admin"), 0): Object 'Object Repository/Login Admin/Verifikasi Halaman Login Admin' is present

2023-10-06 10:13:11 - [MESSAGE][WARNING] - Timeout '0' is invalid. Using default page load timeout: '30'

2023-10-06 10:13:11 - [MESSAGE][PASSED] - Object 'Object Repository/Login Admin/Verifikasi Halaman Login Admin' is present

2023-10-06 10:13:11 - [MESSAGE][PASSED] - Call Test Case 'Test Cases/Login Admin/TC-Login Admin-001' successfully

2023-10-06 10:13:11 - [TEST_STEP][PASSED] - click(findTestObject("Product Admin/Master Market")): Object: 'Object Repository/Product Admin/Master Market' is clicked on

2023-10-06 10:13:12 - [MESSAGE][PASSED] - Object: 'Object Repository/Product Admin/Master Market' is clicked on

2023-10-06 10:13:12 - [TEST_STEP][PASSED] - click(findTestObject("Product Admin/Produk Admin")): Object: 'Object Repository/Product Admin/Produk Admin' is clicked on

2023-10-06 10:13:13 - [MESSAGE][PASSED] - Object: 'Object Repository/Product Admin/Produk Admin' is clicked on

2023-10-06 10:13:13 - [TEST_STEP][PASSED] - verifyElementPresent(findTestObject("Product Admin/Veridikasi Halaman Semua Produk"), 0): Object 'Object Repository/Product Admin/Veridikasi Halaman Semua Produk' is present

2023-10-06 10:13:13 - [MESSAGE][WARNING] - Timeout '0' is invalid. Using default page load timeout: '30'

2023-10-06 10:13:13 - [MESSAGE][PASSED] - Object 'Object Repository/Product Admin/Veridikasi Halaman Semua Produk' is present

2023-10-06 10:13:13 - [MESSAGE][PASSED] - Call Test Case 'Test Cases/Product Admin/TC-PA-001' successfully

2023-10-06 10:13:13 - [TEST_STEP][PASSED] - click(findTestObject("Product Admin/Button Edit Product Fleksibel")): Object: 'Object Repository/Product Admin/Button Edit Product Fleksibel' is clicked on

2023-10-06 10:13:14 - [MESSAGE][PASSED] - Object: 'Object Repository/Product Admin/Button Edit Product Fleksibel' is clicked on

2023-10-06 10:13:14 - [TEST_STEP][PASSED] - verifyElementPresent(findTestObject("Product Admin/TambahProduk/Verifikasi Halaman Product Baru"), 0): Object 'Object Repository/Product Admin/TambahProduk/Verifikasi Halaman Product Baru' is present

2023-10-06 10:13:14 - [MESSAGE][WARNING] - Timeout '0' is invalid. Using default page load timeout: '30'

2023-10-06 10:13:14 - [MESSAGE][PASSED] - Object 'Object Repository/Product Admin/TambahProduk/Verifikasi Halaman Product Baru' is present

2023-10-06 10:13:14 - [TEST_STEP][PASSED] - uploadFile(findTestObject("Product Admin/TambahProduk/Input File"), "E:\Pelatihan\Xsis Academy\DJI_0621.DNG"): File 'E:\Pelatihan\Xsis Academy\DJI_0621.DNG' sent to object: 'Object Repository/Product Admin/TambahProduk/Input File'

2023-10-06 10:13:15 - [MESSAGE][PASSED] - File 'E:\Pelatihan\Xsis Academy\DJI_0621.DNG' sent to object: 'Object Repository/Product Admin/TambahProduk/Input File'

2023-10-06 10:13:15 - [TEST_STEP][FAILED] - verifyElementText(findTestObject("Product Admin/TambahProduk/Verifikasi File Lebih besar dari 10MB"), "Error File Lebih besar dari 10 MB"): Verify element text of test object 'Object Repository/Product Admin/TambahProduk/Verifikasi File Lebih besar dari 10MB' FAILED. (Root cause: com.kms.katalon.core.exception.StepFailedException: Verify element text of test object 'Object Repository/Product Admin/TambahProduk/Verifikasi File Lebih besar dari 10MB' FAILED.
	at com.kms.katalon.core.webui.keyword.internal.WebUIKeywordMain.stepFailed(WebUIKeywordMain.groovy:64)
	at com.kms.katalon.core.webui.keyword.internal.WebUIKeywordMain.runKeyword(WebUIKeywordMain.groovy:26)
	at com.kms.katalon.core.webui.keyword.builtin.VerifyElementTextKeyword.verifyElementText(VerifyElementTextKeyword.groovy:72)
	at com.kms.katalon.core.webui.keyword.builtin.VerifyElementTextKeyword.execute(VerifyElementTextKeyword.groovy:40)
	at com.kms.katalon.core.keyword.internal.KeywordExecutor.executeKeywordForPlatform(KeywordExecutor.groovy:74)
	at com.kms.katalon.core.webui.keyword.WebUiBuiltInKeywords.verifyElementText(WebUiBuiltInKeywords.groovy:4749)
	at com.kms.katalon.core.webui.keyword.WebUiBuiltInKeywords$verifyElementText$14.call(Unknown Source)
	at TC-PAN-005.run(TC-PAN-005:28)
	at com.kms.katalon.core.main.ScriptEngine.run(ScriptEngine.java:194)
	at com.kms.katalon.core.main.ScriptEngine.runScriptAsRawText(ScriptEngine.java:119)
	at com.kms.katalon.core.main.TestCaseExecutor.runScript(TestCaseExecutor.java:448)
	at com.kms.katalon.core.main.TestCaseExecutor.doExecute(TestCaseExecutor.java:439)
	at com.kms.katalon.core.main.TestCaseExecutor.processExecutionPhase(TestCaseExecutor.java:418)
	at com.kms.katalon.core.main.TestCaseExecutor.accessMainPhase(TestCaseExecutor.java:410)
	at com.kms.katalon.core.main.TestCaseExecutor.execute(TestCaseExecutor.java:285)
	at com.kms.katalon.core.common.CommonExecutor.accessTestCaseMainPhase(CommonExecutor.java:65)
	at com.kms.katalon.core.main.TestSuiteExecutor.accessTestSuiteMainPhase(TestSuiteExecutor.java:148)
	at com.kms.katalon.core.main.TestSuiteExecutor.execute(TestSuiteExecutor.java:106)
	at com.kms.katalon.core.main.TestCaseMain.startTestSuite(TestCaseMain.java:187)
	at com.kms.katalon.core.main.TestCaseMain$startTestSuite$0.call(Unknown Source)
	at TempTestSuite1696560832015.run(TempTestSuite1696560832015.groovy:36)
Caused by: com.kms.katalon.core.exception.StepFailedException: Actual text 'DJI_0621.DNG is not allowed. Allowed extensions: jpg,png,jpeg,gif' and expected text 'Error File Lebih besar dari 10 MB' of test object 'Object Repository/Product Admin/TambahProduk/Verifikasi File Lebih besar dari 10MB' are NOT matched.
	at com.kms.katalon.core.webui.keyword.internal.WebUIKeywordMain.stepFailed(WebUIKeywordMain.groovy:64)
	at com.kms.katalon.core.webui.keyword.builtin.VerifyElementTextKeyword$_verifyElementText_closure1.doCall(VerifyElementTextKeyword.groovy:57)
	at com.kms.katalon.core.webui.keyword.builtin.VerifyElementTextKeyword$_verifyElementText_closure1.call(VerifyElementTextKeyword.groovy)
	at com.kms.katalon.core.webui.keyword.internal.WebUIKeywordMain.runKeyword(WebUIKeywordMain.groovy:20)
	... 19 more
)

2023-10-06 10:13:15 - [MESSAGE][FAILED] - Actual text 'DJI_0621.DNG is not allowed. Allowed extensions: jpg,png,jpeg,gif' and expected text 'Error File Lebih besar dari 10 MB' of test object 'Object Repository/Product Admin/TambahProduk/Verifikasi File Lebih besar dari 10MB' are NOT matched. (Root cause: com.kms.katalon.core.exception.StepFailedException: Actual text 'DJI_0621.DNG is not allowed. Allowed extensions: jpg,png,jpeg,gif' and expected text 'Error File Lebih besar dari 10 MB' of test object 'Object Repository/Product Admin/TambahProduk/Verifikasi File Lebih besar dari 10MB' are NOT matched.
	at com.kms.katalon.core.webui.keyword.internal.WebUIKeywordMain.stepFailed(WebUIKeywordMain.groovy:64)
	at com.kms.katalon.core.webui.keyword.builtin.VerifyElementTextKeyword$_verifyElementText_closure1.doCall(VerifyElementTextKeyword.groovy:57)
	at com.kms.katalon.core.webui.keyword.builtin.VerifyElementTextKeyword$_verifyElementText_closure1.call(VerifyElementTextKeyword.groovy)
	at com.kms.katalon.core.webui.keyword.internal.WebUIKeywordMain.runKeyword(WebUIKeywordMain.groovy:20)
	at com.kms.katalon.core.webui.keyword.builtin.VerifyElementTextKeyword.verifyElementText(VerifyElementTextKeyword.groovy:72)
	at com.kms.katalon.core.webui.keyword.builtin.VerifyElementTextKeyword.execute(VerifyElementTextKeyword.groovy:40)
	at com.kms.katalon.core.keyword.internal.KeywordExecutor.executeKeywordForPlatform(KeywordExecutor.groovy:74)
	at com.kms.katalon.core.webui.keyword.WebUiBuiltInKeywords.verifyElementText(WebUiBuiltInKeywords.groovy:4749)
	at com.kms.katalon.core.webui.keyword.WebUiBuiltInKeywords$verifyElementText$14.call(Unknown Source)
	at TC-PAN-005.run(TC-PAN-005:28)
	at com.kms.katalon.core.main.ScriptEngine.run(ScriptEngine.java:194)
	at com.kms.katalon.core.main.ScriptEngine.runScriptAsRawText(ScriptEngine.java:119)
	at com.kms.katalon.core.main.TestCaseExecutor.runScript(TestCaseExecutor.java:448)
	at com.kms.katalon.core.main.TestCaseExecutor.doExecute(TestCaseExecutor.java:439)
	at com.kms.katalon.core.main.TestCaseExecutor.processExecutionPhase(TestCaseExecutor.java:418)
	at com.kms.katalon.core.main.TestCaseExecutor.accessMainPhase(TestCaseExecutor.java:410)
	at com.kms.katalon.core.main.TestCaseExecutor.execute(TestCaseExecutor.java:285)
	at com.kms.katalon.core.common.CommonExecutor.accessTestCaseMainPhase(CommonExecutor.java:65)
	at com.kms.katalon.core.main.TestSuiteExecutor.accessTestSuiteMainPhase(TestSuiteExecutor.java:148)
	at com.kms.katalon.core.main.TestSuiteExecutor.execute(TestSuiteExecutor.java:106)
	at com.kms.katalon.core.main.TestCaseMain.startTestSuite(TestCaseMain.java:187)
	at com.kms.katalon.core.main.TestCaseMain$startTestSuite$0.call(Unknown Source)
	at TempTestSuite1696560832015.run(TempTestSuite1696560832015.groovy:36)
)
[[ATTACHMENT|G:\\Project Xsis\\batch-324-qa\\Riswan\\Sprint 2 Product Tajalapak\\Reports\\20231006_095352\\Product Admin\\20231006_095352\\1696561995797.png]]

2023-10-06 10:13:16 - [MESSAGE][FAILED] - Verify element text of test object 'Object Repository/Product Admin/TambahProduk/Verifikasi File Lebih besar dari 10MB' FAILED. (Root cause: com.kms.katalon.core.exception.StepFailedException: Verify element text of test object 'Object Repository/Product Admin/TambahProduk/Verifikasi File Lebih besar dari 10MB' FAILED.
	at com.kms.katalon.core.webui.keyword.internal.WebUIKeywordMain.stepFailed(WebUIKeywordMain.groovy:64)
	at com.kms.katalon.core.webui.keyword.internal.WebUIKeywordMain.runKeyword(WebUIKeywordMain.groovy:26)
	at com.kms.katalon.core.webui.keyword.builtin.VerifyElementTextKeyword.verifyElementText(VerifyElementTextKeyword.groovy:72)
	at com.kms.katalon.core.webui.keyword.builtin.VerifyElementTextKeyword.execute(VerifyElementTextKeyword.groovy:40)
	at com.kms.katalon.core.keyword.internal.KeywordExecutor.executeKeywordForPlatform(KeywordExecutor.groovy:74)
	at com.kms.katalon.core.webui.keyword.WebUiBuiltInKeywords.verifyElementText(WebUiBuiltInKeywords.groovy:4749)
	at com.kms.katalon.core.webui.keyword.WebUiBuiltInKeywords$verifyElementText$14.call(Unknown Source)
	at TC-PAN-005.run(TC-PAN-005:28)
	at com.kms.katalon.core.main.ScriptEngine.run(ScriptEngine.java:194)
	at com.kms.katalon.core.main.ScriptEngine.runScriptAsRawText(ScriptEngine.java:119)
	at com.kms.katalon.core.main.TestCaseExecutor.runScript(TestCaseExecutor.java:448)
	at com.kms.katalon.core.main.TestCaseExecutor.doExecute(TestCaseExecutor.java:439)
	at com.kms.katalon.core.main.TestCaseExecutor.processExecutionPhase(TestCaseExecutor.java:418)
	at com.kms.katalon.core.main.TestCaseExecutor.accessMainPhase(TestCaseExecutor.java:410)
	at com.kms.katalon.core.main.TestCaseExecutor.execute(TestCaseExecutor.java:285)
	at com.kms.katalon.core.common.CommonExecutor.accessTestCaseMainPhase(CommonExecutor.java:65)
	at com.kms.katalon.core.main.TestSuiteExecutor.accessTestSuiteMainPhase(TestSuiteExecutor.java:148)
	at com.kms.katalon.core.main.TestSuiteExecutor.execute(TestSuiteExecutor.java:106)
	at com.kms.katalon.core.main.TestCaseMain.startTestSuite(TestCaseMain.java:187)
	at com.kms.katalon.core.main.TestCaseMain$startTestSuite$0.call(Unknown Source)
	at TempTestSuite1696560832015.run(TempTestSuite1696560832015.groovy:36)
Caused by: com.kms.katalon.core.exception.StepFailedException: Actual text 'DJI_0621.DNG is not allowed. Allowed extensions: jpg,png,jpeg,gif' and expected text 'Error File Lebih besar dari 10 MB' of test object 'Object Repository/Product Admin/TambahProduk/Verifikasi File Lebih besar dari 10MB' are NOT matched.
	at com.kms.katalon.core.webui.keyword.internal.WebUIKeywordMain.stepFailed(WebUIKeywordMain.groovy:64)
	at com.kms.katalon.core.webui.keyword.builtin.VerifyElementTextKeyword$_verifyElementText_closure1.doCall(VerifyElementTextKeyword.groovy:57)
	at com.kms.katalon.core.webui.keyword.builtin.VerifyElementTextKeyword$_verifyElementText_closure1.call(VerifyElementTextKeyword.groovy)
	at com.kms.katalon.core.webui.keyword.internal.WebUIKeywordMain.runKeyword(WebUIKeywordMain.groovy:20)
	... 19 more
)
[[ATTACHMENT|G:\\Project Xsis\\batch-324-qa\\Riswan\\Sprint 2 Product Tajalapak\\Reports\\20231006_095352\\Product Admin\\20231006_095352\\1696561995925.png]]]]></system-out>
         <system-err><![CDATA[2023-10-06 10:12:52 - [TEST_CASE][FAILED] - Test Cases/Product Admin/TC-PAN-005: Test Cases/Product Admin/TC-PAN-005 FAILED.
Reason:
com.kms.katalon.core.exception.StepFailedException: Verify element text of test object 'Object Repository/Product Admin/TambahProduk/Verifikasi File Lebih besar dari 10MB' FAILED.
	at com.kms.katalon.core.webui.keyword.internal.WebUIKeywordMain.stepFailed(WebUIKeywordMain.groovy:64)
	at com.kms.katalon.core.webui.keyword.internal.WebUIKeywordMain.runKeyword(WebUIKeywordMain.groovy:26)
	at com.kms.katalon.core.webui.keyword.builtin.VerifyElementTextKeyword.verifyElementText(VerifyElementTextKeyword.groovy:72)
	at com.kms.katalon.core.webui.keyword.builtin.VerifyElementTextKeyword.execute(VerifyElementTextKeyword.groovy:40)
	at com.kms.katalon.core.keyword.internal.KeywordExecutor.executeKeywordForPlatform(KeywordExecutor.groovy:74)
	at com.kms.katalon.core.webui.keyword.WebUiBuiltInKeywords.verifyElementText(WebUiBuiltInKeywords.groovy:4749)
	at com.kms.katalon.core.webui.keyword.WebUiBuiltInKeywords$verifyElementText$14.call(Unknown Source)
	at TC-PAN-005.run(TC-PAN-005:28)
	at com.kms.katalon.core.main.ScriptEngine.run(ScriptEngine.java:194)
	at com.kms.katalon.core.main.ScriptEngine.runScriptAsRawText(ScriptEngine.java:119)
	at com.kms.katalon.core.main.TestCaseExecutor.runScript(TestCaseExecutor.java:448)
	at com.kms.katalon.core.main.TestCaseExecutor.doExecute(TestCaseExecutor.java:439)
	at com.kms.katalon.core.main.TestCaseExecutor.processExecutionPhase(TestCaseExecutor.java:418)
	at com.kms.katalon.core.main.TestCaseExecutor.accessMainPhase(TestCaseExecutor.java:410)
	at com.kms.katalon.core.main.TestCaseExecutor.execute(TestCaseExecutor.java:285)
	at com.kms.katalon.core.common.CommonExecutor.accessTestCaseMainPhase(CommonExecutor.java:65)
	at com.kms.katalon.core.main.TestSuiteExecutor.accessTestSuiteMainPhase(TestSuiteExecutor.java:148)
	at com.kms.katalon.core.main.TestSuiteExecutor.execute(TestSuiteExecutor.java:106)
	at com.kms.katalon.core.main.TestCaseMain.startTestSuite(TestCaseMain.java:187)
	at com.kms.katalon.core.main.TestCaseMain$startTestSuite$0.call(Unknown Source)
	at TempTestSuite1696560832015.run(TempTestSuite1696560832015.groovy:36)
Caused by: com.kms.katalon.core.exception.StepFailedException: Actual text 'DJI_0621.DNG is not allowed. Allowed extensions: jpg,png,jpeg,gif' and expected text 'Error File Lebih besar dari 10 MB' of test object 'Object Repository/Product Admin/TambahProduk/Verifikasi File Lebih besar dari 10MB' are NOT matched.
	at com.kms.katalon.core.webui.keyword.internal.WebUIKeywordMain.stepFailed(WebUIKeywordMain.groovy:64)
	at com.kms.katalon.core.webui.keyword.builtin.VerifyElementTextKeyword$_verifyElementText_closure1.doCall(VerifyElementTextKeyword.groovy:57)
	at com.kms.katalon.core.webui.keyword.builtin.VerifyElementTextKeyword$_verifyElementText_closure1.call(VerifyElementTextKeyword.groovy)
	at com.kms.katalon.core.webui.keyword.internal.WebUIKeywordMain.runKeyword(WebUIKeywordMain.groovy:20)
	... 19 more]]></system-err>
      </testcase>
      <testcase name="Test Cases/Product Admin/TC-PAN-006" time="54.776" classname="Test Cases/Product Admin/TC-PAN-006" status="FAILED">
         <failure type="FAILED" message="Test Cases/Product Admin/TC-PAN-006 FAILED.
Reason:
com.kms.katalon.core.exception.StepFailedException: Unable to verify object 'Object Repository/Product Admin/Veridikasi Halaman Semua Produk' is not present
	at com.kms.katalon.core.webui.keyword.internal.WebUIKeywordMain.stepFailed(WebUIKeywordMain.groovy:64)
	at com.kms.katalon.core.webui.keyword.internal.WebUIKeywordMain.runKeyword(WebUIKeywordMain.groovy:26)
	at com.kms.katalon.core.webui.keyword.internal.WebUIKeywordMain$runKeyword.call(Unknown Source)
	at com.kms.katalon.core.webui.keyword.builtin.VerifyElementNotPresentKeyword.verifyElementNotPresent(VerifyElementNotPresentKeyword.groovy:122)
	at com.kms.katalon.core.webui.keyword.builtin.VerifyElementNotPresentKeyword.execute(VerifyElementNotPresentKeyword.groovy:68)
	at com.kms.katalon.core.keyword.internal.KeywordExecutor.executeKeywordForPlatform(KeywordExecutor.groovy:74)
	at com.kms.katalon.core.webui.keyword.WebUiBuiltInKeywords.verifyElementNotPresent(WebUiBuiltInKeywords.groovy:1497)
	at com.kms.katalon.core.webui.keyword.WebUiBuiltInKeywords$verifyElementNotPresent$15.call(Unknown Source)
	at TC-PAN-006.run(TC-PAN-006:30)
	at com.kms.katalon.core.main.ScriptEngine.run(ScriptEngine.java:194)
	at com.kms.katalon.core.main.ScriptEngine.runScriptAsRawText(ScriptEngine.java:119)
	at com.kms.katalon.core.main.TestCaseExecutor.runScript(TestCaseExecutor.java:448)
	at com.kms.katalon.core.main.TestCaseExecutor.doExecute(TestCaseExecutor.java:439)
	at com.kms.katalon.core.main.TestCaseExecutor.processExecutionPhase(TestCaseExecutor.java:418)
	at com.kms.katalon.core.main.TestCaseExecutor.accessMainPhase(TestCaseExecutor.java:410)
	at com.kms.katalon.core.main.TestCaseExecutor.execute(TestCaseExecutor.java:285)
	at com.kms.katalon.core.common.CommonExecutor.accessTestCaseMainPhase(CommonExecutor.java:65)
	at com.kms.katalon.core.main.TestSuiteExecutor.accessTestSuiteMainPhase(TestSuiteExecutor.java:148)
	at com.kms.katalon.core.main.TestSuiteExecutor.execute(TestSuiteExecutor.java:106)
	at com.kms.katalon.core.main.TestCaseMain.startTestSuite(TestCaseMain.java:187)
	at com.kms.katalon.core.main.TestCaseMain$startTestSuite$0.call(Unknown Source)
	at TempTestSuite1696560832015.run(TempTestSuite1696560832015.groovy:36)
Caused by: com.kms.katalon.core.exception.StepFailedException: Web element with id: 'Object Repository/Product Admin/Veridikasi Halaman Semua Produk' located by 'By.xpath: (.//*[normalize-space(text()) and normalize-space(.)='Control panel'])[1]/following::h3[1]' is present after '30' second(s)
	at com.kms.katalon.core.webui.keyword.internal.WebUIKeywordMain.stepFailed(WebUIKeywordMain.groovy:64)
	at com.kms.katalon.core.webui.keyword.internal.WebUIKeywordMain$stepFailed$0.call(Unknown Source)
	at com.kms.katalon.core.webui.keyword.builtin.VerifyElementNotPresentKeyword$_verifyElementNotPresent_closure1.doCall(VerifyElementNotPresentKeyword.groovy:113)
	at com.kms.katalon.core.webui.keyword.builtin.VerifyElementNotPresentKeyword$_verifyElementNotPresent_closure1.doCall(VerifyElementNotPresentKeyword.groovy)
	at com.kms.katalon.core.webui.keyword.internal.WebUIKeywordMain.runKeyword(WebUIKeywordMain.groovy:20)
	... 20 more
"/>
         <system-out><![CDATA[2023-10-06 10:13:16 - [TEST_CASE][FAILED] - Test Cases/Product Admin/TC-PAN-006: Test Cases/Product Admin/TC-PAN-006 FAILED.
Reason:
com.kms.katalon.core.exception.StepFailedException: Unable to verify object 'Object Repository/Product Admin/Veridikasi Halaman Semua Produk' is not present
	at com.kms.katalon.core.webui.keyword.internal.WebUIKeywordMain.stepFailed(WebUIKeywordMain.groovy:64)
	at com.kms.katalon.core.webui.keyword.internal.WebUIKeywordMain.runKeyword(WebUIKeywordMain.groovy:26)
	at com.kms.katalon.core.webui.keyword.internal.WebUIKeywordMain$runKeyword.call(Unknown Source)
	at com.kms.katalon.core.webui.keyword.builtin.VerifyElementNotPresentKeyword.verifyElementNotPresent(VerifyElementNotPresentKeyword.groovy:122)
	at com.kms.katalon.core.webui.keyword.builtin.VerifyElementNotPresentKeyword.execute(VerifyElementNotPresentKeyword.groovy:68)
	at com.kms.katalon.core.keyword.internal.KeywordExecutor.executeKeywordForPlatform(KeywordExecutor.groovy:74)
	at com.kms.katalon.core.webui.keyword.WebUiBuiltInKeywords.verifyElementNotPresent(WebUiBuiltInKeywords.groovy:1497)
	at com.kms.katalon.core.webui.keyword.WebUiBuiltInKeywords$verifyElementNotPresent$15.call(Unknown Source)
	at TC-PAN-006.run(TC-PAN-006:30)
	at com.kms.katalon.core.main.ScriptEngine.run(ScriptEngine.java:194)
	at com.kms.katalon.core.main.ScriptEngine.runScriptAsRawText(ScriptEngine.java:119)
	at com.kms.katalon.core.main.TestCaseExecutor.runScript(TestCaseExecutor.java:448)
	at com.kms.katalon.core.main.TestCaseExecutor.doExecute(TestCaseExecutor.java:439)
	at com.kms.katalon.core.main.TestCaseExecutor.processExecutionPhase(TestCaseExecutor.java:418)
	at com.kms.katalon.core.main.TestCaseExecutor.accessMainPhase(TestCaseExecutor.java:410)
	at com.kms.katalon.core.main.TestCaseExecutor.execute(TestCaseExecutor.java:285)
	at com.kms.katalon.core.common.CommonExecutor.accessTestCaseMainPhase(CommonExecutor.java:65)
	at com.kms.katalon.core.main.TestSuiteExecutor.accessTestSuiteMainPhase(TestSuiteExecutor.java:148)
	at com.kms.katalon.core.main.TestSuiteExecutor.execute(TestSuiteExecutor.java:106)
	at com.kms.katalon.core.main.TestCaseMain.startTestSuite(TestCaseMain.java:187)
	at com.kms.katalon.core.main.TestCaseMain$startTestSuite$0.call(Unknown Source)
	at TempTestSuite1696560832015.run(TempTestSuite1696560832015.groovy:36)
Caused by: com.kms.katalon.core.exception.StepFailedException: Web element with id: 'Object Repository/Product Admin/Veridikasi Halaman Semua Produk' located by 'By.xpath: (.//*[normalize-space(text()) and normalize-space(.)='Control panel'])[1]/following::h3[1]' is present after '30' second(s)
	at com.kms.katalon.core.webui.keyword.internal.WebUIKeywordMain.stepFailed(WebUIKeywordMain.groovy:64)
	at com.kms.katalon.core.webui.keyword.internal.WebUIKeywordMain$stepFailed$0.call(Unknown Source)
	at com.kms.katalon.core.webui.keyword.builtin.VerifyElementNotPresentKeyword$_verifyElementNotPresent_closure1.doCall(VerifyElementNotPresentKeyword.groovy:113)
	at com.kms.katalon.core.webui.keyword.builtin.VerifyElementNotPresentKeyword$_verifyElementNotPresent_closure1.doCall(VerifyElementNotPresentKeyword.groovy)
	at com.kms.katalon.core.webui.keyword.internal.WebUIKeywordMain.runKeyword(WebUIKeywordMain.groovy:20)
	... 20 more


2023-10-06 10:13:16 - [TEST_STEP][PASSED] - callTestCase(findTestCase("Product Admin/TC-PA-001"), [:], STOP_ON_FAILURE): Call Test Case 'Test Cases/Product Admin/TC-PA-001' successfully

2023-10-06 10:13:16 - [TEST_CASE][PASSED] - Test Cases/Product Admin/TC-PA-001: Test Cases/Product Admin/TC-PA-001

2023-10-06 10:13:16 - [TEST_STEP][PASSED] - callTestCase(findTestCase("Login Admin/TC-Login Admin-001"), [:], STOP_ON_FAILURE): Call Test Case 'Test Cases/Login Admin/TC-Login Admin-001' successfully

2023-10-06 10:13:16 - [TEST_CASE][PASSED] - Test Cases/Login Admin/TC-Login Admin-001: Test Cases/Login Admin/TC-Login Admin-001

2023-10-06 10:13:16 - [TEST_STEP][PASSED] - openBrowser(adminTajalapak): Browser is opened with url: 'https://10.9.2.63/ecommerce/administrator'

2023-10-06 10:13:16 - [MESSAGE][WARNING] - A browser is already opened. Closing browser and opening a new one

2023-10-06 10:13:17 - [MESSAGE][INFO] - Starting 'Edge Chromium' driver

2023-10-06 10:13:17 - [MESSAGE][INFO] - User set preference: ['acceptInsecureCerts', 'true']

2023-10-06 10:13:18 - [MESSAGE][INFO] - Action delay is set to 0 milliseconds

2023-10-06 10:13:21 - [MESSAGE][PASSED] - Browser is opened with url: 'https://10.9.2.63/ecommerce/administrator'

2023-10-06 10:13:21 - [TEST_STEP][PASSED] - maximizeWindow(): Current window maximized

2023-10-06 10:13:21 - [MESSAGE][PASSED] - Current window maximized

2023-10-06 10:13:21 - [TEST_STEP][PASSED] - verifyElementPresent(findTestObject("Login Admin/Verifikasi Halaman Administrator"), 0): Object 'Object Repository/Login Admin/Verifikasi Halaman Administrator' is present

2023-10-06 10:13:21 - [MESSAGE][WARNING] - Timeout '0' is invalid. Using default page load timeout: '30'

2023-10-06 10:13:21 - [MESSAGE][PASSED] - Object 'Object Repository/Login Admin/Verifikasi Halaman Administrator' is present

2023-10-06 10:13:21 - [TEST_STEP][PASSED] - setText(findTestObject("Login Admin/Input Username Admin"), "admin"): Text 'admin' is set on object 'Object Repository/Login Admin/Input Username Admin'

2023-10-06 10:13:22 - [MESSAGE][PASSED] - Text 'admin' is set on object 'Object Repository/Login Admin/Input Username Admin'

2023-10-06 10:13:22 - [TEST_STEP][PASSED] - setEncryptedText(findTestObject("Login Admin/Input Password Admin"), "374mkdZ/lqyNS21oH+MJZQ=="): Text ****** has been set on object 'Object Repository/Login Admin/Input Password Admin'

2023-10-06 10:13:22 - [MESSAGE][PASSED] - Text ****** has been set on object 'Object Repository/Login Admin/Input Password Admin'

2023-10-06 10:13:22 - [TEST_STEP][PASSED] - delay(10): Delayed 10 second(s)

2023-10-06 10:13:32 - [MESSAGE][PASSED] - Delayed 10 second(s)

2023-10-06 10:13:32 - [TEST_STEP][PASSED] - click(findTestObject("Login Admin/Botton Sign In")): Object: 'Object Repository/Login Admin/Botton Sign In' is clicked on

2023-10-06 10:13:34 - [MESSAGE][PASSED] - Object: 'Object Repository/Login Admin/Botton Sign In' is clicked on

2023-10-06 10:13:34 - [TEST_STEP][PASSED] - verifyElementPresent(findTestObject("Login Admin/Verifikasi Halaman Login Admin"), 0): Object 'Object Repository/Login Admin/Verifikasi Halaman Login Admin' is present

2023-10-06 10:13:34 - [MESSAGE][WARNING] - Timeout '0' is invalid. Using default page load timeout: '30'

2023-10-06 10:13:34 - [MESSAGE][PASSED] - Object 'Object Repository/Login Admin/Verifikasi Halaman Login Admin' is present

2023-10-06 10:13:34 - [MESSAGE][PASSED] - Call Test Case 'Test Cases/Login Admin/TC-Login Admin-001' successfully

2023-10-06 10:13:34 - [TEST_STEP][PASSED] - click(findTestObject("Product Admin/Master Market")): Object: 'Object Repository/Product Admin/Master Market' is clicked on

2023-10-06 10:13:35 - [MESSAGE][PASSED] - Object: 'Object Repository/Product Admin/Master Market' is clicked on

2023-10-06 10:13:35 - [TEST_STEP][PASSED] - click(findTestObject("Product Admin/Produk Admin")): Object: 'Object Repository/Product Admin/Produk Admin' is clicked on

2023-10-06 10:13:36 - [MESSAGE][PASSED] - Object: 'Object Repository/Product Admin/Produk Admin' is clicked on

2023-10-06 10:13:36 - [TEST_STEP][PASSED] - verifyElementPresent(findTestObject("Product Admin/Veridikasi Halaman Semua Produk"), 0): Object 'Object Repository/Product Admin/Veridikasi Halaman Semua Produk' is present

2023-10-06 10:13:36 - [MESSAGE][WARNING] - Timeout '0' is invalid. Using default page load timeout: '30'

2023-10-06 10:13:36 - [MESSAGE][PASSED] - Object 'Object Repository/Product Admin/Veridikasi Halaman Semua Produk' is present

2023-10-06 10:13:36 - [MESSAGE][PASSED] - Call Test Case 'Test Cases/Product Admin/TC-PA-001' successfully

2023-10-06 10:13:36 - [TEST_STEP][PASSED] - click(findTestObject("Product Admin/Button Edit Product Fleksibel")): Object: 'Object Repository/Product Admin/Button Edit Product Fleksibel' is clicked on

2023-10-06 10:13:37 - [MESSAGE][PASSED] - Object: 'Object Repository/Product Admin/Button Edit Product Fleksibel' is clicked on

2023-10-06 10:13:37 - [TEST_STEP][PASSED] - verifyElementPresent(findTestObject("Product Admin/TambahProduk/Verifikasi Halaman Product Baru"), 0): Object 'Object Repository/Product Admin/TambahProduk/Verifikasi Halaman Product Baru' is present

2023-10-06 10:13:37 - [MESSAGE][WARNING] - Timeout '0' is invalid. Using default page load timeout: '30'

2023-10-06 10:13:38 - [MESSAGE][PASSED] - Object 'Object Repository/Product Admin/TambahProduk/Verifikasi Halaman Product Baru' is present

2023-10-06 10:13:38 - [TEST_STEP][PASSED] - setText(findTestObject("Product Admin/TambahProduk/Input Satuan Produk"), "1"): Text '1' is set on object 'Object Repository/Product Admin/TambahProduk/Input Satuan Produk'

2023-10-06 10:13:38 - [MESSAGE][PASSED] - Text '1' is set on object 'Object Repository/Product Admin/TambahProduk/Input Satuan Produk'

2023-10-06 10:13:38 - [TEST_STEP][PASSED] - click(findTestObject("Product Admin/TambahProduk/Button Update Data")): Object: 'Object Repository/Product Admin/TambahProduk/Button Update Data' is clicked on

2023-10-06 10:13:40 - [MESSAGE][PASSED] - Object: 'Object Repository/Product Admin/TambahProduk/Button Update Data' is clicked on

2023-10-06 10:13:40 - [TEST_STEP][FAILED] - verifyElementNotPresent(findTestObject("Product Admin/Veridikasi Halaman Semua Produk"), 0): Unable to verify object 'Object Repository/Product Admin/Veridikasi Halaman Semua Produk' is not present (Root cause: com.kms.katalon.core.exception.StepFailedException: Unable to verify object 'Object Repository/Product Admin/Veridikasi Halaman Semua Produk' is not present
	at com.kms.katalon.core.webui.keyword.internal.WebUIKeywordMain.stepFailed(WebUIKeywordMain.groovy:64)
	at com.kms.katalon.core.webui.keyword.internal.WebUIKeywordMain.runKeyword(WebUIKeywordMain.groovy:26)
	at com.kms.katalon.core.webui.keyword.internal.WebUIKeywordMain$runKeyword.call(Unknown Source)
	at com.kms.katalon.core.webui.keyword.builtin.VerifyElementNotPresentKeyword.verifyElementNotPresent(VerifyElementNotPresentKeyword.groovy:122)
	at com.kms.katalon.core.webui.keyword.builtin.VerifyElementNotPresentKeyword.execute(VerifyElementNotPresentKeyword.groovy:68)
	at com.kms.katalon.core.keyword.internal.KeywordExecutor.executeKeywordForPlatform(KeywordExecutor.groovy:74)
	at com.kms.katalon.core.webui.keyword.WebUiBuiltInKeywords.verifyElementNotPresent(WebUiBuiltInKeywords.groovy:1497)
	at com.kms.katalon.core.webui.keyword.WebUiBuiltInKeywords$verifyElementNotPresent$15.call(Unknown Source)
	at TC-PAN-006.run(TC-PAN-006:30)
	at com.kms.katalon.core.main.ScriptEngine.run(ScriptEngine.java:194)
	at com.kms.katalon.core.main.ScriptEngine.runScriptAsRawText(ScriptEngine.java:119)
	at com.kms.katalon.core.main.TestCaseExecutor.runScript(TestCaseExecutor.java:448)
	at com.kms.katalon.core.main.TestCaseExecutor.doExecute(TestCaseExecutor.java:439)
	at com.kms.katalon.core.main.TestCaseExecutor.processExecutionPhase(TestCaseExecutor.java:418)
	at com.kms.katalon.core.main.TestCaseExecutor.accessMainPhase(TestCaseExecutor.java:410)
	at com.kms.katalon.core.main.TestCaseExecutor.execute(TestCaseExecutor.java:285)
	at com.kms.katalon.core.common.CommonExecutor.accessTestCaseMainPhase(CommonExecutor.java:65)
	at com.kms.katalon.core.main.TestSuiteExecutor.accessTestSuiteMainPhase(TestSuiteExecutor.java:148)
	at com.kms.katalon.core.main.TestSuiteExecutor.execute(TestSuiteExecutor.java:106)
	at com.kms.katalon.core.main.TestCaseMain.startTestSuite(TestCaseMain.java:187)
	at com.kms.katalon.core.main.TestCaseMain$startTestSuite$0.call(Unknown Source)
	at TempTestSuite1696560832015.run(TempTestSuite1696560832015.groovy:36)
Caused by: com.kms.katalon.core.exception.StepFailedException: Web element with id: 'Object Repository/Product Admin/Veridikasi Halaman Semua Produk' located by 'By.xpath: (.//*[normalize-space(text()) and normalize-space(.)='Control panel'])[1]/following::h3[1]' is present after '30' second(s)
	at com.kms.katalon.core.webui.keyword.internal.WebUIKeywordMain.stepFailed(WebUIKeywordMain.groovy:64)
	at com.kms.katalon.core.webui.keyword.internal.WebUIKeywordMain$stepFailed$0.call(Unknown Source)
	at com.kms.katalon.core.webui.keyword.builtin.VerifyElementNotPresentKeyword$_verifyElementNotPresent_closure1.doCall(VerifyElementNotPresentKeyword.groovy:113)
	at com.kms.katalon.core.webui.keyword.builtin.VerifyElementNotPresentKeyword$_verifyElementNotPresent_closure1.doCall(VerifyElementNotPresentKeyword.groovy)
	at com.kms.katalon.core.webui.keyword.internal.WebUIKeywordMain.runKeyword(WebUIKeywordMain.groovy:20)
	... 20 more
)

2023-10-06 10:13:40 - [MESSAGE][WARNING] - Timeout '0' is invalid. Using default page load timeout: '30'

2023-10-06 10:14:10 - [MESSAGE][FAILED] - Web element with id: 'Object Repository/Product Admin/Veridikasi Halaman Semua Produk' located by 'By.xpath: (.//*[normalize-space(text()) and normalize-space(.)='Control panel'])[1]/following::h3[1]' is present after '30' second(s) (Root cause: com.kms.katalon.core.exception.StepFailedException: Web element with id: 'Object Repository/Product Admin/Veridikasi Halaman Semua Produk' located by 'By.xpath: (.//*[normalize-space(text()) and normalize-space(.)='Control panel'])[1]/following::h3[1]' is present after '30' second(s)
	at com.kms.katalon.core.webui.keyword.internal.WebUIKeywordMain.stepFailed(WebUIKeywordMain.groovy:64)
	at com.kms.katalon.core.webui.keyword.internal.WebUIKeywordMain$stepFailed$0.call(Unknown Source)
	at com.kms.katalon.core.webui.keyword.builtin.VerifyElementNotPresentKeyword$_verifyElementNotPresent_closure1.doCall(VerifyElementNotPresentKeyword.groovy:113)
	at com.kms.katalon.core.webui.keyword.builtin.VerifyElementNotPresentKeyword$_verifyElementNotPresent_closure1.doCall(VerifyElementNotPresentKeyword.groovy)
	at com.kms.katalon.core.webui.keyword.internal.WebUIKeywordMain.runKeyword(WebUIKeywordMain.groovy:20)
	at com.kms.katalon.core.webui.keyword.internal.WebUIKeywordMain$runKeyword.call(Unknown Source)
	at com.kms.katalon.core.webui.keyword.builtin.VerifyElementNotPresentKeyword.verifyElementNotPresent(VerifyElementNotPresentKeyword.groovy:122)
	at com.kms.katalon.core.webui.keyword.builtin.VerifyElementNotPresentKeyword.execute(VerifyElementNotPresentKeyword.groovy:68)
	at com.kms.katalon.core.keyword.internal.KeywordExecutor.executeKeywordForPlatform(KeywordExecutor.groovy:74)
	at com.kms.katalon.core.webui.keyword.WebUiBuiltInKeywords.verifyElementNotPresent(WebUiBuiltInKeywords.groovy:1497)
	at com.kms.katalon.core.webui.keyword.WebUiBuiltInKeywords$verifyElementNotPresent$15.call(Unknown Source)
	at TC-PAN-006.run(TC-PAN-006:30)
	at com.kms.katalon.core.main.ScriptEngine.run(ScriptEngine.java:194)
	at com.kms.katalon.core.main.ScriptEngine.runScriptAsRawText(ScriptEngine.java:119)
	at com.kms.katalon.core.main.TestCaseExecutor.runScript(TestCaseExecutor.java:448)
	at com.kms.katalon.core.main.TestCaseExecutor.doExecute(TestCaseExecutor.java:439)
	at com.kms.katalon.core.main.TestCaseExecutor.processExecutionPhase(TestCaseExecutor.java:418)
	at com.kms.katalon.core.main.TestCaseExecutor.accessMainPhase(TestCaseExecutor.java:410)
	at com.kms.katalon.core.main.TestCaseExecutor.execute(TestCaseExecutor.java:285)
	at com.kms.katalon.core.common.CommonExecutor.accessTestCaseMainPhase(CommonExecutor.java:65)
	at com.kms.katalon.core.main.TestSuiteExecutor.accessTestSuiteMainPhase(TestSuiteExecutor.java:148)
	at com.kms.katalon.core.main.TestSuiteExecutor.execute(TestSuiteExecutor.java:106)
	at com.kms.katalon.core.main.TestCaseMain.startTestSuite(TestCaseMain.java:187)
	at com.kms.katalon.core.main.TestCaseMain$startTestSuite$0.call(Unknown Source)
	at TempTestSuite1696560832015.run(TempTestSuite1696560832015.groovy:36)
)
[[ATTACHMENT|G:\\Project Xsis\\batch-324-qa\\Riswan\\Sprint 2 Product Tajalapak\\Reports\\20231006_095352\\Product Admin\\20231006_095352\\1696562050569.png]]

2023-10-06 10:14:10 - [MESSAGE][FAILED] - Unable to verify object 'Object Repository/Product Admin/Veridikasi Halaman Semua Produk' is not present (Root cause: com.kms.katalon.core.exception.StepFailedException: Unable to verify object 'Object Repository/Product Admin/Veridikasi Halaman Semua Produk' is not present
	at com.kms.katalon.core.webui.keyword.internal.WebUIKeywordMain.stepFailed(WebUIKeywordMain.groovy:64)
	at com.kms.katalon.core.webui.keyword.internal.WebUIKeywordMain.runKeyword(WebUIKeywordMain.groovy:26)
	at com.kms.katalon.core.webui.keyword.internal.WebUIKeywordMain$runKeyword.call(Unknown Source)
	at com.kms.katalon.core.webui.keyword.builtin.VerifyElementNotPresentKeyword.verifyElementNotPresent(VerifyElementNotPresentKeyword.groovy:122)
	at com.kms.katalon.core.webui.keyword.builtin.VerifyElementNotPresentKeyword.execute(VerifyElementNotPresentKeyword.groovy:68)
	at com.kms.katalon.core.keyword.internal.KeywordExecutor.executeKeywordForPlatform(KeywordExecutor.groovy:74)
	at com.kms.katalon.core.webui.keyword.WebUiBuiltInKeywords.verifyElementNotPresent(WebUiBuiltInKeywords.groovy:1497)
	at com.kms.katalon.core.webui.keyword.WebUiBuiltInKeywords$verifyElementNotPresent$15.call(Unknown Source)
	at TC-PAN-006.run(TC-PAN-006:30)
	at com.kms.katalon.core.main.ScriptEngine.run(ScriptEngine.java:194)
	at com.kms.katalon.core.main.ScriptEngine.runScriptAsRawText(ScriptEngine.java:119)
	at com.kms.katalon.core.main.TestCaseExecutor.runScript(TestCaseExecutor.java:448)
	at com.kms.katalon.core.main.TestCaseExecutor.doExecute(TestCaseExecutor.java:439)
	at com.kms.katalon.core.main.TestCaseExecutor.processExecutionPhase(TestCaseExecutor.java:418)
	at com.kms.katalon.core.main.TestCaseExecutor.accessMainPhase(TestCaseExecutor.java:410)
	at com.kms.katalon.core.main.TestCaseExecutor.execute(TestCaseExecutor.java:285)
	at com.kms.katalon.core.common.CommonExecutor.accessTestCaseMainPhase(CommonExecutor.java:65)
	at com.kms.katalon.core.main.TestSuiteExecutor.accessTestSuiteMainPhase(TestSuiteExecutor.java:148)
	at com.kms.katalon.core.main.TestSuiteExecutor.execute(TestSuiteExecutor.java:106)
	at com.kms.katalon.core.main.TestCaseMain.startTestSuite(TestCaseMain.java:187)
	at com.kms.katalon.core.main.TestCaseMain$startTestSuite$0.call(Unknown Source)
	at TempTestSuite1696560832015.run(TempTestSuite1696560832015.groovy:36)
Caused by: com.kms.katalon.core.exception.StepFailedException: Web element with id: 'Object Repository/Product Admin/Veridikasi Halaman Semua Produk' located by 'By.xpath: (.//*[normalize-space(text()) and normalize-space(.)='Control panel'])[1]/following::h3[1]' is present after '30' second(s)
	at com.kms.katalon.core.webui.keyword.internal.WebUIKeywordMain.stepFailed(WebUIKeywordMain.groovy:64)
	at com.kms.katalon.core.webui.keyword.internal.WebUIKeywordMain$stepFailed$0.call(Unknown Source)
	at com.kms.katalon.core.webui.keyword.builtin.VerifyElementNotPresentKeyword$_verifyElementNotPresent_closure1.doCall(VerifyElementNotPresentKeyword.groovy:113)
	at com.kms.katalon.core.webui.keyword.builtin.VerifyElementNotPresentKeyword$_verifyElementNotPresent_closure1.doCall(VerifyElementNotPresentKeyword.groovy)
	at com.kms.katalon.core.webui.keyword.internal.WebUIKeywordMain.runKeyword(WebUIKeywordMain.groovy:20)
	... 20 more
)
[[ATTACHMENT|G:\\Project Xsis\\batch-324-qa\\Riswan\\Sprint 2 Product Tajalapak\\Reports\\20231006_095352\\Product Admin\\20231006_095352\\1696562050687.png]]]]></system-out>
         <system-err><![CDATA[2023-10-06 10:13:16 - [TEST_CASE][FAILED] - Test Cases/Product Admin/TC-PAN-006: Test Cases/Product Admin/TC-PAN-006 FAILED.
Reason:
com.kms.katalon.core.exception.StepFailedException: Unable to verify object 'Object Repository/Product Admin/Veridikasi Halaman Semua Produk' is not present
	at com.kms.katalon.core.webui.keyword.internal.WebUIKeywordMain.stepFailed(WebUIKeywordMain.groovy:64)
	at com.kms.katalon.core.webui.keyword.internal.WebUIKeywordMain.runKeyword(WebUIKeywordMain.groovy:26)
	at com.kms.katalon.core.webui.keyword.internal.WebUIKeywordMain$runKeyword.call(Unknown Source)
	at com.kms.katalon.core.webui.keyword.builtin.VerifyElementNotPresentKeyword.verifyElementNotPresent(VerifyElementNotPresentKeyword.groovy:122)
	at com.kms.katalon.core.webui.keyword.builtin.VerifyElementNotPresentKeyword.execute(VerifyElementNotPresentKeyword.groovy:68)
	at com.kms.katalon.core.keyword.internal.KeywordExecutor.executeKeywordForPlatform(KeywordExecutor.groovy:74)
	at com.kms.katalon.core.webui.keyword.WebUiBuiltInKeywords.verifyElementNotPresent(WebUiBuiltInKeywords.groovy:1497)
	at com.kms.katalon.core.webui.keyword.WebUiBuiltInKeywords$verifyElementNotPresent$15.call(Unknown Source)
	at TC-PAN-006.run(TC-PAN-006:30)
	at com.kms.katalon.core.main.ScriptEngine.run(ScriptEngine.java:194)
	at com.kms.katalon.core.main.ScriptEngine.runScriptAsRawText(ScriptEngine.java:119)
	at com.kms.katalon.core.main.TestCaseExecutor.runScript(TestCaseExecutor.java:448)
	at com.kms.katalon.core.main.TestCaseExecutor.doExecute(TestCaseExecutor.java:439)
	at com.kms.katalon.core.main.TestCaseExecutor.processExecutionPhase(TestCaseExecutor.java:418)
	at com.kms.katalon.core.main.TestCaseExecutor.accessMainPhase(TestCaseExecutor.java:410)
	at com.kms.katalon.core.main.TestCaseExecutor.execute(TestCaseExecutor.java:285)
	at com.kms.katalon.core.common.CommonExecutor.accessTestCaseMainPhase(CommonExecutor.java:65)
	at com.kms.katalon.core.main.TestSuiteExecutor.accessTestSuiteMainPhase(TestSuiteExecutor.java:148)
	at com.kms.katalon.core.main.TestSuiteExecutor.execute(TestSuiteExecutor.java:106)
	at com.kms.katalon.core.main.TestCaseMain.startTestSuite(TestCaseMain.java:187)
	at com.kms.katalon.core.main.TestCaseMain$startTestSuite$0.call(Unknown Source)
	at TempTestSuite1696560832015.run(TempTestSuite1696560832015.groovy:36)
Caused by: com.kms.katalon.core.exception.StepFailedException: Web element with id: 'Object Repository/Product Admin/Veridikasi Halaman Semua Produk' located by 'By.xpath: (.//*[normalize-space(text()) and normalize-space(.)='Control panel'])[1]/following::h3[1]' is present after '30' second(s)
	at com.kms.katalon.core.webui.keyword.internal.WebUIKeywordMain.stepFailed(WebUIKeywordMain.groovy:64)
	at com.kms.katalon.core.webui.keyword.internal.WebUIKeywordMain$stepFailed$0.call(Unknown Source)
	at com.kms.katalon.core.webui.keyword.builtin.VerifyElementNotPresentKeyword$_verifyElementNotPresent_closure1.doCall(VerifyElementNotPresentKeyword.groovy:113)
	at com.kms.katalon.core.webui.keyword.builtin.VerifyElementNotPresentKeyword$_verifyElementNotPresent_closure1.doCall(VerifyElementNotPresentKeyword.groovy)
	at com.kms.katalon.core.webui.keyword.internal.WebUIKeywordMain.runKeyword(WebUIKeywordMain.groovy:20)
	... 20 more]]></system-err>
      </testcase>
      <testcase name="Test Cases/Product Admin/TC-PAN-007" time="55.44" classname="Test Cases/Product Admin/TC-PAN-007" status="FAILED">
         <failure type="FAILED" message="Test Cases/Product Admin/TC-PAN-007 FAILED.
Reason:
com.kms.katalon.core.exception.StepFailedException: Unable to verify object 'Object Repository/Product Admin/Veridikasi Halaman Semua Produk' is not present
	at com.kms.katalon.core.webui.keyword.internal.WebUIKeywordMain.stepFailed(WebUIKeywordMain.groovy:64)
	at com.kms.katalon.core.webui.keyword.internal.WebUIKeywordMain.runKeyword(WebUIKeywordMain.groovy:26)
	at com.kms.katalon.core.webui.keyword.internal.WebUIKeywordMain$runKeyword.call(Unknown Source)
	at com.kms.katalon.core.webui.keyword.builtin.VerifyElementNotPresentKeyword.verifyElementNotPresent(VerifyElementNotPresentKeyword.groovy:122)
	at com.kms.katalon.core.webui.keyword.builtin.VerifyElementNotPresentKeyword.execute(VerifyElementNotPresentKeyword.groovy:68)
	at com.kms.katalon.core.keyword.internal.KeywordExecutor.executeKeywordForPlatform(KeywordExecutor.groovy:74)
	at com.kms.katalon.core.webui.keyword.WebUiBuiltInKeywords.verifyElementNotPresent(WebUiBuiltInKeywords.groovy:1497)
	at com.kms.katalon.core.webui.keyword.WebUiBuiltInKeywords$verifyElementNotPresent$15.call(Unknown Source)
	at TC-PAN-007.run(TC-PAN-007:30)
	at com.kms.katalon.core.main.ScriptEngine.run(ScriptEngine.java:194)
	at com.kms.katalon.core.main.ScriptEngine.runScriptAsRawText(ScriptEngine.java:119)
	at com.kms.katalon.core.main.TestCaseExecutor.runScript(TestCaseExecutor.java:448)
	at com.kms.katalon.core.main.TestCaseExecutor.doExecute(TestCaseExecutor.java:439)
	at com.kms.katalon.core.main.TestCaseExecutor.processExecutionPhase(TestCaseExecutor.java:418)
	at com.kms.katalon.core.main.TestCaseExecutor.accessMainPhase(TestCaseExecutor.java:410)
	at com.kms.katalon.core.main.TestCaseExecutor.execute(TestCaseExecutor.java:285)
	at com.kms.katalon.core.common.CommonExecutor.accessTestCaseMainPhase(CommonExecutor.java:65)
	at com.kms.katalon.core.main.TestSuiteExecutor.accessTestSuiteMainPhase(TestSuiteExecutor.java:148)
	at com.kms.katalon.core.main.TestSuiteExecutor.execute(TestSuiteExecutor.java:106)
	at com.kms.katalon.core.main.TestCaseMain.startTestSuite(TestCaseMain.java:187)
	at com.kms.katalon.core.main.TestCaseMain$startTestSuite$0.call(Unknown Source)
	at TempTestSuite1696560832015.run(TempTestSuite1696560832015.groovy:36)
Caused by: com.kms.katalon.core.exception.StepFailedException: Web element with id: 'Object Repository/Product Admin/Veridikasi Halaman Semua Produk' located by 'By.xpath: (.//*[normalize-space(text()) and normalize-space(.)='Control panel'])[1]/following::h3[1]' is present after '30' second(s)
	at com.kms.katalon.core.webui.keyword.internal.WebUIKeywordMain.stepFailed(WebUIKeywordMain.groovy:64)
	at com.kms.katalon.core.webui.keyword.internal.WebUIKeywordMain$stepFailed$0.call(Unknown Source)
	at com.kms.katalon.core.webui.keyword.builtin.VerifyElementNotPresentKeyword$_verifyElementNotPresent_closure1.doCall(VerifyElementNotPresentKeyword.groovy:113)
	at com.kms.katalon.core.webui.keyword.builtin.VerifyElementNotPresentKeyword$_verifyElementNotPresent_closure1.doCall(VerifyElementNotPresentKeyword.groovy)
	at com.kms.katalon.core.webui.keyword.internal.WebUIKeywordMain.runKeyword(WebUIKeywordMain.groovy:20)
	... 20 more
"/>
         <system-out><![CDATA[2023-10-06 10:14:10 - [TEST_CASE][FAILED] - Test Cases/Product Admin/TC-PAN-007: Test Cases/Product Admin/TC-PAN-007 FAILED.
Reason:
com.kms.katalon.core.exception.StepFailedException: Unable to verify object 'Object Repository/Product Admin/Veridikasi Halaman Semua Produk' is not present
	at com.kms.katalon.core.webui.keyword.internal.WebUIKeywordMain.stepFailed(WebUIKeywordMain.groovy:64)
	at com.kms.katalon.core.webui.keyword.internal.WebUIKeywordMain.runKeyword(WebUIKeywordMain.groovy:26)
	at com.kms.katalon.core.webui.keyword.internal.WebUIKeywordMain$runKeyword.call(Unknown Source)
	at com.kms.katalon.core.webui.keyword.builtin.VerifyElementNotPresentKeyword.verifyElementNotPresent(VerifyElementNotPresentKeyword.groovy:122)
	at com.kms.katalon.core.webui.keyword.builtin.VerifyElementNotPresentKeyword.execute(VerifyElementNotPresentKeyword.groovy:68)
	at com.kms.katalon.core.keyword.internal.KeywordExecutor.executeKeywordForPlatform(KeywordExecutor.groovy:74)
	at com.kms.katalon.core.webui.keyword.WebUiBuiltInKeywords.verifyElementNotPresent(WebUiBuiltInKeywords.groovy:1497)
	at com.kms.katalon.core.webui.keyword.WebUiBuiltInKeywords$verifyElementNotPresent$15.call(Unknown Source)
	at TC-PAN-007.run(TC-PAN-007:30)
	at com.kms.katalon.core.main.ScriptEngine.run(ScriptEngine.java:194)
	at com.kms.katalon.core.main.ScriptEngine.runScriptAsRawText(ScriptEngine.java:119)
	at com.kms.katalon.core.main.TestCaseExecutor.runScript(TestCaseExecutor.java:448)
	at com.kms.katalon.core.main.TestCaseExecutor.doExecute(TestCaseExecutor.java:439)
	at com.kms.katalon.core.main.TestCaseExecutor.processExecutionPhase(TestCaseExecutor.java:418)
	at com.kms.katalon.core.main.TestCaseExecutor.accessMainPhase(TestCaseExecutor.java:410)
	at com.kms.katalon.core.main.TestCaseExecutor.execute(TestCaseExecutor.java:285)
	at com.kms.katalon.core.common.CommonExecutor.accessTestCaseMainPhase(CommonExecutor.java:65)
	at com.kms.katalon.core.main.TestSuiteExecutor.accessTestSuiteMainPhase(TestSuiteExecutor.java:148)
	at com.kms.katalon.core.main.TestSuiteExecutor.execute(TestSuiteExecutor.java:106)
	at com.kms.katalon.core.main.TestCaseMain.startTestSuite(TestCaseMain.java:187)
	at com.kms.katalon.core.main.TestCaseMain$startTestSuite$0.call(Unknown Source)
	at TempTestSuite1696560832015.run(TempTestSuite1696560832015.groovy:36)
Caused by: com.kms.katalon.core.exception.StepFailedException: Web element with id: 'Object Repository/Product Admin/Veridikasi Halaman Semua Produk' located by 'By.xpath: (.//*[normalize-space(text()) and normalize-space(.)='Control panel'])[1]/following::h3[1]' is present after '30' second(s)
	at com.kms.katalon.core.webui.keyword.internal.WebUIKeywordMain.stepFailed(WebUIKeywordMain.groovy:64)
	at com.kms.katalon.core.webui.keyword.internal.WebUIKeywordMain$stepFailed$0.call(Unknown Source)
	at com.kms.katalon.core.webui.keyword.builtin.VerifyElementNotPresentKeyword$_verifyElementNotPresent_closure1.doCall(VerifyElementNotPresentKeyword.groovy:113)
	at com.kms.katalon.core.webui.keyword.builtin.VerifyElementNotPresentKeyword$_verifyElementNotPresent_closure1.doCall(VerifyElementNotPresentKeyword.groovy)
	at com.kms.katalon.core.webui.keyword.internal.WebUIKeywordMain.runKeyword(WebUIKeywordMain.groovy:20)
	... 20 more


2023-10-06 10:14:11 - [TEST_STEP][PASSED] - callTestCase(findTestCase("Product Admin/TC-PA-001"), [:], STOP_ON_FAILURE): Call Test Case 'Test Cases/Product Admin/TC-PA-001' successfully

2023-10-06 10:14:11 - [TEST_CASE][PASSED] - Test Cases/Product Admin/TC-PA-001: Test Cases/Product Admin/TC-PA-001

2023-10-06 10:14:11 - [TEST_STEP][PASSED] - callTestCase(findTestCase("Login Admin/TC-Login Admin-001"), [:], STOP_ON_FAILURE): Call Test Case 'Test Cases/Login Admin/TC-Login Admin-001' successfully

2023-10-06 10:14:11 - [TEST_CASE][PASSED] - Test Cases/Login Admin/TC-Login Admin-001: Test Cases/Login Admin/TC-Login Admin-001

2023-10-06 10:14:11 - [TEST_STEP][PASSED] - openBrowser(adminTajalapak): Browser is opened with url: 'https://10.9.2.63/ecommerce/administrator'

2023-10-06 10:14:11 - [MESSAGE][WARNING] - A browser is already opened. Closing browser and opening a new one

2023-10-06 10:14:11 - [MESSAGE][INFO] - Starting 'Edge Chromium' driver

2023-10-06 10:14:11 - [MESSAGE][INFO] - User set preference: ['acceptInsecureCerts', 'true']

2023-10-06 10:14:14 - [MESSAGE][INFO] - Action delay is set to 0 milliseconds

2023-10-06 10:14:16 - [MESSAGE][PASSED] - Browser is opened with url: 'https://10.9.2.63/ecommerce/administrator'

2023-10-06 10:14:16 - [TEST_STEP][PASSED] - maximizeWindow(): Current window maximized

2023-10-06 10:14:16 - [MESSAGE][PASSED] - Current window maximized

2023-10-06 10:14:16 - [TEST_STEP][PASSED] - verifyElementPresent(findTestObject("Login Admin/Verifikasi Halaman Administrator"), 0): Object 'Object Repository/Login Admin/Verifikasi Halaman Administrator' is present

2023-10-06 10:14:16 - [MESSAGE][WARNING] - Timeout '0' is invalid. Using default page load timeout: '30'

2023-10-06 10:14:16 - [MESSAGE][PASSED] - Object 'Object Repository/Login Admin/Verifikasi Halaman Administrator' is present

2023-10-06 10:14:16 - [TEST_STEP][PASSED] - setText(findTestObject("Login Admin/Input Username Admin"), "admin"): Text 'admin' is set on object 'Object Repository/Login Admin/Input Username Admin'

2023-10-06 10:14:17 - [MESSAGE][PASSED] - Text 'admin' is set on object 'Object Repository/Login Admin/Input Username Admin'

2023-10-06 10:14:17 - [TEST_STEP][PASSED] - setEncryptedText(findTestObject("Login Admin/Input Password Admin"), "374mkdZ/lqyNS21oH+MJZQ=="): Text ****** has been set on object 'Object Repository/Login Admin/Input Password Admin'

2023-10-06 10:14:18 - [MESSAGE][PASSED] - Text ****** has been set on object 'Object Repository/Login Admin/Input Password Admin'

2023-10-06 10:14:18 - [TEST_STEP][PASSED] - delay(10): Delayed 10 second(s)

2023-10-06 10:14:28 - [MESSAGE][PASSED] - Delayed 10 second(s)

2023-10-06 10:14:28 - [TEST_STEP][PASSED] - click(findTestObject("Login Admin/Botton Sign In")): Object: 'Object Repository/Login Admin/Botton Sign In' is clicked on

2023-10-06 10:14:29 - [MESSAGE][PASSED] - Object: 'Object Repository/Login Admin/Botton Sign In' is clicked on

2023-10-06 10:14:29 - [TEST_STEP][PASSED] - verifyElementPresent(findTestObject("Login Admin/Verifikasi Halaman Login Admin"), 0): Object 'Object Repository/Login Admin/Verifikasi Halaman Login Admin' is present

2023-10-06 10:14:29 - [MESSAGE][WARNING] - Timeout '0' is invalid. Using default page load timeout: '30'

2023-10-06 10:14:30 - [MESSAGE][PASSED] - Object 'Object Repository/Login Admin/Verifikasi Halaman Login Admin' is present

2023-10-06 10:14:30 - [MESSAGE][PASSED] - Call Test Case 'Test Cases/Login Admin/TC-Login Admin-001' successfully

2023-10-06 10:14:30 - [TEST_STEP][PASSED] - click(findTestObject("Product Admin/Master Market")): Object: 'Object Repository/Product Admin/Master Market' is clicked on

2023-10-06 10:14:30 - [MESSAGE][PASSED] - Object: 'Object Repository/Product Admin/Master Market' is clicked on

2023-10-06 10:14:30 - [TEST_STEP][PASSED] - click(findTestObject("Product Admin/Produk Admin")): Object: 'Object Repository/Product Admin/Produk Admin' is clicked on

2023-10-06 10:14:31 - [MESSAGE][PASSED] - Object: 'Object Repository/Product Admin/Produk Admin' is clicked on

2023-10-06 10:14:31 - [TEST_STEP][PASSED] - verifyElementPresent(findTestObject("Product Admin/Veridikasi Halaman Semua Produk"), 0): Object 'Object Repository/Product Admin/Veridikasi Halaman Semua Produk' is present

2023-10-06 10:14:31 - [MESSAGE][WARNING] - Timeout '0' is invalid. Using default page load timeout: '30'

2023-10-06 10:14:32 - [MESSAGE][PASSED] - Object 'Object Repository/Product Admin/Veridikasi Halaman Semua Produk' is present

2023-10-06 10:14:32 - [MESSAGE][PASSED] - Call Test Case 'Test Cases/Product Admin/TC-PA-001' successfully

2023-10-06 10:14:32 - [TEST_STEP][PASSED] - click(findTestObject("Product Admin/Button Edit Product Fleksibel")): Object: 'Object Repository/Product Admin/Button Edit Product Fleksibel' is clicked on

2023-10-06 10:14:33 - [MESSAGE][PASSED] - Object: 'Object Repository/Product Admin/Button Edit Product Fleksibel' is clicked on

2023-10-06 10:14:33 - [TEST_STEP][PASSED] - verifyElementPresent(findTestObject("Product Admin/TambahProduk/Verifikasi Halaman Product Baru"), 0): Object 'Object Repository/Product Admin/TambahProduk/Verifikasi Halaman Product Baru' is present

2023-10-06 10:14:33 - [MESSAGE][WARNING] - Timeout '0' is invalid. Using default page load timeout: '30'

2023-10-06 10:14:33 - [MESSAGE][PASSED] - Object 'Object Repository/Product Admin/TambahProduk/Verifikasi Halaman Product Baru' is present

2023-10-06 10:14:33 - [TEST_STEP][PASSED] - setText(findTestObject("Product Admin/TambahProduk/Input Berat gram"), "0"): Text '0' is set on object 'Object Repository/Product Admin/TambahProduk/Input Berat gram'

2023-10-06 10:14:34 - [MESSAGE][PASSED] - Text '0' is set on object 'Object Repository/Product Admin/TambahProduk/Input Berat gram'

2023-10-06 10:14:34 - [TEST_STEP][PASSED] - click(findTestObject("Product Admin/TambahProduk/Button Update Data")): Object: 'Object Repository/Product Admin/TambahProduk/Button Update Data' is clicked on

2023-10-06 10:14:35 - [MESSAGE][PASSED] - Object: 'Object Repository/Product Admin/TambahProduk/Button Update Data' is clicked on

2023-10-06 10:14:35 - [TEST_STEP][FAILED] - verifyElementNotPresent(findTestObject("Product Admin/Veridikasi Halaman Semua Produk"), 0): Unable to verify object 'Object Repository/Product Admin/Veridikasi Halaman Semua Produk' is not present (Root cause: com.kms.katalon.core.exception.StepFailedException: Unable to verify object 'Object Repository/Product Admin/Veridikasi Halaman Semua Produk' is not present
	at com.kms.katalon.core.webui.keyword.internal.WebUIKeywordMain.stepFailed(WebUIKeywordMain.groovy:64)
	at com.kms.katalon.core.webui.keyword.internal.WebUIKeywordMain.runKeyword(WebUIKeywordMain.groovy:26)
	at com.kms.katalon.core.webui.keyword.internal.WebUIKeywordMain$runKeyword.call(Unknown Source)
	at com.kms.katalon.core.webui.keyword.builtin.VerifyElementNotPresentKeyword.verifyElementNotPresent(VerifyElementNotPresentKeyword.groovy:122)
	at com.kms.katalon.core.webui.keyword.builtin.VerifyElementNotPresentKeyword.execute(VerifyElementNotPresentKeyword.groovy:68)
	at com.kms.katalon.core.keyword.internal.KeywordExecutor.executeKeywordForPlatform(KeywordExecutor.groovy:74)
	at com.kms.katalon.core.webui.keyword.WebUiBuiltInKeywords.verifyElementNotPresent(WebUiBuiltInKeywords.groovy:1497)
	at com.kms.katalon.core.webui.keyword.WebUiBuiltInKeywords$verifyElementNotPresent$15.call(Unknown Source)
	at TC-PAN-007.run(TC-PAN-007:30)
	at com.kms.katalon.core.main.ScriptEngine.run(ScriptEngine.java:194)
	at com.kms.katalon.core.main.ScriptEngine.runScriptAsRawText(ScriptEngine.java:119)
	at com.kms.katalon.core.main.TestCaseExecutor.runScript(TestCaseExecutor.java:448)
	at com.kms.katalon.core.main.TestCaseExecutor.doExecute(TestCaseExecutor.java:439)
	at com.kms.katalon.core.main.TestCaseExecutor.processExecutionPhase(TestCaseExecutor.java:418)
	at com.kms.katalon.core.main.TestCaseExecutor.accessMainPhase(TestCaseExecutor.java:410)
	at com.kms.katalon.core.main.TestCaseExecutor.execute(TestCaseExecutor.java:285)
	at com.kms.katalon.core.common.CommonExecutor.accessTestCaseMainPhase(CommonExecutor.java:65)
	at com.kms.katalon.core.main.TestSuiteExecutor.accessTestSuiteMainPhase(TestSuiteExecutor.java:148)
	at com.kms.katalon.core.main.TestSuiteExecutor.execute(TestSuiteExecutor.java:106)
	at com.kms.katalon.core.main.TestCaseMain.startTestSuite(TestCaseMain.java:187)
	at com.kms.katalon.core.main.TestCaseMain$startTestSuite$0.call(Unknown Source)
	at TempTestSuite1696560832015.run(TempTestSuite1696560832015.groovy:36)
Caused by: com.kms.katalon.core.exception.StepFailedException: Web element with id: 'Object Repository/Product Admin/Veridikasi Halaman Semua Produk' located by 'By.xpath: (.//*[normalize-space(text()) and normalize-space(.)='Control panel'])[1]/following::h3[1]' is present after '30' second(s)
	at com.kms.katalon.core.webui.keyword.internal.WebUIKeywordMain.stepFailed(WebUIKeywordMain.groovy:64)
	at com.kms.katalon.core.webui.keyword.internal.WebUIKeywordMain$stepFailed$0.call(Unknown Source)
	at com.kms.katalon.core.webui.keyword.builtin.VerifyElementNotPresentKeyword$_verifyElementNotPresent_closure1.doCall(VerifyElementNotPresentKeyword.groovy:113)
	at com.kms.katalon.core.webui.keyword.builtin.VerifyElementNotPresentKeyword$_verifyElementNotPresent_closure1.doCall(VerifyElementNotPresentKeyword.groovy)
	at com.kms.katalon.core.webui.keyword.internal.WebUIKeywordMain.runKeyword(WebUIKeywordMain.groovy:20)
	... 20 more
)

2023-10-06 10:14:35 - [MESSAGE][WARNING] - Timeout '0' is invalid. Using default page load timeout: '30'

2023-10-06 10:15:06 - [MESSAGE][FAILED] - Web element with id: 'Object Repository/Product Admin/Veridikasi Halaman Semua Produk' located by 'By.xpath: (.//*[normalize-space(text()) and normalize-space(.)='Control panel'])[1]/following::h3[1]' is present after '30' second(s) (Root cause: com.kms.katalon.core.exception.StepFailedException: Web element with id: 'Object Repository/Product Admin/Veridikasi Halaman Semua Produk' located by 'By.xpath: (.//*[normalize-space(text()) and normalize-space(.)='Control panel'])[1]/following::h3[1]' is present after '30' second(s)
	at com.kms.katalon.core.webui.keyword.internal.WebUIKeywordMain.stepFailed(WebUIKeywordMain.groovy:64)
	at com.kms.katalon.core.webui.keyword.internal.WebUIKeywordMain$stepFailed$0.call(Unknown Source)
	at com.kms.katalon.core.webui.keyword.builtin.VerifyElementNotPresentKeyword$_verifyElementNotPresent_closure1.doCall(VerifyElementNotPresentKeyword.groovy:113)
	at com.kms.katalon.core.webui.keyword.builtin.VerifyElementNotPresentKeyword$_verifyElementNotPresent_closure1.doCall(VerifyElementNotPresentKeyword.groovy)
	at com.kms.katalon.core.webui.keyword.internal.WebUIKeywordMain.runKeyword(WebUIKeywordMain.groovy:20)
	at com.kms.katalon.core.webui.keyword.internal.WebUIKeywordMain$runKeyword.call(Unknown Source)
	at com.kms.katalon.core.webui.keyword.builtin.VerifyElementNotPresentKeyword.verifyElementNotPresent(VerifyElementNotPresentKeyword.groovy:122)
	at com.kms.katalon.core.webui.keyword.builtin.VerifyElementNotPresentKeyword.execute(VerifyElementNotPresentKeyword.groovy:68)
	at com.kms.katalon.core.keyword.internal.KeywordExecutor.executeKeywordForPlatform(KeywordExecutor.groovy:74)
	at com.kms.katalon.core.webui.keyword.WebUiBuiltInKeywords.verifyElementNotPresent(WebUiBuiltInKeywords.groovy:1497)
	at com.kms.katalon.core.webui.keyword.WebUiBuiltInKeywords$verifyElementNotPresent$15.call(Unknown Source)
	at TC-PAN-007.run(TC-PAN-007:30)
	at com.kms.katalon.core.main.ScriptEngine.run(ScriptEngine.java:194)
	at com.kms.katalon.core.main.ScriptEngine.runScriptAsRawText(ScriptEngine.java:119)
	at com.kms.katalon.core.main.TestCaseExecutor.runScript(TestCaseExecutor.java:448)
	at com.kms.katalon.core.main.TestCaseExecutor.doExecute(TestCaseExecutor.java:439)
	at com.kms.katalon.core.main.TestCaseExecutor.processExecutionPhase(TestCaseExecutor.java:418)
	at com.kms.katalon.core.main.TestCaseExecutor.accessMainPhase(TestCaseExecutor.java:410)
	at com.kms.katalon.core.main.TestCaseExecutor.execute(TestCaseExecutor.java:285)
	at com.kms.katalon.core.common.CommonExecutor.accessTestCaseMainPhase(CommonExecutor.java:65)
	at com.kms.katalon.core.main.TestSuiteExecutor.accessTestSuiteMainPhase(TestSuiteExecutor.java:148)
	at com.kms.katalon.core.main.TestSuiteExecutor.execute(TestSuiteExecutor.java:106)
	at com.kms.katalon.core.main.TestCaseMain.startTestSuite(TestCaseMain.java:187)
	at com.kms.katalon.core.main.TestCaseMain$startTestSuite$0.call(Unknown Source)
	at TempTestSuite1696560832015.run(TempTestSuite1696560832015.groovy:36)
)
[[ATTACHMENT|G:\\Project Xsis\\batch-324-qa\\Riswan\\Sprint 2 Product Tajalapak\\Reports\\20231006_095352\\Product Admin\\20231006_095352\\1696562106042.png]]

2023-10-06 10:15:06 - [MESSAGE][FAILED] - Unable to verify object 'Object Repository/Product Admin/Veridikasi Halaman Semua Produk' is not present (Root cause: com.kms.katalon.core.exception.StepFailedException: Unable to verify object 'Object Repository/Product Admin/Veridikasi Halaman Semua Produk' is not present
	at com.kms.katalon.core.webui.keyword.internal.WebUIKeywordMain.stepFailed(WebUIKeywordMain.groovy:64)
	at com.kms.katalon.core.webui.keyword.internal.WebUIKeywordMain.runKeyword(WebUIKeywordMain.groovy:26)
	at com.kms.katalon.core.webui.keyword.internal.WebUIKeywordMain$runKeyword.call(Unknown Source)
	at com.kms.katalon.core.webui.keyword.builtin.VerifyElementNotPresentKeyword.verifyElementNotPresent(VerifyElementNotPresentKeyword.groovy:122)
	at com.kms.katalon.core.webui.keyword.builtin.VerifyElementNotPresentKeyword.execute(VerifyElementNotPresentKeyword.groovy:68)
	at com.kms.katalon.core.keyword.internal.KeywordExecutor.executeKeywordForPlatform(KeywordExecutor.groovy:74)
	at com.kms.katalon.core.webui.keyword.WebUiBuiltInKeywords.verifyElementNotPresent(WebUiBuiltInKeywords.groovy:1497)
	at com.kms.katalon.core.webui.keyword.WebUiBuiltInKeywords$verifyElementNotPresent$15.call(Unknown Source)
	at TC-PAN-007.run(TC-PAN-007:30)
	at com.kms.katalon.core.main.ScriptEngine.run(ScriptEngine.java:194)
	at com.kms.katalon.core.main.ScriptEngine.runScriptAsRawText(ScriptEngine.java:119)
	at com.kms.katalon.core.main.TestCaseExecutor.runScript(TestCaseExecutor.java:448)
	at com.kms.katalon.core.main.TestCaseExecutor.doExecute(TestCaseExecutor.java:439)
	at com.kms.katalon.core.main.TestCaseExecutor.processExecutionPhase(TestCaseExecutor.java:418)
	at com.kms.katalon.core.main.TestCaseExecutor.accessMainPhase(TestCaseExecutor.java:410)
	at com.kms.katalon.core.main.TestCaseExecutor.execute(TestCaseExecutor.java:285)
	at com.kms.katalon.core.common.CommonExecutor.accessTestCaseMainPhase(CommonExecutor.java:65)
	at com.kms.katalon.core.main.TestSuiteExecutor.accessTestSuiteMainPhase(TestSuiteExecutor.java:148)
	at com.kms.katalon.core.main.TestSuiteExecutor.execute(TestSuiteExecutor.java:106)
	at com.kms.katalon.core.main.TestCaseMain.startTestSuite(TestCaseMain.java:187)
	at com.kms.katalon.core.main.TestCaseMain$startTestSuite$0.call(Unknown Source)
	at TempTestSuite1696560832015.run(TempTestSuite1696560832015.groovy:36)
Caused by: com.kms.katalon.core.exception.StepFailedException: Web element with id: 'Object Repository/Product Admin/Veridikasi Halaman Semua Produk' located by 'By.xpath: (.//*[normalize-space(text()) and normalize-space(.)='Control panel'])[1]/following::h3[1]' is present after '30' second(s)
	at com.kms.katalon.core.webui.keyword.internal.WebUIKeywordMain.stepFailed(WebUIKeywordMain.groovy:64)
	at com.kms.katalon.core.webui.keyword.internal.WebUIKeywordMain$stepFailed$0.call(Unknown Source)
	at com.kms.katalon.core.webui.keyword.builtin.VerifyElementNotPresentKeyword$_verifyElementNotPresent_closure1.doCall(VerifyElementNotPresentKeyword.groovy:113)
	at com.kms.katalon.core.webui.keyword.builtin.VerifyElementNotPresentKeyword$_verifyElementNotPresent_closure1.doCall(VerifyElementNotPresentKeyword.groovy)
	at com.kms.katalon.core.webui.keyword.internal.WebUIKeywordMain.runKeyword(WebUIKeywordMain.groovy:20)
	... 20 more
)
[[ATTACHMENT|G:\\Project Xsis\\batch-324-qa\\Riswan\\Sprint 2 Product Tajalapak\\Reports\\20231006_095352\\Product Admin\\20231006_095352\\1696562106151.png]]]]></system-out>
         <system-err><![CDATA[2023-10-06 10:14:10 - [TEST_CASE][FAILED] - Test Cases/Product Admin/TC-PAN-007: Test Cases/Product Admin/TC-PAN-007 FAILED.
Reason:
com.kms.katalon.core.exception.StepFailedException: Unable to verify object 'Object Repository/Product Admin/Veridikasi Halaman Semua Produk' is not present
	at com.kms.katalon.core.webui.keyword.internal.WebUIKeywordMain.stepFailed(WebUIKeywordMain.groovy:64)
	at com.kms.katalon.core.webui.keyword.internal.WebUIKeywordMain.runKeyword(WebUIKeywordMain.groovy:26)
	at com.kms.katalon.core.webui.keyword.internal.WebUIKeywordMain$runKeyword.call(Unknown Source)
	at com.kms.katalon.core.webui.keyword.builtin.VerifyElementNotPresentKeyword.verifyElementNotPresent(VerifyElementNotPresentKeyword.groovy:122)
	at com.kms.katalon.core.webui.keyword.builtin.VerifyElementNotPresentKeyword.execute(VerifyElementNotPresentKeyword.groovy:68)
	at com.kms.katalon.core.keyword.internal.KeywordExecutor.executeKeywordForPlatform(KeywordExecutor.groovy:74)
	at com.kms.katalon.core.webui.keyword.WebUiBuiltInKeywords.verifyElementNotPresent(WebUiBuiltInKeywords.groovy:1497)
	at com.kms.katalon.core.webui.keyword.WebUiBuiltInKeywords$verifyElementNotPresent$15.call(Unknown Source)
	at TC-PAN-007.run(TC-PAN-007:30)
	at com.kms.katalon.core.main.ScriptEngine.run(ScriptEngine.java:194)
	at com.kms.katalon.core.main.ScriptEngine.runScriptAsRawText(ScriptEngine.java:119)
	at com.kms.katalon.core.main.TestCaseExecutor.runScript(TestCaseExecutor.java:448)
	at com.kms.katalon.core.main.TestCaseExecutor.doExecute(TestCaseExecutor.java:439)
	at com.kms.katalon.core.main.TestCaseExecutor.processExecutionPhase(TestCaseExecutor.java:418)
	at com.kms.katalon.core.main.TestCaseExecutor.accessMainPhase(TestCaseExecutor.java:410)
	at com.kms.katalon.core.main.TestCaseExecutor.execute(TestCaseExecutor.java:285)
	at com.kms.katalon.core.common.CommonExecutor.accessTestCaseMainPhase(CommonExecutor.java:65)
	at com.kms.katalon.core.main.TestSuiteExecutor.accessTestSuiteMainPhase(TestSuiteExecutor.java:148)
	at com.kms.katalon.core.main.TestSuiteExecutor.execute(TestSuiteExecutor.java:106)
	at com.kms.katalon.core.main.TestCaseMain.startTestSuite(TestCaseMain.java:187)
	at com.kms.katalon.core.main.TestCaseMain$startTestSuite$0.call(Unknown Source)
	at TempTestSuite1696560832015.run(TempTestSuite1696560832015.groovy:36)
Caused by: com.kms.katalon.core.exception.StepFailedException: Web element with id: 'Object Repository/Product Admin/Veridikasi Halaman Semua Produk' located by 'By.xpath: (.//*[normalize-space(text()) and normalize-space(.)='Control panel'])[1]/following::h3[1]' is present after '30' second(s)
	at com.kms.katalon.core.webui.keyword.internal.WebUIKeywordMain.stepFailed(WebUIKeywordMain.groovy:64)
	at com.kms.katalon.core.webui.keyword.internal.WebUIKeywordMain$stepFailed$0.call(Unknown Source)
	at com.kms.katalon.core.webui.keyword.builtin.VerifyElementNotPresentKeyword$_verifyElementNotPresent_closure1.doCall(VerifyElementNotPresentKeyword.groovy:113)
	at com.kms.katalon.core.webui.keyword.builtin.VerifyElementNotPresentKeyword$_verifyElementNotPresent_closure1.doCall(VerifyElementNotPresentKeyword.groovy)
	at com.kms.katalon.core.webui.keyword.internal.WebUIKeywordMain.runKeyword(WebUIKeywordMain.groovy:20)
	... 20 more]]></system-err>
      </testcase>
      <testcase name="Test Cases/Product Admin/TC-PAN-008" time="55.359" classname="Test Cases/Product Admin/TC-PAN-008" status="FAILED">
         <failure type="FAILED" message="Test Cases/Product Admin/TC-PAN-008 FAILED.
Reason:
com.kms.katalon.core.exception.StepFailedException: Unable to verify object 'Object Repository/Product Admin/Veridikasi Halaman Semua Produk' is not present
	at com.kms.katalon.core.webui.keyword.internal.WebUIKeywordMain.stepFailed(WebUIKeywordMain.groovy:64)
	at com.kms.katalon.core.webui.keyword.internal.WebUIKeywordMain.runKeyword(WebUIKeywordMain.groovy:26)
	at com.kms.katalon.core.webui.keyword.internal.WebUIKeywordMain$runKeyword.call(Unknown Source)
	at com.kms.katalon.core.webui.keyword.builtin.VerifyElementNotPresentKeyword.verifyElementNotPresent(VerifyElementNotPresentKeyword.groovy:122)
	at com.kms.katalon.core.webui.keyword.builtin.VerifyElementNotPresentKeyword.execute(VerifyElementNotPresentKeyword.groovy:68)
	at com.kms.katalon.core.keyword.internal.KeywordExecutor.executeKeywordForPlatform(KeywordExecutor.groovy:74)
	at com.kms.katalon.core.webui.keyword.WebUiBuiltInKeywords.verifyElementNotPresent(WebUiBuiltInKeywords.groovy:1497)
	at com.kms.katalon.core.webui.keyword.WebUiBuiltInKeywords$verifyElementNotPresent$15.call(Unknown Source)
	at TC-PAN-008.run(TC-PAN-008:30)
	at com.kms.katalon.core.main.ScriptEngine.run(ScriptEngine.java:194)
	at com.kms.katalon.core.main.ScriptEngine.runScriptAsRawText(ScriptEngine.java:119)
	at com.kms.katalon.core.main.TestCaseExecutor.runScript(TestCaseExecutor.java:448)
	at com.kms.katalon.core.main.TestCaseExecutor.doExecute(TestCaseExecutor.java:439)
	at com.kms.katalon.core.main.TestCaseExecutor.processExecutionPhase(TestCaseExecutor.java:418)
	at com.kms.katalon.core.main.TestCaseExecutor.accessMainPhase(TestCaseExecutor.java:410)
	at com.kms.katalon.core.main.TestCaseExecutor.execute(TestCaseExecutor.java:285)
	at com.kms.katalon.core.common.CommonExecutor.accessTestCaseMainPhase(CommonExecutor.java:65)
	at com.kms.katalon.core.main.TestSuiteExecutor.accessTestSuiteMainPhase(TestSuiteExecutor.java:148)
	at com.kms.katalon.core.main.TestSuiteExecutor.execute(TestSuiteExecutor.java:106)
	at com.kms.katalon.core.main.TestCaseMain.startTestSuite(TestCaseMain.java:187)
	at com.kms.katalon.core.main.TestCaseMain$startTestSuite$0.call(Unknown Source)
	at TempTestSuite1696560832015.run(TempTestSuite1696560832015.groovy:36)
Caused by: com.kms.katalon.core.exception.StepFailedException: Web element with id: 'Object Repository/Product Admin/Veridikasi Halaman Semua Produk' located by 'By.xpath: (.//*[normalize-space(text()) and normalize-space(.)='Control panel'])[1]/following::h3[1]' is present after '30' second(s)
	at com.kms.katalon.core.webui.keyword.internal.WebUIKeywordMain.stepFailed(WebUIKeywordMain.groovy:64)
	at com.kms.katalon.core.webui.keyword.internal.WebUIKeywordMain$stepFailed$0.call(Unknown Source)
	at com.kms.katalon.core.webui.keyword.builtin.VerifyElementNotPresentKeyword$_verifyElementNotPresent_closure1.doCall(VerifyElementNotPresentKeyword.groovy:113)
	at com.kms.katalon.core.webui.keyword.builtin.VerifyElementNotPresentKeyword$_verifyElementNotPresent_closure1.doCall(VerifyElementNotPresentKeyword.groovy)
	at com.kms.katalon.core.webui.keyword.internal.WebUIKeywordMain.runKeyword(WebUIKeywordMain.groovy:20)
	... 20 more
"/>
         <system-out><![CDATA[2023-10-06 10:15:06 - [TEST_CASE][FAILED] - Test Cases/Product Admin/TC-PAN-008: Test Cases/Product Admin/TC-PAN-008 FAILED.
Reason:
com.kms.katalon.core.exception.StepFailedException: Unable to verify object 'Object Repository/Product Admin/Veridikasi Halaman Semua Produk' is not present
	at com.kms.katalon.core.webui.keyword.internal.WebUIKeywordMain.stepFailed(WebUIKeywordMain.groovy:64)
	at com.kms.katalon.core.webui.keyword.internal.WebUIKeywordMain.runKeyword(WebUIKeywordMain.groovy:26)
	at com.kms.katalon.core.webui.keyword.internal.WebUIKeywordMain$runKeyword.call(Unknown Source)
	at com.kms.katalon.core.webui.keyword.builtin.VerifyElementNotPresentKeyword.verifyElementNotPresent(VerifyElementNotPresentKeyword.groovy:122)
	at com.kms.katalon.core.webui.keyword.builtin.VerifyElementNotPresentKeyword.execute(VerifyElementNotPresentKeyword.groovy:68)
	at com.kms.katalon.core.keyword.internal.KeywordExecutor.executeKeywordForPlatform(KeywordExecutor.groovy:74)
	at com.kms.katalon.core.webui.keyword.WebUiBuiltInKeywords.verifyElementNotPresent(WebUiBuiltInKeywords.groovy:1497)
	at com.kms.katalon.core.webui.keyword.WebUiBuiltInKeywords$verifyElementNotPresent$15.call(Unknown Source)
	at TC-PAN-008.run(TC-PAN-008:30)
	at com.kms.katalon.core.main.ScriptEngine.run(ScriptEngine.java:194)
	at com.kms.katalon.core.main.ScriptEngine.runScriptAsRawText(ScriptEngine.java:119)
	at com.kms.katalon.core.main.TestCaseExecutor.runScript(TestCaseExecutor.java:448)
	at com.kms.katalon.core.main.TestCaseExecutor.doExecute(TestCaseExecutor.java:439)
	at com.kms.katalon.core.main.TestCaseExecutor.processExecutionPhase(TestCaseExecutor.java:418)
	at com.kms.katalon.core.main.TestCaseExecutor.accessMainPhase(TestCaseExecutor.java:410)
	at com.kms.katalon.core.main.TestCaseExecutor.execute(TestCaseExecutor.java:285)
	at com.kms.katalon.core.common.CommonExecutor.accessTestCaseMainPhase(CommonExecutor.java:65)
	at com.kms.katalon.core.main.TestSuiteExecutor.accessTestSuiteMainPhase(TestSuiteExecutor.java:148)
	at com.kms.katalon.core.main.TestSuiteExecutor.execute(TestSuiteExecutor.java:106)
	at com.kms.katalon.core.main.TestCaseMain.startTestSuite(TestCaseMain.java:187)
	at com.kms.katalon.core.main.TestCaseMain$startTestSuite$0.call(Unknown Source)
	at TempTestSuite1696560832015.run(TempTestSuite1696560832015.groovy:36)
Caused by: com.kms.katalon.core.exception.StepFailedException: Web element with id: 'Object Repository/Product Admin/Veridikasi Halaman Semua Produk' located by 'By.xpath: (.//*[normalize-space(text()) and normalize-space(.)='Control panel'])[1]/following::h3[1]' is present after '30' second(s)
	at com.kms.katalon.core.webui.keyword.internal.WebUIKeywordMain.stepFailed(WebUIKeywordMain.groovy:64)
	at com.kms.katalon.core.webui.keyword.internal.WebUIKeywordMain$stepFailed$0.call(Unknown Source)
	at com.kms.katalon.core.webui.keyword.builtin.VerifyElementNotPresentKeyword$_verifyElementNotPresent_closure1.doCall(VerifyElementNotPresentKeyword.groovy:113)
	at com.kms.katalon.core.webui.keyword.builtin.VerifyElementNotPresentKeyword$_verifyElementNotPresent_closure1.doCall(VerifyElementNotPresentKeyword.groovy)
	at com.kms.katalon.core.webui.keyword.internal.WebUIKeywordMain.runKeyword(WebUIKeywordMain.groovy:20)
	... 20 more


2023-10-06 10:15:06 - [TEST_STEP][PASSED] - callTestCase(findTestCase("Product Admin/TC-PA-001"), [:], STOP_ON_FAILURE): Call Test Case 'Test Cases/Product Admin/TC-PA-001' successfully

2023-10-06 10:15:06 - [TEST_CASE][PASSED] - Test Cases/Product Admin/TC-PA-001: Test Cases/Product Admin/TC-PA-001

2023-10-06 10:15:06 - [TEST_STEP][PASSED] - callTestCase(findTestCase("Login Admin/TC-Login Admin-001"), [:], STOP_ON_FAILURE): Call Test Case 'Test Cases/Login Admin/TC-Login Admin-001' successfully

2023-10-06 10:15:06 - [TEST_CASE][PASSED] - Test Cases/Login Admin/TC-Login Admin-001: Test Cases/Login Admin/TC-Login Admin-001

2023-10-06 10:15:06 - [TEST_STEP][PASSED] - openBrowser(adminTajalapak): Browser is opened with url: 'https://10.9.2.63/ecommerce/administrator'

2023-10-06 10:15:06 - [MESSAGE][WARNING] - A browser is already opened. Closing browser and opening a new one

2023-10-06 10:15:07 - [MESSAGE][INFO] - Starting 'Edge Chromium' driver

2023-10-06 10:15:07 - [MESSAGE][INFO] - User set preference: ['acceptInsecureCerts', 'true']

2023-10-06 10:15:09 - [MESSAGE][INFO] - Action delay is set to 0 milliseconds

2023-10-06 10:15:12 - [MESSAGE][PASSED] - Browser is opened with url: 'https://10.9.2.63/ecommerce/administrator'

2023-10-06 10:15:12 - [TEST_STEP][PASSED] - maximizeWindow(): Current window maximized

2023-10-06 10:15:12 - [MESSAGE][PASSED] - Current window maximized

2023-10-06 10:15:12 - [TEST_STEP][PASSED] - verifyElementPresent(findTestObject("Login Admin/Verifikasi Halaman Administrator"), 0): Object 'Object Repository/Login Admin/Verifikasi Halaman Administrator' is present

2023-10-06 10:15:12 - [MESSAGE][WARNING] - Timeout '0' is invalid. Using default page load timeout: '30'

2023-10-06 10:15:12 - [MESSAGE][PASSED] - Object 'Object Repository/Login Admin/Verifikasi Halaman Administrator' is present

2023-10-06 10:15:12 - [TEST_STEP][PASSED] - setText(findTestObject("Login Admin/Input Username Admin"), "admin"): Text 'admin' is set on object 'Object Repository/Login Admin/Input Username Admin'

2023-10-06 10:15:13 - [MESSAGE][PASSED] - Text 'admin' is set on object 'Object Repository/Login Admin/Input Username Admin'

2023-10-06 10:15:13 - [TEST_STEP][PASSED] - setEncryptedText(findTestObject("Login Admin/Input Password Admin"), "374mkdZ/lqyNS21oH+MJZQ=="): Text ****** has been set on object 'Object Repository/Login Admin/Input Password Admin'

2023-10-06 10:15:13 - [MESSAGE][PASSED] - Text ****** has been set on object 'Object Repository/Login Admin/Input Password Admin'

2023-10-06 10:15:13 - [TEST_STEP][PASSED] - delay(10): Delayed 10 second(s)

2023-10-06 10:15:23 - [MESSAGE][PASSED] - Delayed 10 second(s)

2023-10-06 10:15:23 - [TEST_STEP][PASSED] - click(findTestObject("Login Admin/Botton Sign In")): Object: 'Object Repository/Login Admin/Botton Sign In' is clicked on

2023-10-06 10:15:25 - [MESSAGE][PASSED] - Object: 'Object Repository/Login Admin/Botton Sign In' is clicked on

2023-10-06 10:15:25 - [TEST_STEP][PASSED] - verifyElementPresent(findTestObject("Login Admin/Verifikasi Halaman Login Admin"), 0): Object 'Object Repository/Login Admin/Verifikasi Halaman Login Admin' is present

2023-10-06 10:15:25 - [MESSAGE][WARNING] - Timeout '0' is invalid. Using default page load timeout: '30'

2023-10-06 10:15:25 - [MESSAGE][PASSED] - Object 'Object Repository/Login Admin/Verifikasi Halaman Login Admin' is present

2023-10-06 10:15:25 - [MESSAGE][PASSED] - Call Test Case 'Test Cases/Login Admin/TC-Login Admin-001' successfully

2023-10-06 10:15:25 - [TEST_STEP][PASSED] - click(findTestObject("Product Admin/Master Market")): Object: 'Object Repository/Product Admin/Master Market' is clicked on

2023-10-06 10:15:26 - [MESSAGE][PASSED] - Object: 'Object Repository/Product Admin/Master Market' is clicked on

2023-10-06 10:15:26 - [TEST_STEP][PASSED] - click(findTestObject("Product Admin/Produk Admin")): Object: 'Object Repository/Product Admin/Produk Admin' is clicked on

2023-10-06 10:15:27 - [MESSAGE][PASSED] - Object: 'Object Repository/Product Admin/Produk Admin' is clicked on

2023-10-06 10:15:27 - [TEST_STEP][PASSED] - verifyElementPresent(findTestObject("Product Admin/Veridikasi Halaman Semua Produk"), 0): Object 'Object Repository/Product Admin/Veridikasi Halaman Semua Produk' is present

2023-10-06 10:15:27 - [MESSAGE][WARNING] - Timeout '0' is invalid. Using default page load timeout: '30'

2023-10-06 10:15:27 - [MESSAGE][PASSED] - Object 'Object Repository/Product Admin/Veridikasi Halaman Semua Produk' is present

2023-10-06 10:15:27 - [MESSAGE][PASSED] - Call Test Case 'Test Cases/Product Admin/TC-PA-001' successfully

2023-10-06 10:15:27 - [TEST_STEP][PASSED] - click(findTestObject("Product Admin/Button Edit Product Fleksibel")): Object: 'Object Repository/Product Admin/Button Edit Product Fleksibel' is clicked on

2023-10-06 10:15:28 - [MESSAGE][PASSED] - Object: 'Object Repository/Product Admin/Button Edit Product Fleksibel' is clicked on

2023-10-06 10:15:28 - [TEST_STEP][PASSED] - verifyElementPresent(findTestObject("Product Admin/TambahProduk/Verifikasi Halaman Product Baru"), 0): Object 'Object Repository/Product Admin/TambahProduk/Verifikasi Halaman Product Baru' is present

2023-10-06 10:15:28 - [MESSAGE][WARNING] - Timeout '0' is invalid. Using default page load timeout: '30'

2023-10-06 10:15:29 - [MESSAGE][PASSED] - Object 'Object Repository/Product Admin/TambahProduk/Verifikasi Halaman Product Baru' is present

2023-10-06 10:15:29 - [TEST_STEP][PASSED] - setText(findTestObject("Product Admin/TambahProduk/Input Diskon"), "1000000"): Text '1000000' is set on object 'Object Repository/Product Admin/TambahProduk/Input Diskon'

2023-10-06 10:15:29 - [MESSAGE][PASSED] - Text '1000000' is set on object 'Object Repository/Product Admin/TambahProduk/Input Diskon'

2023-10-06 10:15:29 - [TEST_STEP][PASSED] - click(findTestObject("Product Admin/TambahProduk/Button Update Data")): Object: 'Object Repository/Product Admin/TambahProduk/Button Update Data' is clicked on

2023-10-06 10:15:30 - [MESSAGE][PASSED] - Object: 'Object Repository/Product Admin/TambahProduk/Button Update Data' is clicked on

2023-10-06 10:15:30 - [TEST_STEP][FAILED] - verifyElementNotPresent(findTestObject("Product Admin/Veridikasi Halaman Semua Produk"), 0): Unable to verify object 'Object Repository/Product Admin/Veridikasi Halaman Semua Produk' is not present (Root cause: com.kms.katalon.core.exception.StepFailedException: Unable to verify object 'Object Repository/Product Admin/Veridikasi Halaman Semua Produk' is not present
	at com.kms.katalon.core.webui.keyword.internal.WebUIKeywordMain.stepFailed(WebUIKeywordMain.groovy:64)
	at com.kms.katalon.core.webui.keyword.internal.WebUIKeywordMain.runKeyword(WebUIKeywordMain.groovy:26)
	at com.kms.katalon.core.webui.keyword.internal.WebUIKeywordMain$runKeyword.call(Unknown Source)
	at com.kms.katalon.core.webui.keyword.builtin.VerifyElementNotPresentKeyword.verifyElementNotPresent(VerifyElementNotPresentKeyword.groovy:122)
	at com.kms.katalon.core.webui.keyword.builtin.VerifyElementNotPresentKeyword.execute(VerifyElementNotPresentKeyword.groovy:68)
	at com.kms.katalon.core.keyword.internal.KeywordExecutor.executeKeywordForPlatform(KeywordExecutor.groovy:74)
	at com.kms.katalon.core.webui.keyword.WebUiBuiltInKeywords.verifyElementNotPresent(WebUiBuiltInKeywords.groovy:1497)
	at com.kms.katalon.core.webui.keyword.WebUiBuiltInKeywords$verifyElementNotPresent$15.call(Unknown Source)
	at TC-PAN-008.run(TC-PAN-008:30)
	at com.kms.katalon.core.main.ScriptEngine.run(ScriptEngine.java:194)
	at com.kms.katalon.core.main.ScriptEngine.runScriptAsRawText(ScriptEngine.java:119)
	at com.kms.katalon.core.main.TestCaseExecutor.runScript(TestCaseExecutor.java:448)
	at com.kms.katalon.core.main.TestCaseExecutor.doExecute(TestCaseExecutor.java:439)
	at com.kms.katalon.core.main.TestCaseExecutor.processExecutionPhase(TestCaseExecutor.java:418)
	at com.kms.katalon.core.main.TestCaseExecutor.accessMainPhase(TestCaseExecutor.java:410)
	at com.kms.katalon.core.main.TestCaseExecutor.execute(TestCaseExecutor.java:285)
	at com.kms.katalon.core.common.CommonExecutor.accessTestCaseMainPhase(CommonExecutor.java:65)
	at com.kms.katalon.core.main.TestSuiteExecutor.accessTestSuiteMainPhase(TestSuiteExecutor.java:148)
	at com.kms.katalon.core.main.TestSuiteExecutor.execute(TestSuiteExecutor.java:106)
	at com.kms.katalon.core.main.TestCaseMain.startTestSuite(TestCaseMain.java:187)
	at com.kms.katalon.core.main.TestCaseMain$startTestSuite$0.call(Unknown Source)
	at TempTestSuite1696560832015.run(TempTestSuite1696560832015.groovy:36)
Caused by: com.kms.katalon.core.exception.StepFailedException: Web element with id: 'Object Repository/Product Admin/Veridikasi Halaman Semua Produk' located by 'By.xpath: (.//*[normalize-space(text()) and normalize-space(.)='Control panel'])[1]/following::h3[1]' is present after '30' second(s)
	at com.kms.katalon.core.webui.keyword.internal.WebUIKeywordMain.stepFailed(WebUIKeywordMain.groovy:64)
	at com.kms.katalon.core.webui.keyword.internal.WebUIKeywordMain$stepFailed$0.call(Unknown Source)
	at com.kms.katalon.core.webui.keyword.builtin.VerifyElementNotPresentKeyword$_verifyElementNotPresent_closure1.doCall(VerifyElementNotPresentKeyword.groovy:113)
	at com.kms.katalon.core.webui.keyword.builtin.VerifyElementNotPresentKeyword$_verifyElementNotPresent_closure1.doCall(VerifyElementNotPresentKeyword.groovy)
	at com.kms.katalon.core.webui.keyword.internal.WebUIKeywordMain.runKeyword(WebUIKeywordMain.groovy:20)
	... 20 more
)

2023-10-06 10:15:30 - [MESSAGE][WARNING] - Timeout '0' is invalid. Using default page load timeout: '30'

2023-10-06 10:16:01 - [MESSAGE][FAILED] - Web element with id: 'Object Repository/Product Admin/Veridikasi Halaman Semua Produk' located by 'By.xpath: (.//*[normalize-space(text()) and normalize-space(.)='Control panel'])[1]/following::h3[1]' is present after '30' second(s) (Root cause: com.kms.katalon.core.exception.StepFailedException: Web element with id: 'Object Repository/Product Admin/Veridikasi Halaman Semua Produk' located by 'By.xpath: (.//*[normalize-space(text()) and normalize-space(.)='Control panel'])[1]/following::h3[1]' is present after '30' second(s)
	at com.kms.katalon.core.webui.keyword.internal.WebUIKeywordMain.stepFailed(WebUIKeywordMain.groovy:64)
	at com.kms.katalon.core.webui.keyword.internal.WebUIKeywordMain$stepFailed$0.call(Unknown Source)
	at com.kms.katalon.core.webui.keyword.builtin.VerifyElementNotPresentKeyword$_verifyElementNotPresent_closure1.doCall(VerifyElementNotPresentKeyword.groovy:113)
	at com.kms.katalon.core.webui.keyword.builtin.VerifyElementNotPresentKeyword$_verifyElementNotPresent_closure1.doCall(VerifyElementNotPresentKeyword.groovy)
	at com.kms.katalon.core.webui.keyword.internal.WebUIKeywordMain.runKeyword(WebUIKeywordMain.groovy:20)
	at com.kms.katalon.core.webui.keyword.internal.WebUIKeywordMain$runKeyword.call(Unknown Source)
	at com.kms.katalon.core.webui.keyword.builtin.VerifyElementNotPresentKeyword.verifyElementNotPresent(VerifyElementNotPresentKeyword.groovy:122)
	at com.kms.katalon.core.webui.keyword.builtin.VerifyElementNotPresentKeyword.execute(VerifyElementNotPresentKeyword.groovy:68)
	at com.kms.katalon.core.keyword.internal.KeywordExecutor.executeKeywordForPlatform(KeywordExecutor.groovy:74)
	at com.kms.katalon.core.webui.keyword.WebUiBuiltInKeywords.verifyElementNotPresent(WebUiBuiltInKeywords.groovy:1497)
	at com.kms.katalon.core.webui.keyword.WebUiBuiltInKeywords$verifyElementNotPresent$15.call(Unknown Source)
	at TC-PAN-008.run(TC-PAN-008:30)
	at com.kms.katalon.core.main.ScriptEngine.run(ScriptEngine.java:194)
	at com.kms.katalon.core.main.ScriptEngine.runScriptAsRawText(ScriptEngine.java:119)
	at com.kms.katalon.core.main.TestCaseExecutor.runScript(TestCaseExecutor.java:448)
	at com.kms.katalon.core.main.TestCaseExecutor.doExecute(TestCaseExecutor.java:439)
	at com.kms.katalon.core.main.TestCaseExecutor.processExecutionPhase(TestCaseExecutor.java:418)
	at com.kms.katalon.core.main.TestCaseExecutor.accessMainPhase(TestCaseExecutor.java:410)
	at com.kms.katalon.core.main.TestCaseExecutor.execute(TestCaseExecutor.java:285)
	at com.kms.katalon.core.common.CommonExecutor.accessTestCaseMainPhase(CommonExecutor.java:65)
	at com.kms.katalon.core.main.TestSuiteExecutor.accessTestSuiteMainPhase(TestSuiteExecutor.java:148)
	at com.kms.katalon.core.main.TestSuiteExecutor.execute(TestSuiteExecutor.java:106)
	at com.kms.katalon.core.main.TestCaseMain.startTestSuite(TestCaseMain.java:187)
	at com.kms.katalon.core.main.TestCaseMain$startTestSuite$0.call(Unknown Source)
	at TempTestSuite1696560832015.run(TempTestSuite1696560832015.groovy:36)
)
[[ATTACHMENT|G:\\Project Xsis\\batch-324-qa\\Riswan\\Sprint 2 Product Tajalapak\\Reports\\20231006_095352\\Product Admin\\20231006_095352\\1696562161398.png]]

2023-10-06 10:16:01 - [MESSAGE][FAILED] - Unable to verify object 'Object Repository/Product Admin/Veridikasi Halaman Semua Produk' is not present (Root cause: com.kms.katalon.core.exception.StepFailedException: Unable to verify object 'Object Repository/Product Admin/Veridikasi Halaman Semua Produk' is not present
	at com.kms.katalon.core.webui.keyword.internal.WebUIKeywordMain.stepFailed(WebUIKeywordMain.groovy:64)
	at com.kms.katalon.core.webui.keyword.internal.WebUIKeywordMain.runKeyword(WebUIKeywordMain.groovy:26)
	at com.kms.katalon.core.webui.keyword.internal.WebUIKeywordMain$runKeyword.call(Unknown Source)
	at com.kms.katalon.core.webui.keyword.builtin.VerifyElementNotPresentKeyword.verifyElementNotPresent(VerifyElementNotPresentKeyword.groovy:122)
	at com.kms.katalon.core.webui.keyword.builtin.VerifyElementNotPresentKeyword.execute(VerifyElementNotPresentKeyword.groovy:68)
	at com.kms.katalon.core.keyword.internal.KeywordExecutor.executeKeywordForPlatform(KeywordExecutor.groovy:74)
	at com.kms.katalon.core.webui.keyword.WebUiBuiltInKeywords.verifyElementNotPresent(WebUiBuiltInKeywords.groovy:1497)
	at com.kms.katalon.core.webui.keyword.WebUiBuiltInKeywords$verifyElementNotPresent$15.call(Unknown Source)
	at TC-PAN-008.run(TC-PAN-008:30)
	at com.kms.katalon.core.main.ScriptEngine.run(ScriptEngine.java:194)
	at com.kms.katalon.core.main.ScriptEngine.runScriptAsRawText(ScriptEngine.java:119)
	at com.kms.katalon.core.main.TestCaseExecutor.runScript(TestCaseExecutor.java:448)
	at com.kms.katalon.core.main.TestCaseExecutor.doExecute(TestCaseExecutor.java:439)
	at com.kms.katalon.core.main.TestCaseExecutor.processExecutionPhase(TestCaseExecutor.java:418)
	at com.kms.katalon.core.main.TestCaseExecutor.accessMainPhase(TestCaseExecutor.java:410)
	at com.kms.katalon.core.main.TestCaseExecutor.execute(TestCaseExecutor.java:285)
	at com.kms.katalon.core.common.CommonExecutor.accessTestCaseMainPhase(CommonExecutor.java:65)
	at com.kms.katalon.core.main.TestSuiteExecutor.accessTestSuiteMainPhase(TestSuiteExecutor.java:148)
	at com.kms.katalon.core.main.TestSuiteExecutor.execute(TestSuiteExecutor.java:106)
	at com.kms.katalon.core.main.TestCaseMain.startTestSuite(TestCaseMain.java:187)
	at com.kms.katalon.core.main.TestCaseMain$startTestSuite$0.call(Unknown Source)
	at TempTestSuite1696560832015.run(TempTestSuite1696560832015.groovy:36)
Caused by: com.kms.katalon.core.exception.StepFailedException: Web element with id: 'Object Repository/Product Admin/Veridikasi Halaman Semua Produk' located by 'By.xpath: (.//*[normalize-space(text()) and normalize-space(.)='Control panel'])[1]/following::h3[1]' is present after '30' second(s)
	at com.kms.katalon.core.webui.keyword.internal.WebUIKeywordMain.stepFailed(WebUIKeywordMain.groovy:64)
	at com.kms.katalon.core.webui.keyword.internal.WebUIKeywordMain$stepFailed$0.call(Unknown Source)
	at com.kms.katalon.core.webui.keyword.builtin.VerifyElementNotPresentKeyword$_verifyElementNotPresent_closure1.doCall(VerifyElementNotPresentKeyword.groovy:113)
	at com.kms.katalon.core.webui.keyword.builtin.VerifyElementNotPresentKeyword$_verifyElementNotPresent_closure1.doCall(VerifyElementNotPresentKeyword.groovy)
	at com.kms.katalon.core.webui.keyword.internal.WebUIKeywordMain.runKeyword(WebUIKeywordMain.groovy:20)
	... 20 more
)
[[ATTACHMENT|G:\\Project Xsis\\batch-324-qa\\Riswan\\Sprint 2 Product Tajalapak\\Reports\\20231006_095352\\Product Admin\\20231006_095352\\1696562161512.png]]]]></system-out>
         <system-err><![CDATA[2023-10-06 10:15:06 - [TEST_CASE][FAILED] - Test Cases/Product Admin/TC-PAN-008: Test Cases/Product Admin/TC-PAN-008 FAILED.
Reason:
com.kms.katalon.core.exception.StepFailedException: Unable to verify object 'Object Repository/Product Admin/Veridikasi Halaman Semua Produk' is not present
	at com.kms.katalon.core.webui.keyword.internal.WebUIKeywordMain.stepFailed(WebUIKeywordMain.groovy:64)
	at com.kms.katalon.core.webui.keyword.internal.WebUIKeywordMain.runKeyword(WebUIKeywordMain.groovy:26)
	at com.kms.katalon.core.webui.keyword.internal.WebUIKeywordMain$runKeyword.call(Unknown Source)
	at com.kms.katalon.core.webui.keyword.builtin.VerifyElementNotPresentKeyword.verifyElementNotPresent(VerifyElementNotPresentKeyword.groovy:122)
	at com.kms.katalon.core.webui.keyword.builtin.VerifyElementNotPresentKeyword.execute(VerifyElementNotPresentKeyword.groovy:68)
	at com.kms.katalon.core.keyword.internal.KeywordExecutor.executeKeywordForPlatform(KeywordExecutor.groovy:74)
	at com.kms.katalon.core.webui.keyword.WebUiBuiltInKeywords.verifyElementNotPresent(WebUiBuiltInKeywords.groovy:1497)
	at com.kms.katalon.core.webui.keyword.WebUiBuiltInKeywords$verifyElementNotPresent$15.call(Unknown Source)
	at TC-PAN-008.run(TC-PAN-008:30)
	at com.kms.katalon.core.main.ScriptEngine.run(ScriptEngine.java:194)
	at com.kms.katalon.core.main.ScriptEngine.runScriptAsRawText(ScriptEngine.java:119)
	at com.kms.katalon.core.main.TestCaseExecutor.runScript(TestCaseExecutor.java:448)
	at com.kms.katalon.core.main.TestCaseExecutor.doExecute(TestCaseExecutor.java:439)
	at com.kms.katalon.core.main.TestCaseExecutor.processExecutionPhase(TestCaseExecutor.java:418)
	at com.kms.katalon.core.main.TestCaseExecutor.accessMainPhase(TestCaseExecutor.java:410)
	at com.kms.katalon.core.main.TestCaseExecutor.execute(TestCaseExecutor.java:285)
	at com.kms.katalon.core.common.CommonExecutor.accessTestCaseMainPhase(CommonExecutor.java:65)
	at com.kms.katalon.core.main.TestSuiteExecutor.accessTestSuiteMainPhase(TestSuiteExecutor.java:148)
	at com.kms.katalon.core.main.TestSuiteExecutor.execute(TestSuiteExecutor.java:106)
	at com.kms.katalon.core.main.TestCaseMain.startTestSuite(TestCaseMain.java:187)
	at com.kms.katalon.core.main.TestCaseMain$startTestSuite$0.call(Unknown Source)
	at TempTestSuite1696560832015.run(TempTestSuite1696560832015.groovy:36)
Caused by: com.kms.katalon.core.exception.StepFailedException: Web element with id: 'Object Repository/Product Admin/Veridikasi Halaman Semua Produk' located by 'By.xpath: (.//*[normalize-space(text()) and normalize-space(.)='Control panel'])[1]/following::h3[1]' is present after '30' second(s)
	at com.kms.katalon.core.webui.keyword.internal.WebUIKeywordMain.stepFailed(WebUIKeywordMain.groovy:64)
	at com.kms.katalon.core.webui.keyword.internal.WebUIKeywordMain$stepFailed$0.call(Unknown Source)
	at com.kms.katalon.core.webui.keyword.builtin.VerifyElementNotPresentKeyword$_verifyElementNotPresent_closure1.doCall(VerifyElementNotPresentKeyword.groovy:113)
	at com.kms.katalon.core.webui.keyword.builtin.VerifyElementNotPresentKeyword$_verifyElementNotPresent_closure1.doCall(VerifyElementNotPresentKeyword.groovy)
	at com.kms.katalon.core.webui.keyword.internal.WebUIKeywordMain.runKeyword(WebUIKeywordMain.groovy:20)
	... 20 more]]></system-err>
      </testcase>
      <testcase name="Test Cases/Product Admin/TC-PAN-009" time="25.618" classname="Test Cases/Product Admin/TC-PAN-009" status="PASSED">
         <system-out><![CDATA[2023-10-06 10:16:01 - [TEST_CASE][PASSED] - Test Cases/Product Admin/TC-PAN-009: Test Cases/Product Admin/TC-PAN-009

2023-10-06 10:16:01 - [TEST_STEP][PASSED] - callTestCase(findTestCase("Product Admin/TC-PA-001"), [:], STOP_ON_FAILURE): Call Test Case 'Test Cases/Product Admin/TC-PA-001' successfully

2023-10-06 10:16:01 - [TEST_CASE][PASSED] - Test Cases/Product Admin/TC-PA-001: Test Cases/Product Admin/TC-PA-001

2023-10-06 10:16:01 - [TEST_STEP][PASSED] - callTestCase(findTestCase("Login Admin/TC-Login Admin-001"), [:], STOP_ON_FAILURE): Call Test Case 'Test Cases/Login Admin/TC-Login Admin-001' successfully

2023-10-06 10:16:01 - [TEST_CASE][PASSED] - Test Cases/Login Admin/TC-Login Admin-001: Test Cases/Login Admin/TC-Login Admin-001

2023-10-06 10:16:01 - [TEST_STEP][PASSED] - openBrowser(adminTajalapak): Browser is opened with url: 'https://10.9.2.63/ecommerce/administrator'

2023-10-06 10:16:01 - [MESSAGE][WARNING] - A browser is already opened. Closing browser and opening a new one

2023-10-06 10:16:02 - [MESSAGE][INFO] - Starting 'Edge Chromium' driver

2023-10-06 10:16:02 - [MESSAGE][INFO] - User set preference: ['acceptInsecureCerts', 'true']

2023-10-06 10:16:04 - [MESSAGE][INFO] - Action delay is set to 0 milliseconds

2023-10-06 10:16:07 - [MESSAGE][PASSED] - Browser is opened with url: 'https://10.9.2.63/ecommerce/administrator'

2023-10-06 10:16:07 - [TEST_STEP][PASSED] - maximizeWindow(): Current window maximized

2023-10-06 10:16:07 - [MESSAGE][PASSED] - Current window maximized

2023-10-06 10:16:07 - [TEST_STEP][PASSED] - verifyElementPresent(findTestObject("Login Admin/Verifikasi Halaman Administrator"), 0): Object 'Object Repository/Login Admin/Verifikasi Halaman Administrator' is present

2023-10-06 10:16:07 - [MESSAGE][WARNING] - Timeout '0' is invalid. Using default page load timeout: '30'

2023-10-06 10:16:07 - [MESSAGE][PASSED] - Object 'Object Repository/Login Admin/Verifikasi Halaman Administrator' is present

2023-10-06 10:16:07 - [TEST_STEP][PASSED] - setText(findTestObject("Login Admin/Input Username Admin"), "admin"): Text 'admin' is set on object 'Object Repository/Login Admin/Input Username Admin'

2023-10-06 10:16:08 - [MESSAGE][PASSED] - Text 'admin' is set on object 'Object Repository/Login Admin/Input Username Admin'

2023-10-06 10:16:08 - [TEST_STEP][PASSED] - setEncryptedText(findTestObject("Login Admin/Input Password Admin"), "374mkdZ/lqyNS21oH+MJZQ=="): Text ****** has been set on object 'Object Repository/Login Admin/Input Password Admin'

2023-10-06 10:16:09 - [MESSAGE][PASSED] - Text ****** has been set on object 'Object Repository/Login Admin/Input Password Admin'

2023-10-06 10:16:09 - [TEST_STEP][PASSED] - delay(10): Delayed 10 second(s)

2023-10-06 10:16:19 - [MESSAGE][PASSED] - Delayed 10 second(s)

2023-10-06 10:16:19 - [TEST_STEP][PASSED] - click(findTestObject("Login Admin/Botton Sign In")): Object: 'Object Repository/Login Admin/Botton Sign In' is clicked on

2023-10-06 10:16:20 - [MESSAGE][PASSED] - Object: 'Object Repository/Login Admin/Botton Sign In' is clicked on

2023-10-06 10:16:20 - [TEST_STEP][PASSED] - verifyElementPresent(findTestObject("Login Admin/Verifikasi Halaman Login Admin"), 0): Object 'Object Repository/Login Admin/Verifikasi Halaman Login Admin' is present

2023-10-06 10:16:20 - [MESSAGE][WARNING] - Timeout '0' is invalid. Using default page load timeout: '30'

2023-10-06 10:16:20 - [MESSAGE][PASSED] - Object 'Object Repository/Login Admin/Verifikasi Halaman Login Admin' is present

2023-10-06 10:16:20 - [MESSAGE][PASSED] - Call Test Case 'Test Cases/Login Admin/TC-Login Admin-001' successfully

2023-10-06 10:16:20 - [TEST_STEP][PASSED] - click(findTestObject("Product Admin/Master Market")): Object: 'Object Repository/Product Admin/Master Market' is clicked on

2023-10-06 10:16:21 - [MESSAGE][PASSED] - Object: 'Object Repository/Product Admin/Master Market' is clicked on

2023-10-06 10:16:21 - [TEST_STEP][PASSED] - click(findTestObject("Product Admin/Produk Admin")): Object: 'Object Repository/Product Admin/Produk Admin' is clicked on

2023-10-06 10:16:22 - [MESSAGE][PASSED] - Object: 'Object Repository/Product Admin/Produk Admin' is clicked on

2023-10-06 10:16:22 - [TEST_STEP][PASSED] - verifyElementPresent(findTestObject("Product Admin/Veridikasi Halaman Semua Produk"), 0): Object 'Object Repository/Product Admin/Veridikasi Halaman Semua Produk' is present

2023-10-06 10:16:22 - [MESSAGE][WARNING] - Timeout '0' is invalid. Using default page load timeout: '30'

2023-10-06 10:16:22 - [MESSAGE][PASSED] - Object 'Object Repository/Product Admin/Veridikasi Halaman Semua Produk' is present

2023-10-06 10:16:22 - [MESSAGE][PASSED] - Call Test Case 'Test Cases/Product Admin/TC-PA-001' successfully

2023-10-06 10:16:22 - [TEST_STEP][PASSED] - click(findTestObject("Product Admin/Button Edit Product Fleksibel")): Object: 'Object Repository/Product Admin/Button Edit Product Fleksibel' is clicked on

2023-10-06 10:16:23 - [MESSAGE][PASSED] - Object: 'Object Repository/Product Admin/Button Edit Product Fleksibel' is clicked on

2023-10-06 10:16:23 - [TEST_STEP][PASSED] - verifyElementPresent(findTestObject("Product Admin/TambahProduk/Verifikasi Halaman Product Baru"), 0): Object 'Object Repository/Product Admin/TambahProduk/Verifikasi Halaman Product Baru' is present

2023-10-06 10:16:23 - [MESSAGE][WARNING] - Timeout '0' is invalid. Using default page load timeout: '30'

2023-10-06 10:16:24 - [MESSAGE][PASSED] - Object 'Object Repository/Product Admin/TambahProduk/Verifikasi Halaman Product Baru' is present

2023-10-06 10:16:24 - [TEST_STEP][PASSED] - click(findTestObject("Product Admin/TambahProduk/Keterangan/Button Upload Gambar Keterangan")): Object: 'Object Repository/Product Admin/TambahProduk/Keterangan/Button Upload Gambar Keterangan' is clicked on

2023-10-06 10:16:24 - [MESSAGE][PASSED] - Object: 'Object Repository/Product Admin/TambahProduk/Keterangan/Button Upload Gambar Keterangan' is clicked on

2023-10-06 10:16:24 - [TEST_STEP][PASSED] - verifyElementPresent(findTestObject("Product Admin/TambahProduk/Keterangan/Verify Halaman Insert Image Keterangan"), 0): Object 'Object Repository/Product Admin/TambahProduk/Keterangan/Verify Halaman Insert Image Keterangan' is present

2023-10-06 10:16:24 - [MESSAGE][WARNING] - Timeout '0' is invalid. Using default page load timeout: '30'

2023-10-06 10:16:25 - [MESSAGE][PASSED] - Object 'Object Repository/Product Admin/TambahProduk/Keterangan/Verify Halaman Insert Image Keterangan' is present

2023-10-06 10:16:25 - [TEST_STEP][PASSED] - setText(findTestObject("Product Admin/TambahProduk/Keterangan/Input Link Image"), "gambar"): Text 'gambar' is set on object 'Object Repository/Product Admin/TambahProduk/Keterangan/Input Link Image'

2023-10-06 10:16:25 - [MESSAGE][PASSED] - Text 'gambar' is set on object 'Object Repository/Product Admin/TambahProduk/Keterangan/Input Link Image'

2023-10-06 10:16:25 - [TEST_STEP][PASSED] - click(findTestObject("Product Admin/TambahProduk/Keterangan/Button Insert Image")): Object: 'Object Repository/Product Admin/TambahProduk/Keterangan/Button Insert Image' is clicked on

2023-10-06 10:16:26 - [MESSAGE][PASSED] - Object: 'Object Repository/Product Admin/TambahProduk/Keterangan/Button Insert Image' is clicked on

2023-10-06 10:16:26 - [TEST_STEP][PASSED] - verifyElementNotPresent(findTestObject("Product Admin/TambahProduk/Keterangan/img via Link"), 0): Web element with id: 'Object Repository/Product Admin/TambahProduk/Keterangan/img via Link' located by 'By.xpath: //img[contains(@src,'https://png.pngtree.com/png-clipart/20211228/ourlarge/pngtree-panci-ompreng-png-image_4137919.png')]' is not present after '30' second(s)

2023-10-06 10:16:26 - [MESSAGE][WARNING] - Timeout '0' is invalid. Using default page load timeout: '30'

2023-10-06 10:16:27 - [MESSAGE][PASSED] - Web element with id: 'Object Repository/Product Admin/TambahProduk/Keterangan/img via Link' located by 'By.xpath: //img[contains(@src,'https://png.pngtree.com/png-clipart/20211228/ourlarge/pngtree-panci-ompreng-png-image_4137919.png')]' is not present after '30' second(s)]]></system-out>
         <system-err><![CDATA[]]></system-err>
      </testcase>
      <testcase name="Test Cases/Product Admin/TC-PAN-010" time="55.062" classname="Test Cases/Product Admin/TC-PAN-010" status="FAILED">
         <failure type="FAILED" message="Test Cases/Product Admin/TC-PAN-010 FAILED.
Reason:
com.kms.katalon.core.exception.StepFailedException: Unable to verify object 'Object Repository/Product Admin/Veridikasi Halaman Semua Produk' is not present
	at com.kms.katalon.core.webui.keyword.internal.WebUIKeywordMain.stepFailed(WebUIKeywordMain.groovy:64)
	at com.kms.katalon.core.webui.keyword.internal.WebUIKeywordMain.runKeyword(WebUIKeywordMain.groovy:26)
	at com.kms.katalon.core.webui.keyword.internal.WebUIKeywordMain$runKeyword.call(Unknown Source)
	at com.kms.katalon.core.webui.keyword.builtin.VerifyElementNotPresentKeyword.verifyElementNotPresent(VerifyElementNotPresentKeyword.groovy:122)
	at com.kms.katalon.core.webui.keyword.builtin.VerifyElementNotPresentKeyword.execute(VerifyElementNotPresentKeyword.groovy:68)
	at com.kms.katalon.core.keyword.internal.KeywordExecutor.executeKeywordForPlatform(KeywordExecutor.groovy:74)
	at com.kms.katalon.core.webui.keyword.WebUiBuiltInKeywords.verifyElementNotPresent(WebUiBuiltInKeywords.groovy:1497)
	at com.kms.katalon.core.webui.keyword.WebUiBuiltInKeywords$verifyElementNotPresent$15.call(Unknown Source)
	at TC-PAN-010.run(TC-PAN-010:30)
	at com.kms.katalon.core.main.ScriptEngine.run(ScriptEngine.java:194)
	at com.kms.katalon.core.main.ScriptEngine.runScriptAsRawText(ScriptEngine.java:119)
	at com.kms.katalon.core.main.TestCaseExecutor.runScript(TestCaseExecutor.java:448)
	at com.kms.katalon.core.main.TestCaseExecutor.doExecute(TestCaseExecutor.java:439)
	at com.kms.katalon.core.main.TestCaseExecutor.processExecutionPhase(TestCaseExecutor.java:418)
	at com.kms.katalon.core.main.TestCaseExecutor.accessMainPhase(TestCaseExecutor.java:410)
	at com.kms.katalon.core.main.TestCaseExecutor.execute(TestCaseExecutor.java:285)
	at com.kms.katalon.core.common.CommonExecutor.accessTestCaseMainPhase(CommonExecutor.java:65)
	at com.kms.katalon.core.main.TestSuiteExecutor.accessTestSuiteMainPhase(TestSuiteExecutor.java:148)
	at com.kms.katalon.core.main.TestSuiteExecutor.execute(TestSuiteExecutor.java:106)
	at com.kms.katalon.core.main.TestCaseMain.startTestSuite(TestCaseMain.java:187)
	at com.kms.katalon.core.main.TestCaseMain$startTestSuite$0.call(Unknown Source)
	at TempTestSuite1696560832015.run(TempTestSuite1696560832015.groovy:36)
Caused by: com.kms.katalon.core.exception.StepFailedException: Web element with id: 'Object Repository/Product Admin/Veridikasi Halaman Semua Produk' located by 'By.xpath: (.//*[normalize-space(text()) and normalize-space(.)='Control panel'])[1]/following::h3[1]' is present after '30' second(s)
	at com.kms.katalon.core.webui.keyword.internal.WebUIKeywordMain.stepFailed(WebUIKeywordMain.groovy:64)
	at com.kms.katalon.core.webui.keyword.internal.WebUIKeywordMain$stepFailed$0.call(Unknown Source)
	at com.kms.katalon.core.webui.keyword.builtin.VerifyElementNotPresentKeyword$_verifyElementNotPresent_closure1.doCall(VerifyElementNotPresentKeyword.groovy:113)
	at com.kms.katalon.core.webui.keyword.builtin.VerifyElementNotPresentKeyword$_verifyElementNotPresent_closure1.doCall(VerifyElementNotPresentKeyword.groovy)
	at com.kms.katalon.core.webui.keyword.internal.WebUIKeywordMain.runKeyword(WebUIKeywordMain.groovy:20)
	... 20 more
"/>
         <system-out><![CDATA[2023-10-06 10:16:27 - [TEST_CASE][FAILED] - Test Cases/Product Admin/TC-PAN-010: Test Cases/Product Admin/TC-PAN-010 FAILED.
Reason:
com.kms.katalon.core.exception.StepFailedException: Unable to verify object 'Object Repository/Product Admin/Veridikasi Halaman Semua Produk' is not present
	at com.kms.katalon.core.webui.keyword.internal.WebUIKeywordMain.stepFailed(WebUIKeywordMain.groovy:64)
	at com.kms.katalon.core.webui.keyword.internal.WebUIKeywordMain.runKeyword(WebUIKeywordMain.groovy:26)
	at com.kms.katalon.core.webui.keyword.internal.WebUIKeywordMain$runKeyword.call(Unknown Source)
	at com.kms.katalon.core.webui.keyword.builtin.VerifyElementNotPresentKeyword.verifyElementNotPresent(VerifyElementNotPresentKeyword.groovy:122)
	at com.kms.katalon.core.webui.keyword.builtin.VerifyElementNotPresentKeyword.execute(VerifyElementNotPresentKeyword.groovy:68)
	at com.kms.katalon.core.keyword.internal.KeywordExecutor.executeKeywordForPlatform(KeywordExecutor.groovy:74)
	at com.kms.katalon.core.webui.keyword.WebUiBuiltInKeywords.verifyElementNotPresent(WebUiBuiltInKeywords.groovy:1497)
	at com.kms.katalon.core.webui.keyword.WebUiBuiltInKeywords$verifyElementNotPresent$15.call(Unknown Source)
	at TC-PAN-010.run(TC-PAN-010:30)
	at com.kms.katalon.core.main.ScriptEngine.run(ScriptEngine.java:194)
	at com.kms.katalon.core.main.ScriptEngine.runScriptAsRawText(ScriptEngine.java:119)
	at com.kms.katalon.core.main.TestCaseExecutor.runScript(TestCaseExecutor.java:448)
	at com.kms.katalon.core.main.TestCaseExecutor.doExecute(TestCaseExecutor.java:439)
	at com.kms.katalon.core.main.TestCaseExecutor.processExecutionPhase(TestCaseExecutor.java:418)
	at com.kms.katalon.core.main.TestCaseExecutor.accessMainPhase(TestCaseExecutor.java:410)
	at com.kms.katalon.core.main.TestCaseExecutor.execute(TestCaseExecutor.java:285)
	at com.kms.katalon.core.common.CommonExecutor.accessTestCaseMainPhase(CommonExecutor.java:65)
	at com.kms.katalon.core.main.TestSuiteExecutor.accessTestSuiteMainPhase(TestSuiteExecutor.java:148)
	at com.kms.katalon.core.main.TestSuiteExecutor.execute(TestSuiteExecutor.java:106)
	at com.kms.katalon.core.main.TestCaseMain.startTestSuite(TestCaseMain.java:187)
	at com.kms.katalon.core.main.TestCaseMain$startTestSuite$0.call(Unknown Source)
	at TempTestSuite1696560832015.run(TempTestSuite1696560832015.groovy:36)
Caused by: com.kms.katalon.core.exception.StepFailedException: Web element with id: 'Object Repository/Product Admin/Veridikasi Halaman Semua Produk' located by 'By.xpath: (.//*[normalize-space(text()) and normalize-space(.)='Control panel'])[1]/following::h3[1]' is present after '30' second(s)
	at com.kms.katalon.core.webui.keyword.internal.WebUIKeywordMain.stepFailed(WebUIKeywordMain.groovy:64)
	at com.kms.katalon.core.webui.keyword.internal.WebUIKeywordMain$stepFailed$0.call(Unknown Source)
	at com.kms.katalon.core.webui.keyword.builtin.VerifyElementNotPresentKeyword$_verifyElementNotPresent_closure1.doCall(VerifyElementNotPresentKeyword.groovy:113)
	at com.kms.katalon.core.webui.keyword.builtin.VerifyElementNotPresentKeyword$_verifyElementNotPresent_closure1.doCall(VerifyElementNotPresentKeyword.groovy)
	at com.kms.katalon.core.webui.keyword.internal.WebUIKeywordMain.runKeyword(WebUIKeywordMain.groovy:20)
	... 20 more


2023-10-06 10:16:27 - [TEST_STEP][PASSED] - callTestCase(findTestCase("Product Admin/TC-PA-001"), [:], STOP_ON_FAILURE): Call Test Case 'Test Cases/Product Admin/TC-PA-001' successfully

2023-10-06 10:16:27 - [TEST_CASE][PASSED] - Test Cases/Product Admin/TC-PA-001: Test Cases/Product Admin/TC-PA-001

2023-10-06 10:16:27 - [TEST_STEP][PASSED] - callTestCase(findTestCase("Login Admin/TC-Login Admin-001"), [:], STOP_ON_FAILURE): Call Test Case 'Test Cases/Login Admin/TC-Login Admin-001' successfully

2023-10-06 10:16:27 - [TEST_CASE][PASSED] - Test Cases/Login Admin/TC-Login Admin-001: Test Cases/Login Admin/TC-Login Admin-001

2023-10-06 10:16:27 - [TEST_STEP][PASSED] - openBrowser(adminTajalapak): Browser is opened with url: 'https://10.9.2.63/ecommerce/administrator'

2023-10-06 10:16:27 - [MESSAGE][WARNING] - A browser is already opened. Closing browser and opening a new one

2023-10-06 10:16:28 - [MESSAGE][INFO] - Starting 'Edge Chromium' driver

2023-10-06 10:16:28 - [MESSAGE][INFO] - User set preference: ['acceptInsecureCerts', 'true']

2023-10-06 10:16:30 - [MESSAGE][INFO] - Action delay is set to 0 milliseconds

2023-10-06 10:16:32 - [MESSAGE][PASSED] - Browser is opened with url: 'https://10.9.2.63/ecommerce/administrator'

2023-10-06 10:16:32 - [TEST_STEP][PASSED] - maximizeWindow(): Current window maximized

2023-10-06 10:16:33 - [MESSAGE][PASSED] - Current window maximized

2023-10-06 10:16:33 - [TEST_STEP][PASSED] - verifyElementPresent(findTestObject("Login Admin/Verifikasi Halaman Administrator"), 0): Object 'Object Repository/Login Admin/Verifikasi Halaman Administrator' is present

2023-10-06 10:16:33 - [MESSAGE][WARNING] - Timeout '0' is invalid. Using default page load timeout: '30'

2023-10-06 10:16:33 - [MESSAGE][PASSED] - Object 'Object Repository/Login Admin/Verifikasi Halaman Administrator' is present

2023-10-06 10:16:33 - [TEST_STEP][PASSED] - setText(findTestObject("Login Admin/Input Username Admin"), "admin"): Text 'admin' is set on object 'Object Repository/Login Admin/Input Username Admin'

2023-10-06 10:16:34 - [MESSAGE][PASSED] - Text 'admin' is set on object 'Object Repository/Login Admin/Input Username Admin'

2023-10-06 10:16:34 - [TEST_STEP][PASSED] - setEncryptedText(findTestObject("Login Admin/Input Password Admin"), "374mkdZ/lqyNS21oH+MJZQ=="): Text ****** has been set on object 'Object Repository/Login Admin/Input Password Admin'

2023-10-06 10:16:34 - [MESSAGE][PASSED] - Text ****** has been set on object 'Object Repository/Login Admin/Input Password Admin'

2023-10-06 10:16:34 - [TEST_STEP][PASSED] - delay(10): Delayed 10 second(s)

2023-10-06 10:16:44 - [MESSAGE][PASSED] - Delayed 10 second(s)

2023-10-06 10:16:44 - [TEST_STEP][PASSED] - click(findTestObject("Login Admin/Botton Sign In")): Object: 'Object Repository/Login Admin/Botton Sign In' is clicked on

2023-10-06 10:16:46 - [MESSAGE][PASSED] - Object: 'Object Repository/Login Admin/Botton Sign In' is clicked on

2023-10-06 10:16:46 - [TEST_STEP][PASSED] - verifyElementPresent(findTestObject("Login Admin/Verifikasi Halaman Login Admin"), 0): Object 'Object Repository/Login Admin/Verifikasi Halaman Login Admin' is present

2023-10-06 10:16:46 - [MESSAGE][WARNING] - Timeout '0' is invalid. Using default page load timeout: '30'

2023-10-06 10:16:46 - [MESSAGE][PASSED] - Object 'Object Repository/Login Admin/Verifikasi Halaman Login Admin' is present

2023-10-06 10:16:46 - [MESSAGE][PASSED] - Call Test Case 'Test Cases/Login Admin/TC-Login Admin-001' successfully

2023-10-06 10:16:46 - [TEST_STEP][PASSED] - click(findTestObject("Product Admin/Master Market")): Object: 'Object Repository/Product Admin/Master Market' is clicked on

2023-10-06 10:16:46 - [MESSAGE][PASSED] - Object: 'Object Repository/Product Admin/Master Market' is clicked on

2023-10-06 10:16:46 - [TEST_STEP][PASSED] - click(findTestObject("Product Admin/Produk Admin")): Object: 'Object Repository/Product Admin/Produk Admin' is clicked on

2023-10-06 10:16:48 - [MESSAGE][PASSED] - Object: 'Object Repository/Product Admin/Produk Admin' is clicked on

2023-10-06 10:16:48 - [TEST_STEP][PASSED] - verifyElementPresent(findTestObject("Product Admin/Veridikasi Halaman Semua Produk"), 0): Object 'Object Repository/Product Admin/Veridikasi Halaman Semua Produk' is present

2023-10-06 10:16:48 - [MESSAGE][WARNING] - Timeout '0' is invalid. Using default page load timeout: '30'

2023-10-06 10:16:48 - [MESSAGE][PASSED] - Object 'Object Repository/Product Admin/Veridikasi Halaman Semua Produk' is present

2023-10-06 10:16:48 - [MESSAGE][PASSED] - Call Test Case 'Test Cases/Product Admin/TC-PA-001' successfully

2023-10-06 10:16:48 - [TEST_STEP][PASSED] - click(findTestObject("Product Admin/Button Edit Product Fleksibel")): Object: 'Object Repository/Product Admin/Button Edit Product Fleksibel' is clicked on

2023-10-06 10:16:49 - [MESSAGE][PASSED] - Object: 'Object Repository/Product Admin/Button Edit Product Fleksibel' is clicked on

2023-10-06 10:16:49 - [TEST_STEP][PASSED] - verifyElementPresent(findTestObject("Product Admin/TambahProduk/Verifikasi Halaman Product Baru"), 0): Object 'Object Repository/Product Admin/TambahProduk/Verifikasi Halaman Product Baru' is present

2023-10-06 10:16:49 - [MESSAGE][WARNING] - Timeout '0' is invalid. Using default page load timeout: '30'

2023-10-06 10:16:49 - [MESSAGE][PASSED] - Object 'Object Repository/Product Admin/TambahProduk/Verifikasi Halaman Product Baru' is present

2023-10-06 10:16:49 - [TEST_STEP][PASSED] - setText(findTestObject("Product Admin/TambahProduk/Input Nama Produk"), "~!@#$%^&*()"): Text '~!@#$%^&*()' is set on object 'Object Repository/Product Admin/TambahProduk/Input Nama Produk'

2023-10-06 10:16:50 - [MESSAGE][PASSED] - Text '~!@#$%^&*()' is set on object 'Object Repository/Product Admin/TambahProduk/Input Nama Produk'

2023-10-06 10:16:50 - [TEST_STEP][PASSED] - click(findTestObject("Product Admin/TambahProduk/Button Update Data")): Object: 'Object Repository/Product Admin/TambahProduk/Button Update Data' is clicked on

2023-10-06 10:16:51 - [MESSAGE][PASSED] - Object: 'Object Repository/Product Admin/TambahProduk/Button Update Data' is clicked on

2023-10-06 10:16:51 - [TEST_STEP][FAILED] - verifyElementNotPresent(findTestObject("Product Admin/Veridikasi Halaman Semua Produk"), 0): Unable to verify object 'Object Repository/Product Admin/Veridikasi Halaman Semua Produk' is not present (Root cause: com.kms.katalon.core.exception.StepFailedException: Unable to verify object 'Object Repository/Product Admin/Veridikasi Halaman Semua Produk' is not present
	at com.kms.katalon.core.webui.keyword.internal.WebUIKeywordMain.stepFailed(WebUIKeywordMain.groovy:64)
	at com.kms.katalon.core.webui.keyword.internal.WebUIKeywordMain.runKeyword(WebUIKeywordMain.groovy:26)
	at com.kms.katalon.core.webui.keyword.internal.WebUIKeywordMain$runKeyword.call(Unknown Source)
	at com.kms.katalon.core.webui.keyword.builtin.VerifyElementNotPresentKeyword.verifyElementNotPresent(VerifyElementNotPresentKeyword.groovy:122)
	at com.kms.katalon.core.webui.keyword.builtin.VerifyElementNotPresentKeyword.execute(VerifyElementNotPresentKeyword.groovy:68)
	at com.kms.katalon.core.keyword.internal.KeywordExecutor.executeKeywordForPlatform(KeywordExecutor.groovy:74)
	at com.kms.katalon.core.webui.keyword.WebUiBuiltInKeywords.verifyElementNotPresent(WebUiBuiltInKeywords.groovy:1497)
	at com.kms.katalon.core.webui.keyword.WebUiBuiltInKeywords$verifyElementNotPresent$15.call(Unknown Source)
	at TC-PAN-010.run(TC-PAN-010:30)
	at com.kms.katalon.core.main.ScriptEngine.run(ScriptEngine.java:194)
	at com.kms.katalon.core.main.ScriptEngine.runScriptAsRawText(ScriptEngine.java:119)
	at com.kms.katalon.core.main.TestCaseExecutor.runScript(TestCaseExecutor.java:448)
	at com.kms.katalon.core.main.TestCaseExecutor.doExecute(TestCaseExecutor.java:439)
	at com.kms.katalon.core.main.TestCaseExecutor.processExecutionPhase(TestCaseExecutor.java:418)
	at com.kms.katalon.core.main.TestCaseExecutor.accessMainPhase(TestCaseExecutor.java:410)
	at com.kms.katalon.core.main.TestCaseExecutor.execute(TestCaseExecutor.java:285)
	at com.kms.katalon.core.common.CommonExecutor.accessTestCaseMainPhase(CommonExecutor.java:65)
	at com.kms.katalon.core.main.TestSuiteExecutor.accessTestSuiteMainPhase(TestSuiteExecutor.java:148)
	at com.kms.katalon.core.main.TestSuiteExecutor.execute(TestSuiteExecutor.java:106)
	at com.kms.katalon.core.main.TestCaseMain.startTestSuite(TestCaseMain.java:187)
	at com.kms.katalon.core.main.TestCaseMain$startTestSuite$0.call(Unknown Source)
	at TempTestSuite1696560832015.run(TempTestSuite1696560832015.groovy:36)
Caused by: com.kms.katalon.core.exception.StepFailedException: Web element with id: 'Object Repository/Product Admin/Veridikasi Halaman Semua Produk' located by 'By.xpath: (.//*[normalize-space(text()) and normalize-space(.)='Control panel'])[1]/following::h3[1]' is present after '30' second(s)
	at com.kms.katalon.core.webui.keyword.internal.WebUIKeywordMain.stepFailed(WebUIKeywordMain.groovy:64)
	at com.kms.katalon.core.webui.keyword.internal.WebUIKeywordMain$stepFailed$0.call(Unknown Source)
	at com.kms.katalon.core.webui.keyword.builtin.VerifyElementNotPresentKeyword$_verifyElementNotPresent_closure1.doCall(VerifyElementNotPresentKeyword.groovy:113)
	at com.kms.katalon.core.webui.keyword.builtin.VerifyElementNotPresentKeyword$_verifyElementNotPresent_closure1.doCall(VerifyElementNotPresentKeyword.groovy)
	at com.kms.katalon.core.webui.keyword.internal.WebUIKeywordMain.runKeyword(WebUIKeywordMain.groovy:20)
	... 20 more
)

2023-10-06 10:16:51 - [MESSAGE][WARNING] - Timeout '0' is invalid. Using default page load timeout: '30'

2023-10-06 10:17:22 - [MESSAGE][FAILED] - Web element with id: 'Object Repository/Product Admin/Veridikasi Halaman Semua Produk' located by 'By.xpath: (.//*[normalize-space(text()) and normalize-space(.)='Control panel'])[1]/following::h3[1]' is present after '30' second(s) (Root cause: com.kms.katalon.core.exception.StepFailedException: Web element with id: 'Object Repository/Product Admin/Veridikasi Halaman Semua Produk' located by 'By.xpath: (.//*[normalize-space(text()) and normalize-space(.)='Control panel'])[1]/following::h3[1]' is present after '30' second(s)
	at com.kms.katalon.core.webui.keyword.internal.WebUIKeywordMain.stepFailed(WebUIKeywordMain.groovy:64)
	at com.kms.katalon.core.webui.keyword.internal.WebUIKeywordMain$stepFailed$0.call(Unknown Source)
	at com.kms.katalon.core.webui.keyword.builtin.VerifyElementNotPresentKeyword$_verifyElementNotPresent_closure1.doCall(VerifyElementNotPresentKeyword.groovy:113)
	at com.kms.katalon.core.webui.keyword.builtin.VerifyElementNotPresentKeyword$_verifyElementNotPresent_closure1.doCall(VerifyElementNotPresentKeyword.groovy)
	at com.kms.katalon.core.webui.keyword.internal.WebUIKeywordMain.runKeyword(WebUIKeywordMain.groovy:20)
	at com.kms.katalon.core.webui.keyword.internal.WebUIKeywordMain$runKeyword.call(Unknown Source)
	at com.kms.katalon.core.webui.keyword.builtin.VerifyElementNotPresentKeyword.verifyElementNotPresent(VerifyElementNotPresentKeyword.groovy:122)
	at com.kms.katalon.core.webui.keyword.builtin.VerifyElementNotPresentKeyword.execute(VerifyElementNotPresentKeyword.groovy:68)
	at com.kms.katalon.core.keyword.internal.KeywordExecutor.executeKeywordForPlatform(KeywordExecutor.groovy:74)
	at com.kms.katalon.core.webui.keyword.WebUiBuiltInKeywords.verifyElementNotPresent(WebUiBuiltInKeywords.groovy:1497)
	at com.kms.katalon.core.webui.keyword.WebUiBuiltInKeywords$verifyElementNotPresent$15.call(Unknown Source)
	at TC-PAN-010.run(TC-PAN-010:30)
	at com.kms.katalon.core.main.ScriptEngine.run(ScriptEngine.java:194)
	at com.kms.katalon.core.main.ScriptEngine.runScriptAsRawText(ScriptEngine.java:119)
	at com.kms.katalon.core.main.TestCaseExecutor.runScript(TestCaseExecutor.java:448)
	at com.kms.katalon.core.main.TestCaseExecutor.doExecute(TestCaseExecutor.java:439)
	at com.kms.katalon.core.main.TestCaseExecutor.processExecutionPhase(TestCaseExecutor.java:418)
	at com.kms.katalon.core.main.TestCaseExecutor.accessMainPhase(TestCaseExecutor.java:410)
	at com.kms.katalon.core.main.TestCaseExecutor.execute(TestCaseExecutor.java:285)
	at com.kms.katalon.core.common.CommonExecutor.accessTestCaseMainPhase(CommonExecutor.java:65)
	at com.kms.katalon.core.main.TestSuiteExecutor.accessTestSuiteMainPhase(TestSuiteExecutor.java:148)
	at com.kms.katalon.core.main.TestSuiteExecutor.execute(TestSuiteExecutor.java:106)
	at com.kms.katalon.core.main.TestCaseMain.startTestSuite(TestCaseMain.java:187)
	at com.kms.katalon.core.main.TestCaseMain$startTestSuite$0.call(Unknown Source)
	at TempTestSuite1696560832015.run(TempTestSuite1696560832015.groovy:36)
)
[[ATTACHMENT|G:\\Project Xsis\\batch-324-qa\\Riswan\\Sprint 2 Product Tajalapak\\Reports\\20231006_095352\\Product Admin\\20231006_095352\\1696562242066.png]]

2023-10-06 10:17:22 - [MESSAGE][FAILED] - Unable to verify object 'Object Repository/Product Admin/Veridikasi Halaman Semua Produk' is not present (Root cause: com.kms.katalon.core.exception.StepFailedException: Unable to verify object 'Object Repository/Product Admin/Veridikasi Halaman Semua Produk' is not present
	at com.kms.katalon.core.webui.keyword.internal.WebUIKeywordMain.stepFailed(WebUIKeywordMain.groovy:64)
	at com.kms.katalon.core.webui.keyword.internal.WebUIKeywordMain.runKeyword(WebUIKeywordMain.groovy:26)
	at com.kms.katalon.core.webui.keyword.internal.WebUIKeywordMain$runKeyword.call(Unknown Source)
	at com.kms.katalon.core.webui.keyword.builtin.VerifyElementNotPresentKeyword.verifyElementNotPresent(VerifyElementNotPresentKeyword.groovy:122)
	at com.kms.katalon.core.webui.keyword.builtin.VerifyElementNotPresentKeyword.execute(VerifyElementNotPresentKeyword.groovy:68)
	at com.kms.katalon.core.keyword.internal.KeywordExecutor.executeKeywordForPlatform(KeywordExecutor.groovy:74)
	at com.kms.katalon.core.webui.keyword.WebUiBuiltInKeywords.verifyElementNotPresent(WebUiBuiltInKeywords.groovy:1497)
	at com.kms.katalon.core.webui.keyword.WebUiBuiltInKeywords$verifyElementNotPresent$15.call(Unknown Source)
	at TC-PAN-010.run(TC-PAN-010:30)
	at com.kms.katalon.core.main.ScriptEngine.run(ScriptEngine.java:194)
	at com.kms.katalon.core.main.ScriptEngine.runScriptAsRawText(ScriptEngine.java:119)
	at com.kms.katalon.core.main.TestCaseExecutor.runScript(TestCaseExecutor.java:448)
	at com.kms.katalon.core.main.TestCaseExecutor.doExecute(TestCaseExecutor.java:439)
	at com.kms.katalon.core.main.TestCaseExecutor.processExecutionPhase(TestCaseExecutor.java:418)
	at com.kms.katalon.core.main.TestCaseExecutor.accessMainPhase(TestCaseExecutor.java:410)
	at com.kms.katalon.core.main.TestCaseExecutor.execute(TestCaseExecutor.java:285)
	at com.kms.katalon.core.common.CommonExecutor.accessTestCaseMainPhase(CommonExecutor.java:65)
	at com.kms.katalon.core.main.TestSuiteExecutor.accessTestSuiteMainPhase(TestSuiteExecutor.java:148)
	at com.kms.katalon.core.main.TestSuiteExecutor.execute(TestSuiteExecutor.java:106)
	at com.kms.katalon.core.main.TestCaseMain.startTestSuite(TestCaseMain.java:187)
	at com.kms.katalon.core.main.TestCaseMain$startTestSuite$0.call(Unknown Source)
	at TempTestSuite1696560832015.run(TempTestSuite1696560832015.groovy:36)
Caused by: com.kms.katalon.core.exception.StepFailedException: Web element with id: 'Object Repository/Product Admin/Veridikasi Halaman Semua Produk' located by 'By.xpath: (.//*[normalize-space(text()) and normalize-space(.)='Control panel'])[1]/following::h3[1]' is present after '30' second(s)
	at com.kms.katalon.core.webui.keyword.internal.WebUIKeywordMain.stepFailed(WebUIKeywordMain.groovy:64)
	at com.kms.katalon.core.webui.keyword.internal.WebUIKeywordMain$stepFailed$0.call(Unknown Source)
	at com.kms.katalon.core.webui.keyword.builtin.VerifyElementNotPresentKeyword$_verifyElementNotPresent_closure1.doCall(VerifyElementNotPresentKeyword.groovy:113)
	at com.kms.katalon.core.webui.keyword.builtin.VerifyElementNotPresentKeyword$_verifyElementNotPresent_closure1.doCall(VerifyElementNotPresentKeyword.groovy)
	at com.kms.katalon.core.webui.keyword.internal.WebUIKeywordMain.runKeyword(WebUIKeywordMain.groovy:20)
	... 20 more
)
[[ATTACHMENT|G:\\Project Xsis\\batch-324-qa\\Riswan\\Sprint 2 Product Tajalapak\\Reports\\20231006_095352\\Product Admin\\20231006_095352\\1696562242181.png]]]]></system-out>
         <system-err><![CDATA[2023-10-06 10:16:27 - [TEST_CASE][FAILED] - Test Cases/Product Admin/TC-PAN-010: Test Cases/Product Admin/TC-PAN-010 FAILED.
Reason:
com.kms.katalon.core.exception.StepFailedException: Unable to verify object 'Object Repository/Product Admin/Veridikasi Halaman Semua Produk' is not present
	at com.kms.katalon.core.webui.keyword.internal.WebUIKeywordMain.stepFailed(WebUIKeywordMain.groovy:64)
	at com.kms.katalon.core.webui.keyword.internal.WebUIKeywordMain.runKeyword(WebUIKeywordMain.groovy:26)
	at com.kms.katalon.core.webui.keyword.internal.WebUIKeywordMain$runKeyword.call(Unknown Source)
	at com.kms.katalon.core.webui.keyword.builtin.VerifyElementNotPresentKeyword.verifyElementNotPresent(VerifyElementNotPresentKeyword.groovy:122)
	at com.kms.katalon.core.webui.keyword.builtin.VerifyElementNotPresentKeyword.execute(VerifyElementNotPresentKeyword.groovy:68)
	at com.kms.katalon.core.keyword.internal.KeywordExecutor.executeKeywordForPlatform(KeywordExecutor.groovy:74)
	at com.kms.katalon.core.webui.keyword.WebUiBuiltInKeywords.verifyElementNotPresent(WebUiBuiltInKeywords.groovy:1497)
	at com.kms.katalon.core.webui.keyword.WebUiBuiltInKeywords$verifyElementNotPresent$15.call(Unknown Source)
	at TC-PAN-010.run(TC-PAN-010:30)
	at com.kms.katalon.core.main.ScriptEngine.run(ScriptEngine.java:194)
	at com.kms.katalon.core.main.ScriptEngine.runScriptAsRawText(ScriptEngine.java:119)
	at com.kms.katalon.core.main.TestCaseExecutor.runScript(TestCaseExecutor.java:448)
	at com.kms.katalon.core.main.TestCaseExecutor.doExecute(TestCaseExecutor.java:439)
	at com.kms.katalon.core.main.TestCaseExecutor.processExecutionPhase(TestCaseExecutor.java:418)
	at com.kms.katalon.core.main.TestCaseExecutor.accessMainPhase(TestCaseExecutor.java:410)
	at com.kms.katalon.core.main.TestCaseExecutor.execute(TestCaseExecutor.java:285)
	at com.kms.katalon.core.common.CommonExecutor.accessTestCaseMainPhase(CommonExecutor.java:65)
	at com.kms.katalon.core.main.TestSuiteExecutor.accessTestSuiteMainPhase(TestSuiteExecutor.java:148)
	at com.kms.katalon.core.main.TestSuiteExecutor.execute(TestSuiteExecutor.java:106)
	at com.kms.katalon.core.main.TestCaseMain.startTestSuite(TestCaseMain.java:187)
	at com.kms.katalon.core.main.TestCaseMain$startTestSuite$0.call(Unknown Source)
	at TempTestSuite1696560832015.run(TempTestSuite1696560832015.groovy:36)
Caused by: com.kms.katalon.core.exception.StepFailedException: Web element with id: 'Object Repository/Product Admin/Veridikasi Halaman Semua Produk' located by 'By.xpath: (.//*[normalize-space(text()) and normalize-space(.)='Control panel'])[1]/following::h3[1]' is present after '30' second(s)
	at com.kms.katalon.core.webui.keyword.internal.WebUIKeywordMain.stepFailed(WebUIKeywordMain.groovy:64)
	at com.kms.katalon.core.webui.keyword.internal.WebUIKeywordMain$stepFailed$0.call(Unknown Source)
	at com.kms.katalon.core.webui.keyword.builtin.VerifyElementNotPresentKeyword$_verifyElementNotPresent_closure1.doCall(VerifyElementNotPresentKeyword.groovy:113)
	at com.kms.katalon.core.webui.keyword.builtin.VerifyElementNotPresentKeyword$_verifyElementNotPresent_closure1.doCall(VerifyElementNotPresentKeyword.groovy)
	at com.kms.katalon.core.webui.keyword.internal.WebUIKeywordMain.runKeyword(WebUIKeywordMain.groovy:20)
	... 20 more]]></system-err>
      </testcase>
      <testcase name="Test Cases/Product Admin/TC-PAN-011" time="55.16" classname="Test Cases/Product Admin/TC-PAN-011" status="FAILED">
         <failure type="FAILED" message="Test Cases/Product Admin/TC-PAN-011 FAILED.
Reason:
com.kms.katalon.core.exception.StepFailedException: Unable to verify object 'Object Repository/Product Admin/Veridikasi Halaman Semua Produk' is not present
	at com.kms.katalon.core.webui.keyword.internal.WebUIKeywordMain.stepFailed(WebUIKeywordMain.groovy:64)
	at com.kms.katalon.core.webui.keyword.internal.WebUIKeywordMain.runKeyword(WebUIKeywordMain.groovy:26)
	at com.kms.katalon.core.webui.keyword.internal.WebUIKeywordMain$runKeyword.call(Unknown Source)
	at com.kms.katalon.core.webui.keyword.builtin.VerifyElementNotPresentKeyword.verifyElementNotPresent(VerifyElementNotPresentKeyword.groovy:122)
	at com.kms.katalon.core.webui.keyword.builtin.VerifyElementNotPresentKeyword.execute(VerifyElementNotPresentKeyword.groovy:68)
	at com.kms.katalon.core.keyword.internal.KeywordExecutor.executeKeywordForPlatform(KeywordExecutor.groovy:74)
	at com.kms.katalon.core.webui.keyword.WebUiBuiltInKeywords.verifyElementNotPresent(WebUiBuiltInKeywords.groovy:1497)
	at com.kms.katalon.core.webui.keyword.WebUiBuiltInKeywords$verifyElementNotPresent$15.call(Unknown Source)
	at TC-PAN-011.run(TC-PAN-011:30)
	at com.kms.katalon.core.main.ScriptEngine.run(ScriptEngine.java:194)
	at com.kms.katalon.core.main.ScriptEngine.runScriptAsRawText(ScriptEngine.java:119)
	at com.kms.katalon.core.main.TestCaseExecutor.runScript(TestCaseExecutor.java:448)
	at com.kms.katalon.core.main.TestCaseExecutor.doExecute(TestCaseExecutor.java:439)
	at com.kms.katalon.core.main.TestCaseExecutor.processExecutionPhase(TestCaseExecutor.java:418)
	at com.kms.katalon.core.main.TestCaseExecutor.accessMainPhase(TestCaseExecutor.java:410)
	at com.kms.katalon.core.main.TestCaseExecutor.execute(TestCaseExecutor.java:285)
	at com.kms.katalon.core.common.CommonExecutor.accessTestCaseMainPhase(CommonExecutor.java:65)
	at com.kms.katalon.core.main.TestSuiteExecutor.accessTestSuiteMainPhase(TestSuiteExecutor.java:148)
	at com.kms.katalon.core.main.TestSuiteExecutor.execute(TestSuiteExecutor.java:106)
	at com.kms.katalon.core.main.TestCaseMain.startTestSuite(TestCaseMain.java:187)
	at com.kms.katalon.core.main.TestCaseMain$startTestSuite$0.call(Unknown Source)
	at TempTestSuite1696560832015.run(TempTestSuite1696560832015.groovy:36)
Caused by: com.kms.katalon.core.exception.StepFailedException: Web element with id: 'Object Repository/Product Admin/Veridikasi Halaman Semua Produk' located by 'By.xpath: (.//*[normalize-space(text()) and normalize-space(.)='Control panel'])[1]/following::h3[1]' is present after '30' second(s)
	at com.kms.katalon.core.webui.keyword.internal.WebUIKeywordMain.stepFailed(WebUIKeywordMain.groovy:64)
	at com.kms.katalon.core.webui.keyword.internal.WebUIKeywordMain$stepFailed$0.call(Unknown Source)
	at com.kms.katalon.core.webui.keyword.builtin.VerifyElementNotPresentKeyword$_verifyElementNotPresent_closure1.doCall(VerifyElementNotPresentKeyword.groovy:113)
	at com.kms.katalon.core.webui.keyword.builtin.VerifyElementNotPresentKeyword$_verifyElementNotPresent_closure1.doCall(VerifyElementNotPresentKeyword.groovy)
	at com.kms.katalon.core.webui.keyword.internal.WebUIKeywordMain.runKeyword(WebUIKeywordMain.groovy:20)
	... 20 more
"/>
         <system-out><![CDATA[2023-10-06 10:17:22 - [TEST_CASE][FAILED] - Test Cases/Product Admin/TC-PAN-011: Test Cases/Product Admin/TC-PAN-011 FAILED.
Reason:
com.kms.katalon.core.exception.StepFailedException: Unable to verify object 'Object Repository/Product Admin/Veridikasi Halaman Semua Produk' is not present
	at com.kms.katalon.core.webui.keyword.internal.WebUIKeywordMain.stepFailed(WebUIKeywordMain.groovy:64)
	at com.kms.katalon.core.webui.keyword.internal.WebUIKeywordMain.runKeyword(WebUIKeywordMain.groovy:26)
	at com.kms.katalon.core.webui.keyword.internal.WebUIKeywordMain$runKeyword.call(Unknown Source)
	at com.kms.katalon.core.webui.keyword.builtin.VerifyElementNotPresentKeyword.verifyElementNotPresent(VerifyElementNotPresentKeyword.groovy:122)
	at com.kms.katalon.core.webui.keyword.builtin.VerifyElementNotPresentKeyword.execute(VerifyElementNotPresentKeyword.groovy:68)
	at com.kms.katalon.core.keyword.internal.KeywordExecutor.executeKeywordForPlatform(KeywordExecutor.groovy:74)
	at com.kms.katalon.core.webui.keyword.WebUiBuiltInKeywords.verifyElementNotPresent(WebUiBuiltInKeywords.groovy:1497)
	at com.kms.katalon.core.webui.keyword.WebUiBuiltInKeywords$verifyElementNotPresent$15.call(Unknown Source)
	at TC-PAN-011.run(TC-PAN-011:30)
	at com.kms.katalon.core.main.ScriptEngine.run(ScriptEngine.java:194)
	at com.kms.katalon.core.main.ScriptEngine.runScriptAsRawText(ScriptEngine.java:119)
	at com.kms.katalon.core.main.TestCaseExecutor.runScript(TestCaseExecutor.java:448)
	at com.kms.katalon.core.main.TestCaseExecutor.doExecute(TestCaseExecutor.java:439)
	at com.kms.katalon.core.main.TestCaseExecutor.processExecutionPhase(TestCaseExecutor.java:418)
	at com.kms.katalon.core.main.TestCaseExecutor.accessMainPhase(TestCaseExecutor.java:410)
	at com.kms.katalon.core.main.TestCaseExecutor.execute(TestCaseExecutor.java:285)
	at com.kms.katalon.core.common.CommonExecutor.accessTestCaseMainPhase(CommonExecutor.java:65)
	at com.kms.katalon.core.main.TestSuiteExecutor.accessTestSuiteMainPhase(TestSuiteExecutor.java:148)
	at com.kms.katalon.core.main.TestSuiteExecutor.execute(TestSuiteExecutor.java:106)
	at com.kms.katalon.core.main.TestCaseMain.startTestSuite(TestCaseMain.java:187)
	at com.kms.katalon.core.main.TestCaseMain$startTestSuite$0.call(Unknown Source)
	at TempTestSuite1696560832015.run(TempTestSuite1696560832015.groovy:36)
Caused by: com.kms.katalon.core.exception.StepFailedException: Web element with id: 'Object Repository/Product Admin/Veridikasi Halaman Semua Produk' located by 'By.xpath: (.//*[normalize-space(text()) and normalize-space(.)='Control panel'])[1]/following::h3[1]' is present after '30' second(s)
	at com.kms.katalon.core.webui.keyword.internal.WebUIKeywordMain.stepFailed(WebUIKeywordMain.groovy:64)
	at com.kms.katalon.core.webui.keyword.internal.WebUIKeywordMain$stepFailed$0.call(Unknown Source)
	at com.kms.katalon.core.webui.keyword.builtin.VerifyElementNotPresentKeyword$_verifyElementNotPresent_closure1.doCall(VerifyElementNotPresentKeyword.groovy:113)
	at com.kms.katalon.core.webui.keyword.builtin.VerifyElementNotPresentKeyword$_verifyElementNotPresent_closure1.doCall(VerifyElementNotPresentKeyword.groovy)
	at com.kms.katalon.core.webui.keyword.internal.WebUIKeywordMain.runKeyword(WebUIKeywordMain.groovy:20)
	... 20 more


2023-10-06 10:17:22 - [TEST_STEP][PASSED] - callTestCase(findTestCase("Product Admin/TC-PA-001"), [:], STOP_ON_FAILURE): Call Test Case 'Test Cases/Product Admin/TC-PA-001' successfully

2023-10-06 10:17:22 - [TEST_CASE][PASSED] - Test Cases/Product Admin/TC-PA-001: Test Cases/Product Admin/TC-PA-001

2023-10-06 10:17:22 - [TEST_STEP][PASSED] - callTestCase(findTestCase("Login Admin/TC-Login Admin-001"), [:], STOP_ON_FAILURE): Call Test Case 'Test Cases/Login Admin/TC-Login Admin-001' successfully

2023-10-06 10:17:22 - [TEST_CASE][PASSED] - Test Cases/Login Admin/TC-Login Admin-001: Test Cases/Login Admin/TC-Login Admin-001

2023-10-06 10:17:22 - [TEST_STEP][PASSED] - openBrowser(adminTajalapak): Browser is opened with url: 'https://10.9.2.63/ecommerce/administrator'

2023-10-06 10:17:22 - [MESSAGE][WARNING] - A browser is already opened. Closing browser and opening a new one

2023-10-06 10:17:23 - [MESSAGE][INFO] - Starting 'Edge Chromium' driver

2023-10-06 10:17:23 - [MESSAGE][INFO] - User set preference: ['acceptInsecureCerts', 'true']

2023-10-06 10:17:25 - [MESSAGE][INFO] - Action delay is set to 0 milliseconds

2023-10-06 10:17:27 - [MESSAGE][PASSED] - Browser is opened with url: 'https://10.9.2.63/ecommerce/administrator'

2023-10-06 10:17:27 - [TEST_STEP][PASSED] - maximizeWindow(): Current window maximized

2023-10-06 10:17:28 - [MESSAGE][PASSED] - Current window maximized

2023-10-06 10:17:28 - [TEST_STEP][PASSED] - verifyElementPresent(findTestObject("Login Admin/Verifikasi Halaman Administrator"), 0): Object 'Object Repository/Login Admin/Verifikasi Halaman Administrator' is present

2023-10-06 10:17:28 - [MESSAGE][WARNING] - Timeout '0' is invalid. Using default page load timeout: '30'

2023-10-06 10:17:28 - [MESSAGE][PASSED] - Object 'Object Repository/Login Admin/Verifikasi Halaman Administrator' is present

2023-10-06 10:17:28 - [TEST_STEP][PASSED] - setText(findTestObject("Login Admin/Input Username Admin"), "admin"): Text 'admin' is set on object 'Object Repository/Login Admin/Input Username Admin'

2023-10-06 10:17:29 - [MESSAGE][PASSED] - Text 'admin' is set on object 'Object Repository/Login Admin/Input Username Admin'

2023-10-06 10:17:29 - [TEST_STEP][PASSED] - setEncryptedText(findTestObject("Login Admin/Input Password Admin"), "374mkdZ/lqyNS21oH+MJZQ=="): Text ****** has been set on object 'Object Repository/Login Admin/Input Password Admin'

2023-10-06 10:17:29 - [MESSAGE][PASSED] - Text ****** has been set on object 'Object Repository/Login Admin/Input Password Admin'

2023-10-06 10:17:29 - [TEST_STEP][PASSED] - delay(10): Delayed 10 second(s)

2023-10-06 10:17:39 - [MESSAGE][PASSED] - Delayed 10 second(s)

2023-10-06 10:17:39 - [TEST_STEP][PASSED] - click(findTestObject("Login Admin/Botton Sign In")): Object: 'Object Repository/Login Admin/Botton Sign In' is clicked on

2023-10-06 10:17:40 - [MESSAGE][PASSED] - Object: 'Object Repository/Login Admin/Botton Sign In' is clicked on

2023-10-06 10:17:40 - [TEST_STEP][PASSED] - verifyElementPresent(findTestObject("Login Admin/Verifikasi Halaman Login Admin"), 0): Object 'Object Repository/Login Admin/Verifikasi Halaman Login Admin' is present

2023-10-06 10:17:40 - [MESSAGE][WARNING] - Timeout '0' is invalid. Using default page load timeout: '30'

2023-10-06 10:17:41 - [MESSAGE][PASSED] - Object 'Object Repository/Login Admin/Verifikasi Halaman Login Admin' is present

2023-10-06 10:17:41 - [MESSAGE][PASSED] - Call Test Case 'Test Cases/Login Admin/TC-Login Admin-001' successfully

2023-10-06 10:17:41 - [TEST_STEP][PASSED] - click(findTestObject("Product Admin/Master Market")): Object: 'Object Repository/Product Admin/Master Market' is clicked on

2023-10-06 10:17:42 - [MESSAGE][PASSED] - Object: 'Object Repository/Product Admin/Master Market' is clicked on

2023-10-06 10:17:42 - [TEST_STEP][PASSED] - click(findTestObject("Product Admin/Produk Admin")): Object: 'Object Repository/Product Admin/Produk Admin' is clicked on

2023-10-06 10:17:43 - [MESSAGE][PASSED] - Object: 'Object Repository/Product Admin/Produk Admin' is clicked on

2023-10-06 10:17:43 - [TEST_STEP][PASSED] - verifyElementPresent(findTestObject("Product Admin/Veridikasi Halaman Semua Produk"), 0): Object 'Object Repository/Product Admin/Veridikasi Halaman Semua Produk' is present

2023-10-06 10:17:43 - [MESSAGE][WARNING] - Timeout '0' is invalid. Using default page load timeout: '30'

2023-10-06 10:17:43 - [MESSAGE][PASSED] - Object 'Object Repository/Product Admin/Veridikasi Halaman Semua Produk' is present

2023-10-06 10:17:43 - [MESSAGE][PASSED] - Call Test Case 'Test Cases/Product Admin/TC-PA-001' successfully

2023-10-06 10:17:43 - [TEST_STEP][PASSED] - click(findTestObject("Product Admin/Button Edit Product Fleksibel")): Object: 'Object Repository/Product Admin/Button Edit Product Fleksibel' is clicked on

2023-10-06 10:17:44 - [MESSAGE][PASSED] - Object: 'Object Repository/Product Admin/Button Edit Product Fleksibel' is clicked on

2023-10-06 10:17:44 - [TEST_STEP][PASSED] - verifyElementPresent(findTestObject("Product Admin/TambahProduk/Verifikasi Halaman Product Baru"), 0): Object 'Object Repository/Product Admin/TambahProduk/Verifikasi Halaman Product Baru' is present

2023-10-06 10:17:44 - [MESSAGE][WARNING] - Timeout '0' is invalid. Using default page load timeout: '30'

2023-10-06 10:17:44 - [MESSAGE][PASSED] - Object 'Object Repository/Product Admin/TambahProduk/Verifikasi Halaman Product Baru' is present

2023-10-06 10:17:44 - [TEST_STEP][PASSED] - setText(findTestObject("Product Admin/TambahProduk/Input Nama Produk"), " "): Text ' ' is set on object 'Object Repository/Product Admin/TambahProduk/Input Nama Produk'

2023-10-06 10:17:45 - [MESSAGE][PASSED] - Text ' ' is set on object 'Object Repository/Product Admin/TambahProduk/Input Nama Produk'

2023-10-06 10:17:45 - [TEST_STEP][PASSED] - click(findTestObject("Product Admin/TambahProduk/Button Update Data")): Object: 'Object Repository/Product Admin/TambahProduk/Button Update Data' is clicked on

2023-10-06 10:17:46 - [MESSAGE][PASSED] - Object: 'Object Repository/Product Admin/TambahProduk/Button Update Data' is clicked on

2023-10-06 10:17:46 - [TEST_STEP][FAILED] - verifyElementNotPresent(findTestObject("Product Admin/Veridikasi Halaman Semua Produk"), 0): Unable to verify object 'Object Repository/Product Admin/Veridikasi Halaman Semua Produk' is not present (Root cause: com.kms.katalon.core.exception.StepFailedException: Unable to verify object 'Object Repository/Product Admin/Veridikasi Halaman Semua Produk' is not present
	at com.kms.katalon.core.webui.keyword.internal.WebUIKeywordMain.stepFailed(WebUIKeywordMain.groovy:64)
	at com.kms.katalon.core.webui.keyword.internal.WebUIKeywordMain.runKeyword(WebUIKeywordMain.groovy:26)
	at com.kms.katalon.core.webui.keyword.internal.WebUIKeywordMain$runKeyword.call(Unknown Source)
	at com.kms.katalon.core.webui.keyword.builtin.VerifyElementNotPresentKeyword.verifyElementNotPresent(VerifyElementNotPresentKeyword.groovy:122)
	at com.kms.katalon.core.webui.keyword.builtin.VerifyElementNotPresentKeyword.execute(VerifyElementNotPresentKeyword.groovy:68)
	at com.kms.katalon.core.keyword.internal.KeywordExecutor.executeKeywordForPlatform(KeywordExecutor.groovy:74)
	at com.kms.katalon.core.webui.keyword.WebUiBuiltInKeywords.verifyElementNotPresent(WebUiBuiltInKeywords.groovy:1497)
	at com.kms.katalon.core.webui.keyword.WebUiBuiltInKeywords$verifyElementNotPresent$15.call(Unknown Source)
	at TC-PAN-011.run(TC-PAN-011:30)
	at com.kms.katalon.core.main.ScriptEngine.run(ScriptEngine.java:194)
	at com.kms.katalon.core.main.ScriptEngine.runScriptAsRawText(ScriptEngine.java:119)
	at com.kms.katalon.core.main.TestCaseExecutor.runScript(TestCaseExecutor.java:448)
	at com.kms.katalon.core.main.TestCaseExecutor.doExecute(TestCaseExecutor.java:439)
	at com.kms.katalon.core.main.TestCaseExecutor.processExecutionPhase(TestCaseExecutor.java:418)
	at com.kms.katalon.core.main.TestCaseExecutor.accessMainPhase(TestCaseExecutor.java:410)
	at com.kms.katalon.core.main.TestCaseExecutor.execute(TestCaseExecutor.java:285)
	at com.kms.katalon.core.common.CommonExecutor.accessTestCaseMainPhase(CommonExecutor.java:65)
	at com.kms.katalon.core.main.TestSuiteExecutor.accessTestSuiteMainPhase(TestSuiteExecutor.java:148)
	at com.kms.katalon.core.main.TestSuiteExecutor.execute(TestSuiteExecutor.java:106)
	at com.kms.katalon.core.main.TestCaseMain.startTestSuite(TestCaseMain.java:187)
	at com.kms.katalon.core.main.TestCaseMain$startTestSuite$0.call(Unknown Source)
	at TempTestSuite1696560832015.run(TempTestSuite1696560832015.groovy:36)
Caused by: com.kms.katalon.core.exception.StepFailedException: Web element with id: 'Object Repository/Product Admin/Veridikasi Halaman Semua Produk' located by 'By.xpath: (.//*[normalize-space(text()) and normalize-space(.)='Control panel'])[1]/following::h3[1]' is present after '30' second(s)
	at com.kms.katalon.core.webui.keyword.internal.WebUIKeywordMain.stepFailed(WebUIKeywordMain.groovy:64)
	at com.kms.katalon.core.webui.keyword.internal.WebUIKeywordMain$stepFailed$0.call(Unknown Source)
	at com.kms.katalon.core.webui.keyword.builtin.VerifyElementNotPresentKeyword$_verifyElementNotPresent_closure1.doCall(VerifyElementNotPresentKeyword.groovy:113)
	at com.kms.katalon.core.webui.keyword.builtin.VerifyElementNotPresentKeyword$_verifyElementNotPresent_closure1.doCall(VerifyElementNotPresentKeyword.groovy)
	at com.kms.katalon.core.webui.keyword.internal.WebUIKeywordMain.runKeyword(WebUIKeywordMain.groovy:20)
	... 20 more
)

2023-10-06 10:17:46 - [MESSAGE][WARNING] - Timeout '0' is invalid. Using default page load timeout: '30'

2023-10-06 10:18:17 - [MESSAGE][FAILED] - Web element with id: 'Object Repository/Product Admin/Veridikasi Halaman Semua Produk' located by 'By.xpath: (.//*[normalize-space(text()) and normalize-space(.)='Control panel'])[1]/following::h3[1]' is present after '30' second(s) (Root cause: com.kms.katalon.core.exception.StepFailedException: Web element with id: 'Object Repository/Product Admin/Veridikasi Halaman Semua Produk' located by 'By.xpath: (.//*[normalize-space(text()) and normalize-space(.)='Control panel'])[1]/following::h3[1]' is present after '30' second(s)
	at com.kms.katalon.core.webui.keyword.internal.WebUIKeywordMain.stepFailed(WebUIKeywordMain.groovy:64)
	at com.kms.katalon.core.webui.keyword.internal.WebUIKeywordMain$stepFailed$0.call(Unknown Source)
	at com.kms.katalon.core.webui.keyword.builtin.VerifyElementNotPresentKeyword$_verifyElementNotPresent_closure1.doCall(VerifyElementNotPresentKeyword.groovy:113)
	at com.kms.katalon.core.webui.keyword.builtin.VerifyElementNotPresentKeyword$_verifyElementNotPresent_closure1.doCall(VerifyElementNotPresentKeyword.groovy)
	at com.kms.katalon.core.webui.keyword.internal.WebUIKeywordMain.runKeyword(WebUIKeywordMain.groovy:20)
	at com.kms.katalon.core.webui.keyword.internal.WebUIKeywordMain$runKeyword.call(Unknown Source)
	at com.kms.katalon.core.webui.keyword.builtin.VerifyElementNotPresentKeyword.verifyElementNotPresent(VerifyElementNotPresentKeyword.groovy:122)
	at com.kms.katalon.core.webui.keyword.builtin.VerifyElementNotPresentKeyword.execute(VerifyElementNotPresentKeyword.groovy:68)
	at com.kms.katalon.core.keyword.internal.KeywordExecutor.executeKeywordForPlatform(KeywordExecutor.groovy:74)
	at com.kms.katalon.core.webui.keyword.WebUiBuiltInKeywords.verifyElementNotPresent(WebUiBuiltInKeywords.groovy:1497)
	at com.kms.katalon.core.webui.keyword.WebUiBuiltInKeywords$verifyElementNotPresent$15.call(Unknown Source)
	at TC-PAN-011.run(TC-PAN-011:30)
	at com.kms.katalon.core.main.ScriptEngine.run(ScriptEngine.java:194)
	at com.kms.katalon.core.main.ScriptEngine.runScriptAsRawText(ScriptEngine.java:119)
	at com.kms.katalon.core.main.TestCaseExecutor.runScript(TestCaseExecutor.java:448)
	at com.kms.katalon.core.main.TestCaseExecutor.doExecute(TestCaseExecutor.java:439)
	at com.kms.katalon.core.main.TestCaseExecutor.processExecutionPhase(TestCaseExecutor.java:418)
	at com.kms.katalon.core.main.TestCaseExecutor.accessMainPhase(TestCaseExecutor.java:410)
	at com.kms.katalon.core.main.TestCaseExecutor.execute(TestCaseExecutor.java:285)
	at com.kms.katalon.core.common.CommonExecutor.accessTestCaseMainPhase(CommonExecutor.java:65)
	at com.kms.katalon.core.main.TestSuiteExecutor.accessTestSuiteMainPhase(TestSuiteExecutor.java:148)
	at com.kms.katalon.core.main.TestSuiteExecutor.execute(TestSuiteExecutor.java:106)
	at com.kms.katalon.core.main.TestCaseMain.startTestSuite(TestCaseMain.java:187)
	at com.kms.katalon.core.main.TestCaseMain$startTestSuite$0.call(Unknown Source)
	at TempTestSuite1696560832015.run(TempTestSuite1696560832015.groovy:36)
)
[[ATTACHMENT|G:\\Project Xsis\\batch-324-qa\\Riswan\\Sprint 2 Product Tajalapak\\Reports\\20231006_095352\\Product Admin\\20231006_095352\\1696562297239.png]]

2023-10-06 10:18:17 - [MESSAGE][FAILED] - Unable to verify object 'Object Repository/Product Admin/Veridikasi Halaman Semua Produk' is not present (Root cause: com.kms.katalon.core.exception.StepFailedException: Unable to verify object 'Object Repository/Product Admin/Veridikasi Halaman Semua Produk' is not present
	at com.kms.katalon.core.webui.keyword.internal.WebUIKeywordMain.stepFailed(WebUIKeywordMain.groovy:64)
	at com.kms.katalon.core.webui.keyword.internal.WebUIKeywordMain.runKeyword(WebUIKeywordMain.groovy:26)
	at com.kms.katalon.core.webui.keyword.internal.WebUIKeywordMain$runKeyword.call(Unknown Source)
	at com.kms.katalon.core.webui.keyword.builtin.VerifyElementNotPresentKeyword.verifyElementNotPresent(VerifyElementNotPresentKeyword.groovy:122)
	at com.kms.katalon.core.webui.keyword.builtin.VerifyElementNotPresentKeyword.execute(VerifyElementNotPresentKeyword.groovy:68)
	at com.kms.katalon.core.keyword.internal.KeywordExecutor.executeKeywordForPlatform(KeywordExecutor.groovy:74)
	at com.kms.katalon.core.webui.keyword.WebUiBuiltInKeywords.verifyElementNotPresent(WebUiBuiltInKeywords.groovy:1497)
	at com.kms.katalon.core.webui.keyword.WebUiBuiltInKeywords$verifyElementNotPresent$15.call(Unknown Source)
	at TC-PAN-011.run(TC-PAN-011:30)
	at com.kms.katalon.core.main.ScriptEngine.run(ScriptEngine.java:194)
	at com.kms.katalon.core.main.ScriptEngine.runScriptAsRawText(ScriptEngine.java:119)
	at com.kms.katalon.core.main.TestCaseExecutor.runScript(TestCaseExecutor.java:448)
	at com.kms.katalon.core.main.TestCaseExecutor.doExecute(TestCaseExecutor.java:439)
	at com.kms.katalon.core.main.TestCaseExecutor.processExecutionPhase(TestCaseExecutor.java:418)
	at com.kms.katalon.core.main.TestCaseExecutor.accessMainPhase(TestCaseExecutor.java:410)
	at com.kms.katalon.core.main.TestCaseExecutor.execute(TestCaseExecutor.java:285)
	at com.kms.katalon.core.common.CommonExecutor.accessTestCaseMainPhase(CommonExecutor.java:65)
	at com.kms.katalon.core.main.TestSuiteExecutor.accessTestSuiteMainPhase(TestSuiteExecutor.java:148)
	at com.kms.katalon.core.main.TestSuiteExecutor.execute(TestSuiteExecutor.java:106)
	at com.kms.katalon.core.main.TestCaseMain.startTestSuite(TestCaseMain.java:187)
	at com.kms.katalon.core.main.TestCaseMain$startTestSuite$0.call(Unknown Source)
	at TempTestSuite1696560832015.run(TempTestSuite1696560832015.groovy:36)
Caused by: com.kms.katalon.core.exception.StepFailedException: Web element with id: 'Object Repository/Product Admin/Veridikasi Halaman Semua Produk' located by 'By.xpath: (.//*[normalize-space(text()) and normalize-space(.)='Control panel'])[1]/following::h3[1]' is present after '30' second(s)
	at com.kms.katalon.core.webui.keyword.internal.WebUIKeywordMain.stepFailed(WebUIKeywordMain.groovy:64)
	at com.kms.katalon.core.webui.keyword.internal.WebUIKeywordMain$stepFailed$0.call(Unknown Source)
	at com.kms.katalon.core.webui.keyword.builtin.VerifyElementNotPresentKeyword$_verifyElementNotPresent_closure1.doCall(VerifyElementNotPresentKeyword.groovy:113)
	at com.kms.katalon.core.webui.keyword.builtin.VerifyElementNotPresentKeyword$_verifyElementNotPresent_closure1.doCall(VerifyElementNotPresentKeyword.groovy)
	at com.kms.katalon.core.webui.keyword.internal.WebUIKeywordMain.runKeyword(WebUIKeywordMain.groovy:20)
	... 20 more
)
[[ATTACHMENT|G:\\Project Xsis\\batch-324-qa\\Riswan\\Sprint 2 Product Tajalapak\\Reports\\20231006_095352\\Product Admin\\20231006_095352\\1696562297350.png]]]]></system-out>
         <system-err><![CDATA[2023-10-06 10:17:22 - [TEST_CASE][FAILED] - Test Cases/Product Admin/TC-PAN-011: Test Cases/Product Admin/TC-PAN-011 FAILED.
Reason:
com.kms.katalon.core.exception.StepFailedException: Unable to verify object 'Object Repository/Product Admin/Veridikasi Halaman Semua Produk' is not present
	at com.kms.katalon.core.webui.keyword.internal.WebUIKeywordMain.stepFailed(WebUIKeywordMain.groovy:64)
	at com.kms.katalon.core.webui.keyword.internal.WebUIKeywordMain.runKeyword(WebUIKeywordMain.groovy:26)
	at com.kms.katalon.core.webui.keyword.internal.WebUIKeywordMain$runKeyword.call(Unknown Source)
	at com.kms.katalon.core.webui.keyword.builtin.VerifyElementNotPresentKeyword.verifyElementNotPresent(VerifyElementNotPresentKeyword.groovy:122)
	at com.kms.katalon.core.webui.keyword.builtin.VerifyElementNotPresentKeyword.execute(VerifyElementNotPresentKeyword.groovy:68)
	at com.kms.katalon.core.keyword.internal.KeywordExecutor.executeKeywordForPlatform(KeywordExecutor.groovy:74)
	at com.kms.katalon.core.webui.keyword.WebUiBuiltInKeywords.verifyElementNotPresent(WebUiBuiltInKeywords.groovy:1497)
	at com.kms.katalon.core.webui.keyword.WebUiBuiltInKeywords$verifyElementNotPresent$15.call(Unknown Source)
	at TC-PAN-011.run(TC-PAN-011:30)
	at com.kms.katalon.core.main.ScriptEngine.run(ScriptEngine.java:194)
	at com.kms.katalon.core.main.ScriptEngine.runScriptAsRawText(ScriptEngine.java:119)
	at com.kms.katalon.core.main.TestCaseExecutor.runScript(TestCaseExecutor.java:448)
	at com.kms.katalon.core.main.TestCaseExecutor.doExecute(TestCaseExecutor.java:439)
	at com.kms.katalon.core.main.TestCaseExecutor.processExecutionPhase(TestCaseExecutor.java:418)
	at com.kms.katalon.core.main.TestCaseExecutor.accessMainPhase(TestCaseExecutor.java:410)
	at com.kms.katalon.core.main.TestCaseExecutor.execute(TestCaseExecutor.java:285)
	at com.kms.katalon.core.common.CommonExecutor.accessTestCaseMainPhase(CommonExecutor.java:65)
	at com.kms.katalon.core.main.TestSuiteExecutor.accessTestSuiteMainPhase(TestSuiteExecutor.java:148)
	at com.kms.katalon.core.main.TestSuiteExecutor.execute(TestSuiteExecutor.java:106)
	at com.kms.katalon.core.main.TestCaseMain.startTestSuite(TestCaseMain.java:187)
	at com.kms.katalon.core.main.TestCaseMain$startTestSuite$0.call(Unknown Source)
	at TempTestSuite1696560832015.run(TempTestSuite1696560832015.groovy:36)
Caused by: com.kms.katalon.core.exception.StepFailedException: Web element with id: 'Object Repository/Product Admin/Veridikasi Halaman Semua Produk' located by 'By.xpath: (.//*[normalize-space(text()) and normalize-space(.)='Control panel'])[1]/following::h3[1]' is present after '30' second(s)
	at com.kms.katalon.core.webui.keyword.internal.WebUIKeywordMain.stepFailed(WebUIKeywordMain.groovy:64)
	at com.kms.katalon.core.webui.keyword.internal.WebUIKeywordMain$stepFailed$0.call(Unknown Source)
	at com.kms.katalon.core.webui.keyword.builtin.VerifyElementNotPresentKeyword$_verifyElementNotPresent_closure1.doCall(VerifyElementNotPresentKeyword.groovy:113)
	at com.kms.katalon.core.webui.keyword.builtin.VerifyElementNotPresentKeyword$_verifyElementNotPresent_closure1.doCall(VerifyElementNotPresentKeyword.groovy)
	at com.kms.katalon.core.webui.keyword.internal.WebUIKeywordMain.runKeyword(WebUIKeywordMain.groovy:20)
	... 20 more]]></system-err>
      </testcase>
      <testcase name="Test Cases/Product Admin/TC-PAN-012" time="54.681" classname="Test Cases/Product Admin/TC-PAN-012" status="FAILED">
         <failure type="FAILED" message="Test Cases/Product Admin/TC-PAN-012 FAILED.
Reason:
com.kms.katalon.core.exception.StepFailedException: Unable to verify object 'Object Repository/Product Admin/Veridikasi Halaman Semua Produk' is not present
	at com.kms.katalon.core.webui.keyword.internal.WebUIKeywordMain.stepFailed(WebUIKeywordMain.groovy:64)
	at com.kms.katalon.core.webui.keyword.internal.WebUIKeywordMain.runKeyword(WebUIKeywordMain.groovy:26)
	at com.kms.katalon.core.webui.keyword.internal.WebUIKeywordMain$runKeyword.call(Unknown Source)
	at com.kms.katalon.core.webui.keyword.builtin.VerifyElementNotPresentKeyword.verifyElementNotPresent(VerifyElementNotPresentKeyword.groovy:122)
	at com.kms.katalon.core.webui.keyword.builtin.VerifyElementNotPresentKeyword.execute(VerifyElementNotPresentKeyword.groovy:68)
	at com.kms.katalon.core.keyword.internal.KeywordExecutor.executeKeywordForPlatform(KeywordExecutor.groovy:74)
	at com.kms.katalon.core.webui.keyword.WebUiBuiltInKeywords.verifyElementNotPresent(WebUiBuiltInKeywords.groovy:1497)
	at com.kms.katalon.core.webui.keyword.WebUiBuiltInKeywords$verifyElementNotPresent$15.call(Unknown Source)
	at TC-PAN-012.run(TC-PAN-012:30)
	at com.kms.katalon.core.main.ScriptEngine.run(ScriptEngine.java:194)
	at com.kms.katalon.core.main.ScriptEngine.runScriptAsRawText(ScriptEngine.java:119)
	at com.kms.katalon.core.main.TestCaseExecutor.runScript(TestCaseExecutor.java:448)
	at com.kms.katalon.core.main.TestCaseExecutor.doExecute(TestCaseExecutor.java:439)
	at com.kms.katalon.core.main.TestCaseExecutor.processExecutionPhase(TestCaseExecutor.java:418)
	at com.kms.katalon.core.main.TestCaseExecutor.accessMainPhase(TestCaseExecutor.java:410)
	at com.kms.katalon.core.main.TestCaseExecutor.execute(TestCaseExecutor.java:285)
	at com.kms.katalon.core.common.CommonExecutor.accessTestCaseMainPhase(CommonExecutor.java:65)
	at com.kms.katalon.core.main.TestSuiteExecutor.accessTestSuiteMainPhase(TestSuiteExecutor.java:148)
	at com.kms.katalon.core.main.TestSuiteExecutor.execute(TestSuiteExecutor.java:106)
	at com.kms.katalon.core.main.TestCaseMain.startTestSuite(TestCaseMain.java:187)
	at com.kms.katalon.core.main.TestCaseMain$startTestSuite$0.call(Unknown Source)
	at TempTestSuite1696560832015.run(TempTestSuite1696560832015.groovy:36)
Caused by: com.kms.katalon.core.exception.StepFailedException: Web element with id: 'Object Repository/Product Admin/Veridikasi Halaman Semua Produk' located by 'By.xpath: (.//*[normalize-space(text()) and normalize-space(.)='Control panel'])[1]/following::h3[1]' is present after '30' second(s)
	at com.kms.katalon.core.webui.keyword.internal.WebUIKeywordMain.stepFailed(WebUIKeywordMain.groovy:64)
	at com.kms.katalon.core.webui.keyword.internal.WebUIKeywordMain$stepFailed$0.call(Unknown Source)
	at com.kms.katalon.core.webui.keyword.builtin.VerifyElementNotPresentKeyword$_verifyElementNotPresent_closure1.doCall(VerifyElementNotPresentKeyword.groovy:113)
	at com.kms.katalon.core.webui.keyword.builtin.VerifyElementNotPresentKeyword$_verifyElementNotPresent_closure1.doCall(VerifyElementNotPresentKeyword.groovy)
	at com.kms.katalon.core.webui.keyword.internal.WebUIKeywordMain.runKeyword(WebUIKeywordMain.groovy:20)
	... 20 more
"/>
         <system-out><![CDATA[2023-10-06 10:18:17 - [TEST_CASE][FAILED] - Test Cases/Product Admin/TC-PAN-012: Test Cases/Product Admin/TC-PAN-012 FAILED.
Reason:
com.kms.katalon.core.exception.StepFailedException: Unable to verify object 'Object Repository/Product Admin/Veridikasi Halaman Semua Produk' is not present
	at com.kms.katalon.core.webui.keyword.internal.WebUIKeywordMain.stepFailed(WebUIKeywordMain.groovy:64)
	at com.kms.katalon.core.webui.keyword.internal.WebUIKeywordMain.runKeyword(WebUIKeywordMain.groovy:26)
	at com.kms.katalon.core.webui.keyword.internal.WebUIKeywordMain$runKeyword.call(Unknown Source)
	at com.kms.katalon.core.webui.keyword.builtin.VerifyElementNotPresentKeyword.verifyElementNotPresent(VerifyElementNotPresentKeyword.groovy:122)
	at com.kms.katalon.core.webui.keyword.builtin.VerifyElementNotPresentKeyword.execute(VerifyElementNotPresentKeyword.groovy:68)
	at com.kms.katalon.core.keyword.internal.KeywordExecutor.executeKeywordForPlatform(KeywordExecutor.groovy:74)
	at com.kms.katalon.core.webui.keyword.WebUiBuiltInKeywords.verifyElementNotPresent(WebUiBuiltInKeywords.groovy:1497)
	at com.kms.katalon.core.webui.keyword.WebUiBuiltInKeywords$verifyElementNotPresent$15.call(Unknown Source)
	at TC-PAN-012.run(TC-PAN-012:30)
	at com.kms.katalon.core.main.ScriptEngine.run(ScriptEngine.java:194)
	at com.kms.katalon.core.main.ScriptEngine.runScriptAsRawText(ScriptEngine.java:119)
	at com.kms.katalon.core.main.TestCaseExecutor.runScript(TestCaseExecutor.java:448)
	at com.kms.katalon.core.main.TestCaseExecutor.doExecute(TestCaseExecutor.java:439)
	at com.kms.katalon.core.main.TestCaseExecutor.processExecutionPhase(TestCaseExecutor.java:418)
	at com.kms.katalon.core.main.TestCaseExecutor.accessMainPhase(TestCaseExecutor.java:410)
	at com.kms.katalon.core.main.TestCaseExecutor.execute(TestCaseExecutor.java:285)
	at com.kms.katalon.core.common.CommonExecutor.accessTestCaseMainPhase(CommonExecutor.java:65)
	at com.kms.katalon.core.main.TestSuiteExecutor.accessTestSuiteMainPhase(TestSuiteExecutor.java:148)
	at com.kms.katalon.core.main.TestSuiteExecutor.execute(TestSuiteExecutor.java:106)
	at com.kms.katalon.core.main.TestCaseMain.startTestSuite(TestCaseMain.java:187)
	at com.kms.katalon.core.main.TestCaseMain$startTestSuite$0.call(Unknown Source)
	at TempTestSuite1696560832015.run(TempTestSuite1696560832015.groovy:36)
Caused by: com.kms.katalon.core.exception.StepFailedException: Web element with id: 'Object Repository/Product Admin/Veridikasi Halaman Semua Produk' located by 'By.xpath: (.//*[normalize-space(text()) and normalize-space(.)='Control panel'])[1]/following::h3[1]' is present after '30' second(s)
	at com.kms.katalon.core.webui.keyword.internal.WebUIKeywordMain.stepFailed(WebUIKeywordMain.groovy:64)
	at com.kms.katalon.core.webui.keyword.internal.WebUIKeywordMain$stepFailed$0.call(Unknown Source)
	at com.kms.katalon.core.webui.keyword.builtin.VerifyElementNotPresentKeyword$_verifyElementNotPresent_closure1.doCall(VerifyElementNotPresentKeyword.groovy:113)
	at com.kms.katalon.core.webui.keyword.builtin.VerifyElementNotPresentKeyword$_verifyElementNotPresent_closure1.doCall(VerifyElementNotPresentKeyword.groovy)
	at com.kms.katalon.core.webui.keyword.internal.WebUIKeywordMain.runKeyword(WebUIKeywordMain.groovy:20)
	... 20 more


2023-10-06 10:18:17 - [TEST_STEP][PASSED] - callTestCase(findTestCase("Product Admin/TC-PA-001"), [:], STOP_ON_FAILURE): Call Test Case 'Test Cases/Product Admin/TC-PA-001' successfully

2023-10-06 10:18:17 - [TEST_CASE][PASSED] - Test Cases/Product Admin/TC-PA-001: Test Cases/Product Admin/TC-PA-001

2023-10-06 10:18:17 - [TEST_STEP][PASSED] - callTestCase(findTestCase("Login Admin/TC-Login Admin-001"), [:], STOP_ON_FAILURE): Call Test Case 'Test Cases/Login Admin/TC-Login Admin-001' successfully

2023-10-06 10:18:17 - [TEST_CASE][PASSED] - Test Cases/Login Admin/TC-Login Admin-001: Test Cases/Login Admin/TC-Login Admin-001

2023-10-06 10:18:17 - [TEST_STEP][PASSED] - openBrowser(adminTajalapak): Browser is opened with url: 'https://10.9.2.63/ecommerce/administrator'

2023-10-06 10:18:17 - [MESSAGE][WARNING] - A browser is already opened. Closing browser and opening a new one

2023-10-06 10:18:18 - [MESSAGE][INFO] - Starting 'Edge Chromium' driver

2023-10-06 10:18:18 - [MESSAGE][INFO] - User set preference: ['acceptInsecureCerts', 'true']

2023-10-06 10:18:20 - [MESSAGE][INFO] - Action delay is set to 0 milliseconds

2023-10-06 10:18:22 - [MESSAGE][PASSED] - Browser is opened with url: 'https://10.9.2.63/ecommerce/administrator'

2023-10-06 10:18:22 - [TEST_STEP][PASSED] - maximizeWindow(): Current window maximized

2023-10-06 10:18:22 - [MESSAGE][PASSED] - Current window maximized

2023-10-06 10:18:22 - [TEST_STEP][PASSED] - verifyElementPresent(findTestObject("Login Admin/Verifikasi Halaman Administrator"), 0): Object 'Object Repository/Login Admin/Verifikasi Halaman Administrator' is present

2023-10-06 10:18:22 - [MESSAGE][WARNING] - Timeout '0' is invalid. Using default page load timeout: '30'

2023-10-06 10:18:22 - [MESSAGE][PASSED] - Object 'Object Repository/Login Admin/Verifikasi Halaman Administrator' is present

2023-10-06 10:18:22 - [TEST_STEP][PASSED] - setText(findTestObject("Login Admin/Input Username Admin"), "admin"): Text 'admin' is set on object 'Object Repository/Login Admin/Input Username Admin'

2023-10-06 10:18:23 - [MESSAGE][PASSED] - Text 'admin' is set on object 'Object Repository/Login Admin/Input Username Admin'

2023-10-06 10:18:23 - [TEST_STEP][PASSED] - setEncryptedText(findTestObject("Login Admin/Input Password Admin"), "374mkdZ/lqyNS21oH+MJZQ=="): Text ****** has been set on object 'Object Repository/Login Admin/Input Password Admin'

2023-10-06 10:18:23 - [MESSAGE][PASSED] - Text ****** has been set on object 'Object Repository/Login Admin/Input Password Admin'

2023-10-06 10:18:23 - [TEST_STEP][PASSED] - delay(10): Delayed 10 second(s)

2023-10-06 10:18:34 - [MESSAGE][PASSED] - Delayed 10 second(s)

2023-10-06 10:18:34 - [TEST_STEP][PASSED] - click(findTestObject("Login Admin/Botton Sign In")): Object: 'Object Repository/Login Admin/Botton Sign In' is clicked on

2023-10-06 10:18:35 - [MESSAGE][PASSED] - Object: 'Object Repository/Login Admin/Botton Sign In' is clicked on

2023-10-06 10:18:35 - [TEST_STEP][PASSED] - verifyElementPresent(findTestObject("Login Admin/Verifikasi Halaman Login Admin"), 0): Object 'Object Repository/Login Admin/Verifikasi Halaman Login Admin' is present

2023-10-06 10:18:35 - [MESSAGE][WARNING] - Timeout '0' is invalid. Using default page load timeout: '30'

2023-10-06 10:18:36 - [MESSAGE][PASSED] - Object 'Object Repository/Login Admin/Verifikasi Halaman Login Admin' is present

2023-10-06 10:18:36 - [MESSAGE][PASSED] - Call Test Case 'Test Cases/Login Admin/TC-Login Admin-001' successfully

2023-10-06 10:18:36 - [TEST_STEP][PASSED] - click(findTestObject("Product Admin/Master Market")): Object: 'Object Repository/Product Admin/Master Market' is clicked on

2023-10-06 10:18:36 - [MESSAGE][PASSED] - Object: 'Object Repository/Product Admin/Master Market' is clicked on

2023-10-06 10:18:36 - [TEST_STEP][PASSED] - click(findTestObject("Product Admin/Produk Admin")): Object: 'Object Repository/Product Admin/Produk Admin' is clicked on

2023-10-06 10:18:37 - [MESSAGE][PASSED] - Object: 'Object Repository/Product Admin/Produk Admin' is clicked on

2023-10-06 10:18:37 - [TEST_STEP][PASSED] - verifyElementPresent(findTestObject("Product Admin/Veridikasi Halaman Semua Produk"), 0): Object 'Object Repository/Product Admin/Veridikasi Halaman Semua Produk' is present

2023-10-06 10:18:37 - [MESSAGE][WARNING] - Timeout '0' is invalid. Using default page load timeout: '30'

2023-10-06 10:18:38 - [MESSAGE][PASSED] - Object 'Object Repository/Product Admin/Veridikasi Halaman Semua Produk' is present

2023-10-06 10:18:38 - [MESSAGE][PASSED] - Call Test Case 'Test Cases/Product Admin/TC-PA-001' successfully

2023-10-06 10:18:38 - [TEST_STEP][PASSED] - click(findTestObject("Product Admin/Button Edit Product Fleksibel")): Object: 'Object Repository/Product Admin/Button Edit Product Fleksibel' is clicked on

2023-10-06 10:18:39 - [MESSAGE][PASSED] - Object: 'Object Repository/Product Admin/Button Edit Product Fleksibel' is clicked on

2023-10-06 10:18:39 - [TEST_STEP][PASSED] - verifyElementPresent(findTestObject("Product Admin/TambahProduk/Verifikasi Halaman Product Baru"), 0): Object 'Object Repository/Product Admin/TambahProduk/Verifikasi Halaman Product Baru' is present

2023-10-06 10:18:39 - [MESSAGE][WARNING] - Timeout '0' is invalid. Using default page load timeout: '30'

2023-10-06 10:18:39 - [MESSAGE][PASSED] - Object 'Object Repository/Product Admin/TambahProduk/Verifikasi Halaman Product Baru' is present

2023-10-06 10:18:39 - [TEST_STEP][PASSED] - setText(findTestObject("Product Admin/TambahProduk/Input Nama Produk"), "Drone DJI Air 3 Dengan Spesifikasi Dual Kamera 48 Mega Pixel dan Mampu merekam dengan Resolusi 4K/60 FPS dan serta mampu menahan angin sampai 42 KM/Jam"): Text 'Drone DJI Air 3 Dengan Spesifikasi Dual Kamera 48 Mega Pixel dan Mampu merekam dengan Resolusi 4K/60 FPS dan serta mampu menahan angin sampai 42 KM/Jam' is set on object 'Object Repository/Product Admin/TambahProduk/Input Nama Produk'

2023-10-06 10:18:40 - [MESSAGE][PASSED] - Text 'Drone DJI Air 3 Dengan Spesifikasi Dual Kamera 48 Mega Pixel dan Mampu merekam dengan Resolusi 4K/60 FPS dan serta mampu menahan angin sampai 42 KM/Jam' is set on object 'Object Repository/Product Admin/TambahProduk/Input Nama Produk'

2023-10-06 10:18:40 - [TEST_STEP][PASSED] - click(findTestObject("Product Admin/TambahProduk/Button Update Data")): Object: 'Object Repository/Product Admin/TambahProduk/Button Update Data' is clicked on

2023-10-06 10:18:41 - [MESSAGE][PASSED] - Object: 'Object Repository/Product Admin/TambahProduk/Button Update Data' is clicked on

2023-10-06 10:18:41 - [TEST_STEP][FAILED] - verifyElementNotPresent(findTestObject("Product Admin/Veridikasi Halaman Semua Produk"), 0): Unable to verify object 'Object Repository/Product Admin/Veridikasi Halaman Semua Produk' is not present (Root cause: com.kms.katalon.core.exception.StepFailedException: Unable to verify object 'Object Repository/Product Admin/Veridikasi Halaman Semua Produk' is not present
	at com.kms.katalon.core.webui.keyword.internal.WebUIKeywordMain.stepFailed(WebUIKeywordMain.groovy:64)
	at com.kms.katalon.core.webui.keyword.internal.WebUIKeywordMain.runKeyword(WebUIKeywordMain.groovy:26)
	at com.kms.katalon.core.webui.keyword.internal.WebUIKeywordMain$runKeyword.call(Unknown Source)
	at com.kms.katalon.core.webui.keyword.builtin.VerifyElementNotPresentKeyword.verifyElementNotPresent(VerifyElementNotPresentKeyword.groovy:122)
	at com.kms.katalon.core.webui.keyword.builtin.VerifyElementNotPresentKeyword.execute(VerifyElementNotPresentKeyword.groovy:68)
	at com.kms.katalon.core.keyword.internal.KeywordExecutor.executeKeywordForPlatform(KeywordExecutor.groovy:74)
	at com.kms.katalon.core.webui.keyword.WebUiBuiltInKeywords.verifyElementNotPresent(WebUiBuiltInKeywords.groovy:1497)
	at com.kms.katalon.core.webui.keyword.WebUiBuiltInKeywords$verifyElementNotPresent$15.call(Unknown Source)
	at TC-PAN-012.run(TC-PAN-012:30)
	at com.kms.katalon.core.main.ScriptEngine.run(ScriptEngine.java:194)
	at com.kms.katalon.core.main.ScriptEngine.runScriptAsRawText(ScriptEngine.java:119)
	at com.kms.katalon.core.main.TestCaseExecutor.runScript(TestCaseExecutor.java:448)
	at com.kms.katalon.core.main.TestCaseExecutor.doExecute(TestCaseExecutor.java:439)
	at com.kms.katalon.core.main.TestCaseExecutor.processExecutionPhase(TestCaseExecutor.java:418)
	at com.kms.katalon.core.main.TestCaseExecutor.accessMainPhase(TestCaseExecutor.java:410)
	at com.kms.katalon.core.main.TestCaseExecutor.execute(TestCaseExecutor.java:285)
	at com.kms.katalon.core.common.CommonExecutor.accessTestCaseMainPhase(CommonExecutor.java:65)
	at com.kms.katalon.core.main.TestSuiteExecutor.accessTestSuiteMainPhase(TestSuiteExecutor.java:148)
	at com.kms.katalon.core.main.TestSuiteExecutor.execute(TestSuiteExecutor.java:106)
	at com.kms.katalon.core.main.TestCaseMain.startTestSuite(TestCaseMain.java:187)
	at com.kms.katalon.core.main.TestCaseMain$startTestSuite$0.call(Unknown Source)
	at TempTestSuite1696560832015.run(TempTestSuite1696560832015.groovy:36)
Caused by: com.kms.katalon.core.exception.StepFailedException: Web element with id: 'Object Repository/Product Admin/Veridikasi Halaman Semua Produk' located by 'By.xpath: (.//*[normalize-space(text()) and normalize-space(.)='Control panel'])[1]/following::h3[1]' is present after '30' second(s)
	at com.kms.katalon.core.webui.keyword.internal.WebUIKeywordMain.stepFailed(WebUIKeywordMain.groovy:64)
	at com.kms.katalon.core.webui.keyword.internal.WebUIKeywordMain$stepFailed$0.call(Unknown Source)
	at com.kms.katalon.core.webui.keyword.builtin.VerifyElementNotPresentKeyword$_verifyElementNotPresent_closure1.doCall(VerifyElementNotPresentKeyword.groovy:113)
	at com.kms.katalon.core.webui.keyword.builtin.VerifyElementNotPresentKeyword$_verifyElementNotPresent_closure1.doCall(VerifyElementNotPresentKeyword.groovy)
	at com.kms.katalon.core.webui.keyword.internal.WebUIKeywordMain.runKeyword(WebUIKeywordMain.groovy:20)
	... 20 more
)

2023-10-06 10:18:41 - [MESSAGE][WARNING] - Timeout '0' is invalid. Using default page load timeout: '30'

2023-10-06 10:19:12 - [MESSAGE][FAILED] - Web element with id: 'Object Repository/Product Admin/Veridikasi Halaman Semua Produk' located by 'By.xpath: (.//*[normalize-space(text()) and normalize-space(.)='Control panel'])[1]/following::h3[1]' is present after '30' second(s) (Root cause: com.kms.katalon.core.exception.StepFailedException: Web element with id: 'Object Repository/Product Admin/Veridikasi Halaman Semua Produk' located by 'By.xpath: (.//*[normalize-space(text()) and normalize-space(.)='Control panel'])[1]/following::h3[1]' is present after '30' second(s)
	at com.kms.katalon.core.webui.keyword.internal.WebUIKeywordMain.stepFailed(WebUIKeywordMain.groovy:64)
	at com.kms.katalon.core.webui.keyword.internal.WebUIKeywordMain$stepFailed$0.call(Unknown Source)
	at com.kms.katalon.core.webui.keyword.builtin.VerifyElementNotPresentKeyword$_verifyElementNotPresent_closure1.doCall(VerifyElementNotPresentKeyword.groovy:113)
	at com.kms.katalon.core.webui.keyword.builtin.VerifyElementNotPresentKeyword$_verifyElementNotPresent_closure1.doCall(VerifyElementNotPresentKeyword.groovy)
	at com.kms.katalon.core.webui.keyword.internal.WebUIKeywordMain.runKeyword(WebUIKeywordMain.groovy:20)
	at com.kms.katalon.core.webui.keyword.internal.WebUIKeywordMain$runKeyword.call(Unknown Source)
	at com.kms.katalon.core.webui.keyword.builtin.VerifyElementNotPresentKeyword.verifyElementNotPresent(VerifyElementNotPresentKeyword.groovy:122)
	at com.kms.katalon.core.webui.keyword.builtin.VerifyElementNotPresentKeyword.execute(VerifyElementNotPresentKeyword.groovy:68)
	at com.kms.katalon.core.keyword.internal.KeywordExecutor.executeKeywordForPlatform(KeywordExecutor.groovy:74)
	at com.kms.katalon.core.webui.keyword.WebUiBuiltInKeywords.verifyElementNotPresent(WebUiBuiltInKeywords.groovy:1497)
	at com.kms.katalon.core.webui.keyword.WebUiBuiltInKeywords$verifyElementNotPresent$15.call(Unknown Source)
	at TC-PAN-012.run(TC-PAN-012:30)
	at com.kms.katalon.core.main.ScriptEngine.run(ScriptEngine.java:194)
	at com.kms.katalon.core.main.ScriptEngine.runScriptAsRawText(ScriptEngine.java:119)
	at com.kms.katalon.core.main.TestCaseExecutor.runScript(TestCaseExecutor.java:448)
	at com.kms.katalon.core.main.TestCaseExecutor.doExecute(TestCaseExecutor.java:439)
	at com.kms.katalon.core.main.TestCaseExecutor.processExecutionPhase(TestCaseExecutor.java:418)
	at com.kms.katalon.core.main.TestCaseExecutor.accessMainPhase(TestCaseExecutor.java:410)
	at com.kms.katalon.core.main.TestCaseExecutor.execute(TestCaseExecutor.java:285)
	at com.kms.katalon.core.common.CommonExecutor.accessTestCaseMainPhase(CommonExecutor.java:65)
	at com.kms.katalon.core.main.TestSuiteExecutor.accessTestSuiteMainPhase(TestSuiteExecutor.java:148)
	at com.kms.katalon.core.main.TestSuiteExecutor.execute(TestSuiteExecutor.java:106)
	at com.kms.katalon.core.main.TestCaseMain.startTestSuite(TestCaseMain.java:187)
	at com.kms.katalon.core.main.TestCaseMain$startTestSuite$0.call(Unknown Source)
	at TempTestSuite1696560832015.run(TempTestSuite1696560832015.groovy:36)
)
[[ATTACHMENT|G:\\Project Xsis\\batch-324-qa\\Riswan\\Sprint 2 Product Tajalapak\\Reports\\20231006_095352\\Product Admin\\20231006_095352\\1696562351911.png]]

2023-10-06 10:19:12 - [MESSAGE][FAILED] - Unable to verify object 'Object Repository/Product Admin/Veridikasi Halaman Semua Produk' is not present (Root cause: com.kms.katalon.core.exception.StepFailedException: Unable to verify object 'Object Repository/Product Admin/Veridikasi Halaman Semua Produk' is not present
	at com.kms.katalon.core.webui.keyword.internal.WebUIKeywordMain.stepFailed(WebUIKeywordMain.groovy:64)
	at com.kms.katalon.core.webui.keyword.internal.WebUIKeywordMain.runKeyword(WebUIKeywordMain.groovy:26)
	at com.kms.katalon.core.webui.keyword.internal.WebUIKeywordMain$runKeyword.call(Unknown Source)
	at com.kms.katalon.core.webui.keyword.builtin.VerifyElementNotPresentKeyword.verifyElementNotPresent(VerifyElementNotPresentKeyword.groovy:122)
	at com.kms.katalon.core.webui.keyword.builtin.VerifyElementNotPresentKeyword.execute(VerifyElementNotPresentKeyword.groovy:68)
	at com.kms.katalon.core.keyword.internal.KeywordExecutor.executeKeywordForPlatform(KeywordExecutor.groovy:74)
	at com.kms.katalon.core.webui.keyword.WebUiBuiltInKeywords.verifyElementNotPresent(WebUiBuiltInKeywords.groovy:1497)
	at com.kms.katalon.core.webui.keyword.WebUiBuiltInKeywords$verifyElementNotPresent$15.call(Unknown Source)
	at TC-PAN-012.run(TC-PAN-012:30)
	at com.kms.katalon.core.main.ScriptEngine.run(ScriptEngine.java:194)
	at com.kms.katalon.core.main.ScriptEngine.runScriptAsRawText(ScriptEngine.java:119)
	at com.kms.katalon.core.main.TestCaseExecutor.runScript(TestCaseExecutor.java:448)
	at com.kms.katalon.core.main.TestCaseExecutor.doExecute(TestCaseExecutor.java:439)
	at com.kms.katalon.core.main.TestCaseExecutor.processExecutionPhase(TestCaseExecutor.java:418)
	at com.kms.katalon.core.main.TestCaseExecutor.accessMainPhase(TestCaseExecutor.java:410)
	at com.kms.katalon.core.main.TestCaseExecutor.execute(TestCaseExecutor.java:285)
	at com.kms.katalon.core.common.CommonExecutor.accessTestCaseMainPhase(CommonExecutor.java:65)
	at com.kms.katalon.core.main.TestSuiteExecutor.accessTestSuiteMainPhase(TestSuiteExecutor.java:148)
	at com.kms.katalon.core.main.TestSuiteExecutor.execute(TestSuiteExecutor.java:106)
	at com.kms.katalon.core.main.TestCaseMain.startTestSuite(TestCaseMain.java:187)
	at com.kms.katalon.core.main.TestCaseMain$startTestSuite$0.call(Unknown Source)
	at TempTestSuite1696560832015.run(TempTestSuite1696560832015.groovy:36)
Caused by: com.kms.katalon.core.exception.StepFailedException: Web element with id: 'Object Repository/Product Admin/Veridikasi Halaman Semua Produk' located by 'By.xpath: (.//*[normalize-space(text()) and normalize-space(.)='Control panel'])[1]/following::h3[1]' is present after '30' second(s)
	at com.kms.katalon.core.webui.keyword.internal.WebUIKeywordMain.stepFailed(WebUIKeywordMain.groovy:64)
	at com.kms.katalon.core.webui.keyword.internal.WebUIKeywordMain$stepFailed$0.call(Unknown Source)
	at com.kms.katalon.core.webui.keyword.builtin.VerifyElementNotPresentKeyword$_verifyElementNotPresent_closure1.doCall(VerifyElementNotPresentKeyword.groovy:113)
	at com.kms.katalon.core.webui.keyword.builtin.VerifyElementNotPresentKeyword$_verifyElementNotPresent_closure1.doCall(VerifyElementNotPresentKeyword.groovy)
	at com.kms.katalon.core.webui.keyword.internal.WebUIKeywordMain.runKeyword(WebUIKeywordMain.groovy:20)
	... 20 more
)
[[ATTACHMENT|G:\\Project Xsis\\batch-324-qa\\Riswan\\Sprint 2 Product Tajalapak\\Reports\\20231006_095352\\Product Admin\\20231006_095352\\1696562352022.png]]]]></system-out>
         <system-err><![CDATA[2023-10-06 10:18:17 - [TEST_CASE][FAILED] - Test Cases/Product Admin/TC-PAN-012: Test Cases/Product Admin/TC-PAN-012 FAILED.
Reason:
com.kms.katalon.core.exception.StepFailedException: Unable to verify object 'Object Repository/Product Admin/Veridikasi Halaman Semua Produk' is not present
	at com.kms.katalon.core.webui.keyword.internal.WebUIKeywordMain.stepFailed(WebUIKeywordMain.groovy:64)
	at com.kms.katalon.core.webui.keyword.internal.WebUIKeywordMain.runKeyword(WebUIKeywordMain.groovy:26)
	at com.kms.katalon.core.webui.keyword.internal.WebUIKeywordMain$runKeyword.call(Unknown Source)
	at com.kms.katalon.core.webui.keyword.builtin.VerifyElementNotPresentKeyword.verifyElementNotPresent(VerifyElementNotPresentKeyword.groovy:122)
	at com.kms.katalon.core.webui.keyword.builtin.VerifyElementNotPresentKeyword.execute(VerifyElementNotPresentKeyword.groovy:68)
	at com.kms.katalon.core.keyword.internal.KeywordExecutor.executeKeywordForPlatform(KeywordExecutor.groovy:74)
	at com.kms.katalon.core.webui.keyword.WebUiBuiltInKeywords.verifyElementNotPresent(WebUiBuiltInKeywords.groovy:1497)
	at com.kms.katalon.core.webui.keyword.WebUiBuiltInKeywords$verifyElementNotPresent$15.call(Unknown Source)
	at TC-PAN-012.run(TC-PAN-012:30)
	at com.kms.katalon.core.main.ScriptEngine.run(ScriptEngine.java:194)
	at com.kms.katalon.core.main.ScriptEngine.runScriptAsRawText(ScriptEngine.java:119)
	at com.kms.katalon.core.main.TestCaseExecutor.runScript(TestCaseExecutor.java:448)
	at com.kms.katalon.core.main.TestCaseExecutor.doExecute(TestCaseExecutor.java:439)
	at com.kms.katalon.core.main.TestCaseExecutor.processExecutionPhase(TestCaseExecutor.java:418)
	at com.kms.katalon.core.main.TestCaseExecutor.accessMainPhase(TestCaseExecutor.java:410)
	at com.kms.katalon.core.main.TestCaseExecutor.execute(TestCaseExecutor.java:285)
	at com.kms.katalon.core.common.CommonExecutor.accessTestCaseMainPhase(CommonExecutor.java:65)
	at com.kms.katalon.core.main.TestSuiteExecutor.accessTestSuiteMainPhase(TestSuiteExecutor.java:148)
	at com.kms.katalon.core.main.TestSuiteExecutor.execute(TestSuiteExecutor.java:106)
	at com.kms.katalon.core.main.TestCaseMain.startTestSuite(TestCaseMain.java:187)
	at com.kms.katalon.core.main.TestCaseMain$startTestSuite$0.call(Unknown Source)
	at TempTestSuite1696560832015.run(TempTestSuite1696560832015.groovy:36)
Caused by: com.kms.katalon.core.exception.StepFailedException: Web element with id: 'Object Repository/Product Admin/Veridikasi Halaman Semua Produk' located by 'By.xpath: (.//*[normalize-space(text()) and normalize-space(.)='Control panel'])[1]/following::h3[1]' is present after '30' second(s)
	at com.kms.katalon.core.webui.keyword.internal.WebUIKeywordMain.stepFailed(WebUIKeywordMain.groovy:64)
	at com.kms.katalon.core.webui.keyword.internal.WebUIKeywordMain$stepFailed$0.call(Unknown Source)
	at com.kms.katalon.core.webui.keyword.builtin.VerifyElementNotPresentKeyword$_verifyElementNotPresent_closure1.doCall(VerifyElementNotPresentKeyword.groovy:113)
	at com.kms.katalon.core.webui.keyword.builtin.VerifyElementNotPresentKeyword$_verifyElementNotPresent_closure1.doCall(VerifyElementNotPresentKeyword.groovy)
	at com.kms.katalon.core.webui.keyword.internal.WebUIKeywordMain.runKeyword(WebUIKeywordMain.groovy:20)
	... 20 more]]></system-err>
      </testcase>
      <testcase name="Test Cases/Product Admin/TC-PAN-013" time="56.858" classname="Test Cases/Product Admin/TC-PAN-013" status="FAILED">
         <failure type="FAILED" message="Test Cases/Product Admin/TC-PAN-013 FAILED.
Reason:
com.kms.katalon.core.exception.StepFailedException: Unable to verify object 'Object Repository/Product Admin/Veridikasi Halaman Semua Produk' is not present
	at com.kms.katalon.core.webui.keyword.internal.WebUIKeywordMain.stepFailed(WebUIKeywordMain.groovy:64)
	at com.kms.katalon.core.webui.keyword.internal.WebUIKeywordMain.runKeyword(WebUIKeywordMain.groovy:26)
	at com.kms.katalon.core.webui.keyword.internal.WebUIKeywordMain$runKeyword.call(Unknown Source)
	at com.kms.katalon.core.webui.keyword.builtin.VerifyElementNotPresentKeyword.verifyElementNotPresent(VerifyElementNotPresentKeyword.groovy:122)
	at com.kms.katalon.core.webui.keyword.builtin.VerifyElementNotPresentKeyword.execute(VerifyElementNotPresentKeyword.groovy:68)
	at com.kms.katalon.core.keyword.internal.KeywordExecutor.executeKeywordForPlatform(KeywordExecutor.groovy:74)
	at com.kms.katalon.core.webui.keyword.WebUiBuiltInKeywords.verifyElementNotPresent(WebUiBuiltInKeywords.groovy:1497)
	at com.kms.katalon.core.webui.keyword.WebUiBuiltInKeywords$verifyElementNotPresent$15.call(Unknown Source)
	at TC-PAN-013.run(TC-PAN-013:34)
	at com.kms.katalon.core.main.ScriptEngine.run(ScriptEngine.java:194)
	at com.kms.katalon.core.main.ScriptEngine.runScriptAsRawText(ScriptEngine.java:119)
	at com.kms.katalon.core.main.TestCaseExecutor.runScript(TestCaseExecutor.java:448)
	at com.kms.katalon.core.main.TestCaseExecutor.doExecute(TestCaseExecutor.java:439)
	at com.kms.katalon.core.main.TestCaseExecutor.processExecutionPhase(TestCaseExecutor.java:418)
	at com.kms.katalon.core.main.TestCaseExecutor.accessMainPhase(TestCaseExecutor.java:410)
	at com.kms.katalon.core.main.TestCaseExecutor.execute(TestCaseExecutor.java:285)
	at com.kms.katalon.core.common.CommonExecutor.accessTestCaseMainPhase(CommonExecutor.java:65)
	at com.kms.katalon.core.main.TestSuiteExecutor.accessTestSuiteMainPhase(TestSuiteExecutor.java:148)
	at com.kms.katalon.core.main.TestSuiteExecutor.execute(TestSuiteExecutor.java:106)
	at com.kms.katalon.core.main.TestCaseMain.startTestSuite(TestCaseMain.java:187)
	at com.kms.katalon.core.main.TestCaseMain$startTestSuite$0.call(Unknown Source)
	at TempTestSuite1696560832015.run(TempTestSuite1696560832015.groovy:36)
Caused by: com.kms.katalon.core.exception.StepFailedException: Web element with id: 'Object Repository/Product Admin/Veridikasi Halaman Semua Produk' located by 'By.xpath: (.//*[normalize-space(text()) and normalize-space(.)='Control panel'])[1]/following::h3[1]' is present after '30' second(s)
	at com.kms.katalon.core.webui.keyword.internal.WebUIKeywordMain.stepFailed(WebUIKeywordMain.groovy:64)
	at com.kms.katalon.core.webui.keyword.internal.WebUIKeywordMain$stepFailed$0.call(Unknown Source)
	at com.kms.katalon.core.webui.keyword.builtin.VerifyElementNotPresentKeyword$_verifyElementNotPresent_closure1.doCall(VerifyElementNotPresentKeyword.groovy:113)
	at com.kms.katalon.core.webui.keyword.builtin.VerifyElementNotPresentKeyword$_verifyElementNotPresent_closure1.doCall(VerifyElementNotPresentKeyword.groovy)
	at com.kms.katalon.core.webui.keyword.internal.WebUIKeywordMain.runKeyword(WebUIKeywordMain.groovy:20)
	... 20 more
"/>
         <system-out><![CDATA[2023-10-06 10:19:12 - [TEST_CASE][FAILED] - Test Cases/Product Admin/TC-PAN-013: Test Cases/Product Admin/TC-PAN-013 FAILED.
Reason:
com.kms.katalon.core.exception.StepFailedException: Unable to verify object 'Object Repository/Product Admin/Veridikasi Halaman Semua Produk' is not present
	at com.kms.katalon.core.webui.keyword.internal.WebUIKeywordMain.stepFailed(WebUIKeywordMain.groovy:64)
	at com.kms.katalon.core.webui.keyword.internal.WebUIKeywordMain.runKeyword(WebUIKeywordMain.groovy:26)
	at com.kms.katalon.core.webui.keyword.internal.WebUIKeywordMain$runKeyword.call(Unknown Source)
	at com.kms.katalon.core.webui.keyword.builtin.VerifyElementNotPresentKeyword.verifyElementNotPresent(VerifyElementNotPresentKeyword.groovy:122)
	at com.kms.katalon.core.webui.keyword.builtin.VerifyElementNotPresentKeyword.execute(VerifyElementNotPresentKeyword.groovy:68)
	at com.kms.katalon.core.keyword.internal.KeywordExecutor.executeKeywordForPlatform(KeywordExecutor.groovy:74)
	at com.kms.katalon.core.webui.keyword.WebUiBuiltInKeywords.verifyElementNotPresent(WebUiBuiltInKeywords.groovy:1497)
	at com.kms.katalon.core.webui.keyword.WebUiBuiltInKeywords$verifyElementNotPresent$15.call(Unknown Source)
	at TC-PAN-013.run(TC-PAN-013:34)
	at com.kms.katalon.core.main.ScriptEngine.run(ScriptEngine.java:194)
	at com.kms.katalon.core.main.ScriptEngine.runScriptAsRawText(ScriptEngine.java:119)
	at com.kms.katalon.core.main.TestCaseExecutor.runScript(TestCaseExecutor.java:448)
	at com.kms.katalon.core.main.TestCaseExecutor.doExecute(TestCaseExecutor.java:439)
	at com.kms.katalon.core.main.TestCaseExecutor.processExecutionPhase(TestCaseExecutor.java:418)
	at com.kms.katalon.core.main.TestCaseExecutor.accessMainPhase(TestCaseExecutor.java:410)
	at com.kms.katalon.core.main.TestCaseExecutor.execute(TestCaseExecutor.java:285)
	at com.kms.katalon.core.common.CommonExecutor.accessTestCaseMainPhase(CommonExecutor.java:65)
	at com.kms.katalon.core.main.TestSuiteExecutor.accessTestSuiteMainPhase(TestSuiteExecutor.java:148)
	at com.kms.katalon.core.main.TestSuiteExecutor.execute(TestSuiteExecutor.java:106)
	at com.kms.katalon.core.main.TestCaseMain.startTestSuite(TestCaseMain.java:187)
	at com.kms.katalon.core.main.TestCaseMain$startTestSuite$0.call(Unknown Source)
	at TempTestSuite1696560832015.run(TempTestSuite1696560832015.groovy:36)
Caused by: com.kms.katalon.core.exception.StepFailedException: Web element with id: 'Object Repository/Product Admin/Veridikasi Halaman Semua Produk' located by 'By.xpath: (.//*[normalize-space(text()) and normalize-space(.)='Control panel'])[1]/following::h3[1]' is present after '30' second(s)
	at com.kms.katalon.core.webui.keyword.internal.WebUIKeywordMain.stepFailed(WebUIKeywordMain.groovy:64)
	at com.kms.katalon.core.webui.keyword.internal.WebUIKeywordMain$stepFailed$0.call(Unknown Source)
	at com.kms.katalon.core.webui.keyword.builtin.VerifyElementNotPresentKeyword$_verifyElementNotPresent_closure1.doCall(VerifyElementNotPresentKeyword.groovy:113)
	at com.kms.katalon.core.webui.keyword.builtin.VerifyElementNotPresentKeyword$_verifyElementNotPresent_closure1.doCall(VerifyElementNotPresentKeyword.groovy)
	at com.kms.katalon.core.webui.keyword.internal.WebUIKeywordMain.runKeyword(WebUIKeywordMain.groovy:20)
	... 20 more


2023-10-06 10:19:12 - [TEST_STEP][PASSED] - callTestCase(findTestCase("Product Admin/TC-PA-001"), [:], STOP_ON_FAILURE): Call Test Case 'Test Cases/Product Admin/TC-PA-001' successfully

2023-10-06 10:19:12 - [TEST_CASE][PASSED] - Test Cases/Product Admin/TC-PA-001: Test Cases/Product Admin/TC-PA-001

2023-10-06 10:19:12 - [TEST_STEP][PASSED] - callTestCase(findTestCase("Login Admin/TC-Login Admin-001"), [:], STOP_ON_FAILURE): Call Test Case 'Test Cases/Login Admin/TC-Login Admin-001' successfully

2023-10-06 10:19:12 - [TEST_CASE][PASSED] - Test Cases/Login Admin/TC-Login Admin-001: Test Cases/Login Admin/TC-Login Admin-001

2023-10-06 10:19:12 - [TEST_STEP][PASSED] - openBrowser(adminTajalapak): Browser is opened with url: 'https://10.9.2.63/ecommerce/administrator'

2023-10-06 10:19:12 - [MESSAGE][WARNING] - A browser is already opened. Closing browser and opening a new one

2023-10-06 10:19:13 - [MESSAGE][INFO] - Starting 'Edge Chromium' driver

2023-10-06 10:19:13 - [MESSAGE][INFO] - User set preference: ['acceptInsecureCerts', 'true']

2023-10-06 10:19:15 - [MESSAGE][INFO] - Action delay is set to 0 milliseconds

2023-10-06 10:19:17 - [MESSAGE][PASSED] - Browser is opened with url: 'https://10.9.2.63/ecommerce/administrator'

2023-10-06 10:19:17 - [TEST_STEP][PASSED] - maximizeWindow(): Current window maximized

2023-10-06 10:19:18 - [MESSAGE][PASSED] - Current window maximized

2023-10-06 10:19:18 - [TEST_STEP][PASSED] - verifyElementPresent(findTestObject("Login Admin/Verifikasi Halaman Administrator"), 0): Object 'Object Repository/Login Admin/Verifikasi Halaman Administrator' is present

2023-10-06 10:19:18 - [MESSAGE][WARNING] - Timeout '0' is invalid. Using default page load timeout: '30'

2023-10-06 10:19:18 - [MESSAGE][PASSED] - Object 'Object Repository/Login Admin/Verifikasi Halaman Administrator' is present

2023-10-06 10:19:18 - [TEST_STEP][PASSED] - setText(findTestObject("Login Admin/Input Username Admin"), "admin"): Text 'admin' is set on object 'Object Repository/Login Admin/Input Username Admin'

2023-10-06 10:19:19 - [MESSAGE][PASSED] - Text 'admin' is set on object 'Object Repository/Login Admin/Input Username Admin'

2023-10-06 10:19:19 - [TEST_STEP][PASSED] - setEncryptedText(findTestObject("Login Admin/Input Password Admin"), "374mkdZ/lqyNS21oH+MJZQ=="): Text ****** has been set on object 'Object Repository/Login Admin/Input Password Admin'

2023-10-06 10:19:19 - [MESSAGE][PASSED] - Text ****** has been set on object 'Object Repository/Login Admin/Input Password Admin'

2023-10-06 10:19:19 - [TEST_STEP][PASSED] - delay(10): Delayed 10 second(s)

2023-10-06 10:19:29 - [MESSAGE][PASSED] - Delayed 10 second(s)

2023-10-06 10:19:29 - [TEST_STEP][PASSED] - click(findTestObject("Login Admin/Botton Sign In")): Object: 'Object Repository/Login Admin/Botton Sign In' is clicked on

2023-10-06 10:19:31 - [MESSAGE][PASSED] - Object: 'Object Repository/Login Admin/Botton Sign In' is clicked on

2023-10-06 10:19:31 - [TEST_STEP][PASSED] - verifyElementPresent(findTestObject("Login Admin/Verifikasi Halaman Login Admin"), 0): Object 'Object Repository/Login Admin/Verifikasi Halaman Login Admin' is present

2023-10-06 10:19:31 - [MESSAGE][WARNING] - Timeout '0' is invalid. Using default page load timeout: '30'

2023-10-06 10:19:31 - [MESSAGE][PASSED] - Object 'Object Repository/Login Admin/Verifikasi Halaman Login Admin' is present

2023-10-06 10:19:31 - [MESSAGE][PASSED] - Call Test Case 'Test Cases/Login Admin/TC-Login Admin-001' successfully

2023-10-06 10:19:31 - [TEST_STEP][PASSED] - click(findTestObject("Product Admin/Master Market")): Object: 'Object Repository/Product Admin/Master Market' is clicked on

2023-10-06 10:19:32 - [MESSAGE][PASSED] - Object: 'Object Repository/Product Admin/Master Market' is clicked on

2023-10-06 10:19:32 - [TEST_STEP][PASSED] - click(findTestObject("Product Admin/Produk Admin")): Object: 'Object Repository/Product Admin/Produk Admin' is clicked on

2023-10-06 10:19:33 - [MESSAGE][PASSED] - Object: 'Object Repository/Product Admin/Produk Admin' is clicked on

2023-10-06 10:19:33 - [TEST_STEP][PASSED] - verifyElementPresent(findTestObject("Product Admin/Veridikasi Halaman Semua Produk"), 0): Object 'Object Repository/Product Admin/Veridikasi Halaman Semua Produk' is present

2023-10-06 10:19:33 - [MESSAGE][WARNING] - Timeout '0' is invalid. Using default page load timeout: '30'

2023-10-06 10:19:33 - [MESSAGE][PASSED] - Object 'Object Repository/Product Admin/Veridikasi Halaman Semua Produk' is present

2023-10-06 10:19:33 - [MESSAGE][PASSED] - Call Test Case 'Test Cases/Product Admin/TC-PA-001' successfully

2023-10-06 10:19:33 - [TEST_STEP][PASSED] - click(findTestObject("Product Admin/Button Edit Product Fleksibel")): Object: 'Object Repository/Product Admin/Button Edit Product Fleksibel' is clicked on

2023-10-06 10:19:34 - [MESSAGE][PASSED] - Object: 'Object Repository/Product Admin/Button Edit Product Fleksibel' is clicked on

2023-10-06 10:19:34 - [TEST_STEP][PASSED] - verifyElementPresent(findTestObject("Product Admin/TambahProduk/Verifikasi Halaman Product Baru"), 0): Object 'Object Repository/Product Admin/TambahProduk/Verifikasi Halaman Product Baru' is present

2023-10-06 10:19:34 - [MESSAGE][WARNING] - Timeout '0' is invalid. Using default page load timeout: '30'

2023-10-06 10:19:35 - [MESSAGE][PASSED] - Object 'Object Repository/Product Admin/TambahProduk/Verifikasi Halaman Product Baru' is present

2023-10-06 10:19:35 - [TEST_STEP][PASSED] - setText(findTestObject("Product Admin/TambahProduk/Input Harga Modal"), "1000000000"): Text '1000000000' is set on object 'Object Repository/Product Admin/TambahProduk/Input Harga Modal'

2023-10-06 10:19:35 - [MESSAGE][PASSED] - Text '1000000000' is set on object 'Object Repository/Product Admin/TambahProduk/Input Harga Modal'

2023-10-06 10:19:35 - [TEST_STEP][PASSED] - setText(findTestObject("Product Admin/TambahProduk/Input Harga Reseller"), "1100000000"): Text '1100000000' is set on object 'Object Repository/Product Admin/TambahProduk/Input Harga Reseller'

2023-10-06 10:19:36 - [MESSAGE][PASSED] - Text '1100000000' is set on object 'Object Repository/Product Admin/TambahProduk/Input Harga Reseller'

2023-10-06 10:19:36 - [TEST_STEP][PASSED] - setText(findTestObject("Product Admin/TambahProduk/Input Harga Konsumen"), "1200000000"): Text '1200000000' is set on object 'Object Repository/Product Admin/TambahProduk/Input Harga Konsumen'

2023-10-06 10:19:37 - [MESSAGE][PASSED] - Text '1200000000' is set on object 'Object Repository/Product Admin/TambahProduk/Input Harga Konsumen'

2023-10-06 10:19:37 - [TEST_STEP][PASSED] - click(findTestObject("Product Admin/TambahProduk/Button Update Data")): Object: 'Object Repository/Product Admin/TambahProduk/Button Update Data' is clicked on

2023-10-06 10:19:38 - [MESSAGE][PASSED] - Object: 'Object Repository/Product Admin/TambahProduk/Button Update Data' is clicked on

2023-10-06 10:19:38 - [TEST_STEP][FAILED] - verifyElementNotPresent(findTestObject("Product Admin/Veridikasi Halaman Semua Produk"), 0): Unable to verify object 'Object Repository/Product Admin/Veridikasi Halaman Semua Produk' is not present (Root cause: com.kms.katalon.core.exception.StepFailedException: Unable to verify object 'Object Repository/Product Admin/Veridikasi Halaman Semua Produk' is not present
	at com.kms.katalon.core.webui.keyword.internal.WebUIKeywordMain.stepFailed(WebUIKeywordMain.groovy:64)
	at com.kms.katalon.core.webui.keyword.internal.WebUIKeywordMain.runKeyword(WebUIKeywordMain.groovy:26)
	at com.kms.katalon.core.webui.keyword.internal.WebUIKeywordMain$runKeyword.call(Unknown Source)
	at com.kms.katalon.core.webui.keyword.builtin.VerifyElementNotPresentKeyword.verifyElementNotPresent(VerifyElementNotPresentKeyword.groovy:122)
	at com.kms.katalon.core.webui.keyword.builtin.VerifyElementNotPresentKeyword.execute(VerifyElementNotPresentKeyword.groovy:68)
	at com.kms.katalon.core.keyword.internal.KeywordExecutor.executeKeywordForPlatform(KeywordExecutor.groovy:74)
	at com.kms.katalon.core.webui.keyword.WebUiBuiltInKeywords.verifyElementNotPresent(WebUiBuiltInKeywords.groovy:1497)
	at com.kms.katalon.core.webui.keyword.WebUiBuiltInKeywords$verifyElementNotPresent$15.call(Unknown Source)
	at TC-PAN-013.run(TC-PAN-013:34)
	at com.kms.katalon.core.main.ScriptEngine.run(ScriptEngine.java:194)
	at com.kms.katalon.core.main.ScriptEngine.runScriptAsRawText(ScriptEngine.java:119)
	at com.kms.katalon.core.main.TestCaseExecutor.runScript(TestCaseExecutor.java:448)
	at com.kms.katalon.core.main.TestCaseExecutor.doExecute(TestCaseExecutor.java:439)
	at com.kms.katalon.core.main.TestCaseExecutor.processExecutionPhase(TestCaseExecutor.java:418)
	at com.kms.katalon.core.main.TestCaseExecutor.accessMainPhase(TestCaseExecutor.java:410)
	at com.kms.katalon.core.main.TestCaseExecutor.execute(TestCaseExecutor.java:285)
	at com.kms.katalon.core.common.CommonExecutor.accessTestCaseMainPhase(CommonExecutor.java:65)
	at com.kms.katalon.core.main.TestSuiteExecutor.accessTestSuiteMainPhase(TestSuiteExecutor.java:148)
	at com.kms.katalon.core.main.TestSuiteExecutor.execute(TestSuiteExecutor.java:106)
	at com.kms.katalon.core.main.TestCaseMain.startTestSuite(TestCaseMain.java:187)
	at com.kms.katalon.core.main.TestCaseMain$startTestSuite$0.call(Unknown Source)
	at TempTestSuite1696560832015.run(TempTestSuite1696560832015.groovy:36)
Caused by: com.kms.katalon.core.exception.StepFailedException: Web element with id: 'Object Repository/Product Admin/Veridikasi Halaman Semua Produk' located by 'By.xpath: (.//*[normalize-space(text()) and normalize-space(.)='Control panel'])[1]/following::h3[1]' is present after '30' second(s)
	at com.kms.katalon.core.webui.keyword.internal.WebUIKeywordMain.stepFailed(WebUIKeywordMain.groovy:64)
	at com.kms.katalon.core.webui.keyword.internal.WebUIKeywordMain$stepFailed$0.call(Unknown Source)
	at com.kms.katalon.core.webui.keyword.builtin.VerifyElementNotPresentKeyword$_verifyElementNotPresent_closure1.doCall(VerifyElementNotPresentKeyword.groovy:113)
	at com.kms.katalon.core.webui.keyword.builtin.VerifyElementNotPresentKeyword$_verifyElementNotPresent_closure1.doCall(VerifyElementNotPresentKeyword.groovy)
	at com.kms.katalon.core.webui.keyword.internal.WebUIKeywordMain.runKeyword(WebUIKeywordMain.groovy:20)
	... 20 more
)

2023-10-06 10:19:38 - [MESSAGE][WARNING] - Timeout '0' is invalid. Using default page load timeout: '30'

2023-10-06 10:20:08 - [MESSAGE][FAILED] - Web element with id: 'Object Repository/Product Admin/Veridikasi Halaman Semua Produk' located by 'By.xpath: (.//*[normalize-space(text()) and normalize-space(.)='Control panel'])[1]/following::h3[1]' is present after '30' second(s) (Root cause: com.kms.katalon.core.exception.StepFailedException: Web element with id: 'Object Repository/Product Admin/Veridikasi Halaman Semua Produk' located by 'By.xpath: (.//*[normalize-space(text()) and normalize-space(.)='Control panel'])[1]/following::h3[1]' is present after '30' second(s)
	at com.kms.katalon.core.webui.keyword.internal.WebUIKeywordMain.stepFailed(WebUIKeywordMain.groovy:64)
	at com.kms.katalon.core.webui.keyword.internal.WebUIKeywordMain$stepFailed$0.call(Unknown Source)
	at com.kms.katalon.core.webui.keyword.builtin.VerifyElementNotPresentKeyword$_verifyElementNotPresent_closure1.doCall(VerifyElementNotPresentKeyword.groovy:113)
	at com.kms.katalon.core.webui.keyword.builtin.VerifyElementNotPresentKeyword$_verifyElementNotPresent_closure1.doCall(VerifyElementNotPresentKeyword.groovy)
	at com.kms.katalon.core.webui.keyword.internal.WebUIKeywordMain.runKeyword(WebUIKeywordMain.groovy:20)
	at com.kms.katalon.core.webui.keyword.internal.WebUIKeywordMain$runKeyword.call(Unknown Source)
	at com.kms.katalon.core.webui.keyword.builtin.VerifyElementNotPresentKeyword.verifyElementNotPresent(VerifyElementNotPresentKeyword.groovy:122)
	at com.kms.katalon.core.webui.keyword.builtin.VerifyElementNotPresentKeyword.execute(VerifyElementNotPresentKeyword.groovy:68)
	at com.kms.katalon.core.keyword.internal.KeywordExecutor.executeKeywordForPlatform(KeywordExecutor.groovy:74)
	at com.kms.katalon.core.webui.keyword.WebUiBuiltInKeywords.verifyElementNotPresent(WebUiBuiltInKeywords.groovy:1497)
	at com.kms.katalon.core.webui.keyword.WebUiBuiltInKeywords$verifyElementNotPresent$15.call(Unknown Source)
	at TC-PAN-013.run(TC-PAN-013:34)
	at com.kms.katalon.core.main.ScriptEngine.run(ScriptEngine.java:194)
	at com.kms.katalon.core.main.ScriptEngine.runScriptAsRawText(ScriptEngine.java:119)
	at com.kms.katalon.core.main.TestCaseExecutor.runScript(TestCaseExecutor.java:448)
	at com.kms.katalon.core.main.TestCaseExecutor.doExecute(TestCaseExecutor.java:439)
	at com.kms.katalon.core.main.TestCaseExecutor.processExecutionPhase(TestCaseExecutor.java:418)
	at com.kms.katalon.core.main.TestCaseExecutor.accessMainPhase(TestCaseExecutor.java:410)
	at com.kms.katalon.core.main.TestCaseExecutor.execute(TestCaseExecutor.java:285)
	at com.kms.katalon.core.common.CommonExecutor.accessTestCaseMainPhase(CommonExecutor.java:65)
	at com.kms.katalon.core.main.TestSuiteExecutor.accessTestSuiteMainPhase(TestSuiteExecutor.java:148)
	at com.kms.katalon.core.main.TestSuiteExecutor.execute(TestSuiteExecutor.java:106)
	at com.kms.katalon.core.main.TestCaseMain.startTestSuite(TestCaseMain.java:187)
	at com.kms.katalon.core.main.TestCaseMain$startTestSuite$0.call(Unknown Source)
	at TempTestSuite1696560832015.run(TempTestSuite1696560832015.groovy:36)
)
[[ATTACHMENT|G:\\Project Xsis\\batch-324-qa\\Riswan\\Sprint 2 Product Tajalapak\\Reports\\20231006_095352\\Product Admin\\20231006_095352\\1696562408780.png]]

2023-10-06 10:20:09 - [MESSAGE][FAILED] - Unable to verify object 'Object Repository/Product Admin/Veridikasi Halaman Semua Produk' is not present (Root cause: com.kms.katalon.core.exception.StepFailedException: Unable to verify object 'Object Repository/Product Admin/Veridikasi Halaman Semua Produk' is not present
	at com.kms.katalon.core.webui.keyword.internal.WebUIKeywordMain.stepFailed(WebUIKeywordMain.groovy:64)
	at com.kms.katalon.core.webui.keyword.internal.WebUIKeywordMain.runKeyword(WebUIKeywordMain.groovy:26)
	at com.kms.katalon.core.webui.keyword.internal.WebUIKeywordMain$runKeyword.call(Unknown Source)
	at com.kms.katalon.core.webui.keyword.builtin.VerifyElementNotPresentKeyword.verifyElementNotPresent(VerifyElementNotPresentKeyword.groovy:122)
	at com.kms.katalon.core.webui.keyword.builtin.VerifyElementNotPresentKeyword.execute(VerifyElementNotPresentKeyword.groovy:68)
	at com.kms.katalon.core.keyword.internal.KeywordExecutor.executeKeywordForPlatform(KeywordExecutor.groovy:74)
	at com.kms.katalon.core.webui.keyword.WebUiBuiltInKeywords.verifyElementNotPresent(WebUiBuiltInKeywords.groovy:1497)
	at com.kms.katalon.core.webui.keyword.WebUiBuiltInKeywords$verifyElementNotPresent$15.call(Unknown Source)
	at TC-PAN-013.run(TC-PAN-013:34)
	at com.kms.katalon.core.main.ScriptEngine.run(ScriptEngine.java:194)
	at com.kms.katalon.core.main.ScriptEngine.runScriptAsRawText(ScriptEngine.java:119)
	at com.kms.katalon.core.main.TestCaseExecutor.runScript(TestCaseExecutor.java:448)
	at com.kms.katalon.core.main.TestCaseExecutor.doExecute(TestCaseExecutor.java:439)
	at com.kms.katalon.core.main.TestCaseExecutor.processExecutionPhase(TestCaseExecutor.java:418)
	at com.kms.katalon.core.main.TestCaseExecutor.accessMainPhase(TestCaseExecutor.java:410)
	at com.kms.katalon.core.main.TestCaseExecutor.execute(TestCaseExecutor.java:285)
	at com.kms.katalon.core.common.CommonExecutor.accessTestCaseMainPhase(CommonExecutor.java:65)
	at com.kms.katalon.core.main.TestSuiteExecutor.accessTestSuiteMainPhase(TestSuiteExecutor.java:148)
	at com.kms.katalon.core.main.TestSuiteExecutor.execute(TestSuiteExecutor.java:106)
	at com.kms.katalon.core.main.TestCaseMain.startTestSuite(TestCaseMain.java:187)
	at com.kms.katalon.core.main.TestCaseMain$startTestSuite$0.call(Unknown Source)
	at TempTestSuite1696560832015.run(TempTestSuite1696560832015.groovy:36)
Caused by: com.kms.katalon.core.exception.StepFailedException: Web element with id: 'Object Repository/Product Admin/Veridikasi Halaman Semua Produk' located by 'By.xpath: (.//*[normalize-space(text()) and normalize-space(.)='Control panel'])[1]/following::h3[1]' is present after '30' second(s)
	at com.kms.katalon.core.webui.keyword.internal.WebUIKeywordMain.stepFailed(WebUIKeywordMain.groovy:64)
	at com.kms.katalon.core.webui.keyword.internal.WebUIKeywordMain$stepFailed$0.call(Unknown Source)
	at com.kms.katalon.core.webui.keyword.builtin.VerifyElementNotPresentKeyword$_verifyElementNotPresent_closure1.doCall(VerifyElementNotPresentKeyword.groovy:113)
	at com.kms.katalon.core.webui.keyword.builtin.VerifyElementNotPresentKeyword$_verifyElementNotPresent_closure1.doCall(VerifyElementNotPresentKeyword.groovy)
	at com.kms.katalon.core.webui.keyword.internal.WebUIKeywordMain.runKeyword(WebUIKeywordMain.groovy:20)
	... 20 more
)
[[ATTACHMENT|G:\\Project Xsis\\batch-324-qa\\Riswan\\Sprint 2 Product Tajalapak\\Reports\\20231006_095352\\Product Admin\\20231006_095352\\1696562408911.png]]]]></system-out>
         <system-err><![CDATA[2023-10-06 10:19:12 - [TEST_CASE][FAILED] - Test Cases/Product Admin/TC-PAN-013: Test Cases/Product Admin/TC-PAN-013 FAILED.
Reason:
com.kms.katalon.core.exception.StepFailedException: Unable to verify object 'Object Repository/Product Admin/Veridikasi Halaman Semua Produk' is not present
	at com.kms.katalon.core.webui.keyword.internal.WebUIKeywordMain.stepFailed(WebUIKeywordMain.groovy:64)
	at com.kms.katalon.core.webui.keyword.internal.WebUIKeywordMain.runKeyword(WebUIKeywordMain.groovy:26)
	at com.kms.katalon.core.webui.keyword.internal.WebUIKeywordMain$runKeyword.call(Unknown Source)
	at com.kms.katalon.core.webui.keyword.builtin.VerifyElementNotPresentKeyword.verifyElementNotPresent(VerifyElementNotPresentKeyword.groovy:122)
	at com.kms.katalon.core.webui.keyword.builtin.VerifyElementNotPresentKeyword.execute(VerifyElementNotPresentKeyword.groovy:68)
	at com.kms.katalon.core.keyword.internal.KeywordExecutor.executeKeywordForPlatform(KeywordExecutor.groovy:74)
	at com.kms.katalon.core.webui.keyword.WebUiBuiltInKeywords.verifyElementNotPresent(WebUiBuiltInKeywords.groovy:1497)
	at com.kms.katalon.core.webui.keyword.WebUiBuiltInKeywords$verifyElementNotPresent$15.call(Unknown Source)
	at TC-PAN-013.run(TC-PAN-013:34)
	at com.kms.katalon.core.main.ScriptEngine.run(ScriptEngine.java:194)
	at com.kms.katalon.core.main.ScriptEngine.runScriptAsRawText(ScriptEngine.java:119)
	at com.kms.katalon.core.main.TestCaseExecutor.runScript(TestCaseExecutor.java:448)
	at com.kms.katalon.core.main.TestCaseExecutor.doExecute(TestCaseExecutor.java:439)
	at com.kms.katalon.core.main.TestCaseExecutor.processExecutionPhase(TestCaseExecutor.java:418)
	at com.kms.katalon.core.main.TestCaseExecutor.accessMainPhase(TestCaseExecutor.java:410)
	at com.kms.katalon.core.main.TestCaseExecutor.execute(TestCaseExecutor.java:285)
	at com.kms.katalon.core.common.CommonExecutor.accessTestCaseMainPhase(CommonExecutor.java:65)
	at com.kms.katalon.core.main.TestSuiteExecutor.accessTestSuiteMainPhase(TestSuiteExecutor.java:148)
	at com.kms.katalon.core.main.TestSuiteExecutor.execute(TestSuiteExecutor.java:106)
	at com.kms.katalon.core.main.TestCaseMain.startTestSuite(TestCaseMain.java:187)
	at com.kms.katalon.core.main.TestCaseMain$startTestSuite$0.call(Unknown Source)
	at TempTestSuite1696560832015.run(TempTestSuite1696560832015.groovy:36)
Caused by: com.kms.katalon.core.exception.StepFailedException: Web element with id: 'Object Repository/Product Admin/Veridikasi Halaman Semua Produk' located by 'By.xpath: (.//*[normalize-space(text()) and normalize-space(.)='Control panel'])[1]/following::h3[1]' is present after '30' second(s)
	at com.kms.katalon.core.webui.keyword.internal.WebUIKeywordMain.stepFailed(WebUIKeywordMain.groovy:64)
	at com.kms.katalon.core.webui.keyword.internal.WebUIKeywordMain$stepFailed$0.call(Unknown Source)
	at com.kms.katalon.core.webui.keyword.builtin.VerifyElementNotPresentKeyword$_verifyElementNotPresent_closure1.doCall(VerifyElementNotPresentKeyword.groovy:113)
	at com.kms.katalon.core.webui.keyword.builtin.VerifyElementNotPresentKeyword$_verifyElementNotPresent_closure1.doCall(VerifyElementNotPresentKeyword.groovy)
	at com.kms.katalon.core.webui.keyword.internal.WebUIKeywordMain.runKeyword(WebUIKeywordMain.groovy:20)
	... 20 more]]></system-err>
      </testcase>
      <system-out><![CDATA[2023-10-06 09:54:00 - [TEST_SUITE][FAILED] - Product Admin: Test Cases/Product Admin/TC-PA-006 FAILED.
Reason:
Assertion failed: 

assert arrProdukNameOri == arrProdukNameSort
       |                |  |
       |                |  [weww, uji produk 03, Ultrabook Hackintosh Acer - I5 Haswell - 8 Gb - SSD, Uji Produk 0022, Terbaru Baju Koko Kids, Terbaru Baju Koko Kids, Super Segiempat Rebya - RYB6.7 Pink Clover, Sepatu kets, Segitiga Instan Madeira - MDB5.3 Sunset, Segitiga Instan Madeira - MDB5.2 Ocean]
       |                false
       [weww, Ultrabook Hackintosh Acer - I5 Haswell - 8 Gb - SSD, uji produk 03, Uji Produk 0022, Terbaru Baju Koko Kids, Terbaru Baju Koko Kids, Super Segiempat Rebya - RYB6.7 Pink Clover, Sepatu kets, Segitiga Instan Madeira - MDB5.3 Sunset, Segitiga Instan Madeira - MDB5.2 Ocean]

	at TC-PA-006.run(TC-PA-006:45)
	at com.kms.katalon.core.main.ScriptEngine.run(ScriptEngine.java:194)
	at com.kms.katalon.core.main.ScriptEngine.runScriptAsRawText(ScriptEngine.java:119)
	at com.kms.katalon.core.main.TestCaseExecutor.runScript(TestCaseExecutor.java:448)
	at com.kms.katalon.core.main.TestCaseExecutor.doExecute(TestCaseExecutor.java:439)
	at com.kms.katalon.core.main.TestCaseExecutor.processExecutionPhase(TestCaseExecutor.java:418)
	at com.kms.katalon.core.main.TestCaseExecutor.accessMainPhase(TestCaseExecutor.java:410)
	at com.kms.katalon.core.main.TestCaseExecutor.execute(TestCaseExecutor.java:285)
	at com.kms.katalon.core.common.CommonExecutor.accessTestCaseMainPhase(CommonExecutor.java:65)
	at com.kms.katalon.core.main.TestSuiteExecutor.accessTestSuiteMainPhase(TestSuiteExecutor.java:148)
	at com.kms.katalon.core.main.TestSuiteExecutor.execute(TestSuiteExecutor.java:106)
	at com.kms.katalon.core.main.TestCaseMain.startTestSuite(TestCaseMain.java:187)
	at com.kms.katalon.core.main.TestCaseMain$startTestSuite$0.call(Unknown Source)
	at TempTestSuite1696560832015.run(TempTestSuite1696560832015.groovy:36)]]></system-out>
      <system-err><![CDATA[2023-10-06 09:54:00 - [TEST_SUITE][FAILED] - Product Admin: Test Cases/Product Admin/TC-PA-006 FAILED.
Reason:
Assertion failed: 

assert arrProdukNameOri == arrProdukNameSort
       |                |  |
       |                |  [weww, uji produk 03, Ultrabook Hackintosh Acer - I5 Haswell - 8 Gb - SSD, Uji Produk 0022, Terbaru Baju Koko Kids, Terbaru Baju Koko Kids, Super Segiempat Rebya - RYB6.7 Pink Clover, Sepatu kets, Segitiga Instan Madeira - MDB5.3 Sunset, Segitiga Instan Madeira - MDB5.2 Ocean]
       |                false
       [weww, Ultrabook Hackintosh Acer - I5 Haswell - 8 Gb - SSD, uji produk 03, Uji Produk 0022, Terbaru Baju Koko Kids, Terbaru Baju Koko Kids, Super Segiempat Rebya - RYB6.7 Pink Clover, Sepatu kets, Segitiga Instan Madeira - MDB5.3 Sunset, Segitiga Instan Madeira - MDB5.2 Ocean]

	at TC-PA-006.run(TC-PA-006:45)
	at com.kms.katalon.core.main.ScriptEngine.run(ScriptEngine.java:194)
	at com.kms.katalon.core.main.ScriptEngine.runScriptAsRawText(ScriptEngine.java:119)
	at com.kms.katalon.core.main.TestCaseExecutor.runScript(TestCaseExecutor.java:448)
	at com.kms.katalon.core.main.TestCaseExecutor.doExecute(TestCaseExecutor.java:439)
	at com.kms.katalon.core.main.TestCaseExecutor.processExecutionPhase(TestCaseExecutor.java:418)
	at com.kms.katalon.core.main.TestCaseExecutor.accessMainPhase(TestCaseExecutor.java:410)
	at com.kms.katalon.core.main.TestCaseExecutor.execute(TestCaseExecutor.java:285)
	at com.kms.katalon.core.common.CommonExecutor.accessTestCaseMainPhase(CommonExecutor.java:65)
	at com.kms.katalon.core.main.TestSuiteExecutor.accessTestSuiteMainPhase(TestSuiteExecutor.java:148)
	at com.kms.katalon.core.main.TestSuiteExecutor.execute(TestSuiteExecutor.java:106)
	at com.kms.katalon.core.main.TestCaseMain.startTestSuite(TestCaseMain.java:187)
	at com.kms.katalon.core.main.TestCaseMain$startTestSuite$0.call(Unknown Source)
	at TempTestSuite1696560832015.run(TempTestSuite1696560832015.groovy:36)]]></system-err>
   </testsuite>
</testsuites>
