<?xml version="1.0" encoding="UTF-8"?>
<testsuites name="Product Ecomerce" time="698.383" tests="30" failures="14" errors="0">
   <testsuite name="Product Ecomerce" tests="30" failures="14" errors="0" time="698.383" skipped="0" timestamp="2023-10-05 15:36:35" hostname="Admin - Riswandha" id="Test Suites/Product Ecomerce">
      <properties>
         <property name="deviceName" value=""/>
         <property name="devicePlatform" value=""/>
         <property name="logFolder" value="G:\\Project Xsis\\batch-324-qa\\Riswan\\Sprint 2 Product Tajalapak\\Reports\\20231005_153622\\Product Ecomerce\\20231005_153622"/>
         <property name="logFiles" value="G:\\Project Xsis\\batch-324-qa\\Riswan\\Sprint 2 Product Tajalapak\\Reports\\20231005_153622\\Product Ecomerce\\20231005_153622\\execution0.log"/>
         <property name="attachments" value="G:\\Project Xsis\\batch-324-qa\\Riswan\\Sprint 2 Product Tajalapak\\Reports\\20231005_153622\\Product Ecomerce\\20231005_153622\\1696495070969.png, G:\\Project Xsis\\batch-324-qa\\Riswan\\Sprint 2 Product Tajalapak\\Reports\\20231005_153622\\Product Ecomerce\\20231005_153622\\1696495071082.png, G:\\Project Xsis\\batch-324-qa\\Riswan\\Sprint 2 Product Tajalapak\\Reports\\20231005_153622\\Product Ecomerce\\20231005_153622\\1696495290986.png, G:\\Project Xsis\\batch-324-qa\\Riswan\\Sprint 2 Product Tajalapak\\Reports\\20231005_153622\\Product Ecomerce\\20231005_153622\\1696495291107.png, G:\\Project Xsis\\batch-324-qa\\Riswan\\Sprint 2 Product Tajalapak\\Reports\\20231005_153622\\Product Ecomerce\\20231005_153622\\1696495536596.png, G:\\Project Xsis\\batch-324-qa\\Riswan\\Sprint 2 Product Tajalapak\\Reports\\20231005_153622\\Product Ecomerce\\20231005_153622\\1696495536724.png, G:\\Project Xsis\\batch-324-qa\\Riswan\\Sprint 2 Product Tajalapak\\Reports\\20231005_153622\\Product Ecomerce\\20231005_153622\\1696495593731.png, G:\\Project Xsis\\batch-324-qa\\Riswan\\Sprint 2 Product Tajalapak\\Reports\\20231005_153622\\Product Ecomerce\\20231005_153622\\1696495593842.png, G:\\Project Xsis\\batch-324-qa\\Riswan\\Sprint 2 Product Tajalapak\\Reports\\20231005_153622\\Product Ecomerce\\20231005_153622\\1696495656642.png, G:\\Project Xsis\\batch-324-qa\\Riswan\\Sprint 2 Product Tajalapak\\Reports\\20231005_153622\\Product Ecomerce\\20231005_153622\\1696495656747.png"/>
         <property name="hostName" value="Admin - Riswandha"/>
         <property name="os" value="Windows 10 64bit"/>
         <property name="katalonVersion" value="8.6.5.208"/>
         <property name="browser" value="Edge Chromium 117"/>
         <property name="hostAddress" value="10.9.2.26"/>
         <property name="sessionId" value="8cc58fdd210f77bb97b8de76f51aad7c"/>
         <property name="seleniumVersion" value="3.141.59"/>
         <property name="proxyInformation" value="ProxyInformation { proxyOption=NO_PROXY, proxyServerType=HTTP, username=, password=********, proxyServerAddress=, proxyServerPort=0, executionList=&quot;&quot;, isApplyToDesiredCapabilities=true }"/>
         <property name="platform" value="Windows 10"/>
      </properties>
      <testcase name="Test Cases/Product Ecommerce/TC-PE-001" time="13.495" classname="Test Cases/Product Ecommerce/TC-PE-001" status="PASSED">
         <system-out><![CDATA[2023-10-05 15:36:35 - [TEST_CASE][PASSED] - Test Cases/Product Ecommerce/TC-PE-001: Test Cases/Product Ecommerce/TC-PE-001

2023-10-05 15:36:36 - [TEST_STEP][PASSED] - callTestCase(findTestCase("Login Ecommerce/TC-Login Ecomerce-001"), [:], STOP_ON_FAILURE): Call Test Case 'Test Cases/Login Ecommerce/TC-Login Ecomerce-001' successfully

2023-10-05 15:36:36 - [TEST_CASE][PASSED] - Test Cases/Login Ecommerce/TC-Login Ecomerce-001: Test Cases/Login Ecommerce/TC-Login Ecomerce-001

2023-10-05 15:36:36 - [TEST_STEP][PASSED] - openBrowser(userTajalapak): Browser is opened with url: 'https://10.9.2.63/ecommerce/'

2023-10-05 15:36:37 - [MESSAGE][INFO] - Starting 'Edge Chromium' driver

2023-10-05 15:36:37 - [MESSAGE][INFO] - User set preference: ['acceptInsecureCerts', 'true']

2023-10-05 15:36:39 - [MESSAGE][INFO] - Action delay is set to 0 milliseconds

2023-10-05 15:36:42 - [MESSAGE][PASSED] - Browser is opened with url: 'https://10.9.2.63/ecommerce/'

2023-10-05 15:36:42 - [TEST_STEP][PASSED] - maximizeWindow(): Current window maximized

2023-10-05 15:36:43 - [MESSAGE][PASSED] - Current window maximized

2023-10-05 15:36:43 - [TEST_STEP][PASSED] - verifyElementPresent(findTestObject("Login Ecommerce/Verifikasi Halaman Login Akun"), 0): Object 'Object Repository/Login Ecommerce/Verifikasi Halaman Login Akun' is present

2023-10-05 15:36:43 - [MESSAGE][WARNING] - Timeout '0' is invalid. Using default page load timeout: '30'

2023-10-05 15:36:43 - [MESSAGE][PASSED] - Object 'Object Repository/Login Ecommerce/Verifikasi Halaman Login Akun' is present

2023-10-05 15:36:43 - [TEST_STEP][PASSED] - click(findTestObject("Login Ecommerce/Login Akun")): Object: 'Object Repository/Login Ecommerce/Login Akun' is clicked on

2023-10-05 15:36:44 - [MESSAGE][PASSED] - Object: 'Object Repository/Login Ecommerce/Login Akun' is clicked on

2023-10-05 15:36:44 - [TEST_STEP][PASSED] - verifyElementPresent(findTestObject("Login Ecommerce/Verifikasi Halaman Login Akun"), 0): Object 'Object Repository/Login Ecommerce/Verifikasi Halaman Login Akun' is present

2023-10-05 15:36:44 - [MESSAGE][WARNING] - Timeout '0' is invalid. Using default page load timeout: '30'

2023-10-05 15:36:44 - [MESSAGE][PASSED] - Object 'Object Repository/Login Ecommerce/Verifikasi Halaman Login Akun' is present

2023-10-05 15:36:44 - [TEST_STEP][PASSED] - setText(findTestObject("Login Ecommerce/Input Username"), "riswandha"): Text 'riswandha' is set on object 'Object Repository/Login Ecommerce/Input Username'

2023-10-05 15:36:45 - [MESSAGE][PASSED] - Text 'riswandha' is set on object 'Object Repository/Login Ecommerce/Input Username'

2023-10-05 15:36:45 - [TEST_STEP][PASSED] - setEncryptedText(findTestObject("Login Ecommerce/Input Password"), "iGDxf8hSRT4="): Text ****** has been set on object 'Object Repository/Login Ecommerce/Input Password'

2023-10-05 15:36:46 - [MESSAGE][PASSED] - Text ****** has been set on object 'Object Repository/Login Ecommerce/Input Password'

2023-10-05 15:36:46 - [TEST_STEP][PASSED] - click(findTestObject("Login Ecommerce/Button Masuk")): Object: 'Object Repository/Login Ecommerce/Button Masuk' is clicked on

2023-10-05 15:36:47 - [MESSAGE][PASSED] - Object: 'Object Repository/Login Ecommerce/Button Masuk' is clicked on

2023-10-05 15:36:47 - [TEST_STEP][PASSED] - verifyElementPresent(findTestObject("Login Ecommerce/Verifikasi Login Akun"), 0): Object 'Object Repository/Login Ecommerce/Verifikasi Login Akun' is present

2023-10-05 15:36:47 - [MESSAGE][WARNING] - Timeout '0' is invalid. Using default page load timeout: '30'

2023-10-05 15:36:47 - [MESSAGE][PASSED] - Object 'Object Repository/Login Ecommerce/Verifikasi Login Akun' is present

2023-10-05 15:36:47 - [MESSAGE][PASSED] - Call Test Case 'Test Cases/Login Ecommerce/TC-Login Ecomerce-001' successfully

2023-10-05 15:36:47 - [TEST_STEP][PASSED] - mouseOver(findTestObject("Product Ecommerce/Button Menu toko")): Object: 'Object Repository/Product Ecommerce/Button Menu toko' is hovered

2023-10-05 15:36:48 - [MESSAGE][PASSED] - Object: 'Object Repository/Product Ecommerce/Button Menu toko' is hovered

2023-10-05 15:36:48 - [TEST_STEP][PASSED] - click(findTestObject("Product Ecommerce/Button Daftar Produk")): Object: 'Object Repository/Product Ecommerce/Button Daftar Produk' is clicked on

2023-10-05 15:36:48 - [MESSAGE][PASSED] - Object: 'Object Repository/Product Ecommerce/Button Daftar Produk' is clicked on

2023-10-05 15:36:48 - [TEST_STEP][PASSED] - verifyElementPresent(findTestObject("Product Ecommerce/Verifikasi Halaman Product Anda"), 0): Object 'Object Repository/Product Ecommerce/Verifikasi Halaman Product Anda' is present

2023-10-05 15:36:48 - [MESSAGE][WARNING] - Timeout '0' is invalid. Using default page load timeout: '30'

2023-10-05 15:36:49 - [MESSAGE][PASSED] - Object 'Object Repository/Product Ecommerce/Verifikasi Halaman Product Anda' is present]]></system-out>
         <system-err><![CDATA[]]></system-err>
      </testcase>
      <testcase name="Test Cases/Product Ecommerce/TC-PE-002" time="61.705" classname="Test Cases/Product Ecommerce/TC-PE-002" status="FAILED">
         <failure type="FAILED" message="Test Cases/Product Ecommerce/TC-PE-002 FAILED.
Reason:
com.kms.katalon.core.exception.StepFailedException: Unable to verify object 'Object Repository/Product Ecommerce/Verifikasi Halaman Product Anda' is present
	at com.kms.katalon.core.webui.keyword.internal.WebUIKeywordMain.stepFailed(WebUIKeywordMain.groovy:64)
	at com.kms.katalon.core.webui.keyword.internal.WebUIKeywordMain.runKeyword(WebUIKeywordMain.groovy:26)
	at com.kms.katalon.core.webui.keyword.builtin.VerifyElementPresentKeyword.verifyElementPresent(VerifyElementPresentKeyword.groovy:92)
	at com.kms.katalon.core.webui.keyword.builtin.VerifyElementPresentKeyword.execute(VerifyElementPresentKeyword.groovy:68)
	at com.kms.katalon.core.keyword.internal.KeywordExecutor.executeKeywordForPlatform(KeywordExecutor.groovy:74)
	at com.kms.katalon.core.webui.keyword.WebUiBuiltInKeywords.verifyElementPresent(WebUiBuiltInKeywords.groovy:1464)
	at com.kms.katalon.core.webui.keyword.WebUiBuiltInKeywords$verifyElementPresent$1.call(Unknown Source)
	at TC-PE-002.run(TC-PE-002:62)
	at com.kms.katalon.core.main.ScriptEngine.run(ScriptEngine.java:194)
	at com.kms.katalon.core.main.ScriptEngine.runScriptAsRawText(ScriptEngine.java:119)
	at com.kms.katalon.core.main.TestCaseExecutor.runScript(TestCaseExecutor.java:448)
	at com.kms.katalon.core.main.TestCaseExecutor.doExecute(TestCaseExecutor.java:439)
	at com.kms.katalon.core.main.TestCaseExecutor.processExecutionPhase(TestCaseExecutor.java:418)
	at com.kms.katalon.core.main.TestCaseExecutor.accessMainPhase(TestCaseExecutor.java:410)
	at com.kms.katalon.core.main.TestCaseExecutor.execute(TestCaseExecutor.java:285)
	at com.kms.katalon.core.common.CommonExecutor.accessTestCaseMainPhase(CommonExecutor.java:65)
	at com.kms.katalon.core.main.TestSuiteExecutor.accessTestSuiteMainPhase(TestSuiteExecutor.java:148)
	at com.kms.katalon.core.main.TestSuiteExecutor.execute(TestSuiteExecutor.java:106)
	at com.kms.katalon.core.main.TestCaseMain.startTestSuite(TestCaseMain.java:187)
	at com.kms.katalon.core.main.TestCaseMain$startTestSuite$0.call(Unknown Source)
	at TempTestSuite1696494982531.run(TempTestSuite1696494982531.groovy:36)
Caused by: com.kms.katalon.core.exception.StepFailedException: com.kms.katalon.core.webui.exception.WebElementNotFoundException: Web element with id: 'Object Repository/Product Ecommerce/Verifikasi Halaman Product Anda' located by '(.//*[normalize-space(text()) and normalize-space(.)='Home'])[1]/following::li[2]' not found
	at com.kms.katalon.core.webui.keyword.internal.WebUIKeywordMain.stepFailed(WebUIKeywordMain.groovy:64)
	at com.kms.katalon.core.webui.keyword.builtin.VerifyElementPresentKeyword$_verifyElementPresent_closure1.doCall(VerifyElementPresentKeyword.groovy:85)
	at com.kms.katalon.core.webui.keyword.builtin.VerifyElementPresentKeyword$_verifyElementPresent_closure1.call(VerifyElementPresentKeyword.groovy)
	at com.kms.katalon.core.webui.keyword.internal.WebUIKeywordMain.runKeyword(WebUIKeywordMain.groovy:20)
	... 19 more
"/>
         <system-out><![CDATA[2023-10-05 15:36:49 - [TEST_CASE][FAILED] - Test Cases/Product Ecommerce/TC-PE-002: Test Cases/Product Ecommerce/TC-PE-002 FAILED.
Reason:
com.kms.katalon.core.exception.StepFailedException: Unable to verify object 'Object Repository/Product Ecommerce/Verifikasi Halaman Product Anda' is present
	at com.kms.katalon.core.webui.keyword.internal.WebUIKeywordMain.stepFailed(WebUIKeywordMain.groovy:64)
	at com.kms.katalon.core.webui.keyword.internal.WebUIKeywordMain.runKeyword(WebUIKeywordMain.groovy:26)
	at com.kms.katalon.core.webui.keyword.builtin.VerifyElementPresentKeyword.verifyElementPresent(VerifyElementPresentKeyword.groovy:92)
	at com.kms.katalon.core.webui.keyword.builtin.VerifyElementPresentKeyword.execute(VerifyElementPresentKeyword.groovy:68)
	at com.kms.katalon.core.keyword.internal.KeywordExecutor.executeKeywordForPlatform(KeywordExecutor.groovy:74)
	at com.kms.katalon.core.webui.keyword.WebUiBuiltInKeywords.verifyElementPresent(WebUiBuiltInKeywords.groovy:1464)
	at com.kms.katalon.core.webui.keyword.WebUiBuiltInKeywords$verifyElementPresent$1.call(Unknown Source)
	at TC-PE-002.run(TC-PE-002:62)
	at com.kms.katalon.core.main.ScriptEngine.run(ScriptEngine.java:194)
	at com.kms.katalon.core.main.ScriptEngine.runScriptAsRawText(ScriptEngine.java:119)
	at com.kms.katalon.core.main.TestCaseExecutor.runScript(TestCaseExecutor.java:448)
	at com.kms.katalon.core.main.TestCaseExecutor.doExecute(TestCaseExecutor.java:439)
	at com.kms.katalon.core.main.TestCaseExecutor.processExecutionPhase(TestCaseExecutor.java:418)
	at com.kms.katalon.core.main.TestCaseExecutor.accessMainPhase(TestCaseExecutor.java:410)
	at com.kms.katalon.core.main.TestCaseExecutor.execute(TestCaseExecutor.java:285)
	at com.kms.katalon.core.common.CommonExecutor.accessTestCaseMainPhase(CommonExecutor.java:65)
	at com.kms.katalon.core.main.TestSuiteExecutor.accessTestSuiteMainPhase(TestSuiteExecutor.java:148)
	at com.kms.katalon.core.main.TestSuiteExecutor.execute(TestSuiteExecutor.java:106)
	at com.kms.katalon.core.main.TestCaseMain.startTestSuite(TestCaseMain.java:187)
	at com.kms.katalon.core.main.TestCaseMain$startTestSuite$0.call(Unknown Source)
	at TempTestSuite1696494982531.run(TempTestSuite1696494982531.groovy:36)
Caused by: com.kms.katalon.core.exception.StepFailedException: com.kms.katalon.core.webui.exception.WebElementNotFoundException: Web element with id: 'Object Repository/Product Ecommerce/Verifikasi Halaman Product Anda' located by '(.//*[normalize-space(text()) and normalize-space(.)='Home'])[1]/following::li[2]' not found
	at com.kms.katalon.core.webui.keyword.internal.WebUIKeywordMain.stepFailed(WebUIKeywordMain.groovy:64)
	at com.kms.katalon.core.webui.keyword.builtin.VerifyElementPresentKeyword$_verifyElementPresent_closure1.doCall(VerifyElementPresentKeyword.groovy:85)
	at com.kms.katalon.core.webui.keyword.builtin.VerifyElementPresentKeyword$_verifyElementPresent_closure1.call(VerifyElementPresentKeyword.groovy)
	at com.kms.katalon.core.webui.keyword.internal.WebUIKeywordMain.runKeyword(WebUIKeywordMain.groovy:20)
	... 19 more


2023-10-05 15:36:49 - [TEST_STEP][PASSED] - callTestCase(findTestCase("Product Ecommerce/TC-PE-001"), [:], STOP_ON_FAILURE): Call Test Case 'Test Cases/Product Ecommerce/TC-PE-001' successfully

2023-10-05 15:36:49 - [TEST_CASE][PASSED] - Test Cases/Product Ecommerce/TC-PE-001: Test Cases/Product Ecommerce/TC-PE-001

2023-10-05 15:36:49 - [TEST_STEP][PASSED] - callTestCase(findTestCase("Login Ecommerce/TC-Login Ecomerce-001"), [:], STOP_ON_FAILURE): Call Test Case 'Test Cases/Login Ecommerce/TC-Login Ecomerce-001' successfully

2023-10-05 15:36:49 - [TEST_CASE][PASSED] - Test Cases/Login Ecommerce/TC-Login Ecomerce-001: Test Cases/Login Ecommerce/TC-Login Ecomerce-001

2023-10-05 15:36:49 - [TEST_STEP][PASSED] - openBrowser(userTajalapak): Browser is opened with url: 'https://10.9.2.63/ecommerce/'

2023-10-05 15:36:49 - [MESSAGE][WARNING] - A browser is already opened. Closing browser and opening a new one

2023-10-05 15:36:50 - [MESSAGE][INFO] - Starting 'Edge Chromium' driver

2023-10-05 15:36:50 - [MESSAGE][INFO] - User set preference: ['acceptInsecureCerts', 'true']

2023-10-05 15:36:52 - [MESSAGE][INFO] - Action delay is set to 0 milliseconds

2023-10-05 15:36:55 - [MESSAGE][PASSED] - Browser is opened with url: 'https://10.9.2.63/ecommerce/'

2023-10-05 15:36:55 - [TEST_STEP][PASSED] - maximizeWindow(): Current window maximized

2023-10-05 15:36:55 - [MESSAGE][PASSED] - Current window maximized

2023-10-05 15:36:55 - [TEST_STEP][PASSED] - verifyElementPresent(findTestObject("Login Ecommerce/Verifikasi Halaman Login Akun"), 0): Object 'Object Repository/Login Ecommerce/Verifikasi Halaman Login Akun' is present

2023-10-05 15:36:55 - [MESSAGE][WARNING] - Timeout '0' is invalid. Using default page load timeout: '30'

2023-10-05 15:36:56 - [MESSAGE][PASSED] - Object 'Object Repository/Login Ecommerce/Verifikasi Halaman Login Akun' is present

2023-10-05 15:36:56 - [TEST_STEP][PASSED] - click(findTestObject("Login Ecommerce/Login Akun")): Object: 'Object Repository/Login Ecommerce/Login Akun' is clicked on

2023-10-05 15:36:56 - [MESSAGE][PASSED] - Object: 'Object Repository/Login Ecommerce/Login Akun' is clicked on

2023-10-05 15:36:56 - [TEST_STEP][PASSED] - verifyElementPresent(findTestObject("Login Ecommerce/Verifikasi Halaman Login Akun"), 0): Object 'Object Repository/Login Ecommerce/Verifikasi Halaman Login Akun' is present

2023-10-05 15:36:56 - [MESSAGE][WARNING] - Timeout '0' is invalid. Using default page load timeout: '30'

2023-10-05 15:36:57 - [MESSAGE][PASSED] - Object 'Object Repository/Login Ecommerce/Verifikasi Halaman Login Akun' is present

2023-10-05 15:36:57 - [TEST_STEP][PASSED] - setText(findTestObject("Login Ecommerce/Input Username"), "riswandha"): Text 'riswandha' is set on object 'Object Repository/Login Ecommerce/Input Username'

2023-10-05 15:36:57 - [MESSAGE][PASSED] - Text 'riswandha' is set on object 'Object Repository/Login Ecommerce/Input Username'

2023-10-05 15:36:57 - [TEST_STEP][PASSED] - setEncryptedText(findTestObject("Login Ecommerce/Input Password"), "iGDxf8hSRT4="): Text ****** has been set on object 'Object Repository/Login Ecommerce/Input Password'

2023-10-05 15:36:58 - [MESSAGE][PASSED] - Text ****** has been set on object 'Object Repository/Login Ecommerce/Input Password'

2023-10-05 15:36:58 - [TEST_STEP][PASSED] - click(findTestObject("Login Ecommerce/Button Masuk")): Object: 'Object Repository/Login Ecommerce/Button Masuk' is clicked on

2023-10-05 15:36:59 - [MESSAGE][PASSED] - Object: 'Object Repository/Login Ecommerce/Button Masuk' is clicked on

2023-10-05 15:36:59 - [TEST_STEP][PASSED] - verifyElementPresent(findTestObject("Login Ecommerce/Verifikasi Login Akun"), 0): Object 'Object Repository/Login Ecommerce/Verifikasi Login Akun' is present

2023-10-05 15:36:59 - [MESSAGE][WARNING] - Timeout '0' is invalid. Using default page load timeout: '30'

2023-10-05 15:36:59 - [MESSAGE][PASSED] - Object 'Object Repository/Login Ecommerce/Verifikasi Login Akun' is present

2023-10-05 15:36:59 - [MESSAGE][PASSED] - Call Test Case 'Test Cases/Login Ecommerce/TC-Login Ecomerce-001' successfully

2023-10-05 15:36:59 - [TEST_STEP][PASSED] - mouseOver(findTestObject("Product Ecommerce/Button Menu toko")): Object: 'Object Repository/Product Ecommerce/Button Menu toko' is hovered

2023-10-05 15:37:00 - [MESSAGE][PASSED] - Object: 'Object Repository/Product Ecommerce/Button Menu toko' is hovered

2023-10-05 15:37:00 - [TEST_STEP][PASSED] - click(findTestObject("Product Ecommerce/Button Daftar Produk")): Object: 'Object Repository/Product Ecommerce/Button Daftar Produk' is clicked on

2023-10-05 15:37:01 - [MESSAGE][PASSED] - Object: 'Object Repository/Product Ecommerce/Button Daftar Produk' is clicked on

2023-10-05 15:37:01 - [TEST_STEP][PASSED] - verifyElementPresent(findTestObject("Product Ecommerce/Verifikasi Halaman Product Anda"), 0): Object 'Object Repository/Product Ecommerce/Verifikasi Halaman Product Anda' is present

2023-10-05 15:37:01 - [MESSAGE][WARNING] - Timeout '0' is invalid. Using default page load timeout: '30'

2023-10-05 15:37:01 - [MESSAGE][PASSED] - Object 'Object Repository/Product Ecommerce/Verifikasi Halaman Product Anda' is present

2023-10-05 15:37:01 - [MESSAGE][PASSED] - Call Test Case 'Test Cases/Product Ecommerce/TC-PE-001' successfully

2023-10-05 15:37:01 - [TEST_STEP][PASSED] - click(findTestObject("Product Ecommerce/Tambahkan Produk")): Object: 'Object Repository/Product Ecommerce/Tambahkan Produk' is clicked on

2023-10-05 15:37:02 - [MESSAGE][PASSED] - Object: 'Object Repository/Product Ecommerce/Tambahkan Produk' is clicked on

2023-10-05 15:37:02 - [TEST_STEP][PASSED] - verifyElementPresent(findTestObject("Product Ecommerce/Tambahkan Product/Verifikasi Halaman Tambahkan Product"), 0): Object 'Object Repository/Product Ecommerce/Tambahkan Product/Verifikasi Halaman Tambahkan Product' is present

2023-10-05 15:37:02 - [MESSAGE][WARNING] - Timeout '0' is invalid. Using default page load timeout: '30'

2023-10-05 15:37:03 - [MESSAGE][PASSED] - Object 'Object Repository/Product Ecommerce/Tambahkan Product/Verifikasi Halaman Tambahkan Product' is present

2023-10-05 15:37:03 - [TEST_STEP][PASSED] - selectOptionByValue(findTestObject("Product Ecommerce/Tambahkan Product/Pilih Katagori Produk"), "6", false): All options with value '6' are selected in object 'Object Repository/Product Ecommerce/Tambahkan Product/Pilih Katagori Produk' 

2023-10-05 15:37:03 - [MESSAGE][PASSED] - All options with value '6' are selected in object 'Object Repository/Product Ecommerce/Tambahkan Product/Pilih Katagori Produk' 

2023-10-05 15:37:03 - [TEST_STEP][PASSED] - selectOptionByValue(findTestObject("Product Ecommerce/Tambahkan Product/Pilih Sub Katagori Produk"), "15", false): All options with value '15' are selected in object 'Object Repository/Product Ecommerce/Tambahkan Product/Pilih Sub Katagori Produk' 

2023-10-05 15:37:04 - [MESSAGE][PASSED] - All options with value '15' are selected in object 'Object Repository/Product Ecommerce/Tambahkan Product/Pilih Sub Katagori Produk' 

2023-10-05 15:37:04 - [TEST_STEP][PASSED] - setText(findTestObject("Product Ecommerce/Tambahkan Product/Input Nama Produk"), "Baju Koko Kids 0 - 9 tahun"): Text 'Baju Koko Kids 0 - 9 tahun' is set on object 'Object Repository/Product Ecommerce/Tambahkan Product/Input Nama Produk'

2023-10-05 15:37:05 - [MESSAGE][PASSED] - Text 'Baju Koko Kids 0 - 9 tahun' is set on object 'Object Repository/Product Ecommerce/Tambahkan Product/Input Nama Produk'

2023-10-05 15:37:05 - [TEST_STEP][PASSED] - setText(findTestObject("Product Ecommerce/Tambahkan Product/Input Satuan"), "Pcs"): Text 'Pcs' is set on object 'Object Repository/Product Ecommerce/Tambahkan Product/Input Satuan'

2023-10-05 15:37:06 - [MESSAGE][PASSED] - Text 'Pcs' is set on object 'Object Repository/Product Ecommerce/Tambahkan Product/Input Satuan'

2023-10-05 15:37:06 - [TEST_STEP][PASSED] - setText(findTestObject("Product Ecommerce/Tambahkan Product/Input Berat"), "100"): Text '100' is set on object 'Object Repository/Product Ecommerce/Tambahkan Product/Input Berat'

2023-10-05 15:37:06 - [MESSAGE][PASSED] - Text '100' is set on object 'Object Repository/Product Ecommerce/Tambahkan Product/Input Berat'

2023-10-05 15:37:06 - [TEST_STEP][PASSED] - setText(findTestObject("Product Ecommerce/Tambahkan Product/Input Harga Modal"), "10000"): Text '10000' is set on object 'Object Repository/Product Ecommerce/Tambahkan Product/Input Harga Modal'

2023-10-05 15:37:07 - [MESSAGE][PASSED] - Text '10000' is set on object 'Object Repository/Product Ecommerce/Tambahkan Product/Input Harga Modal'

2023-10-05 15:37:07 - [TEST_STEP][PASSED] - setText(findTestObject("Product Ecommerce/Tambahkan Product/Input Harga Jual"), "12000"): Text '12000' is set on object 'Object Repository/Product Ecommerce/Tambahkan Product/Input Harga Jual'

2023-10-05 15:37:08 - [MESSAGE][PASSED] - Text '12000' is set on object 'Object Repository/Product Ecommerce/Tambahkan Product/Input Harga Jual'

2023-10-05 15:37:08 - [TEST_STEP][PASSED] - setText(findTestObject("Product Ecommerce/Tambahkan Product/Input Diskon"), "1000"): Text '1000' is set on object 'Object Repository/Product Ecommerce/Tambahkan Product/Input Diskon'

2023-10-05 15:37:09 - [MESSAGE][PASSED] - Text '1000' is set on object 'Object Repository/Product Ecommerce/Tambahkan Product/Input Diskon'

2023-10-05 15:37:09 - [TEST_STEP][PASSED] - setText(findTestObject("Product Ecommerce/Tambahkan Product/Input Stok Awal"), "20"): Text '20' is set on object 'Object Repository/Product Ecommerce/Tambahkan Product/Input Stok Awal'

2023-10-05 15:37:09 - [MESSAGE][PASSED] - Text '20' is set on object 'Object Repository/Product Ecommerce/Tambahkan Product/Input Stok Awal'

2023-10-05 15:37:09 - [TEST_STEP][PASSED] - setText(findTestObject("Product Ecommerce/Tambahkan Product/Input Minimum Order"), "1"): Text '1' is set on object 'Object Repository/Product Ecommerce/Tambahkan Product/Input Minimum Order'

2023-10-05 15:37:10 - [MESSAGE][PASSED] - Text '1' is set on object 'Object Repository/Product Ecommerce/Tambahkan Product/Input Minimum Order'

2023-10-05 15:37:10 - [TEST_STEP][PASSED] - setText(findTestObject("Product Ecommerce/Tambahkan Product/Input Cuplikan"), "Stylish dan Nyaman! Baju Koko Kids kami cocok untuk usia 0 - 9 tahun. Terbuat dari bahan berkualitas tinggi yang lembut di kulit anak-anak, baju ini sempurna untuk berbagai acara, termasuk lebaran."): Text 'Stylish dan Nyaman! Baju Koko Kids kami cocok untuk usia 0 - 9 tahun. Terbuat dari bahan berkualitas tinggi yang lembut di kulit anak-anak, baju ini sempurna untuk berbagai acara, termasuk lebaran.' is set on object 'Object Repository/Product Ecommerce/Tambahkan Product/Input Cuplikan'

2023-10-05 15:37:11 - [MESSAGE][PASSED] - Text 'Stylish dan Nyaman! Baju Koko Kids kami cocok untuk usia 0 - 9 tahun. Terbuat dari bahan berkualitas tinggi yang lembut di kulit anak-anak, baju ini sempurna untuk berbagai acara, termasuk lebaran.' is set on object 'Object Repository/Product Ecommerce/Tambahkan Product/Input Cuplikan'

2023-10-05 15:37:11 - [TEST_STEP][PASSED] - check(findTestObject("Product Ecommerce/Tambahkan Product/Input Merek Pria")): Object 'Object Repository/Product Ecommerce/Tambahkan Product/Input Merek Pria' is checked

2023-10-05 15:37:11 - [MESSAGE][PASSED] - Object 'Object Repository/Product Ecommerce/Tambahkan Product/Input Merek Pria' is checked

2023-10-05 15:37:11 - [TEST_STEP][PASSED] - setText(findTestObject("Product Ecommerce/Tambahkan Product/Input Keterangan"), "Desain Modern: Tampil modis dengan desain terkini yang cocok untuk anak-anak. Kenyamanan Sepanjang Hari: Bahan lembut dan nyaman sehingga anak-anak tetap bahagia sepanjang hari. Beragam Warna: Pilihan warna yang cerah dan menarik. Ukuran Sesuai: Tersedia dalam berbagai ukuran, mulai dari 0 hingga 9 tahun. Dapatkan tampilan yang trendi untuk si kecil dengan Baju Koko Kids kami. Pesan sekarang dan buat momen lebaran mereka lebih istimewa!"): Text 'Desain Modern: Tampil modis dengan desain terkini yang cocok untuk anak-anak. Kenyamanan Sepanjang Hari: Bahan lembut dan nyaman sehingga anak-anak tetap bahagia sepanjang hari. Beragam Warna: Pilihan warna yang cerah dan menarik. Ukuran Sesuai: Tersedia dalam berbagai ukuran, mulai dari 0 hingga 9 tahun. Dapatkan tampilan yang trendi untuk si kecil dengan Baju Koko Kids kami. Pesan sekarang dan buat momen lebaran mereka lebih istimewa!' is set on object 'Object Repository/Product Ecommerce/Tambahkan Product/Input Keterangan'

2023-10-05 15:37:14 - [MESSAGE][PASSED] - Text 'Desain Modern: Tampil modis dengan desain terkini yang cocok untuk anak-anak. Kenyamanan Sepanjang Hari: Bahan lembut dan nyaman sehingga anak-anak tetap bahagia sepanjang hari. Beragam Warna: Pilihan warna yang cerah dan menarik. Ukuran Sesuai: Tersedia dalam berbagai ukuran, mulai dari 0 hingga 9 tahun. Dapatkan tampilan yang trendi untuk si kecil dengan Baju Koko Kids kami. Pesan sekarang dan buat momen lebaran mereka lebih istimewa!' is set on object 'Object Repository/Product Ecommerce/Tambahkan Product/Input Keterangan'

2023-10-05 15:37:14 - [TEST_STEP][PASSED] - setText(findTestObject("Product Ecommerce/Tambahkan Product/Input Variasi 1 Nama Variasi"), "Warna"): Text 'Warna' is set on object 'Object Repository/Product Ecommerce/Tambahkan Product/Input Variasi 1 Nama Variasi'

2023-10-05 15:37:14 - [MESSAGE][PASSED] - Text 'Warna' is set on object 'Object Repository/Product Ecommerce/Tambahkan Product/Input Variasi 1 Nama Variasi'

2023-10-05 15:37:14 - [TEST_STEP][PASSED] - setText(findTestObject("Product Ecommerce/Tambahkan Product/Input Variasi 1 Kolom 1"), "Merah"): Text 'Merah' is set on object 'Object Repository/Product Ecommerce/Tambahkan Product/Input Variasi 1 Kolom 1'

2023-10-05 15:37:15 - [MESSAGE][PASSED] - Text 'Merah' is set on object 'Object Repository/Product Ecommerce/Tambahkan Product/Input Variasi 1 Kolom 1'

2023-10-05 15:37:15 - [TEST_STEP][PASSED] - setText(findTestObject("Product Ecommerce/Tambahkan Product/Input Variasi 1 Kolom 2"), "Biru"): Text 'Biru' is set on object 'Object Repository/Product Ecommerce/Tambahkan Product/Input Variasi 1 Kolom 2'

2023-10-05 15:37:16 - [MESSAGE][PASSED] - Text 'Biru' is set on object 'Object Repository/Product Ecommerce/Tambahkan Product/Input Variasi 1 Kolom 2'

2023-10-05 15:37:16 - [TEST_STEP][PASSED] - uploadFile(findTestObject("Product Ecommerce/Tambahkan Product/Input File"), "E:\Pelatihan\Xsis Academy\Baju koko kids.jpg"): File 'E:\Pelatihan\Xsis Academy\Baju koko kids.jpg' sent to object: 'Object Repository/Product Ecommerce/Tambahkan Product/Input File'

2023-10-05 15:37:16 - [MESSAGE][PASSED] - File 'E:\Pelatihan\Xsis Academy\Baju koko kids.jpg' sent to object: 'Object Repository/Product Ecommerce/Tambahkan Product/Input File'

2023-10-05 15:37:16 - [TEST_STEP][PASSED] - click(findTestObject("Product Ecommerce/Tambahkan Product/Button Tambahkan")): Object: 'Object Repository/Product Ecommerce/Tambahkan Product/Button Tambahkan' is clicked on

2023-10-05 15:37:19 - [MESSAGE][PASSED] - Object: 'Object Repository/Product Ecommerce/Tambahkan Product/Button Tambahkan' is clicked on

2023-10-05 15:37:19 - [TEST_STEP][FAILED] - verifyElementPresent(findTestObject("Product Ecommerce/Verifikasi Halaman Product Anda"), 0): Unable to verify object 'Object Repository/Product Ecommerce/Verifikasi Halaman Product Anda' is present (Root cause: com.kms.katalon.core.exception.StepFailedException: Unable to verify object 'Object Repository/Product Ecommerce/Verifikasi Halaman Product Anda' is present
	at com.kms.katalon.core.webui.keyword.internal.WebUIKeywordMain.stepFailed(WebUIKeywordMain.groovy:64)
	at com.kms.katalon.core.webui.keyword.internal.WebUIKeywordMain.runKeyword(WebUIKeywordMain.groovy:26)
	at com.kms.katalon.core.webui.keyword.builtin.VerifyElementPresentKeyword.verifyElementPresent(VerifyElementPresentKeyword.groovy:92)
	at com.kms.katalon.core.webui.keyword.builtin.VerifyElementPresentKeyword.execute(VerifyElementPresentKeyword.groovy:68)
	at com.kms.katalon.core.keyword.internal.KeywordExecutor.executeKeywordForPlatform(KeywordExecutor.groovy:74)
	at com.kms.katalon.core.webui.keyword.WebUiBuiltInKeywords.verifyElementPresent(WebUiBuiltInKeywords.groovy:1464)
	at com.kms.katalon.core.webui.keyword.WebUiBuiltInKeywords$verifyElementPresent$1.call(Unknown Source)
	at TC-PE-002.run(TC-PE-002:62)
	at com.kms.katalon.core.main.ScriptEngine.run(ScriptEngine.java:194)
	at com.kms.katalon.core.main.ScriptEngine.runScriptAsRawText(ScriptEngine.java:119)
	at com.kms.katalon.core.main.TestCaseExecutor.runScript(TestCaseExecutor.java:448)
	at com.kms.katalon.core.main.TestCaseExecutor.doExecute(TestCaseExecutor.java:439)
	at com.kms.katalon.core.main.TestCaseExecutor.processExecutionPhase(TestCaseExecutor.java:418)
	at com.kms.katalon.core.main.TestCaseExecutor.accessMainPhase(TestCaseExecutor.java:410)
	at com.kms.katalon.core.main.TestCaseExecutor.execute(TestCaseExecutor.java:285)
	at com.kms.katalon.core.common.CommonExecutor.accessTestCaseMainPhase(CommonExecutor.java:65)
	at com.kms.katalon.core.main.TestSuiteExecutor.accessTestSuiteMainPhase(TestSuiteExecutor.java:148)
	at com.kms.katalon.core.main.TestSuiteExecutor.execute(TestSuiteExecutor.java:106)
	at com.kms.katalon.core.main.TestCaseMain.startTestSuite(TestCaseMain.java:187)
	at com.kms.katalon.core.main.TestCaseMain$startTestSuite$0.call(Unknown Source)
	at TempTestSuite1696494982531.run(TempTestSuite1696494982531.groovy:36)
Caused by: com.kms.katalon.core.exception.StepFailedException: com.kms.katalon.core.webui.exception.WebElementNotFoundException: Web element with id: 'Object Repository/Product Ecommerce/Verifikasi Halaman Product Anda' located by '(.//*[normalize-space(text()) and normalize-space(.)='Home'])[1]/following::li[2]' not found
	at com.kms.katalon.core.webui.keyword.internal.WebUIKeywordMain.stepFailed(WebUIKeywordMain.groovy:64)
	at com.kms.katalon.core.webui.keyword.builtin.VerifyElementPresentKeyword$_verifyElementPresent_closure1.doCall(VerifyElementPresentKeyword.groovy:85)
	at com.kms.katalon.core.webui.keyword.builtin.VerifyElementPresentKeyword$_verifyElementPresent_closure1.call(VerifyElementPresentKeyword.groovy)
	at com.kms.katalon.core.webui.keyword.internal.WebUIKeywordMain.runKeyword(WebUIKeywordMain.groovy:20)
	... 19 more
)

2023-10-05 15:37:19 - [MESSAGE][WARNING] - Timeout '0' is invalid. Using default page load timeout: '30'

2023-10-05 15:37:50 - [MESSAGE][INFO] - Unable to find the element located by 'By.xpath: (.//*[normalize-space(text()) and normalize-space(.)='Home'])[1]/following::li[2]'. Please recheck the objects properties to make sure the desired element is located. 

2023-10-05 15:37:51 - [MESSAGE][FAILED] - com.kms.katalon.core.webui.exception.WebElementNotFoundException: Web element with id: 'Object Repository/Product Ecommerce/Verifikasi Halaman Product Anda' located by '(.//*[normalize-space(text()) and normalize-space(.)='Home'])[1]/following::li[2]' not found (Root cause: com.kms.katalon.core.exception.StepFailedException: com.kms.katalon.core.webui.exception.WebElementNotFoundException: Web element with id: 'Object Repository/Product Ecommerce/Verifikasi Halaman Product Anda' located by '(.//*[normalize-space(text()) and normalize-space(.)='Home'])[1]/following::li[2]' not found
	at com.kms.katalon.core.webui.keyword.internal.WebUIKeywordMain.stepFailed(WebUIKeywordMain.groovy:64)
	at com.kms.katalon.core.webui.keyword.builtin.VerifyElementPresentKeyword$_verifyElementPresent_closure1.doCall(VerifyElementPresentKeyword.groovy:85)
	at com.kms.katalon.core.webui.keyword.builtin.VerifyElementPresentKeyword$_verifyElementPresent_closure1.call(VerifyElementPresentKeyword.groovy)
	at com.kms.katalon.core.webui.keyword.internal.WebUIKeywordMain.runKeyword(WebUIKeywordMain.groovy:20)
	at com.kms.katalon.core.webui.keyword.builtin.VerifyElementPresentKeyword.verifyElementPresent(VerifyElementPresentKeyword.groovy:92)
	at com.kms.katalon.core.webui.keyword.builtin.VerifyElementPresentKeyword.execute(VerifyElementPresentKeyword.groovy:68)
	at com.kms.katalon.core.keyword.internal.KeywordExecutor.executeKeywordForPlatform(KeywordExecutor.groovy:74)
	at com.kms.katalon.core.webui.keyword.WebUiBuiltInKeywords.verifyElementPresent(WebUiBuiltInKeywords.groovy:1464)
	at com.kms.katalon.core.webui.keyword.WebUiBuiltInKeywords$verifyElementPresent$1.call(Unknown Source)
	at TC-PE-002.run(TC-PE-002:62)
	at com.kms.katalon.core.main.ScriptEngine.run(ScriptEngine.java:194)
	at com.kms.katalon.core.main.ScriptEngine.runScriptAsRawText(ScriptEngine.java:119)
	at com.kms.katalon.core.main.TestCaseExecutor.runScript(TestCaseExecutor.java:448)
	at com.kms.katalon.core.main.TestCaseExecutor.doExecute(TestCaseExecutor.java:439)
	at com.kms.katalon.core.main.TestCaseExecutor.processExecutionPhase(TestCaseExecutor.java:418)
	at com.kms.katalon.core.main.TestCaseExecutor.accessMainPhase(TestCaseExecutor.java:410)
	at com.kms.katalon.core.main.TestCaseExecutor.execute(TestCaseExecutor.java:285)
	at com.kms.katalon.core.common.CommonExecutor.accessTestCaseMainPhase(CommonExecutor.java:65)
	at com.kms.katalon.core.main.TestSuiteExecutor.accessTestSuiteMainPhase(TestSuiteExecutor.java:148)
	at com.kms.katalon.core.main.TestSuiteExecutor.execute(TestSuiteExecutor.java:106)
	at com.kms.katalon.core.main.TestCaseMain.startTestSuite(TestCaseMain.java:187)
	at com.kms.katalon.core.main.TestCaseMain$startTestSuite$0.call(Unknown Source)
	at TempTestSuite1696494982531.run(TempTestSuite1696494982531.groovy:36)
)
[[ATTACHMENT|G:\\Project Xsis\\batch-324-qa\\Riswan\\Sprint 2 Product Tajalapak\\Reports\\20231005_153622\\Product Ecomerce\\20231005_153622\\1696495070969.png]]

2023-10-05 15:37:51 - [MESSAGE][FAILED] - Unable to verify object 'Object Repository/Product Ecommerce/Verifikasi Halaman Product Anda' is present (Root cause: com.kms.katalon.core.exception.StepFailedException: Unable to verify object 'Object Repository/Product Ecommerce/Verifikasi Halaman Product Anda' is present
	at com.kms.katalon.core.webui.keyword.internal.WebUIKeywordMain.stepFailed(WebUIKeywordMain.groovy:64)
	at com.kms.katalon.core.webui.keyword.internal.WebUIKeywordMain.runKeyword(WebUIKeywordMain.groovy:26)
	at com.kms.katalon.core.webui.keyword.builtin.VerifyElementPresentKeyword.verifyElementPresent(VerifyElementPresentKeyword.groovy:92)
	at com.kms.katalon.core.webui.keyword.builtin.VerifyElementPresentKeyword.execute(VerifyElementPresentKeyword.groovy:68)
	at com.kms.katalon.core.keyword.internal.KeywordExecutor.executeKeywordForPlatform(KeywordExecutor.groovy:74)
	at com.kms.katalon.core.webui.keyword.WebUiBuiltInKeywords.verifyElementPresent(WebUiBuiltInKeywords.groovy:1464)
	at com.kms.katalon.core.webui.keyword.WebUiBuiltInKeywords$verifyElementPresent$1.call(Unknown Source)
	at TC-PE-002.run(TC-PE-002:62)
	at com.kms.katalon.core.main.ScriptEngine.run(ScriptEngine.java:194)
	at com.kms.katalon.core.main.ScriptEngine.runScriptAsRawText(ScriptEngine.java:119)
	at com.kms.katalon.core.main.TestCaseExecutor.runScript(TestCaseExecutor.java:448)
	at com.kms.katalon.core.main.TestCaseExecutor.doExecute(TestCaseExecutor.java:439)
	at com.kms.katalon.core.main.TestCaseExecutor.processExecutionPhase(TestCaseExecutor.java:418)
	at com.kms.katalon.core.main.TestCaseExecutor.accessMainPhase(TestCaseExecutor.java:410)
	at com.kms.katalon.core.main.TestCaseExecutor.execute(TestCaseExecutor.java:285)
	at com.kms.katalon.core.common.CommonExecutor.accessTestCaseMainPhase(CommonExecutor.java:65)
	at com.kms.katalon.core.main.TestSuiteExecutor.accessTestSuiteMainPhase(TestSuiteExecutor.java:148)
	at com.kms.katalon.core.main.TestSuiteExecutor.execute(TestSuiteExecutor.java:106)
	at com.kms.katalon.core.main.TestCaseMain.startTestSuite(TestCaseMain.java:187)
	at com.kms.katalon.core.main.TestCaseMain$startTestSuite$0.call(Unknown Source)
	at TempTestSuite1696494982531.run(TempTestSuite1696494982531.groovy:36)
Caused by: com.kms.katalon.core.exception.StepFailedException: com.kms.katalon.core.webui.exception.WebElementNotFoundException: Web element with id: 'Object Repository/Product Ecommerce/Verifikasi Halaman Product Anda' located by '(.//*[normalize-space(text()) and normalize-space(.)='Home'])[1]/following::li[2]' not found
	at com.kms.katalon.core.webui.keyword.internal.WebUIKeywordMain.stepFailed(WebUIKeywordMain.groovy:64)
	at com.kms.katalon.core.webui.keyword.builtin.VerifyElementPresentKeyword$_verifyElementPresent_closure1.doCall(VerifyElementPresentKeyword.groovy:85)
	at com.kms.katalon.core.webui.keyword.builtin.VerifyElementPresentKeyword$_verifyElementPresent_closure1.call(VerifyElementPresentKeyword.groovy)
	at com.kms.katalon.core.webui.keyword.internal.WebUIKeywordMain.runKeyword(WebUIKeywordMain.groovy:20)
	... 19 more
)
[[ATTACHMENT|G:\\Project Xsis\\batch-324-qa\\Riswan\\Sprint 2 Product Tajalapak\\Reports\\20231005_153622\\Product Ecomerce\\20231005_153622\\1696495071082.png]]]]></system-out>
         <system-err><![CDATA[2023-10-05 15:36:49 - [TEST_CASE][FAILED] - Test Cases/Product Ecommerce/TC-PE-002: Test Cases/Product Ecommerce/TC-PE-002 FAILED.
Reason:
com.kms.katalon.core.exception.StepFailedException: Unable to verify object 'Object Repository/Product Ecommerce/Verifikasi Halaman Product Anda' is present
	at com.kms.katalon.core.webui.keyword.internal.WebUIKeywordMain.stepFailed(WebUIKeywordMain.groovy:64)
	at com.kms.katalon.core.webui.keyword.internal.WebUIKeywordMain.runKeyword(WebUIKeywordMain.groovy:26)
	at com.kms.katalon.core.webui.keyword.builtin.VerifyElementPresentKeyword.verifyElementPresent(VerifyElementPresentKeyword.groovy:92)
	at com.kms.katalon.core.webui.keyword.builtin.VerifyElementPresentKeyword.execute(VerifyElementPresentKeyword.groovy:68)
	at com.kms.katalon.core.keyword.internal.KeywordExecutor.executeKeywordForPlatform(KeywordExecutor.groovy:74)
	at com.kms.katalon.core.webui.keyword.WebUiBuiltInKeywords.verifyElementPresent(WebUiBuiltInKeywords.groovy:1464)
	at com.kms.katalon.core.webui.keyword.WebUiBuiltInKeywords$verifyElementPresent$1.call(Unknown Source)
	at TC-PE-002.run(TC-PE-002:62)
	at com.kms.katalon.core.main.ScriptEngine.run(ScriptEngine.java:194)
	at com.kms.katalon.core.main.ScriptEngine.runScriptAsRawText(ScriptEngine.java:119)
	at com.kms.katalon.core.main.TestCaseExecutor.runScript(TestCaseExecutor.java:448)
	at com.kms.katalon.core.main.TestCaseExecutor.doExecute(TestCaseExecutor.java:439)
	at com.kms.katalon.core.main.TestCaseExecutor.processExecutionPhase(TestCaseExecutor.java:418)
	at com.kms.katalon.core.main.TestCaseExecutor.accessMainPhase(TestCaseExecutor.java:410)
	at com.kms.katalon.core.main.TestCaseExecutor.execute(TestCaseExecutor.java:285)
	at com.kms.katalon.core.common.CommonExecutor.accessTestCaseMainPhase(CommonExecutor.java:65)
	at com.kms.katalon.core.main.TestSuiteExecutor.accessTestSuiteMainPhase(TestSuiteExecutor.java:148)
	at com.kms.katalon.core.main.TestSuiteExecutor.execute(TestSuiteExecutor.java:106)
	at com.kms.katalon.core.main.TestCaseMain.startTestSuite(TestCaseMain.java:187)
	at com.kms.katalon.core.main.TestCaseMain$startTestSuite$0.call(Unknown Source)
	at TempTestSuite1696494982531.run(TempTestSuite1696494982531.groovy:36)
Caused by: com.kms.katalon.core.exception.StepFailedException: com.kms.katalon.core.webui.exception.WebElementNotFoundException: Web element with id: 'Object Repository/Product Ecommerce/Verifikasi Halaman Product Anda' located by '(.//*[normalize-space(text()) and normalize-space(.)='Home'])[1]/following::li[2]' not found
	at com.kms.katalon.core.webui.keyword.internal.WebUIKeywordMain.stepFailed(WebUIKeywordMain.groovy:64)
	at com.kms.katalon.core.webui.keyword.builtin.VerifyElementPresentKeyword$_verifyElementPresent_closure1.doCall(VerifyElementPresentKeyword.groovy:85)
	at com.kms.katalon.core.webui.keyword.builtin.VerifyElementPresentKeyword$_verifyElementPresent_closure1.call(VerifyElementPresentKeyword.groovy)
	at com.kms.katalon.core.webui.keyword.internal.WebUIKeywordMain.runKeyword(WebUIKeywordMain.groovy:20)
	... 19 more]]></system-err>
      </testcase>
      <testcase name="Test Cases/Product Ecommerce/TC-PE-003" time="16.307" classname="Test Cases/Product Ecommerce/TC-PE-003" status="PASSED">
         <system-out><![CDATA[2023-10-05 15:37:51 - [TEST_CASE][PASSED] - Test Cases/Product Ecommerce/TC-PE-003: Test Cases/Product Ecommerce/TC-PE-003

2023-10-05 15:37:51 - [TEST_STEP][PASSED] - callTestCase(findTestCase("Product Ecommerce/TC-PE-001"), [:], STOP_ON_FAILURE): Call Test Case 'Test Cases/Product Ecommerce/TC-PE-001' successfully

2023-10-05 15:37:51 - [TEST_CASE][PASSED] - Test Cases/Product Ecommerce/TC-PE-001: Test Cases/Product Ecommerce/TC-PE-001

2023-10-05 15:37:51 - [TEST_STEP][PASSED] - callTestCase(findTestCase("Login Ecommerce/TC-Login Ecomerce-001"), [:], STOP_ON_FAILURE): Call Test Case 'Test Cases/Login Ecommerce/TC-Login Ecomerce-001' successfully

2023-10-05 15:37:51 - [TEST_CASE][PASSED] - Test Cases/Login Ecommerce/TC-Login Ecomerce-001: Test Cases/Login Ecommerce/TC-Login Ecomerce-001

2023-10-05 15:37:51 - [TEST_STEP][PASSED] - openBrowser(userTajalapak): Browser is opened with url: 'https://10.9.2.63/ecommerce/'

2023-10-05 15:37:51 - [MESSAGE][WARNING] - A browser is already opened. Closing browser and opening a new one

2023-10-05 15:37:52 - [MESSAGE][INFO] - Starting 'Edge Chromium' driver

2023-10-05 15:37:52 - [MESSAGE][INFO] - User set preference: ['acceptInsecureCerts', 'true']

2023-10-05 15:37:54 - [MESSAGE][INFO] - Action delay is set to 0 milliseconds

2023-10-05 15:37:56 - [MESSAGE][PASSED] - Browser is opened with url: 'https://10.9.2.63/ecommerce/'

2023-10-05 15:37:56 - [TEST_STEP][PASSED] - maximizeWindow(): Current window maximized

2023-10-05 15:37:56 - [MESSAGE][PASSED] - Current window maximized

2023-10-05 15:37:56 - [TEST_STEP][PASSED] - verifyElementPresent(findTestObject("Login Ecommerce/Verifikasi Halaman Login Akun"), 0): Object 'Object Repository/Login Ecommerce/Verifikasi Halaman Login Akun' is present

2023-10-05 15:37:56 - [MESSAGE][WARNING] - Timeout '0' is invalid. Using default page load timeout: '30'

2023-10-05 15:37:57 - [MESSAGE][PASSED] - Object 'Object Repository/Login Ecommerce/Verifikasi Halaman Login Akun' is present

2023-10-05 15:37:57 - [TEST_STEP][PASSED] - click(findTestObject("Login Ecommerce/Login Akun")): Object: 'Object Repository/Login Ecommerce/Login Akun' is clicked on

2023-10-05 15:37:57 - [MESSAGE][PASSED] - Object: 'Object Repository/Login Ecommerce/Login Akun' is clicked on

2023-10-05 15:37:57 - [TEST_STEP][PASSED] - verifyElementPresent(findTestObject("Login Ecommerce/Verifikasi Halaman Login Akun"), 0): Object 'Object Repository/Login Ecommerce/Verifikasi Halaman Login Akun' is present

2023-10-05 15:37:57 - [MESSAGE][WARNING] - Timeout '0' is invalid. Using default page load timeout: '30'

2023-10-05 15:37:58 - [MESSAGE][PASSED] - Object 'Object Repository/Login Ecommerce/Verifikasi Halaman Login Akun' is present

2023-10-05 15:37:58 - [TEST_STEP][PASSED] - setText(findTestObject("Login Ecommerce/Input Username"), "riswandha"): Text 'riswandha' is set on object 'Object Repository/Login Ecommerce/Input Username'

2023-10-05 15:37:59 - [MESSAGE][PASSED] - Text 'riswandha' is set on object 'Object Repository/Login Ecommerce/Input Username'

2023-10-05 15:37:59 - [TEST_STEP][PASSED] - setEncryptedText(findTestObject("Login Ecommerce/Input Password"), "iGDxf8hSRT4="): Text ****** has been set on object 'Object Repository/Login Ecommerce/Input Password'

2023-10-05 15:37:59 - [MESSAGE][PASSED] - Text ****** has been set on object 'Object Repository/Login Ecommerce/Input Password'

2023-10-05 15:37:59 - [TEST_STEP][PASSED] - click(findTestObject("Login Ecommerce/Button Masuk")): Object: 'Object Repository/Login Ecommerce/Button Masuk' is clicked on

2023-10-05 15:38:00 - [MESSAGE][PASSED] - Object: 'Object Repository/Login Ecommerce/Button Masuk' is clicked on

2023-10-05 15:38:00 - [TEST_STEP][PASSED] - verifyElementPresent(findTestObject("Login Ecommerce/Verifikasi Login Akun"), 0): Object 'Object Repository/Login Ecommerce/Verifikasi Login Akun' is present

2023-10-05 15:38:00 - [MESSAGE][WARNING] - Timeout '0' is invalid. Using default page load timeout: '30'

2023-10-05 15:38:01 - [MESSAGE][PASSED] - Object 'Object Repository/Login Ecommerce/Verifikasi Login Akun' is present

2023-10-05 15:38:01 - [MESSAGE][PASSED] - Call Test Case 'Test Cases/Login Ecommerce/TC-Login Ecomerce-001' successfully

2023-10-05 15:38:01 - [TEST_STEP][PASSED] - mouseOver(findTestObject("Product Ecommerce/Button Menu toko")): Object: 'Object Repository/Product Ecommerce/Button Menu toko' is hovered

2023-10-05 15:38:01 - [MESSAGE][PASSED] - Object: 'Object Repository/Product Ecommerce/Button Menu toko' is hovered

2023-10-05 15:38:01 - [TEST_STEP][PASSED] - click(findTestObject("Product Ecommerce/Button Daftar Produk")): Object: 'Object Repository/Product Ecommerce/Button Daftar Produk' is clicked on

2023-10-05 15:38:02 - [MESSAGE][PASSED] - Object: 'Object Repository/Product Ecommerce/Button Daftar Produk' is clicked on

2023-10-05 15:38:02 - [TEST_STEP][PASSED] - verifyElementPresent(findTestObject("Product Ecommerce/Verifikasi Halaman Product Anda"), 0): Object 'Object Repository/Product Ecommerce/Verifikasi Halaman Product Anda' is present

2023-10-05 15:38:02 - [MESSAGE][WARNING] - Timeout '0' is invalid. Using default page load timeout: '30'

2023-10-05 15:38:03 - [MESSAGE][PASSED] - Object 'Object Repository/Product Ecommerce/Verifikasi Halaman Product Anda' is present

2023-10-05 15:38:03 - [MESSAGE][PASSED] - Call Test Case 'Test Cases/Product Ecommerce/TC-PE-001' successfully

2023-10-05 15:38:03 - [TEST_STEP][PASSED] - mouseOver(findTestObject("Product Ecommerce/Image Gambar produk 1")): Object: 'Object Repository/Product Ecommerce/Image Gambar produk 1' is hovered

2023-10-05 15:38:03 - [MESSAGE][PASSED] - Object: 'Object Repository/Product Ecommerce/Image Gambar produk 1' is hovered

2023-10-05 15:38:03 - [TEST_STEP][PASSED] - verifyElementPresent(findTestObject("Product Ecommerce/Tambahkan Produk"), 0): Object 'Object Repository/Product Ecommerce/Tambahkan Produk' is present

2023-10-05 15:38:03 - [MESSAGE][WARNING] - Timeout '0' is invalid. Using default page load timeout: '30'

2023-10-05 15:38:03 - [MESSAGE][PASSED] - Object 'Object Repository/Product Ecommerce/Tambahkan Produk' is present

2023-10-05 15:38:03 - [TEST_STEP][PASSED] - click(findTestObject("Product Ecommerce/Tambahkan Product/Edit Data")): Object: 'Object Repository/Product Ecommerce/Tambahkan Product/Edit Data' is clicked on

2023-10-05 15:38:04 - [MESSAGE][PASSED] - Object: 'Object Repository/Product Ecommerce/Tambahkan Product/Edit Data' is clicked on

2023-10-05 15:38:04 - [TEST_STEP][PASSED] - setText(findTestObject("Product Ecommerce/Tambahkan Product/Input Harga Jual"), hargaBaru): Text '13000' is set on object 'Object Repository/Product Ecommerce/Tambahkan Product/Input Harga Jual'

2023-10-05 15:38:05 - [MESSAGE][PASSED] - Text '13000' is set on object 'Object Repository/Product Ecommerce/Tambahkan Product/Input Harga Jual'

2023-10-05 15:38:05 - [TEST_STEP][PASSED] - click(findTestObject("Product Ecommerce/Tambahkan Product/Button Update Data")): Object: 'Object Repository/Product Ecommerce/Tambahkan Product/Button Update Data' is clicked on

2023-10-05 15:38:06 - [MESSAGE][PASSED] - Object: 'Object Repository/Product Ecommerce/Tambahkan Product/Button Update Data' is clicked on

2023-10-05 15:38:06 - [TEST_STEP][PASSED] - verifyElementPresent(findTestObject("Product Ecommerce/Verifikasi Halaman Product Anda"), 0): Object 'Object Repository/Product Ecommerce/Verifikasi Halaman Product Anda' is present

2023-10-05 15:38:06 - [MESSAGE][WARNING] - Timeout '0' is invalid. Using default page load timeout: '30'

2023-10-05 15:38:07 - [MESSAGE][PASSED] - Object 'Object Repository/Product Ecommerce/Verifikasi Halaman Product Anda' is present

2023-10-05 15:38:07 - [TEST_STEP][PASSED] - hargaProduct = getText(findTestObject("Object Repository/Product Ecommerce/Verifikasi product/Harga Product Ke 1")): Text of object 'Object Repository/Product Ecommerce/Verifikasi product/Harga Product Ke 1' is: 'Rp 13,000'

2023-10-05 15:38:07 - [MESSAGE][PASSED] - Text of object 'Object Repository/Product Ecommerce/Verifikasi product/Harga Product Ke 1' is: 'Rp 13,000'

2023-10-05 15:38:07 - [TEST_STEP][PASSED] - harga = hargaProduct.split(" "): null

2023-10-05 15:38:07 - [TEST_STEP][PASSED] - assert harga[1].replace(",", "") == hargaBaru: null]]></system-out>
         <system-err><![CDATA[]]></system-err>
      </testcase>
      <testcase name="Test Cases/Product Ecommerce/TC-PE-004" time="43.212" classname="Test Cases/Product Ecommerce/TC-PE-004" status="PASSED">
         <system-out><![CDATA[2023-10-05 15:38:07 - [TEST_CASE][PASSED] - Test Cases/Product Ecommerce/TC-PE-004: Test Cases/Product Ecommerce/TC-PE-004

2023-10-05 15:38:07 - [TEST_STEP][PASSED] - callTestCase(findTestCase("Product Ecommerce/TC-PE-001"), [:], STOP_ON_FAILURE): Call Test Case 'Test Cases/Product Ecommerce/TC-PE-001' successfully

2023-10-05 15:38:07 - [TEST_CASE][PASSED] - Test Cases/Product Ecommerce/TC-PE-001: Test Cases/Product Ecommerce/TC-PE-001

2023-10-05 15:38:07 - [TEST_STEP][PASSED] - callTestCase(findTestCase("Login Ecommerce/TC-Login Ecomerce-001"), [:], STOP_ON_FAILURE): Call Test Case 'Test Cases/Login Ecommerce/TC-Login Ecomerce-001' successfully

2023-10-05 15:38:07 - [TEST_CASE][PASSED] - Test Cases/Login Ecommerce/TC-Login Ecomerce-001: Test Cases/Login Ecommerce/TC-Login Ecomerce-001

2023-10-05 15:38:07 - [TEST_STEP][PASSED] - openBrowser(userTajalapak): Browser is opened with url: 'https://10.9.2.63/ecommerce/'

2023-10-05 15:38:07 - [MESSAGE][WARNING] - A browser is already opened. Closing browser and opening a new one

2023-10-05 15:38:08 - [MESSAGE][INFO] - Starting 'Edge Chromium' driver

2023-10-05 15:38:08 - [MESSAGE][INFO] - User set preference: ['acceptInsecureCerts', 'true']

2023-10-05 15:38:10 - [MESSAGE][INFO] - Action delay is set to 0 milliseconds

2023-10-05 15:38:14 - [MESSAGE][PASSED] - Browser is opened with url: 'https://10.9.2.63/ecommerce/'

2023-10-05 15:38:14 - [TEST_STEP][PASSED] - maximizeWindow(): Current window maximized

2023-10-05 15:38:14 - [MESSAGE][PASSED] - Current window maximized

2023-10-05 15:38:14 - [TEST_STEP][PASSED] - verifyElementPresent(findTestObject("Login Ecommerce/Verifikasi Halaman Login Akun"), 0): Object 'Object Repository/Login Ecommerce/Verifikasi Halaman Login Akun' is present

2023-10-05 15:38:14 - [MESSAGE][WARNING] - Timeout '0' is invalid. Using default page load timeout: '30'

2023-10-05 15:38:15 - [MESSAGE][PASSED] - Object 'Object Repository/Login Ecommerce/Verifikasi Halaman Login Akun' is present

2023-10-05 15:38:15 - [TEST_STEP][PASSED] - click(findTestObject("Login Ecommerce/Login Akun")): Object: 'Object Repository/Login Ecommerce/Login Akun' is clicked on

2023-10-05 15:38:15 - [MESSAGE][PASSED] - Object: 'Object Repository/Login Ecommerce/Login Akun' is clicked on

2023-10-05 15:38:15 - [TEST_STEP][PASSED] - verifyElementPresent(findTestObject("Login Ecommerce/Verifikasi Halaman Login Akun"), 0): Object 'Object Repository/Login Ecommerce/Verifikasi Halaman Login Akun' is present

2023-10-05 15:38:15 - [MESSAGE][WARNING] - Timeout '0' is invalid. Using default page load timeout: '30'

2023-10-05 15:38:16 - [MESSAGE][PASSED] - Object 'Object Repository/Login Ecommerce/Verifikasi Halaman Login Akun' is present

2023-10-05 15:38:16 - [TEST_STEP][PASSED] - setText(findTestObject("Login Ecommerce/Input Username"), "riswandha"): Text 'riswandha' is set on object 'Object Repository/Login Ecommerce/Input Username'

2023-10-05 15:38:17 - [MESSAGE][PASSED] - Text 'riswandha' is set on object 'Object Repository/Login Ecommerce/Input Username'

2023-10-05 15:38:17 - [TEST_STEP][PASSED] - setEncryptedText(findTestObject("Login Ecommerce/Input Password"), "iGDxf8hSRT4="): Text ****** has been set on object 'Object Repository/Login Ecommerce/Input Password'

2023-10-05 15:38:17 - [MESSAGE][PASSED] - Text ****** has been set on object 'Object Repository/Login Ecommerce/Input Password'

2023-10-05 15:38:17 - [TEST_STEP][PASSED] - click(findTestObject("Login Ecommerce/Button Masuk")): Object: 'Object Repository/Login Ecommerce/Button Masuk' is clicked on

2023-10-05 15:38:46 - [MESSAGE][PASSED] - Object: 'Object Repository/Login Ecommerce/Button Masuk' is clicked on

2023-10-05 15:38:46 - [TEST_STEP][PASSED] - verifyElementPresent(findTestObject("Login Ecommerce/Verifikasi Login Akun"), 0): Object 'Object Repository/Login Ecommerce/Verifikasi Login Akun' is present

2023-10-05 15:38:46 - [MESSAGE][WARNING] - Timeout '0' is invalid. Using default page load timeout: '30'

2023-10-05 15:38:46 - [MESSAGE][PASSED] - Object 'Object Repository/Login Ecommerce/Verifikasi Login Akun' is present

2023-10-05 15:38:46 - [MESSAGE][PASSED] - Call Test Case 'Test Cases/Login Ecommerce/TC-Login Ecomerce-001' successfully

2023-10-05 15:38:47 - [TEST_STEP][PASSED] - mouseOver(findTestObject("Product Ecommerce/Button Menu toko")): Object: 'Object Repository/Product Ecommerce/Button Menu toko' is hovered

2023-10-05 15:38:47 - [MESSAGE][PASSED] - Object: 'Object Repository/Product Ecommerce/Button Menu toko' is hovered

2023-10-05 15:38:47 - [TEST_STEP][PASSED] - click(findTestObject("Product Ecommerce/Button Daftar Produk")): Object: 'Object Repository/Product Ecommerce/Button Daftar Produk' is clicked on

2023-10-05 15:38:48 - [MESSAGE][PASSED] - Object: 'Object Repository/Product Ecommerce/Button Daftar Produk' is clicked on

2023-10-05 15:38:48 - [TEST_STEP][PASSED] - verifyElementPresent(findTestObject("Product Ecommerce/Verifikasi Halaman Product Anda"), 0): Object 'Object Repository/Product Ecommerce/Verifikasi Halaman Product Anda' is present

2023-10-05 15:38:48 - [MESSAGE][WARNING] - Timeout '0' is invalid. Using default page load timeout: '30'

2023-10-05 15:38:48 - [MESSAGE][PASSED] - Object 'Object Repository/Product Ecommerce/Verifikasi Halaman Product Anda' is present

2023-10-05 15:38:48 - [MESSAGE][PASSED] - Call Test Case 'Test Cases/Product Ecommerce/TC-PE-001' successfully

2023-10-05 15:38:48 - [TEST_STEP][PASSED] - mouseOver(findTestObject("Product Ecommerce/Image Gambar produk 1")): Object: 'Object Repository/Product Ecommerce/Image Gambar produk 1' is hovered

2023-10-05 15:38:49 - [MESSAGE][PASSED] - Object: 'Object Repository/Product Ecommerce/Image Gambar produk 1' is hovered

2023-10-05 15:38:49 - [TEST_STEP][PASSED] - click(findTestObject("Product Ecommerce/Melihat Product")): Object: 'Object Repository/Product Ecommerce/Melihat Product' is clicked on

2023-10-05 15:38:49 - [MESSAGE][PASSED] - Object: 'Object Repository/Product Ecommerce/Melihat Product' is clicked on

2023-10-05 15:38:49 - [TEST_STEP][PASSED] - verifyElementPresent(findTestObject("Product Ecommerce/Verifikasi product/Verifikasi halaman Detail Product"), 0): Object 'Object Repository/Product Ecommerce/Verifikasi product/Verifikasi halaman Detail Product' is present

2023-10-05 15:38:49 - [MESSAGE][WARNING] - Timeout '0' is invalid. Using default page load timeout: '30'

2023-10-05 15:38:50 - [MESSAGE][PASSED] - Object 'Object Repository/Product Ecommerce/Verifikasi product/Verifikasi halaman Detail Product' is present]]></system-out>
         <system-err><![CDATA[]]></system-err>
      </testcase>
      <testcase name="Test Cases/Product Ecommerce/TC-PE-005" time="16.042" classname="Test Cases/Product Ecommerce/TC-PE-005" status="PASSED">
         <system-out><![CDATA[2023-10-05 15:38:50 - [TEST_CASE][PASSED] - Test Cases/Product Ecommerce/TC-PE-005: Test Cases/Product Ecommerce/TC-PE-005

2023-10-05 15:38:50 - [TEST_STEP][PASSED] - callTestCase(findTestCase("Product Ecommerce/TC-PE-001"), [:], STOP_ON_FAILURE): Call Test Case 'Test Cases/Product Ecommerce/TC-PE-001' successfully

2023-10-05 15:38:51 - [TEST_CASE][PASSED] - Test Cases/Product Ecommerce/TC-PE-001: Test Cases/Product Ecommerce/TC-PE-001

2023-10-05 15:38:51 - [TEST_STEP][PASSED] - callTestCase(findTestCase("Login Ecommerce/TC-Login Ecomerce-001"), [:], STOP_ON_FAILURE): Call Test Case 'Test Cases/Login Ecommerce/TC-Login Ecomerce-001' successfully

2023-10-05 15:38:51 - [TEST_CASE][PASSED] - Test Cases/Login Ecommerce/TC-Login Ecomerce-001: Test Cases/Login Ecommerce/TC-Login Ecomerce-001

2023-10-05 15:38:51 - [TEST_STEP][PASSED] - openBrowser(userTajalapak): Browser is opened with url: 'https://10.9.2.63/ecommerce/'

2023-10-05 15:38:51 - [MESSAGE][WARNING] - A browser is already opened. Closing browser and opening a new one

2023-10-05 15:38:51 - [MESSAGE][INFO] - Starting 'Edge Chromium' driver

2023-10-05 15:38:51 - [MESSAGE][INFO] - User set preference: ['acceptInsecureCerts', 'true']

2023-10-05 15:38:53 - [MESSAGE][INFO] - Action delay is set to 0 milliseconds

2023-10-05 15:38:57 - [MESSAGE][PASSED] - Browser is opened with url: 'https://10.9.2.63/ecommerce/'

2023-10-05 15:38:57 - [TEST_STEP][PASSED] - maximizeWindow(): Current window maximized

2023-10-05 15:38:57 - [MESSAGE][PASSED] - Current window maximized

2023-10-05 15:38:57 - [TEST_STEP][PASSED] - verifyElementPresent(findTestObject("Login Ecommerce/Verifikasi Halaman Login Akun"), 0): Object 'Object Repository/Login Ecommerce/Verifikasi Halaman Login Akun' is present

2023-10-05 15:38:57 - [MESSAGE][WARNING] - Timeout '0' is invalid. Using default page load timeout: '30'

2023-10-05 15:38:58 - [MESSAGE][PASSED] - Object 'Object Repository/Login Ecommerce/Verifikasi Halaman Login Akun' is present

2023-10-05 15:38:58 - [TEST_STEP][PASSED] - click(findTestObject("Login Ecommerce/Login Akun")): Object: 'Object Repository/Login Ecommerce/Login Akun' is clicked on

2023-10-05 15:38:58 - [MESSAGE][PASSED] - Object: 'Object Repository/Login Ecommerce/Login Akun' is clicked on

2023-10-05 15:38:58 - [TEST_STEP][PASSED] - verifyElementPresent(findTestObject("Login Ecommerce/Verifikasi Halaman Login Akun"), 0): Object 'Object Repository/Login Ecommerce/Verifikasi Halaman Login Akun' is present

2023-10-05 15:38:58 - [MESSAGE][WARNING] - Timeout '0' is invalid. Using default page load timeout: '30'

2023-10-05 15:38:59 - [MESSAGE][PASSED] - Object 'Object Repository/Login Ecommerce/Verifikasi Halaman Login Akun' is present

2023-10-05 15:38:59 - [TEST_STEP][PASSED] - setText(findTestObject("Login Ecommerce/Input Username"), "riswandha"): Text 'riswandha' is set on object 'Object Repository/Login Ecommerce/Input Username'

2023-10-05 15:39:00 - [MESSAGE][PASSED] - Text 'riswandha' is set on object 'Object Repository/Login Ecommerce/Input Username'

2023-10-05 15:39:00 - [TEST_STEP][PASSED] - setEncryptedText(findTestObject("Login Ecommerce/Input Password"), "iGDxf8hSRT4="): Text ****** has been set on object 'Object Repository/Login Ecommerce/Input Password'

2023-10-05 15:39:00 - [MESSAGE][PASSED] - Text ****** has been set on object 'Object Repository/Login Ecommerce/Input Password'

2023-10-05 15:39:00 - [TEST_STEP][PASSED] - click(findTestObject("Login Ecommerce/Button Masuk")): Object: 'Object Repository/Login Ecommerce/Button Masuk' is clicked on

2023-10-05 15:39:01 - [MESSAGE][PASSED] - Object: 'Object Repository/Login Ecommerce/Button Masuk' is clicked on

2023-10-05 15:39:01 - [TEST_STEP][PASSED] - verifyElementPresent(findTestObject("Login Ecommerce/Verifikasi Login Akun"), 0): Object 'Object Repository/Login Ecommerce/Verifikasi Login Akun' is present

2023-10-05 15:39:01 - [MESSAGE][WARNING] - Timeout '0' is invalid. Using default page load timeout: '30'

2023-10-05 15:39:02 - [MESSAGE][PASSED] - Object 'Object Repository/Login Ecommerce/Verifikasi Login Akun' is present

2023-10-05 15:39:02 - [MESSAGE][PASSED] - Call Test Case 'Test Cases/Login Ecommerce/TC-Login Ecomerce-001' successfully

2023-10-05 15:39:02 - [TEST_STEP][PASSED] - mouseOver(findTestObject("Product Ecommerce/Button Menu toko")): Object: 'Object Repository/Product Ecommerce/Button Menu toko' is hovered

2023-10-05 15:39:02 - [MESSAGE][PASSED] - Object: 'Object Repository/Product Ecommerce/Button Menu toko' is hovered

2023-10-05 15:39:02 - [TEST_STEP][PASSED] - click(findTestObject("Product Ecommerce/Button Daftar Produk")): Object: 'Object Repository/Product Ecommerce/Button Daftar Produk' is clicked on

2023-10-05 15:39:03 - [MESSAGE][PASSED] - Object: 'Object Repository/Product Ecommerce/Button Daftar Produk' is clicked on

2023-10-05 15:39:03 - [TEST_STEP][PASSED] - verifyElementPresent(findTestObject("Product Ecommerce/Verifikasi Halaman Product Anda"), 0): Object 'Object Repository/Product Ecommerce/Verifikasi Halaman Product Anda' is present

2023-10-05 15:39:03 - [MESSAGE][WARNING] - Timeout '0' is invalid. Using default page load timeout: '30'

2023-10-05 15:39:04 - [MESSAGE][PASSED] - Object 'Object Repository/Product Ecommerce/Verifikasi Halaman Product Anda' is present

2023-10-05 15:39:04 - [MESSAGE][PASSED] - Call Test Case 'Test Cases/Product Ecommerce/TC-PE-001' successfully

2023-10-05 15:39:04 - [TEST_STEP][PASSED] - dataListOld = findWebElements(findTestObject("Object Repository/Product Ecommerce/Verifikasi product/Jumlah Product"), 10): null

2023-10-05 15:39:04 - [TEST_STEP][PASSED] - mouseOver(findTestObject("Product Ecommerce/Image Gambar produk 1")): Object: 'Object Repository/Product Ecommerce/Image Gambar produk 1' is hovered

2023-10-05 15:39:05 - [MESSAGE][PASSED] - Object: 'Object Repository/Product Ecommerce/Image Gambar produk 1' is hovered

2023-10-05 15:39:05 - [TEST_STEP][PASSED] - click(findTestObject("Product Ecommerce/Hapus data Product"), CONTINUE_ON_FAILURE): Object: 'Object Repository/Product Ecommerce/Hapus data Product' is clicked on

2023-10-05 15:39:05 - [MESSAGE][PASSED] - Object: 'Object Repository/Product Ecommerce/Hapus data Product' is clicked on

2023-10-05 15:39:05 - [TEST_STEP][PASSED] - waitForAlert(5, OPTIONAL): Alert is present after 5 second(s).

2023-10-05 15:39:05 - [MESSAGE][PASSED] - Alert is present after 5 second(s).

2023-10-05 15:39:05 - [TEST_STEP][PASSED] - acceptAlert(): Alert accepted

2023-10-05 15:39:05 - [MESSAGE][PASSED] - Alert accepted

2023-10-05 15:39:05 - [TEST_STEP][PASSED] - dataListNew = findWebElements(findTestObject("Object Repository/Product Ecommerce/Verifikasi product/Jumlah Product"), 10): null

2023-10-05 15:39:06 - [TEST_STEP][PASSED] - assert dataListOld.size() > dataListNew.size(): null]]></system-out>
         <system-err><![CDATA[]]></system-err>
      </testcase>
      <testcase name="Test Cases/Product Ecommerce/TC-PE-006" time="30.221" classname="Test Cases/Product Ecommerce/TC-PE-006" status="PASSED">
         <system-out><![CDATA[2023-10-05 15:39:06 - [TEST_CASE][PASSED] - Test Cases/Product Ecommerce/TC-PE-006: Test Cases/Product Ecommerce/TC-PE-006

2023-10-05 15:39:06 - [TEST_STEP][PASSED] - callTestCase(findTestCase("Product Ecommerce/TC-PE-001"), [:], STOP_ON_FAILURE): Call Test Case 'Test Cases/Product Ecommerce/TC-PE-001' successfully

2023-10-05 15:39:07 - [TEST_CASE][PASSED] - Test Cases/Product Ecommerce/TC-PE-001: Test Cases/Product Ecommerce/TC-PE-001

2023-10-05 15:39:07 - [TEST_STEP][PASSED] - callTestCase(findTestCase("Login Ecommerce/TC-Login Ecomerce-001"), [:], STOP_ON_FAILURE): Call Test Case 'Test Cases/Login Ecommerce/TC-Login Ecomerce-001' successfully

2023-10-05 15:39:07 - [TEST_CASE][PASSED] - Test Cases/Login Ecommerce/TC-Login Ecomerce-001: Test Cases/Login Ecommerce/TC-Login Ecomerce-001

2023-10-05 15:39:07 - [TEST_STEP][PASSED] - openBrowser(userTajalapak): Browser is opened with url: 'https://10.9.2.63/ecommerce/'

2023-10-05 15:39:07 - [MESSAGE][WARNING] - A browser is already opened. Closing browser and opening a new one

2023-10-05 15:39:07 - [MESSAGE][INFO] - Starting 'Edge Chromium' driver

2023-10-05 15:39:07 - [MESSAGE][INFO] - User set preference: ['acceptInsecureCerts', 'true']

2023-10-05 15:39:10 - [MESSAGE][INFO] - Action delay is set to 0 milliseconds

2023-10-05 15:39:13 - [MESSAGE][PASSED] - Browser is opened with url: 'https://10.9.2.63/ecommerce/'

2023-10-05 15:39:13 - [TEST_STEP][PASSED] - maximizeWindow(): Current window maximized

2023-10-05 15:39:13 - [MESSAGE][PASSED] - Current window maximized

2023-10-05 15:39:13 - [TEST_STEP][PASSED] - verifyElementPresent(findTestObject("Login Ecommerce/Verifikasi Halaman Login Akun"), 0): Object 'Object Repository/Login Ecommerce/Verifikasi Halaman Login Akun' is present

2023-10-05 15:39:13 - [MESSAGE][WARNING] - Timeout '0' is invalid. Using default page load timeout: '30'

2023-10-05 15:39:14 - [MESSAGE][PASSED] - Object 'Object Repository/Login Ecommerce/Verifikasi Halaman Login Akun' is present

2023-10-05 15:39:14 - [TEST_STEP][PASSED] - click(findTestObject("Login Ecommerce/Login Akun")): Object: 'Object Repository/Login Ecommerce/Login Akun' is clicked on

2023-10-05 15:39:14 - [MESSAGE][PASSED] - Object: 'Object Repository/Login Ecommerce/Login Akun' is clicked on

2023-10-05 15:39:14 - [TEST_STEP][PASSED] - verifyElementPresent(findTestObject("Login Ecommerce/Verifikasi Halaman Login Akun"), 0): Object 'Object Repository/Login Ecommerce/Verifikasi Halaman Login Akun' is present

2023-10-05 15:39:14 - [MESSAGE][WARNING] - Timeout '0' is invalid. Using default page load timeout: '30'

2023-10-05 15:39:15 - [MESSAGE][PASSED] - Object 'Object Repository/Login Ecommerce/Verifikasi Halaman Login Akun' is present

2023-10-05 15:39:15 - [TEST_STEP][PASSED] - setText(findTestObject("Login Ecommerce/Input Username"), "riswandha"): Text 'riswandha' is set on object 'Object Repository/Login Ecommerce/Input Username'

2023-10-05 15:39:15 - [MESSAGE][PASSED] - Text 'riswandha' is set on object 'Object Repository/Login Ecommerce/Input Username'

2023-10-05 15:39:15 - [TEST_STEP][PASSED] - setEncryptedText(findTestObject("Login Ecommerce/Input Password"), "iGDxf8hSRT4="): Text ****** has been set on object 'Object Repository/Login Ecommerce/Input Password'

2023-10-05 15:39:16 - [MESSAGE][PASSED] - Text ****** has been set on object 'Object Repository/Login Ecommerce/Input Password'

2023-10-05 15:39:16 - [TEST_STEP][PASSED] - click(findTestObject("Login Ecommerce/Button Masuk")): Object: 'Object Repository/Login Ecommerce/Button Masuk' is clicked on

2023-10-05 15:39:17 - [MESSAGE][PASSED] - Object: 'Object Repository/Login Ecommerce/Button Masuk' is clicked on

2023-10-05 15:39:17 - [TEST_STEP][PASSED] - verifyElementPresent(findTestObject("Login Ecommerce/Verifikasi Login Akun"), 0): Object 'Object Repository/Login Ecommerce/Verifikasi Login Akun' is present

2023-10-05 15:39:17 - [MESSAGE][WARNING] - Timeout '0' is invalid. Using default page load timeout: '30'

2023-10-05 15:39:17 - [MESSAGE][PASSED] - Object 'Object Repository/Login Ecommerce/Verifikasi Login Akun' is present

2023-10-05 15:39:17 - [MESSAGE][PASSED] - Call Test Case 'Test Cases/Login Ecommerce/TC-Login Ecomerce-001' successfully

2023-10-05 15:39:17 - [TEST_STEP][PASSED] - mouseOver(findTestObject("Product Ecommerce/Button Menu toko")): Object: 'Object Repository/Product Ecommerce/Button Menu toko' is hovered

2023-10-05 15:39:18 - [MESSAGE][PASSED] - Object: 'Object Repository/Product Ecommerce/Button Menu toko' is hovered

2023-10-05 15:39:18 - [TEST_STEP][PASSED] - click(findTestObject("Product Ecommerce/Button Daftar Produk")): Object: 'Object Repository/Product Ecommerce/Button Daftar Produk' is clicked on

2023-10-05 15:39:19 - [MESSAGE][PASSED] - Object: 'Object Repository/Product Ecommerce/Button Daftar Produk' is clicked on

2023-10-05 15:39:19 - [TEST_STEP][PASSED] - verifyElementPresent(findTestObject("Product Ecommerce/Verifikasi Halaman Product Anda"), 0): Object 'Object Repository/Product Ecommerce/Verifikasi Halaman Product Anda' is present

2023-10-05 15:39:19 - [MESSAGE][WARNING] - Timeout '0' is invalid. Using default page load timeout: '30'

2023-10-05 15:39:19 - [MESSAGE][PASSED] - Object 'Object Repository/Product Ecommerce/Verifikasi Halaman Product Anda' is present

2023-10-05 15:39:19 - [MESSAGE][PASSED] - Call Test Case 'Test Cases/Product Ecommerce/TC-PE-001' successfully

2023-10-05 15:39:19 - [TEST_STEP][PASSED] - click(findTestObject("Product Ecommerce/Tambahkan Produk")): Object: 'Object Repository/Product Ecommerce/Tambahkan Produk' is clicked on

2023-10-05 15:39:20 - [MESSAGE][PASSED] - Object: 'Object Repository/Product Ecommerce/Tambahkan Produk' is clicked on

2023-10-05 15:39:20 - [TEST_STEP][PASSED] - verifyElementPresent(findTestObject("Product Ecommerce/Tambahkan Product/Verifikasi Halaman Tambahkan Product"), 0): Object 'Object Repository/Product Ecommerce/Tambahkan Product/Verifikasi Halaman Tambahkan Product' is present

2023-10-05 15:39:20 - [MESSAGE][WARNING] - Timeout '0' is invalid. Using default page load timeout: '30'

2023-10-05 15:39:20 - [MESSAGE][PASSED] - Object 'Object Repository/Product Ecommerce/Tambahkan Product/Verifikasi Halaman Tambahkan Product' is present

2023-10-05 15:39:20 - [TEST_STEP][PASSED] - selectOptionByValue(findTestObject("Product Ecommerce/Tambahkan Product/Pilih Katagori Produk"), "6", false): All options with value '6' are selected in object 'Object Repository/Product Ecommerce/Tambahkan Product/Pilih Katagori Produk' 

2023-10-05 15:39:21 - [MESSAGE][PASSED] - All options with value '6' are selected in object 'Object Repository/Product Ecommerce/Tambahkan Product/Pilih Katagori Produk' 

2023-10-05 15:39:21 - [TEST_STEP][PASSED] - selectOptionByValue(findTestObject("Product Ecommerce/Tambahkan Product/Pilih Sub Katagori Produk"), "15", false): All options with value '15' are selected in object 'Object Repository/Product Ecommerce/Tambahkan Product/Pilih Sub Katagori Produk' 

2023-10-05 15:39:22 - [MESSAGE][PASSED] - All options with value '15' are selected in object 'Object Repository/Product Ecommerce/Tambahkan Product/Pilih Sub Katagori Produk' 

2023-10-05 15:39:22 - [TEST_STEP][PASSED] - setText(findTestObject("Product Ecommerce/Tambahkan Product/Input Nama Produk"), "Baju Koko Kids 0 - 9 tahun"): Text 'Baju Koko Kids 0 - 9 tahun' is set on object 'Object Repository/Product Ecommerce/Tambahkan Product/Input Nama Produk'

2023-10-05 15:39:23 - [MESSAGE][PASSED] - Text 'Baju Koko Kids 0 - 9 tahun' is set on object 'Object Repository/Product Ecommerce/Tambahkan Product/Input Nama Produk'

2023-10-05 15:39:23 - [TEST_STEP][PASSED] - setText(findTestObject("Product Ecommerce/Tambahkan Product/Input Satuan"), "Pcs"): Text 'Pcs' is set on object 'Object Repository/Product Ecommerce/Tambahkan Product/Input Satuan'

2023-10-05 15:39:23 - [MESSAGE][PASSED] - Text 'Pcs' is set on object 'Object Repository/Product Ecommerce/Tambahkan Product/Input Satuan'

2023-10-05 15:39:23 - [TEST_STEP][PASSED] - setText(findTestObject("Product Ecommerce/Tambahkan Product/Input Berat"), "100"): Text '100' is set on object 'Object Repository/Product Ecommerce/Tambahkan Product/Input Berat'

2023-10-05 15:39:24 - [MESSAGE][PASSED] - Text '100' is set on object 'Object Repository/Product Ecommerce/Tambahkan Product/Input Berat'

2023-10-05 15:39:24 - [TEST_STEP][PASSED] - setText(findTestObject("Product Ecommerce/Tambahkan Product/Input Harga Modal"), "10000"): Text '10000' is set on object 'Object Repository/Product Ecommerce/Tambahkan Product/Input Harga Modal'

2023-10-05 15:39:25 - [MESSAGE][PASSED] - Text '10000' is set on object 'Object Repository/Product Ecommerce/Tambahkan Product/Input Harga Modal'

2023-10-05 15:39:25 - [TEST_STEP][PASSED] - setText(findTestObject("Product Ecommerce/Tambahkan Product/Input Harga Jual"), "12000"): Text '12000' is set on object 'Object Repository/Product Ecommerce/Tambahkan Product/Input Harga Jual'

2023-10-05 15:39:26 - [MESSAGE][PASSED] - Text '12000' is set on object 'Object Repository/Product Ecommerce/Tambahkan Product/Input Harga Jual'

2023-10-05 15:39:26 - [TEST_STEP][PASSED] - setText(findTestObject("Product Ecommerce/Tambahkan Product/Input Diskon"), "1000"): Text '1000' is set on object 'Object Repository/Product Ecommerce/Tambahkan Product/Input Diskon'

2023-10-05 15:39:26 - [MESSAGE][PASSED] - Text '1000' is set on object 'Object Repository/Product Ecommerce/Tambahkan Product/Input Diskon'

2023-10-05 15:39:26 - [TEST_STEP][PASSED] - setText(findTestObject("Product Ecommerce/Tambahkan Product/Input Stok Awal"), "20"): Text '20' is set on object 'Object Repository/Product Ecommerce/Tambahkan Product/Input Stok Awal'

2023-10-05 15:39:27 - [MESSAGE][PASSED] - Text '20' is set on object 'Object Repository/Product Ecommerce/Tambahkan Product/Input Stok Awal'

2023-10-05 15:39:27 - [TEST_STEP][PASSED] - setText(findTestObject("Product Ecommerce/Tambahkan Product/Input Minimum Order"), "1"): Text '1' is set on object 'Object Repository/Product Ecommerce/Tambahkan Product/Input Minimum Order'

2023-10-05 15:39:28 - [MESSAGE][PASSED] - Text '1' is set on object 'Object Repository/Product Ecommerce/Tambahkan Product/Input Minimum Order'

2023-10-05 15:39:28 - [TEST_STEP][PASSED] - setText(findTestObject("Product Ecommerce/Tambahkan Product/Input Cuplikan"), "Stylish dan Nyaman! Baju Koko Kids kami cocok untuk usia 0 - 9 tahun. Terbuat dari bahan berkualitas tinggi yang lembut di kulit anak-anak, baju ini sempurna untuk berbagai acara, termasuk lebaran."): Text 'Stylish dan Nyaman! Baju Koko Kids kami cocok untuk usia 0 - 9 tahun. Terbuat dari bahan berkualitas tinggi yang lembut di kulit anak-anak, baju ini sempurna untuk berbagai acara, termasuk lebaran.' is set on object 'Object Repository/Product Ecommerce/Tambahkan Product/Input Cuplikan'

2023-10-05 15:39:29 - [MESSAGE][PASSED] - Text 'Stylish dan Nyaman! Baju Koko Kids kami cocok untuk usia 0 - 9 tahun. Terbuat dari bahan berkualitas tinggi yang lembut di kulit anak-anak, baju ini sempurna untuk berbagai acara, termasuk lebaran.' is set on object 'Object Repository/Product Ecommerce/Tambahkan Product/Input Cuplikan'

2023-10-05 15:39:29 - [TEST_STEP][PASSED] - check(findTestObject("Product Ecommerce/Tambahkan Product/Input Merek Pria")): Object 'Object Repository/Product Ecommerce/Tambahkan Product/Input Merek Pria' is checked

2023-10-05 15:39:29 - [MESSAGE][PASSED] - Object 'Object Repository/Product Ecommerce/Tambahkan Product/Input Merek Pria' is checked

2023-10-05 15:39:29 - [TEST_STEP][PASSED] - setText(findTestObject("Product Ecommerce/Tambahkan Product/Input Keterangan"), "Desain Modern: Tampil modis dengan desain terkini yang cocok untuk anak-anak. Kenyamanan Sepanjang Hari: Bahan lembut dan nyaman sehingga anak-anak tetap bahagia sepanjang hari. Beragam Warna: Pilihan warna yang cerah dan menarik. Ukuran Sesuai: Tersedia dalam berbagai ukuran, mulai dari 0 hingga 9 tahun. Dapatkan tampilan yang trendi untuk si kecil dengan Baju Koko Kids kami. Pesan sekarang dan buat momen lebaran mereka lebih istimewa!"): Text 'Desain Modern: Tampil modis dengan desain terkini yang cocok untuk anak-anak. Kenyamanan Sepanjang Hari: Bahan lembut dan nyaman sehingga anak-anak tetap bahagia sepanjang hari. Beragam Warna: Pilihan warna yang cerah dan menarik. Ukuran Sesuai: Tersedia dalam berbagai ukuran, mulai dari 0 hingga 9 tahun. Dapatkan tampilan yang trendi untuk si kecil dengan Baju Koko Kids kami. Pesan sekarang dan buat momen lebaran mereka lebih istimewa!' is set on object 'Object Repository/Product Ecommerce/Tambahkan Product/Input Keterangan'

2023-10-05 15:39:31 - [MESSAGE][PASSED] - Text 'Desain Modern: Tampil modis dengan desain terkini yang cocok untuk anak-anak. Kenyamanan Sepanjang Hari: Bahan lembut dan nyaman sehingga anak-anak tetap bahagia sepanjang hari. Beragam Warna: Pilihan warna yang cerah dan menarik. Ukuran Sesuai: Tersedia dalam berbagai ukuran, mulai dari 0 hingga 9 tahun. Dapatkan tampilan yang trendi untuk si kecil dengan Baju Koko Kids kami. Pesan sekarang dan buat momen lebaran mereka lebih istimewa!' is set on object 'Object Repository/Product Ecommerce/Tambahkan Product/Input Keterangan'

2023-10-05 15:39:31 - [TEST_STEP][PASSED] - setText(findTestObject("Product Ecommerce/Tambahkan Product/Input Variasi 1 Nama Variasi"), "Warna"): Text 'Warna' is set on object 'Object Repository/Product Ecommerce/Tambahkan Product/Input Variasi 1 Nama Variasi'

2023-10-05 15:39:32 - [MESSAGE][PASSED] - Text 'Warna' is set on object 'Object Repository/Product Ecommerce/Tambahkan Product/Input Variasi 1 Nama Variasi'

2023-10-05 15:39:32 - [TEST_STEP][PASSED] - setText(findTestObject("Product Ecommerce/Tambahkan Product/Input Variasi 1 Kolom 1"), "Merah"): Text 'Merah' is set on object 'Object Repository/Product Ecommerce/Tambahkan Product/Input Variasi 1 Kolom 1'

2023-10-05 15:39:33 - [MESSAGE][PASSED] - Text 'Merah' is set on object 'Object Repository/Product Ecommerce/Tambahkan Product/Input Variasi 1 Kolom 1'

2023-10-05 15:39:33 - [TEST_STEP][PASSED] - setText(findTestObject("Product Ecommerce/Tambahkan Product/Input Variasi 1 Kolom 2"), "Biru"): Text 'Biru' is set on object 'Object Repository/Product Ecommerce/Tambahkan Product/Input Variasi 1 Kolom 2'

2023-10-05 15:39:34 - [MESSAGE][PASSED] - Text 'Biru' is set on object 'Object Repository/Product Ecommerce/Tambahkan Product/Input Variasi 1 Kolom 2'

2023-10-05 15:39:34 - [TEST_STEP][PASSED] - uploadFile(findTestObject("Product Ecommerce/Tambahkan Product/Input File"), "E:\Pelatihan\Xsis Academy\Baju koko kids.jpg"): File 'E:\Pelatihan\Xsis Academy\Baju koko kids.jpg' sent to object: 'Object Repository/Product Ecommerce/Tambahkan Product/Input File'

2023-10-05 15:39:34 - [MESSAGE][PASSED] - File 'E:\Pelatihan\Xsis Academy\Baju koko kids.jpg' sent to object: 'Object Repository/Product Ecommerce/Tambahkan Product/Input File'

2023-10-05 15:39:34 - [TEST_STEP][PASSED] - click(findTestObject("Product Ecommerce/Tambahkan Product/Button Cancel")): Object: 'Object Repository/Product Ecommerce/Tambahkan Product/Button Cancel' is clicked on

2023-10-05 15:39:36 - [MESSAGE][PASSED] - Object: 'Object Repository/Product Ecommerce/Tambahkan Product/Button Cancel' is clicked on

2023-10-05 15:39:36 - [TEST_STEP][PASSED] - verifyElementPresent(findTestObject("Product Ecommerce/Verifikasi Halaman Product Anda"), 0): Object 'Object Repository/Product Ecommerce/Verifikasi Halaman Product Anda' is present

2023-10-05 15:39:36 - [MESSAGE][WARNING] - Timeout '0' is invalid. Using default page load timeout: '30'

2023-10-05 15:39:36 - [MESSAGE][PASSED] - Object 'Object Repository/Product Ecommerce/Verifikasi Halaman Product Anda' is present]]></system-out>
         <system-err><![CDATA[]]></system-err>
      </testcase>
      <testcase name="Test Cases/Product Ecommerce/TC-PE-007" time="14.978" classname="Test Cases/Product Ecommerce/TC-PE-007" status="PASSED">
         <system-out><![CDATA[2023-10-05 15:39:36 - [TEST_CASE][PASSED] - Test Cases/Product Ecommerce/TC-PE-007: Test Cases/Product Ecommerce/TC-PE-007

2023-10-05 15:39:37 - [TEST_STEP][PASSED] - callTestCase(findTestCase("Product Ecommerce/TC-PE-001"), [:], STOP_ON_FAILURE): Call Test Case 'Test Cases/Product Ecommerce/TC-PE-001' successfully

2023-10-05 15:39:37 - [TEST_CASE][PASSED] - Test Cases/Product Ecommerce/TC-PE-001: Test Cases/Product Ecommerce/TC-PE-001

2023-10-05 15:39:37 - [TEST_STEP][PASSED] - callTestCase(findTestCase("Login Ecommerce/TC-Login Ecomerce-001"), [:], STOP_ON_FAILURE): Call Test Case 'Test Cases/Login Ecommerce/TC-Login Ecomerce-001' successfully

2023-10-05 15:39:37 - [TEST_CASE][PASSED] - Test Cases/Login Ecommerce/TC-Login Ecomerce-001: Test Cases/Login Ecommerce/TC-Login Ecomerce-001

2023-10-05 15:39:37 - [TEST_STEP][PASSED] - openBrowser(userTajalapak): Browser is opened with url: 'https://10.9.2.63/ecommerce/'

2023-10-05 15:39:37 - [MESSAGE][WARNING] - A browser is already opened. Closing browser and opening a new one

2023-10-05 15:39:38 - [MESSAGE][INFO] - Starting 'Edge Chromium' driver

2023-10-05 15:39:38 - [MESSAGE][INFO] - User set preference: ['acceptInsecureCerts', 'true']

2023-10-05 15:39:40 - [MESSAGE][INFO] - Action delay is set to 0 milliseconds

2023-10-05 15:39:43 - [MESSAGE][PASSED] - Browser is opened with url: 'https://10.9.2.63/ecommerce/'

2023-10-05 15:39:43 - [TEST_STEP][PASSED] - maximizeWindow(): Current window maximized

2023-10-05 15:39:43 - [MESSAGE][PASSED] - Current window maximized

2023-10-05 15:39:43 - [TEST_STEP][PASSED] - verifyElementPresent(findTestObject("Login Ecommerce/Verifikasi Halaman Login Akun"), 0): Object 'Object Repository/Login Ecommerce/Verifikasi Halaman Login Akun' is present

2023-10-05 15:39:43 - [MESSAGE][WARNING] - Timeout '0' is invalid. Using default page load timeout: '30'

2023-10-05 15:39:44 - [MESSAGE][PASSED] - Object 'Object Repository/Login Ecommerce/Verifikasi Halaman Login Akun' is present

2023-10-05 15:39:44 - [TEST_STEP][PASSED] - click(findTestObject("Login Ecommerce/Login Akun")): Object: 'Object Repository/Login Ecommerce/Login Akun' is clicked on

2023-10-05 15:39:44 - [MESSAGE][PASSED] - Object: 'Object Repository/Login Ecommerce/Login Akun' is clicked on

2023-10-05 15:39:44 - [TEST_STEP][PASSED] - verifyElementPresent(findTestObject("Login Ecommerce/Verifikasi Halaman Login Akun"), 0): Object 'Object Repository/Login Ecommerce/Verifikasi Halaman Login Akun' is present

2023-10-05 15:39:44 - [MESSAGE][WARNING] - Timeout '0' is invalid. Using default page load timeout: '30'

2023-10-05 15:39:45 - [MESSAGE][PASSED] - Object 'Object Repository/Login Ecommerce/Verifikasi Halaman Login Akun' is present

2023-10-05 15:39:45 - [TEST_STEP][PASSED] - setText(findTestObject("Login Ecommerce/Input Username"), "riswandha"): Text 'riswandha' is set on object 'Object Repository/Login Ecommerce/Input Username'

2023-10-05 15:39:46 - [MESSAGE][PASSED] - Text 'riswandha' is set on object 'Object Repository/Login Ecommerce/Input Username'

2023-10-05 15:39:46 - [TEST_STEP][PASSED] - setEncryptedText(findTestObject("Login Ecommerce/Input Password"), "iGDxf8hSRT4="): Text ****** has been set on object 'Object Repository/Login Ecommerce/Input Password'

2023-10-05 15:39:46 - [MESSAGE][PASSED] - Text ****** has been set on object 'Object Repository/Login Ecommerce/Input Password'

2023-10-05 15:39:46 - [TEST_STEP][PASSED] - click(findTestObject("Login Ecommerce/Button Masuk")): Object: 'Object Repository/Login Ecommerce/Button Masuk' is clicked on

2023-10-05 15:39:47 - [MESSAGE][PASSED] - Object: 'Object Repository/Login Ecommerce/Button Masuk' is clicked on

2023-10-05 15:39:47 - [TEST_STEP][PASSED] - verifyElementPresent(findTestObject("Login Ecommerce/Verifikasi Login Akun"), 0): Object 'Object Repository/Login Ecommerce/Verifikasi Login Akun' is present

2023-10-05 15:39:47 - [MESSAGE][WARNING] - Timeout '0' is invalid. Using default page load timeout: '30'

2023-10-05 15:39:48 - [MESSAGE][PASSED] - Object 'Object Repository/Login Ecommerce/Verifikasi Login Akun' is present

2023-10-05 15:39:48 - [MESSAGE][PASSED] - Call Test Case 'Test Cases/Login Ecommerce/TC-Login Ecomerce-001' successfully

2023-10-05 15:39:48 - [TEST_STEP][PASSED] - mouseOver(findTestObject("Product Ecommerce/Button Menu toko")): Object: 'Object Repository/Product Ecommerce/Button Menu toko' is hovered

2023-10-05 15:39:48 - [MESSAGE][PASSED] - Object: 'Object Repository/Product Ecommerce/Button Menu toko' is hovered

2023-10-05 15:39:48 - [TEST_STEP][PASSED] - click(findTestObject("Product Ecommerce/Button Daftar Produk")): Object: 'Object Repository/Product Ecommerce/Button Daftar Produk' is clicked on

2023-10-05 15:39:49 - [MESSAGE][PASSED] - Object: 'Object Repository/Product Ecommerce/Button Daftar Produk' is clicked on

2023-10-05 15:39:49 - [TEST_STEP][PASSED] - verifyElementPresent(findTestObject("Product Ecommerce/Verifikasi Halaman Product Anda"), 0): Object 'Object Repository/Product Ecommerce/Verifikasi Halaman Product Anda' is present

2023-10-05 15:39:49 - [MESSAGE][WARNING] - Timeout '0' is invalid. Using default page load timeout: '30'

2023-10-05 15:39:50 - [MESSAGE][PASSED] - Object 'Object Repository/Product Ecommerce/Verifikasi Halaman Product Anda' is present

2023-10-05 15:39:50 - [MESSAGE][PASSED] - Call Test Case 'Test Cases/Product Ecommerce/TC-PE-001' successfully

2023-10-05 15:39:50 - [TEST_STEP][PASSED] - click(findTestObject("Product Ecommerce/Tambahkan Produk")): Object: 'Object Repository/Product Ecommerce/Tambahkan Produk' is clicked on

2023-10-05 15:39:51 - [MESSAGE][PASSED] - Object: 'Object Repository/Product Ecommerce/Tambahkan Produk' is clicked on

2023-10-05 15:39:51 - [TEST_STEP][PASSED] - click(findTestObject("Product Ecommerce/Tambahkan Product/Input Tambah Kolom Variasi 1")): Object: 'Object Repository/Product Ecommerce/Tambahkan Product/Input Tambah Kolom Variasi 1' is clicked on

2023-10-05 15:39:51 - [MESSAGE][PASSED] - Object: 'Object Repository/Product Ecommerce/Tambahkan Product/Input Tambah Kolom Variasi 1' is clicked on

2023-10-05 15:39:51 - [TEST_STEP][PASSED] - verifyElementPresent(findTestObject("Product Ecommerce/Verifikasi product/Verifikasi variasi Bertambah"), 0): Object 'Object Repository/Product Ecommerce/Verifikasi product/Verifikasi variasi Bertambah' is present

2023-10-05 15:39:51 - [MESSAGE][WARNING] - Timeout '0' is invalid. Using default page load timeout: '30'

2023-10-05 15:39:51 - [MESSAGE][PASSED] - Object 'Object Repository/Product Ecommerce/Verifikasi product/Verifikasi variasi Bertambah' is present]]></system-out>
         <system-err><![CDATA[]]></system-err>
      </testcase>
      <testcase name="Test Cases/Product Ecommerce/TC-PE-008" time="14.522" classname="Test Cases/Product Ecommerce/TC-PE-008" status="PASSED">
         <system-out><![CDATA[2023-10-05 15:39:51 - [TEST_CASE][PASSED] - Test Cases/Product Ecommerce/TC-PE-008: Test Cases/Product Ecommerce/TC-PE-008

2023-10-05 15:39:52 - [TEST_STEP][PASSED] - callTestCase(findTestCase("Product Ecommerce/TC-PE-001"), [:], STOP_ON_FAILURE): Call Test Case 'Test Cases/Product Ecommerce/TC-PE-001' successfully

2023-10-05 15:39:52 - [TEST_CASE][PASSED] - Test Cases/Product Ecommerce/TC-PE-001: Test Cases/Product Ecommerce/TC-PE-001

2023-10-05 15:39:52 - [TEST_STEP][PASSED] - callTestCase(findTestCase("Login Ecommerce/TC-Login Ecomerce-001"), [:], STOP_ON_FAILURE): Call Test Case 'Test Cases/Login Ecommerce/TC-Login Ecomerce-001' successfully

2023-10-05 15:39:52 - [TEST_CASE][PASSED] - Test Cases/Login Ecommerce/TC-Login Ecomerce-001: Test Cases/Login Ecommerce/TC-Login Ecomerce-001

2023-10-05 15:39:52 - [TEST_STEP][PASSED] - openBrowser(userTajalapak): Browser is opened with url: 'https://10.9.2.63/ecommerce/'

2023-10-05 15:39:52 - [MESSAGE][WARNING] - A browser is already opened. Closing browser and opening a new one

2023-10-05 15:39:53 - [MESSAGE][INFO] - Starting 'Edge Chromium' driver

2023-10-05 15:39:53 - [MESSAGE][INFO] - User set preference: ['acceptInsecureCerts', 'true']

2023-10-05 15:39:55 - [MESSAGE][INFO] - Action delay is set to 0 milliseconds

2023-10-05 15:39:57 - [MESSAGE][PASSED] - Browser is opened with url: 'https://10.9.2.63/ecommerce/'

2023-10-05 15:39:57 - [TEST_STEP][PASSED] - maximizeWindow(): Current window maximized

2023-10-05 15:39:57 - [MESSAGE][PASSED] - Current window maximized

2023-10-05 15:39:57 - [TEST_STEP][PASSED] - verifyElementPresent(findTestObject("Login Ecommerce/Verifikasi Halaman Login Akun"), 0): Object 'Object Repository/Login Ecommerce/Verifikasi Halaman Login Akun' is present

2023-10-05 15:39:57 - [MESSAGE][WARNING] - Timeout '0' is invalid. Using default page load timeout: '30'

2023-10-05 15:39:58 - [MESSAGE][PASSED] - Object 'Object Repository/Login Ecommerce/Verifikasi Halaman Login Akun' is present

2023-10-05 15:39:58 - [TEST_STEP][PASSED] - click(findTestObject("Login Ecommerce/Login Akun")): Object: 'Object Repository/Login Ecommerce/Login Akun' is clicked on

2023-10-05 15:39:58 - [MESSAGE][PASSED] - Object: 'Object Repository/Login Ecommerce/Login Akun' is clicked on

2023-10-05 15:39:58 - [TEST_STEP][PASSED] - verifyElementPresent(findTestObject("Login Ecommerce/Verifikasi Halaman Login Akun"), 0): Object 'Object Repository/Login Ecommerce/Verifikasi Halaman Login Akun' is present

2023-10-05 15:39:58 - [MESSAGE][WARNING] - Timeout '0' is invalid. Using default page load timeout: '30'

2023-10-05 15:39:59 - [MESSAGE][PASSED] - Object 'Object Repository/Login Ecommerce/Verifikasi Halaman Login Akun' is present

2023-10-05 15:39:59 - [TEST_STEP][PASSED] - setText(findTestObject("Login Ecommerce/Input Username"), "riswandha"): Text 'riswandha' is set on object 'Object Repository/Login Ecommerce/Input Username'

2023-10-05 15:40:00 - [MESSAGE][PASSED] - Text 'riswandha' is set on object 'Object Repository/Login Ecommerce/Input Username'

2023-10-05 15:40:00 - [TEST_STEP][PASSED] - setEncryptedText(findTestObject("Login Ecommerce/Input Password"), "iGDxf8hSRT4="): Text ****** has been set on object 'Object Repository/Login Ecommerce/Input Password'

2023-10-05 15:40:01 - [MESSAGE][PASSED] - Text ****** has been set on object 'Object Repository/Login Ecommerce/Input Password'

2023-10-05 15:40:01 - [TEST_STEP][PASSED] - click(findTestObject("Login Ecommerce/Button Masuk")): Object: 'Object Repository/Login Ecommerce/Button Masuk' is clicked on

2023-10-05 15:40:01 - [MESSAGE][PASSED] - Object: 'Object Repository/Login Ecommerce/Button Masuk' is clicked on

2023-10-05 15:40:01 - [TEST_STEP][PASSED] - verifyElementPresent(findTestObject("Login Ecommerce/Verifikasi Login Akun"), 0): Object 'Object Repository/Login Ecommerce/Verifikasi Login Akun' is present

2023-10-05 15:40:01 - [MESSAGE][WARNING] - Timeout '0' is invalid. Using default page load timeout: '30'

2023-10-05 15:40:02 - [MESSAGE][PASSED] - Object 'Object Repository/Login Ecommerce/Verifikasi Login Akun' is present

2023-10-05 15:40:02 - [MESSAGE][PASSED] - Call Test Case 'Test Cases/Login Ecommerce/TC-Login Ecomerce-001' successfully

2023-10-05 15:40:02 - [TEST_STEP][PASSED] - mouseOver(findTestObject("Product Ecommerce/Button Menu toko")): Object: 'Object Repository/Product Ecommerce/Button Menu toko' is hovered

2023-10-05 15:40:03 - [MESSAGE][PASSED] - Object: 'Object Repository/Product Ecommerce/Button Menu toko' is hovered

2023-10-05 15:40:03 - [TEST_STEP][PASSED] - click(findTestObject("Product Ecommerce/Button Daftar Produk")): Object: 'Object Repository/Product Ecommerce/Button Daftar Produk' is clicked on

2023-10-05 15:40:03 - [MESSAGE][PASSED] - Object: 'Object Repository/Product Ecommerce/Button Daftar Produk' is clicked on

2023-10-05 15:40:03 - [TEST_STEP][PASSED] - verifyElementPresent(findTestObject("Product Ecommerce/Verifikasi Halaman Product Anda"), 0): Object 'Object Repository/Product Ecommerce/Verifikasi Halaman Product Anda' is present

2023-10-05 15:40:03 - [MESSAGE][WARNING] - Timeout '0' is invalid. Using default page load timeout: '30'

2023-10-05 15:40:04 - [MESSAGE][PASSED] - Object 'Object Repository/Product Ecommerce/Verifikasi Halaman Product Anda' is present

2023-10-05 15:40:04 - [MESSAGE][PASSED] - Call Test Case 'Test Cases/Product Ecommerce/TC-PE-001' successfully

2023-10-05 15:40:04 - [TEST_STEP][PASSED] - click(findTestObject("Product Ecommerce/Tambahkan Produk")): Object: 'Object Repository/Product Ecommerce/Tambahkan Produk' is clicked on

2023-10-05 15:40:05 - [MESSAGE][PASSED] - Object: 'Object Repository/Product Ecommerce/Tambahkan Produk' is clicked on

2023-10-05 15:40:05 - [TEST_STEP][PASSED] - click(findTestObject("Product Ecommerce/Tambahkan Product/Input Hapus Kolom Variasi 1")): Object: 'Object Repository/Product Ecommerce/Tambahkan Product/Input Hapus Kolom Variasi 1' is clicked on

2023-10-05 15:40:05 - [MESSAGE][PASSED] - Object: 'Object Repository/Product Ecommerce/Tambahkan Product/Input Hapus Kolom Variasi 1' is clicked on

2023-10-05 15:40:05 - [TEST_STEP][PASSED] - verifyElementNotPresent(findTestObject("Product Ecommerce/Verifikasi product/Verifikasi variasi Berkurang"), 0): Web element with id: 'Object Repository/Product Ecommerce/Verifikasi product/Verifikasi variasi Berkurang' located by 'By.xpath: //input[@id='warna_2']' is not present after '30' second(s)

2023-10-05 15:40:06 - [MESSAGE][WARNING] - Timeout '0' is invalid. Using default page load timeout: '30'

2023-10-05 15:40:06 - [MESSAGE][PASSED] - Web element with id: 'Object Repository/Product Ecommerce/Verifikasi product/Verifikasi variasi Berkurang' located by 'By.xpath: //input[@id='warna_2']' is not present after '30' second(s)]]></system-out>
         <system-err><![CDATA[]]></system-err>
      </testcase>
      <testcase name="Test Cases/Product Ecommerce/TC-PE-009" time="20.029" classname="Test Cases/Product Ecommerce/TC-PE-009" status="PASSED">
         <system-out><![CDATA[2023-10-05 15:40:06 - [TEST_CASE][PASSED] - Test Cases/Product Ecommerce/TC-PE-009: Test Cases/Product Ecommerce/TC-PE-009

2023-10-05 15:40:06 - [TEST_STEP][PASSED] - callTestCase(findTestCase("Product Ecommerce/TC-PE-001"), [:], STOP_ON_FAILURE): Call Test Case 'Test Cases/Product Ecommerce/TC-PE-001' successfully

2023-10-05 15:40:06 - [TEST_CASE][PASSED] - Test Cases/Product Ecommerce/TC-PE-001: Test Cases/Product Ecommerce/TC-PE-001

2023-10-05 15:40:06 - [TEST_STEP][PASSED] - callTestCase(findTestCase("Login Ecommerce/TC-Login Ecomerce-001"), [:], STOP_ON_FAILURE): Call Test Case 'Test Cases/Login Ecommerce/TC-Login Ecomerce-001' successfully

2023-10-05 15:40:06 - [TEST_CASE][PASSED] - Test Cases/Login Ecommerce/TC-Login Ecomerce-001: Test Cases/Login Ecommerce/TC-Login Ecomerce-001

2023-10-05 15:40:06 - [TEST_STEP][PASSED] - openBrowser(userTajalapak): Browser is opened with url: 'https://10.9.2.63/ecommerce/'

2023-10-05 15:40:06 - [MESSAGE][WARNING] - A browser is already opened. Closing browser and opening a new one

2023-10-05 15:40:07 - [MESSAGE][INFO] - Starting 'Edge Chromium' driver

2023-10-05 15:40:07 - [MESSAGE][INFO] - User set preference: ['acceptInsecureCerts', 'true']

2023-10-05 15:40:09 - [MESSAGE][INFO] - Action delay is set to 0 milliseconds

2023-10-05 15:40:12 - [MESSAGE][PASSED] - Browser is opened with url: 'https://10.9.2.63/ecommerce/'

2023-10-05 15:40:12 - [TEST_STEP][PASSED] - maximizeWindow(): Current window maximized

2023-10-05 15:40:12 - [MESSAGE][PASSED] - Current window maximized

2023-10-05 15:40:12 - [TEST_STEP][PASSED] - verifyElementPresent(findTestObject("Login Ecommerce/Verifikasi Halaman Login Akun"), 0): Object 'Object Repository/Login Ecommerce/Verifikasi Halaman Login Akun' is present

2023-10-05 15:40:12 - [MESSAGE][WARNING] - Timeout '0' is invalid. Using default page load timeout: '30'

2023-10-05 15:40:13 - [MESSAGE][PASSED] - Object 'Object Repository/Login Ecommerce/Verifikasi Halaman Login Akun' is present

2023-10-05 15:40:13 - [TEST_STEP][PASSED] - click(findTestObject("Login Ecommerce/Login Akun")): Object: 'Object Repository/Login Ecommerce/Login Akun' is clicked on

2023-10-05 15:40:13 - [MESSAGE][PASSED] - Object: 'Object Repository/Login Ecommerce/Login Akun' is clicked on

2023-10-05 15:40:13 - [TEST_STEP][PASSED] - verifyElementPresent(findTestObject("Login Ecommerce/Verifikasi Halaman Login Akun"), 0): Object 'Object Repository/Login Ecommerce/Verifikasi Halaman Login Akun' is present

2023-10-05 15:40:13 - [MESSAGE][WARNING] - Timeout '0' is invalid. Using default page load timeout: '30'

2023-10-05 15:40:14 - [MESSAGE][PASSED] - Object 'Object Repository/Login Ecommerce/Verifikasi Halaman Login Akun' is present

2023-10-05 15:40:14 - [TEST_STEP][PASSED] - setText(findTestObject("Login Ecommerce/Input Username"), "riswandha"): Text 'riswandha' is set on object 'Object Repository/Login Ecommerce/Input Username'

2023-10-05 15:40:14 - [MESSAGE][PASSED] - Text 'riswandha' is set on object 'Object Repository/Login Ecommerce/Input Username'

2023-10-05 15:40:14 - [TEST_STEP][PASSED] - setEncryptedText(findTestObject("Login Ecommerce/Input Password"), "iGDxf8hSRT4="): Text ****** has been set on object 'Object Repository/Login Ecommerce/Input Password'

2023-10-05 15:40:15 - [MESSAGE][PASSED] - Text ****** has been set on object 'Object Repository/Login Ecommerce/Input Password'

2023-10-05 15:40:15 - [TEST_STEP][PASSED] - click(findTestObject("Login Ecommerce/Button Masuk")): Object: 'Object Repository/Login Ecommerce/Button Masuk' is clicked on

2023-10-05 15:40:16 - [MESSAGE][PASSED] - Object: 'Object Repository/Login Ecommerce/Button Masuk' is clicked on

2023-10-05 15:40:16 - [TEST_STEP][PASSED] - verifyElementPresent(findTestObject("Login Ecommerce/Verifikasi Login Akun"), 0): Object 'Object Repository/Login Ecommerce/Verifikasi Login Akun' is present

2023-10-05 15:40:16 - [MESSAGE][WARNING] - Timeout '0' is invalid. Using default page load timeout: '30'

2023-10-05 15:40:16 - [MESSAGE][PASSED] - Object 'Object Repository/Login Ecommerce/Verifikasi Login Akun' is present

2023-10-05 15:40:16 - [MESSAGE][PASSED] - Call Test Case 'Test Cases/Login Ecommerce/TC-Login Ecomerce-001' successfully

2023-10-05 15:40:16 - [TEST_STEP][PASSED] - mouseOver(findTestObject("Product Ecommerce/Button Menu toko")): Object: 'Object Repository/Product Ecommerce/Button Menu toko' is hovered

2023-10-05 15:40:17 - [MESSAGE][PASSED] - Object: 'Object Repository/Product Ecommerce/Button Menu toko' is hovered

2023-10-05 15:40:17 - [TEST_STEP][PASSED] - click(findTestObject("Product Ecommerce/Button Daftar Produk")): Object: 'Object Repository/Product Ecommerce/Button Daftar Produk' is clicked on

2023-10-05 15:40:18 - [MESSAGE][PASSED] - Object: 'Object Repository/Product Ecommerce/Button Daftar Produk' is clicked on

2023-10-05 15:40:18 - [TEST_STEP][PASSED] - verifyElementPresent(findTestObject("Product Ecommerce/Verifikasi Halaman Product Anda"), 0): Object 'Object Repository/Product Ecommerce/Verifikasi Halaman Product Anda' is present

2023-10-05 15:40:18 - [MESSAGE][WARNING] - Timeout '0' is invalid. Using default page load timeout: '30'

2023-10-05 15:40:18 - [MESSAGE][PASSED] - Object 'Object Repository/Product Ecommerce/Verifikasi Halaman Product Anda' is present

2023-10-05 15:40:18 - [MESSAGE][PASSED] - Call Test Case 'Test Cases/Product Ecommerce/TC-PE-001' successfully

2023-10-05 15:40:18 - [TEST_STEP][PASSED] - mouseOver(findTestObject("Product Ecommerce/Image Gambar produk 1")): Object: 'Object Repository/Product Ecommerce/Image Gambar produk 1' is hovered

2023-10-05 15:40:19 - [MESSAGE][PASSED] - Object: 'Object Repository/Product Ecommerce/Image Gambar produk 1' is hovered

2023-10-05 15:40:19 - [TEST_STEP][PASSED] - click(findTestObject("Product Ecommerce/Tambahkan Product/Edit Data")): Object: 'Object Repository/Product Ecommerce/Tambahkan Product/Edit Data' is clicked on

2023-10-05 15:40:20 - [MESSAGE][PASSED] - Object: 'Object Repository/Product Ecommerce/Tambahkan Product/Edit Data' is clicked on

2023-10-05 15:40:20 - [TEST_STEP][PASSED] - click(findTestObject("Product Ecommerce/Kupon/Button Buat Product")): Object: 'Object Repository/Product Ecommerce/Kupon/Button Buat Product' is clicked on

2023-10-05 15:40:20 - [MESSAGE][PASSED] - Object: 'Object Repository/Product Ecommerce/Kupon/Button Buat Product' is clicked on

2023-10-05 15:40:20 - [TEST_STEP][PASSED] - verifyElementPresent(findTestObject("Product Ecommerce/Kupon/Verifikasi Halaman Voucher Product"), 0): Object 'Object Repository/Product Ecommerce/Kupon/Verifikasi Halaman Voucher Product' is present

2023-10-05 15:40:20 - [MESSAGE][WARNING] - Timeout '0' is invalid. Using default page load timeout: '30'

2023-10-05 15:40:21 - [MESSAGE][PASSED] - Object 'Object Repository/Product Ecommerce/Kupon/Verifikasi Halaman Voucher Product' is present

2023-10-05 15:40:21 - [TEST_STEP][PASSED] - setText(findTestObject("Product Ecommerce/Kupon/Input Kode Kupon"), kodeKupon): Text 'product30' is set on object 'Object Repository/Product Ecommerce/Kupon/Input Kode Kupon'

2023-10-05 15:40:22 - [MESSAGE][PASSED] - Text 'product30' is set on object 'Object Repository/Product Ecommerce/Kupon/Input Kode Kupon'

2023-10-05 15:40:22 - [TEST_STEP][PASSED] - setText(findTestObject("Product Ecommerce/Kupon/Input Jumlah Kode kupon"), jumlah): Text '4' is set on object 'Object Repository/Product Ecommerce/Kupon/Input Jumlah Kode kupon'

2023-10-05 15:40:22 - [MESSAGE][PASSED] - Text '4' is set on object 'Object Repository/Product Ecommerce/Kupon/Input Jumlah Kode kupon'

2023-10-05 15:40:22 - [TEST_STEP][PASSED] - setText(findTestObject("Product Ecommerce/Kupon/Input Masa Berlaku"), expired): Text '2023-11-11' is set on object 'Object Repository/Product Ecommerce/Kupon/Input Masa Berlaku'

2023-10-05 15:40:23 - [MESSAGE][PASSED] - Text '2023-11-11' is set on object 'Object Repository/Product Ecommerce/Kupon/Input Masa Berlaku'

2023-10-05 15:40:23 - [TEST_STEP][PASSED] - setText(findTestObject("Product Ecommerce/Kupon/Input Min Order"), minOrder): Text '2' is set on object 'Object Repository/Product Ecommerce/Kupon/Input Min Order'

2023-10-05 15:40:24 - [MESSAGE][PASSED] - Text '2' is set on object 'Object Repository/Product Ecommerce/Kupon/Input Min Order'

2023-10-05 15:40:24 - [TEST_STEP][PASSED] - setText(findTestObject("Product Ecommerce/Kupon/Input Nilai Kupon"), nilai): Text '300' is set on object 'Object Repository/Product Ecommerce/Kupon/Input Nilai Kupon'

2023-10-05 15:40:25 - [MESSAGE][PASSED] - Text '300' is set on object 'Object Repository/Product Ecommerce/Kupon/Input Nilai Kupon'

2023-10-05 15:40:25 - [TEST_STEP][PASSED] - click(findTestObject("Product Ecommerce/Kupon/Button Simpan")): Object: 'Object Repository/Product Ecommerce/Kupon/Button Simpan' is clicked on

2023-10-05 15:40:25 - [MESSAGE][PASSED] - Object: 'Object Repository/Product Ecommerce/Kupon/Button Simpan' is clicked on

2023-10-05 15:40:25 - [TEST_STEP][PASSED] - dataList = findWebElements(findTestObject("Object Repository/Product Ecommerce/Kupon/Data Semua Voucher"), 10): null

2023-10-05 15:40:26 - [TEST_STEP][PASSED] - dataKupon = "": null

2023-10-05 15:40:26 - [TEST_STEP][PASSED] - for ([i = 0, i < dataList.size(), (i++)]): null

2023-10-05 15:40:26 - [TEST_STEP][PASSED] - text = text: null

2023-10-05 15:40:26 - [TEST_STEP][PASSED] - dataKupon = dataKupon + text: null

2023-10-05 15:40:26 - [TEST_STEP][PASSED] - println(dataKupon): null

2023-10-05 15:40:26 - [TEST_STEP][PASSED] - assert dataKupon.contains(kodeKupon): null

2023-10-05 15:40:26 - [TEST_STEP][PASSED] - assert dataKupon.contains(jumlah): null

2023-10-05 15:40:26 - [TEST_STEP][PASSED] - assert dataKupon.contains(expired): null

2023-10-05 15:40:26 - [TEST_STEP][PASSED] - assert dataKupon.contains(minOrder): null

2023-10-05 15:40:26 - [TEST_STEP][PASSED] - assert dataKupon.contains(nilai): null]]></system-out>
         <system-err><![CDATA[]]></system-err>
      </testcase>
      <testcase name="Test Cases/Product Ecommerce/TC-PE-010" time="18.405" classname="Test Cases/Product Ecommerce/TC-PE-010" status="PASSED">
         <system-out><![CDATA[2023-10-05 15:40:26 - [TEST_CASE][PASSED] - Test Cases/Product Ecommerce/TC-PE-010: Test Cases/Product Ecommerce/TC-PE-010

2023-10-05 15:40:26 - [TEST_STEP][PASSED] - callTestCase(findTestCase("Product Ecommerce/TC-PE-001"), [:], STOP_ON_FAILURE): Call Test Case 'Test Cases/Product Ecommerce/TC-PE-001' successfully

2023-10-05 15:40:26 - [TEST_CASE][PASSED] - Test Cases/Product Ecommerce/TC-PE-001: Test Cases/Product Ecommerce/TC-PE-001

2023-10-05 15:40:26 - [TEST_STEP][PASSED] - callTestCase(findTestCase("Login Ecommerce/TC-Login Ecomerce-001"), [:], STOP_ON_FAILURE): Call Test Case 'Test Cases/Login Ecommerce/TC-Login Ecomerce-001' successfully

2023-10-05 15:40:26 - [TEST_CASE][PASSED] - Test Cases/Login Ecommerce/TC-Login Ecomerce-001: Test Cases/Login Ecommerce/TC-Login Ecomerce-001

2023-10-05 15:40:26 - [TEST_STEP][PASSED] - openBrowser(userTajalapak): Browser is opened with url: 'https://10.9.2.63/ecommerce/'

2023-10-05 15:40:26 - [MESSAGE][WARNING] - A browser is already opened. Closing browser and opening a new one

2023-10-05 15:40:27 - [MESSAGE][INFO] - Starting 'Edge Chromium' driver

2023-10-05 15:40:27 - [MESSAGE][INFO] - User set preference: ['acceptInsecureCerts', 'true']

2023-10-05 15:40:29 - [MESSAGE][INFO] - Action delay is set to 0 milliseconds

2023-10-05 15:40:33 - [MESSAGE][PASSED] - Browser is opened with url: 'https://10.9.2.63/ecommerce/'

2023-10-05 15:40:33 - [TEST_STEP][PASSED] - maximizeWindow(): Current window maximized

2023-10-05 15:40:33 - [MESSAGE][PASSED] - Current window maximized

2023-10-05 15:40:33 - [TEST_STEP][PASSED] - verifyElementPresent(findTestObject("Login Ecommerce/Verifikasi Halaman Login Akun"), 0): Object 'Object Repository/Login Ecommerce/Verifikasi Halaman Login Akun' is present

2023-10-05 15:40:33 - [MESSAGE][WARNING] - Timeout '0' is invalid. Using default page load timeout: '30'

2023-10-05 15:40:34 - [MESSAGE][PASSED] - Object 'Object Repository/Login Ecommerce/Verifikasi Halaman Login Akun' is present

2023-10-05 15:40:34 - [TEST_STEP][PASSED] - click(findTestObject("Login Ecommerce/Login Akun")): Object: 'Object Repository/Login Ecommerce/Login Akun' is clicked on

2023-10-05 15:40:34 - [MESSAGE][PASSED] - Object: 'Object Repository/Login Ecommerce/Login Akun' is clicked on

2023-10-05 15:40:34 - [TEST_STEP][PASSED] - verifyElementPresent(findTestObject("Login Ecommerce/Verifikasi Halaman Login Akun"), 0): Object 'Object Repository/Login Ecommerce/Verifikasi Halaman Login Akun' is present

2023-10-05 15:40:34 - [MESSAGE][WARNING] - Timeout '0' is invalid. Using default page load timeout: '30'

2023-10-05 15:40:35 - [MESSAGE][PASSED] - Object 'Object Repository/Login Ecommerce/Verifikasi Halaman Login Akun' is present

2023-10-05 15:40:35 - [TEST_STEP][PASSED] - setText(findTestObject("Login Ecommerce/Input Username"), "riswandha"): Text 'riswandha' is set on object 'Object Repository/Login Ecommerce/Input Username'

2023-10-05 15:40:35 - [MESSAGE][PASSED] - Text 'riswandha' is set on object 'Object Repository/Login Ecommerce/Input Username'

2023-10-05 15:40:35 - [TEST_STEP][PASSED] - setEncryptedText(findTestObject("Login Ecommerce/Input Password"), "iGDxf8hSRT4="): Text ****** has been set on object 'Object Repository/Login Ecommerce/Input Password'

2023-10-05 15:40:36 - [MESSAGE][PASSED] - Text ****** has been set on object 'Object Repository/Login Ecommerce/Input Password'

2023-10-05 15:40:36 - [TEST_STEP][PASSED] - click(findTestObject("Login Ecommerce/Button Masuk")): Object: 'Object Repository/Login Ecommerce/Button Masuk' is clicked on

2023-10-05 15:40:37 - [MESSAGE][PASSED] - Object: 'Object Repository/Login Ecommerce/Button Masuk' is clicked on

2023-10-05 15:40:37 - [TEST_STEP][PASSED] - verifyElementPresent(findTestObject("Login Ecommerce/Verifikasi Login Akun"), 0): Object 'Object Repository/Login Ecommerce/Verifikasi Login Akun' is present

2023-10-05 15:40:37 - [MESSAGE][WARNING] - Timeout '0' is invalid. Using default page load timeout: '30'

2023-10-05 15:40:37 - [MESSAGE][PASSED] - Object 'Object Repository/Login Ecommerce/Verifikasi Login Akun' is present

2023-10-05 15:40:37 - [MESSAGE][PASSED] - Call Test Case 'Test Cases/Login Ecommerce/TC-Login Ecomerce-001' successfully

2023-10-05 15:40:37 - [TEST_STEP][PASSED] - mouseOver(findTestObject("Product Ecommerce/Button Menu toko")): Object: 'Object Repository/Product Ecommerce/Button Menu toko' is hovered

2023-10-05 15:40:38 - [MESSAGE][PASSED] - Object: 'Object Repository/Product Ecommerce/Button Menu toko' is hovered

2023-10-05 15:40:38 - [TEST_STEP][PASSED] - click(findTestObject("Product Ecommerce/Button Daftar Produk")): Object: 'Object Repository/Product Ecommerce/Button Daftar Produk' is clicked on

2023-10-05 15:40:39 - [MESSAGE][PASSED] - Object: 'Object Repository/Product Ecommerce/Button Daftar Produk' is clicked on

2023-10-05 15:40:39 - [TEST_STEP][PASSED] - verifyElementPresent(findTestObject("Product Ecommerce/Verifikasi Halaman Product Anda"), 0): Object 'Object Repository/Product Ecommerce/Verifikasi Halaman Product Anda' is present

2023-10-05 15:40:39 - [MESSAGE][WARNING] - Timeout '0' is invalid. Using default page load timeout: '30'

2023-10-05 15:40:39 - [MESSAGE][PASSED] - Object 'Object Repository/Product Ecommerce/Verifikasi Halaman Product Anda' is present

2023-10-05 15:40:39 - [MESSAGE][PASSED] - Call Test Case 'Test Cases/Product Ecommerce/TC-PE-001' successfully

2023-10-05 15:40:39 - [TEST_STEP][PASSED] - mouseOver(findTestObject("Product Ecommerce/Image Gambar produk 1")): Object: 'Object Repository/Product Ecommerce/Image Gambar produk 1' is hovered

2023-10-05 15:40:40 - [MESSAGE][PASSED] - Object: 'Object Repository/Product Ecommerce/Image Gambar produk 1' is hovered

2023-10-05 15:40:40 - [TEST_STEP][PASSED] - click(findTestObject("Product Ecommerce/Tambahkan Product/Edit Data")): Object: 'Object Repository/Product Ecommerce/Tambahkan Product/Edit Data' is clicked on

2023-10-05 15:40:41 - [MESSAGE][PASSED] - Object: 'Object Repository/Product Ecommerce/Tambahkan Product/Edit Data' is clicked on

2023-10-05 15:40:41 - [TEST_STEP][PASSED] - click(findTestObject("Product Ecommerce/Kupon/Button Buat Product")): Object: 'Object Repository/Product Ecommerce/Kupon/Button Buat Product' is clicked on

2023-10-05 15:40:41 - [MESSAGE][PASSED] - Object: 'Object Repository/Product Ecommerce/Kupon/Button Buat Product' is clicked on

2023-10-05 15:40:41 - [TEST_STEP][PASSED] - verifyElementPresent(findTestObject("Product Ecommerce/Kupon/Verifikasi Halaman Voucher Product"), 0): Object 'Object Repository/Product Ecommerce/Kupon/Verifikasi Halaman Voucher Product' is present

2023-10-05 15:40:41 - [MESSAGE][WARNING] - Timeout '0' is invalid. Using default page load timeout: '30'

2023-10-05 15:40:42 - [MESSAGE][PASSED] - Object 'Object Repository/Product Ecommerce/Kupon/Verifikasi Halaman Voucher Product' is present

2023-10-05 15:40:42 - [TEST_STEP][PASSED] - click(findTestObject("Product Ecommerce/Kupon/Button Edit Voucher")): Object: 'Object Repository/Product Ecommerce/Kupon/Button Edit Voucher' is clicked on

2023-10-05 15:40:42 - [MESSAGE][PASSED] - Object: 'Object Repository/Product Ecommerce/Kupon/Button Edit Voucher' is clicked on

2023-10-05 15:40:42 - [TEST_STEP][PASSED] - setText(findTestObject("Product Ecommerce/Kupon/Input Kode Kupon"), kodeKupon): Text 'Product31' is set on object 'Object Repository/Product Ecommerce/Kupon/Input Kode Kupon'

2023-10-05 15:40:43 - [MESSAGE][PASSED] - Text 'Product31' is set on object 'Object Repository/Product Ecommerce/Kupon/Input Kode Kupon'

2023-10-05 15:40:43 - [TEST_STEP][PASSED] - click(findTestObject("Product Ecommerce/Kupon/Button Simpan")): Object: 'Object Repository/Product Ecommerce/Kupon/Button Simpan' is clicked on

2023-10-05 15:40:44 - [MESSAGE][PASSED] - Object: 'Object Repository/Product Ecommerce/Kupon/Button Simpan' is clicked on

2023-10-05 15:40:44 - [TEST_STEP][PASSED] - dataList = findWebElements(findTestObject("Object Repository/Product Ecommerce/Kupon/Data Semua Voucher"), 10): null

2023-10-05 15:40:44 - [TEST_STEP][PASSED] - dataKupon = "": null

2023-10-05 15:40:44 - [TEST_STEP][PASSED] - for ([i = 0, i < dataList.size(), (i++)]): null

2023-10-05 15:40:44 - [TEST_STEP][PASSED] - text = text: null

2023-10-05 15:40:44 - [TEST_STEP][PASSED] - dataKupon = dataKupon + text: null

2023-10-05 15:40:44 - [TEST_STEP][PASSED] - println(dataKupon): null

2023-10-05 15:40:44 - [TEST_STEP][PASSED] - assert dataKupon.contains(kodeKupon): null]]></system-out>
         <system-err><![CDATA[]]></system-err>
      </testcase>
      <testcase name="Test Cases/Product Ecommerce/TC-PE-011" time="46.296" classname="Test Cases/Product Ecommerce/TC-PE-011" status="FAILED">
         <failure type="FAILED" message="Test Cases/Product Ecommerce/TC-PE-011 FAILED.
Reason:
com.kms.katalon.core.exception.StepFailedException: Unable to verify object 'Object Repository/Product Ecommerce/Kupon/Button Edit Voucher' is not present
	at com.kms.katalon.core.webui.keyword.internal.WebUIKeywordMain.stepFailed(WebUIKeywordMain.groovy:64)
	at com.kms.katalon.core.webui.keyword.internal.WebUIKeywordMain.runKeyword(WebUIKeywordMain.groovy:26)
	at com.kms.katalon.core.webui.keyword.internal.WebUIKeywordMain$runKeyword.call(Unknown Source)
	at com.kms.katalon.core.webui.keyword.builtin.VerifyElementNotPresentKeyword.verifyElementNotPresent(VerifyElementNotPresentKeyword.groovy:122)
	at com.kms.katalon.core.webui.keyword.builtin.VerifyElementNotPresentKeyword.execute(VerifyElementNotPresentKeyword.groovy:68)
	at com.kms.katalon.core.keyword.internal.KeywordExecutor.executeKeywordForPlatform(KeywordExecutor.groovy:74)
	at com.kms.katalon.core.webui.keyword.WebUiBuiltInKeywords.verifyElementNotPresent(WebUiBuiltInKeywords.groovy:1497)
	at com.kms.katalon.core.webui.keyword.WebUiBuiltInKeywords$verifyElementNotPresent$14.call(Unknown Source)
	at TC-PE-011.run(TC-PE-011:32)
	at com.kms.katalon.core.main.ScriptEngine.run(ScriptEngine.java:194)
	at com.kms.katalon.core.main.ScriptEngine.runScriptAsRawText(ScriptEngine.java:119)
	at com.kms.katalon.core.main.TestCaseExecutor.runScript(TestCaseExecutor.java:448)
	at com.kms.katalon.core.main.TestCaseExecutor.doExecute(TestCaseExecutor.java:439)
	at com.kms.katalon.core.main.TestCaseExecutor.processExecutionPhase(TestCaseExecutor.java:418)
	at com.kms.katalon.core.main.TestCaseExecutor.accessMainPhase(TestCaseExecutor.java:410)
	at com.kms.katalon.core.main.TestCaseExecutor.execute(TestCaseExecutor.java:285)
	at com.kms.katalon.core.common.CommonExecutor.accessTestCaseMainPhase(CommonExecutor.java:65)
	at com.kms.katalon.core.main.TestSuiteExecutor.accessTestSuiteMainPhase(TestSuiteExecutor.java:148)
	at com.kms.katalon.core.main.TestSuiteExecutor.execute(TestSuiteExecutor.java:106)
	at com.kms.katalon.core.main.TestCaseMain.startTestSuite(TestCaseMain.java:187)
	at com.kms.katalon.core.main.TestCaseMain$startTestSuite$0.call(Unknown Source)
	at TempTestSuite1696494982531.run(TempTestSuite1696494982531.groovy:36)
Caused by: com.kms.katalon.core.exception.StepFailedException: Web element with id: 'Object Repository/Product Ecommerce/Kupon/Button Edit Voucher' located by 'By.xpath: /html/body/div[12]/div/div/div[2]/div/div/table/tbody/tr[1]/td[7]/a[1]' is present after '30' second(s)
	at com.kms.katalon.core.webui.keyword.internal.WebUIKeywordMain.stepFailed(WebUIKeywordMain.groovy:64)
	at com.kms.katalon.core.webui.keyword.internal.WebUIKeywordMain$stepFailed$0.call(Unknown Source)
	at com.kms.katalon.core.webui.keyword.builtin.VerifyElementNotPresentKeyword$_verifyElementNotPresent_closure1.doCall(VerifyElementNotPresentKeyword.groovy:113)
	at com.kms.katalon.core.webui.keyword.builtin.VerifyElementNotPresentKeyword$_verifyElementNotPresent_closure1.doCall(VerifyElementNotPresentKeyword.groovy)
	at com.kms.katalon.core.webui.keyword.internal.WebUIKeywordMain.runKeyword(WebUIKeywordMain.groovy:20)
	... 20 more
"/>
         <system-out><![CDATA[2023-10-05 15:40:44 - [TEST_CASE][FAILED] - Test Cases/Product Ecommerce/TC-PE-011: Test Cases/Product Ecommerce/TC-PE-011 FAILED.
Reason:
com.kms.katalon.core.exception.StepFailedException: Unable to verify object 'Object Repository/Product Ecommerce/Kupon/Button Edit Voucher' is not present
	at com.kms.katalon.core.webui.keyword.internal.WebUIKeywordMain.stepFailed(WebUIKeywordMain.groovy:64)
	at com.kms.katalon.core.webui.keyword.internal.WebUIKeywordMain.runKeyword(WebUIKeywordMain.groovy:26)
	at com.kms.katalon.core.webui.keyword.internal.WebUIKeywordMain$runKeyword.call(Unknown Source)
	at com.kms.katalon.core.webui.keyword.builtin.VerifyElementNotPresentKeyword.verifyElementNotPresent(VerifyElementNotPresentKeyword.groovy:122)
	at com.kms.katalon.core.webui.keyword.builtin.VerifyElementNotPresentKeyword.execute(VerifyElementNotPresentKeyword.groovy:68)
	at com.kms.katalon.core.keyword.internal.KeywordExecutor.executeKeywordForPlatform(KeywordExecutor.groovy:74)
	at com.kms.katalon.core.webui.keyword.WebUiBuiltInKeywords.verifyElementNotPresent(WebUiBuiltInKeywords.groovy:1497)
	at com.kms.katalon.core.webui.keyword.WebUiBuiltInKeywords$verifyElementNotPresent$14.call(Unknown Source)
	at TC-PE-011.run(TC-PE-011:32)
	at com.kms.katalon.core.main.ScriptEngine.run(ScriptEngine.java:194)
	at com.kms.katalon.core.main.ScriptEngine.runScriptAsRawText(ScriptEngine.java:119)
	at com.kms.katalon.core.main.TestCaseExecutor.runScript(TestCaseExecutor.java:448)
	at com.kms.katalon.core.main.TestCaseExecutor.doExecute(TestCaseExecutor.java:439)
	at com.kms.katalon.core.main.TestCaseExecutor.processExecutionPhase(TestCaseExecutor.java:418)
	at com.kms.katalon.core.main.TestCaseExecutor.accessMainPhase(TestCaseExecutor.java:410)
	at com.kms.katalon.core.main.TestCaseExecutor.execute(TestCaseExecutor.java:285)
	at com.kms.katalon.core.common.CommonExecutor.accessTestCaseMainPhase(CommonExecutor.java:65)
	at com.kms.katalon.core.main.TestSuiteExecutor.accessTestSuiteMainPhase(TestSuiteExecutor.java:148)
	at com.kms.katalon.core.main.TestSuiteExecutor.execute(TestSuiteExecutor.java:106)
	at com.kms.katalon.core.main.TestCaseMain.startTestSuite(TestCaseMain.java:187)
	at com.kms.katalon.core.main.TestCaseMain$startTestSuite$0.call(Unknown Source)
	at TempTestSuite1696494982531.run(TempTestSuite1696494982531.groovy:36)
Caused by: com.kms.katalon.core.exception.StepFailedException: Web element with id: 'Object Repository/Product Ecommerce/Kupon/Button Edit Voucher' located by 'By.xpath: /html/body/div[12]/div/div/div[2]/div/div/table/tbody/tr[1]/td[7]/a[1]' is present after '30' second(s)
	at com.kms.katalon.core.webui.keyword.internal.WebUIKeywordMain.stepFailed(WebUIKeywordMain.groovy:64)
	at com.kms.katalon.core.webui.keyword.internal.WebUIKeywordMain$stepFailed$0.call(Unknown Source)
	at com.kms.katalon.core.webui.keyword.builtin.VerifyElementNotPresentKeyword$_verifyElementNotPresent_closure1.doCall(VerifyElementNotPresentKeyword.groovy:113)
	at com.kms.katalon.core.webui.keyword.builtin.VerifyElementNotPresentKeyword$_verifyElementNotPresent_closure1.doCall(VerifyElementNotPresentKeyword.groovy)
	at com.kms.katalon.core.webui.keyword.internal.WebUIKeywordMain.runKeyword(WebUIKeywordMain.groovy:20)
	... 20 more


2023-10-05 15:40:45 - [TEST_STEP][PASSED] - callTestCase(findTestCase("Product Ecommerce/TC-PE-001"), [:], STOP_ON_FAILURE): Call Test Case 'Test Cases/Product Ecommerce/TC-PE-001' successfully

2023-10-05 15:40:45 - [TEST_CASE][PASSED] - Test Cases/Product Ecommerce/TC-PE-001: Test Cases/Product Ecommerce/TC-PE-001

2023-10-05 15:40:45 - [TEST_STEP][PASSED] - callTestCase(findTestCase("Login Ecommerce/TC-Login Ecomerce-001"), [:], STOP_ON_FAILURE): Call Test Case 'Test Cases/Login Ecommerce/TC-Login Ecomerce-001' successfully

2023-10-05 15:40:45 - [TEST_CASE][PASSED] - Test Cases/Login Ecommerce/TC-Login Ecomerce-001: Test Cases/Login Ecommerce/TC-Login Ecomerce-001

2023-10-05 15:40:45 - [TEST_STEP][PASSED] - openBrowser(userTajalapak): Browser is opened with url: 'https://10.9.2.63/ecommerce/'

2023-10-05 15:40:45 - [MESSAGE][WARNING] - A browser is already opened. Closing browser and opening a new one

2023-10-05 15:40:46 - [MESSAGE][INFO] - Starting 'Edge Chromium' driver

2023-10-05 15:40:46 - [MESSAGE][INFO] - User set preference: ['acceptInsecureCerts', 'true']

2023-10-05 15:40:48 - [MESSAGE][INFO] - Action delay is set to 0 milliseconds

2023-10-05 15:40:51 - [MESSAGE][PASSED] - Browser is opened with url: 'https://10.9.2.63/ecommerce/'

2023-10-05 15:40:51 - [TEST_STEP][PASSED] - maximizeWindow(): Current window maximized

2023-10-05 15:40:51 - [MESSAGE][PASSED] - Current window maximized

2023-10-05 15:40:51 - [TEST_STEP][PASSED] - verifyElementPresent(findTestObject("Login Ecommerce/Verifikasi Halaman Login Akun"), 0): Object 'Object Repository/Login Ecommerce/Verifikasi Halaman Login Akun' is present

2023-10-05 15:40:51 - [MESSAGE][WARNING] - Timeout '0' is invalid. Using default page load timeout: '30'

2023-10-05 15:40:52 - [MESSAGE][PASSED] - Object 'Object Repository/Login Ecommerce/Verifikasi Halaman Login Akun' is present

2023-10-05 15:40:52 - [TEST_STEP][PASSED] - click(findTestObject("Login Ecommerce/Login Akun")): Object: 'Object Repository/Login Ecommerce/Login Akun' is clicked on

2023-10-05 15:40:52 - [MESSAGE][PASSED] - Object: 'Object Repository/Login Ecommerce/Login Akun' is clicked on

2023-10-05 15:40:52 - [TEST_STEP][PASSED] - verifyElementPresent(findTestObject("Login Ecommerce/Verifikasi Halaman Login Akun"), 0): Object 'Object Repository/Login Ecommerce/Verifikasi Halaman Login Akun' is present

2023-10-05 15:40:52 - [MESSAGE][WARNING] - Timeout '0' is invalid. Using default page load timeout: '30'

2023-10-05 15:40:53 - [MESSAGE][PASSED] - Object 'Object Repository/Login Ecommerce/Verifikasi Halaman Login Akun' is present

2023-10-05 15:40:53 - [TEST_STEP][PASSED] - setText(findTestObject("Login Ecommerce/Input Username"), "riswandha"): Text 'riswandha' is set on object 'Object Repository/Login Ecommerce/Input Username'

2023-10-05 15:40:54 - [MESSAGE][PASSED] - Text 'riswandha' is set on object 'Object Repository/Login Ecommerce/Input Username'

2023-10-05 15:40:54 - [TEST_STEP][PASSED] - setEncryptedText(findTestObject("Login Ecommerce/Input Password"), "iGDxf8hSRT4="): Text ****** has been set on object 'Object Repository/Login Ecommerce/Input Password'

2023-10-05 15:40:54 - [MESSAGE][PASSED] - Text ****** has been set on object 'Object Repository/Login Ecommerce/Input Password'

2023-10-05 15:40:54 - [TEST_STEP][PASSED] - click(findTestObject("Login Ecommerce/Button Masuk")): Object: 'Object Repository/Login Ecommerce/Button Masuk' is clicked on

2023-10-05 15:40:55 - [MESSAGE][PASSED] - Object: 'Object Repository/Login Ecommerce/Button Masuk' is clicked on

2023-10-05 15:40:55 - [TEST_STEP][PASSED] - verifyElementPresent(findTestObject("Login Ecommerce/Verifikasi Login Akun"), 0): Object 'Object Repository/Login Ecommerce/Verifikasi Login Akun' is present

2023-10-05 15:40:55 - [MESSAGE][WARNING] - Timeout '0' is invalid. Using default page load timeout: '30'

2023-10-05 15:40:56 - [MESSAGE][PASSED] - Object 'Object Repository/Login Ecommerce/Verifikasi Login Akun' is present

2023-10-05 15:40:56 - [MESSAGE][PASSED] - Call Test Case 'Test Cases/Login Ecommerce/TC-Login Ecomerce-001' successfully

2023-10-05 15:40:56 - [TEST_STEP][PASSED] - mouseOver(findTestObject("Product Ecommerce/Button Menu toko")): Object: 'Object Repository/Product Ecommerce/Button Menu toko' is hovered

2023-10-05 15:40:56 - [MESSAGE][PASSED] - Object: 'Object Repository/Product Ecommerce/Button Menu toko' is hovered

2023-10-05 15:40:56 - [TEST_STEP][PASSED] - click(findTestObject("Product Ecommerce/Button Daftar Produk")): Object: 'Object Repository/Product Ecommerce/Button Daftar Produk' is clicked on

2023-10-05 15:40:57 - [MESSAGE][PASSED] - Object: 'Object Repository/Product Ecommerce/Button Daftar Produk' is clicked on

2023-10-05 15:40:57 - [TEST_STEP][PASSED] - verifyElementPresent(findTestObject("Product Ecommerce/Verifikasi Halaman Product Anda"), 0): Object 'Object Repository/Product Ecommerce/Verifikasi Halaman Product Anda' is present

2023-10-05 15:40:57 - [MESSAGE][WARNING] - Timeout '0' is invalid. Using default page load timeout: '30'

2023-10-05 15:40:57 - [MESSAGE][PASSED] - Object 'Object Repository/Product Ecommerce/Verifikasi Halaman Product Anda' is present

2023-10-05 15:40:57 - [MESSAGE][PASSED] - Call Test Case 'Test Cases/Product Ecommerce/TC-PE-001' successfully

2023-10-05 15:40:57 - [TEST_STEP][PASSED] - mouseOver(findTestObject("Product Ecommerce/Image Gambar produk 1")): Object: 'Object Repository/Product Ecommerce/Image Gambar produk 1' is hovered

2023-10-05 15:40:58 - [MESSAGE][PASSED] - Object: 'Object Repository/Product Ecommerce/Image Gambar produk 1' is hovered

2023-10-05 15:40:58 - [TEST_STEP][PASSED] - click(findTestObject("Product Ecommerce/Tambahkan Product/Edit Data")): Object: 'Object Repository/Product Ecommerce/Tambahkan Product/Edit Data' is clicked on

2023-10-05 15:40:59 - [MESSAGE][PASSED] - Object: 'Object Repository/Product Ecommerce/Tambahkan Product/Edit Data' is clicked on

2023-10-05 15:40:59 - [TEST_STEP][PASSED] - click(findTestObject("Product Ecommerce/Kupon/Button Buat Product")): Object: 'Object Repository/Product Ecommerce/Kupon/Button Buat Product' is clicked on

2023-10-05 15:40:59 - [MESSAGE][PASSED] - Object: 'Object Repository/Product Ecommerce/Kupon/Button Buat Product' is clicked on

2023-10-05 15:40:59 - [TEST_STEP][PASSED] - verifyElementPresent(findTestObject("Product Ecommerce/Kupon/Verifikasi Halaman Voucher Product"), 0): Object 'Object Repository/Product Ecommerce/Kupon/Verifikasi Halaman Voucher Product' is present

2023-10-05 15:40:59 - [MESSAGE][WARNING] - Timeout '0' is invalid. Using default page load timeout: '30'

2023-10-05 15:41:00 - [MESSAGE][PASSED] - Object 'Object Repository/Product Ecommerce/Kupon/Verifikasi Halaman Voucher Product' is present

2023-10-05 15:41:00 - [TEST_STEP][PASSED] - click(findTestObject("Product Ecommerce/Kupon/Button Hapus Data")): Object: 'Object Repository/Product Ecommerce/Kupon/Button Hapus Data' is clicked on

2023-10-05 15:41:00 - [MESSAGE][PASSED] - Object: 'Object Repository/Product Ecommerce/Kupon/Button Hapus Data' is clicked on

2023-10-05 15:41:00 - [TEST_STEP][FAILED] - verifyElementNotPresent(findTestObject("Product Ecommerce/Kupon/Button Edit Voucher"), 0): Unable to verify object 'Object Repository/Product Ecommerce/Kupon/Button Edit Voucher' is not present (Root cause: com.kms.katalon.core.exception.StepFailedException: Unable to verify object 'Object Repository/Product Ecommerce/Kupon/Button Edit Voucher' is not present
	at com.kms.katalon.core.webui.keyword.internal.WebUIKeywordMain.stepFailed(WebUIKeywordMain.groovy:64)
	at com.kms.katalon.core.webui.keyword.internal.WebUIKeywordMain.runKeyword(WebUIKeywordMain.groovy:26)
	at com.kms.katalon.core.webui.keyword.internal.WebUIKeywordMain$runKeyword.call(Unknown Source)
	at com.kms.katalon.core.webui.keyword.builtin.VerifyElementNotPresentKeyword.verifyElementNotPresent(VerifyElementNotPresentKeyword.groovy:122)
	at com.kms.katalon.core.webui.keyword.builtin.VerifyElementNotPresentKeyword.execute(VerifyElementNotPresentKeyword.groovy:68)
	at com.kms.katalon.core.keyword.internal.KeywordExecutor.executeKeywordForPlatform(KeywordExecutor.groovy:74)
	at com.kms.katalon.core.webui.keyword.WebUiBuiltInKeywords.verifyElementNotPresent(WebUiBuiltInKeywords.groovy:1497)
	at com.kms.katalon.core.webui.keyword.WebUiBuiltInKeywords$verifyElementNotPresent$14.call(Unknown Source)
	at TC-PE-011.run(TC-PE-011:32)
	at com.kms.katalon.core.main.ScriptEngine.run(ScriptEngine.java:194)
	at com.kms.katalon.core.main.ScriptEngine.runScriptAsRawText(ScriptEngine.java:119)
	at com.kms.katalon.core.main.TestCaseExecutor.runScript(TestCaseExecutor.java:448)
	at com.kms.katalon.core.main.TestCaseExecutor.doExecute(TestCaseExecutor.java:439)
	at com.kms.katalon.core.main.TestCaseExecutor.processExecutionPhase(TestCaseExecutor.java:418)
	at com.kms.katalon.core.main.TestCaseExecutor.accessMainPhase(TestCaseExecutor.java:410)
	at com.kms.katalon.core.main.TestCaseExecutor.execute(TestCaseExecutor.java:285)
	at com.kms.katalon.core.common.CommonExecutor.accessTestCaseMainPhase(CommonExecutor.java:65)
	at com.kms.katalon.core.main.TestSuiteExecutor.accessTestSuiteMainPhase(TestSuiteExecutor.java:148)
	at com.kms.katalon.core.main.TestSuiteExecutor.execute(TestSuiteExecutor.java:106)
	at com.kms.katalon.core.main.TestCaseMain.startTestSuite(TestCaseMain.java:187)
	at com.kms.katalon.core.main.TestCaseMain$startTestSuite$0.call(Unknown Source)
	at TempTestSuite1696494982531.run(TempTestSuite1696494982531.groovy:36)
Caused by: com.kms.katalon.core.exception.StepFailedException: Web element with id: 'Object Repository/Product Ecommerce/Kupon/Button Edit Voucher' located by 'By.xpath: /html/body/div[12]/div/div/div[2]/div/div/table/tbody/tr[1]/td[7]/a[1]' is present after '30' second(s)
	at com.kms.katalon.core.webui.keyword.internal.WebUIKeywordMain.stepFailed(WebUIKeywordMain.groovy:64)
	at com.kms.katalon.core.webui.keyword.internal.WebUIKeywordMain$stepFailed$0.call(Unknown Source)
	at com.kms.katalon.core.webui.keyword.builtin.VerifyElementNotPresentKeyword$_verifyElementNotPresent_closure1.doCall(VerifyElementNotPresentKeyword.groovy:113)
	at com.kms.katalon.core.webui.keyword.builtin.VerifyElementNotPresentKeyword$_verifyElementNotPresent_closure1.doCall(VerifyElementNotPresentKeyword.groovy)
	at com.kms.katalon.core.webui.keyword.internal.WebUIKeywordMain.runKeyword(WebUIKeywordMain.groovy:20)
	... 20 more
)

2023-10-05 15:41:00 - [MESSAGE][WARNING] - Timeout '0' is invalid. Using default page load timeout: '30'

2023-10-05 15:41:31 - [MESSAGE][FAILED] - Web element with id: 'Object Repository/Product Ecommerce/Kupon/Button Edit Voucher' located by 'By.xpath: /html/body/div[12]/div/div/div[2]/div/div/table/tbody/tr[1]/td[7]/a[1]' is present after '30' second(s) (Root cause: com.kms.katalon.core.exception.StepFailedException: Web element with id: 'Object Repository/Product Ecommerce/Kupon/Button Edit Voucher' located by 'By.xpath: /html/body/div[12]/div/div/div[2]/div/div/table/tbody/tr[1]/td[7]/a[1]' is present after '30' second(s)
	at com.kms.katalon.core.webui.keyword.internal.WebUIKeywordMain.stepFailed(WebUIKeywordMain.groovy:64)
	at com.kms.katalon.core.webui.keyword.internal.WebUIKeywordMain$stepFailed$0.call(Unknown Source)
	at com.kms.katalon.core.webui.keyword.builtin.VerifyElementNotPresentKeyword$_verifyElementNotPresent_closure1.doCall(VerifyElementNotPresentKeyword.groovy:113)
	at com.kms.katalon.core.webui.keyword.builtin.VerifyElementNotPresentKeyword$_verifyElementNotPresent_closure1.doCall(VerifyElementNotPresentKeyword.groovy)
	at com.kms.katalon.core.webui.keyword.internal.WebUIKeywordMain.runKeyword(WebUIKeywordMain.groovy:20)
	at com.kms.katalon.core.webui.keyword.internal.WebUIKeywordMain$runKeyword.call(Unknown Source)
	at com.kms.katalon.core.webui.keyword.builtin.VerifyElementNotPresentKeyword.verifyElementNotPresent(VerifyElementNotPresentKeyword.groovy:122)
	at com.kms.katalon.core.webui.keyword.builtin.VerifyElementNotPresentKeyword.execute(VerifyElementNotPresentKeyword.groovy:68)
	at com.kms.katalon.core.keyword.internal.KeywordExecutor.executeKeywordForPlatform(KeywordExecutor.groovy:74)
	at com.kms.katalon.core.webui.keyword.WebUiBuiltInKeywords.verifyElementNotPresent(WebUiBuiltInKeywords.groovy:1497)
	at com.kms.katalon.core.webui.keyword.WebUiBuiltInKeywords$verifyElementNotPresent$14.call(Unknown Source)
	at TC-PE-011.run(TC-PE-011:32)
	at com.kms.katalon.core.main.ScriptEngine.run(ScriptEngine.java:194)
	at com.kms.katalon.core.main.ScriptEngine.runScriptAsRawText(ScriptEngine.java:119)
	at com.kms.katalon.core.main.TestCaseExecutor.runScript(TestCaseExecutor.java:448)
	at com.kms.katalon.core.main.TestCaseExecutor.doExecute(TestCaseExecutor.java:439)
	at com.kms.katalon.core.main.TestCaseExecutor.processExecutionPhase(TestCaseExecutor.java:418)
	at com.kms.katalon.core.main.TestCaseExecutor.accessMainPhase(TestCaseExecutor.java:410)
	at com.kms.katalon.core.main.TestCaseExecutor.execute(TestCaseExecutor.java:285)
	at com.kms.katalon.core.common.CommonExecutor.accessTestCaseMainPhase(CommonExecutor.java:65)
	at com.kms.katalon.core.main.TestSuiteExecutor.accessTestSuiteMainPhase(TestSuiteExecutor.java:148)
	at com.kms.katalon.core.main.TestSuiteExecutor.execute(TestSuiteExecutor.java:106)
	at com.kms.katalon.core.main.TestCaseMain.startTestSuite(TestCaseMain.java:187)
	at com.kms.katalon.core.main.TestCaseMain$startTestSuite$0.call(Unknown Source)
	at TempTestSuite1696494982531.run(TempTestSuite1696494982531.groovy:36)
)
[[ATTACHMENT|G:\\Project Xsis\\batch-324-qa\\Riswan\\Sprint 2 Product Tajalapak\\Reports\\20231005_153622\\Product Ecomerce\\20231005_153622\\1696495290986.png]]

2023-10-05 15:41:31 - [MESSAGE][FAILED] - Unable to verify object 'Object Repository/Product Ecommerce/Kupon/Button Edit Voucher' is not present (Root cause: com.kms.katalon.core.exception.StepFailedException: Unable to verify object 'Object Repository/Product Ecommerce/Kupon/Button Edit Voucher' is not present
	at com.kms.katalon.core.webui.keyword.internal.WebUIKeywordMain.stepFailed(WebUIKeywordMain.groovy:64)
	at com.kms.katalon.core.webui.keyword.internal.WebUIKeywordMain.runKeyword(WebUIKeywordMain.groovy:26)
	at com.kms.katalon.core.webui.keyword.internal.WebUIKeywordMain$runKeyword.call(Unknown Source)
	at com.kms.katalon.core.webui.keyword.builtin.VerifyElementNotPresentKeyword.verifyElementNotPresent(VerifyElementNotPresentKeyword.groovy:122)
	at com.kms.katalon.core.webui.keyword.builtin.VerifyElementNotPresentKeyword.execute(VerifyElementNotPresentKeyword.groovy:68)
	at com.kms.katalon.core.keyword.internal.KeywordExecutor.executeKeywordForPlatform(KeywordExecutor.groovy:74)
	at com.kms.katalon.core.webui.keyword.WebUiBuiltInKeywords.verifyElementNotPresent(WebUiBuiltInKeywords.groovy:1497)
	at com.kms.katalon.core.webui.keyword.WebUiBuiltInKeywords$verifyElementNotPresent$14.call(Unknown Source)
	at TC-PE-011.run(TC-PE-011:32)
	at com.kms.katalon.core.main.ScriptEngine.run(ScriptEngine.java:194)
	at com.kms.katalon.core.main.ScriptEngine.runScriptAsRawText(ScriptEngine.java:119)
	at com.kms.katalon.core.main.TestCaseExecutor.runScript(TestCaseExecutor.java:448)
	at com.kms.katalon.core.main.TestCaseExecutor.doExecute(TestCaseExecutor.java:439)
	at com.kms.katalon.core.main.TestCaseExecutor.processExecutionPhase(TestCaseExecutor.java:418)
	at com.kms.katalon.core.main.TestCaseExecutor.accessMainPhase(TestCaseExecutor.java:410)
	at com.kms.katalon.core.main.TestCaseExecutor.execute(TestCaseExecutor.java:285)
	at com.kms.katalon.core.common.CommonExecutor.accessTestCaseMainPhase(CommonExecutor.java:65)
	at com.kms.katalon.core.main.TestSuiteExecutor.accessTestSuiteMainPhase(TestSuiteExecutor.java:148)
	at com.kms.katalon.core.main.TestSuiteExecutor.execute(TestSuiteExecutor.java:106)
	at com.kms.katalon.core.main.TestCaseMain.startTestSuite(TestCaseMain.java:187)
	at com.kms.katalon.core.main.TestCaseMain$startTestSuite$0.call(Unknown Source)
	at TempTestSuite1696494982531.run(TempTestSuite1696494982531.groovy:36)
Caused by: com.kms.katalon.core.exception.StepFailedException: Web element with id: 'Object Repository/Product Ecommerce/Kupon/Button Edit Voucher' located by 'By.xpath: /html/body/div[12]/div/div/div[2]/div/div/table/tbody/tr[1]/td[7]/a[1]' is present after '30' second(s)
	at com.kms.katalon.core.webui.keyword.internal.WebUIKeywordMain.stepFailed(WebUIKeywordMain.groovy:64)
	at com.kms.katalon.core.webui.keyword.internal.WebUIKeywordMain$stepFailed$0.call(Unknown Source)
	at com.kms.katalon.core.webui.keyword.builtin.VerifyElementNotPresentKeyword$_verifyElementNotPresent_closure1.doCall(VerifyElementNotPresentKeyword.groovy:113)
	at com.kms.katalon.core.webui.keyword.builtin.VerifyElementNotPresentKeyword$_verifyElementNotPresent_closure1.doCall(VerifyElementNotPresentKeyword.groovy)
	at com.kms.katalon.core.webui.keyword.internal.WebUIKeywordMain.runKeyword(WebUIKeywordMain.groovy:20)
	... 20 more
)
[[ATTACHMENT|G:\\Project Xsis\\batch-324-qa\\Riswan\\Sprint 2 Product Tajalapak\\Reports\\20231005_153622\\Product Ecomerce\\20231005_153622\\1696495291107.png]]]]></system-out>
         <system-err><![CDATA[2023-10-05 15:40:44 - [TEST_CASE][FAILED] - Test Cases/Product Ecommerce/TC-PE-011: Test Cases/Product Ecommerce/TC-PE-011 FAILED.
Reason:
com.kms.katalon.core.exception.StepFailedException: Unable to verify object 'Object Repository/Product Ecommerce/Kupon/Button Edit Voucher' is not present
	at com.kms.katalon.core.webui.keyword.internal.WebUIKeywordMain.stepFailed(WebUIKeywordMain.groovy:64)
	at com.kms.katalon.core.webui.keyword.internal.WebUIKeywordMain.runKeyword(WebUIKeywordMain.groovy:26)
	at com.kms.katalon.core.webui.keyword.internal.WebUIKeywordMain$runKeyword.call(Unknown Source)
	at com.kms.katalon.core.webui.keyword.builtin.VerifyElementNotPresentKeyword.verifyElementNotPresent(VerifyElementNotPresentKeyword.groovy:122)
	at com.kms.katalon.core.webui.keyword.builtin.VerifyElementNotPresentKeyword.execute(VerifyElementNotPresentKeyword.groovy:68)
	at com.kms.katalon.core.keyword.internal.KeywordExecutor.executeKeywordForPlatform(KeywordExecutor.groovy:74)
	at com.kms.katalon.core.webui.keyword.WebUiBuiltInKeywords.verifyElementNotPresent(WebUiBuiltInKeywords.groovy:1497)
	at com.kms.katalon.core.webui.keyword.WebUiBuiltInKeywords$verifyElementNotPresent$14.call(Unknown Source)
	at TC-PE-011.run(TC-PE-011:32)
	at com.kms.katalon.core.main.ScriptEngine.run(ScriptEngine.java:194)
	at com.kms.katalon.core.main.ScriptEngine.runScriptAsRawText(ScriptEngine.java:119)
	at com.kms.katalon.core.main.TestCaseExecutor.runScript(TestCaseExecutor.java:448)
	at com.kms.katalon.core.main.TestCaseExecutor.doExecute(TestCaseExecutor.java:439)
	at com.kms.katalon.core.main.TestCaseExecutor.processExecutionPhase(TestCaseExecutor.java:418)
	at com.kms.katalon.core.main.TestCaseExecutor.accessMainPhase(TestCaseExecutor.java:410)
	at com.kms.katalon.core.main.TestCaseExecutor.execute(TestCaseExecutor.java:285)
	at com.kms.katalon.core.common.CommonExecutor.accessTestCaseMainPhase(CommonExecutor.java:65)
	at com.kms.katalon.core.main.TestSuiteExecutor.accessTestSuiteMainPhase(TestSuiteExecutor.java:148)
	at com.kms.katalon.core.main.TestSuiteExecutor.execute(TestSuiteExecutor.java:106)
	at com.kms.katalon.core.main.TestCaseMain.startTestSuite(TestCaseMain.java:187)
	at com.kms.katalon.core.main.TestCaseMain$startTestSuite$0.call(Unknown Source)
	at TempTestSuite1696494982531.run(TempTestSuite1696494982531.groovy:36)
Caused by: com.kms.katalon.core.exception.StepFailedException: Web element with id: 'Object Repository/Product Ecommerce/Kupon/Button Edit Voucher' located by 'By.xpath: /html/body/div[12]/div/div/div[2]/div/div/table/tbody/tr[1]/td[7]/a[1]' is present after '30' second(s)
	at com.kms.katalon.core.webui.keyword.internal.WebUIKeywordMain.stepFailed(WebUIKeywordMain.groovy:64)
	at com.kms.katalon.core.webui.keyword.internal.WebUIKeywordMain$stepFailed$0.call(Unknown Source)
	at com.kms.katalon.core.webui.keyword.builtin.VerifyElementNotPresentKeyword$_verifyElementNotPresent_closure1.doCall(VerifyElementNotPresentKeyword.groovy:113)
	at com.kms.katalon.core.webui.keyword.builtin.VerifyElementNotPresentKeyword$_verifyElementNotPresent_closure1.doCall(VerifyElementNotPresentKeyword.groovy)
	at com.kms.katalon.core.webui.keyword.internal.WebUIKeywordMain.runKeyword(WebUIKeywordMain.groovy:20)
	... 20 more]]></system-err>
      </testcase>
      <testcase name="Test Cases/Product Ecommerce/TC-PE-012" time="26.0" classname="Test Cases/Product Ecommerce/TC-PE-012" status="PASSED">
         <system-out><![CDATA[2023-10-05 15:41:31 - [TEST_CASE][PASSED] - Test Cases/Product Ecommerce/TC-PE-012: Test Cases/Product Ecommerce/TC-PE-012

2023-10-05 15:41:31 - [TEST_STEP][PASSED] - callTestCase(findTestCase("Product Ecommerce/TC-PE-001"), [:], STOP_ON_FAILURE): Call Test Case 'Test Cases/Product Ecommerce/TC-PE-001' successfully

2023-10-05 15:41:31 - [TEST_CASE][PASSED] - Test Cases/Product Ecommerce/TC-PE-001: Test Cases/Product Ecommerce/TC-PE-001

2023-10-05 15:41:31 - [TEST_STEP][PASSED] - callTestCase(findTestCase("Login Ecommerce/TC-Login Ecomerce-001"), [:], STOP_ON_FAILURE): Call Test Case 'Test Cases/Login Ecommerce/TC-Login Ecomerce-001' successfully

2023-10-05 15:41:31 - [TEST_CASE][PASSED] - Test Cases/Login Ecommerce/TC-Login Ecomerce-001: Test Cases/Login Ecommerce/TC-Login Ecomerce-001

2023-10-05 15:41:31 - [TEST_STEP][PASSED] - openBrowser(userTajalapak): Browser is opened with url: 'https://10.9.2.63/ecommerce/'

2023-10-05 15:41:31 - [MESSAGE][WARNING] - A browser is already opened. Closing browser and opening a new one

2023-10-05 15:41:32 - [MESSAGE][INFO] - Starting 'Edge Chromium' driver

2023-10-05 15:41:32 - [MESSAGE][INFO] - User set preference: ['acceptInsecureCerts', 'true']

2023-10-05 15:41:34 - [MESSAGE][INFO] - Action delay is set to 0 milliseconds

2023-10-05 15:41:37 - [MESSAGE][PASSED] - Browser is opened with url: 'https://10.9.2.63/ecommerce/'

2023-10-05 15:41:37 - [TEST_STEP][PASSED] - maximizeWindow(): Current window maximized

2023-10-05 15:41:37 - [MESSAGE][PASSED] - Current window maximized

2023-10-05 15:41:37 - [TEST_STEP][PASSED] - verifyElementPresent(findTestObject("Login Ecommerce/Verifikasi Halaman Login Akun"), 0): Object 'Object Repository/Login Ecommerce/Verifikasi Halaman Login Akun' is present

2023-10-05 15:41:37 - [MESSAGE][WARNING] - Timeout '0' is invalid. Using default page load timeout: '30'

2023-10-05 15:41:38 - [MESSAGE][PASSED] - Object 'Object Repository/Login Ecommerce/Verifikasi Halaman Login Akun' is present

2023-10-05 15:41:38 - [TEST_STEP][PASSED] - click(findTestObject("Login Ecommerce/Login Akun")): Object: 'Object Repository/Login Ecommerce/Login Akun' is clicked on

2023-10-05 15:41:38 - [MESSAGE][PASSED] - Object: 'Object Repository/Login Ecommerce/Login Akun' is clicked on

2023-10-05 15:41:38 - [TEST_STEP][PASSED] - verifyElementPresent(findTestObject("Login Ecommerce/Verifikasi Halaman Login Akun"), 0): Object 'Object Repository/Login Ecommerce/Verifikasi Halaman Login Akun' is present

2023-10-05 15:41:38 - [MESSAGE][WARNING] - Timeout '0' is invalid. Using default page load timeout: '30'

2023-10-05 15:41:39 - [MESSAGE][PASSED] - Object 'Object Repository/Login Ecommerce/Verifikasi Halaman Login Akun' is present

2023-10-05 15:41:39 - [TEST_STEP][PASSED] - setText(findTestObject("Login Ecommerce/Input Username"), "riswandha"): Text 'riswandha' is set on object 'Object Repository/Login Ecommerce/Input Username'

2023-10-05 15:41:40 - [MESSAGE][PASSED] - Text 'riswandha' is set on object 'Object Repository/Login Ecommerce/Input Username'

2023-10-05 15:41:40 - [TEST_STEP][PASSED] - setEncryptedText(findTestObject("Login Ecommerce/Input Password"), "iGDxf8hSRT4="): Text ****** has been set on object 'Object Repository/Login Ecommerce/Input Password'

2023-10-05 15:41:40 - [MESSAGE][PASSED] - Text ****** has been set on object 'Object Repository/Login Ecommerce/Input Password'

2023-10-05 15:41:40 - [TEST_STEP][PASSED] - click(findTestObject("Login Ecommerce/Button Masuk")): Object: 'Object Repository/Login Ecommerce/Button Masuk' is clicked on

2023-10-05 15:41:41 - [MESSAGE][PASSED] - Object: 'Object Repository/Login Ecommerce/Button Masuk' is clicked on

2023-10-05 15:41:41 - [TEST_STEP][PASSED] - verifyElementPresent(findTestObject("Login Ecommerce/Verifikasi Login Akun"), 0): Object 'Object Repository/Login Ecommerce/Verifikasi Login Akun' is present

2023-10-05 15:41:41 - [MESSAGE][WARNING] - Timeout '0' is invalid. Using default page load timeout: '30'

2023-10-05 15:41:42 - [MESSAGE][PASSED] - Object 'Object Repository/Login Ecommerce/Verifikasi Login Akun' is present

2023-10-05 15:41:42 - [MESSAGE][PASSED] - Call Test Case 'Test Cases/Login Ecommerce/TC-Login Ecomerce-001' successfully

2023-10-05 15:41:42 - [TEST_STEP][PASSED] - mouseOver(findTestObject("Product Ecommerce/Button Menu toko")): Object: 'Object Repository/Product Ecommerce/Button Menu toko' is hovered

2023-10-05 15:41:42 - [MESSAGE][PASSED] - Object: 'Object Repository/Product Ecommerce/Button Menu toko' is hovered

2023-10-05 15:41:42 - [TEST_STEP][PASSED] - click(findTestObject("Product Ecommerce/Button Daftar Produk")): Object: 'Object Repository/Product Ecommerce/Button Daftar Produk' is clicked on

2023-10-05 15:41:43 - [MESSAGE][PASSED] - Object: 'Object Repository/Product Ecommerce/Button Daftar Produk' is clicked on

2023-10-05 15:41:43 - [TEST_STEP][PASSED] - verifyElementPresent(findTestObject("Product Ecommerce/Verifikasi Halaman Product Anda"), 0): Object 'Object Repository/Product Ecommerce/Verifikasi Halaman Product Anda' is present

2023-10-05 15:41:43 - [MESSAGE][WARNING] - Timeout '0' is invalid. Using default page load timeout: '30'

2023-10-05 15:41:44 - [MESSAGE][PASSED] - Object 'Object Repository/Product Ecommerce/Verifikasi Halaman Product Anda' is present

2023-10-05 15:41:44 - [MESSAGE][PASSED] - Call Test Case 'Test Cases/Product Ecommerce/TC-PE-001' successfully

2023-10-05 15:41:44 - [TEST_STEP][PASSED] - mouseOver(findTestObject("Product Ecommerce/Image Gambar produk 1")): Object: 'Object Repository/Product Ecommerce/Image Gambar produk 1' is hovered

2023-10-05 15:41:44 - [MESSAGE][PASSED] - Object: 'Object Repository/Product Ecommerce/Image Gambar produk 1' is hovered

2023-10-05 15:41:44 - [TEST_STEP][PASSED] - click(findTestObject("Product Ecommerce/Tambahkan Product/Edit Data")): Object: 'Object Repository/Product Ecommerce/Tambahkan Product/Edit Data' is clicked on

2023-10-05 15:41:45 - [MESSAGE][PASSED] - Object: 'Object Repository/Product Ecommerce/Tambahkan Product/Edit Data' is clicked on

2023-10-05 15:41:45 - [TEST_STEP][PASSED] - verifyElementPresent(findTestObject("Product Ecommerce/Tambahkan Product/Button Update Data"), 0): Object 'Object Repository/Product Ecommerce/Tambahkan Product/Button Update Data' is present

2023-10-05 15:41:45 - [MESSAGE][WARNING] - Timeout '0' is invalid. Using default page load timeout: '30'

2023-10-05 15:41:45 - [MESSAGE][PASSED] - Object 'Object Repository/Product Ecommerce/Tambahkan Product/Button Update Data' is present

2023-10-05 15:41:45 - [TEST_STEP][PASSED] - variasiAwal = findWebElements(findTestObject("Object Repository/Product Ecommerce/Tambahkan Product/Jumlah Variasi Warna"), 10): null

2023-10-05 15:41:46 - [TEST_STEP][PASSED] - for ([i = 0, i < 20, (i++)]): Object: 'Object Repository/Product Ecommerce/Tambahkan Product/Input Tambah Kolom Variasi 1' is clicked on

2023-10-05 15:41:46 - [TEST_STEP][PASSED] - click(findTestObject("Object Repository/Product Ecommerce/Tambahkan Product/Input Tambah Kolom Variasi 1")): Object: 'Object Repository/Product Ecommerce/Tambahkan Product/Input Tambah Kolom Variasi 1' is clicked on

2023-10-05 15:41:46 - [MESSAGE][PASSED] - Object: 'Object Repository/Product Ecommerce/Tambahkan Product/Input Tambah Kolom Variasi 1' is clicked on

2023-10-05 15:41:46 - [TEST_STEP][PASSED] - click(findTestObject("Object Repository/Product Ecommerce/Tambahkan Product/Input Tambah Kolom Variasi 1")): Object: 'Object Repository/Product Ecommerce/Tambahkan Product/Input Tambah Kolom Variasi 1' is clicked on

2023-10-05 15:41:47 - [MESSAGE][PASSED] - Object: 'Object Repository/Product Ecommerce/Tambahkan Product/Input Tambah Kolom Variasi 1' is clicked on

2023-10-05 15:41:47 - [TEST_STEP][PASSED] - click(findTestObject("Object Repository/Product Ecommerce/Tambahkan Product/Input Tambah Kolom Variasi 1")): Object: 'Object Repository/Product Ecommerce/Tambahkan Product/Input Tambah Kolom Variasi 1' is clicked on

2023-10-05 15:41:47 - [MESSAGE][PASSED] - Object: 'Object Repository/Product Ecommerce/Tambahkan Product/Input Tambah Kolom Variasi 1' is clicked on

2023-10-05 15:41:47 - [TEST_STEP][PASSED] - click(findTestObject("Object Repository/Product Ecommerce/Tambahkan Product/Input Tambah Kolom Variasi 1")): Object: 'Object Repository/Product Ecommerce/Tambahkan Product/Input Tambah Kolom Variasi 1' is clicked on

2023-10-05 15:41:48 - [MESSAGE][PASSED] - Object: 'Object Repository/Product Ecommerce/Tambahkan Product/Input Tambah Kolom Variasi 1' is clicked on

2023-10-05 15:41:48 - [TEST_STEP][PASSED] - click(findTestObject("Object Repository/Product Ecommerce/Tambahkan Product/Input Tambah Kolom Variasi 1")): Object: 'Object Repository/Product Ecommerce/Tambahkan Product/Input Tambah Kolom Variasi 1' is clicked on

2023-10-05 15:41:48 - [MESSAGE][PASSED] - Object: 'Object Repository/Product Ecommerce/Tambahkan Product/Input Tambah Kolom Variasi 1' is clicked on

2023-10-05 15:41:48 - [TEST_STEP][PASSED] - click(findTestObject("Object Repository/Product Ecommerce/Tambahkan Product/Input Tambah Kolom Variasi 1")): Object: 'Object Repository/Product Ecommerce/Tambahkan Product/Input Tambah Kolom Variasi 1' is clicked on

2023-10-05 15:41:49 - [MESSAGE][PASSED] - Object: 'Object Repository/Product Ecommerce/Tambahkan Product/Input Tambah Kolom Variasi 1' is clicked on

2023-10-05 15:41:49 - [TEST_STEP][PASSED] - click(findTestObject("Object Repository/Product Ecommerce/Tambahkan Product/Input Tambah Kolom Variasi 1")): Object: 'Object Repository/Product Ecommerce/Tambahkan Product/Input Tambah Kolom Variasi 1' is clicked on

2023-10-05 15:41:49 - [MESSAGE][PASSED] - Object: 'Object Repository/Product Ecommerce/Tambahkan Product/Input Tambah Kolom Variasi 1' is clicked on

2023-10-05 15:41:49 - [TEST_STEP][PASSED] - click(findTestObject("Object Repository/Product Ecommerce/Tambahkan Product/Input Tambah Kolom Variasi 1")): Object: 'Object Repository/Product Ecommerce/Tambahkan Product/Input Tambah Kolom Variasi 1' is clicked on

2023-10-05 15:41:50 - [MESSAGE][PASSED] - Object: 'Object Repository/Product Ecommerce/Tambahkan Product/Input Tambah Kolom Variasi 1' is clicked on

2023-10-05 15:41:50 - [TEST_STEP][PASSED] - click(findTestObject("Object Repository/Product Ecommerce/Tambahkan Product/Input Tambah Kolom Variasi 1")): Object: 'Object Repository/Product Ecommerce/Tambahkan Product/Input Tambah Kolom Variasi 1' is clicked on

2023-10-05 15:41:50 - [MESSAGE][PASSED] - Object: 'Object Repository/Product Ecommerce/Tambahkan Product/Input Tambah Kolom Variasi 1' is clicked on

2023-10-05 15:41:50 - [TEST_STEP][PASSED] - click(findTestObject("Object Repository/Product Ecommerce/Tambahkan Product/Input Tambah Kolom Variasi 1")): Object: 'Object Repository/Product Ecommerce/Tambahkan Product/Input Tambah Kolom Variasi 1' is clicked on

2023-10-05 15:41:51 - [MESSAGE][PASSED] - Object: 'Object Repository/Product Ecommerce/Tambahkan Product/Input Tambah Kolom Variasi 1' is clicked on

2023-10-05 15:41:51 - [TEST_STEP][PASSED] - click(findTestObject("Object Repository/Product Ecommerce/Tambahkan Product/Input Tambah Kolom Variasi 1")): Object: 'Object Repository/Product Ecommerce/Tambahkan Product/Input Tambah Kolom Variasi 1' is clicked on

2023-10-05 15:41:51 - [MESSAGE][PASSED] - Object: 'Object Repository/Product Ecommerce/Tambahkan Product/Input Tambah Kolom Variasi 1' is clicked on

2023-10-05 15:41:51 - [TEST_STEP][PASSED] - click(findTestObject("Object Repository/Product Ecommerce/Tambahkan Product/Input Tambah Kolom Variasi 1")): Object: 'Object Repository/Product Ecommerce/Tambahkan Product/Input Tambah Kolom Variasi 1' is clicked on

2023-10-05 15:41:52 - [MESSAGE][PASSED] - Object: 'Object Repository/Product Ecommerce/Tambahkan Product/Input Tambah Kolom Variasi 1' is clicked on

2023-10-05 15:41:52 - [TEST_STEP][PASSED] - click(findTestObject("Object Repository/Product Ecommerce/Tambahkan Product/Input Tambah Kolom Variasi 1")): Object: 'Object Repository/Product Ecommerce/Tambahkan Product/Input Tambah Kolom Variasi 1' is clicked on

2023-10-05 15:41:52 - [MESSAGE][PASSED] - Object: 'Object Repository/Product Ecommerce/Tambahkan Product/Input Tambah Kolom Variasi 1' is clicked on

2023-10-05 15:41:52 - [TEST_STEP][PASSED] - click(findTestObject("Object Repository/Product Ecommerce/Tambahkan Product/Input Tambah Kolom Variasi 1")): Object: 'Object Repository/Product Ecommerce/Tambahkan Product/Input Tambah Kolom Variasi 1' is clicked on

2023-10-05 15:41:53 - [MESSAGE][PASSED] - Object: 'Object Repository/Product Ecommerce/Tambahkan Product/Input Tambah Kolom Variasi 1' is clicked on

2023-10-05 15:41:53 - [TEST_STEP][PASSED] - click(findTestObject("Object Repository/Product Ecommerce/Tambahkan Product/Input Tambah Kolom Variasi 1")): Object: 'Object Repository/Product Ecommerce/Tambahkan Product/Input Tambah Kolom Variasi 1' is clicked on

2023-10-05 15:41:53 - [MESSAGE][PASSED] - Object: 'Object Repository/Product Ecommerce/Tambahkan Product/Input Tambah Kolom Variasi 1' is clicked on

2023-10-05 15:41:53 - [TEST_STEP][PASSED] - click(findTestObject("Object Repository/Product Ecommerce/Tambahkan Product/Input Tambah Kolom Variasi 1")): Object: 'Object Repository/Product Ecommerce/Tambahkan Product/Input Tambah Kolom Variasi 1' is clicked on

2023-10-05 15:41:54 - [MESSAGE][PASSED] - Object: 'Object Repository/Product Ecommerce/Tambahkan Product/Input Tambah Kolom Variasi 1' is clicked on

2023-10-05 15:41:54 - [TEST_STEP][PASSED] - click(findTestObject("Object Repository/Product Ecommerce/Tambahkan Product/Input Tambah Kolom Variasi 1")): Object: 'Object Repository/Product Ecommerce/Tambahkan Product/Input Tambah Kolom Variasi 1' is clicked on

2023-10-05 15:41:54 - [MESSAGE][PASSED] - Object: 'Object Repository/Product Ecommerce/Tambahkan Product/Input Tambah Kolom Variasi 1' is clicked on

2023-10-05 15:41:54 - [TEST_STEP][PASSED] - click(findTestObject("Object Repository/Product Ecommerce/Tambahkan Product/Input Tambah Kolom Variasi 1")): Object: 'Object Repository/Product Ecommerce/Tambahkan Product/Input Tambah Kolom Variasi 1' is clicked on

2023-10-05 15:41:55 - [MESSAGE][PASSED] - Object: 'Object Repository/Product Ecommerce/Tambahkan Product/Input Tambah Kolom Variasi 1' is clicked on

2023-10-05 15:41:55 - [TEST_STEP][PASSED] - click(findTestObject("Object Repository/Product Ecommerce/Tambahkan Product/Input Tambah Kolom Variasi 1")): Object: 'Object Repository/Product Ecommerce/Tambahkan Product/Input Tambah Kolom Variasi 1' is clicked on

2023-10-05 15:41:56 - [MESSAGE][PASSED] - Object: 'Object Repository/Product Ecommerce/Tambahkan Product/Input Tambah Kolom Variasi 1' is clicked on

2023-10-05 15:41:56 - [TEST_STEP][PASSED] - click(findTestObject("Object Repository/Product Ecommerce/Tambahkan Product/Input Tambah Kolom Variasi 1")): Object: 'Object Repository/Product Ecommerce/Tambahkan Product/Input Tambah Kolom Variasi 1' is clicked on

2023-10-05 15:41:56 - [MESSAGE][PASSED] - Object: 'Object Repository/Product Ecommerce/Tambahkan Product/Input Tambah Kolom Variasi 1' is clicked on

2023-10-05 15:41:56 - [TEST_STEP][PASSED] - variasiAkhir = findWebElements(findTestObject("Object Repository/Product Ecommerce/Tambahkan Product/Jumlah Variasi Warna"), 10): null

2023-10-05 15:41:57 - [TEST_STEP][PASSED] - assert variasiAwal.size() + 20 == variasiAkhir.size(): null]]></system-out>
         <system-err><![CDATA[]]></system-err>
      </testcase>
      <testcase name="Test Cases/Product Ecommerce/TC-PEN-001" time="15.28" classname="Test Cases/Product Ecommerce/TC-PEN-001" status="PASSED">
         <system-out><![CDATA[2023-10-05 15:41:57 - [TEST_CASE][PASSED] - Test Cases/Product Ecommerce/TC-PEN-001: Test Cases/Product Ecommerce/TC-PEN-001

2023-10-05 15:41:57 - [TEST_STEP][PASSED] - callTestCase(findTestCase("Product Ecommerce/TC-PE-001"), [:], STOP_ON_FAILURE): Call Test Case 'Test Cases/Product Ecommerce/TC-PE-001' successfully

2023-10-05 15:41:57 - [TEST_CASE][PASSED] - Test Cases/Product Ecommerce/TC-PE-001: Test Cases/Product Ecommerce/TC-PE-001

2023-10-05 15:41:57 - [TEST_STEP][PASSED] - callTestCase(findTestCase("Login Ecommerce/TC-Login Ecomerce-001"), [:], STOP_ON_FAILURE): Call Test Case 'Test Cases/Login Ecommerce/TC-Login Ecomerce-001' successfully

2023-10-05 15:41:57 - [TEST_CASE][PASSED] - Test Cases/Login Ecommerce/TC-Login Ecomerce-001: Test Cases/Login Ecommerce/TC-Login Ecomerce-001

2023-10-05 15:41:57 - [TEST_STEP][PASSED] - openBrowser(userTajalapak): Browser is opened with url: 'https://10.9.2.63/ecommerce/'

2023-10-05 15:41:57 - [MESSAGE][WARNING] - A browser is already opened. Closing browser and opening a new one

2023-10-05 15:41:58 - [MESSAGE][INFO] - Starting 'Edge Chromium' driver

2023-10-05 15:41:58 - [MESSAGE][INFO] - User set preference: ['acceptInsecureCerts', 'true']

2023-10-05 15:42:00 - [MESSAGE][INFO] - Action delay is set to 0 milliseconds

2023-10-05 15:42:03 - [MESSAGE][PASSED] - Browser is opened with url: 'https://10.9.2.63/ecommerce/'

2023-10-05 15:42:03 - [TEST_STEP][PASSED] - maximizeWindow(): Current window maximized

2023-10-05 15:42:03 - [MESSAGE][PASSED] - Current window maximized

2023-10-05 15:42:03 - [TEST_STEP][PASSED] - verifyElementPresent(findTestObject("Login Ecommerce/Verifikasi Halaman Login Akun"), 0): Object 'Object Repository/Login Ecommerce/Verifikasi Halaman Login Akun' is present

2023-10-05 15:42:03 - [MESSAGE][WARNING] - Timeout '0' is invalid. Using default page load timeout: '30'

2023-10-05 15:42:04 - [MESSAGE][PASSED] - Object 'Object Repository/Login Ecommerce/Verifikasi Halaman Login Akun' is present

2023-10-05 15:42:04 - [TEST_STEP][PASSED] - click(findTestObject("Login Ecommerce/Login Akun")): Object: 'Object Repository/Login Ecommerce/Login Akun' is clicked on

2023-10-05 15:42:04 - [MESSAGE][PASSED] - Object: 'Object Repository/Login Ecommerce/Login Akun' is clicked on

2023-10-05 15:42:04 - [TEST_STEP][PASSED] - verifyElementPresent(findTestObject("Login Ecommerce/Verifikasi Halaman Login Akun"), 0): Object 'Object Repository/Login Ecommerce/Verifikasi Halaman Login Akun' is present

2023-10-05 15:42:04 - [MESSAGE][WARNING] - Timeout '0' is invalid. Using default page load timeout: '30'

2023-10-05 15:42:05 - [MESSAGE][PASSED] - Object 'Object Repository/Login Ecommerce/Verifikasi Halaman Login Akun' is present

2023-10-05 15:42:05 - [TEST_STEP][PASSED] - setText(findTestObject("Login Ecommerce/Input Username"), "riswandha"): Text 'riswandha' is set on object 'Object Repository/Login Ecommerce/Input Username'

2023-10-05 15:42:06 - [MESSAGE][PASSED] - Text 'riswandha' is set on object 'Object Repository/Login Ecommerce/Input Username'

2023-10-05 15:42:06 - [TEST_STEP][PASSED] - setEncryptedText(findTestObject("Login Ecommerce/Input Password"), "iGDxf8hSRT4="): Text ****** has been set on object 'Object Repository/Login Ecommerce/Input Password'

2023-10-05 15:42:06 - [MESSAGE][PASSED] - Text ****** has been set on object 'Object Repository/Login Ecommerce/Input Password'

2023-10-05 15:42:06 - [TEST_STEP][PASSED] - click(findTestObject("Login Ecommerce/Button Masuk")): Object: 'Object Repository/Login Ecommerce/Button Masuk' is clicked on

2023-10-05 15:42:07 - [MESSAGE][PASSED] - Object: 'Object Repository/Login Ecommerce/Button Masuk' is clicked on

2023-10-05 15:42:07 - [TEST_STEP][PASSED] - verifyElementPresent(findTestObject("Login Ecommerce/Verifikasi Login Akun"), 0): Object 'Object Repository/Login Ecommerce/Verifikasi Login Akun' is present

2023-10-05 15:42:07 - [MESSAGE][WARNING] - Timeout '0' is invalid. Using default page load timeout: '30'

2023-10-05 15:42:08 - [MESSAGE][PASSED] - Object 'Object Repository/Login Ecommerce/Verifikasi Login Akun' is present

2023-10-05 15:42:08 - [MESSAGE][PASSED] - Call Test Case 'Test Cases/Login Ecommerce/TC-Login Ecomerce-001' successfully

2023-10-05 15:42:08 - [TEST_STEP][PASSED] - mouseOver(findTestObject("Product Ecommerce/Button Menu toko")): Object: 'Object Repository/Product Ecommerce/Button Menu toko' is hovered

2023-10-05 15:42:08 - [MESSAGE][PASSED] - Object: 'Object Repository/Product Ecommerce/Button Menu toko' is hovered

2023-10-05 15:42:08 - [TEST_STEP][PASSED] - click(findTestObject("Product Ecommerce/Button Daftar Produk")): Object: 'Object Repository/Product Ecommerce/Button Daftar Produk' is clicked on

2023-10-05 15:42:09 - [MESSAGE][PASSED] - Object: 'Object Repository/Product Ecommerce/Button Daftar Produk' is clicked on

2023-10-05 15:42:09 - [TEST_STEP][PASSED] - verifyElementPresent(findTestObject("Product Ecommerce/Verifikasi Halaman Product Anda"), 0): Object 'Object Repository/Product Ecommerce/Verifikasi Halaman Product Anda' is present

2023-10-05 15:42:09 - [MESSAGE][WARNING] - Timeout '0' is invalid. Using default page load timeout: '30'

2023-10-05 15:42:09 - [MESSAGE][PASSED] - Object 'Object Repository/Product Ecommerce/Verifikasi Halaman Product Anda' is present

2023-10-05 15:42:09 - [MESSAGE][PASSED] - Call Test Case 'Test Cases/Product Ecommerce/TC-PE-001' successfully

2023-10-05 15:42:09 - [TEST_STEP][PASSED] - mouseOver(findTestObject("Product Ecommerce/Image Gambar produk 1")): Object: 'Object Repository/Product Ecommerce/Image Gambar produk 1' is hovered

2023-10-05 15:42:10 - [MESSAGE][PASSED] - Object: 'Object Repository/Product Ecommerce/Image Gambar produk 1' is hovered

2023-10-05 15:42:10 - [TEST_STEP][PASSED] - click(findTestObject("Product Ecommerce/Tambahkan Product/Edit Data")): Object: 'Object Repository/Product Ecommerce/Tambahkan Product/Edit Data' is clicked on

2023-10-05 15:42:11 - [MESSAGE][PASSED] - Object: 'Object Repository/Product Ecommerce/Tambahkan Product/Edit Data' is clicked on

2023-10-05 15:42:11 - [TEST_STEP][PASSED] - uploadFile(findTestObject("Product Ecommerce/Tambahkan Product/Input File"), "E:\Pelatihan\Xsis Academy\baju Koko kids oranye.jpg"): File 'E:\Pelatihan\Xsis Academy\baju Koko kids oranye.jpg' sent to object: 'Object Repository/Product Ecommerce/Tambahkan Product/Input File'

2023-10-05 15:42:11 - [MESSAGE][PASSED] - File 'E:\Pelatihan\Xsis Academy\baju Koko kids oranye.jpg' sent to object: 'Object Repository/Product Ecommerce/Tambahkan Product/Input File'

2023-10-05 15:42:11 - [TEST_STEP][PASSED] - verifyElementPresent(findTestObject("Product Ecommerce/Verifikasi product/verifikasi Error Format Foto Tidak Sesuai"), 0): Object 'Object Repository/Product Ecommerce/Verifikasi product/verifikasi Error Format Foto Tidak Sesuai' is present

2023-10-05 15:42:11 - [MESSAGE][WARNING] - Timeout '0' is invalid. Using default page load timeout: '30'

2023-10-05 15:42:12 - [MESSAGE][PASSED] - Object 'Object Repository/Product Ecommerce/Verifikasi product/verifikasi Error Format Foto Tidak Sesuai' is present]]></system-out>
         <system-err><![CDATA[]]></system-err>
      </testcase>
      <testcase name="Test Cases/Product Ecommerce/TC-PEN-002" time="15.364" classname="Test Cases/Product Ecommerce/TC-PEN-002" status="PASSED">
         <system-out><![CDATA[2023-10-05 15:42:12 - [TEST_CASE][PASSED] - Test Cases/Product Ecommerce/TC-PEN-002: Test Cases/Product Ecommerce/TC-PEN-002

2023-10-05 15:42:12 - [TEST_STEP][PASSED] - callTestCase(findTestCase("Product Ecommerce/TC-PE-001"), [:], STOP_ON_FAILURE): Call Test Case 'Test Cases/Product Ecommerce/TC-PE-001' successfully

2023-10-05 15:42:12 - [TEST_CASE][PASSED] - Test Cases/Product Ecommerce/TC-PE-001: Test Cases/Product Ecommerce/TC-PE-001

2023-10-05 15:42:12 - [TEST_STEP][PASSED] - callTestCase(findTestCase("Login Ecommerce/TC-Login Ecomerce-001"), [:], STOP_ON_FAILURE): Call Test Case 'Test Cases/Login Ecommerce/TC-Login Ecomerce-001' successfully

2023-10-05 15:42:12 - [TEST_CASE][PASSED] - Test Cases/Login Ecommerce/TC-Login Ecomerce-001: Test Cases/Login Ecommerce/TC-Login Ecomerce-001

2023-10-05 15:42:12 - [TEST_STEP][PASSED] - openBrowser(userTajalapak): Browser is opened with url: 'https://10.9.2.63/ecommerce/'

2023-10-05 15:42:12 - [MESSAGE][WARNING] - A browser is already opened. Closing browser and opening a new one

2023-10-05 15:42:14 - [MESSAGE][INFO] - Starting 'Edge Chromium' driver

2023-10-05 15:42:14 - [MESSAGE][INFO] - User set preference: ['acceptInsecureCerts', 'true']

2023-10-05 15:42:16 - [MESSAGE][INFO] - Action delay is set to 0 milliseconds

2023-10-05 15:42:18 - [MESSAGE][PASSED] - Browser is opened with url: 'https://10.9.2.63/ecommerce/'

2023-10-05 15:42:18 - [TEST_STEP][PASSED] - maximizeWindow(): Current window maximized

2023-10-05 15:42:18 - [MESSAGE][PASSED] - Current window maximized

2023-10-05 15:42:18 - [TEST_STEP][PASSED] - verifyElementPresent(findTestObject("Login Ecommerce/Verifikasi Halaman Login Akun"), 0): Object 'Object Repository/Login Ecommerce/Verifikasi Halaman Login Akun' is present

2023-10-05 15:42:18 - [MESSAGE][WARNING] - Timeout '0' is invalid. Using default page load timeout: '30'

2023-10-05 15:42:19 - [MESSAGE][PASSED] - Object 'Object Repository/Login Ecommerce/Verifikasi Halaman Login Akun' is present

2023-10-05 15:42:19 - [TEST_STEP][PASSED] - click(findTestObject("Login Ecommerce/Login Akun")): Object: 'Object Repository/Login Ecommerce/Login Akun' is clicked on

2023-10-05 15:42:19 - [MESSAGE][PASSED] - Object: 'Object Repository/Login Ecommerce/Login Akun' is clicked on

2023-10-05 15:42:19 - [TEST_STEP][PASSED] - verifyElementPresent(findTestObject("Login Ecommerce/Verifikasi Halaman Login Akun"), 0): Object 'Object Repository/Login Ecommerce/Verifikasi Halaman Login Akun' is present

2023-10-05 15:42:19 - [MESSAGE][WARNING] - Timeout '0' is invalid. Using default page load timeout: '30'

2023-10-05 15:42:20 - [MESSAGE][PASSED] - Object 'Object Repository/Login Ecommerce/Verifikasi Halaman Login Akun' is present

2023-10-05 15:42:20 - [TEST_STEP][PASSED] - setText(findTestObject("Login Ecommerce/Input Username"), "riswandha"): Text 'riswandha' is set on object 'Object Repository/Login Ecommerce/Input Username'

2023-10-05 15:42:21 - [MESSAGE][PASSED] - Text 'riswandha' is set on object 'Object Repository/Login Ecommerce/Input Username'

2023-10-05 15:42:21 - [TEST_STEP][PASSED] - setEncryptedText(findTestObject("Login Ecommerce/Input Password"), "iGDxf8hSRT4="): Text ****** has been set on object 'Object Repository/Login Ecommerce/Input Password'

2023-10-05 15:42:21 - [MESSAGE][PASSED] - Text ****** has been set on object 'Object Repository/Login Ecommerce/Input Password'

2023-10-05 15:42:21 - [TEST_STEP][PASSED] - click(findTestObject("Login Ecommerce/Button Masuk")): Object: 'Object Repository/Login Ecommerce/Button Masuk' is clicked on

2023-10-05 15:42:22 - [MESSAGE][PASSED] - Object: 'Object Repository/Login Ecommerce/Button Masuk' is clicked on

2023-10-05 15:42:22 - [TEST_STEP][PASSED] - verifyElementPresent(findTestObject("Login Ecommerce/Verifikasi Login Akun"), 0): Object 'Object Repository/Login Ecommerce/Verifikasi Login Akun' is present

2023-10-05 15:42:22 - [MESSAGE][WARNING] - Timeout '0' is invalid. Using default page load timeout: '30'

2023-10-05 15:42:22 - [MESSAGE][PASSED] - Object 'Object Repository/Login Ecommerce/Verifikasi Login Akun' is present

2023-10-05 15:42:22 - [MESSAGE][PASSED] - Call Test Case 'Test Cases/Login Ecommerce/TC-Login Ecomerce-001' successfully

2023-10-05 15:42:22 - [TEST_STEP][PASSED] - mouseOver(findTestObject("Product Ecommerce/Button Menu toko")): Object: 'Object Repository/Product Ecommerce/Button Menu toko' is hovered

2023-10-05 15:42:23 - [MESSAGE][PASSED] - Object: 'Object Repository/Product Ecommerce/Button Menu toko' is hovered

2023-10-05 15:42:23 - [TEST_STEP][PASSED] - click(findTestObject("Product Ecommerce/Button Daftar Produk")): Object: 'Object Repository/Product Ecommerce/Button Daftar Produk' is clicked on

2023-10-05 15:42:24 - [MESSAGE][PASSED] - Object: 'Object Repository/Product Ecommerce/Button Daftar Produk' is clicked on

2023-10-05 15:42:24 - [TEST_STEP][PASSED] - verifyElementPresent(findTestObject("Product Ecommerce/Verifikasi Halaman Product Anda"), 0): Object 'Object Repository/Product Ecommerce/Verifikasi Halaman Product Anda' is present

2023-10-05 15:42:24 - [MESSAGE][WARNING] - Timeout '0' is invalid. Using default page load timeout: '30'

2023-10-05 15:42:24 - [MESSAGE][PASSED] - Object 'Object Repository/Product Ecommerce/Verifikasi Halaman Product Anda' is present

2023-10-05 15:42:24 - [MESSAGE][PASSED] - Call Test Case 'Test Cases/Product Ecommerce/TC-PE-001' successfully

2023-10-05 15:42:24 - [TEST_STEP][PASSED] - click(findTestObject("Product Ecommerce/Tambahkan Produk")): Object: 'Object Repository/Product Ecommerce/Tambahkan Produk' is clicked on

2023-10-05 15:42:25 - [MESSAGE][PASSED] - Object: 'Object Repository/Product Ecommerce/Tambahkan Produk' is clicked on

2023-10-05 15:42:25 - [TEST_STEP][PASSED] - verifyElementPresent(findTestObject("Product Ecommerce/Tambahkan Product/Verifikasi Halaman Tambahkan Product"), 0): Object 'Object Repository/Product Ecommerce/Tambahkan Product/Verifikasi Halaman Tambahkan Product' is present

2023-10-05 15:42:25 - [MESSAGE][WARNING] - Timeout '0' is invalid. Using default page load timeout: '30'

2023-10-05 15:42:26 - [MESSAGE][PASSED] - Object 'Object Repository/Product Ecommerce/Tambahkan Product/Verifikasi Halaman Tambahkan Product' is present

2023-10-05 15:42:26 - [TEST_STEP][PASSED] - selectOptionByValue(findTestObject("Product Ecommerce/Tambahkan Product/Pilih Katagori Produk"), "6", false): All options with value '6' are selected in object 'Object Repository/Product Ecommerce/Tambahkan Product/Pilih Katagori Produk' 

2023-10-05 15:42:26 - [MESSAGE][PASSED] - All options with value '6' are selected in object 'Object Repository/Product Ecommerce/Tambahkan Product/Pilih Katagori Produk' 

2023-10-05 15:42:26 - [TEST_STEP][PASSED] - click(findTestObject("Product Ecommerce/Tambahkan Product/Button Tambahkan")): Object: 'Object Repository/Product Ecommerce/Tambahkan Product/Button Tambahkan' is clicked on

2023-10-05 15:42:27 - [MESSAGE][PASSED] - Object: 'Object Repository/Product Ecommerce/Tambahkan Product/Button Tambahkan' is clicked on

2023-10-05 15:42:27 - [TEST_STEP][PASSED] - driver = getWebDriver(): null

2023-10-05 15:42:27 - [TEST_STEP][PASSED] - field_username_element = driver.findElement(By.xpath("(//input[@name="b"])[3]")): null

2023-10-05 15:42:27 - [TEST_STEP][PASSED] - accept_button_message = driver.executeScript("return arguments[0].validationMessage", field_username_element): null

2023-10-05 15:42:27 - [TEST_STEP][PASSED] - println(accept_button_message): null

2023-10-05 15:42:27 - [TEST_STEP][PASSED] - assert accept_button_message == "Please fill out this field.": null]]></system-out>
         <system-err><![CDATA[]]></system-err>
      </testcase>
      <testcase name="Test Cases/Product Ecommerce/TC-PEN-003" time="14.11" classname="Test Cases/Product Ecommerce/TC-PEN-003" status="PASSED">
         <system-out><![CDATA[2023-10-05 15:42:27 - [TEST_CASE][PASSED] - Test Cases/Product Ecommerce/TC-PEN-003: Test Cases/Product Ecommerce/TC-PEN-003

2023-10-05 15:42:28 - [TEST_STEP][PASSED] - callTestCase(findTestCase("Product Ecommerce/TC-PE-001"), [:], STOP_ON_FAILURE): Call Test Case 'Test Cases/Product Ecommerce/TC-PE-001' successfully

2023-10-05 15:42:28 - [TEST_CASE][PASSED] - Test Cases/Product Ecommerce/TC-PE-001: Test Cases/Product Ecommerce/TC-PE-001

2023-10-05 15:42:28 - [TEST_STEP][PASSED] - callTestCase(findTestCase("Login Ecommerce/TC-Login Ecomerce-001"), [:], STOP_ON_FAILURE): Call Test Case 'Test Cases/Login Ecommerce/TC-Login Ecomerce-001' successfully

2023-10-05 15:42:28 - [TEST_CASE][PASSED] - Test Cases/Login Ecommerce/TC-Login Ecomerce-001: Test Cases/Login Ecommerce/TC-Login Ecomerce-001

2023-10-05 15:42:28 - [TEST_STEP][PASSED] - openBrowser(userTajalapak): Browser is opened with url: 'https://10.9.2.63/ecommerce/'

2023-10-05 15:42:28 - [MESSAGE][WARNING] - A browser is already opened. Closing browser and opening a new one

2023-10-05 15:42:29 - [MESSAGE][INFO] - Starting 'Edge Chromium' driver

2023-10-05 15:42:29 - [MESSAGE][INFO] - User set preference: ['acceptInsecureCerts', 'true']

2023-10-05 15:42:31 - [MESSAGE][INFO] - Action delay is set to 0 milliseconds

2023-10-05 15:42:33 - [MESSAGE][PASSED] - Browser is opened with url: 'https://10.9.2.63/ecommerce/'

2023-10-05 15:42:33 - [TEST_STEP][PASSED] - maximizeWindow(): Current window maximized

2023-10-05 15:42:33 - [MESSAGE][PASSED] - Current window maximized

2023-10-05 15:42:33 - [TEST_STEP][PASSED] - verifyElementPresent(findTestObject("Login Ecommerce/Verifikasi Halaman Login Akun"), 0): Object 'Object Repository/Login Ecommerce/Verifikasi Halaman Login Akun' is present

2023-10-05 15:42:33 - [MESSAGE][WARNING] - Timeout '0' is invalid. Using default page load timeout: '30'

2023-10-05 15:42:34 - [MESSAGE][PASSED] - Object 'Object Repository/Login Ecommerce/Verifikasi Halaman Login Akun' is present

2023-10-05 15:42:34 - [TEST_STEP][PASSED] - click(findTestObject("Login Ecommerce/Login Akun")): Object: 'Object Repository/Login Ecommerce/Login Akun' is clicked on

2023-10-05 15:42:34 - [MESSAGE][PASSED] - Object: 'Object Repository/Login Ecommerce/Login Akun' is clicked on

2023-10-05 15:42:34 - [TEST_STEP][PASSED] - verifyElementPresent(findTestObject("Login Ecommerce/Verifikasi Halaman Login Akun"), 0): Object 'Object Repository/Login Ecommerce/Verifikasi Halaman Login Akun' is present

2023-10-05 15:42:34 - [MESSAGE][WARNING] - Timeout '0' is invalid. Using default page load timeout: '30'

2023-10-05 15:42:35 - [MESSAGE][PASSED] - Object 'Object Repository/Login Ecommerce/Verifikasi Halaman Login Akun' is present

2023-10-05 15:42:35 - [TEST_STEP][PASSED] - setText(findTestObject("Login Ecommerce/Input Username"), "riswandha"): Text 'riswandha' is set on object 'Object Repository/Login Ecommerce/Input Username'

2023-10-05 15:42:36 - [MESSAGE][PASSED] - Text 'riswandha' is set on object 'Object Repository/Login Ecommerce/Input Username'

2023-10-05 15:42:36 - [TEST_STEP][PASSED] - setEncryptedText(findTestObject("Login Ecommerce/Input Password"), "iGDxf8hSRT4="): Text ****** has been set on object 'Object Repository/Login Ecommerce/Input Password'

2023-10-05 15:42:36 - [MESSAGE][PASSED] - Text ****** has been set on object 'Object Repository/Login Ecommerce/Input Password'

2023-10-05 15:42:36 - [TEST_STEP][PASSED] - click(findTestObject("Login Ecommerce/Button Masuk")): Object: 'Object Repository/Login Ecommerce/Button Masuk' is clicked on

2023-10-05 15:42:37 - [MESSAGE][PASSED] - Object: 'Object Repository/Login Ecommerce/Button Masuk' is clicked on

2023-10-05 15:42:37 - [TEST_STEP][PASSED] - verifyElementPresent(findTestObject("Login Ecommerce/Verifikasi Login Akun"), 0): Object 'Object Repository/Login Ecommerce/Verifikasi Login Akun' is present

2023-10-05 15:42:37 - [MESSAGE][WARNING] - Timeout '0' is invalid. Using default page load timeout: '30'

2023-10-05 15:42:38 - [MESSAGE][PASSED] - Object 'Object Repository/Login Ecommerce/Verifikasi Login Akun' is present

2023-10-05 15:42:38 - [MESSAGE][PASSED] - Call Test Case 'Test Cases/Login Ecommerce/TC-Login Ecomerce-001' successfully

2023-10-05 15:42:38 - [TEST_STEP][PASSED] - mouseOver(findTestObject("Product Ecommerce/Button Menu toko")): Object: 'Object Repository/Product Ecommerce/Button Menu toko' is hovered

2023-10-05 15:42:38 - [MESSAGE][PASSED] - Object: 'Object Repository/Product Ecommerce/Button Menu toko' is hovered

2023-10-05 15:42:38 - [TEST_STEP][PASSED] - click(findTestObject("Product Ecommerce/Button Daftar Produk")): Object: 'Object Repository/Product Ecommerce/Button Daftar Produk' is clicked on

2023-10-05 15:42:39 - [MESSAGE][PASSED] - Object: 'Object Repository/Product Ecommerce/Button Daftar Produk' is clicked on

2023-10-05 15:42:39 - [TEST_STEP][PASSED] - verifyElementPresent(findTestObject("Product Ecommerce/Verifikasi Halaman Product Anda"), 0): Object 'Object Repository/Product Ecommerce/Verifikasi Halaman Product Anda' is present

2023-10-05 15:42:39 - [MESSAGE][WARNING] - Timeout '0' is invalid. Using default page load timeout: '30'

2023-10-05 15:42:39 - [MESSAGE][PASSED] - Object 'Object Repository/Product Ecommerce/Verifikasi Halaman Product Anda' is present

2023-10-05 15:42:39 - [MESSAGE][PASSED] - Call Test Case 'Test Cases/Product Ecommerce/TC-PE-001' successfully

2023-10-05 15:42:39 - [TEST_STEP][PASSED] - click(findTestObject("Product Ecommerce/Tambahkan Produk")): Object: 'Object Repository/Product Ecommerce/Tambahkan Produk' is clicked on

2023-10-05 15:42:40 - [MESSAGE][PASSED] - Object: 'Object Repository/Product Ecommerce/Tambahkan Produk' is clicked on

2023-10-05 15:42:40 - [TEST_STEP][PASSED] - verifyElementPresent(findTestObject("Product Ecommerce/Tambahkan Product/Verifikasi Halaman Tambahkan Product"), 0): Object 'Object Repository/Product Ecommerce/Tambahkan Product/Verifikasi Halaman Tambahkan Product' is present

2023-10-05 15:42:40 - [MESSAGE][WARNING] - Timeout '0' is invalid. Using default page load timeout: '30'

2023-10-05 15:42:41 - [MESSAGE][PASSED] - Object 'Object Repository/Product Ecommerce/Tambahkan Product/Verifikasi Halaman Tambahkan Product' is present

2023-10-05 15:42:41 - [TEST_STEP][PASSED] - click(findTestObject("Product Ecommerce/Tambahkan Product/Button Tambahkan")): Object: 'Object Repository/Product Ecommerce/Tambahkan Product/Button Tambahkan' is clicked on

2023-10-05 15:42:41 - [MESSAGE][PASSED] - Object: 'Object Repository/Product Ecommerce/Tambahkan Product/Button Tambahkan' is clicked on

2023-10-05 15:42:41 - [TEST_STEP][PASSED] - driver = getWebDriver(): null

2023-10-05 15:42:41 - [TEST_STEP][PASSED] - field_username_element = driver.findElement(By.xpath("//select[@name="a"]")): null

2023-10-05 15:42:41 - [TEST_STEP][PASSED] - accept_button_message = driver.executeScript("return arguments[0].validationMessage", field_username_element): null

2023-10-05 15:42:41 - [TEST_STEP][PASSED] - println(accept_button_message): null

2023-10-05 15:42:41 - [TEST_STEP][PASSED] - assert accept_button_message == "Please select an item in the list.": null]]></system-out>
         <system-err><![CDATA[]]></system-err>
      </testcase>
      <testcase name="Test Cases/Product Ecommerce/TC-PEN-004" time="16.377" classname="Test Cases/Product Ecommerce/TC-PEN-004" status="FAILED">
         <failure type="FAILED" message="Test Cases/Product Ecommerce/TC-PEN-004 FAILED.
Reason:
Assertion failed: 

assert accept_button_message == &quot;Please Column is not 0&quot;
       |                     |
       &quot;&quot;                    false

	at TC-PEN-004.run(TC-PEN-004:49)
	at com.kms.katalon.core.main.ScriptEngine.run(ScriptEngine.java:194)
	at com.kms.katalon.core.main.ScriptEngine.runScriptAsRawText(ScriptEngine.java:119)
	at com.kms.katalon.core.main.TestCaseExecutor.runScript(TestCaseExecutor.java:448)
	at com.kms.katalon.core.main.TestCaseExecutor.doExecute(TestCaseExecutor.java:439)
	at com.kms.katalon.core.main.TestCaseExecutor.processExecutionPhase(TestCaseExecutor.java:418)
	at com.kms.katalon.core.main.TestCaseExecutor.accessMainPhase(TestCaseExecutor.java:410)
	at com.kms.katalon.core.main.TestCaseExecutor.execute(TestCaseExecutor.java:285)
	at com.kms.katalon.core.common.CommonExecutor.accessTestCaseMainPhase(CommonExecutor.java:65)
	at com.kms.katalon.core.main.TestSuiteExecutor.accessTestSuiteMainPhase(TestSuiteExecutor.java:148)
	at com.kms.katalon.core.main.TestSuiteExecutor.execute(TestSuiteExecutor.java:106)
	at com.kms.katalon.core.main.TestCaseMain.startTestSuite(TestCaseMain.java:187)
	at com.kms.katalon.core.main.TestCaseMain$startTestSuite$0.call(Unknown Source)
	at TempTestSuite1696494982531.run(TempTestSuite1696494982531.groovy:36)
"/>
         <system-out><![CDATA[2023-10-05 15:42:42 - [TEST_CASE][FAILED] - Test Cases/Product Ecommerce/TC-PEN-004: Test Cases/Product Ecommerce/TC-PEN-004 FAILED.
Reason:
Assertion failed: 

assert accept_button_message == "Please Column is not 0"
       |                     |
       ""                    false

	at TC-PEN-004.run(TC-PEN-004:49)
	at com.kms.katalon.core.main.ScriptEngine.run(ScriptEngine.java:194)
	at com.kms.katalon.core.main.ScriptEngine.runScriptAsRawText(ScriptEngine.java:119)
	at com.kms.katalon.core.main.TestCaseExecutor.runScript(TestCaseExecutor.java:448)
	at com.kms.katalon.core.main.TestCaseExecutor.doExecute(TestCaseExecutor.java:439)
	at com.kms.katalon.core.main.TestCaseExecutor.processExecutionPhase(TestCaseExecutor.java:418)
	at com.kms.katalon.core.main.TestCaseExecutor.accessMainPhase(TestCaseExecutor.java:410)
	at com.kms.katalon.core.main.TestCaseExecutor.execute(TestCaseExecutor.java:285)
	at com.kms.katalon.core.common.CommonExecutor.accessTestCaseMainPhase(CommonExecutor.java:65)
	at com.kms.katalon.core.main.TestSuiteExecutor.accessTestSuiteMainPhase(TestSuiteExecutor.java:148)
	at com.kms.katalon.core.main.TestSuiteExecutor.execute(TestSuiteExecutor.java:106)
	at com.kms.katalon.core.main.TestCaseMain.startTestSuite(TestCaseMain.java:187)
	at com.kms.katalon.core.main.TestCaseMain$startTestSuite$0.call(Unknown Source)
	at TempTestSuite1696494982531.run(TempTestSuite1696494982531.groovy:36)


2023-10-05 15:42:42 - [TEST_STEP][PASSED] - callTestCase(findTestCase("Product Ecommerce/TC-PE-001"), [:], STOP_ON_FAILURE): Call Test Case 'Test Cases/Product Ecommerce/TC-PE-001' successfully

2023-10-05 15:42:42 - [TEST_CASE][PASSED] - Test Cases/Product Ecommerce/TC-PE-001: Test Cases/Product Ecommerce/TC-PE-001

2023-10-05 15:42:42 - [TEST_STEP][PASSED] - callTestCase(findTestCase("Login Ecommerce/TC-Login Ecomerce-001"), [:], STOP_ON_FAILURE): Call Test Case 'Test Cases/Login Ecommerce/TC-Login Ecomerce-001' successfully

2023-10-05 15:42:42 - [TEST_CASE][PASSED] - Test Cases/Login Ecommerce/TC-Login Ecomerce-001: Test Cases/Login Ecommerce/TC-Login Ecomerce-001

2023-10-05 15:42:42 - [TEST_STEP][PASSED] - openBrowser(userTajalapak): Browser is opened with url: 'https://10.9.2.63/ecommerce/'

2023-10-05 15:42:42 - [MESSAGE][WARNING] - A browser is already opened. Closing browser and opening a new one

2023-10-05 15:42:43 - [MESSAGE][INFO] - Starting 'Edge Chromium' driver

2023-10-05 15:42:43 - [MESSAGE][INFO] - User set preference: ['acceptInsecureCerts', 'true']

2023-10-05 15:42:45 - [MESSAGE][INFO] - Action delay is set to 0 milliseconds

2023-10-05 15:42:48 - [MESSAGE][PASSED] - Browser is opened with url: 'https://10.9.2.63/ecommerce/'

2023-10-05 15:42:48 - [TEST_STEP][PASSED] - maximizeWindow(): Current window maximized

2023-10-05 15:42:48 - [MESSAGE][PASSED] - Current window maximized

2023-10-05 15:42:48 - [TEST_STEP][PASSED] - verifyElementPresent(findTestObject("Login Ecommerce/Verifikasi Halaman Login Akun"), 0): Object 'Object Repository/Login Ecommerce/Verifikasi Halaman Login Akun' is present

2023-10-05 15:42:48 - [MESSAGE][WARNING] - Timeout '0' is invalid. Using default page load timeout: '30'

2023-10-05 15:42:49 - [MESSAGE][PASSED] - Object 'Object Repository/Login Ecommerce/Verifikasi Halaman Login Akun' is present

2023-10-05 15:42:49 - [TEST_STEP][PASSED] - click(findTestObject("Login Ecommerce/Login Akun")): Object: 'Object Repository/Login Ecommerce/Login Akun' is clicked on

2023-10-05 15:42:49 - [MESSAGE][PASSED] - Object: 'Object Repository/Login Ecommerce/Login Akun' is clicked on

2023-10-05 15:42:49 - [TEST_STEP][PASSED] - verifyElementPresent(findTestObject("Login Ecommerce/Verifikasi Halaman Login Akun"), 0): Object 'Object Repository/Login Ecommerce/Verifikasi Halaman Login Akun' is present

2023-10-05 15:42:50 - [MESSAGE][WARNING] - Timeout '0' is invalid. Using default page load timeout: '30'

2023-10-05 15:42:50 - [MESSAGE][PASSED] - Object 'Object Repository/Login Ecommerce/Verifikasi Halaman Login Akun' is present

2023-10-05 15:42:50 - [TEST_STEP][PASSED] - setText(findTestObject("Login Ecommerce/Input Username"), "riswandha"): Text 'riswandha' is set on object 'Object Repository/Login Ecommerce/Input Username'

2023-10-05 15:42:51 - [MESSAGE][PASSED] - Text 'riswandha' is set on object 'Object Repository/Login Ecommerce/Input Username'

2023-10-05 15:42:51 - [TEST_STEP][PASSED] - setEncryptedText(findTestObject("Login Ecommerce/Input Password"), "iGDxf8hSRT4="): Text ****** has been set on object 'Object Repository/Login Ecommerce/Input Password'

2023-10-05 15:42:51 - [MESSAGE][PASSED] - Text ****** has been set on object 'Object Repository/Login Ecommerce/Input Password'

2023-10-05 15:42:51 - [TEST_STEP][PASSED] - click(findTestObject("Login Ecommerce/Button Masuk")): Object: 'Object Repository/Login Ecommerce/Button Masuk' is clicked on

2023-10-05 15:42:52 - [MESSAGE][PASSED] - Object: 'Object Repository/Login Ecommerce/Button Masuk' is clicked on

2023-10-05 15:42:52 - [TEST_STEP][PASSED] - verifyElementPresent(findTestObject("Login Ecommerce/Verifikasi Login Akun"), 0): Object 'Object Repository/Login Ecommerce/Verifikasi Login Akun' is present

2023-10-05 15:42:52 - [MESSAGE][WARNING] - Timeout '0' is invalid. Using default page load timeout: '30'

2023-10-05 15:42:53 - [MESSAGE][PASSED] - Object 'Object Repository/Login Ecommerce/Verifikasi Login Akun' is present

2023-10-05 15:42:53 - [MESSAGE][PASSED] - Call Test Case 'Test Cases/Login Ecommerce/TC-Login Ecomerce-001' successfully

2023-10-05 15:42:53 - [TEST_STEP][PASSED] - mouseOver(findTestObject("Product Ecommerce/Button Menu toko")): Object: 'Object Repository/Product Ecommerce/Button Menu toko' is hovered

2023-10-05 15:42:53 - [MESSAGE][PASSED] - Object: 'Object Repository/Product Ecommerce/Button Menu toko' is hovered

2023-10-05 15:42:53 - [TEST_STEP][PASSED] - click(findTestObject("Product Ecommerce/Button Daftar Produk")): Object: 'Object Repository/Product Ecommerce/Button Daftar Produk' is clicked on

2023-10-05 15:42:54 - [MESSAGE][PASSED] - Object: 'Object Repository/Product Ecommerce/Button Daftar Produk' is clicked on

2023-10-05 15:42:54 - [TEST_STEP][PASSED] - verifyElementPresent(findTestObject("Product Ecommerce/Verifikasi Halaman Product Anda"), 0): Object 'Object Repository/Product Ecommerce/Verifikasi Halaman Product Anda' is present

2023-10-05 15:42:54 - [MESSAGE][WARNING] - Timeout '0' is invalid. Using default page load timeout: '30'

2023-10-05 15:42:54 - [MESSAGE][PASSED] - Object 'Object Repository/Product Ecommerce/Verifikasi Halaman Product Anda' is present

2023-10-05 15:42:54 - [MESSAGE][PASSED] - Call Test Case 'Test Cases/Product Ecommerce/TC-PE-001' successfully

2023-10-05 15:42:54 - [TEST_STEP][PASSED] - mouseOver(findTestObject("Product Ecommerce/Image Gambar produk 1")): Object: 'Object Repository/Product Ecommerce/Image Gambar produk 1' is hovered

2023-10-05 15:42:55 - [MESSAGE][PASSED] - Object: 'Object Repository/Product Ecommerce/Image Gambar produk 1' is hovered

2023-10-05 15:42:55 - [TEST_STEP][PASSED] - click(findTestObject("Product Ecommerce/Tambahkan Product/Edit Data")): Object: 'Object Repository/Product Ecommerce/Tambahkan Product/Edit Data' is clicked on

2023-10-05 15:42:56 - [MESSAGE][PASSED] - Object: 'Object Repository/Product Ecommerce/Tambahkan Product/Edit Data' is clicked on

2023-10-05 15:42:56 - [TEST_STEP][PASSED] - setText(findTestObject("Product Ecommerce/Tambahkan Product/Input Stok Awal"), "0"): Text '0' is set on object 'Object Repository/Product Ecommerce/Tambahkan Product/Input Stok Awal'

2023-10-05 15:42:57 - [MESSAGE][PASSED] - Text '0' is set on object 'Object Repository/Product Ecommerce/Tambahkan Product/Input Stok Awal'

2023-10-05 15:42:57 - [TEST_STEP][PASSED] - driver = getWebDriver(): null

2023-10-05 15:42:57 - [TEST_STEP][PASSED] - field_username_element = driver.findElement(By.xpath("//input[@name="minimum"]")): null

2023-10-05 15:42:57 - [TEST_STEP][PASSED] - accept_button_message = driver.executeScript("return arguments[0].validationMessage", field_username_element): null

2023-10-05 15:42:57 - [TEST_STEP][PASSED] - click(findTestObject("Product Ecommerce/Tambahkan Product/Button Update Data")): Object: 'Object Repository/Product Ecommerce/Tambahkan Product/Button Update Data' is clicked on

2023-10-05 15:42:58 - [MESSAGE][PASSED] - Object: 'Object Repository/Product Ecommerce/Tambahkan Product/Button Update Data' is clicked on

2023-10-05 15:42:58 - [TEST_STEP][PASSED] - println(accept_button_message): null

2023-10-05 15:42:58 - [TEST_STEP][FAILED] - assert accept_button_message == "Please Column is not 0": Test Cases/Product Ecommerce/TC-PEN-004 FAILED.
Reason:
Assertion failed: 

assert accept_button_message == "Please Column is not 0"
       |                     |
       ""                    false

	at TC-PEN-004.run(TC-PEN-004:49)
	at com.kms.katalon.core.main.ScriptEngine.run(ScriptEngine.java:194)
	at com.kms.katalon.core.main.ScriptEngine.runScriptAsRawText(ScriptEngine.java:119)
	at com.kms.katalon.core.main.TestCaseExecutor.runScript(TestCaseExecutor.java:448)
	at com.kms.katalon.core.main.TestCaseExecutor.doExecute(TestCaseExecutor.java:439)
	at com.kms.katalon.core.main.TestCaseExecutor.processExecutionPhase(TestCaseExecutor.java:418)
	at com.kms.katalon.core.main.TestCaseExecutor.accessMainPhase(TestCaseExecutor.java:410)
	at com.kms.katalon.core.main.TestCaseExecutor.execute(TestCaseExecutor.java:285)
	at com.kms.katalon.core.common.CommonExecutor.accessTestCaseMainPhase(CommonExecutor.java:65)
	at com.kms.katalon.core.main.TestSuiteExecutor.accessTestSuiteMainPhase(TestSuiteExecutor.java:148)
	at com.kms.katalon.core.main.TestSuiteExecutor.execute(TestSuiteExecutor.java:106)
	at com.kms.katalon.core.main.TestCaseMain.startTestSuite(TestCaseMain.java:187)
	at com.kms.katalon.core.main.TestCaseMain$startTestSuite$0.call(Unknown Source)
	at TempTestSuite1696494982531.run(TempTestSuite1696494982531.groovy:36)


2023-10-05 15:42:58 - [MESSAGE][FAILED] - Test Cases/Product Ecommerce/TC-PEN-004 FAILED.
Reason:
Assertion failed: 

assert accept_button_message == "Please Column is not 0"
       |                     |
       ""                    false

	at TC-PEN-004.run(TC-PEN-004:49)
	at com.kms.katalon.core.main.ScriptEngine.run(ScriptEngine.java:194)
	at com.kms.katalon.core.main.ScriptEngine.runScriptAsRawText(ScriptEngine.java:119)
	at com.kms.katalon.core.main.TestCaseExecutor.runScript(TestCaseExecutor.java:448)
	at com.kms.katalon.core.main.TestCaseExecutor.doExecute(TestCaseExecutor.java:439)
	at com.kms.katalon.core.main.TestCaseExecutor.processExecutionPhase(TestCaseExecutor.java:418)
	at com.kms.katalon.core.main.TestCaseExecutor.accessMainPhase(TestCaseExecutor.java:410)
	at com.kms.katalon.core.main.TestCaseExecutor.execute(TestCaseExecutor.java:285)
	at com.kms.katalon.core.common.CommonExecutor.accessTestCaseMainPhase(CommonExecutor.java:65)
	at com.kms.katalon.core.main.TestSuiteExecutor.accessTestSuiteMainPhase(TestSuiteExecutor.java:148)
	at com.kms.katalon.core.main.TestSuiteExecutor.execute(TestSuiteExecutor.java:106)
	at com.kms.katalon.core.main.TestCaseMain.startTestSuite(TestCaseMain.java:187)
	at com.kms.katalon.core.main.TestCaseMain$startTestSuite$0.call(Unknown Source)
	at TempTestSuite1696494982531.run(TempTestSuite1696494982531.groovy:36)]]></system-out>
         <system-err><![CDATA[2023-10-05 15:42:42 - [TEST_CASE][FAILED] - Test Cases/Product Ecommerce/TC-PEN-004: Test Cases/Product Ecommerce/TC-PEN-004 FAILED.
Reason:
Assertion failed: 

assert accept_button_message == "Please Column is not 0"
       |                     |
       ""                    false

	at TC-PEN-004.run(TC-PEN-004:49)
	at com.kms.katalon.core.main.ScriptEngine.run(ScriptEngine.java:194)
	at com.kms.katalon.core.main.ScriptEngine.runScriptAsRawText(ScriptEngine.java:119)
	at com.kms.katalon.core.main.TestCaseExecutor.runScript(TestCaseExecutor.java:448)
	at com.kms.katalon.core.main.TestCaseExecutor.doExecute(TestCaseExecutor.java:439)
	at com.kms.katalon.core.main.TestCaseExecutor.processExecutionPhase(TestCaseExecutor.java:418)
	at com.kms.katalon.core.main.TestCaseExecutor.accessMainPhase(TestCaseExecutor.java:410)
	at com.kms.katalon.core.main.TestCaseExecutor.execute(TestCaseExecutor.java:285)
	at com.kms.katalon.core.common.CommonExecutor.accessTestCaseMainPhase(CommonExecutor.java:65)
	at com.kms.katalon.core.main.TestSuiteExecutor.accessTestSuiteMainPhase(TestSuiteExecutor.java:148)
	at com.kms.katalon.core.main.TestSuiteExecutor.execute(TestSuiteExecutor.java:106)
	at com.kms.katalon.core.main.TestCaseMain.startTestSuite(TestCaseMain.java:187)
	at com.kms.katalon.core.main.TestCaseMain$startTestSuite$0.call(Unknown Source)
	at TempTestSuite1696494982531.run(TempTestSuite1696494982531.groovy:36)]]></system-err>
      </testcase>
      <testcase name="Test Cases/Product Ecommerce/TC-PEN-005" time="15.034" classname="Test Cases/Product Ecommerce/TC-PEN-005" status="FAILED">
         <failure type="FAILED" message="Test Cases/Product Ecommerce/TC-PEN-005 FAILED.
Reason:
Assertion failed: 

assert accept_button_message == &quot;Please Input With true format&quot;
       |                     |
       &quot;&quot;                    false

	at TC-PEN-005.run(TC-PEN-005:48)
	at com.kms.katalon.core.main.ScriptEngine.run(ScriptEngine.java:194)
	at com.kms.katalon.core.main.ScriptEngine.runScriptAsRawText(ScriptEngine.java:119)
	at com.kms.katalon.core.main.TestCaseExecutor.runScript(TestCaseExecutor.java:448)
	at com.kms.katalon.core.main.TestCaseExecutor.doExecute(TestCaseExecutor.java:439)
	at com.kms.katalon.core.main.TestCaseExecutor.processExecutionPhase(TestCaseExecutor.java:418)
	at com.kms.katalon.core.main.TestCaseExecutor.accessMainPhase(TestCaseExecutor.java:410)
	at com.kms.katalon.core.main.TestCaseExecutor.execute(TestCaseExecutor.java:285)
	at com.kms.katalon.core.common.CommonExecutor.accessTestCaseMainPhase(CommonExecutor.java:65)
	at com.kms.katalon.core.main.TestSuiteExecutor.accessTestSuiteMainPhase(TestSuiteExecutor.java:148)
	at com.kms.katalon.core.main.TestSuiteExecutor.execute(TestSuiteExecutor.java:106)
	at com.kms.katalon.core.main.TestCaseMain.startTestSuite(TestCaseMain.java:187)
	at com.kms.katalon.core.main.TestCaseMain$startTestSuite$0.call(Unknown Source)
	at TempTestSuite1696494982531.run(TempTestSuite1696494982531.groovy:36)
"/>
         <system-out><![CDATA[2023-10-05 15:42:58 - [TEST_CASE][FAILED] - Test Cases/Product Ecommerce/TC-PEN-005: Test Cases/Product Ecommerce/TC-PEN-005 FAILED.
Reason:
Assertion failed: 

assert accept_button_message == "Please Input With true format"
       |                     |
       ""                    false

	at TC-PEN-005.run(TC-PEN-005:48)
	at com.kms.katalon.core.main.ScriptEngine.run(ScriptEngine.java:194)
	at com.kms.katalon.core.main.ScriptEngine.runScriptAsRawText(ScriptEngine.java:119)
	at com.kms.katalon.core.main.TestCaseExecutor.runScript(TestCaseExecutor.java:448)
	at com.kms.katalon.core.main.TestCaseExecutor.doExecute(TestCaseExecutor.java:439)
	at com.kms.katalon.core.main.TestCaseExecutor.processExecutionPhase(TestCaseExecutor.java:418)
	at com.kms.katalon.core.main.TestCaseExecutor.accessMainPhase(TestCaseExecutor.java:410)
	at com.kms.katalon.core.main.TestCaseExecutor.execute(TestCaseExecutor.java:285)
	at com.kms.katalon.core.common.CommonExecutor.accessTestCaseMainPhase(CommonExecutor.java:65)
	at com.kms.katalon.core.main.TestSuiteExecutor.accessTestSuiteMainPhase(TestSuiteExecutor.java:148)
	at com.kms.katalon.core.main.TestSuiteExecutor.execute(TestSuiteExecutor.java:106)
	at com.kms.katalon.core.main.TestCaseMain.startTestSuite(TestCaseMain.java:187)
	at com.kms.katalon.core.main.TestCaseMain$startTestSuite$0.call(Unknown Source)
	at TempTestSuite1696494982531.run(TempTestSuite1696494982531.groovy:36)


2023-10-05 15:42:58 - [TEST_STEP][PASSED] - callTestCase(findTestCase("Product Ecommerce/TC-PE-001"), [:], STOP_ON_FAILURE): Call Test Case 'Test Cases/Product Ecommerce/TC-PE-001' successfully

2023-10-05 15:42:58 - [TEST_CASE][PASSED] - Test Cases/Product Ecommerce/TC-PE-001: Test Cases/Product Ecommerce/TC-PE-001

2023-10-05 15:42:58 - [TEST_STEP][PASSED] - callTestCase(findTestCase("Login Ecommerce/TC-Login Ecomerce-001"), [:], STOP_ON_FAILURE): Call Test Case 'Test Cases/Login Ecommerce/TC-Login Ecomerce-001' successfully

2023-10-05 15:42:58 - [TEST_CASE][PASSED] - Test Cases/Login Ecommerce/TC-Login Ecomerce-001: Test Cases/Login Ecommerce/TC-Login Ecomerce-001

2023-10-05 15:42:58 - [TEST_STEP][PASSED] - openBrowser(userTajalapak): Browser is opened with url: 'https://10.9.2.63/ecommerce/'

2023-10-05 15:42:58 - [MESSAGE][WARNING] - A browser is already opened. Closing browser and opening a new one

2023-10-05 15:42:59 - [MESSAGE][INFO] - Starting 'Edge Chromium' driver

2023-10-05 15:42:59 - [MESSAGE][INFO] - User set preference: ['acceptInsecureCerts', 'true']

2023-10-05 15:43:01 - [MESSAGE][INFO] - Action delay is set to 0 milliseconds

2023-10-05 15:43:04 - [MESSAGE][PASSED] - Browser is opened with url: 'https://10.9.2.63/ecommerce/'

2023-10-05 15:43:04 - [TEST_STEP][PASSED] - maximizeWindow(): Current window maximized

2023-10-05 15:43:04 - [MESSAGE][PASSED] - Current window maximized

2023-10-05 15:43:04 - [TEST_STEP][PASSED] - verifyElementPresent(findTestObject("Login Ecommerce/Verifikasi Halaman Login Akun"), 0): Object 'Object Repository/Login Ecommerce/Verifikasi Halaman Login Akun' is present

2023-10-05 15:43:04 - [MESSAGE][WARNING] - Timeout '0' is invalid. Using default page load timeout: '30'

2023-10-05 15:43:04 - [MESSAGE][PASSED] - Object 'Object Repository/Login Ecommerce/Verifikasi Halaman Login Akun' is present

2023-10-05 15:43:04 - [TEST_STEP][PASSED] - click(findTestObject("Login Ecommerce/Login Akun")): Object: 'Object Repository/Login Ecommerce/Login Akun' is clicked on

2023-10-05 15:43:05 - [MESSAGE][PASSED] - Object: 'Object Repository/Login Ecommerce/Login Akun' is clicked on

2023-10-05 15:43:05 - [TEST_STEP][PASSED] - verifyElementPresent(findTestObject("Login Ecommerce/Verifikasi Halaman Login Akun"), 0): Object 'Object Repository/Login Ecommerce/Verifikasi Halaman Login Akun' is present

2023-10-05 15:43:05 - [MESSAGE][WARNING] - Timeout '0' is invalid. Using default page load timeout: '30'

2023-10-05 15:43:05 - [MESSAGE][PASSED] - Object 'Object Repository/Login Ecommerce/Verifikasi Halaman Login Akun' is present

2023-10-05 15:43:05 - [TEST_STEP][PASSED] - setText(findTestObject("Login Ecommerce/Input Username"), "riswandha"): Text 'riswandha' is set on object 'Object Repository/Login Ecommerce/Input Username'

2023-10-05 15:43:06 - [MESSAGE][PASSED] - Text 'riswandha' is set on object 'Object Repository/Login Ecommerce/Input Username'

2023-10-05 15:43:06 - [TEST_STEP][PASSED] - setEncryptedText(findTestObject("Login Ecommerce/Input Password"), "iGDxf8hSRT4="): Text ****** has been set on object 'Object Repository/Login Ecommerce/Input Password'

2023-10-05 15:43:07 - [MESSAGE][PASSED] - Text ****** has been set on object 'Object Repository/Login Ecommerce/Input Password'

2023-10-05 15:43:07 - [TEST_STEP][PASSED] - click(findTestObject("Login Ecommerce/Button Masuk")): Object: 'Object Repository/Login Ecommerce/Button Masuk' is clicked on

2023-10-05 15:43:08 - [MESSAGE][PASSED] - Object: 'Object Repository/Login Ecommerce/Button Masuk' is clicked on

2023-10-05 15:43:08 - [TEST_STEP][PASSED] - verifyElementPresent(findTestObject("Login Ecommerce/Verifikasi Login Akun"), 0): Object 'Object Repository/Login Ecommerce/Verifikasi Login Akun' is present

2023-10-05 15:43:08 - [MESSAGE][WARNING] - Timeout '0' is invalid. Using default page load timeout: '30'

2023-10-05 15:43:08 - [MESSAGE][PASSED] - Object 'Object Repository/Login Ecommerce/Verifikasi Login Akun' is present

2023-10-05 15:43:08 - [MESSAGE][PASSED] - Call Test Case 'Test Cases/Login Ecommerce/TC-Login Ecomerce-001' successfully

2023-10-05 15:43:08 - [TEST_STEP][PASSED] - mouseOver(findTestObject("Product Ecommerce/Button Menu toko")): Object: 'Object Repository/Product Ecommerce/Button Menu toko' is hovered

2023-10-05 15:43:09 - [MESSAGE][PASSED] - Object: 'Object Repository/Product Ecommerce/Button Menu toko' is hovered

2023-10-05 15:43:09 - [TEST_STEP][PASSED] - click(findTestObject("Product Ecommerce/Button Daftar Produk")): Object: 'Object Repository/Product Ecommerce/Button Daftar Produk' is clicked on

2023-10-05 15:43:09 - [MESSAGE][PASSED] - Object: 'Object Repository/Product Ecommerce/Button Daftar Produk' is clicked on

2023-10-05 15:43:09 - [TEST_STEP][PASSED] - verifyElementPresent(findTestObject("Product Ecommerce/Verifikasi Halaman Product Anda"), 0): Object 'Object Repository/Product Ecommerce/Verifikasi Halaman Product Anda' is present

2023-10-05 15:43:09 - [MESSAGE][WARNING] - Timeout '0' is invalid. Using default page load timeout: '30'

2023-10-05 15:43:10 - [MESSAGE][PASSED] - Object 'Object Repository/Product Ecommerce/Verifikasi Halaman Product Anda' is present

2023-10-05 15:43:10 - [MESSAGE][PASSED] - Call Test Case 'Test Cases/Product Ecommerce/TC-PE-001' successfully

2023-10-05 15:43:10 - [TEST_STEP][PASSED] - mouseOver(findTestObject("Product Ecommerce/Image Gambar produk 1")): Object: 'Object Repository/Product Ecommerce/Image Gambar produk 1' is hovered

2023-10-05 15:43:10 - [MESSAGE][PASSED] - Object: 'Object Repository/Product Ecommerce/Image Gambar produk 1' is hovered

2023-10-05 15:43:10 - [TEST_STEP][PASSED] - click(findTestObject("Product Ecommerce/Tambahkan Product/Edit Data")): Object: 'Object Repository/Product Ecommerce/Tambahkan Product/Edit Data' is clicked on

2023-10-05 15:43:11 - [MESSAGE][PASSED] - Object: 'Object Repository/Product Ecommerce/Tambahkan Product/Edit Data' is clicked on

2023-10-05 15:43:11 - [TEST_STEP][PASSED] - setText(findTestObject("Product Ecommerce/Tambahkan Product/Input Minimum Order"), "-1"): Text '-1' is set on object 'Object Repository/Product Ecommerce/Tambahkan Product/Input Minimum Order'

2023-10-05 15:43:12 - [MESSAGE][PASSED] - Text '-1' is set on object 'Object Repository/Product Ecommerce/Tambahkan Product/Input Minimum Order'

2023-10-05 15:43:12 - [TEST_STEP][PASSED] - driver = getWebDriver(): null

2023-10-05 15:43:12 - [TEST_STEP][PASSED] - field_username_element = driver.findElement(By.xpath("//input[@name="minimum"]")): null

2023-10-05 15:43:12 - [TEST_STEP][PASSED] - accept_button_message = driver.executeScript("return arguments[0].validationMessage", field_username_element): null

2023-10-05 15:43:13 - [TEST_STEP][PASSED] - click(findTestObject("Product Ecommerce/Tambahkan Product/Button Update Data")): Object: 'Object Repository/Product Ecommerce/Tambahkan Product/Button Update Data' is clicked on

2023-10-05 15:43:13 - [MESSAGE][PASSED] - Object: 'Object Repository/Product Ecommerce/Tambahkan Product/Button Update Data' is clicked on

2023-10-05 15:43:13 - [TEST_STEP][PASSED] - println(accept_button_message): null

2023-10-05 15:43:13 - [TEST_STEP][FAILED] - assert accept_button_message == "Please Input With true format": Test Cases/Product Ecommerce/TC-PEN-005 FAILED.
Reason:
Assertion failed: 

assert accept_button_message == "Please Input With true format"
       |                     |
       ""                    false

	at TC-PEN-005.run(TC-PEN-005:48)
	at com.kms.katalon.core.main.ScriptEngine.run(ScriptEngine.java:194)
	at com.kms.katalon.core.main.ScriptEngine.runScriptAsRawText(ScriptEngine.java:119)
	at com.kms.katalon.core.main.TestCaseExecutor.runScript(TestCaseExecutor.java:448)
	at com.kms.katalon.core.main.TestCaseExecutor.doExecute(TestCaseExecutor.java:439)
	at com.kms.katalon.core.main.TestCaseExecutor.processExecutionPhase(TestCaseExecutor.java:418)
	at com.kms.katalon.core.main.TestCaseExecutor.accessMainPhase(TestCaseExecutor.java:410)
	at com.kms.katalon.core.main.TestCaseExecutor.execute(TestCaseExecutor.java:285)
	at com.kms.katalon.core.common.CommonExecutor.accessTestCaseMainPhase(CommonExecutor.java:65)
	at com.kms.katalon.core.main.TestSuiteExecutor.accessTestSuiteMainPhase(TestSuiteExecutor.java:148)
	at com.kms.katalon.core.main.TestSuiteExecutor.execute(TestSuiteExecutor.java:106)
	at com.kms.katalon.core.main.TestCaseMain.startTestSuite(TestCaseMain.java:187)
	at com.kms.katalon.core.main.TestCaseMain$startTestSuite$0.call(Unknown Source)
	at TempTestSuite1696494982531.run(TempTestSuite1696494982531.groovy:36)


2023-10-05 15:43:13 - [MESSAGE][FAILED] - Test Cases/Product Ecommerce/TC-PEN-005 FAILED.
Reason:
Assertion failed: 

assert accept_button_message == "Please Input With true format"
       |                     |
       ""                    false

	at TC-PEN-005.run(TC-PEN-005:48)
	at com.kms.katalon.core.main.ScriptEngine.run(ScriptEngine.java:194)
	at com.kms.katalon.core.main.ScriptEngine.runScriptAsRawText(ScriptEngine.java:119)
	at com.kms.katalon.core.main.TestCaseExecutor.runScript(TestCaseExecutor.java:448)
	at com.kms.katalon.core.main.TestCaseExecutor.doExecute(TestCaseExecutor.java:439)
	at com.kms.katalon.core.main.TestCaseExecutor.processExecutionPhase(TestCaseExecutor.java:418)
	at com.kms.katalon.core.main.TestCaseExecutor.accessMainPhase(TestCaseExecutor.java:410)
	at com.kms.katalon.core.main.TestCaseExecutor.execute(TestCaseExecutor.java:285)
	at com.kms.katalon.core.common.CommonExecutor.accessTestCaseMainPhase(CommonExecutor.java:65)
	at com.kms.katalon.core.main.TestSuiteExecutor.accessTestSuiteMainPhase(TestSuiteExecutor.java:148)
	at com.kms.katalon.core.main.TestSuiteExecutor.execute(TestSuiteExecutor.java:106)
	at com.kms.katalon.core.main.TestCaseMain.startTestSuite(TestCaseMain.java:187)
	at com.kms.katalon.core.main.TestCaseMain$startTestSuite$0.call(Unknown Source)
	at TempTestSuite1696494982531.run(TempTestSuite1696494982531.groovy:36)]]></system-out>
         <system-err><![CDATA[2023-10-05 15:42:58 - [TEST_CASE][FAILED] - Test Cases/Product Ecommerce/TC-PEN-005: Test Cases/Product Ecommerce/TC-PEN-005 FAILED.
Reason:
Assertion failed: 

assert accept_button_message == "Please Input With true format"
       |                     |
       ""                    false

	at TC-PEN-005.run(TC-PEN-005:48)
	at com.kms.katalon.core.main.ScriptEngine.run(ScriptEngine.java:194)
	at com.kms.katalon.core.main.ScriptEngine.runScriptAsRawText(ScriptEngine.java:119)
	at com.kms.katalon.core.main.TestCaseExecutor.runScript(TestCaseExecutor.java:448)
	at com.kms.katalon.core.main.TestCaseExecutor.doExecute(TestCaseExecutor.java:439)
	at com.kms.katalon.core.main.TestCaseExecutor.processExecutionPhase(TestCaseExecutor.java:418)
	at com.kms.katalon.core.main.TestCaseExecutor.accessMainPhase(TestCaseExecutor.java:410)
	at com.kms.katalon.core.main.TestCaseExecutor.execute(TestCaseExecutor.java:285)
	at com.kms.katalon.core.common.CommonExecutor.accessTestCaseMainPhase(CommonExecutor.java:65)
	at com.kms.katalon.core.main.TestSuiteExecutor.accessTestSuiteMainPhase(TestSuiteExecutor.java:148)
	at com.kms.katalon.core.main.TestSuiteExecutor.execute(TestSuiteExecutor.java:106)
	at com.kms.katalon.core.main.TestCaseMain.startTestSuite(TestCaseMain.java:187)
	at com.kms.katalon.core.main.TestCaseMain$startTestSuite$0.call(Unknown Source)
	at TempTestSuite1696494982531.run(TempTestSuite1696494982531.groovy:36)]]></system-err>
      </testcase>
      <testcase name="Test Cases/Product Ecommerce/TC-PEN-006" time="21.57" classname="Test Cases/Product Ecommerce/TC-PEN-006" status="PASSED">
         <system-out><![CDATA[2023-10-05 15:43:13 - [TEST_CASE][PASSED] - Test Cases/Product Ecommerce/TC-PEN-006: Test Cases/Product Ecommerce/TC-PEN-006

2023-10-05 15:43:13 - [TEST_STEP][PASSED] - callTestCase(findTestCase("Product Ecommerce/TC-PE-009"), ["kodeKupon":"product30", "jumlah":"4", "expired":"2023-11-11", "minOrder":"2", "nilai":"300"], STOP_ON_FAILURE): Call Test Case 'Test Cases/Product Ecommerce/TC-PE-009' successfully

2023-10-05 15:43:13 - [TEST_CASE][PASSED] - Test Cases/Product Ecommerce/TC-PE-009: Test Cases/Product Ecommerce/TC-PE-009

2023-10-05 15:43:13 - [TEST_STEP][PASSED] - callTestCase(findTestCase("Product Ecommerce/TC-PE-001"), [:], STOP_ON_FAILURE): Call Test Case 'Test Cases/Product Ecommerce/TC-PE-001' successfully

2023-10-05 15:43:13 - [TEST_CASE][PASSED] - Test Cases/Product Ecommerce/TC-PE-001: Test Cases/Product Ecommerce/TC-PE-001

2023-10-05 15:43:13 - [TEST_STEP][PASSED] - callTestCase(findTestCase("Login Ecommerce/TC-Login Ecomerce-001"), [:], STOP_ON_FAILURE): Call Test Case 'Test Cases/Login Ecommerce/TC-Login Ecomerce-001' successfully

2023-10-05 15:43:13 - [TEST_CASE][PASSED] - Test Cases/Login Ecommerce/TC-Login Ecomerce-001: Test Cases/Login Ecommerce/TC-Login Ecomerce-001

2023-10-05 15:43:13 - [TEST_STEP][PASSED] - openBrowser(userTajalapak): Browser is opened with url: 'https://10.9.2.63/ecommerce/'

2023-10-05 15:43:13 - [MESSAGE][WARNING] - A browser is already opened. Closing browser and opening a new one

2023-10-05 15:43:14 - [MESSAGE][INFO] - Starting 'Edge Chromium' driver

2023-10-05 15:43:14 - [MESSAGE][INFO] - User set preference: ['acceptInsecureCerts', 'true']

2023-10-05 15:43:16 - [MESSAGE][INFO] - Action delay is set to 0 milliseconds

2023-10-05 15:43:19 - [MESSAGE][PASSED] - Browser is opened with url: 'https://10.9.2.63/ecommerce/'

2023-10-05 15:43:19 - [TEST_STEP][PASSED] - maximizeWindow(): Current window maximized

2023-10-05 15:43:20 - [MESSAGE][PASSED] - Current window maximized

2023-10-05 15:43:20 - [TEST_STEP][PASSED] - verifyElementPresent(findTestObject("Login Ecommerce/Verifikasi Halaman Login Akun"), 0): Object 'Object Repository/Login Ecommerce/Verifikasi Halaman Login Akun' is present

2023-10-05 15:43:20 - [MESSAGE][WARNING] - Timeout '0' is invalid. Using default page load timeout: '30'

2023-10-05 15:43:20 - [MESSAGE][PASSED] - Object 'Object Repository/Login Ecommerce/Verifikasi Halaman Login Akun' is present

2023-10-05 15:43:20 - [TEST_STEP][PASSED] - click(findTestObject("Login Ecommerce/Login Akun")): Object: 'Object Repository/Login Ecommerce/Login Akun' is clicked on

2023-10-05 15:43:21 - [MESSAGE][PASSED] - Object: 'Object Repository/Login Ecommerce/Login Akun' is clicked on

2023-10-05 15:43:21 - [TEST_STEP][PASSED] - verifyElementPresent(findTestObject("Login Ecommerce/Verifikasi Halaman Login Akun"), 0): Object 'Object Repository/Login Ecommerce/Verifikasi Halaman Login Akun' is present

2023-10-05 15:43:21 - [MESSAGE][WARNING] - Timeout '0' is invalid. Using default page load timeout: '30'

2023-10-05 15:43:21 - [MESSAGE][PASSED] - Object 'Object Repository/Login Ecommerce/Verifikasi Halaman Login Akun' is present

2023-10-05 15:43:21 - [TEST_STEP][PASSED] - setText(findTestObject("Login Ecommerce/Input Username"), "riswandha"): Text 'riswandha' is set on object 'Object Repository/Login Ecommerce/Input Username'

2023-10-05 15:43:22 - [MESSAGE][PASSED] - Text 'riswandha' is set on object 'Object Repository/Login Ecommerce/Input Username'

2023-10-05 15:43:22 - [TEST_STEP][PASSED] - setEncryptedText(findTestObject("Login Ecommerce/Input Password"), "iGDxf8hSRT4="): Text ****** has been set on object 'Object Repository/Login Ecommerce/Input Password'

2023-10-05 15:43:23 - [MESSAGE][PASSED] - Text ****** has been set on object 'Object Repository/Login Ecommerce/Input Password'

2023-10-05 15:43:23 - [TEST_STEP][PASSED] - click(findTestObject("Login Ecommerce/Button Masuk")): Object: 'Object Repository/Login Ecommerce/Button Masuk' is clicked on

2023-10-05 15:43:24 - [MESSAGE][PASSED] - Object: 'Object Repository/Login Ecommerce/Button Masuk' is clicked on

2023-10-05 15:43:24 - [TEST_STEP][PASSED] - verifyElementPresent(findTestObject("Login Ecommerce/Verifikasi Login Akun"), 0): Object 'Object Repository/Login Ecommerce/Verifikasi Login Akun' is present

2023-10-05 15:43:24 - [MESSAGE][WARNING] - Timeout '0' is invalid. Using default page load timeout: '30'

2023-10-05 15:43:24 - [MESSAGE][PASSED] - Object 'Object Repository/Login Ecommerce/Verifikasi Login Akun' is present

2023-10-05 15:43:24 - [MESSAGE][PASSED] - Call Test Case 'Test Cases/Login Ecommerce/TC-Login Ecomerce-001' successfully

2023-10-05 15:43:24 - [TEST_STEP][PASSED] - mouseOver(findTestObject("Product Ecommerce/Button Menu toko")): Object: 'Object Repository/Product Ecommerce/Button Menu toko' is hovered

2023-10-05 15:43:25 - [MESSAGE][PASSED] - Object: 'Object Repository/Product Ecommerce/Button Menu toko' is hovered

2023-10-05 15:43:25 - [TEST_STEP][PASSED] - click(findTestObject("Product Ecommerce/Button Daftar Produk")): Object: 'Object Repository/Product Ecommerce/Button Daftar Produk' is clicked on

2023-10-05 15:43:25 - [MESSAGE][PASSED] - Object: 'Object Repository/Product Ecommerce/Button Daftar Produk' is clicked on

2023-10-05 15:43:25 - [TEST_STEP][PASSED] - verifyElementPresent(findTestObject("Product Ecommerce/Verifikasi Halaman Product Anda"), 0): Object 'Object Repository/Product Ecommerce/Verifikasi Halaman Product Anda' is present

2023-10-05 15:43:25 - [MESSAGE][WARNING] - Timeout '0' is invalid. Using default page load timeout: '30'

2023-10-05 15:43:26 - [MESSAGE][PASSED] - Object 'Object Repository/Product Ecommerce/Verifikasi Halaman Product Anda' is present

2023-10-05 15:43:26 - [MESSAGE][PASSED] - Call Test Case 'Test Cases/Product Ecommerce/TC-PE-001' successfully

2023-10-05 15:43:26 - [TEST_STEP][PASSED] - mouseOver(findTestObject("Product Ecommerce/Image Gambar produk 1")): Object: 'Object Repository/Product Ecommerce/Image Gambar produk 1' is hovered

2023-10-05 15:43:26 - [MESSAGE][PASSED] - Object: 'Object Repository/Product Ecommerce/Image Gambar produk 1' is hovered

2023-10-05 15:43:26 - [TEST_STEP][PASSED] - click(findTestObject("Product Ecommerce/Tambahkan Product/Edit Data")): Object: 'Object Repository/Product Ecommerce/Tambahkan Product/Edit Data' is clicked on

2023-10-05 15:43:27 - [MESSAGE][PASSED] - Object: 'Object Repository/Product Ecommerce/Tambahkan Product/Edit Data' is clicked on

2023-10-05 15:43:27 - [TEST_STEP][PASSED] - click(findTestObject("Product Ecommerce/Kupon/Button Buat Product")): Object: 'Object Repository/Product Ecommerce/Kupon/Button Buat Product' is clicked on

2023-10-05 15:43:28 - [MESSAGE][PASSED] - Object: 'Object Repository/Product Ecommerce/Kupon/Button Buat Product' is clicked on

2023-10-05 15:43:28 - [TEST_STEP][PASSED] - verifyElementPresent(findTestObject("Product Ecommerce/Kupon/Verifikasi Halaman Voucher Product"), 0): Object 'Object Repository/Product Ecommerce/Kupon/Verifikasi Halaman Voucher Product' is present

2023-10-05 15:43:28 - [MESSAGE][WARNING] - Timeout '0' is invalid. Using default page load timeout: '30'

2023-10-05 15:43:28 - [MESSAGE][PASSED] - Object 'Object Repository/Product Ecommerce/Kupon/Verifikasi Halaman Voucher Product' is present

2023-10-05 15:43:28 - [TEST_STEP][PASSED] - setText(findTestObject("Product Ecommerce/Kupon/Input Kode Kupon"), kodeKupon): Text 'product30' is set on object 'Object Repository/Product Ecommerce/Kupon/Input Kode Kupon'

2023-10-05 15:43:29 - [MESSAGE][PASSED] - Text 'product30' is set on object 'Object Repository/Product Ecommerce/Kupon/Input Kode Kupon'

2023-10-05 15:43:29 - [TEST_STEP][PASSED] - setText(findTestObject("Product Ecommerce/Kupon/Input Jumlah Kode kupon"), jumlah): Text '4' is set on object 'Object Repository/Product Ecommerce/Kupon/Input Jumlah Kode kupon'

2023-10-05 15:43:30 - [MESSAGE][PASSED] - Text '4' is set on object 'Object Repository/Product Ecommerce/Kupon/Input Jumlah Kode kupon'

2023-10-05 15:43:30 - [TEST_STEP][PASSED] - setText(findTestObject("Product Ecommerce/Kupon/Input Masa Berlaku"), expired): Text '2023-11-11' is set on object 'Object Repository/Product Ecommerce/Kupon/Input Masa Berlaku'

2023-10-05 15:43:30 - [MESSAGE][PASSED] - Text '2023-11-11' is set on object 'Object Repository/Product Ecommerce/Kupon/Input Masa Berlaku'

2023-10-05 15:43:30 - [TEST_STEP][PASSED] - setText(findTestObject("Product Ecommerce/Kupon/Input Min Order"), minOrder): Text '2' is set on object 'Object Repository/Product Ecommerce/Kupon/Input Min Order'

2023-10-05 15:43:31 - [MESSAGE][PASSED] - Text '2' is set on object 'Object Repository/Product Ecommerce/Kupon/Input Min Order'

2023-10-05 15:43:31 - [TEST_STEP][PASSED] - setText(findTestObject("Product Ecommerce/Kupon/Input Nilai Kupon"), nilai): Text '300' is set on object 'Object Repository/Product Ecommerce/Kupon/Input Nilai Kupon'

2023-10-05 15:43:32 - [MESSAGE][PASSED] - Text '300' is set on object 'Object Repository/Product Ecommerce/Kupon/Input Nilai Kupon'

2023-10-05 15:43:32 - [TEST_STEP][PASSED] - click(findTestObject("Product Ecommerce/Kupon/Button Simpan")): Object: 'Object Repository/Product Ecommerce/Kupon/Button Simpan' is clicked on

2023-10-05 15:43:33 - [MESSAGE][PASSED] - Object: 'Object Repository/Product Ecommerce/Kupon/Button Simpan' is clicked on

2023-10-05 15:43:33 - [TEST_STEP][PASSED] - dataList = findWebElements(findTestObject("Object Repository/Product Ecommerce/Kupon/Data Semua Voucher"), 10): null

2023-10-05 15:43:33 - [TEST_STEP][PASSED] - dataKupon = "": null

2023-10-05 15:43:33 - [TEST_STEP][PASSED] - for ([i = 0, i < dataList.size(), (i++)]): null

2023-10-05 15:43:33 - [TEST_STEP][PASSED] - text = text: null

2023-10-05 15:43:33 - [TEST_STEP][PASSED] - dataKupon = dataKupon + text: null

2023-10-05 15:43:33 - [TEST_STEP][PASSED] - println(dataKupon): null

2023-10-05 15:43:33 - [TEST_STEP][PASSED] - assert dataKupon.contains(kodeKupon): null

2023-10-05 15:43:33 - [TEST_STEP][PASSED] - assert dataKupon.contains(jumlah): null

2023-10-05 15:43:33 - [TEST_STEP][PASSED] - assert dataKupon.contains(expired): null

2023-10-05 15:43:33 - [TEST_STEP][PASSED] - assert dataKupon.contains(minOrder): null

2023-10-05 15:43:33 - [TEST_STEP][PASSED] - assert dataKupon.contains(nilai): null

2023-10-05 15:43:33 - [MESSAGE][PASSED] - Call Test Case 'Test Cases/Product Ecommerce/TC-PE-009' successfully

2023-10-05 15:43:33 - [TEST_STEP][PASSED] - click(findTestObject("Product Ecommerce/Kupon/Button Edit Voucher")): Object: 'Object Repository/Product Ecommerce/Kupon/Button Edit Voucher' is clicked on

2023-10-05 15:43:34 - [MESSAGE][PASSED] - Object: 'Object Repository/Product Ecommerce/Kupon/Button Edit Voucher' is clicked on

2023-10-05 15:43:34 - [TEST_STEP][PASSED] - setText(findTestObject("Product Ecommerce/Kupon/Input Kode Kupon"), "Product 31"): Text 'Product 31' is set on object 'Object Repository/Product Ecommerce/Kupon/Input Kode Kupon'

2023-10-05 15:43:34 - [MESSAGE][PASSED] - Text 'Product 31' is set on object 'Object Repository/Product Ecommerce/Kupon/Input Kode Kupon'

2023-10-05 15:43:34 - [TEST_STEP][PASSED] - notif = getAlertText(): Get alert text successfully: 'Maaf, Tidak Boleh Menggunakan Spasi,..'

2023-10-05 15:43:34 - [MESSAGE][PASSED] - Get alert text successfully: 'Maaf, Tidak Boleh Menggunakan Spasi,..'

2023-10-05 15:43:34 - [TEST_STEP][PASSED] - assert notif == "Maaf, Tidak Boleh Menggunakan Spasi,..": null]]></system-out>
         <system-err><![CDATA[]]></system-err>
      </testcase>
      <testcase name="Test Cases/Product Ecommerce/TC-PEN-007" time="18.652" classname="Test Cases/Product Ecommerce/TC-PEN-007" status="FAILED">
         <failure type="FAILED" message="Test Cases/Product Ecommerce/TC-PEN-007 FAILED.
Reason:
Assertion failed: 

assert accept_button_message == &quot;Please input Valid.&quot;
       |                     |
       &quot;&quot;                    false

	at TC-PEN-007.run(TC-PEN-007:53)
	at com.kms.katalon.core.main.ScriptEngine.run(ScriptEngine.java:194)
	at com.kms.katalon.core.main.ScriptEngine.runScriptAsRawText(ScriptEngine.java:119)
	at com.kms.katalon.core.main.TestCaseExecutor.runScript(TestCaseExecutor.java:448)
	at com.kms.katalon.core.main.TestCaseExecutor.doExecute(TestCaseExecutor.java:439)
	at com.kms.katalon.core.main.TestCaseExecutor.processExecutionPhase(TestCaseExecutor.java:418)
	at com.kms.katalon.core.main.TestCaseExecutor.accessMainPhase(TestCaseExecutor.java:410)
	at com.kms.katalon.core.main.TestCaseExecutor.execute(TestCaseExecutor.java:285)
	at com.kms.katalon.core.common.CommonExecutor.accessTestCaseMainPhase(CommonExecutor.java:65)
	at com.kms.katalon.core.main.TestSuiteExecutor.accessTestSuiteMainPhase(TestSuiteExecutor.java:148)
	at com.kms.katalon.core.main.TestSuiteExecutor.execute(TestSuiteExecutor.java:106)
	at com.kms.katalon.core.main.TestCaseMain.startTestSuite(TestCaseMain.java:187)
	at com.kms.katalon.core.main.TestCaseMain$startTestSuite$0.call(Unknown Source)
	at TempTestSuite1696494982531.run(TempTestSuite1696494982531.groovy:36)
"/>
         <system-out><![CDATA[2023-10-05 15:43:34 - [TEST_CASE][FAILED] - Test Cases/Product Ecommerce/TC-PEN-007: Test Cases/Product Ecommerce/TC-PEN-007 FAILED.
Reason:
Assertion failed: 

assert accept_button_message == "Please input Valid."
       |                     |
       ""                    false

	at TC-PEN-007.run(TC-PEN-007:53)
	at com.kms.katalon.core.main.ScriptEngine.run(ScriptEngine.java:194)
	at com.kms.katalon.core.main.ScriptEngine.runScriptAsRawText(ScriptEngine.java:119)
	at com.kms.katalon.core.main.TestCaseExecutor.runScript(TestCaseExecutor.java:448)
	at com.kms.katalon.core.main.TestCaseExecutor.doExecute(TestCaseExecutor.java:439)
	at com.kms.katalon.core.main.TestCaseExecutor.processExecutionPhase(TestCaseExecutor.java:418)
	at com.kms.katalon.core.main.TestCaseExecutor.accessMainPhase(TestCaseExecutor.java:410)
	at com.kms.katalon.core.main.TestCaseExecutor.execute(TestCaseExecutor.java:285)
	at com.kms.katalon.core.common.CommonExecutor.accessTestCaseMainPhase(CommonExecutor.java:65)
	at com.kms.katalon.core.main.TestSuiteExecutor.accessTestSuiteMainPhase(TestSuiteExecutor.java:148)
	at com.kms.katalon.core.main.TestSuiteExecutor.execute(TestSuiteExecutor.java:106)
	at com.kms.katalon.core.main.TestCaseMain.startTestSuite(TestCaseMain.java:187)
	at com.kms.katalon.core.main.TestCaseMain$startTestSuite$0.call(Unknown Source)
	at TempTestSuite1696494982531.run(TempTestSuite1696494982531.groovy:36)


2023-10-05 15:43:35 - [TEST_STEP][PASSED] - callTestCase(findTestCase("Product Ecommerce/TC-PE-001"), [:], STOP_ON_FAILURE): Call Test Case 'Test Cases/Product Ecommerce/TC-PE-001' successfully

2023-10-05 15:43:35 - [TEST_CASE][PASSED] - Test Cases/Product Ecommerce/TC-PE-001: Test Cases/Product Ecommerce/TC-PE-001

2023-10-05 15:43:35 - [TEST_STEP][PASSED] - callTestCase(findTestCase("Login Ecommerce/TC-Login Ecomerce-001"), [:], STOP_ON_FAILURE): Call Test Case 'Test Cases/Login Ecommerce/TC-Login Ecomerce-001' successfully

2023-10-05 15:43:35 - [TEST_CASE][PASSED] - Test Cases/Login Ecommerce/TC-Login Ecomerce-001: Test Cases/Login Ecommerce/TC-Login Ecomerce-001

2023-10-05 15:43:35 - [TEST_STEP][PASSED] - openBrowser(userTajalapak): Browser is opened with url: 'https://10.9.2.63/ecommerce/'

2023-10-05 15:43:35 - [MESSAGE][WARNING] - A browser is already opened. Closing browser and opening a new one

2023-10-05 15:43:36 - [MESSAGE][INFO] - Starting 'Edge Chromium' driver

2023-10-05 15:43:36 - [MESSAGE][INFO] - User set preference: ['acceptInsecureCerts', 'true']

2023-10-05 15:43:38 - [MESSAGE][INFO] - Action delay is set to 0 milliseconds

2023-10-05 15:43:41 - [MESSAGE][PASSED] - Browser is opened with url: 'https://10.9.2.63/ecommerce/'

2023-10-05 15:43:41 - [TEST_STEP][PASSED] - maximizeWindow(): Current window maximized

2023-10-05 15:43:41 - [MESSAGE][PASSED] - Current window maximized

2023-10-05 15:43:41 - [TEST_STEP][PASSED] - verifyElementPresent(findTestObject("Login Ecommerce/Verifikasi Halaman Login Akun"), 0): Object 'Object Repository/Login Ecommerce/Verifikasi Halaman Login Akun' is present

2023-10-05 15:43:41 - [MESSAGE][WARNING] - Timeout '0' is invalid. Using default page load timeout: '30'

2023-10-05 15:43:42 - [MESSAGE][PASSED] - Object 'Object Repository/Login Ecommerce/Verifikasi Halaman Login Akun' is present

2023-10-05 15:43:42 - [TEST_STEP][PASSED] - click(findTestObject("Login Ecommerce/Login Akun")): Object: 'Object Repository/Login Ecommerce/Login Akun' is clicked on

2023-10-05 15:43:42 - [MESSAGE][PASSED] - Object: 'Object Repository/Login Ecommerce/Login Akun' is clicked on

2023-10-05 15:43:42 - [TEST_STEP][PASSED] - verifyElementPresent(findTestObject("Login Ecommerce/Verifikasi Halaman Login Akun"), 0): Object 'Object Repository/Login Ecommerce/Verifikasi Halaman Login Akun' is present

2023-10-05 15:43:42 - [MESSAGE][WARNING] - Timeout '0' is invalid. Using default page load timeout: '30'

2023-10-05 15:43:43 - [MESSAGE][PASSED] - Object 'Object Repository/Login Ecommerce/Verifikasi Halaman Login Akun' is present

2023-10-05 15:43:43 - [TEST_STEP][PASSED] - setText(findTestObject("Login Ecommerce/Input Username"), "riswandha"): Text 'riswandha' is set on object 'Object Repository/Login Ecommerce/Input Username'

2023-10-05 15:43:44 - [MESSAGE][PASSED] - Text 'riswandha' is set on object 'Object Repository/Login Ecommerce/Input Username'

2023-10-05 15:43:44 - [TEST_STEP][PASSED] - setEncryptedText(findTestObject("Login Ecommerce/Input Password"), "iGDxf8hSRT4="): Text ****** has been set on object 'Object Repository/Login Ecommerce/Input Password'

2023-10-05 15:43:44 - [MESSAGE][PASSED] - Text ****** has been set on object 'Object Repository/Login Ecommerce/Input Password'

2023-10-05 15:43:44 - [TEST_STEP][PASSED] - click(findTestObject("Login Ecommerce/Button Masuk")): Object: 'Object Repository/Login Ecommerce/Button Masuk' is clicked on

2023-10-05 15:43:45 - [MESSAGE][PASSED] - Object: 'Object Repository/Login Ecommerce/Button Masuk' is clicked on

2023-10-05 15:43:45 - [TEST_STEP][PASSED] - verifyElementPresent(findTestObject("Login Ecommerce/Verifikasi Login Akun"), 0): Object 'Object Repository/Login Ecommerce/Verifikasi Login Akun' is present

2023-10-05 15:43:45 - [MESSAGE][WARNING] - Timeout '0' is invalid. Using default page load timeout: '30'

2023-10-05 15:43:46 - [MESSAGE][PASSED] - Object 'Object Repository/Login Ecommerce/Verifikasi Login Akun' is present

2023-10-05 15:43:46 - [MESSAGE][PASSED] - Call Test Case 'Test Cases/Login Ecommerce/TC-Login Ecomerce-001' successfully

2023-10-05 15:43:46 - [TEST_STEP][PASSED] - mouseOver(findTestObject("Product Ecommerce/Button Menu toko")): Object: 'Object Repository/Product Ecommerce/Button Menu toko' is hovered

2023-10-05 15:43:47 - [MESSAGE][PASSED] - Object: 'Object Repository/Product Ecommerce/Button Menu toko' is hovered

2023-10-05 15:43:47 - [TEST_STEP][PASSED] - click(findTestObject("Product Ecommerce/Button Daftar Produk")): Object: 'Object Repository/Product Ecommerce/Button Daftar Produk' is clicked on

2023-10-05 15:43:47 - [MESSAGE][PASSED] - Object: 'Object Repository/Product Ecommerce/Button Daftar Produk' is clicked on

2023-10-05 15:43:47 - [TEST_STEP][PASSED] - verifyElementPresent(findTestObject("Product Ecommerce/Verifikasi Halaman Product Anda"), 0): Object 'Object Repository/Product Ecommerce/Verifikasi Halaman Product Anda' is present

2023-10-05 15:43:47 - [MESSAGE][WARNING] - Timeout '0' is invalid. Using default page load timeout: '30'

2023-10-05 15:43:48 - [MESSAGE][PASSED] - Object 'Object Repository/Product Ecommerce/Verifikasi Halaman Product Anda' is present

2023-10-05 15:43:48 - [MESSAGE][PASSED] - Call Test Case 'Test Cases/Product Ecommerce/TC-PE-001' successfully

2023-10-05 15:43:48 - [TEST_STEP][PASSED] - mouseOver(findTestObject("Product Ecommerce/Image Gambar produk 1")): Object: 'Object Repository/Product Ecommerce/Image Gambar produk 1' is hovered

2023-10-05 15:43:48 - [MESSAGE][PASSED] - Object: 'Object Repository/Product Ecommerce/Image Gambar produk 1' is hovered

2023-10-05 15:43:48 - [TEST_STEP][PASSED] - click(findTestObject("Product Ecommerce/Tambahkan Product/Edit Data")): Object: 'Object Repository/Product Ecommerce/Tambahkan Product/Edit Data' is clicked on

2023-10-05 15:43:49 - [MESSAGE][PASSED] - Object: 'Object Repository/Product Ecommerce/Tambahkan Product/Edit Data' is clicked on

2023-10-05 15:43:49 - [TEST_STEP][PASSED] - click(findTestObject("Product Ecommerce/Kupon/Button Buat Product")): Object: 'Object Repository/Product Ecommerce/Kupon/Button Buat Product' is clicked on

2023-10-05 15:43:50 - [MESSAGE][PASSED] - Object: 'Object Repository/Product Ecommerce/Kupon/Button Buat Product' is clicked on

2023-10-05 15:43:50 - [TEST_STEP][PASSED] - verifyElementPresent(findTestObject("Product Ecommerce/Kupon/Verifikasi Halaman Voucher Product"), 0): Object 'Object Repository/Product Ecommerce/Kupon/Verifikasi Halaman Voucher Product' is present

2023-10-05 15:43:50 - [MESSAGE][WARNING] - Timeout '0' is invalid. Using default page load timeout: '30'

2023-10-05 15:43:51 - [MESSAGE][PASSED] - Object 'Object Repository/Product Ecommerce/Kupon/Verifikasi Halaman Voucher Product' is present

2023-10-05 15:43:51 - [TEST_STEP][PASSED] - click(findTestObject("Product Ecommerce/Kupon/Button Edit Voucher")): Object: 'Object Repository/Product Ecommerce/Kupon/Button Edit Voucher' is clicked on

2023-10-05 15:43:51 - [MESSAGE][PASSED] - Object: 'Object Repository/Product Ecommerce/Kupon/Button Edit Voucher' is clicked on

2023-10-05 15:43:51 - [TEST_STEP][PASSED] - setText(findTestObject("Product Ecommerce/Kupon/Input Jumlah Kode kupon"), "-1"): Text '-1' is set on object 'Object Repository/Product Ecommerce/Kupon/Input Jumlah Kode kupon'

2023-10-05 15:43:52 - [MESSAGE][PASSED] - Text '-1' is set on object 'Object Repository/Product Ecommerce/Kupon/Input Jumlah Kode kupon'

2023-10-05 15:43:52 - [TEST_STEP][PASSED] - click(findTestObject("Product Ecommerce/Kupon/Button Simpan")): Object: 'Object Repository/Product Ecommerce/Kupon/Button Simpan' is clicked on

2023-10-05 15:43:52 - [MESSAGE][PASSED] - Object: 'Object Repository/Product Ecommerce/Kupon/Button Simpan' is clicked on

2023-10-05 15:43:52 - [TEST_STEP][PASSED] - driver = getWebDriver(): null

2023-10-05 15:43:52 - [TEST_STEP][PASSED] - field_username_element = driver.findElement(By.xpath("//input[@id="jumlah_kupon"]")): null

2023-10-05 15:43:53 - [TEST_STEP][PASSED] - accept_button_message = driver.executeScript("return arguments[0].validationMessage", field_username_element): null

2023-10-05 15:43:53 - [TEST_STEP][PASSED] - println(accept_button_message): null

2023-10-05 15:43:53 - [TEST_STEP][FAILED] - assert accept_button_message == "Please input Valid.": Test Cases/Product Ecommerce/TC-PEN-007 FAILED.
Reason:
Assertion failed: 

assert accept_button_message == "Please input Valid."
       |                     |
       ""                    false

	at TC-PEN-007.run(TC-PEN-007:53)
	at com.kms.katalon.core.main.ScriptEngine.run(ScriptEngine.java:194)
	at com.kms.katalon.core.main.ScriptEngine.runScriptAsRawText(ScriptEngine.java:119)
	at com.kms.katalon.core.main.TestCaseExecutor.runScript(TestCaseExecutor.java:448)
	at com.kms.katalon.core.main.TestCaseExecutor.doExecute(TestCaseExecutor.java:439)
	at com.kms.katalon.core.main.TestCaseExecutor.processExecutionPhase(TestCaseExecutor.java:418)
	at com.kms.katalon.core.main.TestCaseExecutor.accessMainPhase(TestCaseExecutor.java:410)
	at com.kms.katalon.core.main.TestCaseExecutor.execute(TestCaseExecutor.java:285)
	at com.kms.katalon.core.common.CommonExecutor.accessTestCaseMainPhase(CommonExecutor.java:65)
	at com.kms.katalon.core.main.TestSuiteExecutor.accessTestSuiteMainPhase(TestSuiteExecutor.java:148)
	at com.kms.katalon.core.main.TestSuiteExecutor.execute(TestSuiteExecutor.java:106)
	at com.kms.katalon.core.main.TestCaseMain.startTestSuite(TestCaseMain.java:187)
	at com.kms.katalon.core.main.TestCaseMain$startTestSuite$0.call(Unknown Source)
	at TempTestSuite1696494982531.run(TempTestSuite1696494982531.groovy:36)


2023-10-05 15:43:53 - [MESSAGE][FAILED] - Test Cases/Product Ecommerce/TC-PEN-007 FAILED.
Reason:
Assertion failed: 

assert accept_button_message == "Please input Valid."
       |                     |
       ""                    false

	at TC-PEN-007.run(TC-PEN-007:53)
	at com.kms.katalon.core.main.ScriptEngine.run(ScriptEngine.java:194)
	at com.kms.katalon.core.main.ScriptEngine.runScriptAsRawText(ScriptEngine.java:119)
	at com.kms.katalon.core.main.TestCaseExecutor.runScript(TestCaseExecutor.java:448)
	at com.kms.katalon.core.main.TestCaseExecutor.doExecute(TestCaseExecutor.java:439)
	at com.kms.katalon.core.main.TestCaseExecutor.processExecutionPhase(TestCaseExecutor.java:418)
	at com.kms.katalon.core.main.TestCaseExecutor.accessMainPhase(TestCaseExecutor.java:410)
	at com.kms.katalon.core.main.TestCaseExecutor.execute(TestCaseExecutor.java:285)
	at com.kms.katalon.core.common.CommonExecutor.accessTestCaseMainPhase(CommonExecutor.java:65)
	at com.kms.katalon.core.main.TestSuiteExecutor.accessTestSuiteMainPhase(TestSuiteExecutor.java:148)
	at com.kms.katalon.core.main.TestSuiteExecutor.execute(TestSuiteExecutor.java:106)
	at com.kms.katalon.core.main.TestCaseMain.startTestSuite(TestCaseMain.java:187)
	at com.kms.katalon.core.main.TestCaseMain$startTestSuite$0.call(Unknown Source)
	at TempTestSuite1696494982531.run(TempTestSuite1696494982531.groovy:36)]]></system-out>
         <system-err><![CDATA[2023-10-05 15:43:34 - [TEST_CASE][FAILED] - Test Cases/Product Ecommerce/TC-PEN-007: Test Cases/Product Ecommerce/TC-PEN-007 FAILED.
Reason:
Assertion failed: 

assert accept_button_message == "Please input Valid."
       |                     |
       ""                    false

	at TC-PEN-007.run(TC-PEN-007:53)
	at com.kms.katalon.core.main.ScriptEngine.run(ScriptEngine.java:194)
	at com.kms.katalon.core.main.ScriptEngine.runScriptAsRawText(ScriptEngine.java:119)
	at com.kms.katalon.core.main.TestCaseExecutor.runScript(TestCaseExecutor.java:448)
	at com.kms.katalon.core.main.TestCaseExecutor.doExecute(TestCaseExecutor.java:439)
	at com.kms.katalon.core.main.TestCaseExecutor.processExecutionPhase(TestCaseExecutor.java:418)
	at com.kms.katalon.core.main.TestCaseExecutor.accessMainPhase(TestCaseExecutor.java:410)
	at com.kms.katalon.core.main.TestCaseExecutor.execute(TestCaseExecutor.java:285)
	at com.kms.katalon.core.common.CommonExecutor.accessTestCaseMainPhase(CommonExecutor.java:65)
	at com.kms.katalon.core.main.TestSuiteExecutor.accessTestSuiteMainPhase(TestSuiteExecutor.java:148)
	at com.kms.katalon.core.main.TestSuiteExecutor.execute(TestSuiteExecutor.java:106)
	at com.kms.katalon.core.main.TestCaseMain.startTestSuite(TestCaseMain.java:187)
	at com.kms.katalon.core.main.TestCaseMain$startTestSuite$0.call(Unknown Source)
	at TempTestSuite1696494982531.run(TempTestSuite1696494982531.groovy:36)]]></system-err>
      </testcase>
      <testcase name="Test Cases/Product Ecommerce/TC-PEN-008" time="19.623" classname="Test Cases/Product Ecommerce/TC-PEN-008" status="FAILED">
         <failure type="FAILED" message="Test Cases/Product Ecommerce/TC-PEN-008 FAILED.
Reason:
Assertion failed: 

assert accept_button_message == &quot;Please input Valid.&quot;
       |                     |
       &quot;&quot;                    false

	at TC-PEN-008.run(TC-PEN-008:53)
	at com.kms.katalon.core.main.ScriptEngine.run(ScriptEngine.java:194)
	at com.kms.katalon.core.main.ScriptEngine.runScriptAsRawText(ScriptEngine.java:119)
	at com.kms.katalon.core.main.TestCaseExecutor.runScript(TestCaseExecutor.java:448)
	at com.kms.katalon.core.main.TestCaseExecutor.doExecute(TestCaseExecutor.java:439)
	at com.kms.katalon.core.main.TestCaseExecutor.processExecutionPhase(TestCaseExecutor.java:418)
	at com.kms.katalon.core.main.TestCaseExecutor.accessMainPhase(TestCaseExecutor.java:410)
	at com.kms.katalon.core.main.TestCaseExecutor.execute(TestCaseExecutor.java:285)
	at com.kms.katalon.core.common.CommonExecutor.accessTestCaseMainPhase(CommonExecutor.java:65)
	at com.kms.katalon.core.main.TestSuiteExecutor.accessTestSuiteMainPhase(TestSuiteExecutor.java:148)
	at com.kms.katalon.core.main.TestSuiteExecutor.execute(TestSuiteExecutor.java:106)
	at com.kms.katalon.core.main.TestCaseMain.startTestSuite(TestCaseMain.java:187)
	at com.kms.katalon.core.main.TestCaseMain$startTestSuite$0.call(Unknown Source)
	at TempTestSuite1696494982531.run(TempTestSuite1696494982531.groovy:36)
"/>
         <system-out><![CDATA[2023-10-05 15:43:53 - [TEST_CASE][FAILED] - Test Cases/Product Ecommerce/TC-PEN-008: Test Cases/Product Ecommerce/TC-PEN-008 FAILED.
Reason:
Assertion failed: 

assert accept_button_message == "Please input Valid."
       |                     |
       ""                    false

	at TC-PEN-008.run(TC-PEN-008:53)
	at com.kms.katalon.core.main.ScriptEngine.run(ScriptEngine.java:194)
	at com.kms.katalon.core.main.ScriptEngine.runScriptAsRawText(ScriptEngine.java:119)
	at com.kms.katalon.core.main.TestCaseExecutor.runScript(TestCaseExecutor.java:448)
	at com.kms.katalon.core.main.TestCaseExecutor.doExecute(TestCaseExecutor.java:439)
	at com.kms.katalon.core.main.TestCaseExecutor.processExecutionPhase(TestCaseExecutor.java:418)
	at com.kms.katalon.core.main.TestCaseExecutor.accessMainPhase(TestCaseExecutor.java:410)
	at com.kms.katalon.core.main.TestCaseExecutor.execute(TestCaseExecutor.java:285)
	at com.kms.katalon.core.common.CommonExecutor.accessTestCaseMainPhase(CommonExecutor.java:65)
	at com.kms.katalon.core.main.TestSuiteExecutor.accessTestSuiteMainPhase(TestSuiteExecutor.java:148)
	at com.kms.katalon.core.main.TestSuiteExecutor.execute(TestSuiteExecutor.java:106)
	at com.kms.katalon.core.main.TestCaseMain.startTestSuite(TestCaseMain.java:187)
	at com.kms.katalon.core.main.TestCaseMain$startTestSuite$0.call(Unknown Source)
	at TempTestSuite1696494982531.run(TempTestSuite1696494982531.groovy:36)


2023-10-05 15:43:54 - [TEST_STEP][PASSED] - callTestCase(findTestCase("Product Ecommerce/TC-PE-001"), [:], STOP_ON_FAILURE): Call Test Case 'Test Cases/Product Ecommerce/TC-PE-001' successfully

2023-10-05 15:43:54 - [TEST_CASE][PASSED] - Test Cases/Product Ecommerce/TC-PE-001: Test Cases/Product Ecommerce/TC-PE-001

2023-10-05 15:43:54 - [TEST_STEP][PASSED] - callTestCase(findTestCase("Login Ecommerce/TC-Login Ecomerce-001"), [:], STOP_ON_FAILURE): Call Test Case 'Test Cases/Login Ecommerce/TC-Login Ecomerce-001' successfully

2023-10-05 15:43:54 - [TEST_CASE][PASSED] - Test Cases/Login Ecommerce/TC-Login Ecomerce-001: Test Cases/Login Ecommerce/TC-Login Ecomerce-001

2023-10-05 15:43:54 - [TEST_STEP][PASSED] - openBrowser(userTajalapak): Browser is opened with url: 'https://10.9.2.63/ecommerce/'

2023-10-05 15:43:54 - [MESSAGE][WARNING] - A browser is already opened. Closing browser and opening a new one

2023-10-05 15:43:54 - [MESSAGE][INFO] - Starting 'Edge Chromium' driver

2023-10-05 15:43:54 - [MESSAGE][INFO] - User set preference: ['acceptInsecureCerts', 'true']

2023-10-05 15:43:57 - [MESSAGE][INFO] - Action delay is set to 0 milliseconds

2023-10-05 15:44:00 - [MESSAGE][PASSED] - Browser is opened with url: 'https://10.9.2.63/ecommerce/'

2023-10-05 15:44:00 - [TEST_STEP][PASSED] - maximizeWindow(): Current window maximized

2023-10-05 15:44:00 - [MESSAGE][PASSED] - Current window maximized

2023-10-05 15:44:00 - [TEST_STEP][PASSED] - verifyElementPresent(findTestObject("Login Ecommerce/Verifikasi Halaman Login Akun"), 0): Object 'Object Repository/Login Ecommerce/Verifikasi Halaman Login Akun' is present

2023-10-05 15:44:00 - [MESSAGE][WARNING] - Timeout '0' is invalid. Using default page load timeout: '30'

2023-10-05 15:44:01 - [MESSAGE][PASSED] - Object 'Object Repository/Login Ecommerce/Verifikasi Halaman Login Akun' is present

2023-10-05 15:44:01 - [TEST_STEP][PASSED] - click(findTestObject("Login Ecommerce/Login Akun")): Object: 'Object Repository/Login Ecommerce/Login Akun' is clicked on

2023-10-05 15:44:01 - [MESSAGE][PASSED] - Object: 'Object Repository/Login Ecommerce/Login Akun' is clicked on

2023-10-05 15:44:01 - [TEST_STEP][PASSED] - verifyElementPresent(findTestObject("Login Ecommerce/Verifikasi Halaman Login Akun"), 0): Object 'Object Repository/Login Ecommerce/Verifikasi Halaman Login Akun' is present

2023-10-05 15:44:01 - [MESSAGE][WARNING] - Timeout '0' is invalid. Using default page load timeout: '30'

2023-10-05 15:44:02 - [MESSAGE][PASSED] - Object 'Object Repository/Login Ecommerce/Verifikasi Halaman Login Akun' is present

2023-10-05 15:44:02 - [TEST_STEP][PASSED] - setText(findTestObject("Login Ecommerce/Input Username"), "riswandha"): Text 'riswandha' is set on object 'Object Repository/Login Ecommerce/Input Username'

2023-10-05 15:44:02 - [MESSAGE][PASSED] - Text 'riswandha' is set on object 'Object Repository/Login Ecommerce/Input Username'

2023-10-05 15:44:02 - [TEST_STEP][PASSED] - setEncryptedText(findTestObject("Login Ecommerce/Input Password"), "iGDxf8hSRT4="): Text ****** has been set on object 'Object Repository/Login Ecommerce/Input Password'

2023-10-05 15:44:03 - [MESSAGE][PASSED] - Text ****** has been set on object 'Object Repository/Login Ecommerce/Input Password'

2023-10-05 15:44:03 - [TEST_STEP][PASSED] - click(findTestObject("Login Ecommerce/Button Masuk")): Object: 'Object Repository/Login Ecommerce/Button Masuk' is clicked on

2023-10-05 15:44:05 - [MESSAGE][PASSED] - Object: 'Object Repository/Login Ecommerce/Button Masuk' is clicked on

2023-10-05 15:44:05 - [TEST_STEP][PASSED] - verifyElementPresent(findTestObject("Login Ecommerce/Verifikasi Login Akun"), 0): Object 'Object Repository/Login Ecommerce/Verifikasi Login Akun' is present

2023-10-05 15:44:05 - [MESSAGE][WARNING] - Timeout '0' is invalid. Using default page load timeout: '30'

2023-10-05 15:44:06 - [MESSAGE][PASSED] - Object 'Object Repository/Login Ecommerce/Verifikasi Login Akun' is present

2023-10-05 15:44:06 - [MESSAGE][PASSED] - Call Test Case 'Test Cases/Login Ecommerce/TC-Login Ecomerce-001' successfully

2023-10-05 15:44:06 - [TEST_STEP][PASSED] - mouseOver(findTestObject("Product Ecommerce/Button Menu toko")): Object: 'Object Repository/Product Ecommerce/Button Menu toko' is hovered

2023-10-05 15:44:06 - [MESSAGE][PASSED] - Object: 'Object Repository/Product Ecommerce/Button Menu toko' is hovered

2023-10-05 15:44:06 - [TEST_STEP][PASSED] - click(findTestObject("Product Ecommerce/Button Daftar Produk")): Object: 'Object Repository/Product Ecommerce/Button Daftar Produk' is clicked on

2023-10-05 15:44:07 - [MESSAGE][PASSED] - Object: 'Object Repository/Product Ecommerce/Button Daftar Produk' is clicked on

2023-10-05 15:44:07 - [TEST_STEP][PASSED] - verifyElementPresent(findTestObject("Product Ecommerce/Verifikasi Halaman Product Anda"), 0): Object 'Object Repository/Product Ecommerce/Verifikasi Halaman Product Anda' is present

2023-10-05 15:44:07 - [MESSAGE][WARNING] - Timeout '0' is invalid. Using default page load timeout: '30'

2023-10-05 15:44:08 - [MESSAGE][PASSED] - Object 'Object Repository/Product Ecommerce/Verifikasi Halaman Product Anda' is present

2023-10-05 15:44:08 - [MESSAGE][PASSED] - Call Test Case 'Test Cases/Product Ecommerce/TC-PE-001' successfully

2023-10-05 15:44:08 - [TEST_STEP][PASSED] - mouseOver(findTestObject("Product Ecommerce/Image Gambar produk 1")): Object: 'Object Repository/Product Ecommerce/Image Gambar produk 1' is hovered

2023-10-05 15:44:08 - [MESSAGE][PASSED] - Object: 'Object Repository/Product Ecommerce/Image Gambar produk 1' is hovered

2023-10-05 15:44:08 - [TEST_STEP][PASSED] - click(findTestObject("Product Ecommerce/Tambahkan Product/Edit Data")): Object: 'Object Repository/Product Ecommerce/Tambahkan Product/Edit Data' is clicked on

2023-10-05 15:44:09 - [MESSAGE][PASSED] - Object: 'Object Repository/Product Ecommerce/Tambahkan Product/Edit Data' is clicked on

2023-10-05 15:44:09 - [TEST_STEP][PASSED] - click(findTestObject("Product Ecommerce/Kupon/Button Buat Product")): Object: 'Object Repository/Product Ecommerce/Kupon/Button Buat Product' is clicked on

2023-10-05 15:44:10 - [MESSAGE][PASSED] - Object: 'Object Repository/Product Ecommerce/Kupon/Button Buat Product' is clicked on

2023-10-05 15:44:10 - [TEST_STEP][PASSED] - verifyElementPresent(findTestObject("Product Ecommerce/Kupon/Verifikasi Halaman Voucher Product"), 0): Object 'Object Repository/Product Ecommerce/Kupon/Verifikasi Halaman Voucher Product' is present

2023-10-05 15:44:10 - [MESSAGE][WARNING] - Timeout '0' is invalid. Using default page load timeout: '30'

2023-10-05 15:44:10 - [MESSAGE][PASSED] - Object 'Object Repository/Product Ecommerce/Kupon/Verifikasi Halaman Voucher Product' is present

2023-10-05 15:44:10 - [TEST_STEP][PASSED] - click(findTestObject("Product Ecommerce/Kupon/Button Edit Voucher")): Object: 'Object Repository/Product Ecommerce/Kupon/Button Edit Voucher' is clicked on

2023-10-05 15:44:11 - [MESSAGE][PASSED] - Object: 'Object Repository/Product Ecommerce/Kupon/Button Edit Voucher' is clicked on

2023-10-05 15:44:11 - [TEST_STEP][PASSED] - setText(findTestObject("Product Ecommerce/Kupon/Input Masa Berlaku"), "11-11-1111"): Text '11-11-1111' is set on object 'Object Repository/Product Ecommerce/Kupon/Input Masa Berlaku'

2023-10-05 15:44:12 - [MESSAGE][PASSED] - Text '11-11-1111' is set on object 'Object Repository/Product Ecommerce/Kupon/Input Masa Berlaku'

2023-10-05 15:44:12 - [TEST_STEP][PASSED] - click(findTestObject("Product Ecommerce/Kupon/Button Simpan")): Object: 'Object Repository/Product Ecommerce/Kupon/Button Simpan' is clicked on

2023-10-05 15:44:12 - [MESSAGE][PASSED] - Object: 'Object Repository/Product Ecommerce/Kupon/Button Simpan' is clicked on

2023-10-05 15:44:12 - [TEST_STEP][PASSED] - driver = getWebDriver(): null

2023-10-05 15:44:12 - [TEST_STEP][PASSED] - field_username_element = driver.findElement(By.xpath("//input[@id="expire_date"]")): null

2023-10-05 15:44:13 - [TEST_STEP][PASSED] - accept_button_message = driver.executeScript("return arguments[0].validationMessage", field_username_element): null

2023-10-05 15:44:13 - [TEST_STEP][PASSED] - println(accept_button_message): null

2023-10-05 15:44:13 - [TEST_STEP][FAILED] - assert accept_button_message == "Please input Valid.": Test Cases/Product Ecommerce/TC-PEN-008 FAILED.
Reason:
Assertion failed: 

assert accept_button_message == "Please input Valid."
       |                     |
       ""                    false

	at TC-PEN-008.run(TC-PEN-008:53)
	at com.kms.katalon.core.main.ScriptEngine.run(ScriptEngine.java:194)
	at com.kms.katalon.core.main.ScriptEngine.runScriptAsRawText(ScriptEngine.java:119)
	at com.kms.katalon.core.main.TestCaseExecutor.runScript(TestCaseExecutor.java:448)
	at com.kms.katalon.core.main.TestCaseExecutor.doExecute(TestCaseExecutor.java:439)
	at com.kms.katalon.core.main.TestCaseExecutor.processExecutionPhase(TestCaseExecutor.java:418)
	at com.kms.katalon.core.main.TestCaseExecutor.accessMainPhase(TestCaseExecutor.java:410)
	at com.kms.katalon.core.main.TestCaseExecutor.execute(TestCaseExecutor.java:285)
	at com.kms.katalon.core.common.CommonExecutor.accessTestCaseMainPhase(CommonExecutor.java:65)
	at com.kms.katalon.core.main.TestSuiteExecutor.accessTestSuiteMainPhase(TestSuiteExecutor.java:148)
	at com.kms.katalon.core.main.TestSuiteExecutor.execute(TestSuiteExecutor.java:106)
	at com.kms.katalon.core.main.TestCaseMain.startTestSuite(TestCaseMain.java:187)
	at com.kms.katalon.core.main.TestCaseMain$startTestSuite$0.call(Unknown Source)
	at TempTestSuite1696494982531.run(TempTestSuite1696494982531.groovy:36)


2023-10-05 15:44:13 - [MESSAGE][FAILED] - Test Cases/Product Ecommerce/TC-PEN-008 FAILED.
Reason:
Assertion failed: 

assert accept_button_message == "Please input Valid."
       |                     |
       ""                    false

	at TC-PEN-008.run(TC-PEN-008:53)
	at com.kms.katalon.core.main.ScriptEngine.run(ScriptEngine.java:194)
	at com.kms.katalon.core.main.ScriptEngine.runScriptAsRawText(ScriptEngine.java:119)
	at com.kms.katalon.core.main.TestCaseExecutor.runScript(TestCaseExecutor.java:448)
	at com.kms.katalon.core.main.TestCaseExecutor.doExecute(TestCaseExecutor.java:439)
	at com.kms.katalon.core.main.TestCaseExecutor.processExecutionPhase(TestCaseExecutor.java:418)
	at com.kms.katalon.core.main.TestCaseExecutor.accessMainPhase(TestCaseExecutor.java:410)
	at com.kms.katalon.core.main.TestCaseExecutor.execute(TestCaseExecutor.java:285)
	at com.kms.katalon.core.common.CommonExecutor.accessTestCaseMainPhase(CommonExecutor.java:65)
	at com.kms.katalon.core.main.TestSuiteExecutor.accessTestSuiteMainPhase(TestSuiteExecutor.java:148)
	at com.kms.katalon.core.main.TestSuiteExecutor.execute(TestSuiteExecutor.java:106)
	at com.kms.katalon.core.main.TestCaseMain.startTestSuite(TestCaseMain.java:187)
	at com.kms.katalon.core.main.TestCaseMain$startTestSuite$0.call(Unknown Source)
	at TempTestSuite1696494982531.run(TempTestSuite1696494982531.groovy:36)]]></system-out>
         <system-err><![CDATA[2023-10-05 15:43:53 - [TEST_CASE][FAILED] - Test Cases/Product Ecommerce/TC-PEN-008: Test Cases/Product Ecommerce/TC-PEN-008 FAILED.
Reason:
Assertion failed: 

assert accept_button_message == "Please input Valid."
       |                     |
       ""                    false

	at TC-PEN-008.run(TC-PEN-008:53)
	at com.kms.katalon.core.main.ScriptEngine.run(ScriptEngine.java:194)
	at com.kms.katalon.core.main.ScriptEngine.runScriptAsRawText(ScriptEngine.java:119)
	at com.kms.katalon.core.main.TestCaseExecutor.runScript(TestCaseExecutor.java:448)
	at com.kms.katalon.core.main.TestCaseExecutor.doExecute(TestCaseExecutor.java:439)
	at com.kms.katalon.core.main.TestCaseExecutor.processExecutionPhase(TestCaseExecutor.java:418)
	at com.kms.katalon.core.main.TestCaseExecutor.accessMainPhase(TestCaseExecutor.java:410)
	at com.kms.katalon.core.main.TestCaseExecutor.execute(TestCaseExecutor.java:285)
	at com.kms.katalon.core.common.CommonExecutor.accessTestCaseMainPhase(CommonExecutor.java:65)
	at com.kms.katalon.core.main.TestSuiteExecutor.accessTestSuiteMainPhase(TestSuiteExecutor.java:148)
	at com.kms.katalon.core.main.TestSuiteExecutor.execute(TestSuiteExecutor.java:106)
	at com.kms.katalon.core.main.TestCaseMain.startTestSuite(TestCaseMain.java:187)
	at com.kms.katalon.core.main.TestCaseMain$startTestSuite$0.call(Unknown Source)
	at TempTestSuite1696494982531.run(TempTestSuite1696494982531.groovy:36)]]></system-err>
      </testcase>
      <testcase name="Test Cases/Product Ecommerce/TC-PEN-009" time="18.686" classname="Test Cases/Product Ecommerce/TC-PEN-009" status="FAILED">
         <failure type="FAILED" message="Test Cases/Product Ecommerce/TC-PEN-009 FAILED.
Reason:
Assertion failed: 

assert accept_button_message == &quot;Please input Valid.&quot;
       |                     |
       &quot;&quot;                    false

	at TC-PEN-009.run(TC-PEN-009:53)
	at com.kms.katalon.core.main.ScriptEngine.run(ScriptEngine.java:194)
	at com.kms.katalon.core.main.ScriptEngine.runScriptAsRawText(ScriptEngine.java:119)
	at com.kms.katalon.core.main.TestCaseExecutor.runScript(TestCaseExecutor.java:448)
	at com.kms.katalon.core.main.TestCaseExecutor.doExecute(TestCaseExecutor.java:439)
	at com.kms.katalon.core.main.TestCaseExecutor.processExecutionPhase(TestCaseExecutor.java:418)
	at com.kms.katalon.core.main.TestCaseExecutor.accessMainPhase(TestCaseExecutor.java:410)
	at com.kms.katalon.core.main.TestCaseExecutor.execute(TestCaseExecutor.java:285)
	at com.kms.katalon.core.common.CommonExecutor.accessTestCaseMainPhase(CommonExecutor.java:65)
	at com.kms.katalon.core.main.TestSuiteExecutor.accessTestSuiteMainPhase(TestSuiteExecutor.java:148)
	at com.kms.katalon.core.main.TestSuiteExecutor.execute(TestSuiteExecutor.java:106)
	at com.kms.katalon.core.main.TestCaseMain.startTestSuite(TestCaseMain.java:187)
	at com.kms.katalon.core.main.TestCaseMain$startTestSuite$0.call(Unknown Source)
	at TempTestSuite1696494982531.run(TempTestSuite1696494982531.groovy:36)
"/>
         <system-out><![CDATA[2023-10-05 15:44:13 - [TEST_CASE][FAILED] - Test Cases/Product Ecommerce/TC-PEN-009: Test Cases/Product Ecommerce/TC-PEN-009 FAILED.
Reason:
Assertion failed: 

assert accept_button_message == "Please input Valid."
       |                     |
       ""                    false

	at TC-PEN-009.run(TC-PEN-009:53)
	at com.kms.katalon.core.main.ScriptEngine.run(ScriptEngine.java:194)
	at com.kms.katalon.core.main.ScriptEngine.runScriptAsRawText(ScriptEngine.java:119)
	at com.kms.katalon.core.main.TestCaseExecutor.runScript(TestCaseExecutor.java:448)
	at com.kms.katalon.core.main.TestCaseExecutor.doExecute(TestCaseExecutor.java:439)
	at com.kms.katalon.core.main.TestCaseExecutor.processExecutionPhase(TestCaseExecutor.java:418)
	at com.kms.katalon.core.main.TestCaseExecutor.accessMainPhase(TestCaseExecutor.java:410)
	at com.kms.katalon.core.main.TestCaseExecutor.execute(TestCaseExecutor.java:285)
	at com.kms.katalon.core.common.CommonExecutor.accessTestCaseMainPhase(CommonExecutor.java:65)
	at com.kms.katalon.core.main.TestSuiteExecutor.accessTestSuiteMainPhase(TestSuiteExecutor.java:148)
	at com.kms.katalon.core.main.TestSuiteExecutor.execute(TestSuiteExecutor.java:106)
	at com.kms.katalon.core.main.TestCaseMain.startTestSuite(TestCaseMain.java:187)
	at com.kms.katalon.core.main.TestCaseMain$startTestSuite$0.call(Unknown Source)
	at TempTestSuite1696494982531.run(TempTestSuite1696494982531.groovy:36)


2023-10-05 15:44:13 - [TEST_STEP][PASSED] - callTestCase(findTestCase("Product Ecommerce/TC-PE-001"), [:], STOP_ON_FAILURE): Call Test Case 'Test Cases/Product Ecommerce/TC-PE-001' successfully

2023-10-05 15:44:13 - [TEST_CASE][PASSED] - Test Cases/Product Ecommerce/TC-PE-001: Test Cases/Product Ecommerce/TC-PE-001

2023-10-05 15:44:13 - [TEST_STEP][PASSED] - callTestCase(findTestCase("Login Ecommerce/TC-Login Ecomerce-001"), [:], STOP_ON_FAILURE): Call Test Case 'Test Cases/Login Ecommerce/TC-Login Ecomerce-001' successfully

2023-10-05 15:44:13 - [TEST_CASE][PASSED] - Test Cases/Login Ecommerce/TC-Login Ecomerce-001: Test Cases/Login Ecommerce/TC-Login Ecomerce-001

2023-10-05 15:44:13 - [TEST_STEP][PASSED] - openBrowser(userTajalapak): Browser is opened with url: 'https://10.9.2.63/ecommerce/'

2023-10-05 15:44:13 - [MESSAGE][WARNING] - A browser is already opened. Closing browser and opening a new one

2023-10-05 15:44:14 - [MESSAGE][INFO] - Starting 'Edge Chromium' driver

2023-10-05 15:44:14 - [MESSAGE][INFO] - User set preference: ['acceptInsecureCerts', 'true']

2023-10-05 15:44:16 - [MESSAGE][INFO] - Action delay is set to 0 milliseconds

2023-10-05 15:44:19 - [MESSAGE][PASSED] - Browser is opened with url: 'https://10.9.2.63/ecommerce/'

2023-10-05 15:44:19 - [TEST_STEP][PASSED] - maximizeWindow(): Current window maximized

2023-10-05 15:44:19 - [MESSAGE][PASSED] - Current window maximized

2023-10-05 15:44:19 - [TEST_STEP][PASSED] - verifyElementPresent(findTestObject("Login Ecommerce/Verifikasi Halaman Login Akun"), 0): Object 'Object Repository/Login Ecommerce/Verifikasi Halaman Login Akun' is present

2023-10-05 15:44:20 - [MESSAGE][WARNING] - Timeout '0' is invalid. Using default page load timeout: '30'

2023-10-05 15:44:20 - [MESSAGE][PASSED] - Object 'Object Repository/Login Ecommerce/Verifikasi Halaman Login Akun' is present

2023-10-05 15:44:20 - [TEST_STEP][PASSED] - click(findTestObject("Login Ecommerce/Login Akun")): Object: 'Object Repository/Login Ecommerce/Login Akun' is clicked on

2023-10-05 15:44:21 - [MESSAGE][PASSED] - Object: 'Object Repository/Login Ecommerce/Login Akun' is clicked on

2023-10-05 15:44:21 - [TEST_STEP][PASSED] - verifyElementPresent(findTestObject("Login Ecommerce/Verifikasi Halaman Login Akun"), 0): Object 'Object Repository/Login Ecommerce/Verifikasi Halaman Login Akun' is present

2023-10-05 15:44:21 - [MESSAGE][WARNING] - Timeout '0' is invalid. Using default page load timeout: '30'

2023-10-05 15:44:21 - [MESSAGE][PASSED] - Object 'Object Repository/Login Ecommerce/Verifikasi Halaman Login Akun' is present

2023-10-05 15:44:21 - [TEST_STEP][PASSED] - setText(findTestObject("Login Ecommerce/Input Username"), "riswandha"): Text 'riswandha' is set on object 'Object Repository/Login Ecommerce/Input Username'

2023-10-05 15:44:22 - [MESSAGE][PASSED] - Text 'riswandha' is set on object 'Object Repository/Login Ecommerce/Input Username'

2023-10-05 15:44:22 - [TEST_STEP][PASSED] - setEncryptedText(findTestObject("Login Ecommerce/Input Password"), "iGDxf8hSRT4="): Text ****** has been set on object 'Object Repository/Login Ecommerce/Input Password'

2023-10-05 15:44:23 - [MESSAGE][PASSED] - Text ****** has been set on object 'Object Repository/Login Ecommerce/Input Password'

2023-10-05 15:44:23 - [TEST_STEP][PASSED] - click(findTestObject("Login Ecommerce/Button Masuk")): Object: 'Object Repository/Login Ecommerce/Button Masuk' is clicked on

2023-10-05 15:44:23 - [MESSAGE][PASSED] - Object: 'Object Repository/Login Ecommerce/Button Masuk' is clicked on

2023-10-05 15:44:23 - [TEST_STEP][PASSED] - verifyElementPresent(findTestObject("Login Ecommerce/Verifikasi Login Akun"), 0): Object 'Object Repository/Login Ecommerce/Verifikasi Login Akun' is present

2023-10-05 15:44:23 - [MESSAGE][WARNING] - Timeout '0' is invalid. Using default page load timeout: '30'

2023-10-05 15:44:24 - [MESSAGE][PASSED] - Object 'Object Repository/Login Ecommerce/Verifikasi Login Akun' is present

2023-10-05 15:44:24 - [MESSAGE][PASSED] - Call Test Case 'Test Cases/Login Ecommerce/TC-Login Ecomerce-001' successfully

2023-10-05 15:44:24 - [TEST_STEP][PASSED] - mouseOver(findTestObject("Product Ecommerce/Button Menu toko")): Object: 'Object Repository/Product Ecommerce/Button Menu toko' is hovered

2023-10-05 15:44:25 - [MESSAGE][PASSED] - Object: 'Object Repository/Product Ecommerce/Button Menu toko' is hovered

2023-10-05 15:44:25 - [TEST_STEP][PASSED] - click(findTestObject("Product Ecommerce/Button Daftar Produk")): Object: 'Object Repository/Product Ecommerce/Button Daftar Produk' is clicked on

2023-10-05 15:44:26 - [MESSAGE][PASSED] - Object: 'Object Repository/Product Ecommerce/Button Daftar Produk' is clicked on

2023-10-05 15:44:26 - [TEST_STEP][PASSED] - verifyElementPresent(findTestObject("Product Ecommerce/Verifikasi Halaman Product Anda"), 0): Object 'Object Repository/Product Ecommerce/Verifikasi Halaman Product Anda' is present

2023-10-05 15:44:26 - [MESSAGE][WARNING] - Timeout '0' is invalid. Using default page load timeout: '30'

2023-10-05 15:44:26 - [MESSAGE][PASSED] - Object 'Object Repository/Product Ecommerce/Verifikasi Halaman Product Anda' is present

2023-10-05 15:44:26 - [MESSAGE][PASSED] - Call Test Case 'Test Cases/Product Ecommerce/TC-PE-001' successfully

2023-10-05 15:44:26 - [TEST_STEP][PASSED] - mouseOver(findTestObject("Product Ecommerce/Image Gambar produk 1")): Object: 'Object Repository/Product Ecommerce/Image Gambar produk 1' is hovered

2023-10-05 15:44:27 - [MESSAGE][PASSED] - Object: 'Object Repository/Product Ecommerce/Image Gambar produk 1' is hovered

2023-10-05 15:44:27 - [TEST_STEP][PASSED] - click(findTestObject("Product Ecommerce/Tambahkan Product/Edit Data")): Object: 'Object Repository/Product Ecommerce/Tambahkan Product/Edit Data' is clicked on

2023-10-05 15:44:28 - [MESSAGE][PASSED] - Object: 'Object Repository/Product Ecommerce/Tambahkan Product/Edit Data' is clicked on

2023-10-05 15:44:28 - [TEST_STEP][PASSED] - click(findTestObject("Product Ecommerce/Kupon/Button Buat Product")): Object: 'Object Repository/Product Ecommerce/Kupon/Button Buat Product' is clicked on

2023-10-05 15:44:28 - [MESSAGE][PASSED] - Object: 'Object Repository/Product Ecommerce/Kupon/Button Buat Product' is clicked on

2023-10-05 15:44:28 - [TEST_STEP][PASSED] - verifyElementPresent(findTestObject("Product Ecommerce/Kupon/Verifikasi Halaman Voucher Product"), 0): Object 'Object Repository/Product Ecommerce/Kupon/Verifikasi Halaman Voucher Product' is present

2023-10-05 15:44:28 - [MESSAGE][WARNING] - Timeout '0' is invalid. Using default page load timeout: '30'

2023-10-05 15:44:29 - [MESSAGE][PASSED] - Object 'Object Repository/Product Ecommerce/Kupon/Verifikasi Halaman Voucher Product' is present

2023-10-05 15:44:29 - [TEST_STEP][PASSED] - click(findTestObject("Product Ecommerce/Kupon/Button Edit Voucher")): Object: 'Object Repository/Product Ecommerce/Kupon/Button Edit Voucher' is clicked on

2023-10-05 15:44:29 - [MESSAGE][PASSED] - Object: 'Object Repository/Product Ecommerce/Kupon/Button Edit Voucher' is clicked on

2023-10-05 15:44:29 - [TEST_STEP][PASSED] - setText(findTestObject("Product Ecommerce/Kupon/Input Masa Berlaku"), "1945-11-11"): Text '1945-11-11' is set on object 'Object Repository/Product Ecommerce/Kupon/Input Masa Berlaku'

2023-10-05 15:44:30 - [MESSAGE][PASSED] - Text '1945-11-11' is set on object 'Object Repository/Product Ecommerce/Kupon/Input Masa Berlaku'

2023-10-05 15:44:30 - [TEST_STEP][PASSED] - click(findTestObject("Product Ecommerce/Kupon/Button Simpan")): Object: 'Object Repository/Product Ecommerce/Kupon/Button Simpan' is clicked on

2023-10-05 15:44:31 - [MESSAGE][PASSED] - Object: 'Object Repository/Product Ecommerce/Kupon/Button Simpan' is clicked on

2023-10-05 15:44:31 - [TEST_STEP][PASSED] - driver = getWebDriver(): null

2023-10-05 15:44:31 - [TEST_STEP][PASSED] - field_username_element = driver.findElement(By.xpath("//input[@id="expire_date"]")): null

2023-10-05 15:44:31 - [TEST_STEP][PASSED] - accept_button_message = driver.executeScript("return arguments[0].validationMessage", field_username_element): null

2023-10-05 15:44:31 - [TEST_STEP][PASSED] - println(accept_button_message): null

2023-10-05 15:44:31 - [TEST_STEP][FAILED] - assert accept_button_message == "Please input Valid.": Test Cases/Product Ecommerce/TC-PEN-009 FAILED.
Reason:
Assertion failed: 

assert accept_button_message == "Please input Valid."
       |                     |
       ""                    false

	at TC-PEN-009.run(TC-PEN-009:53)
	at com.kms.katalon.core.main.ScriptEngine.run(ScriptEngine.java:194)
	at com.kms.katalon.core.main.ScriptEngine.runScriptAsRawText(ScriptEngine.java:119)
	at com.kms.katalon.core.main.TestCaseExecutor.runScript(TestCaseExecutor.java:448)
	at com.kms.katalon.core.main.TestCaseExecutor.doExecute(TestCaseExecutor.java:439)
	at com.kms.katalon.core.main.TestCaseExecutor.processExecutionPhase(TestCaseExecutor.java:418)
	at com.kms.katalon.core.main.TestCaseExecutor.accessMainPhase(TestCaseExecutor.java:410)
	at com.kms.katalon.core.main.TestCaseExecutor.execute(TestCaseExecutor.java:285)
	at com.kms.katalon.core.common.CommonExecutor.accessTestCaseMainPhase(CommonExecutor.java:65)
	at com.kms.katalon.core.main.TestSuiteExecutor.accessTestSuiteMainPhase(TestSuiteExecutor.java:148)
	at com.kms.katalon.core.main.TestSuiteExecutor.execute(TestSuiteExecutor.java:106)
	at com.kms.katalon.core.main.TestCaseMain.startTestSuite(TestCaseMain.java:187)
	at com.kms.katalon.core.main.TestCaseMain$startTestSuite$0.call(Unknown Source)
	at TempTestSuite1696494982531.run(TempTestSuite1696494982531.groovy:36)


2023-10-05 15:44:31 - [MESSAGE][FAILED] - Test Cases/Product Ecommerce/TC-PEN-009 FAILED.
Reason:
Assertion failed: 

assert accept_button_message == "Please input Valid."
       |                     |
       ""                    false

	at TC-PEN-009.run(TC-PEN-009:53)
	at com.kms.katalon.core.main.ScriptEngine.run(ScriptEngine.java:194)
	at com.kms.katalon.core.main.ScriptEngine.runScriptAsRawText(ScriptEngine.java:119)
	at com.kms.katalon.core.main.TestCaseExecutor.runScript(TestCaseExecutor.java:448)
	at com.kms.katalon.core.main.TestCaseExecutor.doExecute(TestCaseExecutor.java:439)
	at com.kms.katalon.core.main.TestCaseExecutor.processExecutionPhase(TestCaseExecutor.java:418)
	at com.kms.katalon.core.main.TestCaseExecutor.accessMainPhase(TestCaseExecutor.java:410)
	at com.kms.katalon.core.main.TestCaseExecutor.execute(TestCaseExecutor.java:285)
	at com.kms.katalon.core.common.CommonExecutor.accessTestCaseMainPhase(CommonExecutor.java:65)
	at com.kms.katalon.core.main.TestSuiteExecutor.accessTestSuiteMainPhase(TestSuiteExecutor.java:148)
	at com.kms.katalon.core.main.TestSuiteExecutor.execute(TestSuiteExecutor.java:106)
	at com.kms.katalon.core.main.TestCaseMain.startTestSuite(TestCaseMain.java:187)
	at com.kms.katalon.core.main.TestCaseMain$startTestSuite$0.call(Unknown Source)
	at TempTestSuite1696494982531.run(TempTestSuite1696494982531.groovy:36)]]></system-out>
         <system-err><![CDATA[2023-10-05 15:44:13 - [TEST_CASE][FAILED] - Test Cases/Product Ecommerce/TC-PEN-009: Test Cases/Product Ecommerce/TC-PEN-009 FAILED.
Reason:
Assertion failed: 

assert accept_button_message == "Please input Valid."
       |                     |
       ""                    false

	at TC-PEN-009.run(TC-PEN-009:53)
	at com.kms.katalon.core.main.ScriptEngine.run(ScriptEngine.java:194)
	at com.kms.katalon.core.main.ScriptEngine.runScriptAsRawText(ScriptEngine.java:119)
	at com.kms.katalon.core.main.TestCaseExecutor.runScript(TestCaseExecutor.java:448)
	at com.kms.katalon.core.main.TestCaseExecutor.doExecute(TestCaseExecutor.java:439)
	at com.kms.katalon.core.main.TestCaseExecutor.processExecutionPhase(TestCaseExecutor.java:418)
	at com.kms.katalon.core.main.TestCaseExecutor.accessMainPhase(TestCaseExecutor.java:410)
	at com.kms.katalon.core.main.TestCaseExecutor.execute(TestCaseExecutor.java:285)
	at com.kms.katalon.core.common.CommonExecutor.accessTestCaseMainPhase(CommonExecutor.java:65)
	at com.kms.katalon.core.main.TestSuiteExecutor.accessTestSuiteMainPhase(TestSuiteExecutor.java:148)
	at com.kms.katalon.core.main.TestSuiteExecutor.execute(TestSuiteExecutor.java:106)
	at com.kms.katalon.core.main.TestCaseMain.startTestSuite(TestCaseMain.java:187)
	at com.kms.katalon.core.main.TestCaseMain$startTestSuite$0.call(Unknown Source)
	at TempTestSuite1696494982531.run(TempTestSuite1696494982531.groovy:36)]]></system-err>
      </testcase>
      <testcase name="Test Cases/Product Ecommerce/TC-PEN-010" time="16.199" classname="Test Cases/Product Ecommerce/TC-PEN-010" status="PASSED">
         <system-out><![CDATA[2023-10-05 15:44:31 - [TEST_CASE][PASSED] - Test Cases/Product Ecommerce/TC-PEN-010: Test Cases/Product Ecommerce/TC-PEN-010

2023-10-05 15:44:32 - [TEST_STEP][PASSED] - callTestCase(findTestCase("Product Ecommerce/TC-PE-001"), [:], STOP_ON_FAILURE): Call Test Case 'Test Cases/Product Ecommerce/TC-PE-001' successfully

2023-10-05 15:44:32 - [TEST_CASE][PASSED] - Test Cases/Product Ecommerce/TC-PE-001: Test Cases/Product Ecommerce/TC-PE-001

2023-10-05 15:44:32 - [TEST_STEP][PASSED] - callTestCase(findTestCase("Login Ecommerce/TC-Login Ecomerce-001"), [:], STOP_ON_FAILURE): Call Test Case 'Test Cases/Login Ecommerce/TC-Login Ecomerce-001' successfully

2023-10-05 15:44:32 - [TEST_CASE][PASSED] - Test Cases/Login Ecommerce/TC-Login Ecomerce-001: Test Cases/Login Ecommerce/TC-Login Ecomerce-001

2023-10-05 15:44:32 - [TEST_STEP][PASSED] - openBrowser(userTajalapak): Browser is opened with url: 'https://10.9.2.63/ecommerce/'

2023-10-05 15:44:32 - [MESSAGE][WARNING] - A browser is already opened. Closing browser and opening a new one

2023-10-05 15:44:33 - [MESSAGE][INFO] - Starting 'Edge Chromium' driver

2023-10-05 15:44:33 - [MESSAGE][INFO] - User set preference: ['acceptInsecureCerts', 'true']

2023-10-05 15:44:35 - [MESSAGE][INFO] - Action delay is set to 0 milliseconds

2023-10-05 15:44:37 - [MESSAGE][PASSED] - Browser is opened with url: 'https://10.9.2.63/ecommerce/'

2023-10-05 15:44:37 - [TEST_STEP][PASSED] - maximizeWindow(): Current window maximized

2023-10-05 15:44:37 - [MESSAGE][PASSED] - Current window maximized

2023-10-05 15:44:37 - [TEST_STEP][PASSED] - verifyElementPresent(findTestObject("Login Ecommerce/Verifikasi Halaman Login Akun"), 0): Object 'Object Repository/Login Ecommerce/Verifikasi Halaman Login Akun' is present

2023-10-05 15:44:37 - [MESSAGE][WARNING] - Timeout '0' is invalid. Using default page load timeout: '30'

2023-10-05 15:44:38 - [MESSAGE][PASSED] - Object 'Object Repository/Login Ecommerce/Verifikasi Halaman Login Akun' is present

2023-10-05 15:44:38 - [TEST_STEP][PASSED] - click(findTestObject("Login Ecommerce/Login Akun")): Object: 'Object Repository/Login Ecommerce/Login Akun' is clicked on

2023-10-05 15:44:38 - [MESSAGE][PASSED] - Object: 'Object Repository/Login Ecommerce/Login Akun' is clicked on

2023-10-05 15:44:38 - [TEST_STEP][PASSED] - verifyElementPresent(findTestObject("Login Ecommerce/Verifikasi Halaman Login Akun"), 0): Object 'Object Repository/Login Ecommerce/Verifikasi Halaman Login Akun' is present

2023-10-05 15:44:38 - [MESSAGE][WARNING] - Timeout '0' is invalid. Using default page load timeout: '30'

2023-10-05 15:44:39 - [MESSAGE][PASSED] - Object 'Object Repository/Login Ecommerce/Verifikasi Halaman Login Akun' is present

2023-10-05 15:44:39 - [TEST_STEP][PASSED] - setText(findTestObject("Login Ecommerce/Input Username"), "riswandha"): Text 'riswandha' is set on object 'Object Repository/Login Ecommerce/Input Username'

2023-10-05 15:44:40 - [MESSAGE][PASSED] - Text 'riswandha' is set on object 'Object Repository/Login Ecommerce/Input Username'

2023-10-05 15:44:40 - [TEST_STEP][PASSED] - setEncryptedText(findTestObject("Login Ecommerce/Input Password"), "iGDxf8hSRT4="): Text ****** has been set on object 'Object Repository/Login Ecommerce/Input Password'

2023-10-05 15:44:40 - [MESSAGE][PASSED] - Text ****** has been set on object 'Object Repository/Login Ecommerce/Input Password'

2023-10-05 15:44:40 - [TEST_STEP][PASSED] - click(findTestObject("Login Ecommerce/Button Masuk")): Object: 'Object Repository/Login Ecommerce/Button Masuk' is clicked on

2023-10-05 15:44:41 - [MESSAGE][PASSED] - Object: 'Object Repository/Login Ecommerce/Button Masuk' is clicked on

2023-10-05 15:44:41 - [TEST_STEP][PASSED] - verifyElementPresent(findTestObject("Login Ecommerce/Verifikasi Login Akun"), 0): Object 'Object Repository/Login Ecommerce/Verifikasi Login Akun' is present

2023-10-05 15:44:41 - [MESSAGE][WARNING] - Timeout '0' is invalid. Using default page load timeout: '30'

2023-10-05 15:44:42 - [MESSAGE][PASSED] - Object 'Object Repository/Login Ecommerce/Verifikasi Login Akun' is present

2023-10-05 15:44:42 - [MESSAGE][PASSED] - Call Test Case 'Test Cases/Login Ecommerce/TC-Login Ecomerce-001' successfully

2023-10-05 15:44:42 - [TEST_STEP][PASSED] - mouseOver(findTestObject("Product Ecommerce/Button Menu toko")): Object: 'Object Repository/Product Ecommerce/Button Menu toko' is hovered

2023-10-05 15:44:42 - [MESSAGE][PASSED] - Object: 'Object Repository/Product Ecommerce/Button Menu toko' is hovered

2023-10-05 15:44:42 - [TEST_STEP][PASSED] - click(findTestObject("Product Ecommerce/Button Daftar Produk")): Object: 'Object Repository/Product Ecommerce/Button Daftar Produk' is clicked on

2023-10-05 15:44:43 - [MESSAGE][PASSED] - Object: 'Object Repository/Product Ecommerce/Button Daftar Produk' is clicked on

2023-10-05 15:44:43 - [TEST_STEP][PASSED] - verifyElementPresent(findTestObject("Product Ecommerce/Verifikasi Halaman Product Anda"), 0): Object 'Object Repository/Product Ecommerce/Verifikasi Halaman Product Anda' is present

2023-10-05 15:44:43 - [MESSAGE][WARNING] - Timeout '0' is invalid. Using default page load timeout: '30'

2023-10-05 15:44:44 - [MESSAGE][PASSED] - Object 'Object Repository/Product Ecommerce/Verifikasi Halaman Product Anda' is present

2023-10-05 15:44:44 - [MESSAGE][PASSED] - Call Test Case 'Test Cases/Product Ecommerce/TC-PE-001' successfully

2023-10-05 15:44:44 - [TEST_STEP][PASSED] - mouseOver(findTestObject("Product Ecommerce/Image Gambar produk 1")): Object: 'Object Repository/Product Ecommerce/Image Gambar produk 1' is hovered

2023-10-05 15:44:44 - [MESSAGE][PASSED] - Object: 'Object Repository/Product Ecommerce/Image Gambar produk 1' is hovered

2023-10-05 15:44:44 - [TEST_STEP][PASSED] - click(findTestObject("Product Ecommerce/Tambahkan Product/Edit Data")): Object: 'Object Repository/Product Ecommerce/Tambahkan Product/Edit Data' is clicked on

2023-10-05 15:44:45 - [MESSAGE][PASSED] - Object: 'Object Repository/Product Ecommerce/Tambahkan Product/Edit Data' is clicked on

2023-10-05 15:44:45 - [TEST_STEP][PASSED] - verifyElementPresent(findTestObject("Product Ecommerce/Tambahkan Product/Button Update Data"), 0): Object 'Object Repository/Product Ecommerce/Tambahkan Product/Button Update Data' is present

2023-10-05 15:44:45 - [MESSAGE][WARNING] - Timeout '0' is invalid. Using default page load timeout: '30'

2023-10-05 15:44:46 - [MESSAGE][PASSED] - Object 'Object Repository/Product Ecommerce/Tambahkan Product/Button Update Data' is present

2023-10-05 15:44:46 - [TEST_STEP][PASSED] - uploadFile(findTestObject("Product Ecommerce/Tambahkan Product/Input File"), "E:\Pelatihan\Xsis Academy\DJI_0621.DNG"): File 'E:\Pelatihan\Xsis Academy\DJI_0621.DNG' sent to object: 'Object Repository/Product Ecommerce/Tambahkan Product/Input File'

2023-10-05 15:44:46 - [MESSAGE][PASSED] - File 'E:\Pelatihan\Xsis Academy\DJI_0621.DNG' sent to object: 'Object Repository/Product Ecommerce/Tambahkan Product/Input File'

2023-10-05 15:44:46 - [TEST_STEP][PASSED] - click(findTestObject("Product Ecommerce/Tambahkan Product/Button Update Data")): Object: 'Object Repository/Product Ecommerce/Tambahkan Product/Button Update Data' is clicked on

2023-10-05 15:44:47 - [MESSAGE][PASSED] - Object: 'Object Repository/Product Ecommerce/Tambahkan Product/Button Update Data' is clicked on

2023-10-05 15:44:47 - [TEST_STEP][PASSED] - verifyElementPresent(findTestObject("Product Ecommerce/Verifikasi Halaman Product Anda"), 0): Object 'Object Repository/Product Ecommerce/Verifikasi Halaman Product Anda' is present

2023-10-05 15:44:47 - [MESSAGE][WARNING] - Timeout '0' is invalid. Using default page load timeout: '30'

2023-10-05 15:44:48 - [MESSAGE][PASSED] - Object 'Object Repository/Product Ecommerce/Verifikasi Halaman Product Anda' is present]]></system-out>
         <system-err><![CDATA[]]></system-err>
      </testcase>
      <testcase name="Test Cases/Product Ecommerce/TC-PEN-011" time="48.684" classname="Test Cases/Product Ecommerce/TC-PEN-011" status="FAILED">
         <failure type="FAILED" message="Test Cases/Product Ecommerce/TC-PEN-011 FAILED.
Reason:
com.kms.katalon.core.exception.StepFailedException: Unable to verify object 'Object Repository/Product Ecommerce/Verifikasi Halaman Product Anda' is not present
	at com.kms.katalon.core.webui.keyword.internal.WebUIKeywordMain.stepFailed(WebUIKeywordMain.groovy:64)
	at com.kms.katalon.core.webui.keyword.internal.WebUIKeywordMain.runKeyword(WebUIKeywordMain.groovy:26)
	at com.kms.katalon.core.webui.keyword.internal.WebUIKeywordMain$runKeyword.call(Unknown Source)
	at com.kms.katalon.core.webui.keyword.builtin.VerifyElementNotPresentKeyword.verifyElementNotPresent(VerifyElementNotPresentKeyword.groovy:122)
	at com.kms.katalon.core.webui.keyword.builtin.VerifyElementNotPresentKeyword.execute(VerifyElementNotPresentKeyword.groovy:68)
	at com.kms.katalon.core.keyword.internal.KeywordExecutor.executeKeywordForPlatform(KeywordExecutor.groovy:74)
	at com.kms.katalon.core.webui.keyword.WebUiBuiltInKeywords.verifyElementNotPresent(WebUiBuiltInKeywords.groovy:1497)
	at com.kms.katalon.core.webui.keyword.WebUiBuiltInKeywords$verifyElementNotPresent$14.call(Unknown Source)
	at TC-PEN-011.run(TC-PEN-011:32)
	at com.kms.katalon.core.main.ScriptEngine.run(ScriptEngine.java:194)
	at com.kms.katalon.core.main.ScriptEngine.runScriptAsRawText(ScriptEngine.java:119)
	at com.kms.katalon.core.main.TestCaseExecutor.runScript(TestCaseExecutor.java:448)
	at com.kms.katalon.core.main.TestCaseExecutor.doExecute(TestCaseExecutor.java:439)
	at com.kms.katalon.core.main.TestCaseExecutor.processExecutionPhase(TestCaseExecutor.java:418)
	at com.kms.katalon.core.main.TestCaseExecutor.accessMainPhase(TestCaseExecutor.java:410)
	at com.kms.katalon.core.main.TestCaseExecutor.execute(TestCaseExecutor.java:285)
	at com.kms.katalon.core.common.CommonExecutor.accessTestCaseMainPhase(CommonExecutor.java:65)
	at com.kms.katalon.core.main.TestSuiteExecutor.accessTestSuiteMainPhase(TestSuiteExecutor.java:148)
	at com.kms.katalon.core.main.TestSuiteExecutor.execute(TestSuiteExecutor.java:106)
	at com.kms.katalon.core.main.TestCaseMain.startTestSuite(TestCaseMain.java:187)
	at com.kms.katalon.core.main.TestCaseMain$startTestSuite$0.call(Unknown Source)
	at TempTestSuite1696494982531.run(TempTestSuite1696494982531.groovy:36)
Caused by: com.kms.katalon.core.exception.StepFailedException: Web element with id: 'Object Repository/Product Ecommerce/Verifikasi Halaman Product Anda' located by 'By.xpath: (.//*[normalize-space(text()) and normalize-space(.)='Home'])[1]/following::li[2]' is present after '30' second(s)
	at com.kms.katalon.core.webui.keyword.internal.WebUIKeywordMain.stepFailed(WebUIKeywordMain.groovy:64)
	at com.kms.katalon.core.webui.keyword.internal.WebUIKeywordMain$stepFailed$0.call(Unknown Source)
	at com.kms.katalon.core.webui.keyword.builtin.VerifyElementNotPresentKeyword$_verifyElementNotPresent_closure1.doCall(VerifyElementNotPresentKeyword.groovy:113)
	at com.kms.katalon.core.webui.keyword.builtin.VerifyElementNotPresentKeyword$_verifyElementNotPresent_closure1.doCall(VerifyElementNotPresentKeyword.groovy)
	at com.kms.katalon.core.webui.keyword.internal.WebUIKeywordMain.runKeyword(WebUIKeywordMain.groovy:20)
	... 20 more
"/>
         <system-out><![CDATA[2023-10-05 15:44:48 - [TEST_CASE][FAILED] - Test Cases/Product Ecommerce/TC-PEN-011: Test Cases/Product Ecommerce/TC-PEN-011 FAILED.
Reason:
com.kms.katalon.core.exception.StepFailedException: Unable to verify object 'Object Repository/Product Ecommerce/Verifikasi Halaman Product Anda' is not present
	at com.kms.katalon.core.webui.keyword.internal.WebUIKeywordMain.stepFailed(WebUIKeywordMain.groovy:64)
	at com.kms.katalon.core.webui.keyword.internal.WebUIKeywordMain.runKeyword(WebUIKeywordMain.groovy:26)
	at com.kms.katalon.core.webui.keyword.internal.WebUIKeywordMain$runKeyword.call(Unknown Source)
	at com.kms.katalon.core.webui.keyword.builtin.VerifyElementNotPresentKeyword.verifyElementNotPresent(VerifyElementNotPresentKeyword.groovy:122)
	at com.kms.katalon.core.webui.keyword.builtin.VerifyElementNotPresentKeyword.execute(VerifyElementNotPresentKeyword.groovy:68)
	at com.kms.katalon.core.keyword.internal.KeywordExecutor.executeKeywordForPlatform(KeywordExecutor.groovy:74)
	at com.kms.katalon.core.webui.keyword.WebUiBuiltInKeywords.verifyElementNotPresent(WebUiBuiltInKeywords.groovy:1497)
	at com.kms.katalon.core.webui.keyword.WebUiBuiltInKeywords$verifyElementNotPresent$14.call(Unknown Source)
	at TC-PEN-011.run(TC-PEN-011:32)
	at com.kms.katalon.core.main.ScriptEngine.run(ScriptEngine.java:194)
	at com.kms.katalon.core.main.ScriptEngine.runScriptAsRawText(ScriptEngine.java:119)
	at com.kms.katalon.core.main.TestCaseExecutor.runScript(TestCaseExecutor.java:448)
	at com.kms.katalon.core.main.TestCaseExecutor.doExecute(TestCaseExecutor.java:439)
	at com.kms.katalon.core.main.TestCaseExecutor.processExecutionPhase(TestCaseExecutor.java:418)
	at com.kms.katalon.core.main.TestCaseExecutor.accessMainPhase(TestCaseExecutor.java:410)
	at com.kms.katalon.core.main.TestCaseExecutor.execute(TestCaseExecutor.java:285)
	at com.kms.katalon.core.common.CommonExecutor.accessTestCaseMainPhase(CommonExecutor.java:65)
	at com.kms.katalon.core.main.TestSuiteExecutor.accessTestSuiteMainPhase(TestSuiteExecutor.java:148)
	at com.kms.katalon.core.main.TestSuiteExecutor.execute(TestSuiteExecutor.java:106)
	at com.kms.katalon.core.main.TestCaseMain.startTestSuite(TestCaseMain.java:187)
	at com.kms.katalon.core.main.TestCaseMain$startTestSuite$0.call(Unknown Source)
	at TempTestSuite1696494982531.run(TempTestSuite1696494982531.groovy:36)
Caused by: com.kms.katalon.core.exception.StepFailedException: Web element with id: 'Object Repository/Product Ecommerce/Verifikasi Halaman Product Anda' located by 'By.xpath: (.//*[normalize-space(text()) and normalize-space(.)='Home'])[1]/following::li[2]' is present after '30' second(s)
	at com.kms.katalon.core.webui.keyword.internal.WebUIKeywordMain.stepFailed(WebUIKeywordMain.groovy:64)
	at com.kms.katalon.core.webui.keyword.internal.WebUIKeywordMain$stepFailed$0.call(Unknown Source)
	at com.kms.katalon.core.webui.keyword.builtin.VerifyElementNotPresentKeyword$_verifyElementNotPresent_closure1.doCall(VerifyElementNotPresentKeyword.groovy:113)
	at com.kms.katalon.core.webui.keyword.builtin.VerifyElementNotPresentKeyword$_verifyElementNotPresent_closure1.doCall(VerifyElementNotPresentKeyword.groovy)
	at com.kms.katalon.core.webui.keyword.internal.WebUIKeywordMain.runKeyword(WebUIKeywordMain.groovy:20)
	... 20 more


2023-10-05 15:44:48 - [TEST_STEP][PASSED] - callTestCase(findTestCase("Product Ecommerce/TC-PE-001"), [:], STOP_ON_FAILURE): Call Test Case 'Test Cases/Product Ecommerce/TC-PE-001' successfully

2023-10-05 15:44:48 - [TEST_CASE][PASSED] - Test Cases/Product Ecommerce/TC-PE-001: Test Cases/Product Ecommerce/TC-PE-001

2023-10-05 15:44:48 - [TEST_STEP][PASSED] - callTestCase(findTestCase("Login Ecommerce/TC-Login Ecomerce-001"), [:], STOP_ON_FAILURE): Call Test Case 'Test Cases/Login Ecommerce/TC-Login Ecomerce-001' successfully

2023-10-05 15:44:48 - [TEST_CASE][PASSED] - Test Cases/Login Ecommerce/TC-Login Ecomerce-001: Test Cases/Login Ecommerce/TC-Login Ecomerce-001

2023-10-05 15:44:48 - [TEST_STEP][PASSED] - openBrowser(userTajalapak): Browser is opened with url: 'https://10.9.2.63/ecommerce/'

2023-10-05 15:44:48 - [MESSAGE][WARNING] - A browser is already opened. Closing browser and opening a new one

2023-10-05 15:44:49 - [MESSAGE][INFO] - Starting 'Edge Chromium' driver

2023-10-05 15:44:49 - [MESSAGE][INFO] - User set preference: ['acceptInsecureCerts', 'true']

2023-10-05 15:44:51 - [MESSAGE][INFO] - Action delay is set to 0 milliseconds

2023-10-05 15:44:54 - [MESSAGE][PASSED] - Browser is opened with url: 'https://10.9.2.63/ecommerce/'

2023-10-05 15:44:54 - [TEST_STEP][PASSED] - maximizeWindow(): Current window maximized

2023-10-05 15:44:55 - [MESSAGE][PASSED] - Current window maximized

2023-10-05 15:44:55 - [TEST_STEP][PASSED] - verifyElementPresent(findTestObject("Login Ecommerce/Verifikasi Halaman Login Akun"), 0): Object 'Object Repository/Login Ecommerce/Verifikasi Halaman Login Akun' is present

2023-10-05 15:44:55 - [MESSAGE][WARNING] - Timeout '0' is invalid. Using default page load timeout: '30'

2023-10-05 15:44:55 - [MESSAGE][PASSED] - Object 'Object Repository/Login Ecommerce/Verifikasi Halaman Login Akun' is present

2023-10-05 15:44:55 - [TEST_STEP][PASSED] - click(findTestObject("Login Ecommerce/Login Akun")): Object: 'Object Repository/Login Ecommerce/Login Akun' is clicked on

2023-10-05 15:44:56 - [MESSAGE][PASSED] - Object: 'Object Repository/Login Ecommerce/Login Akun' is clicked on

2023-10-05 15:44:56 - [TEST_STEP][PASSED] - verifyElementPresent(findTestObject("Login Ecommerce/Verifikasi Halaman Login Akun"), 0): Object 'Object Repository/Login Ecommerce/Verifikasi Halaman Login Akun' is present

2023-10-05 15:44:56 - [MESSAGE][WARNING] - Timeout '0' is invalid. Using default page load timeout: '30'

2023-10-05 15:44:56 - [MESSAGE][PASSED] - Object 'Object Repository/Login Ecommerce/Verifikasi Halaman Login Akun' is present

2023-10-05 15:44:56 - [TEST_STEP][PASSED] - setText(findTestObject("Login Ecommerce/Input Username"), "riswandha"): Text 'riswandha' is set on object 'Object Repository/Login Ecommerce/Input Username'

2023-10-05 15:44:57 - [MESSAGE][PASSED] - Text 'riswandha' is set on object 'Object Repository/Login Ecommerce/Input Username'

2023-10-05 15:44:57 - [TEST_STEP][PASSED] - setEncryptedText(findTestObject("Login Ecommerce/Input Password"), "iGDxf8hSRT4="): Text ****** has been set on object 'Object Repository/Login Ecommerce/Input Password'

2023-10-05 15:44:58 - [MESSAGE][PASSED] - Text ****** has been set on object 'Object Repository/Login Ecommerce/Input Password'

2023-10-05 15:44:58 - [TEST_STEP][PASSED] - click(findTestObject("Login Ecommerce/Button Masuk")): Object: 'Object Repository/Login Ecommerce/Button Masuk' is clicked on

2023-10-05 15:44:59 - [MESSAGE][PASSED] - Object: 'Object Repository/Login Ecommerce/Button Masuk' is clicked on

2023-10-05 15:44:59 - [TEST_STEP][PASSED] - verifyElementPresent(findTestObject("Login Ecommerce/Verifikasi Login Akun"), 0): Object 'Object Repository/Login Ecommerce/Verifikasi Login Akun' is present

2023-10-05 15:44:59 - [MESSAGE][WARNING] - Timeout '0' is invalid. Using default page load timeout: '30'

2023-10-05 15:44:59 - [MESSAGE][PASSED] - Object 'Object Repository/Login Ecommerce/Verifikasi Login Akun' is present

2023-10-05 15:44:59 - [MESSAGE][PASSED] - Call Test Case 'Test Cases/Login Ecommerce/TC-Login Ecomerce-001' successfully

2023-10-05 15:44:59 - [TEST_STEP][PASSED] - mouseOver(findTestObject("Product Ecommerce/Button Menu toko")): Object: 'Object Repository/Product Ecommerce/Button Menu toko' is hovered

2023-10-05 15:45:00 - [MESSAGE][PASSED] - Object: 'Object Repository/Product Ecommerce/Button Menu toko' is hovered

2023-10-05 15:45:00 - [TEST_STEP][PASSED] - click(findTestObject("Product Ecommerce/Button Daftar Produk")): Object: 'Object Repository/Product Ecommerce/Button Daftar Produk' is clicked on

2023-10-05 15:45:01 - [MESSAGE][PASSED] - Object: 'Object Repository/Product Ecommerce/Button Daftar Produk' is clicked on

2023-10-05 15:45:01 - [TEST_STEP][PASSED] - verifyElementPresent(findTestObject("Product Ecommerce/Verifikasi Halaman Product Anda"), 0): Object 'Object Repository/Product Ecommerce/Verifikasi Halaman Product Anda' is present

2023-10-05 15:45:01 - [MESSAGE][WARNING] - Timeout '0' is invalid. Using default page load timeout: '30'

2023-10-05 15:45:01 - [MESSAGE][PASSED] - Object 'Object Repository/Product Ecommerce/Verifikasi Halaman Product Anda' is present

2023-10-05 15:45:01 - [MESSAGE][PASSED] - Call Test Case 'Test Cases/Product Ecommerce/TC-PE-001' successfully

2023-10-05 15:45:01 - [TEST_STEP][PASSED] - mouseOver(findTestObject("Product Ecommerce/Image Gambar produk 1")): Object: 'Object Repository/Product Ecommerce/Image Gambar produk 1' is hovered

2023-10-05 15:45:02 - [MESSAGE][PASSED] - Object: 'Object Repository/Product Ecommerce/Image Gambar produk 1' is hovered

2023-10-05 15:45:02 - [TEST_STEP][PASSED] - click(findTestObject("Product Ecommerce/Tambahkan Product/Edit Data")): Object: 'Object Repository/Product Ecommerce/Tambahkan Product/Edit Data' is clicked on

2023-10-05 15:45:03 - [MESSAGE][PASSED] - Object: 'Object Repository/Product Ecommerce/Tambahkan Product/Edit Data' is clicked on

2023-10-05 15:45:03 - [TEST_STEP][PASSED] - verifyElementPresent(findTestObject("Product Ecommerce/Tambahkan Product/Button Update Data"), 0): Object 'Object Repository/Product Ecommerce/Tambahkan Product/Button Update Data' is present

2023-10-05 15:45:03 - [MESSAGE][WARNING] - Timeout '0' is invalid. Using default page load timeout: '30'

2023-10-05 15:45:04 - [MESSAGE][PASSED] - Object 'Object Repository/Product Ecommerce/Tambahkan Product/Button Update Data' is present

2023-10-05 15:45:04 - [TEST_STEP][PASSED] - setText(findTestObject("Product Ecommerce/Tambahkan Product/Input Satuan"), "12345"): Text '12345' is set on object 'Object Repository/Product Ecommerce/Tambahkan Product/Input Satuan'

2023-10-05 15:45:04 - [MESSAGE][PASSED] - Text '12345' is set on object 'Object Repository/Product Ecommerce/Tambahkan Product/Input Satuan'

2023-10-05 15:45:04 - [TEST_STEP][PASSED] - click(findTestObject("Product Admin/TambahProduk/Button Update Data")): Object: 'Object Repository/Product Admin/TambahProduk/Button Update Data' is clicked on

2023-10-05 15:45:05 - [MESSAGE][PASSED] - Object: 'Object Repository/Product Admin/TambahProduk/Button Update Data' is clicked on

2023-10-05 15:45:05 - [TEST_STEP][FAILED] - verifyElementNotPresent(findTestObject("Product Ecommerce/Verifikasi Halaman Product Anda"), 0): Unable to verify object 'Object Repository/Product Ecommerce/Verifikasi Halaman Product Anda' is not present (Root cause: com.kms.katalon.core.exception.StepFailedException: Unable to verify object 'Object Repository/Product Ecommerce/Verifikasi Halaman Product Anda' is not present
	at com.kms.katalon.core.webui.keyword.internal.WebUIKeywordMain.stepFailed(WebUIKeywordMain.groovy:64)
	at com.kms.katalon.core.webui.keyword.internal.WebUIKeywordMain.runKeyword(WebUIKeywordMain.groovy:26)
	at com.kms.katalon.core.webui.keyword.internal.WebUIKeywordMain$runKeyword.call(Unknown Source)
	at com.kms.katalon.core.webui.keyword.builtin.VerifyElementNotPresentKeyword.verifyElementNotPresent(VerifyElementNotPresentKeyword.groovy:122)
	at com.kms.katalon.core.webui.keyword.builtin.VerifyElementNotPresentKeyword.execute(VerifyElementNotPresentKeyword.groovy:68)
	at com.kms.katalon.core.keyword.internal.KeywordExecutor.executeKeywordForPlatform(KeywordExecutor.groovy:74)
	at com.kms.katalon.core.webui.keyword.WebUiBuiltInKeywords.verifyElementNotPresent(WebUiBuiltInKeywords.groovy:1497)
	at com.kms.katalon.core.webui.keyword.WebUiBuiltInKeywords$verifyElementNotPresent$14.call(Unknown Source)
	at TC-PEN-011.run(TC-PEN-011:32)
	at com.kms.katalon.core.main.ScriptEngine.run(ScriptEngine.java:194)
	at com.kms.katalon.core.main.ScriptEngine.runScriptAsRawText(ScriptEngine.java:119)
	at com.kms.katalon.core.main.TestCaseExecutor.runScript(TestCaseExecutor.java:448)
	at com.kms.katalon.core.main.TestCaseExecutor.doExecute(TestCaseExecutor.java:439)
	at com.kms.katalon.core.main.TestCaseExecutor.processExecutionPhase(TestCaseExecutor.java:418)
	at com.kms.katalon.core.main.TestCaseExecutor.accessMainPhase(TestCaseExecutor.java:410)
	at com.kms.katalon.core.main.TestCaseExecutor.execute(TestCaseExecutor.java:285)
	at com.kms.katalon.core.common.CommonExecutor.accessTestCaseMainPhase(CommonExecutor.java:65)
	at com.kms.katalon.core.main.TestSuiteExecutor.accessTestSuiteMainPhase(TestSuiteExecutor.java:148)
	at com.kms.katalon.core.main.TestSuiteExecutor.execute(TestSuiteExecutor.java:106)
	at com.kms.katalon.core.main.TestCaseMain.startTestSuite(TestCaseMain.java:187)
	at com.kms.katalon.core.main.TestCaseMain$startTestSuite$0.call(Unknown Source)
	at TempTestSuite1696494982531.run(TempTestSuite1696494982531.groovy:36)
Caused by: com.kms.katalon.core.exception.StepFailedException: Web element with id: 'Object Repository/Product Ecommerce/Verifikasi Halaman Product Anda' located by 'By.xpath: (.//*[normalize-space(text()) and normalize-space(.)='Home'])[1]/following::li[2]' is present after '30' second(s)
	at com.kms.katalon.core.webui.keyword.internal.WebUIKeywordMain.stepFailed(WebUIKeywordMain.groovy:64)
	at com.kms.katalon.core.webui.keyword.internal.WebUIKeywordMain$stepFailed$0.call(Unknown Source)
	at com.kms.katalon.core.webui.keyword.builtin.VerifyElementNotPresentKeyword$_verifyElementNotPresent_closure1.doCall(VerifyElementNotPresentKeyword.groovy:113)
	at com.kms.katalon.core.webui.keyword.builtin.VerifyElementNotPresentKeyword$_verifyElementNotPresent_closure1.doCall(VerifyElementNotPresentKeyword.groovy)
	at com.kms.katalon.core.webui.keyword.internal.WebUIKeywordMain.runKeyword(WebUIKeywordMain.groovy:20)
	... 20 more
)

2023-10-05 15:45:05 - [MESSAGE][WARNING] - Timeout '0' is invalid. Using default page load timeout: '30'

2023-10-05 15:45:36 - [MESSAGE][FAILED] - Web element with id: 'Object Repository/Product Ecommerce/Verifikasi Halaman Product Anda' located by 'By.xpath: (.//*[normalize-space(text()) and normalize-space(.)='Home'])[1]/following::li[2]' is present after '30' second(s) (Root cause: com.kms.katalon.core.exception.StepFailedException: Web element with id: 'Object Repository/Product Ecommerce/Verifikasi Halaman Product Anda' located by 'By.xpath: (.//*[normalize-space(text()) and normalize-space(.)='Home'])[1]/following::li[2]' is present after '30' second(s)
	at com.kms.katalon.core.webui.keyword.internal.WebUIKeywordMain.stepFailed(WebUIKeywordMain.groovy:64)
	at com.kms.katalon.core.webui.keyword.internal.WebUIKeywordMain$stepFailed$0.call(Unknown Source)
	at com.kms.katalon.core.webui.keyword.builtin.VerifyElementNotPresentKeyword$_verifyElementNotPresent_closure1.doCall(VerifyElementNotPresentKeyword.groovy:113)
	at com.kms.katalon.core.webui.keyword.builtin.VerifyElementNotPresentKeyword$_verifyElementNotPresent_closure1.doCall(VerifyElementNotPresentKeyword.groovy)
	at com.kms.katalon.core.webui.keyword.internal.WebUIKeywordMain.runKeyword(WebUIKeywordMain.groovy:20)
	at com.kms.katalon.core.webui.keyword.internal.WebUIKeywordMain$runKeyword.call(Unknown Source)
	at com.kms.katalon.core.webui.keyword.builtin.VerifyElementNotPresentKeyword.verifyElementNotPresent(VerifyElementNotPresentKeyword.groovy:122)
	at com.kms.katalon.core.webui.keyword.builtin.VerifyElementNotPresentKeyword.execute(VerifyElementNotPresentKeyword.groovy:68)
	at com.kms.katalon.core.keyword.internal.KeywordExecutor.executeKeywordForPlatform(KeywordExecutor.groovy:74)
	at com.kms.katalon.core.webui.keyword.WebUiBuiltInKeywords.verifyElementNotPresent(WebUiBuiltInKeywords.groovy:1497)
	at com.kms.katalon.core.webui.keyword.WebUiBuiltInKeywords$verifyElementNotPresent$14.call(Unknown Source)
	at TC-PEN-011.run(TC-PEN-011:32)
	at com.kms.katalon.core.main.ScriptEngine.run(ScriptEngine.java:194)
	at com.kms.katalon.core.main.ScriptEngine.runScriptAsRawText(ScriptEngine.java:119)
	at com.kms.katalon.core.main.TestCaseExecutor.runScript(TestCaseExecutor.java:448)
	at com.kms.katalon.core.main.TestCaseExecutor.doExecute(TestCaseExecutor.java:439)
	at com.kms.katalon.core.main.TestCaseExecutor.processExecutionPhase(TestCaseExecutor.java:418)
	at com.kms.katalon.core.main.TestCaseExecutor.accessMainPhase(TestCaseExecutor.java:410)
	at com.kms.katalon.core.main.TestCaseExecutor.execute(TestCaseExecutor.java:285)
	at com.kms.katalon.core.common.CommonExecutor.accessTestCaseMainPhase(CommonExecutor.java:65)
	at com.kms.katalon.core.main.TestSuiteExecutor.accessTestSuiteMainPhase(TestSuiteExecutor.java:148)
	at com.kms.katalon.core.main.TestSuiteExecutor.execute(TestSuiteExecutor.java:106)
	at com.kms.katalon.core.main.TestCaseMain.startTestSuite(TestCaseMain.java:187)
	at com.kms.katalon.core.main.TestCaseMain$startTestSuite$0.call(Unknown Source)
	at TempTestSuite1696494982531.run(TempTestSuite1696494982531.groovy:36)
)
[[ATTACHMENT|G:\\Project Xsis\\batch-324-qa\\Riswan\\Sprint 2 Product Tajalapak\\Reports\\20231005_153622\\Product Ecomerce\\20231005_153622\\1696495536596.png]]

2023-10-05 15:45:36 - [MESSAGE][FAILED] - Unable to verify object 'Object Repository/Product Ecommerce/Verifikasi Halaman Product Anda' is not present (Root cause: com.kms.katalon.core.exception.StepFailedException: Unable to verify object 'Object Repository/Product Ecommerce/Verifikasi Halaman Product Anda' is not present
	at com.kms.katalon.core.webui.keyword.internal.WebUIKeywordMain.stepFailed(WebUIKeywordMain.groovy:64)
	at com.kms.katalon.core.webui.keyword.internal.WebUIKeywordMain.runKeyword(WebUIKeywordMain.groovy:26)
	at com.kms.katalon.core.webui.keyword.internal.WebUIKeywordMain$runKeyword.call(Unknown Source)
	at com.kms.katalon.core.webui.keyword.builtin.VerifyElementNotPresentKeyword.verifyElementNotPresent(VerifyElementNotPresentKeyword.groovy:122)
	at com.kms.katalon.core.webui.keyword.builtin.VerifyElementNotPresentKeyword.execute(VerifyElementNotPresentKeyword.groovy:68)
	at com.kms.katalon.core.keyword.internal.KeywordExecutor.executeKeywordForPlatform(KeywordExecutor.groovy:74)
	at com.kms.katalon.core.webui.keyword.WebUiBuiltInKeywords.verifyElementNotPresent(WebUiBuiltInKeywords.groovy:1497)
	at com.kms.katalon.core.webui.keyword.WebUiBuiltInKeywords$verifyElementNotPresent$14.call(Unknown Source)
	at TC-PEN-011.run(TC-PEN-011:32)
	at com.kms.katalon.core.main.ScriptEngine.run(ScriptEngine.java:194)
	at com.kms.katalon.core.main.ScriptEngine.runScriptAsRawText(ScriptEngine.java:119)
	at com.kms.katalon.core.main.TestCaseExecutor.runScript(TestCaseExecutor.java:448)
	at com.kms.katalon.core.main.TestCaseExecutor.doExecute(TestCaseExecutor.java:439)
	at com.kms.katalon.core.main.TestCaseExecutor.processExecutionPhase(TestCaseExecutor.java:418)
	at com.kms.katalon.core.main.TestCaseExecutor.accessMainPhase(TestCaseExecutor.java:410)
	at com.kms.katalon.core.main.TestCaseExecutor.execute(TestCaseExecutor.java:285)
	at com.kms.katalon.core.common.CommonExecutor.accessTestCaseMainPhase(CommonExecutor.java:65)
	at com.kms.katalon.core.main.TestSuiteExecutor.accessTestSuiteMainPhase(TestSuiteExecutor.java:148)
	at com.kms.katalon.core.main.TestSuiteExecutor.execute(TestSuiteExecutor.java:106)
	at com.kms.katalon.core.main.TestCaseMain.startTestSuite(TestCaseMain.java:187)
	at com.kms.katalon.core.main.TestCaseMain$startTestSuite$0.call(Unknown Source)
	at TempTestSuite1696494982531.run(TempTestSuite1696494982531.groovy:36)
Caused by: com.kms.katalon.core.exception.StepFailedException: Web element with id: 'Object Repository/Product Ecommerce/Verifikasi Halaman Product Anda' located by 'By.xpath: (.//*[normalize-space(text()) and normalize-space(.)='Home'])[1]/following::li[2]' is present after '30' second(s)
	at com.kms.katalon.core.webui.keyword.internal.WebUIKeywordMain.stepFailed(WebUIKeywordMain.groovy:64)
	at com.kms.katalon.core.webui.keyword.internal.WebUIKeywordMain$stepFailed$0.call(Unknown Source)
	at com.kms.katalon.core.webui.keyword.builtin.VerifyElementNotPresentKeyword$_verifyElementNotPresent_closure1.doCall(VerifyElementNotPresentKeyword.groovy:113)
	at com.kms.katalon.core.webui.keyword.builtin.VerifyElementNotPresentKeyword$_verifyElementNotPresent_closure1.doCall(VerifyElementNotPresentKeyword.groovy)
	at com.kms.katalon.core.webui.keyword.internal.WebUIKeywordMain.runKeyword(WebUIKeywordMain.groovy:20)
	... 20 more
)
[[ATTACHMENT|G:\\Project Xsis\\batch-324-qa\\Riswan\\Sprint 2 Product Tajalapak\\Reports\\20231005_153622\\Product Ecomerce\\20231005_153622\\1696495536724.png]]]]></system-out>
         <system-err><![CDATA[2023-10-05 15:44:48 - [TEST_CASE][FAILED] - Test Cases/Product Ecommerce/TC-PEN-011: Test Cases/Product Ecommerce/TC-PEN-011 FAILED.
Reason:
com.kms.katalon.core.exception.StepFailedException: Unable to verify object 'Object Repository/Product Ecommerce/Verifikasi Halaman Product Anda' is not present
	at com.kms.katalon.core.webui.keyword.internal.WebUIKeywordMain.stepFailed(WebUIKeywordMain.groovy:64)
	at com.kms.katalon.core.webui.keyword.internal.WebUIKeywordMain.runKeyword(WebUIKeywordMain.groovy:26)
	at com.kms.katalon.core.webui.keyword.internal.WebUIKeywordMain$runKeyword.call(Unknown Source)
	at com.kms.katalon.core.webui.keyword.builtin.VerifyElementNotPresentKeyword.verifyElementNotPresent(VerifyElementNotPresentKeyword.groovy:122)
	at com.kms.katalon.core.webui.keyword.builtin.VerifyElementNotPresentKeyword.execute(VerifyElementNotPresentKeyword.groovy:68)
	at com.kms.katalon.core.keyword.internal.KeywordExecutor.executeKeywordForPlatform(KeywordExecutor.groovy:74)
	at com.kms.katalon.core.webui.keyword.WebUiBuiltInKeywords.verifyElementNotPresent(WebUiBuiltInKeywords.groovy:1497)
	at com.kms.katalon.core.webui.keyword.WebUiBuiltInKeywords$verifyElementNotPresent$14.call(Unknown Source)
	at TC-PEN-011.run(TC-PEN-011:32)
	at com.kms.katalon.core.main.ScriptEngine.run(ScriptEngine.java:194)
	at com.kms.katalon.core.main.ScriptEngine.runScriptAsRawText(ScriptEngine.java:119)
	at com.kms.katalon.core.main.TestCaseExecutor.runScript(TestCaseExecutor.java:448)
	at com.kms.katalon.core.main.TestCaseExecutor.doExecute(TestCaseExecutor.java:439)
	at com.kms.katalon.core.main.TestCaseExecutor.processExecutionPhase(TestCaseExecutor.java:418)
	at com.kms.katalon.core.main.TestCaseExecutor.accessMainPhase(TestCaseExecutor.java:410)
	at com.kms.katalon.core.main.TestCaseExecutor.execute(TestCaseExecutor.java:285)
	at com.kms.katalon.core.common.CommonExecutor.accessTestCaseMainPhase(CommonExecutor.java:65)
	at com.kms.katalon.core.main.TestSuiteExecutor.accessTestSuiteMainPhase(TestSuiteExecutor.java:148)
	at com.kms.katalon.core.main.TestSuiteExecutor.execute(TestSuiteExecutor.java:106)
	at com.kms.katalon.core.main.TestCaseMain.startTestSuite(TestCaseMain.java:187)
	at com.kms.katalon.core.main.TestCaseMain$startTestSuite$0.call(Unknown Source)
	at TempTestSuite1696494982531.run(TempTestSuite1696494982531.groovy:36)
Caused by: com.kms.katalon.core.exception.StepFailedException: Web element with id: 'Object Repository/Product Ecommerce/Verifikasi Halaman Product Anda' located by 'By.xpath: (.//*[normalize-space(text()) and normalize-space(.)='Home'])[1]/following::li[2]' is present after '30' second(s)
	at com.kms.katalon.core.webui.keyword.internal.WebUIKeywordMain.stepFailed(WebUIKeywordMain.groovy:64)
	at com.kms.katalon.core.webui.keyword.internal.WebUIKeywordMain$stepFailed$0.call(Unknown Source)
	at com.kms.katalon.core.webui.keyword.builtin.VerifyElementNotPresentKeyword$_verifyElementNotPresent_closure1.doCall(VerifyElementNotPresentKeyword.groovy:113)
	at com.kms.katalon.core.webui.keyword.builtin.VerifyElementNotPresentKeyword$_verifyElementNotPresent_closure1.doCall(VerifyElementNotPresentKeyword.groovy)
	at com.kms.katalon.core.webui.keyword.internal.WebUIKeywordMain.runKeyword(WebUIKeywordMain.groovy:20)
	... 20 more]]></system-err>
      </testcase>
      <testcase name="Test Cases/Product Ecommerce/TC-PEN-012" time="16.302" classname="Test Cases/Product Ecommerce/TC-PEN-012" status="FAILED">
         <failure type="FAILED" message="Test Cases/Product Ecommerce/TC-PEN-012 FAILED.
Reason:
Assertion failed: 

assert accept_button_message == &quot;Please fill out this field.&quot;
       |                     |
       &quot;&quot;                    false

	at TC-PEN-012.run(TC-PEN-012:51)
	at com.kms.katalon.core.main.ScriptEngine.run(ScriptEngine.java:194)
	at com.kms.katalon.core.main.ScriptEngine.runScriptAsRawText(ScriptEngine.java:119)
	at com.kms.katalon.core.main.TestCaseExecutor.runScript(TestCaseExecutor.java:448)
	at com.kms.katalon.core.main.TestCaseExecutor.doExecute(TestCaseExecutor.java:439)
	at com.kms.katalon.core.main.TestCaseExecutor.processExecutionPhase(TestCaseExecutor.java:418)
	at com.kms.katalon.core.main.TestCaseExecutor.accessMainPhase(TestCaseExecutor.java:410)
	at com.kms.katalon.core.main.TestCaseExecutor.execute(TestCaseExecutor.java:285)
	at com.kms.katalon.core.common.CommonExecutor.accessTestCaseMainPhase(CommonExecutor.java:65)
	at com.kms.katalon.core.main.TestSuiteExecutor.accessTestSuiteMainPhase(TestSuiteExecutor.java:148)
	at com.kms.katalon.core.main.TestSuiteExecutor.execute(TestSuiteExecutor.java:106)
	at com.kms.katalon.core.main.TestCaseMain.startTestSuite(TestCaseMain.java:187)
	at com.kms.katalon.core.main.TestCaseMain$startTestSuite$0.call(Unknown Source)
	at TempTestSuite1696494982531.run(TempTestSuite1696494982531.groovy:36)
"/>
         <system-out><![CDATA[2023-10-05 15:45:36 - [TEST_CASE][FAILED] - Test Cases/Product Ecommerce/TC-PEN-012: Test Cases/Product Ecommerce/TC-PEN-012 FAILED.
Reason:
Assertion failed: 

assert accept_button_message == "Please fill out this field."
       |                     |
       ""                    false

	at TC-PEN-012.run(TC-PEN-012:51)
	at com.kms.katalon.core.main.ScriptEngine.run(ScriptEngine.java:194)
	at com.kms.katalon.core.main.ScriptEngine.runScriptAsRawText(ScriptEngine.java:119)
	at com.kms.katalon.core.main.TestCaseExecutor.runScript(TestCaseExecutor.java:448)
	at com.kms.katalon.core.main.TestCaseExecutor.doExecute(TestCaseExecutor.java:439)
	at com.kms.katalon.core.main.TestCaseExecutor.processExecutionPhase(TestCaseExecutor.java:418)
	at com.kms.katalon.core.main.TestCaseExecutor.accessMainPhase(TestCaseExecutor.java:410)
	at com.kms.katalon.core.main.TestCaseExecutor.execute(TestCaseExecutor.java:285)
	at com.kms.katalon.core.common.CommonExecutor.accessTestCaseMainPhase(CommonExecutor.java:65)
	at com.kms.katalon.core.main.TestSuiteExecutor.accessTestSuiteMainPhase(TestSuiteExecutor.java:148)
	at com.kms.katalon.core.main.TestSuiteExecutor.execute(TestSuiteExecutor.java:106)
	at com.kms.katalon.core.main.TestCaseMain.startTestSuite(TestCaseMain.java:187)
	at com.kms.katalon.core.main.TestCaseMain$startTestSuite$0.call(Unknown Source)
	at TempTestSuite1696494982531.run(TempTestSuite1696494982531.groovy:36)


2023-10-05 15:45:37 - [TEST_STEP][PASSED] - callTestCase(findTestCase("Product Ecommerce/TC-PE-001"), [:], STOP_ON_FAILURE): Call Test Case 'Test Cases/Product Ecommerce/TC-PE-001' successfully

2023-10-05 15:45:37 - [TEST_CASE][PASSED] - Test Cases/Product Ecommerce/TC-PE-001: Test Cases/Product Ecommerce/TC-PE-001

2023-10-05 15:45:37 - [TEST_STEP][PASSED] - callTestCase(findTestCase("Login Ecommerce/TC-Login Ecomerce-001"), [:], STOP_ON_FAILURE): Call Test Case 'Test Cases/Login Ecommerce/TC-Login Ecomerce-001' successfully

2023-10-05 15:45:37 - [TEST_CASE][PASSED] - Test Cases/Login Ecommerce/TC-Login Ecomerce-001: Test Cases/Login Ecommerce/TC-Login Ecomerce-001

2023-10-05 15:45:37 - [TEST_STEP][PASSED] - openBrowser(userTajalapak): Browser is opened with url: 'https://10.9.2.63/ecommerce/'

2023-10-05 15:45:37 - [MESSAGE][WARNING] - A browser is already opened. Closing browser and opening a new one

2023-10-05 15:45:38 - [MESSAGE][INFO] - Starting 'Edge Chromium' driver

2023-10-05 15:45:38 - [MESSAGE][INFO] - User set preference: ['acceptInsecureCerts', 'true']

2023-10-05 15:45:40 - [MESSAGE][INFO] - Action delay is set to 0 milliseconds

2023-10-05 15:45:42 - [MESSAGE][PASSED] - Browser is opened with url: 'https://10.9.2.63/ecommerce/'

2023-10-05 15:45:42 - [TEST_STEP][PASSED] - maximizeWindow(): Current window maximized

2023-10-05 15:45:42 - [MESSAGE][PASSED] - Current window maximized

2023-10-05 15:45:42 - [TEST_STEP][PASSED] - verifyElementPresent(findTestObject("Login Ecommerce/Verifikasi Halaman Login Akun"), 0): Object 'Object Repository/Login Ecommerce/Verifikasi Halaman Login Akun' is present

2023-10-05 15:45:42 - [MESSAGE][WARNING] - Timeout '0' is invalid. Using default page load timeout: '30'

2023-10-05 15:45:43 - [MESSAGE][PASSED] - Object 'Object Repository/Login Ecommerce/Verifikasi Halaman Login Akun' is present

2023-10-05 15:45:43 - [TEST_STEP][PASSED] - click(findTestObject("Login Ecommerce/Login Akun")): Object: 'Object Repository/Login Ecommerce/Login Akun' is clicked on

2023-10-05 15:45:43 - [MESSAGE][PASSED] - Object: 'Object Repository/Login Ecommerce/Login Akun' is clicked on

2023-10-05 15:45:43 - [TEST_STEP][PASSED] - verifyElementPresent(findTestObject("Login Ecommerce/Verifikasi Halaman Login Akun"), 0): Object 'Object Repository/Login Ecommerce/Verifikasi Halaman Login Akun' is present

2023-10-05 15:45:43 - [MESSAGE][WARNING] - Timeout '0' is invalid. Using default page load timeout: '30'

2023-10-05 15:45:44 - [MESSAGE][PASSED] - Object 'Object Repository/Login Ecommerce/Verifikasi Halaman Login Akun' is present

2023-10-05 15:45:44 - [TEST_STEP][PASSED] - setText(findTestObject("Login Ecommerce/Input Username"), "riswandha"): Text 'riswandha' is set on object 'Object Repository/Login Ecommerce/Input Username'

2023-10-05 15:45:45 - [MESSAGE][PASSED] - Text 'riswandha' is set on object 'Object Repository/Login Ecommerce/Input Username'

2023-10-05 15:45:45 - [TEST_STEP][PASSED] - setEncryptedText(findTestObject("Login Ecommerce/Input Password"), "iGDxf8hSRT4="): Text ****** has been set on object 'Object Repository/Login Ecommerce/Input Password'

2023-10-05 15:45:45 - [MESSAGE][PASSED] - Text ****** has been set on object 'Object Repository/Login Ecommerce/Input Password'

2023-10-05 15:45:45 - [TEST_STEP][PASSED] - click(findTestObject("Login Ecommerce/Button Masuk")): Object: 'Object Repository/Login Ecommerce/Button Masuk' is clicked on

2023-10-05 15:45:46 - [MESSAGE][PASSED] - Object: 'Object Repository/Login Ecommerce/Button Masuk' is clicked on

2023-10-05 15:45:46 - [TEST_STEP][PASSED] - verifyElementPresent(findTestObject("Login Ecommerce/Verifikasi Login Akun"), 0): Object 'Object Repository/Login Ecommerce/Verifikasi Login Akun' is present

2023-10-05 15:45:46 - [MESSAGE][WARNING] - Timeout '0' is invalid. Using default page load timeout: '30'

2023-10-05 15:45:47 - [MESSAGE][PASSED] - Object 'Object Repository/Login Ecommerce/Verifikasi Login Akun' is present

2023-10-05 15:45:47 - [MESSAGE][PASSED] - Call Test Case 'Test Cases/Login Ecommerce/TC-Login Ecomerce-001' successfully

2023-10-05 15:45:47 - [TEST_STEP][PASSED] - mouseOver(findTestObject("Product Ecommerce/Button Menu toko")): Object: 'Object Repository/Product Ecommerce/Button Menu toko' is hovered

2023-10-05 15:45:47 - [MESSAGE][PASSED] - Object: 'Object Repository/Product Ecommerce/Button Menu toko' is hovered

2023-10-05 15:45:47 - [TEST_STEP][PASSED] - click(findTestObject("Product Ecommerce/Button Daftar Produk")): Object: 'Object Repository/Product Ecommerce/Button Daftar Produk' is clicked on

2023-10-05 15:45:48 - [MESSAGE][PASSED] - Object: 'Object Repository/Product Ecommerce/Button Daftar Produk' is clicked on

2023-10-05 15:45:48 - [TEST_STEP][PASSED] - verifyElementPresent(findTestObject("Product Ecommerce/Verifikasi Halaman Product Anda"), 0): Object 'Object Repository/Product Ecommerce/Verifikasi Halaman Product Anda' is present

2023-10-05 15:45:48 - [MESSAGE][WARNING] - Timeout '0' is invalid. Using default page load timeout: '30'

2023-10-05 15:45:49 - [MESSAGE][PASSED] - Object 'Object Repository/Product Ecommerce/Verifikasi Halaman Product Anda' is present

2023-10-05 15:45:49 - [MESSAGE][PASSED] - Call Test Case 'Test Cases/Product Ecommerce/TC-PE-001' successfully

2023-10-05 15:45:49 - [TEST_STEP][PASSED] - mouseOver(findTestObject("Product Ecommerce/Image Gambar produk 1")): Object: 'Object Repository/Product Ecommerce/Image Gambar produk 1' is hovered

2023-10-05 15:45:49 - [MESSAGE][PASSED] - Object: 'Object Repository/Product Ecommerce/Image Gambar produk 1' is hovered

2023-10-05 15:45:49 - [TEST_STEP][PASSED] - click(findTestObject("Product Ecommerce/Tambahkan Product/Edit Data")): Object: 'Object Repository/Product Ecommerce/Tambahkan Product/Edit Data' is clicked on

2023-10-05 15:45:50 - [MESSAGE][PASSED] - Object: 'Object Repository/Product Ecommerce/Tambahkan Product/Edit Data' is clicked on

2023-10-05 15:45:50 - [TEST_STEP][PASSED] - verifyElementPresent(findTestObject("Product Ecommerce/Tambahkan Product/Button Update Data"), 0): Object 'Object Repository/Product Ecommerce/Tambahkan Product/Button Update Data' is present

2023-10-05 15:45:50 - [MESSAGE][WARNING] - Timeout '0' is invalid. Using default page load timeout: '30'

2023-10-05 15:45:51 - [MESSAGE][PASSED] - Object 'Object Repository/Product Ecommerce/Tambahkan Product/Button Update Data' is present

2023-10-05 15:45:51 - [TEST_STEP][PASSED] - click(findTestObject("Product Ecommerce/Kupon/Button Buat Product")): Object: 'Object Repository/Product Ecommerce/Kupon/Button Buat Product' is clicked on

2023-10-05 15:45:51 - [MESSAGE][PASSED] - Object: 'Object Repository/Product Ecommerce/Kupon/Button Buat Product' is clicked on

2023-10-05 15:45:51 - [TEST_STEP][PASSED] - verifyElementPresent(findTestObject("Product Ecommerce/Kupon/Verifikasi Halaman Voucher Product"), 0): Object 'Object Repository/Product Ecommerce/Kupon/Verifikasi Halaman Voucher Product' is present

2023-10-05 15:45:51 - [MESSAGE][WARNING] - Timeout '0' is invalid. Using default page load timeout: '30'

2023-10-05 15:45:52 - [MESSAGE][PASSED] - Object 'Object Repository/Product Ecommerce/Kupon/Verifikasi Halaman Voucher Product' is present

2023-10-05 15:45:52 - [TEST_STEP][PASSED] - click(findTestObject("Product Ecommerce/Kupon/Button Simpan")): Object: 'Object Repository/Product Ecommerce/Kupon/Button Simpan' is clicked on

2023-10-05 15:45:52 - [MESSAGE][PASSED] - Object: 'Object Repository/Product Ecommerce/Kupon/Button Simpan' is clicked on

2023-10-05 15:45:52 - [TEST_STEP][PASSED] - driver = getWebDriver(): null

2023-10-05 15:45:52 - [TEST_STEP][PASSED] - field_username_element = driver.findElement(By.xpath("//input[@id="kode_kupon"]")): null

2023-10-05 15:45:53 - [TEST_STEP][PASSED] - accept_button_message = driver.executeScript("return arguments[0].validationMessage", field_username_element): null

2023-10-05 15:45:53 - [TEST_STEP][PASSED] - println(accept_button_message): null

2023-10-05 15:45:53 - [TEST_STEP][FAILED] - assert accept_button_message == "Please fill out this field.": Test Cases/Product Ecommerce/TC-PEN-012 FAILED.
Reason:
Assertion failed: 

assert accept_button_message == "Please fill out this field."
       |                     |
       ""                    false

	at TC-PEN-012.run(TC-PEN-012:51)
	at com.kms.katalon.core.main.ScriptEngine.run(ScriptEngine.java:194)
	at com.kms.katalon.core.main.ScriptEngine.runScriptAsRawText(ScriptEngine.java:119)
	at com.kms.katalon.core.main.TestCaseExecutor.runScript(TestCaseExecutor.java:448)
	at com.kms.katalon.core.main.TestCaseExecutor.doExecute(TestCaseExecutor.java:439)
	at com.kms.katalon.core.main.TestCaseExecutor.processExecutionPhase(TestCaseExecutor.java:418)
	at com.kms.katalon.core.main.TestCaseExecutor.accessMainPhase(TestCaseExecutor.java:410)
	at com.kms.katalon.core.main.TestCaseExecutor.execute(TestCaseExecutor.java:285)
	at com.kms.katalon.core.common.CommonExecutor.accessTestCaseMainPhase(CommonExecutor.java:65)
	at com.kms.katalon.core.main.TestSuiteExecutor.accessTestSuiteMainPhase(TestSuiteExecutor.java:148)
	at com.kms.katalon.core.main.TestSuiteExecutor.execute(TestSuiteExecutor.java:106)
	at com.kms.katalon.core.main.TestCaseMain.startTestSuite(TestCaseMain.java:187)
	at com.kms.katalon.core.main.TestCaseMain$startTestSuite$0.call(Unknown Source)
	at TempTestSuite1696494982531.run(TempTestSuite1696494982531.groovy:36)


2023-10-05 15:45:53 - [MESSAGE][FAILED] - Test Cases/Product Ecommerce/TC-PEN-012 FAILED.
Reason:
Assertion failed: 

assert accept_button_message == "Please fill out this field."
       |                     |
       ""                    false

	at TC-PEN-012.run(TC-PEN-012:51)
	at com.kms.katalon.core.main.ScriptEngine.run(ScriptEngine.java:194)
	at com.kms.katalon.core.main.ScriptEngine.runScriptAsRawText(ScriptEngine.java:119)
	at com.kms.katalon.core.main.TestCaseExecutor.runScript(TestCaseExecutor.java:448)
	at com.kms.katalon.core.main.TestCaseExecutor.doExecute(TestCaseExecutor.java:439)
	at com.kms.katalon.core.main.TestCaseExecutor.processExecutionPhase(TestCaseExecutor.java:418)
	at com.kms.katalon.core.main.TestCaseExecutor.accessMainPhase(TestCaseExecutor.java:410)
	at com.kms.katalon.core.main.TestCaseExecutor.execute(TestCaseExecutor.java:285)
	at com.kms.katalon.core.common.CommonExecutor.accessTestCaseMainPhase(CommonExecutor.java:65)
	at com.kms.katalon.core.main.TestSuiteExecutor.accessTestSuiteMainPhase(TestSuiteExecutor.java:148)
	at com.kms.katalon.core.main.TestSuiteExecutor.execute(TestSuiteExecutor.java:106)
	at com.kms.katalon.core.main.TestCaseMain.startTestSuite(TestCaseMain.java:187)
	at com.kms.katalon.core.main.TestCaseMain$startTestSuite$0.call(Unknown Source)
	at TempTestSuite1696494982531.run(TempTestSuite1696494982531.groovy:36)]]></system-out>
         <system-err><![CDATA[2023-10-05 15:45:36 - [TEST_CASE][FAILED] - Test Cases/Product Ecommerce/TC-PEN-012: Test Cases/Product Ecommerce/TC-PEN-012 FAILED.
Reason:
Assertion failed: 

assert accept_button_message == "Please fill out this field."
       |                     |
       ""                    false

	at TC-PEN-012.run(TC-PEN-012:51)
	at com.kms.katalon.core.main.ScriptEngine.run(ScriptEngine.java:194)
	at com.kms.katalon.core.main.ScriptEngine.runScriptAsRawText(ScriptEngine.java:119)
	at com.kms.katalon.core.main.TestCaseExecutor.runScript(TestCaseExecutor.java:448)
	at com.kms.katalon.core.main.TestCaseExecutor.doExecute(TestCaseExecutor.java:439)
	at com.kms.katalon.core.main.TestCaseExecutor.processExecutionPhase(TestCaseExecutor.java:418)
	at com.kms.katalon.core.main.TestCaseExecutor.accessMainPhase(TestCaseExecutor.java:410)
	at com.kms.katalon.core.main.TestCaseExecutor.execute(TestCaseExecutor.java:285)
	at com.kms.katalon.core.common.CommonExecutor.accessTestCaseMainPhase(CommonExecutor.java:65)
	at com.kms.katalon.core.main.TestSuiteExecutor.accessTestSuiteMainPhase(TestSuiteExecutor.java:148)
	at com.kms.katalon.core.main.TestSuiteExecutor.execute(TestSuiteExecutor.java:106)
	at com.kms.katalon.core.main.TestCaseMain.startTestSuite(TestCaseMain.java:187)
	at com.kms.katalon.core.main.TestCaseMain$startTestSuite$0.call(Unknown Source)
	at TempTestSuite1696494982531.run(TempTestSuite1696494982531.groovy:36)]]></system-err>
      </testcase>
      <testcase name="Test Cases/Product Ecommerce/TC-PEN-013" time="18.353" classname="Test Cases/Product Ecommerce/TC-PEN-013" status="FAILED">
         <failure type="FAILED" message="Test Cases/Product Ecommerce/TC-PEN-013 FAILED.
Reason:
Assertion failed: 

assert accept_button_message == &quot;Code Name Is not valid&quot;
       |                     |
       &quot;&quot;                    false

	at TC-PEN-013.run(TC-PEN-013:56)
	at com.kms.katalon.core.main.ScriptEngine.run(ScriptEngine.java:194)
	at com.kms.katalon.core.main.ScriptEngine.runScriptAsRawText(ScriptEngine.java:119)
	at com.kms.katalon.core.main.TestCaseExecutor.runScript(TestCaseExecutor.java:448)
	at com.kms.katalon.core.main.TestCaseExecutor.doExecute(TestCaseExecutor.java:439)
	at com.kms.katalon.core.main.TestCaseExecutor.processExecutionPhase(TestCaseExecutor.java:418)
	at com.kms.katalon.core.main.TestCaseExecutor.accessMainPhase(TestCaseExecutor.java:410)
	at com.kms.katalon.core.main.TestCaseExecutor.execute(TestCaseExecutor.java:285)
	at com.kms.katalon.core.common.CommonExecutor.accessTestCaseMainPhase(CommonExecutor.java:65)
	at com.kms.katalon.core.main.TestSuiteExecutor.accessTestSuiteMainPhase(TestSuiteExecutor.java:148)
	at com.kms.katalon.core.main.TestSuiteExecutor.execute(TestSuiteExecutor.java:106)
	at com.kms.katalon.core.main.TestCaseMain.startTestSuite(TestCaseMain.java:187)
	at com.kms.katalon.core.main.TestCaseMain$startTestSuite$0.call(Unknown Source)
	at TempTestSuite1696494982531.run(TempTestSuite1696494982531.groovy:36)
"/>
         <system-out><![CDATA[2023-10-05 15:45:53 - [TEST_CASE][FAILED] - Test Cases/Product Ecommerce/TC-PEN-013: Test Cases/Product Ecommerce/TC-PEN-013 FAILED.
Reason:
Assertion failed: 

assert accept_button_message == "Code Name Is not valid"
       |                     |
       ""                    false

	at TC-PEN-013.run(TC-PEN-013:56)
	at com.kms.katalon.core.main.ScriptEngine.run(ScriptEngine.java:194)
	at com.kms.katalon.core.main.ScriptEngine.runScriptAsRawText(ScriptEngine.java:119)
	at com.kms.katalon.core.main.TestCaseExecutor.runScript(TestCaseExecutor.java:448)
	at com.kms.katalon.core.main.TestCaseExecutor.doExecute(TestCaseExecutor.java:439)
	at com.kms.katalon.core.main.TestCaseExecutor.processExecutionPhase(TestCaseExecutor.java:418)
	at com.kms.katalon.core.main.TestCaseExecutor.accessMainPhase(TestCaseExecutor.java:410)
	at com.kms.katalon.core.main.TestCaseExecutor.execute(TestCaseExecutor.java:285)
	at com.kms.katalon.core.common.CommonExecutor.accessTestCaseMainPhase(CommonExecutor.java:65)
	at com.kms.katalon.core.main.TestSuiteExecutor.accessTestSuiteMainPhase(TestSuiteExecutor.java:148)
	at com.kms.katalon.core.main.TestSuiteExecutor.execute(TestSuiteExecutor.java:106)
	at com.kms.katalon.core.main.TestCaseMain.startTestSuite(TestCaseMain.java:187)
	at com.kms.katalon.core.main.TestCaseMain$startTestSuite$0.call(Unknown Source)
	at TempTestSuite1696494982531.run(TempTestSuite1696494982531.groovy:36)


2023-10-05 15:45:53 - [TEST_STEP][PASSED] - callTestCase(findTestCase("Product Ecommerce/TC-PE-001"), [:], STOP_ON_FAILURE): Call Test Case 'Test Cases/Product Ecommerce/TC-PE-001' successfully

2023-10-05 15:45:53 - [TEST_CASE][PASSED] - Test Cases/Product Ecommerce/TC-PE-001: Test Cases/Product Ecommerce/TC-PE-001

2023-10-05 15:45:53 - [TEST_STEP][PASSED] - callTestCase(findTestCase("Login Ecommerce/TC-Login Ecomerce-001"), [:], STOP_ON_FAILURE): Call Test Case 'Test Cases/Login Ecommerce/TC-Login Ecomerce-001' successfully

2023-10-05 15:45:53 - [TEST_CASE][PASSED] - Test Cases/Login Ecommerce/TC-Login Ecomerce-001: Test Cases/Login Ecommerce/TC-Login Ecomerce-001

2023-10-05 15:45:53 - [TEST_STEP][PASSED] - openBrowser(userTajalapak): Browser is opened with url: 'https://10.9.2.63/ecommerce/'

2023-10-05 15:45:53 - [MESSAGE][WARNING] - A browser is already opened. Closing browser and opening a new one

2023-10-05 15:45:54 - [MESSAGE][INFO] - Starting 'Edge Chromium' driver

2023-10-05 15:45:54 - [MESSAGE][INFO] - User set preference: ['acceptInsecureCerts', 'true']

2023-10-05 15:45:56 - [MESSAGE][INFO] - Action delay is set to 0 milliseconds

2023-10-05 15:45:59 - [MESSAGE][PASSED] - Browser is opened with url: 'https://10.9.2.63/ecommerce/'

2023-10-05 15:45:59 - [TEST_STEP][PASSED] - maximizeWindow(): Current window maximized

2023-10-05 15:45:59 - [MESSAGE][PASSED] - Current window maximized

2023-10-05 15:45:59 - [TEST_STEP][PASSED] - verifyElementPresent(findTestObject("Login Ecommerce/Verifikasi Halaman Login Akun"), 0): Object 'Object Repository/Login Ecommerce/Verifikasi Halaman Login Akun' is present

2023-10-05 15:45:59 - [MESSAGE][WARNING] - Timeout '0' is invalid. Using default page load timeout: '30'

2023-10-05 15:46:00 - [MESSAGE][PASSED] - Object 'Object Repository/Login Ecommerce/Verifikasi Halaman Login Akun' is present

2023-10-05 15:46:00 - [TEST_STEP][PASSED] - click(findTestObject("Login Ecommerce/Login Akun")): Object: 'Object Repository/Login Ecommerce/Login Akun' is clicked on

2023-10-05 15:46:00 - [MESSAGE][PASSED] - Object: 'Object Repository/Login Ecommerce/Login Akun' is clicked on

2023-10-05 15:46:00 - [TEST_STEP][PASSED] - verifyElementPresent(findTestObject("Login Ecommerce/Verifikasi Halaman Login Akun"), 0): Object 'Object Repository/Login Ecommerce/Verifikasi Halaman Login Akun' is present

2023-10-05 15:46:00 - [MESSAGE][WARNING] - Timeout '0' is invalid. Using default page load timeout: '30'

2023-10-05 15:46:01 - [MESSAGE][PASSED] - Object 'Object Repository/Login Ecommerce/Verifikasi Halaman Login Akun' is present

2023-10-05 15:46:01 - [TEST_STEP][PASSED] - setText(findTestObject("Login Ecommerce/Input Username"), "riswandha"): Text 'riswandha' is set on object 'Object Repository/Login Ecommerce/Input Username'

2023-10-05 15:46:02 - [MESSAGE][PASSED] - Text 'riswandha' is set on object 'Object Repository/Login Ecommerce/Input Username'

2023-10-05 15:46:02 - [TEST_STEP][PASSED] - setEncryptedText(findTestObject("Login Ecommerce/Input Password"), "iGDxf8hSRT4="): Text ****** has been set on object 'Object Repository/Login Ecommerce/Input Password'

2023-10-05 15:46:02 - [MESSAGE][PASSED] - Text ****** has been set on object 'Object Repository/Login Ecommerce/Input Password'

2023-10-05 15:46:02 - [TEST_STEP][PASSED] - click(findTestObject("Login Ecommerce/Button Masuk")): Object: 'Object Repository/Login Ecommerce/Button Masuk' is clicked on

2023-10-05 15:46:03 - [MESSAGE][PASSED] - Object: 'Object Repository/Login Ecommerce/Button Masuk' is clicked on

2023-10-05 15:46:03 - [TEST_STEP][PASSED] - verifyElementPresent(findTestObject("Login Ecommerce/Verifikasi Login Akun"), 0): Object 'Object Repository/Login Ecommerce/Verifikasi Login Akun' is present

2023-10-05 15:46:03 - [MESSAGE][WARNING] - Timeout '0' is invalid. Using default page load timeout: '30'

2023-10-05 15:46:04 - [MESSAGE][PASSED] - Object 'Object Repository/Login Ecommerce/Verifikasi Login Akun' is present

2023-10-05 15:46:04 - [MESSAGE][PASSED] - Call Test Case 'Test Cases/Login Ecommerce/TC-Login Ecomerce-001' successfully

2023-10-05 15:46:04 - [TEST_STEP][PASSED] - mouseOver(findTestObject("Product Ecommerce/Button Menu toko")): Object: 'Object Repository/Product Ecommerce/Button Menu toko' is hovered

2023-10-05 15:46:04 - [MESSAGE][PASSED] - Object: 'Object Repository/Product Ecommerce/Button Menu toko' is hovered

2023-10-05 15:46:04 - [TEST_STEP][PASSED] - click(findTestObject("Product Ecommerce/Button Daftar Produk")): Object: 'Object Repository/Product Ecommerce/Button Daftar Produk' is clicked on

2023-10-05 15:46:05 - [MESSAGE][PASSED] - Object: 'Object Repository/Product Ecommerce/Button Daftar Produk' is clicked on

2023-10-05 15:46:05 - [TEST_STEP][PASSED] - verifyElementPresent(findTestObject("Product Ecommerce/Verifikasi Halaman Product Anda"), 0): Object 'Object Repository/Product Ecommerce/Verifikasi Halaman Product Anda' is present

2023-10-05 15:46:05 - [MESSAGE][WARNING] - Timeout '0' is invalid. Using default page load timeout: '30'

2023-10-05 15:46:06 - [MESSAGE][PASSED] - Object 'Object Repository/Product Ecommerce/Verifikasi Halaman Product Anda' is present

2023-10-05 15:46:06 - [MESSAGE][PASSED] - Call Test Case 'Test Cases/Product Ecommerce/TC-PE-001' successfully

2023-10-05 15:46:06 - [TEST_STEP][PASSED] - mouseOver(findTestObject("Product Ecommerce/Image Gambar produk 1")): Object: 'Object Repository/Product Ecommerce/Image Gambar produk 1' is hovered

2023-10-05 15:46:06 - [MESSAGE][PASSED] - Object: 'Object Repository/Product Ecommerce/Image Gambar produk 1' is hovered

2023-10-05 15:46:06 - [TEST_STEP][PASSED] - click(findTestObject("Product Ecommerce/Tambahkan Product/Edit Data")): Object: 'Object Repository/Product Ecommerce/Tambahkan Product/Edit Data' is clicked on

2023-10-05 15:46:07 - [MESSAGE][PASSED] - Object: 'Object Repository/Product Ecommerce/Tambahkan Product/Edit Data' is clicked on

2023-10-05 15:46:07 - [TEST_STEP][PASSED] - verifyElementPresent(findTestObject("Product Ecommerce/Tambahkan Product/Button Update Data"), 0): Object 'Object Repository/Product Ecommerce/Tambahkan Product/Button Update Data' is present

2023-10-05 15:46:07 - [MESSAGE][WARNING] - Timeout '0' is invalid. Using default page load timeout: '30'

2023-10-05 15:46:08 - [MESSAGE][PASSED] - Object 'Object Repository/Product Ecommerce/Tambahkan Product/Button Update Data' is present

2023-10-05 15:46:08 - [TEST_STEP][PASSED] - click(findTestObject("Product Ecommerce/Kupon/Button Buat Product")): Object: 'Object Repository/Product Ecommerce/Kupon/Button Buat Product' is clicked on

2023-10-05 15:46:08 - [MESSAGE][PASSED] - Object: 'Object Repository/Product Ecommerce/Kupon/Button Buat Product' is clicked on

2023-10-05 15:46:08 - [TEST_STEP][PASSED] - verifyElementPresent(findTestObject("Product Ecommerce/Kupon/Verifikasi Halaman Voucher Product"), 0): Object 'Object Repository/Product Ecommerce/Kupon/Verifikasi Halaman Voucher Product' is present

2023-10-05 15:46:08 - [MESSAGE][WARNING] - Timeout '0' is invalid. Using default page load timeout: '30'

2023-10-05 15:46:09 - [MESSAGE][PASSED] - Object 'Object Repository/Product Ecommerce/Kupon/Verifikasi Halaman Voucher Product' is present

2023-10-05 15:46:09 - [TEST_STEP][PASSED] - click(findTestObject("Product Ecommerce/Kupon/Button Edit Voucher")): Object: 'Object Repository/Product Ecommerce/Kupon/Button Edit Voucher' is clicked on

2023-10-05 15:46:09 - [MESSAGE][PASSED] - Object: 'Object Repository/Product Ecommerce/Kupon/Button Edit Voucher' is clicked on

2023-10-05 15:46:09 - [TEST_STEP][PASSED] - setText(findTestObject("Product Ecommerce/Kupon/Input Kode Kupon"), "~!@#$%^&*()"): Text '~!@#$%^&*()' is set on object 'Object Repository/Product Ecommerce/Kupon/Input Kode Kupon'

2023-10-05 15:46:10 - [MESSAGE][PASSED] - Text '~!@#$%^&*()' is set on object 'Object Repository/Product Ecommerce/Kupon/Input Kode Kupon'

2023-10-05 15:46:10 - [TEST_STEP][PASSED] - click(findTestObject("Product Ecommerce/Kupon/Button Simpan")): Object: 'Object Repository/Product Ecommerce/Kupon/Button Simpan' is clicked on

2023-10-05 15:46:10 - [MESSAGE][PASSED] - Object: 'Object Repository/Product Ecommerce/Kupon/Button Simpan' is clicked on

2023-10-05 15:46:10 - [TEST_STEP][PASSED] - driver = getWebDriver(): null

2023-10-05 15:46:10 - [TEST_STEP][PASSED] - field_username_element = driver.findElement(By.xpath("//input[@id="kode_kupon"]")): null

2023-10-05 15:46:11 - [TEST_STEP][PASSED] - accept_button_message = driver.executeScript("return arguments[0].validationMessage", field_username_element): null

2023-10-05 15:46:11 - [TEST_STEP][PASSED] - println(accept_button_message): null

2023-10-05 15:46:11 - [TEST_STEP][FAILED] - assert accept_button_message == "Code Name Is not valid": Test Cases/Product Ecommerce/TC-PEN-013 FAILED.
Reason:
Assertion failed: 

assert accept_button_message == "Code Name Is not valid"
       |                     |
       ""                    false

	at TC-PEN-013.run(TC-PEN-013:56)
	at com.kms.katalon.core.main.ScriptEngine.run(ScriptEngine.java:194)
	at com.kms.katalon.core.main.ScriptEngine.runScriptAsRawText(ScriptEngine.java:119)
	at com.kms.katalon.core.main.TestCaseExecutor.runScript(TestCaseExecutor.java:448)
	at com.kms.katalon.core.main.TestCaseExecutor.doExecute(TestCaseExecutor.java:439)
	at com.kms.katalon.core.main.TestCaseExecutor.processExecutionPhase(TestCaseExecutor.java:418)
	at com.kms.katalon.core.main.TestCaseExecutor.accessMainPhase(TestCaseExecutor.java:410)
	at com.kms.katalon.core.main.TestCaseExecutor.execute(TestCaseExecutor.java:285)
	at com.kms.katalon.core.common.CommonExecutor.accessTestCaseMainPhase(CommonExecutor.java:65)
	at com.kms.katalon.core.main.TestSuiteExecutor.accessTestSuiteMainPhase(TestSuiteExecutor.java:148)
	at com.kms.katalon.core.main.TestSuiteExecutor.execute(TestSuiteExecutor.java:106)
	at com.kms.katalon.core.main.TestCaseMain.startTestSuite(TestCaseMain.java:187)
	at com.kms.katalon.core.main.TestCaseMain$startTestSuite$0.call(Unknown Source)
	at TempTestSuite1696494982531.run(TempTestSuite1696494982531.groovy:36)


2023-10-05 15:46:11 - [MESSAGE][FAILED] - Test Cases/Product Ecommerce/TC-PEN-013 FAILED.
Reason:
Assertion failed: 

assert accept_button_message == "Code Name Is not valid"
       |                     |
       ""                    false

	at TC-PEN-013.run(TC-PEN-013:56)
	at com.kms.katalon.core.main.ScriptEngine.run(ScriptEngine.java:194)
	at com.kms.katalon.core.main.ScriptEngine.runScriptAsRawText(ScriptEngine.java:119)
	at com.kms.katalon.core.main.TestCaseExecutor.runScript(TestCaseExecutor.java:448)
	at com.kms.katalon.core.main.TestCaseExecutor.doExecute(TestCaseExecutor.java:439)
	at com.kms.katalon.core.main.TestCaseExecutor.processExecutionPhase(TestCaseExecutor.java:418)
	at com.kms.katalon.core.main.TestCaseExecutor.accessMainPhase(TestCaseExecutor.java:410)
	at com.kms.katalon.core.main.TestCaseExecutor.execute(TestCaseExecutor.java:285)
	at com.kms.katalon.core.common.CommonExecutor.accessTestCaseMainPhase(CommonExecutor.java:65)
	at com.kms.katalon.core.main.TestSuiteExecutor.accessTestSuiteMainPhase(TestSuiteExecutor.java:148)
	at com.kms.katalon.core.main.TestSuiteExecutor.execute(TestSuiteExecutor.java:106)
	at com.kms.katalon.core.main.TestCaseMain.startTestSuite(TestCaseMain.java:187)
	at com.kms.katalon.core.main.TestCaseMain$startTestSuite$0.call(Unknown Source)
	at TempTestSuite1696494982531.run(TempTestSuite1696494982531.groovy:36)]]></system-out>
         <system-err><![CDATA[2023-10-05 15:45:53 - [TEST_CASE][FAILED] - Test Cases/Product Ecommerce/TC-PEN-013: Test Cases/Product Ecommerce/TC-PEN-013 FAILED.
Reason:
Assertion failed: 

assert accept_button_message == "Code Name Is not valid"
       |                     |
       ""                    false

	at TC-PEN-013.run(TC-PEN-013:56)
	at com.kms.katalon.core.main.ScriptEngine.run(ScriptEngine.java:194)
	at com.kms.katalon.core.main.ScriptEngine.runScriptAsRawText(ScriptEngine.java:119)
	at com.kms.katalon.core.main.TestCaseExecutor.runScript(TestCaseExecutor.java:448)
	at com.kms.katalon.core.main.TestCaseExecutor.doExecute(TestCaseExecutor.java:439)
	at com.kms.katalon.core.main.TestCaseExecutor.processExecutionPhase(TestCaseExecutor.java:418)
	at com.kms.katalon.core.main.TestCaseExecutor.accessMainPhase(TestCaseExecutor.java:410)
	at com.kms.katalon.core.main.TestCaseExecutor.execute(TestCaseExecutor.java:285)
	at com.kms.katalon.core.common.CommonExecutor.accessTestCaseMainPhase(CommonExecutor.java:65)
	at com.kms.katalon.core.main.TestSuiteExecutor.accessTestSuiteMainPhase(TestSuiteExecutor.java:148)
	at com.kms.katalon.core.main.TestSuiteExecutor.execute(TestSuiteExecutor.java:106)
	at com.kms.katalon.core.main.TestCaseMain.startTestSuite(TestCaseMain.java:187)
	at com.kms.katalon.core.main.TestCaseMain$startTestSuite$0.call(Unknown Source)
	at TempTestSuite1696494982531.run(TempTestSuite1696494982531.groovy:36)]]></system-err>
      </testcase>
      <testcase name="Test Cases/Product Ecommerce/TC-PEN-014" time="22.437" classname="Test Cases/Product Ecommerce/TC-PEN-014" status="FAILED">
         <failure type="FAILED" message="Test Cases/Product Ecommerce/TC-PEN-014 FAILED.
Reason:
com.kms.katalon.core.exception.StepFailedException: Unable to get alert text
	at com.kms.katalon.core.webui.keyword.internal.WebUIKeywordMain.stepFailed(WebUIKeywordMain.groovy:64)
	at com.kms.katalon.core.webui.keyword.internal.WebUIKeywordMain.runKeyword(WebUIKeywordMain.groovy:26)
	at com.kms.katalon.core.webui.keyword.builtin.GetAlertTextKeyword.getAlertText(GetAlertTextKeyword.groovy:71)
	at com.kms.katalon.core.webui.keyword.builtin.GetAlertTextKeyword.execute(GetAlertTextKeyword.groovy:66)
	at com.kms.katalon.core.keyword.internal.KeywordExecutor.executeKeywordForPlatform(KeywordExecutor.groovy:74)
	at com.kms.katalon.core.webui.keyword.WebUiBuiltInKeywords.getAlertText(WebUiBuiltInKeywords.groovy:1576)
	at com.kms.katalon.core.webui.keyword.WebUiBuiltInKeywords$getAlertText$15.call(Unknown Source)
	at TC-PEN-014.run(TC-PEN-014:46)
	at com.kms.katalon.core.main.ScriptEngine.run(ScriptEngine.java:194)
	at com.kms.katalon.core.main.ScriptEngine.runScriptAsRawText(ScriptEngine.java:119)
	at com.kms.katalon.core.main.TestCaseExecutor.runScript(TestCaseExecutor.java:448)
	at com.kms.katalon.core.main.TestCaseExecutor.doExecute(TestCaseExecutor.java:439)
	at com.kms.katalon.core.main.TestCaseExecutor.processExecutionPhase(TestCaseExecutor.java:418)
	at com.kms.katalon.core.main.TestCaseExecutor.accessMainPhase(TestCaseExecutor.java:410)
	at com.kms.katalon.core.main.TestCaseExecutor.execute(TestCaseExecutor.java:285)
	at com.kms.katalon.core.common.CommonExecutor.accessTestCaseMainPhase(CommonExecutor.java:65)
	at com.kms.katalon.core.main.TestSuiteExecutor.accessTestSuiteMainPhase(TestSuiteExecutor.java:148)
	at com.kms.katalon.core.main.TestSuiteExecutor.execute(TestSuiteExecutor.java:106)
	at com.kms.katalon.core.main.TestCaseMain.startTestSuite(TestCaseMain.java:187)
	at com.kms.katalon.core.main.TestCaseMain$startTestSuite$0.call(Unknown Source)
	at TempTestSuite1696494982531.run(TempTestSuite1696494982531.groovy:36)
Caused by: com.kms.katalon.core.exception.StepFailedException: No alert found
	at com.kms.katalon.core.webui.keyword.internal.WebUIKeywordMain.stepFailed(WebUIKeywordMain.groovy:64)
	at com.kms.katalon.core.webui.keyword.builtin.GetAlertTextKeyword$_getAlertText_closure1.doCall(GetAlertTextKeyword.groovy:79)
	at com.kms.katalon.core.webui.keyword.builtin.GetAlertTextKeyword$_getAlertText_closure1.call(GetAlertTextKeyword.groovy)
	at com.kms.katalon.core.webui.keyword.internal.WebUIKeywordMain.runKeyword(WebUIKeywordMain.groovy:20)
	... 19 more
"/>
         <system-out><![CDATA[2023-10-05 15:46:11 - [TEST_CASE][FAILED] - Test Cases/Product Ecommerce/TC-PEN-014: Test Cases/Product Ecommerce/TC-PEN-014 FAILED.
Reason:
com.kms.katalon.core.exception.StepFailedException: Unable to get alert text
	at com.kms.katalon.core.webui.keyword.internal.WebUIKeywordMain.stepFailed(WebUIKeywordMain.groovy:64)
	at com.kms.katalon.core.webui.keyword.internal.WebUIKeywordMain.runKeyword(WebUIKeywordMain.groovy:26)
	at com.kms.katalon.core.webui.keyword.builtin.GetAlertTextKeyword.getAlertText(GetAlertTextKeyword.groovy:71)
	at com.kms.katalon.core.webui.keyword.builtin.GetAlertTextKeyword.execute(GetAlertTextKeyword.groovy:66)
	at com.kms.katalon.core.keyword.internal.KeywordExecutor.executeKeywordForPlatform(KeywordExecutor.groovy:74)
	at com.kms.katalon.core.webui.keyword.WebUiBuiltInKeywords.getAlertText(WebUiBuiltInKeywords.groovy:1576)
	at com.kms.katalon.core.webui.keyword.WebUiBuiltInKeywords$getAlertText$15.call(Unknown Source)
	at TC-PEN-014.run(TC-PEN-014:46)
	at com.kms.katalon.core.main.ScriptEngine.run(ScriptEngine.java:194)
	at com.kms.katalon.core.main.ScriptEngine.runScriptAsRawText(ScriptEngine.java:119)
	at com.kms.katalon.core.main.TestCaseExecutor.runScript(TestCaseExecutor.java:448)
	at com.kms.katalon.core.main.TestCaseExecutor.doExecute(TestCaseExecutor.java:439)
	at com.kms.katalon.core.main.TestCaseExecutor.processExecutionPhase(TestCaseExecutor.java:418)
	at com.kms.katalon.core.main.TestCaseExecutor.accessMainPhase(TestCaseExecutor.java:410)
	at com.kms.katalon.core.main.TestCaseExecutor.execute(TestCaseExecutor.java:285)
	at com.kms.katalon.core.common.CommonExecutor.accessTestCaseMainPhase(CommonExecutor.java:65)
	at com.kms.katalon.core.main.TestSuiteExecutor.accessTestSuiteMainPhase(TestSuiteExecutor.java:148)
	at com.kms.katalon.core.main.TestSuiteExecutor.execute(TestSuiteExecutor.java:106)
	at com.kms.katalon.core.main.TestCaseMain.startTestSuite(TestCaseMain.java:187)
	at com.kms.katalon.core.main.TestCaseMain$startTestSuite$0.call(Unknown Source)
	at TempTestSuite1696494982531.run(TempTestSuite1696494982531.groovy:36)
Caused by: com.kms.katalon.core.exception.StepFailedException: No alert found
	at com.kms.katalon.core.webui.keyword.internal.WebUIKeywordMain.stepFailed(WebUIKeywordMain.groovy:64)
	at com.kms.katalon.core.webui.keyword.builtin.GetAlertTextKeyword$_getAlertText_closure1.doCall(GetAlertTextKeyword.groovy:79)
	at com.kms.katalon.core.webui.keyword.builtin.GetAlertTextKeyword$_getAlertText_closure1.call(GetAlertTextKeyword.groovy)
	at com.kms.katalon.core.webui.keyword.internal.WebUIKeywordMain.runKeyword(WebUIKeywordMain.groovy:20)
	... 19 more


2023-10-05 15:46:11 - [TEST_STEP][PASSED] - callTestCase(findTestCase("Product Ecommerce/TC-PE-001"), [:], STOP_ON_FAILURE): Call Test Case 'Test Cases/Product Ecommerce/TC-PE-001' successfully

2023-10-05 15:46:11 - [TEST_CASE][PASSED] - Test Cases/Product Ecommerce/TC-PE-001: Test Cases/Product Ecommerce/TC-PE-001

2023-10-05 15:46:11 - [TEST_STEP][PASSED] - callTestCase(findTestCase("Login Ecommerce/TC-Login Ecomerce-001"), [:], STOP_ON_FAILURE): Call Test Case 'Test Cases/Login Ecommerce/TC-Login Ecomerce-001' successfully

2023-10-05 15:46:11 - [TEST_CASE][PASSED] - Test Cases/Login Ecommerce/TC-Login Ecomerce-001: Test Cases/Login Ecommerce/TC-Login Ecomerce-001

2023-10-05 15:46:11 - [TEST_STEP][PASSED] - openBrowser(userTajalapak): Browser is opened with url: 'https://10.9.2.63/ecommerce/'

2023-10-05 15:46:11 - [MESSAGE][WARNING] - A browser is already opened. Closing browser and opening a new one

2023-10-05 15:46:12 - [MESSAGE][INFO] - Starting 'Edge Chromium' driver

2023-10-05 15:46:12 - [MESSAGE][INFO] - User set preference: ['acceptInsecureCerts', 'true']

2023-10-05 15:46:14 - [MESSAGE][INFO] - Action delay is set to 0 milliseconds

2023-10-05 15:46:17 - [MESSAGE][PASSED] - Browser is opened with url: 'https://10.9.2.63/ecommerce/'

2023-10-05 15:46:17 - [TEST_STEP][PASSED] - maximizeWindow(): Current window maximized

2023-10-05 15:46:18 - [MESSAGE][PASSED] - Current window maximized

2023-10-05 15:46:18 - [TEST_STEP][PASSED] - verifyElementPresent(findTestObject("Login Ecommerce/Verifikasi Halaman Login Akun"), 0): Object 'Object Repository/Login Ecommerce/Verifikasi Halaman Login Akun' is present

2023-10-05 15:46:18 - [MESSAGE][WARNING] - Timeout '0' is invalid. Using default page load timeout: '30'

2023-10-05 15:46:18 - [MESSAGE][PASSED] - Object 'Object Repository/Login Ecommerce/Verifikasi Halaman Login Akun' is present

2023-10-05 15:46:18 - [TEST_STEP][PASSED] - click(findTestObject("Login Ecommerce/Login Akun")): Object: 'Object Repository/Login Ecommerce/Login Akun' is clicked on

2023-10-05 15:46:19 - [MESSAGE][PASSED] - Object: 'Object Repository/Login Ecommerce/Login Akun' is clicked on

2023-10-05 15:46:19 - [TEST_STEP][PASSED] - verifyElementPresent(findTestObject("Login Ecommerce/Verifikasi Halaman Login Akun"), 0): Object 'Object Repository/Login Ecommerce/Verifikasi Halaman Login Akun' is present

2023-10-05 15:46:19 - [MESSAGE][WARNING] - Timeout '0' is invalid. Using default page load timeout: '30'

2023-10-05 15:46:19 - [MESSAGE][PASSED] - Object 'Object Repository/Login Ecommerce/Verifikasi Halaman Login Akun' is present

2023-10-05 15:46:19 - [TEST_STEP][PASSED] - setText(findTestObject("Login Ecommerce/Input Username"), "riswandha"): Text 'riswandha' is set on object 'Object Repository/Login Ecommerce/Input Username'

2023-10-05 15:46:20 - [MESSAGE][PASSED] - Text 'riswandha' is set on object 'Object Repository/Login Ecommerce/Input Username'

2023-10-05 15:46:20 - [TEST_STEP][PASSED] - setEncryptedText(findTestObject("Login Ecommerce/Input Password"), "iGDxf8hSRT4="): Text ****** has been set on object 'Object Repository/Login Ecommerce/Input Password'

2023-10-05 15:46:21 - [MESSAGE][PASSED] - Text ****** has been set on object 'Object Repository/Login Ecommerce/Input Password'

2023-10-05 15:46:21 - [TEST_STEP][PASSED] - click(findTestObject("Login Ecommerce/Button Masuk")): Object: 'Object Repository/Login Ecommerce/Button Masuk' is clicked on

2023-10-05 15:46:21 - [MESSAGE][PASSED] - Object: 'Object Repository/Login Ecommerce/Button Masuk' is clicked on

2023-10-05 15:46:21 - [TEST_STEP][PASSED] - verifyElementPresent(findTestObject("Login Ecommerce/Verifikasi Login Akun"), 0): Object 'Object Repository/Login Ecommerce/Verifikasi Login Akun' is present

2023-10-05 15:46:21 - [MESSAGE][WARNING] - Timeout '0' is invalid. Using default page load timeout: '30'

2023-10-05 15:46:22 - [MESSAGE][PASSED] - Object 'Object Repository/Login Ecommerce/Verifikasi Login Akun' is present

2023-10-05 15:46:22 - [MESSAGE][PASSED] - Call Test Case 'Test Cases/Login Ecommerce/TC-Login Ecomerce-001' successfully

2023-10-05 15:46:22 - [TEST_STEP][PASSED] - mouseOver(findTestObject("Product Ecommerce/Button Menu toko")): Object: 'Object Repository/Product Ecommerce/Button Menu toko' is hovered

2023-10-05 15:46:23 - [MESSAGE][PASSED] - Object: 'Object Repository/Product Ecommerce/Button Menu toko' is hovered

2023-10-05 15:46:23 - [TEST_STEP][PASSED] - click(findTestObject("Product Ecommerce/Button Daftar Produk")): Object: 'Object Repository/Product Ecommerce/Button Daftar Produk' is clicked on

2023-10-05 15:46:23 - [MESSAGE][PASSED] - Object: 'Object Repository/Product Ecommerce/Button Daftar Produk' is clicked on

2023-10-05 15:46:23 - [TEST_STEP][PASSED] - verifyElementPresent(findTestObject("Product Ecommerce/Verifikasi Halaman Product Anda"), 0): Object 'Object Repository/Product Ecommerce/Verifikasi Halaman Product Anda' is present

2023-10-05 15:46:23 - [MESSAGE][WARNING] - Timeout '0' is invalid. Using default page load timeout: '30'

2023-10-05 15:46:24 - [MESSAGE][PASSED] - Object 'Object Repository/Product Ecommerce/Verifikasi Halaman Product Anda' is present

2023-10-05 15:46:24 - [MESSAGE][PASSED] - Call Test Case 'Test Cases/Product Ecommerce/TC-PE-001' successfully

2023-10-05 15:46:24 - [TEST_STEP][PASSED] - mouseOver(findTestObject("Product Ecommerce/Image Gambar produk 1")): Object: 'Object Repository/Product Ecommerce/Image Gambar produk 1' is hovered

2023-10-05 15:46:24 - [MESSAGE][PASSED] - Object: 'Object Repository/Product Ecommerce/Image Gambar produk 1' is hovered

2023-10-05 15:46:24 - [TEST_STEP][PASSED] - click(findTestObject("Product Ecommerce/Tambahkan Product/Edit Data")): Object: 'Object Repository/Product Ecommerce/Tambahkan Product/Edit Data' is clicked on

2023-10-05 15:46:25 - [MESSAGE][PASSED] - Object: 'Object Repository/Product Ecommerce/Tambahkan Product/Edit Data' is clicked on

2023-10-05 15:46:25 - [TEST_STEP][PASSED] - verifyElementPresent(findTestObject("Product Ecommerce/Tambahkan Product/Button Update Data"), 0): Object 'Object Repository/Product Ecommerce/Tambahkan Product/Button Update Data' is present

2023-10-05 15:46:25 - [MESSAGE][WARNING] - Timeout '0' is invalid. Using default page load timeout: '30'

2023-10-05 15:46:26 - [MESSAGE][PASSED] - Object 'Object Repository/Product Ecommerce/Tambahkan Product/Button Update Data' is present

2023-10-05 15:46:26 - [TEST_STEP][PASSED] - click(findTestObject("Product Ecommerce/Kupon/Button Buat Product")): Object: 'Object Repository/Product Ecommerce/Kupon/Button Buat Product' is clicked on

2023-10-05 15:46:26 - [MESSAGE][PASSED] - Object: 'Object Repository/Product Ecommerce/Kupon/Button Buat Product' is clicked on

2023-10-05 15:46:26 - [TEST_STEP][PASSED] - verifyElementPresent(findTestObject("Product Ecommerce/Kupon/Verifikasi Halaman Voucher Product"), 0): Object 'Object Repository/Product Ecommerce/Kupon/Verifikasi Halaman Voucher Product' is present

2023-10-05 15:46:26 - [MESSAGE][WARNING] - Timeout '0' is invalid. Using default page load timeout: '30'

2023-10-05 15:46:27 - [MESSAGE][PASSED] - Object 'Object Repository/Product Ecommerce/Kupon/Verifikasi Halaman Voucher Product' is present

2023-10-05 15:46:27 - [TEST_STEP][PASSED] - click(findTestObject("Product Ecommerce/Kupon/Button Edit Voucher")): Object: 'Object Repository/Product Ecommerce/Kupon/Button Edit Voucher' is clicked on

2023-10-05 15:46:27 - [MESSAGE][PASSED] - Object: 'Object Repository/Product Ecommerce/Kupon/Button Edit Voucher' is clicked on

2023-10-05 15:46:27 - [TEST_STEP][PASSED] - setText(findTestObject("Product Ecommerce/Kupon/Input Kode Kupon"), " "): Text ' ' is set on object 'Object Repository/Product Ecommerce/Kupon/Input Kode Kupon'

2023-10-05 15:46:28 - [MESSAGE][PASSED] - Text ' ' is set on object 'Object Repository/Product Ecommerce/Kupon/Input Kode Kupon'

2023-10-05 15:46:28 - [TEST_STEP][PASSED] - click(findTestObject("Product Ecommerce/Kupon/Button Simpan")): Object: 'Object Repository/Product Ecommerce/Kupon/Button Simpan' is clicked on

2023-10-05 15:46:28 - [MESSAGE][PASSED] - Object: 'Object Repository/Product Ecommerce/Kupon/Button Simpan' is clicked on

2023-10-05 15:46:28 - [TEST_STEP][PASSED] - delay(5): Delayed 5 second(s)

2023-10-05 15:46:33 - [MESSAGE][PASSED] - Delayed 5 second(s)

2023-10-05 15:46:33 - [TEST_STEP][FAILED] - notif = getAlertText(): Unable to get alert text (Root cause: com.kms.katalon.core.exception.StepFailedException: Unable to get alert text
	at com.kms.katalon.core.webui.keyword.internal.WebUIKeywordMain.stepFailed(WebUIKeywordMain.groovy:64)
	at com.kms.katalon.core.webui.keyword.internal.WebUIKeywordMain.runKeyword(WebUIKeywordMain.groovy:26)
	at com.kms.katalon.core.webui.keyword.builtin.GetAlertTextKeyword.getAlertText(GetAlertTextKeyword.groovy:71)
	at com.kms.katalon.core.webui.keyword.builtin.GetAlertTextKeyword.execute(GetAlertTextKeyword.groovy:66)
	at com.kms.katalon.core.keyword.internal.KeywordExecutor.executeKeywordForPlatform(KeywordExecutor.groovy:74)
	at com.kms.katalon.core.webui.keyword.WebUiBuiltInKeywords.getAlertText(WebUiBuiltInKeywords.groovy:1576)
	at com.kms.katalon.core.webui.keyword.WebUiBuiltInKeywords$getAlertText$15.call(Unknown Source)
	at TC-PEN-014.run(TC-PEN-014:46)
	at com.kms.katalon.core.main.ScriptEngine.run(ScriptEngine.java:194)
	at com.kms.katalon.core.main.ScriptEngine.runScriptAsRawText(ScriptEngine.java:119)
	at com.kms.katalon.core.main.TestCaseExecutor.runScript(TestCaseExecutor.java:448)
	at com.kms.katalon.core.main.TestCaseExecutor.doExecute(TestCaseExecutor.java:439)
	at com.kms.katalon.core.main.TestCaseExecutor.processExecutionPhase(TestCaseExecutor.java:418)
	at com.kms.katalon.core.main.TestCaseExecutor.accessMainPhase(TestCaseExecutor.java:410)
	at com.kms.katalon.core.main.TestCaseExecutor.execute(TestCaseExecutor.java:285)
	at com.kms.katalon.core.common.CommonExecutor.accessTestCaseMainPhase(CommonExecutor.java:65)
	at com.kms.katalon.core.main.TestSuiteExecutor.accessTestSuiteMainPhase(TestSuiteExecutor.java:148)
	at com.kms.katalon.core.main.TestSuiteExecutor.execute(TestSuiteExecutor.java:106)
	at com.kms.katalon.core.main.TestCaseMain.startTestSuite(TestCaseMain.java:187)
	at com.kms.katalon.core.main.TestCaseMain$startTestSuite$0.call(Unknown Source)
	at TempTestSuite1696494982531.run(TempTestSuite1696494982531.groovy:36)
Caused by: com.kms.katalon.core.exception.StepFailedException: No alert found
	at com.kms.katalon.core.webui.keyword.internal.WebUIKeywordMain.stepFailed(WebUIKeywordMain.groovy:64)
	at com.kms.katalon.core.webui.keyword.builtin.GetAlertTextKeyword$_getAlertText_closure1.doCall(GetAlertTextKeyword.groovy:79)
	at com.kms.katalon.core.webui.keyword.builtin.GetAlertTextKeyword$_getAlertText_closure1.call(GetAlertTextKeyword.groovy)
	at com.kms.katalon.core.webui.keyword.internal.WebUIKeywordMain.runKeyword(WebUIKeywordMain.groovy:20)
	... 19 more
)

2023-10-05 15:46:33 - [MESSAGE][FAILED] - No alert found (Root cause: com.kms.katalon.core.exception.StepFailedException: No alert found
	at com.kms.katalon.core.webui.keyword.internal.WebUIKeywordMain.stepFailed(WebUIKeywordMain.groovy:64)
	at com.kms.katalon.core.webui.keyword.builtin.GetAlertTextKeyword$_getAlertText_closure1.doCall(GetAlertTextKeyword.groovy:79)
	at com.kms.katalon.core.webui.keyword.builtin.GetAlertTextKeyword$_getAlertText_closure1.call(GetAlertTextKeyword.groovy)
	at com.kms.katalon.core.webui.keyword.internal.WebUIKeywordMain.runKeyword(WebUIKeywordMain.groovy:20)
	at com.kms.katalon.core.webui.keyword.builtin.GetAlertTextKeyword.getAlertText(GetAlertTextKeyword.groovy:71)
	at com.kms.katalon.core.webui.keyword.builtin.GetAlertTextKeyword.execute(GetAlertTextKeyword.groovy:66)
	at com.kms.katalon.core.keyword.internal.KeywordExecutor.executeKeywordForPlatform(KeywordExecutor.groovy:74)
	at com.kms.katalon.core.webui.keyword.WebUiBuiltInKeywords.getAlertText(WebUiBuiltInKeywords.groovy:1576)
	at com.kms.katalon.core.webui.keyword.WebUiBuiltInKeywords$getAlertText$15.call(Unknown Source)
	at TC-PEN-014.run(TC-PEN-014:46)
	at com.kms.katalon.core.main.ScriptEngine.run(ScriptEngine.java:194)
	at com.kms.katalon.core.main.ScriptEngine.runScriptAsRawText(ScriptEngine.java:119)
	at com.kms.katalon.core.main.TestCaseExecutor.runScript(TestCaseExecutor.java:448)
	at com.kms.katalon.core.main.TestCaseExecutor.doExecute(TestCaseExecutor.java:439)
	at com.kms.katalon.core.main.TestCaseExecutor.processExecutionPhase(TestCaseExecutor.java:418)
	at com.kms.katalon.core.main.TestCaseExecutor.accessMainPhase(TestCaseExecutor.java:410)
	at com.kms.katalon.core.main.TestCaseExecutor.execute(TestCaseExecutor.java:285)
	at com.kms.katalon.core.common.CommonExecutor.accessTestCaseMainPhase(CommonExecutor.java:65)
	at com.kms.katalon.core.main.TestSuiteExecutor.accessTestSuiteMainPhase(TestSuiteExecutor.java:148)
	at com.kms.katalon.core.main.TestSuiteExecutor.execute(TestSuiteExecutor.java:106)
	at com.kms.katalon.core.main.TestCaseMain.startTestSuite(TestCaseMain.java:187)
	at com.kms.katalon.core.main.TestCaseMain$startTestSuite$0.call(Unknown Source)
	at TempTestSuite1696494982531.run(TempTestSuite1696494982531.groovy:36)
)
[[ATTACHMENT|G:\\Project Xsis\\batch-324-qa\\Riswan\\Sprint 2 Product Tajalapak\\Reports\\20231005_153622\\Product Ecomerce\\20231005_153622\\1696495593731.png]]

2023-10-05 15:46:33 - [MESSAGE][FAILED] - Unable to get alert text (Root cause: com.kms.katalon.core.exception.StepFailedException: Unable to get alert text
	at com.kms.katalon.core.webui.keyword.internal.WebUIKeywordMain.stepFailed(WebUIKeywordMain.groovy:64)
	at com.kms.katalon.core.webui.keyword.internal.WebUIKeywordMain.runKeyword(WebUIKeywordMain.groovy:26)
	at com.kms.katalon.core.webui.keyword.builtin.GetAlertTextKeyword.getAlertText(GetAlertTextKeyword.groovy:71)
	at com.kms.katalon.core.webui.keyword.builtin.GetAlertTextKeyword.execute(GetAlertTextKeyword.groovy:66)
	at com.kms.katalon.core.keyword.internal.KeywordExecutor.executeKeywordForPlatform(KeywordExecutor.groovy:74)
	at com.kms.katalon.core.webui.keyword.WebUiBuiltInKeywords.getAlertText(WebUiBuiltInKeywords.groovy:1576)
	at com.kms.katalon.core.webui.keyword.WebUiBuiltInKeywords$getAlertText$15.call(Unknown Source)
	at TC-PEN-014.run(TC-PEN-014:46)
	at com.kms.katalon.core.main.ScriptEngine.run(ScriptEngine.java:194)
	at com.kms.katalon.core.main.ScriptEngine.runScriptAsRawText(ScriptEngine.java:119)
	at com.kms.katalon.core.main.TestCaseExecutor.runScript(TestCaseExecutor.java:448)
	at com.kms.katalon.core.main.TestCaseExecutor.doExecute(TestCaseExecutor.java:439)
	at com.kms.katalon.core.main.TestCaseExecutor.processExecutionPhase(TestCaseExecutor.java:418)
	at com.kms.katalon.core.main.TestCaseExecutor.accessMainPhase(TestCaseExecutor.java:410)
	at com.kms.katalon.core.main.TestCaseExecutor.execute(TestCaseExecutor.java:285)
	at com.kms.katalon.core.common.CommonExecutor.accessTestCaseMainPhase(CommonExecutor.java:65)
	at com.kms.katalon.core.main.TestSuiteExecutor.accessTestSuiteMainPhase(TestSuiteExecutor.java:148)
	at com.kms.katalon.core.main.TestSuiteExecutor.execute(TestSuiteExecutor.java:106)
	at com.kms.katalon.core.main.TestCaseMain.startTestSuite(TestCaseMain.java:187)
	at com.kms.katalon.core.main.TestCaseMain$startTestSuite$0.call(Unknown Source)
	at TempTestSuite1696494982531.run(TempTestSuite1696494982531.groovy:36)
Caused by: com.kms.katalon.core.exception.StepFailedException: No alert found
	at com.kms.katalon.core.webui.keyword.internal.WebUIKeywordMain.stepFailed(WebUIKeywordMain.groovy:64)
	at com.kms.katalon.core.webui.keyword.builtin.GetAlertTextKeyword$_getAlertText_closure1.doCall(GetAlertTextKeyword.groovy:79)
	at com.kms.katalon.core.webui.keyword.builtin.GetAlertTextKeyword$_getAlertText_closure1.call(GetAlertTextKeyword.groovy)
	at com.kms.katalon.core.webui.keyword.internal.WebUIKeywordMain.runKeyword(WebUIKeywordMain.groovy:20)
	... 19 more
)
[[ATTACHMENT|G:\\Project Xsis\\batch-324-qa\\Riswan\\Sprint 2 Product Tajalapak\\Reports\\20231005_153622\\Product Ecomerce\\20231005_153622\\1696495593842.png]]]]></system-out>
         <system-err><![CDATA[2023-10-05 15:46:11 - [TEST_CASE][FAILED] - Test Cases/Product Ecommerce/TC-PEN-014: Test Cases/Product Ecommerce/TC-PEN-014 FAILED.
Reason:
com.kms.katalon.core.exception.StepFailedException: Unable to get alert text
	at com.kms.katalon.core.webui.keyword.internal.WebUIKeywordMain.stepFailed(WebUIKeywordMain.groovy:64)
	at com.kms.katalon.core.webui.keyword.internal.WebUIKeywordMain.runKeyword(WebUIKeywordMain.groovy:26)
	at com.kms.katalon.core.webui.keyword.builtin.GetAlertTextKeyword.getAlertText(GetAlertTextKeyword.groovy:71)
	at com.kms.katalon.core.webui.keyword.builtin.GetAlertTextKeyword.execute(GetAlertTextKeyword.groovy:66)
	at com.kms.katalon.core.keyword.internal.KeywordExecutor.executeKeywordForPlatform(KeywordExecutor.groovy:74)
	at com.kms.katalon.core.webui.keyword.WebUiBuiltInKeywords.getAlertText(WebUiBuiltInKeywords.groovy:1576)
	at com.kms.katalon.core.webui.keyword.WebUiBuiltInKeywords$getAlertText$15.call(Unknown Source)
	at TC-PEN-014.run(TC-PEN-014:46)
	at com.kms.katalon.core.main.ScriptEngine.run(ScriptEngine.java:194)
	at com.kms.katalon.core.main.ScriptEngine.runScriptAsRawText(ScriptEngine.java:119)
	at com.kms.katalon.core.main.TestCaseExecutor.runScript(TestCaseExecutor.java:448)
	at com.kms.katalon.core.main.TestCaseExecutor.doExecute(TestCaseExecutor.java:439)
	at com.kms.katalon.core.main.TestCaseExecutor.processExecutionPhase(TestCaseExecutor.java:418)
	at com.kms.katalon.core.main.TestCaseExecutor.accessMainPhase(TestCaseExecutor.java:410)
	at com.kms.katalon.core.main.TestCaseExecutor.execute(TestCaseExecutor.java:285)
	at com.kms.katalon.core.common.CommonExecutor.accessTestCaseMainPhase(CommonExecutor.java:65)
	at com.kms.katalon.core.main.TestSuiteExecutor.accessTestSuiteMainPhase(TestSuiteExecutor.java:148)
	at com.kms.katalon.core.main.TestSuiteExecutor.execute(TestSuiteExecutor.java:106)
	at com.kms.katalon.core.main.TestCaseMain.startTestSuite(TestCaseMain.java:187)
	at com.kms.katalon.core.main.TestCaseMain$startTestSuite$0.call(Unknown Source)
	at TempTestSuite1696494982531.run(TempTestSuite1696494982531.groovy:36)
Caused by: com.kms.katalon.core.exception.StepFailedException: No alert found
	at com.kms.katalon.core.webui.keyword.internal.WebUIKeywordMain.stepFailed(WebUIKeywordMain.groovy:64)
	at com.kms.katalon.core.webui.keyword.builtin.GetAlertTextKeyword$_getAlertText_closure1.doCall(GetAlertTextKeyword.groovy:79)
	at com.kms.katalon.core.webui.keyword.builtin.GetAlertTextKeyword$_getAlertText_closure1.call(GetAlertTextKeyword.groovy)
	at com.kms.katalon.core.webui.keyword.internal.WebUIKeywordMain.runKeyword(WebUIKeywordMain.groovy:20)
	... 19 more]]></system-err>
      </testcase>
      <testcase name="Test Cases/Product Ecommerce/TC-PEN-015" time="15.526" classname="Test Cases/Product Ecommerce/TC-PEN-015" status="FAILED">
         <failure type="FAILED" message="Test Cases/Product Ecommerce/TC-PEN-015 FAILED.
Reason:
Assertion failed: 

assert accept_button_message == 'Berat produk terlalu berat'
       |                     |
       &quot;&quot;                    false

	at TC-PEN-015.run(TC-PEN-015:49)
	at com.kms.katalon.core.main.ScriptEngine.run(ScriptEngine.java:194)
	at com.kms.katalon.core.main.ScriptEngine.runScriptAsRawText(ScriptEngine.java:119)
	at com.kms.katalon.core.main.TestCaseExecutor.runScript(TestCaseExecutor.java:448)
	at com.kms.katalon.core.main.TestCaseExecutor.doExecute(TestCaseExecutor.java:439)
	at com.kms.katalon.core.main.TestCaseExecutor.processExecutionPhase(TestCaseExecutor.java:418)
	at com.kms.katalon.core.main.TestCaseExecutor.accessMainPhase(TestCaseExecutor.java:410)
	at com.kms.katalon.core.main.TestCaseExecutor.execute(TestCaseExecutor.java:285)
	at com.kms.katalon.core.common.CommonExecutor.accessTestCaseMainPhase(CommonExecutor.java:65)
	at com.kms.katalon.core.main.TestSuiteExecutor.accessTestSuiteMainPhase(TestSuiteExecutor.java:148)
	at com.kms.katalon.core.main.TestSuiteExecutor.execute(TestSuiteExecutor.java:106)
	at com.kms.katalon.core.main.TestCaseMain.startTestSuite(TestCaseMain.java:187)
	at com.kms.katalon.core.main.TestCaseMain$startTestSuite$0.call(Unknown Source)
	at TempTestSuite1696494982531.run(TempTestSuite1696494982531.groovy:36)
"/>
         <system-out><![CDATA[2023-10-05 15:46:33 - [TEST_CASE][FAILED] - Test Cases/Product Ecommerce/TC-PEN-015: Test Cases/Product Ecommerce/TC-PEN-015 FAILED.
Reason:
Assertion failed: 

assert accept_button_message == 'Berat produk terlalu berat'
       |                     |
       ""                    false

	at TC-PEN-015.run(TC-PEN-015:49)
	at com.kms.katalon.core.main.ScriptEngine.run(ScriptEngine.java:194)
	at com.kms.katalon.core.main.ScriptEngine.runScriptAsRawText(ScriptEngine.java:119)
	at com.kms.katalon.core.main.TestCaseExecutor.runScript(TestCaseExecutor.java:448)
	at com.kms.katalon.core.main.TestCaseExecutor.doExecute(TestCaseExecutor.java:439)
	at com.kms.katalon.core.main.TestCaseExecutor.processExecutionPhase(TestCaseExecutor.java:418)
	at com.kms.katalon.core.main.TestCaseExecutor.accessMainPhase(TestCaseExecutor.java:410)
	at com.kms.katalon.core.main.TestCaseExecutor.execute(TestCaseExecutor.java:285)
	at com.kms.katalon.core.common.CommonExecutor.accessTestCaseMainPhase(CommonExecutor.java:65)
	at com.kms.katalon.core.main.TestSuiteExecutor.accessTestSuiteMainPhase(TestSuiteExecutor.java:148)
	at com.kms.katalon.core.main.TestSuiteExecutor.execute(TestSuiteExecutor.java:106)
	at com.kms.katalon.core.main.TestCaseMain.startTestSuite(TestCaseMain.java:187)
	at com.kms.katalon.core.main.TestCaseMain$startTestSuite$0.call(Unknown Source)
	at TempTestSuite1696494982531.run(TempTestSuite1696494982531.groovy:36)


2023-10-05 15:46:34 - [TEST_STEP][PASSED] - callTestCase(findTestCase("Product Ecommerce/TC-PE-001"), [:], STOP_ON_FAILURE): Call Test Case 'Test Cases/Product Ecommerce/TC-PE-001' successfully

2023-10-05 15:46:34 - [TEST_CASE][PASSED] - Test Cases/Product Ecommerce/TC-PE-001: Test Cases/Product Ecommerce/TC-PE-001

2023-10-05 15:46:34 - [TEST_STEP][PASSED] - callTestCase(findTestCase("Login Ecommerce/TC-Login Ecomerce-001"), [:], STOP_ON_FAILURE): Call Test Case 'Test Cases/Login Ecommerce/TC-Login Ecomerce-001' successfully

2023-10-05 15:46:34 - [TEST_CASE][PASSED] - Test Cases/Login Ecommerce/TC-Login Ecomerce-001: Test Cases/Login Ecommerce/TC-Login Ecomerce-001

2023-10-05 15:46:34 - [TEST_STEP][PASSED] - openBrowser(userTajalapak): Browser is opened with url: 'https://10.9.2.63/ecommerce/'

2023-10-05 15:46:34 - [MESSAGE][WARNING] - A browser is already opened. Closing browser and opening a new one

2023-10-05 15:46:35 - [MESSAGE][INFO] - Starting 'Edge Chromium' driver

2023-10-05 15:46:35 - [MESSAGE][INFO] - User set preference: ['acceptInsecureCerts', 'true']

2023-10-05 15:46:37 - [MESSAGE][INFO] - Action delay is set to 0 milliseconds

2023-10-05 15:46:40 - [MESSAGE][PASSED] - Browser is opened with url: 'https://10.9.2.63/ecommerce/'

2023-10-05 15:46:40 - [TEST_STEP][PASSED] - maximizeWindow(): Current window maximized

2023-10-05 15:46:40 - [MESSAGE][PASSED] - Current window maximized

2023-10-05 15:46:40 - [TEST_STEP][PASSED] - verifyElementPresent(findTestObject("Login Ecommerce/Verifikasi Halaman Login Akun"), 0): Object 'Object Repository/Login Ecommerce/Verifikasi Halaman Login Akun' is present

2023-10-05 15:46:40 - [MESSAGE][WARNING] - Timeout '0' is invalid. Using default page load timeout: '30'

2023-10-05 15:46:41 - [MESSAGE][PASSED] - Object 'Object Repository/Login Ecommerce/Verifikasi Halaman Login Akun' is present

2023-10-05 15:46:41 - [TEST_STEP][PASSED] - click(findTestObject("Login Ecommerce/Login Akun")): Object: 'Object Repository/Login Ecommerce/Login Akun' is clicked on

2023-10-05 15:46:41 - [MESSAGE][PASSED] - Object: 'Object Repository/Login Ecommerce/Login Akun' is clicked on

2023-10-05 15:46:41 - [TEST_STEP][PASSED] - verifyElementPresent(findTestObject("Login Ecommerce/Verifikasi Halaman Login Akun"), 0): Object 'Object Repository/Login Ecommerce/Verifikasi Halaman Login Akun' is present

2023-10-05 15:46:41 - [MESSAGE][WARNING] - Timeout '0' is invalid. Using default page load timeout: '30'

2023-10-05 15:46:42 - [MESSAGE][PASSED] - Object 'Object Repository/Login Ecommerce/Verifikasi Halaman Login Akun' is present

2023-10-05 15:46:42 - [TEST_STEP][PASSED] - setText(findTestObject("Login Ecommerce/Input Username"), "riswandha"): Text 'riswandha' is set on object 'Object Repository/Login Ecommerce/Input Username'

2023-10-05 15:46:42 - [MESSAGE][PASSED] - Text 'riswandha' is set on object 'Object Repository/Login Ecommerce/Input Username'

2023-10-05 15:46:42 - [TEST_STEP][PASSED] - setEncryptedText(findTestObject("Login Ecommerce/Input Password"), "iGDxf8hSRT4="): Text ****** has been set on object 'Object Repository/Login Ecommerce/Input Password'

2023-10-05 15:46:43 - [MESSAGE][PASSED] - Text ****** has been set on object 'Object Repository/Login Ecommerce/Input Password'

2023-10-05 15:46:43 - [TEST_STEP][PASSED] - click(findTestObject("Login Ecommerce/Button Masuk")): Object: 'Object Repository/Login Ecommerce/Button Masuk' is clicked on

2023-10-05 15:46:44 - [MESSAGE][PASSED] - Object: 'Object Repository/Login Ecommerce/Button Masuk' is clicked on

2023-10-05 15:46:44 - [TEST_STEP][PASSED] - verifyElementPresent(findTestObject("Login Ecommerce/Verifikasi Login Akun"), 0): Object 'Object Repository/Login Ecommerce/Verifikasi Login Akun' is present

2023-10-05 15:46:44 - [MESSAGE][WARNING] - Timeout '0' is invalid. Using default page load timeout: '30'

2023-10-05 15:46:44 - [MESSAGE][PASSED] - Object 'Object Repository/Login Ecommerce/Verifikasi Login Akun' is present

2023-10-05 15:46:44 - [MESSAGE][PASSED] - Call Test Case 'Test Cases/Login Ecommerce/TC-Login Ecomerce-001' successfully

2023-10-05 15:46:44 - [TEST_STEP][PASSED] - mouseOver(findTestObject("Product Ecommerce/Button Menu toko")): Object: 'Object Repository/Product Ecommerce/Button Menu toko' is hovered

2023-10-05 15:46:45 - [MESSAGE][PASSED] - Object: 'Object Repository/Product Ecommerce/Button Menu toko' is hovered

2023-10-05 15:46:45 - [TEST_STEP][PASSED] - click(findTestObject("Product Ecommerce/Button Daftar Produk")): Object: 'Object Repository/Product Ecommerce/Button Daftar Produk' is clicked on

2023-10-05 15:46:45 - [MESSAGE][PASSED] - Object: 'Object Repository/Product Ecommerce/Button Daftar Produk' is clicked on

2023-10-05 15:46:45 - [TEST_STEP][PASSED] - verifyElementPresent(findTestObject("Product Ecommerce/Verifikasi Halaman Product Anda"), 0): Object 'Object Repository/Product Ecommerce/Verifikasi Halaman Product Anda' is present

2023-10-05 15:46:46 - [MESSAGE][WARNING] - Timeout '0' is invalid. Using default page load timeout: '30'

2023-10-05 15:46:46 - [MESSAGE][PASSED] - Object 'Object Repository/Product Ecommerce/Verifikasi Halaman Product Anda' is present

2023-10-05 15:46:46 - [MESSAGE][PASSED] - Call Test Case 'Test Cases/Product Ecommerce/TC-PE-001' successfully

2023-10-05 15:46:46 - [TEST_STEP][PASSED] - mouseOver(findTestObject("Product Ecommerce/Image Gambar produk 1")): Object: 'Object Repository/Product Ecommerce/Image Gambar produk 1' is hovered

2023-10-05 15:46:47 - [MESSAGE][PASSED] - Object: 'Object Repository/Product Ecommerce/Image Gambar produk 1' is hovered

2023-10-05 15:46:47 - [TEST_STEP][PASSED] - click(findTestObject("Product Ecommerce/Tambahkan Product/Edit Data")): Object: 'Object Repository/Product Ecommerce/Tambahkan Product/Edit Data' is clicked on

2023-10-05 15:46:47 - [MESSAGE][PASSED] - Object: 'Object Repository/Product Ecommerce/Tambahkan Product/Edit Data' is clicked on

2023-10-05 15:46:47 - [TEST_STEP][PASSED] - setText(findTestObject("Product Ecommerce/Tambahkan Product/Input Berat"), "1000000000"): Text '1000000000' is set on object 'Object Repository/Product Ecommerce/Tambahkan Product/Input Berat'

2023-10-05 15:46:48 - [MESSAGE][PASSED] - Text '1000000000' is set on object 'Object Repository/Product Ecommerce/Tambahkan Product/Input Berat'

2023-10-05 15:46:48 - [TEST_STEP][PASSED] - driver = getWebDriver(): null

2023-10-05 15:46:48 - [TEST_STEP][PASSED] - field_username_element = driver.findElement(By.xpath("//input[@name="berat"]")): null

2023-10-05 15:46:49 - [TEST_STEP][PASSED] - accept_button_message = driver.executeScript("return arguments[0].validationMessage", field_username_element): null

2023-10-05 15:46:49 - [TEST_STEP][PASSED] - click(findTestObject("Product Ecommerce/Tambahkan Product/Button Update Data")): Object: 'Object Repository/Product Ecommerce/Tambahkan Product/Button Update Data' is clicked on

2023-10-05 15:46:49 - [MESSAGE][PASSED] - Object: 'Object Repository/Product Ecommerce/Tambahkan Product/Button Update Data' is clicked on

2023-10-05 15:46:49 - [TEST_STEP][PASSED] - println(accept_button_message): null

2023-10-05 15:46:49 - [TEST_STEP][FAILED] - assert accept_button_message == "Berat produk terlalu berat": Test Cases/Product Ecommerce/TC-PEN-015 FAILED.
Reason:
Assertion failed: 

assert accept_button_message == 'Berat produk terlalu berat'
       |                     |
       ""                    false

	at TC-PEN-015.run(TC-PEN-015:49)
	at com.kms.katalon.core.main.ScriptEngine.run(ScriptEngine.java:194)
	at com.kms.katalon.core.main.ScriptEngine.runScriptAsRawText(ScriptEngine.java:119)
	at com.kms.katalon.core.main.TestCaseExecutor.runScript(TestCaseExecutor.java:448)
	at com.kms.katalon.core.main.TestCaseExecutor.doExecute(TestCaseExecutor.java:439)
	at com.kms.katalon.core.main.TestCaseExecutor.processExecutionPhase(TestCaseExecutor.java:418)
	at com.kms.katalon.core.main.TestCaseExecutor.accessMainPhase(TestCaseExecutor.java:410)
	at com.kms.katalon.core.main.TestCaseExecutor.execute(TestCaseExecutor.java:285)
	at com.kms.katalon.core.common.CommonExecutor.accessTestCaseMainPhase(CommonExecutor.java:65)
	at com.kms.katalon.core.main.TestSuiteExecutor.accessTestSuiteMainPhase(TestSuiteExecutor.java:148)
	at com.kms.katalon.core.main.TestSuiteExecutor.execute(TestSuiteExecutor.java:106)
	at com.kms.katalon.core.main.TestCaseMain.startTestSuite(TestCaseMain.java:187)
	at com.kms.katalon.core.main.TestCaseMain$startTestSuite$0.call(Unknown Source)
	at TempTestSuite1696494982531.run(TempTestSuite1696494982531.groovy:36)


2023-10-05 15:46:49 - [MESSAGE][FAILED] - Test Cases/Product Ecommerce/TC-PEN-015 FAILED.
Reason:
Assertion failed: 

assert accept_button_message == 'Berat produk terlalu berat'
       |                     |
       ""                    false

	at TC-PEN-015.run(TC-PEN-015:49)
	at com.kms.katalon.core.main.ScriptEngine.run(ScriptEngine.java:194)
	at com.kms.katalon.core.main.ScriptEngine.runScriptAsRawText(ScriptEngine.java:119)
	at com.kms.katalon.core.main.TestCaseExecutor.runScript(TestCaseExecutor.java:448)
	at com.kms.katalon.core.main.TestCaseExecutor.doExecute(TestCaseExecutor.java:439)
	at com.kms.katalon.core.main.TestCaseExecutor.processExecutionPhase(TestCaseExecutor.java:418)
	at com.kms.katalon.core.main.TestCaseExecutor.accessMainPhase(TestCaseExecutor.java:410)
	at com.kms.katalon.core.main.TestCaseExecutor.execute(TestCaseExecutor.java:285)
	at com.kms.katalon.core.common.CommonExecutor.accessTestCaseMainPhase(CommonExecutor.java:65)
	at com.kms.katalon.core.main.TestSuiteExecutor.accessTestSuiteMainPhase(TestSuiteExecutor.java:148)
	at com.kms.katalon.core.main.TestSuiteExecutor.execute(TestSuiteExecutor.java:106)
	at com.kms.katalon.core.main.TestCaseMain.startTestSuite(TestCaseMain.java:187)
	at com.kms.katalon.core.main.TestCaseMain$startTestSuite$0.call(Unknown Source)
	at TempTestSuite1696494982531.run(TempTestSuite1696494982531.groovy:36)]]></system-out>
         <system-err><![CDATA[2023-10-05 15:46:33 - [TEST_CASE][FAILED] - Test Cases/Product Ecommerce/TC-PEN-015: Test Cases/Product Ecommerce/TC-PEN-015 FAILED.
Reason:
Assertion failed: 

assert accept_button_message == 'Berat produk terlalu berat'
       |                     |
       ""                    false

	at TC-PEN-015.run(TC-PEN-015:49)
	at com.kms.katalon.core.main.ScriptEngine.run(ScriptEngine.java:194)
	at com.kms.katalon.core.main.ScriptEngine.runScriptAsRawText(ScriptEngine.java:119)
	at com.kms.katalon.core.main.TestCaseExecutor.runScript(TestCaseExecutor.java:448)
	at com.kms.katalon.core.main.TestCaseExecutor.doExecute(TestCaseExecutor.java:439)
	at com.kms.katalon.core.main.TestCaseExecutor.processExecutionPhase(TestCaseExecutor.java:418)
	at com.kms.katalon.core.main.TestCaseExecutor.accessMainPhase(TestCaseExecutor.java:410)
	at com.kms.katalon.core.main.TestCaseExecutor.execute(TestCaseExecutor.java:285)
	at com.kms.katalon.core.common.CommonExecutor.accessTestCaseMainPhase(CommonExecutor.java:65)
	at com.kms.katalon.core.main.TestSuiteExecutor.accessTestSuiteMainPhase(TestSuiteExecutor.java:148)
	at com.kms.katalon.core.main.TestSuiteExecutor.execute(TestSuiteExecutor.java:106)
	at com.kms.katalon.core.main.TestCaseMain.startTestSuite(TestCaseMain.java:187)
	at com.kms.katalon.core.main.TestCaseMain$startTestSuite$0.call(Unknown Source)
	at TempTestSuite1696494982531.run(TempTestSuite1696494982531.groovy:36)]]></system-err>
      </testcase>
      <testcase name="Test Cases/Product Ecommerce/TC-PEN-016" time="47.384" classname="Test Cases/Product Ecommerce/TC-PEN-016" status="FAILED">
         <failure type="FAILED" message="Test Cases/Product Ecommerce/TC-PEN-016 FAILED.
Reason:
com.kms.katalon.core.exception.StepFailedException: Unable to verify object 'Object Repository/Product Ecommerce/Verifikasi Halaman Product Anda' is not present
	at com.kms.katalon.core.webui.keyword.internal.WebUIKeywordMain.stepFailed(WebUIKeywordMain.groovy:64)
	at com.kms.katalon.core.webui.keyword.internal.WebUIKeywordMain.runKeyword(WebUIKeywordMain.groovy:26)
	at com.kms.katalon.core.webui.keyword.internal.WebUIKeywordMain$runKeyword.call(Unknown Source)
	at com.kms.katalon.core.webui.keyword.builtin.VerifyElementNotPresentKeyword.verifyElementNotPresent(VerifyElementNotPresentKeyword.groovy:122)
	at com.kms.katalon.core.webui.keyword.builtin.VerifyElementNotPresentKeyword.execute(VerifyElementNotPresentKeyword.groovy:68)
	at com.kms.katalon.core.keyword.internal.KeywordExecutor.executeKeywordForPlatform(KeywordExecutor.groovy:74)
	at com.kms.katalon.core.webui.keyword.WebUiBuiltInKeywords.verifyElementNotPresent(WebUiBuiltInKeywords.groovy:1497)
	at com.kms.katalon.core.webui.keyword.WebUiBuiltInKeywords$verifyElementNotPresent$14.call(Unknown Source)
	at TC-PEN-016.run(TC-PEN-016:34)
	at com.kms.katalon.core.main.ScriptEngine.run(ScriptEngine.java:194)
	at com.kms.katalon.core.main.ScriptEngine.runScriptAsRawText(ScriptEngine.java:119)
	at com.kms.katalon.core.main.TestCaseExecutor.runScript(TestCaseExecutor.java:448)
	at com.kms.katalon.core.main.TestCaseExecutor.doExecute(TestCaseExecutor.java:439)
	at com.kms.katalon.core.main.TestCaseExecutor.processExecutionPhase(TestCaseExecutor.java:418)
	at com.kms.katalon.core.main.TestCaseExecutor.accessMainPhase(TestCaseExecutor.java:410)
	at com.kms.katalon.core.main.TestCaseExecutor.execute(TestCaseExecutor.java:285)
	at com.kms.katalon.core.common.CommonExecutor.accessTestCaseMainPhase(CommonExecutor.java:65)
	at com.kms.katalon.core.main.TestSuiteExecutor.accessTestSuiteMainPhase(TestSuiteExecutor.java:148)
	at com.kms.katalon.core.main.TestSuiteExecutor.execute(TestSuiteExecutor.java:106)
	at com.kms.katalon.core.main.TestCaseMain.startTestSuite(TestCaseMain.java:187)
	at com.kms.katalon.core.main.TestCaseMain$startTestSuite$0.call(Unknown Source)
	at TempTestSuite1696494982531.run(TempTestSuite1696494982531.groovy:36)
Caused by: com.kms.katalon.core.exception.StepFailedException: Web element with id: 'Object Repository/Product Ecommerce/Verifikasi Halaman Product Anda' located by 'By.xpath: (.//*[normalize-space(text()) and normalize-space(.)='Home'])[1]/following::li[2]' is present after '30' second(s)
	at com.kms.katalon.core.webui.keyword.internal.WebUIKeywordMain.stepFailed(WebUIKeywordMain.groovy:64)
	at com.kms.katalon.core.webui.keyword.internal.WebUIKeywordMain$stepFailed$0.call(Unknown Source)
	at com.kms.katalon.core.webui.keyword.builtin.VerifyElementNotPresentKeyword$_verifyElementNotPresent_closure1.doCall(VerifyElementNotPresentKeyword.groovy:113)
	at com.kms.katalon.core.webui.keyword.builtin.VerifyElementNotPresentKeyword$_verifyElementNotPresent_closure1.doCall(VerifyElementNotPresentKeyword.groovy)
	at com.kms.katalon.core.webui.keyword.internal.WebUIKeywordMain.runKeyword(WebUIKeywordMain.groovy:20)
	... 20 more
"/>
         <system-out><![CDATA[2023-10-05 15:46:49 - [TEST_CASE][FAILED] - Test Cases/Product Ecommerce/TC-PEN-016: Test Cases/Product Ecommerce/TC-PEN-016 FAILED.
Reason:
com.kms.katalon.core.exception.StepFailedException: Unable to verify object 'Object Repository/Product Ecommerce/Verifikasi Halaman Product Anda' is not present
	at com.kms.katalon.core.webui.keyword.internal.WebUIKeywordMain.stepFailed(WebUIKeywordMain.groovy:64)
	at com.kms.katalon.core.webui.keyword.internal.WebUIKeywordMain.runKeyword(WebUIKeywordMain.groovy:26)
	at com.kms.katalon.core.webui.keyword.internal.WebUIKeywordMain$runKeyword.call(Unknown Source)
	at com.kms.katalon.core.webui.keyword.builtin.VerifyElementNotPresentKeyword.verifyElementNotPresent(VerifyElementNotPresentKeyword.groovy:122)
	at com.kms.katalon.core.webui.keyword.builtin.VerifyElementNotPresentKeyword.execute(VerifyElementNotPresentKeyword.groovy:68)
	at com.kms.katalon.core.keyword.internal.KeywordExecutor.executeKeywordForPlatform(KeywordExecutor.groovy:74)
	at com.kms.katalon.core.webui.keyword.WebUiBuiltInKeywords.verifyElementNotPresent(WebUiBuiltInKeywords.groovy:1497)
	at com.kms.katalon.core.webui.keyword.WebUiBuiltInKeywords$verifyElementNotPresent$14.call(Unknown Source)
	at TC-PEN-016.run(TC-PEN-016:34)
	at com.kms.katalon.core.main.ScriptEngine.run(ScriptEngine.java:194)
	at com.kms.katalon.core.main.ScriptEngine.runScriptAsRawText(ScriptEngine.java:119)
	at com.kms.katalon.core.main.TestCaseExecutor.runScript(TestCaseExecutor.java:448)
	at com.kms.katalon.core.main.TestCaseExecutor.doExecute(TestCaseExecutor.java:439)
	at com.kms.katalon.core.main.TestCaseExecutor.processExecutionPhase(TestCaseExecutor.java:418)
	at com.kms.katalon.core.main.TestCaseExecutor.accessMainPhase(TestCaseExecutor.java:410)
	at com.kms.katalon.core.main.TestCaseExecutor.execute(TestCaseExecutor.java:285)
	at com.kms.katalon.core.common.CommonExecutor.accessTestCaseMainPhase(CommonExecutor.java:65)
	at com.kms.katalon.core.main.TestSuiteExecutor.accessTestSuiteMainPhase(TestSuiteExecutor.java:148)
	at com.kms.katalon.core.main.TestSuiteExecutor.execute(TestSuiteExecutor.java:106)
	at com.kms.katalon.core.main.TestCaseMain.startTestSuite(TestCaseMain.java:187)
	at com.kms.katalon.core.main.TestCaseMain$startTestSuite$0.call(Unknown Source)
	at TempTestSuite1696494982531.run(TempTestSuite1696494982531.groovy:36)
Caused by: com.kms.katalon.core.exception.StepFailedException: Web element with id: 'Object Repository/Product Ecommerce/Verifikasi Halaman Product Anda' located by 'By.xpath: (.//*[normalize-space(text()) and normalize-space(.)='Home'])[1]/following::li[2]' is present after '30' second(s)
	at com.kms.katalon.core.webui.keyword.internal.WebUIKeywordMain.stepFailed(WebUIKeywordMain.groovy:64)
	at com.kms.katalon.core.webui.keyword.internal.WebUIKeywordMain$stepFailed$0.call(Unknown Source)
	at com.kms.katalon.core.webui.keyword.builtin.VerifyElementNotPresentKeyword$_verifyElementNotPresent_closure1.doCall(VerifyElementNotPresentKeyword.groovy:113)
	at com.kms.katalon.core.webui.keyword.builtin.VerifyElementNotPresentKeyword$_verifyElementNotPresent_closure1.doCall(VerifyElementNotPresentKeyword.groovy)
	at com.kms.katalon.core.webui.keyword.internal.WebUIKeywordMain.runKeyword(WebUIKeywordMain.groovy:20)
	... 20 more


2023-10-05 15:46:49 - [TEST_STEP][PASSED] - callTestCase(findTestCase("Product Ecommerce/TC-PE-001"), [:], STOP_ON_FAILURE): Call Test Case 'Test Cases/Product Ecommerce/TC-PE-001' successfully

2023-10-05 15:46:49 - [TEST_CASE][PASSED] - Test Cases/Product Ecommerce/TC-PE-001: Test Cases/Product Ecommerce/TC-PE-001

2023-10-05 15:46:49 - [TEST_STEP][PASSED] - callTestCase(findTestCase("Login Ecommerce/TC-Login Ecomerce-001"), [:], STOP_ON_FAILURE): Call Test Case 'Test Cases/Login Ecommerce/TC-Login Ecomerce-001' successfully

2023-10-05 15:46:49 - [TEST_CASE][PASSED] - Test Cases/Login Ecommerce/TC-Login Ecomerce-001: Test Cases/Login Ecommerce/TC-Login Ecomerce-001

2023-10-05 15:46:49 - [TEST_STEP][PASSED] - openBrowser(userTajalapak): Browser is opened with url: 'https://10.9.2.63/ecommerce/'

2023-10-05 15:46:49 - [MESSAGE][WARNING] - A browser is already opened. Closing browser and opening a new one

2023-10-05 15:46:50 - [MESSAGE][INFO] - Starting 'Edge Chromium' driver

2023-10-05 15:46:50 - [MESSAGE][INFO] - User set preference: ['acceptInsecureCerts', 'true']

2023-10-05 15:46:52 - [MESSAGE][INFO] - Action delay is set to 0 milliseconds

2023-10-05 15:46:55 - [MESSAGE][PASSED] - Browser is opened with url: 'https://10.9.2.63/ecommerce/'

2023-10-05 15:46:55 - [TEST_STEP][PASSED] - maximizeWindow(): Current window maximized

2023-10-05 15:46:56 - [MESSAGE][PASSED] - Current window maximized

2023-10-05 15:46:56 - [TEST_STEP][PASSED] - verifyElementPresent(findTestObject("Login Ecommerce/Verifikasi Halaman Login Akun"), 0): Object 'Object Repository/Login Ecommerce/Verifikasi Halaman Login Akun' is present

2023-10-05 15:46:56 - [MESSAGE][WARNING] - Timeout '0' is invalid. Using default page load timeout: '30'

2023-10-05 15:46:56 - [MESSAGE][PASSED] - Object 'Object Repository/Login Ecommerce/Verifikasi Halaman Login Akun' is present

2023-10-05 15:46:56 - [TEST_STEP][PASSED] - click(findTestObject("Login Ecommerce/Login Akun")): Object: 'Object Repository/Login Ecommerce/Login Akun' is clicked on

2023-10-05 15:46:57 - [MESSAGE][PASSED] - Object: 'Object Repository/Login Ecommerce/Login Akun' is clicked on

2023-10-05 15:46:57 - [TEST_STEP][PASSED] - verifyElementPresent(findTestObject("Login Ecommerce/Verifikasi Halaman Login Akun"), 0): Object 'Object Repository/Login Ecommerce/Verifikasi Halaman Login Akun' is present

2023-10-05 15:46:57 - [MESSAGE][WARNING] - Timeout '0' is invalid. Using default page load timeout: '30'

2023-10-05 15:46:57 - [MESSAGE][PASSED] - Object 'Object Repository/Login Ecommerce/Verifikasi Halaman Login Akun' is present

2023-10-05 15:46:57 - [TEST_STEP][PASSED] - setText(findTestObject("Login Ecommerce/Input Username"), "riswandha"): Text 'riswandha' is set on object 'Object Repository/Login Ecommerce/Input Username'

2023-10-05 15:46:58 - [MESSAGE][PASSED] - Text 'riswandha' is set on object 'Object Repository/Login Ecommerce/Input Username'

2023-10-05 15:46:58 - [TEST_STEP][PASSED] - setEncryptedText(findTestObject("Login Ecommerce/Input Password"), "iGDxf8hSRT4="): Text ****** has been set on object 'Object Repository/Login Ecommerce/Input Password'

2023-10-05 15:46:58 - [MESSAGE][PASSED] - Text ****** has been set on object 'Object Repository/Login Ecommerce/Input Password'

2023-10-05 15:46:58 - [TEST_STEP][PASSED] - click(findTestObject("Login Ecommerce/Button Masuk")): Object: 'Object Repository/Login Ecommerce/Button Masuk' is clicked on

2023-10-05 15:46:59 - [MESSAGE][PASSED] - Object: 'Object Repository/Login Ecommerce/Button Masuk' is clicked on

2023-10-05 15:46:59 - [TEST_STEP][PASSED] - verifyElementPresent(findTestObject("Login Ecommerce/Verifikasi Login Akun"), 0): Object 'Object Repository/Login Ecommerce/Verifikasi Login Akun' is present

2023-10-05 15:46:59 - [MESSAGE][WARNING] - Timeout '0' is invalid. Using default page load timeout: '30'

2023-10-05 15:47:00 - [MESSAGE][PASSED] - Object 'Object Repository/Login Ecommerce/Verifikasi Login Akun' is present

2023-10-05 15:47:00 - [MESSAGE][PASSED] - Call Test Case 'Test Cases/Login Ecommerce/TC-Login Ecomerce-001' successfully

2023-10-05 15:47:00 - [TEST_STEP][PASSED] - mouseOver(findTestObject("Product Ecommerce/Button Menu toko")): Object: 'Object Repository/Product Ecommerce/Button Menu toko' is hovered

2023-10-05 15:47:00 - [MESSAGE][PASSED] - Object: 'Object Repository/Product Ecommerce/Button Menu toko' is hovered

2023-10-05 15:47:00 - [TEST_STEP][PASSED] - click(findTestObject("Product Ecommerce/Button Daftar Produk")): Object: 'Object Repository/Product Ecommerce/Button Daftar Produk' is clicked on

2023-10-05 15:47:01 - [MESSAGE][PASSED] - Object: 'Object Repository/Product Ecommerce/Button Daftar Produk' is clicked on

2023-10-05 15:47:01 - [TEST_STEP][PASSED] - verifyElementPresent(findTestObject("Product Ecommerce/Verifikasi Halaman Product Anda"), 0): Object 'Object Repository/Product Ecommerce/Verifikasi Halaman Product Anda' is present

2023-10-05 15:47:01 - [MESSAGE][WARNING] - Timeout '0' is invalid. Using default page load timeout: '30'

2023-10-05 15:47:02 - [MESSAGE][PASSED] - Object 'Object Repository/Product Ecommerce/Verifikasi Halaman Product Anda' is present

2023-10-05 15:47:02 - [MESSAGE][PASSED] - Call Test Case 'Test Cases/Product Ecommerce/TC-PE-001' successfully

2023-10-05 15:47:02 - [TEST_STEP][PASSED] - mouseOver(findTestObject("Product Ecommerce/Image Gambar produk 1")): Object: 'Object Repository/Product Ecommerce/Image Gambar produk 1' is hovered

2023-10-05 15:47:02 - [MESSAGE][PASSED] - Object: 'Object Repository/Product Ecommerce/Image Gambar produk 1' is hovered

2023-10-05 15:47:02 - [TEST_STEP][PASSED] - click(findTestObject("Product Ecommerce/Tambahkan Product/Edit Data")): Object: 'Object Repository/Product Ecommerce/Tambahkan Product/Edit Data' is clicked on

2023-10-05 15:47:03 - [MESSAGE][PASSED] - Object: 'Object Repository/Product Ecommerce/Tambahkan Product/Edit Data' is clicked on

2023-10-05 15:47:03 - [TEST_STEP][PASSED] - verifyElementPresent(findTestObject("Product Ecommerce/Tambahkan Product/Button Update Data"), 0): Object 'Object Repository/Product Ecommerce/Tambahkan Product/Button Update Data' is present

2023-10-05 15:47:03 - [MESSAGE][WARNING] - Timeout '0' is invalid. Using default page load timeout: '30'

2023-10-05 15:47:04 - [MESSAGE][PASSED] - Object 'Object Repository/Product Ecommerce/Tambahkan Product/Button Update Data' is present

2023-10-05 15:47:04 - [TEST_STEP][PASSED] - setText(findTestObject("Product Admin/TambahProduk/Input Stok Awal"), "5"): Text '5' is set on object 'Object Repository/Product Admin/TambahProduk/Input Stok Awal'

2023-10-05 15:47:04 - [MESSAGE][PASSED] - Text '5' is set on object 'Object Repository/Product Admin/TambahProduk/Input Stok Awal'

2023-10-05 15:47:04 - [TEST_STEP][PASSED] - setText(findTestObject("Product Ecommerce/Tambahkan Product/Input Minimum Order"), "10"): Text '10' is set on object 'Object Repository/Product Ecommerce/Tambahkan Product/Input Minimum Order'

2023-10-05 15:47:05 - [MESSAGE][PASSED] - Text '10' is set on object 'Object Repository/Product Ecommerce/Tambahkan Product/Input Minimum Order'

2023-10-05 15:47:05 - [TEST_STEP][PASSED] - click(findTestObject("Product Ecommerce/Tambahkan Product/Button Update Data")): Object: 'Object Repository/Product Ecommerce/Tambahkan Product/Button Update Data' is clicked on

2023-10-05 15:47:05 - [MESSAGE][PASSED] - Object: 'Object Repository/Product Ecommerce/Tambahkan Product/Button Update Data' is clicked on

2023-10-05 15:47:05 - [TEST_STEP][FAILED] - verifyElementNotPresent(findTestObject("Product Ecommerce/Verifikasi Halaman Product Anda"), 0): Unable to verify object 'Object Repository/Product Ecommerce/Verifikasi Halaman Product Anda' is not present (Root cause: com.kms.katalon.core.exception.StepFailedException: Unable to verify object 'Object Repository/Product Ecommerce/Verifikasi Halaman Product Anda' is not present
	at com.kms.katalon.core.webui.keyword.internal.WebUIKeywordMain.stepFailed(WebUIKeywordMain.groovy:64)
	at com.kms.katalon.core.webui.keyword.internal.WebUIKeywordMain.runKeyword(WebUIKeywordMain.groovy:26)
	at com.kms.katalon.core.webui.keyword.internal.WebUIKeywordMain$runKeyword.call(Unknown Source)
	at com.kms.katalon.core.webui.keyword.builtin.VerifyElementNotPresentKeyword.verifyElementNotPresent(VerifyElementNotPresentKeyword.groovy:122)
	at com.kms.katalon.core.webui.keyword.builtin.VerifyElementNotPresentKeyword.execute(VerifyElementNotPresentKeyword.groovy:68)
	at com.kms.katalon.core.keyword.internal.KeywordExecutor.executeKeywordForPlatform(KeywordExecutor.groovy:74)
	at com.kms.katalon.core.webui.keyword.WebUiBuiltInKeywords.verifyElementNotPresent(WebUiBuiltInKeywords.groovy:1497)
	at com.kms.katalon.core.webui.keyword.WebUiBuiltInKeywords$verifyElementNotPresent$14.call(Unknown Source)
	at TC-PEN-016.run(TC-PEN-016:34)
	at com.kms.katalon.core.main.ScriptEngine.run(ScriptEngine.java:194)
	at com.kms.katalon.core.main.ScriptEngine.runScriptAsRawText(ScriptEngine.java:119)
	at com.kms.katalon.core.main.TestCaseExecutor.runScript(TestCaseExecutor.java:448)
	at com.kms.katalon.core.main.TestCaseExecutor.doExecute(TestCaseExecutor.java:439)
	at com.kms.katalon.core.main.TestCaseExecutor.processExecutionPhase(TestCaseExecutor.java:418)
	at com.kms.katalon.core.main.TestCaseExecutor.accessMainPhase(TestCaseExecutor.java:410)
	at com.kms.katalon.core.main.TestCaseExecutor.execute(TestCaseExecutor.java:285)
	at com.kms.katalon.core.common.CommonExecutor.accessTestCaseMainPhase(CommonExecutor.java:65)
	at com.kms.katalon.core.main.TestSuiteExecutor.accessTestSuiteMainPhase(TestSuiteExecutor.java:148)
	at com.kms.katalon.core.main.TestSuiteExecutor.execute(TestSuiteExecutor.java:106)
	at com.kms.katalon.core.main.TestCaseMain.startTestSuite(TestCaseMain.java:187)
	at com.kms.katalon.core.main.TestCaseMain$startTestSuite$0.call(Unknown Source)
	at TempTestSuite1696494982531.run(TempTestSuite1696494982531.groovy:36)
Caused by: com.kms.katalon.core.exception.StepFailedException: Web element with id: 'Object Repository/Product Ecommerce/Verifikasi Halaman Product Anda' located by 'By.xpath: (.//*[normalize-space(text()) and normalize-space(.)='Home'])[1]/following::li[2]' is present after '30' second(s)
	at com.kms.katalon.core.webui.keyword.internal.WebUIKeywordMain.stepFailed(WebUIKeywordMain.groovy:64)
	at com.kms.katalon.core.webui.keyword.internal.WebUIKeywordMain$stepFailed$0.call(Unknown Source)
	at com.kms.katalon.core.webui.keyword.builtin.VerifyElementNotPresentKeyword$_verifyElementNotPresent_closure1.doCall(VerifyElementNotPresentKeyword.groovy:113)
	at com.kms.katalon.core.webui.keyword.builtin.VerifyElementNotPresentKeyword$_verifyElementNotPresent_closure1.doCall(VerifyElementNotPresentKeyword.groovy)
	at com.kms.katalon.core.webui.keyword.internal.WebUIKeywordMain.runKeyword(WebUIKeywordMain.groovy:20)
	... 20 more
)

2023-10-05 15:47:05 - [MESSAGE][WARNING] - Timeout '0' is invalid. Using default page load timeout: '30'

2023-10-05 15:47:36 - [MESSAGE][FAILED] - Web element with id: 'Object Repository/Product Ecommerce/Verifikasi Halaman Product Anda' located by 'By.xpath: (.//*[normalize-space(text()) and normalize-space(.)='Home'])[1]/following::li[2]' is present after '30' second(s) (Root cause: com.kms.katalon.core.exception.StepFailedException: Web element with id: 'Object Repository/Product Ecommerce/Verifikasi Halaman Product Anda' located by 'By.xpath: (.//*[normalize-space(text()) and normalize-space(.)='Home'])[1]/following::li[2]' is present after '30' second(s)
	at com.kms.katalon.core.webui.keyword.internal.WebUIKeywordMain.stepFailed(WebUIKeywordMain.groovy:64)
	at com.kms.katalon.core.webui.keyword.internal.WebUIKeywordMain$stepFailed$0.call(Unknown Source)
	at com.kms.katalon.core.webui.keyword.builtin.VerifyElementNotPresentKeyword$_verifyElementNotPresent_closure1.doCall(VerifyElementNotPresentKeyword.groovy:113)
	at com.kms.katalon.core.webui.keyword.builtin.VerifyElementNotPresentKeyword$_verifyElementNotPresent_closure1.doCall(VerifyElementNotPresentKeyword.groovy)
	at com.kms.katalon.core.webui.keyword.internal.WebUIKeywordMain.runKeyword(WebUIKeywordMain.groovy:20)
	at com.kms.katalon.core.webui.keyword.internal.WebUIKeywordMain$runKeyword.call(Unknown Source)
	at com.kms.katalon.core.webui.keyword.builtin.VerifyElementNotPresentKeyword.verifyElementNotPresent(VerifyElementNotPresentKeyword.groovy:122)
	at com.kms.katalon.core.webui.keyword.builtin.VerifyElementNotPresentKeyword.execute(VerifyElementNotPresentKeyword.groovy:68)
	at com.kms.katalon.core.keyword.internal.KeywordExecutor.executeKeywordForPlatform(KeywordExecutor.groovy:74)
	at com.kms.katalon.core.webui.keyword.WebUiBuiltInKeywords.verifyElementNotPresent(WebUiBuiltInKeywords.groovy:1497)
	at com.kms.katalon.core.webui.keyword.WebUiBuiltInKeywords$verifyElementNotPresent$14.call(Unknown Source)
	at TC-PEN-016.run(TC-PEN-016:34)
	at com.kms.katalon.core.main.ScriptEngine.run(ScriptEngine.java:194)
	at com.kms.katalon.core.main.ScriptEngine.runScriptAsRawText(ScriptEngine.java:119)
	at com.kms.katalon.core.main.TestCaseExecutor.runScript(TestCaseExecutor.java:448)
	at com.kms.katalon.core.main.TestCaseExecutor.doExecute(TestCaseExecutor.java:439)
	at com.kms.katalon.core.main.TestCaseExecutor.processExecutionPhase(TestCaseExecutor.java:418)
	at com.kms.katalon.core.main.TestCaseExecutor.accessMainPhase(TestCaseExecutor.java:410)
	at com.kms.katalon.core.main.TestCaseExecutor.execute(TestCaseExecutor.java:285)
	at com.kms.katalon.core.common.CommonExecutor.accessTestCaseMainPhase(CommonExecutor.java:65)
	at com.kms.katalon.core.main.TestSuiteExecutor.accessTestSuiteMainPhase(TestSuiteExecutor.java:148)
	at com.kms.katalon.core.main.TestSuiteExecutor.execute(TestSuiteExecutor.java:106)
	at com.kms.katalon.core.main.TestCaseMain.startTestSuite(TestCaseMain.java:187)
	at com.kms.katalon.core.main.TestCaseMain$startTestSuite$0.call(Unknown Source)
	at TempTestSuite1696494982531.run(TempTestSuite1696494982531.groovy:36)
)
[[ATTACHMENT|G:\\Project Xsis\\batch-324-qa\\Riswan\\Sprint 2 Product Tajalapak\\Reports\\20231005_153622\\Product Ecomerce\\20231005_153622\\1696495656642.png]]

2023-10-05 15:47:36 - [MESSAGE][FAILED] - Unable to verify object 'Object Repository/Product Ecommerce/Verifikasi Halaman Product Anda' is not present (Root cause: com.kms.katalon.core.exception.StepFailedException: Unable to verify object 'Object Repository/Product Ecommerce/Verifikasi Halaman Product Anda' is not present
	at com.kms.katalon.core.webui.keyword.internal.WebUIKeywordMain.stepFailed(WebUIKeywordMain.groovy:64)
	at com.kms.katalon.core.webui.keyword.internal.WebUIKeywordMain.runKeyword(WebUIKeywordMain.groovy:26)
	at com.kms.katalon.core.webui.keyword.internal.WebUIKeywordMain$runKeyword.call(Unknown Source)
	at com.kms.katalon.core.webui.keyword.builtin.VerifyElementNotPresentKeyword.verifyElementNotPresent(VerifyElementNotPresentKeyword.groovy:122)
	at com.kms.katalon.core.webui.keyword.builtin.VerifyElementNotPresentKeyword.execute(VerifyElementNotPresentKeyword.groovy:68)
	at com.kms.katalon.core.keyword.internal.KeywordExecutor.executeKeywordForPlatform(KeywordExecutor.groovy:74)
	at com.kms.katalon.core.webui.keyword.WebUiBuiltInKeywords.verifyElementNotPresent(WebUiBuiltInKeywords.groovy:1497)
	at com.kms.katalon.core.webui.keyword.WebUiBuiltInKeywords$verifyElementNotPresent$14.call(Unknown Source)
	at TC-PEN-016.run(TC-PEN-016:34)
	at com.kms.katalon.core.main.ScriptEngine.run(ScriptEngine.java:194)
	at com.kms.katalon.core.main.ScriptEngine.runScriptAsRawText(ScriptEngine.java:119)
	at com.kms.katalon.core.main.TestCaseExecutor.runScript(TestCaseExecutor.java:448)
	at com.kms.katalon.core.main.TestCaseExecutor.doExecute(TestCaseExecutor.java:439)
	at com.kms.katalon.core.main.TestCaseExecutor.processExecutionPhase(TestCaseExecutor.java:418)
	at com.kms.katalon.core.main.TestCaseExecutor.accessMainPhase(TestCaseExecutor.java:410)
	at com.kms.katalon.core.main.TestCaseExecutor.execute(TestCaseExecutor.java:285)
	at com.kms.katalon.core.common.CommonExecutor.accessTestCaseMainPhase(CommonExecutor.java:65)
	at com.kms.katalon.core.main.TestSuiteExecutor.accessTestSuiteMainPhase(TestSuiteExecutor.java:148)
	at com.kms.katalon.core.main.TestSuiteExecutor.execute(TestSuiteExecutor.java:106)
	at com.kms.katalon.core.main.TestCaseMain.startTestSuite(TestCaseMain.java:187)
	at com.kms.katalon.core.main.TestCaseMain$startTestSuite$0.call(Unknown Source)
	at TempTestSuite1696494982531.run(TempTestSuite1696494982531.groovy:36)
Caused by: com.kms.katalon.core.exception.StepFailedException: Web element with id: 'Object Repository/Product Ecommerce/Verifikasi Halaman Product Anda' located by 'By.xpath: (.//*[normalize-space(text()) and normalize-space(.)='Home'])[1]/following::li[2]' is present after '30' second(s)
	at com.kms.katalon.core.webui.keyword.internal.WebUIKeywordMain.stepFailed(WebUIKeywordMain.groovy:64)
	at com.kms.katalon.core.webui.keyword.internal.WebUIKeywordMain$stepFailed$0.call(Unknown Source)
	at com.kms.katalon.core.webui.keyword.builtin.VerifyElementNotPresentKeyword$_verifyElementNotPresent_closure1.doCall(VerifyElementNotPresentKeyword.groovy:113)
	at com.kms.katalon.core.webui.keyword.builtin.VerifyElementNotPresentKeyword$_verifyElementNotPresent_closure1.doCall(VerifyElementNotPresentKeyword.groovy)
	at com.kms.katalon.core.webui.keyword.internal.WebUIKeywordMain.runKeyword(WebUIKeywordMain.groovy:20)
	... 20 more
)
[[ATTACHMENT|G:\\Project Xsis\\batch-324-qa\\Riswan\\Sprint 2 Product Tajalapak\\Reports\\20231005_153622\\Product Ecomerce\\20231005_153622\\1696495656747.png]]]]></system-out>
         <system-err><![CDATA[2023-10-05 15:46:49 - [TEST_CASE][FAILED] - Test Cases/Product Ecommerce/TC-PEN-016: Test Cases/Product Ecommerce/TC-PEN-016 FAILED.
Reason:
com.kms.katalon.core.exception.StepFailedException: Unable to verify object 'Object Repository/Product Ecommerce/Verifikasi Halaman Product Anda' is not present
	at com.kms.katalon.core.webui.keyword.internal.WebUIKeywordMain.stepFailed(WebUIKeywordMain.groovy:64)
	at com.kms.katalon.core.webui.keyword.internal.WebUIKeywordMain.runKeyword(WebUIKeywordMain.groovy:26)
	at com.kms.katalon.core.webui.keyword.internal.WebUIKeywordMain$runKeyword.call(Unknown Source)
	at com.kms.katalon.core.webui.keyword.builtin.VerifyElementNotPresentKeyword.verifyElementNotPresent(VerifyElementNotPresentKeyword.groovy:122)
	at com.kms.katalon.core.webui.keyword.builtin.VerifyElementNotPresentKeyword.execute(VerifyElementNotPresentKeyword.groovy:68)
	at com.kms.katalon.core.keyword.internal.KeywordExecutor.executeKeywordForPlatform(KeywordExecutor.groovy:74)
	at com.kms.katalon.core.webui.keyword.WebUiBuiltInKeywords.verifyElementNotPresent(WebUiBuiltInKeywords.groovy:1497)
	at com.kms.katalon.core.webui.keyword.WebUiBuiltInKeywords$verifyElementNotPresent$14.call(Unknown Source)
	at TC-PEN-016.run(TC-PEN-016:34)
	at com.kms.katalon.core.main.ScriptEngine.run(ScriptEngine.java:194)
	at com.kms.katalon.core.main.ScriptEngine.runScriptAsRawText(ScriptEngine.java:119)
	at com.kms.katalon.core.main.TestCaseExecutor.runScript(TestCaseExecutor.java:448)
	at com.kms.katalon.core.main.TestCaseExecutor.doExecute(TestCaseExecutor.java:439)
	at com.kms.katalon.core.main.TestCaseExecutor.processExecutionPhase(TestCaseExecutor.java:418)
	at com.kms.katalon.core.main.TestCaseExecutor.accessMainPhase(TestCaseExecutor.java:410)
	at com.kms.katalon.core.main.TestCaseExecutor.execute(TestCaseExecutor.java:285)
	at com.kms.katalon.core.common.CommonExecutor.accessTestCaseMainPhase(CommonExecutor.java:65)
	at com.kms.katalon.core.main.TestSuiteExecutor.accessTestSuiteMainPhase(TestSuiteExecutor.java:148)
	at com.kms.katalon.core.main.TestSuiteExecutor.execute(TestSuiteExecutor.java:106)
	at com.kms.katalon.core.main.TestCaseMain.startTestSuite(TestCaseMain.java:187)
	at com.kms.katalon.core.main.TestCaseMain$startTestSuite$0.call(Unknown Source)
	at TempTestSuite1696494982531.run(TempTestSuite1696494982531.groovy:36)
Caused by: com.kms.katalon.core.exception.StepFailedException: Web element with id: 'Object Repository/Product Ecommerce/Verifikasi Halaman Product Anda' located by 'By.xpath: (.//*[normalize-space(text()) and normalize-space(.)='Home'])[1]/following::li[2]' is present after '30' second(s)
	at com.kms.katalon.core.webui.keyword.internal.WebUIKeywordMain.stepFailed(WebUIKeywordMain.groovy:64)
	at com.kms.katalon.core.webui.keyword.internal.WebUIKeywordMain$stepFailed$0.call(Unknown Source)
	at com.kms.katalon.core.webui.keyword.builtin.VerifyElementNotPresentKeyword$_verifyElementNotPresent_closure1.doCall(VerifyElementNotPresentKeyword.groovy:113)
	at com.kms.katalon.core.webui.keyword.builtin.VerifyElementNotPresentKeyword$_verifyElementNotPresent_closure1.doCall(VerifyElementNotPresentKeyword.groovy)
	at com.kms.katalon.core.webui.keyword.internal.WebUIKeywordMain.runKeyword(WebUIKeywordMain.groovy:20)
	... 20 more]]></system-err>
      </testcase>
      <testcase name="Test Cases/Product Ecommerce/TC-PEN-017" time="16.211" classname="Test Cases/Product Ecommerce/TC-PEN-017" status="PASSED">
         <system-out><![CDATA[2023-10-05 15:47:36 - [TEST_CASE][PASSED] - Test Cases/Product Ecommerce/TC-PEN-017: Test Cases/Product Ecommerce/TC-PEN-017

2023-10-05 15:47:37 - [TEST_STEP][PASSED] - callTestCase(findTestCase("Product Ecommerce/TC-PE-001"), [:], STOP_ON_FAILURE): Call Test Case 'Test Cases/Product Ecommerce/TC-PE-001' successfully

2023-10-05 15:47:37 - [TEST_CASE][PASSED] - Test Cases/Product Ecommerce/TC-PE-001: Test Cases/Product Ecommerce/TC-PE-001

2023-10-05 15:47:37 - [TEST_STEP][PASSED] - callTestCase(findTestCase("Login Ecommerce/TC-Login Ecomerce-001"), [:], STOP_ON_FAILURE): Call Test Case 'Test Cases/Login Ecommerce/TC-Login Ecomerce-001' successfully

2023-10-05 15:47:37 - [TEST_CASE][PASSED] - Test Cases/Login Ecommerce/TC-Login Ecomerce-001: Test Cases/Login Ecommerce/TC-Login Ecomerce-001

2023-10-05 15:47:37 - [TEST_STEP][PASSED] - openBrowser(userTajalapak): Browser is opened with url: 'https://10.9.2.63/ecommerce/'

2023-10-05 15:47:37 - [MESSAGE][WARNING] - A browser is already opened. Closing browser and opening a new one

2023-10-05 15:47:37 - [MESSAGE][INFO] - Starting 'Edge Chromium' driver

2023-10-05 15:47:37 - [MESSAGE][INFO] - User set preference: ['acceptInsecureCerts', 'true']

2023-10-05 15:47:40 - [MESSAGE][INFO] - Action delay is set to 0 milliseconds

2023-10-05 15:47:42 - [MESSAGE][PASSED] - Browser is opened with url: 'https://10.9.2.63/ecommerce/'

2023-10-05 15:47:42 - [TEST_STEP][PASSED] - maximizeWindow(): Current window maximized

2023-10-05 15:47:43 - [MESSAGE][PASSED] - Current window maximized

2023-10-05 15:47:43 - [TEST_STEP][PASSED] - verifyElementPresent(findTestObject("Login Ecommerce/Verifikasi Halaman Login Akun"), 0): Object 'Object Repository/Login Ecommerce/Verifikasi Halaman Login Akun' is present

2023-10-05 15:47:43 - [MESSAGE][WARNING] - Timeout '0' is invalid. Using default page load timeout: '30'

2023-10-05 15:47:43 - [MESSAGE][PASSED] - Object 'Object Repository/Login Ecommerce/Verifikasi Halaman Login Akun' is present

2023-10-05 15:47:43 - [TEST_STEP][PASSED] - click(findTestObject("Login Ecommerce/Login Akun")): Object: 'Object Repository/Login Ecommerce/Login Akun' is clicked on

2023-10-05 15:47:44 - [MESSAGE][PASSED] - Object: 'Object Repository/Login Ecommerce/Login Akun' is clicked on

2023-10-05 15:47:44 - [TEST_STEP][PASSED] - verifyElementPresent(findTestObject("Login Ecommerce/Verifikasi Halaman Login Akun"), 0): Object 'Object Repository/Login Ecommerce/Verifikasi Halaman Login Akun' is present

2023-10-05 15:47:44 - [MESSAGE][WARNING] - Timeout '0' is invalid. Using default page load timeout: '30'

2023-10-05 15:47:44 - [MESSAGE][PASSED] - Object 'Object Repository/Login Ecommerce/Verifikasi Halaman Login Akun' is present

2023-10-05 15:47:44 - [TEST_STEP][PASSED] - setText(findTestObject("Login Ecommerce/Input Username"), "riswandha"): Text 'riswandha' is set on object 'Object Repository/Login Ecommerce/Input Username'

2023-10-05 15:47:45 - [MESSAGE][PASSED] - Text 'riswandha' is set on object 'Object Repository/Login Ecommerce/Input Username'

2023-10-05 15:47:45 - [TEST_STEP][PASSED] - setEncryptedText(findTestObject("Login Ecommerce/Input Password"), "iGDxf8hSRT4="): Text ****** has been set on object 'Object Repository/Login Ecommerce/Input Password'

2023-10-05 15:47:46 - [MESSAGE][PASSED] - Text ****** has been set on object 'Object Repository/Login Ecommerce/Input Password'

2023-10-05 15:47:46 - [TEST_STEP][PASSED] - click(findTestObject("Login Ecommerce/Button Masuk")): Object: 'Object Repository/Login Ecommerce/Button Masuk' is clicked on

2023-10-05 15:47:47 - [MESSAGE][PASSED] - Object: 'Object Repository/Login Ecommerce/Button Masuk' is clicked on

2023-10-05 15:47:47 - [TEST_STEP][PASSED] - verifyElementPresent(findTestObject("Login Ecommerce/Verifikasi Login Akun"), 0): Object 'Object Repository/Login Ecommerce/Verifikasi Login Akun' is present

2023-10-05 15:47:47 - [MESSAGE][WARNING] - Timeout '0' is invalid. Using default page load timeout: '30'

2023-10-05 15:47:47 - [MESSAGE][PASSED] - Object 'Object Repository/Login Ecommerce/Verifikasi Login Akun' is present

2023-10-05 15:47:47 - [MESSAGE][PASSED] - Call Test Case 'Test Cases/Login Ecommerce/TC-Login Ecomerce-001' successfully

2023-10-05 15:47:47 - [TEST_STEP][PASSED] - mouseOver(findTestObject("Product Ecommerce/Button Menu toko")): Object: 'Object Repository/Product Ecommerce/Button Menu toko' is hovered

2023-10-05 15:47:48 - [MESSAGE][PASSED] - Object: 'Object Repository/Product Ecommerce/Button Menu toko' is hovered

2023-10-05 15:47:48 - [TEST_STEP][PASSED] - click(findTestObject("Product Ecommerce/Button Daftar Produk")): Object: 'Object Repository/Product Ecommerce/Button Daftar Produk' is clicked on

2023-10-05 15:47:49 - [MESSAGE][PASSED] - Object: 'Object Repository/Product Ecommerce/Button Daftar Produk' is clicked on

2023-10-05 15:47:49 - [TEST_STEP][PASSED] - verifyElementPresent(findTestObject("Product Ecommerce/Verifikasi Halaman Product Anda"), 0): Object 'Object Repository/Product Ecommerce/Verifikasi Halaman Product Anda' is present

2023-10-05 15:47:49 - [MESSAGE][WARNING] - Timeout '0' is invalid. Using default page load timeout: '30'

2023-10-05 15:47:49 - [MESSAGE][PASSED] - Object 'Object Repository/Product Ecommerce/Verifikasi Halaman Product Anda' is present

2023-10-05 15:47:49 - [MESSAGE][PASSED] - Call Test Case 'Test Cases/Product Ecommerce/TC-PE-001' successfully

2023-10-05 15:47:49 - [TEST_STEP][PASSED] - mouseOver(findTestObject("Product Ecommerce/Image Gambar produk 1")): Object: 'Object Repository/Product Ecommerce/Image Gambar produk 1' is hovered

2023-10-05 15:47:50 - [MESSAGE][PASSED] - Object: 'Object Repository/Product Ecommerce/Image Gambar produk 1' is hovered

2023-10-05 15:47:50 - [TEST_STEP][PASSED] - click(findTestObject("Product Ecommerce/Tambahkan Product/Edit Data")): Object: 'Object Repository/Product Ecommerce/Tambahkan Product/Edit Data' is clicked on

2023-10-05 15:47:51 - [MESSAGE][PASSED] - Object: 'Object Repository/Product Ecommerce/Tambahkan Product/Edit Data' is clicked on

2023-10-05 15:47:51 - [TEST_STEP][PASSED] - verifyElementPresent(findTestObject("Product Ecommerce/Tambahkan Product/Button Update Data"), 0): Object 'Object Repository/Product Ecommerce/Tambahkan Product/Button Update Data' is present

2023-10-05 15:47:51 - [MESSAGE][WARNING] - Timeout '0' is invalid. Using default page load timeout: '30'

2023-10-05 15:47:51 - [MESSAGE][PASSED] - Object 'Object Repository/Product Ecommerce/Tambahkan Product/Button Update Data' is present

2023-10-05 15:47:51 - [TEST_STEP][PASSED] - click(findTestObject("Product Ecommerce/Tambahkan Product/Input Hapus Kolom Variasi 1")): Object: 'Object Repository/Product Ecommerce/Tambahkan Product/Input Hapus Kolom Variasi 1' is clicked on

2023-10-05 15:47:52 - [MESSAGE][PASSED] - Object: 'Object Repository/Product Ecommerce/Tambahkan Product/Input Hapus Kolom Variasi 1' is clicked on

2023-10-05 15:47:52 - [TEST_STEP][PASSED] - click(findTestObject("Product Ecommerce/Tambahkan Product/Input Hapus Kolom Variasi 1")): Object: 'Object Repository/Product Ecommerce/Tambahkan Product/Input Hapus Kolom Variasi 1' is clicked on

2023-10-05 15:47:52 - [MESSAGE][PASSED] - Object: 'Object Repository/Product Ecommerce/Tambahkan Product/Input Hapus Kolom Variasi 1' is clicked on

2023-10-05 15:47:52 - [TEST_STEP][PASSED] - click(findTestObject("Product Ecommerce/Tambahkan Product/Input Hapus Kolom Variasi 1")): Object: 'Object Repository/Product Ecommerce/Tambahkan Product/Input Hapus Kolom Variasi 1' is clicked on

2023-10-05 15:47:53 - [MESSAGE][PASSED] - Object: 'Object Repository/Product Ecommerce/Tambahkan Product/Input Hapus Kolom Variasi 1' is clicked on

2023-10-05 15:47:53 - [TEST_STEP][PASSED] - notif = getAlertText(): Get alert text successfully: 'Tidak ditemukan textbox untuk dihapus.'

2023-10-05 15:47:53 - [MESSAGE][PASSED] - Get alert text successfully: 'Tidak ditemukan textbox untuk dihapus.'

2023-10-05 15:47:53 - [TEST_STEP][PASSED] - assert "Tidak ditemukan textbox untuk dihapus." == notif: null]]></system-out>
         <system-err><![CDATA[]]></system-err>
      </testcase>
      <testcase name="Test Cases/Product Ecommerce/TC-PEN-018" time="21.001" classname="Test Cases/Product Ecommerce/TC-PEN-018" status="FAILED">
         <failure type="FAILED" message="Test Cases/Product Ecommerce/TC-PEN-018 FAILED.
Reason:
Assertion failed: 

assert accept_button_message == &quot;Code Name Is not valid&quot;
       |                     |
       &quot;&quot;                    false

	at TC-PEN-018.run(TC-PEN-018:56)
	at com.kms.katalon.core.main.ScriptEngine.run(ScriptEngine.java:194)
	at com.kms.katalon.core.main.ScriptEngine.runScriptAsRawText(ScriptEngine.java:119)
	at com.kms.katalon.core.main.TestCaseExecutor.runScript(TestCaseExecutor.java:448)
	at com.kms.katalon.core.main.TestCaseExecutor.doExecute(TestCaseExecutor.java:439)
	at com.kms.katalon.core.main.TestCaseExecutor.processExecutionPhase(TestCaseExecutor.java:418)
	at com.kms.katalon.core.main.TestCaseExecutor.accessMainPhase(TestCaseExecutor.java:410)
	at com.kms.katalon.core.main.TestCaseExecutor.execute(TestCaseExecutor.java:285)
	at com.kms.katalon.core.common.CommonExecutor.accessTestCaseMainPhase(CommonExecutor.java:65)
	at com.kms.katalon.core.main.TestSuiteExecutor.accessTestSuiteMainPhase(TestSuiteExecutor.java:148)
	at com.kms.katalon.core.main.TestSuiteExecutor.execute(TestSuiteExecutor.java:106)
	at com.kms.katalon.core.main.TestCaseMain.startTestSuite(TestCaseMain.java:187)
	at com.kms.katalon.core.main.TestCaseMain$startTestSuite$0.call(Unknown Source)
	at TempTestSuite1696494982531.run(TempTestSuite1696494982531.groovy:36)
"/>
         <system-out><![CDATA[2023-10-05 15:47:53 - [TEST_CASE][FAILED] - Test Cases/Product Ecommerce/TC-PEN-018: Test Cases/Product Ecommerce/TC-PEN-018 FAILED.
Reason:
Assertion failed: 

assert accept_button_message == "Code Name Is not valid"
       |                     |
       ""                    false

	at TC-PEN-018.run(TC-PEN-018:56)
	at com.kms.katalon.core.main.ScriptEngine.run(ScriptEngine.java:194)
	at com.kms.katalon.core.main.ScriptEngine.runScriptAsRawText(ScriptEngine.java:119)
	at com.kms.katalon.core.main.TestCaseExecutor.runScript(TestCaseExecutor.java:448)
	at com.kms.katalon.core.main.TestCaseExecutor.doExecute(TestCaseExecutor.java:439)
	at com.kms.katalon.core.main.TestCaseExecutor.processExecutionPhase(TestCaseExecutor.java:418)
	at com.kms.katalon.core.main.TestCaseExecutor.accessMainPhase(TestCaseExecutor.java:410)
	at com.kms.katalon.core.main.TestCaseExecutor.execute(TestCaseExecutor.java:285)
	at com.kms.katalon.core.common.CommonExecutor.accessTestCaseMainPhase(CommonExecutor.java:65)
	at com.kms.katalon.core.main.TestSuiteExecutor.accessTestSuiteMainPhase(TestSuiteExecutor.java:148)
	at com.kms.katalon.core.main.TestSuiteExecutor.execute(TestSuiteExecutor.java:106)
	at com.kms.katalon.core.main.TestCaseMain.startTestSuite(TestCaseMain.java:187)
	at com.kms.katalon.core.main.TestCaseMain$startTestSuite$0.call(Unknown Source)
	at TempTestSuite1696494982531.run(TempTestSuite1696494982531.groovy:36)


2023-10-05 15:47:53 - [TEST_STEP][PASSED] - callTestCase(findTestCase("Product Ecommerce/TC-PE-001"), [:], STOP_ON_FAILURE): Call Test Case 'Test Cases/Product Ecommerce/TC-PE-001' successfully

2023-10-05 15:47:53 - [TEST_CASE][PASSED] - Test Cases/Product Ecommerce/TC-PE-001: Test Cases/Product Ecommerce/TC-PE-001

2023-10-05 15:47:53 - [TEST_STEP][PASSED] - callTestCase(findTestCase("Login Ecommerce/TC-Login Ecomerce-001"), [:], STOP_ON_FAILURE): Call Test Case 'Test Cases/Login Ecommerce/TC-Login Ecomerce-001' successfully

2023-10-05 15:47:53 - [TEST_CASE][PASSED] - Test Cases/Login Ecommerce/TC-Login Ecomerce-001: Test Cases/Login Ecommerce/TC-Login Ecomerce-001

2023-10-05 15:47:53 - [TEST_STEP][PASSED] - openBrowser(userTajalapak): Browser is opened with url: 'https://10.9.2.63/ecommerce/'

2023-10-05 15:47:53 - [MESSAGE][WARNING] - A browser is already opened. Closing browser and opening a new one

2023-10-05 15:47:54 - [MESSAGE][INFO] - Starting 'Edge Chromium' driver

2023-10-05 15:47:54 - [MESSAGE][INFO] - User set preference: ['acceptInsecureCerts', 'true']

2023-10-05 15:47:56 - [MESSAGE][INFO] - Action delay is set to 0 milliseconds

2023-10-05 15:48:01 - [MESSAGE][PASSED] - Browser is opened with url: 'https://10.9.2.63/ecommerce/'

2023-10-05 15:48:01 - [TEST_STEP][PASSED] - maximizeWindow(): Current window maximized

2023-10-05 15:48:01 - [MESSAGE][PASSED] - Current window maximized

2023-10-05 15:48:01 - [TEST_STEP][PASSED] - verifyElementPresent(findTestObject("Login Ecommerce/Verifikasi Halaman Login Akun"), 0): Object 'Object Repository/Login Ecommerce/Verifikasi Halaman Login Akun' is present

2023-10-05 15:48:01 - [MESSAGE][WARNING] - Timeout '0' is invalid. Using default page load timeout: '30'

2023-10-05 15:48:02 - [MESSAGE][PASSED] - Object 'Object Repository/Login Ecommerce/Verifikasi Halaman Login Akun' is present

2023-10-05 15:48:02 - [TEST_STEP][PASSED] - click(findTestObject("Login Ecommerce/Login Akun")): Object: 'Object Repository/Login Ecommerce/Login Akun' is clicked on

2023-10-05 15:48:02 - [MESSAGE][PASSED] - Object: 'Object Repository/Login Ecommerce/Login Akun' is clicked on

2023-10-05 15:48:02 - [TEST_STEP][PASSED] - verifyElementPresent(findTestObject("Login Ecommerce/Verifikasi Halaman Login Akun"), 0): Object 'Object Repository/Login Ecommerce/Verifikasi Halaman Login Akun' is present

2023-10-05 15:48:02 - [MESSAGE][WARNING] - Timeout '0' is invalid. Using default page load timeout: '30'

2023-10-05 15:48:03 - [MESSAGE][PASSED] - Object 'Object Repository/Login Ecommerce/Verifikasi Halaman Login Akun' is present

2023-10-05 15:48:03 - [TEST_STEP][PASSED] - setText(findTestObject("Login Ecommerce/Input Username"), "riswandha"): Text 'riswandha' is set on object 'Object Repository/Login Ecommerce/Input Username'

2023-10-05 15:48:03 - [MESSAGE][PASSED] - Text 'riswandha' is set on object 'Object Repository/Login Ecommerce/Input Username'

2023-10-05 15:48:03 - [TEST_STEP][PASSED] - setEncryptedText(findTestObject("Login Ecommerce/Input Password"), "iGDxf8hSRT4="): Text ****** has been set on object 'Object Repository/Login Ecommerce/Input Password'

2023-10-05 15:48:04 - [MESSAGE][PASSED] - Text ****** has been set on object 'Object Repository/Login Ecommerce/Input Password'

2023-10-05 15:48:04 - [TEST_STEP][PASSED] - click(findTestObject("Login Ecommerce/Button Masuk")): Object: 'Object Repository/Login Ecommerce/Button Masuk' is clicked on

2023-10-05 15:48:06 - [MESSAGE][PASSED] - Object: 'Object Repository/Login Ecommerce/Button Masuk' is clicked on

2023-10-05 15:48:06 - [TEST_STEP][PASSED] - verifyElementPresent(findTestObject("Login Ecommerce/Verifikasi Login Akun"), 0): Object 'Object Repository/Login Ecommerce/Verifikasi Login Akun' is present

2023-10-05 15:48:06 - [MESSAGE][WARNING] - Timeout '0' is invalid. Using default page load timeout: '30'

2023-10-05 15:48:06 - [MESSAGE][PASSED] - Object 'Object Repository/Login Ecommerce/Verifikasi Login Akun' is present

2023-10-05 15:48:06 - [MESSAGE][PASSED] - Call Test Case 'Test Cases/Login Ecommerce/TC-Login Ecomerce-001' successfully

2023-10-05 15:48:06 - [TEST_STEP][PASSED] - mouseOver(findTestObject("Product Ecommerce/Button Menu toko")): Object: 'Object Repository/Product Ecommerce/Button Menu toko' is hovered

2023-10-05 15:48:07 - [MESSAGE][PASSED] - Object: 'Object Repository/Product Ecommerce/Button Menu toko' is hovered

2023-10-05 15:48:07 - [TEST_STEP][PASSED] - click(findTestObject("Product Ecommerce/Button Daftar Produk")): Object: 'Object Repository/Product Ecommerce/Button Daftar Produk' is clicked on

2023-10-05 15:48:08 - [MESSAGE][PASSED] - Object: 'Object Repository/Product Ecommerce/Button Daftar Produk' is clicked on

2023-10-05 15:48:08 - [TEST_STEP][PASSED] - verifyElementPresent(findTestObject("Product Ecommerce/Verifikasi Halaman Product Anda"), 0): Object 'Object Repository/Product Ecommerce/Verifikasi Halaman Product Anda' is present

2023-10-05 15:48:08 - [MESSAGE][WARNING] - Timeout '0' is invalid. Using default page load timeout: '30'

2023-10-05 15:48:08 - [MESSAGE][PASSED] - Object 'Object Repository/Product Ecommerce/Verifikasi Halaman Product Anda' is present

2023-10-05 15:48:08 - [MESSAGE][PASSED] - Call Test Case 'Test Cases/Product Ecommerce/TC-PE-001' successfully

2023-10-05 15:48:08 - [TEST_STEP][PASSED] - mouseOver(findTestObject("Product Ecommerce/Image Gambar produk 1")): Object: 'Object Repository/Product Ecommerce/Image Gambar produk 1' is hovered

2023-10-05 15:48:09 - [MESSAGE][PASSED] - Object: 'Object Repository/Product Ecommerce/Image Gambar produk 1' is hovered

2023-10-05 15:48:09 - [TEST_STEP][PASSED] - click(findTestObject("Product Ecommerce/Tambahkan Product/Edit Data")): Object: 'Object Repository/Product Ecommerce/Tambahkan Product/Edit Data' is clicked on

2023-10-05 15:48:10 - [MESSAGE][PASSED] - Object: 'Object Repository/Product Ecommerce/Tambahkan Product/Edit Data' is clicked on

2023-10-05 15:48:10 - [TEST_STEP][PASSED] - verifyElementPresent(findTestObject("Product Ecommerce/Tambahkan Product/Button Update Data"), 0): Object 'Object Repository/Product Ecommerce/Tambahkan Product/Button Update Data' is present

2023-10-05 15:48:10 - [MESSAGE][WARNING] - Timeout '0' is invalid. Using default page load timeout: '30'

2023-10-05 15:48:10 - [MESSAGE][PASSED] - Object 'Object Repository/Product Ecommerce/Tambahkan Product/Button Update Data' is present

2023-10-05 15:48:10 - [TEST_STEP][PASSED] - click(findTestObject("Product Ecommerce/Kupon/Button Buat Product")): Object: 'Object Repository/Product Ecommerce/Kupon/Button Buat Product' is clicked on

2023-10-05 15:48:10 - [MESSAGE][PASSED] - Object: 'Object Repository/Product Ecommerce/Kupon/Button Buat Product' is clicked on

2023-10-05 15:48:10 - [TEST_STEP][PASSED] - verifyElementPresent(findTestObject("Product Ecommerce/Kupon/Verifikasi Halaman Voucher Product"), 0): Object 'Object Repository/Product Ecommerce/Kupon/Verifikasi Halaman Voucher Product' is present

2023-10-05 15:48:11 - [MESSAGE][WARNING] - Timeout '0' is invalid. Using default page load timeout: '30'

2023-10-05 15:48:11 - [MESSAGE][PASSED] - Object 'Object Repository/Product Ecommerce/Kupon/Verifikasi Halaman Voucher Product' is present

2023-10-05 15:48:11 - [TEST_STEP][PASSED] - click(findTestObject("Product Ecommerce/Kupon/Button Edit Voucher")): Object: 'Object Repository/Product Ecommerce/Kupon/Button Edit Voucher' is clicked on

2023-10-05 15:48:12 - [MESSAGE][PASSED] - Object: 'Object Repository/Product Ecommerce/Kupon/Button Edit Voucher' is clicked on

2023-10-05 15:48:12 - [TEST_STEP][PASSED] - setText(findTestObject("Product Ecommerce/Kupon/Input Kode Kupon"), "aaaaaaaaaaaaaaaaaaaaaaaaaaaaaaaaaaaaa"): Text 'aaaaaaaaaaaaaaaaaaaaaaaaaaaaaaaaaaaaa' is set on object 'Object Repository/Product Ecommerce/Kupon/Input Kode Kupon'

2023-10-05 15:48:12 - [MESSAGE][PASSED] - Text 'aaaaaaaaaaaaaaaaaaaaaaaaaaaaaaaaaaaaa' is set on object 'Object Repository/Product Ecommerce/Kupon/Input Kode Kupon'

2023-10-05 15:48:12 - [TEST_STEP][PASSED] - click(findTestObject("Product Ecommerce/Kupon/Button Simpan")): Object: 'Object Repository/Product Ecommerce/Kupon/Button Simpan' is clicked on

2023-10-05 15:48:13 - [MESSAGE][PASSED] - Object: 'Object Repository/Product Ecommerce/Kupon/Button Simpan' is clicked on

2023-10-05 15:48:13 - [TEST_STEP][PASSED] - driver = getWebDriver(): null

2023-10-05 15:48:13 - [TEST_STEP][PASSED] - field_username_element = driver.findElement(By.xpath("//input[@id="kode_kupon"]")): null

2023-10-05 15:48:14 - [TEST_STEP][PASSED] - accept_button_message = driver.executeScript("return arguments[0].validationMessage", field_username_element): null

2023-10-05 15:48:14 - [TEST_STEP][PASSED] - println(accept_button_message): null

2023-10-05 15:48:14 - [TEST_STEP][FAILED] - assert accept_button_message == "Code Name Is not valid": Test Cases/Product Ecommerce/TC-PEN-018 FAILED.
Reason:
Assertion failed: 

assert accept_button_message == "Code Name Is not valid"
       |                     |
       ""                    false

	at TC-PEN-018.run(TC-PEN-018:56)
	at com.kms.katalon.core.main.ScriptEngine.run(ScriptEngine.java:194)
	at com.kms.katalon.core.main.ScriptEngine.runScriptAsRawText(ScriptEngine.java:119)
	at com.kms.katalon.core.main.TestCaseExecutor.runScript(TestCaseExecutor.java:448)
	at com.kms.katalon.core.main.TestCaseExecutor.doExecute(TestCaseExecutor.java:439)
	at com.kms.katalon.core.main.TestCaseExecutor.processExecutionPhase(TestCaseExecutor.java:418)
	at com.kms.katalon.core.main.TestCaseExecutor.accessMainPhase(TestCaseExecutor.java:410)
	at com.kms.katalon.core.main.TestCaseExecutor.execute(TestCaseExecutor.java:285)
	at com.kms.katalon.core.common.CommonExecutor.accessTestCaseMainPhase(CommonExecutor.java:65)
	at com.kms.katalon.core.main.TestSuiteExecutor.accessTestSuiteMainPhase(TestSuiteExecutor.java:148)
	at com.kms.katalon.core.main.TestSuiteExecutor.execute(TestSuiteExecutor.java:106)
	at com.kms.katalon.core.main.TestCaseMain.startTestSuite(TestCaseMain.java:187)
	at com.kms.katalon.core.main.TestCaseMain$startTestSuite$0.call(Unknown Source)
	at TempTestSuite1696494982531.run(TempTestSuite1696494982531.groovy:36)


2023-10-05 15:48:14 - [MESSAGE][FAILED] - Test Cases/Product Ecommerce/TC-PEN-018 FAILED.
Reason:
Assertion failed: 

assert accept_button_message == "Code Name Is not valid"
       |                     |
       ""                    false

	at TC-PEN-018.run(TC-PEN-018:56)
	at com.kms.katalon.core.main.ScriptEngine.run(ScriptEngine.java:194)
	at com.kms.katalon.core.main.ScriptEngine.runScriptAsRawText(ScriptEngine.java:119)
	at com.kms.katalon.core.main.TestCaseExecutor.runScript(TestCaseExecutor.java:448)
	at com.kms.katalon.core.main.TestCaseExecutor.doExecute(TestCaseExecutor.java:439)
	at com.kms.katalon.core.main.TestCaseExecutor.processExecutionPhase(TestCaseExecutor.java:418)
	at com.kms.katalon.core.main.TestCaseExecutor.accessMainPhase(TestCaseExecutor.java:410)
	at com.kms.katalon.core.main.TestCaseExecutor.execute(TestCaseExecutor.java:285)
	at com.kms.katalon.core.common.CommonExecutor.accessTestCaseMainPhase(CommonExecutor.java:65)
	at com.kms.katalon.core.main.TestSuiteExecutor.accessTestSuiteMainPhase(TestSuiteExecutor.java:148)
	at com.kms.katalon.core.main.TestSuiteExecutor.execute(TestSuiteExecutor.java:106)
	at com.kms.katalon.core.main.TestCaseMain.startTestSuite(TestCaseMain.java:187)
	at com.kms.katalon.core.main.TestCaseMain$startTestSuite$0.call(Unknown Source)
	at TempTestSuite1696494982531.run(TempTestSuite1696494982531.groovy:36)]]></system-out>
         <system-err><![CDATA[2023-10-05 15:47:53 - [TEST_CASE][FAILED] - Test Cases/Product Ecommerce/TC-PEN-018: Test Cases/Product Ecommerce/TC-PEN-018 FAILED.
Reason:
Assertion failed: 

assert accept_button_message == "Code Name Is not valid"
       |                     |
       ""                    false

	at TC-PEN-018.run(TC-PEN-018:56)
	at com.kms.katalon.core.main.ScriptEngine.run(ScriptEngine.java:194)
	at com.kms.katalon.core.main.ScriptEngine.runScriptAsRawText(ScriptEngine.java:119)
	at com.kms.katalon.core.main.TestCaseExecutor.runScript(TestCaseExecutor.java:448)
	at com.kms.katalon.core.main.TestCaseExecutor.doExecute(TestCaseExecutor.java:439)
	at com.kms.katalon.core.main.TestCaseExecutor.processExecutionPhase(TestCaseExecutor.java:418)
	at com.kms.katalon.core.main.TestCaseExecutor.accessMainPhase(TestCaseExecutor.java:410)
	at com.kms.katalon.core.main.TestCaseExecutor.execute(TestCaseExecutor.java:285)
	at com.kms.katalon.core.common.CommonExecutor.accessTestCaseMainPhase(CommonExecutor.java:65)
	at com.kms.katalon.core.main.TestSuiteExecutor.accessTestSuiteMainPhase(TestSuiteExecutor.java:148)
	at com.kms.katalon.core.main.TestSuiteExecutor.execute(TestSuiteExecutor.java:106)
	at com.kms.katalon.core.main.TestCaseMain.startTestSuite(TestCaseMain.java:187)
	at com.kms.katalon.core.main.TestCaseMain$startTestSuite$0.call(Unknown Source)
	at TempTestSuite1696494982531.run(TempTestSuite1696494982531.groovy:36)]]></system-err>
      </testcase>
      <system-out><![CDATA[2023-10-05 15:36:35 - [TEST_SUITE][FAILED] - Product Ecomerce: Test Cases/Product Ecommerce/TC-PE-002 FAILED.
Reason:
com.kms.katalon.core.exception.StepFailedException: Unable to verify object 'Object Repository/Product Ecommerce/Verifikasi Halaman Product Anda' is present
	at com.kms.katalon.core.webui.keyword.internal.WebUIKeywordMain.stepFailed(WebUIKeywordMain.groovy:64)
	at com.kms.katalon.core.webui.keyword.internal.WebUIKeywordMain.runKeyword(WebUIKeywordMain.groovy:26)
	at com.kms.katalon.core.webui.keyword.builtin.VerifyElementPresentKeyword.verifyElementPresent(VerifyElementPresentKeyword.groovy:92)
	at com.kms.katalon.core.webui.keyword.builtin.VerifyElementPresentKeyword.execute(VerifyElementPresentKeyword.groovy:68)
	at com.kms.katalon.core.keyword.internal.KeywordExecutor.executeKeywordForPlatform(KeywordExecutor.groovy:74)
	at com.kms.katalon.core.webui.keyword.WebUiBuiltInKeywords.verifyElementPresent(WebUiBuiltInKeywords.groovy:1464)
	at com.kms.katalon.core.webui.keyword.WebUiBuiltInKeywords$verifyElementPresent$1.call(Unknown Source)
	at TC-PE-002.run(TC-PE-002:62)
	at com.kms.katalon.core.main.ScriptEngine.run(ScriptEngine.java:194)
	at com.kms.katalon.core.main.ScriptEngine.runScriptAsRawText(ScriptEngine.java:119)
	at com.kms.katalon.core.main.TestCaseExecutor.runScript(TestCaseExecutor.java:448)
	at com.kms.katalon.core.main.TestCaseExecutor.doExecute(TestCaseExecutor.java:439)
	at com.kms.katalon.core.main.TestCaseExecutor.processExecutionPhase(TestCaseExecutor.java:418)
	at com.kms.katalon.core.main.TestCaseExecutor.accessMainPhase(TestCaseExecutor.java:410)
	at com.kms.katalon.core.main.TestCaseExecutor.execute(TestCaseExecutor.java:285)
	at com.kms.katalon.core.common.CommonExecutor.accessTestCaseMainPhase(CommonExecutor.java:65)
	at com.kms.katalon.core.main.TestSuiteExecutor.accessTestSuiteMainPhase(TestSuiteExecutor.java:148)
	at com.kms.katalon.core.main.TestSuiteExecutor.execute(TestSuiteExecutor.java:106)
	at com.kms.katalon.core.main.TestCaseMain.startTestSuite(TestCaseMain.java:187)
	at com.kms.katalon.core.main.TestCaseMain$startTestSuite$0.call(Unknown Source)
	at TempTestSuite1696494982531.run(TempTestSuite1696494982531.groovy:36)
Caused by: com.kms.katalon.core.exception.StepFailedException: com.kms.katalon.core.webui.exception.WebElementNotFoundException: Web element with id: 'Object Repository/Product Ecommerce/Verifikasi Halaman Product Anda' located by '(.//*[normalize-space(text()) and normalize-space(.)='Home'])[1]/following::li[2]' not found
	at com.kms.katalon.core.webui.keyword.internal.WebUIKeywordMain.stepFailed(WebUIKeywordMain.groovy:64)
	at com.kms.katalon.core.webui.keyword.builtin.VerifyElementPresentKeyword$_verifyElementPresent_closure1.doCall(VerifyElementPresentKeyword.groovy:85)
	at com.kms.katalon.core.webui.keyword.builtin.VerifyElementPresentKeyword$_verifyElementPresent_closure1.call(VerifyElementPresentKeyword.groovy)
	at com.kms.katalon.core.webui.keyword.internal.WebUIKeywordMain.runKeyword(WebUIKeywordMain.groovy:20)
	... 19 more]]></system-out>
      <system-err><![CDATA[2023-10-05 15:36:35 - [TEST_SUITE][FAILED] - Product Ecomerce: Test Cases/Product Ecommerce/TC-PE-002 FAILED.
Reason:
com.kms.katalon.core.exception.StepFailedException: Unable to verify object 'Object Repository/Product Ecommerce/Verifikasi Halaman Product Anda' is present
	at com.kms.katalon.core.webui.keyword.internal.WebUIKeywordMain.stepFailed(WebUIKeywordMain.groovy:64)
	at com.kms.katalon.core.webui.keyword.internal.WebUIKeywordMain.runKeyword(WebUIKeywordMain.groovy:26)
	at com.kms.katalon.core.webui.keyword.builtin.VerifyElementPresentKeyword.verifyElementPresent(VerifyElementPresentKeyword.groovy:92)
	at com.kms.katalon.core.webui.keyword.builtin.VerifyElementPresentKeyword.execute(VerifyElementPresentKeyword.groovy:68)
	at com.kms.katalon.core.keyword.internal.KeywordExecutor.executeKeywordForPlatform(KeywordExecutor.groovy:74)
	at com.kms.katalon.core.webui.keyword.WebUiBuiltInKeywords.verifyElementPresent(WebUiBuiltInKeywords.groovy:1464)
	at com.kms.katalon.core.webui.keyword.WebUiBuiltInKeywords$verifyElementPresent$1.call(Unknown Source)
	at TC-PE-002.run(TC-PE-002:62)
	at com.kms.katalon.core.main.ScriptEngine.run(ScriptEngine.java:194)
	at com.kms.katalon.core.main.ScriptEngine.runScriptAsRawText(ScriptEngine.java:119)
	at com.kms.katalon.core.main.TestCaseExecutor.runScript(TestCaseExecutor.java:448)
	at com.kms.katalon.core.main.TestCaseExecutor.doExecute(TestCaseExecutor.java:439)
	at com.kms.katalon.core.main.TestCaseExecutor.processExecutionPhase(TestCaseExecutor.java:418)
	at com.kms.katalon.core.main.TestCaseExecutor.accessMainPhase(TestCaseExecutor.java:410)
	at com.kms.katalon.core.main.TestCaseExecutor.execute(TestCaseExecutor.java:285)
	at com.kms.katalon.core.common.CommonExecutor.accessTestCaseMainPhase(CommonExecutor.java:65)
	at com.kms.katalon.core.main.TestSuiteExecutor.accessTestSuiteMainPhase(TestSuiteExecutor.java:148)
	at com.kms.katalon.core.main.TestSuiteExecutor.execute(TestSuiteExecutor.java:106)
	at com.kms.katalon.core.main.TestCaseMain.startTestSuite(TestCaseMain.java:187)
	at com.kms.katalon.core.main.TestCaseMain$startTestSuite$0.call(Unknown Source)
	at TempTestSuite1696494982531.run(TempTestSuite1696494982531.groovy:36)
Caused by: com.kms.katalon.core.exception.StepFailedException: com.kms.katalon.core.webui.exception.WebElementNotFoundException: Web element with id: 'Object Repository/Product Ecommerce/Verifikasi Halaman Product Anda' located by '(.//*[normalize-space(text()) and normalize-space(.)='Home'])[1]/following::li[2]' not found
	at com.kms.katalon.core.webui.keyword.internal.WebUIKeywordMain.stepFailed(WebUIKeywordMain.groovy:64)
	at com.kms.katalon.core.webui.keyword.builtin.VerifyElementPresentKeyword$_verifyElementPresent_closure1.doCall(VerifyElementPresentKeyword.groovy:85)
	at com.kms.katalon.core.webui.keyword.builtin.VerifyElementPresentKeyword$_verifyElementPresent_closure1.call(VerifyElementPresentKeyword.groovy)
	at com.kms.katalon.core.webui.keyword.internal.WebUIKeywordMain.runKeyword(WebUIKeywordMain.groovy:20)
	... 19 more]]></system-err>
   </testsuite>
</testsuites>
